1;16 Silicon Monoxide;0.8703995793901158
2;9 Mercapto radical;0.008149316508937961
3;0 Methylidyne;0.005520504731861199
4;1 Butyronitrile;0.005520504731861199
5;2 Formaldehyde;0.005520504731861199
6;3 Sulfur dioxide;0.005520504731861199
7;4 Carbon Monoxide;0.005520504731861199
8;5 Water;0.005520504731861199
9;6 Chloronium;0.005520504731861199
10;7 Imidogen;0.005520504731861199
11;8 Thioformylium;0.005520504731861199
12;10 Methyl formate vt01;0.005520504731861199
13;11 Methyliumylidene;0.005520504731861199
14;12 Cyanide Radical;0.005520504731861199
15;13 Hydroxyl;0.005520504731861199
16;14 Nitric oxide;0.005520504731861199
17;15 Cyclopropenylidene;0.005520504731861199
18;17 Hydrogen Cyanide;0.005520504731861199
19;18 Carbon Monosulfide;0.005520504731861199
20;19 Hydrogen sulfide;0.005520504731861199
21;20 Molecular oxygen;0.005520504731861199
22;21 Hydrogen Isocyanide;0.005520504731861199
23;22 Formylium;0.005520504731861199
24;23 Sulfoniumylidene;0.005520504731861199
