1;22 Formylium;0.850333940497875
2;4 Carbon Monoxide;0.009411050394656954
3;0 Methylidyne;0.006375227686703097
4;1 Butyronitrile;0.006375227686703097
5;2 Formaldehyde;0.006375227686703097
6;3 Sulfur dioxide;0.006375227686703097
7;5 Water;0.006375227686703097
8;6 Chloronium;0.006375227686703097
9;7 Imidogen;0.006375227686703097
10;8 Thioformylium;0.006375227686703097
11;9 Mercapto radical;0.006375227686703097
12;10 Methyl formate vt01;0.006375227686703097
13;11 Methyliumylidene;0.006375227686703097
14;12 Cyanide Radical;0.006375227686703097
15;13 Hydroxyl;0.006375227686703097
16;14 Nitric oxide;0.006375227686703097
17;15 Cyclopropenylidene;0.006375227686703097
18;16 Silicon Monoxide;0.006375227686703097
19;17 Hydrogen Cyanide;0.006375227686703097
20;18 Carbon Monosulfide;0.006375227686703097
21;19 Hydrogen sulfide;0.006375227686703097
22;20 Molecular oxygen;0.006375227686703097
23;21 Hydrogen Isocyanide;0.006375227686703097
24;23 Sulfoniumylidene;0.006375227686703097
