1;11 Methyliumylidene;0.6894353369763206
2;17 Hydrogen Cyanide;0.07316332726168792
3;16 Silicon Monoxide;0.061020036429872505
4;18 Carbon Monosulfide;0.04887674559805708
5;0 Methylidyne;0.006375227686703097
6;1 Butyronitrile;0.006375227686703097
7;2 Formaldehyde;0.006375227686703097
8;3 Sulfur dioxide;0.006375227686703097
9;4 Carbon Monoxide;0.006375227686703097
10;5 Water;0.006375227686703097
11;6 Chloronium;0.006375227686703097
12;7 Imidogen;0.006375227686703097
13;8 Thioformylium;0.006375227686703097
14;9 Mercapto radical;0.006375227686703097
15;10 Methyl formate vt01;0.006375227686703097
16;12 Cyanide Radical;0.006375227686703097
17;13 Hydroxyl;0.006375227686703097
18;14 Nitric oxide;0.006375227686703097
19;15 Cyclopropenylidene;0.006375227686703097
20;19 Hydrogen sulfide;0.006375227686703097
21;20 Molecular oxygen;0.006375227686703097
22;21 Hydrogen Isocyanide;0.006375227686703097
23;22 Formylium;0.006375227686703097
24;23 Sulfoniumylidene;0.006375227686703097
