1;20 Molecular oxygen;0.8099460292983809
2;4 Carbon Monoxide;0.011950655358519663
3;0 Methylidyne;0.008095605242868158
4;1 Butyronitrile;0.008095605242868158
5;2 Formaldehyde;0.008095605242868158
6;3 Sulfur dioxide;0.008095605242868158
7;5 Water;0.008095605242868158
8;6 Chloronium;0.008095605242868158
9;7 Imidogen;0.008095605242868158
10;8 Thioformylium;0.008095605242868158
11;9 Mercapto radical;0.008095605242868158
12;10 Methyl formate vt01;0.008095605242868158
13;11 Methyliumylidene;0.008095605242868158
14;12 Cyanide Radical;0.008095605242868158
15;13 Hydroxyl;0.008095605242868158
16;14 Nitric oxide;0.008095605242868158
17;15 Cyclopropenylidene;0.008095605242868158
18;16 Silicon Monoxide;0.008095605242868158
19;17 Hydrogen Cyanide;0.008095605242868158
20;18 Carbon Monosulfide;0.008095605242868158
21;19 Hydrogen sulfide;0.008095605242868158
22;21 Hydrogen Isocyanide;0.008095605242868158
23;22 Formylium;0.008095605242868158
24;23 Sulfoniumylidene;0.008095605242868158
