1;11 Methyliumylidene;0.6249036237471087
2;16 Silicon Monoxide;0.12760215882806478
3;22 Formylium;0.07748650732459524
4;0 Methylidyne;0.008095605242868158
5;1 Butyronitrile;0.008095605242868158
6;2 Formaldehyde;0.008095605242868158
7;3 Sulfur dioxide;0.008095605242868158
8;4 Carbon Monoxide;0.008095605242868158
9;5 Water;0.008095605242868158
10;6 Chloronium;0.008095605242868158
11;7 Imidogen;0.008095605242868158
12;8 Thioformylium;0.008095605242868158
13;9 Mercapto radical;0.008095605242868158
14;10 Methyl formate vt01;0.008095605242868158
15;12 Cyanide Radical;0.008095605242868158
16;13 Hydroxyl;0.008095605242868158
17;14 Nitric oxide;0.008095605242868158
18;15 Cyclopropenylidene;0.008095605242868158
19;17 Hydrogen Cyanide;0.008095605242868158
20;18 Carbon Monosulfide;0.008095605242868158
21;19 Hydrogen sulfide;0.008095605242868158
22;20 Molecular oxygen;0.008095605242868158
23;21 Hydrogen Isocyanide;0.008095605242868158
24;23 Sulfoniumylidene;0.008095605242868158
