1;11 Methyliumylidene;0.7337375964718853
2;0 Methylidyne;0.011576626240352812
3;1 Butyronitrile;0.011576626240352812
4;2 Formaldehyde;0.011576626240352812
5;3 Sulfur dioxide;0.011576626240352812
6;4 Carbon Monoxide;0.011576626240352812
7;5 Water;0.011576626240352812
8;6 Chloronium;0.011576626240352812
9;7 Imidogen;0.011576626240352812
10;8 Thioformylium;0.011576626240352812
11;9 Mercapto radical;0.011576626240352812
12;10 Methyl formate vt01;0.011576626240352812
13;12 Cyanide Radical;0.011576626240352812
14;13 Hydroxyl;0.011576626240352812
15;14 Nitric oxide;0.011576626240352812
16;15 Cyclopropenylidene;0.011576626240352812
17;16 Silicon Monoxide;0.011576626240352812
18;17 Hydrogen Cyanide;0.011576626240352812
19;18 Carbon Monosulfide;0.011576626240352812
20;19 Hydrogen sulfide;0.011576626240352812
21;20 Molecular oxygen;0.011576626240352812
22;21 Hydrogen Isocyanide;0.011576626240352812
23;22 Formylium;0.011576626240352812
24;23 Sulfoniumylidene;0.011576626240352812
