1;11 Methyliumylidene;0.86862678450034
2;18 Carbon Monosulfide;0.022263766145479265
3;22 Formylium;0.022263766145479265
4;16 Silicon Monoxide;0.015465669612508498
5;0 Methylidyne;0.0035690006798096536
6;1 Butyronitrile;0.0035690006798096536
7;2 Formaldehyde;0.0035690006798096536
8;3 Sulfur dioxide;0.0035690006798096536
9;4 Carbon Monoxide;0.0035690006798096536
10;5 Water;0.0035690006798096536
11;6 Chloronium;0.0035690006798096536
12;7 Imidogen;0.0035690006798096536
13;8 Thioformylium;0.0035690006798096536
14;9 Mercapto radical;0.0035690006798096536
15;10 Methyl formate vt01;0.0035690006798096536
16;12 Cyanide Radical;0.0035690006798096536
17;13 Hydroxyl;0.0035690006798096536
18;14 Nitric oxide;0.0035690006798096536
19;15 Cyclopropenylidene;0.0035690006798096536
20;17 Hydrogen Cyanide;0.0035690006798096536
21;19 Hydrogen sulfide;0.0035690006798096536
22;20 Molecular oxygen;0.0035690006798096536
23;21 Hydrogen Isocyanide;0.0035690006798096536
24;23 Sulfoniumylidene;0.0035690006798096536
