1;3 Carbon Monoxide;0.1135593220338983
2;18 Methyl Cyanide;0.06271186440677966
3;23 Ammonia;0.04576271186440678
4;0 Methylidyne;0.0288135593220339
5;1 Formaldehyde;0.0288135593220339
6;2 Sulfur dioxide;0.0288135593220339
7;4 Acetaldehyde;0.0288135593220339
8;5 Water;0.0288135593220339
9;6 Imidogen;0.0288135593220339
10;7 Carbon Monoxide Ion;0.0288135593220339
11;8 Nitric sulfide;0.0288135593220339
12;9 Isocyanic Acid;0.0288135593220339
13;10 Formic Acid;0.0288135593220339
14;11 Amidogen;0.0288135593220339
15;12 Ethylene Glycol;0.0288135593220339
16;13 Methyliumylidene;0.0288135593220339
17;14 Cyanide Radical;0.0288135593220339
18;15 Carbonyl Sulfide;0.0288135593220339
19;16 Hydroxyl;0.0288135593220339
20;17 Nitric oxide;0.0288135593220339
21;19 Cyclopropenylidene;0.0288135593220339
22;20 Sulfur Monoxide ion;0.0288135593220339
23;21 Methanol;0.0288135593220339
24;22 Thioformaldehyde;0.0288135593220339
25;24 Cyanoacetylene;0.0288135593220339
26;25 Hydrogen Cyanide;0.0288135593220339
27;26 Hydrogen sulfide;0.0288135593220339
28;27 Molecular oxygen;0.0288135593220339
29;28 Hydrogen Isocyanide;0.0288135593220339
30;29 Formylium;0.0288135593220339
