1;22 Formylium;0.8054459352801894
2;12 Cyanide Radical;0.0122336227308603
3;0 Methylidyne;0.008287292817679558
4;1 Butyronitrile;0.008287292817679558
5;2 Formaldehyde;0.008287292817679558
6;3 Sulfur dioxide;0.008287292817679558
7;4 Carbon Monoxide;0.008287292817679558
8;5 Water;0.008287292817679558
9;6 Chloronium;0.008287292817679558
10;7 Imidogen;0.008287292817679558
11;8 Thioformylium;0.008287292817679558
12;9 Mercapto radical;0.008287292817679558
13;10 Methyl formate vt01;0.008287292817679558
14;11 Methyliumylidene;0.008287292817679558
15;13 Hydroxyl;0.008287292817679558
16;14 Nitric oxide;0.008287292817679558
17;15 Cyclopropenylidene;0.008287292817679558
18;16 Silicon Monoxide;0.008287292817679558
19;17 Hydrogen Cyanide;0.008287292817679558
20;18 Carbon Monosulfide;0.008287292817679558
21;19 Hydrogen sulfide;0.008287292817679558
22;20 Molecular oxygen;0.008287292817679558
23;21 Hydrogen Isocyanide;0.008287292817679558
24;23 Sulfoniumylidene;0.008287292817679558
