1;18 Carbon Monosulfide;0.8828806983511155
2;0 Methylidyne;0.005092143549951504
3;1 Butyronitrile;0.005092143549951504
4;2 Formaldehyde;0.005092143549951504
5;3 Sulfur dioxide;0.005092143549951504
6;4 Carbon Monoxide;0.005092143549951504
7;5 Water;0.005092143549951504
8;6 Chloronium;0.005092143549951504
9;7 Imidogen;0.005092143549951504
10;8 Thioformylium;0.005092143549951504
11;9 Mercapto radical;0.005092143549951504
12;10 Methyl formate vt01;0.005092143549951504
13;11 Methyliumylidene;0.005092143549951504
14;12 Cyanide Radical;0.005092143549951504
15;13 Hydroxyl;0.005092143549951504
16;14 Nitric oxide;0.005092143549951504
17;15 Cyclopropenylidene;0.005092143549951504
18;16 Silicon Monoxide;0.005092143549951504
19;17 Hydrogen Cyanide;0.005092143549951504
20;19 Hydrogen sulfide;0.005092143549951504
21;20 Molecular oxygen;0.005092143549951504
22;21 Hydrogen Isocyanide;0.005092143549951504
23;22 Formylium;0.005092143549951504
24;23 Sulfoniumylidene;0.005092143549951504
