1;22 Formylium;0.5541362530413625
2;21 Hydrogen Isocyanide;0.16484184914841848
3;0 Methylidyne;0.012773722627737226
4;1 Butyronitrile;0.012773722627737226
5;2 Formaldehyde;0.012773722627737226
6;3 Sulfur dioxide;0.012773722627737226
7;4 Carbon Monoxide;0.012773722627737226
8;5 Water;0.012773722627737226
9;6 Chloronium;0.012773722627737226
10;7 Imidogen;0.012773722627737226
11;8 Thioformylium;0.012773722627737226
12;9 Mercapto radical;0.012773722627737226
13;10 Methyl formate vt01;0.012773722627737226
14;11 Methyliumylidene;0.012773722627737226
15;12 Cyanide Radical;0.012773722627737226
16;13 Hydroxyl;0.012773722627737226
17;14 Nitric oxide;0.012773722627737226
18;15 Cyclopropenylidene;0.012773722627737226
19;16 Silicon Monoxide;0.012773722627737226
20;17 Hydrogen Cyanide;0.012773722627737226
21;18 Carbon Monosulfide;0.012773722627737226
22;19 Hydrogen sulfide;0.012773722627737226
23;20 Molecular oxygen;0.012773722627737226
24;23 Sulfoniumylidene;0.012773722627737226
