1;11 Methyliumylidene;0.9435351882160393
2;0 Methylidyne;0.0024549918166939444
3;1 Butyronitrile;0.0024549918166939444
4;2 Formaldehyde;0.0024549918166939444
5;3 Sulfur dioxide;0.0024549918166939444
6;4 Carbon Monoxide;0.0024549918166939444
7;5 Water;0.0024549918166939444
8;6 Chloronium;0.0024549918166939444
9;7 Imidogen;0.0024549918166939444
10;8 Thioformylium;0.0024549918166939444
11;9 Mercapto radical;0.0024549918166939444
12;10 Methyl formate vt01;0.0024549918166939444
13;12 Cyanide Radical;0.0024549918166939444
14;13 Hydroxyl;0.0024549918166939444
15;14 Nitric oxide;0.0024549918166939444
16;15 Cyclopropenylidene;0.0024549918166939444
17;16 Silicon Monoxide;0.0024549918166939444
18;17 Hydrogen Cyanide;0.0024549918166939444
19;18 Carbon Monosulfide;0.0024549918166939444
20;19 Hydrogen sulfide;0.0024549918166939444
21;20 Molecular oxygen;0.0024549918166939444
22;21 Hydrogen Isocyanide;0.0024549918166939444
23;22 Formylium;0.0024549918166939444
24;23 Sulfoniumylidene;0.0024549918166939444
