1;18 Carbon Monosulfide;0.9400280570493337
2;22 Formylium;0.0047930792611643675
3;11 Methyliumylidene;0.0036240355389291564
4;0 Methylidyne;0.0024549918166939444
5;1 Butyronitrile;0.0024549918166939444
6;2 Formaldehyde;0.0024549918166939444
7;3 Sulfur dioxide;0.0024549918166939444
8;4 Carbon Monoxide;0.0024549918166939444
9;5 Water;0.0024549918166939444
10;6 Chloronium;0.0024549918166939444
11;7 Imidogen;0.0024549918166939444
12;8 Thioformylium;0.0024549918166939444
13;9 Mercapto radical;0.0024549918166939444
14;10 Methyl formate vt01;0.0024549918166939444
15;12 Cyanide Radical;0.0024549918166939444
16;13 Hydroxyl;0.0024549918166939444
17;14 Nitric oxide;0.0024549918166939444
18;15 Cyclopropenylidene;0.0024549918166939444
19;16 Silicon Monoxide;0.0024549918166939444
20;17 Hydrogen Cyanide;0.0024549918166939444
21;19 Hydrogen sulfide;0.0024549918166939444
22;20 Molecular oxygen;0.0024549918166939444
23;21 Hydrogen Isocyanide;0.0024549918166939444
24;23 Sulfoniumylidene;0.0024549918166939444
