1;123 Cyanoethynyl;0.03647416413373859
2;5 Ethylene Glycol;0.021276595744680847
3;6 2,4-Pentadiynylidyne;0.021276595744680847
4;19 Propynylidynium;0.021276595744680847
5;23 Methylamine;0.021276595744680847
6;38 Potassium cyanide, potassium isocyanide;0.021276595744680847
7;43 Methanimine;0.021276595744680847
8;52 Thioxoethenylidene;0.021276595744680847
9;81 Formylium;0.021276595744680847
10;115 Formyl Radical;0.021276595744680847
11;120 Oxoethenylidene;0.021276595744680847
12;127 Hydroxymethylium ion;0.021276595744680847
13;0 Butatrienylidene;0.006079027355623099
14;1 Dimethyl ether;0.006079027355623099
15;2 Trihydrogen ion;0.006079027355623099
16;3 Nitrous Oxide;0.006079027355623099
17;4 Methyl Acetylene;0.006079027355623099
18;7 Methyl Cyanide;0.006079027355623099
19;8 Thioformylium;0.006079027355623099
20;9 Hydrogen Cyanide;0.006079027355623099
21;10 Titanium monoxide;0.006079027355623099
22;11 Cyanide Radical;0.006079027355623099
23;12 Formic Acid;0.006079027355623099
24;13 Nitric sulfide;0.006079027355623099
25;14 Iminomethylium;0.006079027355623099
26;15 Hydrogen cyanide;0.006079027355623099
27;16 Aluminum monoxide;0.006079027355623099
28;17 Nitrosyl hydride;0.006079027355623099
29;18 Methyl isocyanate;0.006079027355623099
30;20 Magnesium Cyanide;0.006079027355623099
31;21 1,3-Butadiynyl anion;0.006079027355623099
32;22 Diazenylium;0.006079027355623099
33;24 Phosphorus Monoxide;0.006079027355623099
34;25 Silicon monosulfide;0.006079027355623099
35;26 Cyclopropenone;0.006079027355623099
36;27 Carbon Monoxide Ion;0.006079027355623099
37;28 Sodium Cyanide;0.006079027355623099
38;29 Nitric oxide;0.006079027355623099
39;30 3-Thioxo-1,2-Propadieylidene;0.006079027355623099
40;31 Silicon Cyanide;0.006079027355623099
41;32 Ethyne Isocyanide;0.006079027355623099
42;33 Sodium Chloride;0.006079027355623099
43;34 Cyanoacetylene;0.006079027355623099
44;35 Sulfur Monoxide;0.006079027355623099
45;36 Aluminum Isocyanitrile;0.006079027355623099
46;37 Cyanobutadiyne;0.006079027355623099
47;39 Molecular oxygen;0.006079027355623099
48;40 Silicon Mononitride;0.006079027355623099
49;41 Carbon Monoxide;0.006079027355623099
50;42 Propadienylidene;0.006079027355623099
51;44 Aluminum Monofluoride;0.006079027355623099
52;45 Formamide;0.006079027355623099
53;46 1,3,5,7-Octatetraynyl anion;0.006079027355623099
54;47 Aminoacetonitrile;0.006079027355623099
55;48 Ammonia;0.006079027355623099
56;49 gauche-Ethanol;0.006079027355623099
57;50 Protonate 2-proynenitrile;0.006079027355623099
58;51 Carbonyl Sulfide;0.006079027355623099
59;53 Ethyl cyanide;0.006079027355623099
60;54 Water;0.006079027355623099
61;55 Methyl Formate;0.006079027355623099
62;56 Acetaldehyde;0.006079027355623099
63;57 Ketenimine;0.006079027355623099
64;58 Propenal;0.006079027355623099
65;59 Methyl isocyanide;0.006079027355623099
66;60 iso-propyl cyanide;0.006079027355623099
67;61 Protonated Carbon Dioxide;0.006079027355623099
68;62 Ketene;0.006079027355623099
69;63 Silicon Monoxide;0.006079027355623099
70;64 Vinyl Cyanide;0.006079027355623099
71;65 Acetone;0.006079027355623099
72;66 3-Imino-1,2 Propadienylidene;0.006079027355623099
73;67 Cyclopropenylidene;0.006079027355623099
74;68 Silicon monoxide (global fit);0.006079027355623099
75;69 Magnesium Isocyanide;0.006079027355623099
76;70 Formaldehyde;0.006079027355623099
77;71 Cyanobutadiynylide anion;0.006079027355623099
78;72 Carbon Monosulfide;0.006079027355623099
79;73 Fulminic acid;0.006079027355623099
80;74 1,3,5-Hexatriynyl;0.006079027355623099
81;75 1,3-Butadiynyl radical;0.006079027355623099
82;76 trans-Ethanol;0.006079027355623099
83;77 Silicon Carbide;0.006079027355623099
84;78 1,3,5-Hexatriynyl anion;0.006079027355623099
85;79 Silicon monosulfide;0.006079027355623099
86;80 Oxonium hydride;0.006079027355623099
87;82 Ethylene Oxide;0.006079027355623099
88;83 Sulfur dioxide;0.006079027355623099
89;84 Carbon Monophosphide;0.006079027355623099
90;85 Sulfur Monoxide ion;0.006079027355623099
91;86 Methanol;0.006079027355623099
92;87 Sulfur Dioxide;0.006079027355623099
93;88 Isocyanic Acid;0.006079027355623099
94;89 Cyanoformaldehyde;0.006079027355623099
95;90 Silicon Isocyanide;0.006079027355623099
96;91 Methylene amidogen;0.006079027355623099
97;92 Silicon Monocarbide;0.006079027355623099
98;93 Phosphaethyne;0.006079027355623099
99;94 Carbon Monosulfide;0.006079027355623099
100;95 Aluminum Monochloride;0.006079027355623099
101;96 Cyanoallene;0.006079027355623099
102;97 3-Oxo-1,2-Propadienylidene;0.006079027355623099
103;98 Methyl diacetylene;0.006079027355623099
104;99 Cyanomethylene;0.006079027355623099
105;100 Phosphapropynylidyne;0.006079027355623099
106;101 Cyanomethyl;0.006079027355623099
107;102 Hydrogen Isocyanide;0.006079027355623099
108;103 Hydrogen sulfide;0.006079027355623099
109;104 Glycolaldehyde;0.006079027355623099
110;105 Cyanide anion;0.006079027355623099
111;106 2-Propynal;0.006079027355623099
112;107 Ethynyl;0.006079027355623099
113;108 Phosphorous nitride;0.006079027355623099
114;109 Magnesium hydride isocyanide;0.006079027355623099
115;110 Potassium chloride;0.006079027355623099
116;111 Silicon tetracarbide;0.006079027355623099
117;112 Ethyl Cyanide;0.006079027355623099
118;113 Cyanamide;0.006079027355623099
119;114 Amidogen;0.006079027355623099
120;116 Hydroxymethylidyne;0.006079027355623099
121;117 3-Silanetetrayl-1,2-Propadienylidene;0.006079027355623099
122;118 Vinyl Alcohol;0.006079027355623099
123;119 ortho-Oxidaniumyl;0.006079027355623099
124;121 Cyanoethynylide ion;0.006079027355623099
125;122 2-Butynenitrile;0.006079027355623099
126;124 Fluoromethyliumylidene;0.006079027355623099
127;125 3-Cyano-1,2-propadienylidene;0.006079027355623099
128;126 Vinyl Cyanide;0.006079027355623099
129;128 Thioformaldehyde;0.006079027355623099
130;129 Isothiocyanic acid;0.006079027355623099
131;130 Methyl formate, v<sub>t</sub> = 0, 1;0.006079027355623099
132;131 Cyanic acid;0.006079027355623099
