1;15 Nitric sulfide;0.024054982817869414
2;53 Thioxoethenylidene;0.024054982817869414
3;78 Fulminic acid;0.024054982817869414
4;93 Isocyanic Acid;0.024054982817869414
5;113 Magnesium hydride isocyanide;0.024054982817869414
6;0 Dimethyl ether;0.006872852233676976
7;1 Butatrienylidene;0.006872852233676976
8;2 Trihydrogen ion;0.006872852233676976
9;3 Nitrous Oxide;0.006872852233676976
10;4 Methyl Acetylene;0.006872852233676976
11;5 2,4,6-Heptatriynenitrile;0.006872852233676976
12;6 Ethylene Glycol;0.006872852233676976
13;7 2,4-Pentadiynylidyne;0.006872852233676976
14;8 Methyl Cyanide;0.006872852233676976
15;9 Thioformylium;0.006872852233676976
16;10 para-Oxidaniumyl;0.006872852233676976
17;11 Hydrogen Cyanide;0.006872852233676976
18;12 Titanium monoxide;0.006872852233676976
19;13 Cyanide Radical;0.006872852233676976
20;14 Formic Acid;0.006872852233676976
21;16 Iminomethylium;0.006872852233676976
22;17 Aluminum monoxide;0.006872852233676976
23;18 Methyl isocyanate;0.006872852233676976
24;19 Nitrosyl hydride;0.006872852233676976
25;20 Propynylidynium;0.006872852233676976
26;21 Magnesium Cyanide;0.006872852233676976
27;22 1,3-Butadiynyl anion;0.006872852233676976
28;23 Diazenylium;0.006872852233676976
29;24 Methylamine;0.006872852233676976
30;25 Chloronium;0.006872852233676976
31;26 Silicon monosulfide;0.006872852233676976
32;27 Phosphorus Monoxide;0.006872852233676976
33;28 Cyclopropenone;0.006872852233676976
34;29 Carbon Monoxide Ion;0.006872852233676976
35;30 Sodium Cyanide;0.006872852233676976
36;31 Nitric oxide;0.006872852233676976
37;32 3-Thioxo-1,2-Propadieylidene;0.006872852233676976
38;33 Silicon Cyanide;0.006872852233676976
39;34 Ethyne Isocyanide;0.006872852233676976
40;35 Sodium Chloride;0.006872852233676976
41;36 Cyanoacetylene;0.006872852233676976
42;37 Sulfur Monoxide;0.006872852233676976
43;38 Aluminum Isocyanitrile;0.006872852233676976
44;39 Cyanobutadiyne;0.006872852233676976
45;40 Potassium cyanide, potassium isocyanide;0.006872852233676976
46;41 Silicon Mononitride;0.006872852233676976
47;42 Carbon Monoxide;0.006872852233676976
48;43 Propadienylidene;0.006872852233676976
49;44 Methanimine;0.006872852233676976
50;45 Aluminum Monofluoride;0.006872852233676976
51;46 Formamide;0.006872852233676976
52;47 1,3,5,7-Octatetraynyl anion;0.006872852233676976
53;48 Aminoacetonitrile;0.006872852233676976
54;49 Ammonia;0.006872852233676976
55;50 gauche-Ethanol;0.006872852233676976
56;51 Protonate 2-proynenitrile;0.006872852233676976
57;52 Carbonyl Sulfide;0.006872852233676976
58;54 Ethyl cyanide;0.006872852233676976
59;55 Water;0.006872852233676976
60;56 Methyl Formate;0.006872852233676976
61;57 Acetaldehyde;0.006872852233676976
62;58 Ketenimine;0.006872852233676976
63;59 Propenal;0.006872852233676976
64;60 Methyl isocyanide;0.006872852233676976
65;61 iso-propyl cyanide;0.006872852233676976
66;62 Hydrogen cyanide;0.006872852233676976
67;63 Protonated Carbon Dioxide;0.006872852233676976
68;64 Methylidyne;0.006872852233676976
69;65 Ketene;0.006872852233676976
70;66 4-Cyano-1,3-Butadiynyl;0.006872852233676976
71;67 Silicon Monoxide;0.006872852233676976
72;68 Acetone;0.006872852233676976
73;69 Vinyl Cyanide;0.006872852233676976
74;70 3-Imino-1,2 Propadienylidene;0.006872852233676976
75;71 Silicon monoxide (global fit);0.006872852233676976
76;72 Cyclopropenylidene;0.006872852233676976
77;73 Magnesium Isocyanide;0.006872852233676976
78;74 2,4,6-Heptatriynylidyne;0.006872852233676976
79;75 Cyanobutadiynylide anion;0.006872852233676976
80;76 Formaldehyde;0.006872852233676976
81;77 Carbon Monosulfide;0.006872852233676976
82;79 1,3,5-Hexatriynyl;0.006872852233676976
83;80 3-Silanetetrayl-1,2-Propadienylidene;0.006872852233676976
84;81 1,3-Butadiynyl radical;0.006872852233676976
85;82 trans-Ethanol;0.006872852233676976
86;83 Silicon Carbide;0.006872852233676976
87;84 1,3,5-Hexatriynyl anion;0.006872852233676976
88;85 Formylium;0.006872852233676976
89;86 Ethylene Oxide;0.006872852233676976
90;87 Sulfur dioxide;0.006872852233676976
91;88 Carbon Monophosphide;0.006872852233676976
92;89 Sulfur Monoxide ion;0.006872852233676976
93;90 Methanol;0.006872852233676976
94;91 Sulfur Dioxide;0.006872852233676976
95;92 Cyanoformaldehyde;0.006872852233676976
96;94 Silicon Isocyanide;0.006872852233676976
97;95 Methylene amidogen;0.006872852233676976
98;96 Silicon Monocarbide;0.006872852233676976
99;97 Phosphaethyne;0.006872852233676976
100;98 Aluminum Monochloride;0.006872852233676976
101;99 Cyanoallene;0.006872852233676976
102;100 3-Oxo-1,2-Propadienylidene;0.006872852233676976
103;101 Methyl diacetylene;0.006872852233676976
104;102 Cyanomethylene;0.006872852233676976
105;103 Phosphapropynylidyne;0.006872852233676976
106;104 Cyanomethyl;0.006872852233676976
107;105 Hydrogen Isocyanide;0.006872852233676976
108;106 Hydrogen sulfide;0.006872852233676976
109;107 Hydroxyl;0.006872852233676976
110;108 Glycolaldehyde;0.006872852233676976
111;109 Cyanide anion;0.006872852233676976
112;110 2-Propynal;0.006872852233676976
113;111 Ethynyl;0.006872852233676976
114;112 Phosphorous nitride;0.006872852233676976
115;114 Potassium chloride;0.006872852233676976
116;115 Silicon tetracarbide;0.006872852233676976
117;116 Ethyl Cyanide;0.006872852233676976
118;117 Cyanamide;0.006872852233676976
119;118 Amidogen;0.006872852233676976
120;119 Hydroxymethylidyne;0.006872852233676976
121;120 Formyl Radical;0.006872852233676976
122;121 Vinyl Alcohol;0.006872852233676976
123;122 ortho-Oxidaniumyl;0.006872852233676976
124;123 Cyanoethynylide ion;0.006872852233676976
125;124 Oxoethenylidene;0.006872852233676976
126;125 2-Butynenitrile;0.006872852233676976
127;126 Cyanoethynyl;0.006872852233676976
128;127 3-Cyano-1,2-propadienylidene;0.006872852233676976
129;128 Hydroxymethylium ion;0.006872852233676976
130;129 Thioformaldehyde;0.006872852233676976
131;130 Isothiocyanic acid;0.006872852233676976
132;131 Methyl formate, v<sub>t</sub> = 0, 1;0.006872852233676976
133;132 Cyanic acid;0.006872852233676976
