1;34 Formylium;0.48093220338983045
2;0 Methylidyne;0.01483050847457627
3;1 1,3-Butadiynyl radical;0.01483050847457627
4;2 Formaldehyde;0.01483050847457627
5;3 Sulfur dioxide;0.01483050847457627
6;4 Carbon Monoxide;0.01483050847457627
7;5 Water;0.01483050847457627
8;6 Carbon Monoxide Ion;0.01483050847457627
9;7 Nitric sulfide;0.01483050847457627
10;8 Isocyanic Acid;0.01483050847457627
11;9 Methyliumylidene;0.01483050847457627
12;10 Cyanide Radical;0.01483050847457627
13;11 Ethynyl;0.01483050847457627
14;12 Carbonyl Sulfide;0.01483050847457627
15;13 Hydroxyl;0.01483050847457627
16;14 Diazenylium;0.01483050847457627
17;15 Thioxoethenylidene;0.01483050847457627
18;16 Nitric oxide;0.01483050847457627
19;17 Methyl Cyanide;0.01483050847457627
20;18 Cyclopropenylidene;0.01483050847457627
21;19 Methanimine;0.01483050847457627
22;20 Methanol;0.01483050847457627
23;21 Thioformaldehyde;0.01483050847457627
24;22 Ammonia;0.01483050847457627
25;23 Cyanamide;0.01483050847457627
26;24 Cyanoacetylene;0.01483050847457627
27;25 Sodium Chloride;0.01483050847457627
28;26 Silicon Monoxide;0.01483050847457627
29;27 Sulfur Monoxide;0.01483050847457627
30;28 Protonated Carbon Dioxide;0.01483050847457627
31;29 Hydrogen Cyanide;0.01483050847457627
32;30 Carbon Monosulfide;0.01483050847457627
33;31 Hydrogen sulfide;0.01483050847457627
34;32 Molecular oxygen;0.01483050847457627
35;33 Hydrogen Isocyanide;0.01483050847457627
36;35 Methyl Acetylene;0.01483050847457627
