1;34 Formylium;0.2795389048991354
2;0 Methylidyne;0.034582132564841495
3;1 1,3-Butadiynyl radical;0.020172910662824204
4;2 Formaldehyde;0.020172910662824204
5;3 Sulfur dioxide;0.020172910662824204
6;4 Carbon Monoxide;0.020172910662824204
7;5 Water;0.020172910662824204
8;6 Carbon Monoxide Ion;0.020172910662824204
9;7 Nitric sulfide;0.020172910662824204
10;8 Isocyanic Acid;0.020172910662824204
11;9 Methyliumylidene;0.020172910662824204
12;10 Cyanide Radical;0.020172910662824204
13;11 Ethynyl;0.020172910662824204
14;12 Carbonyl Sulfide;0.020172910662824204
15;13 Hydroxyl;0.020172910662824204
16;14 Diazenylium;0.020172910662824204
17;15 Thioxoethenylidene;0.020172910662824204
18;16 Nitric oxide;0.020172910662824204
19;17 Methyl Cyanide;0.020172910662824204
20;18 Cyclopropenylidene;0.020172910662824204
21;19 Methanimine;0.020172910662824204
22;20 Methanol;0.020172910662824204
23;21 Thioformaldehyde;0.020172910662824204
24;22 Ammonia;0.020172910662824204
25;23 Cyanamide;0.020172910662824204
26;24 Cyanoacetylene;0.020172910662824204
27;25 Sodium Chloride;0.020172910662824204
28;26 Silicon Monoxide;0.020172910662824204
29;27 Sulfur Monoxide;0.020172910662824204
30;28 Protonated Carbon Dioxide;0.020172910662824204
31;29 Hydrogen Cyanide;0.020172910662824204
32;30 Carbon Monosulfide;0.020172910662824204
33;31 Hydrogen sulfide;0.020172910662824204
34;32 Molecular oxygen;0.020172910662824204
35;33 Hydrogen Isocyanide;0.020172910662824204
36;35 Methyl Acetylene;0.020172910662824204
