1;26 Silicon Monoxide;0.8019401778496362
2;0 Methylidyne;0.005658852061438965
3;1 1,3-Butadiynyl radical;0.005658852061438965
4;2 Formaldehyde;0.005658852061438965
5;3 Sulfur dioxide;0.005658852061438965
6;4 Carbon Monoxide;0.005658852061438965
7;5 Water;0.005658852061438965
8;6 Carbon Monoxide Ion;0.005658852061438965
9;7 Nitric sulfide;0.005658852061438965
10;8 Isocyanic Acid;0.005658852061438965
11;9 Methyliumylidene;0.005658852061438965
12;10 Cyanide Radical;0.005658852061438965
13;11 Ethynyl;0.005658852061438965
14;12 Carbonyl Sulfide;0.005658852061438965
15;13 Hydroxyl;0.005658852061438965
16;14 Diazenylium;0.005658852061438965
17;15 Thioxoethenylidene;0.005658852061438965
18;16 Nitric oxide;0.005658852061438965
19;17 Methyl Cyanide;0.005658852061438965
20;18 Cyclopropenylidene;0.005658852061438965
21;19 Methanimine;0.005658852061438965
22;20 Methanol;0.005658852061438965
23;21 Thioformaldehyde;0.005658852061438965
24;22 Ammonia;0.005658852061438965
25;23 Cyanamide;0.005658852061438965
26;24 Cyanoacetylene;0.005658852061438965
27;25 Sodium Chloride;0.005658852061438965
28;27 Sulfur Monoxide;0.005658852061438965
29;28 Protonated Carbon Dioxide;0.005658852061438965
30;29 Hydrogen Cyanide;0.005658852061438965
31;30 Carbon Monosulfide;0.005658852061438965
32;31 Hydrogen sulfide;0.005658852061438965
33;32 Molecular oxygen;0.005658852061438965
34;33 Hydrogen Isocyanide;0.005658852061438965
35;34 Formylium;0.005658852061438965
36;35 Methyl Acetylene;0.005658852061438965
