1;22 Formylium;0.22076023391812863
2;14 Nitric oxide;0.05994152046783625
3;11 Methyliumylidene;0.04532163742690058
4;17 Hydrogen Cyanide;0.04532163742690058
5;23 Sulfoniumylidene;0.04532163742690058
6;0 Methylidyne;0.03070175438596491
7;1 Butyronitrile;0.03070175438596491
8;2 Formaldehyde;0.03070175438596491
9;3 Sulfur dioxide;0.03070175438596491
10;4 Carbon Monoxide;0.03070175438596491
11;5 Water;0.03070175438596491
12;6 Chloronium;0.03070175438596491
13;7 Imidogen;0.03070175438596491
14;8 Thioformylium;0.03070175438596491
15;9 Mercapto radical;0.03070175438596491
16;10 Methyl formate vt01;0.03070175438596491
17;12 Cyanide Radical;0.03070175438596491
18;13 Hydroxyl;0.03070175438596491
19;15 Cyclopropenylidene;0.03070175438596491
20;16 Silicon Monoxide;0.03070175438596491
21;18 Carbon Monosulfide;0.03070175438596491
22;19 Hydrogen sulfide;0.03070175438596491
23;20 Molecular oxygen;0.03070175438596491
24;21 Hydrogen Isocyanide;0.03070175438596491
