1;20 Molecular oxygen;0.6248097412480973
2;22 Formylium;0.02359208523592085
3;0 Methylidyne;0.01598173515981735
4;1 Butyronitrile;0.01598173515981735
5;2 Formaldehyde;0.01598173515981735
6;3 Sulfur dioxide;0.01598173515981735
7;4 Carbon Monoxide;0.01598173515981735
8;5 Water;0.01598173515981735
9;6 Chloronium;0.01598173515981735
10;7 Imidogen;0.01598173515981735
11;8 Thioformylium;0.01598173515981735
12;9 Mercapto radical;0.01598173515981735
13;10 Methyl formate vt01;0.01598173515981735
14;11 Methyliumylidene;0.01598173515981735
15;12 Cyanide Radical;0.01598173515981735
16;13 Hydroxyl;0.01598173515981735
17;14 Nitric oxide;0.01598173515981735
18;15 Cyclopropenylidene;0.01598173515981735
19;16 Silicon Monoxide;0.01598173515981735
20;17 Hydrogen Cyanide;0.01598173515981735
21;18 Carbon Monosulfide;0.01598173515981735
22;19 Hydrogen sulfide;0.01598173515981735
23;21 Hydrogen Isocyanide;0.01598173515981735
24;23 Sulfoniumylidene;0.01598173515981735
