1;15 Aluminum monoxide;0.5381679389312977
2;66 Cyanobutadiynylide anion;0.013358778625954196
3;84 Phosphaethyne;0.013358778625954196
4;0 Dimethyl ether;0.003816793893129771
5;1 Butatrienylidene;0.003816793893129771
6;2 Trihydrogen ion;0.003816793893129771
7;3 Nitrous Oxide;0.003816793893129771
8;4 Methyl Acetylene;0.003816793893129771
9;5 Ethylene Glycol;0.003816793893129771
10;6 Methyl Cyanide;0.003816793893129771
11;7 Thioformylium;0.003816793893129771
12;8 para-Oxidaniumyl;0.003816793893129771
13;9 Hydrogen Cyanide;0.003816793893129771
14;10 Titanium monoxide;0.003816793893129771
15;11 Cyanide Radical;0.003816793893129771
16;12 Formic Acid;0.003816793893129771
17;13 Nitric sulfide;0.003816793893129771
18;14 Iminomethylium;0.003816793893129771
19;16 Methyl isocyanate;0.003816793893129771
20;17 Nitrosyl hydride;0.003816793893129771
21;18 Propynylidynium;0.003816793893129771
22;19 Magnesium Cyanide;0.003816793893129771
23;20 Diazenylium;0.003816793893129771
24;21 Methylamine;0.003816793893129771
25;22 Chloronium;0.003816793893129771
26;23 Silicon monosulfide;0.003816793893129771
27;24 Phosphorus Monoxide;0.003816793893129771
28;25 Cyclopropenone;0.003816793893129771
29;26 Carbon Monoxide Ion;0.003816793893129771
30;27 Sodium Cyanide;0.003816793893129771
31;28 Nitric oxide;0.003816793893129771
32;29 Silicon Cyanide;0.003816793893129771
33;30 Ethyne Isocyanide;0.003816793893129771
34;31 Sodium Chloride;0.003816793893129771
35;32 Cyanoacetylene;0.003816793893129771
36;33 Sulfur Monoxide;0.003816793893129771
37;34 Aluminum Isocyanitrile;0.003816793893129771
38;35 Cyanobutadiyne;0.003816793893129771
39;36 Silicon Mononitride;0.003816793893129771
40;37 Carbon Monoxide;0.003816793893129771
41;38 Propadienylidene;0.003816793893129771
42;39 Methanimine;0.003816793893129771
43;40 Aluminum Monofluoride;0.003816793893129771
44;41 Formamide;0.003816793893129771
45;42 Aminoacetonitrile;0.003816793893129771
46;43 Ammonia;0.003816793893129771
47;44 gauche-Ethanol;0.003816793893129771
48;45 Protonate 2-proynenitrile;0.003816793893129771
49;46 Carbonyl Sulfide;0.003816793893129771
50;47 Thioxoethenylidene;0.003816793893129771
51;48 Ethyl cyanide;0.003816793893129771
52;49 Water;0.003816793893129771
53;50 Methyl Formate;0.003816793893129771
54;51 Acetaldehyde;0.003816793893129771
55;52 Ketenimine;0.003816793893129771
56;53 Propenal;0.003816793893129771
57;54 Methyl isocyanide;0.003816793893129771
58;55 iso-propyl cyanide;0.003816793893129771
59;56 Hydrogen cyanide;0.003816793893129771
60;57 Protonated Carbon Dioxide;0.003816793893129771
61;58 Methylidyne;0.003816793893129771
62;59 Ketene;0.003816793893129771
63;60 Silicon Monoxide;0.003816793893129771
64;61 Acetone;0.003816793893129771
65;62 Vinyl Cyanide;0.003816793893129771
66;63 Silicon monoxide (global fit);0.003816793893129771
67;64 Cyclopropenylidene;0.003816793893129771
68;65 Magnesium Isocyanide;0.003816793893129771
69;67 Formaldehyde;0.003816793893129771
70;68 Carbon Monosulfide;0.003816793893129771
71;69 Fulminic acid;0.003816793893129771
72;70 trans-Ethanol;0.003816793893129771
73;71 Silicon Carbide;0.003816793893129771
74;72 Formylium;0.003816793893129771
75;73 Ethylene Oxide;0.003816793893129771
76;74 Sulfur dioxide;0.003816793893129771
77;75 Carbon Monophosphide;0.003816793893129771
78;76 Sulfur Monoxide ion;0.003816793893129771
79;77 Methanol;0.003816793893129771
80;78 Sulfur Dioxide;0.003816793893129771
81;79 Cyanoformaldehyde;0.003816793893129771
82;80 Isocyanic Acid;0.003816793893129771
83;81 Silicon Isocyanide;0.003816793893129771
84;82 Methylene amidogen;0.003816793893129771
85;83 Silicon Monocarbide;0.003816793893129771
86;85 Aluminum Monochloride;0.003816793893129771
87;86 Cyanoallene;0.003816793893129771
88;87 Methyl diacetylene;0.003816793893129771
89;88 Cyanomethylene;0.003816793893129771
90;89 Phosphapropynylidyne;0.003816793893129771
91;90 Cyanomethyl;0.003816793893129771
92;91 Hydrogen Isocyanide;0.003816793893129771
93;92 Hydrogen sulfide;0.003816793893129771
94;93 Hydroxyl;0.003816793893129771
95;94 Glycolaldehyde;0.003816793893129771
96;95 Cyanide anion;0.003816793893129771
97;96 2-Propynal;0.003816793893129771
98;97 Ethynyl;0.003816793893129771
99;98 Phosphorous nitride;0.003816793893129771
100;99 Magnesium hydride isocyanide;0.003816793893129771
101;100 Potassium chloride;0.003816793893129771
102;101 Silicon tetracarbide;0.003816793893129771
103;102 Ethyl Cyanide;0.003816793893129771
104;103 Cyanamide;0.003816793893129771
105;104 Amidogen;0.003816793893129771
106;105 Hydroxymethylidyne;0.003816793893129771
107;106 Formyl Radical;0.003816793893129771
108;107 Vinyl Alcohol;0.003816793893129771
109;108 ortho-Oxidaniumyl;0.003816793893129771
110;109 Cyanoethynylide ion;0.003816793893129771
111;110 Oxoethenylidene;0.003816793893129771
112;111 2-Butynenitrile;0.003816793893129771
113;112 Cyanoethynyl;0.003816793893129771
114;113 Hydroxymethylium ion;0.003816793893129771
115;114 Thioformaldehyde;0.003816793893129771
116;115 Isothiocyanic acid;0.003816793893129771
117;116 Cyanic acid;0.003816793893129771
