1;6 Carbon Monosulfide;0.6148648648648649
2;0 Ketene;0.006756756756756757
3;1 1,3,5-Hexatriynyl;0.006756756756756757
4;2 Oxonium hydride;0.006756756756756757
5;3 Vinyl Cyanide;0.006756756756756757
6;4 Hydroxyl;0.006756756756756757
7;5 Methyliumylidene;0.006756756756756757
8;7 Cyanomethyl;0.006756756756756757
9;8 Methyl Acetylene;0.006756756756756757
10;9 Ethyl Cyanide;0.006756756756756757
11;10 2,4-Pentadiynylidyne;0.006756756756756757
12;11 4-Cyano-1,3-Butadiynyl;0.006756756756756757
13;12 Water;0.006756756756756757
14;13 Hydrogen sulfide;0.006756756756756757
15;14 Methylene amidogen;0.006756756756756757
16;15 1,3-Butadiynyl radical;0.006756756756756757
17;16 2,4,6,8-Nonatetraynenitrile;0.006756756756756757
18;17 Formylium;0.006756756756756757
19;18 Cyanoallene;0.006756756756756757
20;19 Trihydrogen ion;0.006756756756756757
21;20 Methylcyanodiacetylene;0.006756756756756757
22;21 2,4,6-Heptatriynenitrile;0.006756756756756757
23;22 Methanol;0.006756756756756757
24;23 Ammonia;0.006756756756756757
25;24 Methyl Cyanide;0.006756756756756757
26;25 1,3,5-Hexatriynyl anion;0.006756756756756757
27;26 1,3,5,7-Octatetraynyl anion;0.006756756756756757
28;27 3-Thioxo-1,2-Propadieylidene;0.006756756756756757
29;28 Cyanobutadiyne;0.006756756756756757
30;29 Nitric sulfide;0.006756756756756757
31;30 Sulfur dioxide;0.006756756756756757
32;31 Hydrochloric acid;0.006756756756756757
33;32 2,4,6,8,10-Undecapentaynenitrile;0.006756756756756757
34;33 Cyanide Radical;0.006756756756756757
35;34 Nitric oxide;0.006756756756756757
36;35 Formaldehyde;0.006756756756756757
37;36 Sulfur Monoxide;0.006756756756756757
38;37 Methyltriacetylene;0.006756756756756757
39;38 Hydrogen Cyanide;0.006756756756756757
40;39 Methyl diacetylene;0.006756756756756757
41;40 Methylidyne;0.006756756756756757
42;41 Thioxoethenylidene;0.006756756756756757
43;42 Silicon Monoxide;0.006756756756756757
44;43 1,3,5,7-Octatetraynyl;0.006756756756756757
45;44 Oxoethenylidene;0.006756756756756757
46;45 Propynylidynium;0.006756756756756757
47;46 Carbon Monoxide;0.006756756756756757
48;47 Thioformaldehyde;0.006756756756756757
49;48 Hexatrienyl;0.006756756756756757
50;49 Diazenylium;0.006756756756756757
51;50 Hydrogen Isocyanide;0.006756756756756757
52;51 Carbon Monosulfide;0.006756756756756757
53;52 Methylamine;0.006756756756756757
54;53 Formic Acid;0.006756756756756757
55;54 Cyclopropenylidene;0.006756756756756757
56;55 Cyanoacetylene;0.006756756756756757
57;56 para-Oxidaniumyl;0.006756756756756757
58;57 ortho-Oxidaniumyl;0.006756756756756757
