1;11 Ethynyl;0.28398058252427183
2;15 Thioxoethenylidene;0.11407766990291261
3;33 Hydrogen Isocyanide;0.029126213592233007
4;34 Formylium;0.029126213592233007
5;0 Methylidyne;0.01699029126213592
6;1 1,3-Butadiynyl radical;0.01699029126213592
7;2 Formaldehyde;0.01699029126213592
8;3 Sulfur dioxide;0.01699029126213592
9;4 Carbon Monoxide;0.01699029126213592
10;5 Water;0.01699029126213592
11;6 Carbon Monoxide Ion;0.01699029126213592
12;7 Nitric sulfide;0.01699029126213592
13;8 Isocyanic Acid;0.01699029126213592
14;9 Methyliumylidene;0.01699029126213592
15;10 Cyanide Radical;0.01699029126213592
16;12 Carbonyl Sulfide;0.01699029126213592
17;13 Hydroxyl;0.01699029126213592
18;14 Diazenylium;0.01699029126213592
19;16 Nitric oxide;0.01699029126213592
20;17 Methyl Cyanide;0.01699029126213592
21;18 Cyclopropenylidene;0.01699029126213592
22;19 Methanimine;0.01699029126213592
23;20 Methanol;0.01699029126213592
24;21 Thioformaldehyde;0.01699029126213592
25;22 Ammonia;0.01699029126213592
26;23 Cyanamide;0.01699029126213592
27;24 Cyanoacetylene;0.01699029126213592
28;25 Sodium Chloride;0.01699029126213592
29;26 Silicon Monoxide;0.01699029126213592
30;27 Sulfur Monoxide;0.01699029126213592
31;28 Protonated Carbon Dioxide;0.01699029126213592
32;29 Hydrogen Cyanide;0.01699029126213592
33;30 Carbon Monosulfide;0.01699029126213592
34;31 Hydrogen sulfide;0.01699029126213592
35;32 Molecular oxygen;0.01699029126213592
36;35 Methyl Acetylene;0.01699029126213592
