1;5 Methyliumylidene;0.8094353640416048
2;0 Ketene;0.0033432392273402677
3;1 1,3,5-Hexatriynyl;0.0033432392273402677
4;2 Oxonium hydride;0.0033432392273402677
5;3 Vinyl Cyanide;0.0033432392273402677
6;4 Hydroxyl;0.0033432392273402677
7;6 Carbon Monosulfide;0.0033432392273402677
8;7 Cyanomethyl;0.0033432392273402677
9;8 Methyl Acetylene;0.0033432392273402677
10;9 Ethyl Cyanide;0.0033432392273402677
11;10 2,4-Pentadiynylidyne;0.0033432392273402677
12;11 4-Cyano-1,3-Butadiynyl;0.0033432392273402677
13;12 Water;0.0033432392273402677
14;13 Hydrogen sulfide;0.0033432392273402677
15;14 Methylene amidogen;0.0033432392273402677
16;15 1,3-Butadiynyl radical;0.0033432392273402677
17;16 2,4,6,8-Nonatetraynenitrile;0.0033432392273402677
18;17 Formylium;0.0033432392273402677
19;18 Cyanoallene;0.0033432392273402677
20;19 Trihydrogen ion;0.0033432392273402677
21;20 Methylcyanodiacetylene;0.0033432392273402677
22;21 2,4,6-Heptatriynenitrile;0.0033432392273402677
23;22 Methanol;0.0033432392273402677
24;23 Ammonia;0.0033432392273402677
25;24 Methyl Cyanide;0.0033432392273402677
26;25 1,3,5-Hexatriynyl anion;0.0033432392273402677
27;26 1,3,5,7-Octatetraynyl anion;0.0033432392273402677
28;27 3-Thioxo-1,2-Propadieylidene;0.0033432392273402677
29;28 Cyanobutadiyne;0.0033432392273402677
30;29 Nitric sulfide;0.0033432392273402677
31;30 Sulfur dioxide;0.0033432392273402677
32;31 Hydrochloric acid;0.0033432392273402677
33;32 2,4,6,8,10-Undecapentaynenitrile;0.0033432392273402677
34;33 Cyanide Radical;0.0033432392273402677
35;34 Nitric oxide;0.0033432392273402677
36;35 Formaldehyde;0.0033432392273402677
37;36 Sulfur Monoxide;0.0033432392273402677
38;37 Methyltriacetylene;0.0033432392273402677
39;38 Hydrogen Cyanide;0.0033432392273402677
40;39 Methyl diacetylene;0.0033432392273402677
41;40 Methylidyne;0.0033432392273402677
42;41 Thioxoethenylidene;0.0033432392273402677
43;42 Silicon Monoxide;0.0033432392273402677
44;43 1,3,5,7-Octatetraynyl;0.0033432392273402677
45;44 Oxoethenylidene;0.0033432392273402677
46;45 Propynylidynium;0.0033432392273402677
47;46 Carbon Monoxide;0.0033432392273402677
48;47 Thioformaldehyde;0.0033432392273402677
49;48 Hexatrienyl;0.0033432392273402677
50;49 Diazenylium;0.0033432392273402677
51;50 Hydrogen Isocyanide;0.0033432392273402677
52;51 Carbon Monosulfide;0.0033432392273402677
53;52 Methylamine;0.0033432392273402677
54;53 Formic Acid;0.0033432392273402677
55;54 Cyclopropenylidene;0.0033432392273402677
56;55 Cyanoacetylene;0.0033432392273402677
57;56 para-Oxidaniumyl;0.0033432392273402677
58;57 ortho-Oxidaniumyl;0.0033432392273402677
