1;42 Silicon Monoxide;0.521455223880597
2;0 Ketene;0.008395522388059701
3;1 1,3,5-Hexatriynyl;0.008395522388059701
4;2 Oxonium hydride;0.008395522388059701
5;3 Vinyl Cyanide;0.008395522388059701
6;4 Hydroxyl;0.008395522388059701
7;5 Methyliumylidene;0.008395522388059701
8;6 Carbon Monosulfide;0.008395522388059701
9;7 Cyanomethyl;0.008395522388059701
10;8 Methyl Acetylene;0.008395522388059701
11;9 Ethyl Cyanide;0.008395522388059701
12;10 2,4-Pentadiynylidyne;0.008395522388059701
13;11 4-Cyano-1,3-Butadiynyl;0.008395522388059701
14;12 Water;0.008395522388059701
15;13 Hydrogen sulfide;0.008395522388059701
16;14 Methylene amidogen;0.008395522388059701
17;15 1,3-Butadiynyl radical;0.008395522388059701
18;16 2,4,6,8-Nonatetraynenitrile;0.008395522388059701
19;17 Formylium;0.008395522388059701
20;18 Cyanoallene;0.008395522388059701
21;19 Trihydrogen ion;0.008395522388059701
22;20 Methylcyanodiacetylene;0.008395522388059701
23;21 2,4,6-Heptatriynenitrile;0.008395522388059701
24;22 Methanol;0.008395522388059701
25;23 Ammonia;0.008395522388059701
26;24 Methyl Cyanide;0.008395522388059701
27;25 1,3,5-Hexatriynyl anion;0.008395522388059701
28;26 1,3,5,7-Octatetraynyl anion;0.008395522388059701
29;27 3-Thioxo-1,2-Propadieylidene;0.008395522388059701
30;28 Cyanobutadiyne;0.008395522388059701
31;29 Nitric sulfide;0.008395522388059701
32;30 Sulfur dioxide;0.008395522388059701
33;31 Hydrochloric acid;0.008395522388059701
34;32 2,4,6,8,10-Undecapentaynenitrile;0.008395522388059701
35;33 Cyanide Radical;0.008395522388059701
36;34 Nitric oxide;0.008395522388059701
37;35 Formaldehyde;0.008395522388059701
38;36 Sulfur Monoxide;0.008395522388059701
39;37 Methyltriacetylene;0.008395522388059701
40;38 Hydrogen Cyanide;0.008395522388059701
41;39 Methyl diacetylene;0.008395522388059701
42;40 Methylidyne;0.008395522388059701
43;41 Thioxoethenylidene;0.008395522388059701
44;43 1,3,5,7-Octatetraynyl;0.008395522388059701
45;44 Oxoethenylidene;0.008395522388059701
46;45 Propynylidynium;0.008395522388059701
47;46 Carbon Monoxide;0.008395522388059701
48;47 Thioformaldehyde;0.008395522388059701
49;48 Hexatrienyl;0.008395522388059701
50;49 Diazenylium;0.008395522388059701
51;50 Hydrogen Isocyanide;0.008395522388059701
52;51 Carbon Monosulfide;0.008395522388059701
53;52 Methylamine;0.008395522388059701
54;53 Formic Acid;0.008395522388059701
55;54 Cyclopropenylidene;0.008395522388059701
56;55 Cyanoacetylene;0.008395522388059701
57;56 para-Oxidaniumyl;0.008395522388059701
58;57 ortho-Oxidaniumyl;0.008395522388059701
