1;45 Propynylidynium;0.6715749039692702
2;0 Ketene;0.005761843790012804
3;1 1,3,5-Hexatriynyl;0.005761843790012804
4;2 Oxonium hydride;0.005761843790012804
5;3 Vinyl Cyanide;0.005761843790012804
6;4 Hydroxyl;0.005761843790012804
7;5 Methyliumylidene;0.005761843790012804
8;6 Carbon Monosulfide;0.005761843790012804
9;7 Cyanomethyl;0.005761843790012804
10;8 Methyl Acetylene;0.005761843790012804
11;9 Ethyl Cyanide;0.005761843790012804
12;10 2,4-Pentadiynylidyne;0.005761843790012804
13;11 4-Cyano-1,3-Butadiynyl;0.005761843790012804
14;12 Water;0.005761843790012804
15;13 Hydrogen sulfide;0.005761843790012804
16;14 Methylene amidogen;0.005761843790012804
17;15 1,3-Butadiynyl radical;0.005761843790012804
18;16 2,4,6,8-Nonatetraynenitrile;0.005761843790012804
19;17 Formylium;0.005761843790012804
20;18 Cyanoallene;0.005761843790012804
21;19 Trihydrogen ion;0.005761843790012804
22;20 Methylcyanodiacetylene;0.005761843790012804
23;21 2,4,6-Heptatriynenitrile;0.005761843790012804
24;22 Methanol;0.005761843790012804
25;23 Ammonia;0.005761843790012804
26;24 Methyl Cyanide;0.005761843790012804
27;25 1,3,5-Hexatriynyl anion;0.005761843790012804
28;26 1,3,5,7-Octatetraynyl anion;0.005761843790012804
29;27 3-Thioxo-1,2-Propadieylidene;0.005761843790012804
30;28 Cyanobutadiyne;0.005761843790012804
31;29 Nitric sulfide;0.005761843790012804
32;30 Sulfur dioxide;0.005761843790012804
33;31 Hydrochloric acid;0.005761843790012804
34;32 2,4,6,8,10-Undecapentaynenitrile;0.005761843790012804
35;33 Cyanide Radical;0.005761843790012804
36;34 Nitric oxide;0.005761843790012804
37;35 Formaldehyde;0.005761843790012804
38;36 Sulfur Monoxide;0.005761843790012804
39;37 Methyltriacetylene;0.005761843790012804
40;38 Hydrogen Cyanide;0.005761843790012804
41;39 Methyl diacetylene;0.005761843790012804
42;40 Methylidyne;0.005761843790012804
43;41 Thioxoethenylidene;0.005761843790012804
44;42 Silicon Monoxide;0.005761843790012804
45;43 1,3,5,7-Octatetraynyl;0.005761843790012804
46;44 Oxoethenylidene;0.005761843790012804
47;46 Carbon Monoxide;0.005761843790012804
48;47 Thioformaldehyde;0.005761843790012804
49;48 Hexatrienyl;0.005761843790012804
50;49 Diazenylium;0.005761843790012804
51;50 Hydrogen Isocyanide;0.005761843790012804
52;51 Carbon Monosulfide;0.005761843790012804
53;52 Methylamine;0.005761843790012804
54;53 Formic Acid;0.005761843790012804
55;54 Cyclopropenylidene;0.005761843790012804
56;55 Cyanoacetylene;0.005761843790012804
57;56 para-Oxidaniumyl;0.005761843790012804
58;57 ortho-Oxidaniumyl;0.005761843790012804
