1;5 Methyliumylidene;0.8882839721254355
2;0 Ketene;0.00195993031358885
3;1 1,3,5-Hexatriynyl;0.00195993031358885
4;2 Oxonium hydride;0.00195993031358885
5;3 Vinyl Cyanide;0.00195993031358885
6;4 Hydroxyl;0.00195993031358885
7;6 Carbon Monosulfide;0.00195993031358885
8;7 Cyanomethyl;0.00195993031358885
9;8 Methyl Acetylene;0.00195993031358885
10;9 Ethyl Cyanide;0.00195993031358885
11;10 2,4-Pentadiynylidyne;0.00195993031358885
12;11 4-Cyano-1,3-Butadiynyl;0.00195993031358885
13;12 Water;0.00195993031358885
14;13 Hydrogen sulfide;0.00195993031358885
15;14 Methylene amidogen;0.00195993031358885
16;15 1,3-Butadiynyl radical;0.00195993031358885
17;16 2,4,6,8-Nonatetraynenitrile;0.00195993031358885
18;17 Formylium;0.00195993031358885
19;18 Cyanoallene;0.00195993031358885
20;19 Trihydrogen ion;0.00195993031358885
21;20 Methylcyanodiacetylene;0.00195993031358885
22;21 2,4,6-Heptatriynenitrile;0.00195993031358885
23;22 Methanol;0.00195993031358885
24;23 Ammonia;0.00195993031358885
25;24 Methyl Cyanide;0.00195993031358885
26;25 1,3,5-Hexatriynyl anion;0.00195993031358885
27;26 1,3,5,7-Octatetraynyl anion;0.00195993031358885
28;27 3-Thioxo-1,2-Propadieylidene;0.00195993031358885
29;28 Cyanobutadiyne;0.00195993031358885
30;29 Nitric sulfide;0.00195993031358885
31;30 Sulfur dioxide;0.00195993031358885
32;31 Hydrochloric acid;0.00195993031358885
33;32 2,4,6,8,10-Undecapentaynenitrile;0.00195993031358885
34;33 Cyanide Radical;0.00195993031358885
35;34 Nitric oxide;0.00195993031358885
36;35 Formaldehyde;0.00195993031358885
37;36 Sulfur Monoxide;0.00195993031358885
38;37 Methyltriacetylene;0.00195993031358885
39;38 Hydrogen Cyanide;0.00195993031358885
40;39 Methyl diacetylene;0.00195993031358885
41;40 Methylidyne;0.00195993031358885
42;41 Thioxoethenylidene;0.00195993031358885
43;42 Silicon Monoxide;0.00195993031358885
44;43 1,3,5,7-Octatetraynyl;0.00195993031358885
45;44 Oxoethenylidene;0.00195993031358885
46;45 Propynylidynium;0.00195993031358885
47;46 Carbon Monoxide;0.00195993031358885
48;47 Thioformaldehyde;0.00195993031358885
49;48 Hexatrienyl;0.00195993031358885
50;49 Diazenylium;0.00195993031358885
51;50 Hydrogen Isocyanide;0.00195993031358885
52;51 Carbon Monosulfide;0.00195993031358885
53;52 Methylamine;0.00195993031358885
54;53 Formic Acid;0.00195993031358885
55;54 Cyclopropenylidene;0.00195993031358885
56;55 Cyanoacetylene;0.00195993031358885
57;56 para-Oxidaniumyl;0.00195993031358885
58;57 ortho-Oxidaniumyl;0.00195993031358885
