1;29 Formylium;0.5750000000000001
2;0 Methylidyne;0.014655172413793103
3;1 Formaldehyde;0.014655172413793103
4;2 Sulfur dioxide;0.014655172413793103
5;3 Carbon Monoxide;0.014655172413793103
6;4 Acetaldehyde;0.014655172413793103
7;5 Water;0.014655172413793103
8;6 Imidogen;0.014655172413793103
9;7 Carbon Monoxide Ion;0.014655172413793103
10;8 Nitric sulfide;0.014655172413793103
11;9 Isocyanic Acid;0.014655172413793103
12;10 Formic Acid;0.014655172413793103
13;11 Amidogen;0.014655172413793103
14;12 Ethylene Glycol;0.014655172413793103
15;13 Methyliumylidene;0.014655172413793103
16;14 Cyanide Radical;0.014655172413793103
17;15 Carbonyl Sulfide;0.014655172413793103
18;16 Hydroxyl;0.014655172413793103
19;17 Nitric oxide;0.014655172413793103
20;18 Methyl Cyanide;0.014655172413793103
21;19 Cyclopropenylidene;0.014655172413793103
22;20 Sulfur Monoxide ion;0.014655172413793103
23;21 Methanol;0.014655172413793103
24;22 Thioformaldehyde;0.014655172413793103
25;23 Ammonia;0.014655172413793103
26;24 Cyanoacetylene;0.014655172413793103
27;25 Hydrogen Cyanide;0.014655172413793103
28;26 Hydrogen sulfide;0.014655172413793103
29;27 Molecular oxygen;0.014655172413793103
30;28 Hydrogen Isocyanide;0.014655172413793103
