1;28 Hydrogen Isocyanide;0.4582417582417583
2;0 Methylidyne;0.01868131868131868
3;1 Formaldehyde;0.01868131868131868
4;2 Sulfur dioxide;0.01868131868131868
5;3 Carbon Monoxide;0.01868131868131868
6;4 Acetaldehyde;0.01868131868131868
7;5 Water;0.01868131868131868
8;6 Imidogen;0.01868131868131868
9;7 Carbon Monoxide Ion;0.01868131868131868
10;8 Nitric sulfide;0.01868131868131868
11;9 Isocyanic Acid;0.01868131868131868
12;10 Formic Acid;0.01868131868131868
13;11 Amidogen;0.01868131868131868
14;12 Ethylene Glycol;0.01868131868131868
15;13 Methyliumylidene;0.01868131868131868
16;14 Cyanide Radical;0.01868131868131868
17;15 Carbonyl Sulfide;0.01868131868131868
18;16 Hydroxyl;0.01868131868131868
19;17 Nitric oxide;0.01868131868131868
20;18 Methyl Cyanide;0.01868131868131868
21;19 Cyclopropenylidene;0.01868131868131868
22;20 Sulfur Monoxide ion;0.01868131868131868
23;21 Methanol;0.01868131868131868
24;22 Thioformaldehyde;0.01868131868131868
25;23 Ammonia;0.01868131868131868
26;24 Cyanoacetylene;0.01868131868131868
27;25 Hydrogen Cyanide;0.01868131868131868
28;26 Hydrogen sulfide;0.01868131868131868
29;27 Molecular oxygen;0.01868131868131868
30;29 Formylium;0.01868131868131868
