1;0 Methylidyne;0.22740963855421684
2;10 Methyl formate vt01;0.07680722891566263
3;1 Butyronitrile;0.03162650602409638
4;2 Formaldehyde;0.03162650602409638
5;3 Sulfur dioxide;0.03162650602409638
6;4 Carbon Monoxide;0.03162650602409638
7;5 Water;0.03162650602409638
8;6 Chloronium;0.03162650602409638
9;7 Imidogen;0.03162650602409638
10;8 Thioformylium;0.03162650602409638
11;9 Mercapto radical;0.03162650602409638
12;11 Methyliumylidene;0.03162650602409638
13;12 Cyanide Radical;0.03162650602409638
14;13 Hydroxyl;0.03162650602409638
15;14 Nitric oxide;0.03162650602409638
16;15 Cyclopropenylidene;0.03162650602409638
17;16 Silicon Monoxide;0.03162650602409638
18;17 Hydrogen Cyanide;0.03162650602409638
19;18 Carbon Monosulfide;0.03162650602409638
20;19 Hydrogen sulfide;0.03162650602409638
21;20 Molecular oxygen;0.03162650602409638
22;21 Hydrogen Isocyanide;0.03162650602409638
23;22 Formylium;0.03162650602409638
24;23 Sulfoniumylidene;0.03162650602409638
