1;4 Carbon Monoxide;0.15319865319865317
2;21 Hydrogen Isocyanide;0.06902356902356901
3;0 Methylidyne;0.03535353535353535
4;1 Butyronitrile;0.03535353535353535
5;2 Formaldehyde;0.03535353535353535
6;3 Sulfur dioxide;0.03535353535353535
7;5 Water;0.03535353535353535
8;6 Chloronium;0.03535353535353535
9;7 Imidogen;0.03535353535353535
10;8 Thioformylium;0.03535353535353535
11;9 Mercapto radical;0.03535353535353535
12;10 Methyl formate vt01;0.03535353535353535
13;11 Methyliumylidene;0.03535353535353535
14;12 Cyanide Radical;0.03535353535353535
15;13 Hydroxyl;0.03535353535353535
16;14 Nitric oxide;0.03535353535353535
17;15 Cyclopropenylidene;0.03535353535353535
18;16 Silicon Monoxide;0.03535353535353535
19;17 Hydrogen Cyanide;0.03535353535353535
20;18 Carbon Monosulfide;0.03535353535353535
21;19 Hydrogen sulfide;0.03535353535353535
22;20 Molecular oxygen;0.03535353535353535
23;22 Formylium;0.03535353535353535
24;23 Sulfoniumylidene;0.03535353535353535
