1;22 Formylium;0.14820846905537458
2;9 Mercapto radical;0.0504885993485342
3;13 Hydroxyl;0.0504885993485342
4;17 Hydrogen Cyanide;0.0504885993485342
5;18 Carbon Monosulfide;0.0504885993485342
6;0 Methylidyne;0.03420195439739414
7;1 Butyronitrile;0.03420195439739414
8;2 Formaldehyde;0.03420195439739414
9;3 Sulfur dioxide;0.03420195439739414
10;4 Carbon Monoxide;0.03420195439739414
11;5 Water;0.03420195439739414
12;6 Chloronium;0.03420195439739414
13;7 Imidogen;0.03420195439739414
14;8 Thioformylium;0.03420195439739414
15;10 Methyl formate vt01;0.03420195439739414
16;11 Methyliumylidene;0.03420195439739414
17;12 Cyanide Radical;0.03420195439739414
18;14 Nitric oxide;0.03420195439739414
19;15 Cyclopropenylidene;0.03420195439739414
20;16 Silicon Monoxide;0.03420195439739414
21;19 Hydrogen sulfide;0.03420195439739414
22;20 Molecular oxygen;0.03420195439739414
23;21 Hydrogen Isocyanide;0.03420195439739414
24;23 Sulfoniumylidene;0.03420195439739414
