1;1 Hydrogen fluoride;0.5780590717299579
2;0 Methanol;0.02109704641350211
3;2 Nitric oxide;0.02109704641350211
4;3 Formylium;0.02109704641350211
5;4 Sodium Chloride;0.02109704641350211
6;5 Sulfur dioxide;0.02109704641350211
7;6 para-Oxidaniumyl;0.02109704641350211
8;7 Sulfur Monoxide;0.02109704641350211
9;8 Butatrienylidene;0.02109704641350211
10;9 Carbon Monoxide;0.02109704641350211
11;10 Nitrous Oxide;0.02109704641350211
12;11 Cyanoacetylene;0.02109704641350211
13;12 Carbonyl Sulfide;0.02109704641350211
14;13 Molecular oxygen;0.02109704641350211
15;14 ortho-Oxidaniumyl;0.02109704641350211
16;15 Water;0.02109704641350211
17;16 Iminomethylium;0.02109704641350211
18;17 Hydrochloric acid;0.02109704641350211
19;18 Acetylene;0.02109704641350211
20;19 Hydrogen Cyanide;0.02109704641350211
