1;23 Sulfoniumylidene;0.4448051948051948
2;11 Methyliumylidene;0.04437229437229437
3;20 Molecular oxygen;0.03354978354978355
4;0 Methylidyne;0.022727272727272728
5;1 Butyronitrile;0.022727272727272728
6;2 Formaldehyde;0.022727272727272728
7;3 Sulfur dioxide;0.022727272727272728
8;4 Carbon Monoxide;0.022727272727272728
9;5 Water;0.022727272727272728
10;6 Chloronium;0.022727272727272728
11;7 Imidogen;0.022727272727272728
12;8 Thioformylium;0.022727272727272728
13;9 Mercapto radical;0.022727272727272728
14;10 Methyl formate vt01;0.022727272727272728
15;12 Cyanide Radical;0.022727272727272728
16;13 Hydroxyl;0.022727272727272728
17;14 Nitric oxide;0.022727272727272728
18;15 Cyclopropenylidene;0.022727272727272728
19;16 Silicon Monoxide;0.022727272727272728
20;17 Hydrogen Cyanide;0.022727272727272728
21;18 Carbon Monosulfide;0.022727272727272728
22;19 Hydrogen sulfide;0.022727272727272728
23;21 Hydrogen Isocyanide;0.022727272727272728
24;22 Formylium;0.022727272727272728
