1;16 Hydroxyl;0.8523952095808383
2;0 Methylidyne;0.005089820359281437
3;1 Formaldehyde;0.005089820359281437
4;2 Sulfur dioxide;0.005089820359281437
5;3 Carbon Monoxide;0.005089820359281437
6;4 Acetaldehyde;0.005089820359281437
7;5 Water;0.005089820359281437
8;6 Imidogen;0.005089820359281437
9;7 Carbon Monoxide Ion;0.005089820359281437
10;8 Nitric sulfide;0.005089820359281437
11;9 Isocyanic Acid;0.005089820359281437
12;10 Formic Acid;0.005089820359281437
13;11 Amidogen;0.005089820359281437
14;12 Ethylene Glycol;0.005089820359281437
15;13 Methyliumylidene;0.005089820359281437
16;14 Cyanide Radical;0.005089820359281437
17;15 Carbonyl Sulfide;0.005089820359281437
18;17 Nitric oxide;0.005089820359281437
19;18 Methyl Cyanide;0.005089820359281437
20;19 Cyclopropenylidene;0.005089820359281437
21;20 Sulfur Monoxide ion;0.005089820359281437
22;21 Methanol;0.005089820359281437
23;22 Thioformaldehyde;0.005089820359281437
24;23 Ammonia;0.005089820359281437
25;24 Cyanoacetylene;0.005089820359281437
26;25 Hydrogen Cyanide;0.005089820359281437
27;26 Hydrogen sulfide;0.005089820359281437
28;27 Molecular oxygen;0.005089820359281437
29;28 Hydrogen Isocyanide;0.005089820359281437
30;29 Formylium;0.005089820359281437
