1;17 Hydrogen Cyanide;0.2994214079074253
2;11 Methyliumylidene;0.28013500482160075
3;21 Hydrogen Isocyanide;0.17405978784956605
4;22 Formylium;0.0390549662487946
5;1 Butyronitrile;0.014946962391513982
6;0 Methylidyne;0.010125361620057859
7;2 Formaldehyde;0.010125361620057859
8;3 Sulfur dioxide;0.010125361620057859
9;4 Carbon Monoxide;0.010125361620057859
10;5 Water;0.010125361620057859
11;6 Chloronium;0.010125361620057859
12;7 Imidogen;0.010125361620057859
13;8 Thioformylium;0.010125361620057859
14;9 Mercapto radical;0.010125361620057859
15;10 Methyl formate vt01;0.010125361620057859
16;12 Cyanide Radical;0.010125361620057859
17;13 Hydroxyl;0.010125361620057859
18;14 Nitric oxide;0.010125361620057859
19;15 Cyclopropenylidene;0.010125361620057859
20;16 Silicon Monoxide;0.010125361620057859
21;18 Carbon Monosulfide;0.010125361620057859
22;19 Hydrogen sulfide;0.010125361620057859
23;20 Molecular oxygen;0.010125361620057859
24;23 Sulfoniumylidene;0.010125361620057859
