uid___A002_Xa916fc_X668__IRS43_HCO32.final.image.pbcor;model_diffuse_clouds_tr_500it;1;11 Methyliumylidene;0.894862864606008
uid___A002_Xa916fc_X668__IRS43_HCO32.final.image.pbcor;model_diffuse_clouds_tr_500it;2;0 Methylidyne;0.00457117979973879
uid___A002_Xa916fc_X668__IRS43_HCO32.final.image.pbcor;model_diffuse_clouds_tr_500it;3;1 Butyronitrile;0.00457117979973879
uid___A002_Xa916fc_X668__IRS43_HCO32.final.image.pbcor;model_diffuse_clouds_tr_500it;4;2 Formaldehyde;0.00457117979973879
uid___A002_Xa916fc_X668__IRS43_HCO32.final.image.pbcor;model_diffuse_clouds_tr_500it;5;3 Sulfur dioxide;0.00457117979973879
uid___A002_Xa916fc_X668__IRS43_HCO32.final.image.pbcor;model_diffuse_clouds_2_500it;1;11 Methyliumylidene;0.894862864606008
uid___A002_Xa916fc_X668__IRS43_HCO32.final.image.pbcor;model_diffuse_clouds_2_500it;2;0 Methylidyne;0.00457117979973879
uid___A002_Xa916fc_X668__IRS43_HCO32.final.image.pbcor;model_diffuse_clouds_2_500it;3;1 Butyronitrile;0.00457117979973879
uid___A002_Xa916fc_X668__IRS43_HCO32.final.image.pbcor;model_diffuse_clouds_2_500it;4;2 Formaldehyde;0.00457117979973879
uid___A002_Xa916fc_X668__IRS43_HCO32.final.image.pbcor;model_diffuse_clouds_2_500it;5;3 Sulfur dioxide;0.00457117979973879
uid___A002_Xa916fc_X668__IRS43_HCO32.final.image.pbcor;model_diffuse_clouds_full_500it;1;16 Silicon Monoxide;0.894862864606008
uid___A002_Xa916fc_X668__IRS43_HCO32.final.image.pbcor;model_diffuse_clouds_full_500it;2;0 Methylidyne;0.00457117979973879
uid___A002_Xa916fc_X668__IRS43_HCO32.final.image.pbcor;model_diffuse_clouds_full_500it;3;1 Butyronitrile;0.00457117979973879
uid___A002_Xa916fc_X668__IRS43_HCO32.final.image.pbcor;model_diffuse_clouds_full_500it;4;2 Formaldehyde;0.00457117979973879
uid___A002_Xa916fc_X668__IRS43_HCO32.final.image.pbcor;model_diffuse_clouds_full_500it;5;3 Sulfur dioxide;0.00457117979973879
uid___A002_Xa916fc_X668__IRS43_HCO32.final.image.pbcor;model_diffuse_clouds_full_expanded_00002_500it;1;6 Chloronium;0.894862864606008
uid___A002_Xa916fc_X668__IRS43_HCO32.final.image.pbcor;model_diffuse_clouds_full_expanded_00002_500it;2;0 Methylidyne;0.00457117979973879
uid___A002_Xa916fc_X668__IRS43_HCO32.final.image.pbcor;model_diffuse_clouds_full_expanded_00002_500it;3;1 Butyronitrile;0.00457117979973879
uid___A002_Xa916fc_X668__IRS43_HCO32.final.image.pbcor;model_diffuse_clouds_full_expanded_00002_500it;4;2 Formaldehyde;0.00457117979973879
uid___A002_Xa916fc_X668__IRS43_HCO32.final.image.pbcor;model_diffuse_clouds_full_expanded_00002_500it;5;3 Sulfur dioxide;0.00457117979973879
uid___A002_Xa916fc_X668__IRS43_HCO32.final.image.pbcor;model_diffuse_clouds_full_expanded_00010_500it;1;22 Formylium;0.8926861123204181
uid___A002_Xa916fc_X668__IRS43_HCO32.final.image.pbcor;model_diffuse_clouds_full_expanded_00010_500it;2;11 Methyliumylidene;0.00674793208532869
uid___A002_Xa916fc_X668__IRS43_HCO32.final.image.pbcor;model_diffuse_clouds_full_expanded_00010_500it;3;0 Methylidyne;0.00457117979973879
uid___A002_Xa916fc_X668__IRS43_HCO32.final.image.pbcor;model_diffuse_clouds_full_expanded_00010_500it;4;1 Butyronitrile;0.00457117979973879
uid___A002_Xa916fc_X668__IRS43_HCO32.final.image.pbcor;model_diffuse_clouds_full_expanded_00010_500it;5;2 Formaldehyde;0.00457117979973879
Orion.HNC.cbc.contsub.image;model_diffuse_clouds_tr_500it;1;16 Silicon Monoxide;0.8397478433974784
Orion.HNC.cbc.contsub.image;model_diffuse_clouds_tr_500it;2;0 Methylidyne;0.006967485069674852
Orion.HNC.cbc.contsub.image;model_diffuse_clouds_tr_500it;3;1 Butyronitrile;0.006967485069674852
Orion.HNC.cbc.contsub.image;model_diffuse_clouds_tr_500it;4;2 Formaldehyde;0.006967485069674852
Orion.HNC.cbc.contsub.image;model_diffuse_clouds_tr_500it;5;3 Sulfur dioxide;0.006967485069674852
Orion.HNC.cbc.contsub.image;model_diffuse_clouds_2_500it;1;11 Methyliumylidene;0.8397478433974784
Orion.HNC.cbc.contsub.image;model_diffuse_clouds_2_500it;2;0 Methylidyne;0.006967485069674852
Orion.HNC.cbc.contsub.image;model_diffuse_clouds_2_500it;3;1 Butyronitrile;0.006967485069674852
Orion.HNC.cbc.contsub.image;model_diffuse_clouds_2_500it;4;2 Formaldehyde;0.006967485069674852
Orion.HNC.cbc.contsub.image;model_diffuse_clouds_2_500it;5;3 Sulfur dioxide;0.006967485069674852
Orion.HNC.cbc.contsub.image;model_diffuse_clouds_full_500it;1;11 Methyliumylidene;0.7203052422030525
Orion.HNC.cbc.contsub.image;model_diffuse_clouds_full_500it;2;17 Hydrogen Cyanide;0.11313868613138688
Orion.HNC.cbc.contsub.image;model_diffuse_clouds_full_500it;3;4 Carbon Monoxide;0.020238885202388854
Orion.HNC.cbc.contsub.image;model_diffuse_clouds_full_500it;4;0 Methylidyne;0.006967485069674852
Orion.HNC.cbc.contsub.image;model_diffuse_clouds_full_500it;5;1 Butyronitrile;0.006967485069674852
Orion.HNC.cbc.contsub.image;model_diffuse_clouds_full_expanded_00002_500it;1;11 Methyliumylidene;0.8364299933643
Orion.HNC.cbc.contsub.image;model_diffuse_clouds_full_expanded_00002_500it;2;6 Chloronium;0.010285335102853352
Orion.HNC.cbc.contsub.image;model_diffuse_clouds_full_expanded_00002_500it;3;0 Methylidyne;0.006967485069674852
Orion.HNC.cbc.contsub.image;model_diffuse_clouds_full_expanded_00002_500it;4;1 Butyronitrile;0.006967485069674852
Orion.HNC.cbc.contsub.image;model_diffuse_clouds_full_expanded_00002_500it;5;2 Formaldehyde;0.006967485069674852
Orion.HNC.cbc.contsub.image;model_diffuse_clouds_full_expanded_00010_500it;1;21 Hydrogen Isocyanide;0.8364299933643
Orion.HNC.cbc.contsub.image;model_diffuse_clouds_full_expanded_00010_500it;2;11 Methyliumylidene;0.010285335102853352
Orion.HNC.cbc.contsub.image;model_diffuse_clouds_full_expanded_00010_500it;3;0 Methylidyne;0.006967485069674852
Orion.HNC.cbc.contsub.image;model_diffuse_clouds_full_expanded_00010_500it;4;1 Butyronitrile;0.006967485069674852
Orion.HNC.cbc.contsub.image;model_diffuse_clouds_full_expanded_00010_500it;5;2 Formaldehyde;0.006967485069674852
TWHydra_CO3_2line.image;model_diffuse_clouds_tr_500it;1;11 Methyliumylidene;0.5777972027972027
TWHydra_CO3_2line.image;model_diffuse_clouds_tr_500it;2;0 Methylidyne;0.018356643356643356
TWHydra_CO3_2line.image;model_diffuse_clouds_tr_500it;3;1 Butyronitrile;0.018356643356643356
TWHydra_CO3_2line.image;model_diffuse_clouds_tr_500it;4;2 Formaldehyde;0.018356643356643356
TWHydra_CO3_2line.image;model_diffuse_clouds_tr_500it;5;3 Sulfur dioxide;0.018356643356643356
TWHydra_CO3_2line.image;model_diffuse_clouds_2_500it;1;16 Silicon Monoxide;0.5777972027972027
TWHydra_CO3_2line.image;model_diffuse_clouds_2_500it;2;0 Methylidyne;0.018356643356643356
TWHydra_CO3_2line.image;model_diffuse_clouds_2_500it;3;1 Butyronitrile;0.018356643356643356
TWHydra_CO3_2line.image;model_diffuse_clouds_2_500it;4;2 Formaldehyde;0.018356643356643356
TWHydra_CO3_2line.image;model_diffuse_clouds_2_500it;5;3 Sulfur dioxide;0.018356643356643356
TWHydra_CO3_2line.image;model_diffuse_clouds_full_500it;1;11 Methyliumylidene;0.4554195804195804
TWHydra_CO3_2line.image;model_diffuse_clouds_full_500it;2;21 Hydrogen Isocyanide;0.1145104895104895
TWHydra_CO3_2line.image;model_diffuse_clouds_full_500it;3;4 Carbon Monoxide;0.04458041958041958
TWHydra_CO3_2line.image;model_diffuse_clouds_full_500it;4;0 Methylidyne;0.018356643356643356
TWHydra_CO3_2line.image;model_diffuse_clouds_full_500it;5;1 Butyronitrile;0.018356643356643356
TWHydra_CO3_2line.image;model_diffuse_clouds_full_expanded_00002_500it;1;17 Hydrogen Cyanide;0.5340909090909091
TWHydra_CO3_2line.image;model_diffuse_clouds_full_expanded_00002_500it;2;4 Carbon Monoxide;0.05332167832167831
TWHydra_CO3_2line.image;model_diffuse_clouds_full_expanded_00002_500it;3;19 Hydrogen sulfide;0.027097902097902096
TWHydra_CO3_2line.image;model_diffuse_clouds_full_expanded_00002_500it;4;0 Methylidyne;0.018356643356643356
TWHydra_CO3_2line.image;model_diffuse_clouds_full_expanded_00002_500it;5;1 Butyronitrile;0.018356643356643356
TWHydra_CO3_2line.image;model_diffuse_clouds_full_expanded_00010_500it;1;4 Carbon Monoxide;0.569055944055944
TWHydra_CO3_2line.image;model_diffuse_clouds_full_expanded_00010_500it;2;13 Hydroxyl;0.027097902097902096
TWHydra_CO3_2line.image;model_diffuse_clouds_full_expanded_00010_500it;3;0 Methylidyne;0.018356643356643356
TWHydra_CO3_2line.image;model_diffuse_clouds_full_expanded_00010_500it;4;1 Butyronitrile;0.018356643356643356
TWHydra_CO3_2line.image;model_diffuse_clouds_full_expanded_00010_500it;5;2 Formaldehyde;0.018356643356643356
DMTau.CS_5-4.image;model_diffuse_clouds_tr_500it;1;11 Methyliumylidene;0.3328729281767956
DMTau.CS_5-4.image;model_diffuse_clouds_tr_500it;2;0 Methylidyne;0.029005524861878452
DMTau.CS_5-4.image;model_diffuse_clouds_tr_500it;3;1 Butyronitrile;0.029005524861878452
DMTau.CS_5-4.image;model_diffuse_clouds_tr_500it;4;2 Formaldehyde;0.029005524861878452
DMTau.CS_5-4.image;model_diffuse_clouds_tr_500it;5;3 Sulfur dioxide;0.029005524861878452
DMTau.CS_5-4.image;model_diffuse_clouds_2_500it;1;11 Methyliumylidene;0.3328729281767956
DMTau.CS_5-4.image;model_diffuse_clouds_2_500it;2;0 Methylidyne;0.029005524861878452
DMTau.CS_5-4.image;model_diffuse_clouds_2_500it;3;1 Butyronitrile;0.029005524861878452
DMTau.CS_5-4.image;model_diffuse_clouds_2_500it;4;2 Formaldehyde;0.029005524861878452
DMTau.CS_5-4.image;model_diffuse_clouds_2_500it;5;3 Sulfur dioxide;0.029005524861878452
DMTau.CS_5-4.image;model_diffuse_clouds_full_500it;1;22 Formylium;0.3328729281767956
DMTau.CS_5-4.image;model_diffuse_clouds_full_500it;2;0 Methylidyne;0.029005524861878452
DMTau.CS_5-4.image;model_diffuse_clouds_full_500it;3;1 Butyronitrile;0.029005524861878452
DMTau.CS_5-4.image;model_diffuse_clouds_full_500it;4;2 Formaldehyde;0.029005524861878452
DMTau.CS_5-4.image;model_diffuse_clouds_full_500it;5;3 Sulfur dioxide;0.029005524861878452
DMTau.CS_5-4.image;model_diffuse_clouds_full_expanded_00002_500it;1;18 Carbon Monosulfide;0.3328729281767956
DMTau.CS_5-4.image;model_diffuse_clouds_full_expanded_00002_500it;2;0 Methylidyne;0.029005524861878452
DMTau.CS_5-4.image;model_diffuse_clouds_full_expanded_00002_500it;3;1 Butyronitrile;0.029005524861878452
DMTau.CS_5-4.image;model_diffuse_clouds_full_expanded_00002_500it;4;2 Formaldehyde;0.029005524861878452
DMTau.CS_5-4.image;model_diffuse_clouds_full_expanded_00002_500it;5;3 Sulfur dioxide;0.029005524861878452
DMTau.CS_5-4.image;model_diffuse_clouds_full_expanded_00010_500it;1;18 Carbon Monosulfide;0.3328729281767956
DMTau.CS_5-4.image;model_diffuse_clouds_full_expanded_00010_500it;2;0 Methylidyne;0.029005524861878452
DMTau.CS_5-4.image;model_diffuse_clouds_full_expanded_00010_500it;3;1 Butyronitrile;0.029005524861878452
DMTau.CS_5-4.image;model_diffuse_clouds_full_expanded_00010_500it;4;2 Formaldehyde;0.029005524861878452
DMTau.CS_5-4.image;model_diffuse_clouds_full_expanded_00010_500it;5;3 Sulfur dioxide;0.029005524861878452
HD163296_CO_2_1.image;model_diffuse_clouds_tr_500it;1;11 Methyliumylidene;0.7671166827386692
HD163296_CO_2_1.image;model_diffuse_clouds_tr_500it;2;0 Methylidyne;0.010125361620057859
HD163296_CO_2_1.image;model_diffuse_clouds_tr_500it;3;1 Butyronitrile;0.010125361620057859
HD163296_CO_2_1.image;model_diffuse_clouds_tr_500it;4;2 Formaldehyde;0.010125361620057859
HD163296_CO_2_1.image;model_diffuse_clouds_tr_500it;5;3 Sulfur dioxide;0.010125361620057859
HD163296_CO_2_1.image;model_diffuse_clouds_2_500it;1;17 Hydrogen Cyanide;0.6899710703953712
HD163296_CO_2_1.image;model_diffuse_clouds_2_500it;2;8 Thioformylium;0.08727097396335584
HD163296_CO_2_1.image;model_diffuse_clouds_2_500it;3;0 Methylidyne;0.010125361620057859
HD163296_CO_2_1.image;model_diffuse_clouds_2_500it;4;1 Butyronitrile;0.010125361620057859
HD163296_CO_2_1.image;model_diffuse_clouds_2_500it;5;2 Formaldehyde;0.010125361620057859
HD163296_CO_2_1.image;model_diffuse_clouds_full_500it;1;17 Hydrogen Cyanide;0.2994214079074253
HD163296_CO_2_1.image;model_diffuse_clouds_full_500it;2;11 Methyliumylidene;0.28013500482160075
HD163296_CO_2_1.image;model_diffuse_clouds_full_500it;3;21 Hydrogen Isocyanide;0.17405978784956605
HD163296_CO_2_1.image;model_diffuse_clouds_full_500it;4;22 Formylium;0.0390549662487946
HD163296_CO_2_1.image;model_diffuse_clouds_full_500it;5;1 Butyronitrile;0.014946962391513982
HD163296_CO_2_1.image;model_diffuse_clouds_full_expanded_00002_500it;1;4 Carbon Monoxide;0.7671166827386692
HD163296_CO_2_1.image;model_diffuse_clouds_full_expanded_00002_500it;2;0 Methylidyne;0.010125361620057859
HD163296_CO_2_1.image;model_diffuse_clouds_full_expanded_00002_500it;3;1 Butyronitrile;0.010125361620057859
HD163296_CO_2_1.image;model_diffuse_clouds_full_expanded_00002_500it;4;2 Formaldehyde;0.010125361620057859
HD163296_CO_2_1.image;model_diffuse_clouds_full_expanded_00002_500it;5;3 Sulfur dioxide;0.010125361620057859
HD163296_CO_2_1.image;model_diffuse_clouds_full_expanded_00010_500it;1;16 Silicon Monoxide;0.7478302796528447
HD163296_CO_2_1.image;model_diffuse_clouds_full_expanded_00010_500it;2;4 Carbon Monoxide;0.014946962391513982
HD163296_CO_2_1.image;model_diffuse_clouds_full_expanded_00010_500it;3;9 Mercapto radical;0.014946962391513982
HD163296_CO_2_1.image;model_diffuse_clouds_full_expanded_00010_500it;4;10 Methyl formate vt01;0.014946962391513982
HD163296_CO_2_1.image;model_diffuse_clouds_full_expanded_00010_500it;5;12 Cyanide Radical;0.014946962391513982
TWHydra_HCOplusline.image;model_diffuse_clouds_tr_500it;1;11 Methyliumylidene;0.5283203125
TWHydra_HCOplusline.image;model_diffuse_clouds_tr_500it;2;0 Methylidyne;0.0205078125
TWHydra_HCOplusline.image;model_diffuse_clouds_tr_500it;3;1 Butyronitrile;0.0205078125
TWHydra_HCOplusline.image;model_diffuse_clouds_tr_500it;4;2 Formaldehyde;0.0205078125
TWHydra_HCOplusline.image;model_diffuse_clouds_tr_500it;5;3 Sulfur dioxide;0.0205078125
TWHydra_HCOplusline.image;model_diffuse_clouds_2_500it;1;11 Methyliumylidene;0.5283203125
TWHydra_HCOplusline.image;model_diffuse_clouds_2_500it;2;0 Methylidyne;0.0205078125
TWHydra_HCOplusline.image;model_diffuse_clouds_2_500it;3;1 Butyronitrile;0.0205078125
TWHydra_HCOplusline.image;model_diffuse_clouds_2_500it;4;2 Formaldehyde;0.0205078125
TWHydra_HCOplusline.image;model_diffuse_clouds_2_500it;5;3 Sulfur dioxide;0.0205078125
TWHydra_HCOplusline.image;model_diffuse_clouds_full_500it;1;11 Methyliumylidene;0.2255859375
TWHydra_HCOplusline.image;model_diffuse_clouds_full_500it;2;22 Formylium;0.2255859375
TWHydra_HCOplusline.image;model_diffuse_clouds_full_500it;3;8 Thioformylium;0.11816406249999999
TWHydra_HCOplusline.image;model_diffuse_clouds_full_500it;4;0 Methylidyne;0.0205078125
TWHydra_HCOplusline.image;model_diffuse_clouds_full_500it;5;1 Butyronitrile;0.0205078125
TWHydra_HCOplusline.image;model_diffuse_clouds_full_expanded_00002_500it;1;20 Molecular oxygen;0.4794921875
TWHydra_HCOplusline.image;model_diffuse_clouds_full_expanded_00002_500it;2;22 Formylium;0.04980468749999999
TWHydra_HCOplusline.image;model_diffuse_clouds_full_expanded_00002_500it;3;4 Carbon Monoxide;0.0302734375
TWHydra_HCOplusline.image;model_diffuse_clouds_full_expanded_00002_500it;4;7 Imidogen;0.0302734375
TWHydra_HCOplusline.image;model_diffuse_clouds_full_expanded_00002_500it;5;0 Methylidyne;0.0205078125
TWHydra_HCOplusline.image;model_diffuse_clouds_full_expanded_00010_500it;1;4 Carbon Monoxide;0.4794921875
TWHydra_HCOplusline.image;model_diffuse_clouds_full_expanded_00010_500it;2;6 Chloronium;0.04003906249999999
TWHydra_HCOplusline.image;model_diffuse_clouds_full_expanded_00010_500it;3;17 Hydrogen Cyanide;0.04003906249999999
TWHydra_HCOplusline.image;model_diffuse_clouds_full_expanded_00010_500it;4;22 Formylium;0.0302734375
TWHydra_HCOplusline.image;model_diffuse_clouds_full_expanded_00010_500it;5;0 Methylidyne;0.0205078125
