1;16 Silicon Monoxide;0.5777972027972027
2;0 Methylidyne;0.018356643356643356
3;1 Butyronitrile;0.018356643356643356
4;2 Formaldehyde;0.018356643356643356
5;3 Sulfur dioxide;0.018356643356643356
6;4 Carbon Monoxide;0.018356643356643356
7;5 Water;0.018356643356643356
8;6 Chloronium;0.018356643356643356
9;7 Imidogen;0.018356643356643356
10;8 Thioformylium;0.018356643356643356
11;9 Mercapto radical;0.018356643356643356
12;10 Methyl formate vt01;0.018356643356643356
13;11 Methyliumylidene;0.018356643356643356
14;12 Cyanide Radical;0.018356643356643356
15;13 Hydroxyl;0.018356643356643356
16;14 Nitric oxide;0.018356643356643356
17;15 Cyclopropenylidene;0.018356643356643356
18;17 Hydrogen Cyanide;0.018356643356643356
19;18 Carbon Monosulfide;0.018356643356643356
20;19 Hydrogen sulfide;0.018356643356643356
21;20 Molecular oxygen;0.018356643356643356
22;21 Hydrogen Isocyanide;0.018356643356643356
23;22 Formylium;0.018356643356643356
24;23 Sulfoniumylidene;0.018356643356643356
