1;11 Methyliumylidene;0.5283203125
2;0 Methylidyne;0.0205078125
3;1 Butyronitrile;0.0205078125
4;2 Formaldehyde;0.0205078125
5;3 Sulfur dioxide;0.0205078125
6;4 Carbon Monoxide;0.0205078125
7;5 Water;0.0205078125
8;6 Chloronium;0.0205078125
9;7 Imidogen;0.0205078125
10;8 Thioformylium;0.0205078125
11;9 Mercapto radical;0.0205078125
12;10 Methyl formate vt01;0.0205078125
13;12 Cyanide Radical;0.0205078125
14;13 Hydroxyl;0.0205078125
15;14 Nitric oxide;0.0205078125
16;15 Cyclopropenylidene;0.0205078125
17;16 Silicon Monoxide;0.0205078125
18;17 Hydrogen Cyanide;0.0205078125
19;18 Carbon Monosulfide;0.0205078125
20;19 Hydrogen sulfide;0.0205078125
21;20 Molecular oxygen;0.0205078125
22;21 Hydrogen Isocyanide;0.0205078125
23;22 Formylium;0.0205078125
24;23 Sulfoniumylidene;0.0205078125
