1;11 Methyliumylidene;0.2255859375
2;22 Formylium;0.2255859375
3;8 Thioformylium;0.11816406249999999
4;0 Methylidyne;0.0205078125
5;1 Butyronitrile;0.0205078125
6;2 Formaldehyde;0.0205078125
7;3 Sulfur dioxide;0.0205078125
8;4 Carbon Monoxide;0.0205078125
9;5 Water;0.0205078125
10;6 Chloronium;0.0205078125
11;7 Imidogen;0.0205078125
12;9 Mercapto radical;0.0205078125
13;10 Methyl formate vt01;0.0205078125
14;12 Cyanide Radical;0.0205078125
15;13 Hydroxyl;0.0205078125
16;14 Nitric oxide;0.0205078125
17;15 Cyclopropenylidene;0.0205078125
18;16 Silicon Monoxide;0.0205078125
19;17 Hydrogen Cyanide;0.0205078125
20;18 Carbon Monosulfide;0.0205078125
21;19 Hydrogen sulfide;0.0205078125
22;20 Molecular oxygen;0.0205078125
23;21 Hydrogen Isocyanide;0.0205078125
24;23 Sulfoniumylidene;0.0205078125
