Orion.HNC.cbc.contsub.image;model_agb_ppn_pn_tr_500it;1;60 Hexatrienyl;0.7681965693092258
Orion.HNC.cbc.contsub.image;model_agb_ppn_pn_tr_500it;2;52 Thioxoethenylidene;0.007881316643486324
Orion.HNC.cbc.contsub.image;model_agb_ppn_pn_tr_500it;3;0 1,3,5-Hexatriynyl;0.003245248029670839
Orion.HNC.cbc.contsub.image;model_agb_ppn_pn_tr_500it;4;1 Silicon monosulfide;0.003245248029670839
Orion.HNC.cbc.contsub.image;model_agb_ppn_pn_tr_500it;5;2 Vinyl Cyanide;0.003245248029670839
Orion.HNC.cbc.contsub.image;model_agb_ppn_pn_2_500it;1;32 3-Oxo-1,2-Propadienylidene;0.7728326379230412
Orion.HNC.cbc.contsub.image;model_agb_ppn_pn_2_500it;2;0 1,3,5-Hexatriynyl;0.003245248029670839
Orion.HNC.cbc.contsub.image;model_agb_ppn_pn_2_500it;3;1 Silicon monosulfide;0.003245248029670839
Orion.HNC.cbc.contsub.image;model_agb_ppn_pn_2_500it;4;2 Vinyl Cyanide;0.003245248029670839
Orion.HNC.cbc.contsub.image;model_agb_ppn_pn_2_500it;5;3 Hydroxyl;0.003245248029670839
Orion.HNC.cbc.contsub.image;model_agb_ppn_pn_full_500it;1;17 Formylium;0.6801112656467315
Orion.HNC.cbc.contsub.image;model_agb_ppn_pn_full_500it;2;4 Methyliumylidene;0.09596662030598054
Orion.HNC.cbc.contsub.image;model_agb_ppn_pn_full_500it;3;0 1,3,5-Hexatriynyl;0.003245248029670839
Orion.HNC.cbc.contsub.image;model_agb_ppn_pn_full_500it;4;1 Silicon monosulfide;0.003245248029670839
Orion.HNC.cbc.contsub.image;model_agb_ppn_pn_full_500it;5;2 Vinyl Cyanide;0.003245248029670839
Orion.HNC.cbc.contsub.image;model_agb_ppn_pn_full_expanded_00002_500it;1;18 Trihydrogen ion;0.7681965693092258
Orion.HNC.cbc.contsub.image;model_agb_ppn_pn_full_expanded_00002_500it;2;48 Hydrogen Cyanide;0.007881316643486324
Orion.HNC.cbc.contsub.image;model_agb_ppn_pn_full_expanded_00002_500it;3;0 1,3,5-Hexatriynyl;0.003245248029670839
Orion.HNC.cbc.contsub.image;model_agb_ppn_pn_full_expanded_00002_500it;4;1 Silicon monosulfide;0.003245248029670839
Orion.HNC.cbc.contsub.image;model_agb_ppn_pn_full_expanded_00002_500it;5;2 Vinyl Cyanide;0.003245248029670839
Orion.HNC.cbc.contsub.image;model_agb_ppn_pn_full_expanded_00010_500it;1;55 Silicon Mononitride;0.7728326379230412
Orion.HNC.cbc.contsub.image;model_agb_ppn_pn_full_expanded_00010_500it;2;0 1,3,5-Hexatriynyl;0.003245248029670839
Orion.HNC.cbc.contsub.image;model_agb_ppn_pn_full_expanded_00010_500it;3;1 Silicon monosulfide;0.003245248029670839
Orion.HNC.cbc.contsub.image;model_agb_ppn_pn_full_expanded_00010_500it;4;2 Vinyl Cyanide;0.003245248029670839
Orion.HNC.cbc.contsub.image;model_agb_ppn_pn_full_expanded_00010_500it;5;3 Hydroxyl;0.003245248029670839
uid___A002_Xa916fc_X668__IRS43_HCO32.final.image.pbcor;model_agb_ppn_pn_tr_500it;1;4 Methyliumylidene;0.8162729658792651
uid___A002_Xa916fc_X668__IRS43_HCO32.final.image.pbcor;model_agb_ppn_pn_tr_500it;2;0 1,3,5-Hexatriynyl;0.0026246719160104987
uid___A002_Xa916fc_X668__IRS43_HCO32.final.image.pbcor;model_agb_ppn_pn_tr_500it;3;1 Silicon monosulfide;0.0026246719160104987
uid___A002_Xa916fc_X668__IRS43_HCO32.final.image.pbcor;model_agb_ppn_pn_tr_500it;4;2 Vinyl Cyanide;0.0026246719160104987
uid___A002_Xa916fc_X668__IRS43_HCO32.final.image.pbcor;model_agb_ppn_pn_tr_500it;5;3 Hydroxyl;0.0026246719160104987
uid___A002_Xa916fc_X668__IRS43_HCO32.final.image.pbcor;model_agb_ppn_pn_2_500it;1;4 Methyliumylidene;0.8162729658792651
uid___A002_Xa916fc_X668__IRS43_HCO32.final.image.pbcor;model_agb_ppn_pn_2_500it;2;0 1,3,5-Hexatriynyl;0.0026246719160104987
uid___A002_Xa916fc_X668__IRS43_HCO32.final.image.pbcor;model_agb_ppn_pn_2_500it;3;1 Silicon monosulfide;0.0026246719160104987
uid___A002_Xa916fc_X668__IRS43_HCO32.final.image.pbcor;model_agb_ppn_pn_2_500it;4;2 Vinyl Cyanide;0.0026246719160104987
uid___A002_Xa916fc_X668__IRS43_HCO32.final.image.pbcor;model_agb_ppn_pn_2_500it;5;3 Hydroxyl;0.0026246719160104987
uid___A002_Xa916fc_X668__IRS43_HCO32.final.image.pbcor;model_agb_ppn_pn_full_500it;1;5 Aluminum Isocyanitrile;0.8162729658792651
uid___A002_Xa916fc_X668__IRS43_HCO32.final.image.pbcor;model_agb_ppn_pn_full_500it;2;0 1,3,5-Hexatriynyl;0.0026246719160104987
uid___A002_Xa916fc_X668__IRS43_HCO32.final.image.pbcor;model_agb_ppn_pn_full_500it;3;1 Silicon monosulfide;0.0026246719160104987
uid___A002_Xa916fc_X668__IRS43_HCO32.final.image.pbcor;model_agb_ppn_pn_full_500it;4;2 Vinyl Cyanide;0.0026246719160104987
uid___A002_Xa916fc_X668__IRS43_HCO32.final.image.pbcor;model_agb_ppn_pn_full_500it;5;3 Hydroxyl;0.0026246719160104987
uid___A002_Xa916fc_X668__IRS43_HCO32.final.image.pbcor;model_agb_ppn_pn_full_expanded_00002_500it;1;17 Formylium;0.8162729658792651
uid___A002_Xa916fc_X668__IRS43_HCO32.final.image.pbcor;model_agb_ppn_pn_full_expanded_00002_500it;2;0 1,3,5-Hexatriynyl;0.0026246719160104987
uid___A002_Xa916fc_X668__IRS43_HCO32.final.image.pbcor;model_agb_ppn_pn_full_expanded_00002_500it;3;1 Silicon monosulfide;0.0026246719160104987
uid___A002_Xa916fc_X668__IRS43_HCO32.final.image.pbcor;model_agb_ppn_pn_full_expanded_00002_500it;4;2 Vinyl Cyanide;0.0026246719160104987
uid___A002_Xa916fc_X668__IRS43_HCO32.final.image.pbcor;model_agb_ppn_pn_full_expanded_00002_500it;5;3 Hydroxyl;0.0026246719160104987
uid___A002_Xa916fc_X668__IRS43_HCO32.final.image.pbcor;model_agb_ppn_pn_full_expanded_00010_500it;1;45 Silicon tetracarbide;0.8162729658792651
uid___A002_Xa916fc_X668__IRS43_HCO32.final.image.pbcor;model_agb_ppn_pn_full_expanded_00010_500it;2;0 1,3,5-Hexatriynyl;0.0026246719160104987
uid___A002_Xa916fc_X668__IRS43_HCO32.final.image.pbcor;model_agb_ppn_pn_full_expanded_00010_500it;3;1 Silicon monosulfide;0.0026246719160104987
uid___A002_Xa916fc_X668__IRS43_HCO32.final.image.pbcor;model_agb_ppn_pn_full_expanded_00010_500it;4;2 Vinyl Cyanide;0.0026246719160104987
uid___A002_Xa916fc_X668__IRS43_HCO32.final.image.pbcor;model_agb_ppn_pn_full_expanded_00010_500it;5;3 Hydroxyl;0.0026246719160104987
HD163296_CO_2_1.image;model_agb_ppn_pn_tr_500it;1;4 Methyliumylidene;0.46564885496183217
HD163296_CO_2_1.image;model_agb_ppn_pn_tr_500it;2;0 1,3,5-Hexatriynyl;0.0076335877862595426
HD163296_CO_2_1.image;model_agb_ppn_pn_tr_500it;3;1 Silicon monosulfide;0.0076335877862595426
HD163296_CO_2_1.image;model_agb_ppn_pn_tr_500it;4;2 Vinyl Cyanide;0.0076335877862595426
HD163296_CO_2_1.image;model_agb_ppn_pn_tr_500it;5;3 Hydroxyl;0.0076335877862595426
HD163296_CO_2_1.image;model_agb_ppn_pn_2_500it;1;17 Formylium;0.46564885496183217
HD163296_CO_2_1.image;model_agb_ppn_pn_2_500it;2;0 1,3,5-Hexatriynyl;0.0076335877862595426
HD163296_CO_2_1.image;model_agb_ppn_pn_2_500it;3;1 Silicon monosulfide;0.0076335877862595426
HD163296_CO_2_1.image;model_agb_ppn_pn_2_500it;4;2 Vinyl Cyanide;0.0076335877862595426
HD163296_CO_2_1.image;model_agb_ppn_pn_2_500it;5;3 Hydroxyl;0.0076335877862595426
HD163296_CO_2_1.image;model_agb_ppn_pn_full_500it;1;60 Hexatrienyl;0.46564885496183217
HD163296_CO_2_1.image;model_agb_ppn_pn_full_500it;2;0 1,3,5-Hexatriynyl;0.0076335877862595426
HD163296_CO_2_1.image;model_agb_ppn_pn_full_500it;3;1 Silicon monosulfide;0.0076335877862595426
HD163296_CO_2_1.image;model_agb_ppn_pn_full_500it;4;2 Vinyl Cyanide;0.0076335877862595426
HD163296_CO_2_1.image;model_agb_ppn_pn_full_500it;5;3 Hydroxyl;0.0076335877862595426
HD163296_CO_2_1.image;model_agb_ppn_pn_full_expanded_00002_500it;1;56 Carbon Monoxide;0.46564885496183217
HD163296_CO_2_1.image;model_agb_ppn_pn_full_expanded_00002_500it;2;0 1,3,5-Hexatriynyl;0.0076335877862595426
HD163296_CO_2_1.image;model_agb_ppn_pn_full_expanded_00002_500it;3;1 Silicon monosulfide;0.0076335877862595426
HD163296_CO_2_1.image;model_agb_ppn_pn_full_expanded_00002_500it;4;2 Vinyl Cyanide;0.0076335877862595426
HD163296_CO_2_1.image;model_agb_ppn_pn_full_expanded_00002_500it;5;3 Hydroxyl;0.0076335877862595426
HD163296_CO_2_1.image;model_agb_ppn_pn_full_expanded_00010_500it;1;4 Methyliumylidene;0.46564885496183217
HD163296_CO_2_1.image;model_agb_ppn_pn_full_expanded_00010_500it;2;0 1,3,5-Hexatriynyl;0.0076335877862595426
HD163296_CO_2_1.image;model_agb_ppn_pn_full_expanded_00010_500it;3;1 Silicon monosulfide;0.0076335877862595426
HD163296_CO_2_1.image;model_agb_ppn_pn_full_expanded_00010_500it;4;2 Vinyl Cyanide;0.0076335877862595426
HD163296_CO_2_1.image;model_agb_ppn_pn_full_expanded_00010_500it;5;3 Hydroxyl;0.0076335877862595426
DMTau.CS_5-4.image;model_agb_ppn_pn_tr_500it;1;40 Carbon Monoxide Ion;0.8709507505925731
DMTau.CS_5-4.image;model_agb_ppn_pn_tr_500it;2;0 1,3,5-Hexatriynyl;0.0018435607058203845
DMTau.CS_5-4.image;model_agb_ppn_pn_tr_500it;3;1 Silicon monosulfide;0.0018435607058203845
DMTau.CS_5-4.image;model_agb_ppn_pn_tr_500it;4;2 Vinyl Cyanide;0.0018435607058203845
DMTau.CS_5-4.image;model_agb_ppn_pn_tr_500it;5;3 Hydroxyl;0.0018435607058203845
DMTau.CS_5-4.image;model_agb_ppn_pn_2_500it;1;17 Formylium;0.8709507505925731
DMTau.CS_5-4.image;model_agb_ppn_pn_2_500it;2;0 1,3,5-Hexatriynyl;0.0018435607058203845
DMTau.CS_5-4.image;model_agb_ppn_pn_2_500it;3;1 Silicon monosulfide;0.0018435607058203845
DMTau.CS_5-4.image;model_agb_ppn_pn_2_500it;4;2 Vinyl Cyanide;0.0018435607058203845
DMTau.CS_5-4.image;model_agb_ppn_pn_2_500it;5;3 Hydroxyl;0.0018435607058203845
DMTau.CS_5-4.image;model_agb_ppn_pn_full_500it;1;24 Phosphaethyne;0.8709507505925731
DMTau.CS_5-4.image;model_agb_ppn_pn_full_500it;2;0 1,3,5-Hexatriynyl;0.0018435607058203845
DMTau.CS_5-4.image;model_agb_ppn_pn_full_500it;3;1 Silicon monosulfide;0.0018435607058203845
DMTau.CS_5-4.image;model_agb_ppn_pn_full_500it;4;2 Vinyl Cyanide;0.0018435607058203845
DMTau.CS_5-4.image;model_agb_ppn_pn_full_500it;5;3 Hydroxyl;0.0018435607058203845
DMTau.CS_5-4.image;model_agb_ppn_pn_full_expanded_00002_500it;1;26 Silicon Monocarbide;0.8709507505925731
DMTau.CS_5-4.image;model_agb_ppn_pn_full_expanded_00002_500it;2;0 1,3,5-Hexatriynyl;0.0018435607058203845
DMTau.CS_5-4.image;model_agb_ppn_pn_full_expanded_00002_500it;3;1 Silicon monosulfide;0.0018435607058203845
DMTau.CS_5-4.image;model_agb_ppn_pn_full_expanded_00002_500it;4;2 Vinyl Cyanide;0.0018435607058203845
DMTau.CS_5-4.image;model_agb_ppn_pn_full_expanded_00002_500it;5;3 Hydroxyl;0.0018435607058203845
DMTau.CS_5-4.image;model_agb_ppn_pn_full_expanded_00010_500it;1;22 Magnesium Isocyanide;0.8709507505925731
DMTau.CS_5-4.image;model_agb_ppn_pn_full_expanded_00010_500it;2;0 1,3,5-Hexatriynyl;0.0018435607058203845
DMTau.CS_5-4.image;model_agb_ppn_pn_full_expanded_00010_500it;3;1 Silicon monosulfide;0.0018435607058203845
DMTau.CS_5-4.image;model_agb_ppn_pn_full_expanded_00010_500it;4;2 Vinyl Cyanide;0.0018435607058203845
DMTau.CS_5-4.image;model_agb_ppn_pn_full_expanded_00010_500it;5;3 Hydroxyl;0.0018435607058203845
TWHydra_CO3_2line.image;model_agb_ppn_pn_tr_500it;1;34 3-Cyano-1,2-propadienylidene;0.250334672021419
TWHydra_CO3_2line.image;model_agb_ppn_pn_tr_500it;2;22 Magnesium Isocyanide;0.0495314591700134
TWHydra_CO3_2line.image;model_agb_ppn_pn_tr_500it;3;62 Carbon Monosulfide;0.03614457831325302
TWHydra_CO3_2line.image;model_agb_ppn_pn_tr_500it;4;50 3-Imino-1,2 Propadienylidene;0.02275769745649264
TWHydra_CO3_2line.image;model_agb_ppn_pn_tr_500it;5;55 Silicon Mononitride;0.02275769745649264
TWHydra_CO3_2line.image;model_agb_ppn_pn_2_500it;1;4 Methyliumylidene;0.3440428380187417
TWHydra_CO3_2line.image;model_agb_ppn_pn_2_500it;2;0 1,3,5-Hexatriynyl;0.009370816599732263
TWHydra_CO3_2line.image;model_agb_ppn_pn_2_500it;3;1 Silicon monosulfide;0.009370816599732263
TWHydra_CO3_2line.image;model_agb_ppn_pn_2_500it;4;2 Vinyl Cyanide;0.009370816599732263
TWHydra_CO3_2line.image;model_agb_ppn_pn_2_500it;5;3 Hydroxyl;0.009370816599732263
TWHydra_CO3_2line.image;model_agb_ppn_pn_full_500it;1;4 Methyliumylidene;0.3440428380187417
TWHydra_CO3_2line.image;model_agb_ppn_pn_full_500it;2;0 1,3,5-Hexatriynyl;0.009370816599732263
TWHydra_CO3_2line.image;model_agb_ppn_pn_full_500it;3;1 Silicon monosulfide;0.009370816599732263
TWHydra_CO3_2line.image;model_agb_ppn_pn_full_500it;4;2 Vinyl Cyanide;0.009370816599732263
TWHydra_CO3_2line.image;model_agb_ppn_pn_full_500it;5;3 Hydroxyl;0.009370816599732263
TWHydra_CO3_2line.image;model_agb_ppn_pn_full_expanded_00002_500it;1;56 Carbon Monoxide;0.3440428380187417
TWHydra_CO3_2line.image;model_agb_ppn_pn_full_expanded_00002_500it;2;0 1,3,5-Hexatriynyl;0.009370816599732263
TWHydra_CO3_2line.image;model_agb_ppn_pn_full_expanded_00002_500it;3;1 Silicon monosulfide;0.009370816599732263
TWHydra_CO3_2line.image;model_agb_ppn_pn_full_expanded_00002_500it;4;2 Vinyl Cyanide;0.009370816599732263
TWHydra_CO3_2line.image;model_agb_ppn_pn_full_expanded_00002_500it;5;3 Hydroxyl;0.009370816599732263
TWHydra_CO3_2line.image;model_agb_ppn_pn_full_expanded_00010_500it;1;56 Carbon Monoxide;0.3440428380187417
TWHydra_CO3_2line.image;model_agb_ppn_pn_full_expanded_00010_500it;2;0 1,3,5-Hexatriynyl;0.009370816599732263
TWHydra_CO3_2line.image;model_agb_ppn_pn_full_expanded_00010_500it;3;1 Silicon monosulfide;0.009370816599732263
TWHydra_CO3_2line.image;model_agb_ppn_pn_full_expanded_00010_500it;4;2 Vinyl Cyanide;0.009370816599732263
TWHydra_CO3_2line.image;model_agb_ppn_pn_full_expanded_00010_500it;5;3 Hydroxyl;0.009370816599732263
TWHydra_HCOplusline.image;model_agb_ppn_pn_tr_500it;1;17 Formylium;0.3259972489683632
TWHydra_HCOplusline.image;model_agb_ppn_pn_tr_500it;2;0 1,3,5-Hexatriynyl;0.009628610729023384
TWHydra_HCOplusline.image;model_agb_ppn_pn_tr_500it;3;1 Silicon monosulfide;0.009628610729023384
TWHydra_HCOplusline.image;model_agb_ppn_pn_tr_500it;4;2 Vinyl Cyanide;0.009628610729023384
TWHydra_HCOplusline.image;model_agb_ppn_pn_tr_500it;5;3 Hydroxyl;0.009628610729023384
TWHydra_HCOplusline.image;model_agb_ppn_pn_2_500it;1;17 Formylium;0.3259972489683632
TWHydra_HCOplusline.image;model_agb_ppn_pn_2_500it;2;0 1,3,5-Hexatriynyl;0.009628610729023384
TWHydra_HCOplusline.image;model_agb_ppn_pn_2_500it;3;1 Silicon monosulfide;0.009628610729023384
TWHydra_HCOplusline.image;model_agb_ppn_pn_2_500it;4;2 Vinyl Cyanide;0.009628610729023384
TWHydra_HCOplusline.image;model_agb_ppn_pn_2_500it;5;3 Hydroxyl;0.009628610729023384
TWHydra_HCOplusline.image;model_agb_ppn_pn_full_500it;1;17 Formylium;0.3259972489683632
TWHydra_HCOplusline.image;model_agb_ppn_pn_full_500it;2;0 1,3,5-Hexatriynyl;0.009628610729023384
TWHydra_HCOplusline.image;model_agb_ppn_pn_full_500it;3;1 Silicon monosulfide;0.009628610729023384
TWHydra_HCOplusline.image;model_agb_ppn_pn_full_500it;4;2 Vinyl Cyanide;0.009628610729023384
TWHydra_HCOplusline.image;model_agb_ppn_pn_full_500it;5;3 Hydroxyl;0.009628610729023384
TWHydra_HCOplusline.image;model_agb_ppn_pn_full_expanded_00002_500it;1;17 Formylium;0.3259972489683632
TWHydra_HCOplusline.image;model_agb_ppn_pn_full_expanded_00002_500it;2;0 1,3,5-Hexatriynyl;0.009628610729023384
TWHydra_HCOplusline.image;model_agb_ppn_pn_full_expanded_00002_500it;3;1 Silicon monosulfide;0.009628610729023384
TWHydra_HCOplusline.image;model_agb_ppn_pn_full_expanded_00002_500it;4;2 Vinyl Cyanide;0.009628610729023384
TWHydra_HCOplusline.image;model_agb_ppn_pn_full_expanded_00002_500it;5;3 Hydroxyl;0.009628610729023384
TWHydra_HCOplusline.image;model_agb_ppn_pn_full_expanded_00010_500it;1;17 Formylium;0.3259972489683632
TWHydra_HCOplusline.image;model_agb_ppn_pn_full_expanded_00010_500it;2;0 1,3,5-Hexatriynyl;0.009628610729023384
TWHydra_HCOplusline.image;model_agb_ppn_pn_full_expanded_00010_500it;3;1 Silicon monosulfide;0.009628610729023384
TWHydra_HCOplusline.image;model_agb_ppn_pn_full_expanded_00010_500it;4;2 Vinyl Cyanide;0.009628610729023384
TWHydra_HCOplusline.image;model_agb_ppn_pn_full_expanded_00010_500it;5;3 Hydroxyl;0.009628610729023384
