1;45 Cyanobutadiyne;0.21320754716981133
2;8 Methyliumylidene;0.1849056603773585
3;25 Fulminic acid;0.13773584905660377
4;0 Isocyanic Acid;0.005660377358490566
5;1 Propenal;0.005660377358490566
6;2 Ketene;0.005660377358490566
7;3 Oxonium hydride;0.005660377358490566
8;4 Thioformylium;0.005660377358490566
9;5 Vinyl Cyanide;0.005660377358490566
10;6 Methyl Formate;0.005660377358490566
11;7 Hydroxyl;0.005660377358490566
12;9 Iminomethylium;0.005660377358490566
13;10 Hydroxymethylium ion;0.005660377358490566
14;11 2-Propynal;0.005660377358490566
15;12 Carbon Monosulfide;0.005660377358490566
16;13 Cyanomethyl;0.005660377358490566
17;14 Methyl Acetylene;0.005660377358490566
18;15 2-Butynenitrile;0.005660377358490566
19;16 Methyl formate vt01;0.005660377358490566
20;17 Ethyl Cyanide;0.005660377358490566
21;18 gauche-Ethanol;0.005660377358490566
22;19 Glycolaldehyde;0.005660377358490566
23;20 Water;0.005660377358490566
24;21 Hydrogen sulfide;0.005660377358490566
25;22 Sulfur Monoxide ion;0.005660377358490566
26;23 1,3-Butadiynyl radical;0.005660377358490566
27;24 Formylium;0.005660377358490566
28;26 Trihydrogen ion;0.005660377358490566
29;27 Methanimine;0.005660377358490566
30;28 Nitrous Oxide;0.005660377358490566
31;29 Propadienylidene;0.005660377358490566
32;30 Ethylene Oxide;0.005660377358490566
33;31 Ketenimine;0.005660377358490566
34;32 2,4,6-Heptatriynenitrile;0.005660377358490566
35;33 Aminoacetonitrile;0.005660377358490566
36;34 Methanol;0.005660377358490566
37;35 Ammonia;0.005660377358490566
38;36 Formyl Radical;0.005660377358490566
39;37 Methyl Cyanide;0.005660377358490566
40;38 Molecular oxygen;0.005660377358490566
41;39 Cyclopropenone;0.005660377358490566
42;40 Carbonyl Sulfide;0.005660377358490566
43;41 Acetaldehyde;0.005660377358490566
44;42 Cyanomethylene;0.005660377358490566
45;43 3-Thioxo-1,2-Propadieylidene;0.005660377358490566
46;44 Formamide;0.005660377358490566
47;46 Sulfur Dioxide;0.005660377358490566
48;47 Methyl isocyanide;0.005660377358490566
49;48 Nitric sulfide;0.005660377358490566
50;49 Methylene;0.005660377358490566
51;50 Hydrochloric acid;0.005660377358490566
52;51 Ethyne Isocyanide;0.005660377358490566
53;52 Cyanide Radical;0.005660377358490566
54;53 Nitric oxide;0.005660377358490566
55;54 Cyanic acid;0.005660377358490566
56;55 Formaldehyde;0.005660377358490566
57;56 Sulfur Monoxide;0.005660377358490566
58;57 Protonate 2-proynenitrile;0.005660377358490566
59;58 Ethynyl;0.005660377358490566
60;59 Ethylene Glycol;0.005660377358490566
61;60 Hydrogen Cyanide;0.005660377358490566
62;61 Fluoromethyliumylidene;0.005660377358490566
63;62 Methylidyne;0.005660377358490566
64;63 Thioxoethenylidene;0.005660377358490566
65;64 Cyanomethanimine;0.005660377358490566
66;65 Silicon Monoxide;0.005660377358490566
67;66 Dimethyl ether;0.005660377358490566
68;67 Acetone;0.005660377358490566
69;68 Carbon Monoxide;0.005660377358490566
70;69 Phosphorous nitride;0.005660377358490566
71;70 Thioformaldehyde;0.005660377358490566
72;71 Diazenylium;0.005660377358490566
73;72 Cyanoformaldehyde;0.005660377358490566
74;73 Isothiocyanic acid;0.005660377358490566
75;74 Vinyl Alcohol;0.005660377358490566
76;75 Hydrogen Isocyanide;0.005660377358490566
77;76 Carbon Monosulfide;0.005660377358490566
78;77 Methylamine;0.005660377358490566
79;78 Protonated Carbon Dioxide;0.005660377358490566
80;79 Formic Acid;0.005660377358490566
81;80 Cyclopropenylidene;0.005660377358490566
82;81 Cyanoacetylene;0.005660377358490566
83;82 para-Oxidaniumyl;0.005660377358490566
84;83 ortho-Oxidaniumyl;0.005660377358490566
85;84 Nitrosyl hydride;0.005660377358490566
