1;24 Formylium;0.6619354838709677
2;29 Propadienylidene;0.01032258064516129
3;61 Fluoromethyliumylidene;0.01032258064516129
4;0 Isocyanic Acid;0.003870967741935484
5;1 Propenal;0.003870967741935484
6;2 Ketene;0.003870967741935484
7;3 Oxonium hydride;0.003870967741935484
8;4 Thioformylium;0.003870967741935484
9;5 Vinyl Cyanide;0.003870967741935484
10;6 Methyl Formate;0.003870967741935484
11;7 Hydroxyl;0.003870967741935484
12;8 Methyliumylidene;0.003870967741935484
13;9 Iminomethylium;0.003870967741935484
14;10 Hydroxymethylium ion;0.003870967741935484
15;11 2-Propynal;0.003870967741935484
16;12 Carbon Monosulfide;0.003870967741935484
17;13 Cyanomethyl;0.003870967741935484
18;14 Methyl Acetylene;0.003870967741935484
19;15 2-Butynenitrile;0.003870967741935484
20;16 Methyl formate vt01;0.003870967741935484
21;17 Ethyl Cyanide;0.003870967741935484
22;18 gauche-Ethanol;0.003870967741935484
23;19 Glycolaldehyde;0.003870967741935484
24;20 Water;0.003870967741935484
25;21 Hydrogen sulfide;0.003870967741935484
26;22 Sulfur Monoxide ion;0.003870967741935484
27;23 1,3-Butadiynyl radical;0.003870967741935484
28;25 Fulminic acid;0.003870967741935484
29;26 Trihydrogen ion;0.003870967741935484
30;27 Methanimine;0.003870967741935484
31;28 Nitrous Oxide;0.003870967741935484
32;30 Ethylene Oxide;0.003870967741935484
33;31 Ketenimine;0.003870967741935484
34;32 2,4,6-Heptatriynenitrile;0.003870967741935484
35;33 Aminoacetonitrile;0.003870967741935484
36;34 Methanol;0.003870967741935484
37;35 Ammonia;0.003870967741935484
38;36 Formyl Radical;0.003870967741935484
39;37 Methyl Cyanide;0.003870967741935484
40;38 Molecular oxygen;0.003870967741935484
41;39 Cyclopropenone;0.003870967741935484
42;40 Carbonyl Sulfide;0.003870967741935484
43;41 Acetaldehyde;0.003870967741935484
44;42 Cyanomethylene;0.003870967741935484
45;43 3-Thioxo-1,2-Propadieylidene;0.003870967741935484
46;44 Formamide;0.003870967741935484
47;45 Cyanobutadiyne;0.003870967741935484
48;46 Sulfur Dioxide;0.003870967741935484
49;47 Methyl isocyanide;0.003870967741935484
50;48 Nitric sulfide;0.003870967741935484
51;49 Methylene;0.003870967741935484
52;50 Hydrochloric acid;0.003870967741935484
53;51 Ethyne Isocyanide;0.003870967741935484
54;52 Cyanide Radical;0.003870967741935484
55;53 Nitric oxide;0.003870967741935484
56;54 Cyanic acid;0.003870967741935484
57;55 Formaldehyde;0.003870967741935484
58;56 Sulfur Monoxide;0.003870967741935484
59;57 Protonate 2-proynenitrile;0.003870967741935484
60;58 Ethynyl;0.003870967741935484
61;59 Ethylene Glycol;0.003870967741935484
62;60 Hydrogen Cyanide;0.003870967741935484
63;62 Methylidyne;0.003870967741935484
64;63 Thioxoethenylidene;0.003870967741935484
65;64 Cyanomethanimine;0.003870967741935484
66;65 Silicon Monoxide;0.003870967741935484
67;66 Dimethyl ether;0.003870967741935484
68;67 Acetone;0.003870967741935484
69;68 Carbon Monoxide;0.003870967741935484
70;69 Phosphorous nitride;0.003870967741935484
71;70 Thioformaldehyde;0.003870967741935484
72;71 Diazenylium;0.003870967741935484
73;72 Cyanoformaldehyde;0.003870967741935484
74;73 Isothiocyanic acid;0.003870967741935484
75;74 Vinyl Alcohol;0.003870967741935484
76;75 Hydrogen Isocyanide;0.003870967741935484
77;76 Carbon Monosulfide;0.003870967741935484
78;77 Methylamine;0.003870967741935484
79;78 Protonated Carbon Dioxide;0.003870967741935484
80;79 Formic Acid;0.003870967741935484
81;80 Cyclopropenylidene;0.003870967741935484
82;81 Cyanoacetylene;0.003870967741935484
83;82 para-Oxidaniumyl;0.003870967741935484
84;83 ortho-Oxidaniumyl;0.003870967741935484
85;84 Nitrosyl hydride;0.003870967741935484
