1;54 Cyanic acid;0.826936026936027
2;48 Nitric sulfide;0.0053872053872053875
3;0 Isocyanic Acid;0.00202020202020202
4;1 Propenal;0.00202020202020202
5;2 Ketene;0.00202020202020202
6;3 Oxonium hydride;0.00202020202020202
7;4 Thioformylium;0.00202020202020202
8;5 Vinyl Cyanide;0.00202020202020202
9;6 Methyl Formate;0.00202020202020202
10;7 Hydroxyl;0.00202020202020202
11;8 Methyliumylidene;0.00202020202020202
12;9 Iminomethylium;0.00202020202020202
13;10 Hydroxymethylium ion;0.00202020202020202
14;11 2-Propynal;0.00202020202020202
15;12 Carbon Monosulfide;0.00202020202020202
16;13 Cyanomethyl;0.00202020202020202
17;14 Methyl Acetylene;0.00202020202020202
18;15 2-Butynenitrile;0.00202020202020202
19;16 Methyl formate vt01;0.00202020202020202
20;17 Ethyl Cyanide;0.00202020202020202
21;18 gauche-Ethanol;0.00202020202020202
22;19 Glycolaldehyde;0.00202020202020202
23;20 Water;0.00202020202020202
24;21 Hydrogen sulfide;0.00202020202020202
25;22 Sulfur Monoxide ion;0.00202020202020202
26;23 1,3-Butadiynyl radical;0.00202020202020202
27;24 Formylium;0.00202020202020202
28;25 Fulminic acid;0.00202020202020202
29;26 Trihydrogen ion;0.00202020202020202
30;27 Methanimine;0.00202020202020202
31;28 Nitrous Oxide;0.00202020202020202
32;29 Propadienylidene;0.00202020202020202
33;30 Ethylene Oxide;0.00202020202020202
34;31 Ketenimine;0.00202020202020202
35;32 2,4,6-Heptatriynenitrile;0.00202020202020202
36;33 Aminoacetonitrile;0.00202020202020202
37;34 Methanol;0.00202020202020202
38;35 Ammonia;0.00202020202020202
39;36 Formyl Radical;0.00202020202020202
40;37 Methyl Cyanide;0.00202020202020202
41;38 Molecular oxygen;0.00202020202020202
42;39 Cyclopropenone;0.00202020202020202
43;40 Carbonyl Sulfide;0.00202020202020202
44;41 Acetaldehyde;0.00202020202020202
45;42 Cyanomethylene;0.00202020202020202
46;43 3-Thioxo-1,2-Propadieylidene;0.00202020202020202
47;44 Formamide;0.00202020202020202
48;45 Cyanobutadiyne;0.00202020202020202
49;46 Sulfur Dioxide;0.00202020202020202
50;47 Methyl isocyanide;0.00202020202020202
51;49 Methylene;0.00202020202020202
52;50 Hydrochloric acid;0.00202020202020202
53;51 Ethyne Isocyanide;0.00202020202020202
54;52 Cyanide Radical;0.00202020202020202
55;53 Nitric oxide;0.00202020202020202
56;55 Formaldehyde;0.00202020202020202
57;56 Sulfur Monoxide;0.00202020202020202
58;57 Protonate 2-proynenitrile;0.00202020202020202
59;58 Ethynyl;0.00202020202020202
60;59 Ethylene Glycol;0.00202020202020202
61;60 Hydrogen Cyanide;0.00202020202020202
62;61 Fluoromethyliumylidene;0.00202020202020202
63;62 Methylidyne;0.00202020202020202
64;63 Thioxoethenylidene;0.00202020202020202
65;64 Cyanomethanimine;0.00202020202020202
66;65 Silicon Monoxide;0.00202020202020202
67;66 Dimethyl ether;0.00202020202020202
68;67 Acetone;0.00202020202020202
69;68 Carbon Monoxide;0.00202020202020202
70;69 Phosphorous nitride;0.00202020202020202
71;70 Thioformaldehyde;0.00202020202020202
72;71 Diazenylium;0.00202020202020202
73;72 Cyanoformaldehyde;0.00202020202020202
74;73 Isothiocyanic acid;0.00202020202020202
75;74 Vinyl Alcohol;0.00202020202020202
76;75 Hydrogen Isocyanide;0.00202020202020202
77;76 Carbon Monosulfide;0.00202020202020202
78;77 Methylamine;0.00202020202020202
79;78 Protonated Carbon Dioxide;0.00202020202020202
80;79 Formic Acid;0.00202020202020202
81;80 Cyclopropenylidene;0.00202020202020202
82;81 Cyanoacetylene;0.00202020202020202
83;82 para-Oxidaniumyl;0.00202020202020202
84;83 ortho-Oxidaniumyl;0.00202020202020202
85;84 Nitrosyl hydride;0.00202020202020202
