Orion.methanol.cbc.contsub.image;model_hot_cores_tr_500it;1;8 Methyliumylidene;0.6748387096774193
Orion.methanol.cbc.contsub.image;model_hot_cores_tr_500it;2;0 Isocyanic Acid;0.003870967741935484
Orion.methanol.cbc.contsub.image;model_hot_cores_tr_500it;3;1 Propenal;0.003870967741935484
Orion.methanol.cbc.contsub.image;model_hot_cores_tr_500it;4;2 Ketene;0.003870967741935484
Orion.methanol.cbc.contsub.image;model_hot_cores_tr_500it;5;3 Oxonium hydride;0.003870967741935484
Orion.methanol.cbc.contsub.image;model_hot_cores_2_500it;1;61 Fluoromethyliumylidene;0.6748387096774193
Orion.methanol.cbc.contsub.image;model_hot_cores_2_500it;2;0 Isocyanic Acid;0.003870967741935484
Orion.methanol.cbc.contsub.image;model_hot_cores_2_500it;3;1 Propenal;0.003870967741935484
Orion.methanol.cbc.contsub.image;model_hot_cores_2_500it;4;2 Ketene;0.003870967741935484
Orion.methanol.cbc.contsub.image;model_hot_cores_2_500it;5;3 Oxonium hydride;0.003870967741935484
Orion.methanol.cbc.contsub.image;model_hot_cores_full_500it;1;8 Methyliumylidene;0.5070967741935484
Orion.methanol.cbc.contsub.image;model_hot_cores_full_500it;2;28 Nitrous Oxide;0.08129032258064516
Orion.methanol.cbc.contsub.image;model_hot_cores_full_500it;3;75 Hydrogen Isocyanide;0.05548387096774193
Orion.methanol.cbc.contsub.image;model_hot_cores_full_500it;4;50 Hydrochloric acid;0.04258064516129032
Orion.methanol.cbc.contsub.image;model_hot_cores_full_500it;5;0 Isocyanic Acid;0.003870967741935484
Orion.methanol.cbc.contsub.image;model_hot_cores_full_expanded_00002_500it;1;24 Formylium;0.6619354838709677
Orion.methanol.cbc.contsub.image;model_hot_cores_full_expanded_00002_500it;2;29 Propadienylidene;0.01032258064516129
Orion.methanol.cbc.contsub.image;model_hot_cores_full_expanded_00002_500it;3;61 Fluoromethyliumylidene;0.01032258064516129
Orion.methanol.cbc.contsub.image;model_hot_cores_full_expanded_00002_500it;4;0 Isocyanic Acid;0.003870967741935484
Orion.methanol.cbc.contsub.image;model_hot_cores_full_expanded_00002_500it;5;1 Propenal;0.003870967741935484
Orion.methanol.cbc.contsub.image;model_hot_cores_full_expanded_00010_500it;1;28 Nitrous Oxide;0.6683870967741935
Orion.methanol.cbc.contsub.image;model_hot_cores_full_expanded_00010_500it;2;40 Carbonyl Sulfide;0.01032258064516129
Orion.methanol.cbc.contsub.image;model_hot_cores_full_expanded_00010_500it;3;0 Isocyanic Acid;0.003870967741935484
Orion.methanol.cbc.contsub.image;model_hot_cores_full_expanded_00010_500it;4;1 Propenal;0.003870967741935484
Orion.methanol.cbc.contsub.image;model_hot_cores_full_expanded_00010_500it;5;2 Ketene;0.003870967741935484
HD163296_CO_2_1.image;model_hot_cores_tr_500it;1;61 Fluoromethyliumylidene;0.5245283018867924
HD163296_CO_2_1.image;model_hot_cores_tr_500it;2;0 Isocyanic Acid;0.005660377358490566
HD163296_CO_2_1.image;model_hot_cores_tr_500it;3;1 Propenal;0.005660377358490566
HD163296_CO_2_1.image;model_hot_cores_tr_500it;4;2 Ketene;0.005660377358490566
HD163296_CO_2_1.image;model_hot_cores_tr_500it;5;3 Oxonium hydride;0.005660377358490566
HD163296_CO_2_1.image;model_hot_cores_2_500it;1;4 Thioformylium;0.5245283018867924
HD163296_CO_2_1.image;model_hot_cores_2_500it;2;0 Isocyanic Acid;0.005660377358490566
HD163296_CO_2_1.image;model_hot_cores_2_500it;3;1 Propenal;0.005660377358490566
HD163296_CO_2_1.image;model_hot_cores_2_500it;4;2 Ketene;0.005660377358490566
HD163296_CO_2_1.image;model_hot_cores_2_500it;5;3 Oxonium hydride;0.005660377358490566
HD163296_CO_2_1.image;model_hot_cores_full_500it;1;45 Cyanobutadiyne;0.21320754716981133
HD163296_CO_2_1.image;model_hot_cores_full_500it;2;8 Methyliumylidene;0.1849056603773585
HD163296_CO_2_1.image;model_hot_cores_full_500it;3;25 Fulminic acid;0.13773584905660377
HD163296_CO_2_1.image;model_hot_cores_full_500it;4;0 Isocyanic Acid;0.005660377358490566
HD163296_CO_2_1.image;model_hot_cores_full_500it;5;1 Propenal;0.005660377358490566
HD163296_CO_2_1.image;model_hot_cores_full_expanded_00002_500it;1;3 Oxonium hydride;0.5150943396226415
HD163296_CO_2_1.image;model_hot_cores_full_expanded_00002_500it;2;76 Carbon Monosulfide;0.01509433962264151
HD163296_CO_2_1.image;model_hot_cores_full_expanded_00002_500it;3;0 Isocyanic Acid;0.005660377358490566
HD163296_CO_2_1.image;model_hot_cores_full_expanded_00002_500it;4;1 Propenal;0.005660377358490566
HD163296_CO_2_1.image;model_hot_cores_full_expanded_00002_500it;5;2 Ketene;0.005660377358490566
HD163296_CO_2_1.image;model_hot_cores_full_expanded_00010_500it;1;76 Carbon Monosulfide;0.4867924528301887
HD163296_CO_2_1.image;model_hot_cores_full_expanded_00010_500it;2;28 Nitrous Oxide;0.01509433962264151
HD163296_CO_2_1.image;model_hot_cores_full_expanded_00010_500it;3;43 3-Thioxo-1,2-Propadieylidene;0.01509433962264151
HD163296_CO_2_1.image;model_hot_cores_full_expanded_00010_500it;4;56 Sulfur Monoxide;0.01509433962264151
HD163296_CO_2_1.image;model_hot_cores_full_expanded_00010_500it;5;57 Protonate 2-proynenitrile;0.01509433962264151
uid___A002_Xa916fc_X668__IRS43_HCO32.final.image.pbcor;model_hot_cores_tr_500it;1;8 Methyliumylidene;0.8899563318777293
uid___A002_Xa916fc_X668__IRS43_HCO32.final.image.pbcor;model_hot_cores_tr_500it;2;0 Isocyanic Acid;0.0013100436681222707
uid___A002_Xa916fc_X668__IRS43_HCO32.final.image.pbcor;model_hot_cores_tr_500it;3;1 Propenal;0.0013100436681222707
uid___A002_Xa916fc_X668__IRS43_HCO32.final.image.pbcor;model_hot_cores_tr_500it;4;2 Ketene;0.0013100436681222707
uid___A002_Xa916fc_X668__IRS43_HCO32.final.image.pbcor;model_hot_cores_tr_500it;5;3 Oxonium hydride;0.0013100436681222707
uid___A002_Xa916fc_X668__IRS43_HCO32.final.image.pbcor;model_hot_cores_2_500it;1;4 Thioformylium;0.8899563318777293
uid___A002_Xa916fc_X668__IRS43_HCO32.final.image.pbcor;model_hot_cores_2_500it;2;0 Isocyanic Acid;0.0013100436681222707
uid___A002_Xa916fc_X668__IRS43_HCO32.final.image.pbcor;model_hot_cores_2_500it;3;1 Propenal;0.0013100436681222707
uid___A002_Xa916fc_X668__IRS43_HCO32.final.image.pbcor;model_hot_cores_2_500it;4;2 Ketene;0.0013100436681222707
uid___A002_Xa916fc_X668__IRS43_HCO32.final.image.pbcor;model_hot_cores_2_500it;5;3 Oxonium hydride;0.0013100436681222707
uid___A002_Xa916fc_X668__IRS43_HCO32.final.image.pbcor;model_hot_cores_full_500it;1;61 Fluoromethyliumylidene;0.32227074235807857
uid___A002_Xa916fc_X668__IRS43_HCO32.final.image.pbcor;model_hot_cores_full_500it;2;25 Fulminic acid;0.2851528384279476
uid___A002_Xa916fc_X668__IRS43_HCO32.final.image.pbcor;model_hot_cores_full_500it;3;32 2,4,6-Heptatriynenitrile;0.14978165938864627
uid___A002_Xa916fc_X668__IRS43_HCO32.final.image.pbcor;model_hot_cores_full_500it;4;69 Phosphorous nitride;0.06899563318777292
uid___A002_Xa916fc_X668__IRS43_HCO32.final.image.pbcor;model_hot_cores_full_500it;5;8 Methyliumylidene;0.04061135371179039
uid___A002_Xa916fc_X668__IRS43_HCO32.final.image.pbcor;model_hot_cores_full_expanded_00002_500it;1;65 Silicon Monoxide;0.885589519650655
uid___A002_Xa916fc_X668__IRS43_HCO32.final.image.pbcor;model_hot_cores_full_expanded_00002_500it;2;71 Diazenylium;0.0034934497816593887
uid___A002_Xa916fc_X668__IRS43_HCO32.final.image.pbcor;model_hot_cores_full_expanded_00002_500it;3;80 Cyclopropenylidene;0.0034934497816593887
uid___A002_Xa916fc_X668__IRS43_HCO32.final.image.pbcor;model_hot_cores_full_expanded_00002_500it;4;0 Isocyanic Acid;0.0013100436681222707
uid___A002_Xa916fc_X668__IRS43_HCO32.final.image.pbcor;model_hot_cores_full_expanded_00002_500it;5;1 Propenal;0.0013100436681222707
uid___A002_Xa916fc_X668__IRS43_HCO32.final.image.pbcor;model_hot_cores_full_expanded_00010_500it;1;12 Carbon Monosulfide;0.8790393013100437
uid___A002_Xa916fc_X668__IRS43_HCO32.final.image.pbcor;model_hot_cores_full_expanded_00010_500it;2;15 2-Butynenitrile;0.0034934497816593887
uid___A002_Xa916fc_X668__IRS43_HCO32.final.image.pbcor;model_hot_cores_full_expanded_00010_500it;3;16 Methyl formate vt01;0.0034934497816593887
uid___A002_Xa916fc_X668__IRS43_HCO32.final.image.pbcor;model_hot_cores_full_expanded_00010_500it;4;59 Ethylene Glycol;0.0034934497816593887
uid___A002_Xa916fc_X668__IRS43_HCO32.final.image.pbcor;model_hot_cores_full_expanded_00010_500it;5;60 Hydrogen Cyanide;0.0034934497816593887
TWHydra_CO3_2line.image;model_hot_cores_tr_500it;1;60 Hydrogen Cyanide;0.3654320987654321
TWHydra_CO3_2line.image;model_hot_cores_tr_500it;2;6 Methyl Formate;0.019753086419753086
TWHydra_CO3_2line.image;model_hot_cores_tr_500it;3;0 Isocyanic Acid;0.007407407407407407
TWHydra_CO3_2line.image;model_hot_cores_tr_500it;4;1 Propenal;0.007407407407407407
TWHydra_CO3_2line.image;model_hot_cores_tr_500it;5;2 Ketene;0.007407407407407407
TWHydra_CO3_2line.image;model_hot_cores_2_500it;1;28 Nitrous Oxide;0.37777777777777777
TWHydra_CO3_2line.image;model_hot_cores_2_500it;2;0 Isocyanic Acid;0.007407407407407407
TWHydra_CO3_2line.image;model_hot_cores_2_500it;3;1 Propenal;0.007407407407407407
TWHydra_CO3_2line.image;model_hot_cores_2_500it;4;2 Ketene;0.007407407407407407
TWHydra_CO3_2line.image;model_hot_cores_2_500it;5;3 Oxonium hydride;0.007407407407407407
TWHydra_CO3_2line.image;model_hot_cores_full_500it;1;9 Iminomethylium;0.37777777777777777
TWHydra_CO3_2line.image;model_hot_cores_full_500it;2;0 Isocyanic Acid;0.007407407407407407
TWHydra_CO3_2line.image;model_hot_cores_full_500it;3;1 Propenal;0.007407407407407407
TWHydra_CO3_2line.image;model_hot_cores_full_500it;4;2 Ketene;0.007407407407407407
TWHydra_CO3_2line.image;model_hot_cores_full_500it;5;3 Oxonium hydride;0.007407407407407407
TWHydra_CO3_2line.image;model_hot_cores_full_expanded_00002_500it;1;68 Carbon Monoxide;0.37777777777777777
TWHydra_CO3_2line.image;model_hot_cores_full_expanded_00002_500it;2;0 Isocyanic Acid;0.007407407407407407
TWHydra_CO3_2line.image;model_hot_cores_full_expanded_00002_500it;3;1 Propenal;0.007407407407407407
TWHydra_CO3_2line.image;model_hot_cores_full_expanded_00002_500it;4;2 Ketene;0.007407407407407407
TWHydra_CO3_2line.image;model_hot_cores_full_expanded_00002_500it;5;3 Oxonium hydride;0.007407407407407407
TWHydra_CO3_2line.image;model_hot_cores_full_expanded_00010_500it;1;68 Carbon Monoxide;0.3530864197530864
TWHydra_CO3_2line.image;model_hot_cores_full_expanded_00010_500it;2;36 Formyl Radical;0.019753086419753086
TWHydra_CO3_2line.image;model_hot_cores_full_expanded_00010_500it;3;66 Dimethyl ether;0.019753086419753086
TWHydra_CO3_2line.image;model_hot_cores_full_expanded_00010_500it;4;0 Isocyanic Acid;0.007407407407407407
TWHydra_CO3_2line.image;model_hot_cores_full_expanded_00010_500it;5;1 Propenal;0.007407407407407407
Orion.HNC.cbc.contsub.image;model_hot_cores_tr_500it;1;9 Iminomethylium;0.8303030303030303
Orion.HNC.cbc.contsub.image;model_hot_cores_tr_500it;2;0 Isocyanic Acid;0.00202020202020202
Orion.HNC.cbc.contsub.image;model_hot_cores_tr_500it;3;1 Propenal;0.00202020202020202
Orion.HNC.cbc.contsub.image;model_hot_cores_tr_500it;4;2 Ketene;0.00202020202020202
Orion.HNC.cbc.contsub.image;model_hot_cores_tr_500it;5;3 Oxonium hydride;0.00202020202020202
Orion.HNC.cbc.contsub.image;model_hot_cores_2_500it;1;8 Methyliumylidene;0.8303030303030303
Orion.HNC.cbc.contsub.image;model_hot_cores_2_500it;2;0 Isocyanic Acid;0.00202020202020202
Orion.HNC.cbc.contsub.image;model_hot_cores_2_500it;3;1 Propenal;0.00202020202020202
Orion.HNC.cbc.contsub.image;model_hot_cores_2_500it;4;2 Ketene;0.00202020202020202
Orion.HNC.cbc.contsub.image;model_hot_cores_2_500it;5;3 Oxonium hydride;0.00202020202020202
Orion.HNC.cbc.contsub.image;model_hot_cores_full_500it;1;9 Iminomethylium;0.2612794612794613
Orion.HNC.cbc.contsub.image;model_hot_cores_full_500it;2;75 Hydrogen Isocyanide;0.17373737373737375
Orion.HNC.cbc.contsub.image;model_hot_cores_full_500it;3;8 Methyliumylidene;0.16363636363636364
Orion.HNC.cbc.contsub.image;model_hot_cores_full_500it;4;61 Fluoromethyliumylidene;0.07946127946127947
Orion.HNC.cbc.contsub.image;model_hot_cores_full_500it;5;76 Carbon Monosulfide;0.04579124579124579
Orion.HNC.cbc.contsub.image;model_hot_cores_full_expanded_00002_500it;1;54 Cyanic acid;0.826936026936027
Orion.HNC.cbc.contsub.image;model_hot_cores_full_expanded_00002_500it;2;48 Nitric sulfide;0.0053872053872053875
Orion.HNC.cbc.contsub.image;model_hot_cores_full_expanded_00002_500it;3;0 Isocyanic Acid;0.00202020202020202
Orion.HNC.cbc.contsub.image;model_hot_cores_full_expanded_00002_500it;4;1 Propenal;0.00202020202020202
Orion.HNC.cbc.contsub.image;model_hot_cores_full_expanded_00002_500it;5;2 Ketene;0.00202020202020202
Orion.HNC.cbc.contsub.image;model_hot_cores_full_expanded_00010_500it;1;8 Methyliumylidene;0.8235690235690235
Orion.HNC.cbc.contsub.image;model_hot_cores_full_expanded_00010_500it;2;38 Molecular oxygen;0.0053872053872053875
Orion.HNC.cbc.contsub.image;model_hot_cores_full_expanded_00010_500it;3;70 Thioformaldehyde;0.0053872053872053875
Orion.HNC.cbc.contsub.image;model_hot_cores_full_expanded_00010_500it;4;0 Isocyanic Acid;0.00202020202020202
Orion.HNC.cbc.contsub.image;model_hot_cores_full_expanded_00010_500it;5;1 Propenal;0.00202020202020202
TWHydra_HCOplusline.image;model_hot_cores_tr_500it;1;54 Cyanic acid;0.3146666666666667
TWHydra_HCOplusline.image;model_hot_cores_tr_500it;2;37 Methyl Cyanide;0.021333333333333336
TWHydra_HCOplusline.image;model_hot_cores_tr_500it;3;0 Isocyanic Acid;0.008
TWHydra_HCOplusline.image;model_hot_cores_tr_500it;4;1 Propenal;0.008
TWHydra_HCOplusline.image;model_hot_cores_tr_500it;5;2 Ketene;0.008
TWHydra_HCOplusline.image;model_hot_cores_2_500it;1;75 Hydrogen Isocyanide;0.328
TWHydra_HCOplusline.image;model_hot_cores_2_500it;2;0 Isocyanic Acid;0.008
TWHydra_HCOplusline.image;model_hot_cores_2_500it;3;1 Propenal;0.008
TWHydra_HCOplusline.image;model_hot_cores_2_500it;4;2 Ketene;0.008
TWHydra_HCOplusline.image;model_hot_cores_2_500it;5;3 Oxonium hydride;0.008
TWHydra_HCOplusline.image;model_hot_cores_full_500it;1;28 Nitrous Oxide;0.208
TWHydra_HCOplusline.image;model_hot_cores_full_500it;2;8 Methyliumylidene;0.06133333333333333
TWHydra_HCOplusline.image;model_hot_cores_full_500it;3;26 Trihydrogen ion;0.06133333333333333
TWHydra_HCOplusline.image;model_hot_cores_full_500it;4;68 Carbon Monoxide;0.021333333333333336
TWHydra_HCOplusline.image;model_hot_cores_full_500it;5;0 Isocyanic Acid;0.008
TWHydra_HCOplusline.image;model_hot_cores_full_expanded_00002_500it;1;24 Formylium;0.30133333333333334
TWHydra_HCOplusline.image;model_hot_cores_full_expanded_00002_500it;2;2 Ketene;0.021333333333333336
TWHydra_HCOplusline.image;model_hot_cores_full_expanded_00002_500it;3;12 Carbon Monosulfide;0.021333333333333336
TWHydra_HCOplusline.image;model_hot_cores_full_expanded_00002_500it;4;0 Isocyanic Acid;0.008
TWHydra_HCOplusline.image;model_hot_cores_full_expanded_00002_500it;5;1 Propenal;0.008
TWHydra_HCOplusline.image;model_hot_cores_full_expanded_00010_500it;1;24 Formylium;0.24800000000000003
TWHydra_HCOplusline.image;model_hot_cores_full_expanded_00010_500it;2;1 Propenal;0.021333333333333336
TWHydra_HCOplusline.image;model_hot_cores_full_expanded_00010_500it;3;39 Cyclopropenone;0.021333333333333336
TWHydra_HCOplusline.image;model_hot_cores_full_expanded_00010_500it;4;49 Methylene;0.021333333333333336
TWHydra_HCOplusline.image;model_hot_cores_full_expanded_00010_500it;5;54 Cyanic acid;0.021333333333333336
DMTau.CS_5-4.image;model_hot_cores_tr_500it;1;45 Cyanobutadiyne;0.3095890410958904
DMTau.CS_5-4.image;model_hot_cores_tr_500it;2;0 Isocyanic Acid;0.00821917808219178
DMTau.CS_5-4.image;model_hot_cores_tr_500it;3;1 Propenal;0.00821917808219178
DMTau.CS_5-4.image;model_hot_cores_tr_500it;4;2 Ketene;0.00821917808219178
DMTau.CS_5-4.image;model_hot_cores_tr_500it;5;3 Oxonium hydride;0.00821917808219178
DMTau.CS_5-4.image;model_hot_cores_2_500it;1;4 Thioformylium;0.3095890410958904
DMTau.CS_5-4.image;model_hot_cores_2_500it;2;0 Isocyanic Acid;0.00821917808219178
DMTau.CS_5-4.image;model_hot_cores_2_500it;3;1 Propenal;0.00821917808219178
DMTau.CS_5-4.image;model_hot_cores_2_500it;4;2 Ketene;0.00821917808219178
DMTau.CS_5-4.image;model_hot_cores_2_500it;5;3 Oxonium hydride;0.00821917808219178
DMTau.CS_5-4.image;model_hot_cores_full_500it;1;12 Carbon Monosulfide;0.17260273972602738
DMTau.CS_5-4.image;model_hot_cores_full_500it;2;57 Protonate 2-proynenitrile;0.1178082191780822
DMTau.CS_5-4.image;model_hot_cores_full_500it;3;39 Cyclopropenone;0.03561643835616438
DMTau.CS_5-4.image;model_hot_cores_full_500it;4;0 Isocyanic Acid;0.00821917808219178
DMTau.CS_5-4.image;model_hot_cores_full_500it;5;1 Propenal;0.00821917808219178
DMTau.CS_5-4.image;model_hot_cores_full_expanded_00002_500it;1;12 Carbon Monosulfide;0.2821917808219178
DMTau.CS_5-4.image;model_hot_cores_full_expanded_00002_500it;2;6 Methyl Formate;0.021917808219178082
DMTau.CS_5-4.image;model_hot_cores_full_expanded_00002_500it;3;42 Cyanomethylene;0.021917808219178082
DMTau.CS_5-4.image;model_hot_cores_full_expanded_00002_500it;4;0 Isocyanic Acid;0.00821917808219178
DMTau.CS_5-4.image;model_hot_cores_full_expanded_00002_500it;5;1 Propenal;0.00821917808219178
DMTau.CS_5-4.image;model_hot_cores_full_expanded_00010_500it;1;12 Carbon Monosulfide;0.3095890410958904
DMTau.CS_5-4.image;model_hot_cores_full_expanded_00010_500it;2;0 Isocyanic Acid;0.00821917808219178
DMTau.CS_5-4.image;model_hot_cores_full_expanded_00010_500it;3;1 Propenal;0.00821917808219178
DMTau.CS_5-4.image;model_hot_cores_full_expanded_00010_500it;4;2 Ketene;0.00821917808219178
DMTau.CS_5-4.image;model_hot_cores_full_expanded_00010_500it;5;3 Oxonium hydride;0.00821917808219178
