1;4 Thioformylium;0.8899563318777293
2;0 Isocyanic Acid;0.0013100436681222707
3;1 Propenal;0.0013100436681222707
4;2 Ketene;0.0013100436681222707
5;3 Oxonium hydride;0.0013100436681222707
6;5 Vinyl Cyanide;0.0013100436681222707
7;6 Methyl Formate;0.0013100436681222707
8;7 Hydroxyl;0.0013100436681222707
9;8 Methyliumylidene;0.0013100436681222707
10;9 Iminomethylium;0.0013100436681222707
11;10 Hydroxymethylium ion;0.0013100436681222707
12;11 2-Propynal;0.0013100436681222707
13;12 Carbon Monosulfide;0.0013100436681222707
14;13 Cyanomethyl;0.0013100436681222707
15;14 Methyl Acetylene;0.0013100436681222707
16;15 2-Butynenitrile;0.0013100436681222707
17;16 Methyl formate vt01;0.0013100436681222707
18;17 Ethyl Cyanide;0.0013100436681222707
19;18 gauche-Ethanol;0.0013100436681222707
20;19 Glycolaldehyde;0.0013100436681222707
21;20 Water;0.0013100436681222707
22;21 Hydrogen sulfide;0.0013100436681222707
23;22 Sulfur Monoxide ion;0.0013100436681222707
24;23 1,3-Butadiynyl radical;0.0013100436681222707
25;24 Formylium;0.0013100436681222707
26;25 Fulminic acid;0.0013100436681222707
27;26 Trihydrogen ion;0.0013100436681222707
28;27 Methanimine;0.0013100436681222707
29;28 Nitrous Oxide;0.0013100436681222707
30;29 Propadienylidene;0.0013100436681222707
31;30 Ethylene Oxide;0.0013100436681222707
32;31 Ketenimine;0.0013100436681222707
33;32 2,4,6-Heptatriynenitrile;0.0013100436681222707
34;33 Aminoacetonitrile;0.0013100436681222707
35;34 Methanol;0.0013100436681222707
36;35 Ammonia;0.0013100436681222707
37;36 Formyl Radical;0.0013100436681222707
38;37 Methyl Cyanide;0.0013100436681222707
39;38 Molecular oxygen;0.0013100436681222707
40;39 Cyclopropenone;0.0013100436681222707
41;40 Carbonyl Sulfide;0.0013100436681222707
42;41 Acetaldehyde;0.0013100436681222707
43;42 Cyanomethylene;0.0013100436681222707
44;43 3-Thioxo-1,2-Propadieylidene;0.0013100436681222707
45;44 Formamide;0.0013100436681222707
46;45 Cyanobutadiyne;0.0013100436681222707
47;46 Sulfur Dioxide;0.0013100436681222707
48;47 Methyl isocyanide;0.0013100436681222707
49;48 Nitric sulfide;0.0013100436681222707
50;49 Methylene;0.0013100436681222707
51;50 Hydrochloric acid;0.0013100436681222707
52;51 Ethyne Isocyanide;0.0013100436681222707
53;52 Cyanide Radical;0.0013100436681222707
54;53 Nitric oxide;0.0013100436681222707
55;54 Cyanic acid;0.0013100436681222707
56;55 Formaldehyde;0.0013100436681222707
57;56 Sulfur Monoxide;0.0013100436681222707
58;57 Protonate 2-proynenitrile;0.0013100436681222707
59;58 Ethynyl;0.0013100436681222707
60;59 Ethylene Glycol;0.0013100436681222707
61;60 Hydrogen Cyanide;0.0013100436681222707
62;61 Fluoromethyliumylidene;0.0013100436681222707
63;62 Methylidyne;0.0013100436681222707
64;63 Thioxoethenylidene;0.0013100436681222707
65;64 Cyanomethanimine;0.0013100436681222707
66;65 Silicon Monoxide;0.0013100436681222707
67;66 Dimethyl ether;0.0013100436681222707
68;67 Acetone;0.0013100436681222707
69;68 Carbon Monoxide;0.0013100436681222707
70;69 Phosphorous nitride;0.0013100436681222707
71;70 Thioformaldehyde;0.0013100436681222707
72;71 Diazenylium;0.0013100436681222707
73;72 Cyanoformaldehyde;0.0013100436681222707
74;73 Isothiocyanic acid;0.0013100436681222707
75;74 Vinyl Alcohol;0.0013100436681222707
76;75 Hydrogen Isocyanide;0.0013100436681222707
77;76 Carbon Monosulfide;0.0013100436681222707
78;77 Methylamine;0.0013100436681222707
79;78 Protonated Carbon Dioxide;0.0013100436681222707
80;79 Formic Acid;0.0013100436681222707
81;80 Cyclopropenylidene;0.0013100436681222707
82;81 Cyanoacetylene;0.0013100436681222707
83;82 para-Oxidaniumyl;0.0013100436681222707
84;83 ortho-Oxidaniumyl;0.0013100436681222707
85;84 Nitrosyl hydride;0.0013100436681222707
