1;65 Silicon Monoxide;0.885589519650655
2;71 Diazenylium;0.0034934497816593887
3;80 Cyclopropenylidene;0.0034934497816593887
4;0 Isocyanic Acid;0.0013100436681222707
5;1 Propenal;0.0013100436681222707
6;2 Ketene;0.0013100436681222707
7;3 Oxonium hydride;0.0013100436681222707
8;4 Thioformylium;0.0013100436681222707
9;5 Vinyl Cyanide;0.0013100436681222707
10;6 Methyl Formate;0.0013100436681222707
11;7 Hydroxyl;0.0013100436681222707
12;8 Methyliumylidene;0.0013100436681222707
13;9 Iminomethylium;0.0013100436681222707
14;10 Hydroxymethylium ion;0.0013100436681222707
15;11 2-Propynal;0.0013100436681222707
16;12 Carbon Monosulfide;0.0013100436681222707
17;13 Cyanomethyl;0.0013100436681222707
18;14 Methyl Acetylene;0.0013100436681222707
19;15 2-Butynenitrile;0.0013100436681222707
20;16 Methyl formate vt01;0.0013100436681222707
21;17 Ethyl Cyanide;0.0013100436681222707
22;18 gauche-Ethanol;0.0013100436681222707
23;19 Glycolaldehyde;0.0013100436681222707
24;20 Water;0.0013100436681222707
25;21 Hydrogen sulfide;0.0013100436681222707
26;22 Sulfur Monoxide ion;0.0013100436681222707
27;23 1,3-Butadiynyl radical;0.0013100436681222707
28;24 Formylium;0.0013100436681222707
29;25 Fulminic acid;0.0013100436681222707
30;26 Trihydrogen ion;0.0013100436681222707
31;27 Methanimine;0.0013100436681222707
32;28 Nitrous Oxide;0.0013100436681222707
33;29 Propadienylidene;0.0013100436681222707
34;30 Ethylene Oxide;0.0013100436681222707
35;31 Ketenimine;0.0013100436681222707
36;32 2,4,6-Heptatriynenitrile;0.0013100436681222707
37;33 Aminoacetonitrile;0.0013100436681222707
38;34 Methanol;0.0013100436681222707
39;35 Ammonia;0.0013100436681222707
40;36 Formyl Radical;0.0013100436681222707
41;37 Methyl Cyanide;0.0013100436681222707
42;38 Molecular oxygen;0.0013100436681222707
43;39 Cyclopropenone;0.0013100436681222707
44;40 Carbonyl Sulfide;0.0013100436681222707
45;41 Acetaldehyde;0.0013100436681222707
46;42 Cyanomethylene;0.0013100436681222707
47;43 3-Thioxo-1,2-Propadieylidene;0.0013100436681222707
48;44 Formamide;0.0013100436681222707
49;45 Cyanobutadiyne;0.0013100436681222707
50;46 Sulfur Dioxide;0.0013100436681222707
51;47 Methyl isocyanide;0.0013100436681222707
52;48 Nitric sulfide;0.0013100436681222707
53;49 Methylene;0.0013100436681222707
54;50 Hydrochloric acid;0.0013100436681222707
55;51 Ethyne Isocyanide;0.0013100436681222707
56;52 Cyanide Radical;0.0013100436681222707
57;53 Nitric oxide;0.0013100436681222707
58;54 Cyanic acid;0.0013100436681222707
59;55 Formaldehyde;0.0013100436681222707
60;56 Sulfur Monoxide;0.0013100436681222707
61;57 Protonate 2-proynenitrile;0.0013100436681222707
62;58 Ethynyl;0.0013100436681222707
63;59 Ethylene Glycol;0.0013100436681222707
64;60 Hydrogen Cyanide;0.0013100436681222707
65;61 Fluoromethyliumylidene;0.0013100436681222707
66;62 Methylidyne;0.0013100436681222707
67;63 Thioxoethenylidene;0.0013100436681222707
68;64 Cyanomethanimine;0.0013100436681222707
69;66 Dimethyl ether;0.0013100436681222707
70;67 Acetone;0.0013100436681222707
71;68 Carbon Monoxide;0.0013100436681222707
72;69 Phosphorous nitride;0.0013100436681222707
73;70 Thioformaldehyde;0.0013100436681222707
74;72 Cyanoformaldehyde;0.0013100436681222707
75;73 Isothiocyanic acid;0.0013100436681222707
76;74 Vinyl Alcohol;0.0013100436681222707
77;75 Hydrogen Isocyanide;0.0013100436681222707
78;76 Carbon Monosulfide;0.0013100436681222707
79;77 Methylamine;0.0013100436681222707
80;78 Protonated Carbon Dioxide;0.0013100436681222707
81;79 Formic Acid;0.0013100436681222707
82;81 Cyanoacetylene;0.0013100436681222707
83;82 para-Oxidaniumyl;0.0013100436681222707
84;83 ortho-Oxidaniumyl;0.0013100436681222707
85;84 Nitrosyl hydride;0.0013100436681222707
