1;61 Fluoromethyliumylidene;0.32227074235807857
2;25 Fulminic acid;0.2851528384279476
3;32 2,4,6-Heptatriynenitrile;0.14978165938864627
4;69 Phosphorous nitride;0.06899563318777292
5;8 Methyliumylidene;0.04061135371179039
6;57 Protonate 2-proynenitrile;0.027510917030567683
7;37 Methyl Cyanide;0.0034934497816593887
8;0 Isocyanic Acid;0.0013100436681222707
9;1 Propenal;0.0013100436681222707
10;2 Ketene;0.0013100436681222707
11;3 Oxonium hydride;0.0013100436681222707
12;4 Thioformylium;0.0013100436681222707
13;5 Vinyl Cyanide;0.0013100436681222707
14;6 Methyl Formate;0.0013100436681222707
15;7 Hydroxyl;0.0013100436681222707
16;9 Iminomethylium;0.0013100436681222707
17;10 Hydroxymethylium ion;0.0013100436681222707
18;11 2-Propynal;0.0013100436681222707
19;12 Carbon Monosulfide;0.0013100436681222707
20;13 Cyanomethyl;0.0013100436681222707
21;14 Methyl Acetylene;0.0013100436681222707
22;15 2-Butynenitrile;0.0013100436681222707
23;16 Methyl formate vt01;0.0013100436681222707
24;17 Ethyl Cyanide;0.0013100436681222707
25;18 gauche-Ethanol;0.0013100436681222707
26;19 Glycolaldehyde;0.0013100436681222707
27;20 Water;0.0013100436681222707
28;21 Hydrogen sulfide;0.0013100436681222707
29;22 Sulfur Monoxide ion;0.0013100436681222707
30;23 1,3-Butadiynyl radical;0.0013100436681222707
31;24 Formylium;0.0013100436681222707
32;26 Trihydrogen ion;0.0013100436681222707
33;27 Methanimine;0.0013100436681222707
34;28 Nitrous Oxide;0.0013100436681222707
35;29 Propadienylidene;0.0013100436681222707
36;30 Ethylene Oxide;0.0013100436681222707
37;31 Ketenimine;0.0013100436681222707
38;33 Aminoacetonitrile;0.0013100436681222707
39;34 Methanol;0.0013100436681222707
40;35 Ammonia;0.0013100436681222707
41;36 Formyl Radical;0.0013100436681222707
42;38 Molecular oxygen;0.0013100436681222707
43;39 Cyclopropenone;0.0013100436681222707
44;40 Carbonyl Sulfide;0.0013100436681222707
45;41 Acetaldehyde;0.0013100436681222707
46;42 Cyanomethylene;0.0013100436681222707
47;43 3-Thioxo-1,2-Propadieylidene;0.0013100436681222707
48;44 Formamide;0.0013100436681222707
49;45 Cyanobutadiyne;0.0013100436681222707
50;46 Sulfur Dioxide;0.0013100436681222707
51;47 Methyl isocyanide;0.0013100436681222707
52;48 Nitric sulfide;0.0013100436681222707
53;49 Methylene;0.0013100436681222707
54;50 Hydrochloric acid;0.0013100436681222707
55;51 Ethyne Isocyanide;0.0013100436681222707
56;52 Cyanide Radical;0.0013100436681222707
57;53 Nitric oxide;0.0013100436681222707
58;54 Cyanic acid;0.0013100436681222707
59;55 Formaldehyde;0.0013100436681222707
60;56 Sulfur Monoxide;0.0013100436681222707
61;58 Ethynyl;0.0013100436681222707
62;59 Ethylene Glycol;0.0013100436681222707
63;60 Hydrogen Cyanide;0.0013100436681222707
64;62 Methylidyne;0.0013100436681222707
65;63 Thioxoethenylidene;0.0013100436681222707
66;64 Cyanomethanimine;0.0013100436681222707
67;65 Silicon Monoxide;0.0013100436681222707
68;66 Dimethyl ether;0.0013100436681222707
69;67 Acetone;0.0013100436681222707
70;68 Carbon Monoxide;0.0013100436681222707
71;70 Thioformaldehyde;0.0013100436681222707
72;71 Diazenylium;0.0013100436681222707
73;72 Cyanoformaldehyde;0.0013100436681222707
74;73 Isothiocyanic acid;0.0013100436681222707
75;74 Vinyl Alcohol;0.0013100436681222707
76;75 Hydrogen Isocyanide;0.0013100436681222707
77;76 Carbon Monosulfide;0.0013100436681222707
78;77 Methylamine;0.0013100436681222707
79;78 Protonated Carbon Dioxide;0.0013100436681222707
80;79 Formic Acid;0.0013100436681222707
81;80 Cyclopropenylidene;0.0013100436681222707
82;81 Cyanoacetylene;0.0013100436681222707
83;82 para-Oxidaniumyl;0.0013100436681222707
84;83 ortho-Oxidaniumyl;0.0013100436681222707
85;84 Nitrosyl hydride;0.0013100436681222707
