1;9 Carbon Monoxide;0.1440677966101695
2;16 Iminomethylium;0.07627118644067797
3;11 Cyanoacetylene;0.059322033898305086
4;0 Methanol;0.0423728813559322
5;1 Hydrogen fluoride;0.0423728813559322
6;2 Nitric oxide;0.0423728813559322
7;3 Formylium;0.0423728813559322
8;4 Sodium Chloride;0.0423728813559322
9;5 Sulfur dioxide;0.0423728813559322
10;6 para-Oxidaniumyl;0.0423728813559322
11;7 Sulfur Monoxide;0.0423728813559322
12;8 Butatrienylidene;0.0423728813559322
13;10 Nitrous Oxide;0.0423728813559322
14;12 Carbonyl Sulfide;0.0423728813559322
15;13 Molecular oxygen;0.0423728813559322
16;14 ortho-Oxidaniumyl;0.0423728813559322
17;15 Water;0.0423728813559322
18;17 Hydrochloric acid;0.0423728813559322
19;18 Acetylene;0.0423728813559322
20;19 Hydrogen Cyanide;0.0423728813559322
