1;3 Formylium;0.2248062015503876
2;0 Methanol;0.03875968992248062
3;1 Hydrogen fluoride;0.03875968992248062
4;2 Nitric oxide;0.03875968992248062
5;4 Sodium Chloride;0.03875968992248062
6;5 Sulfur dioxide;0.03875968992248062
7;6 para-Oxidaniumyl;0.03875968992248062
8;7 Sulfur Monoxide;0.03875968992248062
9;8 Butatrienylidene;0.03875968992248062
10;9 Carbon Monoxide;0.03875968992248062
11;10 Nitrous Oxide;0.03875968992248062
12;11 Cyanoacetylene;0.03875968992248062
13;12 Carbonyl Sulfide;0.03875968992248062
14;13 Molecular oxygen;0.03875968992248062
15;14 ortho-Oxidaniumyl;0.03875968992248062
16;15 Water;0.03875968992248062
17;16 Iminomethylium;0.03875968992248062
18;17 Hydrochloric acid;0.03875968992248062
19;18 Acetylene;0.03875968992248062
20;19 Hydrogen Cyanide;0.03875968992248062
