1;28 Hydrogen Isocyanide;0.6107142857142858
2;29 Formylium;0.14642857142857144
3;0 Methylidyne;0.008673469387755102
4;1 Formaldehyde;0.008673469387755102
5;2 Sulfur dioxide;0.008673469387755102
6;3 Carbon Monoxide;0.008673469387755102
7;4 Acetaldehyde;0.008673469387755102
8;5 Water;0.008673469387755102
9;6 Imidogen;0.008673469387755102
10;7 Carbon Monoxide Ion;0.008673469387755102
11;8 Nitric sulfide;0.008673469387755102
12;9 Isocyanic Acid;0.008673469387755102
13;10 Formic Acid;0.008673469387755102
14;11 Amidogen;0.008673469387755102
15;12 Ethylene Glycol;0.008673469387755102
16;13 Methyliumylidene;0.008673469387755102
17;14 Cyanide Radical;0.008673469387755102
18;15 Carbonyl Sulfide;0.008673469387755102
19;16 Hydroxyl;0.008673469387755102
20;17 Nitric oxide;0.008673469387755102
21;18 Methyl Cyanide;0.008673469387755102
22;19 Cyclopropenylidene;0.008673469387755102
23;20 Sulfur Monoxide ion;0.008673469387755102
24;21 Methanol;0.008673469387755102
25;22 Thioformaldehyde;0.008673469387755102
26;23 Ammonia;0.008673469387755102
27;24 Cyanoacetylene;0.008673469387755102
28;25 Hydrogen Cyanide;0.008673469387755102
29;26 Hydrogen sulfide;0.008673469387755102
30;27 Molecular oxygen;0.008673469387755102
