1;16 Silicon Monoxide;0.17294520547945202
2;0 Methylidyne;0.03595890410958904
3;1 Butyronitrile;0.03595890410958904
4;2 Formaldehyde;0.03595890410958904
5;3 Sulfur dioxide;0.03595890410958904
6;4 Carbon Monoxide;0.03595890410958904
7;5 Water;0.03595890410958904
8;6 Chloronium;0.03595890410958904
9;7 Imidogen;0.03595890410958904
10;8 Thioformylium;0.03595890410958904
11;9 Mercapto radical;0.03595890410958904
12;10 Methyl formate vt01;0.03595890410958904
13;11 Methyliumylidene;0.03595890410958904
14;12 Cyanide Radical;0.03595890410958904
15;13 Hydroxyl;0.03595890410958904
16;14 Nitric oxide;0.03595890410958904
17;15 Cyclopropenylidene;0.03595890410958904
18;17 Hydrogen Cyanide;0.03595890410958904
19;18 Carbon Monosulfide;0.03595890410958904
20;19 Hydrogen sulfide;0.03595890410958904
21;20 Molecular oxygen;0.03595890410958904
22;21 Hydrogen Isocyanide;0.03595890410958904
23;22 Formylium;0.03595890410958904
24;23 Sulfoniumylidene;0.03595890410958904
