1;16 Silicon Monoxide;0.5625
2;0 Methylidyne;0.019021739130434784
3;1 Butyronitrile;0.019021739130434784
4;2 Formaldehyde;0.019021739130434784
5;3 Sulfur dioxide;0.019021739130434784
6;4 Carbon Monoxide;0.019021739130434784
7;5 Water;0.019021739130434784
8;6 Chloronium;0.019021739130434784
9;7 Imidogen;0.019021739130434784
10;8 Thioformylium;0.019021739130434784
11;9 Mercapto radical;0.019021739130434784
12;10 Methyl formate vt01;0.019021739130434784
13;11 Methyliumylidene;0.019021739130434784
14;12 Cyanide Radical;0.019021739130434784
15;13 Hydroxyl;0.019021739130434784
16;14 Nitric oxide;0.019021739130434784
17;15 Cyclopropenylidene;0.019021739130434784
18;17 Hydrogen Cyanide;0.019021739130434784
19;18 Carbon Monosulfide;0.019021739130434784
20;19 Hydrogen sulfide;0.019021739130434784
21;20 Molecular oxygen;0.019021739130434784
22;21 Hydrogen Isocyanide;0.019021739130434784
23;22 Formylium;0.019021739130434784
24;23 Sulfoniumylidene;0.019021739130434784
