1;102 Phosphorous nitride;0.22641509433962265
2;0 Dimethyl ether;0.006289308176100629
3;1 Butatrienylidene;0.006289308176100629
4;2 Nitrous Oxide;0.006289308176100629
5;3 Methyl Acetylene;0.006289308176100629
6;4 2,4,6-Heptatriynenitrile;0.006289308176100629
7;5 2,4-Pentadiynylidyne;0.006289308176100629
8;6 Ethylene Glycol;0.006289308176100629
9;7 Methyl Cyanide;0.006289308176100629
10;8 Thioformylium;0.006289308176100629
11;9 para-Oxidaniumyl;0.006289308176100629
12;10 Hydrogen Cyanide;0.006289308176100629
13;11 Cyanide Radical;0.006289308176100629
14;12 Formic Acid;0.006289308176100629
15;13 Nitric sulfide;0.006289308176100629
16;14 Iminomethylium;0.006289308176100629
17;15 Nitrosyl hydride;0.006289308176100629
18;16 Propynylidynium;0.006289308176100629
19;17 Magnesium Cyanide;0.006289308176100629
20;18 1,3-Butadiynyl anion;0.006289308176100629
21;19 Diazenylium;0.006289308176100629
22;20 Methylamine;0.006289308176100629
23;21 Chloronium;0.006289308176100629
24;22 Phosphorus Monoxide;0.006289308176100629
25;23 Silicon monosulfide;0.006289308176100629
26;24 Cyclopropenone;0.006289308176100629
27;25 Carbon Monoxide Ion;0.006289308176100629
28;26 Sodium Cyanide;0.006289308176100629
29;27 Nitric oxide;0.006289308176100629
30;28 3-Thioxo-1,2-Propadieylidene;0.006289308176100629
31;29 Silicon Cyanide;0.006289308176100629
32;30 Ethyne Isocyanide;0.006289308176100629
33;31 Sodium Chloride;0.006289308176100629
34;32 Cyanoacetylene;0.006289308176100629
35;33 Sulfur Monoxide;0.006289308176100629
36;34 Aluminum Isocyanitrile;0.006289308176100629
37;35 Cyanobutadiyne;0.006289308176100629
38;36 Carbon Monoxide;0.006289308176100629
39;37 Silicon Mononitride;0.006289308176100629
40;38 Propadienylidene;0.006289308176100629
41;39 Methanimine;0.006289308176100629
42;40 Aluminum Monofluoride;0.006289308176100629
43;41 Formamide;0.006289308176100629
44;42 1,3,5,7-Octatetraynyl anion;0.006289308176100629
45;43 Aminoacetonitrile;0.006289308176100629
46;44 Ammonia;0.006289308176100629
47;45 gauche-Ethanol;0.006289308176100629
48;46 Protonate 2-proynenitrile;0.006289308176100629
49;47 Carbonyl Sulfide;0.006289308176100629
50;48 Thioxoethenylidene;0.006289308176100629
51;49 Water;0.006289308176100629
52;50 Methyl Formate;0.006289308176100629
53;51 Acetaldehyde;0.006289308176100629
54;52 Ketenimine;0.006289308176100629
55;53 Propenal;0.006289308176100629
56;54 Methyl isocyanide;0.006289308176100629
57;55 Protonated Carbon Dioxide;0.006289308176100629
58;56 Methylidyne;0.006289308176100629
59;57 Ketene;0.006289308176100629
60;58 4-Cyano-1,3-Butadiynyl;0.006289308176100629
61;59 Silicon Monoxide;0.006289308176100629
62;60 Acetone;0.006289308176100629
63;61 3-Imino-1,2 Propadienylidene;0.006289308176100629
64;62 Vinyl Cyanide;0.006289308176100629
65;63 Cyclopropenylidene;0.006289308176100629
66;64 2,4,6-Heptatriynylidyne;0.006289308176100629
67;65 Magnesium Isocyanide;0.006289308176100629
68;66 Formaldehyde;0.006289308176100629
69;67 Cyanobutadiynylide anion;0.006289308176100629
70;68 Fulminic acid;0.006289308176100629
71;69 Carbon Monosulfide;0.006289308176100629
72;70 1,3,5-Hexatriynyl;0.006289308176100629
73;71 1,3-Butadiynyl radical;0.006289308176100629
74;72 1,3,5-Hexatriynyl anion;0.006289308176100629
75;73 Silicon monosulfide;0.006289308176100629
76;74 Silicon Carbide;0.006289308176100629
77;75 Formylium;0.006289308176100629
78;76 Ethylene Oxide;0.006289308176100629
79;77 Sulfur dioxide;0.006289308176100629
80;78 Carbon Monophosphide;0.006289308176100629
81;79 Sulfur Monoxide ion;0.006289308176100629
82;80 Methanol;0.006289308176100629
83;81 Sulfur Dioxide;0.006289308176100629
84;82 Cyanoformaldehyde;0.006289308176100629
85;83 Isocyanic Acid;0.006289308176100629
86;84 Silicon Isocyanide;0.006289308176100629
87;85 Silicon Monocarbide;0.006289308176100629
88;86 Phosphaethyne;0.006289308176100629
89;87 Carbon Monosulfide;0.006289308176100629
90;88 Methylene amidogen;0.006289308176100629
91;89 Aluminum Monochloride;0.006289308176100629
92;90 3-Oxo-1,2-Propadienylidene;0.006289308176100629
93;91 Cyanoallene;0.006289308176100629
94;92 Methyl diacetylene;0.006289308176100629
95;93 Cyanomethylene;0.006289308176100629
96;94 Cyanomethyl;0.006289308176100629
97;95 Phosphapropynylidyne;0.006289308176100629
98;96 Hydrogen Isocyanide;0.006289308176100629
99;97 Hydrogen sulfide;0.006289308176100629
100;98 Hydroxyl;0.006289308176100629
101;99 Glycolaldehyde;0.006289308176100629
102;100 2-Propynal;0.006289308176100629
103;101 Ethynyl;0.006289308176100629
104;103 Potassium chloride;0.006289308176100629
105;104 Silicon tetracarbide;0.006289308176100629
106;105 Ethyl Cyanide;0.006289308176100629
107;106 Cyanamide;0.006289308176100629
108;107 Amidogen;0.006289308176100629
109;108 Formyl Radical;0.006289308176100629
110;109 Vinyl Alcohol;0.006289308176100629
111;110 ortho-Oxidaniumyl;0.006289308176100629
112;111 Cyanoethynylide ion;0.006289308176100629
113;112 Oxoethenylidene;0.006289308176100629
114;113 2-Butynenitrile;0.006289308176100629
115;114 3-Silanetetrayl-1,2-Propadienyli;0.006289308176100629
116;115 Cyanoethynyl;0.006289308176100629
117;116 3-Cyano-1,2-propadienylidene;0.006289308176100629
118;117 Acetylene;0.006289308176100629
119;118 Hydroxymethylium ion;0.006289308176100629
120;119 Methyl formate vt01;0.006289308176100629
121;120 Thioformaldehyde;0.006289308176100629
122;121 Isothiocyanic acid;0.006289308176100629
123;122 Butyronitrile;0.006289308176100629
124;123 Cyanic acid;0.006289308176100629
