1;21 Chloronium;0.5802675585284282
2;29 Silicon Cyanide;0.011705685618729096
3;0 Dimethyl ether;0.003344481605351171
4;1 Butatrienylidene;0.003344481605351171
5;2 Nitrous Oxide;0.003344481605351171
6;3 Methyl Acetylene;0.003344481605351171
7;4 2,4,6-Heptatriynenitrile;0.003344481605351171
8;5 2,4-Pentadiynylidyne;0.003344481605351171
9;6 Ethylene Glycol;0.003344481605351171
10;7 Methyl Cyanide;0.003344481605351171
11;8 Thioformylium;0.003344481605351171
12;9 para-Oxidaniumyl;0.003344481605351171
13;10 Hydrogen Cyanide;0.003344481605351171
14;11 Cyanide Radical;0.003344481605351171
15;12 Formic Acid;0.003344481605351171
16;13 Nitric sulfide;0.003344481605351171
17;14 Iminomethylium;0.003344481605351171
18;15 Nitrosyl hydride;0.003344481605351171
19;16 Propynylidynium;0.003344481605351171
20;17 Magnesium Cyanide;0.003344481605351171
21;18 1,3-Butadiynyl anion;0.003344481605351171
22;19 Diazenylium;0.003344481605351171
23;20 Methylamine;0.003344481605351171
24;22 Phosphorus Monoxide;0.003344481605351171
25;23 Silicon monosulfide;0.003344481605351171
26;24 Cyclopropenone;0.003344481605351171
27;25 Carbon Monoxide Ion;0.003344481605351171
28;26 Sodium Cyanide;0.003344481605351171
29;27 Nitric oxide;0.003344481605351171
30;28 3-Thioxo-1,2-Propadieylidene;0.003344481605351171
31;30 Ethyne Isocyanide;0.003344481605351171
32;31 Sodium Chloride;0.003344481605351171
33;32 Cyanoacetylene;0.003344481605351171
34;33 Sulfur Monoxide;0.003344481605351171
35;34 Aluminum Isocyanitrile;0.003344481605351171
36;35 Cyanobutadiyne;0.003344481605351171
37;36 Carbon Monoxide;0.003344481605351171
38;37 Silicon Mononitride;0.003344481605351171
39;38 Propadienylidene;0.003344481605351171
40;39 Methanimine;0.003344481605351171
41;40 Aluminum Monofluoride;0.003344481605351171
42;41 Formamide;0.003344481605351171
43;42 1,3,5,7-Octatetraynyl anion;0.003344481605351171
44;43 Aminoacetonitrile;0.003344481605351171
45;44 Ammonia;0.003344481605351171
46;45 gauche-Ethanol;0.003344481605351171
47;46 Protonate 2-proynenitrile;0.003344481605351171
48;47 Carbonyl Sulfide;0.003344481605351171
49;48 Thioxoethenylidene;0.003344481605351171
50;49 Water;0.003344481605351171
51;50 Methyl Formate;0.003344481605351171
52;51 Acetaldehyde;0.003344481605351171
53;52 Ketenimine;0.003344481605351171
54;53 Propenal;0.003344481605351171
55;54 Methyl isocyanide;0.003344481605351171
56;55 Protonated Carbon Dioxide;0.003344481605351171
57;56 Methylidyne;0.003344481605351171
58;57 Ketene;0.003344481605351171
59;58 4-Cyano-1,3-Butadiynyl;0.003344481605351171
60;59 Silicon Monoxide;0.003344481605351171
61;60 Acetone;0.003344481605351171
62;61 3-Imino-1,2 Propadienylidene;0.003344481605351171
63;62 Vinyl Cyanide;0.003344481605351171
64;63 Cyclopropenylidene;0.003344481605351171
65;64 2,4,6-Heptatriynylidyne;0.003344481605351171
66;65 Magnesium Isocyanide;0.003344481605351171
67;66 Formaldehyde;0.003344481605351171
68;67 Cyanobutadiynylide anion;0.003344481605351171
69;68 Fulminic acid;0.003344481605351171
70;69 Carbon Monosulfide;0.003344481605351171
71;70 1,3,5-Hexatriynyl;0.003344481605351171
72;71 1,3-Butadiynyl radical;0.003344481605351171
73;72 1,3,5-Hexatriynyl anion;0.003344481605351171
74;73 Silicon monosulfide;0.003344481605351171
75;74 Silicon Carbide;0.003344481605351171
76;75 Formylium;0.003344481605351171
77;76 Ethylene Oxide;0.003344481605351171
78;77 Sulfur dioxide;0.003344481605351171
79;78 Carbon Monophosphide;0.003344481605351171
80;79 Sulfur Monoxide ion;0.003344481605351171
81;80 Methanol;0.003344481605351171
82;81 Sulfur Dioxide;0.003344481605351171
83;82 Cyanoformaldehyde;0.003344481605351171
84;83 Isocyanic Acid;0.003344481605351171
85;84 Silicon Isocyanide;0.003344481605351171
86;85 Silicon Monocarbide;0.003344481605351171
87;86 Phosphaethyne;0.003344481605351171
88;87 Carbon Monosulfide;0.003344481605351171
89;88 Methylene amidogen;0.003344481605351171
90;89 Aluminum Monochloride;0.003344481605351171
91;90 3-Oxo-1,2-Propadienylidene;0.003344481605351171
92;91 Cyanoallene;0.003344481605351171
93;92 Methyl diacetylene;0.003344481605351171
94;93 Cyanomethylene;0.003344481605351171
95;94 Cyanomethyl;0.003344481605351171
96;95 Phosphapropynylidyne;0.003344481605351171
97;96 Hydrogen Isocyanide;0.003344481605351171
98;97 Hydrogen sulfide;0.003344481605351171
99;98 Hydroxyl;0.003344481605351171
100;99 Glycolaldehyde;0.003344481605351171
101;100 2-Propynal;0.003344481605351171
102;101 Ethynyl;0.003344481605351171
103;102 Phosphorous nitride;0.003344481605351171
104;103 Potassium chloride;0.003344481605351171
105;104 Silicon tetracarbide;0.003344481605351171
106;105 Ethyl Cyanide;0.003344481605351171
107;106 Cyanamide;0.003344481605351171
108;107 Amidogen;0.003344481605351171
109;108 Formyl Radical;0.003344481605351171
110;109 Vinyl Alcohol;0.003344481605351171
111;110 ortho-Oxidaniumyl;0.003344481605351171
112;111 Cyanoethynylide ion;0.003344481605351171
113;112 Oxoethenylidene;0.003344481605351171
114;113 2-Butynenitrile;0.003344481605351171
115;114 3-Silanetetrayl-1,2-Propadienyli;0.003344481605351171
116;115 Cyanoethynyl;0.003344481605351171
117;116 3-Cyano-1,2-propadienylidene;0.003344481605351171
118;117 Acetylene;0.003344481605351171
119;118 Hydroxymethylium ion;0.003344481605351171
120;119 Methyl formate vt01;0.003344481605351171
121;120 Thioformaldehyde;0.003344481605351171
122;121 Isothiocyanic acid;0.003344481605351171
123;122 Butyronitrile;0.003344481605351171
124;123 Cyanic acid;0.003344481605351171
