HD163296_CO_2_1.image.model_alma_band_6_tr_500it.output
1;2 Nitrous Oxide;0.6500711237553344
2;0 Dimethyl ether;0.002844950213371266
3;1 Butatrienylidene;0.002844950213371266
4;3 Methyl Acetylene;0.002844950213371266
5;4 2,4,6-Heptatriynenitrile;0.002844950213371266
HD163296_CO_2_1.image.model_alma_band_6_2_500it.output
1;25 Carbon Monoxide Ion;0.55049786628734
2;36 Carbon Monoxide;0.10241820768136559
3;0 Dimethyl ether;0.002844950213371266
4;1 Butatrienylidene;0.002844950213371266
5;2 Nitrous Oxide;0.002844950213371266
HD163296_CO_2_1.image.model_alma_band_6_full_500it.output
1;36 Carbon Monoxide;0.13074204946996468
2;0 Dimethyl ether;0.007067137809187279
3;1 Butatrienylidene;0.007067137809187279
4;2 Nitrous Oxide;0.007067137809187279
5;3 Methyl Acetylene;0.007067137809187279
HD163296_CO_2_1.image.model_alma_band_6_full_expanded_500it.output
1;36 Carbon Monoxide;0.13074204946996468
2;0 Dimethyl ether;0.007067137809187279
3;1 Butatrienylidene;0.007067137809187279
4;2 Nitrous Oxide;0.007067137809187279
5;3 Methyl Acetylene;0.007067137809187279
DMTau.CS_5-4.image.model_alma_band_6_tr_500it.output
1;17 Magnesium Cyanide;0.16352201257861634
2;116 3-Cyano-1,2-propadienylidene;0.03773584905660377
3;42 1,3,5,7-Octatetraynyl anion;0.0220125786163522
4;58 4-Cyano-1,3-Butadiynyl;0.0220125786163522
5;0 Dimethyl ether;0.006289308176100629
DMTau.CS_5-4.image.model_alma_band_6_2_500it.output
1;102 Phosphorous nitride;0.22641509433962265
2;0 Dimethyl ether;0.006289308176100629
3;1 Butatrienylidene;0.006289308176100629
4;2 Nitrous Oxide;0.006289308176100629
5;3 Methyl Acetylene;0.006289308176100629
DMTau.CS_5-4.image.model_alma_band_6_full_500it.output
1;0 Dimethyl ether;0.008064516129032258
2;1 Butatrienylidene;0.008064516129032258
3;2 Nitrous Oxide;0.008064516129032258
4;3 Methyl Acetylene;0.008064516129032258
5;4 2,4,6-Heptatriynenitrile;0.008064516129032258
DMTau.CS_5-4.image.model_alma_band_6_full_expanded_500it.output
1;0 Dimethyl ether;0.008064516129032258
2;1 Butatrienylidene;0.008064516129032258
3;2 Nitrous Oxide;0.008064516129032258
4;3 Methyl Acetylene;0.008064516129032258
5;4 2,4,6-Heptatriynenitrile;0.008064516129032258
Orion.HNC.cbc.contsub.image.model_alma_band_6_tr_500it.output
1;21 Chloronium;0.5802675585284282
2;29 Silicon Cyanide;0.011705685618729096
3;0 Dimethyl ether;0.003344481605351171
4;1 Butatrienylidene;0.003344481605351171
5;2 Nitrous Oxide;0.003344481605351171
Orion.HNC.cbc.contsub.image.model_alma_band_6_2_500it.output
1;2 Nitrous Oxide;0.35451505016722407
2;86 Phosphaethyne;0.23745819397993312
3;0 Dimethyl ether;0.003344481605351171
4;1 Butatrienylidene;0.003344481605351171
5;3 Methyl Acetylene;0.003344481605351171
Orion.HNC.cbc.contsub.image.model_alma_band_6_full_500it.output
1;0 Dimethyl ether;0.008064516129032258
2;1 Butatrienylidene;0.008064516129032258
3;2 Nitrous Oxide;0.008064516129032258
4;3 Methyl Acetylene;0.008064516129032258
5;4 2,4,6-Heptatriynenitrile;0.008064516129032258
Orion.HNC.cbc.contsub.image.model_alma_band_6_full_expanded_500it.output
1;0 Dimethyl ether;0.008064516129032258
2;1 Butatrienylidene;0.008064516129032258
3;2 Nitrous Oxide;0.008064516129032258
4;3 Methyl Acetylene;0.008064516129032258
5;4 2,4,6-Heptatriynenitrile;0.008064516129032258
uid___A002_Xa916fc_X668__IRS43_HCO32.final.image.pbcor.model_alma_band_6_tr_500it.output
1;86 Phosphaethyne;0.7285259809119831
2;49 Water;0.007423117709437964
3;72 1,3,5-Hexatriynyl anion;0.007423117709437964
4;0 Dimethyl ether;0.0021208907741251328
5;1 Butatrienylidene;0.0021208907741251328
uid___A002_Xa916fc_X668__IRS43_HCO32.final.image.pbcor.model_alma_band_6_2_500it.output
1;86 Phosphaethyne;0.7391304347826088
2;0 Dimethyl ether;0.0021208907741251328
3;1 Butatrienylidene;0.0021208907741251328
4;2 Nitrous Oxide;0.0021208907741251328
5;3 Methyl Acetylene;0.0021208907741251328
uid___A002_Xa916fc_X668__IRS43_HCO32.final.image.pbcor.model_alma_band_6_full_500it.output
1;79 Sulfur Monoxide ion;0.13074204946996468
2;0 Dimethyl ether;0.007067137809187279
3;1 Butatrienylidene;0.007067137809187279
4;2 Nitrous Oxide;0.007067137809187279
5;3 Methyl Acetylene;0.007067137809187279
uid___A002_Xa916fc_X668__IRS43_HCO32.final.image.pbcor.model_alma_band_6_full_expanded_500it.output
1;75 Formylium;0.13074204946996468
2;0 Dimethyl ether;0.007067137809187279
3;1 Butatrienylidene;0.007067137809187279
4;2 Nitrous Oxide;0.007067137809187279
5;3 Methyl Acetylene;0.007067137809187279
