1;79 Sulfur Monoxide ion;0.13074204946996468
2;0 Dimethyl ether;0.007067137809187279
3;1 Butatrienylidene;0.007067137809187279
4;2 Nitrous Oxide;0.007067137809187279
5;3 Methyl Acetylene;0.007067137809187279
6;4 2,4,6-Heptatriynenitrile;0.007067137809187279
7;5 2,4-Pentadiynylidyne;0.007067137809187279
8;6 Ethylene Glycol;0.007067137809187279
9;7 Methyl Cyanide;0.007067137809187279
10;8 Thioformylium;0.007067137809187279
11;9 para-Oxidaniumyl;0.007067137809187279
12;10 Hydrogen Cyanide;0.007067137809187279
13;11 Cyanide Radical;0.007067137809187279
14;12 Formic Acid;0.007067137809187279
15;13 Nitric sulfide;0.007067137809187279
16;14 Iminomethylium;0.007067137809187279
17;15 Nitrosyl hydride;0.007067137809187279
18;16 Propynylidynium;0.007067137809187279
19;17 Magnesium Cyanide;0.007067137809187279
20;18 1,3-Butadiynyl anion;0.007067137809187279
21;19 Diazenylium;0.007067137809187279
22;20 Methylamine;0.007067137809187279
23;21 Chloronium;0.007067137809187279
24;22 Phosphorus Monoxide;0.007067137809187279
25;23 Silicon monosulfide;0.007067137809187279
26;24 Cyclopropenone;0.007067137809187279
27;25 Carbon Monoxide Ion;0.007067137809187279
28;26 Sodium Cyanide;0.007067137809187279
29;27 Nitric oxide;0.007067137809187279
30;28 3-Thioxo-1,2-Propadieylidene;0.007067137809187279
31;29 Silicon Cyanide;0.007067137809187279
32;30 Ethyne Isocyanide;0.007067137809187279
33;31 Sodium Chloride;0.007067137809187279
34;32 Cyanoacetylene;0.007067137809187279
35;33 Sulfur Monoxide;0.007067137809187279
36;34 Aluminum Isocyanitrile;0.007067137809187279
37;35 Cyanobutadiyne;0.007067137809187279
38;36 Carbon Monoxide;0.007067137809187279
39;37 Silicon Mononitride;0.007067137809187279
40;38 Propadienylidene;0.007067137809187279
41;39 Methanimine;0.007067137809187279
42;40 Aluminum Monofluoride;0.007067137809187279
43;41 Formamide;0.007067137809187279
44;42 1,3,5,7-Octatetraynyl anion;0.007067137809187279
45;43 Aminoacetonitrile;0.007067137809187279
46;44 Ammonia;0.007067137809187279
47;45 gauche-Ethanol;0.007067137809187279
48;46 Protonate 2-proynenitrile;0.007067137809187279
49;47 Carbonyl Sulfide;0.007067137809187279
50;48 Thioxoethenylidene;0.007067137809187279
51;49 Water;0.007067137809187279
52;50 Methyl Formate;0.007067137809187279
53;51 Acetaldehyde;0.007067137809187279
54;52 Ketenimine;0.007067137809187279
55;53 Propenal;0.007067137809187279
56;54 Methyl isocyanide;0.007067137809187279
57;55 Protonated Carbon Dioxide;0.007067137809187279
58;56 Methylidyne;0.007067137809187279
59;57 Ketene;0.007067137809187279
60;58 4-Cyano-1,3-Butadiynyl;0.007067137809187279
61;59 Silicon Monoxide;0.007067137809187279
62;60 Acetone;0.007067137809187279
63;61 3-Imino-1,2 Propadienylidene;0.007067137809187279
64;62 Vinyl Cyanide;0.007067137809187279
65;63 Cyclopropenylidene;0.007067137809187279
66;64 2,4,6-Heptatriynylidyne;0.007067137809187279
67;65 Magnesium Isocyanide;0.007067137809187279
68;66 Formaldehyde;0.007067137809187279
69;67 Cyanobutadiynylide anion;0.007067137809187279
70;68 Fulminic acid;0.007067137809187279
71;69 Carbon Monosulfide;0.007067137809187279
72;70 1,3,5-Hexatriynyl;0.007067137809187279
73;71 1,3-Butadiynyl radical;0.007067137809187279
74;72 1,3,5-Hexatriynyl anion;0.007067137809187279
75;73 Silicon monosulfide;0.007067137809187279
76;74 Silicon Carbide;0.007067137809187279
77;75 Formylium;0.007067137809187279
78;76 Ethylene Oxide;0.007067137809187279
79;77 Sulfur dioxide;0.007067137809187279
80;78 Carbon Monophosphide;0.007067137809187279
81;80 Methanol;0.007067137809187279
82;81 Sulfur Dioxide;0.007067137809187279
83;82 Cyanoformaldehyde;0.007067137809187279
84;83 Isocyanic Acid;0.007067137809187279
85;84 Silicon Isocyanide;0.007067137809187279
86;85 Silicon Monocarbide;0.007067137809187279
87;86 Phosphaethyne;0.007067137809187279
88;87 Carbon Monosulfide;0.007067137809187279
89;88 Methylene amidogen;0.007067137809187279
90;89 Aluminum Monochloride;0.007067137809187279
91;90 3-Oxo-1,2-Propadienylidene;0.007067137809187279
92;91 Cyanoallene;0.007067137809187279
93;92 Methyl diacetylene;0.007067137809187279
94;93 Cyanomethylene;0.007067137809187279
95;94 Cyanomethyl;0.007067137809187279
96;95 Phosphapropynylidyne;0.007067137809187279
97;96 Hydrogen Isocyanide;0.007067137809187279
98;97 Hydrogen sulfide;0.007067137809187279
99;98 Hydroxyl;0.007067137809187279
100;99 Glycolaldehyde;0.007067137809187279
101;100 2-Propynal;0.007067137809187279
102;101 Ethynyl;0.007067137809187279
103;102 Phosphorous nitride;0.007067137809187279
104;103 Potassium chloride;0.007067137809187279
105;104 Silicon tetracarbide;0.007067137809187279
106;105 Ethyl Cyanide;0.007067137809187279
107;106 Cyanamide;0.007067137809187279
108;107 Amidogen;0.007067137809187279
109;108 Formyl Radical;0.007067137809187279
110;109 Vinyl Alcohol;0.007067137809187279
111;110 ortho-Oxidaniumyl;0.007067137809187279
112;111 Cyanoethynylide ion;0.007067137809187279
113;112 Oxoethenylidene;0.007067137809187279
114;113 2-Butynenitrile;0.007067137809187279
115;114 3-Silanetetrayl-1,2-Propadienyli;0.007067137809187279
116;115 Cyanoethynyl;0.007067137809187279
117;116 3-Cyano-1,2-propadienylidene;0.007067137809187279
118;117 Acetylene;0.007067137809187279
119;118 Hydroxymethylium ion;0.007067137809187279
120;119 Methyl formate vt01;0.007067137809187279
121;120 Thioformaldehyde;0.007067137809187279
122;121 Isothiocyanic acid;0.007067137809187279
123;122 Butyronitrile;0.007067137809187279
124;123 Cyanic acid;0.007067137809187279
