1;86 Phosphaethyne;0.7285259809119831
2;49 Water;0.007423117709437964
3;72 1,3,5-Hexatriynyl anion;0.007423117709437964
4;0 Dimethyl ether;0.0021208907741251328
5;1 Butatrienylidene;0.0021208907741251328
6;2 Nitrous Oxide;0.0021208907741251328
7;3 Methyl Acetylene;0.0021208907741251328
8;4 2,4,6-Heptatriynenitrile;0.0021208907741251328
9;5 2,4-Pentadiynylidyne;0.0021208907741251328
10;6 Ethylene Glycol;0.0021208907741251328
11;7 Methyl Cyanide;0.0021208907741251328
12;8 Thioformylium;0.0021208907741251328
13;9 para-Oxidaniumyl;0.0021208907741251328
14;10 Hydrogen Cyanide;0.0021208907741251328
15;11 Cyanide Radical;0.0021208907741251328
16;12 Formic Acid;0.0021208907741251328
17;13 Nitric sulfide;0.0021208907741251328
18;14 Iminomethylium;0.0021208907741251328
19;15 Nitrosyl hydride;0.0021208907741251328
20;16 Propynylidynium;0.0021208907741251328
21;17 Magnesium Cyanide;0.0021208907741251328
22;18 1,3-Butadiynyl anion;0.0021208907741251328
23;19 Diazenylium;0.0021208907741251328
24;20 Methylamine;0.0021208907741251328
25;21 Chloronium;0.0021208907741251328
26;22 Phosphorus Monoxide;0.0021208907741251328
27;23 Silicon monosulfide;0.0021208907741251328
28;24 Cyclopropenone;0.0021208907741251328
29;25 Carbon Monoxide Ion;0.0021208907741251328
30;26 Sodium Cyanide;0.0021208907741251328
31;27 Nitric oxide;0.0021208907741251328
32;28 3-Thioxo-1,2-Propadieylidene;0.0021208907741251328
33;29 Silicon Cyanide;0.0021208907741251328
34;30 Ethyne Isocyanide;0.0021208907741251328
35;31 Sodium Chloride;0.0021208907741251328
36;32 Cyanoacetylene;0.0021208907741251328
37;33 Sulfur Monoxide;0.0021208907741251328
38;34 Aluminum Isocyanitrile;0.0021208907741251328
39;35 Cyanobutadiyne;0.0021208907741251328
40;36 Carbon Monoxide;0.0021208907741251328
41;37 Silicon Mononitride;0.0021208907741251328
42;38 Propadienylidene;0.0021208907741251328
43;39 Methanimine;0.0021208907741251328
44;40 Aluminum Monofluoride;0.0021208907741251328
45;41 Formamide;0.0021208907741251328
46;42 1,3,5,7-Octatetraynyl anion;0.0021208907741251328
47;43 Aminoacetonitrile;0.0021208907741251328
48;44 Ammonia;0.0021208907741251328
49;45 gauche-Ethanol;0.0021208907741251328
50;46 Protonate 2-proynenitrile;0.0021208907741251328
51;47 Carbonyl Sulfide;0.0021208907741251328
52;48 Thioxoethenylidene;0.0021208907741251328
53;50 Methyl Formate;0.0021208907741251328
54;51 Acetaldehyde;0.0021208907741251328
55;52 Ketenimine;0.0021208907741251328
56;53 Propenal;0.0021208907741251328
57;54 Methyl isocyanide;0.0021208907741251328
58;55 Protonated Carbon Dioxide;0.0021208907741251328
59;56 Methylidyne;0.0021208907741251328
60;57 Ketene;0.0021208907741251328
61;58 4-Cyano-1,3-Butadiynyl;0.0021208907741251328
62;59 Silicon Monoxide;0.0021208907741251328
63;60 Acetone;0.0021208907741251328
64;61 3-Imino-1,2 Propadienylidene;0.0021208907741251328
65;62 Vinyl Cyanide;0.0021208907741251328
66;63 Cyclopropenylidene;0.0021208907741251328
67;64 2,4,6-Heptatriynylidyne;0.0021208907741251328
68;65 Magnesium Isocyanide;0.0021208907741251328
69;66 Formaldehyde;0.0021208907741251328
70;67 Cyanobutadiynylide anion;0.0021208907741251328
71;68 Fulminic acid;0.0021208907741251328
72;69 Carbon Monosulfide;0.0021208907741251328
73;70 1,3,5-Hexatriynyl;0.0021208907741251328
74;71 1,3-Butadiynyl radical;0.0021208907741251328
75;73 Silicon monosulfide;0.0021208907741251328
76;74 Silicon Carbide;0.0021208907741251328
77;75 Formylium;0.0021208907741251328
78;76 Ethylene Oxide;0.0021208907741251328
79;77 Sulfur dioxide;0.0021208907741251328
80;78 Carbon Monophosphide;0.0021208907741251328
81;79 Sulfur Monoxide ion;0.0021208907741251328
82;80 Methanol;0.0021208907741251328
83;81 Sulfur Dioxide;0.0021208907741251328
84;82 Cyanoformaldehyde;0.0021208907741251328
85;83 Isocyanic Acid;0.0021208907741251328
86;84 Silicon Isocyanide;0.0021208907741251328
87;85 Silicon Monocarbide;0.0021208907741251328
88;87 Carbon Monosulfide;0.0021208907741251328
89;88 Methylene amidogen;0.0021208907741251328
90;89 Aluminum Monochloride;0.0021208907741251328
91;90 3-Oxo-1,2-Propadienylidene;0.0021208907741251328
92;91 Cyanoallene;0.0021208907741251328
93;92 Methyl diacetylene;0.0021208907741251328
94;93 Cyanomethylene;0.0021208907741251328
95;94 Cyanomethyl;0.0021208907741251328
96;95 Phosphapropynylidyne;0.0021208907741251328
97;96 Hydrogen Isocyanide;0.0021208907741251328
98;97 Hydrogen sulfide;0.0021208907741251328
99;98 Hydroxyl;0.0021208907741251328
100;99 Glycolaldehyde;0.0021208907741251328
101;100 2-Propynal;0.0021208907741251328
102;101 Ethynyl;0.0021208907741251328
103;102 Phosphorous nitride;0.0021208907741251328
104;103 Potassium chloride;0.0021208907741251328
105;104 Silicon tetracarbide;0.0021208907741251328
106;105 Ethyl Cyanide;0.0021208907741251328
107;106 Cyanamide;0.0021208907741251328
108;107 Amidogen;0.0021208907741251328
109;108 Formyl Radical;0.0021208907741251328
110;109 Vinyl Alcohol;0.0021208907741251328
111;110 ortho-Oxidaniumyl;0.0021208907741251328
112;111 Cyanoethynylide ion;0.0021208907741251328
113;112 Oxoethenylidene;0.0021208907741251328
114;113 2-Butynenitrile;0.0021208907741251328
115;114 3-Silanetetrayl-1,2-Propadienyli;0.0021208907741251328
116;115 Cyanoethynyl;0.0021208907741251328
117;116 3-Cyano-1,2-propadienylidene;0.0021208907741251328
118;117 Acetylene;0.0021208907741251328
119;118 Hydroxymethylium ion;0.0021208907741251328
120;119 Methyl formate vt01;0.0021208907741251328
121;120 Thioformaldehyde;0.0021208907741251328
122;121 Isothiocyanic acid;0.0021208907741251328
123;122 Butyronitrile;0.0021208907741251328
124;123 Cyanic acid;0.0021208907741251328
