1;61 Fluoromethyliumylidene;0.8015748031496063
2;0 Isocyanic Acid;0.002362204724409449
3;1 Propenal;0.002362204724409449
4;2 Ketene;0.002362204724409449
5;3 Oxonium hydride;0.002362204724409449
6;4 Thioformylium;0.002362204724409449
7;5 Vinyl Cyanide;0.002362204724409449
8;6 Methyl Formate;0.002362204724409449
9;7 Hydroxyl;0.002362204724409449
10;8 Methyliumylidene;0.002362204724409449
11;9 Iminomethylium;0.002362204724409449
12;10 Hydroxymethylium ion;0.002362204724409449
13;11 2-Propynal;0.002362204724409449
14;12 Carbon Monosulfide;0.002362204724409449
15;13 Cyanomethyl;0.002362204724409449
16;14 Methyl Acetylene;0.002362204724409449
17;15 2-Butynenitrile;0.002362204724409449
18;16 Methyl formate vt01;0.002362204724409449
19;17 Ethyl Cyanide;0.002362204724409449
20;18 gauche-Ethanol;0.002362204724409449
21;19 Glycolaldehyde;0.002362204724409449
22;20 Water;0.002362204724409449
23;21 Hydrogen sulfide;0.002362204724409449
24;22 Sulfur Monoxide ion;0.002362204724409449
25;23 1,3-Butadiynyl radical;0.002362204724409449
26;24 Formylium;0.002362204724409449
27;25 Fulminic acid;0.002362204724409449
28;26 Trihydrogen ion;0.002362204724409449
29;27 Methanimine;0.002362204724409449
30;28 Nitrous Oxide;0.002362204724409449
31;29 Propadienylidene;0.002362204724409449
32;30 Ethylene Oxide;0.002362204724409449
33;31 Ketenimine;0.002362204724409449
34;32 2,4,6-Heptatriynenitrile;0.002362204724409449
35;33 Aminoacetonitrile;0.002362204724409449
36;34 Methanol;0.002362204724409449
37;35 Ammonia;0.002362204724409449
38;36 Formyl Radical;0.002362204724409449
39;37 Methyl Cyanide;0.002362204724409449
40;38 Molecular oxygen;0.002362204724409449
41;39 Cyclopropenone;0.002362204724409449
42;40 Carbonyl Sulfide;0.002362204724409449
43;41 Acetaldehyde;0.002362204724409449
44;42 Cyanomethylene;0.002362204724409449
45;43 3-Thioxo-1,2-Propadieylidene;0.002362204724409449
46;44 Formamide;0.002362204724409449
47;45 Cyanobutadiyne;0.002362204724409449
48;46 Sulfur Dioxide;0.002362204724409449
49;47 Methyl isocyanide;0.002362204724409449
50;48 Nitric sulfide;0.002362204724409449
51;49 Methylene;0.002362204724409449
52;50 Hydrochloric acid;0.002362204724409449
53;51 Ethyne Isocyanide;0.002362204724409449
54;52 Cyanide Radical;0.002362204724409449
55;53 Nitric oxide;0.002362204724409449
56;54 Cyanic acid;0.002362204724409449
57;55 Formaldehyde;0.002362204724409449
58;56 Sulfur Monoxide;0.002362204724409449
59;57 Protonate 2-proynenitrile;0.002362204724409449
60;58 Ethynyl;0.002362204724409449
61;59 Ethylene Glycol;0.002362204724409449
62;60 Hydrogen Cyanide;0.002362204724409449
63;62 Methylidyne;0.002362204724409449
64;63 Thioxoethenylidene;0.002362204724409449
65;64 Cyanomethanimine;0.002362204724409449
66;65 Silicon Monoxide;0.002362204724409449
67;66 Dimethyl ether;0.002362204724409449
68;67 Acetone;0.002362204724409449
69;68 Carbon Monoxide;0.002362204724409449
70;69 Phosphorous nitride;0.002362204724409449
71;70 Thioformaldehyde;0.002362204724409449
72;71 Diazenylium;0.002362204724409449
73;72 Cyanoformaldehyde;0.002362204724409449
74;73 Isothiocyanic acid;0.002362204724409449
75;74 Vinyl Alcohol;0.002362204724409449
76;75 Hydrogen Isocyanide;0.002362204724409449
77;76 Carbon Monosulfide;0.002362204724409449
78;77 Methylamine;0.002362204724409449
79;78 Protonated Carbon Dioxide;0.002362204724409449
80;79 Formic Acid;0.002362204724409449
81;80 Cyclopropenylidene;0.002362204724409449
82;81 Cyanoacetylene;0.002362204724409449
83;82 para-Oxidaniumyl;0.002362204724409449
84;83 ortho-Oxidaniumyl;0.002362204724409449
85;84 Nitrosyl hydride;0.002362204724409449
