1;8 Methyliumylidene;0.23858267716535433
2;76 Carbon Monosulfide;0.19921259842519687
3;25 Fulminic acid;0.1125984251968504
4;75 Hydrogen Isocyanide;0.05748031496062992
5;9 Iminomethylium;0.03779527559055118
6;60 Hydrogen Cyanide;0.03779527559055118
7;24 Formylium;0.03385826771653543
8;45 Cyanobutadiyne;0.029921259842519685
9;82 para-Oxidaniumyl;0.029921259842519685
10;71 Diazenylium;0.025984251968503937
11;57 Protonate 2-proynenitrile;0.01811023622047244
12;6 Methyl Formate;0.006299212598425198
13;0 Isocyanic Acid;0.002362204724409449
14;1 Propenal;0.002362204724409449
15;2 Ketene;0.002362204724409449
16;3 Oxonium hydride;0.002362204724409449
17;4 Thioformylium;0.002362204724409449
18;5 Vinyl Cyanide;0.002362204724409449
19;7 Hydroxyl;0.002362204724409449
20;10 Hydroxymethylium ion;0.002362204724409449
21;11 2-Propynal;0.002362204724409449
22;12 Carbon Monosulfide;0.002362204724409449
23;13 Cyanomethyl;0.002362204724409449
24;14 Methyl Acetylene;0.002362204724409449
25;15 2-Butynenitrile;0.002362204724409449
26;16 Methyl formate vt01;0.002362204724409449
27;17 Ethyl Cyanide;0.002362204724409449
28;18 gauche-Ethanol;0.002362204724409449
29;19 Glycolaldehyde;0.002362204724409449
30;20 Water;0.002362204724409449
31;21 Hydrogen sulfide;0.002362204724409449
32;22 Sulfur Monoxide ion;0.002362204724409449
33;23 1,3-Butadiynyl radical;0.002362204724409449
34;26 Trihydrogen ion;0.002362204724409449
35;27 Methanimine;0.002362204724409449
36;28 Nitrous Oxide;0.002362204724409449
37;29 Propadienylidene;0.002362204724409449
38;30 Ethylene Oxide;0.002362204724409449
39;31 Ketenimine;0.002362204724409449
40;32 2,4,6-Heptatriynenitrile;0.002362204724409449
41;33 Aminoacetonitrile;0.002362204724409449
42;34 Methanol;0.002362204724409449
43;35 Ammonia;0.002362204724409449
44;36 Formyl Radical;0.002362204724409449
45;37 Methyl Cyanide;0.002362204724409449
46;38 Molecular oxygen;0.002362204724409449
47;39 Cyclopropenone;0.002362204724409449
48;40 Carbonyl Sulfide;0.002362204724409449
49;41 Acetaldehyde;0.002362204724409449
50;42 Cyanomethylene;0.002362204724409449
51;43 3-Thioxo-1,2-Propadieylidene;0.002362204724409449
52;44 Formamide;0.002362204724409449
53;46 Sulfur Dioxide;0.002362204724409449
54;47 Methyl isocyanide;0.002362204724409449
55;48 Nitric sulfide;0.002362204724409449
56;49 Methylene;0.002362204724409449
57;50 Hydrochloric acid;0.002362204724409449
58;51 Ethyne Isocyanide;0.002362204724409449
59;52 Cyanide Radical;0.002362204724409449
60;53 Nitric oxide;0.002362204724409449
61;54 Cyanic acid;0.002362204724409449
62;55 Formaldehyde;0.002362204724409449
63;56 Sulfur Monoxide;0.002362204724409449
64;58 Ethynyl;0.002362204724409449
65;59 Ethylene Glycol;0.002362204724409449
66;61 Fluoromethyliumylidene;0.002362204724409449
67;62 Methylidyne;0.002362204724409449
68;63 Thioxoethenylidene;0.002362204724409449
69;64 Cyanomethanimine;0.002362204724409449
70;65 Silicon Monoxide;0.002362204724409449
71;66 Dimethyl ether;0.002362204724409449
72;67 Acetone;0.002362204724409449
73;68 Carbon Monoxide;0.002362204724409449
74;69 Phosphorous nitride;0.002362204724409449
75;70 Thioformaldehyde;0.002362204724409449
76;72 Cyanoformaldehyde;0.002362204724409449
77;73 Isothiocyanic acid;0.002362204724409449
78;74 Vinyl Alcohol;0.002362204724409449
79;77 Methylamine;0.002362204724409449
80;78 Protonated Carbon Dioxide;0.002362204724409449
81;79 Formic Acid;0.002362204724409449
82;80 Cyclopropenylidene;0.002362204724409449
83;81 Cyanoacetylene;0.002362204724409449
84;83 ortho-Oxidaniumyl;0.002362204724409449
85;84 Nitrosyl hydride;0.002362204724409449
