1;76 Carbon Monosulfide;0.875544794188862
2;54 Cyanic acid;0.00387409200968523
3;0 Isocyanic Acid;0.0014527845036319612
4;1 Propenal;0.0014527845036319612
5;2 Ketene;0.0014527845036319612
6;3 Oxonium hydride;0.0014527845036319612
7;4 Thioformylium;0.0014527845036319612
8;5 Vinyl Cyanide;0.0014527845036319612
9;6 Methyl Formate;0.0014527845036319612
10;7 Hydroxyl;0.0014527845036319612
11;8 Methyliumylidene;0.0014527845036319612
12;9 Iminomethylium;0.0014527845036319612
13;10 Hydroxymethylium ion;0.0014527845036319612
14;11 2-Propynal;0.0014527845036319612
15;12 Carbon Monosulfide;0.0014527845036319612
16;13 Cyanomethyl;0.0014527845036319612
17;14 Methyl Acetylene;0.0014527845036319612
18;15 2-Butynenitrile;0.0014527845036319612
19;16 Methyl formate vt01;0.0014527845036319612
20;17 Ethyl Cyanide;0.0014527845036319612
21;18 gauche-Ethanol;0.0014527845036319612
22;19 Glycolaldehyde;0.0014527845036319612
23;20 Water;0.0014527845036319612
24;21 Hydrogen sulfide;0.0014527845036319612
25;22 Sulfur Monoxide ion;0.0014527845036319612
26;23 1,3-Butadiynyl radical;0.0014527845036319612
27;24 Formylium;0.0014527845036319612
28;25 Fulminic acid;0.0014527845036319612
29;26 Trihydrogen ion;0.0014527845036319612
30;27 Methanimine;0.0014527845036319612
31;28 Nitrous Oxide;0.0014527845036319612
32;29 Propadienylidene;0.0014527845036319612
33;30 Ethylene Oxide;0.0014527845036319612
34;31 Ketenimine;0.0014527845036319612
35;32 2,4,6-Heptatriynenitrile;0.0014527845036319612
36;33 Aminoacetonitrile;0.0014527845036319612
37;34 Methanol;0.0014527845036319612
38;35 Ammonia;0.0014527845036319612
39;36 Formyl Radical;0.0014527845036319612
40;37 Methyl Cyanide;0.0014527845036319612
41;38 Molecular oxygen;0.0014527845036319612
42;39 Cyclopropenone;0.0014527845036319612
43;40 Carbonyl Sulfide;0.0014527845036319612
44;41 Acetaldehyde;0.0014527845036319612
45;42 Cyanomethylene;0.0014527845036319612
46;43 3-Thioxo-1,2-Propadieylidene;0.0014527845036319612
47;44 Formamide;0.0014527845036319612
48;45 Cyanobutadiyne;0.0014527845036319612
49;46 Sulfur Dioxide;0.0014527845036319612
50;47 Methyl isocyanide;0.0014527845036319612
51;48 Nitric sulfide;0.0014527845036319612
52;49 Methylene;0.0014527845036319612
53;50 Hydrochloric acid;0.0014527845036319612
54;51 Ethyne Isocyanide;0.0014527845036319612
55;52 Cyanide Radical;0.0014527845036319612
56;53 Nitric oxide;0.0014527845036319612
57;55 Formaldehyde;0.0014527845036319612
58;56 Sulfur Monoxide;0.0014527845036319612
59;57 Protonate 2-proynenitrile;0.0014527845036319612
60;58 Ethynyl;0.0014527845036319612
61;59 Ethylene Glycol;0.0014527845036319612
62;60 Hydrogen Cyanide;0.0014527845036319612
63;61 Fluoromethyliumylidene;0.0014527845036319612
64;62 Methylidyne;0.0014527845036319612
65;63 Thioxoethenylidene;0.0014527845036319612
66;64 Cyanomethanimine;0.0014527845036319612
67;65 Silicon Monoxide;0.0014527845036319612
68;66 Dimethyl ether;0.0014527845036319612
69;67 Acetone;0.0014527845036319612
70;68 Carbon Monoxide;0.0014527845036319612
71;69 Phosphorous nitride;0.0014527845036319612
72;70 Thioformaldehyde;0.0014527845036319612
73;71 Diazenylium;0.0014527845036319612
74;72 Cyanoformaldehyde;0.0014527845036319612
75;73 Isothiocyanic acid;0.0014527845036319612
76;74 Vinyl Alcohol;0.0014527845036319612
77;75 Hydrogen Isocyanide;0.0014527845036319612
78;77 Methylamine;0.0014527845036319612
79;78 Protonated Carbon Dioxide;0.0014527845036319612
80;79 Formic Acid;0.0014527845036319612
81;80 Cyclopropenylidene;0.0014527845036319612
82;81 Cyanoacetylene;0.0014527845036319612
83;82 para-Oxidaniumyl;0.0014527845036319612
84;83 ortho-Oxidaniumyl;0.0014527845036319612
85;84 Nitrosyl hydride;0.0014527845036319612
