1;45 Cyanobutadiyne;0.24285714285714285
2;8 Methyliumylidene;0.19693877551020408
3;28 Nitrous Oxide;0.16122448979591839
4;38 Molecular oxygen;0.07959183673469387
5;57 Protonate 2-proynenitrile;0.07448979591836735
6;0 Isocyanic Acid;0.003061224489795918
7;1 Propenal;0.003061224489795918
8;2 Ketene;0.003061224489795918
9;3 Oxonium hydride;0.003061224489795918
10;4 Thioformylium;0.003061224489795918
11;5 Vinyl Cyanide;0.003061224489795918
12;6 Methyl Formate;0.003061224489795918
13;7 Hydroxyl;0.003061224489795918
14;9 Iminomethylium;0.003061224489795918
15;10 Hydroxymethylium ion;0.003061224489795918
16;11 2-Propynal;0.003061224489795918
17;12 Carbon Monosulfide;0.003061224489795918
18;13 Cyanomethyl;0.003061224489795918
19;14 Methyl Acetylene;0.003061224489795918
20;15 2-Butynenitrile;0.003061224489795918
21;16 Methyl formate vt01;0.003061224489795918
22;17 Ethyl Cyanide;0.003061224489795918
23;18 gauche-Ethanol;0.003061224489795918
24;19 Glycolaldehyde;0.003061224489795918
25;20 Water;0.003061224489795918
26;21 Hydrogen sulfide;0.003061224489795918
27;22 Sulfur Monoxide ion;0.003061224489795918
28;23 1,3-Butadiynyl radical;0.003061224489795918
29;24 Formylium;0.003061224489795918
30;25 Fulminic acid;0.003061224489795918
31;26 Trihydrogen ion;0.003061224489795918
32;27 Methanimine;0.003061224489795918
33;29 Propadienylidene;0.003061224489795918
34;30 Ethylene Oxide;0.003061224489795918
35;31 Ketenimine;0.003061224489795918
36;32 2,4,6-Heptatriynenitrile;0.003061224489795918
37;33 Aminoacetonitrile;0.003061224489795918
38;34 Methanol;0.003061224489795918
39;35 Ammonia;0.003061224489795918
40;36 Formyl Radical;0.003061224489795918
41;37 Methyl Cyanide;0.003061224489795918
42;39 Cyclopropenone;0.003061224489795918
43;40 Carbonyl Sulfide;0.003061224489795918
44;41 Acetaldehyde;0.003061224489795918
45;42 Cyanomethylene;0.003061224489795918
46;43 3-Thioxo-1,2-Propadieylidene;0.003061224489795918
47;44 Formamide;0.003061224489795918
48;46 Sulfur Dioxide;0.003061224489795918
49;47 Methyl isocyanide;0.003061224489795918
50;48 Nitric sulfide;0.003061224489795918
51;49 Methylene;0.003061224489795918
52;50 Hydrochloric acid;0.003061224489795918
53;51 Ethyne Isocyanide;0.003061224489795918
54;52 Cyanide Radical;0.003061224489795918
55;53 Nitric oxide;0.003061224489795918
56;54 Cyanic acid;0.003061224489795918
57;55 Formaldehyde;0.003061224489795918
58;56 Sulfur Monoxide;0.003061224489795918
59;58 Ethynyl;0.003061224489795918
60;59 Ethylene Glycol;0.003061224489795918
61;60 Hydrogen Cyanide;0.003061224489795918
62;61 Fluoromethyliumylidene;0.003061224489795918
63;62 Methylidyne;0.003061224489795918
64;63 Thioxoethenylidene;0.003061224489795918
65;64 Cyanomethanimine;0.003061224489795918
66;65 Silicon Monoxide;0.003061224489795918
67;66 Dimethyl ether;0.003061224489795918
68;67 Acetone;0.003061224489795918
69;68 Carbon Monoxide;0.003061224489795918
70;69 Phosphorous nitride;0.003061224489795918
71;70 Thioformaldehyde;0.003061224489795918
72;71 Diazenylium;0.003061224489795918
73;72 Cyanoformaldehyde;0.003061224489795918
74;73 Isothiocyanic acid;0.003061224489795918
75;74 Vinyl Alcohol;0.003061224489795918
76;75 Hydrogen Isocyanide;0.003061224489795918
77;76 Carbon Monosulfide;0.003061224489795918
78;77 Methylamine;0.003061224489795918
79;78 Protonated Carbon Dioxide;0.003061224489795918
80;79 Formic Acid;0.003061224489795918
81;80 Cyclopropenylidene;0.003061224489795918
82;81 Cyanoacetylene;0.003061224489795918
83;82 para-Oxidaniumyl;0.003061224489795918
84;83 ortho-Oxidaniumyl;0.003061224489795918
85;84 Nitrosyl hydride;0.003061224489795918
