TWHydra_HCOplusline.image;model_hot_cores_tr_500it;1;8 Methyliumylidene;0.6945454545454545
TWHydra_HCOplusline.image;model_hot_cores_tr_500it;2;0 Isocyanic Acid;0.0036363636363636364
TWHydra_HCOplusline.image;model_hot_cores_tr_500it;3;1 Propenal;0.0036363636363636364
TWHydra_HCOplusline.image;model_hot_cores_tr_500it;4;2 Ketene;0.0036363636363636364
TWHydra_HCOplusline.image;model_hot_cores_tr_500it;5;3 Oxonium hydride;0.0036363636363636364
uid___A002_Xa916fc_X668__IRS43_HCO32.final.image.pbcor;model_hot_cores_tr_500it;1;8 Methyliumylidene;0.9411214953271029
uid___A002_Xa916fc_X668__IRS43_HCO32.final.image.pbcor;model_hot_cores_tr_500it;2;0 Isocyanic Acid;0.0007009345794392523
uid___A002_Xa916fc_X668__IRS43_HCO32.final.image.pbcor;model_hot_cores_tr_500it;3;1 Propenal;0.0007009345794392523
uid___A002_Xa916fc_X668__IRS43_HCO32.final.image.pbcor;model_hot_cores_tr_500it;4;2 Ketene;0.0007009345794392523
uid___A002_Xa916fc_X668__IRS43_HCO32.final.image.pbcor;model_hot_cores_tr_500it;5;3 Oxonium hydride;0.0007009345794392523
HD163296_CO_2_1.image;model_hot_cores_tr_500it;1;61 Fluoromethyliumylidene;0.8015748031496063
HD163296_CO_2_1.image;model_hot_cores_tr_500it;2;0 Isocyanic Acid;0.002362204724409449
HD163296_CO_2_1.image;model_hot_cores_tr_500it;3;1 Propenal;0.002362204724409449
HD163296_CO_2_1.image;model_hot_cores_tr_500it;4;2 Ketene;0.002362204724409449
HD163296_CO_2_1.image;model_hot_cores_tr_500it;5;3 Oxonium hydride;0.002362204724409449
DMTau.CS_5-4.image;model_hot_cores_tr_500it;1;8 Methyliumylidene;0.874937965260546
DMTau.CS_5-4.image;model_hot_cores_tr_500it;2;0 Isocyanic Acid;0.001488833746898263
DMTau.CS_5-4.image;model_hot_cores_tr_500it;3;1 Propenal;0.001488833746898263
DMTau.CS_5-4.image;model_hot_cores_tr_500it;4;2 Ketene;0.001488833746898263
DMTau.CS_5-4.image;model_hot_cores_tr_500it;5;3 Oxonium hydride;0.001488833746898263
TWHydra_CO3_2line.image;model_hot_cores_tr_500it;1;8 Methyliumylidene;0.6945454545454545
TWHydra_CO3_2line.image;model_hot_cores_tr_500it;2;0 Isocyanic Acid;0.0036363636363636364
TWHydra_CO3_2line.image;model_hot_cores_tr_500it;3;1 Propenal;0.0036363636363636364
TWHydra_CO3_2line.image;model_hot_cores_tr_500it;4;2 Ketene;0.0036363636363636364
TWHydra_CO3_2line.image;model_hot_cores_tr_500it;5;3 Oxonium hydride;0.0036363636363636364
Orion.HNC.cbc.contsub.image;model_hot_cores_tr_500it;1;61 Fluoromethyliumylidene;0.8779661016949153
Orion.HNC.cbc.contsub.image;model_hot_cores_tr_500it;2;0 Isocyanic Acid;0.0014527845036319612
Orion.HNC.cbc.contsub.image;model_hot_cores_tr_500it;3;1 Propenal;0.0014527845036319612
Orion.HNC.cbc.contsub.image;model_hot_cores_tr_500it;4;2 Ketene;0.0014527845036319612
Orion.HNC.cbc.contsub.image;model_hot_cores_tr_500it;5;3 Oxonium hydride;0.0014527845036319612
Orion.methanol.cbc.contsub.image;model_hot_cores_tr_500it;1;25 Fulminic acid;0.7428571428571429
Orion.methanol.cbc.contsub.image;model_hot_cores_tr_500it;2;0 Isocyanic Acid;0.003061224489795918
Orion.methanol.cbc.contsub.image;model_hot_cores_tr_500it;3;1 Propenal;0.003061224489795918
Orion.methanol.cbc.contsub.image;model_hot_cores_tr_500it;4;2 Ketene;0.003061224489795918
Orion.methanol.cbc.contsub.image;model_hot_cores_tr_500it;5;3 Oxonium hydride;0.003061224489795918
