1;43 3-Thioxo-1,2-Propadieylidene;0.6642424242424242
2;1 Propenal;0.009696969696969697
3;2 Ketene;0.009696969696969697
4;24 Formylium;0.009696969696969697
5;66 Dimethyl ether;0.009696969696969697
6;74 Vinyl Alcohol;0.009696969696969697
7;0 Isocyanic Acid;0.0036363636363636364
8;3 Oxonium hydride;0.0036363636363636364
9;4 Thioformylium;0.0036363636363636364
10;5 Vinyl Cyanide;0.0036363636363636364
11;6 Methyl Formate;0.0036363636363636364
12;7 Hydroxyl;0.0036363636363636364
13;8 Methyliumylidene;0.0036363636363636364
14;9 Iminomethylium;0.0036363636363636364
15;10 Hydroxymethylium ion;0.0036363636363636364
16;11 2-Propynal;0.0036363636363636364
17;12 Carbon Monosulfide;0.0036363636363636364
18;13 Cyanomethyl;0.0036363636363636364
19;14 Methyl Acetylene;0.0036363636363636364
20;15 2-Butynenitrile;0.0036363636363636364
21;16 Methyl formate vt01;0.0036363636363636364
22;17 Ethyl Cyanide;0.0036363636363636364
23;18 gauche-Ethanol;0.0036363636363636364
24;19 Glycolaldehyde;0.0036363636363636364
25;20 Water;0.0036363636363636364
26;21 Hydrogen sulfide;0.0036363636363636364
27;22 Sulfur Monoxide ion;0.0036363636363636364
28;23 1,3-Butadiynyl radical;0.0036363636363636364
29;25 Fulminic acid;0.0036363636363636364
30;26 Trihydrogen ion;0.0036363636363636364
31;27 Methanimine;0.0036363636363636364
32;28 Nitrous Oxide;0.0036363636363636364
33;29 Propadienylidene;0.0036363636363636364
34;30 Ethylene Oxide;0.0036363636363636364
35;31 Ketenimine;0.0036363636363636364
36;32 2,4,6-Heptatriynenitrile;0.0036363636363636364
37;33 Aminoacetonitrile;0.0036363636363636364
38;34 Methanol;0.0036363636363636364
39;35 Ammonia;0.0036363636363636364
40;36 Formyl Radical;0.0036363636363636364
41;37 Methyl Cyanide;0.0036363636363636364
42;38 Molecular oxygen;0.0036363636363636364
43;39 Cyclopropenone;0.0036363636363636364
44;40 Carbonyl Sulfide;0.0036363636363636364
45;41 Acetaldehyde;0.0036363636363636364
46;42 Cyanomethylene;0.0036363636363636364
47;44 Formamide;0.0036363636363636364
48;45 Cyanobutadiyne;0.0036363636363636364
49;46 Sulfur Dioxide;0.0036363636363636364
50;47 Methyl isocyanide;0.0036363636363636364
51;48 Nitric sulfide;0.0036363636363636364
52;49 Methylene;0.0036363636363636364
53;50 Hydrochloric acid;0.0036363636363636364
54;51 Ethyne Isocyanide;0.0036363636363636364
55;52 Cyanide Radical;0.0036363636363636364
56;53 Nitric oxide;0.0036363636363636364
57;54 Cyanic acid;0.0036363636363636364
58;55 Formaldehyde;0.0036363636363636364
59;56 Sulfur Monoxide;0.0036363636363636364
60;57 Protonate 2-proynenitrile;0.0036363636363636364
61;58 Ethynyl;0.0036363636363636364
62;59 Ethylene Glycol;0.0036363636363636364
63;60 Hydrogen Cyanide;0.0036363636363636364
64;61 Fluoromethyliumylidene;0.0036363636363636364
65;62 Methylidyne;0.0036363636363636364
66;63 Thioxoethenylidene;0.0036363636363636364
67;64 Cyanomethanimine;0.0036363636363636364
68;65 Silicon Monoxide;0.0036363636363636364
69;67 Acetone;0.0036363636363636364
70;68 Carbon Monoxide;0.0036363636363636364
71;69 Phosphorous nitride;0.0036363636363636364
72;70 Thioformaldehyde;0.0036363636363636364
73;71 Diazenylium;0.0036363636363636364
74;72 Cyanoformaldehyde;0.0036363636363636364
75;73 Isothiocyanic acid;0.0036363636363636364
76;75 Hydrogen Isocyanide;0.0036363636363636364
77;76 Carbon Monosulfide;0.0036363636363636364
78;77 Methylamine;0.0036363636363636364
79;78 Protonated Carbon Dioxide;0.0036363636363636364
80;79 Formic Acid;0.0036363636363636364
81;80 Cyclopropenylidene;0.0036363636363636364
82;81 Cyanoacetylene;0.0036363636363636364
83;82 para-Oxidaniumyl;0.0036363636363636364
84;83 ortho-Oxidaniumyl;0.0036363636363636364
85;84 Nitrosyl hydride;0.0036363636363636364
