1;8 Methyliumylidene;0.33948598130841123
2;9 Iminomethylium;0.21682242990654205
3;61 Fluoromethyliumylidene;0.17710280373831774
4;75 Hydrogen Isocyanide;0.1689252336448598
5;76 Carbon Monosulfide;0.04158878504672897
6;0 Isocyanic Acid;0.0007009345794392523
7;1 Propenal;0.0007009345794392523
8;2 Ketene;0.0007009345794392523
9;3 Oxonium hydride;0.0007009345794392523
10;4 Thioformylium;0.0007009345794392523
11;5 Vinyl Cyanide;0.0007009345794392523
12;6 Methyl Formate;0.0007009345794392523
13;7 Hydroxyl;0.0007009345794392523
14;10 Hydroxymethylium ion;0.0007009345794392523
15;11 2-Propynal;0.0007009345794392523
16;12 Carbon Monosulfide;0.0007009345794392523
17;13 Cyanomethyl;0.0007009345794392523
18;14 Methyl Acetylene;0.0007009345794392523
19;15 2-Butynenitrile;0.0007009345794392523
20;16 Methyl formate vt01;0.0007009345794392523
21;17 Ethyl Cyanide;0.0007009345794392523
22;18 gauche-Ethanol;0.0007009345794392523
23;19 Glycolaldehyde;0.0007009345794392523
24;20 Water;0.0007009345794392523
25;21 Hydrogen sulfide;0.0007009345794392523
26;22 Sulfur Monoxide ion;0.0007009345794392523
27;23 1,3-Butadiynyl radical;0.0007009345794392523
28;24 Formylium;0.0007009345794392523
29;25 Fulminic acid;0.0007009345794392523
30;26 Trihydrogen ion;0.0007009345794392523
31;27 Methanimine;0.0007009345794392523
32;28 Nitrous Oxide;0.0007009345794392523
33;29 Propadienylidene;0.0007009345794392523
34;30 Ethylene Oxide;0.0007009345794392523
35;31 Ketenimine;0.0007009345794392523
36;32 2,4,6-Heptatriynenitrile;0.0007009345794392523
37;33 Aminoacetonitrile;0.0007009345794392523
38;34 Methanol;0.0007009345794392523
39;35 Ammonia;0.0007009345794392523
40;36 Formyl Radical;0.0007009345794392523
41;37 Methyl Cyanide;0.0007009345794392523
42;38 Molecular oxygen;0.0007009345794392523
43;39 Cyclopropenone;0.0007009345794392523
44;40 Carbonyl Sulfide;0.0007009345794392523
45;41 Acetaldehyde;0.0007009345794392523
46;42 Cyanomethylene;0.0007009345794392523
47;43 3-Thioxo-1,2-Propadieylidene;0.0007009345794392523
48;44 Formamide;0.0007009345794392523
49;45 Cyanobutadiyne;0.0007009345794392523
50;46 Sulfur Dioxide;0.0007009345794392523
51;47 Methyl isocyanide;0.0007009345794392523
52;48 Nitric sulfide;0.0007009345794392523
53;49 Methylene;0.0007009345794392523
54;50 Hydrochloric acid;0.0007009345794392523
55;51 Ethyne Isocyanide;0.0007009345794392523
56;52 Cyanide Radical;0.0007009345794392523
57;53 Nitric oxide;0.0007009345794392523
58;54 Cyanic acid;0.0007009345794392523
59;55 Formaldehyde;0.0007009345794392523
60;56 Sulfur Monoxide;0.0007009345794392523
61;57 Protonate 2-proynenitrile;0.0007009345794392523
62;58 Ethynyl;0.0007009345794392523
63;59 Ethylene Glycol;0.0007009345794392523
64;60 Hydrogen Cyanide;0.0007009345794392523
65;62 Methylidyne;0.0007009345794392523
66;63 Thioxoethenylidene;0.0007009345794392523
67;64 Cyanomethanimine;0.0007009345794392523
68;65 Silicon Monoxide;0.0007009345794392523
69;66 Dimethyl ether;0.0007009345794392523
70;67 Acetone;0.0007009345794392523
71;68 Carbon Monoxide;0.0007009345794392523
72;69 Phosphorous nitride;0.0007009345794392523
73;70 Thioformaldehyde;0.0007009345794392523
74;71 Diazenylium;0.0007009345794392523
75;72 Cyanoformaldehyde;0.0007009345794392523
76;73 Isothiocyanic acid;0.0007009345794392523
77;74 Vinyl Alcohol;0.0007009345794392523
78;77 Methylamine;0.0007009345794392523
79;78 Protonated Carbon Dioxide;0.0007009345794392523
80;79 Formic Acid;0.0007009345794392523
81;80 Cyclopropenylidene;0.0007009345794392523
82;81 Cyanoacetylene;0.0007009345794392523
83;82 para-Oxidaniumyl;0.0007009345794392523
84;83 ortho-Oxidaniumyl;0.0007009345794392523
85;84 Nitrosyl hydride;0.0007009345794392523
