1;22 Sulfur Monoxide ion;0.6231578947368421
2;4 Thioformylium;0.19157894736842107
3;34 Methanol;0.00912280701754386
4;56 Sulfur Monoxide;0.005614035087719299
5;0 Isocyanic Acid;0.002105263157894737
6;1 Propenal;0.002105263157894737
7;2 Ketene;0.002105263157894737
8;3 Oxonium hydride;0.002105263157894737
9;5 Vinyl Cyanide;0.002105263157894737
10;6 Methyl Formate;0.002105263157894737
11;7 Hydroxyl;0.002105263157894737
12;8 Methyliumylidene;0.002105263157894737
13;9 Iminomethylium;0.002105263157894737
14;10 Hydroxymethylium ion;0.002105263157894737
15;11 2-Propynal;0.002105263157894737
16;12 Carbon Monosulfide;0.002105263157894737
17;13 Cyanomethyl;0.002105263157894737
18;14 Methyl Acetylene;0.002105263157894737
19;15 2-Butynenitrile;0.002105263157894737
20;16 Methyl formate vt01;0.002105263157894737
21;17 Ethyl Cyanide;0.002105263157894737
22;18 gauche-Ethanol;0.002105263157894737
23;19 Glycolaldehyde;0.002105263157894737
24;20 Water;0.002105263157894737
25;21 Hydrogen sulfide;0.002105263157894737
26;23 1,3-Butadiynyl radical;0.002105263157894737
27;24 Formylium;0.002105263157894737
28;25 Fulminic acid;0.002105263157894737
29;26 Trihydrogen ion;0.002105263157894737
30;27 Methanimine;0.002105263157894737
31;28 Nitrous Oxide;0.002105263157894737
32;29 Propadienylidene;0.002105263157894737
33;30 Ethylene Oxide;0.002105263157894737
34;31 Ketenimine;0.002105263157894737
35;32 2,4,6-Heptatriynenitrile;0.002105263157894737
36;33 Aminoacetonitrile;0.002105263157894737
37;35 Ammonia;0.002105263157894737
38;36 Formyl Radical;0.002105263157894737
39;37 Methyl Cyanide;0.002105263157894737
40;38 Molecular oxygen;0.002105263157894737
41;39 Cyclopropenone;0.002105263157894737
42;40 Carbonyl Sulfide;0.002105263157894737
43;41 Acetaldehyde;0.002105263157894737
44;42 Cyanomethylene;0.002105263157894737
45;43 3-Thioxo-1,2-Propadieylidene;0.002105263157894737
46;44 Formamide;0.002105263157894737
47;45 Cyanobutadiyne;0.002105263157894737
48;46 Sulfur Dioxide;0.002105263157894737
49;47 Methyl isocyanide;0.002105263157894737
50;48 Nitric sulfide;0.002105263157894737
51;49 Methylene;0.002105263157894737
52;50 Hydrochloric acid;0.002105263157894737
53;51 Ethyne Isocyanide;0.002105263157894737
54;52 Cyanide Radical;0.002105263157894737
55;53 Nitric oxide;0.002105263157894737
56;54 Cyanic acid;0.002105263157894737
57;55 Formaldehyde;0.002105263157894737
58;57 Protonate 2-proynenitrile;0.002105263157894737
59;58 Ethynyl;0.002105263157894737
60;59 Ethylene Glycol;0.002105263157894737
61;60 Hydrogen Cyanide;0.002105263157894737
62;61 Fluoromethyliumylidene;0.002105263157894737
63;62 Methylidyne;0.002105263157894737
64;63 Thioxoethenylidene;0.002105263157894737
65;64 Cyanomethanimine;0.002105263157894737
66;65 Silicon Monoxide;0.002105263157894737
67;66 Dimethyl ether;0.002105263157894737
68;67 Acetone;0.002105263157894737
69;68 Carbon Monoxide;0.002105263157894737
70;69 Phosphorous nitride;0.002105263157894737
71;70 Thioformaldehyde;0.002105263157894737
72;71 Diazenylium;0.002105263157894737
73;72 Cyanoformaldehyde;0.002105263157894737
74;73 Isothiocyanic acid;0.002105263157894737
75;74 Vinyl Alcohol;0.002105263157894737
76;75 Hydrogen Isocyanide;0.002105263157894737
77;76 Carbon Monosulfide;0.002105263157894737
78;77 Methylamine;0.002105263157894737
79;78 Protonated Carbon Dioxide;0.002105263157894737
80;79 Formic Acid;0.002105263157894737
81;80 Cyclopropenylidene;0.002105263157894737
82;81 Cyanoacetylene;0.002105263157894737
83;82 para-Oxidaniumyl;0.002105263157894737
84;83 ortho-Oxidaniumyl;0.002105263157894737
85;84 Nitrosyl hydride;0.002105263157894737
