1;8 Methyliumylidene;0.5601626016260163
2;34 Methanol;0.2410569105691057
3;9 Iminomethylium;0.02357723577235772
4;60 Hydrogen Cyanide;0.017479674796747967
5;37 Methyl Cyanide;0.013414634146341463
6;66 Dimethyl ether;0.013414634146341463
7;46 Sulfur Dioxide;0.01138211382113821
8;75 Hydrogen Isocyanide;0.01138211382113821
9;57 Protonate 2-proynenitrile;0.005284552845528455
10;1 Propenal;0.0032520325203252032
11;5 Vinyl Cyanide;0.0032520325203252032
12;18 gauche-Ethanol;0.0032520325203252032
13;23 1,3-Butadiynyl radical;0.0032520325203252032
14;76 Carbon Monosulfide;0.0032520325203252032
15;0 Isocyanic Acid;0.0012195121951219512
16;2 Ketene;0.0012195121951219512
17;3 Oxonium hydride;0.0012195121951219512
18;4 Thioformylium;0.0012195121951219512
19;6 Methyl Formate;0.0012195121951219512
20;7 Hydroxyl;0.0012195121951219512
21;10 Hydroxymethylium ion;0.0012195121951219512
22;11 2-Propynal;0.0012195121951219512
23;12 Carbon Monosulfide;0.0012195121951219512
24;13 Cyanomethyl;0.0012195121951219512
25;14 Methyl Acetylene;0.0012195121951219512
26;15 2-Butynenitrile;0.0012195121951219512
27;16 Methyl formate vt01;0.0012195121951219512
28;17 Ethyl Cyanide;0.0012195121951219512
29;19 Glycolaldehyde;0.0012195121951219512
30;20 Water;0.0012195121951219512
31;21 Hydrogen sulfide;0.0012195121951219512
32;22 Sulfur Monoxide ion;0.0012195121951219512
33;24 Formylium;0.0012195121951219512
34;25 Fulminic acid;0.0012195121951219512
35;26 Trihydrogen ion;0.0012195121951219512
36;27 Methanimine;0.0012195121951219512
37;28 Nitrous Oxide;0.0012195121951219512
38;29 Propadienylidene;0.0012195121951219512
39;30 Ethylene Oxide;0.0012195121951219512
40;31 Ketenimine;0.0012195121951219512
41;32 2,4,6-Heptatriynenitrile;0.0012195121951219512
42;33 Aminoacetonitrile;0.0012195121951219512
43;35 Ammonia;0.0012195121951219512
44;36 Formyl Radical;0.0012195121951219512
45;38 Molecular oxygen;0.0012195121951219512
46;39 Cyclopropenone;0.0012195121951219512
47;40 Carbonyl Sulfide;0.0012195121951219512
48;41 Acetaldehyde;0.0012195121951219512
49;42 Cyanomethylene;0.0012195121951219512
50;43 3-Thioxo-1,2-Propadieylidene;0.0012195121951219512
51;44 Formamide;0.0012195121951219512
52;45 Cyanobutadiyne;0.0012195121951219512
53;47 Methyl isocyanide;0.0012195121951219512
54;48 Nitric sulfide;0.0012195121951219512
55;49 Methylene;0.0012195121951219512
56;50 Hydrochloric acid;0.0012195121951219512
57;51 Ethyne Isocyanide;0.0012195121951219512
58;52 Cyanide Radical;0.0012195121951219512
59;53 Nitric oxide;0.0012195121951219512
60;54 Cyanic acid;0.0012195121951219512
61;55 Formaldehyde;0.0012195121951219512
62;56 Sulfur Monoxide;0.0012195121951219512
63;58 Ethynyl;0.0012195121951219512
64;59 Ethylene Glycol;0.0012195121951219512
65;61 Fluoromethyliumylidene;0.0012195121951219512
66;62 Methylidyne;0.0012195121951219512
67;63 Thioxoethenylidene;0.0012195121951219512
68;64 Cyanomethanimine;0.0012195121951219512
69;65 Silicon Monoxide;0.0012195121951219512
70;67 Acetone;0.0012195121951219512
71;68 Carbon Monoxide;0.0012195121951219512
72;69 Phosphorous nitride;0.0012195121951219512
73;70 Thioformaldehyde;0.0012195121951219512
74;71 Diazenylium;0.0012195121951219512
75;72 Cyanoformaldehyde;0.0012195121951219512
76;73 Isothiocyanic acid;0.0012195121951219512
77;74 Vinyl Alcohol;0.0012195121951219512
78;77 Methylamine;0.0012195121951219512
79;78 Protonated Carbon Dioxide;0.0012195121951219512
80;79 Formic Acid;0.0012195121951219512
81;80 Cyclopropenylidene;0.0012195121951219512
82;81 Cyanoacetylene;0.0012195121951219512
83;82 para-Oxidaniumyl;0.0012195121951219512
84;83 ortho-Oxidaniumyl;0.0012195121951219512
85;84 Nitrosyl hydride;0.0012195121951219512
