HD163296_CO_2_1.image;model_extragalactic_tr_500it;1;9 Methyliumylidene;0.5351043643263756
HD163296_CO_2_1.image;model_extragalactic_tr_500it;2;0 Methylidyne;0.013282732447817835
HD163296_CO_2_1.image;model_extragalactic_tr_500it;3;1 1,3-Butadiynyl radical;0.013282732447817835
HD163296_CO_2_1.image;model_extragalactic_tr_500it;4;2 Formaldehyde;0.013282732447817835
HD163296_CO_2_1.image;model_extragalactic_tr_500it;5;3 Sulfur dioxide;0.013282732447817835
HD163296_CO_2_1.image;model_extragalactic_2_500it;1;9 Methyliumylidene;0.5351043643263756
HD163296_CO_2_1.image;model_extragalactic_2_500it;2;0 Methylidyne;0.013282732447817835
HD163296_CO_2_1.image;model_extragalactic_2_500it;3;1 1,3-Butadiynyl radical;0.013282732447817835
HD163296_CO_2_1.image;model_extragalactic_2_500it;4;2 Formaldehyde;0.013282732447817835
HD163296_CO_2_1.image;model_extragalactic_2_500it;5;3 Sulfur dioxide;0.013282732447817835
HD163296_CO_2_1.image;model_extragalactic_full_500it;1;9 Methyliumylidene;0.5351043643263756
HD163296_CO_2_1.image;model_extragalactic_full_500it;2;0 Methylidyne;0.013282732447817835
HD163296_CO_2_1.image;model_extragalactic_full_500it;3;1 1,3-Butadiynyl radical;0.013282732447817835
HD163296_CO_2_1.image;model_extragalactic_full_500it;4;2 Formaldehyde;0.013282732447817835
HD163296_CO_2_1.image;model_extragalactic_full_500it;5;3 Sulfur dioxide;0.013282732447817835
HD163296_CO_2_1.image;model_extragalactic_full_expanded_00002_500it;1;32 Molecular oxygen;0.52561669829222
HD163296_CO_2_1.image;model_extragalactic_full_expanded_00002_500it;2;9 Methyliumylidene;0.022770398481973434
HD163296_CO_2_1.image;model_extragalactic_full_expanded_00002_500it;3;0 Methylidyne;0.013282732447817835
HD163296_CO_2_1.image;model_extragalactic_full_expanded_00002_500it;4;1 1,3-Butadiynyl radical;0.013282732447817835
HD163296_CO_2_1.image;model_extragalactic_full_expanded_00002_500it;5;2 Formaldehyde;0.013282732447817835
HD163296_CO_2_1.image;model_extragalactic_full_expanded_00010_500it;1;4 Carbon Monoxide;0.5351043643263756
HD163296_CO_2_1.image;model_extragalactic_full_expanded_00010_500it;2;0 Methylidyne;0.013282732447817835
HD163296_CO_2_1.image;model_extragalactic_full_expanded_00010_500it;3;1 1,3-Butadiynyl radical;0.013282732447817835
HD163296_CO_2_1.image;model_extragalactic_full_expanded_00010_500it;4;2 Formaldehyde;0.013282732447817835
HD163296_CO_2_1.image;model_extragalactic_full_expanded_00010_500it;5;3 Sulfur dioxide;0.013282732447817835
uid___A002_Xa916fc_X668__IRS43_HCO32.final.image.pbcor;model_extragalactic_tr_500it;1;9 Methyliumylidene;0.8928727590730214
uid___A002_Xa916fc_X668__IRS43_HCO32.final.image.pbcor;model_extragalactic_tr_500it;2;0 Methylidyne;0.003060778312199388
uid___A002_Xa916fc_X668__IRS43_HCO32.final.image.pbcor;model_extragalactic_tr_500it;3;1 1,3-Butadiynyl radical;0.003060778312199388
uid___A002_Xa916fc_X668__IRS43_HCO32.final.image.pbcor;model_extragalactic_tr_500it;4;2 Formaldehyde;0.003060778312199388
uid___A002_Xa916fc_X668__IRS43_HCO32.final.image.pbcor;model_extragalactic_tr_500it;5;3 Sulfur dioxide;0.003060778312199388
uid___A002_Xa916fc_X668__IRS43_HCO32.final.image.pbcor;model_extragalactic_2_500it;1;9 Methyliumylidene;0.8928727590730214
uid___A002_Xa916fc_X668__IRS43_HCO32.final.image.pbcor;model_extragalactic_2_500it;2;0 Methylidyne;0.003060778312199388
uid___A002_Xa916fc_X668__IRS43_HCO32.final.image.pbcor;model_extragalactic_2_500it;3;1 1,3-Butadiynyl radical;0.003060778312199388
uid___A002_Xa916fc_X668__IRS43_HCO32.final.image.pbcor;model_extragalactic_2_500it;4;2 Formaldehyde;0.003060778312199388
uid___A002_Xa916fc_X668__IRS43_HCO32.final.image.pbcor;model_extragalactic_2_500it;5;3 Sulfur dioxide;0.003060778312199388
uid___A002_Xa916fc_X668__IRS43_HCO32.final.image.pbcor;model_extragalactic_full_500it;1;9 Methyliumylidene;0.8928727590730214
uid___A002_Xa916fc_X668__IRS43_HCO32.final.image.pbcor;model_extragalactic_full_500it;2;0 Methylidyne;0.003060778312199388
uid___A002_Xa916fc_X668__IRS43_HCO32.final.image.pbcor;model_extragalactic_full_500it;3;1 1,3-Butadiynyl radical;0.003060778312199388
uid___A002_Xa916fc_X668__IRS43_HCO32.final.image.pbcor;model_extragalactic_full_500it;4;2 Formaldehyde;0.003060778312199388
uid___A002_Xa916fc_X668__IRS43_HCO32.final.image.pbcor;model_extragalactic_full_500it;5;3 Sulfur dioxide;0.003060778312199388
uid___A002_Xa916fc_X668__IRS43_HCO32.final.image.pbcor;model_extragalactic_full_expanded_00002_500it;1;24 Cyanoacetylene;0.8906864888500219
uid___A002_Xa916fc_X668__IRS43_HCO32.final.image.pbcor;model_extragalactic_full_expanded_00002_500it;2;34 Formylium;0.005247048535198951
uid___A002_Xa916fc_X668__IRS43_HCO32.final.image.pbcor;model_extragalactic_full_expanded_00002_500it;3;0 Methylidyne;0.003060778312199388
uid___A002_Xa916fc_X668__IRS43_HCO32.final.image.pbcor;model_extragalactic_full_expanded_00002_500it;4;1 1,3-Butadiynyl radical;0.003060778312199388
uid___A002_Xa916fc_X668__IRS43_HCO32.final.image.pbcor;model_extragalactic_full_expanded_00002_500it;5;2 Formaldehyde;0.003060778312199388
uid___A002_Xa916fc_X668__IRS43_HCO32.final.image.pbcor;model_extragalactic_full_expanded_00010_500it;1;15 Thioxoethenylidene;0.8928727590730214
uid___A002_Xa916fc_X668__IRS43_HCO32.final.image.pbcor;model_extragalactic_full_expanded_00010_500it;2;0 Methylidyne;0.003060778312199388
uid___A002_Xa916fc_X668__IRS43_HCO32.final.image.pbcor;model_extragalactic_full_expanded_00010_500it;3;1 1,3-Butadiynyl radical;0.003060778312199388
uid___A002_Xa916fc_X668__IRS43_HCO32.final.image.pbcor;model_extragalactic_full_expanded_00010_500it;4;2 Formaldehyde;0.003060778312199388
uid___A002_Xa916fc_X668__IRS43_HCO32.final.image.pbcor;model_extragalactic_full_expanded_00010_500it;5;3 Sulfur dioxide;0.003060778312199388
TWHydra_HCOplusline.image;model_extragalactic_tr_500it;1;33 Hydrogen Isocyanide;0.32795698924731176
TWHydra_HCOplusline.image;model_extragalactic_tr_500it;2;34 Formylium;0.03225806451612903
TWHydra_HCOplusline.image;model_extragalactic_tr_500it;3;0 Methylidyne;0.018817204301075266
TWHydra_HCOplusline.image;model_extragalactic_tr_500it;4;1 1,3-Butadiynyl radical;0.018817204301075266
TWHydra_HCOplusline.image;model_extragalactic_tr_500it;5;2 Formaldehyde;0.018817204301075266
TWHydra_HCOplusline.image;model_extragalactic_2_500it;1;26 Silicon Monoxide;0.32795698924731176
TWHydra_HCOplusline.image;model_extragalactic_2_500it;2;34 Formylium;0.03225806451612903
TWHydra_HCOplusline.image;model_extragalactic_2_500it;3;0 Methylidyne;0.018817204301075266
TWHydra_HCOplusline.image;model_extragalactic_2_500it;4;1 1,3-Butadiynyl radical;0.018817204301075266
TWHydra_HCOplusline.image;model_extragalactic_2_500it;5;2 Formaldehyde;0.018817204301075266
TWHydra_HCOplusline.image;model_extragalactic_full_500it;1;26 Silicon Monoxide;0.34139784946236557
TWHydra_HCOplusline.image;model_extragalactic_full_500it;2;0 Methylidyne;0.018817204301075266
TWHydra_HCOplusline.image;model_extragalactic_full_500it;3;1 1,3-Butadiynyl radical;0.018817204301075266
TWHydra_HCOplusline.image;model_extragalactic_full_500it;4;2 Formaldehyde;0.018817204301075266
TWHydra_HCOplusline.image;model_extragalactic_full_500it;5;3 Sulfur dioxide;0.018817204301075266
TWHydra_HCOplusline.image;model_extragalactic_full_expanded_00002_500it;1;34 Formylium;0.34139784946236557
TWHydra_HCOplusline.image;model_extragalactic_full_expanded_00002_500it;2;0 Methylidyne;0.018817204301075266
TWHydra_HCOplusline.image;model_extragalactic_full_expanded_00002_500it;3;1 1,3-Butadiynyl radical;0.018817204301075266
TWHydra_HCOplusline.image;model_extragalactic_full_expanded_00002_500it;4;2 Formaldehyde;0.018817204301075266
TWHydra_HCOplusline.image;model_extragalactic_full_expanded_00002_500it;5;3 Sulfur dioxide;0.018817204301075266
TWHydra_HCOplusline.image;model_extragalactic_full_expanded_00010_500it;1;34 Formylium;0.34139784946236557
TWHydra_HCOplusline.image;model_extragalactic_full_expanded_00010_500it;2;0 Methylidyne;0.018817204301075266
TWHydra_HCOplusline.image;model_extragalactic_full_expanded_00010_500it;3;1 1,3-Butadiynyl radical;0.018817204301075266
TWHydra_HCOplusline.image;model_extragalactic_full_expanded_00010_500it;4;2 Formaldehyde;0.018817204301075266
TWHydra_HCOplusline.image;model_extragalactic_full_expanded_00010_500it;5;3 Sulfur dioxide;0.018817204301075266
DMTau.CS_5-4.image;model_extragalactic_tr_500it;1;9 Methyliumylidene;0.3232044198895027
DMTau.CS_5-4.image;model_extragalactic_tr_500it;2;0 Methylidyne;0.01933701657458563
DMTau.CS_5-4.image;model_extragalactic_tr_500it;3;1 1,3-Butadiynyl radical;0.01933701657458563
DMTau.CS_5-4.image;model_extragalactic_tr_500it;4;2 Formaldehyde;0.01933701657458563
DMTau.CS_5-4.image;model_extragalactic_tr_500it;5;3 Sulfur dioxide;0.01933701657458563
DMTau.CS_5-4.image;model_extragalactic_2_500it;1;9 Methyliumylidene;0.3232044198895027
DMTau.CS_5-4.image;model_extragalactic_2_500it;2;0 Methylidyne;0.01933701657458563
DMTau.CS_5-4.image;model_extragalactic_2_500it;3;1 1,3-Butadiynyl radical;0.01933701657458563
DMTau.CS_5-4.image;model_extragalactic_2_500it;4;2 Formaldehyde;0.01933701657458563
DMTau.CS_5-4.image;model_extragalactic_2_500it;5;3 Sulfur dioxide;0.01933701657458563
DMTau.CS_5-4.image;model_extragalactic_full_500it;1;26 Silicon Monoxide;0.3232044198895027
DMTau.CS_5-4.image;model_extragalactic_full_500it;2;0 Methylidyne;0.01933701657458563
DMTau.CS_5-4.image;model_extragalactic_full_500it;3;1 1,3-Butadiynyl radical;0.01933701657458563
DMTau.CS_5-4.image;model_extragalactic_full_500it;4;2 Formaldehyde;0.01933701657458563
DMTau.CS_5-4.image;model_extragalactic_full_500it;5;3 Sulfur dioxide;0.01933701657458563
DMTau.CS_5-4.image;model_extragalactic_full_expanded_00002_500it;1;30 Carbon Monosulfide;0.3232044198895027
DMTau.CS_5-4.image;model_extragalactic_full_expanded_00002_500it;2;0 Methylidyne;0.01933701657458563
DMTau.CS_5-4.image;model_extragalactic_full_expanded_00002_500it;3;1 1,3-Butadiynyl radical;0.01933701657458563
DMTau.CS_5-4.image;model_extragalactic_full_expanded_00002_500it;4;2 Formaldehyde;0.01933701657458563
DMTau.CS_5-4.image;model_extragalactic_full_expanded_00002_500it;5;3 Sulfur dioxide;0.01933701657458563
DMTau.CS_5-4.image;model_extragalactic_full_expanded_00010_500it;1;30 Carbon Monosulfide;0.3232044198895027
DMTau.CS_5-4.image;model_extragalactic_full_expanded_00010_500it;2;0 Methylidyne;0.01933701657458563
DMTau.CS_5-4.image;model_extragalactic_full_expanded_00010_500it;3;1 1,3-Butadiynyl radical;0.01933701657458563
DMTau.CS_5-4.image;model_extragalactic_full_expanded_00010_500it;4;2 Formaldehyde;0.01933701657458563
DMTau.CS_5-4.image;model_extragalactic_full_expanded_00010_500it;5;3 Sulfur dioxide;0.01933701657458563
TWHydra_CO3_2line.image;model_extragalactic_tr_500it;1;9 Methyliumylidene;0.390547263681592
TWHydra_CO3_2line.image;model_extragalactic_tr_500it;2;0 Methylidyne;0.01741293532338308
TWHydra_CO3_2line.image;model_extragalactic_tr_500it;3;1 1,3-Butadiynyl radical;0.01741293532338308
TWHydra_CO3_2line.image;model_extragalactic_tr_500it;4;2 Formaldehyde;0.01741293532338308
TWHydra_CO3_2line.image;model_extragalactic_tr_500it;5;3 Sulfur dioxide;0.01741293532338308
TWHydra_CO3_2line.image;model_extragalactic_2_500it;1;9 Methyliumylidene;0.390547263681592
TWHydra_CO3_2line.image;model_extragalactic_2_500it;2;0 Methylidyne;0.01741293532338308
TWHydra_CO3_2line.image;model_extragalactic_2_500it;3;1 1,3-Butadiynyl radical;0.01741293532338308
TWHydra_CO3_2line.image;model_extragalactic_2_500it;4;2 Formaldehyde;0.01741293532338308
TWHydra_CO3_2line.image;model_extragalactic_2_500it;5;3 Sulfur dioxide;0.01741293532338308
TWHydra_CO3_2line.image;model_extragalactic_full_500it;1;11 Ethynyl;0.390547263681592
TWHydra_CO3_2line.image;model_extragalactic_full_500it;2;0 Methylidyne;0.01741293532338308
TWHydra_CO3_2line.image;model_extragalactic_full_500it;3;1 1,3-Butadiynyl radical;0.01741293532338308
TWHydra_CO3_2line.image;model_extragalactic_full_500it;4;2 Formaldehyde;0.01741293532338308
TWHydra_CO3_2line.image;model_extragalactic_full_500it;5;3 Sulfur dioxide;0.01741293532338308
TWHydra_CO3_2line.image;model_extragalactic_full_expanded_00002_500it;1;26 Silicon Monoxide;0.3532338308457711
TWHydra_CO3_2line.image;model_extragalactic_full_expanded_00002_500it;2;4 Carbon Monoxide;0.029850746268656712
TWHydra_CO3_2line.image;model_extragalactic_full_expanded_00002_500it;3;9 Methyliumylidene;0.029850746268656712
TWHydra_CO3_2line.image;model_extragalactic_full_expanded_00002_500it;4;18 Cyclopropenylidene;0.029850746268656712
TWHydra_CO3_2line.image;model_extragalactic_full_expanded_00002_500it;5;0 Methylidyne;0.01741293532338308
TWHydra_CO3_2line.image;model_extragalactic_full_expanded_00010_500it;1;4 Carbon Monoxide;0.390547263681592
TWHydra_CO3_2line.image;model_extragalactic_full_expanded_00010_500it;2;0 Methylidyne;0.01741293532338308
TWHydra_CO3_2line.image;model_extragalactic_full_expanded_00010_500it;3;1 1,3-Butadiynyl radical;0.01741293532338308
TWHydra_CO3_2line.image;model_extragalactic_full_expanded_00010_500it;4;2 Formaldehyde;0.01741293532338308
TWHydra_CO3_2line.image;model_extragalactic_full_expanded_00010_500it;5;3 Sulfur dioxide;0.01741293532338308
Orion.HNC.cbc.contsub.image;model_extragalactic_tr_500it;1;9 Methyliumylidene;0.8313090418353577
Orion.HNC.cbc.contsub.image;model_extragalactic_tr_500it;2;15 Thioxoethenylidene;0.008097165991902834
Orion.HNC.cbc.contsub.image;model_extragalactic_tr_500it;3;0 Methylidyne;0.004723346828609987
Orion.HNC.cbc.contsub.image;model_extragalactic_tr_500it;4;1 1,3-Butadiynyl radical;0.004723346828609987
Orion.HNC.cbc.contsub.image;model_extragalactic_tr_500it;5;2 Formaldehyde;0.004723346828609987
Orion.HNC.cbc.contsub.image;model_extragalactic_2_500it;1;9 Methyliumylidene;0.8346828609986505
Orion.HNC.cbc.contsub.image;model_extragalactic_2_500it;2;0 Methylidyne;0.004723346828609987
Orion.HNC.cbc.contsub.image;model_extragalactic_2_500it;3;1 1,3-Butadiynyl radical;0.004723346828609987
Orion.HNC.cbc.contsub.image;model_extragalactic_2_500it;4;2 Formaldehyde;0.004723346828609987
Orion.HNC.cbc.contsub.image;model_extragalactic_2_500it;5;3 Sulfur dioxide;0.004723346828609987
Orion.HNC.cbc.contsub.image;model_extragalactic_full_500it;1;9 Methyliumylidene;0.8346828609986505
Orion.HNC.cbc.contsub.image;model_extragalactic_full_500it;2;0 Methylidyne;0.004723346828609987
Orion.HNC.cbc.contsub.image;model_extragalactic_full_500it;3;1 1,3-Butadiynyl radical;0.004723346828609987
Orion.HNC.cbc.contsub.image;model_extragalactic_full_500it;4;2 Formaldehyde;0.004723346828609987
Orion.HNC.cbc.contsub.image;model_extragalactic_full_500it;5;3 Sulfur dioxide;0.004723346828609987
Orion.HNC.cbc.contsub.image;model_extragalactic_full_expanded_00002_500it;1;33 Hydrogen Isocyanide;0.8346828609986505
Orion.HNC.cbc.contsub.image;model_extragalactic_full_expanded_00002_500it;2;0 Methylidyne;0.004723346828609987
Orion.HNC.cbc.contsub.image;model_extragalactic_full_expanded_00002_500it;3;1 1,3-Butadiynyl radical;0.004723346828609987
Orion.HNC.cbc.contsub.image;model_extragalactic_full_expanded_00002_500it;4;2 Formaldehyde;0.004723346828609987
Orion.HNC.cbc.contsub.image;model_extragalactic_full_expanded_00002_500it;5;3 Sulfur dioxide;0.004723346828609987
Orion.HNC.cbc.contsub.image;model_extragalactic_full_expanded_00010_500it;1;9 Methyliumylidene;0.8346828609986505
Orion.HNC.cbc.contsub.image;model_extragalactic_full_expanded_00010_500it;2;0 Methylidyne;0.004723346828609987
Orion.HNC.cbc.contsub.image;model_extragalactic_full_expanded_00010_500it;3;1 1,3-Butadiynyl radical;0.004723346828609987
Orion.HNC.cbc.contsub.image;model_extragalactic_full_expanded_00010_500it;4;2 Formaldehyde;0.004723346828609987
Orion.HNC.cbc.contsub.image;model_extragalactic_full_expanded_00010_500it;5;3 Sulfur dioxide;0.004723346828609987
Orion.methanol.cbc.contsub.image;model_extragalactic_tr_500it;1;26 Silicon Monoxide;0.6826424870466321
Orion.methanol.cbc.contsub.image;model_extragalactic_tr_500it;2;0 Methylidyne;0.009067357512953367
Orion.methanol.cbc.contsub.image;model_extragalactic_tr_500it;3;1 1,3-Butadiynyl radical;0.009067357512953367
Orion.methanol.cbc.contsub.image;model_extragalactic_tr_500it;4;2 Formaldehyde;0.009067357512953367
Orion.methanol.cbc.contsub.image;model_extragalactic_tr_500it;5;3 Sulfur dioxide;0.009067357512953367
Orion.methanol.cbc.contsub.image;model_extragalactic_2_500it;1;9 Methyliumylidene;0.6826424870466321
Orion.methanol.cbc.contsub.image;model_extragalactic_2_500it;2;0 Methylidyne;0.009067357512953367
Orion.methanol.cbc.contsub.image;model_extragalactic_2_500it;3;1 1,3-Butadiynyl radical;0.009067357512953367
Orion.methanol.cbc.contsub.image;model_extragalactic_2_500it;4;2 Formaldehyde;0.009067357512953367
Orion.methanol.cbc.contsub.image;model_extragalactic_2_500it;5;3 Sulfur dioxide;0.009067357512953367
Orion.methanol.cbc.contsub.image;model_extragalactic_full_500it;1;9 Methyliumylidene;0.5854922279792746
Orion.methanol.cbc.contsub.image;model_extragalactic_full_500it;2;33 Hydrogen Isocyanide;0.10621761658031087
Orion.methanol.cbc.contsub.image;model_extragalactic_full_500it;3;0 Methylidyne;0.009067357512953367
Orion.methanol.cbc.contsub.image;model_extragalactic_full_500it;4;1 1,3-Butadiynyl radical;0.009067357512953367
Orion.methanol.cbc.contsub.image;model_extragalactic_full_500it;5;2 Formaldehyde;0.009067357512953367
Orion.methanol.cbc.contsub.image;model_extragalactic_full_expanded_00002_500it;1;12 Carbonyl Sulfide;0.6826424870466321
Orion.methanol.cbc.contsub.image;model_extragalactic_full_expanded_00002_500it;2;0 Methylidyne;0.009067357512953367
Orion.methanol.cbc.contsub.image;model_extragalactic_full_expanded_00002_500it;3;1 1,3-Butadiynyl radical;0.009067357512953367
Orion.methanol.cbc.contsub.image;model_extragalactic_full_expanded_00002_500it;4;2 Formaldehyde;0.009067357512953367
Orion.methanol.cbc.contsub.image;model_extragalactic_full_expanded_00002_500it;5;3 Sulfur dioxide;0.009067357512953367
Orion.methanol.cbc.contsub.image;model_extragalactic_full_expanded_00010_500it;1;6 Carbon Monoxide Ion;0.6826424870466321
Orion.methanol.cbc.contsub.image;model_extragalactic_full_expanded_00010_500it;2;0 Methylidyne;0.009067357512953367
Orion.methanol.cbc.contsub.image;model_extragalactic_full_expanded_00010_500it;3;1 1,3-Butadiynyl radical;0.009067357512953367
Orion.methanol.cbc.contsub.image;model_extragalactic_full_expanded_00010_500it;4;2 Formaldehyde;0.009067357512953367
Orion.methanol.cbc.contsub.image;model_extragalactic_full_expanded_00010_500it;5;3 Sulfur dioxide;0.009067357512953367
