1;17 Nitrosyl hydride;0.29651162790697666
2;99 Magnesium hydride isocyanide;0.02034883720930232
3;115 Isothiocyanic acid;0.02034883720930232
4;0 Dimethyl ether;0.005813953488372092
5;1 Butatrienylidene;0.005813953488372092
6;2 Trihydrogen ion;0.005813953488372092
7;3 Nitrous Oxide;0.005813953488372092
8;4 Methyl Acetylene;0.005813953488372092
9;5 Ethylene Glycol;0.005813953488372092
10;6 Methyl Cyanide;0.005813953488372092
11;7 Thioformylium;0.005813953488372092
12;8 para-Oxidaniumyl;0.005813953488372092
13;9 Hydrogen Cyanide;0.005813953488372092
14;10 Titanium monoxide;0.005813953488372092
15;11 Cyanide Radical;0.005813953488372092
16;12 Formic Acid;0.005813953488372092
17;13 Nitric sulfide;0.005813953488372092
18;14 Iminomethylium;0.005813953488372092
19;15 Aluminum monoxide;0.005813953488372092
20;16 Methyl isocyanate;0.005813953488372092
21;18 Propynylidynium;0.005813953488372092
22;19 Magnesium Cyanide;0.005813953488372092
23;20 Diazenylium;0.005813953488372092
24;21 Methylamine;0.005813953488372092
25;22 Chloronium;0.005813953488372092
26;23 Silicon monosulfide;0.005813953488372092
27;24 Phosphorus Monoxide;0.005813953488372092
28;25 Cyclopropenone;0.005813953488372092
29;26 Carbon Monoxide Ion;0.005813953488372092
30;27 Sodium Cyanide;0.005813953488372092
31;28 Nitric oxide;0.005813953488372092
32;29 Silicon Cyanide;0.005813953488372092
33;30 Ethyne Isocyanide;0.005813953488372092
34;31 Sodium Chloride;0.005813953488372092
35;32 Cyanoacetylene;0.005813953488372092
36;33 Sulfur Monoxide;0.005813953488372092
37;34 Aluminum Isocyanitrile;0.005813953488372092
38;35 Cyanobutadiyne;0.005813953488372092
39;36 Silicon Mononitride;0.005813953488372092
40;37 Carbon Monoxide;0.005813953488372092
41;38 Propadienylidene;0.005813953488372092
42;39 Methanimine;0.005813953488372092
43;40 Aluminum Monofluoride;0.005813953488372092
44;41 Formamide;0.005813953488372092
45;42 Aminoacetonitrile;0.005813953488372092
46;43 Ammonia;0.005813953488372092
47;44 gauche-Ethanol;0.005813953488372092
48;45 Protonate 2-proynenitrile;0.005813953488372092
49;46 Carbonyl Sulfide;0.005813953488372092
50;47 Thioxoethenylidene;0.005813953488372092
51;48 Ethyl cyanide;0.005813953488372092
52;49 Water;0.005813953488372092
53;50 Methyl Formate;0.005813953488372092
54;51 Acetaldehyde;0.005813953488372092
55;52 Ketenimine;0.005813953488372092
56;53 Propenal;0.005813953488372092
57;54 Methyl isocyanide;0.005813953488372092
58;55 iso-propyl cyanide;0.005813953488372092
59;56 Hydrogen cyanide;0.005813953488372092
60;57 Protonated Carbon Dioxide;0.005813953488372092
61;58 Methylidyne;0.005813953488372092
62;59 Ketene;0.005813953488372092
63;60 Silicon Monoxide;0.005813953488372092
64;61 Acetone;0.005813953488372092
65;62 Vinyl Cyanide;0.005813953488372092
66;63 Silicon monoxide (global fit);0.005813953488372092
67;64 Cyclopropenylidene;0.005813953488372092
68;65 Magnesium Isocyanide;0.005813953488372092
69;66 Cyanobutadiynylide anion;0.005813953488372092
70;67 Formaldehyde;0.005813953488372092
71;68 Carbon Monosulfide;0.005813953488372092
72;69 Fulminic acid;0.005813953488372092
73;70 trans-Ethanol;0.005813953488372092
74;71 Silicon Carbide;0.005813953488372092
75;72 Formylium;0.005813953488372092
76;73 Ethylene Oxide;0.005813953488372092
77;74 Sulfur dioxide;0.005813953488372092
78;75 Carbon Monophosphide;0.005813953488372092
79;76 Sulfur Monoxide ion;0.005813953488372092
80;77 Methanol;0.005813953488372092
81;78 Sulfur Dioxide;0.005813953488372092
82;79 Cyanoformaldehyde;0.005813953488372092
83;80 Isocyanic Acid;0.005813953488372092
84;81 Silicon Isocyanide;0.005813953488372092
85;82 Methylene amidogen;0.005813953488372092
86;83 Silicon Monocarbide;0.005813953488372092
87;84 Phosphaethyne;0.005813953488372092
88;85 Aluminum Monochloride;0.005813953488372092
89;86 Cyanoallene;0.005813953488372092
90;87 Methyl diacetylene;0.005813953488372092
91;88 Cyanomethylene;0.005813953488372092
92;89 Phosphapropynylidyne;0.005813953488372092
93;90 Cyanomethyl;0.005813953488372092
94;91 Hydrogen Isocyanide;0.005813953488372092
95;92 Hydrogen sulfide;0.005813953488372092
96;93 Hydroxyl;0.005813953488372092
97;94 Glycolaldehyde;0.005813953488372092
98;95 Cyanide anion;0.005813953488372092
99;96 2-Propynal;0.005813953488372092
100;97 Ethynyl;0.005813953488372092
101;98 Phosphorous nitride;0.005813953488372092
102;100 Potassium chloride;0.005813953488372092
103;101 Silicon tetracarbide;0.005813953488372092
104;102 Ethyl Cyanide;0.005813953488372092
105;103 Cyanamide;0.005813953488372092
106;104 Amidogen;0.005813953488372092
107;105 Hydroxymethylidyne;0.005813953488372092
108;106 Formyl Radical;0.005813953488372092
109;107 Vinyl Alcohol;0.005813953488372092
110;108 ortho-Oxidaniumyl;0.005813953488372092
111;109 Cyanoethynylide ion;0.005813953488372092
112;110 Oxoethenylidene;0.005813953488372092
113;111 2-Butynenitrile;0.005813953488372092
114;112 Cyanoethynyl;0.005813953488372092
115;113 Hydroxymethylium ion;0.005813953488372092
116;114 Thioformaldehyde;0.005813953488372092
117;116 Cyanic acid;0.005813953488372092
