1;69 Fulminic acid;0.17092337917485262
2;99 Magnesium hydride isocyanide;0.10216110019646364
3;37 Carbon Monoxide;0.09233791748526522
4;7 Thioformylium;0.07269155206286837
5;18 Propynylidynium;0.06286836935166994
6;83 Silicon Monocarbide;0.06286836935166994
7;0 Dimethyl ether;0.003929273084479371
8;1 Butatrienylidene;0.003929273084479371
9;2 Trihydrogen ion;0.003929273084479371
10;3 Nitrous Oxide;0.003929273084479371
11;4 Methyl Acetylene;0.003929273084479371
12;5 Ethylene Glycol;0.003929273084479371
13;6 Methyl Cyanide;0.003929273084479371
14;8 para-Oxidaniumyl;0.003929273084479371
15;9 Hydrogen Cyanide;0.003929273084479371
16;10 Titanium monoxide;0.003929273084479371
17;11 Cyanide Radical;0.003929273084479371
18;12 Formic Acid;0.003929273084479371
19;13 Nitric sulfide;0.003929273084479371
20;14 Iminomethylium;0.003929273084479371
21;15 Aluminum monoxide;0.003929273084479371
22;16 Methyl isocyanate;0.003929273084479371
23;17 Nitrosyl hydride;0.003929273084479371
24;19 Magnesium Cyanide;0.003929273084479371
25;20 Diazenylium;0.003929273084479371
26;21 Methylamine;0.003929273084479371
27;22 Chloronium;0.003929273084479371
28;23 Silicon monosulfide;0.003929273084479371
29;24 Phosphorus Monoxide;0.003929273084479371
30;25 Cyclopropenone;0.003929273084479371
31;26 Carbon Monoxide Ion;0.003929273084479371
32;27 Sodium Cyanide;0.003929273084479371
33;28 Nitric oxide;0.003929273084479371
34;29 Silicon Cyanide;0.003929273084479371
35;30 Ethyne Isocyanide;0.003929273084479371
36;31 Sodium Chloride;0.003929273084479371
37;32 Cyanoacetylene;0.003929273084479371
38;33 Sulfur Monoxide;0.003929273084479371
39;34 Aluminum Isocyanitrile;0.003929273084479371
40;35 Cyanobutadiyne;0.003929273084479371
41;36 Silicon Mononitride;0.003929273084479371
42;38 Propadienylidene;0.003929273084479371
43;39 Methanimine;0.003929273084479371
44;40 Aluminum Monofluoride;0.003929273084479371
45;41 Formamide;0.003929273084479371
46;42 Aminoacetonitrile;0.003929273084479371
47;43 Ammonia;0.003929273084479371
48;44 gauche-Ethanol;0.003929273084479371
49;45 Protonate 2-proynenitrile;0.003929273084479371
50;46 Carbonyl Sulfide;0.003929273084479371
51;47 Thioxoethenylidene;0.003929273084479371
52;48 Ethyl cyanide;0.003929273084479371
53;49 Water;0.003929273084479371
54;50 Methyl Formate;0.003929273084479371
55;51 Acetaldehyde;0.003929273084479371
56;52 Ketenimine;0.003929273084479371
57;53 Propenal;0.003929273084479371
58;54 Methyl isocyanide;0.003929273084479371
59;55 iso-propyl cyanide;0.003929273084479371
60;56 Hydrogen cyanide;0.003929273084479371
61;57 Protonated Carbon Dioxide;0.003929273084479371
62;58 Methylidyne;0.003929273084479371
63;59 Ketene;0.003929273084479371
64;60 Silicon Monoxide;0.003929273084479371
65;61 Acetone;0.003929273084479371
66;62 Vinyl Cyanide;0.003929273084479371
67;63 Silicon monoxide (global fit);0.003929273084479371
68;64 Cyclopropenylidene;0.003929273084479371
69;65 Magnesium Isocyanide;0.003929273084479371
70;66 Cyanobutadiynylide anion;0.003929273084479371
71;67 Formaldehyde;0.003929273084479371
72;68 Carbon Monosulfide;0.003929273084479371
73;70 trans-Ethanol;0.003929273084479371
74;71 Silicon Carbide;0.003929273084479371
75;72 Formylium;0.003929273084479371
76;73 Ethylene Oxide;0.003929273084479371
77;74 Sulfur dioxide;0.003929273084479371
78;75 Carbon Monophosphide;0.003929273084479371
79;76 Sulfur Monoxide ion;0.003929273084479371
80;77 Methanol;0.003929273084479371
81;78 Sulfur Dioxide;0.003929273084479371
82;79 Cyanoformaldehyde;0.003929273084479371
83;80 Isocyanic Acid;0.003929273084479371
84;81 Silicon Isocyanide;0.003929273084479371
85;82 Methylene amidogen;0.003929273084479371
86;84 Phosphaethyne;0.003929273084479371
87;85 Aluminum Monochloride;0.003929273084479371
88;86 Cyanoallene;0.003929273084479371
89;87 Methyl diacetylene;0.003929273084479371
90;88 Cyanomethylene;0.003929273084479371
91;89 Phosphapropynylidyne;0.003929273084479371
92;90 Cyanomethyl;0.003929273084479371
93;91 Hydrogen Isocyanide;0.003929273084479371
94;92 Hydrogen sulfide;0.003929273084479371
95;93 Hydroxyl;0.003929273084479371
96;94 Glycolaldehyde;0.003929273084479371
97;95 Cyanide anion;0.003929273084479371
98;96 2-Propynal;0.003929273084479371
99;97 Ethynyl;0.003929273084479371
100;98 Phosphorous nitride;0.003929273084479371
101;100 Potassium chloride;0.003929273084479371
102;101 Silicon tetracarbide;0.003929273084479371
103;102 Ethyl Cyanide;0.003929273084479371
104;103 Cyanamide;0.003929273084479371
105;104 Amidogen;0.003929273084479371
106;105 Hydroxymethylidyne;0.003929273084479371
107;106 Formyl Radical;0.003929273084479371
108;107 Vinyl Alcohol;0.003929273084479371
109;108 ortho-Oxidaniumyl;0.003929273084479371
110;109 Cyanoethynylide ion;0.003929273084479371
111;110 Oxoethenylidene;0.003929273084479371
112;111 2-Butynenitrile;0.003929273084479371
113;112 Cyanoethynyl;0.003929273084479371
114;113 Hydroxymethylium ion;0.003929273084479371
115;114 Thioformaldehyde;0.003929273084479371
116;115 Isothiocyanic acid;0.003929273084479371
117;116 Cyanic acid;0.003929273084479371
