1;57 Protonated Carbon Dioxide;0.8381147540983607
2;74 Sulfur dioxide;0.004781420765027322
3;0 Dimethyl ether;0.001366120218579235
4;1 Butatrienylidene;0.001366120218579235
5;2 Trihydrogen ion;0.001366120218579235
6;3 Nitrous Oxide;0.001366120218579235
7;4 Methyl Acetylene;0.001366120218579235
8;5 Ethylene Glycol;0.001366120218579235
9;6 Methyl Cyanide;0.001366120218579235
10;7 Thioformylium;0.001366120218579235
11;8 para-Oxidaniumyl;0.001366120218579235
12;9 Hydrogen Cyanide;0.001366120218579235
13;10 Titanium monoxide;0.001366120218579235
14;11 Cyanide Radical;0.001366120218579235
15;12 Formic Acid;0.001366120218579235
16;13 Nitric sulfide;0.001366120218579235
17;14 Iminomethylium;0.001366120218579235
18;15 Aluminum monoxide;0.001366120218579235
19;16 Methyl isocyanate;0.001366120218579235
20;17 Nitrosyl hydride;0.001366120218579235
21;18 Propynylidynium;0.001366120218579235
22;19 Magnesium Cyanide;0.001366120218579235
23;20 Diazenylium;0.001366120218579235
24;21 Methylamine;0.001366120218579235
25;22 Chloronium;0.001366120218579235
26;23 Silicon monosulfide;0.001366120218579235
27;24 Phosphorus Monoxide;0.001366120218579235
28;25 Cyclopropenone;0.001366120218579235
29;26 Carbon Monoxide Ion;0.001366120218579235
30;27 Sodium Cyanide;0.001366120218579235
31;28 Nitric oxide;0.001366120218579235
32;29 Silicon Cyanide;0.001366120218579235
33;30 Ethyne Isocyanide;0.001366120218579235
34;31 Sodium Chloride;0.001366120218579235
35;32 Cyanoacetylene;0.001366120218579235
36;33 Sulfur Monoxide;0.001366120218579235
37;34 Aluminum Isocyanitrile;0.001366120218579235
38;35 Cyanobutadiyne;0.001366120218579235
39;36 Silicon Mononitride;0.001366120218579235
40;37 Carbon Monoxide;0.001366120218579235
41;38 Propadienylidene;0.001366120218579235
42;39 Methanimine;0.001366120218579235
43;40 Aluminum Monofluoride;0.001366120218579235
44;41 Formamide;0.001366120218579235
45;42 Aminoacetonitrile;0.001366120218579235
46;43 Ammonia;0.001366120218579235
47;44 gauche-Ethanol;0.001366120218579235
48;45 Protonate 2-proynenitrile;0.001366120218579235
49;46 Carbonyl Sulfide;0.001366120218579235
50;47 Thioxoethenylidene;0.001366120218579235
51;48 Ethyl cyanide;0.001366120218579235
52;49 Water;0.001366120218579235
53;50 Methyl Formate;0.001366120218579235
54;51 Acetaldehyde;0.001366120218579235
55;52 Ketenimine;0.001366120218579235
56;53 Propenal;0.001366120218579235
57;54 Methyl isocyanide;0.001366120218579235
58;55 iso-propyl cyanide;0.001366120218579235
59;56 Hydrogen cyanide;0.001366120218579235
60;58 Methylidyne;0.001366120218579235
61;59 Ketene;0.001366120218579235
62;60 Silicon Monoxide;0.001366120218579235
63;61 Acetone;0.001366120218579235
64;62 Vinyl Cyanide;0.001366120218579235
65;63 Silicon monoxide (global fit);0.001366120218579235
66;64 Cyclopropenylidene;0.001366120218579235
67;65 Magnesium Isocyanide;0.001366120218579235
68;66 Cyanobutadiynylide anion;0.001366120218579235
69;67 Formaldehyde;0.001366120218579235
70;68 Carbon Monosulfide;0.001366120218579235
71;69 Fulminic acid;0.001366120218579235
72;70 trans-Ethanol;0.001366120218579235
73;71 Silicon Carbide;0.001366120218579235
74;72 Formylium;0.001366120218579235
75;73 Ethylene Oxide;0.001366120218579235
76;75 Carbon Monophosphide;0.001366120218579235
77;76 Sulfur Monoxide ion;0.001366120218579235
78;77 Methanol;0.001366120218579235
79;78 Sulfur Dioxide;0.001366120218579235
80;79 Cyanoformaldehyde;0.001366120218579235
81;80 Isocyanic Acid;0.001366120218579235
82;81 Silicon Isocyanide;0.001366120218579235
83;82 Methylene amidogen;0.001366120218579235
84;83 Silicon Monocarbide;0.001366120218579235
85;84 Phosphaethyne;0.001366120218579235
86;85 Aluminum Monochloride;0.001366120218579235
87;86 Cyanoallene;0.001366120218579235
88;87 Methyl diacetylene;0.001366120218579235
89;88 Cyanomethylene;0.001366120218579235
90;89 Phosphapropynylidyne;0.001366120218579235
91;90 Cyanomethyl;0.001366120218579235
92;91 Hydrogen Isocyanide;0.001366120218579235
93;92 Hydrogen sulfide;0.001366120218579235
94;93 Hydroxyl;0.001366120218579235
95;94 Glycolaldehyde;0.001366120218579235
96;95 Cyanide anion;0.001366120218579235
97;96 2-Propynal;0.001366120218579235
98;97 Ethynyl;0.001366120218579235
99;98 Phosphorous nitride;0.001366120218579235
100;99 Magnesium hydride isocyanide;0.001366120218579235
101;100 Potassium chloride;0.001366120218579235
102;101 Silicon tetracarbide;0.001366120218579235
103;102 Ethyl Cyanide;0.001366120218579235
104;103 Cyanamide;0.001366120218579235
105;104 Amidogen;0.001366120218579235
106;105 Hydroxymethylidyne;0.001366120218579235
107;106 Formyl Radical;0.001366120218579235
108;107 Vinyl Alcohol;0.001366120218579235
109;108 ortho-Oxidaniumyl;0.001366120218579235
110;109 Cyanoethynylide ion;0.001366120218579235
111;110 Oxoethenylidene;0.001366120218579235
112;111 2-Butynenitrile;0.001366120218579235
113;112 Cyanoethynyl;0.001366120218579235
114;113 Hydroxymethylium ion;0.001366120218579235
115;114 Thioformaldehyde;0.001366120218579235
116;115 Isothiocyanic acid;0.001366120218579235
117;116 Cyanic acid;0.001366120218579235
