1;72 Formylium;0.882327016306743
2;53 Propenal;0.007492287351256059
3;19 Magnesium Cyanide;0.005288673424416042
4;13 Nitric sulfide;0.0030850594975760245
5;33 Sulfur Monoxide;0.0030850594975760245
6;0 Dimethyl ether;0.0008814455707360071
7;1 Butatrienylidene;0.0008814455707360071
8;2 Trihydrogen ion;0.0008814455707360071
9;3 Nitrous Oxide;0.0008814455707360071
10;4 Methyl Acetylene;0.0008814455707360071
11;5 Ethylene Glycol;0.0008814455707360071
12;6 Methyl Cyanide;0.0008814455707360071
13;7 Thioformylium;0.0008814455707360071
14;8 para-Oxidaniumyl;0.0008814455707360071
15;9 Hydrogen Cyanide;0.0008814455707360071
16;10 Titanium monoxide;0.0008814455707360071
17;11 Cyanide Radical;0.0008814455707360071
18;12 Formic Acid;0.0008814455707360071
19;14 Iminomethylium;0.0008814455707360071
20;15 Aluminum monoxide;0.0008814455707360071
21;16 Methyl isocyanate;0.0008814455707360071
22;17 Nitrosyl hydride;0.0008814455707360071
23;18 Propynylidynium;0.0008814455707360071
24;20 Diazenylium;0.0008814455707360071
25;21 Methylamine;0.0008814455707360071
26;22 Chloronium;0.0008814455707360071
27;23 Silicon monosulfide;0.0008814455707360071
28;24 Phosphorus Monoxide;0.0008814455707360071
29;25 Cyclopropenone;0.0008814455707360071
30;26 Carbon Monoxide Ion;0.0008814455707360071
31;27 Sodium Cyanide;0.0008814455707360071
32;28 Nitric oxide;0.0008814455707360071
33;29 Silicon Cyanide;0.0008814455707360071
34;30 Ethyne Isocyanide;0.0008814455707360071
35;31 Sodium Chloride;0.0008814455707360071
36;32 Cyanoacetylene;0.0008814455707360071
37;34 Aluminum Isocyanitrile;0.0008814455707360071
38;35 Cyanobutadiyne;0.0008814455707360071
39;36 Silicon Mononitride;0.0008814455707360071
40;37 Carbon Monoxide;0.0008814455707360071
41;38 Propadienylidene;0.0008814455707360071
42;39 Methanimine;0.0008814455707360071
43;40 Aluminum Monofluoride;0.0008814455707360071
44;41 Formamide;0.0008814455707360071
45;42 Aminoacetonitrile;0.0008814455707360071
46;43 Ammonia;0.0008814455707360071
47;44 gauche-Ethanol;0.0008814455707360071
48;45 Protonate 2-proynenitrile;0.0008814455707360071
49;46 Carbonyl Sulfide;0.0008814455707360071
50;47 Thioxoethenylidene;0.0008814455707360071
51;48 Ethyl cyanide;0.0008814455707360071
52;49 Water;0.0008814455707360071
53;50 Methyl Formate;0.0008814455707360071
54;51 Acetaldehyde;0.0008814455707360071
55;52 Ketenimine;0.0008814455707360071
56;54 Methyl isocyanide;0.0008814455707360071
57;55 iso-propyl cyanide;0.0008814455707360071
58;56 Hydrogen cyanide;0.0008814455707360071
59;57 Protonated Carbon Dioxide;0.0008814455707360071
60;58 Methylidyne;0.0008814455707360071
61;59 Ketene;0.0008814455707360071
62;60 Silicon Monoxide;0.0008814455707360071
63;61 Acetone;0.0008814455707360071
64;62 Vinyl Cyanide;0.0008814455707360071
65;63 Silicon monoxide (global fit);0.0008814455707360071
66;64 Cyclopropenylidene;0.0008814455707360071
67;65 Magnesium Isocyanide;0.0008814455707360071
68;66 Cyanobutadiynylide anion;0.0008814455707360071
69;67 Formaldehyde;0.0008814455707360071
70;68 Carbon Monosulfide;0.0008814455707360071
71;69 Fulminic acid;0.0008814455707360071
72;70 trans-Ethanol;0.0008814455707360071
73;71 Silicon Carbide;0.0008814455707360071
74;73 Ethylene Oxide;0.0008814455707360071
75;74 Sulfur dioxide;0.0008814455707360071
76;75 Carbon Monophosphide;0.0008814455707360071
77;76 Sulfur Monoxide ion;0.0008814455707360071
78;77 Methanol;0.0008814455707360071
79;78 Sulfur Dioxide;0.0008814455707360071
80;79 Cyanoformaldehyde;0.0008814455707360071
81;80 Isocyanic Acid;0.0008814455707360071
82;81 Silicon Isocyanide;0.0008814455707360071
83;82 Methylene amidogen;0.0008814455707360071
84;83 Silicon Monocarbide;0.0008814455707360071
85;84 Phosphaethyne;0.0008814455707360071
86;85 Aluminum Monochloride;0.0008814455707360071
87;86 Cyanoallene;0.0008814455707360071
88;87 Methyl diacetylene;0.0008814455707360071
89;88 Cyanomethylene;0.0008814455707360071
90;89 Phosphapropynylidyne;0.0008814455707360071
91;90 Cyanomethyl;0.0008814455707360071
92;91 Hydrogen Isocyanide;0.0008814455707360071
93;92 Hydrogen sulfide;0.0008814455707360071
94;93 Hydroxyl;0.0008814455707360071
95;94 Glycolaldehyde;0.0008814455707360071
96;95 Cyanide anion;0.0008814455707360071
97;96 2-Propynal;0.0008814455707360071
98;97 Ethynyl;0.0008814455707360071
99;98 Phosphorous nitride;0.0008814455707360071
100;99 Magnesium hydride isocyanide;0.0008814455707360071
101;100 Potassium chloride;0.0008814455707360071
102;101 Silicon tetracarbide;0.0008814455707360071
103;102 Ethyl Cyanide;0.0008814455707360071
104;103 Cyanamide;0.0008814455707360071
105;104 Amidogen;0.0008814455707360071
106;105 Hydroxymethylidyne;0.0008814455707360071
107;106 Formyl Radical;0.0008814455707360071
108;107 Vinyl Alcohol;0.0008814455707360071
109;108 ortho-Oxidaniumyl;0.0008814455707360071
110;109 Cyanoethynylide ion;0.0008814455707360071
111;110 Oxoethenylidene;0.0008814455707360071
112;111 2-Butynenitrile;0.0008814455707360071
113;112 Cyanoethynyl;0.0008814455707360071
114;113 Hydroxymethylium ion;0.0008814455707360071
115;114 Thioformaldehyde;0.0008814455707360071
116;115 Isothiocyanic acid;0.0008814455707360071
117;116 Cyanic acid;0.0008814455707360071
