1;18 Propynylidynium;0.3520561685055166
2;45 Protonate 2-proynenitrile;0.22668004012036108
3;93 Hydroxyl;0.11384152457372115
4;84 Phosphaethyne;0.10882647943831494
5;98 Phosphorous nitride;0.08625877632898696
6;0 Dimethyl ether;0.0010030090270812437
7;1 Butatrienylidene;0.0010030090270812437
8;2 Trihydrogen ion;0.0010030090270812437
9;3 Nitrous Oxide;0.0010030090270812437
10;4 Methyl Acetylene;0.0010030090270812437
11;5 Ethylene Glycol;0.0010030090270812437
12;6 Methyl Cyanide;0.0010030090270812437
13;7 Thioformylium;0.0010030090270812437
14;8 para-Oxidaniumyl;0.0010030090270812437
15;9 Hydrogen Cyanide;0.0010030090270812437
16;10 Titanium monoxide;0.0010030090270812437
17;11 Cyanide Radical;0.0010030090270812437
18;12 Formic Acid;0.0010030090270812437
19;13 Nitric sulfide;0.0010030090270812437
20;14 Iminomethylium;0.0010030090270812437
21;15 Aluminum monoxide;0.0010030090270812437
22;16 Methyl isocyanate;0.0010030090270812437
23;17 Nitrosyl hydride;0.0010030090270812437
24;19 Magnesium Cyanide;0.0010030090270812437
25;20 Diazenylium;0.0010030090270812437
26;21 Methylamine;0.0010030090270812437
27;22 Chloronium;0.0010030090270812437
28;23 Silicon monosulfide;0.0010030090270812437
29;24 Phosphorus Monoxide;0.0010030090270812437
30;25 Cyclopropenone;0.0010030090270812437
31;26 Carbon Monoxide Ion;0.0010030090270812437
32;27 Sodium Cyanide;0.0010030090270812437
33;28 Nitric oxide;0.0010030090270812437
34;29 Silicon Cyanide;0.0010030090270812437
35;30 Ethyne Isocyanide;0.0010030090270812437
36;31 Sodium Chloride;0.0010030090270812437
37;32 Cyanoacetylene;0.0010030090270812437
38;33 Sulfur Monoxide;0.0010030090270812437
39;34 Aluminum Isocyanitrile;0.0010030090270812437
40;35 Cyanobutadiyne;0.0010030090270812437
41;36 Silicon Mononitride;0.0010030090270812437
42;37 Carbon Monoxide;0.0010030090270812437
43;38 Propadienylidene;0.0010030090270812437
44;39 Methanimine;0.0010030090270812437
45;40 Aluminum Monofluoride;0.0010030090270812437
46;41 Formamide;0.0010030090270812437
47;42 Aminoacetonitrile;0.0010030090270812437
48;43 Ammonia;0.0010030090270812437
49;44 gauche-Ethanol;0.0010030090270812437
50;46 Carbonyl Sulfide;0.0010030090270812437
51;47 Thioxoethenylidene;0.0010030090270812437
52;48 Ethyl cyanide;0.0010030090270812437
53;49 Water;0.0010030090270812437
54;50 Methyl Formate;0.0010030090270812437
55;51 Acetaldehyde;0.0010030090270812437
56;52 Ketenimine;0.0010030090270812437
57;53 Propenal;0.0010030090270812437
58;54 Methyl isocyanide;0.0010030090270812437
59;55 iso-propyl cyanide;0.0010030090270812437
60;56 Hydrogen cyanide;0.0010030090270812437
61;57 Protonated Carbon Dioxide;0.0010030090270812437
62;58 Methylidyne;0.0010030090270812437
63;59 Ketene;0.0010030090270812437
64;60 Silicon Monoxide;0.0010030090270812437
65;61 Acetone;0.0010030090270812437
66;62 Vinyl Cyanide;0.0010030090270812437
67;63 Silicon monoxide (global fit);0.0010030090270812437
68;64 Cyclopropenylidene;0.0010030090270812437
69;65 Magnesium Isocyanide;0.0010030090270812437
70;66 Cyanobutadiynylide anion;0.0010030090270812437
71;67 Formaldehyde;0.0010030090270812437
72;68 Carbon Monosulfide;0.0010030090270812437
73;69 Fulminic acid;0.0010030090270812437
74;70 trans-Ethanol;0.0010030090270812437
75;71 Silicon Carbide;0.0010030090270812437
76;72 Formylium;0.0010030090270812437
77;73 Ethylene Oxide;0.0010030090270812437
78;74 Sulfur dioxide;0.0010030090270812437
79;75 Carbon Monophosphide;0.0010030090270812437
80;76 Sulfur Monoxide ion;0.0010030090270812437
81;77 Methanol;0.0010030090270812437
82;78 Sulfur Dioxide;0.0010030090270812437
83;79 Cyanoformaldehyde;0.0010030090270812437
84;80 Isocyanic Acid;0.0010030090270812437
85;81 Silicon Isocyanide;0.0010030090270812437
86;82 Methylene amidogen;0.0010030090270812437
87;83 Silicon Monocarbide;0.0010030090270812437
88;85 Aluminum Monochloride;0.0010030090270812437
89;86 Cyanoallene;0.0010030090270812437
90;87 Methyl diacetylene;0.0010030090270812437
91;88 Cyanomethylene;0.0010030090270812437
92;89 Phosphapropynylidyne;0.0010030090270812437
93;90 Cyanomethyl;0.0010030090270812437
94;91 Hydrogen Isocyanide;0.0010030090270812437
95;92 Hydrogen sulfide;0.0010030090270812437
96;94 Glycolaldehyde;0.0010030090270812437
97;95 Cyanide anion;0.0010030090270812437
98;96 2-Propynal;0.0010030090270812437
99;97 Ethynyl;0.0010030090270812437
100;99 Magnesium hydride isocyanide;0.0010030090270812437
101;100 Potassium chloride;0.0010030090270812437
102;101 Silicon tetracarbide;0.0010030090270812437
103;102 Ethyl Cyanide;0.0010030090270812437
104;103 Cyanamide;0.0010030090270812437
105;104 Amidogen;0.0010030090270812437
106;105 Hydroxymethylidyne;0.0010030090270812437
107;106 Formyl Radical;0.0010030090270812437
108;107 Vinyl Alcohol;0.0010030090270812437
109;108 ortho-Oxidaniumyl;0.0010030090270812437
110;109 Cyanoethynylide ion;0.0010030090270812437
111;110 Oxoethenylidene;0.0010030090270812437
112;111 2-Butynenitrile;0.0010030090270812437
113;112 Cyanoethynyl;0.0010030090270812437
114;113 Hydroxymethylium ion;0.0010030090270812437
115;114 Thioformaldehyde;0.0010030090270812437
116;115 Isothiocyanic acid;0.0010030090270812437
117;116 Cyanic acid;0.0010030090270812437
