1;43 Ammonia;0.8761283851554663
2;34 Aluminum Isocyanitrile;0.0035105315947843527
3;62 Vinyl Cyanide;0.0035105315947843527
4;67 Formaldehyde;0.0035105315947843527
5;0 Dimethyl ether;0.0010030090270812437
6;1 Butatrienylidene;0.0010030090270812437
7;2 Trihydrogen ion;0.0010030090270812437
8;3 Nitrous Oxide;0.0010030090270812437
9;4 Methyl Acetylene;0.0010030090270812437
10;5 Ethylene Glycol;0.0010030090270812437
11;6 Methyl Cyanide;0.0010030090270812437
12;7 Thioformylium;0.0010030090270812437
13;8 para-Oxidaniumyl;0.0010030090270812437
14;9 Hydrogen Cyanide;0.0010030090270812437
15;10 Titanium monoxide;0.0010030090270812437
16;11 Cyanide Radical;0.0010030090270812437
17;12 Formic Acid;0.0010030090270812437
18;13 Nitric sulfide;0.0010030090270812437
19;14 Iminomethylium;0.0010030090270812437
20;15 Aluminum monoxide;0.0010030090270812437
21;16 Methyl isocyanate;0.0010030090270812437
22;17 Nitrosyl hydride;0.0010030090270812437
23;18 Propynylidynium;0.0010030090270812437
24;19 Magnesium Cyanide;0.0010030090270812437
25;20 Diazenylium;0.0010030090270812437
26;21 Methylamine;0.0010030090270812437
27;22 Chloronium;0.0010030090270812437
28;23 Silicon monosulfide;0.0010030090270812437
29;24 Phosphorus Monoxide;0.0010030090270812437
30;25 Cyclopropenone;0.0010030090270812437
31;26 Carbon Monoxide Ion;0.0010030090270812437
32;27 Sodium Cyanide;0.0010030090270812437
33;28 Nitric oxide;0.0010030090270812437
34;29 Silicon Cyanide;0.0010030090270812437
35;30 Ethyne Isocyanide;0.0010030090270812437
36;31 Sodium Chloride;0.0010030090270812437
37;32 Cyanoacetylene;0.0010030090270812437
38;33 Sulfur Monoxide;0.0010030090270812437
39;35 Cyanobutadiyne;0.0010030090270812437
40;36 Silicon Mononitride;0.0010030090270812437
41;37 Carbon Monoxide;0.0010030090270812437
42;38 Propadienylidene;0.0010030090270812437
43;39 Methanimine;0.0010030090270812437
44;40 Aluminum Monofluoride;0.0010030090270812437
45;41 Formamide;0.0010030090270812437
46;42 Aminoacetonitrile;0.0010030090270812437
47;44 gauche-Ethanol;0.0010030090270812437
48;45 Protonate 2-proynenitrile;0.0010030090270812437
49;46 Carbonyl Sulfide;0.0010030090270812437
50;47 Thioxoethenylidene;0.0010030090270812437
51;48 Ethyl cyanide;0.0010030090270812437
52;49 Water;0.0010030090270812437
53;50 Methyl Formate;0.0010030090270812437
54;51 Acetaldehyde;0.0010030090270812437
55;52 Ketenimine;0.0010030090270812437
56;53 Propenal;0.0010030090270812437
57;54 Methyl isocyanide;0.0010030090270812437
58;55 iso-propyl cyanide;0.0010030090270812437
59;56 Hydrogen cyanide;0.0010030090270812437
60;57 Protonated Carbon Dioxide;0.0010030090270812437
61;58 Methylidyne;0.0010030090270812437
62;59 Ketene;0.0010030090270812437
63;60 Silicon Monoxide;0.0010030090270812437
64;61 Acetone;0.0010030090270812437
65;63 Silicon monoxide (global fit);0.0010030090270812437
66;64 Cyclopropenylidene;0.0010030090270812437
67;65 Magnesium Isocyanide;0.0010030090270812437
68;66 Cyanobutadiynylide anion;0.0010030090270812437
69;68 Carbon Monosulfide;0.0010030090270812437
70;69 Fulminic acid;0.0010030090270812437
71;70 trans-Ethanol;0.0010030090270812437
72;71 Silicon Carbide;0.0010030090270812437
73;72 Formylium;0.0010030090270812437
74;73 Ethylene Oxide;0.0010030090270812437
75;74 Sulfur dioxide;0.0010030090270812437
76;75 Carbon Monophosphide;0.0010030090270812437
77;76 Sulfur Monoxide ion;0.0010030090270812437
78;77 Methanol;0.0010030090270812437
79;78 Sulfur Dioxide;0.0010030090270812437
80;79 Cyanoformaldehyde;0.0010030090270812437
81;80 Isocyanic Acid;0.0010030090270812437
82;81 Silicon Isocyanide;0.0010030090270812437
83;82 Methylene amidogen;0.0010030090270812437
84;83 Silicon Monocarbide;0.0010030090270812437
85;84 Phosphaethyne;0.0010030090270812437
86;85 Aluminum Monochloride;0.0010030090270812437
87;86 Cyanoallene;0.0010030090270812437
88;87 Methyl diacetylene;0.0010030090270812437
89;88 Cyanomethylene;0.0010030090270812437
90;89 Phosphapropynylidyne;0.0010030090270812437
91;90 Cyanomethyl;0.0010030090270812437
92;91 Hydrogen Isocyanide;0.0010030090270812437
93;92 Hydrogen sulfide;0.0010030090270812437
94;93 Hydroxyl;0.0010030090270812437
95;94 Glycolaldehyde;0.0010030090270812437
96;95 Cyanide anion;0.0010030090270812437
97;96 2-Propynal;0.0010030090270812437
98;97 Ethynyl;0.0010030090270812437
99;98 Phosphorous nitride;0.0010030090270812437
100;99 Magnesium hydride isocyanide;0.0010030090270812437
101;100 Potassium chloride;0.0010030090270812437
102;101 Silicon tetracarbide;0.0010030090270812437
103;102 Ethyl Cyanide;0.0010030090270812437
104;103 Cyanamide;0.0010030090270812437
105;104 Amidogen;0.0010030090270812437
106;105 Hydroxymethylidyne;0.0010030090270812437
107;106 Formyl Radical;0.0010030090270812437
108;107 Vinyl Alcohol;0.0010030090270812437
109;108 ortho-Oxidaniumyl;0.0010030090270812437
110;109 Cyanoethynylide ion;0.0010030090270812437
111;110 Oxoethenylidene;0.0010030090270812437
112;111 2-Butynenitrile;0.0010030090270812437
113;112 Cyanoethynyl;0.0010030090270812437
114;113 Hydroxymethylium ion;0.0010030090270812437
115;114 Thioformaldehyde;0.0010030090270812437
116;115 Isothiocyanic acid;0.0010030090270812437
117;116 Cyanic acid;0.0010030090270812437
