1;98 Phosphorous nitride;0.8567367822626492
2;15 Aluminum monoxide;0.003979533826037521
3;45 Protonate 2-proynenitrile;0.003979533826037521
4;95 Cyanide anion;0.003979533826037521
5;96 2-Propynal;0.003979533826037521
6;0 Dimethyl ether;0.0011370096645821489
7;1 Butatrienylidene;0.0011370096645821489
8;2 Trihydrogen ion;0.0011370096645821489
9;3 Nitrous Oxide;0.0011370096645821489
10;4 Methyl Acetylene;0.0011370096645821489
11;5 Ethylene Glycol;0.0011370096645821489
12;6 Methyl Cyanide;0.0011370096645821489
13;7 Thioformylium;0.0011370096645821489
14;8 para-Oxidaniumyl;0.0011370096645821489
15;9 Hydrogen Cyanide;0.0011370096645821489
16;10 Titanium monoxide;0.0011370096645821489
17;11 Cyanide Radical;0.0011370096645821489
18;12 Formic Acid;0.0011370096645821489
19;13 Nitric sulfide;0.0011370096645821489
20;14 Iminomethylium;0.0011370096645821489
21;16 Methyl isocyanate;0.0011370096645821489
22;17 Nitrosyl hydride;0.0011370096645821489
23;18 Propynylidynium;0.0011370096645821489
24;19 Magnesium Cyanide;0.0011370096645821489
25;20 Diazenylium;0.0011370096645821489
26;21 Methylamine;0.0011370096645821489
27;22 Chloronium;0.0011370096645821489
28;23 Silicon monosulfide;0.0011370096645821489
29;24 Phosphorus Monoxide;0.0011370096645821489
30;25 Cyclopropenone;0.0011370096645821489
31;26 Carbon Monoxide Ion;0.0011370096645821489
32;27 Sodium Cyanide;0.0011370096645821489
33;28 Nitric oxide;0.0011370096645821489
34;29 Silicon Cyanide;0.0011370096645821489
35;30 Ethyne Isocyanide;0.0011370096645821489
36;31 Sodium Chloride;0.0011370096645821489
37;32 Cyanoacetylene;0.0011370096645821489
38;33 Sulfur Monoxide;0.0011370096645821489
39;34 Aluminum Isocyanitrile;0.0011370096645821489
40;35 Cyanobutadiyne;0.0011370096645821489
41;36 Silicon Mononitride;0.0011370096645821489
42;37 Carbon Monoxide;0.0011370096645821489
43;38 Propadienylidene;0.0011370096645821489
44;39 Methanimine;0.0011370096645821489
45;40 Aluminum Monofluoride;0.0011370096645821489
46;41 Formamide;0.0011370096645821489
47;42 Aminoacetonitrile;0.0011370096645821489
48;43 Ammonia;0.0011370096645821489
49;44 gauche-Ethanol;0.0011370096645821489
50;46 Carbonyl Sulfide;0.0011370096645821489
51;47 Thioxoethenylidene;0.0011370096645821489
52;48 Ethyl cyanide;0.0011370096645821489
53;49 Water;0.0011370096645821489
54;50 Methyl Formate;0.0011370096645821489
55;51 Acetaldehyde;0.0011370096645821489
56;52 Ketenimine;0.0011370096645821489
57;53 Propenal;0.0011370096645821489
58;54 Methyl isocyanide;0.0011370096645821489
59;55 iso-propyl cyanide;0.0011370096645821489
60;56 Hydrogen cyanide;0.0011370096645821489
61;57 Protonated Carbon Dioxide;0.0011370096645821489
62;58 Methylidyne;0.0011370096645821489
63;59 Ketene;0.0011370096645821489
64;60 Silicon Monoxide;0.0011370096645821489
65;61 Acetone;0.0011370096645821489
66;62 Vinyl Cyanide;0.0011370096645821489
67;63 Silicon monoxide (global fit);0.0011370096645821489
68;64 Cyclopropenylidene;0.0011370096645821489
69;65 Magnesium Isocyanide;0.0011370096645821489
70;66 Cyanobutadiynylide anion;0.0011370096645821489
71;67 Formaldehyde;0.0011370096645821489
72;68 Carbon Monosulfide;0.0011370096645821489
73;69 Fulminic acid;0.0011370096645821489
74;70 trans-Ethanol;0.0011370096645821489
75;71 Silicon Carbide;0.0011370096645821489
76;72 Formylium;0.0011370096645821489
77;73 Ethylene Oxide;0.0011370096645821489
78;74 Sulfur dioxide;0.0011370096645821489
79;75 Carbon Monophosphide;0.0011370096645821489
80;76 Sulfur Monoxide ion;0.0011370096645821489
81;77 Methanol;0.0011370096645821489
82;78 Sulfur Dioxide;0.0011370096645821489
83;79 Cyanoformaldehyde;0.0011370096645821489
84;80 Isocyanic Acid;0.0011370096645821489
85;81 Silicon Isocyanide;0.0011370096645821489
86;82 Methylene amidogen;0.0011370096645821489
87;83 Silicon Monocarbide;0.0011370096645821489
88;84 Phosphaethyne;0.0011370096645821489
89;85 Aluminum Monochloride;0.0011370096645821489
90;86 Cyanoallene;0.0011370096645821489
91;87 Methyl diacetylene;0.0011370096645821489
92;88 Cyanomethylene;0.0011370096645821489
93;89 Phosphapropynylidyne;0.0011370096645821489
94;90 Cyanomethyl;0.0011370096645821489
95;91 Hydrogen Isocyanide;0.0011370096645821489
96;92 Hydrogen sulfide;0.0011370096645821489
97;93 Hydroxyl;0.0011370096645821489
98;94 Glycolaldehyde;0.0011370096645821489
99;97 Ethynyl;0.0011370096645821489
100;99 Magnesium hydride isocyanide;0.0011370096645821489
101;100 Potassium chloride;0.0011370096645821489
102;101 Silicon tetracarbide;0.0011370096645821489
103;102 Ethyl Cyanide;0.0011370096645821489
104;103 Cyanamide;0.0011370096645821489
105;104 Amidogen;0.0011370096645821489
106;105 Hydroxymethylidyne;0.0011370096645821489
107;106 Formyl Radical;0.0011370096645821489
108;107 Vinyl Alcohol;0.0011370096645821489
109;108 ortho-Oxidaniumyl;0.0011370096645821489
110;109 Cyanoethynylide ion;0.0011370096645821489
111;110 Oxoethenylidene;0.0011370096645821489
112;111 2-Butynenitrile;0.0011370096645821489
113;112 Cyanoethynyl;0.0011370096645821489
114;113 Hydroxymethylium ion;0.0011370096645821489
115;114 Thioformaldehyde;0.0011370096645821489
116;115 Isothiocyanic acid;0.0011370096645821489
117;116 Cyanic acid;0.0011370096645821489
