uid___A002_Xa916fc_X668__IRS43_HCO32.final.image.pbcor;model_alma_band_6_tr_500it;1;15 Aluminum monoxide;0.9421410166315296
uid___A002_Xa916fc_X668__IRS43_HCO32.final.image.pbcor;model_alma_band_6_tr_500it;2;52 Ketenimine;0.0028109627547434997
uid___A002_Xa916fc_X668__IRS43_HCO32.final.image.pbcor;model_alma_band_6_tr_500it;3;93 Hydroxyl;0.0016397282736003748
uid___A002_Xa916fc_X668__IRS43_HCO32.final.image.pbcor;model_alma_band_6_tr_500it;4;0 Dimethyl ether;0.00046849379245725
uid___A002_Xa916fc_X668__IRS43_HCO32.final.image.pbcor;model_alma_band_6_tr_500it;5;1 Butatrienylidene;0.00046849379245725
uid___A002_Xa916fc_X668__IRS43_HCO32.final.image.pbcor;model_alma_band_6_2_500it;1;93 Hydroxyl;0.945654720074959
uid___A002_Xa916fc_X668__IRS43_HCO32.final.image.pbcor;model_alma_band_6_2_500it;2;0 Dimethyl ether;0.00046849379245725
uid___A002_Xa916fc_X668__IRS43_HCO32.final.image.pbcor;model_alma_band_6_2_500it;3;1 Butatrienylidene;0.00046849379245725
uid___A002_Xa916fc_X668__IRS43_HCO32.final.image.pbcor;model_alma_band_6_2_500it;4;2 Trihydrogen ion;0.00046849379245725
uid___A002_Xa916fc_X668__IRS43_HCO32.final.image.pbcor;model_alma_band_6_2_500it;5;3 Nitrous Oxide;0.00046849379245725
uid___A002_Xa916fc_X668__IRS43_HCO32.final.image.pbcor;model_alma_band_6_full_500it;1;2 Trihydrogen ion;0.260482548606231
uid___A002_Xa916fc_X668__IRS43_HCO32.final.image.pbcor;model_alma_band_6_full_500it;2;95 Cyanide anion;0.23354415553993912
uid___A002_Xa916fc_X668__IRS43_HCO32.final.image.pbcor;model_alma_band_6_full_500it;3;91 Hydrogen Isocyanide;0.17732490044506913
uid___A002_Xa916fc_X668__IRS43_HCO32.final.image.pbcor;model_alma_band_6_full_500it;4;76 Sulfur Monoxide ion;0.14687280393534788
uid___A002_Xa916fc_X668__IRS43_HCO32.final.image.pbcor;model_alma_band_6_full_500it;5;60 Silicon Monoxide;0.07659873506676038
uid___A002_Xa916fc_X668__IRS43_HCO32.final.image.pbcor;model_alma_band_6_full_expanded_00002_500it;1;97 Ethynyl;0.945654720074959
uid___A002_Xa916fc_X668__IRS43_HCO32.final.image.pbcor;model_alma_band_6_full_expanded_00002_500it;2;0 Dimethyl ether;0.00046849379245725
uid___A002_Xa916fc_X668__IRS43_HCO32.final.image.pbcor;model_alma_band_6_full_expanded_00002_500it;3;1 Butatrienylidene;0.00046849379245725
uid___A002_Xa916fc_X668__IRS43_HCO32.final.image.pbcor;model_alma_band_6_full_expanded_00002_500it;4;2 Trihydrogen ion;0.00046849379245725
uid___A002_Xa916fc_X668__IRS43_HCO32.final.image.pbcor;model_alma_band_6_full_expanded_00002_500it;5;3 Nitrous Oxide;0.00046849379245725
uid___A002_Xa916fc_X668__IRS43_HCO32.final.image.pbcor;model_alma_band_6_full_expanded_00010_500it;1;57 Protonated Carbon Dioxide;0.9444834855938159
uid___A002_Xa916fc_X668__IRS43_HCO32.final.image.pbcor;model_alma_band_6_full_expanded_00010_500it;2;93 Hydroxyl;0.0016397282736003748
uid___A002_Xa916fc_X668__IRS43_HCO32.final.image.pbcor;model_alma_band_6_full_expanded_00010_500it;3;0 Dimethyl ether;0.00046849379245725
uid___A002_Xa916fc_X668__IRS43_HCO32.final.image.pbcor;model_alma_band_6_full_expanded_00010_500it;4;1 Butatrienylidene;0.00046849379245725
uid___A002_Xa916fc_X668__IRS43_HCO32.final.image.pbcor;model_alma_band_6_full_expanded_00010_500it;5;2 Trihydrogen ion;0.00046849379245725
HD163296_CO_2_1.image;model_alma_band_6_tr_500it;1;40 Aluminum Monofluoride;0.8652643547470152
HD163296_CO_2_1.image;model_alma_band_6_tr_500it;2;28 Nitric oxide;0.003979533826037521
HD163296_CO_2_1.image;model_alma_band_6_tr_500it;3;0 Dimethyl ether;0.0011370096645821489
HD163296_CO_2_1.image;model_alma_band_6_tr_500it;4;1 Butatrienylidene;0.0011370096645821489
HD163296_CO_2_1.image;model_alma_band_6_tr_500it;5;2 Trihydrogen ion;0.0011370096645821489
HD163296_CO_2_1.image;model_alma_band_6_2_500it;1;95 Cyanide anion;0.6776577600909608
HD163296_CO_2_1.image;model_alma_band_6_2_500it;2;91 Hydrogen Isocyanide;0.1176805002842524
HD163296_CO_2_1.image;model_alma_band_6_2_500it;3;56 Hydrogen cyanide;0.07504263786242182
HD163296_CO_2_1.image;model_alma_band_6_2_500it;4;0 Dimethyl ether;0.0011370096645821489
HD163296_CO_2_1.image;model_alma_band_6_2_500it;5;1 Butatrienylidene;0.0011370096645821489
HD163296_CO_2_1.image;model_alma_band_6_full_500it;1;76 Sulfur Monoxide ion;0.28823194997157475
HD163296_CO_2_1.image;model_alma_band_6_full_500it;2;14 Iminomethylium;0.24559408754974418
HD163296_CO_2_1.image;model_alma_band_6_full_500it;3;104 Amidogen;0.1802160318362706
HD163296_CO_2_1.image;model_alma_band_6_full_500it;4;40 Aluminum Monofluoride;0.10346787947697554
HD163296_CO_2_1.image;model_alma_band_6_full_500it;5;8 para-Oxidaniumyl;0.0267197271176805
HD163296_CO_2_1.image;model_alma_band_6_full_expanded_00002_500it;1;98 Phosphorous nitride;0.8567367822626492
HD163296_CO_2_1.image;model_alma_band_6_full_expanded_00002_500it;2;15 Aluminum monoxide;0.003979533826037521
HD163296_CO_2_1.image;model_alma_band_6_full_expanded_00002_500it;3;45 Protonate 2-proynenitrile;0.003979533826037521
HD163296_CO_2_1.image;model_alma_band_6_full_expanded_00002_500it;4;95 Cyanide anion;0.003979533826037521
HD163296_CO_2_1.image;model_alma_band_6_full_expanded_00002_500it;5;96 2-Propynal;0.003979533826037521
HD163296_CO_2_1.image;model_alma_band_6_full_expanded_00010_500it;1;9 Hydrogen Cyanide;0.8226264923251847
HD163296_CO_2_1.image;model_alma_band_6_full_expanded_00010_500it;2;18 Propynylidynium;0.006822057987492893
HD163296_CO_2_1.image;model_alma_band_6_full_expanded_00010_500it;3;89 Phosphapropynylidyne;0.006822057987492893
HD163296_CO_2_1.image;model_alma_band_6_full_expanded_00010_500it;4;106 Formyl Radical;0.006822057987492893
HD163296_CO_2_1.image;model_alma_band_6_full_expanded_00010_500it;5;5 Ethylene Glycol;0.003979533826037521
DMTau.CS_5-4.image;model_alma_band_6_tr_500it;1;17 Nitrosyl hydride;0.8761283851554663
DMTau.CS_5-4.image;model_alma_band_6_tr_500it;2;9 Hydrogen Cyanide;0.0035105315947843527
DMTau.CS_5-4.image;model_alma_band_6_tr_500it;3;59 Ketene;0.0035105315947843527
DMTau.CS_5-4.image;model_alma_band_6_tr_500it;4;80 Isocyanic Acid;0.0035105315947843527
DMTau.CS_5-4.image;model_alma_band_6_tr_500it;5;0 Dimethyl ether;0.0010030090270812437
DMTau.CS_5-4.image;model_alma_band_6_2_500it;1;26 Carbon Monoxide Ion;0.8836509528585756
DMTau.CS_5-4.image;model_alma_band_6_2_500it;2;0 Dimethyl ether;0.0010030090270812437
DMTau.CS_5-4.image;model_alma_band_6_2_500it;3;1 Butatrienylidene;0.0010030090270812437
DMTau.CS_5-4.image;model_alma_band_6_2_500it;4;2 Trihydrogen ion;0.0010030090270812437
DMTau.CS_5-4.image;model_alma_band_6_2_500it;5;3 Nitrous Oxide;0.0010030090270812437
DMTau.CS_5-4.image;model_alma_band_6_full_500it;1;18 Propynylidynium;0.3520561685055166
DMTau.CS_5-4.image;model_alma_band_6_full_500it;2;45 Protonate 2-proynenitrile;0.22668004012036108
DMTau.CS_5-4.image;model_alma_band_6_full_500it;3;93 Hydroxyl;0.11384152457372115
DMTau.CS_5-4.image;model_alma_band_6_full_500it;4;84 Phosphaethyne;0.10882647943831494
DMTau.CS_5-4.image;model_alma_band_6_full_500it;5;98 Phosphorous nitride;0.08625877632898696
DMTau.CS_5-4.image;model_alma_band_6_full_expanded_00002_500it;1;43 Ammonia;0.8761283851554663
DMTau.CS_5-4.image;model_alma_band_6_full_expanded_00002_500it;2;34 Aluminum Isocyanitrile;0.0035105315947843527
DMTau.CS_5-4.image;model_alma_band_6_full_expanded_00002_500it;3;62 Vinyl Cyanide;0.0035105315947843527
DMTau.CS_5-4.image;model_alma_band_6_full_expanded_00002_500it;4;67 Formaldehyde;0.0035105315947843527
DMTau.CS_5-4.image;model_alma_band_6_full_expanded_00002_500it;5;0 Dimethyl ether;0.0010030090270812437
DMTau.CS_5-4.image;model_alma_band_6_full_expanded_00010_500it;1;47 Thioxoethenylidene;0.8761283851554663
DMTau.CS_5-4.image;model_alma_band_6_full_expanded_00010_500it;2;25 Cyclopropenone;0.0035105315947843527
DMTau.CS_5-4.image;model_alma_band_6_full_expanded_00010_500it;3;60 Silicon Monoxide;0.0035105315947843527
DMTau.CS_5-4.image;model_alma_band_6_full_expanded_00010_500it;4;105 Hydroxymethylidyne;0.0035105315947843527
DMTau.CS_5-4.image;model_alma_band_6_full_expanded_00010_500it;5;0 Dimethyl ether;0.0010030090270812437
Orion.methanol.cbc.contsub.image;model_alma_band_6_tr_500it;1;15 Aluminum monoxide;0.7476538060479666
Orion.methanol.cbc.contsub.image;model_alma_band_6_tr_500it;2;11 Cyanide Radical;0.0072992700729927
Orion.methanol.cbc.contsub.image;model_alma_band_6_tr_500it;3;36 Silicon Mononitride;0.0072992700729927
Orion.methanol.cbc.contsub.image;model_alma_band_6_tr_500it;4;0 Dimethyl ether;0.0020855057351407717
Orion.methanol.cbc.contsub.image;model_alma_band_6_tr_500it;5;1 Butatrienylidene;0.0020855057351407717
Orion.methanol.cbc.contsub.image;model_alma_band_6_2_500it;1;18 Propynylidynium;0.4869655891553702
Orion.methanol.cbc.contsub.image;model_alma_band_6_2_500it;2;10 Titanium monoxide;0.2732012513034411
Orion.methanol.cbc.contsub.image;model_alma_band_6_2_500it;3;0 Dimethyl ether;0.0020855057351407717
Orion.methanol.cbc.contsub.image;model_alma_band_6_2_500it;4;1 Butatrienylidene;0.0020855057351407717
Orion.methanol.cbc.contsub.image;model_alma_band_6_2_500it;5;2 Trihydrogen ion;0.0020855057351407717
Orion.methanol.cbc.contsub.image;model_alma_band_6_full_500it;1;26 Carbon Monoxide Ion;0.3722627737226277
Orion.methanol.cbc.contsub.image;model_alma_band_6_full_500it;2;69 Fulminic acid;0.19499478623566213
Orion.methanol.cbc.contsub.image;model_alma_band_6_full_500it;3;2 Trihydrogen ion;0.1167883211678832
Orion.methanol.cbc.contsub.image;model_alma_band_6_full_500it;4;3 Nitrous Oxide;0.08029197080291971
Orion.methanol.cbc.contsub.image;model_alma_band_6_full_500it;5;0 Dimethyl ether;0.0020855057351407717
Orion.methanol.cbc.contsub.image;model_alma_band_6_full_expanded_00002_500it;1;40 Aluminum Monofluoride;0.7580813347236705
Orion.methanol.cbc.contsub.image;model_alma_band_6_full_expanded_00002_500it;2;0 Dimethyl ether;0.0020855057351407717
Orion.methanol.cbc.contsub.image;model_alma_band_6_full_expanded_00002_500it;3;1 Butatrienylidene;0.0020855057351407717
Orion.methanol.cbc.contsub.image;model_alma_band_6_full_expanded_00002_500it;4;2 Trihydrogen ion;0.0020855057351407717
Orion.methanol.cbc.contsub.image;model_alma_band_6_full_expanded_00002_500it;5;3 Nitrous Oxide;0.0020855057351407717
Orion.methanol.cbc.contsub.image;model_alma_band_6_full_expanded_00010_500it;1;26 Carbon Monoxide Ion;0.7424400417101147
Orion.methanol.cbc.contsub.image;model_alma_band_6_full_expanded_00010_500it;2;37 Carbon Monoxide;0.0072992700729927
Orion.methanol.cbc.contsub.image;model_alma_band_6_full_expanded_00010_500it;3;91 Hydrogen Isocyanide;0.0072992700729927
Orion.methanol.cbc.contsub.image;model_alma_band_6_full_expanded_00010_500it;4;107 Vinyl Alcohol;0.0072992700729927
Orion.methanol.cbc.contsub.image;model_alma_band_6_full_expanded_00010_500it;5;0 Dimethyl ether;0.0020855057351407717
TWHydra_HCOplusline.image;model_alma_band_6_tr_500it;1;81 Silicon Isocyanide;0.722457627118644
TWHydra_HCOplusline.image;model_alma_band_6_tr_500it;2;83 Silicon Monocarbide;0.01271186440677966
TWHydra_HCOplusline.image;model_alma_band_6_tr_500it;3;19 Magnesium Cyanide;0.007415254237288135
TWHydra_HCOplusline.image;model_alma_band_6_tr_500it;4;24 Phosphorus Monoxide;0.007415254237288135
TWHydra_HCOplusline.image;model_alma_band_6_tr_500it;5;31 Sodium Chloride;0.007415254237288135
TWHydra_HCOplusline.image;model_alma_band_6_2_500it;1;83 Silicon Monocarbide;0.7542372881355932
TWHydra_HCOplusline.image;model_alma_band_6_2_500it;2;0 Dimethyl ether;0.00211864406779661
TWHydra_HCOplusline.image;model_alma_band_6_2_500it;3;1 Butatrienylidene;0.00211864406779661
TWHydra_HCOplusline.image;model_alma_band_6_2_500it;4;2 Trihydrogen ion;0.00211864406779661
TWHydra_HCOplusline.image;model_alma_band_6_2_500it;5;3 Nitrous Oxide;0.00211864406779661
TWHydra_HCOplusline.image;model_alma_band_6_full_500it;1;37 Carbon Monoxide;0.7542372881355932
TWHydra_HCOplusline.image;model_alma_band_6_full_500it;2;0 Dimethyl ether;0.00211864406779661
TWHydra_HCOplusline.image;model_alma_band_6_full_500it;3;1 Butatrienylidene;0.00211864406779661
TWHydra_HCOplusline.image;model_alma_band_6_full_500it;4;2 Trihydrogen ion;0.00211864406779661
TWHydra_HCOplusline.image;model_alma_band_6_full_500it;5;3 Nitrous Oxide;0.00211864406779661
TWHydra_HCOplusline.image;model_alma_band_6_full_expanded_00002_500it;1;40 Aluminum Monofluoride;0.7542372881355932
TWHydra_HCOplusline.image;model_alma_band_6_full_expanded_00002_500it;2;0 Dimethyl ether;0.00211864406779661
TWHydra_HCOplusline.image;model_alma_band_6_full_expanded_00002_500it;3;1 Butatrienylidene;0.00211864406779661
TWHydra_HCOplusline.image;model_alma_band_6_full_expanded_00002_500it;4;2 Trihydrogen ion;0.00211864406779661
TWHydra_HCOplusline.image;model_alma_band_6_full_expanded_00002_500it;5;3 Nitrous Oxide;0.00211864406779661
TWHydra_HCOplusline.image;model_alma_band_6_full_expanded_00010_500it;1;87 Methyl diacetylene;0.7542372881355932
TWHydra_HCOplusline.image;model_alma_band_6_full_expanded_00010_500it;2;0 Dimethyl ether;0.00211864406779661
TWHydra_HCOplusline.image;model_alma_band_6_full_expanded_00010_500it;3;1 Butatrienylidene;0.00211864406779661
TWHydra_HCOplusline.image;model_alma_band_6_full_expanded_00010_500it;4;2 Trihydrogen ion;0.00211864406779661
TWHydra_HCOplusline.image;model_alma_band_6_full_expanded_00010_500it;5;3 Nitrous Oxide;0.00211864406779661
Orion.HNC.cbc.contsub.image;model_alma_band_6_tr_500it;1;22 Chloronium;0.8878685355244078
Orion.HNC.cbc.contsub.image;model_alma_band_6_tr_500it;2;0 Dimethyl ether;0.0009666505558240696
Orion.HNC.cbc.contsub.image;model_alma_band_6_tr_500it;3;1 Butatrienylidene;0.0009666505558240696
Orion.HNC.cbc.contsub.image;model_alma_band_6_tr_500it;4;2 Trihydrogen ion;0.0009666505558240696
Orion.HNC.cbc.contsub.image;model_alma_band_6_tr_500it;5;3 Nitrous Oxide;0.0009666505558240696
Orion.HNC.cbc.contsub.image;model_alma_band_6_2_500it;1;37 Carbon Monoxide;0.7114548090865151
Orion.HNC.cbc.contsub.image;model_alma_band_6_2_500it;2;93 Hydroxyl;0.17738037699371678
Orion.HNC.cbc.contsub.image;model_alma_band_6_2_500it;3;0 Dimethyl ether;0.0009666505558240696
Orion.HNC.cbc.contsub.image;model_alma_band_6_2_500it;4;1 Butatrienylidene;0.0009666505558240696
Orion.HNC.cbc.contsub.image;model_alma_band_6_2_500it;5;2 Trihydrogen ion;0.0009666505558240696
Orion.HNC.cbc.contsub.image;model_alma_band_6_full_500it;1;56 Hydrogen cyanide;0.40454325761237314
Orion.HNC.cbc.contsub.image;model_alma_band_6_full_500it;2;8 para-Oxidaniumyl;0.2885451909134848
Orion.HNC.cbc.contsub.image;model_alma_band_6_full_500it;3;26 Carbon Monoxide Ion;0.1097148380860319
Orion.HNC.cbc.contsub.image;model_alma_band_6_full_500it;4;99 Magnesium hydride isocyanide;0.04204929917834702
Orion.HNC.cbc.contsub.image;model_alma_band_6_full_500it;5;24 Phosphorus Monoxide;0.03963267278878685
Orion.HNC.cbc.contsub.image;model_alma_band_6_full_expanded_00002_500it;1;22 Chloronium;0.8878685355244078
Orion.HNC.cbc.contsub.image;model_alma_band_6_full_expanded_00002_500it;2;0 Dimethyl ether;0.0009666505558240696
Orion.HNC.cbc.contsub.image;model_alma_band_6_full_expanded_00002_500it;3;1 Butatrienylidene;0.0009666505558240696
Orion.HNC.cbc.contsub.image;model_alma_band_6_full_expanded_00002_500it;4;2 Trihydrogen ion;0.0009666505558240696
Orion.HNC.cbc.contsub.image;model_alma_band_6_full_expanded_00002_500it;5;3 Nitrous Oxide;0.0009666505558240696
Orion.HNC.cbc.contsub.image;model_alma_band_6_full_expanded_00010_500it;1;109 Cyanoethynylide ion;0.8830352827452875
Orion.HNC.cbc.contsub.image;model_alma_band_6_full_expanded_00010_500it;2;27 Sodium Cyanide;0.0033832769453842433
Orion.HNC.cbc.contsub.image;model_alma_band_6_full_expanded_00010_500it;3;88 Cyanomethylene;0.0033832769453842433
Orion.HNC.cbc.contsub.image;model_alma_band_6_full_expanded_00010_500it;4;0 Dimethyl ether;0.0009666505558240696
Orion.HNC.cbc.contsub.image;model_alma_band_6_full_expanded_00010_500it;5;1 Butatrienylidene;0.0009666505558240696
TWHydra_CO3_2line.image;model_alma_band_6_tr_500it;1;56 Hydrogen cyanide;0.7412731006160164
TWHydra_CO3_2line.image;model_alma_band_6_tr_500it;2;108 ortho-Oxidaniumyl;0.012320328542094455
TWHydra_CO3_2line.image;model_alma_band_6_tr_500it;3;76 Sulfur Monoxide ion;0.007186858316221765
TWHydra_CO3_2line.image;model_alma_band_6_tr_500it;4;81 Silicon Isocyanide;0.007186858316221765
TWHydra_CO3_2line.image;model_alma_band_6_tr_500it;5;0 Dimethyl ether;0.002053388090349076
TWHydra_CO3_2line.image;model_alma_band_6_2_500it;1;10 Titanium monoxide;0.7618069815195072
TWHydra_CO3_2line.image;model_alma_band_6_2_500it;2;0 Dimethyl ether;0.002053388090349076
TWHydra_CO3_2line.image;model_alma_band_6_2_500it;3;1 Butatrienylidene;0.002053388090349076
TWHydra_CO3_2line.image;model_alma_band_6_2_500it;4;2 Trihydrogen ion;0.002053388090349076
TWHydra_CO3_2line.image;model_alma_band_6_2_500it;5;3 Nitrous Oxide;0.002053388090349076
TWHydra_CO3_2line.image;model_alma_band_6_full_500it;1;109 Cyanoethynylide ion;0.7618069815195072
TWHydra_CO3_2line.image;model_alma_band_6_full_500it;2;0 Dimethyl ether;0.002053388090349076
TWHydra_CO3_2line.image;model_alma_band_6_full_500it;3;1 Butatrienylidene;0.002053388090349076
TWHydra_CO3_2line.image;model_alma_band_6_full_500it;4;2 Trihydrogen ion;0.002053388090349076
TWHydra_CO3_2line.image;model_alma_band_6_full_500it;5;3 Nitrous Oxide;0.002053388090349076
TWHydra_CO3_2line.image;model_alma_band_6_full_expanded_00002_500it;1;34 Aluminum Isocyanitrile;0.7618069815195072
TWHydra_CO3_2line.image;model_alma_band_6_full_expanded_00002_500it;2;0 Dimethyl ether;0.002053388090349076
TWHydra_CO3_2line.image;model_alma_band_6_full_expanded_00002_500it;3;1 Butatrienylidene;0.002053388090349076
TWHydra_CO3_2line.image;model_alma_band_6_full_expanded_00002_500it;4;2 Trihydrogen ion;0.002053388090349076
TWHydra_CO3_2line.image;model_alma_band_6_full_expanded_00002_500it;5;3 Nitrous Oxide;0.002053388090349076
TWHydra_CO3_2line.image;model_alma_band_6_full_expanded_00010_500it;1;109 Cyanoethynylide ion;0.7618069815195072
TWHydra_CO3_2line.image;model_alma_band_6_full_expanded_00010_500it;2;0 Dimethyl ether;0.002053388090349076
TWHydra_CO3_2line.image;model_alma_band_6_full_expanded_00010_500it;3;1 Butatrienylidene;0.002053388090349076
TWHydra_CO3_2line.image;model_alma_band_6_full_expanded_00010_500it;4;2 Trihydrogen ion;0.002053388090349076
TWHydra_CO3_2line.image;model_alma_band_6_full_expanded_00010_500it;5;3 Nitrous Oxide;0.002053388090349076
