1;10 Titanium monoxide;0.7618069815195072
2;0 Dimethyl ether;0.002053388090349076
3;1 Butatrienylidene;0.002053388090349076
4;2 Trihydrogen ion;0.002053388090349076
5;3 Nitrous Oxide;0.002053388090349076
6;4 Methyl Acetylene;0.002053388090349076
7;5 Ethylene Glycol;0.002053388090349076
8;6 Methyl Cyanide;0.002053388090349076
9;7 Thioformylium;0.002053388090349076
10;8 para-Oxidaniumyl;0.002053388090349076
11;9 Hydrogen Cyanide;0.002053388090349076
12;11 Cyanide Radical;0.002053388090349076
13;12 Formic Acid;0.002053388090349076
14;13 Nitric sulfide;0.002053388090349076
15;14 Iminomethylium;0.002053388090349076
16;15 Aluminum monoxide;0.002053388090349076
17;16 Methyl isocyanate;0.002053388090349076
18;17 Nitrosyl hydride;0.002053388090349076
19;18 Propynylidynium;0.002053388090349076
20;19 Magnesium Cyanide;0.002053388090349076
21;20 Diazenylium;0.002053388090349076
22;21 Methylamine;0.002053388090349076
23;22 Chloronium;0.002053388090349076
24;23 Silicon monosulfide;0.002053388090349076
25;24 Phosphorus Monoxide;0.002053388090349076
26;25 Cyclopropenone;0.002053388090349076
27;26 Carbon Monoxide Ion;0.002053388090349076
28;27 Sodium Cyanide;0.002053388090349076
29;28 Nitric oxide;0.002053388090349076
30;29 Silicon Cyanide;0.002053388090349076
31;30 Ethyne Isocyanide;0.002053388090349076
32;31 Sodium Chloride;0.002053388090349076
33;32 Cyanoacetylene;0.002053388090349076
34;33 Sulfur Monoxide;0.002053388090349076
35;34 Aluminum Isocyanitrile;0.002053388090349076
36;35 Cyanobutadiyne;0.002053388090349076
37;36 Silicon Mononitride;0.002053388090349076
38;37 Carbon Monoxide;0.002053388090349076
39;38 Propadienylidene;0.002053388090349076
40;39 Methanimine;0.002053388090349076
41;40 Aluminum Monofluoride;0.002053388090349076
42;41 Formamide;0.002053388090349076
43;42 Aminoacetonitrile;0.002053388090349076
44;43 Ammonia;0.002053388090349076
45;44 gauche-Ethanol;0.002053388090349076
46;45 Protonate 2-proynenitrile;0.002053388090349076
47;46 Carbonyl Sulfide;0.002053388090349076
48;47 Thioxoethenylidene;0.002053388090349076
49;48 Ethyl cyanide;0.002053388090349076
50;49 Water;0.002053388090349076
51;50 Methyl Formate;0.002053388090349076
52;51 Acetaldehyde;0.002053388090349076
53;52 Ketenimine;0.002053388090349076
54;53 Propenal;0.002053388090349076
55;54 Methyl isocyanide;0.002053388090349076
56;55 iso-propyl cyanide;0.002053388090349076
57;56 Hydrogen cyanide;0.002053388090349076
58;57 Protonated Carbon Dioxide;0.002053388090349076
59;58 Methylidyne;0.002053388090349076
60;59 Ketene;0.002053388090349076
61;60 Silicon Monoxide;0.002053388090349076
62;61 Acetone;0.002053388090349076
63;62 Vinyl Cyanide;0.002053388090349076
64;63 Silicon monoxide (global fit);0.002053388090349076
65;64 Cyclopropenylidene;0.002053388090349076
66;65 Magnesium Isocyanide;0.002053388090349076
67;66 Cyanobutadiynylide anion;0.002053388090349076
68;67 Formaldehyde;0.002053388090349076
69;68 Carbon Monosulfide;0.002053388090349076
70;69 Fulminic acid;0.002053388090349076
71;70 trans-Ethanol;0.002053388090349076
72;71 Silicon Carbide;0.002053388090349076
73;72 Formylium;0.002053388090349076
74;73 Ethylene Oxide;0.002053388090349076
75;74 Sulfur dioxide;0.002053388090349076
76;75 Carbon Monophosphide;0.002053388090349076
77;76 Sulfur Monoxide ion;0.002053388090349076
78;77 Methanol;0.002053388090349076
79;78 Sulfur Dioxide;0.002053388090349076
80;79 Cyanoformaldehyde;0.002053388090349076
81;80 Isocyanic Acid;0.002053388090349076
82;81 Silicon Isocyanide;0.002053388090349076
83;82 Methylene amidogen;0.002053388090349076
84;83 Silicon Monocarbide;0.002053388090349076
85;84 Phosphaethyne;0.002053388090349076
86;85 Aluminum Monochloride;0.002053388090349076
87;86 Cyanoallene;0.002053388090349076
88;87 Methyl diacetylene;0.002053388090349076
89;88 Cyanomethylene;0.002053388090349076
90;89 Phosphapropynylidyne;0.002053388090349076
91;90 Cyanomethyl;0.002053388090349076
92;91 Hydrogen Isocyanide;0.002053388090349076
93;92 Hydrogen sulfide;0.002053388090349076
94;93 Hydroxyl;0.002053388090349076
95;94 Glycolaldehyde;0.002053388090349076
96;95 Cyanide anion;0.002053388090349076
97;96 2-Propynal;0.002053388090349076
98;97 Ethynyl;0.002053388090349076
99;98 Phosphorous nitride;0.002053388090349076
100;99 Magnesium hydride isocyanide;0.002053388090349076
101;100 Potassium chloride;0.002053388090349076
102;101 Silicon tetracarbide;0.002053388090349076
103;102 Ethyl Cyanide;0.002053388090349076
104;103 Cyanamide;0.002053388090349076
105;104 Amidogen;0.002053388090349076
106;105 Hydroxymethylidyne;0.002053388090349076
107;106 Formyl Radical;0.002053388090349076
108;107 Vinyl Alcohol;0.002053388090349076
109;108 ortho-Oxidaniumyl;0.002053388090349076
110;109 Cyanoethynylide ion;0.002053388090349076
111;110 Oxoethenylidene;0.002053388090349076
112;111 2-Butynenitrile;0.002053388090349076
113;112 Cyanoethynyl;0.002053388090349076
114;113 Hydroxymethylium ion;0.002053388090349076
115;114 Thioformaldehyde;0.002053388090349076
116;115 Isothiocyanic acid;0.002053388090349076
117;116 Cyanic acid;0.002053388090349076
