1;17 Formylium;0.23660714285714285
2;0 Ketene;0.013392857142857142
3;1 1,3,5-Hexatriynyl;0.013392857142857142
4;2 Oxonium hydride;0.013392857142857142
5;3 Vinyl Cyanide;0.013392857142857142
6;4 Hydroxyl;0.013392857142857142
7;5 Methyliumylidene;0.013392857142857142
8;6 Carbon Monosulfide;0.013392857142857142
9;7 Cyanomethyl;0.013392857142857142
10;8 Methyl Acetylene;0.013392857142857142
11;9 Ethyl Cyanide;0.013392857142857142
12;10 2,4-Pentadiynylidyne;0.013392857142857142
13;11 4-Cyano-1,3-Butadiynyl;0.013392857142857142
14;12 Water;0.013392857142857142
15;13 Hydrogen sulfide;0.013392857142857142
16;14 Methylene amidogen;0.013392857142857142
17;15 1,3-Butadiynyl radical;0.013392857142857142
18;16 2,4,6,8-Nonatetraynenitrile;0.013392857142857142
19;18 Cyanoallene;0.013392857142857142
20;19 Trihydrogen ion;0.013392857142857142
21;20 Methylcyanodiacetylene;0.013392857142857142
22;21 2,4,6-Heptatriynenitrile;0.013392857142857142
23;22 Methanol;0.013392857142857142
24;23 Ammonia;0.013392857142857142
25;24 Methyl Cyanide;0.013392857142857142
26;25 1,3,5-Hexatriynyl anion;0.013392857142857142
27;26 1,3,5,7-Octatetraynyl anion;0.013392857142857142
28;27 3-Thioxo-1,2-Propadieylidene;0.013392857142857142
29;28 Cyanobutadiyne;0.013392857142857142
30;29 Nitric sulfide;0.013392857142857142
31;30 Sulfur dioxide;0.013392857142857142
32;31 Hydrochloric acid;0.013392857142857142
33;32 2,4,6,8,10-Undecapentaynenitrile;0.013392857142857142
34;33 Cyanide Radical;0.013392857142857142
35;34 Nitric oxide;0.013392857142857142
36;35 Formaldehyde;0.013392857142857142
37;36 Sulfur Monoxide;0.013392857142857142
38;37 Methyltriacetylene;0.013392857142857142
39;38 Hydrogen Cyanide;0.013392857142857142
40;39 Methyl diacetylene;0.013392857142857142
41;40 Methylidyne;0.013392857142857142
42;41 Thioxoethenylidene;0.013392857142857142
43;42 Silicon Monoxide;0.013392857142857142
44;43 1,3,5,7-Octatetraynyl;0.013392857142857142
45;44 Oxoethenylidene;0.013392857142857142
46;45 Propynylidynium;0.013392857142857142
47;46 Carbon Monoxide;0.013392857142857142
48;47 Thioformaldehyde;0.013392857142857142
49;48 Hexatrienyl;0.013392857142857142
50;49 Diazenylium;0.013392857142857142
51;50 Hydrogen Isocyanide;0.013392857142857142
52;51 Carbon Monosulfide;0.013392857142857142
53;52 Methylamine;0.013392857142857142
54;53 Formic Acid;0.013392857142857142
55;54 Cyclopropenylidene;0.013392857142857142
56;55 Cyanoacetylene;0.013392857142857142
57;56 para-Oxidaniumyl;0.013392857142857142
58;57 ortho-Oxidaniumyl;0.013392857142857142
