1;11 Methyliumylidene;0.8108848864526232
2;0 Methylidyne;0.00822239624119029
3;1 Butyronitrile;0.00822239624119029
4;2 Formaldehyde;0.00822239624119029
5;3 Sulfur dioxide;0.00822239624119029
6;4 Carbon Monoxide;0.00822239624119029
7;5 Water;0.00822239624119029
8;6 Chloronium;0.00822239624119029
9;7 Imidogen;0.00822239624119029
10;8 Thioformylium;0.00822239624119029
11;9 Mercapto radical;0.00822239624119029
12;10 Methyl formate vt01;0.00822239624119029
13;12 Cyanide Radical;0.00822239624119029
14;13 Hydroxyl;0.00822239624119029
15;14 Nitric oxide;0.00822239624119029
16;15 Cyclopropenylidene;0.00822239624119029
17;16 Silicon Monoxide;0.00822239624119029
18;17 Hydrogen Cyanide;0.00822239624119029
19;18 Carbon Monosulfide;0.00822239624119029
20;19 Hydrogen sulfide;0.00822239624119029
21;20 Molecular oxygen;0.00822239624119029
22;21 Hydrogen Isocyanide;0.00822239624119029
23;22 Formylium;0.00822239624119029
24;23 Sulfoniumylidene;0.00822239624119029
