1;2 Trihydrogen ion;0.6369327073552425
2;0 Dimethyl ether;0.003129890453834116
3;1 Butatrienylidene;0.003129890453834116
4;3 Nitrous Oxide;0.003129890453834116
5;4 Methyl Acetylene;0.003129890453834116
6;5 Ethylene Glycol;0.003129890453834116
7;6 Methyl Cyanide;0.003129890453834116
8;7 Thioformylium;0.003129890453834116
9;8 para-Oxidaniumyl;0.003129890453834116
10;9 Hydrogen Cyanide;0.003129890453834116
11;10 Titanium monoxide;0.003129890453834116
12;11 Cyanide Radical;0.003129890453834116
13;12 Formic Acid;0.003129890453834116
14;13 Nitric sulfide;0.003129890453834116
15;14 Iminomethylium;0.003129890453834116
16;15 Aluminum monoxide;0.003129890453834116
17;16 Methyl isocyanate;0.003129890453834116
18;17 Nitrosyl hydride;0.003129890453834116
19;18 Propynylidynium;0.003129890453834116
20;19 Magnesium Cyanide;0.003129890453834116
21;20 Diazenylium;0.003129890453834116
22;21 Methylamine;0.003129890453834116
23;22 Chloronium;0.003129890453834116
24;23 Silicon monosulfide;0.003129890453834116
25;24 Phosphorus Monoxide;0.003129890453834116
26;25 Cyclopropenone;0.003129890453834116
27;26 Carbon Monoxide Ion;0.003129890453834116
28;27 Sodium Cyanide;0.003129890453834116
29;28 Nitric oxide;0.003129890453834116
30;29 Silicon Cyanide;0.003129890453834116
31;30 Ethyne Isocyanide;0.003129890453834116
32;31 Sodium Chloride;0.003129890453834116
33;32 Cyanoacetylene;0.003129890453834116
34;33 Sulfur Monoxide;0.003129890453834116
35;34 Aluminum Isocyanitrile;0.003129890453834116
36;35 Cyanobutadiyne;0.003129890453834116
37;36 Silicon Mononitride;0.003129890453834116
38;37 Carbon Monoxide;0.003129890453834116
39;38 Propadienylidene;0.003129890453834116
40;39 Methanimine;0.003129890453834116
41;40 Aluminum Monofluoride;0.003129890453834116
42;41 Formamide;0.003129890453834116
43;42 Aminoacetonitrile;0.003129890453834116
44;43 Ammonia;0.003129890453834116
45;44 gauche-Ethanol;0.003129890453834116
46;45 Protonate 2-proynenitrile;0.003129890453834116
47;46 Carbonyl Sulfide;0.003129890453834116
48;47 Thioxoethenylidene;0.003129890453834116
49;48 Ethyl cyanide;0.003129890453834116
50;49 Water;0.003129890453834116
51;50 Methyl Formate;0.003129890453834116
52;51 Acetaldehyde;0.003129890453834116
53;52 Ketenimine;0.003129890453834116
54;53 Propenal;0.003129890453834116
55;54 Methyl isocyanide;0.003129890453834116
56;55 iso-propyl cyanide;0.003129890453834116
57;56 Hydrogen cyanide;0.003129890453834116
58;57 Protonated Carbon Dioxide;0.003129890453834116
59;58 Methylidyne;0.003129890453834116
60;59 Ketene;0.003129890453834116
61;60 Silicon Monoxide;0.003129890453834116
62;61 Acetone;0.003129890453834116
63;62 Vinyl Cyanide;0.003129890453834116
64;63 Silicon monoxide (global fit);0.003129890453834116
65;64 Cyclopropenylidene;0.003129890453834116
66;65 Magnesium Isocyanide;0.003129890453834116
67;66 Cyanobutadiynylide anion;0.003129890453834116
68;67 Formaldehyde;0.003129890453834116
69;68 Carbon Monosulfide;0.003129890453834116
70;69 Fulminic acid;0.003129890453834116
71;70 trans-Ethanol;0.003129890453834116
72;71 Silicon Carbide;0.003129890453834116
73;72 Formylium;0.003129890453834116
74;73 Ethylene Oxide;0.003129890453834116
75;74 Sulfur dioxide;0.003129890453834116
76;75 Carbon Monophosphide;0.003129890453834116
77;76 Sulfur Monoxide ion;0.003129890453834116
78;77 Methanol;0.003129890453834116
79;78 Sulfur Dioxide;0.003129890453834116
80;79 Cyanoformaldehyde;0.003129890453834116
81;80 Isocyanic Acid;0.003129890453834116
82;81 Silicon Isocyanide;0.003129890453834116
83;82 Methylene amidogen;0.003129890453834116
84;83 Silicon Monocarbide;0.003129890453834116
85;84 Phosphaethyne;0.003129890453834116
86;85 Aluminum Monochloride;0.003129890453834116
87;86 Cyanoallene;0.003129890453834116
88;87 Methyl diacetylene;0.003129890453834116
89;88 Cyanomethylene;0.003129890453834116
90;89 Phosphapropynylidyne;0.003129890453834116
91;90 Cyanomethyl;0.003129890453834116
92;91 Hydrogen Isocyanide;0.003129890453834116
93;92 Hydrogen sulfide;0.003129890453834116
94;93 Hydroxyl;0.003129890453834116
95;94 Glycolaldehyde;0.003129890453834116
96;95 Cyanide anion;0.003129890453834116
97;96 2-Propynal;0.003129890453834116
98;97 Ethynyl;0.003129890453834116
99;98 Phosphorous nitride;0.003129890453834116
100;99 Magnesium hydride isocyanide;0.003129890453834116
101;100 Potassium chloride;0.003129890453834116
102;101 Silicon tetracarbide;0.003129890453834116
103;102 Ethyl Cyanide;0.003129890453834116
104;103 Cyanamide;0.003129890453834116
105;104 Amidogen;0.003129890453834116
106;105 Hydroxymethylidyne;0.003129890453834116
107;106 Formyl Radical;0.003129890453834116
108;107 Vinyl Alcohol;0.003129890453834116
109;108 ortho-Oxidaniumyl;0.003129890453834116
110;109 Cyanoethynylide ion;0.003129890453834116
111;110 Oxoethenylidene;0.003129890453834116
112;111 2-Butynenitrile;0.003129890453834116
113;112 Cyanoethynyl;0.003129890453834116
114;113 Hydroxymethylium ion;0.003129890453834116
115;114 Thioformaldehyde;0.003129890453834116
116;115 Isothiocyanic acid;0.003129890453834116
117;116 Cyanic acid;0.003129890453834116
