1;40 Aluminum Monofluoride;0.4060150375939849
2;51 Acetaldehyde;0.017543859649122803
3;0 Dimethyl ether;0.005012531328320802
4;1 Butatrienylidene;0.005012531328320802
5;2 Trihydrogen ion;0.005012531328320802
6;3 Nitrous Oxide;0.005012531328320802
7;4 Methyl Acetylene;0.005012531328320802
8;5 Ethylene Glycol;0.005012531328320802
9;6 Methyl Cyanide;0.005012531328320802
10;7 Thioformylium;0.005012531328320802
11;8 para-Oxidaniumyl;0.005012531328320802
12;9 Hydrogen Cyanide;0.005012531328320802
13;10 Titanium monoxide;0.005012531328320802
14;11 Cyanide Radical;0.005012531328320802
15;12 Formic Acid;0.005012531328320802
16;13 Nitric sulfide;0.005012531328320802
17;14 Iminomethylium;0.005012531328320802
18;15 Aluminum monoxide;0.005012531328320802
19;16 Methyl isocyanate;0.005012531328320802
20;17 Nitrosyl hydride;0.005012531328320802
21;18 Propynylidynium;0.005012531328320802
22;19 Magnesium Cyanide;0.005012531328320802
23;20 Diazenylium;0.005012531328320802
24;21 Methylamine;0.005012531328320802
25;22 Chloronium;0.005012531328320802
26;23 Silicon monosulfide;0.005012531328320802
27;24 Phosphorus Monoxide;0.005012531328320802
28;25 Cyclopropenone;0.005012531328320802
29;26 Carbon Monoxide Ion;0.005012531328320802
30;27 Sodium Cyanide;0.005012531328320802
31;28 Nitric oxide;0.005012531328320802
32;29 Silicon Cyanide;0.005012531328320802
33;30 Ethyne Isocyanide;0.005012531328320802
34;31 Sodium Chloride;0.005012531328320802
35;32 Cyanoacetylene;0.005012531328320802
36;33 Sulfur Monoxide;0.005012531328320802
37;34 Aluminum Isocyanitrile;0.005012531328320802
38;35 Cyanobutadiyne;0.005012531328320802
39;36 Silicon Mononitride;0.005012531328320802
40;37 Carbon Monoxide;0.005012531328320802
41;38 Propadienylidene;0.005012531328320802
42;39 Methanimine;0.005012531328320802
43;41 Formamide;0.005012531328320802
44;42 Aminoacetonitrile;0.005012531328320802
45;43 Ammonia;0.005012531328320802
46;44 gauche-Ethanol;0.005012531328320802
47;45 Protonate 2-proynenitrile;0.005012531328320802
48;46 Carbonyl Sulfide;0.005012531328320802
49;47 Thioxoethenylidene;0.005012531328320802
50;48 Ethyl cyanide;0.005012531328320802
51;49 Water;0.005012531328320802
52;50 Methyl Formate;0.005012531328320802
53;52 Ketenimine;0.005012531328320802
54;53 Propenal;0.005012531328320802
55;54 Methyl isocyanide;0.005012531328320802
56;55 iso-propyl cyanide;0.005012531328320802
57;56 Hydrogen cyanide;0.005012531328320802
58;57 Protonated Carbon Dioxide;0.005012531328320802
59;58 Methylidyne;0.005012531328320802
60;59 Ketene;0.005012531328320802
61;60 Silicon Monoxide;0.005012531328320802
62;61 Acetone;0.005012531328320802
63;62 Vinyl Cyanide;0.005012531328320802
64;63 Silicon monoxide (global fit);0.005012531328320802
65;64 Cyclopropenylidene;0.005012531328320802
66;65 Magnesium Isocyanide;0.005012531328320802
67;66 Cyanobutadiynylide anion;0.005012531328320802
68;67 Formaldehyde;0.005012531328320802
69;68 Carbon Monosulfide;0.005012531328320802
70;69 Fulminic acid;0.005012531328320802
71;70 trans-Ethanol;0.005012531328320802
72;71 Silicon Carbide;0.005012531328320802
73;72 Formylium;0.005012531328320802
74;73 Ethylene Oxide;0.005012531328320802
75;74 Sulfur dioxide;0.005012531328320802
76;75 Carbon Monophosphide;0.005012531328320802
77;76 Sulfur Monoxide ion;0.005012531328320802
78;77 Methanol;0.005012531328320802
79;78 Sulfur Dioxide;0.005012531328320802
80;79 Cyanoformaldehyde;0.005012531328320802
81;80 Isocyanic Acid;0.005012531328320802
82;81 Silicon Isocyanide;0.005012531328320802
83;82 Methylene amidogen;0.005012531328320802
84;83 Silicon Monocarbide;0.005012531328320802
85;84 Phosphaethyne;0.005012531328320802
86;85 Aluminum Monochloride;0.005012531328320802
87;86 Cyanoallene;0.005012531328320802
88;87 Methyl diacetylene;0.005012531328320802
89;88 Cyanomethylene;0.005012531328320802
90;89 Phosphapropynylidyne;0.005012531328320802
91;90 Cyanomethyl;0.005012531328320802
92;91 Hydrogen Isocyanide;0.005012531328320802
93;92 Hydrogen sulfide;0.005012531328320802
94;93 Hydroxyl;0.005012531328320802
95;94 Glycolaldehyde;0.005012531328320802
96;95 Cyanide anion;0.005012531328320802
97;96 2-Propynal;0.005012531328320802
98;97 Ethynyl;0.005012531328320802
99;98 Phosphorous nitride;0.005012531328320802
100;99 Magnesium hydride isocyanide;0.005012531328320802
101;100 Potassium chloride;0.005012531328320802
102;101 Silicon tetracarbide;0.005012531328320802
103;102 Ethyl Cyanide;0.005012531328320802
104;103 Cyanamide;0.005012531328320802
105;104 Amidogen;0.005012531328320802
106;105 Hydroxymethylidyne;0.005012531328320802
107;106 Formyl Radical;0.005012531328320802
108;107 Vinyl Alcohol;0.005012531328320802
109;108 ortho-Oxidaniumyl;0.005012531328320802
110;109 Cyanoethynylide ion;0.005012531328320802
111;110 Oxoethenylidene;0.005012531328320802
112;111 2-Butynenitrile;0.005012531328320802
113;112 Cyanoethynyl;0.005012531328320802
114;113 Hydroxymethylium ion;0.005012531328320802
115;114 Thioformaldehyde;0.005012531328320802
116;115 Isothiocyanic acid;0.005012531328320802
117;116 Cyanic acid;0.005012531328320802
