Orion.methanol.cbc.contsub.image;model_alma_band_6_tr_500it;1;0 Dimethyl ether;0.008547008547008546
Orion.methanol.cbc.contsub.image;model_alma_band_6_tr_500it;2;1 Butatrienylidene;0.008547008547008546
Orion.methanol.cbc.contsub.image;model_alma_band_6_tr_500it;3;2 Trihydrogen ion;0.008547008547008546
Orion.methanol.cbc.contsub.image;model_alma_band_6_tr_500it;4;3 Nitrous Oxide;0.008547008547008546
Orion.methanol.cbc.contsub.image;model_alma_band_6_tr_500it;5;4 Methyl Acetylene;0.008547008547008546
Orion.methanol.cbc.contsub.image;model_alma_band_6_2_500it;1;0 Dimethyl ether;0.008547008547008546
Orion.methanol.cbc.contsub.image;model_alma_band_6_2_500it;2;1 Butatrienylidene;0.008547008547008546
Orion.methanol.cbc.contsub.image;model_alma_band_6_2_500it;3;2 Trihydrogen ion;0.008547008547008546
Orion.methanol.cbc.contsub.image;model_alma_band_6_2_500it;4;3 Nitrous Oxide;0.008547008547008546
Orion.methanol.cbc.contsub.image;model_alma_band_6_2_500it;5;4 Methyl Acetylene;0.008547008547008546
Orion.methanol.cbc.contsub.image;model_alma_band_6_full_500it;1;0 Dimethyl ether;0.008547008547008546
Orion.methanol.cbc.contsub.image;model_alma_band_6_full_500it;2;1 Butatrienylidene;0.008547008547008546
Orion.methanol.cbc.contsub.image;model_alma_band_6_full_500it;3;2 Trihydrogen ion;0.008547008547008546
Orion.methanol.cbc.contsub.image;model_alma_band_6_full_500it;4;3 Nitrous Oxide;0.008547008547008546
Orion.methanol.cbc.contsub.image;model_alma_band_6_full_500it;5;4 Methyl Acetylene;0.008547008547008546
Orion.methanol.cbc.contsub.image;model_alma_band_6_full_expanded_00002_500it;1;0 Dimethyl ether;0.008547008547008546
Orion.methanol.cbc.contsub.image;model_alma_band_6_full_expanded_00002_500it;2;1 Butatrienylidene;0.008547008547008546
Orion.methanol.cbc.contsub.image;model_alma_band_6_full_expanded_00002_500it;3;2 Trihydrogen ion;0.008547008547008546
Orion.methanol.cbc.contsub.image;model_alma_band_6_full_expanded_00002_500it;4;3 Nitrous Oxide;0.008547008547008546
Orion.methanol.cbc.contsub.image;model_alma_band_6_full_expanded_00002_500it;5;4 Methyl Acetylene;0.008547008547008546
Orion.methanol.cbc.contsub.image;model_alma_band_6_full_expanded_00010_500it;1;0 Dimethyl ether;0.008547008547008546
Orion.methanol.cbc.contsub.image;model_alma_band_6_full_expanded_00010_500it;2;1 Butatrienylidene;0.008547008547008546
Orion.methanol.cbc.contsub.image;model_alma_band_6_full_expanded_00010_500it;3;2 Trihydrogen ion;0.008547008547008546
Orion.methanol.cbc.contsub.image;model_alma_band_6_full_expanded_00010_500it;4;3 Nitrous Oxide;0.008547008547008546
Orion.methanol.cbc.contsub.image;model_alma_band_6_full_expanded_00010_500it;5;4 Methyl Acetylene;0.008547008547008546
Orion.methanol.cbc.contsub.image;model_alma_band_6_full_expanded_00200_500it;1;0 Dimethyl ether;0.008547008547008546
Orion.methanol.cbc.contsub.image;model_alma_band_6_full_expanded_00200_500it;2;1 Butatrienylidene;0.008547008547008546
Orion.methanol.cbc.contsub.image;model_alma_band_6_full_expanded_00200_500it;3;2 Trihydrogen ion;0.008547008547008546
Orion.methanol.cbc.contsub.image;model_alma_band_6_full_expanded_00200_500it;4;3 Nitrous Oxide;0.008547008547008546
Orion.methanol.cbc.contsub.image;model_alma_band_6_full_expanded_00200_500it;5;4 Methyl Acetylene;0.008547008547008546
DMTau.CS_5-4.image;model_alma_band_6_tr_500it;1;17 Nitrosyl hydride;0.6291079812206573
DMTau.CS_5-4.image;model_alma_band_6_tr_500it;2;104 Amidogen;0.010954616588419404
DMTau.CS_5-4.image;model_alma_band_6_tr_500it;3;0 Dimethyl ether;0.003129890453834116
DMTau.CS_5-4.image;model_alma_band_6_tr_500it;4;1 Butatrienylidene;0.003129890453834116
DMTau.CS_5-4.image;model_alma_band_6_tr_500it;5;2 Trihydrogen ion;0.003129890453834116
DMTau.CS_5-4.image;model_alma_band_6_2_500it;1;2 Trihydrogen ion;0.6369327073552425
DMTau.CS_5-4.image;model_alma_band_6_2_500it;2;0 Dimethyl ether;0.003129890453834116
DMTau.CS_5-4.image;model_alma_band_6_2_500it;3;1 Butatrienylidene;0.003129890453834116
DMTau.CS_5-4.image;model_alma_band_6_2_500it;4;3 Nitrous Oxide;0.003129890453834116
DMTau.CS_5-4.image;model_alma_band_6_2_500it;5;4 Methyl Acetylene;0.003129890453834116
DMTau.CS_5-4.image;model_alma_band_6_full_500it;1;8 para-Oxidaniumyl;0.6369327073552425
DMTau.CS_5-4.image;model_alma_band_6_full_500it;2;0 Dimethyl ether;0.003129890453834116
DMTau.CS_5-4.image;model_alma_band_6_full_500it;3;1 Butatrienylidene;0.003129890453834116
DMTau.CS_5-4.image;model_alma_band_6_full_500it;4;2 Trihydrogen ion;0.003129890453834116
DMTau.CS_5-4.image;model_alma_band_6_full_500it;5;3 Nitrous Oxide;0.003129890453834116
DMTau.CS_5-4.image;model_alma_band_6_full_expanded_00002_500it;1;30 Ethyne Isocyanide;0.6369327073552425
DMTau.CS_5-4.image;model_alma_band_6_full_expanded_00002_500it;2;0 Dimethyl ether;0.003129890453834116
DMTau.CS_5-4.image;model_alma_band_6_full_expanded_00002_500it;3;1 Butatrienylidene;0.003129890453834116
DMTau.CS_5-4.image;model_alma_band_6_full_expanded_00002_500it;4;2 Trihydrogen ion;0.003129890453834116
DMTau.CS_5-4.image;model_alma_band_6_full_expanded_00002_500it;5;3 Nitrous Oxide;0.003129890453834116
DMTau.CS_5-4.image;model_alma_band_6_full_expanded_00010_500it;1;108 ortho-Oxidaniumyl;0.6134585289514867
DMTau.CS_5-4.image;model_alma_band_6_full_expanded_00010_500it;2;71 Silicon Carbide;0.010954616588419404
DMTau.CS_5-4.image;model_alma_band_6_full_expanded_00010_500it;3;96 2-Propynal;0.010954616588419404
DMTau.CS_5-4.image;model_alma_band_6_full_expanded_00010_500it;4;114 Thioformaldehyde;0.010954616588419404
DMTau.CS_5-4.image;model_alma_band_6_full_expanded_00010_500it;5;0 Dimethyl ether;0.003129890453834116
DMTau.CS_5-4.image;model_alma_band_6_full_expanded_00200_500it;1;47 Thioxoethenylidene;0.6369327073552425
DMTau.CS_5-4.image;model_alma_band_6_full_expanded_00200_500it;2;0 Dimethyl ether;0.003129890453834116
DMTau.CS_5-4.image;model_alma_band_6_full_expanded_00200_500it;3;1 Butatrienylidene;0.003129890453834116
DMTau.CS_5-4.image;model_alma_band_6_full_expanded_00200_500it;4;2 Trihydrogen ion;0.003129890453834116
DMTau.CS_5-4.image;model_alma_band_6_full_expanded_00200_500it;5;3 Nitrous Oxide;0.003129890453834116
Orion.HNC.cbc.contsub.image;model_alma_band_6_tr_500it;1;0 Dimethyl ether;0.008547008547008546
Orion.HNC.cbc.contsub.image;model_alma_band_6_tr_500it;2;1 Butatrienylidene;0.008547008547008546
Orion.HNC.cbc.contsub.image;model_alma_band_6_tr_500it;3;2 Trihydrogen ion;0.008547008547008546
Orion.HNC.cbc.contsub.image;model_alma_band_6_tr_500it;4;3 Nitrous Oxide;0.008547008547008546
Orion.HNC.cbc.contsub.image;model_alma_band_6_tr_500it;5;4 Methyl Acetylene;0.008547008547008546
Orion.HNC.cbc.contsub.image;model_alma_band_6_2_500it;1;0 Dimethyl ether;0.008547008547008546
Orion.HNC.cbc.contsub.image;model_alma_band_6_2_500it;2;1 Butatrienylidene;0.008547008547008546
Orion.HNC.cbc.contsub.image;model_alma_band_6_2_500it;3;2 Trihydrogen ion;0.008547008547008546
Orion.HNC.cbc.contsub.image;model_alma_band_6_2_500it;4;3 Nitrous Oxide;0.008547008547008546
Orion.HNC.cbc.contsub.image;model_alma_band_6_2_500it;5;4 Methyl Acetylene;0.008547008547008546
Orion.HNC.cbc.contsub.image;model_alma_band_6_full_500it;1;0 Dimethyl ether;0.008547008547008546
Orion.HNC.cbc.contsub.image;model_alma_band_6_full_500it;2;1 Butatrienylidene;0.008547008547008546
Orion.HNC.cbc.contsub.image;model_alma_band_6_full_500it;3;2 Trihydrogen ion;0.008547008547008546
Orion.HNC.cbc.contsub.image;model_alma_band_6_full_500it;4;3 Nitrous Oxide;0.008547008547008546
Orion.HNC.cbc.contsub.image;model_alma_band_6_full_500it;5;4 Methyl Acetylene;0.008547008547008546
Orion.HNC.cbc.contsub.image;model_alma_band_6_full_expanded_00002_500it;1;0 Dimethyl ether;0.008547008547008546
Orion.HNC.cbc.contsub.image;model_alma_band_6_full_expanded_00002_500it;2;1 Butatrienylidene;0.008547008547008546
Orion.HNC.cbc.contsub.image;model_alma_band_6_full_expanded_00002_500it;3;2 Trihydrogen ion;0.008547008547008546
Orion.HNC.cbc.contsub.image;model_alma_band_6_full_expanded_00002_500it;4;3 Nitrous Oxide;0.008547008547008546
Orion.HNC.cbc.contsub.image;model_alma_band_6_full_expanded_00002_500it;5;4 Methyl Acetylene;0.008547008547008546
Orion.HNC.cbc.contsub.image;model_alma_band_6_full_expanded_00010_500it;1;0 Dimethyl ether;0.008547008547008546
Orion.HNC.cbc.contsub.image;model_alma_band_6_full_expanded_00010_500it;2;1 Butatrienylidene;0.008547008547008546
Orion.HNC.cbc.contsub.image;model_alma_band_6_full_expanded_00010_500it;3;2 Trihydrogen ion;0.008547008547008546
Orion.HNC.cbc.contsub.image;model_alma_band_6_full_expanded_00010_500it;4;3 Nitrous Oxide;0.008547008547008546
Orion.HNC.cbc.contsub.image;model_alma_band_6_full_expanded_00010_500it;5;4 Methyl Acetylene;0.008547008547008546
Orion.HNC.cbc.contsub.image;model_alma_band_6_full_expanded_00200_500it;1;0 Dimethyl ether;0.008547008547008546
Orion.HNC.cbc.contsub.image;model_alma_band_6_full_expanded_00200_500it;2;1 Butatrienylidene;0.008547008547008546
Orion.HNC.cbc.contsub.image;model_alma_band_6_full_expanded_00200_500it;3;2 Trihydrogen ion;0.008547008547008546
Orion.HNC.cbc.contsub.image;model_alma_band_6_full_expanded_00200_500it;4;3 Nitrous Oxide;0.008547008547008546
Orion.HNC.cbc.contsub.image;model_alma_band_6_full_expanded_00200_500it;5;4 Methyl Acetylene;0.008547008547008546
uid___A002_Xa916fc_X668__IRS43_HCO32.final.image.pbcor;model_alma_band_6_tr_500it;1;15 Aluminum monoxide;0.398477157360406
uid___A002_Xa916fc_X668__IRS43_HCO32.final.image.pbcor;model_alma_band_6_tr_500it;2;48 Ethyl cyanide;0.017766497461928932
uid___A002_Xa916fc_X668__IRS43_HCO32.final.image.pbcor;model_alma_band_6_tr_500it;3;0 Dimethyl ether;0.005076142131979695
uid___A002_Xa916fc_X668__IRS43_HCO32.final.image.pbcor;model_alma_band_6_tr_500it;4;1 Butatrienylidene;0.005076142131979695
uid___A002_Xa916fc_X668__IRS43_HCO32.final.image.pbcor;model_alma_band_6_tr_500it;5;2 Trihydrogen ion;0.005076142131979695
uid___A002_Xa916fc_X668__IRS43_HCO32.final.image.pbcor;model_alma_band_6_2_500it;1;72 Formylium;0.41116751269035523
uid___A002_Xa916fc_X668__IRS43_HCO32.final.image.pbcor;model_alma_band_6_2_500it;2;0 Dimethyl ether;0.005076142131979695
uid___A002_Xa916fc_X668__IRS43_HCO32.final.image.pbcor;model_alma_band_6_2_500it;3;1 Butatrienylidene;0.005076142131979695
uid___A002_Xa916fc_X668__IRS43_HCO32.final.image.pbcor;model_alma_band_6_2_500it;4;2 Trihydrogen ion;0.005076142131979695
uid___A002_Xa916fc_X668__IRS43_HCO32.final.image.pbcor;model_alma_band_6_2_500it;5;3 Nitrous Oxide;0.005076142131979695
uid___A002_Xa916fc_X668__IRS43_HCO32.final.image.pbcor;model_alma_band_6_full_500it;1;69 Fulminic acid;0.41116751269035523
uid___A002_Xa916fc_X668__IRS43_HCO32.final.image.pbcor;model_alma_band_6_full_500it;2;0 Dimethyl ether;0.005076142131979695
uid___A002_Xa916fc_X668__IRS43_HCO32.final.image.pbcor;model_alma_band_6_full_500it;3;1 Butatrienylidene;0.005076142131979695
uid___A002_Xa916fc_X668__IRS43_HCO32.final.image.pbcor;model_alma_band_6_full_500it;4;2 Trihydrogen ion;0.005076142131979695
uid___A002_Xa916fc_X668__IRS43_HCO32.final.image.pbcor;model_alma_band_6_full_500it;5;3 Nitrous Oxide;0.005076142131979695
uid___A002_Xa916fc_X668__IRS43_HCO32.final.image.pbcor;model_alma_band_6_full_expanded_00002_500it;1;72 Formylium;0.41116751269035523
uid___A002_Xa916fc_X668__IRS43_HCO32.final.image.pbcor;model_alma_band_6_full_expanded_00002_500it;2;0 Dimethyl ether;0.005076142131979695
uid___A002_Xa916fc_X668__IRS43_HCO32.final.image.pbcor;model_alma_band_6_full_expanded_00002_500it;3;1 Butatrienylidene;0.005076142131979695
uid___A002_Xa916fc_X668__IRS43_HCO32.final.image.pbcor;model_alma_band_6_full_expanded_00002_500it;4;2 Trihydrogen ion;0.005076142131979695
uid___A002_Xa916fc_X668__IRS43_HCO32.final.image.pbcor;model_alma_band_6_full_expanded_00002_500it;5;3 Nitrous Oxide;0.005076142131979695
uid___A002_Xa916fc_X668__IRS43_HCO32.final.image.pbcor;model_alma_band_6_full_expanded_00010_500it;1;72 Formylium;0.3857868020304568
uid___A002_Xa916fc_X668__IRS43_HCO32.final.image.pbcor;model_alma_band_6_full_expanded_00010_500it;2;74 Sulfur dioxide;0.017766497461928932
uid___A002_Xa916fc_X668__IRS43_HCO32.final.image.pbcor;model_alma_band_6_full_expanded_00010_500it;3;113 Hydroxymethylium ion;0.017766497461928932
uid___A002_Xa916fc_X668__IRS43_HCO32.final.image.pbcor;model_alma_band_6_full_expanded_00010_500it;4;0 Dimethyl ether;0.005076142131979695
uid___A002_Xa916fc_X668__IRS43_HCO32.final.image.pbcor;model_alma_band_6_full_expanded_00010_500it;5;1 Butatrienylidene;0.005076142131979695
uid___A002_Xa916fc_X668__IRS43_HCO32.final.image.pbcor;model_alma_band_6_full_expanded_00200_500it;1;104 Amidogen;0.398477157360406
uid___A002_Xa916fc_X668__IRS43_HCO32.final.image.pbcor;model_alma_band_6_full_expanded_00200_500it;2;87 Methyl diacetylene;0.017766497461928932
uid___A002_Xa916fc_X668__IRS43_HCO32.final.image.pbcor;model_alma_band_6_full_expanded_00200_500it;3;0 Dimethyl ether;0.005076142131979695
uid___A002_Xa916fc_X668__IRS43_HCO32.final.image.pbcor;model_alma_band_6_full_expanded_00200_500it;4;1 Butatrienylidene;0.005076142131979695
uid___A002_Xa916fc_X668__IRS43_HCO32.final.image.pbcor;model_alma_band_6_full_expanded_00200_500it;5;2 Trihydrogen ion;0.005076142131979695
HD163296_CO_2_1.image;model_alma_band_6_tr_500it;1;40 Aluminum Monofluoride;0.4060150375939849
HD163296_CO_2_1.image;model_alma_band_6_tr_500it;2;51 Acetaldehyde;0.017543859649122803
HD163296_CO_2_1.image;model_alma_band_6_tr_500it;3;0 Dimethyl ether;0.005012531328320802
HD163296_CO_2_1.image;model_alma_band_6_tr_500it;4;1 Butatrienylidene;0.005012531328320802
HD163296_CO_2_1.image;model_alma_band_6_tr_500it;5;2 Trihydrogen ion;0.005012531328320802
HD163296_CO_2_1.image;model_alma_band_6_2_500it;1;26 Carbon Monoxide Ion;0.4185463659147869
HD163296_CO_2_1.image;model_alma_band_6_2_500it;2;0 Dimethyl ether;0.005012531328320802
HD163296_CO_2_1.image;model_alma_band_6_2_500it;3;1 Butatrienylidene;0.005012531328320802
HD163296_CO_2_1.image;model_alma_band_6_2_500it;4;2 Trihydrogen ion;0.005012531328320802
HD163296_CO_2_1.image;model_alma_band_6_2_500it;5;3 Nitrous Oxide;0.005012531328320802
HD163296_CO_2_1.image;model_alma_band_6_full_500it;1;37 Carbon Monoxide;0.15538847117794485
HD163296_CO_2_1.image;model_alma_band_6_full_500it;2;63 Silicon monoxide (global fit);0.15538847117794485
HD163296_CO_2_1.image;model_alma_band_6_full_500it;3;109 Cyanoethynylide ion;0.11779448621553884
HD163296_CO_2_1.image;model_alma_band_6_full_500it;4;0 Dimethyl ether;0.005012531328320802
HD163296_CO_2_1.image;model_alma_band_6_full_500it;5;1 Butatrienylidene;0.005012531328320802
HD163296_CO_2_1.image;model_alma_band_6_full_expanded_00002_500it;1;63 Silicon monoxide (global fit);0.4060150375939849
HD163296_CO_2_1.image;model_alma_band_6_full_expanded_00002_500it;2;59 Ketene;0.017543859649122803
HD163296_CO_2_1.image;model_alma_band_6_full_expanded_00002_500it;3;0 Dimethyl ether;0.005012531328320802
HD163296_CO_2_1.image;model_alma_band_6_full_expanded_00002_500it;4;1 Butatrienylidene;0.005012531328320802
HD163296_CO_2_1.image;model_alma_band_6_full_expanded_00002_500it;5;2 Trihydrogen ion;0.005012531328320802
HD163296_CO_2_1.image;model_alma_band_6_full_expanded_00010_500it;1;37 Carbon Monoxide;0.4185463659147869
HD163296_CO_2_1.image;model_alma_band_6_full_expanded_00010_500it;2;0 Dimethyl ether;0.005012531328320802
HD163296_CO_2_1.image;model_alma_band_6_full_expanded_00010_500it;3;1 Butatrienylidene;0.005012531328320802
HD163296_CO_2_1.image;model_alma_band_6_full_expanded_00010_500it;4;2 Trihydrogen ion;0.005012531328320802
HD163296_CO_2_1.image;model_alma_band_6_full_expanded_00010_500it;5;3 Nitrous Oxide;0.005012531328320802
HD163296_CO_2_1.image;model_alma_band_6_full_expanded_00200_500it;1;37 Carbon Monoxide;0.4060150375939849
HD163296_CO_2_1.image;model_alma_band_6_full_expanded_00200_500it;2;26 Carbon Monoxide Ion;0.017543859649122803
HD163296_CO_2_1.image;model_alma_band_6_full_expanded_00200_500it;3;0 Dimethyl ether;0.005012531328320802
HD163296_CO_2_1.image;model_alma_band_6_full_expanded_00200_500it;4;1 Butatrienylidene;0.005012531328320802
HD163296_CO_2_1.image;model_alma_band_6_full_expanded_00200_500it;5;2 Trihydrogen ion;0.005012531328320802
