1;1 Hydrogen fluoride;0.08653846153846154
2;0 Methanol;0.04807692307692308
3;2 Nitric oxide;0.04807692307692308
4;3 Formylium;0.04807692307692308
5;4 Sodium Chloride;0.04807692307692308
6;5 Sulfur dioxide;0.04807692307692308
7;6 para-Oxidaniumyl;0.04807692307692308
8;7 Sulfur Monoxide;0.04807692307692308
9;8 Butatrienylidene;0.04807692307692308
10;9 Carbon Monoxide;0.04807692307692308
11;10 Nitrous Oxide;0.04807692307692308
12;11 Cyanoacetylene;0.04807692307692308
13;12 Carbonyl Sulfide;0.04807692307692308
14;13 Molecular oxygen;0.04807692307692308
15;14 ortho-Oxidaniumyl;0.04807692307692308
16;15 Water;0.04807692307692308
17;16 Iminomethylium;0.04807692307692308
18;17 Hydrochloric acid;0.04807692307692308
19;18 Acetylene;0.04807692307692308
20;19 Hydrogen Cyanide;0.04807692307692308
