1;13 Molecular oxygen;0.5818965517241379
2;10 Nitrous Oxide;0.03017241379310345
3;0 Methanol;0.021551724137931036
4;1 Hydrogen fluoride;0.021551724137931036
5;2 Nitric oxide;0.021551724137931036
6;3 Formylium;0.021551724137931036
7;4 Sodium Chloride;0.021551724137931036
8;5 Sulfur dioxide;0.021551724137931036
9;6 para-Oxidaniumyl;0.021551724137931036
10;7 Sulfur Monoxide;0.021551724137931036
11;8 Butatrienylidene;0.021551724137931036
12;9 Carbon Monoxide;0.021551724137931036
13;11 Cyanoacetylene;0.021551724137931036
14;12 Carbonyl Sulfide;0.021551724137931036
15;14 ortho-Oxidaniumyl;0.021551724137931036
16;15 Water;0.021551724137931036
17;16 Iminomethylium;0.021551724137931036
18;17 Hydrochloric acid;0.021551724137931036
19;18 Acetylene;0.021551724137931036
20;19 Hydrogen Cyanide;0.021551724137931036
