1;12 Titanium monoxide;0.03680981595092024
2;129 Thioformaldehyde;0.03680981595092024
3;2 Trihydrogen ion;0.021472392638036807
4;53 Thioxoethenylidene;0.021472392638036807
5;65 Ketene;0.021472392638036807
6;67 Silicon Monoxide;0.021472392638036807
7;77 Carbon Monosulfide;0.021472392638036807
8;95 Methylene amidogen;0.021472392638036807
9;101 Methyl diacetylene;0.021472392638036807
10;125 2-Butynenitrile;0.021472392638036807
11;0 Dimethyl ether;0.006134969325153374
12;1 Butatrienylidene;0.006134969325153374
13;3 Nitrous Oxide;0.006134969325153374
14;4 Methyl Acetylene;0.006134969325153374
15;5 2,4,6-Heptatriynenitrile;0.006134969325153374
16;6 Ethylene Glycol;0.006134969325153374
17;7 2,4-Pentadiynylidyne;0.006134969325153374
18;8 Methyl Cyanide;0.006134969325153374
19;9 Thioformylium;0.006134969325153374
20;10 para-Oxidaniumyl;0.006134969325153374
21;11 Hydrogen Cyanide;0.006134969325153374
22;13 Cyanide Radical;0.006134969325153374
23;14 Formic Acid;0.006134969325153374
24;15 Nitric sulfide;0.006134969325153374
25;16 Iminomethylium;0.006134969325153374
26;17 Aluminum monoxide;0.006134969325153374
27;18 Methyl isocyanate;0.006134969325153374
28;19 Nitrosyl hydride;0.006134969325153374
29;20 Propynylidynium;0.006134969325153374
30;21 Magnesium Cyanide;0.006134969325153374
31;22 1,3-Butadiynyl anion;0.006134969325153374
32;23 Diazenylium;0.006134969325153374
33;24 Methylamine;0.006134969325153374
34;25 Chloronium;0.006134969325153374
35;26 Silicon monosulfide;0.006134969325153374
36;27 Phosphorus Monoxide;0.006134969325153374
37;28 Cyclopropenone;0.006134969325153374
38;29 Carbon Monoxide Ion;0.006134969325153374
39;30 Sodium Cyanide;0.006134969325153374
40;31 Nitric oxide;0.006134969325153374
41;32 3-Thioxo-1,2-Propadieylidene;0.006134969325153374
42;33 Silicon Cyanide;0.006134969325153374
43;34 Ethyne Isocyanide;0.006134969325153374
44;35 Sodium Chloride;0.006134969325153374
45;36 Cyanoacetylene;0.006134969325153374
46;37 Sulfur Monoxide;0.006134969325153374
47;38 Aluminum Isocyanitrile;0.006134969325153374
48;39 Cyanobutadiyne;0.006134969325153374
49;40 Potassium cyanide, potassium isocyanide;0.006134969325153374
50;41 Silicon Mononitride;0.006134969325153374
51;42 Carbon Monoxide;0.006134969325153374
52;43 Propadienylidene;0.006134969325153374
53;44 Methanimine;0.006134969325153374
54;45 Aluminum Monofluoride;0.006134969325153374
55;46 Formamide;0.006134969325153374
56;47 1,3,5,7-Octatetraynyl anion;0.006134969325153374
57;48 Aminoacetonitrile;0.006134969325153374
58;49 Ammonia;0.006134969325153374
59;50 gauche-Ethanol;0.006134969325153374
60;51 Protonate 2-proynenitrile;0.006134969325153374
61;52 Carbonyl Sulfide;0.006134969325153374
62;54 Ethyl cyanide;0.006134969325153374
63;55 Water;0.006134969325153374
64;56 Methyl Formate;0.006134969325153374
65;57 Acetaldehyde;0.006134969325153374
66;58 Ketenimine;0.006134969325153374
67;59 Propenal;0.006134969325153374
68;60 Methyl isocyanide;0.006134969325153374
69;61 iso-propyl cyanide;0.006134969325153374
70;62 Hydrogen cyanide;0.006134969325153374
71;63 Protonated Carbon Dioxide;0.006134969325153374
72;64 Methylidyne;0.006134969325153374
73;66 4-Cyano-1,3-Butadiynyl;0.006134969325153374
74;68 Acetone;0.006134969325153374
75;69 Vinyl Cyanide;0.006134969325153374
76;70 3-Imino-1,2 Propadienylidene;0.006134969325153374
77;71 Silicon monoxide (global fit);0.006134969325153374
78;72 Cyclopropenylidene;0.006134969325153374
79;73 Magnesium Isocyanide;0.006134969325153374
80;74 2,4,6-Heptatriynylidyne;0.006134969325153374
81;75 Cyanobutadiynylide anion;0.006134969325153374
82;76 Formaldehyde;0.006134969325153374
83;78 Fulminic acid;0.006134969325153374
84;79 1,3,5-Hexatriynyl;0.006134969325153374
85;80 3-Silanetetrayl-1,2-Propadienylidene;0.006134969325153374
86;81 1,3-Butadiynyl radical;0.006134969325153374
87;82 trans-Ethanol;0.006134969325153374
88;83 Silicon Carbide;0.006134969325153374
89;84 1,3,5-Hexatriynyl anion;0.006134969325153374
90;85 Formylium;0.006134969325153374
91;86 Ethylene Oxide;0.006134969325153374
92;87 Sulfur dioxide;0.006134969325153374
93;88 Carbon Monophosphide;0.006134969325153374
94;89 Sulfur Monoxide ion;0.006134969325153374
95;90 Methanol;0.006134969325153374
96;91 Sulfur Dioxide;0.006134969325153374
97;92 Cyanoformaldehyde;0.006134969325153374
98;93 Isocyanic Acid;0.006134969325153374
99;94 Silicon Isocyanide;0.006134969325153374
100;96 Silicon Monocarbide;0.006134969325153374
101;97 Phosphaethyne;0.006134969325153374
102;98 Aluminum Monochloride;0.006134969325153374
103;99 Cyanoallene;0.006134969325153374
104;100 3-Oxo-1,2-Propadienylidene;0.006134969325153374
105;102 Cyanomethylene;0.006134969325153374
106;103 Phosphapropynylidyne;0.006134969325153374
107;104 Cyanomethyl;0.006134969325153374
108;105 Hydrogen Isocyanide;0.006134969325153374
109;106 Hydrogen sulfide;0.006134969325153374
110;107 Hydroxyl;0.006134969325153374
111;108 Glycolaldehyde;0.006134969325153374
112;109 Cyanide anion;0.006134969325153374
113;110 2-Propynal;0.006134969325153374
114;111 Ethynyl;0.006134969325153374
115;112 Phosphorous nitride;0.006134969325153374
116;113 Magnesium hydride isocyanide;0.006134969325153374
117;114 Potassium chloride;0.006134969325153374
118;115 Silicon tetracarbide;0.006134969325153374
119;116 Ethyl Cyanide;0.006134969325153374
120;117 Cyanamide;0.006134969325153374
121;118 Amidogen;0.006134969325153374
122;119 Hydroxymethylidyne;0.006134969325153374
123;120 Formyl Radical;0.006134969325153374
124;121 Vinyl Alcohol;0.006134969325153374
125;122 ortho-Oxidaniumyl;0.006134969325153374
126;123 Cyanoethynylide ion;0.006134969325153374
127;124 Oxoethenylidene;0.006134969325153374
128;126 Cyanoethynyl;0.006134969325153374
129;127 3-Cyano-1,2-propadienylidene;0.006134969325153374
130;128 Hydroxymethylium ion;0.006134969325153374
131;130 Isothiocyanic acid;0.006134969325153374
132;131 Methyl formate, v<sub>t</sub> = 0, 1;0.006134969325153374
133;132 Cyanic acid;0.006134969325153374
