1;48 Hexatrienyl;0.5622866894197952
2;0 Ketene;0.007679180887372013
3;1 1,3,5-Hexatriynyl;0.007679180887372013
4;2 Oxonium hydride;0.007679180887372013
5;3 Vinyl Cyanide;0.007679180887372013
6;4 Hydroxyl;0.007679180887372013
7;5 Methyliumylidene;0.007679180887372013
8;6 Carbon Monosulfide;0.007679180887372013
9;7 Cyanomethyl;0.007679180887372013
10;8 Methyl Acetylene;0.007679180887372013
11;9 Ethyl Cyanide;0.007679180887372013
12;10 2,4-Pentadiynylidyne;0.007679180887372013
13;11 4-Cyano-1,3-Butadiynyl;0.007679180887372013
14;12 Water;0.007679180887372013
15;13 Hydrogen sulfide;0.007679180887372013
16;14 Methylene amidogen;0.007679180887372013
17;15 1,3-Butadiynyl radical;0.007679180887372013
18;16 2,4,6,8-Nonatetraynenitrile;0.007679180887372013
19;17 Formylium;0.007679180887372013
20;18 Cyanoallene;0.007679180887372013
21;19 Trihydrogen ion;0.007679180887372013
22;20 Methylcyanodiacetylene;0.007679180887372013
23;21 2,4,6-Heptatriynenitrile;0.007679180887372013
24;22 Methanol;0.007679180887372013
25;23 Ammonia;0.007679180887372013
26;24 Methyl Cyanide;0.007679180887372013
27;25 1,3,5-Hexatriynyl anion;0.007679180887372013
28;26 1,3,5,7-Octatetraynyl anion;0.007679180887372013
29;27 3-Thioxo-1,2-Propadieylidene;0.007679180887372013
30;28 Cyanobutadiyne;0.007679180887372013
31;29 Nitric sulfide;0.007679180887372013
32;30 Sulfur dioxide;0.007679180887372013
33;31 Hydrochloric acid;0.007679180887372013
34;32 2,4,6,8,10-Undecapentaynenitrile;0.007679180887372013
35;33 Cyanide Radical;0.007679180887372013
36;34 Nitric oxide;0.007679180887372013
37;35 Formaldehyde;0.007679180887372013
38;36 Sulfur Monoxide;0.007679180887372013
39;37 Methyltriacetylene;0.007679180887372013
40;38 Hydrogen Cyanide;0.007679180887372013
41;39 Methyl diacetylene;0.007679180887372013
42;40 Methylidyne;0.007679180887372013
43;41 Thioxoethenylidene;0.007679180887372013
44;42 Silicon Monoxide;0.007679180887372013
45;43 1,3,5,7-Octatetraynyl;0.007679180887372013
46;44 Oxoethenylidene;0.007679180887372013
47;45 Propynylidynium;0.007679180887372013
48;46 Carbon Monoxide;0.007679180887372013
49;47 Thioformaldehyde;0.007679180887372013
50;49 Diazenylium;0.007679180887372013
51;50 Hydrogen Isocyanide;0.007679180887372013
52;51 Carbon Monosulfide;0.007679180887372013
53;52 Methylamine;0.007679180887372013
54;53 Formic Acid;0.007679180887372013
55;54 Cyclopropenylidene;0.007679180887372013
56;55 Cyanoacetylene;0.007679180887372013
57;56 para-Oxidaniumyl;0.007679180887372013
58;57 ortho-Oxidaniumyl;0.007679180887372013
