uid___A002_Xa916fc_X668__IRS43_HCO32.final.image.pbcor;model_dark_clouds_tr_500it;1;42 Silicon Monoxide;0.7385321100917432
uid___A002_Xa916fc_X668__IRS43_HCO32.final.image.pbcor;model_dark_clouds_tr_500it;2;0 Ketene;0.0045871559633027525
uid___A002_Xa916fc_X668__IRS43_HCO32.final.image.pbcor;model_dark_clouds_tr_500it;3;1 1,3,5-Hexatriynyl;0.0045871559633027525
uid___A002_Xa916fc_X668__IRS43_HCO32.final.image.pbcor;model_dark_clouds_tr_500it;4;2 Oxonium hydride;0.0045871559633027525
uid___A002_Xa916fc_X668__IRS43_HCO32.final.image.pbcor;model_dark_clouds_tr_500it;5;3 Vinyl Cyanide;0.0045871559633027525
uid___A002_Xa916fc_X668__IRS43_HCO32.final.image.pbcor;model_dark_clouds_2_500it;1;28 Cyanobutadiyne;0.7385321100917432
uid___A002_Xa916fc_X668__IRS43_HCO32.final.image.pbcor;model_dark_clouds_2_500it;2;0 Ketene;0.0045871559633027525
uid___A002_Xa916fc_X668__IRS43_HCO32.final.image.pbcor;model_dark_clouds_2_500it;3;1 1,3,5-Hexatriynyl;0.0045871559633027525
uid___A002_Xa916fc_X668__IRS43_HCO32.final.image.pbcor;model_dark_clouds_2_500it;4;2 Oxonium hydride;0.0045871559633027525
uid___A002_Xa916fc_X668__IRS43_HCO32.final.image.pbcor;model_dark_clouds_2_500it;5;3 Vinyl Cyanide;0.0045871559633027525
uid___A002_Xa916fc_X668__IRS43_HCO32.final.image.pbcor;model_dark_clouds_full_500it;1;0 Ketene;0.017241379310344827
uid___A002_Xa916fc_X668__IRS43_HCO32.final.image.pbcor;model_dark_clouds_full_500it;2;1 1,3,5-Hexatriynyl;0.017241379310344827
uid___A002_Xa916fc_X668__IRS43_HCO32.final.image.pbcor;model_dark_clouds_full_500it;3;2 Oxonium hydride;0.017241379310344827
uid___A002_Xa916fc_X668__IRS43_HCO32.final.image.pbcor;model_dark_clouds_full_500it;4;3 Vinyl Cyanide;0.017241379310344827
uid___A002_Xa916fc_X668__IRS43_HCO32.final.image.pbcor;model_dark_clouds_full_500it;5;4 Hydroxyl;0.017241379310344827
uid___A002_Xa916fc_X668__IRS43_HCO32.final.image.pbcor;model_dark_clouds_full_expanded_00002_500it;1;0 Ketene;0.017241379310344827
uid___A002_Xa916fc_X668__IRS43_HCO32.final.image.pbcor;model_dark_clouds_full_expanded_00002_500it;2;1 1,3,5-Hexatriynyl;0.017241379310344827
uid___A002_Xa916fc_X668__IRS43_HCO32.final.image.pbcor;model_dark_clouds_full_expanded_00002_500it;3;2 Oxonium hydride;0.017241379310344827
uid___A002_Xa916fc_X668__IRS43_HCO32.final.image.pbcor;model_dark_clouds_full_expanded_00002_500it;4;3 Vinyl Cyanide;0.017241379310344827
uid___A002_Xa916fc_X668__IRS43_HCO32.final.image.pbcor;model_dark_clouds_full_expanded_00002_500it;5;4 Hydroxyl;0.017241379310344827
uid___A002_Xa916fc_X668__IRS43_HCO32.final.image.pbcor;model_dark_clouds_full_expanded_00010_500it;1;0 Ketene;0.017241379310344827
uid___A002_Xa916fc_X668__IRS43_HCO32.final.image.pbcor;model_dark_clouds_full_expanded_00010_500it;2;1 1,3,5-Hexatriynyl;0.017241379310344827
uid___A002_Xa916fc_X668__IRS43_HCO32.final.image.pbcor;model_dark_clouds_full_expanded_00010_500it;3;2 Oxonium hydride;0.017241379310344827
uid___A002_Xa916fc_X668__IRS43_HCO32.final.image.pbcor;model_dark_clouds_full_expanded_00010_500it;4;3 Vinyl Cyanide;0.017241379310344827
uid___A002_Xa916fc_X668__IRS43_HCO32.final.image.pbcor;model_dark_clouds_full_expanded_00010_500it;5;4 Hydroxyl;0.017241379310344827
Orion.methanol.cbc.contsub.image;model_dark_clouds_tr_500it;1;5 Methyliumylidene;0.36374695863746953
Orion.methanol.cbc.contsub.image;model_dark_clouds_tr_500it;2;54 Cyclopropenylidene;0.023114355231143552
Orion.methanol.cbc.contsub.image;model_dark_clouds_tr_500it;3;0 Ketene;0.010948905109489052
Orion.methanol.cbc.contsub.image;model_dark_clouds_tr_500it;4;1 1,3,5-Hexatriynyl;0.010948905109489052
Orion.methanol.cbc.contsub.image;model_dark_clouds_tr_500it;5;2 Oxonium hydride;0.010948905109489052
Orion.methanol.cbc.contsub.image;model_dark_clouds_2_500it;1;0 Ketene;0.017241379310344827
Orion.methanol.cbc.contsub.image;model_dark_clouds_2_500it;2;1 1,3,5-Hexatriynyl;0.017241379310344827
Orion.methanol.cbc.contsub.image;model_dark_clouds_2_500it;3;2 Oxonium hydride;0.017241379310344827
Orion.methanol.cbc.contsub.image;model_dark_clouds_2_500it;4;3 Vinyl Cyanide;0.017241379310344827
Orion.methanol.cbc.contsub.image;model_dark_clouds_2_500it;5;4 Hydroxyl;0.017241379310344827
Orion.methanol.cbc.contsub.image;model_dark_clouds_full_500it;1;0 Ketene;0.017241379310344827
Orion.methanol.cbc.contsub.image;model_dark_clouds_full_500it;2;1 1,3,5-Hexatriynyl;0.017241379310344827
Orion.methanol.cbc.contsub.image;model_dark_clouds_full_500it;3;2 Oxonium hydride;0.017241379310344827
Orion.methanol.cbc.contsub.image;model_dark_clouds_full_500it;4;3 Vinyl Cyanide;0.017241379310344827
Orion.methanol.cbc.contsub.image;model_dark_clouds_full_500it;5;4 Hydroxyl;0.017241379310344827
Orion.methanol.cbc.contsub.image;model_dark_clouds_full_expanded_00002_500it;1;0 Ketene;0.017241379310344827
Orion.methanol.cbc.contsub.image;model_dark_clouds_full_expanded_00002_500it;2;1 1,3,5-Hexatriynyl;0.017241379310344827
Orion.methanol.cbc.contsub.image;model_dark_clouds_full_expanded_00002_500it;3;2 Oxonium hydride;0.017241379310344827
Orion.methanol.cbc.contsub.image;model_dark_clouds_full_expanded_00002_500it;4;3 Vinyl Cyanide;0.017241379310344827
Orion.methanol.cbc.contsub.image;model_dark_clouds_full_expanded_00002_500it;5;4 Hydroxyl;0.017241379310344827
Orion.methanol.cbc.contsub.image;model_dark_clouds_full_expanded_00010_500it;1;0 Ketene;0.017241379310344827
Orion.methanol.cbc.contsub.image;model_dark_clouds_full_expanded_00010_500it;2;1 1,3,5-Hexatriynyl;0.017241379310344827
Orion.methanol.cbc.contsub.image;model_dark_clouds_full_expanded_00010_500it;3;2 Oxonium hydride;0.017241379310344827
Orion.methanol.cbc.contsub.image;model_dark_clouds_full_expanded_00010_500it;4;3 Vinyl Cyanide;0.017241379310344827
Orion.methanol.cbc.contsub.image;model_dark_clouds_full_expanded_00010_500it;5;4 Hydroxyl;0.017241379310344827
Orion.HNC.cbc.contsub.image;model_dark_clouds_tr_500it;1;42 Silicon Monoxide;0.3759124087591241
Orion.HNC.cbc.contsub.image;model_dark_clouds_tr_500it;2;0 Ketene;0.010948905109489052
Orion.HNC.cbc.contsub.image;model_dark_clouds_tr_500it;3;1 1,3,5-Hexatriynyl;0.010948905109489052
Orion.HNC.cbc.contsub.image;model_dark_clouds_tr_500it;4;2 Oxonium hydride;0.010948905109489052
Orion.HNC.cbc.contsub.image;model_dark_clouds_tr_500it;5;3 Vinyl Cyanide;0.010948905109489052
Orion.HNC.cbc.contsub.image;model_dark_clouds_2_500it;1;0 Ketene;0.017241379310344827
Orion.HNC.cbc.contsub.image;model_dark_clouds_2_500it;2;1 1,3,5-Hexatriynyl;0.017241379310344827
Orion.HNC.cbc.contsub.image;model_dark_clouds_2_500it;3;2 Oxonium hydride;0.017241379310344827
Orion.HNC.cbc.contsub.image;model_dark_clouds_2_500it;4;3 Vinyl Cyanide;0.017241379310344827
Orion.HNC.cbc.contsub.image;model_dark_clouds_2_500it;5;4 Hydroxyl;0.017241379310344827
Orion.HNC.cbc.contsub.image;model_dark_clouds_full_500it;1;0 Ketene;0.017241379310344827
Orion.HNC.cbc.contsub.image;model_dark_clouds_full_500it;2;1 1,3,5-Hexatriynyl;0.017241379310344827
Orion.HNC.cbc.contsub.image;model_dark_clouds_full_500it;3;2 Oxonium hydride;0.017241379310344827
Orion.HNC.cbc.contsub.image;model_dark_clouds_full_500it;4;3 Vinyl Cyanide;0.017241379310344827
Orion.HNC.cbc.contsub.image;model_dark_clouds_full_500it;5;4 Hydroxyl;0.017241379310344827
Orion.HNC.cbc.contsub.image;model_dark_clouds_full_expanded_00002_500it;1;0 Ketene;0.017241379310344827
Orion.HNC.cbc.contsub.image;model_dark_clouds_full_expanded_00002_500it;2;1 1,3,5-Hexatriynyl;0.017241379310344827
Orion.HNC.cbc.contsub.image;model_dark_clouds_full_expanded_00002_500it;3;2 Oxonium hydride;0.017241379310344827
Orion.HNC.cbc.contsub.image;model_dark_clouds_full_expanded_00002_500it;4;3 Vinyl Cyanide;0.017241379310344827
Orion.HNC.cbc.contsub.image;model_dark_clouds_full_expanded_00002_500it;5;4 Hydroxyl;0.017241379310344827
Orion.HNC.cbc.contsub.image;model_dark_clouds_full_expanded_00010_500it;1;0 Ketene;0.017241379310344827
Orion.HNC.cbc.contsub.image;model_dark_clouds_full_expanded_00010_500it;2;1 1,3,5-Hexatriynyl;0.017241379310344827
Orion.HNC.cbc.contsub.image;model_dark_clouds_full_expanded_00010_500it;3;2 Oxonium hydride;0.017241379310344827
Orion.HNC.cbc.contsub.image;model_dark_clouds_full_expanded_00010_500it;4;3 Vinyl Cyanide;0.017241379310344827
Orion.HNC.cbc.contsub.image;model_dark_clouds_full_expanded_00010_500it;5;4 Hydroxyl;0.017241379310344827
TWHydra_CO3_2line.image;model_dark_clouds_tr_500it;1;5 Methyliumylidene;0.43275488069414314
TWHydra_CO3_2line.image;model_dark_clouds_tr_500it;2;38 Hydrogen Cyanide;0.020607375271149673
TWHydra_CO3_2line.image;model_dark_clouds_tr_500it;3;0 Ketene;0.009761388286334056
TWHydra_CO3_2line.image;model_dark_clouds_tr_500it;4;1 1,3,5-Hexatriynyl;0.009761388286334056
TWHydra_CO3_2line.image;model_dark_clouds_tr_500it;5;2 Oxonium hydride;0.009761388286334056
TWHydra_CO3_2line.image;model_dark_clouds_2_500it;1;32 2,4,6,8,10-Undecapentaynenitrile;0.43275488069414314
TWHydra_CO3_2line.image;model_dark_clouds_2_500it;2;46 Carbon Monoxide;0.020607375271149673
TWHydra_CO3_2line.image;model_dark_clouds_2_500it;3;0 Ketene;0.009761388286334056
TWHydra_CO3_2line.image;model_dark_clouds_2_500it;4;1 1,3,5-Hexatriynyl;0.009761388286334056
TWHydra_CO3_2line.image;model_dark_clouds_2_500it;5;2 Oxonium hydride;0.009761388286334056
TWHydra_CO3_2line.image;model_dark_clouds_full_500it;1;5 Methyliumylidene;0.41169724770642196
TWHydra_CO3_2line.image;model_dark_clouds_full_500it;2;0 Ketene;0.010321100917431193
TWHydra_CO3_2line.image;model_dark_clouds_full_500it;3;1 1,3,5-Hexatriynyl;0.010321100917431193
TWHydra_CO3_2line.image;model_dark_clouds_full_500it;4;2 Oxonium hydride;0.010321100917431193
TWHydra_CO3_2line.image;model_dark_clouds_full_500it;5;3 Vinyl Cyanide;0.010321100917431193
TWHydra_CO3_2line.image;model_dark_clouds_full_expanded_00002_500it;1;46 Carbon Monoxide;0.41169724770642196
TWHydra_CO3_2line.image;model_dark_clouds_full_expanded_00002_500it;2;0 Ketene;0.010321100917431193
TWHydra_CO3_2line.image;model_dark_clouds_full_expanded_00002_500it;3;1 1,3,5-Hexatriynyl;0.010321100917431193
TWHydra_CO3_2line.image;model_dark_clouds_full_expanded_00002_500it;4;2 Oxonium hydride;0.010321100917431193
TWHydra_CO3_2line.image;model_dark_clouds_full_expanded_00002_500it;5;3 Vinyl Cyanide;0.010321100917431193
TWHydra_CO3_2line.image;model_dark_clouds_full_expanded_00010_500it;1;46 Carbon Monoxide;0.41169724770642196
TWHydra_CO3_2line.image;model_dark_clouds_full_expanded_00010_500it;2;0 Ketene;0.010321100917431193
TWHydra_CO3_2line.image;model_dark_clouds_full_expanded_00010_500it;3;1 1,3,5-Hexatriynyl;0.010321100917431193
TWHydra_CO3_2line.image;model_dark_clouds_full_expanded_00010_500it;4;2 Oxonium hydride;0.010321100917431193
TWHydra_CO3_2line.image;model_dark_clouds_full_expanded_00010_500it;5;3 Vinyl Cyanide;0.010321100917431193
TWHydra_HCOplusline.image;model_dark_clouds_tr_500it;1;48 Hexatrienyl;0.3834134615384615
TWHydra_HCOplusline.image;model_dark_clouds_tr_500it;2;0 Ketene;0.010817307692307692
TWHydra_HCOplusline.image;model_dark_clouds_tr_500it;3;1 1,3,5-Hexatriynyl;0.010817307692307692
TWHydra_HCOplusline.image;model_dark_clouds_tr_500it;4;2 Oxonium hydride;0.010817307692307692
TWHydra_HCOplusline.image;model_dark_clouds_tr_500it;5;3 Vinyl Cyanide;0.010817307692307692
TWHydra_HCOplusline.image;model_dark_clouds_2_500it;1;31 Hydrochloric acid;0.3713942307692307
TWHydra_HCOplusline.image;model_dark_clouds_2_500it;2;17 Formylium;0.02283653846153846
TWHydra_HCOplusline.image;model_dark_clouds_2_500it;3;0 Ketene;0.010817307692307692
TWHydra_HCOplusline.image;model_dark_clouds_2_500it;4;1 1,3,5-Hexatriynyl;0.010817307692307692
TWHydra_HCOplusline.image;model_dark_clouds_2_500it;5;2 Oxonium hydride;0.010817307692307692
TWHydra_HCOplusline.image;model_dark_clouds_full_500it;1;45 Propynylidynium;0.34398976982097185
TWHydra_HCOplusline.image;model_dark_clouds_full_500it;2;0 Ketene;0.011508951406649617
TWHydra_HCOplusline.image;model_dark_clouds_full_500it;3;1 1,3,5-Hexatriynyl;0.011508951406649617
TWHydra_HCOplusline.image;model_dark_clouds_full_500it;4;2 Oxonium hydride;0.011508951406649617
TWHydra_HCOplusline.image;model_dark_clouds_full_500it;5;3 Vinyl Cyanide;0.011508951406649617
TWHydra_HCOplusline.image;model_dark_clouds_full_expanded_00002_500it;1;17 Formylium;0.34398976982097185
TWHydra_HCOplusline.image;model_dark_clouds_full_expanded_00002_500it;2;0 Ketene;0.011508951406649617
TWHydra_HCOplusline.image;model_dark_clouds_full_expanded_00002_500it;3;1 1,3,5-Hexatriynyl;0.011508951406649617
TWHydra_HCOplusline.image;model_dark_clouds_full_expanded_00002_500it;4;2 Oxonium hydride;0.011508951406649617
TWHydra_HCOplusline.image;model_dark_clouds_full_expanded_00002_500it;5;3 Vinyl Cyanide;0.011508951406649617
TWHydra_HCOplusline.image;model_dark_clouds_full_expanded_00010_500it;1;55 Cyanoacetylene;0.34398976982097185
TWHydra_HCOplusline.image;model_dark_clouds_full_expanded_00010_500it;2;0 Ketene;0.011508951406649617
TWHydra_HCOplusline.image;model_dark_clouds_full_expanded_00010_500it;3;1 1,3,5-Hexatriynyl;0.011508951406649617
TWHydra_HCOplusline.image;model_dark_clouds_full_expanded_00010_500it;4;2 Oxonium hydride;0.011508951406649617
TWHydra_HCOplusline.image;model_dark_clouds_full_expanded_00010_500it;5;3 Vinyl Cyanide;0.011508951406649617
DMTau.CS_5-4.image;model_dark_clouds_tr_500it;1;5 Methyliumylidene;0.8020833333333334
DMTau.CS_5-4.image;model_dark_clouds_tr_500it;2;0 Ketene;0.0034722222222222225
DMTau.CS_5-4.image;model_dark_clouds_tr_500it;3;1 1,3,5-Hexatriynyl;0.0034722222222222225
DMTau.CS_5-4.image;model_dark_clouds_tr_500it;4;2 Oxonium hydride;0.0034722222222222225
DMTau.CS_5-4.image;model_dark_clouds_tr_500it;5;3 Vinyl Cyanide;0.0034722222222222225
DMTau.CS_5-4.image;model_dark_clouds_2_500it;1;5 Methyliumylidene;0.8020833333333334
DMTau.CS_5-4.image;model_dark_clouds_2_500it;2;0 Ketene;0.0034722222222222225
DMTau.CS_5-4.image;model_dark_clouds_2_500it;3;1 1,3,5-Hexatriynyl;0.0034722222222222225
DMTau.CS_5-4.image;model_dark_clouds_2_500it;4;2 Oxonium hydride;0.0034722222222222225
DMTau.CS_5-4.image;model_dark_clouds_2_500it;5;3 Vinyl Cyanide;0.0034722222222222225
DMTau.CS_5-4.image;model_dark_clouds_full_500it;1;0 Ketene;0.017241379310344827
DMTau.CS_5-4.image;model_dark_clouds_full_500it;2;1 1,3,5-Hexatriynyl;0.017241379310344827
DMTau.CS_5-4.image;model_dark_clouds_full_500it;3;2 Oxonium hydride;0.017241379310344827
DMTau.CS_5-4.image;model_dark_clouds_full_500it;4;3 Vinyl Cyanide;0.017241379310344827
DMTau.CS_5-4.image;model_dark_clouds_full_500it;5;4 Hydroxyl;0.017241379310344827
DMTau.CS_5-4.image;model_dark_clouds_full_expanded_00002_500it;1;0 Ketene;0.017241379310344827
DMTau.CS_5-4.image;model_dark_clouds_full_expanded_00002_500it;2;1 1,3,5-Hexatriynyl;0.017241379310344827
DMTau.CS_5-4.image;model_dark_clouds_full_expanded_00002_500it;3;2 Oxonium hydride;0.017241379310344827
DMTau.CS_5-4.image;model_dark_clouds_full_expanded_00002_500it;4;3 Vinyl Cyanide;0.017241379310344827
DMTau.CS_5-4.image;model_dark_clouds_full_expanded_00002_500it;5;4 Hydroxyl;0.017241379310344827
DMTau.CS_5-4.image;model_dark_clouds_full_expanded_00010_500it;1;0 Ketene;0.017241379310344827
DMTau.CS_5-4.image;model_dark_clouds_full_expanded_00010_500it;2;1 1,3,5-Hexatriynyl;0.017241379310344827
DMTau.CS_5-4.image;model_dark_clouds_full_expanded_00010_500it;3;2 Oxonium hydride;0.017241379310344827
DMTau.CS_5-4.image;model_dark_clouds_full_expanded_00010_500it;4;3 Vinyl Cyanide;0.017241379310344827
DMTau.CS_5-4.image;model_dark_clouds_full_expanded_00010_500it;5;4 Hydroxyl;0.017241379310344827
HD163296_CO_2_1.image;model_dark_clouds_tr_500it;1;5 Methyliumylidene;0.5622866894197952
HD163296_CO_2_1.image;model_dark_clouds_tr_500it;2;0 Ketene;0.007679180887372013
HD163296_CO_2_1.image;model_dark_clouds_tr_500it;3;1 1,3,5-Hexatriynyl;0.007679180887372013
HD163296_CO_2_1.image;model_dark_clouds_tr_500it;4;2 Oxonium hydride;0.007679180887372013
HD163296_CO_2_1.image;model_dark_clouds_tr_500it;5;3 Vinyl Cyanide;0.007679180887372013
HD163296_CO_2_1.image;model_dark_clouds_2_500it;1;48 Hexatrienyl;0.5622866894197952
HD163296_CO_2_1.image;model_dark_clouds_2_500it;2;0 Ketene;0.007679180887372013
HD163296_CO_2_1.image;model_dark_clouds_2_500it;3;1 1,3,5-Hexatriynyl;0.007679180887372013
HD163296_CO_2_1.image;model_dark_clouds_2_500it;4;2 Oxonium hydride;0.007679180887372013
HD163296_CO_2_1.image;model_dark_clouds_2_500it;5;3 Vinyl Cyanide;0.007679180887372013
HD163296_CO_2_1.image;model_dark_clouds_full_500it;1;45 Propynylidynium;0.23660714285714285
HD163296_CO_2_1.image;model_dark_clouds_full_500it;2;0 Ketene;0.013392857142857142
HD163296_CO_2_1.image;model_dark_clouds_full_500it;3;1 1,3,5-Hexatriynyl;0.013392857142857142
HD163296_CO_2_1.image;model_dark_clouds_full_500it;4;2 Oxonium hydride;0.013392857142857142
HD163296_CO_2_1.image;model_dark_clouds_full_500it;5;3 Vinyl Cyanide;0.013392857142857142
HD163296_CO_2_1.image;model_dark_clouds_full_expanded_00002_500it;1;46 Carbon Monoxide;0.22172619047619047
HD163296_CO_2_1.image;model_dark_clouds_full_expanded_00002_500it;2;18 Cyanoallene;0.02827380952380952
HD163296_CO_2_1.image;model_dark_clouds_full_expanded_00002_500it;3;0 Ketene;0.013392857142857142
HD163296_CO_2_1.image;model_dark_clouds_full_expanded_00002_500it;4;1 1,3,5-Hexatriynyl;0.013392857142857142
HD163296_CO_2_1.image;model_dark_clouds_full_expanded_00002_500it;5;2 Oxonium hydride;0.013392857142857142
HD163296_CO_2_1.image;model_dark_clouds_full_expanded_00010_500it;1;46 Carbon Monoxide;0.23660714285714285
HD163296_CO_2_1.image;model_dark_clouds_full_expanded_00010_500it;2;0 Ketene;0.013392857142857142
HD163296_CO_2_1.image;model_dark_clouds_full_expanded_00010_500it;3;1 1,3,5-Hexatriynyl;0.013392857142857142
HD163296_CO_2_1.image;model_dark_clouds_full_expanded_00010_500it;4;2 Oxonium hydride;0.013392857142857142
HD163296_CO_2_1.image;model_dark_clouds_full_expanded_00010_500it;5;3 Vinyl Cyanide;0.013392857142857142
