1;5 Methyliumylidene;0.41169724770642196
2;0 Ketene;0.010321100917431193
3;1 1,3,5-Hexatriynyl;0.010321100917431193
4;2 Oxonium hydride;0.010321100917431193
5;3 Vinyl Cyanide;0.010321100917431193
6;4 Hydroxyl;0.010321100917431193
7;6 Carbon Monosulfide;0.010321100917431193
8;7 Cyanomethyl;0.010321100917431193
9;8 Methyl Acetylene;0.010321100917431193
10;9 Ethyl Cyanide;0.010321100917431193
11;10 2,4-Pentadiynylidyne;0.010321100917431193
12;11 4-Cyano-1,3-Butadiynyl;0.010321100917431193
13;12 Water;0.010321100917431193
14;13 Hydrogen sulfide;0.010321100917431193
15;14 Methylene amidogen;0.010321100917431193
16;15 1,3-Butadiynyl radical;0.010321100917431193
17;16 2,4,6,8-Nonatetraynenitrile;0.010321100917431193
18;17 Formylium;0.010321100917431193
19;18 Cyanoallene;0.010321100917431193
20;19 Trihydrogen ion;0.010321100917431193
21;20 Methylcyanodiacetylene;0.010321100917431193
22;21 2,4,6-Heptatriynenitrile;0.010321100917431193
23;22 Methanol;0.010321100917431193
24;23 Ammonia;0.010321100917431193
25;24 Methyl Cyanide;0.010321100917431193
26;25 1,3,5-Hexatriynyl anion;0.010321100917431193
27;26 1,3,5,7-Octatetraynyl anion;0.010321100917431193
28;27 3-Thioxo-1,2-Propadieylidene;0.010321100917431193
29;28 Cyanobutadiyne;0.010321100917431193
30;29 Nitric sulfide;0.010321100917431193
31;30 Sulfur dioxide;0.010321100917431193
32;31 Hydrochloric acid;0.010321100917431193
33;32 2,4,6,8,10-Undecapentaynenitrile;0.010321100917431193
34;33 Cyanide Radical;0.010321100917431193
35;34 Nitric oxide;0.010321100917431193
36;35 Formaldehyde;0.010321100917431193
37;36 Sulfur Monoxide;0.010321100917431193
38;37 Methyltriacetylene;0.010321100917431193
39;38 Hydrogen Cyanide;0.010321100917431193
40;39 Methyl diacetylene;0.010321100917431193
41;40 Methylidyne;0.010321100917431193
42;41 Thioxoethenylidene;0.010321100917431193
43;42 Silicon Monoxide;0.010321100917431193
44;43 1,3,5,7-Octatetraynyl;0.010321100917431193
45;44 Oxoethenylidene;0.010321100917431193
46;45 Propynylidynium;0.010321100917431193
47;46 Carbon Monoxide;0.010321100917431193
48;47 Thioformaldehyde;0.010321100917431193
49;48 Hexatrienyl;0.010321100917431193
50;49 Diazenylium;0.010321100917431193
51;50 Hydrogen Isocyanide;0.010321100917431193
52;51 Carbon Monosulfide;0.010321100917431193
53;52 Methylamine;0.010321100917431193
54;53 Formic Acid;0.010321100917431193
55;54 Cyclopropenylidene;0.010321100917431193
56;55 Cyanoacetylene;0.010321100917431193
57;56 para-Oxidaniumyl;0.010321100917431193
58;57 ortho-Oxidaniumyl;0.010321100917431193
