1;5 Methyliumylidene;0.2794943820224719
2;0 Ketene;0.012640449438202247
3;1 1,3,5-Hexatriynyl;0.012640449438202247
4;2 Oxonium hydride;0.012640449438202247
5;3 Vinyl Cyanide;0.012640449438202247
6;4 Hydroxyl;0.012640449438202247
7;6 Carbon Monosulfide;0.012640449438202247
8;7 Cyanomethyl;0.012640449438202247
9;8 Methyl Acetylene;0.012640449438202247
10;9 Ethyl Cyanide;0.012640449438202247
11;10 2,4-Pentadiynylidyne;0.012640449438202247
12;11 4-Cyano-1,3-Butadiynyl;0.012640449438202247
13;12 Water;0.012640449438202247
14;13 Hydrogen sulfide;0.012640449438202247
15;14 Methylene amidogen;0.012640449438202247
16;15 1,3-Butadiynyl radical;0.012640449438202247
17;16 2,4,6,8-Nonatetraynenitrile;0.012640449438202247
18;17 Formylium;0.012640449438202247
19;18 Cyanoallene;0.012640449438202247
20;19 Trihydrogen ion;0.012640449438202247
21;20 Methylcyanodiacetylene;0.012640449438202247
22;21 2,4,6-Heptatriynenitrile;0.012640449438202247
23;22 Methanol;0.012640449438202247
24;23 Ammonia;0.012640449438202247
25;24 Methyl Cyanide;0.012640449438202247
26;25 1,3,5-Hexatriynyl anion;0.012640449438202247
27;26 1,3,5,7-Octatetraynyl anion;0.012640449438202247
28;27 3-Thioxo-1,2-Propadieylidene;0.012640449438202247
29;28 Cyanobutadiyne;0.012640449438202247
30;29 Nitric sulfide;0.012640449438202247
31;30 Sulfur dioxide;0.012640449438202247
32;31 Hydrochloric acid;0.012640449438202247
33;32 2,4,6,8,10-Undecapentaynenitrile;0.012640449438202247
34;33 Cyanide Radical;0.012640449438202247
35;34 Nitric oxide;0.012640449438202247
36;35 Formaldehyde;0.012640449438202247
37;36 Sulfur Monoxide;0.012640449438202247
38;37 Methyltriacetylene;0.012640449438202247
39;38 Hydrogen Cyanide;0.012640449438202247
40;39 Methyl diacetylene;0.012640449438202247
41;40 Methylidyne;0.012640449438202247
42;41 Thioxoethenylidene;0.012640449438202247
43;42 Silicon Monoxide;0.012640449438202247
44;43 1,3,5,7-Octatetraynyl;0.012640449438202247
45;44 Oxoethenylidene;0.012640449438202247
46;45 Propynylidynium;0.012640449438202247
47;46 Carbon Monoxide;0.012640449438202247
48;47 Thioformaldehyde;0.012640449438202247
49;48 Hexatrienyl;0.012640449438202247
50;49 Diazenylium;0.012640449438202247
51;50 Hydrogen Isocyanide;0.012640449438202247
52;51 Carbon Monosulfide;0.012640449438202247
53;52 Methylamine;0.012640449438202247
54;53 Formic Acid;0.012640449438202247
55;54 Cyclopropenylidene;0.012640449438202247
56;55 Cyanoacetylene;0.012640449438202247
57;56 para-Oxidaniumyl;0.012640449438202247
58;57 ortho-Oxidaniumyl;0.012640449438202247
