1;34 Formylium;0.332425068119891
2;0 Methylidyne;0.019073569482288825
3;1 1,3-Butadiynyl radical;0.019073569482288825
4;2 Formaldehyde;0.019073569482288825
5;3 Sulfur dioxide;0.019073569482288825
6;4 Carbon Monoxide;0.019073569482288825
7;5 Water;0.019073569482288825
8;6 Carbon Monoxide Ion;0.019073569482288825
9;7 Nitric sulfide;0.019073569482288825
10;8 Isocyanic Acid;0.019073569482288825
11;9 Methyliumylidene;0.019073569482288825
12;10 Cyanide Radical;0.019073569482288825
13;11 Ethynyl;0.019073569482288825
14;12 Carbonyl Sulfide;0.019073569482288825
15;13 Hydroxyl;0.019073569482288825
16;14 Diazenylium;0.019073569482288825
17;15 Thioxoethenylidene;0.019073569482288825
18;16 Nitric oxide;0.019073569482288825
19;17 Methyl Cyanide;0.019073569482288825
20;18 Cyclopropenylidene;0.019073569482288825
21;19 Methanimine;0.019073569482288825
22;20 Methanol;0.019073569482288825
23;21 Thioformaldehyde;0.019073569482288825
24;22 Ammonia;0.019073569482288825
25;23 Cyanamide;0.019073569482288825
26;24 Cyanoacetylene;0.019073569482288825
27;25 Sodium Chloride;0.019073569482288825
28;26 Silicon Monoxide;0.019073569482288825
29;27 Sulfur Monoxide;0.019073569482288825
30;28 Protonated Carbon Dioxide;0.019073569482288825
31;29 Hydrogen Cyanide;0.019073569482288825
32;30 Carbon Monosulfide;0.019073569482288825
33;31 Hydrogen sulfide;0.019073569482288825
34;32 Molecular oxygen;0.019073569482288825
35;33 Hydrogen Isocyanide;0.019073569482288825
36;35 Methyl Acetylene;0.019073569482288825
