1;27 Sulfur Monoxide;0.04580152671755725
2;33 Hydrogen Isocyanide;0.04580152671755725
3;0 Methylidyne;0.026717557251908396
4;1 1,3-Butadiynyl radical;0.026717557251908396
5;2 Formaldehyde;0.026717557251908396
6;3 Sulfur dioxide;0.026717557251908396
7;4 Carbon Monoxide;0.026717557251908396
8;5 Water;0.026717557251908396
9;6 Carbon Monoxide Ion;0.026717557251908396
10;7 Nitric sulfide;0.026717557251908396
11;8 Isocyanic Acid;0.026717557251908396
12;9 Methyliumylidene;0.026717557251908396
13;10 Cyanide Radical;0.026717557251908396
14;11 Ethynyl;0.026717557251908396
15;12 Carbonyl Sulfide;0.026717557251908396
16;13 Hydroxyl;0.026717557251908396
17;14 Diazenylium;0.026717557251908396
18;15 Thioxoethenylidene;0.026717557251908396
19;16 Nitric oxide;0.026717557251908396
20;17 Methyl Cyanide;0.026717557251908396
21;18 Cyclopropenylidene;0.026717557251908396
22;19 Methanimine;0.026717557251908396
23;20 Methanol;0.026717557251908396
24;21 Thioformaldehyde;0.026717557251908396
25;22 Ammonia;0.026717557251908396
26;23 Cyanamide;0.026717557251908396
27;24 Cyanoacetylene;0.026717557251908396
28;25 Sodium Chloride;0.026717557251908396
29;26 Silicon Monoxide;0.026717557251908396
30;28 Protonated Carbon Dioxide;0.026717557251908396
31;29 Hydrogen Cyanide;0.026717557251908396
32;30 Carbon Monosulfide;0.026717557251908396
33;31 Hydrogen sulfide;0.026717557251908396
34;32 Molecular oxygen;0.026717557251908396
35;34 Formylium;0.026717557251908396
36;35 Methyl Acetylene;0.026717557251908396
