1;77 Carbon Monosulfide;0.12138728323699421
2;59 Propenal;0.03468208092485549
3;11 Hydrogen Cyanide;0.020231213872832367
4;26 Silicon monosulfide;0.020231213872832367
5;29 Carbon Monoxide Ion;0.020231213872832367
6;39 Cyanobutadiyne;0.020231213872832367
7;83 Silicon Carbide;0.020231213872832367
8;126 Cyanoethynyl;0.020231213872832367
9;0 Dimethyl ether;0.005780346820809248
10;1 Butatrienylidene;0.005780346820809248
11;2 Trihydrogen ion;0.005780346820809248
12;3 Nitrous Oxide;0.005780346820809248
13;4 Methyl Acetylene;0.005780346820809248
14;5 2,4,6-Heptatriynenitrile;0.005780346820809248
15;6 Ethylene Glycol;0.005780346820809248
16;7 2,4-Pentadiynylidyne;0.005780346820809248
17;8 Methyl Cyanide;0.005780346820809248
18;9 Thioformylium;0.005780346820809248
19;10 para-Oxidaniumyl;0.005780346820809248
20;12 Titanium monoxide;0.005780346820809248
21;13 Cyanide Radical;0.005780346820809248
22;14 Formic Acid;0.005780346820809248
23;15 Nitric sulfide;0.005780346820809248
24;16 Iminomethylium;0.005780346820809248
25;17 Aluminum monoxide;0.005780346820809248
26;18 Methyl isocyanate;0.005780346820809248
27;19 Nitrosyl hydride;0.005780346820809248
28;20 Propynylidynium;0.005780346820809248
29;21 Magnesium Cyanide;0.005780346820809248
30;22 1,3-Butadiynyl anion;0.005780346820809248
31;23 Diazenylium;0.005780346820809248
32;24 Methylamine;0.005780346820809248
33;25 Chloronium;0.005780346820809248
34;27 Phosphorus Monoxide;0.005780346820809248
35;28 Cyclopropenone;0.005780346820809248
36;30 Sodium Cyanide;0.005780346820809248
37;31 Nitric oxide;0.005780346820809248
38;32 3-Thioxo-1,2-Propadieylidene;0.005780346820809248
39;33 Silicon Cyanide;0.005780346820809248
40;34 Ethyne Isocyanide;0.005780346820809248
41;35 Sodium Chloride;0.005780346820809248
42;36 Cyanoacetylene;0.005780346820809248
43;37 Sulfur Monoxide;0.005780346820809248
44;38 Aluminum Isocyanitrile;0.005780346820809248
45;40 Potassium cyanide, potassium isocyanide;0.005780346820809248
46;41 Silicon Mononitride;0.005780346820809248
47;42 Carbon Monoxide;0.005780346820809248
48;43 Propadienylidene;0.005780346820809248
49;44 Methanimine;0.005780346820809248
50;45 Aluminum Monofluoride;0.005780346820809248
51;46 Formamide;0.005780346820809248
52;47 1,3,5,7-Octatetraynyl anion;0.005780346820809248
53;48 Aminoacetonitrile;0.005780346820809248
54;49 Ammonia;0.005780346820809248
55;50 gauche-Ethanol;0.005780346820809248
56;51 Protonate 2-proynenitrile;0.005780346820809248
57;52 Carbonyl Sulfide;0.005780346820809248
58;53 Thioxoethenylidene;0.005780346820809248
59;54 Ethyl cyanide;0.005780346820809248
60;55 Water;0.005780346820809248
61;56 Methyl Formate;0.005780346820809248
62;57 Acetaldehyde;0.005780346820809248
63;58 Ketenimine;0.005780346820809248
64;60 Methyl isocyanide;0.005780346820809248
65;61 iso-propyl cyanide;0.005780346820809248
66;62 Hydrogen cyanide;0.005780346820809248
67;63 Protonated Carbon Dioxide;0.005780346820809248
68;64 Methylidyne;0.005780346820809248
69;65 Ketene;0.005780346820809248
70;66 4-Cyano-1,3-Butadiynyl;0.005780346820809248
71;67 Silicon Monoxide;0.005780346820809248
72;68 Acetone;0.005780346820809248
73;69 Vinyl Cyanide;0.005780346820809248
74;70 3-Imino-1,2 Propadienylidene;0.005780346820809248
75;71 Silicon monoxide (global fit);0.005780346820809248
76;72 Cyclopropenylidene;0.005780346820809248
77;73 Magnesium Isocyanide;0.005780346820809248
78;74 2,4,6-Heptatriynylidyne;0.005780346820809248
79;75 Cyanobutadiynylide anion;0.005780346820809248
80;76 Formaldehyde;0.005780346820809248
81;78 Fulminic acid;0.005780346820809248
82;79 1,3,5-Hexatriynyl;0.005780346820809248
83;80 3-Silanetetrayl-1,2-Propadienylidene;0.005780346820809248
84;81 1,3-Butadiynyl radical;0.005780346820809248
85;82 trans-Ethanol;0.005780346820809248
86;84 1,3,5-Hexatriynyl anion;0.005780346820809248
87;85 Formylium;0.005780346820809248
88;86 Ethylene Oxide;0.005780346820809248
89;87 Sulfur dioxide;0.005780346820809248
90;88 Carbon Monophosphide;0.005780346820809248
91;89 Sulfur Monoxide ion;0.005780346820809248
92;90 Methanol;0.005780346820809248
93;91 Sulfur Dioxide;0.005780346820809248
94;92 Cyanoformaldehyde;0.005780346820809248
95;93 Isocyanic Acid;0.005780346820809248
96;94 Silicon Isocyanide;0.005780346820809248
97;95 Methylene amidogen;0.005780346820809248
98;96 Silicon Monocarbide;0.005780346820809248
99;97 Phosphaethyne;0.005780346820809248
100;98 Aluminum Monochloride;0.005780346820809248
101;99 Cyanoallene;0.005780346820809248
102;100 3-Oxo-1,2-Propadienylidene;0.005780346820809248
103;101 Methyl diacetylene;0.005780346820809248
104;102 Cyanomethylene;0.005780346820809248
105;103 Phosphapropynylidyne;0.005780346820809248
106;104 Cyanomethyl;0.005780346820809248
107;105 Hydrogen Isocyanide;0.005780346820809248
108;106 Hydrogen sulfide;0.005780346820809248
109;107 Hydroxyl;0.005780346820809248
110;108 Glycolaldehyde;0.005780346820809248
111;109 Cyanide anion;0.005780346820809248
112;110 2-Propynal;0.005780346820809248
113;111 Ethynyl;0.005780346820809248
114;112 Phosphorous nitride;0.005780346820809248
115;113 Magnesium hydride isocyanide;0.005780346820809248
116;114 Potassium chloride;0.005780346820809248
117;115 Silicon tetracarbide;0.005780346820809248
118;116 Ethyl Cyanide;0.005780346820809248
119;117 Cyanamide;0.005780346820809248
120;118 Amidogen;0.005780346820809248
121;119 Hydroxymethylidyne;0.005780346820809248
122;120 Formyl Radical;0.005780346820809248
123;121 Vinyl Alcohol;0.005780346820809248
124;122 ortho-Oxidaniumyl;0.005780346820809248
125;123 Cyanoethynylide ion;0.005780346820809248
126;124 Oxoethenylidene;0.005780346820809248
127;125 2-Butynenitrile;0.005780346820809248
128;127 3-Cyano-1,2-propadienylidene;0.005780346820809248
129;128 Hydroxymethylium ion;0.005780346820809248
130;129 Thioformaldehyde;0.005780346820809248
131;130 Isothiocyanic acid;0.005780346820809248
132;131 Methyl formate, v<sub>t</sub> = 0, 1;0.005780346820809248
133;132 Cyanic acid;0.005780346820809248
