1;0 Methanol;0.022026431718061675
2;1 Hydrogen fluoride;0.022026431718061675
3;2 Nitric oxide;0.022026431718061675
4;3 Formylium;0.022026431718061675
5;4 Sodium Chloride;0.022026431718061675
6;5 Sulfur dioxide;0.022026431718061675
7;6 para-Oxidaniumyl;0.022026431718061675
8;7 Sulfur Monoxide;0.022026431718061675
9;8 Butatrienylidene;0.022026431718061675
10;9 Carbon Monoxide;0.022026431718061675
11;10 Nitrous Oxide;0.022026431718061675
12;11 Cyanoacetylene;0.022026431718061675
13;12 Carbonyl Sulfide;0.022026431718061675
14;13 Molecular oxygen;0.022026431718061675
15;14 ortho-Oxidaniumyl;0.022026431718061675
16;15 Water;0.022026431718061675
17;16 Iminomethylium;0.022026431718061675
18;17 Hydrochloric acid;0.022026431718061675
19;18 Acetylene;0.022026431718061675
20;19 Hydrogen Cyanide;0.022026431718061675
