1;3 Formylium;0.5509259259259259
2;9 Carbon Monoxide;0.032407407407407406
3;0 Methanol;0.023148148148148147
4;1 Hydrogen fluoride;0.023148148148148147
5;2 Nitric oxide;0.023148148148148147
6;4 Sodium Chloride;0.023148148148148147
7;5 Sulfur dioxide;0.023148148148148147
8;6 para-Oxidaniumyl;0.023148148148148147
9;7 Sulfur Monoxide;0.023148148148148147
10;8 Butatrienylidene;0.023148148148148147
11;10 Nitrous Oxide;0.023148148148148147
12;11 Cyanoacetylene;0.023148148148148147
13;12 Carbonyl Sulfide;0.023148148148148147
14;13 Molecular oxygen;0.023148148148148147
15;14 ortho-Oxidaniumyl;0.023148148148148147
16;15 Water;0.023148148148148147
17;16 Iminomethylium;0.023148148148148147
18;17 Hydrochloric acid;0.023148148148148147
19;18 Acetylene;0.023148148148148147
20;19 Hydrogen Cyanide;0.023148148148148147
