HD163296_CO_2_1.image;model_planetary_tr_500it;1;0 Methanol;0.022026431718061675
HD163296_CO_2_1.image;model_planetary_tr_500it;2;1 Hydrogen fluoride;0.022026431718061675
HD163296_CO_2_1.image;model_planetary_tr_500it;3;2 Nitric oxide;0.022026431718061675
HD163296_CO_2_1.image;model_planetary_tr_500it;4;3 Formylium;0.022026431718061675
HD163296_CO_2_1.image;model_planetary_tr_500it;5;4 Sodium Chloride;0.022026431718061675
HD163296_CO_2_1.image;model_planetary_2_500it;1;0 Methanol;0.022026431718061675
HD163296_CO_2_1.image;model_planetary_2_500it;2;1 Hydrogen fluoride;0.022026431718061675
HD163296_CO_2_1.image;model_planetary_2_500it;3;2 Nitric oxide;0.022026431718061675
HD163296_CO_2_1.image;model_planetary_2_500it;4;3 Formylium;0.022026431718061675
HD163296_CO_2_1.image;model_planetary_2_500it;5;4 Sodium Chloride;0.022026431718061675
HD163296_CO_2_1.image;model_planetary_full_500it;1;0 Methanol;0.022026431718061675
HD163296_CO_2_1.image;model_planetary_full_500it;2;1 Hydrogen fluoride;0.022026431718061675
HD163296_CO_2_1.image;model_planetary_full_500it;3;2 Nitric oxide;0.022026431718061675
HD163296_CO_2_1.image;model_planetary_full_500it;4;3 Formylium;0.022026431718061675
HD163296_CO_2_1.image;model_planetary_full_500it;5;4 Sodium Chloride;0.022026431718061675
HD163296_CO_2_1.image;model_planetary_full_expanded_00002_500it;1;19 Hydrogen Cyanide;0.5720720720720721
HD163296_CO_2_1.image;model_planetary_full_expanded_00002_500it;2;0 Methanol;0.02252252252252252
HD163296_CO_2_1.image;model_planetary_full_expanded_00002_500it;3;1 Hydrogen fluoride;0.02252252252252252
HD163296_CO_2_1.image;model_planetary_full_expanded_00002_500it;4;2 Nitric oxide;0.02252252252252252
HD163296_CO_2_1.image;model_planetary_full_expanded_00002_500it;5;3 Formylium;0.02252252252252252
HD163296_CO_2_1.image;model_planetary_full_expanded_00010_500it;1;1 Hydrogen fluoride;0.5720720720720721
HD163296_CO_2_1.image;model_planetary_full_expanded_00010_500it;2;0 Methanol;0.02252252252252252
HD163296_CO_2_1.image;model_planetary_full_expanded_00010_500it;3;2 Nitric oxide;0.02252252252252252
HD163296_CO_2_1.image;model_planetary_full_expanded_00010_500it;4;3 Formylium;0.02252252252252252
HD163296_CO_2_1.image;model_planetary_full_expanded_00010_500it;5;4 Sodium Chloride;0.02252252252252252
uid___A002_Xa916fc_X668__IRS43_HCO32.final.image.pbcor;model_planetary_tr_500it;1;8 Butatrienylidene;0.01098901098901099
uid___A002_Xa916fc_X668__IRS43_HCO32.final.image.pbcor;model_planetary_tr_500it;2;0 Methanol;0.007849293563579277
uid___A002_Xa916fc_X668__IRS43_HCO32.final.image.pbcor;model_planetary_tr_500it;3;1 Hydrogen fluoride;0.007849293563579277
uid___A002_Xa916fc_X668__IRS43_HCO32.final.image.pbcor;model_planetary_tr_500it;4;2 Nitric oxide;0.007849293563579277
uid___A002_Xa916fc_X668__IRS43_HCO32.final.image.pbcor;model_planetary_tr_500it;5;3 Formylium;0.007849293563579277
uid___A002_Xa916fc_X668__IRS43_HCO32.final.image.pbcor;model_planetary_2_500it;1;0 Methanol;0.007849293563579277
uid___A002_Xa916fc_X668__IRS43_HCO32.final.image.pbcor;model_planetary_2_500it;2;1 Hydrogen fluoride;0.007849293563579277
uid___A002_Xa916fc_X668__IRS43_HCO32.final.image.pbcor;model_planetary_2_500it;3;2 Nitric oxide;0.007849293563579277
uid___A002_Xa916fc_X668__IRS43_HCO32.final.image.pbcor;model_planetary_2_500it;4;3 Formylium;0.007849293563579277
uid___A002_Xa916fc_X668__IRS43_HCO32.final.image.pbcor;model_planetary_2_500it;5;4 Sodium Chloride;0.007849293563579277
uid___A002_Xa916fc_X668__IRS43_HCO32.final.image.pbcor;model_planetary_full_500it;1;0 Methanol;0.007849293563579277
uid___A002_Xa916fc_X668__IRS43_HCO32.final.image.pbcor;model_planetary_full_500it;2;1 Hydrogen fluoride;0.007849293563579277
uid___A002_Xa916fc_X668__IRS43_HCO32.final.image.pbcor;model_planetary_full_500it;3;2 Nitric oxide;0.007849293563579277
uid___A002_Xa916fc_X668__IRS43_HCO32.final.image.pbcor;model_planetary_full_500it;4;3 Formylium;0.007849293563579277
uid___A002_Xa916fc_X668__IRS43_HCO32.final.image.pbcor;model_planetary_full_500it;5;4 Sodium Chloride;0.007849293563579277
uid___A002_Xa916fc_X668__IRS43_HCO32.final.image.pbcor;model_planetary_full_expanded_00002_500it;1;12 Carbonyl Sulfide;0.8496835443037974
uid___A002_Xa916fc_X668__IRS43_HCO32.final.image.pbcor;model_planetary_full_expanded_00002_500it;2;0 Methanol;0.007911392405063292
uid___A002_Xa916fc_X668__IRS43_HCO32.final.image.pbcor;model_planetary_full_expanded_00002_500it;3;1 Hydrogen fluoride;0.007911392405063292
uid___A002_Xa916fc_X668__IRS43_HCO32.final.image.pbcor;model_planetary_full_expanded_00002_500it;4;2 Nitric oxide;0.007911392405063292
uid___A002_Xa916fc_X668__IRS43_HCO32.final.image.pbcor;model_planetary_full_expanded_00002_500it;5;3 Formylium;0.007911392405063292
uid___A002_Xa916fc_X668__IRS43_HCO32.final.image.pbcor;model_planetary_full_expanded_00010_500it;1;1 Hydrogen fluoride;0.8496835443037974
uid___A002_Xa916fc_X668__IRS43_HCO32.final.image.pbcor;model_planetary_full_expanded_00010_500it;2;0 Methanol;0.007911392405063292
uid___A002_Xa916fc_X668__IRS43_HCO32.final.image.pbcor;model_planetary_full_expanded_00010_500it;3;2 Nitric oxide;0.007911392405063292
uid___A002_Xa916fc_X668__IRS43_HCO32.final.image.pbcor;model_planetary_full_expanded_00010_500it;4;3 Formylium;0.007911392405063292
uid___A002_Xa916fc_X668__IRS43_HCO32.final.image.pbcor;model_planetary_full_expanded_00010_500it;5;4 Sodium Chloride;0.007911392405063292
TWHydra_CO3_2line.image;model_planetary_tr_500it;1;1 Hydrogen fluoride;0.38650306748466257
TWHydra_CO3_2line.image;model_planetary_tr_500it;2;0 Methanol;0.03067484662576687
TWHydra_CO3_2line.image;model_planetary_tr_500it;3;2 Nitric oxide;0.03067484662576687
TWHydra_CO3_2line.image;model_planetary_tr_500it;4;3 Formylium;0.03067484662576687
TWHydra_CO3_2line.image;model_planetary_tr_500it;5;4 Sodium Chloride;0.03067484662576687
TWHydra_CO3_2line.image;model_planetary_2_500it;1;0 Methanol;0.03067484662576687
TWHydra_CO3_2line.image;model_planetary_2_500it;2;1 Hydrogen fluoride;0.03067484662576687
TWHydra_CO3_2line.image;model_planetary_2_500it;3;2 Nitric oxide;0.03067484662576687
TWHydra_CO3_2line.image;model_planetary_2_500it;4;3 Formylium;0.03067484662576687
TWHydra_CO3_2line.image;model_planetary_2_500it;5;4 Sodium Chloride;0.03067484662576687
TWHydra_CO3_2line.image;model_planetary_full_500it;1;0 Methanol;0.03067484662576687
TWHydra_CO3_2line.image;model_planetary_full_500it;2;1 Hydrogen fluoride;0.03067484662576687
TWHydra_CO3_2line.image;model_planetary_full_500it;3;2 Nitric oxide;0.03067484662576687
TWHydra_CO3_2line.image;model_planetary_full_500it;4;3 Formylium;0.03067484662576687
TWHydra_CO3_2line.image;model_planetary_full_500it;5;4 Sodium Chloride;0.03067484662576687
TWHydra_CO3_2line.image;model_planetary_full_expanded_00002_500it;1;9 Carbon Monoxide;0.3987341772151899
TWHydra_CO3_2line.image;model_planetary_full_expanded_00002_500it;2;0 Methanol;0.03164556962025317
TWHydra_CO3_2line.image;model_planetary_full_expanded_00002_500it;3;1 Hydrogen fluoride;0.03164556962025317
TWHydra_CO3_2line.image;model_planetary_full_expanded_00002_500it;4;2 Nitric oxide;0.03164556962025317
TWHydra_CO3_2line.image;model_planetary_full_expanded_00002_500it;5;3 Formylium;0.03164556962025317
TWHydra_CO3_2line.image;model_planetary_full_expanded_00010_500it;1;9 Carbon Monoxide;0.3987341772151899
TWHydra_CO3_2line.image;model_planetary_full_expanded_00010_500it;2;0 Methanol;0.03164556962025317
TWHydra_CO3_2line.image;model_planetary_full_expanded_00010_500it;3;1 Hydrogen fluoride;0.03164556962025317
TWHydra_CO3_2line.image;model_planetary_full_expanded_00010_500it;4;2 Nitric oxide;0.03164556962025317
TWHydra_CO3_2line.image;model_planetary_full_expanded_00010_500it;5;3 Formylium;0.03164556962025317
Orion.methanol.cbc.contsub.image;model_planetary_tr_500it;1;0 Methanol;0.02262443438914027
Orion.methanol.cbc.contsub.image;model_planetary_tr_500it;2;1 Hydrogen fluoride;0.02262443438914027
Orion.methanol.cbc.contsub.image;model_planetary_tr_500it;3;2 Nitric oxide;0.02262443438914027
Orion.methanol.cbc.contsub.image;model_planetary_tr_500it;4;3 Formylium;0.02262443438914027
Orion.methanol.cbc.contsub.image;model_planetary_tr_500it;5;4 Sodium Chloride;0.02262443438914027
Orion.methanol.cbc.contsub.image;model_planetary_2_500it;1;0 Methanol;0.02262443438914027
Orion.methanol.cbc.contsub.image;model_planetary_2_500it;2;1 Hydrogen fluoride;0.02262443438914027
Orion.methanol.cbc.contsub.image;model_planetary_2_500it;3;2 Nitric oxide;0.02262443438914027
Orion.methanol.cbc.contsub.image;model_planetary_2_500it;4;3 Formylium;0.02262443438914027
Orion.methanol.cbc.contsub.image;model_planetary_2_500it;5;4 Sodium Chloride;0.02262443438914027
Orion.methanol.cbc.contsub.image;model_planetary_full_500it;1;1 Hydrogen fluoride;0.5475113122171946
Orion.methanol.cbc.contsub.image;model_planetary_full_500it;2;0 Methanol;0.02262443438914027
Orion.methanol.cbc.contsub.image;model_planetary_full_500it;3;2 Nitric oxide;0.02262443438914027
Orion.methanol.cbc.contsub.image;model_planetary_full_500it;4;3 Formylium;0.02262443438914027
Orion.methanol.cbc.contsub.image;model_planetary_full_500it;5;4 Sodium Chloride;0.02262443438914027
Orion.methanol.cbc.contsub.image;model_planetary_full_expanded_00002_500it;1;13 Molecular oxygen;0.5601851851851852
Orion.methanol.cbc.contsub.image;model_planetary_full_expanded_00002_500it;2;0 Methanol;0.023148148148148147
Orion.methanol.cbc.contsub.image;model_planetary_full_expanded_00002_500it;3;1 Hydrogen fluoride;0.023148148148148147
Orion.methanol.cbc.contsub.image;model_planetary_full_expanded_00002_500it;4;2 Nitric oxide;0.023148148148148147
Orion.methanol.cbc.contsub.image;model_planetary_full_expanded_00002_500it;5;3 Formylium;0.023148148148148147
Orion.methanol.cbc.contsub.image;model_planetary_full_expanded_00010_500it;1;3 Formylium;0.5509259259259259
Orion.methanol.cbc.contsub.image;model_planetary_full_expanded_00010_500it;2;9 Carbon Monoxide;0.032407407407407406
Orion.methanol.cbc.contsub.image;model_planetary_full_expanded_00010_500it;3;0 Methanol;0.023148148148148147
Orion.methanol.cbc.contsub.image;model_planetary_full_expanded_00010_500it;4;1 Hydrogen fluoride;0.023148148148148147
Orion.methanol.cbc.contsub.image;model_planetary_full_expanded_00010_500it;5;2 Nitric oxide;0.023148148148148147
TWHydra_HCOplusline.image;model_planetary_tr_500it;1;1 Hydrogen fluoride;0.3630573248407643
TWHydra_HCOplusline.image;model_planetary_tr_500it;2;0 Methanol;0.03184713375796178
TWHydra_HCOplusline.image;model_planetary_tr_500it;3;2 Nitric oxide;0.03184713375796178
TWHydra_HCOplusline.image;model_planetary_tr_500it;4;3 Formylium;0.03184713375796178
TWHydra_HCOplusline.image;model_planetary_tr_500it;5;4 Sodium Chloride;0.03184713375796178
TWHydra_HCOplusline.image;model_planetary_2_500it;1;0 Methanol;0.03184713375796178
TWHydra_HCOplusline.image;model_planetary_2_500it;2;1 Hydrogen fluoride;0.03184713375796178
TWHydra_HCOplusline.image;model_planetary_2_500it;3;2 Nitric oxide;0.03184713375796178
TWHydra_HCOplusline.image;model_planetary_2_500it;4;3 Formylium;0.03184713375796178
TWHydra_HCOplusline.image;model_planetary_2_500it;5;4 Sodium Chloride;0.03184713375796178
TWHydra_HCOplusline.image;model_planetary_full_500it;1;0 Methanol;0.03184713375796178
TWHydra_HCOplusline.image;model_planetary_full_500it;2;1 Hydrogen fluoride;0.03184713375796178
TWHydra_HCOplusline.image;model_planetary_full_500it;3;2 Nitric oxide;0.03184713375796178
TWHydra_HCOplusline.image;model_planetary_full_500it;4;3 Formylium;0.03184713375796178
TWHydra_HCOplusline.image;model_planetary_full_500it;5;4 Sodium Chloride;0.03184713375796178
TWHydra_HCOplusline.image;model_planetary_full_expanded_00002_500it;1;3 Formylium;0.375
TWHydra_HCOplusline.image;model_planetary_full_expanded_00002_500it;2;0 Methanol;0.03289473684210526
TWHydra_HCOplusline.image;model_planetary_full_expanded_00002_500it;3;1 Hydrogen fluoride;0.03289473684210526
TWHydra_HCOplusline.image;model_planetary_full_expanded_00002_500it;4;2 Nitric oxide;0.03289473684210526
TWHydra_HCOplusline.image;model_planetary_full_expanded_00002_500it;5;4 Sodium Chloride;0.03289473684210526
TWHydra_HCOplusline.image;model_planetary_full_expanded_00010_500it;1;3 Formylium;0.3618421052631579
TWHydra_HCOplusline.image;model_planetary_full_expanded_00010_500it;2;6 para-Oxidaniumyl;0.046052631578947366
TWHydra_HCOplusline.image;model_planetary_full_expanded_00010_500it;3;0 Methanol;0.03289473684210526
TWHydra_HCOplusline.image;model_planetary_full_expanded_00010_500it;4;1 Hydrogen fluoride;0.03289473684210526
TWHydra_HCOplusline.image;model_planetary_full_expanded_00010_500it;5;2 Nitric oxide;0.03289473684210526
