1;40 Aluminum Monofluoride;0.8638497652582159
2;0 Dimethyl ether;0.0011737089201877935
3;1 Butatrienylidene;0.0011737089201877935
4;2 Trihydrogen ion;0.0011737089201877935
5;3 Nitrous Oxide;0.0011737089201877935
6;4 Methyl Acetylene;0.0011737089201877935
7;5 Ethylene Glycol;0.0011737089201877935
8;6 Methyl Cyanide;0.0011737089201877935
9;7 Thioformylium;0.0011737089201877935
10;8 para-Oxidaniumyl;0.0011737089201877935
11;9 Hydrogen Cyanide;0.0011737089201877935
12;10 Titanium monoxide;0.0011737089201877935
13;11 Cyanide Radical;0.0011737089201877935
14;12 Formic Acid;0.0011737089201877935
15;13 Nitric sulfide;0.0011737089201877935
16;14 Iminomethylium;0.0011737089201877935
17;15 Aluminum monoxide;0.0011737089201877935
18;16 Methyl isocyanate;0.0011737089201877935
19;17 Nitrosyl hydride;0.0011737089201877935
20;18 Propynylidynium;0.0011737089201877935
21;19 Magnesium Cyanide;0.0011737089201877935
22;20 Diazenylium;0.0011737089201877935
23;21 Methylamine;0.0011737089201877935
24;22 Chloronium;0.0011737089201877935
25;23 Silicon monosulfide;0.0011737089201877935
26;24 Phosphorus Monoxide;0.0011737089201877935
27;25 Cyclopropenone;0.0011737089201877935
28;26 Carbon Monoxide Ion;0.0011737089201877935
29;27 Sodium Cyanide;0.0011737089201877935
30;28 Nitric oxide;0.0011737089201877935
31;29 Silicon Cyanide;0.0011737089201877935
32;30 Ethyne Isocyanide;0.0011737089201877935
33;31 Sodium Chloride;0.0011737089201877935
34;32 Cyanoacetylene;0.0011737089201877935
35;33 Sulfur Monoxide;0.0011737089201877935
36;34 Aluminum Isocyanitrile;0.0011737089201877935
37;35 Cyanobutadiyne;0.0011737089201877935
38;36 Silicon Mononitride;0.0011737089201877935
39;37 Carbon Monoxide;0.0011737089201877935
40;38 Propadienylidene;0.0011737089201877935
41;39 Methanimine;0.0011737089201877935
42;41 Formamide;0.0011737089201877935
43;42 Aminoacetonitrile;0.0011737089201877935
44;43 Ammonia;0.0011737089201877935
45;44 gauche-Ethanol;0.0011737089201877935
46;45 Protonate 2-proynenitrile;0.0011737089201877935
47;46 Carbonyl Sulfide;0.0011737089201877935
48;47 Thioxoethenylidene;0.0011737089201877935
49;48 Ethyl cyanide;0.0011737089201877935
50;49 Water;0.0011737089201877935
51;50 Methyl Formate;0.0011737089201877935
52;51 Acetaldehyde;0.0011737089201877935
53;52 Ketenimine;0.0011737089201877935
54;53 Propenal;0.0011737089201877935
55;54 Methyl isocyanide;0.0011737089201877935
56;55 iso-propyl cyanide;0.0011737089201877935
57;56 Hydrogen cyanide;0.0011737089201877935
58;57 Protonated Carbon Dioxide;0.0011737089201877935
59;58 Methylidyne;0.0011737089201877935
60;59 Ketene;0.0011737089201877935
61;60 Silicon Monoxide;0.0011737089201877935
62;61 Acetone;0.0011737089201877935
63;62 Vinyl Cyanide;0.0011737089201877935
64;63 Silicon monoxide (global fit);0.0011737089201877935
65;64 Cyclopropenylidene;0.0011737089201877935
66;65 Magnesium Isocyanide;0.0011737089201877935
67;66 Cyanobutadiynylide anion;0.0011737089201877935
68;67 Formaldehyde;0.0011737089201877935
69;68 Carbon Monosulfide;0.0011737089201877935
70;69 Fulminic acid;0.0011737089201877935
71;70 trans-Ethanol;0.0011737089201877935
72;71 Silicon Carbide;0.0011737089201877935
73;72 Formylium;0.0011737089201877935
74;73 Ethylene Oxide;0.0011737089201877935
75;74 Sulfur dioxide;0.0011737089201877935
76;75 Carbon Monophosphide;0.0011737089201877935
77;76 Sulfur Monoxide ion;0.0011737089201877935
78;77 Methanol;0.0011737089201877935
79;78 Sulfur Dioxide;0.0011737089201877935
80;79 Cyanoformaldehyde;0.0011737089201877935
81;80 Isocyanic Acid;0.0011737089201877935
82;81 Silicon Isocyanide;0.0011737089201877935
83;82 Methylene amidogen;0.0011737089201877935
84;83 Silicon Monocarbide;0.0011737089201877935
85;84 Phosphaethyne;0.0011737089201877935
86;85 Aluminum Monochloride;0.0011737089201877935
87;86 Cyanoallene;0.0011737089201877935
88;87 Methyl diacetylene;0.0011737089201877935
89;88 Cyanomethylene;0.0011737089201877935
90;89 Phosphapropynylidyne;0.0011737089201877935
91;90 Cyanomethyl;0.0011737089201877935
92;91 Hydrogen Isocyanide;0.0011737089201877935
93;92 Hydrogen sulfide;0.0011737089201877935
94;93 Hydroxyl;0.0011737089201877935
95;94 Glycolaldehyde;0.0011737089201877935
96;95 Cyanide anion;0.0011737089201877935
97;96 2-Propynal;0.0011737089201877935
98;97 Ethynyl;0.0011737089201877935
99;98 Phosphorous nitride;0.0011737089201877935
100;99 Magnesium hydride isocyanide;0.0011737089201877935
101;100 Potassium chloride;0.0011737089201877935
102;101 Silicon tetracarbide;0.0011737089201877935
103;102 Ethyl Cyanide;0.0011737089201877935
104;103 Cyanamide;0.0011737089201877935
105;104 Amidogen;0.0011737089201877935
106;105 Hydroxymethylidyne;0.0011737089201877935
107;106 Formyl Radical;0.0011737089201877935
108;107 Vinyl Alcohol;0.0011737089201877935
109;108 ortho-Oxidaniumyl;0.0011737089201877935
110;109 Cyanoethynylide ion;0.0011737089201877935
111;110 Oxoethenylidene;0.0011737089201877935
112;111 2-Butynenitrile;0.0011737089201877935
113;112 Cyanoethynyl;0.0011737089201877935
114;113 Hydroxymethylium ion;0.0011737089201877935
115;114 Thioformaldehyde;0.0011737089201877935
116;115 Isothiocyanic acid;0.0011737089201877935
117;116 Cyanic acid;0.0011737089201877935
