1;22 Chloronium;0.8352620830496936
2;9 Hydrogen Cyanide;0.004765146358066711
3;93 Hydroxyl;0.004765146358066711
4;0 Dimethyl ether;0.0013614703880190607
5;1 Butatrienylidene;0.0013614703880190607
6;2 Trihydrogen ion;0.0013614703880190607
7;3 Nitrous Oxide;0.0013614703880190607
8;4 Methyl Acetylene;0.0013614703880190607
9;5 Ethylene Glycol;0.0013614703880190607
10;6 Methyl Cyanide;0.0013614703880190607
11;7 Thioformylium;0.0013614703880190607
12;8 para-Oxidaniumyl;0.0013614703880190607
13;10 Titanium monoxide;0.0013614703880190607
14;11 Cyanide Radical;0.0013614703880190607
15;12 Formic Acid;0.0013614703880190607
16;13 Nitric sulfide;0.0013614703880190607
17;14 Iminomethylium;0.0013614703880190607
18;15 Aluminum monoxide;0.0013614703880190607
19;16 Methyl isocyanate;0.0013614703880190607
20;17 Nitrosyl hydride;0.0013614703880190607
21;18 Propynylidynium;0.0013614703880190607
22;19 Magnesium Cyanide;0.0013614703880190607
23;20 Diazenylium;0.0013614703880190607
24;21 Methylamine;0.0013614703880190607
25;23 Silicon monosulfide;0.0013614703880190607
26;24 Phosphorus Monoxide;0.0013614703880190607
27;25 Cyclopropenone;0.0013614703880190607
28;26 Carbon Monoxide Ion;0.0013614703880190607
29;27 Sodium Cyanide;0.0013614703880190607
30;28 Nitric oxide;0.0013614703880190607
31;29 Silicon Cyanide;0.0013614703880190607
32;30 Ethyne Isocyanide;0.0013614703880190607
33;31 Sodium Chloride;0.0013614703880190607
34;32 Cyanoacetylene;0.0013614703880190607
35;33 Sulfur Monoxide;0.0013614703880190607
36;34 Aluminum Isocyanitrile;0.0013614703880190607
37;35 Cyanobutadiyne;0.0013614703880190607
38;36 Silicon Mononitride;0.0013614703880190607
39;37 Carbon Monoxide;0.0013614703880190607
40;38 Propadienylidene;0.0013614703880190607
41;39 Methanimine;0.0013614703880190607
42;40 Aluminum Monofluoride;0.0013614703880190607
43;41 Formamide;0.0013614703880190607
44;42 Aminoacetonitrile;0.0013614703880190607
45;43 Ammonia;0.0013614703880190607
46;44 gauche-Ethanol;0.0013614703880190607
47;45 Protonate 2-proynenitrile;0.0013614703880190607
48;46 Carbonyl Sulfide;0.0013614703880190607
49;47 Thioxoethenylidene;0.0013614703880190607
50;48 Ethyl cyanide;0.0013614703880190607
51;49 Water;0.0013614703880190607
52;50 Methyl Formate;0.0013614703880190607
53;51 Acetaldehyde;0.0013614703880190607
54;52 Ketenimine;0.0013614703880190607
55;53 Propenal;0.0013614703880190607
56;54 Methyl isocyanide;0.0013614703880190607
57;55 iso-propyl cyanide;0.0013614703880190607
58;56 Hydrogen cyanide;0.0013614703880190607
59;57 Protonated Carbon Dioxide;0.0013614703880190607
60;58 Methylidyne;0.0013614703880190607
61;59 Ketene;0.0013614703880190607
62;60 Silicon Monoxide;0.0013614703880190607
63;61 Acetone;0.0013614703880190607
64;62 Vinyl Cyanide;0.0013614703880190607
65;63 Silicon monoxide (global fit);0.0013614703880190607
66;64 Cyclopropenylidene;0.0013614703880190607
67;65 Magnesium Isocyanide;0.0013614703880190607
68;66 Cyanobutadiynylide anion;0.0013614703880190607
69;67 Formaldehyde;0.0013614703880190607
70;68 Carbon Monosulfide;0.0013614703880190607
71;69 Fulminic acid;0.0013614703880190607
72;70 trans-Ethanol;0.0013614703880190607
73;71 Silicon Carbide;0.0013614703880190607
74;72 Formylium;0.0013614703880190607
75;73 Ethylene Oxide;0.0013614703880190607
76;74 Sulfur dioxide;0.0013614703880190607
77;75 Carbon Monophosphide;0.0013614703880190607
78;76 Sulfur Monoxide ion;0.0013614703880190607
79;77 Methanol;0.0013614703880190607
80;78 Sulfur Dioxide;0.0013614703880190607
81;79 Cyanoformaldehyde;0.0013614703880190607
82;80 Isocyanic Acid;0.0013614703880190607
83;81 Silicon Isocyanide;0.0013614703880190607
84;82 Methylene amidogen;0.0013614703880190607
85;83 Silicon Monocarbide;0.0013614703880190607
86;84 Phosphaethyne;0.0013614703880190607
87;85 Aluminum Monochloride;0.0013614703880190607
88;86 Cyanoallene;0.0013614703880190607
89;87 Methyl diacetylene;0.0013614703880190607
90;88 Cyanomethylene;0.0013614703880190607
91;89 Phosphapropynylidyne;0.0013614703880190607
92;90 Cyanomethyl;0.0013614703880190607
93;91 Hydrogen Isocyanide;0.0013614703880190607
94;92 Hydrogen sulfide;0.0013614703880190607
95;94 Glycolaldehyde;0.0013614703880190607
96;95 Cyanide anion;0.0013614703880190607
97;96 2-Propynal;0.0013614703880190607
98;97 Ethynyl;0.0013614703880190607
99;98 Phosphorous nitride;0.0013614703880190607
100;99 Magnesium hydride isocyanide;0.0013614703880190607
101;100 Potassium chloride;0.0013614703880190607
102;101 Silicon tetracarbide;0.0013614703880190607
103;102 Ethyl Cyanide;0.0013614703880190607
104;103 Cyanamide;0.0013614703880190607
105;104 Amidogen;0.0013614703880190607
106;105 Hydroxymethylidyne;0.0013614703880190607
107;106 Formyl Radical;0.0013614703880190607
108;107 Vinyl Alcohol;0.0013614703880190607
109;108 ortho-Oxidaniumyl;0.0013614703880190607
110;109 Cyanoethynylide ion;0.0013614703880190607
111;110 Oxoethenylidene;0.0013614703880190607
112;111 2-Butynenitrile;0.0013614703880190607
113;112 Cyanoethynyl;0.0013614703880190607
114;113 Hydroxymethylium ion;0.0013614703880190607
115;114 Thioformaldehyde;0.0013614703880190607
116;115 Isothiocyanic acid;0.0013614703880190607
117;116 Cyanic acid;0.0013614703880190607
