1;25 Fulminic acid;0.17473684210526316
2;40 Carbonyl Sulfide;0.16421052631578947
3;8 Methyliumylidene;0.09052631578947368
4;61 Fluoromethyliumylidene;0.05894736842105263
5;0 Isocyanic Acid;0.00631578947368421
6;1 Propenal;0.00631578947368421
7;2 Ketene;0.00631578947368421
8;3 Oxonium hydride;0.00631578947368421
9;4 Thioformylium;0.00631578947368421
10;5 Vinyl Cyanide;0.00631578947368421
11;6 Methyl Formate;0.00631578947368421
12;7 Hydroxyl;0.00631578947368421
13;9 Iminomethylium;0.00631578947368421
14;10 Hydroxymethylium ion;0.00631578947368421
15;11 2-Propynal;0.00631578947368421
16;12 Carbon Monosulfide;0.00631578947368421
17;13 Cyanomethyl;0.00631578947368421
18;14 Methyl Acetylene;0.00631578947368421
19;15 2-Butynenitrile;0.00631578947368421
20;16 Methyl formate vt01;0.00631578947368421
21;17 Ethyl Cyanide;0.00631578947368421
22;18 gauche-Ethanol;0.00631578947368421
23;19 Glycolaldehyde;0.00631578947368421
24;20 Water;0.00631578947368421
25;21 Hydrogen sulfide;0.00631578947368421
26;22 Sulfur Monoxide ion;0.00631578947368421
27;23 1,3-Butadiynyl radical;0.00631578947368421
28;24 Formylium;0.00631578947368421
29;26 Trihydrogen ion;0.00631578947368421
30;27 Methanimine;0.00631578947368421
31;28 Nitrous Oxide;0.00631578947368421
32;29 Propadienylidene;0.00631578947368421
33;30 Ethylene Oxide;0.00631578947368421
34;31 Ketenimine;0.00631578947368421
35;32 2,4,6-Heptatriynenitrile;0.00631578947368421
36;33 Aminoacetonitrile;0.00631578947368421
37;34 Methanol;0.00631578947368421
38;35 Ammonia;0.00631578947368421
39;36 Formyl Radical;0.00631578947368421
40;37 Methyl Cyanide;0.00631578947368421
41;38 Molecular oxygen;0.00631578947368421
42;39 Cyclopropenone;0.00631578947368421
43;41 Acetaldehyde;0.00631578947368421
44;42 Cyanomethylene;0.00631578947368421
45;43 3-Thioxo-1,2-Propadieylidene;0.00631578947368421
46;44 Formamide;0.00631578947368421
47;45 Cyanobutadiyne;0.00631578947368421
48;46 Sulfur Dioxide;0.00631578947368421
49;47 Methyl isocyanide;0.00631578947368421
50;48 Nitric sulfide;0.00631578947368421
51;49 Methylene;0.00631578947368421
52;50 Hydrochloric acid;0.00631578947368421
53;51 Ethyne Isocyanide;0.00631578947368421
54;52 Cyanide Radical;0.00631578947368421
55;53 Nitric oxide;0.00631578947368421
56;54 Cyanic acid;0.00631578947368421
57;55 Formaldehyde;0.00631578947368421
58;56 Sulfur Monoxide;0.00631578947368421
59;57 Protonate 2-proynenitrile;0.00631578947368421
60;58 Ethynyl;0.00631578947368421
61;59 Ethylene Glycol;0.00631578947368421
62;60 Hydrogen Cyanide;0.00631578947368421
63;62 Methylidyne;0.00631578947368421
64;63 Thioxoethenylidene;0.00631578947368421
65;64 Cyanomethanimine;0.00631578947368421
66;65 Silicon Monoxide;0.00631578947368421
67;66 Dimethyl ether;0.00631578947368421
68;67 Acetone;0.00631578947368421
69;68 Carbon Monoxide;0.00631578947368421
70;69 Phosphorous nitride;0.00631578947368421
71;70 Thioformaldehyde;0.00631578947368421
72;71 Diazenylium;0.00631578947368421
73;72 Cyanoformaldehyde;0.00631578947368421
74;73 Isothiocyanic acid;0.00631578947368421
75;74 Vinyl Alcohol;0.00631578947368421
76;75 Hydrogen Isocyanide;0.00631578947368421
77;76 Carbon Monosulfide;0.00631578947368421
78;77 Methylamine;0.00631578947368421
79;78 Protonated Carbon Dioxide;0.00631578947368421
80;79 Formic Acid;0.00631578947368421
81;80 Cyclopropenylidene;0.00631578947368421
82;81 Cyanoacetylene;0.00631578947368421
83;82 para-Oxidaniumyl;0.00631578947368421
84;83 ortho-Oxidaniumyl;0.00631578947368421
85;84 Nitrosyl hydride;0.00631578947368421
