1;83 ortho-Oxidaniumyl;0.4273684210526316
2;68 Carbon Monoxide;0.02736842105263158
3;33 Aminoacetonitrile;0.016842105263157894
4;82 para-Oxidaniumyl;0.016842105263157894
5;0 Isocyanic Acid;0.00631578947368421
6;1 Propenal;0.00631578947368421
7;2 Ketene;0.00631578947368421
8;3 Oxonium hydride;0.00631578947368421
9;4 Thioformylium;0.00631578947368421
10;5 Vinyl Cyanide;0.00631578947368421
11;6 Methyl Formate;0.00631578947368421
12;7 Hydroxyl;0.00631578947368421
13;8 Methyliumylidene;0.00631578947368421
14;9 Iminomethylium;0.00631578947368421
15;10 Hydroxymethylium ion;0.00631578947368421
16;11 2-Propynal;0.00631578947368421
17;12 Carbon Monosulfide;0.00631578947368421
18;13 Cyanomethyl;0.00631578947368421
19;14 Methyl Acetylene;0.00631578947368421
20;15 2-Butynenitrile;0.00631578947368421
21;16 Methyl formate vt01;0.00631578947368421
22;17 Ethyl Cyanide;0.00631578947368421
23;18 gauche-Ethanol;0.00631578947368421
24;19 Glycolaldehyde;0.00631578947368421
25;20 Water;0.00631578947368421
26;21 Hydrogen sulfide;0.00631578947368421
27;22 Sulfur Monoxide ion;0.00631578947368421
28;23 1,3-Butadiynyl radical;0.00631578947368421
29;24 Formylium;0.00631578947368421
30;25 Fulminic acid;0.00631578947368421
31;26 Trihydrogen ion;0.00631578947368421
32;27 Methanimine;0.00631578947368421
33;28 Nitrous Oxide;0.00631578947368421
34;29 Propadienylidene;0.00631578947368421
35;30 Ethylene Oxide;0.00631578947368421
36;31 Ketenimine;0.00631578947368421
37;32 2,4,6-Heptatriynenitrile;0.00631578947368421
38;34 Methanol;0.00631578947368421
39;35 Ammonia;0.00631578947368421
40;36 Formyl Radical;0.00631578947368421
41;37 Methyl Cyanide;0.00631578947368421
42;38 Molecular oxygen;0.00631578947368421
43;39 Cyclopropenone;0.00631578947368421
44;40 Carbonyl Sulfide;0.00631578947368421
45;41 Acetaldehyde;0.00631578947368421
46;42 Cyanomethylene;0.00631578947368421
47;43 3-Thioxo-1,2-Propadieylidene;0.00631578947368421
48;44 Formamide;0.00631578947368421
49;45 Cyanobutadiyne;0.00631578947368421
50;46 Sulfur Dioxide;0.00631578947368421
51;47 Methyl isocyanide;0.00631578947368421
52;48 Nitric sulfide;0.00631578947368421
53;49 Methylene;0.00631578947368421
54;50 Hydrochloric acid;0.00631578947368421
55;51 Ethyne Isocyanide;0.00631578947368421
56;52 Cyanide Radical;0.00631578947368421
57;53 Nitric oxide;0.00631578947368421
58;54 Cyanic acid;0.00631578947368421
59;55 Formaldehyde;0.00631578947368421
60;56 Sulfur Monoxide;0.00631578947368421
61;57 Protonate 2-proynenitrile;0.00631578947368421
62;58 Ethynyl;0.00631578947368421
63;59 Ethylene Glycol;0.00631578947368421
64;60 Hydrogen Cyanide;0.00631578947368421
65;61 Fluoromethyliumylidene;0.00631578947368421
66;62 Methylidyne;0.00631578947368421
67;63 Thioxoethenylidene;0.00631578947368421
68;64 Cyanomethanimine;0.00631578947368421
69;65 Silicon Monoxide;0.00631578947368421
70;66 Dimethyl ether;0.00631578947368421
71;67 Acetone;0.00631578947368421
72;69 Phosphorous nitride;0.00631578947368421
73;70 Thioformaldehyde;0.00631578947368421
74;71 Diazenylium;0.00631578947368421
75;72 Cyanoformaldehyde;0.00631578947368421
76;73 Isothiocyanic acid;0.00631578947368421
77;74 Vinyl Alcohol;0.00631578947368421
78;75 Hydrogen Isocyanide;0.00631578947368421
79;76 Carbon Monosulfide;0.00631578947368421
80;77 Methylamine;0.00631578947368421
81;78 Protonated Carbon Dioxide;0.00631578947368421
82;79 Formic Acid;0.00631578947368421
83;80 Cyclopropenylidene;0.00631578947368421
84;81 Cyanoacetylene;0.00631578947368421
85;84 Nitrosyl hydride;0.00631578947368421
