1;82 para-Oxidaniumyl;0.7096045197740113
2;54 Cyanic acid;0.00903954802259887
3;0 Isocyanic Acid;0.003389830508474576
4;1 Propenal;0.003389830508474576
5;2 Ketene;0.003389830508474576
6;3 Oxonium hydride;0.003389830508474576
7;4 Thioformylium;0.003389830508474576
8;5 Vinyl Cyanide;0.003389830508474576
9;6 Methyl Formate;0.003389830508474576
10;7 Hydroxyl;0.003389830508474576
11;8 Methyliumylidene;0.003389830508474576
12;9 Iminomethylium;0.003389830508474576
13;10 Hydroxymethylium ion;0.003389830508474576
14;11 2-Propynal;0.003389830508474576
15;12 Carbon Monosulfide;0.003389830508474576
16;13 Cyanomethyl;0.003389830508474576
17;14 Methyl Acetylene;0.003389830508474576
18;15 2-Butynenitrile;0.003389830508474576
19;16 Methyl formate vt01;0.003389830508474576
20;17 Ethyl Cyanide;0.003389830508474576
21;18 gauche-Ethanol;0.003389830508474576
22;19 Glycolaldehyde;0.003389830508474576
23;20 Water;0.003389830508474576
24;21 Hydrogen sulfide;0.003389830508474576
25;22 Sulfur Monoxide ion;0.003389830508474576
26;23 1,3-Butadiynyl radical;0.003389830508474576
27;24 Formylium;0.003389830508474576
28;25 Fulminic acid;0.003389830508474576
29;26 Trihydrogen ion;0.003389830508474576
30;27 Methanimine;0.003389830508474576
31;28 Nitrous Oxide;0.003389830508474576
32;29 Propadienylidene;0.003389830508474576
33;30 Ethylene Oxide;0.003389830508474576
34;31 Ketenimine;0.003389830508474576
35;32 2,4,6-Heptatriynenitrile;0.003389830508474576
36;33 Aminoacetonitrile;0.003389830508474576
37;34 Methanol;0.003389830508474576
38;35 Ammonia;0.003389830508474576
39;36 Formyl Radical;0.003389830508474576
40;37 Methyl Cyanide;0.003389830508474576
41;38 Molecular oxygen;0.003389830508474576
42;39 Cyclopropenone;0.003389830508474576
43;40 Carbonyl Sulfide;0.003389830508474576
44;41 Acetaldehyde;0.003389830508474576
45;42 Cyanomethylene;0.003389830508474576
46;43 3-Thioxo-1,2-Propadieylidene;0.003389830508474576
47;44 Formamide;0.003389830508474576
48;45 Cyanobutadiyne;0.003389830508474576
49;46 Sulfur Dioxide;0.003389830508474576
50;47 Methyl isocyanide;0.003389830508474576
51;48 Nitric sulfide;0.003389830508474576
52;49 Methylene;0.003389830508474576
53;50 Hydrochloric acid;0.003389830508474576
54;51 Ethyne Isocyanide;0.003389830508474576
55;52 Cyanide Radical;0.003389830508474576
56;53 Nitric oxide;0.003389830508474576
57;55 Formaldehyde;0.003389830508474576
58;56 Sulfur Monoxide;0.003389830508474576
59;57 Protonate 2-proynenitrile;0.003389830508474576
60;58 Ethynyl;0.003389830508474576
61;59 Ethylene Glycol;0.003389830508474576
62;60 Hydrogen Cyanide;0.003389830508474576
63;61 Fluoromethyliumylidene;0.003389830508474576
64;62 Methylidyne;0.003389830508474576
65;63 Thioxoethenylidene;0.003389830508474576
66;64 Cyanomethanimine;0.003389830508474576
67;65 Silicon Monoxide;0.003389830508474576
68;66 Dimethyl ether;0.003389830508474576
69;67 Acetone;0.003389830508474576
70;68 Carbon Monoxide;0.003389830508474576
71;69 Phosphorous nitride;0.003389830508474576
72;70 Thioformaldehyde;0.003389830508474576
73;71 Diazenylium;0.003389830508474576
74;72 Cyanoformaldehyde;0.003389830508474576
75;73 Isothiocyanic acid;0.003389830508474576
76;74 Vinyl Alcohol;0.003389830508474576
77;75 Hydrogen Isocyanide;0.003389830508474576
78;76 Carbon Monosulfide;0.003389830508474576
79;77 Methylamine;0.003389830508474576
80;78 Protonated Carbon Dioxide;0.003389830508474576
81;79 Formic Acid;0.003389830508474576
82;80 Cyclopropenylidene;0.003389830508474576
83;81 Cyanoacetylene;0.003389830508474576
84;83 ortho-Oxidaniumyl;0.003389830508474576
85;84 Nitrosyl hydride;0.003389830508474576
