1;25 Fulminic acid;0.7967741935483871
2;0 Isocyanic Acid;0.0024193548387096775
3;1 Propenal;0.0024193548387096775
4;2 Ketene;0.0024193548387096775
5;3 Oxonium hydride;0.0024193548387096775
6;4 Thioformylium;0.0024193548387096775
7;5 Vinyl Cyanide;0.0024193548387096775
8;6 Methyl Formate;0.0024193548387096775
9;7 Hydroxyl;0.0024193548387096775
10;8 Methyliumylidene;0.0024193548387096775
11;9 Iminomethylium;0.0024193548387096775
12;10 Hydroxymethylium ion;0.0024193548387096775
13;11 2-Propynal;0.0024193548387096775
14;12 Carbon Monosulfide;0.0024193548387096775
15;13 Cyanomethyl;0.0024193548387096775
16;14 Methyl Acetylene;0.0024193548387096775
17;15 2-Butynenitrile;0.0024193548387096775
18;16 Methyl formate vt01;0.0024193548387096775
19;17 Ethyl Cyanide;0.0024193548387096775
20;18 gauche-Ethanol;0.0024193548387096775
21;19 Glycolaldehyde;0.0024193548387096775
22;20 Water;0.0024193548387096775
23;21 Hydrogen sulfide;0.0024193548387096775
24;22 Sulfur Monoxide ion;0.0024193548387096775
25;23 1,3-Butadiynyl radical;0.0024193548387096775
26;24 Formylium;0.0024193548387096775
27;26 Trihydrogen ion;0.0024193548387096775
28;27 Methanimine;0.0024193548387096775
29;28 Nitrous Oxide;0.0024193548387096775
30;29 Propadienylidene;0.0024193548387096775
31;30 Ethylene Oxide;0.0024193548387096775
32;31 Ketenimine;0.0024193548387096775
33;32 2,4,6-Heptatriynenitrile;0.0024193548387096775
34;33 Aminoacetonitrile;0.0024193548387096775
35;34 Methanol;0.0024193548387096775
36;35 Ammonia;0.0024193548387096775
37;36 Formyl Radical;0.0024193548387096775
38;37 Methyl Cyanide;0.0024193548387096775
39;38 Molecular oxygen;0.0024193548387096775
40;39 Cyclopropenone;0.0024193548387096775
41;40 Carbonyl Sulfide;0.0024193548387096775
42;41 Acetaldehyde;0.0024193548387096775
43;42 Cyanomethylene;0.0024193548387096775
44;43 3-Thioxo-1,2-Propadieylidene;0.0024193548387096775
45;44 Formamide;0.0024193548387096775
46;45 Cyanobutadiyne;0.0024193548387096775
47;46 Sulfur Dioxide;0.0024193548387096775
48;47 Methyl isocyanide;0.0024193548387096775
49;48 Nitric sulfide;0.0024193548387096775
50;49 Methylene;0.0024193548387096775
51;50 Hydrochloric acid;0.0024193548387096775
52;51 Ethyne Isocyanide;0.0024193548387096775
53;52 Cyanide Radical;0.0024193548387096775
54;53 Nitric oxide;0.0024193548387096775
55;54 Cyanic acid;0.0024193548387096775
56;55 Formaldehyde;0.0024193548387096775
57;56 Sulfur Monoxide;0.0024193548387096775
58;57 Protonate 2-proynenitrile;0.0024193548387096775
59;58 Ethynyl;0.0024193548387096775
60;59 Ethylene Glycol;0.0024193548387096775
61;60 Hydrogen Cyanide;0.0024193548387096775
62;61 Fluoromethyliumylidene;0.0024193548387096775
63;62 Methylidyne;0.0024193548387096775
64;63 Thioxoethenylidene;0.0024193548387096775
65;64 Cyanomethanimine;0.0024193548387096775
66;65 Silicon Monoxide;0.0024193548387096775
67;66 Dimethyl ether;0.0024193548387096775
68;67 Acetone;0.0024193548387096775
69;68 Carbon Monoxide;0.0024193548387096775
70;69 Phosphorous nitride;0.0024193548387096775
71;70 Thioformaldehyde;0.0024193548387096775
72;71 Diazenylium;0.0024193548387096775
73;72 Cyanoformaldehyde;0.0024193548387096775
74;73 Isothiocyanic acid;0.0024193548387096775
75;74 Vinyl Alcohol;0.0024193548387096775
76;75 Hydrogen Isocyanide;0.0024193548387096775
77;76 Carbon Monosulfide;0.0024193548387096775
78;77 Methylamine;0.0024193548387096775
79;78 Protonated Carbon Dioxide;0.0024193548387096775
80;79 Formic Acid;0.0024193548387096775
81;80 Cyclopropenylidene;0.0024193548387096775
82;81 Cyanoacetylene;0.0024193548387096775
83;82 para-Oxidaniumyl;0.0024193548387096775
84;83 ortho-Oxidaniumyl;0.0024193548387096775
85;84 Nitrosyl hydride;0.0024193548387096775
