1;8 Methyliumylidene;0.5363636363636364
2;61 Fluoromethyliumylidene;0.1575757575757576
3;28 Nitrous Oxide;0.06287878787878788
4;25 Fulminic acid;0.05909090909090909
5;0 Isocyanic Acid;0.0022727272727272726
6;1 Propenal;0.0022727272727272726
7;2 Ketene;0.0022727272727272726
8;3 Oxonium hydride;0.0022727272727272726
9;4 Thioformylium;0.0022727272727272726
10;5 Vinyl Cyanide;0.0022727272727272726
11;6 Methyl Formate;0.0022727272727272726
12;7 Hydroxyl;0.0022727272727272726
13;9 Iminomethylium;0.0022727272727272726
14;10 Hydroxymethylium ion;0.0022727272727272726
15;11 2-Propynal;0.0022727272727272726
16;12 Carbon Monosulfide;0.0022727272727272726
17;13 Cyanomethyl;0.0022727272727272726
18;14 Methyl Acetylene;0.0022727272727272726
19;15 2-Butynenitrile;0.0022727272727272726
20;16 Methyl formate vt01;0.0022727272727272726
21;17 Ethyl Cyanide;0.0022727272727272726
22;18 gauche-Ethanol;0.0022727272727272726
23;19 Glycolaldehyde;0.0022727272727272726
24;20 Water;0.0022727272727272726
25;21 Hydrogen sulfide;0.0022727272727272726
26;22 Sulfur Monoxide ion;0.0022727272727272726
27;23 1,3-Butadiynyl radical;0.0022727272727272726
28;24 Formylium;0.0022727272727272726
29;26 Trihydrogen ion;0.0022727272727272726
30;27 Methanimine;0.0022727272727272726
31;29 Propadienylidene;0.0022727272727272726
32;30 Ethylene Oxide;0.0022727272727272726
33;31 Ketenimine;0.0022727272727272726
34;32 2,4,6-Heptatriynenitrile;0.0022727272727272726
35;33 Aminoacetonitrile;0.0022727272727272726
36;34 Methanol;0.0022727272727272726
37;35 Ammonia;0.0022727272727272726
38;36 Formyl Radical;0.0022727272727272726
39;37 Methyl Cyanide;0.0022727272727272726
40;38 Molecular oxygen;0.0022727272727272726
41;39 Cyclopropenone;0.0022727272727272726
42;40 Carbonyl Sulfide;0.0022727272727272726
43;41 Acetaldehyde;0.0022727272727272726
44;42 Cyanomethylene;0.0022727272727272726
45;43 3-Thioxo-1,2-Propadieylidene;0.0022727272727272726
46;44 Formamide;0.0022727272727272726
47;45 Cyanobutadiyne;0.0022727272727272726
48;46 Sulfur Dioxide;0.0022727272727272726
49;47 Methyl isocyanide;0.0022727272727272726
50;48 Nitric sulfide;0.0022727272727272726
51;49 Methylene;0.0022727272727272726
52;50 Hydrochloric acid;0.0022727272727272726
53;51 Ethyne Isocyanide;0.0022727272727272726
54;52 Cyanide Radical;0.0022727272727272726
55;53 Nitric oxide;0.0022727272727272726
56;54 Cyanic acid;0.0022727272727272726
57;55 Formaldehyde;0.0022727272727272726
58;56 Sulfur Monoxide;0.0022727272727272726
59;57 Protonate 2-proynenitrile;0.0022727272727272726
60;58 Ethynyl;0.0022727272727272726
61;59 Ethylene Glycol;0.0022727272727272726
62;60 Hydrogen Cyanide;0.0022727272727272726
63;62 Methylidyne;0.0022727272727272726
64;63 Thioxoethenylidene;0.0022727272727272726
65;64 Cyanomethanimine;0.0022727272727272726
66;65 Silicon Monoxide;0.0022727272727272726
67;66 Dimethyl ether;0.0022727272727272726
68;67 Acetone;0.0022727272727272726
69;68 Carbon Monoxide;0.0022727272727272726
70;69 Phosphorous nitride;0.0022727272727272726
71;70 Thioformaldehyde;0.0022727272727272726
72;71 Diazenylium;0.0022727272727272726
73;72 Cyanoformaldehyde;0.0022727272727272726
74;73 Isothiocyanic acid;0.0022727272727272726
75;74 Vinyl Alcohol;0.0022727272727272726
76;75 Hydrogen Isocyanide;0.0022727272727272726
77;76 Carbon Monosulfide;0.0022727272727272726
78;77 Methylamine;0.0022727272727272726
79;78 Protonated Carbon Dioxide;0.0022727272727272726
80;79 Formic Acid;0.0022727272727272726
81;80 Cyclopropenylidene;0.0022727272727272726
82;81 Cyanoacetylene;0.0022727272727272726
83;82 para-Oxidaniumyl;0.0022727272727272726
84;83 ortho-Oxidaniumyl;0.0022727272727272726
85;84 Nitrosyl hydride;0.0022727272727272726
