1;8 Methyliumylidene;0.4514657980456026
2;9 Iminomethylium;0.3863192182410423
3;0 Isocyanic Acid;0.001954397394136808
4;1 Propenal;0.001954397394136808
5;2 Ketene;0.001954397394136808
6;3 Oxonium hydride;0.001954397394136808
7;4 Thioformylium;0.001954397394136808
8;5 Vinyl Cyanide;0.001954397394136808
9;6 Methyl Formate;0.001954397394136808
10;7 Hydroxyl;0.001954397394136808
11;10 Hydroxymethylium ion;0.001954397394136808
12;11 2-Propynal;0.001954397394136808
13;12 Carbon Monosulfide;0.001954397394136808
14;13 Cyanomethyl;0.001954397394136808
15;14 Methyl Acetylene;0.001954397394136808
16;15 2-Butynenitrile;0.001954397394136808
17;16 Methyl formate vt01;0.001954397394136808
18;17 Ethyl Cyanide;0.001954397394136808
19;18 gauche-Ethanol;0.001954397394136808
20;19 Glycolaldehyde;0.001954397394136808
21;20 Water;0.001954397394136808
22;21 Hydrogen sulfide;0.001954397394136808
23;22 Sulfur Monoxide ion;0.001954397394136808
24;23 1,3-Butadiynyl radical;0.001954397394136808
25;24 Formylium;0.001954397394136808
26;25 Fulminic acid;0.001954397394136808
27;26 Trihydrogen ion;0.001954397394136808
28;27 Methanimine;0.001954397394136808
29;28 Nitrous Oxide;0.001954397394136808
30;29 Propadienylidene;0.001954397394136808
31;30 Ethylene Oxide;0.001954397394136808
32;31 Ketenimine;0.001954397394136808
33;32 2,4,6-Heptatriynenitrile;0.001954397394136808
34;33 Aminoacetonitrile;0.001954397394136808
35;34 Methanol;0.001954397394136808
36;35 Ammonia;0.001954397394136808
37;36 Formyl Radical;0.001954397394136808
38;37 Methyl Cyanide;0.001954397394136808
39;38 Molecular oxygen;0.001954397394136808
40;39 Cyclopropenone;0.001954397394136808
41;40 Carbonyl Sulfide;0.001954397394136808
42;41 Acetaldehyde;0.001954397394136808
43;42 Cyanomethylene;0.001954397394136808
44;43 3-Thioxo-1,2-Propadieylidene;0.001954397394136808
45;44 Formamide;0.001954397394136808
46;45 Cyanobutadiyne;0.001954397394136808
47;46 Sulfur Dioxide;0.001954397394136808
48;47 Methyl isocyanide;0.001954397394136808
49;48 Nitric sulfide;0.001954397394136808
50;49 Methylene;0.001954397394136808
51;50 Hydrochloric acid;0.001954397394136808
52;51 Ethyne Isocyanide;0.001954397394136808
53;52 Cyanide Radical;0.001954397394136808
54;53 Nitric oxide;0.001954397394136808
55;54 Cyanic acid;0.001954397394136808
56;55 Formaldehyde;0.001954397394136808
57;56 Sulfur Monoxide;0.001954397394136808
58;57 Protonate 2-proynenitrile;0.001954397394136808
59;58 Ethynyl;0.001954397394136808
60;59 Ethylene Glycol;0.001954397394136808
61;60 Hydrogen Cyanide;0.001954397394136808
62;61 Fluoromethyliumylidene;0.001954397394136808
63;62 Methylidyne;0.001954397394136808
64;63 Thioxoethenylidene;0.001954397394136808
65;64 Cyanomethanimine;0.001954397394136808
66;65 Silicon Monoxide;0.001954397394136808
67;66 Dimethyl ether;0.001954397394136808
68;67 Acetone;0.001954397394136808
69;68 Carbon Monoxide;0.001954397394136808
70;69 Phosphorous nitride;0.001954397394136808
71;70 Thioformaldehyde;0.001954397394136808
72;71 Diazenylium;0.001954397394136808
73;72 Cyanoformaldehyde;0.001954397394136808
74;73 Isothiocyanic acid;0.001954397394136808
75;74 Vinyl Alcohol;0.001954397394136808
76;75 Hydrogen Isocyanide;0.001954397394136808
77;76 Carbon Monosulfide;0.001954397394136808
78;77 Methylamine;0.001954397394136808
79;78 Protonated Carbon Dioxide;0.001954397394136808
80;79 Formic Acid;0.001954397394136808
81;80 Cyclopropenylidene;0.001954397394136808
82;81 Cyanoacetylene;0.001954397394136808
83;82 para-Oxidaniumyl;0.001954397394136808
84;83 ortho-Oxidaniumyl;0.001954397394136808
85;84 Nitrosyl hydride;0.001954397394136808
