1;9 Carbon Monoxide;0.483695652173913
2;0 Methanol;0.02717391304347826
3;1 Hydrogen fluoride;0.02717391304347826
4;2 Nitric oxide;0.02717391304347826
5;3 Formylium;0.02717391304347826
6;4 Sodium Chloride;0.02717391304347826
7;5 Sulfur dioxide;0.02717391304347826
8;6 para-Oxidaniumyl;0.02717391304347826
9;7 Sulfur Monoxide;0.02717391304347826
10;8 Butatrienylidene;0.02717391304347826
11;10 Nitrous Oxide;0.02717391304347826
12;11 Cyanoacetylene;0.02717391304347826
13;12 Carbonyl Sulfide;0.02717391304347826
14;13 Molecular oxygen;0.02717391304347826
15;14 ortho-Oxidaniumyl;0.02717391304347826
16;15 Water;0.02717391304347826
17;16 Iminomethylium;0.02717391304347826
18;17 Hydrochloric acid;0.02717391304347826
19;18 Acetylene;0.02717391304347826
20;19 Hydrogen Cyanide;0.02717391304347826
