1;12 Carbonyl Sulfide;0.6008403361344538
2;0 Methanol;0.02100840336134454
3;1 Hydrogen fluoride;0.02100840336134454
4;2 Nitric oxide;0.02100840336134454
5;3 Formylium;0.02100840336134454
6;4 Sodium Chloride;0.02100840336134454
7;5 Sulfur dioxide;0.02100840336134454
8;6 para-Oxidaniumyl;0.02100840336134454
9;7 Sulfur Monoxide;0.02100840336134454
10;8 Butatrienylidene;0.02100840336134454
11;9 Carbon Monoxide;0.02100840336134454
12;10 Nitrous Oxide;0.02100840336134454
13;11 Cyanoacetylene;0.02100840336134454
14;13 Molecular oxygen;0.02100840336134454
15;14 ortho-Oxidaniumyl;0.02100840336134454
16;15 Water;0.02100840336134454
17;16 Iminomethylium;0.02100840336134454
18;17 Hydrochloric acid;0.02100840336134454
19;18 Acetylene;0.02100840336134454
20;19 Hydrogen Cyanide;0.02100840336134454
