1;3 Formylium;0.3493150684931507
2;0 Methanol;0.03424657534246575
3;1 Hydrogen fluoride;0.03424657534246575
4;2 Nitric oxide;0.03424657534246575
5;4 Sodium Chloride;0.03424657534246575
6;5 Sulfur dioxide;0.03424657534246575
7;6 para-Oxidaniumyl;0.03424657534246575
8;7 Sulfur Monoxide;0.03424657534246575
9;8 Butatrienylidene;0.03424657534246575
10;9 Carbon Monoxide;0.03424657534246575
11;10 Nitrous Oxide;0.03424657534246575
12;11 Cyanoacetylene;0.03424657534246575
13;12 Carbonyl Sulfide;0.03424657534246575
14;13 Molecular oxygen;0.03424657534246575
15;14 ortho-Oxidaniumyl;0.03424657534246575
16;15 Water;0.03424657534246575
17;16 Iminomethylium;0.03424657534246575
18;17 Hydrochloric acid;0.03424657534246575
19;18 Acetylene;0.03424657534246575
20;19 Hydrogen Cyanide;0.03424657534246575
