1;1 Hydrogen fluoride;0.3548387096774194
2;0 Methanol;0.03225806451612903
3;2 Nitric oxide;0.03225806451612903
4;3 Formylium;0.03225806451612903
5;4 Sodium Chloride;0.03225806451612903
6;5 Sulfur dioxide;0.03225806451612903
7;6 para-Oxidaniumyl;0.03225806451612903
8;7 Sulfur Monoxide;0.03225806451612903
9;8 Butatrienylidene;0.03225806451612903
10;9 Carbon Monoxide;0.03225806451612903
11;10 Nitrous Oxide;0.03225806451612903
12;11 Cyanoacetylene;0.03225806451612903
13;12 Carbonyl Sulfide;0.03225806451612903
14;13 Molecular oxygen;0.03225806451612903
15;14 ortho-Oxidaniumyl;0.03225806451612903
16;15 Water;0.03225806451612903
17;16 Iminomethylium;0.03225806451612903
18;17 Hydrochloric acid;0.03225806451612903
19;18 Acetylene;0.03225806451612903
20;19 Hydrogen Cyanide;0.03225806451612903
