1;4 Sodium Chloride;0.8220973782771536
2;0 Methanol;0.009363295880149813
3;1 Hydrogen fluoride;0.009363295880149813
4;2 Nitric oxide;0.009363295880149813
5;3 Formylium;0.009363295880149813
6;5 Sulfur dioxide;0.009363295880149813
7;6 para-Oxidaniumyl;0.009363295880149813
8;7 Sulfur Monoxide;0.009363295880149813
9;8 Butatrienylidene;0.009363295880149813
10;9 Carbon Monoxide;0.009363295880149813
11;10 Nitrous Oxide;0.009363295880149813
12;11 Cyanoacetylene;0.009363295880149813
13;12 Carbonyl Sulfide;0.009363295880149813
14;13 Molecular oxygen;0.009363295880149813
15;14 ortho-Oxidaniumyl;0.009363295880149813
16;15 Water;0.009363295880149813
17;16 Iminomethylium;0.009363295880149813
18;17 Hydrochloric acid;0.009363295880149813
19;18 Acetylene;0.009363295880149813
20;19 Hydrogen Cyanide;0.009363295880149813
