1;29 Formylium;0.6437788018433179
2;15 Carbonyl Sulfide;0.1368663594470046
3;0 Methylidyne;0.00783410138248848
4;1 Formaldehyde;0.00783410138248848
5;2 Sulfur dioxide;0.00783410138248848
6;3 Carbon Monoxide;0.00783410138248848
7;4 Acetaldehyde;0.00783410138248848
8;5 Water;0.00783410138248848
9;6 Imidogen;0.00783410138248848
10;7 Carbon Monoxide Ion;0.00783410138248848
11;8 Nitric sulfide;0.00783410138248848
12;9 Isocyanic Acid;0.00783410138248848
13;10 Formic Acid;0.00783410138248848
14;11 Amidogen;0.00783410138248848
15;12 Ethylene Glycol;0.00783410138248848
16;13 Methyliumylidene;0.00783410138248848
17;14 Cyanide Radical;0.00783410138248848
18;16 Hydroxyl;0.00783410138248848
19;17 Nitric oxide;0.00783410138248848
20;18 Methyl Cyanide;0.00783410138248848
21;19 Cyclopropenylidene;0.00783410138248848
22;20 Sulfur Monoxide ion;0.00783410138248848
23;21 Methanol;0.00783410138248848
24;22 Thioformaldehyde;0.00783410138248848
25;23 Ammonia;0.00783410138248848
26;24 Cyanoacetylene;0.00783410138248848
27;25 Hydrogen Cyanide;0.00783410138248848
28;26 Hydrogen sulfide;0.00783410138248848
29;27 Molecular oxygen;0.00783410138248848
30;28 Hydrogen Isocyanide;0.00783410138248848
