1;13 Methyliumylidene;0.3381578947368421
2;24 Cyanoacetylene;0.035526315789473684
3;0 Methylidyne;0.02236842105263158
4;1 Formaldehyde;0.02236842105263158
5;2 Sulfur dioxide;0.02236842105263158
6;3 Carbon Monoxide;0.02236842105263158
7;4 Acetaldehyde;0.02236842105263158
8;5 Water;0.02236842105263158
9;6 Imidogen;0.02236842105263158
10;7 Carbon Monoxide Ion;0.02236842105263158
11;8 Nitric sulfide;0.02236842105263158
12;9 Isocyanic Acid;0.02236842105263158
13;10 Formic Acid;0.02236842105263158
14;11 Amidogen;0.02236842105263158
15;12 Ethylene Glycol;0.02236842105263158
16;14 Cyanide Radical;0.02236842105263158
17;15 Carbonyl Sulfide;0.02236842105263158
18;16 Hydroxyl;0.02236842105263158
19;17 Nitric oxide;0.02236842105263158
20;18 Methyl Cyanide;0.02236842105263158
21;19 Cyclopropenylidene;0.02236842105263158
22;20 Sulfur Monoxide ion;0.02236842105263158
23;21 Methanol;0.02236842105263158
24;22 Thioformaldehyde;0.02236842105263158
25;23 Ammonia;0.02236842105263158
26;25 Hydrogen Cyanide;0.02236842105263158
27;26 Hydrogen sulfide;0.02236842105263158
28;27 Molecular oxygen;0.02236842105263158
29;28 Hydrogen Isocyanide;0.02236842105263158
30;29 Formylium;0.02236842105263158
