1;15 Carbonyl Sulfide;0.816044776119403
2;0 Methylidyne;0.006343283582089552
3;1 Formaldehyde;0.006343283582089552
4;2 Sulfur dioxide;0.006343283582089552
5;3 Carbon Monoxide;0.006343283582089552
6;4 Acetaldehyde;0.006343283582089552
7;5 Water;0.006343283582089552
8;6 Imidogen;0.006343283582089552
9;7 Carbon Monoxide Ion;0.006343283582089552
10;8 Nitric sulfide;0.006343283582089552
11;9 Isocyanic Acid;0.006343283582089552
12;10 Formic Acid;0.006343283582089552
13;11 Amidogen;0.006343283582089552
14;12 Ethylene Glycol;0.006343283582089552
15;13 Methyliumylidene;0.006343283582089552
16;14 Cyanide Radical;0.006343283582089552
17;16 Hydroxyl;0.006343283582089552
18;17 Nitric oxide;0.006343283582089552
19;18 Methyl Cyanide;0.006343283582089552
20;19 Cyclopropenylidene;0.006343283582089552
21;20 Sulfur Monoxide ion;0.006343283582089552
22;21 Methanol;0.006343283582089552
23;22 Thioformaldehyde;0.006343283582089552
24;23 Ammonia;0.006343283582089552
25;24 Cyanoacetylene;0.006343283582089552
26;25 Hydrogen Cyanide;0.006343283582089552
27;26 Hydrogen sulfide;0.006343283582089552
28;27 Molecular oxygen;0.006343283582089552
29;28 Hydrogen Isocyanide;0.006343283582089552
30;29 Formylium;0.006343283582089552
