1;8 Methyliumylidene;0.48041237113402063
2;0 Isocyanic Acid;0.006185567010309278
3;1 Propenal;0.006185567010309278
4;2 Ketene;0.006185567010309278
5;3 Oxonium hydride;0.006185567010309278
6;4 Thioformylium;0.006185567010309278
7;5 Vinyl Cyanide;0.006185567010309278
8;6 Methyl Formate;0.006185567010309278
9;7 Hydroxyl;0.006185567010309278
10;9 Iminomethylium;0.006185567010309278
11;10 Hydroxymethylium ion;0.006185567010309278
12;11 2-Propynal;0.006185567010309278
13;12 Carbon Monosulfide;0.006185567010309278
14;13 Cyanomethyl;0.006185567010309278
15;14 Methyl Acetylene;0.006185567010309278
16;15 2-Butynenitrile;0.006185567010309278
17;16 Methyl formate vt01;0.006185567010309278
18;17 Ethyl Cyanide;0.006185567010309278
19;18 gauche-Ethanol;0.006185567010309278
20;19 Glycolaldehyde;0.006185567010309278
21;20 Water;0.006185567010309278
22;21 Hydrogen sulfide;0.006185567010309278
23;22 Sulfur Monoxide ion;0.006185567010309278
24;23 1,3-Butadiynyl radical;0.006185567010309278
25;24 Formylium;0.006185567010309278
26;25 Fulminic acid;0.006185567010309278
27;26 Trihydrogen ion;0.006185567010309278
28;27 Methanimine;0.006185567010309278
29;28 Nitrous Oxide;0.006185567010309278
30;29 Propadienylidene;0.006185567010309278
31;30 Ethylene Oxide;0.006185567010309278
32;31 Ketenimine;0.006185567010309278
33;32 2,4,6-Heptatriynenitrile;0.006185567010309278
34;33 Aminoacetonitrile;0.006185567010309278
35;34 Methanol;0.006185567010309278
36;35 Ammonia;0.006185567010309278
37;36 Formyl Radical;0.006185567010309278
38;37 Methyl Cyanide;0.006185567010309278
39;38 Molecular oxygen;0.006185567010309278
40;39 Cyclopropenone;0.006185567010309278
41;40 Carbonyl Sulfide;0.006185567010309278
42;41 Acetaldehyde;0.006185567010309278
43;42 Cyanomethylene;0.006185567010309278
44;43 3-Thioxo-1,2-Propadieylidene;0.006185567010309278
45;44 Formamide;0.006185567010309278
46;45 Cyanobutadiyne;0.006185567010309278
47;46 Sulfur Dioxide;0.006185567010309278
48;47 Methyl isocyanide;0.006185567010309278
49;48 Nitric sulfide;0.006185567010309278
50;49 Methylene;0.006185567010309278
51;50 Hydrochloric acid;0.006185567010309278
52;51 Ethyne Isocyanide;0.006185567010309278
53;52 Cyanide Radical;0.006185567010309278
54;53 Nitric oxide;0.006185567010309278
55;54 Cyanic acid;0.006185567010309278
56;55 Formaldehyde;0.006185567010309278
57;56 Sulfur Monoxide;0.006185567010309278
58;57 Protonate 2-proynenitrile;0.006185567010309278
59;58 Ethynyl;0.006185567010309278
60;59 Ethylene Glycol;0.006185567010309278
61;60 Hydrogen Cyanide;0.006185567010309278
62;61 Fluoromethyliumylidene;0.006185567010309278
63;62 Methylidyne;0.006185567010309278
64;63 Thioxoethenylidene;0.006185567010309278
65;64 Cyanomethanimine;0.006185567010309278
66;65 Silicon Monoxide;0.006185567010309278
67;66 Dimethyl ether;0.006185567010309278
68;67 Acetone;0.006185567010309278
69;68 Carbon Monoxide;0.006185567010309278
70;69 Phosphorous nitride;0.006185567010309278
71;70 Thioformaldehyde;0.006185567010309278
72;71 Diazenylium;0.006185567010309278
73;72 Cyanoformaldehyde;0.006185567010309278
74;73 Isothiocyanic acid;0.006185567010309278
75;74 Vinyl Alcohol;0.006185567010309278
76;75 Hydrogen Isocyanide;0.006185567010309278
77;76 Carbon Monosulfide;0.006185567010309278
78;77 Methylamine;0.006185567010309278
79;78 Protonated Carbon Dioxide;0.006185567010309278
80;79 Formic Acid;0.006185567010309278
81;80 Cyclopropenylidene;0.006185567010309278
82;81 Cyanoacetylene;0.006185567010309278
83;82 para-Oxidaniumyl;0.006185567010309278
84;83 ortho-Oxidaniumyl;0.006185567010309278
85;84 Nitrosyl hydride;0.006185567010309278
