1;60 Hydrogen Cyanide;0.29600000000000004
2;25 Fulminic acid;0.20600000000000002
3;0 Isocyanic Acid;0.006
4;1 Propenal;0.006
5;2 Ketene;0.006
6;3 Oxonium hydride;0.006
7;4 Thioformylium;0.006
8;5 Vinyl Cyanide;0.006
9;6 Methyl Formate;0.006
10;7 Hydroxyl;0.006
11;8 Methyliumylidene;0.006
12;9 Iminomethylium;0.006
13;10 Hydroxymethylium ion;0.006
14;11 2-Propynal;0.006
15;12 Carbon Monosulfide;0.006
16;13 Cyanomethyl;0.006
17;14 Methyl Acetylene;0.006
18;15 2-Butynenitrile;0.006
19;16 Methyl formate vt01;0.006
20;17 Ethyl Cyanide;0.006
21;18 gauche-Ethanol;0.006
22;19 Glycolaldehyde;0.006
23;20 Water;0.006
24;21 Hydrogen sulfide;0.006
25;22 Sulfur Monoxide ion;0.006
26;23 1,3-Butadiynyl radical;0.006
27;24 Formylium;0.006
28;26 Trihydrogen ion;0.006
29;27 Methanimine;0.006
30;28 Nitrous Oxide;0.006
31;29 Propadienylidene;0.006
32;30 Ethylene Oxide;0.006
33;31 Ketenimine;0.006
34;32 2,4,6-Heptatriynenitrile;0.006
35;33 Aminoacetonitrile;0.006
36;34 Methanol;0.006
37;35 Ammonia;0.006
38;36 Formyl Radical;0.006
39;37 Methyl Cyanide;0.006
40;38 Molecular oxygen;0.006
41;39 Cyclopropenone;0.006
42;40 Carbonyl Sulfide;0.006
43;41 Acetaldehyde;0.006
44;42 Cyanomethylene;0.006
45;43 3-Thioxo-1,2-Propadieylidene;0.006
46;44 Formamide;0.006
47;45 Cyanobutadiyne;0.006
48;46 Sulfur Dioxide;0.006
49;47 Methyl isocyanide;0.006
50;48 Nitric sulfide;0.006
51;49 Methylene;0.006
52;50 Hydrochloric acid;0.006
53;51 Ethyne Isocyanide;0.006
54;52 Cyanide Radical;0.006
55;53 Nitric oxide;0.006
56;54 Cyanic acid;0.006
57;55 Formaldehyde;0.006
58;56 Sulfur Monoxide;0.006
59;57 Protonate 2-proynenitrile;0.006
60;58 Ethynyl;0.006
61;59 Ethylene Glycol;0.006
62;61 Fluoromethyliumylidene;0.006
63;62 Methylidyne;0.006
64;63 Thioxoethenylidene;0.006
65;64 Cyanomethanimine;0.006
66;65 Silicon Monoxide;0.006
67;66 Dimethyl ether;0.006
68;67 Acetone;0.006
69;68 Carbon Monoxide;0.006
70;69 Phosphorous nitride;0.006
71;70 Thioformaldehyde;0.006
72;71 Diazenylium;0.006
73;72 Cyanoformaldehyde;0.006
74;73 Isothiocyanic acid;0.006
75;74 Vinyl Alcohol;0.006
76;75 Hydrogen Isocyanide;0.006
77;76 Carbon Monosulfide;0.006
78;77 Methylamine;0.006
79;78 Protonated Carbon Dioxide;0.006
80;79 Formic Acid;0.006
81;80 Cyclopropenylidene;0.006
82;81 Cyanoacetylene;0.006
83;82 para-Oxidaniumyl;0.006
84;83 ortho-Oxidaniumyl;0.006
85;84 Nitrosyl hydride;0.006
