1;8 Methyliumylidene;0.328
2;0 Isocyanic Acid;0.008
3;1 Propenal;0.008
4;2 Ketene;0.008
5;3 Oxonium hydride;0.008
6;4 Thioformylium;0.008
7;5 Vinyl Cyanide;0.008
8;6 Methyl Formate;0.008
9;7 Hydroxyl;0.008
10;9 Iminomethylium;0.008
11;10 Hydroxymethylium ion;0.008
12;11 2-Propynal;0.008
13;12 Carbon Monosulfide;0.008
14;13 Cyanomethyl;0.008
15;14 Methyl Acetylene;0.008
16;15 2-Butynenitrile;0.008
17;16 Methyl formate vt01;0.008
18;17 Ethyl Cyanide;0.008
19;18 gauche-Ethanol;0.008
20;19 Glycolaldehyde;0.008
21;20 Water;0.008
22;21 Hydrogen sulfide;0.008
23;22 Sulfur Monoxide ion;0.008
24;23 1,3-Butadiynyl radical;0.008
25;24 Formylium;0.008
26;25 Fulminic acid;0.008
27;26 Trihydrogen ion;0.008
28;27 Methanimine;0.008
29;28 Nitrous Oxide;0.008
30;29 Propadienylidene;0.008
31;30 Ethylene Oxide;0.008
32;31 Ketenimine;0.008
33;32 2,4,6-Heptatriynenitrile;0.008
34;33 Aminoacetonitrile;0.008
35;34 Methanol;0.008
36;35 Ammonia;0.008
37;36 Formyl Radical;0.008
38;37 Methyl Cyanide;0.008
39;38 Molecular oxygen;0.008
40;39 Cyclopropenone;0.008
41;40 Carbonyl Sulfide;0.008
42;41 Acetaldehyde;0.008
43;42 Cyanomethylene;0.008
44;43 3-Thioxo-1,2-Propadieylidene;0.008
45;44 Formamide;0.008
46;45 Cyanobutadiyne;0.008
47;46 Sulfur Dioxide;0.008
48;47 Methyl isocyanide;0.008
49;48 Nitric sulfide;0.008
50;49 Methylene;0.008
51;50 Hydrochloric acid;0.008
52;51 Ethyne Isocyanide;0.008
53;52 Cyanide Radical;0.008
54;53 Nitric oxide;0.008
55;54 Cyanic acid;0.008
56;55 Formaldehyde;0.008
57;56 Sulfur Monoxide;0.008
58;57 Protonate 2-proynenitrile;0.008
59;58 Ethynyl;0.008
60;59 Ethylene Glycol;0.008
61;60 Hydrogen Cyanide;0.008
62;61 Fluoromethyliumylidene;0.008
63;62 Methylidyne;0.008
64;63 Thioxoethenylidene;0.008
65;64 Cyanomethanimine;0.008
66;65 Silicon Monoxide;0.008
67;66 Dimethyl ether;0.008
68;67 Acetone;0.008
69;68 Carbon Monoxide;0.008
70;69 Phosphorous nitride;0.008
71;70 Thioformaldehyde;0.008
72;71 Diazenylium;0.008
73;72 Cyanoformaldehyde;0.008
74;73 Isothiocyanic acid;0.008
75;74 Vinyl Alcohol;0.008
76;75 Hydrogen Isocyanide;0.008
77;76 Carbon Monosulfide;0.008
78;77 Methylamine;0.008
79;78 Protonated Carbon Dioxide;0.008
80;79 Formic Acid;0.008
81;80 Cyclopropenylidene;0.008
82;81 Cyanoacetylene;0.008
83;82 para-Oxidaniumyl;0.008
84;83 ortho-Oxidaniumyl;0.008
85;84 Nitrosyl hydride;0.008
