1;4 Carbon Monoxide;0.8491301739652071
2;1 Butyronitrile;0.009298140371925615
3;19 Hydrogen sulfide;0.009298140371925615
4;0 Methylidyne;0.006298740251949611
5;2 Formaldehyde;0.006298740251949611
6;3 Sulfur dioxide;0.006298740251949611
7;5 Water;0.006298740251949611
8;6 Chloronium;0.006298740251949611
9;7 Imidogen;0.006298740251949611
10;8 Thioformylium;0.006298740251949611
11;9 Mercapto radical;0.006298740251949611
12;10 Methyl formate vt01;0.006298740251949611
13;11 Methyliumylidene;0.006298740251949611
14;12 Cyanide Radical;0.006298740251949611
15;13 Hydroxyl;0.006298740251949611
16;14 Nitric oxide;0.006298740251949611
17;15 Cyclopropenylidene;0.006298740251949611
18;16 Silicon Monoxide;0.006298740251949611
19;17 Hydrogen Cyanide;0.006298740251949611
20;18 Carbon Monosulfide;0.006298740251949611
21;20 Molecular oxygen;0.006298740251949611
22;21 Hydrogen Isocyanide;0.006298740251949611
23;22 Formylium;0.006298740251949611
24;23 Sulfoniumylidene;0.006298740251949611
