1;21 Hydrogen Isocyanide;0.8525717703349284
2;14 Nitric oxide;0.009270334928229667
3;0 Methylidyne;0.006279904306220096
4;1 Butyronitrile;0.006279904306220096
5;2 Formaldehyde;0.006279904306220096
6;3 Sulfur dioxide;0.006279904306220096
7;4 Carbon Monoxide;0.006279904306220096
8;5 Water;0.006279904306220096
9;6 Chloronium;0.006279904306220096
10;7 Imidogen;0.006279904306220096
11;8 Thioformylium;0.006279904306220096
12;9 Mercapto radical;0.006279904306220096
13;10 Methyl formate vt01;0.006279904306220096
14;11 Methyliumylidene;0.006279904306220096
15;12 Cyanide Radical;0.006279904306220096
16;13 Hydroxyl;0.006279904306220096
17;15 Cyclopropenylidene;0.006279904306220096
18;16 Silicon Monoxide;0.006279904306220096
19;17 Hydrogen Cyanide;0.006279904306220096
20;18 Carbon Monosulfide;0.006279904306220096
21;19 Hydrogen sulfide;0.006279904306220096
22;20 Molecular oxygen;0.006279904306220096
23;22 Formylium;0.006279904306220096
24;23 Sulfoniumylidene;0.006279904306220096
