1;4 Carbon Monoxide;0.7311886586695746
2;6 Chloronium;0.016902944383860415
3;0 Methylidyne;0.011450381679389313
4;1 Butyronitrile;0.011450381679389313
5;2 Formaldehyde;0.011450381679389313
6;3 Sulfur dioxide;0.011450381679389313
7;5 Water;0.011450381679389313
8;7 Imidogen;0.011450381679389313
9;8 Thioformylium;0.011450381679389313
10;9 Mercapto radical;0.011450381679389313
11;10 Methyl formate vt01;0.011450381679389313
12;11 Methyliumylidene;0.011450381679389313
13;12 Cyanide Radical;0.011450381679389313
14;13 Hydroxyl;0.011450381679389313
15;14 Nitric oxide;0.011450381679389313
16;15 Cyclopropenylidene;0.011450381679389313
17;16 Silicon Monoxide;0.011450381679389313
18;17 Hydrogen Cyanide;0.011450381679389313
19;18 Carbon Monosulfide;0.011450381679389313
20;19 Hydrogen sulfide;0.011450381679389313
21;20 Molecular oxygen;0.011450381679389313
22;21 Hydrogen Isocyanide;0.011450381679389313
23;22 Formylium;0.011450381679389313
24;23 Sulfoniumylidene;0.011450381679389313
