1;11 Methyliumylidene;0.7344244984160506
2;5 Water;0.016367476240760296
3;17 Hydrogen Cyanide;0.016367476240760296
4;0 Methylidyne;0.011087645195353749
5;1 Butyronitrile;0.011087645195353749
6;2 Formaldehyde;0.011087645195353749
7;3 Sulfur dioxide;0.011087645195353749
8;4 Carbon Monoxide;0.011087645195353749
9;6 Chloronium;0.011087645195353749
10;7 Imidogen;0.011087645195353749
11;8 Thioformylium;0.011087645195353749
12;9 Mercapto radical;0.011087645195353749
13;10 Methyl formate vt01;0.011087645195353749
14;12 Cyanide Radical;0.011087645195353749
15;13 Hydroxyl;0.011087645195353749
16;14 Nitric oxide;0.011087645195353749
17;15 Cyclopropenylidene;0.011087645195353749
18;16 Silicon Monoxide;0.011087645195353749
19;18 Carbon Monosulfide;0.011087645195353749
20;19 Hydrogen sulfide;0.011087645195353749
21;20 Molecular oxygen;0.011087645195353749
22;21 Hydrogen Isocyanide;0.011087645195353749
23;22 Formylium;0.011087645195353749
24;23 Sulfoniumylidene;0.011087645195353749
