1;11 Methyliumylidene;0.9288030660377359
2;0 Methylidyne;0.0030955188679245285
3;1 Butyronitrile;0.0030955188679245285
4;2 Formaldehyde;0.0030955188679245285
5;3 Sulfur dioxide;0.0030955188679245285
6;4 Carbon Monoxide;0.0030955188679245285
7;5 Water;0.0030955188679245285
8;6 Chloronium;0.0030955188679245285
9;7 Imidogen;0.0030955188679245285
10;8 Thioformylium;0.0030955188679245285
11;9 Mercapto radical;0.0030955188679245285
12;10 Methyl formate vt01;0.0030955188679245285
13;12 Cyanide Radical;0.0030955188679245285
14;13 Hydroxyl;0.0030955188679245285
15;14 Nitric oxide;0.0030955188679245285
16;15 Cyclopropenylidene;0.0030955188679245285
17;16 Silicon Monoxide;0.0030955188679245285
18;17 Hydrogen Cyanide;0.0030955188679245285
19;18 Carbon Monosulfide;0.0030955188679245285
20;19 Hydrogen sulfide;0.0030955188679245285
21;20 Molecular oxygen;0.0030955188679245285
22;21 Hydrogen Isocyanide;0.0030955188679245285
23;22 Formylium;0.0030955188679245285
24;23 Sulfoniumylidene;0.0030955188679245285
