1;42 Carbon Monoxide;0.03858520900321543
2;95 Methylene amidogen;0.03858520900321543
3;9 Thioformylium;0.022508038585209
4;24 Methylamine;0.022508038585209
5;121 Vinyl Alcohol;0.022508038585209
6;130 Isothiocyanic acid;0.022508038585209
7;132 Cyanic acid;0.022508038585209
8;0 Dimethyl ether;0.006430868167202572
9;1 Butatrienylidene;0.006430868167202572
10;2 Trihydrogen ion;0.006430868167202572
11;3 Nitrous Oxide;0.006430868167202572
12;4 Methyl Acetylene;0.006430868167202572
13;5 2,4,6-Heptatriynenitrile;0.006430868167202572
14;6 Ethylene Glycol;0.006430868167202572
15;7 2,4-Pentadiynylidyne;0.006430868167202572
16;8 Methyl Cyanide;0.006430868167202572
17;10 para-Oxidaniumyl;0.006430868167202572
18;11 Hydrogen Cyanide;0.006430868167202572
19;12 Titanium monoxide;0.006430868167202572
20;13 Cyanide Radical;0.006430868167202572
21;14 Formic Acid;0.006430868167202572
22;15 Nitric sulfide;0.006430868167202572
23;16 Iminomethylium;0.006430868167202572
24;17 Aluminum monoxide;0.006430868167202572
25;18 Methyl isocyanate;0.006430868167202572
26;19 Nitrosyl hydride;0.006430868167202572
27;20 Propynylidynium;0.006430868167202572
28;21 Magnesium Cyanide;0.006430868167202572
29;22 1,3-Butadiynyl anion;0.006430868167202572
30;23 Diazenylium;0.006430868167202572
31;25 Chloronium;0.006430868167202572
32;26 Silicon monosulfide;0.006430868167202572
33;27 Phosphorus Monoxide;0.006430868167202572
34;28 Cyclopropenone;0.006430868167202572
35;29 Carbon Monoxide Ion;0.006430868167202572
36;30 Sodium Cyanide;0.006430868167202572
37;31 Nitric oxide;0.006430868167202572
38;32 3-Thioxo-1,2-Propadieylidene;0.006430868167202572
39;33 Silicon Cyanide;0.006430868167202572
40;34 Ethyne Isocyanide;0.006430868167202572
41;35 Sodium Chloride;0.006430868167202572
42;36 Cyanoacetylene;0.006430868167202572
43;37 Sulfur Monoxide;0.006430868167202572
44;38 Aluminum Isocyanitrile;0.006430868167202572
45;39 Cyanobutadiyne;0.006430868167202572
46;40 Potassium cyanide, potassium isocyanide;0.006430868167202572
47;41 Silicon Mononitride;0.006430868167202572
48;43 Propadienylidene;0.006430868167202572
49;44 Methanimine;0.006430868167202572
50;45 Aluminum Monofluoride;0.006430868167202572
51;46 Formamide;0.006430868167202572
52;47 1,3,5,7-Octatetraynyl anion;0.006430868167202572
53;48 Aminoacetonitrile;0.006430868167202572
54;49 Ammonia;0.006430868167202572
55;50 gauche-Ethanol;0.006430868167202572
56;51 Protonate 2-proynenitrile;0.006430868167202572
57;52 Carbonyl Sulfide;0.006430868167202572
58;53 Thioxoethenylidene;0.006430868167202572
59;54 Ethyl cyanide;0.006430868167202572
60;55 Water;0.006430868167202572
61;56 Methyl Formate;0.006430868167202572
62;57 Acetaldehyde;0.006430868167202572
63;58 Ketenimine;0.006430868167202572
64;59 Propenal;0.006430868167202572
65;60 Methyl isocyanide;0.006430868167202572
66;61 iso-propyl cyanide;0.006430868167202572
67;62 Hydrogen cyanide;0.006430868167202572
68;63 Protonated Carbon Dioxide;0.006430868167202572
69;64 Methylidyne;0.006430868167202572
70;65 Ketene;0.006430868167202572
71;66 4-Cyano-1,3-Butadiynyl;0.006430868167202572
72;67 Silicon Monoxide;0.006430868167202572
73;68 Acetone;0.006430868167202572
74;69 Vinyl Cyanide;0.006430868167202572
75;70 3-Imino-1,2 Propadienylidene;0.006430868167202572
76;71 Silicon monoxide (global fit);0.006430868167202572
77;72 Cyclopropenylidene;0.006430868167202572
78;73 Magnesium Isocyanide;0.006430868167202572
79;74 2,4,6-Heptatriynylidyne;0.006430868167202572
80;75 Cyanobutadiynylide anion;0.006430868167202572
81;76 Formaldehyde;0.006430868167202572
82;77 Carbon Monosulfide;0.006430868167202572
83;78 Fulminic acid;0.006430868167202572
84;79 1,3,5-Hexatriynyl;0.006430868167202572
85;80 3-Silanetetrayl-1,2-Propadienylidene;0.006430868167202572
86;81 1,3-Butadiynyl radical;0.006430868167202572
87;82 trans-Ethanol;0.006430868167202572
88;83 Silicon Carbide;0.006430868167202572
89;84 1,3,5-Hexatriynyl anion;0.006430868167202572
90;85 Formylium;0.006430868167202572
91;86 Ethylene Oxide;0.006430868167202572
92;87 Sulfur dioxide;0.006430868167202572
93;88 Carbon Monophosphide;0.006430868167202572
94;89 Sulfur Monoxide ion;0.006430868167202572
95;90 Methanol;0.006430868167202572
96;91 Sulfur Dioxide;0.006430868167202572
97;92 Cyanoformaldehyde;0.006430868167202572
98;93 Isocyanic Acid;0.006430868167202572
99;94 Silicon Isocyanide;0.006430868167202572
100;96 Silicon Monocarbide;0.006430868167202572
101;97 Phosphaethyne;0.006430868167202572
102;98 Aluminum Monochloride;0.006430868167202572
103;99 Cyanoallene;0.006430868167202572
104;100 3-Oxo-1,2-Propadienylidene;0.006430868167202572
105;101 Methyl diacetylene;0.006430868167202572
106;102 Cyanomethylene;0.006430868167202572
107;103 Phosphapropynylidyne;0.006430868167202572
108;104 Cyanomethyl;0.006430868167202572
109;105 Hydrogen Isocyanide;0.006430868167202572
110;106 Hydrogen sulfide;0.006430868167202572
111;107 Hydroxyl;0.006430868167202572
112;108 Glycolaldehyde;0.006430868167202572
113;109 Cyanide anion;0.006430868167202572
114;110 2-Propynal;0.006430868167202572
115;111 Ethynyl;0.006430868167202572
116;112 Phosphorous nitride;0.006430868167202572
117;113 Magnesium hydride isocyanide;0.006430868167202572
118;114 Potassium chloride;0.006430868167202572
119;115 Silicon tetracarbide;0.006430868167202572
120;116 Ethyl Cyanide;0.006430868167202572
121;117 Cyanamide;0.006430868167202572
122;118 Amidogen;0.006430868167202572
123;119 Hydroxymethylidyne;0.006430868167202572
124;120 Formyl Radical;0.006430868167202572
125;122 ortho-Oxidaniumyl;0.006430868167202572
126;123 Cyanoethynylide ion;0.006430868167202572
127;124 Oxoethenylidene;0.006430868167202572
128;125 2-Butynenitrile;0.006430868167202572
129;126 Cyanoethynyl;0.006430868167202572
130;127 3-Cyano-1,2-propadienylidene;0.006430868167202572
131;128 Hydroxymethylium ion;0.006430868167202572
132;129 Thioformaldehyde;0.006430868167202572
133;131 Methyl formate, v<sub>t</sub> = 0, 1;0.006430868167202572
