1;0 Methylidyne;0.041666666666666664
2;1 Butyronitrile;0.041666666666666664
3;2 Formaldehyde;0.041666666666666664
4;3 Sulfur dioxide;0.041666666666666664
5;4 Carbon Monoxide;0.041666666666666664
6;5 Water;0.041666666666666664
7;6 Chloronium;0.041666666666666664
8;7 Imidogen;0.041666666666666664
9;8 Thioformylium;0.041666666666666664
10;9 Mercapto radical;0.041666666666666664
11;10 Methyl formate vt01;0.041666666666666664
12;11 Methyliumylidene;0.041666666666666664
13;12 Cyanide Radical;0.041666666666666664
14;13 Hydroxyl;0.041666666666666664
15;14 Nitric oxide;0.041666666666666664
16;15 Cyclopropenylidene;0.041666666666666664
17;16 Silicon Monoxide;0.041666666666666664
18;17 Hydrogen Cyanide;0.041666666666666664
19;18 Carbon Monosulfide;0.041666666666666664
20;19 Hydrogen sulfide;0.041666666666666664
21;20 Molecular oxygen;0.041666666666666664
22;21 Hydrogen Isocyanide;0.041666666666666664
23;22 Formylium;0.041666666666666664
24;23 Sulfoniumylidene;0.041666666666666664
