1;21 Hydrogen Isocyanide;0.3328729281767956
2;0 Methylidyne;0.029005524861878452
3;1 Butyronitrile;0.029005524861878452
4;2 Formaldehyde;0.029005524861878452
5;3 Sulfur dioxide;0.029005524861878452
6;4 Carbon Monoxide;0.029005524861878452
7;5 Water;0.029005524861878452
8;6 Chloronium;0.029005524861878452
9;7 Imidogen;0.029005524861878452
10;8 Thioformylium;0.029005524861878452
11;9 Mercapto radical;0.029005524861878452
12;10 Methyl formate vt01;0.029005524861878452
13;11 Methyliumylidene;0.029005524861878452
14;12 Cyanide Radical;0.029005524861878452
15;13 Hydroxyl;0.029005524861878452
16;14 Nitric oxide;0.029005524861878452
17;15 Cyclopropenylidene;0.029005524861878452
18;16 Silicon Monoxide;0.029005524861878452
19;17 Hydrogen Cyanide;0.029005524861878452
20;18 Carbon Monosulfide;0.029005524861878452
21;19 Hydrogen sulfide;0.029005524861878452
22;20 Molecular oxygen;0.029005524861878452
23;22 Formylium;0.029005524861878452
24;23 Sulfoniumylidene;0.029005524861878452
