1;0 Ketene;0.7265084075173097
2;2 Oxonium hydride;0.009396636993076163
3;6 Carbon Monosulfide;0.009396636993076163
4;22 Methanol;0.009396636993076163
5;26 1,3,5,7-Octatetraynyl anion;0.009396636993076163
6;1 1,3,5-Hexatriynyl;0.004451038575667656
7;3 Vinyl Cyanide;0.004451038575667656
8;4 Hydroxyl;0.004451038575667656
9;5 Methyliumylidene;0.004451038575667656
10;7 Cyanomethyl;0.004451038575667656
11;8 Methyl Acetylene;0.004451038575667656
12;9 Ethyl Cyanide;0.004451038575667656
13;10 2,4-Pentadiynylidyne;0.004451038575667656
14;11 4-Cyano-1,3-Butadiynyl;0.004451038575667656
15;12 Water;0.004451038575667656
16;13 Hydrogen sulfide;0.004451038575667656
17;14 Methylene amidogen;0.004451038575667656
18;15 1,3-Butadiynyl radical;0.004451038575667656
19;16 2,4,6,8-Nonatetraynenitrile;0.004451038575667656
20;17 Formylium;0.004451038575667656
21;18 Cyanoallene;0.004451038575667656
22;19 Trihydrogen ion;0.004451038575667656
23;20 Methylcyanodiacetylene;0.004451038575667656
24;21 2,4,6-Heptatriynenitrile;0.004451038575667656
25;23 Ammonia;0.004451038575667656
26;24 Methyl Cyanide;0.004451038575667656
27;25 1,3,5-Hexatriynyl anion;0.004451038575667656
28;27 3-Thioxo-1,2-Propadieylidene;0.004451038575667656
29;28 Cyanobutadiyne;0.004451038575667656
30;29 Nitric sulfide;0.004451038575667656
31;30 Sulfur dioxide;0.004451038575667656
32;31 Hydrochloric acid;0.004451038575667656
33;32 2,4,6,8,10-Undecapentaynenitrile;0.004451038575667656
34;33 Cyanide Radical;0.004451038575667656
35;34 Nitric oxide;0.004451038575667656
36;35 Formaldehyde;0.004451038575667656
37;36 Sulfur Monoxide;0.004451038575667656
38;37 Methyltriacetylene;0.004451038575667656
39;38 Hydrogen Cyanide;0.004451038575667656
40;39 Methyl diacetylene;0.004451038575667656
41;40 Methylidyne;0.004451038575667656
42;41 Thioxoethenylidene;0.004451038575667656
43;42 Silicon Monoxide;0.004451038575667656
44;43 1,3,5,7-Octatetraynyl;0.004451038575667656
45;44 Oxoethenylidene;0.004451038575667656
46;45 Propynylidynium;0.004451038575667656
47;46 Carbon Monoxide;0.004451038575667656
48;47 Thioformaldehyde;0.004451038575667656
49;48 Hexatrienyl;0.004451038575667656
50;49 Diazenylium;0.004451038575667656
51;50 Hydrogen Isocyanide;0.004451038575667656
52;51 Carbon Monosulfide;0.004451038575667656
53;52 Methylamine;0.004451038575667656
54;53 Formic Acid;0.004451038575667656
55;54 Cyclopropenylidene;0.004451038575667656
56;55 Cyanoacetylene;0.004451038575667656
57;56 para-Oxidaniumyl;0.004451038575667656
58;57 ortho-Oxidaniumyl;0.004451038575667656
