1;29 Nitric sulfide;0.8380923450789793
2;18 Cyanoallene;0.008809234507897935
3;0 Ketene;0.0027339003645200487
4;1 1,3,5-Hexatriynyl;0.0027339003645200487
5;2 Oxonium hydride;0.0027339003645200487
6;3 Vinyl Cyanide;0.0027339003645200487
7;4 Hydroxyl;0.0027339003645200487
8;5 Methyliumylidene;0.0027339003645200487
9;6 Carbon Monosulfide;0.0027339003645200487
10;7 Cyanomethyl;0.0027339003645200487
11;8 Methyl Acetylene;0.0027339003645200487
12;9 Ethyl Cyanide;0.0027339003645200487
13;10 2,4-Pentadiynylidyne;0.0027339003645200487
14;11 4-Cyano-1,3-Butadiynyl;0.0027339003645200487
15;12 Water;0.0027339003645200487
16;13 Hydrogen sulfide;0.0027339003645200487
17;14 Methylene amidogen;0.0027339003645200487
18;15 1,3-Butadiynyl radical;0.0027339003645200487
19;16 2,4,6,8-Nonatetraynenitrile;0.0027339003645200487
20;17 Formylium;0.0027339003645200487
21;19 Trihydrogen ion;0.0027339003645200487
22;20 Methylcyanodiacetylene;0.0027339003645200487
23;21 2,4,6-Heptatriynenitrile;0.0027339003645200487
24;22 Methanol;0.0027339003645200487
25;23 Ammonia;0.0027339003645200487
26;24 Methyl Cyanide;0.0027339003645200487
27;25 1,3,5-Hexatriynyl anion;0.0027339003645200487
28;26 1,3,5,7-Octatetraynyl anion;0.0027339003645200487
29;27 3-Thioxo-1,2-Propadieylidene;0.0027339003645200487
30;28 Cyanobutadiyne;0.0027339003645200487
31;30 Sulfur dioxide;0.0027339003645200487
32;31 Hydrochloric acid;0.0027339003645200487
33;32 2,4,6,8,10-Undecapentaynenitrile;0.0027339003645200487
34;33 Cyanide Radical;0.0027339003645200487
35;34 Nitric oxide;0.0027339003645200487
36;35 Formaldehyde;0.0027339003645200487
37;36 Sulfur Monoxide;0.0027339003645200487
38;37 Methyltriacetylene;0.0027339003645200487
39;38 Hydrogen Cyanide;0.0027339003645200487
40;39 Methyl diacetylene;0.0027339003645200487
41;40 Methylidyne;0.0027339003645200487
42;41 Thioxoethenylidene;0.0027339003645200487
43;42 Silicon Monoxide;0.0027339003645200487
44;43 1,3,5,7-Octatetraynyl;0.0027339003645200487
45;44 Oxoethenylidene;0.0027339003645200487
46;45 Propynylidynium;0.0027339003645200487
47;46 Carbon Monoxide;0.0027339003645200487
48;47 Thioformaldehyde;0.0027339003645200487
49;48 Hexatrienyl;0.0027339003645200487
50;49 Diazenylium;0.0027339003645200487
51;50 Hydrogen Isocyanide;0.0027339003645200487
52;51 Carbon Monosulfide;0.0027339003645200487
53;52 Methylamine;0.0027339003645200487
54;53 Formic Acid;0.0027339003645200487
55;54 Cyclopropenylidene;0.0027339003645200487
56;55 Cyanoacetylene;0.0027339003645200487
57;56 para-Oxidaniumyl;0.0027339003645200487
58;57 ortho-Oxidaniumyl;0.0027339003645200487
