1;32 2,4,6,8,10-Undecapentaynenitrile;0.6089939024390245
2;0 Ketene;0.0068597560975609765
3;1 1,3,5-Hexatriynyl;0.0068597560975609765
4;2 Oxonium hydride;0.0068597560975609765
5;3 Vinyl Cyanide;0.0068597560975609765
6;4 Hydroxyl;0.0068597560975609765
7;5 Methyliumylidene;0.0068597560975609765
8;6 Carbon Monosulfide;0.0068597560975609765
9;7 Cyanomethyl;0.0068597560975609765
10;8 Methyl Acetylene;0.0068597560975609765
11;9 Ethyl Cyanide;0.0068597560975609765
12;10 2,4-Pentadiynylidyne;0.0068597560975609765
13;11 4-Cyano-1,3-Butadiynyl;0.0068597560975609765
14;12 Water;0.0068597560975609765
15;13 Hydrogen sulfide;0.0068597560975609765
16;14 Methylene amidogen;0.0068597560975609765
17;15 1,3-Butadiynyl radical;0.0068597560975609765
18;16 2,4,6,8-Nonatetraynenitrile;0.0068597560975609765
19;17 Formylium;0.0068597560975609765
20;18 Cyanoallene;0.0068597560975609765
21;19 Trihydrogen ion;0.0068597560975609765
22;20 Methylcyanodiacetylene;0.0068597560975609765
23;21 2,4,6-Heptatriynenitrile;0.0068597560975609765
24;22 Methanol;0.0068597560975609765
25;23 Ammonia;0.0068597560975609765
26;24 Methyl Cyanide;0.0068597560975609765
27;25 1,3,5-Hexatriynyl anion;0.0068597560975609765
28;26 1,3,5,7-Octatetraynyl anion;0.0068597560975609765
29;27 3-Thioxo-1,2-Propadieylidene;0.0068597560975609765
30;28 Cyanobutadiyne;0.0068597560975609765
31;29 Nitric sulfide;0.0068597560975609765
32;30 Sulfur dioxide;0.0068597560975609765
33;31 Hydrochloric acid;0.0068597560975609765
34;33 Cyanide Radical;0.0068597560975609765
35;34 Nitric oxide;0.0068597560975609765
36;35 Formaldehyde;0.0068597560975609765
37;36 Sulfur Monoxide;0.0068597560975609765
38;37 Methyltriacetylene;0.0068597560975609765
39;38 Hydrogen Cyanide;0.0068597560975609765
40;39 Methyl diacetylene;0.0068597560975609765
41;40 Methylidyne;0.0068597560975609765
42;41 Thioxoethenylidene;0.0068597560975609765
43;42 Silicon Monoxide;0.0068597560975609765
44;43 1,3,5,7-Octatetraynyl;0.0068597560975609765
45;44 Oxoethenylidene;0.0068597560975609765
46;45 Propynylidynium;0.0068597560975609765
47;46 Carbon Monoxide;0.0068597560975609765
48;47 Thioformaldehyde;0.0068597560975609765
49;48 Hexatrienyl;0.0068597560975609765
50;49 Diazenylium;0.0068597560975609765
51;50 Hydrogen Isocyanide;0.0068597560975609765
52;51 Carbon Monosulfide;0.0068597560975609765
53;52 Methylamine;0.0068597560975609765
54;53 Formic Acid;0.0068597560975609765
55;54 Cyclopropenylidene;0.0068597560975609765
56;55 Cyanoacetylene;0.0068597560975609765
57;56 para-Oxidaniumyl;0.0068597560975609765
58;57 ortho-Oxidaniumyl;0.0068597560975609765
