1;28 Cyanobutadiyne;0.7184412733260155
2;0 Ketene;0.004939626783754117
3;1 1,3,5-Hexatriynyl;0.004939626783754117
4;2 Oxonium hydride;0.004939626783754117
5;3 Vinyl Cyanide;0.004939626783754117
6;4 Hydroxyl;0.004939626783754117
7;5 Methyliumylidene;0.004939626783754117
8;6 Carbon Monosulfide;0.004939626783754117
9;7 Cyanomethyl;0.004939626783754117
10;8 Methyl Acetylene;0.004939626783754117
11;9 Ethyl Cyanide;0.004939626783754117
12;10 2,4-Pentadiynylidyne;0.004939626783754117
13;11 4-Cyano-1,3-Butadiynyl;0.004939626783754117
14;12 Water;0.004939626783754117
15;13 Hydrogen sulfide;0.004939626783754117
16;14 Methylene amidogen;0.004939626783754117
17;15 1,3-Butadiynyl radical;0.004939626783754117
18;16 2,4,6,8-Nonatetraynenitrile;0.004939626783754117
19;17 Formylium;0.004939626783754117
20;18 Cyanoallene;0.004939626783754117
21;19 Trihydrogen ion;0.004939626783754117
22;20 Methylcyanodiacetylene;0.004939626783754117
23;21 2,4,6-Heptatriynenitrile;0.004939626783754117
24;22 Methanol;0.004939626783754117
25;23 Ammonia;0.004939626783754117
26;24 Methyl Cyanide;0.004939626783754117
27;25 1,3,5-Hexatriynyl anion;0.004939626783754117
28;26 1,3,5,7-Octatetraynyl anion;0.004939626783754117
29;27 3-Thioxo-1,2-Propadieylidene;0.004939626783754117
30;29 Nitric sulfide;0.004939626783754117
31;30 Sulfur dioxide;0.004939626783754117
32;31 Hydrochloric acid;0.004939626783754117
33;32 2,4,6,8,10-Undecapentaynenitrile;0.004939626783754117
34;33 Cyanide Radical;0.004939626783754117
35;34 Nitric oxide;0.004939626783754117
36;35 Formaldehyde;0.004939626783754117
37;36 Sulfur Monoxide;0.004939626783754117
38;37 Methyltriacetylene;0.004939626783754117
39;38 Hydrogen Cyanide;0.004939626783754117
40;39 Methyl diacetylene;0.004939626783754117
41;40 Methylidyne;0.004939626783754117
42;41 Thioxoethenylidene;0.004939626783754117
43;42 Silicon Monoxide;0.004939626783754117
44;43 1,3,5,7-Octatetraynyl;0.004939626783754117
45;44 Oxoethenylidene;0.004939626783754117
46;45 Propynylidynium;0.004939626783754117
47;46 Carbon Monoxide;0.004939626783754117
48;47 Thioformaldehyde;0.004939626783754117
49;48 Hexatrienyl;0.004939626783754117
50;49 Diazenylium;0.004939626783754117
51;50 Hydrogen Isocyanide;0.004939626783754117
52;51 Carbon Monosulfide;0.004939626783754117
53;52 Methylamine;0.004939626783754117
54;53 Formic Acid;0.004939626783754117
55;54 Cyclopropenylidene;0.004939626783754117
56;55 Cyanoacetylene;0.004939626783754117
57;56 para-Oxidaniumyl;0.004939626783754117
58;57 ortho-Oxidaniumyl;0.004939626783754117
