1;21 Hydrogen Isocyanide;0.24274661508704062
2;16 Silicon Monoxide;0.19439071566731142
3;17 Hydrogen Cyanide;0.13636363636363635
4;0 Methylidyne;0.020309477756286266
5;1 Butyronitrile;0.020309477756286266
6;2 Formaldehyde;0.020309477756286266
7;3 Sulfur dioxide;0.020309477756286266
8;4 Carbon Monoxide;0.020309477756286266
9;5 Water;0.020309477756286266
10;6 Chloronium;0.020309477756286266
11;7 Imidogen;0.020309477756286266
12;8 Thioformylium;0.020309477756286266
13;9 Mercapto radical;0.020309477756286266
14;10 Methyl formate vt01;0.020309477756286266
15;11 Methyliumylidene;0.020309477756286266
16;12 Cyanide Radical;0.020309477756286266
17;13 Hydroxyl;0.020309477756286266
18;14 Nitric oxide;0.020309477756286266
19;15 Cyclopropenylidene;0.020309477756286266
20;18 Carbon Monosulfide;0.020309477756286266
21;19 Hydrogen sulfide;0.020309477756286266
22;20 Molecular oxygen;0.020309477756286266
23;22 Formylium;0.020309477756286266
24;23 Sulfoniumylidene;0.020309477756286266
