1;19 Diazenylium;0.27094972067
2;26 Sodium Cyanide;0.0195530726257
3;69 Carbon Monosulfide;0.0195530726257
4;123 Cyanic acid;0.0195530726257
5;0 Dimethyl ether;0.00558659217877
6;1 Butatrienylidene;0.00558659217877
7;2 Nitrous Oxide;0.00558659217877
8;3 Methyl Acetylene;0.00558659217877
9;4 2,4,6-Heptatriynenitrile;0.00558659217877
10;5 2,4-Pentadiynylidyne;0.00558659217877
11;6 Ethylene Glycol;0.00558659217877
12;7 Methyl Cyanide;0.00558659217877
13;8 Thioformylium;0.00558659217877
14;9 para-Oxidaniumyl;0.00558659217877
15;10 Hydrogen Cyanide;0.00558659217877
16;11 Cyanide Radical;0.00558659217877
17;12 Formic Acid;0.00558659217877
18;13 Nitric sulfide;0.00558659217877
19;14 Iminomethylium;0.00558659217877
20;15 Nitrosyl hydride;0.00558659217877
21;16 Propynylidynium;0.00558659217877
22;17 Magnesium Cyanide;0.00558659217877
23;18 1,3-Butadiynyl anion;0.00558659217877
24;20 Methylamine;0.00558659217877
25;21 Chloronium;0.00558659217877
26;22 Phosphorus Monoxide;0.00558659217877
27;23 Silicon monosulfide;0.00558659217877
28;24 Cyclopropenone;0.00558659217877
29;25 Carbon Monoxide Ion;0.00558659217877
30;27 Nitric oxide;0.00558659217877
31;28 3-Thioxo-1,2-Propadieylidene;0.00558659217877
32;29 Silicon Cyanide;0.00558659217877
33;30 Ethyne Isocyanide;0.00558659217877
34;31 Sodium Chloride;0.00558659217877
35;32 Cyanoacetylene;0.00558659217877
36;33 Sulfur Monoxide;0.00558659217877
37;34 Aluminum Isocyanitrile;0.00558659217877
38;35 Cyanobutadiyne;0.00558659217877
39;36 Carbon Monoxide;0.00558659217877
40;37 Silicon Mononitride;0.00558659217877
41;38 Propadienylidene;0.00558659217877
42;39 Methanimine;0.00558659217877
43;40 Aluminum Monofluoride;0.00558659217877
44;41 Formamide;0.00558659217877
45;42 1,3,5,7-Octatetraynyl anion;0.00558659217877
46;43 Aminoacetonitrile;0.00558659217877
47;44 Ammonia;0.00558659217877
48;45 gauche-Ethanol;0.00558659217877
49;46 Protonate 2-proynenitrile;0.00558659217877
50;47 Carbonyl Sulfide;0.00558659217877
51;48 Thioxoethenylidene;0.00558659217877
52;49 Water;0.00558659217877
53;50 Methyl Formate;0.00558659217877
54;51 Acetaldehyde;0.00558659217877
55;52 Ketenimine;0.00558659217877
56;53 Propenal;0.00558659217877
57;54 Methyl isocyanide;0.00558659217877
58;55 Protonated Carbon Dioxide;0.00558659217877
59;56 Methylidyne;0.00558659217877
60;57 Ketene;0.00558659217877
61;58 4-Cyano-1,3-Butadiynyl;0.00558659217877
62;59 Silicon Monoxide;0.00558659217877
63;60 Acetone;0.00558659217877
64;61 3-Imino-1,2 Propadienylidene;0.00558659217877
65;62 Vinyl Cyanide;0.00558659217877
66;63 Cyclopropenylidene;0.00558659217877
67;64 2,4,6-Heptatriynylidyne;0.00558659217877
68;65 Magnesium Isocyanide;0.00558659217877
69;66 Formaldehyde;0.00558659217877
70;67 Cyanobutadiynylide anion;0.00558659217877
71;68 Fulminic acid;0.00558659217877
72;70 1,3,5-Hexatriynyl;0.00558659217877
73;71 1,3-Butadiynyl radical;0.00558659217877
74;72 1,3,5-Hexatriynyl anion;0.00558659217877
75;73 Silicon monosulfide;0.00558659217877
76;74 Silicon Carbide;0.00558659217877
77;75 Formylium;0.00558659217877
78;76 Ethylene Oxide;0.00558659217877
79;77 Sulfur dioxide;0.00558659217877
80;78 Carbon Monophosphide;0.00558659217877
81;79 Sulfur Monoxide ion;0.00558659217877
82;80 Methanol;0.00558659217877
83;81 Sulfur Dioxide;0.00558659217877
84;82 Cyanoformaldehyde;0.00558659217877
85;83 Isocyanic Acid;0.00558659217877
86;84 Silicon Isocyanide;0.00558659217877
87;85 Silicon Monocarbide;0.00558659217877
88;86 Phosphaethyne;0.00558659217877
89;87 Carbon Monosulfide;0.00558659217877
90;88 Methylene amidogen;0.00558659217877
91;89 Aluminum Monochloride;0.00558659217877
92;90 3-Oxo-1,2-Propadienylidene;0.00558659217877
93;91 Cyanoallene;0.00558659217877
94;92 Methyl diacetylene;0.00558659217877
95;93 Cyanomethylene;0.00558659217877
96;94 Cyanomethyl;0.00558659217877
97;95 Phosphapropynylidyne;0.00558659217877
98;96 Hydrogen Isocyanide;0.00558659217877
99;97 Hydrogen sulfide;0.00558659217877
100;98 Hydroxyl;0.00558659217877
101;99 Glycolaldehyde;0.00558659217877
102;100 2-Propynal;0.00558659217877
103;101 Ethynyl;0.00558659217877
104;102 Phosphorous nitride;0.00558659217877
105;103 Potassium chloride;0.00558659217877
106;104 Silicon tetracarbide;0.00558659217877
107;105 Ethyl Cyanide;0.00558659217877
108;106 Cyanamide;0.00558659217877
109;107 Amidogen;0.00558659217877
110;108 Formyl Radical;0.00558659217877
111;109 Vinyl Alcohol;0.00558659217877
112;110 ortho-Oxidaniumyl;0.00558659217877
113;111 Cyanoethynylide ion;0.00558659217877
114;112 Oxoethenylidene;0.00558659217877
115;113 2-Butynenitrile;0.00558659217877
116;114 3-Silanetetrayl-1,2-Propadienyli;0.00558659217877
117;115 Cyanoethynyl;0.00558659217877
118;116 3-Cyano-1,2-propadienylidene;0.00558659217877
119;117 Acetylene;0.00558659217877
120;118 Hydroxymethylium ion;0.00558659217877
121;119 Methyl formate vt01;0.00558659217877
122;120 Thioformaldehyde;0.00558659217877
123;121 Isothiocyanic acid;0.00558659217877
124;122 Butyronitrile;0.00558659217877
