1;30 Ethyne Isocyanide;0.344647519582
2;88 Methylene amidogen;0.0182767624021
3;0 Dimethyl ether;0.00522193211488
4;1 Butatrienylidene;0.00522193211488
5;2 Nitrous Oxide;0.00522193211488
6;3 Methyl Acetylene;0.00522193211488
7;4 2,4,6-Heptatriynenitrile;0.00522193211488
8;5 2,4-Pentadiynylidyne;0.00522193211488
9;6 Ethylene Glycol;0.00522193211488
10;7 Methyl Cyanide;0.00522193211488
11;8 Thioformylium;0.00522193211488
12;9 para-Oxidaniumyl;0.00522193211488
13;10 Hydrogen Cyanide;0.00522193211488
14;11 Cyanide Radical;0.00522193211488
15;12 Formic Acid;0.00522193211488
16;13 Nitric sulfide;0.00522193211488
17;14 Iminomethylium;0.00522193211488
18;15 Nitrosyl hydride;0.00522193211488
19;16 Propynylidynium;0.00522193211488
20;17 Magnesium Cyanide;0.00522193211488
21;18 1,3-Butadiynyl anion;0.00522193211488
22;19 Diazenylium;0.00522193211488
23;20 Methylamine;0.00522193211488
24;21 Chloronium;0.00522193211488
25;22 Phosphorus Monoxide;0.00522193211488
26;23 Silicon monosulfide;0.00522193211488
27;24 Cyclopropenone;0.00522193211488
28;25 Carbon Monoxide Ion;0.00522193211488
29;26 Sodium Cyanide;0.00522193211488
30;27 Nitric oxide;0.00522193211488
31;28 3-Thioxo-1,2-Propadieylidene;0.00522193211488
32;29 Silicon Cyanide;0.00522193211488
33;31 Sodium Chloride;0.00522193211488
34;32 Cyanoacetylene;0.00522193211488
35;33 Sulfur Monoxide;0.00522193211488
36;34 Aluminum Isocyanitrile;0.00522193211488
37;35 Cyanobutadiyne;0.00522193211488
38;36 Carbon Monoxide;0.00522193211488
39;37 Silicon Mononitride;0.00522193211488
40;38 Propadienylidene;0.00522193211488
41;39 Methanimine;0.00522193211488
42;40 Aluminum Monofluoride;0.00522193211488
43;41 Formamide;0.00522193211488
44;42 1,3,5,7-Octatetraynyl anion;0.00522193211488
45;43 Aminoacetonitrile;0.00522193211488
46;44 Ammonia;0.00522193211488
47;45 gauche-Ethanol;0.00522193211488
48;46 Protonate 2-proynenitrile;0.00522193211488
49;47 Carbonyl Sulfide;0.00522193211488
50;48 Thioxoethenylidene;0.00522193211488
51;49 Water;0.00522193211488
52;50 Methyl Formate;0.00522193211488
53;51 Acetaldehyde;0.00522193211488
54;52 Ketenimine;0.00522193211488
55;53 Propenal;0.00522193211488
56;54 Methyl isocyanide;0.00522193211488
57;55 Protonated Carbon Dioxide;0.00522193211488
58;56 Methylidyne;0.00522193211488
59;57 Ketene;0.00522193211488
60;58 4-Cyano-1,3-Butadiynyl;0.00522193211488
61;59 Silicon Monoxide;0.00522193211488
62;60 Acetone;0.00522193211488
63;61 3-Imino-1,2 Propadienylidene;0.00522193211488
64;62 Vinyl Cyanide;0.00522193211488
65;63 Cyclopropenylidene;0.00522193211488
66;64 2,4,6-Heptatriynylidyne;0.00522193211488
67;65 Magnesium Isocyanide;0.00522193211488
68;66 Formaldehyde;0.00522193211488
69;67 Cyanobutadiynylide anion;0.00522193211488
70;68 Fulminic acid;0.00522193211488
71;69 Carbon Monosulfide;0.00522193211488
72;70 1,3,5-Hexatriynyl;0.00522193211488
73;71 1,3-Butadiynyl radical;0.00522193211488
74;72 1,3,5-Hexatriynyl anion;0.00522193211488
75;73 Silicon monosulfide;0.00522193211488
76;74 Silicon Carbide;0.00522193211488
77;75 Formylium;0.00522193211488
78;76 Ethylene Oxide;0.00522193211488
79;77 Sulfur dioxide;0.00522193211488
80;78 Carbon Monophosphide;0.00522193211488
81;79 Sulfur Monoxide ion;0.00522193211488
82;80 Methanol;0.00522193211488
83;81 Sulfur Dioxide;0.00522193211488
84;82 Cyanoformaldehyde;0.00522193211488
85;83 Isocyanic Acid;0.00522193211488
86;84 Silicon Isocyanide;0.00522193211488
87;85 Silicon Monocarbide;0.00522193211488
88;86 Phosphaethyne;0.00522193211488
89;87 Carbon Monosulfide;0.00522193211488
90;89 Aluminum Monochloride;0.00522193211488
91;90 3-Oxo-1,2-Propadienylidene;0.00522193211488
92;91 Cyanoallene;0.00522193211488
93;92 Methyl diacetylene;0.00522193211488
94;93 Cyanomethylene;0.00522193211488
95;94 Cyanomethyl;0.00522193211488
96;95 Phosphapropynylidyne;0.00522193211488
97;96 Hydrogen Isocyanide;0.00522193211488
98;97 Hydrogen sulfide;0.00522193211488
99;98 Hydroxyl;0.00522193211488
100;99 Glycolaldehyde;0.00522193211488
101;100 2-Propynal;0.00522193211488
102;101 Ethynyl;0.00522193211488
103;102 Phosphorous nitride;0.00522193211488
104;103 Potassium chloride;0.00522193211488
105;104 Silicon tetracarbide;0.00522193211488
106;105 Ethyl Cyanide;0.00522193211488
107;106 Cyanamide;0.00522193211488
108;107 Amidogen;0.00522193211488
109;108 Formyl Radical;0.00522193211488
110;109 Vinyl Alcohol;0.00522193211488
111;110 ortho-Oxidaniumyl;0.00522193211488
112;111 Cyanoethynylide ion;0.00522193211488
113;112 Oxoethenylidene;0.00522193211488
114;113 2-Butynenitrile;0.00522193211488
115;114 3-Silanetetrayl-1,2-Propadienyli;0.00522193211488
116;115 Cyanoethynyl;0.00522193211488
117;116 3-Cyano-1,2-propadienylidene;0.00522193211488
118;117 Acetylene;0.00522193211488
119;118 Hydroxymethylium ion;0.00522193211488
120;119 Methyl formate vt01;0.00522193211488
121;120 Thioformaldehyde;0.00522193211488
122;121 Isothiocyanic acid;0.00522193211488
123;122 Butyronitrile;0.00522193211488
124;123 Cyanic acid;0.00522193211488
