1;75 Formylium;0.046511627907
2;0 Dimethyl ether;0.0077519379845
3;1 Butatrienylidene;0.0077519379845
4;2 Nitrous Oxide;0.0077519379845
5;3 Methyl Acetylene;0.0077519379845
6;4 2,4,6-Heptatriynenitrile;0.0077519379845
7;5 2,4-Pentadiynylidyne;0.0077519379845
8;6 Ethylene Glycol;0.0077519379845
9;7 Methyl Cyanide;0.0077519379845
10;8 Thioformylium;0.0077519379845
11;9 para-Oxidaniumyl;0.0077519379845
12;10 Hydrogen Cyanide;0.0077519379845
13;11 Cyanide Radical;0.0077519379845
14;12 Formic Acid;0.0077519379845
15;13 Nitric sulfide;0.0077519379845
16;14 Iminomethylium;0.0077519379845
17;15 Nitrosyl hydride;0.0077519379845
18;16 Propynylidynium;0.0077519379845
19;17 Magnesium Cyanide;0.0077519379845
20;18 1,3-Butadiynyl anion;0.0077519379845
21;19 Diazenylium;0.0077519379845
22;20 Methylamine;0.0077519379845
23;21 Chloronium;0.0077519379845
24;22 Phosphorus Monoxide;0.0077519379845
25;23 Silicon monosulfide;0.0077519379845
26;24 Cyclopropenone;0.0077519379845
27;25 Carbon Monoxide Ion;0.0077519379845
28;26 Sodium Cyanide;0.0077519379845
29;27 Nitric oxide;0.0077519379845
30;28 3-Thioxo-1,2-Propadieylidene;0.0077519379845
31;29 Silicon Cyanide;0.0077519379845
32;30 Ethyne Isocyanide;0.0077519379845
33;31 Sodium Chloride;0.0077519379845
34;32 Cyanoacetylene;0.0077519379845
35;33 Sulfur Monoxide;0.0077519379845
36;34 Aluminum Isocyanitrile;0.0077519379845
37;35 Cyanobutadiyne;0.0077519379845
38;36 Carbon Monoxide;0.0077519379845
39;37 Silicon Mononitride;0.0077519379845
40;38 Propadienylidene;0.0077519379845
41;39 Methanimine;0.0077519379845
42;40 Aluminum Monofluoride;0.0077519379845
43;41 Formamide;0.0077519379845
44;42 1,3,5,7-Octatetraynyl anion;0.0077519379845
45;43 Aminoacetonitrile;0.0077519379845
46;44 Ammonia;0.0077519379845
47;45 gauche-Ethanol;0.0077519379845
48;46 Protonate 2-proynenitrile;0.0077519379845
49;47 Carbonyl Sulfide;0.0077519379845
50;48 Thioxoethenylidene;0.0077519379845
51;49 Water;0.0077519379845
52;50 Methyl Formate;0.0077519379845
53;51 Acetaldehyde;0.0077519379845
54;52 Ketenimine;0.0077519379845
55;53 Propenal;0.0077519379845
56;54 Methyl isocyanide;0.0077519379845
57;55 Protonated Carbon Dioxide;0.0077519379845
58;56 Methylidyne;0.0077519379845
59;57 Ketene;0.0077519379845
60;58 4-Cyano-1,3-Butadiynyl;0.0077519379845
61;59 Silicon Monoxide;0.0077519379845
62;60 Acetone;0.0077519379845
63;61 3-Imino-1,2 Propadienylidene;0.0077519379845
64;62 Vinyl Cyanide;0.0077519379845
65;63 Cyclopropenylidene;0.0077519379845
66;64 2,4,6-Heptatriynylidyne;0.0077519379845
67;65 Magnesium Isocyanide;0.0077519379845
68;66 Formaldehyde;0.0077519379845
69;67 Cyanobutadiynylide anion;0.0077519379845
70;68 Fulminic acid;0.0077519379845
71;69 Carbon Monosulfide;0.0077519379845
72;70 1,3,5-Hexatriynyl;0.0077519379845
73;71 1,3-Butadiynyl radical;0.0077519379845
74;72 1,3,5-Hexatriynyl anion;0.0077519379845
75;73 Silicon monosulfide;0.0077519379845
76;74 Silicon Carbide;0.0077519379845
77;76 Ethylene Oxide;0.0077519379845
78;77 Sulfur dioxide;0.0077519379845
79;78 Carbon Monophosphide;0.0077519379845
80;79 Sulfur Monoxide ion;0.0077519379845
81;80 Methanol;0.0077519379845
82;81 Sulfur Dioxide;0.0077519379845
83;82 Cyanoformaldehyde;0.0077519379845
84;83 Isocyanic Acid;0.0077519379845
85;84 Silicon Isocyanide;0.0077519379845
86;85 Silicon Monocarbide;0.0077519379845
87;86 Phosphaethyne;0.0077519379845
88;87 Carbon Monosulfide;0.0077519379845
89;88 Methylene amidogen;0.0077519379845
90;89 Aluminum Monochloride;0.0077519379845
91;90 3-Oxo-1,2-Propadienylidene;0.0077519379845
92;91 Cyanoallene;0.0077519379845
93;92 Methyl diacetylene;0.0077519379845
94;93 Cyanomethylene;0.0077519379845
95;94 Cyanomethyl;0.0077519379845
96;95 Phosphapropynylidyne;0.0077519379845
97;96 Hydrogen Isocyanide;0.0077519379845
98;97 Hydrogen sulfide;0.0077519379845
99;98 Hydroxyl;0.0077519379845
100;99 Glycolaldehyde;0.0077519379845
101;100 2-Propynal;0.0077519379845
102;101 Ethynyl;0.0077519379845
103;102 Phosphorous nitride;0.0077519379845
104;103 Potassium chloride;0.0077519379845
105;104 Silicon tetracarbide;0.0077519379845
106;105 Ethyl Cyanide;0.0077519379845
107;106 Cyanamide;0.0077519379845
108;107 Amidogen;0.0077519379845
109;108 Formyl Radical;0.0077519379845
110;109 Vinyl Alcohol;0.0077519379845
111;110 ortho-Oxidaniumyl;0.0077519379845
112;111 Cyanoethynylide ion;0.0077519379845
113;112 Oxoethenylidene;0.0077519379845
114;113 2-Butynenitrile;0.0077519379845
115;114 3-Silanetetrayl-1,2-Propadienyli;0.0077519379845
116;115 Cyanoethynyl;0.0077519379845
117;116 3-Cyano-1,2-propadienylidene;0.0077519379845
118;117 Acetylene;0.0077519379845
119;118 Hydroxymethylium ion;0.0077519379845
120;119 Methyl formate vt01;0.0077519379845
121;120 Thioformaldehyde;0.0077519379845
122;121 Isothiocyanic acid;0.0077519379845
123;122 Butyronitrile;0.0077519379845
124;123 Cyanic acid;0.0077519379845
