1;56 Methylidyne;0.128472222222
2;43 Aminoacetonitrile;0.0243055555556
3;0 Dimethyl ether;0.00694444444444
4;1 Butatrienylidene;0.00694444444444
5;2 Nitrous Oxide;0.00694444444444
6;3 Methyl Acetylene;0.00694444444444
7;4 2,4,6-Heptatriynenitrile;0.00694444444444
8;5 2,4-Pentadiynylidyne;0.00694444444444
9;6 Ethylene Glycol;0.00694444444444
10;7 Methyl Cyanide;0.00694444444444
11;8 Thioformylium;0.00694444444444
12;9 para-Oxidaniumyl;0.00694444444444
13;10 Hydrogen Cyanide;0.00694444444444
14;11 Cyanide Radical;0.00694444444444
15;12 Formic Acid;0.00694444444444
16;13 Nitric sulfide;0.00694444444444
17;14 Iminomethylium;0.00694444444444
18;15 Nitrosyl hydride;0.00694444444444
19;16 Propynylidynium;0.00694444444444
20;17 Magnesium Cyanide;0.00694444444444
21;18 1,3-Butadiynyl anion;0.00694444444444
22;19 Diazenylium;0.00694444444444
23;20 Methylamine;0.00694444444444
24;21 Chloronium;0.00694444444444
25;22 Phosphorus Monoxide;0.00694444444444
26;23 Silicon monosulfide;0.00694444444444
27;24 Cyclopropenone;0.00694444444444
28;25 Carbon Monoxide Ion;0.00694444444444
29;26 Sodium Cyanide;0.00694444444444
30;27 Nitric oxide;0.00694444444444
31;28 3-Thioxo-1,2-Propadieylidene;0.00694444444444
32;29 Silicon Cyanide;0.00694444444444
33;30 Ethyne Isocyanide;0.00694444444444
34;31 Sodium Chloride;0.00694444444444
35;32 Cyanoacetylene;0.00694444444444
36;33 Sulfur Monoxide;0.00694444444444
37;34 Aluminum Isocyanitrile;0.00694444444444
38;35 Cyanobutadiyne;0.00694444444444
39;36 Carbon Monoxide;0.00694444444444
40;37 Silicon Mononitride;0.00694444444444
41;38 Propadienylidene;0.00694444444444
42;39 Methanimine;0.00694444444444
43;40 Aluminum Monofluoride;0.00694444444444
44;41 Formamide;0.00694444444444
45;42 1,3,5,7-Octatetraynyl anion;0.00694444444444
46;44 Ammonia;0.00694444444444
47;45 gauche-Ethanol;0.00694444444444
48;46 Protonate 2-proynenitrile;0.00694444444444
49;47 Carbonyl Sulfide;0.00694444444444
50;48 Thioxoethenylidene;0.00694444444444
51;49 Water;0.00694444444444
52;50 Methyl Formate;0.00694444444444
53;51 Acetaldehyde;0.00694444444444
54;52 Ketenimine;0.00694444444444
55;53 Propenal;0.00694444444444
56;54 Methyl isocyanide;0.00694444444444
57;55 Protonated Carbon Dioxide;0.00694444444444
58;57 Ketene;0.00694444444444
59;58 4-Cyano-1,3-Butadiynyl;0.00694444444444
60;59 Silicon Monoxide;0.00694444444444
61;60 Acetone;0.00694444444444
62;61 3-Imino-1,2 Propadienylidene;0.00694444444444
63;62 Vinyl Cyanide;0.00694444444444
64;63 Cyclopropenylidene;0.00694444444444
65;64 2,4,6-Heptatriynylidyne;0.00694444444444
66;65 Magnesium Isocyanide;0.00694444444444
67;66 Formaldehyde;0.00694444444444
68;67 Cyanobutadiynylide anion;0.00694444444444
69;68 Fulminic acid;0.00694444444444
70;69 Carbon Monosulfide;0.00694444444444
71;70 1,3,5-Hexatriynyl;0.00694444444444
72;71 1,3-Butadiynyl radical;0.00694444444444
73;72 1,3,5-Hexatriynyl anion;0.00694444444444
74;73 Silicon monosulfide;0.00694444444444
75;74 Silicon Carbide;0.00694444444444
76;75 Formylium;0.00694444444444
77;76 Ethylene Oxide;0.00694444444444
78;77 Sulfur dioxide;0.00694444444444
79;78 Carbon Monophosphide;0.00694444444444
80;79 Sulfur Monoxide ion;0.00694444444444
81;80 Methanol;0.00694444444444
82;81 Sulfur Dioxide;0.00694444444444
83;82 Cyanoformaldehyde;0.00694444444444
84;83 Isocyanic Acid;0.00694444444444
85;84 Silicon Isocyanide;0.00694444444444
86;85 Silicon Monocarbide;0.00694444444444
87;86 Phosphaethyne;0.00694444444444
88;87 Carbon Monosulfide;0.00694444444444
89;88 Methylene amidogen;0.00694444444444
90;89 Aluminum Monochloride;0.00694444444444
91;90 3-Oxo-1,2-Propadienylidene;0.00694444444444
92;91 Cyanoallene;0.00694444444444
93;92 Methyl diacetylene;0.00694444444444
94;93 Cyanomethylene;0.00694444444444
95;94 Cyanomethyl;0.00694444444444
96;95 Phosphapropynylidyne;0.00694444444444
97;96 Hydrogen Isocyanide;0.00694444444444
98;97 Hydrogen sulfide;0.00694444444444
99;98 Hydroxyl;0.00694444444444
100;99 Glycolaldehyde;0.00694444444444
101;100 2-Propynal;0.00694444444444
102;101 Ethynyl;0.00694444444444
103;102 Phosphorous nitride;0.00694444444444
104;103 Potassium chloride;0.00694444444444
105;104 Silicon tetracarbide;0.00694444444444
106;105 Ethyl Cyanide;0.00694444444444
107;106 Cyanamide;0.00694444444444
108;107 Amidogen;0.00694444444444
109;108 Formyl Radical;0.00694444444444
110;109 Vinyl Alcohol;0.00694444444444
111;110 ortho-Oxidaniumyl;0.00694444444444
112;111 Cyanoethynylide ion;0.00694444444444
113;112 Oxoethenylidene;0.00694444444444
114;113 2-Butynenitrile;0.00694444444444
115;114 3-Silanetetrayl-1,2-Propadienyli;0.00694444444444
116;115 Cyanoethynyl;0.00694444444444
117;116 3-Cyano-1,2-propadienylidene;0.00694444444444
118;117 Acetylene;0.00694444444444
119;118 Hydroxymethylium ion;0.00694444444444
120;119 Methyl formate vt01;0.00694444444444
121;120 Thioformaldehyde;0.00694444444444
122;121 Isothiocyanic acid;0.00694444444444
123;122 Butyronitrile;0.00694444444444
124;123 Cyanic acid;0.00694444444444
