1;15 Carbonyl Sulfide;0.5558333333333334
2;28 Hydrogen Isocyanide;0.030833333333333334
3;10 Formic Acid;0.022500000000000003
4;16 Hydroxyl;0.022500000000000003
5;0 Methylidyne;0.014166666666666666
6;1 Formaldehyde;0.014166666666666666
7;2 Sulfur dioxide;0.014166666666666666
8;3 Carbon Monoxide;0.014166666666666666
9;4 Acetaldehyde;0.014166666666666666
10;5 Water;0.014166666666666666
11;6 Imidogen;0.014166666666666666
12;7 Carbon Monoxide Ion;0.014166666666666666
13;8 Nitric sulfide;0.014166666666666666
14;9 Isocyanic Acid;0.014166666666666666
15;11 Amidogen;0.014166666666666666
16;12 Ethylene Glycol;0.014166666666666666
17;13 Methyliumylidene;0.014166666666666666
18;14 Cyanide Radical;0.014166666666666666
19;17 Nitric oxide;0.014166666666666666
20;18 Methyl Cyanide;0.014166666666666666
21;19 Cyclopropenylidene;0.014166666666666666
22;20 Sulfur Monoxide ion;0.014166666666666666
23;21 Methanol;0.014166666666666666
24;22 Thioformaldehyde;0.014166666666666666
25;23 Ammonia;0.014166666666666666
26;24 Cyanoacetylene;0.014166666666666666
27;25 Hydrogen Cyanide;0.014166666666666666
28;26 Hydrogen sulfide;0.014166666666666666
29;27 Molecular oxygen;0.014166666666666666
30;29 Formylium;0.014166666666666666
