1;29 Formylium;0.35063291139240504
2;11 Amidogen;0.03417721518987342
3;15 Carbonyl Sulfide;0.03417721518987342
4;0 Methylidyne;0.021518987341772152
5;1 Formaldehyde;0.021518987341772152
6;2 Sulfur dioxide;0.021518987341772152
7;3 Carbon Monoxide;0.021518987341772152
8;4 Acetaldehyde;0.021518987341772152
9;5 Water;0.021518987341772152
10;6 Imidogen;0.021518987341772152
11;7 Carbon Monoxide Ion;0.021518987341772152
12;8 Nitric sulfide;0.021518987341772152
13;9 Isocyanic Acid;0.021518987341772152
14;10 Formic Acid;0.021518987341772152
15;12 Ethylene Glycol;0.021518987341772152
16;13 Methyliumylidene;0.021518987341772152
17;14 Cyanide Radical;0.021518987341772152
18;16 Hydroxyl;0.021518987341772152
19;17 Nitric oxide;0.021518987341772152
20;18 Methyl Cyanide;0.021518987341772152
21;19 Cyclopropenylidene;0.021518987341772152
22;20 Sulfur Monoxide ion;0.021518987341772152
23;21 Methanol;0.021518987341772152
24;22 Thioformaldehyde;0.021518987341772152
25;23 Ammonia;0.021518987341772152
26;24 Cyanoacetylene;0.021518987341772152
27;25 Hydrogen Cyanide;0.021518987341772152
28;26 Hydrogen sulfide;0.021518987341772152
29;27 Molecular oxygen;0.021518987341772152
30;28 Hydrogen Isocyanide;0.021518987341772152
