1;12 Carbonyl Sulfide;0.5875
2;4 Sodium Chloride;0.029166666666666667
3;17 Hydrochloric acid;0.029166666666666667
4;0 Methanol;0.020833333333333332
5;1 Hydrogen fluoride;0.020833333333333332
6;2 Nitric oxide;0.020833333333333332
7;3 Formylium;0.020833333333333332
8;5 Sulfur dioxide;0.020833333333333332
9;6 para-Oxidaniumyl;0.020833333333333332
10;7 Sulfur Monoxide;0.020833333333333332
11;8 Butatrienylidene;0.020833333333333332
12;9 Carbon Monoxide;0.020833333333333332
13;10 Nitrous Oxide;0.020833333333333332
14;11 Cyanoacetylene;0.020833333333333332
15;13 Molecular oxygen;0.020833333333333332
16;14 ortho-Oxidaniumyl;0.020833333333333332
17;15 Water;0.020833333333333332
18;16 Iminomethylium;0.020833333333333332
19;18 Acetylene;0.020833333333333332
20;19 Hydrogen Cyanide;0.020833333333333332
