1;93 Isocyanic Acid;0.580163043478261
2;11 Hydrogen Cyanide;0.016304347826086956
3;39 Cyanobutadiyne;0.009510869565217392
4;47 1,3,5,7-Octatetraynyl anion;0.009510869565217392
5;64 Methylidyne;0.009510869565217392
6;80 3-Silanetetrayl-1,2-Propadienylidene;0.009510869565217392
7;92 Cyanoformaldehyde;0.009510869565217392
8;113 Magnesium hydride isocyanide;0.009510869565217392
9;131 Methyl formate, v<sub>t</sub> = 0, 1;0.009510869565217392
10;0 Dimethyl ether;0.0027173913043478264
11;1 Butatrienylidene;0.0027173913043478264
12;2 Trihydrogen ion;0.0027173913043478264
13;3 Nitrous Oxide;0.0027173913043478264
14;4 Methyl Acetylene;0.0027173913043478264
15;5 2,4,6-Heptatriynenitrile;0.0027173913043478264
16;6 Ethylene Glycol;0.0027173913043478264
17;7 2,4-Pentadiynylidyne;0.0027173913043478264
18;8 Methyl Cyanide;0.0027173913043478264
19;9 Thioformylium;0.0027173913043478264
20;10 para-Oxidaniumyl;0.0027173913043478264
21;12 Titanium monoxide;0.0027173913043478264
22;13 Cyanide Radical;0.0027173913043478264
23;14 Formic Acid;0.0027173913043478264
24;15 Nitric sulfide;0.0027173913043478264
25;16 Iminomethylium;0.0027173913043478264
26;17 Aluminum monoxide;0.0027173913043478264
27;18 Methyl isocyanate;0.0027173913043478264
28;19 Nitrosyl hydride;0.0027173913043478264
29;20 Propynylidynium;0.0027173913043478264
30;21 Magnesium Cyanide;0.0027173913043478264
31;22 1,3-Butadiynyl anion;0.0027173913043478264
32;23 Diazenylium;0.0027173913043478264
33;24 Methylamine;0.0027173913043478264
34;25 Chloronium;0.0027173913043478264
35;26 Silicon monosulfide;0.0027173913043478264
36;27 Phosphorus Monoxide;0.0027173913043478264
37;28 Cyclopropenone;0.0027173913043478264
38;29 Carbon Monoxide Ion;0.0027173913043478264
39;30 Sodium Cyanide;0.0027173913043478264
40;31 Nitric oxide;0.0027173913043478264
41;32 3-Thioxo-1,2-Propadieylidene;0.0027173913043478264
42;33 Silicon Cyanide;0.0027173913043478264
43;34 Ethyne Isocyanide;0.0027173913043478264
44;35 Sodium Chloride;0.0027173913043478264
45;36 Cyanoacetylene;0.0027173913043478264
46;37 Sulfur Monoxide;0.0027173913043478264
47;38 Aluminum Isocyanitrile;0.0027173913043478264
48;40 Potassium cyanide, potassium isocyanide;0.0027173913043478264
49;41 Silicon Mononitride;0.0027173913043478264
50;42 Carbon Monoxide;0.0027173913043478264
51;43 Propadienylidene;0.0027173913043478264
52;44 Methanimine;0.0027173913043478264
53;45 Aluminum Monofluoride;0.0027173913043478264
54;46 Formamide;0.0027173913043478264
55;48 Aminoacetonitrile;0.0027173913043478264
56;49 Ammonia;0.0027173913043478264
57;50 gauche-Ethanol;0.0027173913043478264
58;51 Protonate 2-proynenitrile;0.0027173913043478264
59;52 Carbonyl Sulfide;0.0027173913043478264
60;53 Thioxoethenylidene;0.0027173913043478264
61;54 Ethyl cyanide;0.0027173913043478264
62;55 Water;0.0027173913043478264
63;56 Methyl Formate;0.0027173913043478264
64;57 Acetaldehyde;0.0027173913043478264
65;58 Ketenimine;0.0027173913043478264
66;59 Propenal;0.0027173913043478264
67;60 Methyl isocyanide;0.0027173913043478264
68;61 iso-propyl cyanide;0.0027173913043478264
69;62 Hydrogen cyanide;0.0027173913043478264
70;63 Protonated Carbon Dioxide;0.0027173913043478264
71;65 Ketene;0.0027173913043478264
72;66 4-Cyano-1,3-Butadiynyl;0.0027173913043478264
73;67 Silicon Monoxide;0.0027173913043478264
74;68 Acetone;0.0027173913043478264
75;69 Vinyl Cyanide;0.0027173913043478264
76;70 3-Imino-1,2 Propadienylidene;0.0027173913043478264
77;71 Silicon monoxide (global fit);0.0027173913043478264
78;72 Cyclopropenylidene;0.0027173913043478264
79;73 Magnesium Isocyanide;0.0027173913043478264
80;74 2,4,6-Heptatriynylidyne;0.0027173913043478264
81;75 Cyanobutadiynylide anion;0.0027173913043478264
82;76 Formaldehyde;0.0027173913043478264
83;77 Carbon Monosulfide;0.0027173913043478264
84;78 Fulminic acid;0.0027173913043478264
85;79 1,3,5-Hexatriynyl;0.0027173913043478264
86;81 1,3-Butadiynyl radical;0.0027173913043478264
87;82 trans-Ethanol;0.0027173913043478264
88;83 Silicon Carbide;0.0027173913043478264
89;84 1,3,5-Hexatriynyl anion;0.0027173913043478264
90;85 Formylium;0.0027173913043478264
91;86 Ethylene Oxide;0.0027173913043478264
92;87 Sulfur dioxide;0.0027173913043478264
93;88 Carbon Monophosphide;0.0027173913043478264
94;89 Sulfur Monoxide ion;0.0027173913043478264
95;90 Methanol;0.0027173913043478264
96;91 Sulfur Dioxide;0.0027173913043478264
97;94 Silicon Isocyanide;0.0027173913043478264
98;95 Methylene amidogen;0.0027173913043478264
99;96 Silicon Monocarbide;0.0027173913043478264
100;97 Phosphaethyne;0.0027173913043478264
101;98 Aluminum Monochloride;0.0027173913043478264
102;99 Cyanoallene;0.0027173913043478264
103;100 3-Oxo-1,2-Propadienylidene;0.0027173913043478264
104;101 Methyl diacetylene;0.0027173913043478264
105;102 Cyanomethylene;0.0027173913043478264
106;103 Phosphapropynylidyne;0.0027173913043478264
107;104 Cyanomethyl;0.0027173913043478264
108;105 Hydrogen Isocyanide;0.0027173913043478264
109;106 Hydrogen sulfide;0.0027173913043478264
110;107 Hydroxyl;0.0027173913043478264
111;108 Glycolaldehyde;0.0027173913043478264
112;109 Cyanide anion;0.0027173913043478264
113;110 2-Propynal;0.0027173913043478264
114;111 Ethynyl;0.0027173913043478264
115;112 Phosphorous nitride;0.0027173913043478264
116;114 Potassium chloride;0.0027173913043478264
117;115 Silicon tetracarbide;0.0027173913043478264
118;116 Ethyl Cyanide;0.0027173913043478264
119;117 Cyanamide;0.0027173913043478264
120;118 Amidogen;0.0027173913043478264
121;119 Hydroxymethylidyne;0.0027173913043478264
122;120 Formyl Radical;0.0027173913043478264
123;121 Vinyl Alcohol;0.0027173913043478264
124;122 ortho-Oxidaniumyl;0.0027173913043478264
125;123 Cyanoethynylide ion;0.0027173913043478264
126;124 Oxoethenylidene;0.0027173913043478264
127;125 2-Butynenitrile;0.0027173913043478264
128;126 Cyanoethynyl;0.0027173913043478264
129;127 3-Cyano-1,2-propadienylidene;0.0027173913043478264
130;128 Hydroxymethylium ion;0.0027173913043478264
131;129 Thioformaldehyde;0.0027173913043478264
132;130 Isothiocyanic acid;0.0027173913043478264
133;132 Cyanic acid;0.0027173913043478264
