1;132 Cyanic acid;0.07377049180327869
2;32 3-Thioxo-1,2-Propadieylidene;0.06010928961748634
3;58 Ketenimine;0.046448087431693985
4;71 Silicon monoxide (global fit);0.032786885245901634
5;36 Cyanoacetylene;0.019125683060109287
6;50 gauche-Ethanol;0.019125683060109287
7;89 Sulfur Monoxide ion;0.019125683060109287
8;105 Hydrogen Isocyanide;0.019125683060109287
9;106 Hydrogen sulfide;0.019125683060109287
10;125 2-Butynenitrile;0.019125683060109287
11;0 Dimethyl ether;0.00546448087431694
12;1 Butatrienylidene;0.00546448087431694
13;2 Trihydrogen ion;0.00546448087431694
14;3 Nitrous Oxide;0.00546448087431694
15;4 Methyl Acetylene;0.00546448087431694
16;5 2,4,6-Heptatriynenitrile;0.00546448087431694
17;6 Ethylene Glycol;0.00546448087431694
18;7 2,4-Pentadiynylidyne;0.00546448087431694
19;8 Methyl Cyanide;0.00546448087431694
20;9 Thioformylium;0.00546448087431694
21;10 para-Oxidaniumyl;0.00546448087431694
22;11 Hydrogen Cyanide;0.00546448087431694
23;12 Titanium monoxide;0.00546448087431694
24;13 Cyanide Radical;0.00546448087431694
25;14 Formic Acid;0.00546448087431694
26;15 Nitric sulfide;0.00546448087431694
27;16 Iminomethylium;0.00546448087431694
28;17 Aluminum monoxide;0.00546448087431694
29;18 Methyl isocyanate;0.00546448087431694
30;19 Nitrosyl hydride;0.00546448087431694
31;20 Propynylidynium;0.00546448087431694
32;21 Magnesium Cyanide;0.00546448087431694
33;22 1,3-Butadiynyl anion;0.00546448087431694
34;23 Diazenylium;0.00546448087431694
35;24 Methylamine;0.00546448087431694
36;25 Chloronium;0.00546448087431694
37;26 Silicon monosulfide;0.00546448087431694
38;27 Phosphorus Monoxide;0.00546448087431694
39;28 Cyclopropenone;0.00546448087431694
40;29 Carbon Monoxide Ion;0.00546448087431694
41;30 Sodium Cyanide;0.00546448087431694
42;31 Nitric oxide;0.00546448087431694
43;33 Silicon Cyanide;0.00546448087431694
44;34 Ethyne Isocyanide;0.00546448087431694
45;35 Sodium Chloride;0.00546448087431694
46;37 Sulfur Monoxide;0.00546448087431694
47;38 Aluminum Isocyanitrile;0.00546448087431694
48;39 Cyanobutadiyne;0.00546448087431694
49;40 Potassium cyanide, potassium isocyanide;0.00546448087431694
50;41 Silicon Mononitride;0.00546448087431694
51;42 Carbon Monoxide;0.00546448087431694
52;43 Propadienylidene;0.00546448087431694
53;44 Methanimine;0.00546448087431694
54;45 Aluminum Monofluoride;0.00546448087431694
55;46 Formamide;0.00546448087431694
56;47 1,3,5,7-Octatetraynyl anion;0.00546448087431694
57;48 Aminoacetonitrile;0.00546448087431694
58;49 Ammonia;0.00546448087431694
59;51 Protonate 2-proynenitrile;0.00546448087431694
60;52 Carbonyl Sulfide;0.00546448087431694
61;53 Thioxoethenylidene;0.00546448087431694
62;54 Ethyl cyanide;0.00546448087431694
63;55 Water;0.00546448087431694
64;56 Methyl Formate;0.00546448087431694
65;57 Acetaldehyde;0.00546448087431694
66;59 Propenal;0.00546448087431694
67;60 Methyl isocyanide;0.00546448087431694
68;61 iso-propyl cyanide;0.00546448087431694
69;62 Hydrogen cyanide;0.00546448087431694
70;63 Protonated Carbon Dioxide;0.00546448087431694
71;64 Methylidyne;0.00546448087431694
72;65 Ketene;0.00546448087431694
73;66 4-Cyano-1,3-Butadiynyl;0.00546448087431694
74;67 Silicon Monoxide;0.00546448087431694
75;68 Acetone;0.00546448087431694
76;69 Vinyl Cyanide;0.00546448087431694
77;70 3-Imino-1,2 Propadienylidene;0.00546448087431694
78;72 Cyclopropenylidene;0.00546448087431694
79;73 Magnesium Isocyanide;0.00546448087431694
80;74 2,4,6-Heptatriynylidyne;0.00546448087431694
81;75 Cyanobutadiynylide anion;0.00546448087431694
82;76 Formaldehyde;0.00546448087431694
83;77 Carbon Monosulfide;0.00546448087431694
84;78 Fulminic acid;0.00546448087431694
85;79 1,3,5-Hexatriynyl;0.00546448087431694
86;80 3-Silanetetrayl-1,2-Propadienylidene;0.00546448087431694
87;81 1,3-Butadiynyl radical;0.00546448087431694
88;82 trans-Ethanol;0.00546448087431694
89;83 Silicon Carbide;0.00546448087431694
90;84 1,3,5-Hexatriynyl anion;0.00546448087431694
91;85 Formylium;0.00546448087431694
92;86 Ethylene Oxide;0.00546448087431694
93;87 Sulfur dioxide;0.00546448087431694
94;88 Carbon Monophosphide;0.00546448087431694
95;90 Methanol;0.00546448087431694
96;91 Sulfur Dioxide;0.00546448087431694
97;92 Cyanoformaldehyde;0.00546448087431694
98;93 Isocyanic Acid;0.00546448087431694
99;94 Silicon Isocyanide;0.00546448087431694
100;95 Methylene amidogen;0.00546448087431694
101;96 Silicon Monocarbide;0.00546448087431694
102;97 Phosphaethyne;0.00546448087431694
103;98 Aluminum Monochloride;0.00546448087431694
104;99 Cyanoallene;0.00546448087431694
105;100 3-Oxo-1,2-Propadienylidene;0.00546448087431694
106;101 Methyl diacetylene;0.00546448087431694
107;102 Cyanomethylene;0.00546448087431694
108;103 Phosphapropynylidyne;0.00546448087431694
109;104 Cyanomethyl;0.00546448087431694
110;107 Hydroxyl;0.00546448087431694
111;108 Glycolaldehyde;0.00546448087431694
112;109 Cyanide anion;0.00546448087431694
113;110 2-Propynal;0.00546448087431694
114;111 Ethynyl;0.00546448087431694
115;112 Phosphorous nitride;0.00546448087431694
116;113 Magnesium hydride isocyanide;0.00546448087431694
117;114 Potassium chloride;0.00546448087431694
118;115 Silicon tetracarbide;0.00546448087431694
119;116 Ethyl Cyanide;0.00546448087431694
120;117 Cyanamide;0.00546448087431694
121;118 Amidogen;0.00546448087431694
122;119 Hydroxymethylidyne;0.00546448087431694
123;120 Formyl Radical;0.00546448087431694
124;121 Vinyl Alcohol;0.00546448087431694
125;122 ortho-Oxidaniumyl;0.00546448087431694
126;123 Cyanoethynylide ion;0.00546448087431694
127;124 Oxoethenylidene;0.00546448087431694
128;126 Cyanoethynyl;0.00546448087431694
129;127 3-Cyano-1,2-propadienylidene;0.00546448087431694
130;128 Hydroxymethylium ion;0.00546448087431694
131;129 Thioformaldehyde;0.00546448087431694
132;130 Isothiocyanic acid;0.00546448087431694
133;131 Methyl formate, v<sub>t</sub> = 0, 1;0.00546448087431694
