1;1 Hydrogen fluoride;0.4152046783625731
2;0 Methanol;0.029239766081871343
3;2 Nitric oxide;0.029239766081871343
4;3 Formylium;0.029239766081871343
5;4 Sodium Chloride;0.029239766081871343
6;5 Sulfur dioxide;0.029239766081871343
7;6 para-Oxidaniumyl;0.029239766081871343
8;7 Sulfur Monoxide;0.029239766081871343
9;8 Butatrienylidene;0.029239766081871343
10;9 Carbon Monoxide;0.029239766081871343
11;10 Nitrous Oxide;0.029239766081871343
12;11 Cyanoacetylene;0.029239766081871343
13;12 Carbonyl Sulfide;0.029239766081871343
14;13 Molecular oxygen;0.029239766081871343
15;14 ortho-Oxidaniumyl;0.029239766081871343
16;15 Water;0.029239766081871343
17;16 Iminomethylium;0.029239766081871343
18;17 Hydrochloric acid;0.029239766081871343
19;18 Acetylene;0.029239766081871343
20;19 Hydrogen Cyanide;0.029239766081871343
