1;9 Methyliumylidene;0.8066298342541437
2;0 Methylidyne;0.0055248618784530384
3;1 1,3-Butadiynyl radical;0.0055248618784530384
4;2 Formaldehyde;0.0055248618784530384
5;3 Sulfur dioxide;0.0055248618784530384
6;4 Carbon Monoxide;0.0055248618784530384
7;5 Water;0.0055248618784530384
8;6 Carbon Monoxide Ion;0.0055248618784530384
9;7 Nitric sulfide;0.0055248618784530384
10;8 Isocyanic Acid;0.0055248618784530384
11;10 Cyanide Radical;0.0055248618784530384
12;11 Ethynyl;0.0055248618784530384
13;12 Carbonyl Sulfide;0.0055248618784530384
14;13 Hydroxyl;0.0055248618784530384
15;14 Diazenylium;0.0055248618784530384
16;15 Thioxoethenylidene;0.0055248618784530384
17;16 Nitric oxide;0.0055248618784530384
18;17 Methyl Cyanide;0.0055248618784530384
19;18 Cyclopropenylidene;0.0055248618784530384
20;19 Methanimine;0.0055248618784530384
21;20 Methanol;0.0055248618784530384
22;21 Thioformaldehyde;0.0055248618784530384
23;22 Ammonia;0.0055248618784530384
24;23 Cyanamide;0.0055248618784530384
25;24 Cyanoacetylene;0.0055248618784530384
26;25 Sodium Chloride;0.0055248618784530384
27;26 Silicon Monoxide;0.0055248618784530384
28;27 Sulfur Monoxide;0.0055248618784530384
29;28 Protonated Carbon Dioxide;0.0055248618784530384
30;29 Hydrogen Cyanide;0.0055248618784530384
31;30 Carbon Monosulfide;0.0055248618784530384
32;31 Hydrogen sulfide;0.0055248618784530384
33;32 Molecular oxygen;0.0055248618784530384
34;33 Hydrogen Isocyanide;0.0055248618784530384
35;34 Formylium;0.0055248618784530384
36;35 Methyl Acetylene;0.0055248618784530384
