TWHydra_CO3_2line.image;model_extragalactic_tr_500it;1;9 Methyliumylidene;0.7019464720194647
TWHydra_CO3_2line.image;model_extragalactic_tr_500it;2;0 Methylidyne;0.00851581508515815
TWHydra_CO3_2line.image;model_extragalactic_tr_500it;3;1 1,3-Butadiynyl radical;0.00851581508515815
TWHydra_CO3_2line.image;model_extragalactic_tr_500it;4;2 Formaldehyde;0.00851581508515815
TWHydra_CO3_2line.image;model_extragalactic_tr_500it;5;3 Sulfur dioxide;0.00851581508515815
Orion.HNC.cbc.contsub.image;model_extragalactic_tr_500it;1;26 Silicon Monoxide;0.8811833171677983
Orion.HNC.cbc.contsub.image;model_extragalactic_tr_500it;2;0 Methylidyne;0.0033947623666343357
Orion.HNC.cbc.contsub.image;model_extragalactic_tr_500it;3;1 1,3-Butadiynyl radical;0.0033947623666343357
Orion.HNC.cbc.contsub.image;model_extragalactic_tr_500it;4;2 Formaldehyde;0.0033947623666343357
Orion.HNC.cbc.contsub.image;model_extragalactic_tr_500it;5;3 Sulfur dioxide;0.0033947623666343357
HD163296_CO_2_1.image;model_extragalactic_tr_500it;1;9 Methyliumylidene;0.8066298342541437
HD163296_CO_2_1.image;model_extragalactic_tr_500it;2;0 Methylidyne;0.0055248618784530384
HD163296_CO_2_1.image;model_extragalactic_tr_500it;3;1 1,3-Butadiynyl radical;0.0055248618784530384
HD163296_CO_2_1.image;model_extragalactic_tr_500it;4;2 Formaldehyde;0.0055248618784530384
HD163296_CO_2_1.image;model_extragalactic_tr_500it;5;3 Sulfur dioxide;0.0055248618784530384
uid___A002_Xa916fc_X668__IRS43_HCO32.final.image.pbcor;model_extragalactic_tr_500it;1;9 Methyliumylidene;0.9427168576104746
uid___A002_Xa916fc_X668__IRS43_HCO32.final.image.pbcor;model_extragalactic_tr_500it;2;0 Methylidyne;0.001636661211129296
uid___A002_Xa916fc_X668__IRS43_HCO32.final.image.pbcor;model_extragalactic_tr_500it;3;1 1,3-Butadiynyl radical;0.001636661211129296
uid___A002_Xa916fc_X668__IRS43_HCO32.final.image.pbcor;model_extragalactic_tr_500it;4;2 Formaldehyde;0.001636661211129296
uid___A002_Xa916fc_X668__IRS43_HCO32.final.image.pbcor;model_extragalactic_tr_500it;5;3 Sulfur dioxide;0.001636661211129296
TWHydra_HCOplusline.image;model_extragalactic_tr_500it;1;9 Methyliumylidene;0.7019464720194647
TWHydra_HCOplusline.image;model_extragalactic_tr_500it;2;0 Methylidyne;0.00851581508515815
TWHydra_HCOplusline.image;model_extragalactic_tr_500it;3;1 1,3-Butadiynyl radical;0.00851581508515815
TWHydra_HCOplusline.image;model_extragalactic_tr_500it;4;2 Formaldehyde;0.00851581508515815
TWHydra_HCOplusline.image;model_extragalactic_tr_500it;5;3 Sulfur dioxide;0.00851581508515815
Orion.methanol.cbc.contsub.image;model_extragalactic_tr_500it;1;26 Silicon Monoxide;0.744114636642784
Orion.methanol.cbc.contsub.image;model_extragalactic_tr_500it;2;20 Methanol;0.012282497441146366
Orion.methanol.cbc.contsub.image;model_extragalactic_tr_500it;3;0 Methylidyne;0.007164790174002046
Orion.methanol.cbc.contsub.image;model_extragalactic_tr_500it;4;1 1,3-Butadiynyl radical;0.007164790174002046
Orion.methanol.cbc.contsub.image;model_extragalactic_tr_500it;5;2 Formaldehyde;0.007164790174002046
DMTau.CS_5-4.image;model_extragalactic_tr_500it;1;9 Methyliumylidene;0.8782306163021869
DMTau.CS_5-4.image;model_extragalactic_tr_500it;2;0 Methylidyne;0.0034791252485089465
DMTau.CS_5-4.image;model_extragalactic_tr_500it;3;1 1,3-Butadiynyl radical;0.0034791252485089465
DMTau.CS_5-4.image;model_extragalactic_tr_500it;4;2 Formaldehyde;0.0034791252485089465
DMTau.CS_5-4.image;model_extragalactic_tr_500it;5;3 Sulfur dioxide;0.0034791252485089465
