1;47 Thioxoethenylidene;0.8092986603624901
2;96 2-Propynal;0.009456264775413711
3;0 Dimethyl ether;0.0015760441292356187
4;1 Butatrienylidene;0.0015760441292356187
5;2 Trihydrogen ion;0.0015760441292356187
6;3 Nitrous Oxide;0.0015760441292356187
7;4 Methyl Acetylene;0.0015760441292356187
8;5 Ethylene Glycol;0.0015760441292356187
9;6 Methyl Cyanide;0.0015760441292356187
10;7 Thioformylium;0.0015760441292356187
11;8 para-Oxidaniumyl;0.0015760441292356187
12;9 Hydrogen Cyanide;0.0015760441292356187
13;10 Titanium monoxide;0.0015760441292356187
14;11 Cyanide Radical;0.0015760441292356187
15;12 Formic Acid;0.0015760441292356187
16;13 Nitric sulfide;0.0015760441292356187
17;14 Iminomethylium;0.0015760441292356187
18;15 Aluminum monoxide;0.0015760441292356187
19;16 Methyl isocyanate;0.0015760441292356187
20;17 Nitrosyl hydride;0.0015760441292356187
21;18 Propynylidynium;0.0015760441292356187
22;19 Magnesium Cyanide;0.0015760441292356187
23;20 Diazenylium;0.0015760441292356187
24;21 Methylamine;0.0015760441292356187
25;22 Chloronium;0.0015760441292356187
26;23 Silicon monosulfide;0.0015760441292356187
27;24 Phosphorus Monoxide;0.0015760441292356187
28;25 Cyclopropenone;0.0015760441292356187
29;26 Carbon Monoxide Ion;0.0015760441292356187
30;27 Sodium Cyanide;0.0015760441292356187
31;28 Nitric oxide;0.0015760441292356187
32;29 Silicon Cyanide;0.0015760441292356187
33;30 Ethyne Isocyanide;0.0015760441292356187
34;31 Sodium Chloride;0.0015760441292356187
35;32 Cyanoacetylene;0.0015760441292356187
36;33 Sulfur Monoxide;0.0015760441292356187
37;34 Aluminum Isocyanitrile;0.0015760441292356187
38;35 Cyanobutadiyne;0.0015760441292356187
39;36 Silicon Mononitride;0.0015760441292356187
40;37 Carbon Monoxide;0.0015760441292356187
41;38 Propadienylidene;0.0015760441292356187
42;39 Methanimine;0.0015760441292356187
43;40 Aluminum Monofluoride;0.0015760441292356187
44;41 Formamide;0.0015760441292356187
45;42 Aminoacetonitrile;0.0015760441292356187
46;43 Ammonia;0.0015760441292356187
47;44 gauche-Ethanol;0.0015760441292356187
48;45 Protonate 2-proynenitrile;0.0015760441292356187
49;46 Carbonyl Sulfide;0.0015760441292356187
50;48 Ethyl cyanide;0.0015760441292356187
51;49 Water;0.0015760441292356187
52;50 Methyl Formate;0.0015760441292356187
53;51 Acetaldehyde;0.0015760441292356187
54;52 Ketenimine;0.0015760441292356187
55;53 Propenal;0.0015760441292356187
56;54 Methyl isocyanide;0.0015760441292356187
57;55 iso-propyl cyanide;0.0015760441292356187
58;56 Hydrogen cyanide;0.0015760441292356187
59;57 Protonated Carbon Dioxide;0.0015760441292356187
60;58 Methylidyne;0.0015760441292356187
61;59 Ketene;0.0015760441292356187
62;60 Silicon Monoxide;0.0015760441292356187
63;61 Acetone;0.0015760441292356187
64;62 Vinyl Cyanide;0.0015760441292356187
65;63 Silicon monoxide (global fit);0.0015760441292356187
66;64 Cyclopropenylidene;0.0015760441292356187
67;65 Magnesium Isocyanide;0.0015760441292356187
68;66 Cyanobutadiynylide anion;0.0015760441292356187
69;67 Formaldehyde;0.0015760441292356187
70;68 Carbon Monosulfide;0.0015760441292356187
71;69 Fulminic acid;0.0015760441292356187
72;70 trans-Ethanol;0.0015760441292356187
73;71 Silicon Carbide;0.0015760441292356187
74;72 Formylium;0.0015760441292356187
75;73 Ethylene Oxide;0.0015760441292356187
76;74 Sulfur dioxide;0.0015760441292356187
77;75 Carbon Monophosphide;0.0015760441292356187
78;76 Sulfur Monoxide ion;0.0015760441292356187
79;77 Methanol;0.0015760441292356187
80;78 Sulfur Dioxide;0.0015760441292356187
81;79 Cyanoformaldehyde;0.0015760441292356187
82;80 Isocyanic Acid;0.0015760441292356187
83;81 Silicon Isocyanide;0.0015760441292356187
84;82 Methylene amidogen;0.0015760441292356187
85;83 Silicon Monocarbide;0.0015760441292356187
86;84 Phosphaethyne;0.0015760441292356187
87;85 Aluminum Monochloride;0.0015760441292356187
88;86 Cyanoallene;0.0015760441292356187
89;87 Methyl diacetylene;0.0015760441292356187
90;88 Cyanomethylene;0.0015760441292356187
91;89 Phosphapropynylidyne;0.0015760441292356187
92;90 Cyanomethyl;0.0015760441292356187
93;91 Hydrogen Isocyanide;0.0015760441292356187
94;92 Hydrogen sulfide;0.0015760441292356187
95;93 Hydroxyl;0.0015760441292356187
96;94 Glycolaldehyde;0.0015760441292356187
97;95 Cyanide anion;0.0015760441292356187
98;97 Ethynyl;0.0015760441292356187
99;98 Phosphorous nitride;0.0015760441292356187
100;99 Magnesium hydride isocyanide;0.0015760441292356187
101;100 Potassium chloride;0.0015760441292356187
102;101 Silicon tetracarbide;0.0015760441292356187
103;102 Ethyl Cyanide;0.0015760441292356187
104;103 Cyanamide;0.0015760441292356187
105;104 Amidogen;0.0015760441292356187
106;105 Hydroxymethylidyne;0.0015760441292356187
107;106 Formyl Radical;0.0015760441292356187
108;107 Vinyl Alcohol;0.0015760441292356187
109;108 ortho-Oxidaniumyl;0.0015760441292356187
110;109 Cyanoethynylide ion;0.0015760441292356187
111;110 Oxoethenylidene;0.0015760441292356187
112;111 2-Butynenitrile;0.0015760441292356187
113;112 Cyanoethynyl;0.0015760441292356187
114;113 Hydroxymethylium ion;0.0015760441292356187
115;114 Thioformaldehyde;0.0015760441292356187
116;115 Isothiocyanic acid;0.0015760441292356187
117;116 Cyanic acid;0.0015760441292356187
