1;40 Aluminum Monofluoride;0.5581395348837208
2;39 Methanimine;0.01252236135957066
3;46 Carbonyl Sulfide;0.01252236135957066
4;116 Cyanic acid;0.01252236135957066
5;0 Dimethyl ether;0.0035778175313059034
6;1 Butatrienylidene;0.0035778175313059034
7;2 Trihydrogen ion;0.0035778175313059034
8;3 Nitrous Oxide;0.0035778175313059034
9;4 Methyl Acetylene;0.0035778175313059034
10;5 Ethylene Glycol;0.0035778175313059034
11;6 Methyl Cyanide;0.0035778175313059034
12;7 Thioformylium;0.0035778175313059034
13;8 para-Oxidaniumyl;0.0035778175313059034
14;9 Hydrogen Cyanide;0.0035778175313059034
15;10 Titanium monoxide;0.0035778175313059034
16;11 Cyanide Radical;0.0035778175313059034
17;12 Formic Acid;0.0035778175313059034
18;13 Nitric sulfide;0.0035778175313059034
19;14 Iminomethylium;0.0035778175313059034
20;15 Aluminum monoxide;0.0035778175313059034
21;16 Methyl isocyanate;0.0035778175313059034
22;17 Nitrosyl hydride;0.0035778175313059034
23;18 Propynylidynium;0.0035778175313059034
24;19 Magnesium Cyanide;0.0035778175313059034
25;20 Diazenylium;0.0035778175313059034
26;21 Methylamine;0.0035778175313059034
27;22 Chloronium;0.0035778175313059034
28;23 Silicon monosulfide;0.0035778175313059034
29;24 Phosphorus Monoxide;0.0035778175313059034
30;25 Cyclopropenone;0.0035778175313059034
31;26 Carbon Monoxide Ion;0.0035778175313059034
32;27 Sodium Cyanide;0.0035778175313059034
33;28 Nitric oxide;0.0035778175313059034
34;29 Silicon Cyanide;0.0035778175313059034
35;30 Ethyne Isocyanide;0.0035778175313059034
36;31 Sodium Chloride;0.0035778175313059034
37;32 Cyanoacetylene;0.0035778175313059034
38;33 Sulfur Monoxide;0.0035778175313059034
39;34 Aluminum Isocyanitrile;0.0035778175313059034
40;35 Cyanobutadiyne;0.0035778175313059034
41;36 Silicon Mononitride;0.0035778175313059034
42;37 Carbon Monoxide;0.0035778175313059034
43;38 Propadienylidene;0.0035778175313059034
44;41 Formamide;0.0035778175313059034
45;42 Aminoacetonitrile;0.0035778175313059034
46;43 Ammonia;0.0035778175313059034
47;44 gauche-Ethanol;0.0035778175313059034
48;45 Protonate 2-proynenitrile;0.0035778175313059034
49;47 Thioxoethenylidene;0.0035778175313059034
50;48 Ethyl cyanide;0.0035778175313059034
51;49 Water;0.0035778175313059034
52;50 Methyl Formate;0.0035778175313059034
53;51 Acetaldehyde;0.0035778175313059034
54;52 Ketenimine;0.0035778175313059034
55;53 Propenal;0.0035778175313059034
56;54 Methyl isocyanide;0.0035778175313059034
57;55 iso-propyl cyanide;0.0035778175313059034
58;56 Hydrogen cyanide;0.0035778175313059034
59;57 Protonated Carbon Dioxide;0.0035778175313059034
60;58 Methylidyne;0.0035778175313059034
61;59 Ketene;0.0035778175313059034
62;60 Silicon Monoxide;0.0035778175313059034
63;61 Acetone;0.0035778175313059034
64;62 Vinyl Cyanide;0.0035778175313059034
65;63 Silicon monoxide (global fit);0.0035778175313059034
66;64 Cyclopropenylidene;0.0035778175313059034
67;65 Magnesium Isocyanide;0.0035778175313059034
68;66 Cyanobutadiynylide anion;0.0035778175313059034
69;67 Formaldehyde;0.0035778175313059034
70;68 Carbon Monosulfide;0.0035778175313059034
71;69 Fulminic acid;0.0035778175313059034
72;70 trans-Ethanol;0.0035778175313059034
73;71 Silicon Carbide;0.0035778175313059034
74;72 Formylium;0.0035778175313059034
75;73 Ethylene Oxide;0.0035778175313059034
76;74 Sulfur dioxide;0.0035778175313059034
77;75 Carbon Monophosphide;0.0035778175313059034
78;76 Sulfur Monoxide ion;0.0035778175313059034
79;77 Methanol;0.0035778175313059034
80;78 Sulfur Dioxide;0.0035778175313059034
81;79 Cyanoformaldehyde;0.0035778175313059034
82;80 Isocyanic Acid;0.0035778175313059034
83;81 Silicon Isocyanide;0.0035778175313059034
84;82 Methylene amidogen;0.0035778175313059034
85;83 Silicon Monocarbide;0.0035778175313059034
86;84 Phosphaethyne;0.0035778175313059034
87;85 Aluminum Monochloride;0.0035778175313059034
88;86 Cyanoallene;0.0035778175313059034
89;87 Methyl diacetylene;0.0035778175313059034
90;88 Cyanomethylene;0.0035778175313059034
91;89 Phosphapropynylidyne;0.0035778175313059034
92;90 Cyanomethyl;0.0035778175313059034
93;91 Hydrogen Isocyanide;0.0035778175313059034
94;92 Hydrogen sulfide;0.0035778175313059034
95;93 Hydroxyl;0.0035778175313059034
96;94 Glycolaldehyde;0.0035778175313059034
97;95 Cyanide anion;0.0035778175313059034
98;96 2-Propynal;0.0035778175313059034
99;97 Ethynyl;0.0035778175313059034
100;98 Phosphorous nitride;0.0035778175313059034
101;99 Magnesium hydride isocyanide;0.0035778175313059034
102;100 Potassium chloride;0.0035778175313059034
103;101 Silicon tetracarbide;0.0035778175313059034
104;102 Ethyl Cyanide;0.0035778175313059034
105;103 Cyanamide;0.0035778175313059034
106;104 Amidogen;0.0035778175313059034
107;105 Hydroxymethylidyne;0.0035778175313059034
108;106 Formyl Radical;0.0035778175313059034
109;107 Vinyl Alcohol;0.0035778175313059034
110;108 ortho-Oxidaniumyl;0.0035778175313059034
111;109 Cyanoethynylide ion;0.0035778175313059034
112;110 Oxoethenylidene;0.0035778175313059034
113;111 2-Butynenitrile;0.0035778175313059034
114;112 Cyanoethynyl;0.0035778175313059034
115;113 Hydroxymethylium ion;0.0035778175313059034
116;114 Thioformaldehyde;0.0035778175313059034
117;115 Isothiocyanic acid;0.0035778175313059034
