1;3 Carbon Monoxide;0.0509433962264151
2;29 Formylium;0.0509433962264151
3;0 Methylidyne;0.03207547169811321
4;1 Formaldehyde;0.03207547169811321
5;2 Sulfur dioxide;0.03207547169811321
6;4 Acetaldehyde;0.03207547169811321
7;5 Water;0.03207547169811321
8;6 Imidogen;0.03207547169811321
9;7 Carbon Monoxide Ion;0.03207547169811321
10;8 Nitric sulfide;0.03207547169811321
11;9 Isocyanic Acid;0.03207547169811321
12;10 Formic Acid;0.03207547169811321
13;11 Amidogen;0.03207547169811321
14;12 Ethylene Glycol;0.03207547169811321
15;13 Methyliumylidene;0.03207547169811321
16;14 Cyanide Radical;0.03207547169811321
17;15 Carbonyl Sulfide;0.03207547169811321
18;16 Hydroxyl;0.03207547169811321
19;17 Nitric oxide;0.03207547169811321
20;18 Methyl Cyanide;0.03207547169811321
21;19 Cyclopropenylidene;0.03207547169811321
22;20 Sulfur Monoxide ion;0.03207547169811321
23;21 Methanol;0.03207547169811321
24;22 Thioformaldehyde;0.03207547169811321
25;23 Ammonia;0.03207547169811321
26;24 Cyanoacetylene;0.03207547169811321
27;25 Hydrogen Cyanide;0.03207547169811321
28;26 Hydrogen sulfide;0.03207547169811321
29;27 Molecular oxygen;0.03207547169811321
30;28 Hydrogen Isocyanide;0.03207547169811321
