1;27 Molecular oxygen;0.5700854700854701
2;22 Thioformaldehyde;0.023076923076923078
3;0 Methylidyne;0.01452991452991453
4;1 Formaldehyde;0.01452991452991453
5;2 Sulfur dioxide;0.01452991452991453
6;3 Carbon Monoxide;0.01452991452991453
7;4 Acetaldehyde;0.01452991452991453
8;5 Water;0.01452991452991453
9;6 Imidogen;0.01452991452991453
10;7 Carbon Monoxide Ion;0.01452991452991453
11;8 Nitric sulfide;0.01452991452991453
12;9 Isocyanic Acid;0.01452991452991453
13;10 Formic Acid;0.01452991452991453
14;11 Amidogen;0.01452991452991453
15;12 Ethylene Glycol;0.01452991452991453
16;13 Methyliumylidene;0.01452991452991453
17;14 Cyanide Radical;0.01452991452991453
18;15 Carbonyl Sulfide;0.01452991452991453
19;16 Hydroxyl;0.01452991452991453
20;17 Nitric oxide;0.01452991452991453
21;18 Methyl Cyanide;0.01452991452991453
22;19 Cyclopropenylidene;0.01452991452991453
23;20 Sulfur Monoxide ion;0.01452991452991453
24;21 Methanol;0.01452991452991453
25;23 Ammonia;0.01452991452991453
26;24 Cyanoacetylene;0.01452991452991453
27;25 Hydrogen Cyanide;0.01452991452991453
28;26 Hydrogen sulfide;0.01452991452991453
29;28 Hydrogen Isocyanide;0.01452991452991453
30;29 Formylium;0.01452991452991453
