1;32 3-Oxo-1,2-Propadienylidene;0.06197654941373535
2;69 Cyanoethynyl;0.06197654941373535
3;23 1,3,5-Hexatriynyl anion;0.04522613065326634
4;5 Aluminum Isocyanitrile;0.028475711892797323
5;48 Hydrogen Cyanide;0.028475711892797323
6;0 1,3,5-Hexatriynyl;0.011725293132328308
7;1 Silicon monosulfide;0.011725293132328308
8;2 Vinyl Cyanide;0.011725293132328308
9;3 Hydroxyl;0.011725293132328308
10;4 Methyliumylidene;0.011725293132328308
11;6 Carbon Monosulfide;0.011725293132328308
12;7 Methyl Acetylene;0.011725293132328308
13;8 1,3-Butadiynyl anion;0.011725293132328308
14;9 Butatrienylidene;0.011725293132328308
15;10 2,4-Pentadiynylidyne;0.011725293132328308
16;11 Aluminum Monochloride;0.011725293132328308
17;12 4-Cyano-1,3-Butadiynyl;0.011725293132328308
18;13 Silicon monosulfide;0.011725293132328308
19;14 Water;0.011725293132328308
20;15 Hydrogen sulfide;0.011725293132328308
21;16 1,3-Butadiynyl radical;0.011725293132328308
22;17 Formylium;0.011725293132328308
23;18 Trihydrogen ion;0.011725293132328308
24;19 Methanimine;0.011725293132328308
25;20 Phosphorus Monoxide;0.011725293132328308
26;21 Methyl Cyanide;0.011725293132328308
27;22 Magnesium Isocyanide;0.011725293132328308
28;24 Phosphaethyne;0.011725293132328308
29;25 1,3,5,7-Octatetraynyl anion;0.011725293132328308
30;26 Silicon Monocarbide;0.011725293132328308
31;27 Cyanomethylene;0.011725293132328308
32;28 3-Thioxo-1,2-Propadieylidene;0.011725293132328308
33;29 Cyanobutadiyne;0.011725293132328308
34;30 Silicon Isocyanide;0.011725293132328308
35;31 Potassium chloride;0.011725293132328308
36;33 Silicon Carbide;0.011725293132328308
37;34 3-Cyano-1,2-propadienylidene;0.011725293132328308
38;35 Nitric sulfide;0.011725293132328308
39;36 Sulfur dioxide;0.011725293132328308
40;37 Ethyne Isocyanide;0.011725293132328308
41;38 Cyanoethynylide ion;0.011725293132328308
42;39 Cyanide Radical;0.011725293132328308
43;40 Carbon Monoxide Ion;0.011725293132328308
44;41 Cyanobutadiynylide anion;0.011725293132328308
45;42 Aluminum Monofluoride;0.011725293132328308
46;43 Formaldehyde;0.011725293132328308
47;44 Sulfur Monoxide;0.011725293132328308
48;45 Silicon tetracarbide;0.011725293132328308
49;46 Ethynyl;0.011725293132328308
50;47 Sodium Chloride;0.011725293132328308
51;49 Sodium Cyanide;0.011725293132328308
52;50 3-Imino-1,2 Propadienylidene;0.011725293132328308
53;51 Methylidyne;0.011725293132328308
54;52 Thioxoethenylidene;0.011725293132328308
55;53 Silicon Monoxide;0.011725293132328308
56;54 1,3,5,7-Octatetraynyl;0.011725293132328308
57;55 Silicon Mononitride;0.011725293132328308
58;56 Carbon Monoxide;0.011725293132328308
59;57 Phosphorous nitride;0.011725293132328308
60;58 Carbon Monophosphide;0.011725293132328308
61;59 Thioformaldehyde;0.011725293132328308
62;60 Hexatrienyl;0.011725293132328308
63;61 Hydrogen Isocyanide;0.011725293132328308
64;62 Carbon Monosulfide;0.011725293132328308
65;63 Silicon Cyanide;0.011725293132328308
66;64 2,4,6-Heptatriynylidyne;0.011725293132328308
67;65 Cyclopropenylidene;0.011725293132328308
68;66 Cyanoacetylene;0.011725293132328308
69;67 Magnesium Cyanide;0.011725293132328308
70;68 3-Silanetetrayl-1,2-Propadienyli;0.011725293132328308
71;70 Phosphapropynylidyne;0.011725293132328308
