1;29 Formylium;0.4411111111111111
2;25 Hydrogen Cyanide;0.030000000000000002
3;0 Methylidyne;0.01888888888888889
4;1 Formaldehyde;0.01888888888888889
5;2 Sulfur dioxide;0.01888888888888889
6;3 Carbon Monoxide;0.01888888888888889
7;4 Acetaldehyde;0.01888888888888889
8;5 Water;0.01888888888888889
9;6 Imidogen;0.01888888888888889
10;7 Carbon Monoxide Ion;0.01888888888888889
11;8 Nitric sulfide;0.01888888888888889
12;9 Isocyanic Acid;0.01888888888888889
13;10 Formic Acid;0.01888888888888889
14;11 Amidogen;0.01888888888888889
15;12 Ethylene Glycol;0.01888888888888889
16;13 Methyliumylidene;0.01888888888888889
17;14 Cyanide Radical;0.01888888888888889
18;15 Carbonyl Sulfide;0.01888888888888889
19;16 Hydroxyl;0.01888888888888889
20;17 Nitric oxide;0.01888888888888889
21;18 Methyl Cyanide;0.01888888888888889
22;19 Cyclopropenylidene;0.01888888888888889
23;20 Sulfur Monoxide ion;0.01888888888888889
24;21 Methanol;0.01888888888888889
25;22 Thioformaldehyde;0.01888888888888889
26;23 Ammonia;0.01888888888888889
27;24 Cyanoacetylene;0.01888888888888889
28;26 Hydrogen sulfide;0.01888888888888889
29;27 Molecular oxygen;0.01888888888888889
30;28 Hydrogen Isocyanide;0.01888888888888889
