1;13 Methyliumylidene;0.2855072463768116
2;0 Methylidyne;0.024637681159420288
3;1 Formaldehyde;0.024637681159420288
4;2 Sulfur dioxide;0.024637681159420288
5;3 Carbon Monoxide;0.024637681159420288
6;4 Acetaldehyde;0.024637681159420288
7;5 Water;0.024637681159420288
8;6 Imidogen;0.024637681159420288
9;7 Carbon Monoxide Ion;0.024637681159420288
10;8 Nitric sulfide;0.024637681159420288
11;9 Isocyanic Acid;0.024637681159420288
12;10 Formic Acid;0.024637681159420288
13;11 Amidogen;0.024637681159420288
14;12 Ethylene Glycol;0.024637681159420288
15;14 Cyanide Radical;0.024637681159420288
16;15 Carbonyl Sulfide;0.024637681159420288
17;16 Hydroxyl;0.024637681159420288
18;17 Nitric oxide;0.024637681159420288
19;18 Methyl Cyanide;0.024637681159420288
20;19 Cyclopropenylidene;0.024637681159420288
21;20 Sulfur Monoxide ion;0.024637681159420288
22;21 Methanol;0.024637681159420288
23;22 Thioformaldehyde;0.024637681159420288
24;23 Ammonia;0.024637681159420288
25;24 Cyanoacetylene;0.024637681159420288
26;25 Hydrogen Cyanide;0.024637681159420288
27;26 Hydrogen sulfide;0.024637681159420288
28;27 Molecular oxygen;0.024637681159420288
29;28 Hydrogen Isocyanide;0.024637681159420288
30;29 Formylium;0.024637681159420288
