1;61 Fluoromethyliumylidene;0.7235732009925558
2;8 Methyliumylidene;0.15285359801488835
3;0 Isocyanic Acid;0.001488833746898263
4;1 Propenal;0.001488833746898263
5;2 Ketene;0.001488833746898263
6;3 Oxonium hydride;0.001488833746898263
7;4 Thioformylium;0.001488833746898263
8;5 Vinyl Cyanide;0.001488833746898263
9;6 Methyl Formate;0.001488833746898263
10;7 Hydroxyl;0.001488833746898263
11;9 Iminomethylium;0.001488833746898263
12;10 Hydroxymethylium ion;0.001488833746898263
13;11 2-Propynal;0.001488833746898263
14;12 Carbon Monosulfide;0.001488833746898263
15;13 Cyanomethyl;0.001488833746898263
16;14 Methyl Acetylene;0.001488833746898263
17;15 2-Butynenitrile;0.001488833746898263
18;16 Methyl formate vt01;0.001488833746898263
19;17 Ethyl Cyanide;0.001488833746898263
20;18 gauche-Ethanol;0.001488833746898263
21;19 Glycolaldehyde;0.001488833746898263
22;20 Water;0.001488833746898263
23;21 Hydrogen sulfide;0.001488833746898263
24;22 Sulfur Monoxide ion;0.001488833746898263
25;23 1,3-Butadiynyl radical;0.001488833746898263
26;24 Formylium;0.001488833746898263
27;25 Fulminic acid;0.001488833746898263
28;26 Trihydrogen ion;0.001488833746898263
29;27 Methanimine;0.001488833746898263
30;28 Nitrous Oxide;0.001488833746898263
31;29 Propadienylidene;0.001488833746898263
32;30 Ethylene Oxide;0.001488833746898263
33;31 Ketenimine;0.001488833746898263
34;32 2,4,6-Heptatriynenitrile;0.001488833746898263
35;33 Aminoacetonitrile;0.001488833746898263
36;34 Methanol;0.001488833746898263
37;35 Ammonia;0.001488833746898263
38;36 Formyl Radical;0.001488833746898263
39;37 Methyl Cyanide;0.001488833746898263
40;38 Molecular oxygen;0.001488833746898263
41;39 Cyclopropenone;0.001488833746898263
42;40 Carbonyl Sulfide;0.001488833746898263
43;41 Acetaldehyde;0.001488833746898263
44;42 Cyanomethylene;0.001488833746898263
45;43 3-Thioxo-1,2-Propadieylidene;0.001488833746898263
46;44 Formamide;0.001488833746898263
47;45 Cyanobutadiyne;0.001488833746898263
48;46 Sulfur Dioxide;0.001488833746898263
49;47 Methyl isocyanide;0.001488833746898263
50;48 Nitric sulfide;0.001488833746898263
51;49 Methylene;0.001488833746898263
52;50 Hydrochloric acid;0.001488833746898263
53;51 Ethyne Isocyanide;0.001488833746898263
54;52 Cyanide Radical;0.001488833746898263
55;53 Nitric oxide;0.001488833746898263
56;54 Cyanic acid;0.001488833746898263
57;55 Formaldehyde;0.001488833746898263
58;56 Sulfur Monoxide;0.001488833746898263
59;57 Protonate 2-proynenitrile;0.001488833746898263
60;58 Ethynyl;0.001488833746898263
61;59 Ethylene Glycol;0.001488833746898263
62;60 Hydrogen Cyanide;0.001488833746898263
63;62 Methylidyne;0.001488833746898263
64;63 Thioxoethenylidene;0.001488833746898263
65;64 Cyanomethanimine;0.001488833746898263
66;65 Silicon Monoxide;0.001488833746898263
67;66 Dimethyl ether;0.001488833746898263
68;67 Acetone;0.001488833746898263
69;68 Carbon Monoxide;0.001488833746898263
70;69 Phosphorous nitride;0.001488833746898263
71;70 Thioformaldehyde;0.001488833746898263
72;71 Diazenylium;0.001488833746898263
73;72 Cyanoformaldehyde;0.001488833746898263
74;73 Isothiocyanic acid;0.001488833746898263
75;74 Vinyl Alcohol;0.001488833746898263
76;75 Hydrogen Isocyanide;0.001488833746898263
77;76 Carbon Monosulfide;0.001488833746898263
78;77 Methylamine;0.001488833746898263
79;78 Protonated Carbon Dioxide;0.001488833746898263
80;79 Formic Acid;0.001488833746898263
81;80 Cyclopropenylidene;0.001488833746898263
82;81 Cyanoacetylene;0.001488833746898263
83;82 para-Oxidaniumyl;0.001488833746898263
84;83 ortho-Oxidaniumyl;0.001488833746898263
85;84 Nitrosyl hydride;0.001488833746898263
