1;60 Hydrogen Cyanide;0.852808988764045
2;40 Carbonyl Sulfide;0.0044943820224719105
3;82 para-Oxidaniumyl;0.0044943820224719105
4;0 Isocyanic Acid;0.0016853932584269663
5;1 Propenal;0.0016853932584269663
6;2 Ketene;0.0016853932584269663
7;3 Oxonium hydride;0.0016853932584269663
8;4 Thioformylium;0.0016853932584269663
9;5 Vinyl Cyanide;0.0016853932584269663
10;6 Methyl Formate;0.0016853932584269663
11;7 Hydroxyl;0.0016853932584269663
12;8 Methyliumylidene;0.0016853932584269663
13;9 Iminomethylium;0.0016853932584269663
14;10 Hydroxymethylium ion;0.0016853932584269663
15;11 2-Propynal;0.0016853932584269663
16;12 Carbon Monosulfide;0.0016853932584269663
17;13 Cyanomethyl;0.0016853932584269663
18;14 Methyl Acetylene;0.0016853932584269663
19;15 2-Butynenitrile;0.0016853932584269663
20;16 Methyl formate vt01;0.0016853932584269663
21;17 Ethyl Cyanide;0.0016853932584269663
22;18 gauche-Ethanol;0.0016853932584269663
23;19 Glycolaldehyde;0.0016853932584269663
24;20 Water;0.0016853932584269663
25;21 Hydrogen sulfide;0.0016853932584269663
26;22 Sulfur Monoxide ion;0.0016853932584269663
27;23 1,3-Butadiynyl radical;0.0016853932584269663
28;24 Formylium;0.0016853932584269663
29;25 Fulminic acid;0.0016853932584269663
30;26 Trihydrogen ion;0.0016853932584269663
31;27 Methanimine;0.0016853932584269663
32;28 Nitrous Oxide;0.0016853932584269663
33;29 Propadienylidene;0.0016853932584269663
34;30 Ethylene Oxide;0.0016853932584269663
35;31 Ketenimine;0.0016853932584269663
36;32 2,4,6-Heptatriynenitrile;0.0016853932584269663
37;33 Aminoacetonitrile;0.0016853932584269663
38;34 Methanol;0.0016853932584269663
39;35 Ammonia;0.0016853932584269663
40;36 Formyl Radical;0.0016853932584269663
41;37 Methyl Cyanide;0.0016853932584269663
42;38 Molecular oxygen;0.0016853932584269663
43;39 Cyclopropenone;0.0016853932584269663
44;41 Acetaldehyde;0.0016853932584269663
45;42 Cyanomethylene;0.0016853932584269663
46;43 3-Thioxo-1,2-Propadieylidene;0.0016853932584269663
47;44 Formamide;0.0016853932584269663
48;45 Cyanobutadiyne;0.0016853932584269663
49;46 Sulfur Dioxide;0.0016853932584269663
50;47 Methyl isocyanide;0.0016853932584269663
51;48 Nitric sulfide;0.0016853932584269663
52;49 Methylene;0.0016853932584269663
53;50 Hydrochloric acid;0.0016853932584269663
54;51 Ethyne Isocyanide;0.0016853932584269663
55;52 Cyanide Radical;0.0016853932584269663
56;53 Nitric oxide;0.0016853932584269663
57;54 Cyanic acid;0.0016853932584269663
58;55 Formaldehyde;0.0016853932584269663
59;56 Sulfur Monoxide;0.0016853932584269663
60;57 Protonate 2-proynenitrile;0.0016853932584269663
61;58 Ethynyl;0.0016853932584269663
62;59 Ethylene Glycol;0.0016853932584269663
63;61 Fluoromethyliumylidene;0.0016853932584269663
64;62 Methylidyne;0.0016853932584269663
65;63 Thioxoethenylidene;0.0016853932584269663
66;64 Cyanomethanimine;0.0016853932584269663
67;65 Silicon Monoxide;0.0016853932584269663
68;66 Dimethyl ether;0.0016853932584269663
69;67 Acetone;0.0016853932584269663
70;68 Carbon Monoxide;0.0016853932584269663
71;69 Phosphorous nitride;0.0016853932584269663
72;70 Thioformaldehyde;0.0016853932584269663
73;71 Diazenylium;0.0016853932584269663
74;72 Cyanoformaldehyde;0.0016853932584269663
75;73 Isothiocyanic acid;0.0016853932584269663
76;74 Vinyl Alcohol;0.0016853932584269663
77;75 Hydrogen Isocyanide;0.0016853932584269663
78;76 Carbon Monosulfide;0.0016853932584269663
79;77 Methylamine;0.0016853932584269663
80;78 Protonated Carbon Dioxide;0.0016853932584269663
81;79 Formic Acid;0.0016853932584269663
82;80 Cyclopropenylidene;0.0016853932584269663
83;81 Cyanoacetylene;0.0016853932584269663
84;83 ortho-Oxidaniumyl;0.0016853932584269663
85;84 Nitrosyl hydride;0.0016853932584269663
