1;70 Thioformaldehyde;0.8770334928229666
2;2 Ketene;0.003827751196172249
3;0 Isocyanic Acid;0.0014354066985645933
4;1 Propenal;0.0014354066985645933
5;3 Oxonium hydride;0.0014354066985645933
6;4 Thioformylium;0.0014354066985645933
7;5 Vinyl Cyanide;0.0014354066985645933
8;6 Methyl Formate;0.0014354066985645933
9;7 Hydroxyl;0.0014354066985645933
10;8 Methyliumylidene;0.0014354066985645933
11;9 Iminomethylium;0.0014354066985645933
12;10 Hydroxymethylium ion;0.0014354066985645933
13;11 2-Propynal;0.0014354066985645933
14;12 Carbon Monosulfide;0.0014354066985645933
15;13 Cyanomethyl;0.0014354066985645933
16;14 Methyl Acetylene;0.0014354066985645933
17;15 2-Butynenitrile;0.0014354066985645933
18;16 Methyl formate vt01;0.0014354066985645933
19;17 Ethyl Cyanide;0.0014354066985645933
20;18 gauche-Ethanol;0.0014354066985645933
21;19 Glycolaldehyde;0.0014354066985645933
22;20 Water;0.0014354066985645933
23;21 Hydrogen sulfide;0.0014354066985645933
24;22 Sulfur Monoxide ion;0.0014354066985645933
25;23 1,3-Butadiynyl radical;0.0014354066985645933
26;24 Formylium;0.0014354066985645933
27;25 Fulminic acid;0.0014354066985645933
28;26 Trihydrogen ion;0.0014354066985645933
29;27 Methanimine;0.0014354066985645933
30;28 Nitrous Oxide;0.0014354066985645933
31;29 Propadienylidene;0.0014354066985645933
32;30 Ethylene Oxide;0.0014354066985645933
33;31 Ketenimine;0.0014354066985645933
34;32 2,4,6-Heptatriynenitrile;0.0014354066985645933
35;33 Aminoacetonitrile;0.0014354066985645933
36;34 Methanol;0.0014354066985645933
37;35 Ammonia;0.0014354066985645933
38;36 Formyl Radical;0.0014354066985645933
39;37 Methyl Cyanide;0.0014354066985645933
40;38 Molecular oxygen;0.0014354066985645933
41;39 Cyclopropenone;0.0014354066985645933
42;40 Carbonyl Sulfide;0.0014354066985645933
43;41 Acetaldehyde;0.0014354066985645933
44;42 Cyanomethylene;0.0014354066985645933
45;43 3-Thioxo-1,2-Propadieylidene;0.0014354066985645933
46;44 Formamide;0.0014354066985645933
47;45 Cyanobutadiyne;0.0014354066985645933
48;46 Sulfur Dioxide;0.0014354066985645933
49;47 Methyl isocyanide;0.0014354066985645933
50;48 Nitric sulfide;0.0014354066985645933
51;49 Methylene;0.0014354066985645933
52;50 Hydrochloric acid;0.0014354066985645933
53;51 Ethyne Isocyanide;0.0014354066985645933
54;52 Cyanide Radical;0.0014354066985645933
55;53 Nitric oxide;0.0014354066985645933
56;54 Cyanic acid;0.0014354066985645933
57;55 Formaldehyde;0.0014354066985645933
58;56 Sulfur Monoxide;0.0014354066985645933
59;57 Protonate 2-proynenitrile;0.0014354066985645933
60;58 Ethynyl;0.0014354066985645933
61;59 Ethylene Glycol;0.0014354066985645933
62;60 Hydrogen Cyanide;0.0014354066985645933
63;61 Fluoromethyliumylidene;0.0014354066985645933
64;62 Methylidyne;0.0014354066985645933
65;63 Thioxoethenylidene;0.0014354066985645933
66;64 Cyanomethanimine;0.0014354066985645933
67;65 Silicon Monoxide;0.0014354066985645933
68;66 Dimethyl ether;0.0014354066985645933
69;67 Acetone;0.0014354066985645933
70;68 Carbon Monoxide;0.0014354066985645933
71;69 Phosphorous nitride;0.0014354066985645933
72;71 Diazenylium;0.0014354066985645933
73;72 Cyanoformaldehyde;0.0014354066985645933
74;73 Isothiocyanic acid;0.0014354066985645933
75;74 Vinyl Alcohol;0.0014354066985645933
76;75 Hydrogen Isocyanide;0.0014354066985645933
77;76 Carbon Monosulfide;0.0014354066985645933
78;77 Methylamine;0.0014354066985645933
79;78 Protonated Carbon Dioxide;0.0014354066985645933
80;79 Formic Acid;0.0014354066985645933
81;80 Cyclopropenylidene;0.0014354066985645933
82;81 Cyanoacetylene;0.0014354066985645933
83;82 para-Oxidaniumyl;0.0014354066985645933
84;83 ortho-Oxidaniumyl;0.0014354066985645933
85;84 Nitrosyl hydride;0.0014354066985645933
