1;61 Fluoromethyliumylidene;0.314572864321608
2;9 Iminomethylium;0.2241206030150754
3;76 Carbon Monosulfide;0.13869346733668342
4;45 Cyanobutadiyne;0.03819095477386934
5;38 Molecular oxygen;0.028140703517587937
6;81 Cyanoacetylene;0.018090452261306532
7;0 Isocyanic Acid;0.003015075376884422
8;1 Propenal;0.003015075376884422
9;2 Ketene;0.003015075376884422
10;3 Oxonium hydride;0.003015075376884422
11;4 Thioformylium;0.003015075376884422
12;5 Vinyl Cyanide;0.003015075376884422
13;6 Methyl Formate;0.003015075376884422
14;7 Hydroxyl;0.003015075376884422
15;8 Methyliumylidene;0.003015075376884422
16;10 Hydroxymethylium ion;0.003015075376884422
17;11 2-Propynal;0.003015075376884422
18;12 Carbon Monosulfide;0.003015075376884422
19;13 Cyanomethyl;0.003015075376884422
20;14 Methyl Acetylene;0.003015075376884422
21;15 2-Butynenitrile;0.003015075376884422
22;16 Methyl formate vt01;0.003015075376884422
23;17 Ethyl Cyanide;0.003015075376884422
24;18 gauche-Ethanol;0.003015075376884422
25;19 Glycolaldehyde;0.003015075376884422
26;20 Water;0.003015075376884422
27;21 Hydrogen sulfide;0.003015075376884422
28;22 Sulfur Monoxide ion;0.003015075376884422
29;23 1,3-Butadiynyl radical;0.003015075376884422
30;24 Formylium;0.003015075376884422
31;25 Fulminic acid;0.003015075376884422
32;26 Trihydrogen ion;0.003015075376884422
33;27 Methanimine;0.003015075376884422
34;28 Nitrous Oxide;0.003015075376884422
35;29 Propadienylidene;0.003015075376884422
36;30 Ethylene Oxide;0.003015075376884422
37;31 Ketenimine;0.003015075376884422
38;32 2,4,6-Heptatriynenitrile;0.003015075376884422
39;33 Aminoacetonitrile;0.003015075376884422
40;34 Methanol;0.003015075376884422
41;35 Ammonia;0.003015075376884422
42;36 Formyl Radical;0.003015075376884422
43;37 Methyl Cyanide;0.003015075376884422
44;39 Cyclopropenone;0.003015075376884422
45;40 Carbonyl Sulfide;0.003015075376884422
46;41 Acetaldehyde;0.003015075376884422
47;42 Cyanomethylene;0.003015075376884422
48;43 3-Thioxo-1,2-Propadieylidene;0.003015075376884422
49;44 Formamide;0.003015075376884422
50;46 Sulfur Dioxide;0.003015075376884422
51;47 Methyl isocyanide;0.003015075376884422
52;48 Nitric sulfide;0.003015075376884422
53;49 Methylene;0.003015075376884422
54;50 Hydrochloric acid;0.003015075376884422
55;51 Ethyne Isocyanide;0.003015075376884422
56;52 Cyanide Radical;0.003015075376884422
57;53 Nitric oxide;0.003015075376884422
58;54 Cyanic acid;0.003015075376884422
59;55 Formaldehyde;0.003015075376884422
60;56 Sulfur Monoxide;0.003015075376884422
61;57 Protonate 2-proynenitrile;0.003015075376884422
62;58 Ethynyl;0.003015075376884422
63;59 Ethylene Glycol;0.003015075376884422
64;60 Hydrogen Cyanide;0.003015075376884422
65;62 Methylidyne;0.003015075376884422
66;63 Thioxoethenylidene;0.003015075376884422
67;64 Cyanomethanimine;0.003015075376884422
68;65 Silicon Monoxide;0.003015075376884422
69;66 Dimethyl ether;0.003015075376884422
70;67 Acetone;0.003015075376884422
71;68 Carbon Monoxide;0.003015075376884422
72;69 Phosphorous nitride;0.003015075376884422
73;70 Thioformaldehyde;0.003015075376884422
74;71 Diazenylium;0.003015075376884422
75;72 Cyanoformaldehyde;0.003015075376884422
76;73 Isothiocyanic acid;0.003015075376884422
77;74 Vinyl Alcohol;0.003015075376884422
78;75 Hydrogen Isocyanide;0.003015075376884422
79;77 Methylamine;0.003015075376884422
80;78 Protonated Carbon Dioxide;0.003015075376884422
81;79 Formic Acid;0.003015075376884422
82;80 Cyclopropenylidene;0.003015075376884422
83;82 para-Oxidaniumyl;0.003015075376884422
84;83 ortho-Oxidaniumyl;0.003015075376884422
85;84 Nitrosyl hydride;0.003015075376884422
