1;38 Molecular oxygen;0.6814070351758794
2;6 Methyl Formate;0.008040201005025126
3;11 2-Propynal;0.008040201005025126
4;13 Cyanomethyl;0.008040201005025126
5;17 Ethyl Cyanide;0.008040201005025126
6;26 Trihydrogen ion;0.008040201005025126
7;35 Ammonia;0.008040201005025126
8;40 Carbonyl Sulfide;0.008040201005025126
9;51 Ethyne Isocyanide;0.008040201005025126
10;61 Fluoromethyliumylidene;0.008040201005025126
11;65 Silicon Monoxide;0.008040201005025126
12;69 Phosphorous nitride;0.008040201005025126
13;72 Cyanoformaldehyde;0.008040201005025126
14;81 Cyanoacetylene;0.008040201005025126
15;0 Isocyanic Acid;0.003015075376884422
16;1 Propenal;0.003015075376884422
17;2 Ketene;0.003015075376884422
18;3 Oxonium hydride;0.003015075376884422
19;4 Thioformylium;0.003015075376884422
20;5 Vinyl Cyanide;0.003015075376884422
21;7 Hydroxyl;0.003015075376884422
22;8 Methyliumylidene;0.003015075376884422
23;9 Iminomethylium;0.003015075376884422
24;10 Hydroxymethylium ion;0.003015075376884422
25;12 Carbon Monosulfide;0.003015075376884422
26;14 Methyl Acetylene;0.003015075376884422
27;15 2-Butynenitrile;0.003015075376884422
28;16 Methyl formate vt01;0.003015075376884422
29;18 gauche-Ethanol;0.003015075376884422
30;19 Glycolaldehyde;0.003015075376884422
31;20 Water;0.003015075376884422
32;21 Hydrogen sulfide;0.003015075376884422
33;22 Sulfur Monoxide ion;0.003015075376884422
34;23 1,3-Butadiynyl radical;0.003015075376884422
35;24 Formylium;0.003015075376884422
36;25 Fulminic acid;0.003015075376884422
37;27 Methanimine;0.003015075376884422
38;28 Nitrous Oxide;0.003015075376884422
39;29 Propadienylidene;0.003015075376884422
40;30 Ethylene Oxide;0.003015075376884422
41;31 Ketenimine;0.003015075376884422
42;32 2,4,6-Heptatriynenitrile;0.003015075376884422
43;33 Aminoacetonitrile;0.003015075376884422
44;34 Methanol;0.003015075376884422
45;36 Formyl Radical;0.003015075376884422
46;37 Methyl Cyanide;0.003015075376884422
47;39 Cyclopropenone;0.003015075376884422
48;41 Acetaldehyde;0.003015075376884422
49;42 Cyanomethylene;0.003015075376884422
50;43 3-Thioxo-1,2-Propadieylidene;0.003015075376884422
51;44 Formamide;0.003015075376884422
52;45 Cyanobutadiyne;0.003015075376884422
53;46 Sulfur Dioxide;0.003015075376884422
54;47 Methyl isocyanide;0.003015075376884422
55;48 Nitric sulfide;0.003015075376884422
56;49 Methylene;0.003015075376884422
57;50 Hydrochloric acid;0.003015075376884422
58;52 Cyanide Radical;0.003015075376884422
59;53 Nitric oxide;0.003015075376884422
60;54 Cyanic acid;0.003015075376884422
61;55 Formaldehyde;0.003015075376884422
62;56 Sulfur Monoxide;0.003015075376884422
63;57 Protonate 2-proynenitrile;0.003015075376884422
64;58 Ethynyl;0.003015075376884422
65;59 Ethylene Glycol;0.003015075376884422
66;60 Hydrogen Cyanide;0.003015075376884422
67;62 Methylidyne;0.003015075376884422
68;63 Thioxoethenylidene;0.003015075376884422
69;64 Cyanomethanimine;0.003015075376884422
70;66 Dimethyl ether;0.003015075376884422
71;67 Acetone;0.003015075376884422
72;68 Carbon Monoxide;0.003015075376884422
73;70 Thioformaldehyde;0.003015075376884422
74;71 Diazenylium;0.003015075376884422
75;73 Isothiocyanic acid;0.003015075376884422
76;74 Vinyl Alcohol;0.003015075376884422
77;75 Hydrogen Isocyanide;0.003015075376884422
78;76 Carbon Monosulfide;0.003015075376884422
79;77 Methylamine;0.003015075376884422
80;78 Protonated Carbon Dioxide;0.003015075376884422
81;79 Formic Acid;0.003015075376884422
82;80 Cyclopropenylidene;0.003015075376884422
83;82 para-Oxidaniumyl;0.003015075376884422
84;83 ortho-Oxidaniumyl;0.003015075376884422
85;84 Nitrosyl hydride;0.003015075376884422
