1;65 Silicon Monoxide;0.666321243523316
2;22 Sulfur Monoxide ion;0.013471502590673576
3;24 Formylium;0.013471502590673576
4;9 Iminomethylium;0.008290155440414507
5;16 Methyl formate vt01;0.008290155440414507
6;21 Hydrogen sulfide;0.008290155440414507
7;28 Nitrous Oxide;0.008290155440414507
8;46 Sulfur Dioxide;0.008290155440414507
9;52 Cyanide Radical;0.008290155440414507
10;58 Ethynyl;0.008290155440414507
11;63 Thioxoethenylidene;0.008290155440414507
12;69 Phosphorous nitride;0.008290155440414507
13;75 Hydrogen Isocyanide;0.008290155440414507
14;0 Isocyanic Acid;0.0031088082901554403
15;1 Propenal;0.0031088082901554403
16;2 Ketene;0.0031088082901554403
17;3 Oxonium hydride;0.0031088082901554403
18;4 Thioformylium;0.0031088082901554403
19;5 Vinyl Cyanide;0.0031088082901554403
20;6 Methyl Formate;0.0031088082901554403
21;7 Hydroxyl;0.0031088082901554403
22;8 Methyliumylidene;0.0031088082901554403
23;10 Hydroxymethylium ion;0.0031088082901554403
24;11 2-Propynal;0.0031088082901554403
25;12 Carbon Monosulfide;0.0031088082901554403
26;13 Cyanomethyl;0.0031088082901554403
27;14 Methyl Acetylene;0.0031088082901554403
28;15 2-Butynenitrile;0.0031088082901554403
29;17 Ethyl Cyanide;0.0031088082901554403
30;18 gauche-Ethanol;0.0031088082901554403
31;19 Glycolaldehyde;0.0031088082901554403
32;20 Water;0.0031088082901554403
33;23 1,3-Butadiynyl radical;0.0031088082901554403
34;25 Fulminic acid;0.0031088082901554403
35;26 Trihydrogen ion;0.0031088082901554403
36;27 Methanimine;0.0031088082901554403
37;29 Propadienylidene;0.0031088082901554403
38;30 Ethylene Oxide;0.0031088082901554403
39;31 Ketenimine;0.0031088082901554403
40;32 2,4,6-Heptatriynenitrile;0.0031088082901554403
41;33 Aminoacetonitrile;0.0031088082901554403
42;34 Methanol;0.0031088082901554403
43;35 Ammonia;0.0031088082901554403
44;36 Formyl Radical;0.0031088082901554403
45;37 Methyl Cyanide;0.0031088082901554403
46;38 Molecular oxygen;0.0031088082901554403
47;39 Cyclopropenone;0.0031088082901554403
48;40 Carbonyl Sulfide;0.0031088082901554403
49;41 Acetaldehyde;0.0031088082901554403
50;42 Cyanomethylene;0.0031088082901554403
51;43 3-Thioxo-1,2-Propadieylidene;0.0031088082901554403
52;44 Formamide;0.0031088082901554403
53;45 Cyanobutadiyne;0.0031088082901554403
54;47 Methyl isocyanide;0.0031088082901554403
55;48 Nitric sulfide;0.0031088082901554403
56;49 Methylene;0.0031088082901554403
57;50 Hydrochloric acid;0.0031088082901554403
58;51 Ethyne Isocyanide;0.0031088082901554403
59;53 Nitric oxide;0.0031088082901554403
60;54 Cyanic acid;0.0031088082901554403
61;55 Formaldehyde;0.0031088082901554403
62;56 Sulfur Monoxide;0.0031088082901554403
63;57 Protonate 2-proynenitrile;0.0031088082901554403
64;59 Ethylene Glycol;0.0031088082901554403
65;60 Hydrogen Cyanide;0.0031088082901554403
66;61 Fluoromethyliumylidene;0.0031088082901554403
67;62 Methylidyne;0.0031088082901554403
68;64 Cyanomethanimine;0.0031088082901554403
69;66 Dimethyl ether;0.0031088082901554403
70;67 Acetone;0.0031088082901554403
71;68 Carbon Monoxide;0.0031088082901554403
72;70 Thioformaldehyde;0.0031088082901554403
73;71 Diazenylium;0.0031088082901554403
74;72 Cyanoformaldehyde;0.0031088082901554403
75;73 Isothiocyanic acid;0.0031088082901554403
76;74 Vinyl Alcohol;0.0031088082901554403
77;76 Carbon Monosulfide;0.0031088082901554403
78;77 Methylamine;0.0031088082901554403
79;78 Protonated Carbon Dioxide;0.0031088082901554403
80;79 Formic Acid;0.0031088082901554403
81;80 Cyclopropenylidene;0.0031088082901554403
82;81 Cyanoacetylene;0.0031088082901554403
83;82 para-Oxidaniumyl;0.0031088082901554403
84;83 ortho-Oxidaniumyl;0.0031088082901554403
85;84 Nitrosyl hydride;0.0031088082901554403
