1;105 Hydrogen Isocyanide;0.20512820512820512
2;19 Nitrosyl hydride;0.01994301994301994
3;30 Sodium Cyanide;0.01994301994301994
4;119 Hydroxymethylidyne;0.01994301994301994
5;0 Dimethyl ether;0.005698005698005698
6;1 Butatrienylidene;0.005698005698005698
7;2 Trihydrogen ion;0.005698005698005698
8;3 Nitrous Oxide;0.005698005698005698
9;4 Methyl Acetylene;0.005698005698005698
10;5 2,4,6-Heptatriynenitrile;0.005698005698005698
11;6 Ethylene Glycol;0.005698005698005698
12;7 2,4-Pentadiynylidyne;0.005698005698005698
13;8 Methyl Cyanide;0.005698005698005698
14;9 Thioformylium;0.005698005698005698
15;10 para-Oxidaniumyl;0.005698005698005698
16;11 Hydrogen Cyanide;0.005698005698005698
17;12 Titanium monoxide;0.005698005698005698
18;13 Cyanide Radical;0.005698005698005698
19;14 Formic Acid;0.005698005698005698
20;15 Nitric sulfide;0.005698005698005698
21;16 Iminomethylium;0.005698005698005698
22;17 Aluminum monoxide;0.005698005698005698
23;18 Methyl isocyanate;0.005698005698005698
24;20 Propynylidynium;0.005698005698005698
25;21 Magnesium Cyanide;0.005698005698005698
26;22 1,3-Butadiynyl anion;0.005698005698005698
27;23 Diazenylium;0.005698005698005698
28;24 Methylamine;0.005698005698005698
29;25 Chloronium;0.005698005698005698
30;26 Silicon monosulfide;0.005698005698005698
31;27 Phosphorus Monoxide;0.005698005698005698
32;28 Cyclopropenone;0.005698005698005698
33;29 Carbon Monoxide Ion;0.005698005698005698
34;31 Nitric oxide;0.005698005698005698
35;32 3-Thioxo-1,2-Propadieylidene;0.005698005698005698
36;33 Silicon Cyanide;0.005698005698005698
37;34 Ethyne Isocyanide;0.005698005698005698
38;35 Sodium Chloride;0.005698005698005698
39;36 Cyanoacetylene;0.005698005698005698
40;37 Sulfur Monoxide;0.005698005698005698
41;38 Aluminum Isocyanitrile;0.005698005698005698
42;39 Cyanobutadiyne;0.005698005698005698
43;40 Potassium cyanide, potassium isocyanide;0.005698005698005698
44;41 Silicon Mononitride;0.005698005698005698
45;42 Carbon Monoxide;0.005698005698005698
46;43 Propadienylidene;0.005698005698005698
47;44 Methanimine;0.005698005698005698
48;45 Aluminum Monofluoride;0.005698005698005698
49;46 Formamide;0.005698005698005698
50;47 1,3,5,7-Octatetraynyl anion;0.005698005698005698
51;48 Aminoacetonitrile;0.005698005698005698
52;49 Ammonia;0.005698005698005698
53;50 gauche-Ethanol;0.005698005698005698
54;51 Protonate 2-proynenitrile;0.005698005698005698
55;52 Carbonyl Sulfide;0.005698005698005698
56;53 Thioxoethenylidene;0.005698005698005698
57;54 Ethyl cyanide;0.005698005698005698
58;55 Water;0.005698005698005698
59;56 Methyl Formate;0.005698005698005698
60;57 Acetaldehyde;0.005698005698005698
61;58 Ketenimine;0.005698005698005698
62;59 Propenal;0.005698005698005698
63;60 Methyl isocyanide;0.005698005698005698
64;61 iso-propyl cyanide;0.005698005698005698
65;62 Hydrogen cyanide;0.005698005698005698
66;63 Protonated Carbon Dioxide;0.005698005698005698
67;64 Methylidyne;0.005698005698005698
68;65 Ketene;0.005698005698005698
69;66 4-Cyano-1,3-Butadiynyl;0.005698005698005698
70;67 Silicon Monoxide;0.005698005698005698
71;68 Acetone;0.005698005698005698
72;69 Vinyl Cyanide;0.005698005698005698
73;70 3-Imino-1,2 Propadienylidene;0.005698005698005698
74;71 Silicon monoxide (global fit);0.005698005698005698
75;72 Cyclopropenylidene;0.005698005698005698
76;73 Magnesium Isocyanide;0.005698005698005698
77;74 2,4,6-Heptatriynylidyne;0.005698005698005698
78;75 Cyanobutadiynylide anion;0.005698005698005698
79;76 Formaldehyde;0.005698005698005698
80;77 Carbon Monosulfide;0.005698005698005698
81;78 Fulminic acid;0.005698005698005698
82;79 1,3,5-Hexatriynyl;0.005698005698005698
83;80 3-Silanetetrayl-1,2-Propadienylidene;0.005698005698005698
84;81 1,3-Butadiynyl radical;0.005698005698005698
85;82 trans-Ethanol;0.005698005698005698
86;83 Silicon Carbide;0.005698005698005698
87;84 1,3,5-Hexatriynyl anion;0.005698005698005698
88;85 Formylium;0.005698005698005698
89;86 Ethylene Oxide;0.005698005698005698
90;87 Sulfur dioxide;0.005698005698005698
91;88 Carbon Monophosphide;0.005698005698005698
92;89 Sulfur Monoxide ion;0.005698005698005698
93;90 Methanol;0.005698005698005698
94;91 Sulfur Dioxide;0.005698005698005698
95;92 Cyanoformaldehyde;0.005698005698005698
96;93 Isocyanic Acid;0.005698005698005698
97;94 Silicon Isocyanide;0.005698005698005698
98;95 Methylene amidogen;0.005698005698005698
99;96 Silicon Monocarbide;0.005698005698005698
100;97 Phosphaethyne;0.005698005698005698
101;98 Aluminum Monochloride;0.005698005698005698
102;99 Cyanoallene;0.005698005698005698
103;100 3-Oxo-1,2-Propadienylidene;0.005698005698005698
104;101 Methyl diacetylene;0.005698005698005698
105;102 Cyanomethylene;0.005698005698005698
106;103 Phosphapropynylidyne;0.005698005698005698
107;104 Cyanomethyl;0.005698005698005698
108;106 Hydrogen sulfide;0.005698005698005698
109;107 Hydroxyl;0.005698005698005698
110;108 Glycolaldehyde;0.005698005698005698
111;109 Cyanide anion;0.005698005698005698
112;110 2-Propynal;0.005698005698005698
113;111 Ethynyl;0.005698005698005698
114;112 Phosphorous nitride;0.005698005698005698
115;113 Magnesium hydride isocyanide;0.005698005698005698
116;114 Potassium chloride;0.005698005698005698
117;115 Silicon tetracarbide;0.005698005698005698
118;116 Ethyl Cyanide;0.005698005698005698
119;117 Cyanamide;0.005698005698005698
120;118 Amidogen;0.005698005698005698
121;120 Formyl Radical;0.005698005698005698
122;121 Vinyl Alcohol;0.005698005698005698
123;122 ortho-Oxidaniumyl;0.005698005698005698
124;123 Cyanoethynylide ion;0.005698005698005698
125;124 Oxoethenylidene;0.005698005698005698
126;125 2-Butynenitrile;0.005698005698005698
127;126 Cyanoethynyl;0.005698005698005698
128;127 3-Cyano-1,2-propadienylidene;0.005698005698005698
129;128 Hydroxymethylium ion;0.005698005698005698
130;129 Thioformaldehyde;0.005698005698005698
131;130 Isothiocyanic acid;0.005698005698005698
132;131 Methyl formate, v<sub>t</sub> = 0, 1;0.005698005698005698
133;132 Cyanic acid;0.005698005698005698
