1;8 1,3-Butadiynyl anion;0.04847396768402155
2;17 Formylium;0.030520646319569123
3;22 Magnesium Isocyanide;0.030520646319569123
4;31 Potassium chloride;0.030520646319569123
5;65 Cyclopropenylidene;0.030520646319569123
6;0 1,3,5-Hexatriynyl;0.012567324955116697
7;1 Silicon monosulfide;0.012567324955116697
8;2 Vinyl Cyanide;0.012567324955116697
9;3 Hydroxyl;0.012567324955116697
10;4 Methyliumylidene;0.012567324955116697
11;5 Aluminum Isocyanitrile;0.012567324955116697
12;6 Carbon Monosulfide;0.012567324955116697
13;7 Methyl Acetylene;0.012567324955116697
14;9 Butatrienylidene;0.012567324955116697
15;10 2,4-Pentadiynylidyne;0.012567324955116697
16;11 Aluminum Monochloride;0.012567324955116697
17;12 4-Cyano-1,3-Butadiynyl;0.012567324955116697
18;13 Silicon monosulfide;0.012567324955116697
19;14 Water;0.012567324955116697
20;15 Hydrogen sulfide;0.012567324955116697
21;16 1,3-Butadiynyl radical;0.012567324955116697
22;18 Trihydrogen ion;0.012567324955116697
23;19 Methanimine;0.012567324955116697
24;20 Phosphorus Monoxide;0.012567324955116697
25;21 Methyl Cyanide;0.012567324955116697
26;23 1,3,5-Hexatriynyl anion;0.012567324955116697
27;24 Phosphaethyne;0.012567324955116697
28;25 1,3,5,7-Octatetraynyl anion;0.012567324955116697
29;26 Silicon Monocarbide;0.012567324955116697
30;27 Cyanomethylene;0.012567324955116697
31;28 3-Thioxo-1,2-Propadieylidene;0.012567324955116697
32;29 Cyanobutadiyne;0.012567324955116697
33;30 Silicon Isocyanide;0.012567324955116697
34;32 3-Oxo-1,2-Propadienylidene;0.012567324955116697
35;33 Silicon Carbide;0.012567324955116697
36;34 3-Cyano-1,2-propadienylidene;0.012567324955116697
37;35 Nitric sulfide;0.012567324955116697
38;36 Sulfur dioxide;0.012567324955116697
39;37 Ethyne Isocyanide;0.012567324955116697
40;38 Cyanoethynylide ion;0.012567324955116697
41;39 Cyanide Radical;0.012567324955116697
42;40 Carbon Monoxide Ion;0.012567324955116697
43;41 Cyanobutadiynylide anion;0.012567324955116697
44;42 Aluminum Monofluoride;0.012567324955116697
45;43 Formaldehyde;0.012567324955116697
46;44 Sulfur Monoxide;0.012567324955116697
47;45 Silicon tetracarbide;0.012567324955116697
48;46 Ethynyl;0.012567324955116697
49;47 Sodium Chloride;0.012567324955116697
50;48 Hydrogen Cyanide;0.012567324955116697
51;49 Sodium Cyanide;0.012567324955116697
52;50 3-Imino-1,2 Propadienylidene;0.012567324955116697
53;51 Methylidyne;0.012567324955116697
54;52 Thioxoethenylidene;0.012567324955116697
55;53 Silicon Monoxide;0.012567324955116697
56;54 1,3,5,7-Octatetraynyl;0.012567324955116697
57;55 Silicon Mononitride;0.012567324955116697
58;56 Carbon Monoxide;0.012567324955116697
59;57 Phosphorous nitride;0.012567324955116697
60;58 Carbon Monophosphide;0.012567324955116697
61;59 Thioformaldehyde;0.012567324955116697
62;60 Hexatrienyl;0.012567324955116697
63;61 Hydrogen Isocyanide;0.012567324955116697
64;62 Carbon Monosulfide;0.012567324955116697
65;63 Silicon Cyanide;0.012567324955116697
66;64 2,4,6-Heptatriynylidyne;0.012567324955116697
67;66 Cyanoacetylene;0.012567324955116697
68;67 Magnesium Cyanide;0.012567324955116697
69;68 3-Silanetetrayl-1,2-Propadienyli;0.012567324955116697
70;69 Cyanoethynyl;0.012567324955116697
71;70 Phosphapropynylidyne;0.012567324955116697
