1;17 Formylium;0.09238249594813615
2;30 Silicon Isocyanide;0.027552674230145867
3;32 3-Oxo-1,2-Propadienylidene;0.027552674230145867
4;48 Hydrogen Cyanide;0.027552674230145867
5;52 Thioxoethenylidene;0.027552674230145867
6;59 Thioformaldehyde;0.027552674230145867
7;61 Hydrogen Isocyanide;0.027552674230145867
8;62 Carbon Monosulfide;0.027552674230145867
9;0 1,3,5-Hexatriynyl;0.011345218800648298
10;1 Silicon monosulfide;0.011345218800648298
11;2 Vinyl Cyanide;0.011345218800648298
12;3 Hydroxyl;0.011345218800648298
13;4 Methyliumylidene;0.011345218800648298
14;5 Aluminum Isocyanitrile;0.011345218800648298
15;6 Carbon Monosulfide;0.011345218800648298
16;7 Methyl Acetylene;0.011345218800648298
17;8 1,3-Butadiynyl anion;0.011345218800648298
18;9 Butatrienylidene;0.011345218800648298
19;10 2,4-Pentadiynylidyne;0.011345218800648298
20;11 Aluminum Monochloride;0.011345218800648298
21;12 4-Cyano-1,3-Butadiynyl;0.011345218800648298
22;13 Silicon monosulfide;0.011345218800648298
23;14 Water;0.011345218800648298
24;15 Hydrogen sulfide;0.011345218800648298
25;16 1,3-Butadiynyl radical;0.011345218800648298
26;18 Trihydrogen ion;0.011345218800648298
27;19 Methanimine;0.011345218800648298
28;20 Phosphorus Monoxide;0.011345218800648298
29;21 Methyl Cyanide;0.011345218800648298
30;22 Magnesium Isocyanide;0.011345218800648298
31;23 1,3,5-Hexatriynyl anion;0.011345218800648298
32;24 Phosphaethyne;0.011345218800648298
33;25 1,3,5,7-Octatetraynyl anion;0.011345218800648298
34;26 Silicon Monocarbide;0.011345218800648298
35;27 Cyanomethylene;0.011345218800648298
36;28 3-Thioxo-1,2-Propadieylidene;0.011345218800648298
37;29 Cyanobutadiyne;0.011345218800648298
38;31 Potassium chloride;0.011345218800648298
39;33 Silicon Carbide;0.011345218800648298
40;34 3-Cyano-1,2-propadienylidene;0.011345218800648298
41;35 Nitric sulfide;0.011345218800648298
42;36 Sulfur dioxide;0.011345218800648298
43;37 Ethyne Isocyanide;0.011345218800648298
44;38 Cyanoethynylide ion;0.011345218800648298
45;39 Cyanide Radical;0.011345218800648298
46;40 Carbon Monoxide Ion;0.011345218800648298
47;41 Cyanobutadiynylide anion;0.011345218800648298
48;42 Aluminum Monofluoride;0.011345218800648298
49;43 Formaldehyde;0.011345218800648298
50;44 Sulfur Monoxide;0.011345218800648298
51;45 Silicon tetracarbide;0.011345218800648298
52;46 Ethynyl;0.011345218800648298
53;47 Sodium Chloride;0.011345218800648298
54;49 Sodium Cyanide;0.011345218800648298
55;50 3-Imino-1,2 Propadienylidene;0.011345218800648298
56;51 Methylidyne;0.011345218800648298
57;53 Silicon Monoxide;0.011345218800648298
58;54 1,3,5,7-Octatetraynyl;0.011345218800648298
59;55 Silicon Mononitride;0.011345218800648298
60;56 Carbon Monoxide;0.011345218800648298
61;57 Phosphorous nitride;0.011345218800648298
62;58 Carbon Monophosphide;0.011345218800648298
63;60 Hexatrienyl;0.011345218800648298
64;63 Silicon Cyanide;0.011345218800648298
65;64 2,4,6-Heptatriynylidyne;0.011345218800648298
66;65 Cyclopropenylidene;0.011345218800648298
67;66 Cyanoacetylene;0.011345218800648298
68;67 Magnesium Cyanide;0.011345218800648298
69;68 3-Silanetetrayl-1,2-Propadienyli;0.011345218800648298
70;69 Cyanoethynyl;0.011345218800648298
71;70 Phosphapropynylidyne;0.011345218800648298
