1;0 1,3,5-Hexatriynyl;0.014084507042253521
2;1 Silicon monosulfide;0.014084507042253521
3;2 Vinyl Cyanide;0.014084507042253521
4;3 Hydroxyl;0.014084507042253521
5;4 Methyliumylidene;0.014084507042253521
6;5 Aluminum Isocyanitrile;0.014084507042253521
7;6 Carbon Monosulfide;0.014084507042253521
8;7 Methyl Acetylene;0.014084507042253521
9;8 1,3-Butadiynyl anion;0.014084507042253521
10;9 Butatrienylidene;0.014084507042253521
11;10 2,4-Pentadiynylidyne;0.014084507042253521
12;11 Aluminum Monochloride;0.014084507042253521
13;12 4-Cyano-1,3-Butadiynyl;0.014084507042253521
14;13 Silicon monosulfide;0.014084507042253521
15;14 Water;0.014084507042253521
16;15 Hydrogen sulfide;0.014084507042253521
17;16 1,3-Butadiynyl radical;0.014084507042253521
18;17 Formylium;0.014084507042253521
19;18 Trihydrogen ion;0.014084507042253521
20;19 Methanimine;0.014084507042253521
21;20 Phosphorus Monoxide;0.014084507042253521
22;21 Methyl Cyanide;0.014084507042253521
23;22 Magnesium Isocyanide;0.014084507042253521
24;23 1,3,5-Hexatriynyl anion;0.014084507042253521
25;24 Phosphaethyne;0.014084507042253521
26;25 1,3,5,7-Octatetraynyl anion;0.014084507042253521
27;26 Silicon Monocarbide;0.014084507042253521
28;27 Cyanomethylene;0.014084507042253521
29;28 3-Thioxo-1,2-Propadieylidene;0.014084507042253521
30;29 Cyanobutadiyne;0.014084507042253521
31;30 Silicon Isocyanide;0.014084507042253521
32;31 Potassium chloride;0.014084507042253521
33;32 3-Oxo-1,2-Propadienylidene;0.014084507042253521
34;33 Silicon Carbide;0.014084507042253521
35;34 3-Cyano-1,2-propadienylidene;0.014084507042253521
36;35 Nitric sulfide;0.014084507042253521
37;36 Sulfur dioxide;0.014084507042253521
38;37 Ethyne Isocyanide;0.014084507042253521
39;38 Cyanoethynylide ion;0.014084507042253521
40;39 Cyanide Radical;0.014084507042253521
41;40 Carbon Monoxide Ion;0.014084507042253521
42;41 Cyanobutadiynylide anion;0.014084507042253521
43;42 Aluminum Monofluoride;0.014084507042253521
44;43 Formaldehyde;0.014084507042253521
45;44 Sulfur Monoxide;0.014084507042253521
46;45 Silicon tetracarbide;0.014084507042253521
47;46 Ethynyl;0.014084507042253521
48;47 Sodium Chloride;0.014084507042253521
49;48 Hydrogen Cyanide;0.014084507042253521
50;49 Sodium Cyanide;0.014084507042253521
51;50 3-Imino-1,2 Propadienylidene;0.014084507042253521
52;51 Methylidyne;0.014084507042253521
53;52 Thioxoethenylidene;0.014084507042253521
54;53 Silicon Monoxide;0.014084507042253521
55;54 1,3,5,7-Octatetraynyl;0.014084507042253521
56;55 Silicon Mononitride;0.014084507042253521
57;56 Carbon Monoxide;0.014084507042253521
58;57 Phosphorous nitride;0.014084507042253521
59;58 Carbon Monophosphide;0.014084507042253521
60;59 Thioformaldehyde;0.014084507042253521
61;60 Hexatrienyl;0.014084507042253521
62;61 Hydrogen Isocyanide;0.014084507042253521
63;62 Carbon Monosulfide;0.014084507042253521
64;63 Silicon Cyanide;0.014084507042253521
65;64 2,4,6-Heptatriynylidyne;0.014084507042253521
66;65 Cyclopropenylidene;0.014084507042253521
67;66 Cyanoacetylene;0.014084507042253521
68;67 Magnesium Cyanide;0.014084507042253521
69;68 3-Silanetetrayl-1,2-Propadienyli;0.014084507042253521
70;69 Cyanoethynyl;0.014084507042253521
71;70 Phosphapropynylidyne;0.014084507042253521
