1;29 Formylium;0.10363636363636364
2;0 Methylidyne;0.030909090909090907
3;1 Formaldehyde;0.030909090909090907
4;2 Sulfur dioxide;0.030909090909090907
5;3 Carbon Monoxide;0.030909090909090907
6;4 Acetaldehyde;0.030909090909090907
7;5 Water;0.030909090909090907
8;6 Imidogen;0.030909090909090907
9;7 Carbon Monoxide Ion;0.030909090909090907
10;8 Nitric sulfide;0.030909090909090907
11;9 Isocyanic Acid;0.030909090909090907
12;10 Formic Acid;0.030909090909090907
13;11 Amidogen;0.030909090909090907
14;12 Ethylene Glycol;0.030909090909090907
15;13 Methyliumylidene;0.030909090909090907
16;14 Cyanide Radical;0.030909090909090907
17;15 Carbonyl Sulfide;0.030909090909090907
18;16 Hydroxyl;0.030909090909090907
19;17 Nitric oxide;0.030909090909090907
20;18 Methyl Cyanide;0.030909090909090907
21;19 Cyclopropenylidene;0.030909090909090907
22;20 Sulfur Monoxide ion;0.030909090909090907
23;21 Methanol;0.030909090909090907
24;22 Thioformaldehyde;0.030909090909090907
25;23 Ammonia;0.030909090909090907
26;24 Cyanoacetylene;0.030909090909090907
27;25 Hydrogen Cyanide;0.030909090909090907
28;26 Hydrogen sulfide;0.030909090909090907
29;27 Molecular oxygen;0.030909090909090907
30;28 Hydrogen Isocyanide;0.030909090909090907
