1;25 Hydrogen Cyanide;0.3773809523809524
2;3 Carbon Monoxide;0.055952380952380955
3;0 Methylidyne;0.02023809523809524
4;1 Formaldehyde;0.02023809523809524
5;2 Sulfur dioxide;0.02023809523809524
6;4 Acetaldehyde;0.02023809523809524
7;5 Water;0.02023809523809524
8;6 Imidogen;0.02023809523809524
9;7 Carbon Monoxide Ion;0.02023809523809524
10;8 Nitric sulfide;0.02023809523809524
11;9 Isocyanic Acid;0.02023809523809524
12;10 Formic Acid;0.02023809523809524
13;11 Amidogen;0.02023809523809524
14;12 Ethylene Glycol;0.02023809523809524
15;13 Methyliumylidene;0.02023809523809524
16;14 Cyanide Radical;0.02023809523809524
17;15 Carbonyl Sulfide;0.02023809523809524
18;16 Hydroxyl;0.02023809523809524
19;17 Nitric oxide;0.02023809523809524
20;18 Methyl Cyanide;0.02023809523809524
21;19 Cyclopropenylidene;0.02023809523809524
22;20 Sulfur Monoxide ion;0.02023809523809524
23;21 Methanol;0.02023809523809524
24;22 Thioformaldehyde;0.02023809523809524
25;23 Ammonia;0.02023809523809524
26;24 Cyanoacetylene;0.02023809523809524
27;26 Hydrogen sulfide;0.02023809523809524
28;27 Molecular oxygen;0.02023809523809524
29;28 Hydrogen Isocyanide;0.02023809523809524
30;29 Formylium;0.02023809523809524
