1;30 Carbon Monosulfide;0.06367041198501873
2;28 Protonated Carbon Dioxide;0.0449438202247191
3;0 Methylidyne;0.026217228464419474
4;1 1,3-Butadiynyl radical;0.026217228464419474
5;2 Formaldehyde;0.026217228464419474
6;3 Sulfur dioxide;0.026217228464419474
7;4 Carbon Monoxide;0.026217228464419474
8;5 Water;0.026217228464419474
9;6 Carbon Monoxide Ion;0.026217228464419474
10;7 Nitric sulfide;0.026217228464419474
11;8 Isocyanic Acid;0.026217228464419474
12;9 Methyliumylidene;0.026217228464419474
13;10 Cyanide Radical;0.026217228464419474
14;11 Ethynyl;0.026217228464419474
15;12 Carbonyl Sulfide;0.026217228464419474
16;13 Hydroxyl;0.026217228464419474
17;14 Diazenylium;0.026217228464419474
18;15 Thioxoethenylidene;0.026217228464419474
19;16 Nitric oxide;0.026217228464419474
20;17 Methyl Cyanide;0.026217228464419474
21;18 Cyclopropenylidene;0.026217228464419474
22;19 Methanimine;0.026217228464419474
23;20 Methanol;0.026217228464419474
24;21 Thioformaldehyde;0.026217228464419474
25;22 Ammonia;0.026217228464419474
26;23 Cyanamide;0.026217228464419474
27;24 Cyanoacetylene;0.026217228464419474
28;25 Sodium Chloride;0.026217228464419474
29;26 Silicon Monoxide;0.026217228464419474
30;27 Sulfur Monoxide;0.026217228464419474
31;29 Hydrogen Cyanide;0.026217228464419474
32;31 Hydrogen sulfide;0.026217228464419474
33;32 Molecular oxygen;0.026217228464419474
34;33 Hydrogen Isocyanide;0.026217228464419474
35;34 Formylium;0.026217228464419474
36;35 Methyl Acetylene;0.026217228464419474
