1;4 Methyliumylidene;0.7623685235683677
2;17 Formylium;0.04947409427347098
3;0 1,3,5-Hexatriynyl;0.0027269185820023374
4;1 Silicon monosulfide;0.0027269185820023374
5;2 Vinyl Cyanide;0.0027269185820023374
6;3 Hydroxyl;0.0027269185820023374
7;5 Aluminum Isocyanitrile;0.0027269185820023374
8;6 Carbon Monosulfide;0.0027269185820023374
9;7 Methyl Acetylene;0.0027269185820023374
10;8 1,3-Butadiynyl anion;0.0027269185820023374
11;9 Butatrienylidene;0.0027269185820023374
12;10 2,4-Pentadiynylidyne;0.0027269185820023374
13;11 Aluminum Monochloride;0.0027269185820023374
14;12 4-Cyano-1,3-Butadiynyl;0.0027269185820023374
15;13 Silicon monosulfide;0.0027269185820023374
16;14 Water;0.0027269185820023374
17;15 Hydrogen sulfide;0.0027269185820023374
18;16 1,3-Butadiynyl radical;0.0027269185820023374
19;18 Trihydrogen ion;0.0027269185820023374
20;19 Methanimine;0.0027269185820023374
21;20 Phosphorus Monoxide;0.0027269185820023374
22;21 Methyl Cyanide;0.0027269185820023374
23;22 Magnesium Isocyanide;0.0027269185820023374
24;23 1,3,5-Hexatriynyl anion;0.0027269185820023374
25;24 Phosphaethyne;0.0027269185820023374
26;25 1,3,5,7-Octatetraynyl anion;0.0027269185820023374
27;26 Silicon Monocarbide;0.0027269185820023374
28;27 Cyanomethylene;0.0027269185820023374
29;28 3-Thioxo-1,2-Propadieylidene;0.0027269185820023374
30;29 Cyanobutadiyne;0.0027269185820023374
31;30 Silicon Isocyanide;0.0027269185820023374
32;31 Potassium chloride;0.0027269185820023374
33;32 3-Oxo-1,2-Propadienylidene;0.0027269185820023374
34;33 Silicon Carbide;0.0027269185820023374
35;34 3-Cyano-1,2-propadienylidene;0.0027269185820023374
36;35 Nitric sulfide;0.0027269185820023374
37;36 Sulfur dioxide;0.0027269185820023374
38;37 Ethyne Isocyanide;0.0027269185820023374
39;38 Cyanoethynylide ion;0.0027269185820023374
40;39 Cyanide Radical;0.0027269185820023374
41;40 Carbon Monoxide Ion;0.0027269185820023374
42;41 Cyanobutadiynylide anion;0.0027269185820023374
43;42 Aluminum Monofluoride;0.0027269185820023374
44;43 Formaldehyde;0.0027269185820023374
45;44 Sulfur Monoxide;0.0027269185820023374
46;45 Silicon tetracarbide;0.0027269185820023374
47;46 Ethynyl;0.0027269185820023374
48;47 Sodium Chloride;0.0027269185820023374
49;48 Hydrogen Cyanide;0.0027269185820023374
50;49 Sodium Cyanide;0.0027269185820023374
51;50 3-Imino-1,2 Propadienylidene;0.0027269185820023374
52;51 Methylidyne;0.0027269185820023374
53;52 Thioxoethenylidene;0.0027269185820023374
54;53 Silicon Monoxide;0.0027269185820023374
55;54 1,3,5,7-Octatetraynyl;0.0027269185820023374
56;55 Silicon Mononitride;0.0027269185820023374
57;56 Carbon Monoxide;0.0027269185820023374
58;57 Phosphorous nitride;0.0027269185820023374
59;58 Carbon Monophosphide;0.0027269185820023374
60;59 Thioformaldehyde;0.0027269185820023374
61;60 Hexatrienyl;0.0027269185820023374
62;61 Hydrogen Isocyanide;0.0027269185820023374
63;62 Carbon Monosulfide;0.0027269185820023374
64;63 Silicon Cyanide;0.0027269185820023374
65;64 2,4,6-Heptatriynylidyne;0.0027269185820023374
66;65 Cyclopropenylidene;0.0027269185820023374
67;66 Cyanoacetylene;0.0027269185820023374
68;67 Magnesium Cyanide;0.0027269185820023374
69;68 3-Silanetetrayl-1,2-Propadienyli;0.0027269185820023374
70;69 Cyanoethynyl;0.0027269185820023374
71;70 Phosphapropynylidyne;0.0027269185820023374
