HD163296_CO_2_1.image;model_agb_ppn_pn_tr_500it;1;34 3-Cyano-1,2-propadienylidene;0.5224450811843363
HD163296_CO_2_1.image;model_agb_ppn_pn_tr_500it;2;32 3-Oxo-1,2-Propadienylidene;0.01623686723973257
HD163296_CO_2_1.image;model_agb_ppn_pn_tr_500it;3;0 1,3,5-Hexatriynyl;0.0066857688634192934
HD163296_CO_2_1.image;model_agb_ppn_pn_tr_500it;4;1 Silicon monosulfide;0.0066857688634192934
HD163296_CO_2_1.image;model_agb_ppn_pn_tr_500it;5;2 Vinyl Cyanide;0.0066857688634192934
HD163296_CO_2_1.image;model_agb_ppn_pn_2_500it;1;60 Hexatrienyl;0.5319961795606496
HD163296_CO_2_1.image;model_agb_ppn_pn_2_500it;2;0 1,3,5-Hexatriynyl;0.0066857688634192934
HD163296_CO_2_1.image;model_agb_ppn_pn_2_500it;3;1 Silicon monosulfide;0.0066857688634192934
HD163296_CO_2_1.image;model_agb_ppn_pn_2_500it;4;2 Vinyl Cyanide;0.0066857688634192934
HD163296_CO_2_1.image;model_agb_ppn_pn_2_500it;5;3 Hydroxyl;0.0066857688634192934
HD163296_CO_2_1.image;model_agb_ppn_pn_full_500it;1;8 1,3-Butadiynyl anion;0.5319961795606496
HD163296_CO_2_1.image;model_agb_ppn_pn_full_500it;2;0 1,3,5-Hexatriynyl;0.0066857688634192934
HD163296_CO_2_1.image;model_agb_ppn_pn_full_500it;3;1 Silicon monosulfide;0.0066857688634192934
HD163296_CO_2_1.image;model_agb_ppn_pn_full_500it;4;2 Vinyl Cyanide;0.0066857688634192934
HD163296_CO_2_1.image;model_agb_ppn_pn_full_500it;5;3 Hydroxyl;0.0066857688634192934
HD163296_CO_2_1.image;model_agb_ppn_pn_full_expanded_00002_500it;1;24 Phosphaethyne;0.5319961795606496
HD163296_CO_2_1.image;model_agb_ppn_pn_full_expanded_00002_500it;2;0 1,3,5-Hexatriynyl;0.0066857688634192934
HD163296_CO_2_1.image;model_agb_ppn_pn_full_expanded_00002_500it;3;1 Silicon monosulfide;0.0066857688634192934
HD163296_CO_2_1.image;model_agb_ppn_pn_full_expanded_00002_500it;4;2 Vinyl Cyanide;0.0066857688634192934
HD163296_CO_2_1.image;model_agb_ppn_pn_full_expanded_00002_500it;5;3 Hydroxyl;0.0066857688634192934
HD163296_CO_2_1.image;model_agb_ppn_pn_full_expanded_00010_500it;1;60 Hexatrienyl;0.5319961795606496
HD163296_CO_2_1.image;model_agb_ppn_pn_full_expanded_00010_500it;2;0 1,3,5-Hexatriynyl;0.0066857688634192934
HD163296_CO_2_1.image;model_agb_ppn_pn_full_expanded_00010_500it;3;1 Silicon monosulfide;0.0066857688634192934
HD163296_CO_2_1.image;model_agb_ppn_pn_full_expanded_00010_500it;4;2 Vinyl Cyanide;0.0066857688634192934
HD163296_CO_2_1.image;model_agb_ppn_pn_full_expanded_00010_500it;5;3 Hydroxyl;0.0066857688634192934
Orion.HNC.cbc.contsub.image;model_agb_ppn_pn_tr_500it;1;4 Methyliumylidene;0.8342915116672303
Orion.HNC.cbc.contsub.image;model_agb_ppn_pn_tr_500it;2;0 1,3,5-Hexatriynyl;0.0023672641190395673
Orion.HNC.cbc.contsub.image;model_agb_ppn_pn_tr_500it;3;1 Silicon monosulfide;0.0023672641190395673
Orion.HNC.cbc.contsub.image;model_agb_ppn_pn_tr_500it;4;2 Vinyl Cyanide;0.0023672641190395673
Orion.HNC.cbc.contsub.image;model_agb_ppn_pn_tr_500it;5;3 Hydroxyl;0.0023672641190395673
Orion.HNC.cbc.contsub.image;model_agb_ppn_pn_2_500it;1;60 Hexatrienyl;0.8342915116672303
Orion.HNC.cbc.contsub.image;model_agb_ppn_pn_2_500it;2;0 1,3,5-Hexatriynyl;0.0023672641190395673
Orion.HNC.cbc.contsub.image;model_agb_ppn_pn_2_500it;3;1 Silicon monosulfide;0.0023672641190395673
Orion.HNC.cbc.contsub.image;model_agb_ppn_pn_2_500it;4;2 Vinyl Cyanide;0.0023672641190395673
Orion.HNC.cbc.contsub.image;model_agb_ppn_pn_2_500it;5;3 Hydroxyl;0.0023672641190395673
Orion.HNC.cbc.contsub.image;model_agb_ppn_pn_full_500it;1;4 Methyliumylidene;0.8342915116672303
Orion.HNC.cbc.contsub.image;model_agb_ppn_pn_full_500it;2;0 1,3,5-Hexatriynyl;0.0023672641190395673
Orion.HNC.cbc.contsub.image;model_agb_ppn_pn_full_500it;3;1 Silicon monosulfide;0.0023672641190395673
Orion.HNC.cbc.contsub.image;model_agb_ppn_pn_full_500it;4;2 Vinyl Cyanide;0.0023672641190395673
Orion.HNC.cbc.contsub.image;model_agb_ppn_pn_full_500it;5;3 Hydroxyl;0.0023672641190395673
Orion.HNC.cbc.contsub.image;model_agb_ppn_pn_full_expanded_00002_500it;1;55 Silicon Mononitride;0.8342915116672303
Orion.HNC.cbc.contsub.image;model_agb_ppn_pn_full_expanded_00002_500it;2;0 1,3,5-Hexatriynyl;0.0023672641190395673
Orion.HNC.cbc.contsub.image;model_agb_ppn_pn_full_expanded_00002_500it;3;1 Silicon monosulfide;0.0023672641190395673
Orion.HNC.cbc.contsub.image;model_agb_ppn_pn_full_expanded_00002_500it;4;2 Vinyl Cyanide;0.0023672641190395673
Orion.HNC.cbc.contsub.image;model_agb_ppn_pn_full_expanded_00002_500it;5;3 Hydroxyl;0.0023672641190395673
Orion.HNC.cbc.contsub.image;model_agb_ppn_pn_full_expanded_00010_500it;1;6 Carbon Monosulfide;0.8342915116672303
Orion.HNC.cbc.contsub.image;model_agb_ppn_pn_full_expanded_00010_500it;2;0 1,3,5-Hexatriynyl;0.0023672641190395673
Orion.HNC.cbc.contsub.image;model_agb_ppn_pn_full_expanded_00010_500it;3;1 Silicon monosulfide;0.0023672641190395673
Orion.HNC.cbc.contsub.image;model_agb_ppn_pn_full_expanded_00010_500it;4;2 Vinyl Cyanide;0.0023672641190395673
Orion.HNC.cbc.contsub.image;model_agb_ppn_pn_full_expanded_00010_500it;5;3 Hydroxyl;0.0023672641190395673
TWHydra_HCOplusline.image;model_agb_ppn_pn_tr_500it;1;48 Hydrogen Cyanide;0.28086838534599734
TWHydra_HCOplusline.image;model_agb_ppn_pn_tr_500it;2;67 Magnesium Cyanide;0.05020352781546812
TWHydra_HCOplusline.image;model_agb_ppn_pn_tr_500it;3;17 Formylium;0.02306648575305292
TWHydra_HCOplusline.image;model_agb_ppn_pn_tr_500it;4;0 1,3,5-Hexatriynyl;0.009497964721845319
TWHydra_HCOplusline.image;model_agb_ppn_pn_tr_500it;5;1 Silicon monosulfide;0.009497964721845319
TWHydra_HCOplusline.image;model_agb_ppn_pn_2_500it;1;17 Formylium;0.3351424694708277
TWHydra_HCOplusline.image;model_agb_ppn_pn_2_500it;2;0 1,3,5-Hexatriynyl;0.009497964721845319
TWHydra_HCOplusline.image;model_agb_ppn_pn_2_500it;3;1 Silicon monosulfide;0.009497964721845319
TWHydra_HCOplusline.image;model_agb_ppn_pn_2_500it;4;2 Vinyl Cyanide;0.009497964721845319
TWHydra_HCOplusline.image;model_agb_ppn_pn_2_500it;5;3 Hydroxyl;0.009497964721845319
TWHydra_HCOplusline.image;model_agb_ppn_pn_full_500it;1;17 Formylium;0.3351424694708277
TWHydra_HCOplusline.image;model_agb_ppn_pn_full_500it;2;0 1,3,5-Hexatriynyl;0.009497964721845319
TWHydra_HCOplusline.image;model_agb_ppn_pn_full_500it;3;1 Silicon monosulfide;0.009497964721845319
TWHydra_HCOplusline.image;model_agb_ppn_pn_full_500it;4;2 Vinyl Cyanide;0.009497964721845319
TWHydra_HCOplusline.image;model_agb_ppn_pn_full_500it;5;3 Hydroxyl;0.009497964721845319
TWHydra_HCOplusline.image;model_agb_ppn_pn_full_expanded_00002_500it;1;17 Formylium;0.3351424694708277
TWHydra_HCOplusline.image;model_agb_ppn_pn_full_expanded_00002_500it;2;0 1,3,5-Hexatriynyl;0.009497964721845319
TWHydra_HCOplusline.image;model_agb_ppn_pn_full_expanded_00002_500it;3;1 Silicon monosulfide;0.009497964721845319
TWHydra_HCOplusline.image;model_agb_ppn_pn_full_expanded_00002_500it;4;2 Vinyl Cyanide;0.009497964721845319
TWHydra_HCOplusline.image;model_agb_ppn_pn_full_expanded_00002_500it;5;3 Hydroxyl;0.009497964721845319
TWHydra_HCOplusline.image;model_agb_ppn_pn_full_expanded_00010_500it;1;17 Formylium;0.3080054274084125
TWHydra_HCOplusline.image;model_agb_ppn_pn_full_expanded_00010_500it;2;23 1,3,5-Hexatriynyl anion;0.02306648575305292
TWHydra_HCOplusline.image;model_agb_ppn_pn_full_expanded_00010_500it;3;29 Cyanobutadiyne;0.02306648575305292
TWHydra_HCOplusline.image;model_agb_ppn_pn_full_expanded_00010_500it;4;0 1,3,5-Hexatriynyl;0.009497964721845319
TWHydra_HCOplusline.image;model_agb_ppn_pn_full_expanded_00010_500it;5;1 Silicon monosulfide;0.009497964721845319
DMTau.CS_5-4.image;model_agb_ppn_pn_tr_500it;1;29 Cyanobutadiyne;0.2887029288702929
DMTau.CS_5-4.image;model_agb_ppn_pn_tr_500it;2;0 1,3,5-Hexatriynyl;0.02370990237099024
DMTau.CS_5-4.image;model_agb_ppn_pn_tr_500it;3;67 Magnesium Cyanide;0.02370990237099024
DMTau.CS_5-4.image;model_agb_ppn_pn_tr_500it;4;1 Silicon monosulfide;0.009762900976290099
DMTau.CS_5-4.image;model_agb_ppn_pn_tr_500it;5;2 Vinyl Cyanide;0.009762900976290099
DMTau.CS_5-4.image;model_agb_ppn_pn_2_500it;1;60 Hexatrienyl;0.3165969316596932
DMTau.CS_5-4.image;model_agb_ppn_pn_2_500it;2;0 1,3,5-Hexatriynyl;0.009762900976290099
DMTau.CS_5-4.image;model_agb_ppn_pn_2_500it;3;1 Silicon monosulfide;0.009762900976290099
DMTau.CS_5-4.image;model_agb_ppn_pn_2_500it;4;2 Vinyl Cyanide;0.009762900976290099
DMTau.CS_5-4.image;model_agb_ppn_pn_2_500it;5;3 Hydroxyl;0.009762900976290099
DMTau.CS_5-4.image;model_agb_ppn_pn_full_500it;1;18 Trihydrogen ion;0.3165969316596932
DMTau.CS_5-4.image;model_agb_ppn_pn_full_500it;2;0 1,3,5-Hexatriynyl;0.009762900976290099
DMTau.CS_5-4.image;model_agb_ppn_pn_full_500it;3;1 Silicon monosulfide;0.009762900976290099
DMTau.CS_5-4.image;model_agb_ppn_pn_full_500it;4;2 Vinyl Cyanide;0.009762900976290099
DMTau.CS_5-4.image;model_agb_ppn_pn_full_500it;5;3 Hydroxyl;0.009762900976290099
DMTau.CS_5-4.image;model_agb_ppn_pn_full_expanded_00002_500it;1;6 Carbon Monosulfide;0.3165969316596932
DMTau.CS_5-4.image;model_agb_ppn_pn_full_expanded_00002_500it;2;0 1,3,5-Hexatriynyl;0.009762900976290099
DMTau.CS_5-4.image;model_agb_ppn_pn_full_expanded_00002_500it;3;1 Silicon monosulfide;0.009762900976290099
DMTau.CS_5-4.image;model_agb_ppn_pn_full_expanded_00002_500it;4;2 Vinyl Cyanide;0.009762900976290099
DMTau.CS_5-4.image;model_agb_ppn_pn_full_expanded_00002_500it;5;3 Hydroxyl;0.009762900976290099
DMTau.CS_5-4.image;model_agb_ppn_pn_full_expanded_00010_500it;1;6 Carbon Monosulfide;0.3165969316596932
DMTau.CS_5-4.image;model_agb_ppn_pn_full_expanded_00010_500it;2;0 1,3,5-Hexatriynyl;0.009762900976290099
DMTau.CS_5-4.image;model_agb_ppn_pn_full_expanded_00010_500it;3;1 Silicon monosulfide;0.009762900976290099
DMTau.CS_5-4.image;model_agb_ppn_pn_full_expanded_00010_500it;4;2 Vinyl Cyanide;0.009762900976290099
DMTau.CS_5-4.image;model_agb_ppn_pn_full_expanded_00010_500it;5;3 Hydroxyl;0.009762900976290099
TWHydra_CO3_2line.image;model_agb_ppn_pn_tr_500it;1;22 Magnesium Isocyanide;0.37264742785445426
TWHydra_CO3_2line.image;model_agb_ppn_pn_tr_500it;2;50 3-Imino-1,2 Propadienylidene;0.02132998745294856
TWHydra_CO3_2line.image;model_agb_ppn_pn_tr_500it;3;0 1,3,5-Hexatriynyl;0.008782936010037642
TWHydra_CO3_2line.image;model_agb_ppn_pn_tr_500it;4;1 Silicon monosulfide;0.008782936010037642
TWHydra_CO3_2line.image;model_agb_ppn_pn_tr_500it;5;2 Vinyl Cyanide;0.008782936010037642
TWHydra_CO3_2line.image;model_agb_ppn_pn_2_500it;1;8 1,3-Butadiynyl anion;0.38519447929736517
TWHydra_CO3_2line.image;model_agb_ppn_pn_2_500it;2;0 1,3,5-Hexatriynyl;0.008782936010037642
TWHydra_CO3_2line.image;model_agb_ppn_pn_2_500it;3;1 Silicon monosulfide;0.008782936010037642
TWHydra_CO3_2line.image;model_agb_ppn_pn_2_500it;4;2 Vinyl Cyanide;0.008782936010037642
TWHydra_CO3_2line.image;model_agb_ppn_pn_2_500it;5;3 Hydroxyl;0.008782936010037642
TWHydra_CO3_2line.image;model_agb_ppn_pn_full_500it;1;4 Methyliumylidene;0.38519447929736517
TWHydra_CO3_2line.image;model_agb_ppn_pn_full_500it;2;0 1,3,5-Hexatriynyl;0.008782936010037642
TWHydra_CO3_2line.image;model_agb_ppn_pn_full_500it;3;1 Silicon monosulfide;0.008782936010037642
TWHydra_CO3_2line.image;model_agb_ppn_pn_full_500it;4;2 Vinyl Cyanide;0.008782936010037642
TWHydra_CO3_2line.image;model_agb_ppn_pn_full_500it;5;3 Hydroxyl;0.008782936010037642
TWHydra_CO3_2line.image;model_agb_ppn_pn_full_expanded_00002_500it;1;56 Carbon Monoxide;0.37264742785445426
TWHydra_CO3_2line.image;model_agb_ppn_pn_full_expanded_00002_500it;2;61 Hydrogen Isocyanide;0.02132998745294856
TWHydra_CO3_2line.image;model_agb_ppn_pn_full_expanded_00002_500it;3;0 1,3,5-Hexatriynyl;0.008782936010037642
TWHydra_CO3_2line.image;model_agb_ppn_pn_full_expanded_00002_500it;4;1 Silicon monosulfide;0.008782936010037642
TWHydra_CO3_2line.image;model_agb_ppn_pn_full_expanded_00002_500it;5;2 Vinyl Cyanide;0.008782936010037642
TWHydra_CO3_2line.image;model_agb_ppn_pn_full_expanded_00010_500it;1;56 Carbon Monoxide;0.37264742785445426
TWHydra_CO3_2line.image;model_agb_ppn_pn_full_expanded_00010_500it;2;13 Silicon monosulfide;0.02132998745294856
TWHydra_CO3_2line.image;model_agb_ppn_pn_full_expanded_00010_500it;3;0 1,3,5-Hexatriynyl;0.008782936010037642
TWHydra_CO3_2line.image;model_agb_ppn_pn_full_expanded_00010_500it;4;1 Silicon monosulfide;0.008782936010037642
TWHydra_CO3_2line.image;model_agb_ppn_pn_full_expanded_00010_500it;5;2 Vinyl Cyanide;0.008782936010037642
uid___A002_Xa916fc_X668__IRS43_HCO32.final.image.pbcor;model_agb_ppn_pn_tr_500it;1;17 Formylium;0.8927085614188746
uid___A002_Xa916fc_X668__IRS43_HCO32.final.image.pbcor;model_agb_ppn_pn_tr_500it;2;0 1,3,5-Hexatriynyl;0.001532734836873221
uid___A002_Xa916fc_X668__IRS43_HCO32.final.image.pbcor;model_agb_ppn_pn_tr_500it;3;1 Silicon monosulfide;0.001532734836873221
uid___A002_Xa916fc_X668__IRS43_HCO32.final.image.pbcor;model_agb_ppn_pn_tr_500it;4;2 Vinyl Cyanide;0.001532734836873221
uid___A002_Xa916fc_X668__IRS43_HCO32.final.image.pbcor;model_agb_ppn_pn_tr_500it;5;3 Hydroxyl;0.001532734836873221
uid___A002_Xa916fc_X668__IRS43_HCO32.final.image.pbcor;model_agb_ppn_pn_2_500it;1;4 Methyliumylidene;0.8927085614188746
uid___A002_Xa916fc_X668__IRS43_HCO32.final.image.pbcor;model_agb_ppn_pn_2_500it;2;0 1,3,5-Hexatriynyl;0.001532734836873221
uid___A002_Xa916fc_X668__IRS43_HCO32.final.image.pbcor;model_agb_ppn_pn_2_500it;3;1 Silicon monosulfide;0.001532734836873221
uid___A002_Xa916fc_X668__IRS43_HCO32.final.image.pbcor;model_agb_ppn_pn_2_500it;4;2 Vinyl Cyanide;0.001532734836873221
uid___A002_Xa916fc_X668__IRS43_HCO32.final.image.pbcor;model_agb_ppn_pn_2_500it;5;3 Hydroxyl;0.001532734836873221
uid___A002_Xa916fc_X668__IRS43_HCO32.final.image.pbcor;model_agb_ppn_pn_full_500it;1;4 Methyliumylidene;0.8576746222903437
uid___A002_Xa916fc_X668__IRS43_HCO32.final.image.pbcor;model_agb_ppn_pn_full_500it;2;17 Formylium;0.03656667396540399
uid___A002_Xa916fc_X668__IRS43_HCO32.final.image.pbcor;model_agb_ppn_pn_full_500it;3;0 1,3,5-Hexatriynyl;0.001532734836873221
uid___A002_Xa916fc_X668__IRS43_HCO32.final.image.pbcor;model_agb_ppn_pn_full_500it;4;1 Silicon monosulfide;0.001532734836873221
uid___A002_Xa916fc_X668__IRS43_HCO32.final.image.pbcor;model_agb_ppn_pn_full_500it;5;2 Vinyl Cyanide;0.001532734836873221
uid___A002_Xa916fc_X668__IRS43_HCO32.final.image.pbcor;model_agb_ppn_pn_full_expanded_00002_500it;1;67 Magnesium Cyanide;0.8927085614188746
uid___A002_Xa916fc_X668__IRS43_HCO32.final.image.pbcor;model_agb_ppn_pn_full_expanded_00002_500it;2;0 1,3,5-Hexatriynyl;0.001532734836873221
uid___A002_Xa916fc_X668__IRS43_HCO32.final.image.pbcor;model_agb_ppn_pn_full_expanded_00002_500it;3;1 Silicon monosulfide;0.001532734836873221
uid___A002_Xa916fc_X668__IRS43_HCO32.final.image.pbcor;model_agb_ppn_pn_full_expanded_00002_500it;4;2 Vinyl Cyanide;0.001532734836873221
uid___A002_Xa916fc_X668__IRS43_HCO32.final.image.pbcor;model_agb_ppn_pn_full_expanded_00002_500it;5;3 Hydroxyl;0.001532734836873221
uid___A002_Xa916fc_X668__IRS43_HCO32.final.image.pbcor;model_agb_ppn_pn_full_expanded_00010_500it;1;52 Thioxoethenylidene;0.8927085614188746
uid___A002_Xa916fc_X668__IRS43_HCO32.final.image.pbcor;model_agb_ppn_pn_full_expanded_00010_500it;2;0 1,3,5-Hexatriynyl;0.001532734836873221
uid___A002_Xa916fc_X668__IRS43_HCO32.final.image.pbcor;model_agb_ppn_pn_full_expanded_00010_500it;3;1 Silicon monosulfide;0.001532734836873221
uid___A002_Xa916fc_X668__IRS43_HCO32.final.image.pbcor;model_agb_ppn_pn_full_expanded_00010_500it;4;2 Vinyl Cyanide;0.001532734836873221
uid___A002_Xa916fc_X668__IRS43_HCO32.final.image.pbcor;model_agb_ppn_pn_full_expanded_00010_500it;5;3 Hydroxyl;0.001532734836873221
