1;9 Methyliumylidene;0.6270928462709284
2;0 Methylidyne;0.0106544901065449
3;1 1,3-Butadiynyl radical;0.0106544901065449
4;2 Formaldehyde;0.0106544901065449
5;3 Sulfur dioxide;0.0106544901065449
6;4 Carbon Monoxide;0.0106544901065449
7;5 Water;0.0106544901065449
8;6 Carbon Monoxide Ion;0.0106544901065449
9;7 Nitric sulfide;0.0106544901065449
10;8 Isocyanic Acid;0.0106544901065449
11;10 Cyanide Radical;0.0106544901065449
12;11 Ethynyl;0.0106544901065449
13;12 Carbonyl Sulfide;0.0106544901065449
14;13 Hydroxyl;0.0106544901065449
15;14 Diazenylium;0.0106544901065449
16;15 Thioxoethenylidene;0.0106544901065449
17;16 Nitric oxide;0.0106544901065449
18;17 Methyl Cyanide;0.0106544901065449
19;18 Cyclopropenylidene;0.0106544901065449
20;19 Methanimine;0.0106544901065449
21;20 Methanol;0.0106544901065449
22;21 Thioformaldehyde;0.0106544901065449
23;22 Ammonia;0.0106544901065449
24;23 Cyanamide;0.0106544901065449
25;24 Cyanoacetylene;0.0106544901065449
26;25 Sodium Chloride;0.0106544901065449
27;26 Silicon Monoxide;0.0106544901065449
28;27 Sulfur Monoxide;0.0106544901065449
29;28 Protonated Carbon Dioxide;0.0106544901065449
30;29 Hydrogen Cyanide;0.0106544901065449
31;30 Carbon Monosulfide;0.0106544901065449
32;31 Hydrogen sulfide;0.0106544901065449
33;32 Molecular oxygen;0.0106544901065449
34;33 Hydrogen Isocyanide;0.0106544901065449
35;34 Formylium;0.0106544901065449
36;35 Methyl Acetylene;0.0106544901065449
