1;38 Cyanoethynylide ion;0.8824094072474202
2;0 1,3,5-Hexatriynyl;0.0016798656107511398
3;1 Silicon monosulfide;0.0016798656107511398
4;2 Vinyl Cyanide;0.0016798656107511398
5;3 Hydroxyl;0.0016798656107511398
6;4 Methyliumylidene;0.0016798656107511398
7;5 Aluminum Isocyanitrile;0.0016798656107511398
8;6 Carbon Monosulfide;0.0016798656107511398
9;7 Methyl Acetylene;0.0016798656107511398
10;8 1,3-Butadiynyl anion;0.0016798656107511398
11;9 Butatrienylidene;0.0016798656107511398
12;10 2,4-Pentadiynylidyne;0.0016798656107511398
13;11 Aluminum Monochloride;0.0016798656107511398
14;12 4-Cyano-1,3-Butadiynyl;0.0016798656107511398
15;13 Silicon monosulfide;0.0016798656107511398
16;14 Water;0.0016798656107511398
17;15 Hydrogen sulfide;0.0016798656107511398
18;16 1,3-Butadiynyl radical;0.0016798656107511398
19;17 Formylium;0.0016798656107511398
20;18 Trihydrogen ion;0.0016798656107511398
21;19 Methanimine;0.0016798656107511398
22;20 Phosphorus Monoxide;0.0016798656107511398
23;21 Methyl Cyanide;0.0016798656107511398
24;22 Magnesium Isocyanide;0.0016798656107511398
25;23 1,3,5-Hexatriynyl anion;0.0016798656107511398
26;24 Phosphaethyne;0.0016798656107511398
27;25 1,3,5,7-Octatetraynyl anion;0.0016798656107511398
28;26 Silicon Monocarbide;0.0016798656107511398
29;27 Cyanomethylene;0.0016798656107511398
30;28 3-Thioxo-1,2-Propadieylidene;0.0016798656107511398
31;29 Cyanobutadiyne;0.0016798656107511398
32;30 Silicon Isocyanide;0.0016798656107511398
33;31 Potassium chloride;0.0016798656107511398
34;32 3-Oxo-1,2-Propadienylidene;0.0016798656107511398
35;33 Silicon Carbide;0.0016798656107511398
36;34 3-Cyano-1,2-propadienylidene;0.0016798656107511398
37;35 Nitric sulfide;0.0016798656107511398
38;36 Sulfur dioxide;0.0016798656107511398
39;37 Ethyne Isocyanide;0.0016798656107511398
40;39 Cyanide Radical;0.0016798656107511398
41;40 Carbon Monoxide Ion;0.0016798656107511398
42;41 Cyanobutadiynylide anion;0.0016798656107511398
43;42 Aluminum Monofluoride;0.0016798656107511398
44;43 Formaldehyde;0.0016798656107511398
45;44 Sulfur Monoxide;0.0016798656107511398
46;45 Silicon tetracarbide;0.0016798656107511398
47;46 Ethynyl;0.0016798656107511398
48;47 Sodium Chloride;0.0016798656107511398
49;48 Hydrogen Cyanide;0.0016798656107511398
50;49 Sodium Cyanide;0.0016798656107511398
51;50 3-Imino-1,2 Propadienylidene;0.0016798656107511398
52;51 Methylidyne;0.0016798656107511398
53;52 Thioxoethenylidene;0.0016798656107511398
54;53 Silicon Monoxide;0.0016798656107511398
55;54 1,3,5,7-Octatetraynyl;0.0016798656107511398
56;55 Silicon Mononitride;0.0016798656107511398
57;56 Carbon Monoxide;0.0016798656107511398
58;57 Phosphorous nitride;0.0016798656107511398
59;58 Carbon Monophosphide;0.0016798656107511398
60;59 Thioformaldehyde;0.0016798656107511398
61;60 Hexatrienyl;0.0016798656107511398
62;61 Hydrogen Isocyanide;0.0016798656107511398
63;62 Carbon Monosulfide;0.0016798656107511398
64;63 Silicon Cyanide;0.0016798656107511398
65;64 2,4,6-Heptatriynylidyne;0.0016798656107511398
66;65 Cyclopropenylidene;0.0016798656107511398
67;66 Cyanoacetylene;0.0016798656107511398
68;67 Magnesium Cyanide;0.0016798656107511398
69;68 3-Silanetetrayl-1,2-Propadienyli;0.0016798656107511398
70;69 Cyanoethynyl;0.0016798656107511398
71;70 Phosphapropynylidyne;0.0016798656107511398
