DMTau.CS_5-4.image;model_agb_ppn_pn_tr_500it;1;4 Methyliumylidene;0.8780184217077421
DMTau.CS_5-4.image;model_agb_ppn_pn_tr_500it;2;0 1,3,5-Hexatriynyl;0.0017425939756036842
DMTau.CS_5-4.image;model_agb_ppn_pn_tr_500it;3;1 Silicon monosulfide;0.0017425939756036842
DMTau.CS_5-4.image;model_agb_ppn_pn_tr_500it;4;2 Vinyl Cyanide;0.0017425939756036842
DMTau.CS_5-4.image;model_agb_ppn_pn_tr_500it;5;3 Hydroxyl;0.0017425939756036842
DMTau.CS_5-4.image;model_agb_ppn_pn_2_500it;1;60 Hexatrienyl;0.8780184217077421
DMTau.CS_5-4.image;model_agb_ppn_pn_2_500it;2;0 1,3,5-Hexatriynyl;0.0017425939756036842
DMTau.CS_5-4.image;model_agb_ppn_pn_2_500it;3;1 Silicon monosulfide;0.0017425939756036842
DMTau.CS_5-4.image;model_agb_ppn_pn_2_500it;4;2 Vinyl Cyanide;0.0017425939756036842
DMTau.CS_5-4.image;model_agb_ppn_pn_2_500it;5;3 Hydroxyl;0.0017425939756036842
DMTau.CS_5-4.image;model_agb_ppn_pn_full_500it;1;4 Methyliumylidene;0.8780184217077421
DMTau.CS_5-4.image;model_agb_ppn_pn_full_500it;2;0 1,3,5-Hexatriynyl;0.0017425939756036842
DMTau.CS_5-4.image;model_agb_ppn_pn_full_500it;3;1 Silicon monosulfide;0.0017425939756036842
DMTau.CS_5-4.image;model_agb_ppn_pn_full_500it;4;2 Vinyl Cyanide;0.0017425939756036842
DMTau.CS_5-4.image;model_agb_ppn_pn_full_500it;5;3 Hydroxyl;0.0017425939756036842
DMTau.CS_5-4.image;model_agb_ppn_pn_full_expanded_00002_500it;1;48 Hydrogen Cyanide;0.8780184217077421
DMTau.CS_5-4.image;model_agb_ppn_pn_full_expanded_00002_500it;2;0 1,3,5-Hexatriynyl;0.0017425939756036842
DMTau.CS_5-4.image;model_agb_ppn_pn_full_expanded_00002_500it;3;1 Silicon monosulfide;0.0017425939756036842
DMTau.CS_5-4.image;model_agb_ppn_pn_full_expanded_00002_500it;4;2 Vinyl Cyanide;0.0017425939756036842
DMTau.CS_5-4.image;model_agb_ppn_pn_full_expanded_00002_500it;5;3 Hydroxyl;0.0017425939756036842
DMTau.CS_5-4.image;model_agb_ppn_pn_full_expanded_00010_500it;1;54 1,3,5,7-Octatetraynyl;0.8780184217077421
DMTau.CS_5-4.image;model_agb_ppn_pn_full_expanded_00010_500it;2;0 1,3,5-Hexatriynyl;0.0017425939756036842
DMTau.CS_5-4.image;model_agb_ppn_pn_full_expanded_00010_500it;3;1 Silicon monosulfide;0.0017425939756036842
DMTau.CS_5-4.image;model_agb_ppn_pn_full_expanded_00010_500it;4;2 Vinyl Cyanide;0.0017425939756036842
DMTau.CS_5-4.image;model_agb_ppn_pn_full_expanded_00010_500it;5;3 Hydroxyl;0.0017425939756036842
TWHydra_HCOplusline.image;model_agb_ppn_pn_tr_500it;1;4 Methyliumylidene;0.7443922796035471
TWHydra_HCOplusline.image;model_agb_ppn_pn_tr_500it;2;0 1,3,5-Hexatriynyl;0.0036515388628064684
TWHydra_HCOplusline.image;model_agb_ppn_pn_tr_500it;3;1 Silicon monosulfide;0.0036515388628064684
TWHydra_HCOplusline.image;model_agb_ppn_pn_tr_500it;4;2 Vinyl Cyanide;0.0036515388628064684
TWHydra_HCOplusline.image;model_agb_ppn_pn_tr_500it;5;3 Hydroxyl;0.0036515388628064684
TWHydra_HCOplusline.image;model_agb_ppn_pn_2_500it;1;17 Formylium;0.5774647887323944
TWHydra_HCOplusline.image;model_agb_ppn_pn_2_500it;2;38 Cyanoethynylide ion;0.17057902973395933
TWHydra_HCOplusline.image;model_agb_ppn_pn_2_500it;3;0 1,3,5-Hexatriynyl;0.0036515388628064684
TWHydra_HCOplusline.image;model_agb_ppn_pn_2_500it;4;1 Silicon monosulfide;0.0036515388628064684
TWHydra_HCOplusline.image;model_agb_ppn_pn_2_500it;5;2 Vinyl Cyanide;0.0036515388628064684
TWHydra_HCOplusline.image;model_agb_ppn_pn_full_500it;1;60 Hexatrienyl;0.5409494001043297
TWHydra_HCOplusline.image;model_agb_ppn_pn_full_500it;2;4 Methyliumylidene;0.20709441836202402
TWHydra_HCOplusline.image;model_agb_ppn_pn_full_500it;3;0 1,3,5-Hexatriynyl;0.0036515388628064684
TWHydra_HCOplusline.image;model_agb_ppn_pn_full_500it;4;1 Silicon monosulfide;0.0036515388628064684
TWHydra_HCOplusline.image;model_agb_ppn_pn_full_500it;5;2 Vinyl Cyanide;0.0036515388628064684
TWHydra_HCOplusline.image;model_agb_ppn_pn_full_expanded_00002_500it;1;31 Potassium chloride;0.7339593114241001
TWHydra_HCOplusline.image;model_agb_ppn_pn_full_expanded_00002_500it;2;17 Formylium;0.014084507042253523
TWHydra_HCOplusline.image;model_agb_ppn_pn_full_expanded_00002_500it;3;0 1,3,5-Hexatriynyl;0.0036515388628064684
TWHydra_HCOplusline.image;model_agb_ppn_pn_full_expanded_00002_500it;4;1 Silicon monosulfide;0.0036515388628064684
TWHydra_HCOplusline.image;model_agb_ppn_pn_full_expanded_00002_500it;5;2 Vinyl Cyanide;0.0036515388628064684
TWHydra_HCOplusline.image;model_agb_ppn_pn_full_expanded_00010_500it;1;70 Phosphapropynylidyne;0.7391757955138236
TWHydra_HCOplusline.image;model_agb_ppn_pn_full_expanded_00010_500it;2;33 Silicon Carbide;0.008868022952529996
TWHydra_HCOplusline.image;model_agb_ppn_pn_full_expanded_00010_500it;3;0 1,3,5-Hexatriynyl;0.0036515388628064684
TWHydra_HCOplusline.image;model_agb_ppn_pn_full_expanded_00010_500it;4;1 Silicon monosulfide;0.0036515388628064684
TWHydra_HCOplusline.image;model_agb_ppn_pn_full_expanded_00010_500it;5;2 Vinyl Cyanide;0.0036515388628064684
TWHydra_CO3_2line.image;model_agb_ppn_pn_tr_500it;1;4 Methyliumylidene;0.7521497218007082
TWHydra_CO3_2line.image;model_agb_ppn_pn_tr_500it;2;0 1,3,5-Hexatriynyl;0.0035407182599898838
TWHydra_CO3_2line.image;model_agb_ppn_pn_tr_500it;3;1 Silicon monosulfide;0.0035407182599898838
TWHydra_CO3_2line.image;model_agb_ppn_pn_tr_500it;4;2 Vinyl Cyanide;0.0035407182599898838
TWHydra_CO3_2line.image;model_agb_ppn_pn_tr_500it;5;3 Hydroxyl;0.0035407182599898838
TWHydra_CO3_2line.image;model_agb_ppn_pn_2_500it;1;17 Formylium;0.7521497218007082
TWHydra_CO3_2line.image;model_agb_ppn_pn_2_500it;2;0 1,3,5-Hexatriynyl;0.0035407182599898838
TWHydra_CO3_2line.image;model_agb_ppn_pn_2_500it;3;1 Silicon monosulfide;0.0035407182599898838
TWHydra_CO3_2line.image;model_agb_ppn_pn_2_500it;4;2 Vinyl Cyanide;0.0035407182599898838
TWHydra_CO3_2line.image;model_agb_ppn_pn_2_500it;5;3 Hydroxyl;0.0035407182599898838
TWHydra_CO3_2line.image;model_agb_ppn_pn_full_500it;1;4 Methyliumylidene;0.7521497218007082
TWHydra_CO3_2line.image;model_agb_ppn_pn_full_500it;2;0 1,3,5-Hexatriynyl;0.0035407182599898838
TWHydra_CO3_2line.image;model_agb_ppn_pn_full_500it;3;1 Silicon monosulfide;0.0035407182599898838
TWHydra_CO3_2line.image;model_agb_ppn_pn_full_500it;4;2 Vinyl Cyanide;0.0035407182599898838
TWHydra_CO3_2line.image;model_agb_ppn_pn_full_500it;5;3 Hydroxyl;0.0035407182599898838
TWHydra_CO3_2line.image;model_agb_ppn_pn_full_expanded_00002_500it;1;34 3-Cyano-1,2-propadienylidene;0.7521497218007082
TWHydra_CO3_2line.image;model_agb_ppn_pn_full_expanded_00002_500it;2;0 1,3,5-Hexatriynyl;0.0035407182599898838
TWHydra_CO3_2line.image;model_agb_ppn_pn_full_expanded_00002_500it;3;1 Silicon monosulfide;0.0035407182599898838
TWHydra_CO3_2line.image;model_agb_ppn_pn_full_expanded_00002_500it;4;2 Vinyl Cyanide;0.0035407182599898838
TWHydra_CO3_2line.image;model_agb_ppn_pn_full_expanded_00002_500it;5;3 Hydroxyl;0.0035407182599898838
TWHydra_CO3_2line.image;model_agb_ppn_pn_full_expanded_00010_500it;1;56 Carbon Monoxide;0.7521497218007082
TWHydra_CO3_2line.image;model_agb_ppn_pn_full_expanded_00010_500it;2;0 1,3,5-Hexatriynyl;0.0035407182599898838
TWHydra_CO3_2line.image;model_agb_ppn_pn_full_expanded_00010_500it;3;1 Silicon monosulfide;0.0035407182599898838
TWHydra_CO3_2line.image;model_agb_ppn_pn_full_expanded_00010_500it;4;2 Vinyl Cyanide;0.0035407182599898838
TWHydra_CO3_2line.image;model_agb_ppn_pn_full_expanded_00010_500it;5;3 Hydroxyl;0.0035407182599898838
Orion.HNC.cbc.contsub.image;model_agb_ppn_pn_tr_500it;1;4 Methyliumylidene;0.8824094072474202
Orion.HNC.cbc.contsub.image;model_agb_ppn_pn_tr_500it;2;0 1,3,5-Hexatriynyl;0.0016798656107511398
Orion.HNC.cbc.contsub.image;model_agb_ppn_pn_tr_500it;3;1 Silicon monosulfide;0.0016798656107511398
Orion.HNC.cbc.contsub.image;model_agb_ppn_pn_tr_500it;4;2 Vinyl Cyanide;0.0016798656107511398
Orion.HNC.cbc.contsub.image;model_agb_ppn_pn_tr_500it;5;3 Hydroxyl;0.0016798656107511398
Orion.HNC.cbc.contsub.image;model_agb_ppn_pn_2_500it;1;4 Methyliumylidene;0.8248140148788097
Orion.HNC.cbc.contsub.image;model_agb_ppn_pn_2_500it;2;60 Hexatrienyl;0.05927525797936165
Orion.HNC.cbc.contsub.image;model_agb_ppn_pn_2_500it;3;0 1,3,5-Hexatriynyl;0.0016798656107511398
Orion.HNC.cbc.contsub.image;model_agb_ppn_pn_2_500it;4;1 Silicon monosulfide;0.0016798656107511398
Orion.HNC.cbc.contsub.image;model_agb_ppn_pn_2_500it;5;2 Vinyl Cyanide;0.0016798656107511398
Orion.HNC.cbc.contsub.image;model_agb_ppn_pn_full_500it;1;4 Methyliumylidene;0.8704103671706264
Orion.HNC.cbc.contsub.image;model_agb_ppn_pn_full_500it;2;61 Hydrogen Isocyanide;0.013678905687544997
Orion.HNC.cbc.contsub.image;model_agb_ppn_pn_full_500it;3;0 1,3,5-Hexatriynyl;0.0016798656107511398
Orion.HNC.cbc.contsub.image;model_agb_ppn_pn_full_500it;4;1 Silicon monosulfide;0.0016798656107511398
Orion.HNC.cbc.contsub.image;model_agb_ppn_pn_full_500it;5;2 Vinyl Cyanide;0.0016798656107511398
Orion.HNC.cbc.contsub.image;model_agb_ppn_pn_full_expanded_00002_500it;1;38 Cyanoethynylide ion;0.8824094072474202
Orion.HNC.cbc.contsub.image;model_agb_ppn_pn_full_expanded_00002_500it;2;0 1,3,5-Hexatriynyl;0.0016798656107511398
Orion.HNC.cbc.contsub.image;model_agb_ppn_pn_full_expanded_00002_500it;3;1 Silicon monosulfide;0.0016798656107511398
Orion.HNC.cbc.contsub.image;model_agb_ppn_pn_full_expanded_00002_500it;4;2 Vinyl Cyanide;0.0016798656107511398
Orion.HNC.cbc.contsub.image;model_agb_ppn_pn_full_expanded_00002_500it;5;3 Hydroxyl;0.0016798656107511398
Orion.HNC.cbc.contsub.image;model_agb_ppn_pn_full_expanded_00010_500it;1;23 1,3,5-Hexatriynyl anion;0.8824094072474202
Orion.HNC.cbc.contsub.image;model_agb_ppn_pn_full_expanded_00010_500it;2;0 1,3,5-Hexatriynyl;0.0016798656107511398
Orion.HNC.cbc.contsub.image;model_agb_ppn_pn_full_expanded_00010_500it;3;1 Silicon monosulfide;0.0016798656107511398
Orion.HNC.cbc.contsub.image;model_agb_ppn_pn_full_expanded_00010_500it;4;2 Vinyl Cyanide;0.0016798656107511398
Orion.HNC.cbc.contsub.image;model_agb_ppn_pn_full_expanded_00010_500it;5;3 Hydroxyl;0.0016798656107511398
uid___A002_Xa916fc_X668__IRS43_HCO32.final.image.pbcor;model_agb_ppn_pn_tr_500it;1;4 Methyliumylidene;0.9428037819540096
uid___A002_Xa916fc_X668__IRS43_HCO32.final.image.pbcor;model_agb_ppn_pn_tr_500it;2;0 1,3,5-Hexatriynyl;0.0008170888292284346
uid___A002_Xa916fc_X668__IRS43_HCO32.final.image.pbcor;model_agb_ppn_pn_tr_500it;3;1 Silicon monosulfide;0.0008170888292284346
uid___A002_Xa916fc_X668__IRS43_HCO32.final.image.pbcor;model_agb_ppn_pn_tr_500it;4;2 Vinyl Cyanide;0.0008170888292284346
uid___A002_Xa916fc_X668__IRS43_HCO32.final.image.pbcor;model_agb_ppn_pn_tr_500it;5;3 Hydroxyl;0.0008170888292284346
uid___A002_Xa916fc_X668__IRS43_HCO32.final.image.pbcor;model_agb_ppn_pn_2_500it;1;45 Silicon tetracarbide;0.9428037819540096
uid___A002_Xa916fc_X668__IRS43_HCO32.final.image.pbcor;model_agb_ppn_pn_2_500it;2;0 1,3,5-Hexatriynyl;0.0008170888292284346
uid___A002_Xa916fc_X668__IRS43_HCO32.final.image.pbcor;model_agb_ppn_pn_2_500it;3;1 Silicon monosulfide;0.0008170888292284346
uid___A002_Xa916fc_X668__IRS43_HCO32.final.image.pbcor;model_agb_ppn_pn_2_500it;4;2 Vinyl Cyanide;0.0008170888292284346
uid___A002_Xa916fc_X668__IRS43_HCO32.final.image.pbcor;model_agb_ppn_pn_2_500it;5;3 Hydroxyl;0.0008170888292284346
uid___A002_Xa916fc_X668__IRS43_HCO32.final.image.pbcor;model_agb_ppn_pn_full_500it;1;17 Formylium;0.9428037819540096
uid___A002_Xa916fc_X668__IRS43_HCO32.final.image.pbcor;model_agb_ppn_pn_full_500it;2;0 1,3,5-Hexatriynyl;0.0008170888292284346
uid___A002_Xa916fc_X668__IRS43_HCO32.final.image.pbcor;model_agb_ppn_pn_full_500it;3;1 Silicon monosulfide;0.0008170888292284346
uid___A002_Xa916fc_X668__IRS43_HCO32.final.image.pbcor;model_agb_ppn_pn_full_500it;4;2 Vinyl Cyanide;0.0008170888292284346
uid___A002_Xa916fc_X668__IRS43_HCO32.final.image.pbcor;model_agb_ppn_pn_full_500it;5;3 Hydroxyl;0.0008170888292284346
uid___A002_Xa916fc_X668__IRS43_HCO32.final.image.pbcor;model_agb_ppn_pn_full_expanded_00002_500it;1;26 Silicon Monocarbide;0.9428037819540096
uid___A002_Xa916fc_X668__IRS43_HCO32.final.image.pbcor;model_agb_ppn_pn_full_expanded_00002_500it;2;0 1,3,5-Hexatriynyl;0.0008170888292284346
uid___A002_Xa916fc_X668__IRS43_HCO32.final.image.pbcor;model_agb_ppn_pn_full_expanded_00002_500it;3;1 Silicon monosulfide;0.0008170888292284346
uid___A002_Xa916fc_X668__IRS43_HCO32.final.image.pbcor;model_agb_ppn_pn_full_expanded_00002_500it;4;2 Vinyl Cyanide;0.0008170888292284346
uid___A002_Xa916fc_X668__IRS43_HCO32.final.image.pbcor;model_agb_ppn_pn_full_expanded_00002_500it;5;3 Hydroxyl;0.0008170888292284346
uid___A002_Xa916fc_X668__IRS43_HCO32.final.image.pbcor;model_agb_ppn_pn_full_expanded_00010_500it;1;18 Trihydrogen ion;0.9428037819540096
uid___A002_Xa916fc_X668__IRS43_HCO32.final.image.pbcor;model_agb_ppn_pn_full_expanded_00010_500it;2;0 1,3,5-Hexatriynyl;0.0008170888292284346
uid___A002_Xa916fc_X668__IRS43_HCO32.final.image.pbcor;model_agb_ppn_pn_full_expanded_00010_500it;3;1 Silicon monosulfide;0.0008170888292284346
uid___A002_Xa916fc_X668__IRS43_HCO32.final.image.pbcor;model_agb_ppn_pn_full_expanded_00010_500it;4;2 Vinyl Cyanide;0.0008170888292284346
uid___A002_Xa916fc_X668__IRS43_HCO32.final.image.pbcor;model_agb_ppn_pn_full_expanded_00010_500it;5;3 Hydroxyl;0.0008170888292284346
HD163296_CO_2_1.image;model_agb_ppn_pn_tr_500it;1;4 Methyliumylidene;0.8618550888074429
HD163296_CO_2_1.image;model_agb_ppn_pn_tr_500it;2;0 1,3,5-Hexatriynyl;0.0019734987313222443
HD163296_CO_2_1.image;model_agb_ppn_pn_tr_500it;3;1 Silicon monosulfide;0.0019734987313222443
HD163296_CO_2_1.image;model_agb_ppn_pn_tr_500it;4;2 Vinyl Cyanide;0.0019734987313222443
HD163296_CO_2_1.image;model_agb_ppn_pn_tr_500it;5;3 Hydroxyl;0.0019734987313222443
HD163296_CO_2_1.image;model_agb_ppn_pn_2_500it;1;45 Silicon tetracarbide;0.8618550888074429
HD163296_CO_2_1.image;model_agb_ppn_pn_2_500it;2;0 1,3,5-Hexatriynyl;0.0019734987313222443
HD163296_CO_2_1.image;model_agb_ppn_pn_2_500it;3;1 Silicon monosulfide;0.0019734987313222443
HD163296_CO_2_1.image;model_agb_ppn_pn_2_500it;4;2 Vinyl Cyanide;0.0019734987313222443
HD163296_CO_2_1.image;model_agb_ppn_pn_2_500it;5;3 Hydroxyl;0.0019734987313222443
HD163296_CO_2_1.image;model_agb_ppn_pn_full_500it;1;4 Methyliumylidene;0.7575415844375528
HD163296_CO_2_1.image;model_agb_ppn_pn_full_500it;2;24 Phosphaethyne;0.10628700310121231
HD163296_CO_2_1.image;model_agb_ppn_pn_full_500it;3;0 1,3,5-Hexatriynyl;0.0019734987313222443
HD163296_CO_2_1.image;model_agb_ppn_pn_full_500it;4;1 Silicon monosulfide;0.0019734987313222443
HD163296_CO_2_1.image;model_agb_ppn_pn_full_500it;5;2 Vinyl Cyanide;0.0019734987313222443
HD163296_CO_2_1.image;model_agb_ppn_pn_full_expanded_00002_500it;1;54 1,3,5,7-Octatetraynyl;0.8618550888074429
HD163296_CO_2_1.image;model_agb_ppn_pn_full_expanded_00002_500it;2;0 1,3,5-Hexatriynyl;0.0019734987313222443
HD163296_CO_2_1.image;model_agb_ppn_pn_full_expanded_00002_500it;3;1 Silicon monosulfide;0.0019734987313222443
HD163296_CO_2_1.image;model_agb_ppn_pn_full_expanded_00002_500it;4;2 Vinyl Cyanide;0.0019734987313222443
HD163296_CO_2_1.image;model_agb_ppn_pn_full_expanded_00002_500it;5;3 Hydroxyl;0.0019734987313222443
HD163296_CO_2_1.image;model_agb_ppn_pn_full_expanded_00010_500it;1;22 Magnesium Isocyanide;0.8618550888074429
HD163296_CO_2_1.image;model_agb_ppn_pn_full_expanded_00010_500it;2;0 1,3,5-Hexatriynyl;0.0019734987313222443
HD163296_CO_2_1.image;model_agb_ppn_pn_full_expanded_00010_500it;3;1 Silicon monosulfide;0.0019734987313222443
HD163296_CO_2_1.image;model_agb_ppn_pn_full_expanded_00010_500it;4;2 Vinyl Cyanide;0.0019734987313222443
HD163296_CO_2_1.image;model_agb_ppn_pn_full_expanded_00010_500it;5;3 Hydroxyl;0.0019734987313222443
