1;4 Methyliumylidene;0.7443922796035471
2;0 1,3,5-Hexatriynyl;0.0036515388628064684
3;1 Silicon monosulfide;0.0036515388628064684
4;2 Vinyl Cyanide;0.0036515388628064684
5;3 Hydroxyl;0.0036515388628064684
6;5 Aluminum Isocyanitrile;0.0036515388628064684
7;6 Carbon Monosulfide;0.0036515388628064684
8;7 Methyl Acetylene;0.0036515388628064684
9;8 1,3-Butadiynyl anion;0.0036515388628064684
10;9 Butatrienylidene;0.0036515388628064684
11;10 2,4-Pentadiynylidyne;0.0036515388628064684
12;11 Aluminum Monochloride;0.0036515388628064684
13;12 4-Cyano-1,3-Butadiynyl;0.0036515388628064684
14;13 Silicon monosulfide;0.0036515388628064684
15;14 Water;0.0036515388628064684
16;15 Hydrogen sulfide;0.0036515388628064684
17;16 1,3-Butadiynyl radical;0.0036515388628064684
18;17 Formylium;0.0036515388628064684
19;18 Trihydrogen ion;0.0036515388628064684
20;19 Methanimine;0.0036515388628064684
21;20 Phosphorus Monoxide;0.0036515388628064684
22;21 Methyl Cyanide;0.0036515388628064684
23;22 Magnesium Isocyanide;0.0036515388628064684
24;23 1,3,5-Hexatriynyl anion;0.0036515388628064684
25;24 Phosphaethyne;0.0036515388628064684
26;25 1,3,5,7-Octatetraynyl anion;0.0036515388628064684
27;26 Silicon Monocarbide;0.0036515388628064684
28;27 Cyanomethylene;0.0036515388628064684
29;28 3-Thioxo-1,2-Propadieylidene;0.0036515388628064684
30;29 Cyanobutadiyne;0.0036515388628064684
31;30 Silicon Isocyanide;0.0036515388628064684
32;31 Potassium chloride;0.0036515388628064684
33;32 3-Oxo-1,2-Propadienylidene;0.0036515388628064684
34;33 Silicon Carbide;0.0036515388628064684
35;34 3-Cyano-1,2-propadienylidene;0.0036515388628064684
36;35 Nitric sulfide;0.0036515388628064684
37;36 Sulfur dioxide;0.0036515388628064684
38;37 Ethyne Isocyanide;0.0036515388628064684
39;38 Cyanoethynylide ion;0.0036515388628064684
40;39 Cyanide Radical;0.0036515388628064684
41;40 Carbon Monoxide Ion;0.0036515388628064684
42;41 Cyanobutadiynylide anion;0.0036515388628064684
43;42 Aluminum Monofluoride;0.0036515388628064684
44;43 Formaldehyde;0.0036515388628064684
45;44 Sulfur Monoxide;0.0036515388628064684
46;45 Silicon tetracarbide;0.0036515388628064684
47;46 Ethynyl;0.0036515388628064684
48;47 Sodium Chloride;0.0036515388628064684
49;48 Hydrogen Cyanide;0.0036515388628064684
50;49 Sodium Cyanide;0.0036515388628064684
51;50 3-Imino-1,2 Propadienylidene;0.0036515388628064684
52;51 Methylidyne;0.0036515388628064684
53;52 Thioxoethenylidene;0.0036515388628064684
54;53 Silicon Monoxide;0.0036515388628064684
55;54 1,3,5,7-Octatetraynyl;0.0036515388628064684
56;55 Silicon Mononitride;0.0036515388628064684
57;56 Carbon Monoxide;0.0036515388628064684
58;57 Phosphorous nitride;0.0036515388628064684
59;58 Carbon Monophosphide;0.0036515388628064684
60;59 Thioformaldehyde;0.0036515388628064684
61;60 Hexatrienyl;0.0036515388628064684
62;61 Hydrogen Isocyanide;0.0036515388628064684
63;62 Carbon Monosulfide;0.0036515388628064684
64;63 Silicon Cyanide;0.0036515388628064684
65;64 2,4,6-Heptatriynylidyne;0.0036515388628064684
66;65 Cyclopropenylidene;0.0036515388628064684
67;66 Cyanoacetylene;0.0036515388628064684
68;67 Magnesium Cyanide;0.0036515388628064684
69;68 3-Silanetetrayl-1,2-Propadienyli;0.0036515388628064684
70;69 Cyanoethynyl;0.0036515388628064684
71;70 Phosphapropynylidyne;0.0036515388628064684
