1;70 Phosphapropynylidyne;0.7391757955138236
2;33 Silicon Carbide;0.008868022952529996
3;0 1,3,5-Hexatriynyl;0.0036515388628064684
4;1 Silicon monosulfide;0.0036515388628064684
5;2 Vinyl Cyanide;0.0036515388628064684
6;3 Hydroxyl;0.0036515388628064684
7;4 Methyliumylidene;0.0036515388628064684
8;5 Aluminum Isocyanitrile;0.0036515388628064684
9;6 Carbon Monosulfide;0.0036515388628064684
10;7 Methyl Acetylene;0.0036515388628064684
11;8 1,3-Butadiynyl anion;0.0036515388628064684
12;9 Butatrienylidene;0.0036515388628064684
13;10 2,4-Pentadiynylidyne;0.0036515388628064684
14;11 Aluminum Monochloride;0.0036515388628064684
15;12 4-Cyano-1,3-Butadiynyl;0.0036515388628064684
16;13 Silicon monosulfide;0.0036515388628064684
17;14 Water;0.0036515388628064684
18;15 Hydrogen sulfide;0.0036515388628064684
19;16 1,3-Butadiynyl radical;0.0036515388628064684
20;17 Formylium;0.0036515388628064684
21;18 Trihydrogen ion;0.0036515388628064684
22;19 Methanimine;0.0036515388628064684
23;20 Phosphorus Monoxide;0.0036515388628064684
24;21 Methyl Cyanide;0.0036515388628064684
25;22 Magnesium Isocyanide;0.0036515388628064684
26;23 1,3,5-Hexatriynyl anion;0.0036515388628064684
27;24 Phosphaethyne;0.0036515388628064684
28;25 1,3,5,7-Octatetraynyl anion;0.0036515388628064684
29;26 Silicon Monocarbide;0.0036515388628064684
30;27 Cyanomethylene;0.0036515388628064684
31;28 3-Thioxo-1,2-Propadieylidene;0.0036515388628064684
32;29 Cyanobutadiyne;0.0036515388628064684
33;30 Silicon Isocyanide;0.0036515388628064684
34;31 Potassium chloride;0.0036515388628064684
35;32 3-Oxo-1,2-Propadienylidene;0.0036515388628064684
36;34 3-Cyano-1,2-propadienylidene;0.0036515388628064684
37;35 Nitric sulfide;0.0036515388628064684
38;36 Sulfur dioxide;0.0036515388628064684
39;37 Ethyne Isocyanide;0.0036515388628064684
40;38 Cyanoethynylide ion;0.0036515388628064684
41;39 Cyanide Radical;0.0036515388628064684
42;40 Carbon Monoxide Ion;0.0036515388628064684
43;41 Cyanobutadiynylide anion;0.0036515388628064684
44;42 Aluminum Monofluoride;0.0036515388628064684
45;43 Formaldehyde;0.0036515388628064684
46;44 Sulfur Monoxide;0.0036515388628064684
47;45 Silicon tetracarbide;0.0036515388628064684
48;46 Ethynyl;0.0036515388628064684
49;47 Sodium Chloride;0.0036515388628064684
50;48 Hydrogen Cyanide;0.0036515388628064684
51;49 Sodium Cyanide;0.0036515388628064684
52;50 3-Imino-1,2 Propadienylidene;0.0036515388628064684
53;51 Methylidyne;0.0036515388628064684
54;52 Thioxoethenylidene;0.0036515388628064684
55;53 Silicon Monoxide;0.0036515388628064684
56;54 1,3,5,7-Octatetraynyl;0.0036515388628064684
57;55 Silicon Mononitride;0.0036515388628064684
58;56 Carbon Monoxide;0.0036515388628064684
59;57 Phosphorous nitride;0.0036515388628064684
60;58 Carbon Monophosphide;0.0036515388628064684
61;59 Thioformaldehyde;0.0036515388628064684
62;60 Hexatrienyl;0.0036515388628064684
63;61 Hydrogen Isocyanide;0.0036515388628064684
64;62 Carbon Monosulfide;0.0036515388628064684
65;63 Silicon Cyanide;0.0036515388628064684
66;64 2,4,6-Heptatriynylidyne;0.0036515388628064684
67;65 Cyclopropenylidene;0.0036515388628064684
68;66 Cyanoacetylene;0.0036515388628064684
69;67 Magnesium Cyanide;0.0036515388628064684
70;68 3-Silanetetrayl-1,2-Propadienyli;0.0036515388628064684
71;69 Cyanoethynyl;0.0036515388628064684
