1;25 1,3,5-Hexatriynyl anion;0.050699300699300696
2;39 Methyl diacetylene;0.033216783216783216
3;48 Hexatrienyl;0.033216783216783216
4;56 para-Oxidaniumyl;0.033216783216783216
5;0 Ketene;0.015734265734265732
6;1 1,3,5-Hexatriynyl;0.015734265734265732
7;2 Oxonium hydride;0.015734265734265732
8;3 Vinyl Cyanide;0.015734265734265732
9;4 Hydroxyl;0.015734265734265732
10;5 Methyliumylidene;0.015734265734265732
11;6 Carbon Monosulfide;0.015734265734265732
12;7 Cyanomethyl;0.015734265734265732
13;8 Methyl Acetylene;0.015734265734265732
14;9 Ethyl Cyanide;0.015734265734265732
15;10 2,4-Pentadiynylidyne;0.015734265734265732
16;11 4-Cyano-1,3-Butadiynyl;0.015734265734265732
17;12 Water;0.015734265734265732
18;13 Hydrogen sulfide;0.015734265734265732
19;14 Methylene amidogen;0.015734265734265732
20;15 1,3-Butadiynyl radical;0.015734265734265732
21;16 2,4,6,8-Nonatetraynenitrile;0.015734265734265732
22;17 Formylium;0.015734265734265732
23;18 Cyanoallene;0.015734265734265732
24;19 Trihydrogen ion;0.015734265734265732
25;20 Methylcyanodiacetylene;0.015734265734265732
26;21 2,4,6-Heptatriynenitrile;0.015734265734265732
27;22 Methanol;0.015734265734265732
28;23 Ammonia;0.015734265734265732
29;24 Methyl Cyanide;0.015734265734265732
30;26 1,3,5,7-Octatetraynyl anion;0.015734265734265732
31;27 3-Thioxo-1,2-Propadieylidene;0.015734265734265732
32;28 Cyanobutadiyne;0.015734265734265732
33;29 Nitric sulfide;0.015734265734265732
34;30 Sulfur dioxide;0.015734265734265732
35;31 Hydrochloric acid;0.015734265734265732
36;32 2,4,6,8,10-Undecapentaynenitrile;0.015734265734265732
37;33 Cyanide Radical;0.015734265734265732
38;34 Nitric oxide;0.015734265734265732
39;35 Formaldehyde;0.015734265734265732
40;36 Sulfur Monoxide;0.015734265734265732
41;37 Methyltriacetylene;0.015734265734265732
42;38 Hydrogen Cyanide;0.015734265734265732
43;40 Methylidyne;0.015734265734265732
44;41 Thioxoethenylidene;0.015734265734265732
45;42 Silicon Monoxide;0.015734265734265732
46;43 1,3,5,7-Octatetraynyl;0.015734265734265732
47;44 Oxoethenylidene;0.015734265734265732
48;45 Propynylidynium;0.015734265734265732
49;46 Carbon Monoxide;0.015734265734265732
50;47 Thioformaldehyde;0.015734265734265732
51;49 Diazenylium;0.015734265734265732
52;50 Hydrogen Isocyanide;0.015734265734265732
53;51 Carbon Monosulfide;0.015734265734265732
54;52 Methylamine;0.015734265734265732
55;53 Formic Acid;0.015734265734265732
56;54 Cyclopropenylidene;0.015734265734265732
57;55 Cyanoacetylene;0.015734265734265732
58;57 ortho-Oxidaniumyl;0.015734265734265732
