1;46 Carbon Monoxide;0.45541401273885346
2;0 Ketene;0.009554140127388535
3;1 1,3,5-Hexatriynyl;0.009554140127388535
4;2 Oxonium hydride;0.009554140127388535
5;3 Vinyl Cyanide;0.009554140127388535
6;4 Hydroxyl;0.009554140127388535
7;5 Methyliumylidene;0.009554140127388535
8;6 Carbon Monosulfide;0.009554140127388535
9;7 Cyanomethyl;0.009554140127388535
10;8 Methyl Acetylene;0.009554140127388535
11;9 Ethyl Cyanide;0.009554140127388535
12;10 2,4-Pentadiynylidyne;0.009554140127388535
13;11 4-Cyano-1,3-Butadiynyl;0.009554140127388535
14;12 Water;0.009554140127388535
15;13 Hydrogen sulfide;0.009554140127388535
16;14 Methylene amidogen;0.009554140127388535
17;15 1,3-Butadiynyl radical;0.009554140127388535
18;16 2,4,6,8-Nonatetraynenitrile;0.009554140127388535
19;17 Formylium;0.009554140127388535
20;18 Cyanoallene;0.009554140127388535
21;19 Trihydrogen ion;0.009554140127388535
22;20 Methylcyanodiacetylene;0.009554140127388535
23;21 2,4,6-Heptatriynenitrile;0.009554140127388535
24;22 Methanol;0.009554140127388535
25;23 Ammonia;0.009554140127388535
26;24 Methyl Cyanide;0.009554140127388535
27;25 1,3,5-Hexatriynyl anion;0.009554140127388535
28;26 1,3,5,7-Octatetraynyl anion;0.009554140127388535
29;27 3-Thioxo-1,2-Propadieylidene;0.009554140127388535
30;28 Cyanobutadiyne;0.009554140127388535
31;29 Nitric sulfide;0.009554140127388535
32;30 Sulfur dioxide;0.009554140127388535
33;31 Hydrochloric acid;0.009554140127388535
34;32 2,4,6,8,10-Undecapentaynenitrile;0.009554140127388535
35;33 Cyanide Radical;0.009554140127388535
36;34 Nitric oxide;0.009554140127388535
37;35 Formaldehyde;0.009554140127388535
38;36 Sulfur Monoxide;0.009554140127388535
39;37 Methyltriacetylene;0.009554140127388535
40;38 Hydrogen Cyanide;0.009554140127388535
41;39 Methyl diacetylene;0.009554140127388535
42;40 Methylidyne;0.009554140127388535
43;41 Thioxoethenylidene;0.009554140127388535
44;42 Silicon Monoxide;0.009554140127388535
45;43 1,3,5,7-Octatetraynyl;0.009554140127388535
46;44 Oxoethenylidene;0.009554140127388535
47;45 Propynylidynium;0.009554140127388535
48;47 Thioformaldehyde;0.009554140127388535
49;48 Hexatrienyl;0.009554140127388535
50;49 Diazenylium;0.009554140127388535
51;50 Hydrogen Isocyanide;0.009554140127388535
52;51 Carbon Monosulfide;0.009554140127388535
53;52 Methylamine;0.009554140127388535
54;53 Formic Acid;0.009554140127388535
55;54 Cyclopropenylidene;0.009554140127388535
56;55 Cyanoacetylene;0.009554140127388535
57;56 para-Oxidaniumyl;0.009554140127388535
58;57 ortho-Oxidaniumyl;0.009554140127388535
