1;27 Sulfur Monoxide;0.7504990019960079
2;30 Carbon Monosulfide;0.011976047904191616
3;0 Methylidyne;0.006986027944111775
4;1 1,3-Butadiynyl radical;0.006986027944111775
5;2 Formaldehyde;0.006986027944111775
6;3 Sulfur dioxide;0.006986027944111775
7;4 Carbon Monoxide;0.006986027944111775
8;5 Water;0.006986027944111775
9;6 Carbon Monoxide Ion;0.006986027944111775
10;7 Nitric sulfide;0.006986027944111775
11;8 Isocyanic Acid;0.006986027944111775
12;9 Methyliumylidene;0.006986027944111775
13;10 Cyanide Radical;0.006986027944111775
14;11 Ethynyl;0.006986027944111775
15;12 Carbonyl Sulfide;0.006986027944111775
16;13 Hydroxyl;0.006986027944111775
17;14 Diazenylium;0.006986027944111775
18;15 Thioxoethenylidene;0.006986027944111775
19;16 Nitric oxide;0.006986027944111775
20;17 Methyl Cyanide;0.006986027944111775
21;18 Cyclopropenylidene;0.006986027944111775
22;19 Methanimine;0.006986027944111775
23;20 Methanol;0.006986027944111775
24;21 Thioformaldehyde;0.006986027944111775
25;22 Ammonia;0.006986027944111775
26;23 Cyanamide;0.006986027944111775
27;24 Cyanoacetylene;0.006986027944111775
28;25 Sodium Chloride;0.006986027944111775
29;26 Silicon Monoxide;0.006986027944111775
30;28 Protonated Carbon Dioxide;0.006986027944111775
31;29 Hydrogen Cyanide;0.006986027944111775
32;31 Hydrogen sulfide;0.006986027944111775
33;32 Molecular oxygen;0.006986027944111775
34;33 Hydrogen Isocyanide;0.006986027944111775
35;34 Formylium;0.006986027944111775
36;35 Methyl Acetylene;0.006986027944111775
