1;29 Hydrogen Cyanide;0.7554890219560878
2;0 Methylidyne;0.006986027944111775
3;1 1,3-Butadiynyl radical;0.006986027944111775
4;2 Formaldehyde;0.006986027944111775
5;3 Sulfur dioxide;0.006986027944111775
6;4 Carbon Monoxide;0.006986027944111775
7;5 Water;0.006986027944111775
8;6 Carbon Monoxide Ion;0.006986027944111775
9;7 Nitric sulfide;0.006986027944111775
10;8 Isocyanic Acid;0.006986027944111775
11;9 Methyliumylidene;0.006986027944111775
12;10 Cyanide Radical;0.006986027944111775
13;11 Ethynyl;0.006986027944111775
14;12 Carbonyl Sulfide;0.006986027944111775
15;13 Hydroxyl;0.006986027944111775
16;14 Diazenylium;0.006986027944111775
17;15 Thioxoethenylidene;0.006986027944111775
18;16 Nitric oxide;0.006986027944111775
19;17 Methyl Cyanide;0.006986027944111775
20;18 Cyclopropenylidene;0.006986027944111775
21;19 Methanimine;0.006986027944111775
22;20 Methanol;0.006986027944111775
23;21 Thioformaldehyde;0.006986027944111775
24;22 Ammonia;0.006986027944111775
25;23 Cyanamide;0.006986027944111775
26;24 Cyanoacetylene;0.006986027944111775
27;25 Sodium Chloride;0.006986027944111775
28;26 Silicon Monoxide;0.006986027944111775
29;27 Sulfur Monoxide;0.006986027944111775
30;28 Protonated Carbon Dioxide;0.006986027944111775
31;30 Carbon Monosulfide;0.006986027944111775
32;31 Hydrogen sulfide;0.006986027944111775
33;32 Molecular oxygen;0.006986027944111775
34;33 Hydrogen Isocyanide;0.006986027944111775
35;34 Formylium;0.006986027944111775
36;35 Methyl Acetylene;0.006986027944111775
