1;9 Methyliumylidene;0.6213292117465224
2;0 Methylidyne;0.010819165378670788
3;1 1,3-Butadiynyl radical;0.010819165378670788
4;2 Formaldehyde;0.010819165378670788
5;3 Sulfur dioxide;0.010819165378670788
6;4 Carbon Monoxide;0.010819165378670788
7;5 Water;0.010819165378670788
8;6 Carbon Monoxide Ion;0.010819165378670788
9;7 Nitric sulfide;0.010819165378670788
10;8 Isocyanic Acid;0.010819165378670788
11;10 Cyanide Radical;0.010819165378670788
12;11 Ethynyl;0.010819165378670788
13;12 Carbonyl Sulfide;0.010819165378670788
14;13 Hydroxyl;0.010819165378670788
15;14 Diazenylium;0.010819165378670788
16;15 Thioxoethenylidene;0.010819165378670788
17;16 Nitric oxide;0.010819165378670788
18;17 Methyl Cyanide;0.010819165378670788
19;18 Cyclopropenylidene;0.010819165378670788
20;19 Methanimine;0.010819165378670788
21;20 Methanol;0.010819165378670788
22;21 Thioformaldehyde;0.010819165378670788
23;22 Ammonia;0.010819165378670788
24;23 Cyanamide;0.010819165378670788
25;24 Cyanoacetylene;0.010819165378670788
26;25 Sodium Chloride;0.010819165378670788
27;26 Silicon Monoxide;0.010819165378670788
28;27 Sulfur Monoxide;0.010819165378670788
29;28 Protonated Carbon Dioxide;0.010819165378670788
30;29 Hydrogen Cyanide;0.010819165378670788
31;30 Carbon Monosulfide;0.010819165378670788
32;31 Hydrogen sulfide;0.010819165378670788
33;32 Molecular oxygen;0.010819165378670788
34;33 Hydrogen Isocyanide;0.010819165378670788
35;34 Formylium;0.010819165378670788
36;35 Methyl Acetylene;0.010819165378670788
