1;21 Thioformaldehyde;0.7273718647764449
2;34 Formylium;0.013086150490730643
3;0 Methylidyne;0.007633587786259542
4;1 1,3-Butadiynyl radical;0.007633587786259542
5;2 Formaldehyde;0.007633587786259542
6;3 Sulfur dioxide;0.007633587786259542
7;4 Carbon Monoxide;0.007633587786259542
8;5 Water;0.007633587786259542
9;6 Carbon Monoxide Ion;0.007633587786259542
10;7 Nitric sulfide;0.007633587786259542
11;8 Isocyanic Acid;0.007633587786259542
12;9 Methyliumylidene;0.007633587786259542
13;10 Cyanide Radical;0.007633587786259542
14;11 Ethynyl;0.007633587786259542
15;12 Carbonyl Sulfide;0.007633587786259542
16;13 Hydroxyl;0.007633587786259542
17;14 Diazenylium;0.007633587786259542
18;15 Thioxoethenylidene;0.007633587786259542
19;16 Nitric oxide;0.007633587786259542
20;17 Methyl Cyanide;0.007633587786259542
21;18 Cyclopropenylidene;0.007633587786259542
22;19 Methanimine;0.007633587786259542
23;20 Methanol;0.007633587786259542
24;22 Ammonia;0.007633587786259542
25;23 Cyanamide;0.007633587786259542
26;24 Cyanoacetylene;0.007633587786259542
27;25 Sodium Chloride;0.007633587786259542
28;26 Silicon Monoxide;0.007633587786259542
29;27 Sulfur Monoxide;0.007633587786259542
30;28 Protonated Carbon Dioxide;0.007633587786259542
31;29 Hydrogen Cyanide;0.007633587786259542
32;30 Carbon Monosulfide;0.007633587786259542
33;31 Hydrogen sulfide;0.007633587786259542
34;32 Molecular oxygen;0.007633587786259542
35;33 Hydrogen Isocyanide;0.007633587786259542
36;35 Methyl Acetylene;0.007633587786259542
