1;93 Isocyanic Acid;0.08282208588957056
2;80 3-Silanetetrayl-1,2-Propadienylidene;0.06748466257668712
3;103 Phosphapropynylidyne;0.021472392638036807
4;118 Amidogen;0.021472392638036807
5;128 Hydroxymethylium ion;0.021472392638036807
6;0 Dimethyl ether;0.006134969325153374
7;1 Butatrienylidene;0.006134969325153374
8;2 Trihydrogen ion;0.006134969325153374
9;3 Nitrous Oxide;0.006134969325153374
10;4 Methyl Acetylene;0.006134969325153374
11;5 2,4,6-Heptatriynenitrile;0.006134969325153374
12;6 Ethylene Glycol;0.006134969325153374
13;7 2,4-Pentadiynylidyne;0.006134969325153374
14;8 Methyl Cyanide;0.006134969325153374
15;9 Thioformylium;0.006134969325153374
16;10 para-Oxidaniumyl;0.006134969325153374
17;11 Hydrogen Cyanide;0.006134969325153374
18;12 Titanium monoxide;0.006134969325153374
19;13 Cyanide Radical;0.006134969325153374
20;14 Formic Acid;0.006134969325153374
21;15 Nitric sulfide;0.006134969325153374
22;16 Iminomethylium;0.006134969325153374
23;17 Aluminum monoxide;0.006134969325153374
24;18 Methyl isocyanate;0.006134969325153374
25;19 Nitrosyl hydride;0.006134969325153374
26;20 Propynylidynium;0.006134969325153374
27;21 Magnesium Cyanide;0.006134969325153374
28;22 1,3-Butadiynyl anion;0.006134969325153374
29;23 Diazenylium;0.006134969325153374
30;24 Methylamine;0.006134969325153374
31;25 Chloronium;0.006134969325153374
32;26 Silicon monosulfide;0.006134969325153374
33;27 Phosphorus Monoxide;0.006134969325153374
34;28 Cyclopropenone;0.006134969325153374
35;29 Carbon Monoxide Ion;0.006134969325153374
36;30 Sodium Cyanide;0.006134969325153374
37;31 Nitric oxide;0.006134969325153374
38;32 3-Thioxo-1,2-Propadieylidene;0.006134969325153374
39;33 Silicon Cyanide;0.006134969325153374
40;34 Ethyne Isocyanide;0.006134969325153374
41;35 Sodium Chloride;0.006134969325153374
42;36 Cyanoacetylene;0.006134969325153374
43;37 Sulfur Monoxide;0.006134969325153374
44;38 Aluminum Isocyanitrile;0.006134969325153374
45;39 Cyanobutadiyne;0.006134969325153374
46;40 Potassium cyanide, potassium isocyanide;0.006134969325153374
47;41 Silicon Mononitride;0.006134969325153374
48;42 Carbon Monoxide;0.006134969325153374
49;43 Propadienylidene;0.006134969325153374
50;44 Methanimine;0.006134969325153374
51;45 Aluminum Monofluoride;0.006134969325153374
52;46 Formamide;0.006134969325153374
53;47 1,3,5,7-Octatetraynyl anion;0.006134969325153374
54;48 Aminoacetonitrile;0.006134969325153374
55;49 Ammonia;0.006134969325153374
56;50 gauche-Ethanol;0.006134969325153374
57;51 Protonate 2-proynenitrile;0.006134969325153374
58;52 Carbonyl Sulfide;0.006134969325153374
59;53 Thioxoethenylidene;0.006134969325153374
60;54 Ethyl cyanide;0.006134969325153374
61;55 Water;0.006134969325153374
62;56 Methyl Formate;0.006134969325153374
63;57 Acetaldehyde;0.006134969325153374
64;58 Ketenimine;0.006134969325153374
65;59 Propenal;0.006134969325153374
66;60 Methyl isocyanide;0.006134969325153374
67;61 iso-propyl cyanide;0.006134969325153374
68;62 Hydrogen cyanide;0.006134969325153374
69;63 Protonated Carbon Dioxide;0.006134969325153374
70;64 Methylidyne;0.006134969325153374
71;65 Ketene;0.006134969325153374
72;66 4-Cyano-1,3-Butadiynyl;0.006134969325153374
73;67 Silicon Monoxide;0.006134969325153374
74;68 Acetone;0.006134969325153374
75;69 Vinyl Cyanide;0.006134969325153374
76;70 3-Imino-1,2 Propadienylidene;0.006134969325153374
77;71 Silicon monoxide (global fit);0.006134969325153374
78;72 Cyclopropenylidene;0.006134969325153374
79;73 Magnesium Isocyanide;0.006134969325153374
80;74 2,4,6-Heptatriynylidyne;0.006134969325153374
81;75 Cyanobutadiynylide anion;0.006134969325153374
82;76 Formaldehyde;0.006134969325153374
83;77 Carbon Monosulfide;0.006134969325153374
84;78 Fulminic acid;0.006134969325153374
85;79 1,3,5-Hexatriynyl;0.006134969325153374
86;81 1,3-Butadiynyl radical;0.006134969325153374
87;82 trans-Ethanol;0.006134969325153374
88;83 Silicon Carbide;0.006134969325153374
89;84 1,3,5-Hexatriynyl anion;0.006134969325153374
90;85 Formylium;0.006134969325153374
91;86 Ethylene Oxide;0.006134969325153374
92;87 Sulfur dioxide;0.006134969325153374
93;88 Carbon Monophosphide;0.006134969325153374
94;89 Sulfur Monoxide ion;0.006134969325153374
95;90 Methanol;0.006134969325153374
96;91 Sulfur Dioxide;0.006134969325153374
97;92 Cyanoformaldehyde;0.006134969325153374
98;94 Silicon Isocyanide;0.006134969325153374
99;95 Methylene amidogen;0.006134969325153374
100;96 Silicon Monocarbide;0.006134969325153374
101;97 Phosphaethyne;0.006134969325153374
102;98 Aluminum Monochloride;0.006134969325153374
103;99 Cyanoallene;0.006134969325153374
104;100 3-Oxo-1,2-Propadienylidene;0.006134969325153374
105;101 Methyl diacetylene;0.006134969325153374
106;102 Cyanomethylene;0.006134969325153374
107;104 Cyanomethyl;0.006134969325153374
108;105 Hydrogen Isocyanide;0.006134969325153374
109;106 Hydrogen sulfide;0.006134969325153374
110;107 Hydroxyl;0.006134969325153374
111;108 Glycolaldehyde;0.006134969325153374
112;109 Cyanide anion;0.006134969325153374
113;110 2-Propynal;0.006134969325153374
114;111 Ethynyl;0.006134969325153374
115;112 Phosphorous nitride;0.006134969325153374
116;113 Magnesium hydride isocyanide;0.006134969325153374
117;114 Potassium chloride;0.006134969325153374
118;115 Silicon tetracarbide;0.006134969325153374
119;116 Ethyl Cyanide;0.006134969325153374
120;117 Cyanamide;0.006134969325153374
121;119 Hydroxymethylidyne;0.006134969325153374
122;120 Formyl Radical;0.006134969325153374
123;121 Vinyl Alcohol;0.006134969325153374
124;122 ortho-Oxidaniumyl;0.006134969325153374
125;123 Cyanoethynylide ion;0.006134969325153374
126;124 Oxoethenylidene;0.006134969325153374
127;125 2-Butynenitrile;0.006134969325153374
128;126 Cyanoethynyl;0.006134969325153374
129;127 3-Cyano-1,2-propadienylidene;0.006134969325153374
130;129 Thioformaldehyde;0.006134969325153374
131;130 Isothiocyanic acid;0.006134969325153374
132;131 Methyl formate, v<sub>t</sub> = 0, 1;0.006134969325153374
133;132 Cyanic acid;0.006134969325153374
