1;121 Vinyl Alcohol;0.04195804195804195
2;42 Carbon Monoxide;0.024475524475524472
3;81 1,3-Butadiynyl radical;0.024475524475524472
4;0 Dimethyl ether;0.006993006993006993
5;1 Butatrienylidene;0.006993006993006993
6;2 Trihydrogen ion;0.006993006993006993
7;3 Nitrous Oxide;0.006993006993006993
8;4 Methyl Acetylene;0.006993006993006993
9;5 2,4,6-Heptatriynenitrile;0.006993006993006993
10;6 Ethylene Glycol;0.006993006993006993
11;7 2,4-Pentadiynylidyne;0.006993006993006993
12;8 Methyl Cyanide;0.006993006993006993
13;9 Thioformylium;0.006993006993006993
14;10 para-Oxidaniumyl;0.006993006993006993
15;11 Hydrogen Cyanide;0.006993006993006993
16;12 Titanium monoxide;0.006993006993006993
17;13 Cyanide Radical;0.006993006993006993
18;14 Formic Acid;0.006993006993006993
19;15 Nitric sulfide;0.006993006993006993
20;16 Iminomethylium;0.006993006993006993
21;17 Aluminum monoxide;0.006993006993006993
22;18 Methyl isocyanate;0.006993006993006993
23;19 Nitrosyl hydride;0.006993006993006993
24;20 Propynylidynium;0.006993006993006993
25;21 Magnesium Cyanide;0.006993006993006993
26;22 1,3-Butadiynyl anion;0.006993006993006993
27;23 Diazenylium;0.006993006993006993
28;24 Methylamine;0.006993006993006993
29;25 Chloronium;0.006993006993006993
30;26 Silicon monosulfide;0.006993006993006993
31;27 Phosphorus Monoxide;0.006993006993006993
32;28 Cyclopropenone;0.006993006993006993
33;29 Carbon Monoxide Ion;0.006993006993006993
34;30 Sodium Cyanide;0.006993006993006993
35;31 Nitric oxide;0.006993006993006993
36;32 3-Thioxo-1,2-Propadieylidene;0.006993006993006993
37;33 Silicon Cyanide;0.006993006993006993
38;34 Ethyne Isocyanide;0.006993006993006993
39;35 Sodium Chloride;0.006993006993006993
40;36 Cyanoacetylene;0.006993006993006993
41;37 Sulfur Monoxide;0.006993006993006993
42;38 Aluminum Isocyanitrile;0.006993006993006993
43;39 Cyanobutadiyne;0.006993006993006993
44;40 Potassium cyanide, potassium isocyanide;0.006993006993006993
45;41 Silicon Mononitride;0.006993006993006993
46;43 Propadienylidene;0.006993006993006993
47;44 Methanimine;0.006993006993006993
48;45 Aluminum Monofluoride;0.006993006993006993
49;46 Formamide;0.006993006993006993
50;47 1,3,5,7-Octatetraynyl anion;0.006993006993006993
51;48 Aminoacetonitrile;0.006993006993006993
52;49 Ammonia;0.006993006993006993
53;50 gauche-Ethanol;0.006993006993006993
54;51 Protonate 2-proynenitrile;0.006993006993006993
55;52 Carbonyl Sulfide;0.006993006993006993
56;53 Thioxoethenylidene;0.006993006993006993
57;54 Ethyl cyanide;0.006993006993006993
58;55 Water;0.006993006993006993
59;56 Methyl Formate;0.006993006993006993
60;57 Acetaldehyde;0.006993006993006993
61;58 Ketenimine;0.006993006993006993
62;59 Propenal;0.006993006993006993
63;60 Methyl isocyanide;0.006993006993006993
64;61 iso-propyl cyanide;0.006993006993006993
65;62 Hydrogen cyanide;0.006993006993006993
66;63 Protonated Carbon Dioxide;0.006993006993006993
67;64 Methylidyne;0.006993006993006993
68;65 Ketene;0.006993006993006993
69;66 4-Cyano-1,3-Butadiynyl;0.006993006993006993
70;67 Silicon Monoxide;0.006993006993006993
71;68 Acetone;0.006993006993006993
72;69 Vinyl Cyanide;0.006993006993006993
73;70 3-Imino-1,2 Propadienylidene;0.006993006993006993
74;71 Silicon monoxide (global fit);0.006993006993006993
75;72 Cyclopropenylidene;0.006993006993006993
76;73 Magnesium Isocyanide;0.006993006993006993
77;74 2,4,6-Heptatriynylidyne;0.006993006993006993
78;75 Cyanobutadiynylide anion;0.006993006993006993
79;76 Formaldehyde;0.006993006993006993
80;77 Carbon Monosulfide;0.006993006993006993
81;78 Fulminic acid;0.006993006993006993
82;79 1,3,5-Hexatriynyl;0.006993006993006993
83;80 3-Silanetetrayl-1,2-Propadienylidene;0.006993006993006993
84;82 trans-Ethanol;0.006993006993006993
85;83 Silicon Carbide;0.006993006993006993
86;84 1,3,5-Hexatriynyl anion;0.006993006993006993
87;85 Formylium;0.006993006993006993
88;86 Ethylene Oxide;0.006993006993006993
89;87 Sulfur dioxide;0.006993006993006993
90;88 Carbon Monophosphide;0.006993006993006993
91;89 Sulfur Monoxide ion;0.006993006993006993
92;90 Methanol;0.006993006993006993
93;91 Sulfur Dioxide;0.006993006993006993
94;92 Cyanoformaldehyde;0.006993006993006993
95;93 Isocyanic Acid;0.006993006993006993
96;94 Silicon Isocyanide;0.006993006993006993
97;95 Methylene amidogen;0.006993006993006993
98;96 Silicon Monocarbide;0.006993006993006993
99;97 Phosphaethyne;0.006993006993006993
100;98 Aluminum Monochloride;0.006993006993006993
101;99 Cyanoallene;0.006993006993006993
102;100 3-Oxo-1,2-Propadienylidene;0.006993006993006993
103;101 Methyl diacetylene;0.006993006993006993
104;102 Cyanomethylene;0.006993006993006993
105;103 Phosphapropynylidyne;0.006993006993006993
106;104 Cyanomethyl;0.006993006993006993
107;105 Hydrogen Isocyanide;0.006993006993006993
108;106 Hydrogen sulfide;0.006993006993006993
109;107 Hydroxyl;0.006993006993006993
110;108 Glycolaldehyde;0.006993006993006993
111;109 Cyanide anion;0.006993006993006993
112;110 2-Propynal;0.006993006993006993
113;111 Ethynyl;0.006993006993006993
114;112 Phosphorous nitride;0.006993006993006993
115;113 Magnesium hydride isocyanide;0.006993006993006993
116;114 Potassium chloride;0.006993006993006993
117;115 Silicon tetracarbide;0.006993006993006993
118;116 Ethyl Cyanide;0.006993006993006993
119;117 Cyanamide;0.006993006993006993
120;118 Amidogen;0.006993006993006993
121;119 Hydroxymethylidyne;0.006993006993006993
122;120 Formyl Radical;0.006993006993006993
123;122 ortho-Oxidaniumyl;0.006993006993006993
124;123 Cyanoethynylide ion;0.006993006993006993
125;124 Oxoethenylidene;0.006993006993006993
126;125 2-Butynenitrile;0.006993006993006993
127;126 Cyanoethynyl;0.006993006993006993
128;127 3-Cyano-1,2-propadienylidene;0.006993006993006993
129;128 Hydroxymethylium ion;0.006993006993006993
130;129 Thioformaldehyde;0.006993006993006993
131;130 Isothiocyanic acid;0.006993006993006993
132;131 Methyl formate, v<sub>t</sub> = 0, 1;0.006993006993006993
133;132 Cyanic acid;0.006993006993006993
