1;16 Propynylidynium;0.2012987012987013
2;0 Dimethyl ether;0.006493506493506494
3;1 Butatrienylidene;0.006493506493506494
4;2 Nitrous Oxide;0.006493506493506494
5;3 Methyl Acetylene;0.006493506493506494
6;4 2,4,6-Heptatriynenitrile;0.006493506493506494
7;5 2,4-Pentadiynylidyne;0.006493506493506494
8;6 Ethylene Glycol;0.006493506493506494
9;7 Methyl Cyanide;0.006493506493506494
10;8 Thioformylium;0.006493506493506494
11;9 para-Oxidaniumyl;0.006493506493506494
12;10 Hydrogen Cyanide;0.006493506493506494
13;11 Cyanide Radical;0.006493506493506494
14;12 Formic Acid;0.006493506493506494
15;13 Nitric sulfide;0.006493506493506494
16;14 Iminomethylium;0.006493506493506494
17;15 Nitrosyl hydride;0.006493506493506494
18;17 Magnesium Cyanide;0.006493506493506494
19;18 1,3-Butadiynyl anion;0.006493506493506494
20;19 Diazenylium;0.006493506493506494
21;20 Methylamine;0.006493506493506494
22;21 Chloronium;0.006493506493506494
23;22 Phosphorus Monoxide;0.006493506493506494
24;23 Silicon monosulfide;0.006493506493506494
25;24 Cyclopropenone;0.006493506493506494
26;25 Carbon Monoxide Ion;0.006493506493506494
27;26 Sodium Cyanide;0.006493506493506494
28;27 Nitric oxide;0.006493506493506494
29;28 3-Thioxo-1,2-Propadieylidene;0.006493506493506494
30;29 Silicon Cyanide;0.006493506493506494
31;30 Ethyne Isocyanide;0.006493506493506494
32;31 Sodium Chloride;0.006493506493506494
33;32 Cyanoacetylene;0.006493506493506494
34;33 Sulfur Monoxide;0.006493506493506494
35;34 Aluminum Isocyanitrile;0.006493506493506494
36;35 Cyanobutadiyne;0.006493506493506494
37;36 Carbon Monoxide;0.006493506493506494
38;37 Silicon Mononitride;0.006493506493506494
39;38 Propadienylidene;0.006493506493506494
40;39 Methanimine;0.006493506493506494
41;40 Aluminum Monofluoride;0.006493506493506494
42;41 Formamide;0.006493506493506494
43;42 1,3,5,7-Octatetraynyl anion;0.006493506493506494
44;43 Aminoacetonitrile;0.006493506493506494
45;44 Ammonia;0.006493506493506494
46;45 gauche-Ethanol;0.006493506493506494
47;46 Protonate 2-proynenitrile;0.006493506493506494
48;47 Carbonyl Sulfide;0.006493506493506494
49;48 Thioxoethenylidene;0.006493506493506494
50;49 Water;0.006493506493506494
51;50 Methyl Formate;0.006493506493506494
52;51 Acetaldehyde;0.006493506493506494
53;52 Ketenimine;0.006493506493506494
54;53 Propenal;0.006493506493506494
55;54 Methyl isocyanide;0.006493506493506494
56;55 Protonated Carbon Dioxide;0.006493506493506494
57;56 Methylidyne;0.006493506493506494
58;57 Ketene;0.006493506493506494
59;58 4-Cyano-1,3-Butadiynyl;0.006493506493506494
60;59 Silicon Monoxide;0.006493506493506494
61;60 Acetone;0.006493506493506494
62;61 3-Imino-1,2 Propadienylidene;0.006493506493506494
63;62 Vinyl Cyanide;0.006493506493506494
64;63 Cyclopropenylidene;0.006493506493506494
65;64 2,4,6-Heptatriynylidyne;0.006493506493506494
66;65 Magnesium Isocyanide;0.006493506493506494
67;66 Formaldehyde;0.006493506493506494
68;67 Cyanobutadiynylide anion;0.006493506493506494
69;68 Fulminic acid;0.006493506493506494
70;69 Carbon Monosulfide;0.006493506493506494
71;70 1,3,5-Hexatriynyl;0.006493506493506494
72;71 1,3-Butadiynyl radical;0.006493506493506494
73;72 1,3,5-Hexatriynyl anion;0.006493506493506494
74;73 Silicon monosulfide;0.006493506493506494
75;74 Silicon Carbide;0.006493506493506494
76;75 Formylium;0.006493506493506494
77;76 Ethylene Oxide;0.006493506493506494
78;77 Sulfur dioxide;0.006493506493506494
79;78 Carbon Monophosphide;0.006493506493506494
80;79 Sulfur Monoxide ion;0.006493506493506494
81;80 Methanol;0.006493506493506494
82;81 Sulfur Dioxide;0.006493506493506494
83;82 Cyanoformaldehyde;0.006493506493506494
84;83 Isocyanic Acid;0.006493506493506494
85;84 Silicon Isocyanide;0.006493506493506494
86;85 Silicon Monocarbide;0.006493506493506494
87;86 Phosphaethyne;0.006493506493506494
88;87 Carbon Monosulfide;0.006493506493506494
89;88 Methylene amidogen;0.006493506493506494
90;89 Aluminum Monochloride;0.006493506493506494
91;90 3-Oxo-1,2-Propadienylidene;0.006493506493506494
92;91 Cyanoallene;0.006493506493506494
93;92 Methyl diacetylene;0.006493506493506494
94;93 Cyanomethylene;0.006493506493506494
95;94 Cyanomethyl;0.006493506493506494
96;95 Phosphapropynylidyne;0.006493506493506494
97;96 Hydrogen Isocyanide;0.006493506493506494
98;97 Hydrogen sulfide;0.006493506493506494
99;98 Hydroxyl;0.006493506493506494
100;99 Glycolaldehyde;0.006493506493506494
101;100 2-Propynal;0.006493506493506494
102;101 Ethynyl;0.006493506493506494
103;102 Phosphorous nitride;0.006493506493506494
104;103 Potassium chloride;0.006493506493506494
105;104 Silicon tetracarbide;0.006493506493506494
106;105 Ethyl Cyanide;0.006493506493506494
107;106 Cyanamide;0.006493506493506494
108;107 Amidogen;0.006493506493506494
109;108 Formyl Radical;0.006493506493506494
110;109 Vinyl Alcohol;0.006493506493506494
111;110 ortho-Oxidaniumyl;0.006493506493506494
112;111 Cyanoethynylide ion;0.006493506493506494
113;112 Oxoethenylidene;0.006493506493506494
114;113 2-Butynenitrile;0.006493506493506494
115;114 3-Silanetetrayl-1,2-Propadienyli;0.006493506493506494
116;115 Cyanoethynyl;0.006493506493506494
117;116 3-Cyano-1,2-propadienylidene;0.006493506493506494
118;117 Acetylene;0.006493506493506494
119;118 Hydroxymethylium ion;0.006493506493506494
120;119 Methyl formate vt01;0.006493506493506494
121;120 Thioformaldehyde;0.006493506493506494
122;121 Isothiocyanic acid;0.006493506493506494
123;122 Butyronitrile;0.006493506493506494
124;123 Cyanic acid;0.006493506493506494
