1;0 Dimethyl ether;0.008064516129032258
2;1 Butatrienylidene;0.008064516129032258
3;2 Nitrous Oxide;0.008064516129032258
4;3 Methyl Acetylene;0.008064516129032258
5;4 2,4,6-Heptatriynenitrile;0.008064516129032258
6;5 2,4-Pentadiynylidyne;0.008064516129032258
7;6 Ethylene Glycol;0.008064516129032258
8;7 Methyl Cyanide;0.008064516129032258
9;8 Thioformylium;0.008064516129032258
10;9 para-Oxidaniumyl;0.008064516129032258
11;10 Hydrogen Cyanide;0.008064516129032258
12;11 Cyanide Radical;0.008064516129032258
13;12 Formic Acid;0.008064516129032258
14;13 Nitric sulfide;0.008064516129032258
15;14 Iminomethylium;0.008064516129032258
16;15 Nitrosyl hydride;0.008064516129032258
17;16 Propynylidynium;0.008064516129032258
18;17 Magnesium Cyanide;0.008064516129032258
19;18 1,3-Butadiynyl anion;0.008064516129032258
20;19 Diazenylium;0.008064516129032258
21;20 Methylamine;0.008064516129032258
22;21 Chloronium;0.008064516129032258
23;22 Phosphorus Monoxide;0.008064516129032258
24;23 Silicon monosulfide;0.008064516129032258
25;24 Cyclopropenone;0.008064516129032258
26;25 Carbon Monoxide Ion;0.008064516129032258
27;26 Sodium Cyanide;0.008064516129032258
28;27 Nitric oxide;0.008064516129032258
29;28 3-Thioxo-1,2-Propadieylidene;0.008064516129032258
30;29 Silicon Cyanide;0.008064516129032258
31;30 Ethyne Isocyanide;0.008064516129032258
32;31 Sodium Chloride;0.008064516129032258
33;32 Cyanoacetylene;0.008064516129032258
34;33 Sulfur Monoxide;0.008064516129032258
35;34 Aluminum Isocyanitrile;0.008064516129032258
36;35 Cyanobutadiyne;0.008064516129032258
37;36 Carbon Monoxide;0.008064516129032258
38;37 Silicon Mononitride;0.008064516129032258
39;38 Propadienylidene;0.008064516129032258
40;39 Methanimine;0.008064516129032258
41;40 Aluminum Monofluoride;0.008064516129032258
42;41 Formamide;0.008064516129032258
43;42 1,3,5,7-Octatetraynyl anion;0.008064516129032258
44;43 Aminoacetonitrile;0.008064516129032258
45;44 Ammonia;0.008064516129032258
46;45 gauche-Ethanol;0.008064516129032258
47;46 Protonate 2-proynenitrile;0.008064516129032258
48;47 Carbonyl Sulfide;0.008064516129032258
49;48 Thioxoethenylidene;0.008064516129032258
50;49 Water;0.008064516129032258
51;50 Methyl Formate;0.008064516129032258
52;51 Acetaldehyde;0.008064516129032258
53;52 Ketenimine;0.008064516129032258
54;53 Propenal;0.008064516129032258
55;54 Methyl isocyanide;0.008064516129032258
56;55 Protonated Carbon Dioxide;0.008064516129032258
57;56 Methylidyne;0.008064516129032258
58;57 Ketene;0.008064516129032258
59;58 4-Cyano-1,3-Butadiynyl;0.008064516129032258
60;59 Silicon Monoxide;0.008064516129032258
61;60 Acetone;0.008064516129032258
62;61 3-Imino-1,2 Propadienylidene;0.008064516129032258
63;62 Vinyl Cyanide;0.008064516129032258
64;63 Cyclopropenylidene;0.008064516129032258
65;64 2,4,6-Heptatriynylidyne;0.008064516129032258
66;65 Magnesium Isocyanide;0.008064516129032258
67;66 Formaldehyde;0.008064516129032258
68;67 Cyanobutadiynylide anion;0.008064516129032258
69;68 Fulminic acid;0.008064516129032258
70;69 Carbon Monosulfide;0.008064516129032258
71;70 1,3,5-Hexatriynyl;0.008064516129032258
72;71 1,3-Butadiynyl radical;0.008064516129032258
73;72 1,3,5-Hexatriynyl anion;0.008064516129032258
74;73 Silicon monosulfide;0.008064516129032258
75;74 Silicon Carbide;0.008064516129032258
76;75 Formylium;0.008064516129032258
77;76 Ethylene Oxide;0.008064516129032258
78;77 Sulfur dioxide;0.008064516129032258
79;78 Carbon Monophosphide;0.008064516129032258
80;79 Sulfur Monoxide ion;0.008064516129032258
81;80 Methanol;0.008064516129032258
82;81 Sulfur Dioxide;0.008064516129032258
83;82 Cyanoformaldehyde;0.008064516129032258
84;83 Isocyanic Acid;0.008064516129032258
85;84 Silicon Isocyanide;0.008064516129032258
86;85 Silicon Monocarbide;0.008064516129032258
87;86 Phosphaethyne;0.008064516129032258
88;87 Carbon Monosulfide;0.008064516129032258
89;88 Methylene amidogen;0.008064516129032258
90;89 Aluminum Monochloride;0.008064516129032258
91;90 3-Oxo-1,2-Propadienylidene;0.008064516129032258
92;91 Cyanoallene;0.008064516129032258
93;92 Methyl diacetylene;0.008064516129032258
94;93 Cyanomethylene;0.008064516129032258
95;94 Cyanomethyl;0.008064516129032258
96;95 Phosphapropynylidyne;0.008064516129032258
97;96 Hydrogen Isocyanide;0.008064516129032258
98;97 Hydrogen sulfide;0.008064516129032258
99;98 Hydroxyl;0.008064516129032258
100;99 Glycolaldehyde;0.008064516129032258
101;100 2-Propynal;0.008064516129032258
102;101 Ethynyl;0.008064516129032258
103;102 Phosphorous nitride;0.008064516129032258
104;103 Potassium chloride;0.008064516129032258
105;104 Silicon tetracarbide;0.008064516129032258
106;105 Ethyl Cyanide;0.008064516129032258
107;106 Cyanamide;0.008064516129032258
108;107 Amidogen;0.008064516129032258
109;108 Formyl Radical;0.008064516129032258
110;109 Vinyl Alcohol;0.008064516129032258
111;110 ortho-Oxidaniumyl;0.008064516129032258
112;111 Cyanoethynylide ion;0.008064516129032258
113;112 Oxoethenylidene;0.008064516129032258
114;113 2-Butynenitrile;0.008064516129032258
115;114 3-Silanetetrayl-1,2-Propadienyli;0.008064516129032258
116;115 Cyanoethynyl;0.008064516129032258
117;116 3-Cyano-1,2-propadienylidene;0.008064516129032258
118;117 Acetylene;0.008064516129032258
119;118 Hydroxymethylium ion;0.008064516129032258
120;119 Methyl formate vt01;0.008064516129032258
121;120 Thioformaldehyde;0.008064516129032258
122;121 Isothiocyanic acid;0.008064516129032258
123;122 Butyronitrile;0.008064516129032258
124;123 Cyanic acid;0.008064516129032258
