1;20 Molecular oxygen;0.8842836607570677
2;0 Methylidyne;0.005031145184475324
3;1 Butyronitrile;0.005031145184475324
4;2 Formaldehyde;0.005031145184475324
5;3 Sulfur dioxide;0.005031145184475324
6;4 Carbon Monoxide;0.005031145184475324
7;5 Water;0.005031145184475324
8;6 Chloronium;0.005031145184475324
9;7 Imidogen;0.005031145184475324
10;8 Thioformylium;0.005031145184475324
11;9 Mercapto radical;0.005031145184475324
12;10 Methyl formate vt01;0.005031145184475324
13;11 Methyliumylidene;0.005031145184475324
14;12 Cyanide Radical;0.005031145184475324
15;13 Hydroxyl;0.005031145184475324
16;14 Nitric oxide;0.005031145184475324
17;15 Cyclopropenylidene;0.005031145184475324
18;16 Silicon Monoxide;0.005031145184475324
19;17 Hydrogen Cyanide;0.005031145184475324
20;18 Carbon Monosulfide;0.005031145184475324
21;19 Hydrogen sulfide;0.005031145184475324
22;21 Hydrogen Isocyanide;0.005031145184475324
23;22 Formylium;0.005031145184475324
24;23 Sulfoniumylidene;0.005031145184475324
