1;20 Molecular oxygen;0.7385654885654885
2;10 Methyl formate vt01;0.016112266112266113
3;22 Formylium;0.016112266112266113
4;0 Methylidyne;0.010914760914760915
5;1 Butyronitrile;0.010914760914760915
6;2 Formaldehyde;0.010914760914760915
7;3 Sulfur dioxide;0.010914760914760915
8;4 Carbon Monoxide;0.010914760914760915
9;5 Water;0.010914760914760915
10;6 Chloronium;0.010914760914760915
11;7 Imidogen;0.010914760914760915
12;8 Thioformylium;0.010914760914760915
13;9 Mercapto radical;0.010914760914760915
14;11 Methyliumylidene;0.010914760914760915
15;12 Cyanide Radical;0.010914760914760915
16;13 Hydroxyl;0.010914760914760915
17;14 Nitric oxide;0.010914760914760915
18;15 Cyclopropenylidene;0.010914760914760915
19;16 Silicon Monoxide;0.010914760914760915
20;17 Hydrogen Cyanide;0.010914760914760915
21;18 Carbon Monosulfide;0.010914760914760915
22;19 Hydrogen sulfide;0.010914760914760915
23;21 Hydrogen Isocyanide;0.010914760914760915
24;23 Sulfoniumylidene;0.010914760914760915
