1;0 Methanol;0.03546099290780142
2;1 Hydrogen fluoride;0.03546099290780142
3;2 Nitric oxide;0.03546099290780142
4;3 Formylium;0.03546099290780142
5;4 Sodium Chloride;0.03546099290780142
6;5 Sulfur dioxide;0.03546099290780142
7;6 para-Oxidaniumyl;0.03546099290780142
8;7 Sulfur Monoxide;0.03546099290780142
9;8 Butatrienylidene;0.03546099290780142
10;9 Carbon Monoxide;0.03546099290780142
11;10 Nitrous Oxide;0.03546099290780142
12;11 Cyanoacetylene;0.03546099290780142
13;12 Carbonyl Sulfide;0.03546099290780142
14;13 Molecular oxygen;0.03546099290780142
15;14 ortho-Oxidaniumyl;0.03546099290780142
16;15 Water;0.03546099290780142
17;16 Iminomethylium;0.03546099290780142
18;17 Hydrochloric acid;0.03546099290780142
19;18 Acetylene;0.03546099290780142
20;19 Hydrogen Cyanide;0.03546099290780142
