1;19 Hydrogen Cyanide;0.3618421052631579
2;13 Molecular oxygen;0.046052631578947366
3;0 Methanol;0.03289473684210526
4;1 Hydrogen fluoride;0.03289473684210526
5;2 Nitric oxide;0.03289473684210526
6;3 Formylium;0.03289473684210526
7;4 Sodium Chloride;0.03289473684210526
8;5 Sulfur dioxide;0.03289473684210526
9;6 para-Oxidaniumyl;0.03289473684210526
10;7 Sulfur Monoxide;0.03289473684210526
11;8 Butatrienylidene;0.03289473684210526
12;9 Carbon Monoxide;0.03289473684210526
13;10 Nitrous Oxide;0.03289473684210526
14;11 Cyanoacetylene;0.03289473684210526
15;12 Carbonyl Sulfide;0.03289473684210526
16;14 ortho-Oxidaniumyl;0.03289473684210526
17;15 Water;0.03289473684210526
18;16 Iminomethylium;0.03289473684210526
19;17 Hydrochloric acid;0.03289473684210526
20;18 Acetylene;0.03289473684210526
