1;17 Formylium;0.47753396029258105
2;55 Silicon Mononitride;0.017763845350052248
3;0 1,3,5-Hexatriynyl;0.0073145245559038665
4;1 Silicon monosulfide;0.0073145245559038665
5;2 Vinyl Cyanide;0.0073145245559038665
6;3 Hydroxyl;0.0073145245559038665
7;4 Methyliumylidene;0.0073145245559038665
8;5 Aluminum Isocyanitrile;0.0073145245559038665
9;6 Carbon Monosulfide;0.0073145245559038665
10;7 Methyl Acetylene;0.0073145245559038665
11;8 1,3-Butadiynyl anion;0.0073145245559038665
12;9 Butatrienylidene;0.0073145245559038665
13;10 2,4-Pentadiynylidyne;0.0073145245559038665
14;11 Aluminum Monochloride;0.0073145245559038665
15;12 4-Cyano-1,3-Butadiynyl;0.0073145245559038665
16;13 Silicon monosulfide;0.0073145245559038665
17;14 Water;0.0073145245559038665
18;15 Hydrogen sulfide;0.0073145245559038665
19;16 1,3-Butadiynyl radical;0.0073145245559038665
20;18 Trihydrogen ion;0.0073145245559038665
21;19 Methanimine;0.0073145245559038665
22;20 Phosphorus Monoxide;0.0073145245559038665
23;21 Methyl Cyanide;0.0073145245559038665
24;22 Magnesium Isocyanide;0.0073145245559038665
25;23 1,3,5-Hexatriynyl anion;0.0073145245559038665
26;24 Phosphaethyne;0.0073145245559038665
27;25 1,3,5,7-Octatetraynyl anion;0.0073145245559038665
28;26 Silicon Monocarbide;0.0073145245559038665
29;27 Cyanomethylene;0.0073145245559038665
30;28 3-Thioxo-1,2-Propadieylidene;0.0073145245559038665
31;29 Cyanobutadiyne;0.0073145245559038665
32;30 Silicon Isocyanide;0.0073145245559038665
33;31 Potassium chloride;0.0073145245559038665
34;32 3-Oxo-1,2-Propadienylidene;0.0073145245559038665
35;33 Silicon Carbide;0.0073145245559038665
36;34 3-Cyano-1,2-propadienylidene;0.0073145245559038665
37;35 Nitric sulfide;0.0073145245559038665
38;36 Sulfur dioxide;0.0073145245559038665
39;37 Ethyne Isocyanide;0.0073145245559038665
40;38 Cyanoethynylide ion;0.0073145245559038665
41;39 Cyanide Radical;0.0073145245559038665
42;40 Carbon Monoxide Ion;0.0073145245559038665
43;41 Cyanobutadiynylide anion;0.0073145245559038665
44;42 Aluminum Monofluoride;0.0073145245559038665
45;43 Formaldehyde;0.0073145245559038665
46;44 Sulfur Monoxide;0.0073145245559038665
47;45 Silicon tetracarbide;0.0073145245559038665
48;46 Ethynyl;0.0073145245559038665
49;47 Sodium Chloride;0.0073145245559038665
50;48 Hydrogen Cyanide;0.0073145245559038665
51;49 Sodium Cyanide;0.0073145245559038665
52;50 3-Imino-1,2 Propadienylidene;0.0073145245559038665
53;51 Methylidyne;0.0073145245559038665
54;52 Thioxoethenylidene;0.0073145245559038665
55;53 Silicon Monoxide;0.0073145245559038665
56;54 1,3,5,7-Octatetraynyl;0.0073145245559038665
57;56 Carbon Monoxide;0.0073145245559038665
58;57 Phosphorous nitride;0.0073145245559038665
59;58 Carbon Monophosphide;0.0073145245559038665
60;59 Thioformaldehyde;0.0073145245559038665
61;60 Hexatrienyl;0.0073145245559038665
62;61 Hydrogen Isocyanide;0.0073145245559038665
63;62 Carbon Monosulfide;0.0073145245559038665
64;63 Silicon Cyanide;0.0073145245559038665
65;64 2,4,6-Heptatriynylidyne;0.0073145245559038665
66;65 Cyclopropenylidene;0.0073145245559038665
67;66 Cyanoacetylene;0.0073145245559038665
68;67 Magnesium Cyanide;0.0073145245559038665
69;68 3-Silanetetrayl-1,2-Propadienyli;0.0073145245559038665
70;69 Cyanoethynyl;0.0073145245559038665
71;70 Phosphapropynylidyne;0.0073145245559038665
