1;50 3-Imino-1,2 Propadienylidene;0.3351424694708277
2;0 1,3,5-Hexatriynyl;0.009497964721845319
3;1 Silicon monosulfide;0.009497964721845319
4;2 Vinyl Cyanide;0.009497964721845319
5;3 Hydroxyl;0.009497964721845319
6;4 Methyliumylidene;0.009497964721845319
7;5 Aluminum Isocyanitrile;0.009497964721845319
8;6 Carbon Monosulfide;0.009497964721845319
9;7 Methyl Acetylene;0.009497964721845319
10;8 1,3-Butadiynyl anion;0.009497964721845319
11;9 Butatrienylidene;0.009497964721845319
12;10 2,4-Pentadiynylidyne;0.009497964721845319
13;11 Aluminum Monochloride;0.009497964721845319
14;12 4-Cyano-1,3-Butadiynyl;0.009497964721845319
15;13 Silicon monosulfide;0.009497964721845319
16;14 Water;0.009497964721845319
17;15 Hydrogen sulfide;0.009497964721845319
18;16 1,3-Butadiynyl radical;0.009497964721845319
19;17 Formylium;0.009497964721845319
20;18 Trihydrogen ion;0.009497964721845319
21;19 Methanimine;0.009497964721845319
22;20 Phosphorus Monoxide;0.009497964721845319
23;21 Methyl Cyanide;0.009497964721845319
24;22 Magnesium Isocyanide;0.009497964721845319
25;23 1,3,5-Hexatriynyl anion;0.009497964721845319
26;24 Phosphaethyne;0.009497964721845319
27;25 1,3,5,7-Octatetraynyl anion;0.009497964721845319
28;26 Silicon Monocarbide;0.009497964721845319
29;27 Cyanomethylene;0.009497964721845319
30;28 3-Thioxo-1,2-Propadieylidene;0.009497964721845319
31;29 Cyanobutadiyne;0.009497964721845319
32;30 Silicon Isocyanide;0.009497964721845319
33;31 Potassium chloride;0.009497964721845319
34;32 3-Oxo-1,2-Propadienylidene;0.009497964721845319
35;33 Silicon Carbide;0.009497964721845319
36;34 3-Cyano-1,2-propadienylidene;0.009497964721845319
37;35 Nitric sulfide;0.009497964721845319
38;36 Sulfur dioxide;0.009497964721845319
39;37 Ethyne Isocyanide;0.009497964721845319
40;38 Cyanoethynylide ion;0.009497964721845319
41;39 Cyanide Radical;0.009497964721845319
42;40 Carbon Monoxide Ion;0.009497964721845319
43;41 Cyanobutadiynylide anion;0.009497964721845319
44;42 Aluminum Monofluoride;0.009497964721845319
45;43 Formaldehyde;0.009497964721845319
46;44 Sulfur Monoxide;0.009497964721845319
47;45 Silicon tetracarbide;0.009497964721845319
48;46 Ethynyl;0.009497964721845319
49;47 Sodium Chloride;0.009497964721845319
50;48 Hydrogen Cyanide;0.009497964721845319
51;49 Sodium Cyanide;0.009497964721845319
52;51 Methylidyne;0.009497964721845319
53;52 Thioxoethenylidene;0.009497964721845319
54;53 Silicon Monoxide;0.009497964721845319
55;54 1,3,5,7-Octatetraynyl;0.009497964721845319
56;55 Silicon Mononitride;0.009497964721845319
57;56 Carbon Monoxide;0.009497964721845319
58;57 Phosphorous nitride;0.009497964721845319
59;58 Carbon Monophosphide;0.009497964721845319
60;59 Thioformaldehyde;0.009497964721845319
61;60 Hexatrienyl;0.009497964721845319
62;61 Hydrogen Isocyanide;0.009497964721845319
63;62 Carbon Monosulfide;0.009497964721845319
64;63 Silicon Cyanide;0.009497964721845319
65;64 2,4,6-Heptatriynylidyne;0.009497964721845319
66;65 Cyclopropenylidene;0.009497964721845319
67;66 Cyanoacetylene;0.009497964721845319
68;67 Magnesium Cyanide;0.009497964721845319
69;68 3-Silanetetrayl-1,2-Propadienyli;0.009497964721845319
70;69 Cyanoethynyl;0.009497964721845319
71;70 Phosphapropynylidyne;0.009497964721845319
