1;22 Formylium;0.5954773869346733
2;0 Methylidyne;0.017587939698492462
3;1 Butyronitrile;0.017587939698492462
4;2 Formaldehyde;0.017587939698492462
5;3 Sulfur dioxide;0.017587939698492462
6;4 Carbon Monoxide;0.017587939698492462
7;5 Water;0.017587939698492462
8;6 Chloronium;0.017587939698492462
9;7 Imidogen;0.017587939698492462
10;8 Thioformylium;0.017587939698492462
11;9 Mercapto radical;0.017587939698492462
12;10 Methyl formate vt01;0.017587939698492462
13;11 Methyliumylidene;0.017587939698492462
14;12 Cyanide Radical;0.017587939698492462
15;13 Hydroxyl;0.017587939698492462
16;14 Nitric oxide;0.017587939698492462
17;15 Cyclopropenylidene;0.017587939698492462
18;16 Silicon Monoxide;0.017587939698492462
19;17 Hydrogen Cyanide;0.017587939698492462
20;18 Carbon Monosulfide;0.017587939698492462
21;19 Hydrogen sulfide;0.017587939698492462
22;20 Molecular oxygen;0.017587939698492462
23;21 Hydrogen Isocyanide;0.017587939698492462
24;23 Sulfoniumylidene;0.017587939698492462
