1;22 Formylium;0.3201530612244898
2;10 Methyl formate vt01;0.05229591836734693
3;17 Hydrogen Cyanide;0.05229591836734693
4;0 Methylidyne;0.03954081632653061
5;1 Butyronitrile;0.026785714285714284
6;2 Formaldehyde;0.026785714285714284
7;3 Sulfur dioxide;0.026785714285714284
8;4 Carbon Monoxide;0.026785714285714284
9;5 Water;0.026785714285714284
10;6 Chloronium;0.026785714285714284
11;7 Imidogen;0.026785714285714284
12;8 Thioformylium;0.026785714285714284
13;9 Mercapto radical;0.026785714285714284
14;11 Methyliumylidene;0.026785714285714284
15;12 Cyanide Radical;0.026785714285714284
16;13 Hydroxyl;0.026785714285714284
17;14 Nitric oxide;0.026785714285714284
18;15 Cyclopropenylidene;0.026785714285714284
19;16 Silicon Monoxide;0.026785714285714284
20;18 Carbon Monosulfide;0.026785714285714284
21;19 Hydrogen sulfide;0.026785714285714284
22;20 Molecular oxygen;0.026785714285714284
23;21 Hydrogen Isocyanide;0.026785714285714284
24;23 Sulfoniumylidene;0.026785714285714284
