1;6 Carbon Monosulfide;0.7903225806451614
2;55 Cyanoacetylene;0.007474429583005507
3;57 ortho-Oxidaniumyl;0.007474429583005507
4;0 Ketene;0.003540519276160504
5;1 1,3,5-Hexatriynyl;0.003540519276160504
6;2 Oxonium hydride;0.003540519276160504
7;3 Vinyl Cyanide;0.003540519276160504
8;4 Hydroxyl;0.003540519276160504
9;5 Methyliumylidene;0.003540519276160504
10;7 Cyanomethyl;0.003540519276160504
11;8 Methyl Acetylene;0.003540519276160504
12;9 Ethyl Cyanide;0.003540519276160504
13;10 2,4-Pentadiynylidyne;0.003540519276160504
14;11 4-Cyano-1,3-Butadiynyl;0.003540519276160504
15;12 Water;0.003540519276160504
16;13 Hydrogen sulfide;0.003540519276160504
17;14 Methylene amidogen;0.003540519276160504
18;15 1,3-Butadiynyl radical;0.003540519276160504
19;16 2,4,6,8-Nonatetraynenitrile;0.003540519276160504
20;17 Formylium;0.003540519276160504
21;18 Cyanoallene;0.003540519276160504
22;19 Trihydrogen ion;0.003540519276160504
23;20 Methylcyanodiacetylene;0.003540519276160504
24;21 2,4,6-Heptatriynenitrile;0.003540519276160504
25;22 Methanol;0.003540519276160504
26;23 Ammonia;0.003540519276160504
27;24 Methyl Cyanide;0.003540519276160504
28;25 1,3,5-Hexatriynyl anion;0.003540519276160504
29;26 1,3,5,7-Octatetraynyl anion;0.003540519276160504
30;27 3-Thioxo-1,2-Propadieylidene;0.003540519276160504
31;28 Cyanobutadiyne;0.003540519276160504
32;29 Nitric sulfide;0.003540519276160504
33;30 Sulfur dioxide;0.003540519276160504
34;31 Hydrochloric acid;0.003540519276160504
35;32 2,4,6,8,10-Undecapentaynenitrile;0.003540519276160504
36;33 Cyanide Radical;0.003540519276160504
37;34 Nitric oxide;0.003540519276160504
38;35 Formaldehyde;0.003540519276160504
39;36 Sulfur Monoxide;0.003540519276160504
40;37 Methyltriacetylene;0.003540519276160504
41;38 Hydrogen Cyanide;0.003540519276160504
42;39 Methyl diacetylene;0.003540519276160504
43;40 Methylidyne;0.003540519276160504
44;41 Thioxoethenylidene;0.003540519276160504
45;42 Silicon Monoxide;0.003540519276160504
46;43 1,3,5,7-Octatetraynyl;0.003540519276160504
47;44 Oxoethenylidene;0.003540519276160504
48;45 Propynylidynium;0.003540519276160504
49;46 Carbon Monoxide;0.003540519276160504
50;47 Thioformaldehyde;0.003540519276160504
51;48 Hexatrienyl;0.003540519276160504
52;49 Diazenylium;0.003540519276160504
53;50 Hydrogen Isocyanide;0.003540519276160504
54;51 Carbon Monosulfide;0.003540519276160504
55;52 Methylamine;0.003540519276160504
56;53 Formic Acid;0.003540519276160504
57;54 Cyclopropenylidene;0.003540519276160504
58;56 para-Oxidaniumyl;0.003540519276160504
