1;5 Methyliumylidene;0.7557870370370371
2;16 2,4,6,8-Nonatetraynenitrile;0.049768518518518524
3;0 Ketene;0.0034722222222222225
4;1 1,3,5-Hexatriynyl;0.0034722222222222225
5;2 Oxonium hydride;0.0034722222222222225
6;3 Vinyl Cyanide;0.0034722222222222225
7;4 Hydroxyl;0.0034722222222222225
8;6 Carbon Monosulfide;0.0034722222222222225
9;7 Cyanomethyl;0.0034722222222222225
10;8 Methyl Acetylene;0.0034722222222222225
11;9 Ethyl Cyanide;0.0034722222222222225
12;10 2,4-Pentadiynylidyne;0.0034722222222222225
13;11 4-Cyano-1,3-Butadiynyl;0.0034722222222222225
14;12 Water;0.0034722222222222225
15;13 Hydrogen sulfide;0.0034722222222222225
16;14 Methylene amidogen;0.0034722222222222225
17;15 1,3-Butadiynyl radical;0.0034722222222222225
18;17 Formylium;0.0034722222222222225
19;18 Cyanoallene;0.0034722222222222225
20;19 Trihydrogen ion;0.0034722222222222225
21;20 Methylcyanodiacetylene;0.0034722222222222225
22;21 2,4,6-Heptatriynenitrile;0.0034722222222222225
23;22 Methanol;0.0034722222222222225
24;23 Ammonia;0.0034722222222222225
25;24 Methyl Cyanide;0.0034722222222222225
26;25 1,3,5-Hexatriynyl anion;0.0034722222222222225
27;26 1,3,5,7-Octatetraynyl anion;0.0034722222222222225
28;27 3-Thioxo-1,2-Propadieylidene;0.0034722222222222225
29;28 Cyanobutadiyne;0.0034722222222222225
30;29 Nitric sulfide;0.0034722222222222225
31;30 Sulfur dioxide;0.0034722222222222225
32;31 Hydrochloric acid;0.0034722222222222225
33;32 2,4,6,8,10-Undecapentaynenitrile;0.0034722222222222225
34;33 Cyanide Radical;0.0034722222222222225
35;34 Nitric oxide;0.0034722222222222225
36;35 Formaldehyde;0.0034722222222222225
37;36 Sulfur Monoxide;0.0034722222222222225
38;37 Methyltriacetylene;0.0034722222222222225
39;38 Hydrogen Cyanide;0.0034722222222222225
40;39 Methyl diacetylene;0.0034722222222222225
41;40 Methylidyne;0.0034722222222222225
42;41 Thioxoethenylidene;0.0034722222222222225
43;42 Silicon Monoxide;0.0034722222222222225
44;43 1,3,5,7-Octatetraynyl;0.0034722222222222225
45;44 Oxoethenylidene;0.0034722222222222225
46;45 Propynylidynium;0.0034722222222222225
47;46 Carbon Monoxide;0.0034722222222222225
48;47 Thioformaldehyde;0.0034722222222222225
49;48 Hexatrienyl;0.0034722222222222225
50;49 Diazenylium;0.0034722222222222225
51;50 Hydrogen Isocyanide;0.0034722222222222225
52;51 Carbon Monosulfide;0.0034722222222222225
53;52 Methylamine;0.0034722222222222225
54;53 Formic Acid;0.0034722222222222225
55;54 Cyclopropenylidene;0.0034722222222222225
56;55 Cyanoacetylene;0.0034722222222222225
57;56 para-Oxidaniumyl;0.0034722222222222225
58;57 ortho-Oxidaniumyl;0.0034722222222222225
