DMTau.CS_5-4.image;model_diffuse_clouds_tr_500it;1;11 Methyliumylidene;0.6324200913242009
DMTau.CS_5-4.image;model_diffuse_clouds_tr_500it;2;0 Methylidyne;0.01598173515981735
DMTau.CS_5-4.image;model_diffuse_clouds_tr_500it;3;1 Butyronitrile;0.01598173515981735
DMTau.CS_5-4.image;model_diffuse_clouds_tr_500it;4;2 Formaldehyde;0.01598173515981735
DMTau.CS_5-4.image;model_diffuse_clouds_tr_500it;5;3 Sulfur dioxide;0.01598173515981735
DMTau.CS_5-4.image;model_diffuse_clouds_2_500it;1;11 Methyliumylidene;0.6324200913242009
DMTau.CS_5-4.image;model_diffuse_clouds_2_500it;2;0 Methylidyne;0.01598173515981735
DMTau.CS_5-4.image;model_diffuse_clouds_2_500it;3;1 Butyronitrile;0.01598173515981735
DMTau.CS_5-4.image;model_diffuse_clouds_2_500it;4;2 Formaldehyde;0.01598173515981735
DMTau.CS_5-4.image;model_diffuse_clouds_2_500it;5;3 Sulfur dioxide;0.01598173515981735
DMTau.CS_5-4.image;model_diffuse_clouds_full_500it;1;11 Methyliumylidene;0.6324200913242009
DMTau.CS_5-4.image;model_diffuse_clouds_full_500it;2;0 Methylidyne;0.01598173515981735
DMTau.CS_5-4.image;model_diffuse_clouds_full_500it;3;1 Butyronitrile;0.01598173515981735
DMTau.CS_5-4.image;model_diffuse_clouds_full_500it;4;2 Formaldehyde;0.01598173515981735
DMTau.CS_5-4.image;model_diffuse_clouds_full_500it;5;3 Sulfur dioxide;0.01598173515981735
DMTau.CS_5-4.image;model_diffuse_clouds_full_expanded_00002_500it;1;16 Silicon Monoxide;0.6248097412480973
DMTau.CS_5-4.image;model_diffuse_clouds_full_expanded_00002_500it;2;18 Carbon Monosulfide;0.02359208523592085
DMTau.CS_5-4.image;model_diffuse_clouds_full_expanded_00002_500it;3;0 Methylidyne;0.01598173515981735
DMTau.CS_5-4.image;model_diffuse_clouds_full_expanded_00002_500it;4;1 Butyronitrile;0.01598173515981735
DMTau.CS_5-4.image;model_diffuse_clouds_full_expanded_00002_500it;5;2 Formaldehyde;0.01598173515981735
DMTau.CS_5-4.image;model_diffuse_clouds_full_expanded_00010_500it;1;21 Hydrogen Isocyanide;0.6171993911719938
DMTau.CS_5-4.image;model_diffuse_clouds_full_expanded_00010_500it;2;18 Carbon Monosulfide;0.031202435312024348
DMTau.CS_5-4.image;model_diffuse_clouds_full_expanded_00010_500it;3;0 Methylidyne;0.01598173515981735
DMTau.CS_5-4.image;model_diffuse_clouds_full_expanded_00010_500it;4;1 Butyronitrile;0.01598173515981735
DMTau.CS_5-4.image;model_diffuse_clouds_full_expanded_00010_500it;5;2 Formaldehyde;0.01598173515981735
DMTau.CS_5-4.image;model_diffuse_clouds_full_expanded_00200_500it;1;22 Formylium;0.6324200913242009
DMTau.CS_5-4.image;model_diffuse_clouds_full_expanded_00200_500it;2;0 Methylidyne;0.01598173515981735
DMTau.CS_5-4.image;model_diffuse_clouds_full_expanded_00200_500it;3;1 Butyronitrile;0.01598173515981735
DMTau.CS_5-4.image;model_diffuse_clouds_full_expanded_00200_500it;4;2 Formaldehyde;0.01598173515981735
DMTau.CS_5-4.image;model_diffuse_clouds_full_expanded_00200_500it;5;3 Sulfur dioxide;0.01598173515981735
TWHydra_CO3_2line.image;model_diffuse_clouds_tr_500it;1;11 Methyliumylidene;0.31392045454545453
TWHydra_CO3_2line.image;model_diffuse_clouds_tr_500it;2;0 Methylidyne;0.029829545454545452
TWHydra_CO3_2line.image;model_diffuse_clouds_tr_500it;3;1 Butyronitrile;0.029829545454545452
TWHydra_CO3_2line.image;model_diffuse_clouds_tr_500it;4;2 Formaldehyde;0.029829545454545452
TWHydra_CO3_2line.image;model_diffuse_clouds_tr_500it;5;3 Sulfur dioxide;0.029829545454545452
TWHydra_CO3_2line.image;model_diffuse_clouds_2_500it;1;11 Methyliumylidene;0.31392045454545453
TWHydra_CO3_2line.image;model_diffuse_clouds_2_500it;2;0 Methylidyne;0.029829545454545452
TWHydra_CO3_2line.image;model_diffuse_clouds_2_500it;3;1 Butyronitrile;0.029829545454545452
TWHydra_CO3_2line.image;model_diffuse_clouds_2_500it;4;2 Formaldehyde;0.029829545454545452
TWHydra_CO3_2line.image;model_diffuse_clouds_2_500it;5;3 Sulfur dioxide;0.029829545454545452
TWHydra_CO3_2line.image;model_diffuse_clouds_full_500it;1;22 Formylium;0.31392045454545453
TWHydra_CO3_2line.image;model_diffuse_clouds_full_500it;2;0 Methylidyne;0.029829545454545452
TWHydra_CO3_2line.image;model_diffuse_clouds_full_500it;3;1 Butyronitrile;0.029829545454545452
TWHydra_CO3_2line.image;model_diffuse_clouds_full_500it;4;2 Formaldehyde;0.029829545454545452
TWHydra_CO3_2line.image;model_diffuse_clouds_full_500it;5;3 Sulfur dioxide;0.029829545454545452
TWHydra_CO3_2line.image;model_diffuse_clouds_full_expanded_00002_500it;1;4 Carbon Monoxide;0.31392045454545453
TWHydra_CO3_2line.image;model_diffuse_clouds_full_expanded_00002_500it;2;0 Methylidyne;0.029829545454545452
TWHydra_CO3_2line.image;model_diffuse_clouds_full_expanded_00002_500it;3;1 Butyronitrile;0.029829545454545452
TWHydra_CO3_2line.image;model_diffuse_clouds_full_expanded_00002_500it;4;2 Formaldehyde;0.029829545454545452
TWHydra_CO3_2line.image;model_diffuse_clouds_full_expanded_00002_500it;5;3 Sulfur dioxide;0.029829545454545452
TWHydra_CO3_2line.image;model_diffuse_clouds_full_expanded_00010_500it;1;4 Carbon Monoxide;0.29971590909090906
TWHydra_CO3_2line.image;model_diffuse_clouds_full_expanded_00010_500it;2;8 Thioformylium;0.044034090909090905
TWHydra_CO3_2line.image;model_diffuse_clouds_full_expanded_00010_500it;3;0 Methylidyne;0.029829545454545452
TWHydra_CO3_2line.image;model_diffuse_clouds_full_expanded_00010_500it;4;1 Butyronitrile;0.029829545454545452
TWHydra_CO3_2line.image;model_diffuse_clouds_full_expanded_00010_500it;5;2 Formaldehyde;0.029829545454545452
TWHydra_CO3_2line.image;model_diffuse_clouds_full_expanded_00200_500it;1;4 Carbon Monoxide;0.31392045454545453
TWHydra_CO3_2line.image;model_diffuse_clouds_full_expanded_00200_500it;2;0 Methylidyne;0.029829545454545452
TWHydra_CO3_2line.image;model_diffuse_clouds_full_expanded_00200_500it;3;1 Butyronitrile;0.029829545454545452
TWHydra_CO3_2line.image;model_diffuse_clouds_full_expanded_00200_500it;4;2 Formaldehyde;0.029829545454545452
TWHydra_CO3_2line.image;model_diffuse_clouds_full_expanded_00200_500it;5;3 Sulfur dioxide;0.029829545454545452
uid___A002_Xa916fc_X668__IRS43_HCO32.final.image.pbcor;model_diffuse_clouds_tr_500it;1;11 Methyliumylidene;0.41383495145631066
uid___A002_Xa916fc_X668__IRS43_HCO32.final.image.pbcor;model_diffuse_clouds_tr_500it;2;0 Methylidyne;0.025485436893203883
uid___A002_Xa916fc_X668__IRS43_HCO32.final.image.pbcor;model_diffuse_clouds_tr_500it;3;1 Butyronitrile;0.025485436893203883
uid___A002_Xa916fc_X668__IRS43_HCO32.final.image.pbcor;model_diffuse_clouds_tr_500it;4;2 Formaldehyde;0.025485436893203883
uid___A002_Xa916fc_X668__IRS43_HCO32.final.image.pbcor;model_diffuse_clouds_tr_500it;5;3 Sulfur dioxide;0.025485436893203883
uid___A002_Xa916fc_X668__IRS43_HCO32.final.image.pbcor;model_diffuse_clouds_2_500it;1;11 Methyliumylidene;0.41383495145631066
uid___A002_Xa916fc_X668__IRS43_HCO32.final.image.pbcor;model_diffuse_clouds_2_500it;2;0 Methylidyne;0.025485436893203883
uid___A002_Xa916fc_X668__IRS43_HCO32.final.image.pbcor;model_diffuse_clouds_2_500it;3;1 Butyronitrile;0.025485436893203883
uid___A002_Xa916fc_X668__IRS43_HCO32.final.image.pbcor;model_diffuse_clouds_2_500it;4;2 Formaldehyde;0.025485436893203883
uid___A002_Xa916fc_X668__IRS43_HCO32.final.image.pbcor;model_diffuse_clouds_2_500it;5;3 Sulfur dioxide;0.025485436893203883
uid___A002_Xa916fc_X668__IRS43_HCO32.final.image.pbcor;model_diffuse_clouds_full_500it;1;22 Formylium;0.31674757281553395
uid___A002_Xa916fc_X668__IRS43_HCO32.final.image.pbcor;model_diffuse_clouds_full_500it;2;21 Hydrogen Isocyanide;0.12257281553398057
uid___A002_Xa916fc_X668__IRS43_HCO32.final.image.pbcor;model_diffuse_clouds_full_500it;3;0 Methylidyne;0.025485436893203883
uid___A002_Xa916fc_X668__IRS43_HCO32.final.image.pbcor;model_diffuse_clouds_full_500it;4;1 Butyronitrile;0.025485436893203883
uid___A002_Xa916fc_X668__IRS43_HCO32.final.image.pbcor;model_diffuse_clouds_full_500it;5;2 Formaldehyde;0.025485436893203883
uid___A002_Xa916fc_X668__IRS43_HCO32.final.image.pbcor;model_diffuse_clouds_full_expanded_00002_500it;1;22 Formylium;0.4016990291262136
uid___A002_Xa916fc_X668__IRS43_HCO32.final.image.pbcor;model_diffuse_clouds_full_expanded_00002_500it;2;6 Chloronium;0.03762135922330097
uid___A002_Xa916fc_X668__IRS43_HCO32.final.image.pbcor;model_diffuse_clouds_full_expanded_00002_500it;3;0 Methylidyne;0.025485436893203883
uid___A002_Xa916fc_X668__IRS43_HCO32.final.image.pbcor;model_diffuse_clouds_full_expanded_00002_500it;4;1 Butyronitrile;0.025485436893203883
uid___A002_Xa916fc_X668__IRS43_HCO32.final.image.pbcor;model_diffuse_clouds_full_expanded_00002_500it;5;2 Formaldehyde;0.025485436893203883
uid___A002_Xa916fc_X668__IRS43_HCO32.final.image.pbcor;model_diffuse_clouds_full_expanded_00010_500it;1;22 Formylium;0.3895631067961165
uid___A002_Xa916fc_X668__IRS43_HCO32.final.image.pbcor;model_diffuse_clouds_full_expanded_00010_500it;2;11 Methyliumylidene;0.03762135922330097
uid___A002_Xa916fc_X668__IRS43_HCO32.final.image.pbcor;model_diffuse_clouds_full_expanded_00010_500it;3;19 Hydrogen sulfide;0.03762135922330097
uid___A002_Xa916fc_X668__IRS43_HCO32.final.image.pbcor;model_diffuse_clouds_full_expanded_00010_500it;4;0 Methylidyne;0.025485436893203883
uid___A002_Xa916fc_X668__IRS43_HCO32.final.image.pbcor;model_diffuse_clouds_full_expanded_00010_500it;5;1 Butyronitrile;0.025485436893203883
uid___A002_Xa916fc_X668__IRS43_HCO32.final.image.pbcor;model_diffuse_clouds_full_expanded_00200_500it;1;22 Formylium;0.41383495145631066
uid___A002_Xa916fc_X668__IRS43_HCO32.final.image.pbcor;model_diffuse_clouds_full_expanded_00200_500it;2;0 Methylidyne;0.025485436893203883
uid___A002_Xa916fc_X668__IRS43_HCO32.final.image.pbcor;model_diffuse_clouds_full_expanded_00200_500it;3;1 Butyronitrile;0.025485436893203883
uid___A002_Xa916fc_X668__IRS43_HCO32.final.image.pbcor;model_diffuse_clouds_full_expanded_00200_500it;4;2 Formaldehyde;0.025485436893203883
uid___A002_Xa916fc_X668__IRS43_HCO32.final.image.pbcor;model_diffuse_clouds_full_expanded_00200_500it;5;3 Sulfur dioxide;0.025485436893203883
TWHydra_HCOplusline.image;model_diffuse_clouds_tr_500it;1;22 Formylium;0.26146788990825687
TWHydra_HCOplusline.image;model_diffuse_clouds_tr_500it;2;0 Methylidyne;0.03211009174311927
TWHydra_HCOplusline.image;model_diffuse_clouds_tr_500it;3;1 Butyronitrile;0.03211009174311927
TWHydra_HCOplusline.image;model_diffuse_clouds_tr_500it;4;2 Formaldehyde;0.03211009174311927
TWHydra_HCOplusline.image;model_diffuse_clouds_tr_500it;5;3 Sulfur dioxide;0.03211009174311927
TWHydra_HCOplusline.image;model_diffuse_clouds_2_500it;1;22 Formylium;0.26146788990825687
TWHydra_HCOplusline.image;model_diffuse_clouds_2_500it;2;0 Methylidyne;0.03211009174311927
TWHydra_HCOplusline.image;model_diffuse_clouds_2_500it;3;1 Butyronitrile;0.03211009174311927
TWHydra_HCOplusline.image;model_diffuse_clouds_2_500it;4;2 Formaldehyde;0.03211009174311927
TWHydra_HCOplusline.image;model_diffuse_clouds_2_500it;5;3 Sulfur dioxide;0.03211009174311927
TWHydra_HCOplusline.image;model_diffuse_clouds_full_500it;1;16 Silicon Monoxide;0.26146788990825687
TWHydra_HCOplusline.image;model_diffuse_clouds_full_500it;2;0 Methylidyne;0.03211009174311927
TWHydra_HCOplusline.image;model_diffuse_clouds_full_500it;3;1 Butyronitrile;0.03211009174311927
TWHydra_HCOplusline.image;model_diffuse_clouds_full_500it;4;2 Formaldehyde;0.03211009174311927
TWHydra_HCOplusline.image;model_diffuse_clouds_full_500it;5;3 Sulfur dioxide;0.03211009174311927
TWHydra_HCOplusline.image;model_diffuse_clouds_full_expanded_00002_500it;1;22 Formylium;0.23088685015290517
TWHydra_HCOplusline.image;model_diffuse_clouds_full_expanded_00002_500it;2;7 Imidogen;0.047400611620795105
TWHydra_HCOplusline.image;model_diffuse_clouds_full_expanded_00002_500it;3;18 Carbon Monosulfide;0.047400611620795105
TWHydra_HCOplusline.image;model_diffuse_clouds_full_expanded_00002_500it;4;0 Methylidyne;0.03211009174311927
TWHydra_HCOplusline.image;model_diffuse_clouds_full_expanded_00002_500it;5;1 Butyronitrile;0.03211009174311927
TWHydra_HCOplusline.image;model_diffuse_clouds_full_expanded_00010_500it;1;22 Formylium;0.26146788990825687
TWHydra_HCOplusline.image;model_diffuse_clouds_full_expanded_00010_500it;2;0 Methylidyne;0.03211009174311927
TWHydra_HCOplusline.image;model_diffuse_clouds_full_expanded_00010_500it;3;1 Butyronitrile;0.03211009174311927
TWHydra_HCOplusline.image;model_diffuse_clouds_full_expanded_00010_500it;4;2 Formaldehyde;0.03211009174311927
TWHydra_HCOplusline.image;model_diffuse_clouds_full_expanded_00010_500it;5;3 Sulfur dioxide;0.03211009174311927
TWHydra_HCOplusline.image;model_diffuse_clouds_full_expanded_00200_500it;1;22 Formylium;0.24617737003058104
TWHydra_HCOplusline.image;model_diffuse_clouds_full_expanded_00200_500it;2;17 Hydrogen Cyanide;0.047400611620795105
TWHydra_HCOplusline.image;model_diffuse_clouds_full_expanded_00200_500it;3;0 Methylidyne;0.03211009174311927
TWHydra_HCOplusline.image;model_diffuse_clouds_full_expanded_00200_500it;4;1 Butyronitrile;0.03211009174311927
TWHydra_HCOplusline.image;model_diffuse_clouds_full_expanded_00200_500it;5;2 Formaldehyde;0.03211009174311927
HD163296_CO_2_1.image;model_diffuse_clouds_tr_500it;1;11 Methyliumylidene;0.4088729016786571
HD163296_CO_2_1.image;model_diffuse_clouds_tr_500it;2;1 Butyronitrile;0.03717026378896882
HD163296_CO_2_1.image;model_diffuse_clouds_tr_500it;3;0 Methylidyne;0.025179856115107913
HD163296_CO_2_1.image;model_diffuse_clouds_tr_500it;4;2 Formaldehyde;0.025179856115107913
HD163296_CO_2_1.image;model_diffuse_clouds_tr_500it;5;3 Sulfur dioxide;0.025179856115107913
HD163296_CO_2_1.image;model_diffuse_clouds_2_500it;1;11 Methyliumylidene;0.420863309352518
HD163296_CO_2_1.image;model_diffuse_clouds_2_500it;2;0 Methylidyne;0.025179856115107913
HD163296_CO_2_1.image;model_diffuse_clouds_2_500it;3;1 Butyronitrile;0.025179856115107913
HD163296_CO_2_1.image;model_diffuse_clouds_2_500it;4;2 Formaldehyde;0.025179856115107913
HD163296_CO_2_1.image;model_diffuse_clouds_2_500it;5;3 Sulfur dioxide;0.025179856115107913
HD163296_CO_2_1.image;model_diffuse_clouds_full_500it;1;16 Silicon Monoxide;0.420863309352518
HD163296_CO_2_1.image;model_diffuse_clouds_full_500it;2;0 Methylidyne;0.025179856115107913
HD163296_CO_2_1.image;model_diffuse_clouds_full_500it;3;1 Butyronitrile;0.025179856115107913
HD163296_CO_2_1.image;model_diffuse_clouds_full_500it;4;2 Formaldehyde;0.025179856115107913
HD163296_CO_2_1.image;model_diffuse_clouds_full_500it;5;3 Sulfur dioxide;0.025179856115107913
HD163296_CO_2_1.image;model_diffuse_clouds_full_expanded_00002_500it;1;16 Silicon Monoxide;0.39688249400479614
HD163296_CO_2_1.image;model_diffuse_clouds_full_expanded_00002_500it;2;4 Carbon Monoxide;0.03717026378896882
HD163296_CO_2_1.image;model_diffuse_clouds_full_expanded_00002_500it;3;18 Carbon Monosulfide;0.03717026378896882
HD163296_CO_2_1.image;model_diffuse_clouds_full_expanded_00002_500it;4;0 Methylidyne;0.025179856115107913
HD163296_CO_2_1.image;model_diffuse_clouds_full_expanded_00002_500it;5;1 Butyronitrile;0.025179856115107913
HD163296_CO_2_1.image;model_diffuse_clouds_full_expanded_00010_500it;1;22 Formylium;0.38489208633093525
HD163296_CO_2_1.image;model_diffuse_clouds_full_expanded_00010_500it;2;4 Carbon Monoxide;0.06115107913669064
HD163296_CO_2_1.image;model_diffuse_clouds_full_expanded_00010_500it;3;0 Methylidyne;0.025179856115107913
HD163296_CO_2_1.image;model_diffuse_clouds_full_expanded_00010_500it;4;1 Butyronitrile;0.025179856115107913
HD163296_CO_2_1.image;model_diffuse_clouds_full_expanded_00010_500it;5;2 Formaldehyde;0.025179856115107913
HD163296_CO_2_1.image;model_diffuse_clouds_full_expanded_00200_500it;1;18 Carbon Monosulfide;0.420863309352518
HD163296_CO_2_1.image;model_diffuse_clouds_full_expanded_00200_500it;2;0 Methylidyne;0.025179856115107913
HD163296_CO_2_1.image;model_diffuse_clouds_full_expanded_00200_500it;3;1 Butyronitrile;0.025179856115107913
HD163296_CO_2_1.image;model_diffuse_clouds_full_expanded_00200_500it;4;2 Formaldehyde;0.025179856115107913
HD163296_CO_2_1.image;model_diffuse_clouds_full_expanded_00200_500it;5;3 Sulfur dioxide;0.025179856115107913
Orion.HNC.cbc.contsub.image;model_diffuse_clouds_tr_500it;1;0 Methylidyne;0.041666666666666664
Orion.HNC.cbc.contsub.image;model_diffuse_clouds_tr_500it;2;1 Butyronitrile;0.041666666666666664
Orion.HNC.cbc.contsub.image;model_diffuse_clouds_tr_500it;3;2 Formaldehyde;0.041666666666666664
Orion.HNC.cbc.contsub.image;model_diffuse_clouds_tr_500it;4;3 Sulfur dioxide;0.041666666666666664
Orion.HNC.cbc.contsub.image;model_diffuse_clouds_tr_500it;5;4 Carbon Monoxide;0.041666666666666664
Orion.HNC.cbc.contsub.image;model_diffuse_clouds_2_500it;1;0 Methylidyne;0.041666666666666664
Orion.HNC.cbc.contsub.image;model_diffuse_clouds_2_500it;2;1 Butyronitrile;0.041666666666666664
Orion.HNC.cbc.contsub.image;model_diffuse_clouds_2_500it;3;2 Formaldehyde;0.041666666666666664
Orion.HNC.cbc.contsub.image;model_diffuse_clouds_2_500it;4;3 Sulfur dioxide;0.041666666666666664
Orion.HNC.cbc.contsub.image;model_diffuse_clouds_2_500it;5;4 Carbon Monoxide;0.041666666666666664
Orion.HNC.cbc.contsub.image;model_diffuse_clouds_full_500it;1;0 Methylidyne;0.041666666666666664
Orion.HNC.cbc.contsub.image;model_diffuse_clouds_full_500it;2;1 Butyronitrile;0.041666666666666664
Orion.HNC.cbc.contsub.image;model_diffuse_clouds_full_500it;3;2 Formaldehyde;0.041666666666666664
Orion.HNC.cbc.contsub.image;model_diffuse_clouds_full_500it;4;3 Sulfur dioxide;0.041666666666666664
Orion.HNC.cbc.contsub.image;model_diffuse_clouds_full_500it;5;4 Carbon Monoxide;0.041666666666666664
Orion.HNC.cbc.contsub.image;model_diffuse_clouds_full_expanded_00002_500it;1;0 Methylidyne;0.041666666666666664
Orion.HNC.cbc.contsub.image;model_diffuse_clouds_full_expanded_00002_500it;2;1 Butyronitrile;0.041666666666666664
Orion.HNC.cbc.contsub.image;model_diffuse_clouds_full_expanded_00002_500it;3;2 Formaldehyde;0.041666666666666664
Orion.HNC.cbc.contsub.image;model_diffuse_clouds_full_expanded_00002_500it;4;3 Sulfur dioxide;0.041666666666666664
Orion.HNC.cbc.contsub.image;model_diffuse_clouds_full_expanded_00002_500it;5;4 Carbon Monoxide;0.041666666666666664
Orion.HNC.cbc.contsub.image;model_diffuse_clouds_full_expanded_00010_500it;1;0 Methylidyne;0.041666666666666664
Orion.HNC.cbc.contsub.image;model_diffuse_clouds_full_expanded_00010_500it;2;1 Butyronitrile;0.041666666666666664
Orion.HNC.cbc.contsub.image;model_diffuse_clouds_full_expanded_00010_500it;3;2 Formaldehyde;0.041666666666666664
Orion.HNC.cbc.contsub.image;model_diffuse_clouds_full_expanded_00010_500it;4;3 Sulfur dioxide;0.041666666666666664
Orion.HNC.cbc.contsub.image;model_diffuse_clouds_full_expanded_00010_500it;5;4 Carbon Monoxide;0.041666666666666664
Orion.HNC.cbc.contsub.image;model_diffuse_clouds_full_expanded_00200_500it;1;0 Methylidyne;0.041666666666666664
Orion.HNC.cbc.contsub.image;model_diffuse_clouds_full_expanded_00200_500it;2;1 Butyronitrile;0.041666666666666664
Orion.HNC.cbc.contsub.image;model_diffuse_clouds_full_expanded_00200_500it;3;2 Formaldehyde;0.041666666666666664
Orion.HNC.cbc.contsub.image;model_diffuse_clouds_full_expanded_00200_500it;4;3 Sulfur dioxide;0.041666666666666664
Orion.HNC.cbc.contsub.image;model_diffuse_clouds_full_expanded_00200_500it;5;4 Carbon Monoxide;0.041666666666666664
