1;8 Methyliumylidene;0.5642276422764229
2;61 Fluoromethyliumylidene;0.2939024390243902
3;46 Sulfur Dioxide;0.013414634146341463
4;4 Thioformylium;0.01138211382113821
5;37 Methyl Cyanide;0.009349593495934958
6;6 Methyl Formate;0.0032520325203252032
7;19 Glycolaldehyde;0.0032520325203252032
8;30 Ethylene Oxide;0.0032520325203252032
9;33 Aminoacetonitrile;0.0032520325203252032
10;34 Methanol;0.0032520325203252032
11;0 Isocyanic Acid;0.0012195121951219512
12;1 Propenal;0.0012195121951219512
13;2 Ketene;0.0012195121951219512
14;3 Oxonium hydride;0.0012195121951219512
15;5 Vinyl Cyanide;0.0012195121951219512
16;7 Hydroxyl;0.0012195121951219512
17;9 Iminomethylium;0.0012195121951219512
18;10 Hydroxymethylium ion;0.0012195121951219512
19;11 2-Propynal;0.0012195121951219512
20;12 Carbon Monosulfide;0.0012195121951219512
21;13 Cyanomethyl;0.0012195121951219512
22;14 Methyl Acetylene;0.0012195121951219512
23;15 2-Butynenitrile;0.0012195121951219512
24;16 Methyl formate vt01;0.0012195121951219512
25;17 Ethyl Cyanide;0.0012195121951219512
26;18 gauche-Ethanol;0.0012195121951219512
27;20 Water;0.0012195121951219512
28;21 Hydrogen sulfide;0.0012195121951219512
29;22 Sulfur Monoxide ion;0.0012195121951219512
30;23 1,3-Butadiynyl radical;0.0012195121951219512
31;24 Formylium;0.0012195121951219512
32;25 Fulminic acid;0.0012195121951219512
33;26 Trihydrogen ion;0.0012195121951219512
34;27 Methanimine;0.0012195121951219512
35;28 Nitrous Oxide;0.0012195121951219512
36;29 Propadienylidene;0.0012195121951219512
37;31 Ketenimine;0.0012195121951219512
38;32 2,4,6-Heptatriynenitrile;0.0012195121951219512
39;35 Ammonia;0.0012195121951219512
40;36 Formyl Radical;0.0012195121951219512
41;38 Molecular oxygen;0.0012195121951219512
42;39 Cyclopropenone;0.0012195121951219512
43;40 Carbonyl Sulfide;0.0012195121951219512
44;41 Acetaldehyde;0.0012195121951219512
45;42 Cyanomethylene;0.0012195121951219512
46;43 3-Thioxo-1,2-Propadieylidene;0.0012195121951219512
47;44 Formamide;0.0012195121951219512
48;45 Cyanobutadiyne;0.0012195121951219512
49;47 Methyl isocyanide;0.0012195121951219512
50;48 Nitric sulfide;0.0012195121951219512
51;49 Methylene;0.0012195121951219512
52;50 Hydrochloric acid;0.0012195121951219512
53;51 Ethyne Isocyanide;0.0012195121951219512
54;52 Cyanide Radical;0.0012195121951219512
55;53 Nitric oxide;0.0012195121951219512
56;54 Cyanic acid;0.0012195121951219512
57;55 Formaldehyde;0.0012195121951219512
58;56 Sulfur Monoxide;0.0012195121951219512
59;57 Protonate 2-proynenitrile;0.0012195121951219512
60;58 Ethynyl;0.0012195121951219512
61;59 Ethylene Glycol;0.0012195121951219512
62;60 Hydrogen Cyanide;0.0012195121951219512
63;62 Methylidyne;0.0012195121951219512
64;63 Thioxoethenylidene;0.0012195121951219512
65;64 Cyanomethanimine;0.0012195121951219512
66;65 Silicon Monoxide;0.0012195121951219512
67;66 Dimethyl ether;0.0012195121951219512
68;67 Acetone;0.0012195121951219512
69;68 Carbon Monoxide;0.0012195121951219512
70;69 Phosphorous nitride;0.0012195121951219512
71;70 Thioformaldehyde;0.0012195121951219512
72;71 Diazenylium;0.0012195121951219512
73;72 Cyanoformaldehyde;0.0012195121951219512
74;73 Isothiocyanic acid;0.0012195121951219512
75;74 Vinyl Alcohol;0.0012195121951219512
76;75 Hydrogen Isocyanide;0.0012195121951219512
77;76 Carbon Monosulfide;0.0012195121951219512
78;77 Methylamine;0.0012195121951219512
79;78 Protonated Carbon Dioxide;0.0012195121951219512
80;79 Formic Acid;0.0012195121951219512
81;80 Cyclopropenylidene;0.0012195121951219512
82;81 Cyanoacetylene;0.0012195121951219512
83;82 para-Oxidaniumyl;0.0012195121951219512
84;83 ortho-Oxidaniumyl;0.0012195121951219512
85;84 Nitrosyl hydride;0.0012195121951219512
