1;8 Methyliumylidene;0.5364516129032258
2;9 Iminomethylium;0.16709677419354838
3;57 Protonate 2-proynenitrile;0.15419354838709676
4;4 Thioformylium;0.052580645161290324
5;61 Fluoromethyliumylidene;0.01064516129032258
6;55 Formaldehyde;0.0025806451612903226
7;0 Isocyanic Acid;0.000967741935483871
8;1 Propenal;0.000967741935483871
9;2 Ketene;0.000967741935483871
10;3 Oxonium hydride;0.000967741935483871
11;5 Vinyl Cyanide;0.000967741935483871
12;6 Methyl Formate;0.000967741935483871
13;7 Hydroxyl;0.000967741935483871
14;10 Hydroxymethylium ion;0.000967741935483871
15;11 2-Propynal;0.000967741935483871
16;12 Carbon Monosulfide;0.000967741935483871
17;13 Cyanomethyl;0.000967741935483871
18;14 Methyl Acetylene;0.000967741935483871
19;15 2-Butynenitrile;0.000967741935483871
20;16 Methyl formate vt01;0.000967741935483871
21;17 Ethyl Cyanide;0.000967741935483871
22;18 gauche-Ethanol;0.000967741935483871
23;19 Glycolaldehyde;0.000967741935483871
24;20 Water;0.000967741935483871
25;21 Hydrogen sulfide;0.000967741935483871
26;22 Sulfur Monoxide ion;0.000967741935483871
27;23 1,3-Butadiynyl radical;0.000967741935483871
28;24 Formylium;0.000967741935483871
29;25 Fulminic acid;0.000967741935483871
30;26 Trihydrogen ion;0.000967741935483871
31;27 Methanimine;0.000967741935483871
32;28 Nitrous Oxide;0.000967741935483871
33;29 Propadienylidene;0.000967741935483871
34;30 Ethylene Oxide;0.000967741935483871
35;31 Ketenimine;0.000967741935483871
36;32 2,4,6-Heptatriynenitrile;0.000967741935483871
37;33 Aminoacetonitrile;0.000967741935483871
38;34 Methanol;0.000967741935483871
39;35 Ammonia;0.000967741935483871
40;36 Formyl Radical;0.000967741935483871
41;37 Methyl Cyanide;0.000967741935483871
42;38 Molecular oxygen;0.000967741935483871
43;39 Cyclopropenone;0.000967741935483871
44;40 Carbonyl Sulfide;0.000967741935483871
45;41 Acetaldehyde;0.000967741935483871
46;42 Cyanomethylene;0.000967741935483871
47;43 3-Thioxo-1,2-Propadieylidene;0.000967741935483871
48;44 Formamide;0.000967741935483871
49;45 Cyanobutadiyne;0.000967741935483871
50;46 Sulfur Dioxide;0.000967741935483871
51;47 Methyl isocyanide;0.000967741935483871
52;48 Nitric sulfide;0.000967741935483871
53;49 Methylene;0.000967741935483871
54;50 Hydrochloric acid;0.000967741935483871
55;51 Ethyne Isocyanide;0.000967741935483871
56;52 Cyanide Radical;0.000967741935483871
57;53 Nitric oxide;0.000967741935483871
58;54 Cyanic acid;0.000967741935483871
59;56 Sulfur Monoxide;0.000967741935483871
60;58 Ethynyl;0.000967741935483871
61;59 Ethylene Glycol;0.000967741935483871
62;60 Hydrogen Cyanide;0.000967741935483871
63;62 Methylidyne;0.000967741935483871
64;63 Thioxoethenylidene;0.000967741935483871
65;64 Cyanomethanimine;0.000967741935483871
66;65 Silicon Monoxide;0.000967741935483871
67;66 Dimethyl ether;0.000967741935483871
68;67 Acetone;0.000967741935483871
69;68 Carbon Monoxide;0.000967741935483871
70;69 Phosphorous nitride;0.000967741935483871
71;70 Thioformaldehyde;0.000967741935483871
72;71 Diazenylium;0.000967741935483871
73;72 Cyanoformaldehyde;0.000967741935483871
74;73 Isothiocyanic acid;0.000967741935483871
75;74 Vinyl Alcohol;0.000967741935483871
76;75 Hydrogen Isocyanide;0.000967741935483871
77;76 Carbon Monosulfide;0.000967741935483871
78;77 Methylamine;0.000967741935483871
79;78 Protonated Carbon Dioxide;0.000967741935483871
80;79 Formic Acid;0.000967741935483871
81;80 Cyclopropenylidene;0.000967741935483871
82;81 Cyanoacetylene;0.000967741935483871
83;82 para-Oxidaniumyl;0.000967741935483871
84;83 ortho-Oxidaniumyl;0.000967741935483871
85;84 Nitrosyl hydride;0.000967741935483871
