1;61 Fluoromethyliumylidene;0.8869955156950673
2;0 Isocyanic Acid;0.0013452914798206277
3;1 Propenal;0.0013452914798206277
4;2 Ketene;0.0013452914798206277
5;3 Oxonium hydride;0.0013452914798206277
6;4 Thioformylium;0.0013452914798206277
7;5 Vinyl Cyanide;0.0013452914798206277
8;6 Methyl Formate;0.0013452914798206277
9;7 Hydroxyl;0.0013452914798206277
10;8 Methyliumylidene;0.0013452914798206277
11;9 Iminomethylium;0.0013452914798206277
12;10 Hydroxymethylium ion;0.0013452914798206277
13;11 2-Propynal;0.0013452914798206277
14;12 Carbon Monosulfide;0.0013452914798206277
15;13 Cyanomethyl;0.0013452914798206277
16;14 Methyl Acetylene;0.0013452914798206277
17;15 2-Butynenitrile;0.0013452914798206277
18;16 Methyl formate vt01;0.0013452914798206277
19;17 Ethyl Cyanide;0.0013452914798206277
20;18 gauche-Ethanol;0.0013452914798206277
21;19 Glycolaldehyde;0.0013452914798206277
22;20 Water;0.0013452914798206277
23;21 Hydrogen sulfide;0.0013452914798206277
24;22 Sulfur Monoxide ion;0.0013452914798206277
25;23 1,3-Butadiynyl radical;0.0013452914798206277
26;24 Formylium;0.0013452914798206277
27;25 Fulminic acid;0.0013452914798206277
28;26 Trihydrogen ion;0.0013452914798206277
29;27 Methanimine;0.0013452914798206277
30;28 Nitrous Oxide;0.0013452914798206277
31;29 Propadienylidene;0.0013452914798206277
32;30 Ethylene Oxide;0.0013452914798206277
33;31 Ketenimine;0.0013452914798206277
34;32 2,4,6-Heptatriynenitrile;0.0013452914798206277
35;33 Aminoacetonitrile;0.0013452914798206277
36;34 Methanol;0.0013452914798206277
37;35 Ammonia;0.0013452914798206277
38;36 Formyl Radical;0.0013452914798206277
39;37 Methyl Cyanide;0.0013452914798206277
40;38 Molecular oxygen;0.0013452914798206277
41;39 Cyclopropenone;0.0013452914798206277
42;40 Carbonyl Sulfide;0.0013452914798206277
43;41 Acetaldehyde;0.0013452914798206277
44;42 Cyanomethylene;0.0013452914798206277
45;43 3-Thioxo-1,2-Propadieylidene;0.0013452914798206277
46;44 Formamide;0.0013452914798206277
47;45 Cyanobutadiyne;0.0013452914798206277
48;46 Sulfur Dioxide;0.0013452914798206277
49;47 Methyl isocyanide;0.0013452914798206277
50;48 Nitric sulfide;0.0013452914798206277
51;49 Methylene;0.0013452914798206277
52;50 Hydrochloric acid;0.0013452914798206277
53;51 Ethyne Isocyanide;0.0013452914798206277
54;52 Cyanide Radical;0.0013452914798206277
55;53 Nitric oxide;0.0013452914798206277
56;54 Cyanic acid;0.0013452914798206277
57;55 Formaldehyde;0.0013452914798206277
58;56 Sulfur Monoxide;0.0013452914798206277
59;57 Protonate 2-proynenitrile;0.0013452914798206277
60;58 Ethynyl;0.0013452914798206277
61;59 Ethylene Glycol;0.0013452914798206277
62;60 Hydrogen Cyanide;0.0013452914798206277
63;62 Methylidyne;0.0013452914798206277
64;63 Thioxoethenylidene;0.0013452914798206277
65;64 Cyanomethanimine;0.0013452914798206277
66;65 Silicon Monoxide;0.0013452914798206277
67;66 Dimethyl ether;0.0013452914798206277
68;67 Acetone;0.0013452914798206277
69;68 Carbon Monoxide;0.0013452914798206277
70;69 Phosphorous nitride;0.0013452914798206277
71;70 Thioformaldehyde;0.0013452914798206277
72;71 Diazenylium;0.0013452914798206277
73;72 Cyanoformaldehyde;0.0013452914798206277
74;73 Isothiocyanic acid;0.0013452914798206277
75;74 Vinyl Alcohol;0.0013452914798206277
76;75 Hydrogen Isocyanide;0.0013452914798206277
77;76 Carbon Monosulfide;0.0013452914798206277
78;77 Methylamine;0.0013452914798206277
79;78 Protonated Carbon Dioxide;0.0013452914798206277
80;79 Formic Acid;0.0013452914798206277
81;80 Cyclopropenylidene;0.0013452914798206277
82;81 Cyanoacetylene;0.0013452914798206277
83;82 para-Oxidaniumyl;0.0013452914798206277
84;83 ortho-Oxidaniumyl;0.0013452914798206277
85;84 Nitrosyl hydride;0.0013452914798206277
