1;34 Methanol;0.4582456140350877
2;66 Dimethyl ether;0.303859649122807
3;9 Iminomethylium;0.00912280701754386
4;12 Carbon Monosulfide;0.00912280701754386
5;10 Hydroxymethylium ion;0.005614035087719299
6;13 Cyanomethyl;0.005614035087719299
7;20 Water;0.005614035087719299
8;29 Propadienylidene;0.005614035087719299
9;38 Molecular oxygen;0.005614035087719299
10;43 3-Thioxo-1,2-Propadieylidene;0.005614035087719299
11;48 Nitric sulfide;0.005614035087719299
12;50 Hydrochloric acid;0.005614035087719299
13;62 Methylidyne;0.005614035087719299
14;63 Thioxoethenylidene;0.005614035087719299
15;67 Acetone;0.005614035087719299
16;68 Carbon Monoxide;0.005614035087719299
17;69 Phosphorous nitride;0.005614035087719299
18;79 Formic Acid;0.005614035087719299
19;0 Isocyanic Acid;0.002105263157894737
20;1 Propenal;0.002105263157894737
21;2 Ketene;0.002105263157894737
22;3 Oxonium hydride;0.002105263157894737
23;4 Thioformylium;0.002105263157894737
24;5 Vinyl Cyanide;0.002105263157894737
25;6 Methyl Formate;0.002105263157894737
26;7 Hydroxyl;0.002105263157894737
27;8 Methyliumylidene;0.002105263157894737
28;11 2-Propynal;0.002105263157894737
29;14 Methyl Acetylene;0.002105263157894737
30;15 2-Butynenitrile;0.002105263157894737
31;16 Methyl formate vt01;0.002105263157894737
32;17 Ethyl Cyanide;0.002105263157894737
33;18 gauche-Ethanol;0.002105263157894737
34;19 Glycolaldehyde;0.002105263157894737
35;21 Hydrogen sulfide;0.002105263157894737
36;22 Sulfur Monoxide ion;0.002105263157894737
37;23 1,3-Butadiynyl radical;0.002105263157894737
38;24 Formylium;0.002105263157894737
39;25 Fulminic acid;0.002105263157894737
40;26 Trihydrogen ion;0.002105263157894737
41;27 Methanimine;0.002105263157894737
42;28 Nitrous Oxide;0.002105263157894737
43;30 Ethylene Oxide;0.002105263157894737
44;31 Ketenimine;0.002105263157894737
45;32 2,4,6-Heptatriynenitrile;0.002105263157894737
46;33 Aminoacetonitrile;0.002105263157894737
47;35 Ammonia;0.002105263157894737
48;36 Formyl Radical;0.002105263157894737
49;37 Methyl Cyanide;0.002105263157894737
50;39 Cyclopropenone;0.002105263157894737
51;40 Carbonyl Sulfide;0.002105263157894737
52;41 Acetaldehyde;0.002105263157894737
53;42 Cyanomethylene;0.002105263157894737
54;44 Formamide;0.002105263157894737
55;45 Cyanobutadiyne;0.002105263157894737
56;46 Sulfur Dioxide;0.002105263157894737
57;47 Methyl isocyanide;0.002105263157894737
58;49 Methylene;0.002105263157894737
59;51 Ethyne Isocyanide;0.002105263157894737
60;52 Cyanide Radical;0.002105263157894737
61;53 Nitric oxide;0.002105263157894737
62;54 Cyanic acid;0.002105263157894737
63;55 Formaldehyde;0.002105263157894737
64;56 Sulfur Monoxide;0.002105263157894737
65;57 Protonate 2-proynenitrile;0.002105263157894737
66;58 Ethynyl;0.002105263157894737
67;59 Ethylene Glycol;0.002105263157894737
68;60 Hydrogen Cyanide;0.002105263157894737
69;61 Fluoromethyliumylidene;0.002105263157894737
70;64 Cyanomethanimine;0.002105263157894737
71;65 Silicon Monoxide;0.002105263157894737
72;70 Thioformaldehyde;0.002105263157894737
73;71 Diazenylium;0.002105263157894737
74;72 Cyanoformaldehyde;0.002105263157894737
75;73 Isothiocyanic acid;0.002105263157894737
76;74 Vinyl Alcohol;0.002105263157894737
77;75 Hydrogen Isocyanide;0.002105263157894737
78;76 Carbon Monosulfide;0.002105263157894737
79;77 Methylamine;0.002105263157894737
80;78 Protonated Carbon Dioxide;0.002105263157894737
81;80 Cyclopropenylidene;0.002105263157894737
82;81 Cyanoacetylene;0.002105263157894737
83;82 para-Oxidaniumyl;0.002105263157894737
84;83 ortho-Oxidaniumyl;0.002105263157894737
85;84 Nitrosyl hydride;0.002105263157894737
