DMTau.CS_5-4.image;model_dark_clouds_tr_500it;1;5 Methyliumylidene;0.8106444605358436
DMTau.CS_5-4.image;model_dark_clouds_tr_500it;2;28 Cyanobutadiyne;0.0068790731354091235
DMTau.CS_5-4.image;model_dark_clouds_tr_500it;3;0 Ketene;0.0032585083272990588
DMTau.CS_5-4.image;model_dark_clouds_tr_500it;4;1 1,3,5-Hexatriynyl;0.0032585083272990588
DMTau.CS_5-4.image;model_dark_clouds_tr_500it;5;2 Oxonium hydride;0.0032585083272990588
DMTau.CS_5-4.image;model_dark_clouds_2_500it;1;5 Methyliumylidene;0.8142650253439537
DMTau.CS_5-4.image;model_dark_clouds_2_500it;2;0 Ketene;0.0032585083272990588
DMTau.CS_5-4.image;model_dark_clouds_2_500it;3;1 1,3,5-Hexatriynyl;0.0032585083272990588
DMTau.CS_5-4.image;model_dark_clouds_2_500it;4;2 Oxonium hydride;0.0032585083272990588
DMTau.CS_5-4.image;model_dark_clouds_2_500it;5;3 Vinyl Cyanide;0.0032585083272990588
DMTau.CS_5-4.image;model_dark_clouds_full_500it;1;5 Methyliumylidene;0.7418537291817524
DMTau.CS_5-4.image;model_dark_clouds_full_500it;2;50 Hydrogen Isocyanide;0.07566980448950036
DMTau.CS_5-4.image;model_dark_clouds_full_500it;3;0 Ketene;0.0032585083272990588
DMTau.CS_5-4.image;model_dark_clouds_full_500it;4;1 1,3,5-Hexatriynyl;0.0032585083272990588
DMTau.CS_5-4.image;model_dark_clouds_full_500it;5;2 Oxonium hydride;0.0032585083272990588
DMTau.CS_5-4.image;model_dark_clouds_full_expanded_00002_500it;1;26 1,3,5,7-Octatetraynyl anion;0.8142650253439537
DMTau.CS_5-4.image;model_dark_clouds_full_expanded_00002_500it;2;0 Ketene;0.0032585083272990588
DMTau.CS_5-4.image;model_dark_clouds_full_expanded_00002_500it;3;1 1,3,5-Hexatriynyl;0.0032585083272990588
DMTau.CS_5-4.image;model_dark_clouds_full_expanded_00002_500it;4;2 Oxonium hydride;0.0032585083272990588
DMTau.CS_5-4.image;model_dark_clouds_full_expanded_00002_500it;5;3 Vinyl Cyanide;0.0032585083272990588
DMTau.CS_5-4.image;model_dark_clouds_full_expanded_00010_500it;1;50 Hydrogen Isocyanide;0.8142650253439537
DMTau.CS_5-4.image;model_dark_clouds_full_expanded_00010_500it;2;0 Ketene;0.0032585083272990588
DMTau.CS_5-4.image;model_dark_clouds_full_expanded_00010_500it;3;1 1,3,5-Hexatriynyl;0.0032585083272990588
DMTau.CS_5-4.image;model_dark_clouds_full_expanded_00010_500it;4;2 Oxonium hydride;0.0032585083272990588
DMTau.CS_5-4.image;model_dark_clouds_full_expanded_00010_500it;5;3 Vinyl Cyanide;0.0032585083272990588
Orion.HNC.cbc.contsub.image;model_dark_clouds_tr_500it;1;5 Methyliumylidene;0.7670299727520437
Orion.HNC.cbc.contsub.image;model_dark_clouds_tr_500it;2;0 Ketene;0.004087193460490464
Orion.HNC.cbc.contsub.image;model_dark_clouds_tr_500it;3;1 1,3,5-Hexatriynyl;0.004087193460490464
Orion.HNC.cbc.contsub.image;model_dark_clouds_tr_500it;4;2 Oxonium hydride;0.004087193460490464
Orion.HNC.cbc.contsub.image;model_dark_clouds_tr_500it;5;3 Vinyl Cyanide;0.004087193460490464
Orion.HNC.cbc.contsub.image;model_dark_clouds_2_500it;1;42 Silicon Monoxide;0.7670299727520437
Orion.HNC.cbc.contsub.image;model_dark_clouds_2_500it;2;0 Ketene;0.004087193460490464
Orion.HNC.cbc.contsub.image;model_dark_clouds_2_500it;3;1 1,3,5-Hexatriynyl;0.004087193460490464
Orion.HNC.cbc.contsub.image;model_dark_clouds_2_500it;4;2 Oxonium hydride;0.004087193460490464
Orion.HNC.cbc.contsub.image;model_dark_clouds_2_500it;5;3 Vinyl Cyanide;0.004087193460490464
Orion.HNC.cbc.contsub.image;model_dark_clouds_full_500it;1;5 Methyliumylidene;0.7670299727520437
Orion.HNC.cbc.contsub.image;model_dark_clouds_full_500it;2;0 Ketene;0.004087193460490464
Orion.HNC.cbc.contsub.image;model_dark_clouds_full_500it;3;1 1,3,5-Hexatriynyl;0.004087193460490464
Orion.HNC.cbc.contsub.image;model_dark_clouds_full_500it;4;2 Oxonium hydride;0.004087193460490464
Orion.HNC.cbc.contsub.image;model_dark_clouds_full_500it;5;3 Vinyl Cyanide;0.004087193460490464
Orion.HNC.cbc.contsub.image;model_dark_clouds_full_expanded_00002_500it;1;32 2,4,6,8,10-Undecapentaynenitrile;0.7670299727520437
Orion.HNC.cbc.contsub.image;model_dark_clouds_full_expanded_00002_500it;2;0 Ketene;0.004087193460490464
Orion.HNC.cbc.contsub.image;model_dark_clouds_full_expanded_00002_500it;3;1 1,3,5-Hexatriynyl;0.004087193460490464
Orion.HNC.cbc.contsub.image;model_dark_clouds_full_expanded_00002_500it;4;2 Oxonium hydride;0.004087193460490464
Orion.HNC.cbc.contsub.image;model_dark_clouds_full_expanded_00002_500it;5;3 Vinyl Cyanide;0.004087193460490464
Orion.HNC.cbc.contsub.image;model_dark_clouds_full_expanded_00010_500it;1;15 1,3-Butadiynyl radical;0.7670299727520437
Orion.HNC.cbc.contsub.image;model_dark_clouds_full_expanded_00010_500it;2;0 Ketene;0.004087193460490464
Orion.HNC.cbc.contsub.image;model_dark_clouds_full_expanded_00010_500it;3;1 1,3,5-Hexatriynyl;0.004087193460490464
Orion.HNC.cbc.contsub.image;model_dark_clouds_full_expanded_00010_500it;4;2 Oxonium hydride;0.004087193460490464
Orion.HNC.cbc.contsub.image;model_dark_clouds_full_expanded_00010_500it;5;3 Vinyl Cyanide;0.004087193460490464
uid___A002_Xa916fc_X668__IRS43_HCO32.final.image.pbcor;model_dark_clouds_tr_500it;1;5 Methyliumylidene;0.8387806411062224
uid___A002_Xa916fc_X668__IRS43_HCO32.final.image.pbcor;model_dark_clouds_tr_500it;2;0 Ketene;0.0028284098051539913
uid___A002_Xa916fc_X668__IRS43_HCO32.final.image.pbcor;model_dark_clouds_tr_500it;3;1 1,3,5-Hexatriynyl;0.0028284098051539913
uid___A002_Xa916fc_X668__IRS43_HCO32.final.image.pbcor;model_dark_clouds_tr_500it;4;2 Oxonium hydride;0.0028284098051539913
uid___A002_Xa916fc_X668__IRS43_HCO32.final.image.pbcor;model_dark_clouds_tr_500it;5;3 Vinyl Cyanide;0.0028284098051539913
uid___A002_Xa916fc_X668__IRS43_HCO32.final.image.pbcor;model_dark_clouds_2_500it;1;5 Methyliumylidene;0.8387806411062224
uid___A002_Xa916fc_X668__IRS43_HCO32.final.image.pbcor;model_dark_clouds_2_500it;2;0 Ketene;0.0028284098051539913
uid___A002_Xa916fc_X668__IRS43_HCO32.final.image.pbcor;model_dark_clouds_2_500it;3;1 1,3,5-Hexatriynyl;0.0028284098051539913
uid___A002_Xa916fc_X668__IRS43_HCO32.final.image.pbcor;model_dark_clouds_2_500it;4;2 Oxonium hydride;0.0028284098051539913
uid___A002_Xa916fc_X668__IRS43_HCO32.final.image.pbcor;model_dark_clouds_2_500it;5;3 Vinyl Cyanide;0.0028284098051539913
uid___A002_Xa916fc_X668__IRS43_HCO32.final.image.pbcor;model_dark_clouds_full_500it;1;48 Hexatrienyl;0.8387806411062224
uid___A002_Xa916fc_X668__IRS43_HCO32.final.image.pbcor;model_dark_clouds_full_500it;2;0 Ketene;0.0028284098051539913
uid___A002_Xa916fc_X668__IRS43_HCO32.final.image.pbcor;model_dark_clouds_full_500it;3;1 1,3,5-Hexatriynyl;0.0028284098051539913
uid___A002_Xa916fc_X668__IRS43_HCO32.final.image.pbcor;model_dark_clouds_full_500it;4;2 Oxonium hydride;0.0028284098051539913
uid___A002_Xa916fc_X668__IRS43_HCO32.final.image.pbcor;model_dark_clouds_full_500it;5;3 Vinyl Cyanide;0.0028284098051539913
uid___A002_Xa916fc_X668__IRS43_HCO32.final.image.pbcor;model_dark_clouds_full_expanded_00002_500it;1;2 Oxonium hydride;0.8387806411062224
uid___A002_Xa916fc_X668__IRS43_HCO32.final.image.pbcor;model_dark_clouds_full_expanded_00002_500it;2;0 Ketene;0.0028284098051539913
uid___A002_Xa916fc_X668__IRS43_HCO32.final.image.pbcor;model_dark_clouds_full_expanded_00002_500it;3;1 1,3,5-Hexatriynyl;0.0028284098051539913
uid___A002_Xa916fc_X668__IRS43_HCO32.final.image.pbcor;model_dark_clouds_full_expanded_00002_500it;4;3 Vinyl Cyanide;0.0028284098051539913
uid___A002_Xa916fc_X668__IRS43_HCO32.final.image.pbcor;model_dark_clouds_full_expanded_00002_500it;5;4 Hydroxyl;0.0028284098051539913
uid___A002_Xa916fc_X668__IRS43_HCO32.final.image.pbcor;model_dark_clouds_full_expanded_00010_500it;1;41 Thioxoethenylidene;0.8387806411062224
uid___A002_Xa916fc_X668__IRS43_HCO32.final.image.pbcor;model_dark_clouds_full_expanded_00010_500it;2;0 Ketene;0.0028284098051539913
uid___A002_Xa916fc_X668__IRS43_HCO32.final.image.pbcor;model_dark_clouds_full_expanded_00010_500it;3;1 1,3,5-Hexatriynyl;0.0028284098051539913
uid___A002_Xa916fc_X668__IRS43_HCO32.final.image.pbcor;model_dark_clouds_full_expanded_00010_500it;4;2 Oxonium hydride;0.0028284098051539913
uid___A002_Xa916fc_X668__IRS43_HCO32.final.image.pbcor;model_dark_clouds_full_expanded_00010_500it;5;3 Vinyl Cyanide;0.0028284098051539913
Orion.methanol.cbc.contsub.image;model_dark_clouds_tr_500it;1;42 Silicon Monoxide;0.5344827586206896
Orion.methanol.cbc.contsub.image;model_dark_clouds_tr_500it;2;0 Ketene;0.008166969147005444
Orion.methanol.cbc.contsub.image;model_dark_clouds_tr_500it;3;1 1,3,5-Hexatriynyl;0.008166969147005444
Orion.methanol.cbc.contsub.image;model_dark_clouds_tr_500it;4;2 Oxonium hydride;0.008166969147005444
Orion.methanol.cbc.contsub.image;model_dark_clouds_tr_500it;5;3 Vinyl Cyanide;0.008166969147005444
Orion.methanol.cbc.contsub.image;model_dark_clouds_2_500it;1;5 Methyliumylidene;0.5344827586206896
Orion.methanol.cbc.contsub.image;model_dark_clouds_2_500it;2;0 Ketene;0.008166969147005444
Orion.methanol.cbc.contsub.image;model_dark_clouds_2_500it;3;1 1,3,5-Hexatriynyl;0.008166969147005444
Orion.methanol.cbc.contsub.image;model_dark_clouds_2_500it;4;2 Oxonium hydride;0.008166969147005444
Orion.methanol.cbc.contsub.image;model_dark_clouds_2_500it;5;3 Vinyl Cyanide;0.008166969147005444
Orion.methanol.cbc.contsub.image;model_dark_clouds_full_500it;1;5 Methyliumylidene;0.5344827586206896
Orion.methanol.cbc.contsub.image;model_dark_clouds_full_500it;2;0 Ketene;0.008166969147005444
Orion.methanol.cbc.contsub.image;model_dark_clouds_full_500it;3;1 1,3,5-Hexatriynyl;0.008166969147005444
Orion.methanol.cbc.contsub.image;model_dark_clouds_full_500it;4;2 Oxonium hydride;0.008166969147005444
Orion.methanol.cbc.contsub.image;model_dark_clouds_full_500it;5;3 Vinyl Cyanide;0.008166969147005444
Orion.methanol.cbc.contsub.image;model_dark_clouds_full_expanded_00002_500it;1;28 Cyanobutadiyne;0.5344827586206896
Orion.methanol.cbc.contsub.image;model_dark_clouds_full_expanded_00002_500it;2;0 Ketene;0.008166969147005444
Orion.methanol.cbc.contsub.image;model_dark_clouds_full_expanded_00002_500it;3;1 1,3,5-Hexatriynyl;0.008166969147005444
Orion.methanol.cbc.contsub.image;model_dark_clouds_full_expanded_00002_500it;4;2 Oxonium hydride;0.008166969147005444
Orion.methanol.cbc.contsub.image;model_dark_clouds_full_expanded_00002_500it;5;3 Vinyl Cyanide;0.008166969147005444
Orion.methanol.cbc.contsub.image;model_dark_clouds_full_expanded_00010_500it;1;11 4-Cyano-1,3-Butadiynyl;0.5344827586206896
Orion.methanol.cbc.contsub.image;model_dark_clouds_full_expanded_00010_500it;2;0 Ketene;0.008166969147005444
Orion.methanol.cbc.contsub.image;model_dark_clouds_full_expanded_00010_500it;3;1 1,3,5-Hexatriynyl;0.008166969147005444
Orion.methanol.cbc.contsub.image;model_dark_clouds_full_expanded_00010_500it;4;2 Oxonium hydride;0.008166969147005444
Orion.methanol.cbc.contsub.image;model_dark_clouds_full_expanded_00010_500it;5;3 Vinyl Cyanide;0.008166969147005444
TWHydra_CO3_2line.image;model_dark_clouds_tr_500it;1;5 Methyliumylidene;0.3435960591133005
TWHydra_CO3_2line.image;model_dark_clouds_tr_500it;2;53 Formic Acid;0.023399014778325122
TWHydra_CO3_2line.image;model_dark_clouds_tr_500it;3;55 Cyanoacetylene;0.023399014778325122
TWHydra_CO3_2line.image;model_dark_clouds_tr_500it;4;0 Ketene;0.011083743842364532
TWHydra_CO3_2line.image;model_dark_clouds_tr_500it;5;1 1,3,5-Hexatriynyl;0.011083743842364532
TWHydra_CO3_2line.image;model_dark_clouds_2_500it;1;48 Hexatrienyl;0.36822660098522164
TWHydra_CO3_2line.image;model_dark_clouds_2_500it;2;0 Ketene;0.011083743842364532
TWHydra_CO3_2line.image;model_dark_clouds_2_500it;3;1 1,3,5-Hexatriynyl;0.011083743842364532
TWHydra_CO3_2line.image;model_dark_clouds_2_500it;4;2 Oxonium hydride;0.011083743842364532
TWHydra_CO3_2line.image;model_dark_clouds_2_500it;5;3 Vinyl Cyanide;0.011083743842364532
TWHydra_CO3_2line.image;model_dark_clouds_full_500it;1;5 Methyliumylidene;0.36822660098522164
TWHydra_CO3_2line.image;model_dark_clouds_full_500it;2;0 Ketene;0.011083743842364532
TWHydra_CO3_2line.image;model_dark_clouds_full_500it;3;1 1,3,5-Hexatriynyl;0.011083743842364532
TWHydra_CO3_2line.image;model_dark_clouds_full_500it;4;2 Oxonium hydride;0.011083743842364532
TWHydra_CO3_2line.image;model_dark_clouds_full_500it;5;3 Vinyl Cyanide;0.011083743842364532
TWHydra_CO3_2line.image;model_dark_clouds_full_expanded_00002_500it;1;56 para-Oxidaniumyl;0.35591133004926107
TWHydra_CO3_2line.image;model_dark_clouds_full_expanded_00002_500it;2;17 Formylium;0.023399014778325122
TWHydra_CO3_2line.image;model_dark_clouds_full_expanded_00002_500it;3;0 Ketene;0.011083743842364532
TWHydra_CO3_2line.image;model_dark_clouds_full_expanded_00002_500it;4;1 1,3,5-Hexatriynyl;0.011083743842364532
TWHydra_CO3_2line.image;model_dark_clouds_full_expanded_00002_500it;5;2 Oxonium hydride;0.011083743842364532
TWHydra_CO3_2line.image;model_dark_clouds_full_expanded_00010_500it;1;46 Carbon Monoxide;0.36822660098522164
TWHydra_CO3_2line.image;model_dark_clouds_full_expanded_00010_500it;2;0 Ketene;0.011083743842364532
TWHydra_CO3_2line.image;model_dark_clouds_full_expanded_00010_500it;3;1 1,3,5-Hexatriynyl;0.011083743842364532
TWHydra_CO3_2line.image;model_dark_clouds_full_expanded_00010_500it;4;2 Oxonium hydride;0.011083743842364532
TWHydra_CO3_2line.image;model_dark_clouds_full_expanded_00010_500it;5;3 Vinyl Cyanide;0.011083743842364532
TWHydra_HCOplusline.image;model_dark_clouds_tr_500it;1;28 Cyanobutadiyne;0.3312020460358056
TWHydra_HCOplusline.image;model_dark_clouds_tr_500it;2;9 Ethyl Cyanide;0.024296675191815855
TWHydra_HCOplusline.image;model_dark_clouds_tr_500it;3;0 Ketene;0.011508951406649617
TWHydra_HCOplusline.image;model_dark_clouds_tr_500it;4;1 1,3,5-Hexatriynyl;0.011508951406649617
TWHydra_HCOplusline.image;model_dark_clouds_tr_500it;5;2 Oxonium hydride;0.011508951406649617
TWHydra_HCOplusline.image;model_dark_clouds_2_500it;1;5 Methyliumylidene;0.34398976982097185
TWHydra_HCOplusline.image;model_dark_clouds_2_500it;2;0 Ketene;0.011508951406649617
TWHydra_HCOplusline.image;model_dark_clouds_2_500it;3;1 1,3,5-Hexatriynyl;0.011508951406649617
TWHydra_HCOplusline.image;model_dark_clouds_2_500it;4;2 Oxonium hydride;0.011508951406649617
TWHydra_HCOplusline.image;model_dark_clouds_2_500it;5;3 Vinyl Cyanide;0.011508951406649617
TWHydra_HCOplusline.image;model_dark_clouds_full_500it;1;48 Hexatrienyl;0.34398976982097185
TWHydra_HCOplusline.image;model_dark_clouds_full_500it;2;0 Ketene;0.011508951406649617
TWHydra_HCOplusline.image;model_dark_clouds_full_500it;3;1 1,3,5-Hexatriynyl;0.011508951406649617
TWHydra_HCOplusline.image;model_dark_clouds_full_500it;4;2 Oxonium hydride;0.011508951406649617
TWHydra_HCOplusline.image;model_dark_clouds_full_500it;5;3 Vinyl Cyanide;0.011508951406649617
TWHydra_HCOplusline.image;model_dark_clouds_full_expanded_00002_500it;1;17 Formylium;0.3312020460358056
TWHydra_HCOplusline.image;model_dark_clouds_full_expanded_00002_500it;2;21 2,4,6-Heptatriynenitrile;0.024296675191815855
TWHydra_HCOplusline.image;model_dark_clouds_full_expanded_00002_500it;3;0 Ketene;0.011508951406649617
TWHydra_HCOplusline.image;model_dark_clouds_full_expanded_00002_500it;4;1 1,3,5-Hexatriynyl;0.011508951406649617
TWHydra_HCOplusline.image;model_dark_clouds_full_expanded_00002_500it;5;2 Oxonium hydride;0.011508951406649617
TWHydra_HCOplusline.image;model_dark_clouds_full_expanded_00010_500it;1;17 Formylium;0.34398976982097185
TWHydra_HCOplusline.image;model_dark_clouds_full_expanded_00010_500it;2;0 Ketene;0.011508951406649617
TWHydra_HCOplusline.image;model_dark_clouds_full_expanded_00010_500it;3;1 1,3,5-Hexatriynyl;0.011508951406649617
TWHydra_HCOplusline.image;model_dark_clouds_full_expanded_00010_500it;4;2 Oxonium hydride;0.011508951406649617
TWHydra_HCOplusline.image;model_dark_clouds_full_expanded_00010_500it;5;3 Vinyl Cyanide;0.011508951406649617
HD163296_CO_2_1.image;model_dark_clouds_tr_500it;1;5 Methyliumylidene;0.5468197879858657
HD163296_CO_2_1.image;model_dark_clouds_tr_500it;2;0 Ketene;0.007950530035335688
HD163296_CO_2_1.image;model_dark_clouds_tr_500it;3;1 1,3,5-Hexatriynyl;0.007950530035335688
HD163296_CO_2_1.image;model_dark_clouds_tr_500it;4;2 Oxonium hydride;0.007950530035335688
HD163296_CO_2_1.image;model_dark_clouds_tr_500it;5;3 Vinyl Cyanide;0.007950530035335688
HD163296_CO_2_1.image;model_dark_clouds_2_500it;1;5 Methyliumylidene;0.5468197879858657
HD163296_CO_2_1.image;model_dark_clouds_2_500it;2;0 Ketene;0.007950530035335688
HD163296_CO_2_1.image;model_dark_clouds_2_500it;3;1 1,3,5-Hexatriynyl;0.007950530035335688
HD163296_CO_2_1.image;model_dark_clouds_2_500it;4;2 Oxonium hydride;0.007950530035335688
HD163296_CO_2_1.image;model_dark_clouds_2_500it;5;3 Vinyl Cyanide;0.007950530035335688
HD163296_CO_2_1.image;model_dark_clouds_full_500it;1;5 Methyliumylidene;0.5468197879858657
HD163296_CO_2_1.image;model_dark_clouds_full_500it;2;0 Ketene;0.007950530035335688
HD163296_CO_2_1.image;model_dark_clouds_full_500it;3;1 1,3,5-Hexatriynyl;0.007950530035335688
HD163296_CO_2_1.image;model_dark_clouds_full_500it;4;2 Oxonium hydride;0.007950530035335688
HD163296_CO_2_1.image;model_dark_clouds_full_500it;5;3 Vinyl Cyanide;0.007950530035335688
HD163296_CO_2_1.image;model_dark_clouds_full_expanded_00002_500it;1;42 Silicon Monoxide;0.5468197879858657
HD163296_CO_2_1.image;model_dark_clouds_full_expanded_00002_500it;2;0 Ketene;0.007950530035335688
HD163296_CO_2_1.image;model_dark_clouds_full_expanded_00002_500it;3;1 1,3,5-Hexatriynyl;0.007950530035335688
HD163296_CO_2_1.image;model_dark_clouds_full_expanded_00002_500it;4;2 Oxonium hydride;0.007950530035335688
HD163296_CO_2_1.image;model_dark_clouds_full_expanded_00002_500it;5;3 Vinyl Cyanide;0.007950530035335688
HD163296_CO_2_1.image;model_dark_clouds_full_expanded_00010_500it;1;42 Silicon Monoxide;0.5379858657243816
HD163296_CO_2_1.image;model_dark_clouds_full_expanded_00010_500it;2;23 Ammonia;0.016784452296819786
HD163296_CO_2_1.image;model_dark_clouds_full_expanded_00010_500it;3;0 Ketene;0.007950530035335688
HD163296_CO_2_1.image;model_dark_clouds_full_expanded_00010_500it;4;1 1,3,5-Hexatriynyl;0.007950530035335688
HD163296_CO_2_1.image;model_dark_clouds_full_expanded_00010_500it;5;2 Oxonium hydride;0.007950530035335688
