1;20 Molecular oxygen;0.717199558985667
2;17 Hydrogen Cyanide;0.022601984564498342
3;11 Methyliumylidene;0.017089305402425578
4;0 Methylidyne;0.011576626240352812
5;1 Butyronitrile;0.011576626240352812
6;2 Formaldehyde;0.011576626240352812
7;3 Sulfur dioxide;0.011576626240352812
8;4 Carbon Monoxide;0.011576626240352812
9;5 Water;0.011576626240352812
10;6 Chloronium;0.011576626240352812
11;7 Imidogen;0.011576626240352812
12;8 Thioformylium;0.011576626240352812
13;9 Mercapto radical;0.011576626240352812
14;10 Methyl formate vt01;0.011576626240352812
15;12 Cyanide Radical;0.011576626240352812
16;13 Hydroxyl;0.011576626240352812
17;14 Nitric oxide;0.011576626240352812
18;15 Cyclopropenylidene;0.011576626240352812
19;16 Silicon Monoxide;0.011576626240352812
20;18 Carbon Monosulfide;0.011576626240352812
21;19 Hydrogen sulfide;0.011576626240352812
22;21 Hydrogen Isocyanide;0.011576626240352812
23;22 Formylium;0.011576626240352812
24;23 Sulfoniumylidene;0.011576626240352812
