1;4 Carbon Monoxide;0.7179072276159655
2;22 Formylium;0.0221143473570658
3;18 Carbon Monosulfide;0.016720604099244876
4;21 Hydrogen Isocyanide;0.016720604099244876
5;0 Methylidyne;0.011326860841423949
6;1 Butyronitrile;0.011326860841423949
7;2 Formaldehyde;0.011326860841423949
8;3 Sulfur dioxide;0.011326860841423949
9;5 Water;0.011326860841423949
10;6 Chloronium;0.011326860841423949
11;7 Imidogen;0.011326860841423949
12;8 Thioformylium;0.011326860841423949
13;9 Mercapto radical;0.011326860841423949
14;10 Methyl formate vt01;0.011326860841423949
15;11 Methyliumylidene;0.011326860841423949
16;12 Cyanide Radical;0.011326860841423949
17;13 Hydroxyl;0.011326860841423949
18;14 Nitric oxide;0.011326860841423949
19;15 Cyclopropenylidene;0.011326860841423949
20;16 Silicon Monoxide;0.011326860841423949
21;17 Hydrogen Cyanide;0.011326860841423949
22;19 Hydrogen sulfide;0.011326860841423949
23;20 Molecular oxygen;0.011326860841423949
24;23 Sulfoniumylidene;0.011326860841423949
