1;16 Silicon Monoxide;0.7394822006472491
2;0 Methylidyne;0.011326860841423949
3;1 Butyronitrile;0.011326860841423949
4;2 Formaldehyde;0.011326860841423949
5;3 Sulfur dioxide;0.011326860841423949
6;4 Carbon Monoxide;0.011326860841423949
7;5 Water;0.011326860841423949
8;6 Chloronium;0.011326860841423949
9;7 Imidogen;0.011326860841423949
10;8 Thioformylium;0.011326860841423949
11;9 Mercapto radical;0.011326860841423949
12;10 Methyl formate vt01;0.011326860841423949
13;11 Methyliumylidene;0.011326860841423949
14;12 Cyanide Radical;0.011326860841423949
15;13 Hydroxyl;0.011326860841423949
16;14 Nitric oxide;0.011326860841423949
17;15 Cyclopropenylidene;0.011326860841423949
18;17 Hydrogen Cyanide;0.011326860841423949
19;18 Carbon Monosulfide;0.011326860841423949
20;19 Hydrogen sulfide;0.011326860841423949
21;20 Molecular oxygen;0.011326860841423949
22;21 Hydrogen Isocyanide;0.011326860841423949
23;22 Formylium;0.011326860841423949
24;23 Sulfoniumylidene;0.011326860841423949
