1;11 Methyliumylidene;0.9179129843643781
2;0 Methylidyne;0.0035690006798096536
3;1 Butyronitrile;0.0035690006798096536
4;2 Formaldehyde;0.0035690006798096536
5;3 Sulfur dioxide;0.0035690006798096536
6;4 Carbon Monoxide;0.0035690006798096536
7;5 Water;0.0035690006798096536
8;6 Chloronium;0.0035690006798096536
9;7 Imidogen;0.0035690006798096536
10;8 Thioformylium;0.0035690006798096536
11;9 Mercapto radical;0.0035690006798096536
12;10 Methyl formate vt01;0.0035690006798096536
13;12 Cyanide Radical;0.0035690006798096536
14;13 Hydroxyl;0.0035690006798096536
15;14 Nitric oxide;0.0035690006798096536
16;15 Cyclopropenylidene;0.0035690006798096536
17;16 Silicon Monoxide;0.0035690006798096536
18;17 Hydrogen Cyanide;0.0035690006798096536
19;18 Carbon Monosulfide;0.0035690006798096536
20;19 Hydrogen sulfide;0.0035690006798096536
21;20 Molecular oxygen;0.0035690006798096536
22;21 Hydrogen Isocyanide;0.0035690006798096536
23;22 Formylium;0.0035690006798096536
24;23 Sulfoniumylidene;0.0035690006798096536
