1;29 Formylium;0.253030303030303
2;0 Methylidyne;0.025757575757575757
3;1 Formaldehyde;0.025757575757575757
4;2 Sulfur dioxide;0.025757575757575757
5;3 Carbon Monoxide;0.025757575757575757
6;4 Acetaldehyde;0.025757575757575757
7;5 Water;0.025757575757575757
8;6 Imidogen;0.025757575757575757
9;7 Carbon Monoxide Ion;0.025757575757575757
10;8 Nitric sulfide;0.025757575757575757
11;9 Isocyanic Acid;0.025757575757575757
12;10 Formic Acid;0.025757575757575757
13;11 Amidogen;0.025757575757575757
14;12 Ethylene Glycol;0.025757575757575757
15;13 Methyliumylidene;0.025757575757575757
16;14 Cyanide Radical;0.025757575757575757
17;15 Carbonyl Sulfide;0.025757575757575757
18;16 Hydroxyl;0.025757575757575757
19;17 Nitric oxide;0.025757575757575757
20;18 Methyl Cyanide;0.025757575757575757
21;19 Cyclopropenylidene;0.025757575757575757
22;20 Sulfur Monoxide ion;0.025757575757575757
23;21 Methanol;0.025757575757575757
24;22 Thioformaldehyde;0.025757575757575757
25;23 Ammonia;0.025757575757575757
26;24 Cyanoacetylene;0.025757575757575757
27;25 Hydrogen Cyanide;0.025757575757575757
28;26 Hydrogen sulfide;0.025757575757575757
29;27 Molecular oxygen;0.025757575757575757
30;28 Hydrogen Isocyanide;0.025757575757575757
