1;11 Cyanoacetylene;0.08333333333333333
2;9 Carbon Monoxide;0.06481481481481481
3;12 Carbonyl Sulfide;0.06481481481481481
4;0 Methanol;0.046296296296296294
5;1 Hydrogen fluoride;0.046296296296296294
6;2 Nitric oxide;0.046296296296296294
7;3 Formylium;0.046296296296296294
8;4 Sodium Chloride;0.046296296296296294
9;5 Sulfur dioxide;0.046296296296296294
10;6 para-Oxidaniumyl;0.046296296296296294
11;7 Sulfur Monoxide;0.046296296296296294
12;8 Butatrienylidene;0.046296296296296294
13;10 Nitrous Oxide;0.046296296296296294
14;13 Molecular oxygen;0.046296296296296294
15;14 ortho-Oxidaniumyl;0.046296296296296294
16;15 Water;0.046296296296296294
17;16 Iminomethylium;0.046296296296296294
18;17 Hydrochloric acid;0.046296296296296294
19;18 Acetylene;0.046296296296296294
20;19 Hydrogen Cyanide;0.046296296296296294
