1;6 Carbon Monoxide Ion;0.8621271806415307
2;0 Methylidyne;0.0039392234102419805
3;1 1,3-Butadiynyl radical;0.0039392234102419805
4;2 Formaldehyde;0.0039392234102419805
5;3 Sulfur dioxide;0.0039392234102419805
6;4 Carbon Monoxide;0.0039392234102419805
7;5 Water;0.0039392234102419805
8;7 Nitric sulfide;0.0039392234102419805
9;8 Isocyanic Acid;0.0039392234102419805
10;9 Methyliumylidene;0.0039392234102419805
11;10 Cyanide Radical;0.0039392234102419805
12;11 Ethynyl;0.0039392234102419805
13;12 Carbonyl Sulfide;0.0039392234102419805
14;13 Hydroxyl;0.0039392234102419805
15;14 Diazenylium;0.0039392234102419805
16;15 Thioxoethenylidene;0.0039392234102419805
17;16 Nitric oxide;0.0039392234102419805
18;17 Methyl Cyanide;0.0039392234102419805
19;18 Cyclopropenylidene;0.0039392234102419805
20;19 Methanimine;0.0039392234102419805
21;20 Methanol;0.0039392234102419805
22;21 Thioformaldehyde;0.0039392234102419805
23;22 Ammonia;0.0039392234102419805
24;23 Cyanamide;0.0039392234102419805
25;24 Cyanoacetylene;0.0039392234102419805
26;25 Sodium Chloride;0.0039392234102419805
27;26 Silicon Monoxide;0.0039392234102419805
28;27 Sulfur Monoxide;0.0039392234102419805
29;28 Protonated Carbon Dioxide;0.0039392234102419805
30;29 Hydrogen Cyanide;0.0039392234102419805
31;30 Carbon Monosulfide;0.0039392234102419805
32;31 Hydrogen sulfide;0.0039392234102419805
33;32 Molecular oxygen;0.0039392234102419805
34;33 Hydrogen Isocyanide;0.0039392234102419805
35;34 Formylium;0.0039392234102419805
36;35 Methyl Acetylene;0.0039392234102419805
