1;27 Sulfur Monoxide;0.7429435483870968
2;9 Methyliumylidene;0.012096774193548387
3;23 Cyanamide;0.012096774193548387
4;0 Methylidyne;0.007056451612903225
5;1 1,3-Butadiynyl radical;0.007056451612903225
6;2 Formaldehyde;0.007056451612903225
7;3 Sulfur dioxide;0.007056451612903225
8;4 Carbon Monoxide;0.007056451612903225
9;5 Water;0.007056451612903225
10;6 Carbon Monoxide Ion;0.007056451612903225
11;7 Nitric sulfide;0.007056451612903225
12;8 Isocyanic Acid;0.007056451612903225
13;10 Cyanide Radical;0.007056451612903225
14;11 Ethynyl;0.007056451612903225
15;12 Carbonyl Sulfide;0.007056451612903225
16;13 Hydroxyl;0.007056451612903225
17;14 Diazenylium;0.007056451612903225
18;15 Thioxoethenylidene;0.007056451612903225
19;16 Nitric oxide;0.007056451612903225
20;17 Methyl Cyanide;0.007056451612903225
21;18 Cyclopropenylidene;0.007056451612903225
22;19 Methanimine;0.007056451612903225
23;20 Methanol;0.007056451612903225
24;21 Thioformaldehyde;0.007056451612903225
25;22 Ammonia;0.007056451612903225
26;24 Cyanoacetylene;0.007056451612903225
27;25 Sodium Chloride;0.007056451612903225
28;26 Silicon Monoxide;0.007056451612903225
29;28 Protonated Carbon Dioxide;0.007056451612903225
30;29 Hydrogen Cyanide;0.007056451612903225
31;30 Carbon Monosulfide;0.007056451612903225
32;31 Hydrogen sulfide;0.007056451612903225
33;32 Molecular oxygen;0.007056451612903225
34;33 Hydrogen Isocyanide;0.007056451612903225
35;34 Formylium;0.007056451612903225
36;35 Methyl Acetylene;0.007056451612903225
