1;51 Methylidyne;0.4096812278630461
2;4 Methyliumylidene;0.020070838252656438
3;0 1,3,5-Hexatriynyl;0.008264462809917356
4;1 Silicon monosulfide;0.008264462809917356
5;2 Vinyl Cyanide;0.008264462809917356
6;3 Hydroxyl;0.008264462809917356
7;5 Aluminum Isocyanitrile;0.008264462809917356
8;6 Carbon Monosulfide;0.008264462809917356
9;7 Methyl Acetylene;0.008264462809917356
10;8 1,3-Butadiynyl anion;0.008264462809917356
11;9 Butatrienylidene;0.008264462809917356
12;10 2,4-Pentadiynylidyne;0.008264462809917356
13;11 Aluminum Monochloride;0.008264462809917356
14;12 4-Cyano-1,3-Butadiynyl;0.008264462809917356
15;13 Silicon monosulfide;0.008264462809917356
16;14 Water;0.008264462809917356
17;15 Hydrogen sulfide;0.008264462809917356
18;16 1,3-Butadiynyl radical;0.008264462809917356
19;17 Formylium;0.008264462809917356
20;18 Trihydrogen ion;0.008264462809917356
21;19 Methanimine;0.008264462809917356
22;20 Phosphorus Monoxide;0.008264462809917356
23;21 Methyl Cyanide;0.008264462809917356
24;22 Magnesium Isocyanide;0.008264462809917356
25;23 1,3,5-Hexatriynyl anion;0.008264462809917356
26;24 Phosphaethyne;0.008264462809917356
27;25 1,3,5,7-Octatetraynyl anion;0.008264462809917356
28;26 Silicon Monocarbide;0.008264462809917356
29;27 Cyanomethylene;0.008264462809917356
30;28 3-Thioxo-1,2-Propadieylidene;0.008264462809917356
31;29 Cyanobutadiyne;0.008264462809917356
32;30 Silicon Isocyanide;0.008264462809917356
33;31 Potassium chloride;0.008264462809917356
34;32 3-Oxo-1,2-Propadienylidene;0.008264462809917356
35;33 Silicon Carbide;0.008264462809917356
36;34 3-Cyano-1,2-propadienylidene;0.008264462809917356
37;35 Nitric sulfide;0.008264462809917356
38;36 Sulfur dioxide;0.008264462809917356
39;37 Ethyne Isocyanide;0.008264462809917356
40;38 Cyanoethynylide ion;0.008264462809917356
41;39 Cyanide Radical;0.008264462809917356
42;40 Carbon Monoxide Ion;0.008264462809917356
43;41 Cyanobutadiynylide anion;0.008264462809917356
44;42 Aluminum Monofluoride;0.008264462809917356
45;43 Formaldehyde;0.008264462809917356
46;44 Sulfur Monoxide;0.008264462809917356
47;45 Silicon tetracarbide;0.008264462809917356
48;46 Ethynyl;0.008264462809917356
49;47 Sodium Chloride;0.008264462809917356
50;48 Hydrogen Cyanide;0.008264462809917356
51;49 Sodium Cyanide;0.008264462809917356
52;50 3-Imino-1,2 Propadienylidene;0.008264462809917356
53;52 Thioxoethenylidene;0.008264462809917356
54;53 Silicon Monoxide;0.008264462809917356
55;54 1,3,5,7-Octatetraynyl;0.008264462809917356
56;55 Silicon Mononitride;0.008264462809917356
57;56 Carbon Monoxide;0.008264462809917356
58;57 Phosphorous nitride;0.008264462809917356
59;58 Carbon Monophosphide;0.008264462809917356
60;59 Thioformaldehyde;0.008264462809917356
61;60 Hexatrienyl;0.008264462809917356
62;61 Hydrogen Isocyanide;0.008264462809917356
63;62 Carbon Monosulfide;0.008264462809917356
64;63 Silicon Cyanide;0.008264462809917356
65;64 2,4,6-Heptatriynylidyne;0.008264462809917356
66;65 Cyclopropenylidene;0.008264462809917356
67;66 Cyanoacetylene;0.008264462809917356
68;67 Magnesium Cyanide;0.008264462809917356
69;68 3-Silanetetrayl-1,2-Propadienyli;0.008264462809917356
70;69 Cyanoethynyl;0.008264462809917356
71;70 Phosphapropynylidyne;0.008264462809917356
