1;4 Methyliumylidene;0.747031491997935
2;0 1,3,5-Hexatriynyl;0.0036138358286009293
3;1 Silicon monosulfide;0.0036138358286009293
4;2 Vinyl Cyanide;0.0036138358286009293
5;3 Hydroxyl;0.0036138358286009293
6;5 Aluminum Isocyanitrile;0.0036138358286009293
7;6 Carbon Monosulfide;0.0036138358286009293
8;7 Methyl Acetylene;0.0036138358286009293
9;8 1,3-Butadiynyl anion;0.0036138358286009293
10;9 Butatrienylidene;0.0036138358286009293
11;10 2,4-Pentadiynylidyne;0.0036138358286009293
12;11 Aluminum Monochloride;0.0036138358286009293
13;12 4-Cyano-1,3-Butadiynyl;0.0036138358286009293
14;13 Silicon monosulfide;0.0036138358286009293
15;14 Water;0.0036138358286009293
16;15 Hydrogen sulfide;0.0036138358286009293
17;16 1,3-Butadiynyl radical;0.0036138358286009293
18;17 Formylium;0.0036138358286009293
19;18 Trihydrogen ion;0.0036138358286009293
20;19 Methanimine;0.0036138358286009293
21;20 Phosphorus Monoxide;0.0036138358286009293
22;21 Methyl Cyanide;0.0036138358286009293
23;22 Magnesium Isocyanide;0.0036138358286009293
24;23 1,3,5-Hexatriynyl anion;0.0036138358286009293
25;24 Phosphaethyne;0.0036138358286009293
26;25 1,3,5,7-Octatetraynyl anion;0.0036138358286009293
27;26 Silicon Monocarbide;0.0036138358286009293
28;27 Cyanomethylene;0.0036138358286009293
29;28 3-Thioxo-1,2-Propadieylidene;0.0036138358286009293
30;29 Cyanobutadiyne;0.0036138358286009293
31;30 Silicon Isocyanide;0.0036138358286009293
32;31 Potassium chloride;0.0036138358286009293
33;32 3-Oxo-1,2-Propadienylidene;0.0036138358286009293
34;33 Silicon Carbide;0.0036138358286009293
35;34 3-Cyano-1,2-propadienylidene;0.0036138358286009293
36;35 Nitric sulfide;0.0036138358286009293
37;36 Sulfur dioxide;0.0036138358286009293
38;37 Ethyne Isocyanide;0.0036138358286009293
39;38 Cyanoethynylide ion;0.0036138358286009293
40;39 Cyanide Radical;0.0036138358286009293
41;40 Carbon Monoxide Ion;0.0036138358286009293
42;41 Cyanobutadiynylide anion;0.0036138358286009293
43;42 Aluminum Monofluoride;0.0036138358286009293
44;43 Formaldehyde;0.0036138358286009293
45;44 Sulfur Monoxide;0.0036138358286009293
46;45 Silicon tetracarbide;0.0036138358286009293
47;46 Ethynyl;0.0036138358286009293
48;47 Sodium Chloride;0.0036138358286009293
49;48 Hydrogen Cyanide;0.0036138358286009293
50;49 Sodium Cyanide;0.0036138358286009293
51;50 3-Imino-1,2 Propadienylidene;0.0036138358286009293
52;51 Methylidyne;0.0036138358286009293
53;52 Thioxoethenylidene;0.0036138358286009293
54;53 Silicon Monoxide;0.0036138358286009293
55;54 1,3,5,7-Octatetraynyl;0.0036138358286009293
56;55 Silicon Mononitride;0.0036138358286009293
57;56 Carbon Monoxide;0.0036138358286009293
58;57 Phosphorous nitride;0.0036138358286009293
59;58 Carbon Monophosphide;0.0036138358286009293
60;59 Thioformaldehyde;0.0036138358286009293
61;60 Hexatrienyl;0.0036138358286009293
62;61 Hydrogen Isocyanide;0.0036138358286009293
63;62 Carbon Monosulfide;0.0036138358286009293
64;63 Silicon Cyanide;0.0036138358286009293
65;64 2,4,6-Heptatriynylidyne;0.0036138358286009293
66;65 Cyclopropenylidene;0.0036138358286009293
67;66 Cyanoacetylene;0.0036138358286009293
68;67 Magnesium Cyanide;0.0036138358286009293
69;68 3-Silanetetrayl-1,2-Propadienyli;0.0036138358286009293
70;69 Cyanoethynyl;0.0036138358286009293
71;70 Phosphapropynylidyne;0.0036138358286009293
