1;9 Methyliumylidene;0.8374253483742535
2;0 Methylidyne;0.0046449900464499
3;1 1,3-Butadiynyl radical;0.0046449900464499
4;2 Formaldehyde;0.0046449900464499
5;3 Sulfur dioxide;0.0046449900464499
6;4 Carbon Monoxide;0.0046449900464499
7;5 Water;0.0046449900464499
8;6 Carbon Monoxide Ion;0.0046449900464499
9;7 Nitric sulfide;0.0046449900464499
10;8 Isocyanic Acid;0.0046449900464499
11;10 Cyanide Radical;0.0046449900464499
12;11 Ethynyl;0.0046449900464499
13;12 Carbonyl Sulfide;0.0046449900464499
14;13 Hydroxyl;0.0046449900464499
15;14 Diazenylium;0.0046449900464499
16;15 Thioxoethenylidene;0.0046449900464499
17;16 Nitric oxide;0.0046449900464499
18;17 Methyl Cyanide;0.0046449900464499
19;18 Cyclopropenylidene;0.0046449900464499
20;19 Methanimine;0.0046449900464499
21;20 Methanol;0.0046449900464499
22;21 Thioformaldehyde;0.0046449900464499
23;22 Ammonia;0.0046449900464499
24;23 Cyanamide;0.0046449900464499
25;24 Cyanoacetylene;0.0046449900464499
26;25 Sodium Chloride;0.0046449900464499
27;26 Silicon Monoxide;0.0046449900464499
28;27 Sulfur Monoxide;0.0046449900464499
29;28 Protonated Carbon Dioxide;0.0046449900464499
30;29 Hydrogen Cyanide;0.0046449900464499
31;30 Carbon Monosulfide;0.0046449900464499
32;31 Hydrogen sulfide;0.0046449900464499
33;32 Molecular oxygen;0.0046449900464499
34;33 Hydrogen Isocyanide;0.0046449900464499
35;34 Formylium;0.0046449900464499
36;35 Methyl Acetylene;0.0046449900464499
