1;26 Silicon Monoxide;0.5716783216783217
2;0 Methylidyne;0.012237762237762236
3;1 1,3-Butadiynyl radical;0.012237762237762236
4;2 Formaldehyde;0.012237762237762236
5;3 Sulfur dioxide;0.012237762237762236
6;4 Carbon Monoxide;0.012237762237762236
7;5 Water;0.012237762237762236
8;6 Carbon Monoxide Ion;0.012237762237762236
9;7 Nitric sulfide;0.012237762237762236
10;8 Isocyanic Acid;0.012237762237762236
11;9 Methyliumylidene;0.012237762237762236
12;10 Cyanide Radical;0.012237762237762236
13;11 Ethynyl;0.012237762237762236
14;12 Carbonyl Sulfide;0.012237762237762236
15;13 Hydroxyl;0.012237762237762236
16;14 Diazenylium;0.012237762237762236
17;15 Thioxoethenylidene;0.012237762237762236
18;16 Nitric oxide;0.012237762237762236
19;17 Methyl Cyanide;0.012237762237762236
20;18 Cyclopropenylidene;0.012237762237762236
21;19 Methanimine;0.012237762237762236
22;20 Methanol;0.012237762237762236
23;21 Thioformaldehyde;0.012237762237762236
24;22 Ammonia;0.012237762237762236
25;23 Cyanamide;0.012237762237762236
26;24 Cyanoacetylene;0.012237762237762236
27;25 Sodium Chloride;0.012237762237762236
28;27 Sulfur Monoxide;0.012237762237762236
29;28 Protonated Carbon Dioxide;0.012237762237762236
30;29 Hydrogen Cyanide;0.012237762237762236
31;30 Carbon Monosulfide;0.012237762237762236
32;31 Hydrogen sulfide;0.012237762237762236
33;32 Molecular oxygen;0.012237762237762236
34;33 Hydrogen Isocyanide;0.012237762237762236
35;34 Formylium;0.012237762237762236
36;35 Methyl Acetylene;0.012237762237762236
