1;50 Hydrochloric acid;0.43833333333333335
2;61 Fluoromethyliumylidene;0.14666666666666667
3;0 Isocyanic Acid;0.005
4;1 Propenal;0.005
5;2 Ketene;0.005
6;3 Oxonium hydride;0.005
7;4 Thioformylium;0.005
8;5 Vinyl Cyanide;0.005
9;6 Methyl Formate;0.005
10;7 Hydroxyl;0.005
11;8 Methyliumylidene;0.005
12;9 Iminomethylium;0.005
13;10 Hydroxymethylium ion;0.005
14;11 2-Propynal;0.005
15;12 Carbon Monosulfide;0.005
16;13 Cyanomethyl;0.005
17;14 Methyl Acetylene;0.005
18;15 2-Butynenitrile;0.005
19;16 Methyl formate vt01;0.005
20;17 Ethyl Cyanide;0.005
21;18 gauche-Ethanol;0.005
22;19 Glycolaldehyde;0.005
23;20 Water;0.005
24;21 Hydrogen sulfide;0.005
25;22 Sulfur Monoxide ion;0.005
26;23 1,3-Butadiynyl radical;0.005
27;24 Formylium;0.005
28;25 Fulminic acid;0.005
29;26 Trihydrogen ion;0.005
30;27 Methanimine;0.005
31;28 Nitrous Oxide;0.005
32;29 Propadienylidene;0.005
33;30 Ethylene Oxide;0.005
34;31 Ketenimine;0.005
35;32 2,4,6-Heptatriynenitrile;0.005
36;33 Aminoacetonitrile;0.005
37;34 Methanol;0.005
38;35 Ammonia;0.005
39;36 Formyl Radical;0.005
40;37 Methyl Cyanide;0.005
41;38 Molecular oxygen;0.005
42;39 Cyclopropenone;0.005
43;40 Carbonyl Sulfide;0.005
44;41 Acetaldehyde;0.005
45;42 Cyanomethylene;0.005
46;43 3-Thioxo-1,2-Propadieylidene;0.005
47;44 Formamide;0.005
48;45 Cyanobutadiyne;0.005
49;46 Sulfur Dioxide;0.005
50;47 Methyl isocyanide;0.005
51;48 Nitric sulfide;0.005
52;49 Methylene;0.005
53;51 Ethyne Isocyanide;0.005
54;52 Cyanide Radical;0.005
55;53 Nitric oxide;0.005
56;54 Cyanic acid;0.005
57;55 Formaldehyde;0.005
58;56 Sulfur Monoxide;0.005
59;57 Protonate 2-proynenitrile;0.005
60;58 Ethynyl;0.005
61;59 Ethylene Glycol;0.005
62;60 Hydrogen Cyanide;0.005
63;62 Methylidyne;0.005
64;63 Thioxoethenylidene;0.005
65;64 Cyanomethanimine;0.005
66;65 Silicon Monoxide;0.005
67;66 Dimethyl ether;0.005
68;67 Acetone;0.005
69;68 Carbon Monoxide;0.005
70;69 Phosphorous nitride;0.005
71;70 Thioformaldehyde;0.005
72;71 Diazenylium;0.005
73;72 Cyanoformaldehyde;0.005
74;73 Isothiocyanic acid;0.005
75;74 Vinyl Alcohol;0.005
76;75 Hydrogen Isocyanide;0.005
77;76 Carbon Monosulfide;0.005
78;77 Methylamine;0.005
79;78 Protonated Carbon Dioxide;0.005
80;79 Formic Acid;0.005
81;80 Cyclopropenylidene;0.005
82;81 Cyanoacetylene;0.005
83;82 para-Oxidaniumyl;0.005
84;83 ortho-Oxidaniumyl;0.005
85;84 Nitrosyl hydride;0.005
