TWHydra_HCOplusline.image;model_hot_cores_tr_500it;1;8 Methyliumylidene;0.30540540540540545
TWHydra_HCOplusline.image;model_hot_cores_tr_500it;2;16 Methyl formate vt01;0.021621621621621623
TWHydra_HCOplusline.image;model_hot_cores_tr_500it;3;0 Isocyanic Acid;0.008108108108108109
TWHydra_HCOplusline.image;model_hot_cores_tr_500it;4;1 Propenal;0.008108108108108109
TWHydra_HCOplusline.image;model_hot_cores_tr_500it;5;2 Ketene;0.008108108108108109
TWHydra_CO3_2line.image;model_hot_cores_tr_500it;1;60 Hydrogen Cyanide;0.3236842105263158
TWHydra_CO3_2line.image;model_hot_cores_tr_500it;2;11 2-Propynal;0.021052631578947368
TWHydra_CO3_2line.image;model_hot_cores_tr_500it;3;0 Isocyanic Acid;0.007894736842105263
TWHydra_CO3_2line.image;model_hot_cores_tr_500it;4;1 Propenal;0.007894736842105263
TWHydra_CO3_2line.image;model_hot_cores_tr_500it;5;2 Ketene;0.007894736842105263
DMTau.CS_5-4.image;model_hot_cores_tr_500it;1;8 Methyliumylidene;0.8677165354330709
DMTau.CS_5-4.image;model_hot_cores_tr_500it;2;0 Isocyanic Acid;0.0015748031496062992
DMTau.CS_5-4.image;model_hot_cores_tr_500it;3;1 Propenal;0.0015748031496062992
DMTau.CS_5-4.image;model_hot_cores_tr_500it;4;2 Ketene;0.0015748031496062992
DMTau.CS_5-4.image;model_hot_cores_tr_500it;5;3 Oxonium hydride;0.0015748031496062992
Orion.HNC.cbc.contsub.image;model_hot_cores_tr_500it;1;8 Methyliumylidene;0.7677419354838709
Orion.HNC.cbc.contsub.image;model_hot_cores_tr_500it;2;0 Isocyanic Acid;0.0027649769585253456
Orion.HNC.cbc.contsub.image;model_hot_cores_tr_500it;3;1 Propenal;0.0027649769585253456
Orion.HNC.cbc.contsub.image;model_hot_cores_tr_500it;4;2 Ketene;0.0027649769585253456
Orion.HNC.cbc.contsub.image;model_hot_cores_tr_500it;5;3 Oxonium hydride;0.0027649769585253456
HD163296_CO_2_1.image;model_hot_cores_tr_500it;1;54 Cyanic acid;0.44731182795698926
HD163296_CO_2_1.image;model_hot_cores_tr_500it;2;66 Dimethyl ether;0.017204301075268817
HD163296_CO_2_1.image;model_hot_cores_tr_500it;3;0 Isocyanic Acid;0.0064516129032258064
HD163296_CO_2_1.image;model_hot_cores_tr_500it;4;1 Propenal;0.0064516129032258064
HD163296_CO_2_1.image;model_hot_cores_tr_500it;5;2 Ketene;0.0064516129032258064
uid___A002_Xa916fc_X668__IRS43_HCO32.final.image.pbcor;model_hot_cores_tr_500it;1;8 Methyliumylidene;0.8119402985074626
uid___A002_Xa916fc_X668__IRS43_HCO32.final.image.pbcor;model_hot_cores_tr_500it;2;0 Isocyanic Acid;0.002238805970149254
uid___A002_Xa916fc_X668__IRS43_HCO32.final.image.pbcor;model_hot_cores_tr_500it;3;1 Propenal;0.002238805970149254
uid___A002_Xa916fc_X668__IRS43_HCO32.final.image.pbcor;model_hot_cores_tr_500it;4;2 Ketene;0.002238805970149254
uid___A002_Xa916fc_X668__IRS43_HCO32.final.image.pbcor;model_hot_cores_tr_500it;5;3 Oxonium hydride;0.002238805970149254
Orion.methanol.cbc.contsub.image;model_hot_cores_tr_500it;1;45 Cyanobutadiyne;0.58
Orion.methanol.cbc.contsub.image;model_hot_cores_tr_500it;2;0 Isocyanic Acid;0.005
Orion.methanol.cbc.contsub.image;model_hot_cores_tr_500it;3;1 Propenal;0.005
Orion.methanol.cbc.contsub.image;model_hot_cores_tr_500it;4;2 Ketene;0.005
Orion.methanol.cbc.contsub.image;model_hot_cores_tr_500it;5;3 Oxonium hydride;0.005
