1;8 Methyliumylidene;0.7186567164179104
2;28 Nitrous Oxide;0.0955223880597015
3;0 Isocyanic Acid;0.002238805970149254
4;1 Propenal;0.002238805970149254
5;2 Ketene;0.002238805970149254
6;3 Oxonium hydride;0.002238805970149254
7;4 Thioformylium;0.002238805970149254
8;5 Vinyl Cyanide;0.002238805970149254
9;6 Methyl Formate;0.002238805970149254
10;7 Hydroxyl;0.002238805970149254
11;9 Iminomethylium;0.002238805970149254
12;10 Hydroxymethylium ion;0.002238805970149254
13;11 2-Propynal;0.002238805970149254
14;12 Carbon Monosulfide;0.002238805970149254
15;13 Cyanomethyl;0.002238805970149254
16;14 Methyl Acetylene;0.002238805970149254
17;15 2-Butynenitrile;0.002238805970149254
18;16 Methyl formate vt01;0.002238805970149254
19;17 Ethyl Cyanide;0.002238805970149254
20;18 gauche-Ethanol;0.002238805970149254
21;19 Glycolaldehyde;0.002238805970149254
22;20 Water;0.002238805970149254
23;21 Hydrogen sulfide;0.002238805970149254
24;22 Sulfur Monoxide ion;0.002238805970149254
25;23 1,3-Butadiynyl radical;0.002238805970149254
26;24 Formylium;0.002238805970149254
27;25 Fulminic acid;0.002238805970149254
28;26 Trihydrogen ion;0.002238805970149254
29;27 Methanimine;0.002238805970149254
30;29 Propadienylidene;0.002238805970149254
31;30 Ethylene Oxide;0.002238805970149254
32;31 Ketenimine;0.002238805970149254
33;32 2,4,6-Heptatriynenitrile;0.002238805970149254
34;33 Aminoacetonitrile;0.002238805970149254
35;34 Methanol;0.002238805970149254
36;35 Ammonia;0.002238805970149254
37;36 Formyl Radical;0.002238805970149254
38;37 Methyl Cyanide;0.002238805970149254
39;38 Molecular oxygen;0.002238805970149254
40;39 Cyclopropenone;0.002238805970149254
41;40 Carbonyl Sulfide;0.002238805970149254
42;41 Acetaldehyde;0.002238805970149254
43;42 Cyanomethylene;0.002238805970149254
44;43 3-Thioxo-1,2-Propadieylidene;0.002238805970149254
45;44 Formamide;0.002238805970149254
46;45 Cyanobutadiyne;0.002238805970149254
47;46 Sulfur Dioxide;0.002238805970149254
48;47 Methyl isocyanide;0.002238805970149254
49;48 Nitric sulfide;0.002238805970149254
50;49 Methylene;0.002238805970149254
51;50 Hydrochloric acid;0.002238805970149254
52;51 Ethyne Isocyanide;0.002238805970149254
53;52 Cyanide Radical;0.002238805970149254
54;53 Nitric oxide;0.002238805970149254
55;54 Cyanic acid;0.002238805970149254
56;55 Formaldehyde;0.002238805970149254
57;56 Sulfur Monoxide;0.002238805970149254
58;57 Protonate 2-proynenitrile;0.002238805970149254
59;58 Ethynyl;0.002238805970149254
60;59 Ethylene Glycol;0.002238805970149254
61;60 Hydrogen Cyanide;0.002238805970149254
62;61 Fluoromethyliumylidene;0.002238805970149254
63;62 Methylidyne;0.002238805970149254
64;63 Thioxoethenylidene;0.002238805970149254
65;64 Cyanomethanimine;0.002238805970149254
66;65 Silicon Monoxide;0.002238805970149254
67;66 Dimethyl ether;0.002238805970149254
68;67 Acetone;0.002238805970149254
69;68 Carbon Monoxide;0.002238805970149254
70;69 Phosphorous nitride;0.002238805970149254
71;70 Thioformaldehyde;0.002238805970149254
72;71 Diazenylium;0.002238805970149254
73;72 Cyanoformaldehyde;0.002238805970149254
74;73 Isothiocyanic acid;0.002238805970149254
75;74 Vinyl Alcohol;0.002238805970149254
76;75 Hydrogen Isocyanide;0.002238805970149254
77;76 Carbon Monosulfide;0.002238805970149254
78;77 Methylamine;0.002238805970149254
79;78 Protonated Carbon Dioxide;0.002238805970149254
80;79 Formic Acid;0.002238805970149254
81;80 Cyclopropenylidene;0.002238805970149254
82;81 Cyanoacetylene;0.002238805970149254
83;82 para-Oxidaniumyl;0.002238805970149254
84;83 ortho-Oxidaniumyl;0.002238805970149254
85;84 Nitrosyl hydride;0.002238805970149254
