1;0 Methanol;0.02040816326530612
2;1 Hydrogen fluoride;0.02040816326530612
3;2 Nitric oxide;0.02040816326530612
4;3 Formylium;0.02040816326530612
5;4 Sodium Chloride;0.02040816326530612
6;5 Sulfur dioxide;0.02040816326530612
7;6 para-Oxidaniumyl;0.02040816326530612
8;7 Sulfur Monoxide;0.02040816326530612
9;8 Butatrienylidene;0.02040816326530612
10;9 Carbon Monoxide;0.02040816326530612
11;10 Nitrous Oxide;0.02040816326530612
12;11 Cyanoacetylene;0.02040816326530612
13;12 Carbonyl Sulfide;0.02040816326530612
14;13 Molecular oxygen;0.02040816326530612
15;14 ortho-Oxidaniumyl;0.02040816326530612
16;15 Water;0.02040816326530612
17;16 Iminomethylium;0.02040816326530612
18;17 Hydrochloric acid;0.02040816326530612
19;18 Acetylene;0.02040816326530612
20;19 Hydrogen Cyanide;0.02040816326530612
