¡MATCH! Model[model_hot_cores_full_500it] FITS[../../FITS/DMTau.CS_5-4.image.fits]: 0.02382133995037221
¡MATCH! Model[model_hot_cores_full_500it] FITS[../../FITS/Orion.HNC.cbc.contsub.image.fits]: 0.13624161073825503
¡MATCH! Model[model_hot_cores_full_expanded_00002_500it] FITS[../../FITS/Orion.methanol.cbc.contsub.image.fits]: 0.011428571428571429
¡MATCH! Model[model_dark_clouds_full_expanded_00010_500it] FITS[../../FITS/TWHydra_HCOplusline.image.fits]: 0.010042283298097253
¡MATCH! Model[model_diffuse_clouds_2_500it] FITS[../../FITS/uid___A002_Xa916fc_X668__IRS43_HCO32.final.image.pbcor.fits]: 0.004788384306456596
¡MATCH! Model[model_diffuse_clouds_full_500it] FITS[../../FITS/TWHydra_HCOplusline.image.fits]: 0.016542155816435433
¡MATCH! Model[model_diffuse_clouds_full_expanded_00002_500it] FITS[../../FITS/TWHydra_CO3_2line.image.fits]: 0.7463235294117646
¡MATCH! Model[model_diffuse_clouds_full_expanded_00002_500it] FITS[../../FITS/TWHydra_HCOplusline.image.fits]: 0.7369263607257204
¡MATCH! Model[model_diffuse_clouds_full_expanded_00010_500it] FITS[../../FITS/DMTau.CS_5-4.image.fits]: 0.8799701789264415
¡MATCH! Model[model_diffuse_clouds_full_expanded_00010_500it] FITS[../../FITS/Orion.HNC.cbc.contsub.image.fits]: 0.8308675184936113
¡MATCH! Model[model_diffuse_clouds_full_expanded_00010_500it] FITS[../../FITS/TWHydra_CO3_2line.image.fits]: 0.7358193277310924
¡MATCH! Model[model_comets_tr_500it] FITS[../../FITS/HD163296_CO_2_1.image.fits]: 0.004927536231884058
¡MATCH! Model[model_comets_tr_500it] FITS[../../FITS/TWHydra_CO3_2line.image.fits]: 0.008900523560209424
¡MATCH! Model[model_comets_2_500it] FITS[../../FITS/HD163296_CO_2_1.image.fits]: 0.004927536231884058
¡MATCH! Model[model_comets_2_500it] FITS[../../FITS/uid___A002_Xa916fc_X668__IRS43_HCO32.final.image.pbcor.fits]: 0.17700617283950618
¡MATCH! Model[model_comets_2_500it] FITS[../../FITS/TWHydra_HCOplusline.image.fits]: 0.5675531914893617
¡MATCH! Model[model_comets_full_500it] FITS[../../FITS/HD163296_CO_2_1.image.fits]: 0.004927536231884058
¡MATCH! Model[model_comets_full_500it] FITS[../../FITS/uid___A002_Xa916fc_X668__IRS43_HCO32.final.image.pbcor.fits]: 0.16774691358024693
¡MATCH! Model[model_comets_full_500it] FITS[../../FITS/TWHydra_CO3_2line.image.fits]: 0.008900523560209424
¡MATCH! Model[model_comets_full_500it] FITS[../../FITS/TWHydra_HCOplusline.image.fits]: 0.7377659574468084
¡MATCH! Model[model_comets_full_expanded_00002_500it] FITS[../../FITS/HD163296_CO_2_1.image.fits]: 0.8571014492753622
¡MATCH! Model[model_comets_full_expanded_00002_500it] FITS[../../FITS/Orion.HNC.cbc.contsub.image.fits]: 0.8312080536912752
¡MATCH! Model[model_comets_full_expanded_00002_500it] FITS[../../FITS/TWHydra_CO3_2line.image.fits]: 0.7418848167539266
¡MATCH! Model[model_comets_full_expanded_00002_500it] FITS[../../FITS/TWHydra_HCOplusline.image.fits]: 0.7324468085106383
¡MATCH! Model[model_comets_full_expanded_00010_500it] FITS[../../FITS/HD163296_CO_2_1.image.fits]: 0.004927536231884058
¡MATCH! Model[model_extragalactic_full_expanded_00002_500it] FITS[../../FITS/Orion.HNC.cbc.contsub.image.fits]: 0.8352387357094823
¡MATCH! Model[model_extragalactic_full_expanded_00010_500it] FITS[../../FITS/TWHydra_CO3_2line.image.fits]: 0.017857142857142856
¡MATCH! Model[model_planetary_tr_500it] FITS[../../FITS/uid___A002_Xa916fc_X668__IRS43_HCO32.final.image.pbcor.fits]: 0.003849114703618168
¡MATCH! Model[model_planetary_tr_500it] FITS[../../FITS/Orion.methanol.cbc.contsub.image.fits]: 0.0176678445229682
¡MATCH! Model[model_planetary_tr_500it] FITS[../../FITS/TWHydra_HCOplusline.image.fits]: 0.013192612137203167
¡MATCH! Model[model_planetary_2_500it] FITS[../../FITS/uid___A002_Xa916fc_X668__IRS43_HCO32.final.image.pbcor.fits]: 0.003849114703618168
¡MATCH! Model[model_planetary_2_500it] FITS[../../FITS/Orion.methanol.cbc.contsub.image.fits]: 0.0176678445229682
¡MATCH! Model[model_planetary_2_500it] FITS[../../FITS/TWHydra_HCOplusline.image.fits]: 0.013192612137203167
¡MATCH! Model[model_planetary_full_500it] FITS[../../FITS/uid___A002_Xa916fc_X668__IRS43_HCO32.final.image.pbcor.fits]: 0.003849114703618168
¡MATCH! Model[model_planetary_full_500it] FITS[../../FITS/Orion.methanol.cbc.contsub.image.fits]: 0.0176678445229682
¡MATCH! Model[model_planetary_full_500it] FITS[../../FITS/TWHydra_HCOplusline.image.fits]: 0.013192612137203167
¡MATCH! Model[model_planetary_full_expanded_00002_500it] FITS[../../FITS/uid___A002_Xa916fc_X668__IRS43_HCO32.final.image.pbcor.fits]: 0.9265842349304482
¡MATCH! Model[model_planetary_full_expanded_00002_500it] FITS[../../FITS/Orion.methanol.cbc.contsub.image.fits]: 0.017985611510791366
¡MATCH! Model[model_planetary_full_expanded_00002_500it] FITS[../../FITS/TWHydra_HCOplusline.image.fits]: 0.7459893048128342
¡MATCH! Model[model_planetary_full_expanded_00010_500it] FITS[../../FITS/uid___A002_Xa916fc_X668__IRS43_HCO32.final.image.pbcor.fits]: 0.005409582689335394
¡MATCH! Model[model_planetary_full_expanded_00010_500it] FITS[../../FITS/Orion.methanol.cbc.contsub.image.fits]: 0.017985611510791366
¡MATCH! Model[model_planetary_full_expanded_00010_500it] FITS[../../FITS/TWHydra_HCOplusline.image.fits]: 0.01871657754010695
