1;13 Methyliumylidene;0.7629807692307692
2;0 Methylidyne;0.008173076923076924
3;1 Formaldehyde;0.008173076923076924
4;2 Sulfur dioxide;0.008173076923076924
5;3 Carbon Monoxide;0.008173076923076924
6;4 Acetaldehyde;0.008173076923076924
7;5 Water;0.008173076923076924
8;6 Imidogen;0.008173076923076924
9;7 Carbon Monoxide Ion;0.008173076923076924
10;8 Nitric sulfide;0.008173076923076924
11;9 Isocyanic Acid;0.008173076923076924
12;10 Formic Acid;0.008173076923076924
13;11 Amidogen;0.008173076923076924
14;12 Ethylene Glycol;0.008173076923076924
15;14 Cyanide Radical;0.008173076923076924
16;15 Carbonyl Sulfide;0.008173076923076924
17;16 Hydroxyl;0.008173076923076924
18;17 Nitric oxide;0.008173076923076924
19;18 Methyl Cyanide;0.008173076923076924
20;19 Cyclopropenylidene;0.008173076923076924
21;20 Sulfur Monoxide ion;0.008173076923076924
22;21 Methanol;0.008173076923076924
23;22 Thioformaldehyde;0.008173076923076924
24;23 Ammonia;0.008173076923076924
25;24 Cyanoacetylene;0.008173076923076924
26;25 Hydrogen Cyanide;0.008173076923076924
27;26 Hydrogen sulfide;0.008173076923076924
28;27 Molecular oxygen;0.008173076923076924
29;28 Hydrogen Isocyanide;0.008173076923076924
30;29 Formylium;0.008173076923076924
