1;29 Formylium;0.7581730769230769
2;13 Methyliumylidene;0.012980769230769231
3;0 Methylidyne;0.008173076923076924
4;1 Formaldehyde;0.008173076923076924
5;2 Sulfur dioxide;0.008173076923076924
6;3 Carbon Monoxide;0.008173076923076924
7;4 Acetaldehyde;0.008173076923076924
8;5 Water;0.008173076923076924
9;6 Imidogen;0.008173076923076924
10;7 Carbon Monoxide Ion;0.008173076923076924
11;8 Nitric sulfide;0.008173076923076924
12;9 Isocyanic Acid;0.008173076923076924
13;10 Formic Acid;0.008173076923076924
14;11 Amidogen;0.008173076923076924
15;12 Ethylene Glycol;0.008173076923076924
16;14 Cyanide Radical;0.008173076923076924
17;15 Carbonyl Sulfide;0.008173076923076924
18;16 Hydroxyl;0.008173076923076924
19;17 Nitric oxide;0.008173076923076924
20;18 Methyl Cyanide;0.008173076923076924
21;19 Cyclopropenylidene;0.008173076923076924
22;20 Sulfur Monoxide ion;0.008173076923076924
23;21 Methanol;0.008173076923076924
24;22 Thioformaldehyde;0.008173076923076924
25;23 Ammonia;0.008173076923076924
26;24 Cyanoacetylene;0.008173076923076924
27;25 Hydrogen Cyanide;0.008173076923076924
28;26 Hydrogen sulfide;0.008173076923076924
29;27 Molecular oxygen;0.008173076923076924
30;28 Hydrogen Isocyanide;0.008173076923076924
