1;3 Carbon Monoxide;0.6819354838709678
2;0 Methylidyne;0.01096774193548387
3;1 Formaldehyde;0.01096774193548387
4;2 Sulfur dioxide;0.01096774193548387
5;4 Acetaldehyde;0.01096774193548387
6;5 Water;0.01096774193548387
7;6 Imidogen;0.01096774193548387
8;7 Carbon Monoxide Ion;0.01096774193548387
9;8 Nitric sulfide;0.01096774193548387
10;9 Isocyanic Acid;0.01096774193548387
11;10 Formic Acid;0.01096774193548387
12;11 Amidogen;0.01096774193548387
13;12 Ethylene Glycol;0.01096774193548387
14;13 Methyliumylidene;0.01096774193548387
15;14 Cyanide Radical;0.01096774193548387
16;15 Carbonyl Sulfide;0.01096774193548387
17;16 Hydroxyl;0.01096774193548387
18;17 Nitric oxide;0.01096774193548387
19;18 Methyl Cyanide;0.01096774193548387
20;19 Cyclopropenylidene;0.01096774193548387
21;20 Sulfur Monoxide ion;0.01096774193548387
22;21 Methanol;0.01096774193548387
23;22 Thioformaldehyde;0.01096774193548387
24;23 Ammonia;0.01096774193548387
25;24 Cyanoacetylene;0.01096774193548387
26;25 Hydrogen Cyanide;0.01096774193548387
27;26 Hydrogen sulfide;0.01096774193548387
28;27 Molecular oxygen;0.01096774193548387
29;28 Hydrogen Isocyanide;0.01096774193548387
30;29 Formylium;0.01096774193548387
