1;29 Formylium;0.4495652173913044
2;3 Carbon Monoxide;0.1191304347826087
3;28 Hydrogen Isocyanide;0.03217391304347826
4;0 Methylidyne;0.014782608695652174
5;1 Formaldehyde;0.014782608695652174
6;2 Sulfur dioxide;0.014782608695652174
7;4 Acetaldehyde;0.014782608695652174
8;5 Water;0.014782608695652174
9;6 Imidogen;0.014782608695652174
10;7 Carbon Monoxide Ion;0.014782608695652174
11;8 Nitric sulfide;0.014782608695652174
12;9 Isocyanic Acid;0.014782608695652174
13;10 Formic Acid;0.014782608695652174
14;11 Amidogen;0.014782608695652174
15;12 Ethylene Glycol;0.014782608695652174
16;13 Methyliumylidene;0.014782608695652174
17;14 Cyanide Radical;0.014782608695652174
18;15 Carbonyl Sulfide;0.014782608695652174
19;16 Hydroxyl;0.014782608695652174
20;17 Nitric oxide;0.014782608695652174
21;18 Methyl Cyanide;0.014782608695652174
22;19 Cyclopropenylidene;0.014782608695652174
23;20 Sulfur Monoxide ion;0.014782608695652174
24;21 Methanol;0.014782608695652174
25;22 Thioformaldehyde;0.014782608695652174
26;23 Ammonia;0.014782608695652174
27;24 Cyanoacetylene;0.014782608695652174
28;25 Hydrogen Cyanide;0.014782608695652174
29;26 Hydrogen sulfide;0.014782608695652174
30;27 Molecular oxygen;0.014782608695652174
