1;13 Methyliumylidene;0.8928260869565218
2;0 Methylidyne;0.0036956521739130435
3;1 Formaldehyde;0.0036956521739130435
4;2 Sulfur dioxide;0.0036956521739130435
5;3 Carbon Monoxide;0.0036956521739130435
6;4 Acetaldehyde;0.0036956521739130435
7;5 Water;0.0036956521739130435
8;6 Imidogen;0.0036956521739130435
9;7 Carbon Monoxide Ion;0.0036956521739130435
10;8 Nitric sulfide;0.0036956521739130435
11;9 Isocyanic Acid;0.0036956521739130435
12;10 Formic Acid;0.0036956521739130435
13;11 Amidogen;0.0036956521739130435
14;12 Ethylene Glycol;0.0036956521739130435
15;14 Cyanide Radical;0.0036956521739130435
16;15 Carbonyl Sulfide;0.0036956521739130435
17;16 Hydroxyl;0.0036956521739130435
18;17 Nitric oxide;0.0036956521739130435
19;18 Methyl Cyanide;0.0036956521739130435
20;19 Cyclopropenylidene;0.0036956521739130435
21;20 Sulfur Monoxide ion;0.0036956521739130435
22;21 Methanol;0.0036956521739130435
23;22 Thioformaldehyde;0.0036956521739130435
24;23 Ammonia;0.0036956521739130435
25;24 Cyanoacetylene;0.0036956521739130435
26;25 Hydrogen Cyanide;0.0036956521739130435
27;26 Hydrogen sulfide;0.0036956521739130435
28;27 Molecular oxygen;0.0036956521739130435
29;28 Hydrogen Isocyanide;0.0036956521739130435
30;29 Formylium;0.0036956521739130435
