1;11 Methyliumylidene;0.32978723404255317
2;17 Hydrogen Cyanide;0.22340425531914893
3;0 Methylidyne;0.020309477756286266
4;1 Butyronitrile;0.020309477756286266
5;2 Formaldehyde;0.020309477756286266
6;3 Sulfur dioxide;0.020309477756286266
7;4 Carbon Monoxide;0.020309477756286266
8;5 Water;0.020309477756286266
9;6 Chloronium;0.020309477756286266
10;7 Imidogen;0.020309477756286266
11;8 Thioformylium;0.020309477756286266
12;9 Mercapto radical;0.020309477756286266
13;10 Methyl formate vt01;0.020309477756286266
14;12 Cyanide Radical;0.020309477756286266
15;13 Hydroxyl;0.020309477756286266
16;14 Nitric oxide;0.020309477756286266
17;15 Cyclopropenylidene;0.020309477756286266
18;16 Silicon Monoxide;0.020309477756286266
19;18 Carbon Monosulfide;0.020309477756286266
20;19 Hydrogen sulfide;0.020309477756286266
21;20 Molecular oxygen;0.020309477756286266
22;21 Hydrogen Isocyanide;0.020309477756286266
23;22 Formylium;0.020309477756286266
24;23 Sulfoniumylidene;0.020309477756286266
