1;17 Hydrogen Cyanide;0.1947513812154696
2;22 Formylium;0.1671270718232044
3;0 Methylidyne;0.029005524861878452
4;1 Butyronitrile;0.029005524861878452
5;2 Formaldehyde;0.029005524861878452
6;3 Sulfur dioxide;0.029005524861878452
7;4 Carbon Monoxide;0.029005524861878452
8;5 Water;0.029005524861878452
9;6 Chloronium;0.029005524861878452
10;7 Imidogen;0.029005524861878452
11;8 Thioformylium;0.029005524861878452
12;9 Mercapto radical;0.029005524861878452
13;10 Methyl formate vt01;0.029005524861878452
14;11 Methyliumylidene;0.029005524861878452
15;12 Cyanide Radical;0.029005524861878452
16;13 Hydroxyl;0.029005524861878452
17;14 Nitric oxide;0.029005524861878452
18;15 Cyclopropenylidene;0.029005524861878452
19;16 Silicon Monoxide;0.029005524861878452
20;18 Carbon Monosulfide;0.029005524861878452
21;19 Hydrogen sulfide;0.029005524861878452
22;20 Molecular oxygen;0.029005524861878452
23;21 Hydrogen Isocyanide;0.029005524861878452
24;23 Sulfoniumylidene;0.029005524861878452
