¡MATCH! Model[model_hot_cores_full_500it] FITS[../../FITS/TWHydra_HCOplusline.image.fits]: 0.2108108108108108
¡MATCH! Model[model_hot_cores_full_expanded_00002_500it] FITS[../../FITS/TWHydra_CO3_2line.image.fits]: 0.3368421052631579
¡MATCH! Model[model_hot_cores_full_expanded_00002_500it] FITS[../../FITS/TWHydra_HCOplusline.image.fits]: 0.2648648648648649
¡MATCH! Model[model_hot_cores_full_expanded_00010_500it] FITS[../../FITS/TWHydra_CO3_2line.image.fits]: 0.3368421052631579
¡MATCH! Model[model_hot_cores_full_expanded_00010_500it] FITS[../../FITS/TWHydra_HCOplusline.image.fits]: 0.2513513513513514
¡MATCH! Model[model_agb_ppn_pn_tr_500it] FITS[../../FITS/TWHydra_HCOplusline.image.fits]: 0.3259972489683632
¡MATCH! Model[model_agb_ppn_pn_2_500it] FITS[../../FITS/TWHydra_HCOplusline.image.fits]: 0.3259972489683632
¡MATCH! Model[model_agb_ppn_pn_full_500it] FITS[../../FITS/TWHydra_HCOplusline.image.fits]: 0.3259972489683632
¡MATCH! Model[model_agb_ppn_pn_full_expanded_00002_500it] FITS[../../FITS/HD163296_CO_2_1.image.fits]: 0.46564885496183217
¡MATCH! Model[model_agb_ppn_pn_full_expanded_00002_500it] FITS[../../FITS/uid___A002_Xa916fc_X668__IRS43_HCO32.final.image.pbcor.fits]: 0.8162729658792651
¡MATCH! Model[model_agb_ppn_pn_full_expanded_00002_500it] FITS[../../FITS/TWHydra_CO3_2line.image.fits]: 0.3440428380187417
¡MATCH! Model[model_agb_ppn_pn_full_expanded_00002_500it] FITS[../../FITS/TWHydra_HCOplusline.image.fits]: 0.3259972489683632
¡MATCH! Model[model_agb_ppn_pn_full_expanded_00010_500it] FITS[../../FITS/TWHydra_CO3_2line.image.fits]: 0.3440428380187417
¡MATCH! Model[model_agb_ppn_pn_full_expanded_00010_500it] FITS[../../FITS/TWHydra_HCOplusline.image.fits]: 0.3259972489683632
¡MATCH! Model[model_dark_clouds_tr_500it] FITS[../../FITS/TWHydra_HCOplusline.image.fits]: 0.3045212765957446
¡MATCH! Model[model_dark_clouds_full_500it] FITS[../../FITS/Orion.HNC.cbc.contsub.image.fits]: 0.1691109074243813
¡MATCH! Model[model_dark_clouds_full_500it] FITS[../../FITS/TWHydra_HCOplusline.image.fits]: 0.03856382978723404
¡MATCH! Model[model_dark_clouds_full_expanded_00002_500it] FITS[../../FITS/DMTau.CS_5-4.image.fits]: 0.004971219256933543
¡MATCH! Model[model_dark_clouds_full_expanded_00002_500it] FITS[../../FITS/HD163296_CO_2_1.image.fits]: 0.45541401273885346
¡MATCH! Model[model_dark_clouds_full_expanded_00002_500it] FITS[../../FITS/TWHydra_CO3_2line.image.fits]: 0.07642487046632125
¡MATCH! Model[model_dark_clouds_full_expanded_00002_500it] FITS[../../FITS/TWHydra_HCOplusline.image.fits]: 0.3045212765957446
¡MATCH! Model[model_dark_clouds_full_expanded_00010_500it] FITS[../../FITS/TWHydra_CO3_2line.image.fits]: 0.3354922279792746
¡MATCH! Model[model_dark_clouds_full_expanded_00010_500it] FITS[../../FITS/TWHydra_HCOplusline.image.fits]: 0.3178191489361702
¡MATCH! Model[model_diffuse_clouds_tr_500it] FITS[../../FITS/TWHydra_HCOplusline.image.fits]: 0.3419618528610354
¡MATCH! Model[model_diffuse_clouds_2_500it] FITS[../../FITS/uid___A002_Xa916fc_X668__IRS43_HCO32.final.image.pbcor.fits]: 0.01907255048616305
¡MATCH! Model[model_diffuse_clouds_2_500it] FITS[../../FITS/TWHydra_HCOplusline.image.fits]: 0.05585831062670299
¡MATCH! Model[model_diffuse_clouds_full_500it] FITS[../../FITS/TWHydra_HCOplusline.image.fits]: 0.26021798365122617
¡MATCH! Model[model_diffuse_clouds_full_expanded_00002_500it] FITS[../../FITS/DMTau.CS_5-4.image.fits]: 0.8730283911671926
¡MATCH! Model[model_diffuse_clouds_full_expanded_00002_500it] FITS[../../FITS/uid___A002_Xa916fc_X668__IRS43_HCO32.final.image.pbcor.fits]: 0.011593118922961856
¡MATCH! Model[model_diffuse_clouds_full_expanded_00002_500it] FITS[../../FITS/TWHydra_CO3_2line.image.fits]: 0.3594164456233422
¡MATCH! Model[model_diffuse_clouds_full_expanded_00002_500it] FITS[../../FITS/TWHydra_HCOplusline.image.fits]: 0.3419618528610354
¡MATCH! Model[model_diffuse_clouds_full_expanded_00010_500it] FITS[../../FITS/TWHydra_CO3_2line.image.fits]: 0.34615384615384615
¡MATCH! Model[model_diffuse_clouds_full_expanded_00010_500it] FITS[../../FITS/TWHydra_HCOplusline.image.fits]: 0.31471389645776565
¡MATCH! Model[model_comets_tr_500it] FITS[../../FITS/HD163296_CO_2_1.image.fits]: 0.4376344086021506
¡MATCH! Model[model_comets_tr_500it] FITS[../../FITS/TWHydra_HCOplusline.image.fits]: 0.33378378378378376
¡MATCH! Model[model_comets_2_500it] FITS[../../FITS/uid___A002_Xa916fc_X668__IRS43_HCO32.final.image.pbcor.fits]: 0.816044776119403
¡MATCH! Model[model_comets_full_500it] FITS[../../FITS/Orion.HNC.cbc.contsub.image.fits]: 0.10921658986175115
¡MATCH! Model[model_comets_full_500it] FITS[../../FITS/TWHydra_HCOplusline.image.fits]: 0.33378378378378376
¡MATCH! Model[model_comets_full_expanded_00002_500it] FITS[../../FITS/HD163296_CO_2_1.image.fits]: 0.4591397849462366
¡MATCH! Model[model_comets_full_expanded_00002_500it] FITS[../../FITS/uid___A002_Xa916fc_X668__IRS43_HCO32.final.image.pbcor.fits]: 0.816044776119403
¡MATCH! Model[model_comets_full_expanded_00002_500it] FITS[../../FITS/TWHydra_CO3_2line.image.fits]: 0.3513157894736842
¡MATCH! Model[model_comets_full_expanded_00002_500it] FITS[../../FITS/TWHydra_HCOplusline.image.fits]: 0.33378378378378376
¡MATCH! Model[model_comets_full_expanded_00010_500it] FITS[../../FITS/HD163296_CO_2_1.image.fits]: 0.4698924731182796
¡MATCH! Model[model_comets_full_expanded_00010_500it] FITS[../../FITS/uid___A002_Xa916fc_X668__IRS43_HCO32.final.image.pbcor.fits]: 0.013805970149253732
¡MATCH! Model[model_comets_full_expanded_00010_500it] FITS[../../FITS/TWHydra_CO3_2line.image.fits]: 0.3381578947368421
¡MATCH! Model[model_comets_full_expanded_00010_500it] FITS[../../FITS/TWHydra_HCOplusline.image.fits]: 0.33378378378378376
¡MATCH! Model[model_extragalactic_tr_500it] FITS[../../FITS/TWHydra_HCOplusline.image.fits]: 0.0326975476839237
¡MATCH! Model[model_extragalactic_full_500it] FITS[../../FITS/Orion.HNC.cbc.contsub.image.fits]: 0.0942698706099815
¡MATCH! Model[model_extragalactic_full_expanded_00002_500it] FITS[../../FITS/TWHydra_CO3_2line.image.fits]: 0.3501326259946949
¡MATCH! Model[model_extragalactic_full_expanded_00002_500it] FITS[../../FITS/TWHydra_HCOplusline.image.fits]: 0.332425068119891
¡MATCH! Model[model_extragalactic_full_expanded_00010_500it] FITS[../../FITS/DMTau.CS_5-4.image.fits]: 0.8711882229232387
¡MATCH! Model[model_extragalactic_full_expanded_00010_500it] FITS[../../FITS/TWHydra_CO3_2line.image.fits]: 0.3501326259946949
¡MATCH! Model[model_extragalactic_full_expanded_00010_500it] FITS[../../FITS/TWHydra_HCOplusline.image.fits]: 0.332425068119891
¡MATCH! Model[model_planetary_full_500it] FITS[../../FITS/TWHydra_HCOplusline.image.fits]: 0.33774834437086093
¡MATCH! Model[model_planetary_full_expanded_00002_500it] FITS[../../FITS/TWHydra_CO3_2line.image.fits]: 0.35333333333333333
¡MATCH! Model[model_planetary_full_expanded_00002_500it] FITS[../../FITS/TWHydra_HCOplusline.image.fits]: 0.3356164383561644
¡MATCH! Model[model_planetary_full_expanded_00010_500it] FITS[../../FITS/uid___A002_Xa916fc_X668__IRS43_HCO32.final.image.pbcor.fits]: 0.8220973782771536
¡MATCH! Model[model_planetary_full_expanded_00010_500it] FITS[../../FITS/TWHydra_CO3_2line.image.fits]: 0.35333333333333333
¡MATCH! Model[model_planetary_full_expanded_00010_500it] FITS[../../FITS/TWHydra_HCOplusline.image.fits]: 0.3219178082191781
