1;26 Silicon Monoxide;0.7492323439099283
2;0 Methylidyne;0.007164790174002046
3;1 1,3-Butadiynyl radical;0.007164790174002046
4;2 Formaldehyde;0.007164790174002046
5;3 Sulfur dioxide;0.007164790174002046
6;4 Carbon Monoxide;0.007164790174002046
7;5 Water;0.007164790174002046
8;6 Carbon Monoxide Ion;0.007164790174002046
9;7 Nitric sulfide;0.007164790174002046
10;8 Isocyanic Acid;0.007164790174002046
11;9 Methyliumylidene;0.007164790174002046
12;10 Cyanide Radical;0.007164790174002046
13;11 Ethynyl;0.007164790174002046
14;12 Carbonyl Sulfide;0.007164790174002046
15;13 Hydroxyl;0.007164790174002046
16;14 Diazenylium;0.007164790174002046
17;15 Thioxoethenylidene;0.007164790174002046
18;16 Nitric oxide;0.007164790174002046
19;17 Methyl Cyanide;0.007164790174002046
20;18 Cyclopropenylidene;0.007164790174002046
21;19 Methanimine;0.007164790174002046
22;20 Methanol;0.007164790174002046
23;21 Thioformaldehyde;0.007164790174002046
24;22 Ammonia;0.007164790174002046
25;23 Cyanamide;0.007164790174002046
26;24 Cyanoacetylene;0.007164790174002046
27;25 Sodium Chloride;0.007164790174002046
28;27 Sulfur Monoxide;0.007164790174002046
29;28 Protonated Carbon Dioxide;0.007164790174002046
30;29 Hydrogen Cyanide;0.007164790174002046
31;30 Carbon Monosulfide;0.007164790174002046
32;31 Hydrogen sulfide;0.007164790174002046
33;32 Molecular oxygen;0.007164790174002046
34;33 Hydrogen Isocyanide;0.007164790174002046
35;34 Formylium;0.007164790174002046
36;35 Methyl Acetylene;0.007164790174002046
