1;26 Silicon Monoxide;0.579002079002079
2;12 Carbonyl Sulfide;0.17359667359667358
3;0 Methylidyne;0.007276507276507276
4;1 1,3-Butadiynyl radical;0.007276507276507276
5;2 Formaldehyde;0.007276507276507276
6;3 Sulfur dioxide;0.007276507276507276
7;4 Carbon Monoxide;0.007276507276507276
8;5 Water;0.007276507276507276
9;6 Carbon Monoxide Ion;0.007276507276507276
10;7 Nitric sulfide;0.007276507276507276
11;8 Isocyanic Acid;0.007276507276507276
12;9 Methyliumylidene;0.007276507276507276
13;10 Cyanide Radical;0.007276507276507276
14;11 Ethynyl;0.007276507276507276
15;13 Hydroxyl;0.007276507276507276
16;14 Diazenylium;0.007276507276507276
17;15 Thioxoethenylidene;0.007276507276507276
18;16 Nitric oxide;0.007276507276507276
19;17 Methyl Cyanide;0.007276507276507276
20;18 Cyclopropenylidene;0.007276507276507276
21;19 Methanimine;0.007276507276507276
22;20 Methanol;0.007276507276507276
23;21 Thioformaldehyde;0.007276507276507276
24;22 Ammonia;0.007276507276507276
25;23 Cyanamide;0.007276507276507276
26;24 Cyanoacetylene;0.007276507276507276
27;25 Sodium Chloride;0.007276507276507276
28;27 Sulfur Monoxide;0.007276507276507276
29;28 Protonated Carbon Dioxide;0.007276507276507276
30;29 Hydrogen Cyanide;0.007276507276507276
31;30 Carbon Monosulfide;0.007276507276507276
32;31 Hydrogen sulfide;0.007276507276507276
33;32 Molecular oxygen;0.007276507276507276
34;33 Hydrogen Isocyanide;0.007276507276507276
35;34 Formylium;0.007276507276507276
36;35 Methyl Acetylene;0.007276507276507276
