1;25 Sodium Chloride;0.9416841614182412
2;29 Hydrogen Cyanide;0.0027991602519244225
3;0 Methylidyne;0.0016328434802892464
4;1 1,3-Butadiynyl radical;0.0016328434802892464
5;2 Formaldehyde;0.0016328434802892464
6;3 Sulfur dioxide;0.0016328434802892464
7;4 Carbon Monoxide;0.0016328434802892464
8;5 Water;0.0016328434802892464
9;6 Carbon Monoxide Ion;0.0016328434802892464
10;7 Nitric sulfide;0.0016328434802892464
11;8 Isocyanic Acid;0.0016328434802892464
12;9 Methyliumylidene;0.0016328434802892464
13;10 Cyanide Radical;0.0016328434802892464
14;11 Ethynyl;0.0016328434802892464
15;12 Carbonyl Sulfide;0.0016328434802892464
16;13 Hydroxyl;0.0016328434802892464
17;14 Diazenylium;0.0016328434802892464
18;15 Thioxoethenylidene;0.0016328434802892464
19;16 Nitric oxide;0.0016328434802892464
20;17 Methyl Cyanide;0.0016328434802892464
21;18 Cyclopropenylidene;0.0016328434802892464
22;19 Methanimine;0.0016328434802892464
23;20 Methanol;0.0016328434802892464
24;21 Thioformaldehyde;0.0016328434802892464
25;22 Ammonia;0.0016328434802892464
26;23 Cyanamide;0.0016328434802892464
27;24 Cyanoacetylene;0.0016328434802892464
28;26 Silicon Monoxide;0.0016328434802892464
29;27 Sulfur Monoxide;0.0016328434802892464
30;28 Protonated Carbon Dioxide;0.0016328434802892464
31;30 Carbon Monosulfide;0.0016328434802892464
32;31 Hydrogen sulfide;0.0016328434802892464
33;32 Molecular oxygen;0.0016328434802892464
34;33 Hydrogen Isocyanide;0.0016328434802892464
35;34 Formylium;0.0016328434802892464
36;35 Methyl Acetylene;0.0016328434802892464
