1;13 Methyliumylidene;0.6455128205128206
2;29 Formylium;0.03653846153846154
3;15 Carbonyl Sulfide;0.01730769230769231
4;28 Hydrogen Isocyanide;0.01730769230769231
5;0 Methylidyne;0.010897435897435897
6;1 Formaldehyde;0.010897435897435897
7;2 Sulfur dioxide;0.010897435897435897
8;3 Carbon Monoxide;0.010897435897435897
9;4 Acetaldehyde;0.010897435897435897
10;5 Water;0.010897435897435897
11;6 Imidogen;0.010897435897435897
12;7 Carbon Monoxide Ion;0.010897435897435897
13;8 Nitric sulfide;0.010897435897435897
14;9 Isocyanic Acid;0.010897435897435897
15;10 Formic Acid;0.010897435897435897
16;11 Amidogen;0.010897435897435897
17;12 Ethylene Glycol;0.010897435897435897
18;14 Cyanide Radical;0.010897435897435897
19;16 Hydroxyl;0.010897435897435897
20;17 Nitric oxide;0.010897435897435897
21;18 Methyl Cyanide;0.010897435897435897
22;19 Cyclopropenylidene;0.010897435897435897
23;20 Sulfur Monoxide ion;0.010897435897435897
24;21 Methanol;0.010897435897435897
25;22 Thioformaldehyde;0.010897435897435897
26;23 Ammonia;0.010897435897435897
27;24 Cyanoacetylene;0.010897435897435897
28;25 Hydrogen Cyanide;0.010897435897435897
29;26 Hydrogen sulfide;0.010897435897435897
30;27 Molecular oxygen;0.010897435897435897
