1;29 Formylium;0.683974358974359
2;0 Methylidyne;0.010897435897435897
3;1 Formaldehyde;0.010897435897435897
4;2 Sulfur dioxide;0.010897435897435897
5;3 Carbon Monoxide;0.010897435897435897
6;4 Acetaldehyde;0.010897435897435897
7;5 Water;0.010897435897435897
8;6 Imidogen;0.010897435897435897
9;7 Carbon Monoxide Ion;0.010897435897435897
10;8 Nitric sulfide;0.010897435897435897
11;9 Isocyanic Acid;0.010897435897435897
12;10 Formic Acid;0.010897435897435897
13;11 Amidogen;0.010897435897435897
14;12 Ethylene Glycol;0.010897435897435897
15;13 Methyliumylidene;0.010897435897435897
16;14 Cyanide Radical;0.010897435897435897
17;15 Carbonyl Sulfide;0.010897435897435897
18;16 Hydroxyl;0.010897435897435897
19;17 Nitric oxide;0.010897435897435897
20;18 Methyl Cyanide;0.010897435897435897
21;19 Cyclopropenylidene;0.010897435897435897
22;20 Sulfur Monoxide ion;0.010897435897435897
23;21 Methanol;0.010897435897435897
24;22 Thioformaldehyde;0.010897435897435897
25;23 Ammonia;0.010897435897435897
26;24 Cyanoacetylene;0.010897435897435897
27;25 Hydrogen Cyanide;0.010897435897435897
28;26 Hydrogen sulfide;0.010897435897435897
29;27 Molecular oxygen;0.010897435897435897
30;28 Hydrogen Isocyanide;0.010897435897435897
