1;24 Cyanoacetylene;0.925701624815362
2;2 Sulfur dioxide;0.003988183161004431
3;0 Methylidyne;0.0025110782865583456
4;1 Formaldehyde;0.0025110782865583456
5;3 Carbon Monoxide;0.0025110782865583456
6;4 Acetaldehyde;0.0025110782865583456
7;5 Water;0.0025110782865583456
8;6 Imidogen;0.0025110782865583456
9;7 Carbon Monoxide Ion;0.0025110782865583456
10;8 Nitric sulfide;0.0025110782865583456
11;9 Isocyanic Acid;0.0025110782865583456
12;10 Formic Acid;0.0025110782865583456
13;11 Amidogen;0.0025110782865583456
14;12 Ethylene Glycol;0.0025110782865583456
15;13 Methyliumylidene;0.0025110782865583456
16;14 Cyanide Radical;0.0025110782865583456
17;15 Carbonyl Sulfide;0.0025110782865583456
18;16 Hydroxyl;0.0025110782865583456
19;17 Nitric oxide;0.0025110782865583456
20;18 Methyl Cyanide;0.0025110782865583456
21;19 Cyclopropenylidene;0.0025110782865583456
22;20 Sulfur Monoxide ion;0.0025110782865583456
23;21 Methanol;0.0025110782865583456
24;22 Thioformaldehyde;0.0025110782865583456
25;23 Ammonia;0.0025110782865583456
26;25 Hydrogen Cyanide;0.0025110782865583456
27;26 Hydrogen sulfide;0.0025110782865583456
28;27 Molecular oxygen;0.0025110782865583456
29;28 Hydrogen Isocyanide;0.0025110782865583456
30;29 Formylium;0.0025110782865583456
