¡MATCH! Model[model_hot_cores_full_500it] FITS[../../FITS/Orion.HNC.cbc.contsub.image.fits]: 0.13220338983050847
¡MATCH! Model[model_hot_cores_full_expanded_00002_500it] FITS[../../FITS/uid___A002_Xa916fc_X668__IRS43_HCO32.final.image.pbcor.fits]: 0.9399532710280374
¡MATCH! Model[model_hot_cores_full_expanded_00002_500it] FITS[../../FITS/TWHydra_CO3_2line.image.fits]: 0.6824242424242424
¡MATCH! Model[model_hot_cores_full_expanded_00002_500it] FITS[../../FITS/TWHydra_HCOplusline.image.fits]: 0.009696969696969697
¡MATCH! Model[model_hot_cores_full_expanded_00010_500it] FITS[../../FITS/uid___A002_Xa916fc_X668__IRS43_HCO32.final.image.pbcor.fits]: 0.938785046728972
¡MATCH! Model[model_hot_cores_full_expanded_00010_500it] FITS[../../FITS/TWHydra_CO3_2line.image.fits]: 0.6642424242424242
¡MATCH! Model[model_hot_cores_full_expanded_00010_500it] FITS[../../FITS/TWHydra_HCOplusline.image.fits]: 0.6218181818181818
¡MATCH! Model[model_dark_clouds_full_expanded_00010_500it] FITS[../../FITS/TWHydra_HCOplusline.image.fits]: 0.011432009626955475
¡MATCH! Model[model_diffuse_clouds_2_500it] FITS[../../FITS/uid___A002_Xa916fc_X668__IRS43_HCO32.final.image.pbcor.fits]: 0.04220247837269114
¡MATCH! Model[model_diffuse_clouds_2_500it] FITS[../../FITS/TWHydra_HCOplusline.image.fits]: 0.5541362530413625
¡MATCH! Model[model_diffuse_clouds_full_500it] FITS[../../FITS/TWHydra_HCOplusline.image.fits]: 0.30474452554744524
¡MATCH! Model[model_diffuse_clouds_full_expanded_00002_500it] FITS[../../FITS/uid___A002_Xa916fc_X668__IRS43_HCO32.final.image.pbcor.fits]: 0.0036240355389291564
¡MATCH! Model[model_diffuse_clouds_full_expanded_00002_500it] FITS[../../FITS/TWHydra_CO3_2line.image.fits]: 0.7062043795620437
¡MATCH! Model[model_diffuse_clouds_full_expanded_00002_500it] FITS[../../FITS/TWHydra_HCOplusline.image.fits]: 0.7001216545012164
¡MATCH! Model[model_diffuse_clouds_full_expanded_00010_500it] FITS[../../FITS/uid___A002_Xa916fc_X668__IRS43_HCO32.final.image.pbcor.fits]: 0.0047930792611643675
¡MATCH! Model[model_diffuse_clouds_full_expanded_00010_500it] FITS[../../FITS/TWHydra_CO3_2line.image.fits]: 0.7001216545012164
¡MATCH! Model[model_diffuse_clouds_full_expanded_00010_500it] FITS[../../FITS/TWHydra_HCOplusline.image.fits]: 0.687956204379562
¡MATCH! Model[model_comets_tr_500it] FITS[../../FITS/HD163296_CO_2_1.image.fits]: 0.0066929133858267716
¡MATCH! Model[model_comets_tr_500it] FITS[../../FITS/TWHydra_CO3_2line.image.fits]: 0.016363636363636365
¡MATCH! Model[model_comets_2_500it] FITS[../../FITS/HD163296_CO_2_1.image.fits]: 0.0066929133858267716
¡MATCH! Model[model_comets_full_500it] FITS[../../FITS/HD163296_CO_2_1.image.fits]: 0.0066929133858267716
¡MATCH! Model[model_comets_full_500it] FITS[../../FITS/Orion.HNC.cbc.contsub.image.fits]: 0.8491525423728813
¡MATCH! Model[model_comets_full_500it] FITS[../../FITS/uid___A002_Xa916fc_X668__IRS43_HCO32.final.image.pbcor.fits]: 0.012499999999999999
¡MATCH! Model[model_comets_full_expanded_00002_500it] FITS[../../FITS/HD163296_CO_2_1.image.fits]: 0.0066929133858267716
¡MATCH! Model[model_comets_full_expanded_00002_500it] FITS[../../FITS/TWHydra_CO3_2line.image.fits]: 0.010303030303030303
¡MATCH! Model[model_comets_full_expanded_00010_500it] FITS[../../FITS/HD163296_CO_2_1.image.fits]: 0.0066929133858267716
¡MATCH! Model[model_comets_full_expanded_00010_500it] FITS[../../FITS/Orion.HNC.cbc.contsub.image.fits]: 0.8806295399515738
¡MATCH! Model[model_comets_full_expanded_00010_500it] FITS[../../FITS/uid___A002_Xa916fc_X668__IRS43_HCO32.final.image.pbcor.fits]: 0.9424065420560748
¡MATCH! Model[model_comets_full_expanded_00010_500it] FITS[../../FITS/TWHydra_CO3_2line.image.fits]: 0.6890909090909091
¡MATCH! Model[model_comets_full_expanded_00010_500it] FITS[../../FITS/TWHydra_HCOplusline.image.fits]: 0.6951515151515152
¡MATCH! Model[model_extragalactic_tr_500it] FITS[../../FITS/Orion.methanol.cbc.contsub.image.fits]: 0.012282497441146366
¡MATCH! Model[model_extragalactic_full_expanded_00002_500it] FITS[../../FITS/HD163296_CO_2_1.image.fits]: 0.0055248618784530384
¡MATCH! Model[model_extragalactic_full_expanded_00002_500it] FITS[../../FITS/TWHydra_CO3_2line.image.fits]: 0.7019464720194647
¡MATCH! Model[model_extragalactic_full_expanded_00010_500it] FITS[../../FITS/DMTau.CS_5-4.image.fits]: 0.8782306163021869
¡MATCH! Model[model_extragalactic_full_expanded_00010_500it] FITS[../../FITS/TWHydra_CO3_2line.image.fits]: 0.6958637469586375
¡MATCH! Model[model_planetary_tr_500it] FITS[../../FITS/uid___A002_Xa916fc_X668__IRS43_HCO32.final.image.pbcor.fits]: 0.0029154518950437317
¡MATCH! Model[model_planetary_tr_500it] FITS[../../FITS/Orion.methanol.cbc.contsub.image.fits]: 0.012658227848101266
¡MATCH! Model[model_planetary_tr_500it] FITS[../../FITS/TWHydra_HCOplusline.image.fits]: 0.015015015015015015
¡MATCH! Model[model_planetary_2_500it] FITS[../../FITS/uid___A002_Xa916fc_X668__IRS43_HCO32.final.image.pbcor.fits]: 0.0029154518950437317
¡MATCH! Model[model_planetary_2_500it] FITS[../../FITS/Orion.methanol.cbc.contsub.image.fits]: 0.012658227848101266
¡MATCH! Model[model_planetary_2_500it] FITS[../../FITS/TWHydra_HCOplusline.image.fits]: 0.015015015015015015
¡MATCH! Model[model_planetary_full_500it] FITS[../../FITS/uid___A002_Xa916fc_X668__IRS43_HCO32.final.image.pbcor.fits]: 0.0029154518950437317
¡MATCH! Model[model_planetary_full_500it] FITS[../../FITS/Orion.methanol.cbc.contsub.image.fits]: 0.012658227848101266
¡MATCH! Model[model_planetary_full_500it] FITS[../../FITS/TWHydra_HCOplusline.image.fits]: 0.015015015015015015
¡MATCH! Model[model_planetary_full_expanded_00002_500it] FITS[../../FITS/uid___A002_Xa916fc_X668__IRS43_HCO32.final.image.pbcor.fits]: 0.0029239766081871343
¡MATCH! Model[model_planetary_full_expanded_00002_500it] FITS[../../FITS/Orion.methanol.cbc.contsub.image.fits]: 0.01282051282051282
¡MATCH! Model[model_planetary_full_expanded_00002_500it] FITS[../../FITS/TWHydra_CO3_2line.image.fits]: 0.7103658536585366
¡MATCH! Model[model_planetary_full_expanded_00002_500it] FITS[../../FITS/TWHydra_HCOplusline.image.fits]: 0.7103658536585366
¡MATCH! Model[model_planetary_full_expanded_00010_500it] FITS[../../FITS/HD163296_CO_2_1.image.fits]: 0.01383399209486166
¡MATCH! Model[model_planetary_full_expanded_00010_500it] FITS[../../FITS/uid___A002_Xa916fc_X668__IRS43_HCO32.final.image.pbcor.fits]: 0.004093567251461989
¡MATCH! Model[model_planetary_full_expanded_00010_500it] FITS[../../FITS/Orion.methanol.cbc.contsub.image.fits]: 0.01282051282051282
¡MATCH! Model[model_planetary_full_expanded_00010_500it] FITS[../../FITS/TWHydra_CO3_2line.image.fits]: 0.7103658536585366
¡MATCH! Model[model_planetary_full_expanded_00010_500it] FITS[../../FITS/TWHydra_HCOplusline.image.fits]: 0.7103658536585366
