1;30 Carbon Monosulfide;0.805863708399366
2;0 Methylidyne;0.00554675118858954
3;1 1,3-Butadiynyl radical;0.00554675118858954
4;2 Formaldehyde;0.00554675118858954
5;3 Sulfur dioxide;0.00554675118858954
6;4 Carbon Monoxide;0.00554675118858954
7;5 Water;0.00554675118858954
8;6 Carbon Monoxide Ion;0.00554675118858954
9;7 Nitric sulfide;0.00554675118858954
10;8 Isocyanic Acid;0.00554675118858954
11;9 Methyliumylidene;0.00554675118858954
12;10 Cyanide Radical;0.00554675118858954
13;11 Ethynyl;0.00554675118858954
14;12 Carbonyl Sulfide;0.00554675118858954
15;13 Hydroxyl;0.00554675118858954
16;14 Diazenylium;0.00554675118858954
17;15 Thioxoethenylidene;0.00554675118858954
18;16 Nitric oxide;0.00554675118858954
19;17 Methyl Cyanide;0.00554675118858954
20;18 Cyclopropenylidene;0.00554675118858954
21;19 Methanimine;0.00554675118858954
22;20 Methanol;0.00554675118858954
23;21 Thioformaldehyde;0.00554675118858954
24;22 Ammonia;0.00554675118858954
25;23 Cyanamide;0.00554675118858954
26;24 Cyanoacetylene;0.00554675118858954
27;25 Sodium Chloride;0.00554675118858954
28;26 Silicon Monoxide;0.00554675118858954
29;27 Sulfur Monoxide;0.00554675118858954
30;28 Protonated Carbon Dioxide;0.00554675118858954
31;29 Hydrogen Cyanide;0.00554675118858954
32;31 Hydrogen sulfide;0.00554675118858954
33;32 Molecular oxygen;0.00554675118858954
34;33 Hydrogen Isocyanide;0.00554675118858954
35;34 Formylium;0.00554675118858954
36;35 Methyl Acetylene;0.00554675118858954
