1;0 Methylidyne;0.4969818913480885
2;34 Formylium;0.02414486921529175
3;1 1,3-Butadiynyl radical;0.01408450704225352
4;2 Formaldehyde;0.01408450704225352
5;3 Sulfur dioxide;0.01408450704225352
6;4 Carbon Monoxide;0.01408450704225352
7;5 Water;0.01408450704225352
8;6 Carbon Monoxide Ion;0.01408450704225352
9;7 Nitric sulfide;0.01408450704225352
10;8 Isocyanic Acid;0.01408450704225352
11;9 Methyliumylidene;0.01408450704225352
12;10 Cyanide Radical;0.01408450704225352
13;11 Ethynyl;0.01408450704225352
14;12 Carbonyl Sulfide;0.01408450704225352
15;13 Hydroxyl;0.01408450704225352
16;14 Diazenylium;0.01408450704225352
17;15 Thioxoethenylidene;0.01408450704225352
18;16 Nitric oxide;0.01408450704225352
19;17 Methyl Cyanide;0.01408450704225352
20;18 Cyclopropenylidene;0.01408450704225352
21;19 Methanimine;0.01408450704225352
22;20 Methanol;0.01408450704225352
23;21 Thioformaldehyde;0.01408450704225352
24;22 Ammonia;0.01408450704225352
25;23 Cyanamide;0.01408450704225352
26;24 Cyanoacetylene;0.01408450704225352
27;25 Sodium Chloride;0.01408450704225352
28;26 Silicon Monoxide;0.01408450704225352
29;27 Sulfur Monoxide;0.01408450704225352
30;28 Protonated Carbon Dioxide;0.01408450704225352
31;29 Hydrogen Cyanide;0.01408450704225352
32;30 Carbon Monosulfide;0.01408450704225352
33;31 Hydrogen sulfide;0.01408450704225352
34;32 Molecular oxygen;0.01408450704225352
35;33 Hydrogen Isocyanide;0.01408450704225352
36;35 Methyl Acetylene;0.01408450704225352
