1;9 Methyliumylidene;0.5070422535211268
2;0 Methylidyne;0.01408450704225352
3;1 1,3-Butadiynyl radical;0.01408450704225352
4;2 Formaldehyde;0.01408450704225352
5;3 Sulfur dioxide;0.01408450704225352
6;4 Carbon Monoxide;0.01408450704225352
7;5 Water;0.01408450704225352
8;6 Carbon Monoxide Ion;0.01408450704225352
9;7 Nitric sulfide;0.01408450704225352
10;8 Isocyanic Acid;0.01408450704225352
11;10 Cyanide Radical;0.01408450704225352
12;11 Ethynyl;0.01408450704225352
13;12 Carbonyl Sulfide;0.01408450704225352
14;13 Hydroxyl;0.01408450704225352
15;14 Diazenylium;0.01408450704225352
16;15 Thioxoethenylidene;0.01408450704225352
17;16 Nitric oxide;0.01408450704225352
18;17 Methyl Cyanide;0.01408450704225352
19;18 Cyclopropenylidene;0.01408450704225352
20;19 Methanimine;0.01408450704225352
21;20 Methanol;0.01408450704225352
22;21 Thioformaldehyde;0.01408450704225352
23;22 Ammonia;0.01408450704225352
24;23 Cyanamide;0.01408450704225352
25;24 Cyanoacetylene;0.01408450704225352
26;25 Sodium Chloride;0.01408450704225352
27;26 Silicon Monoxide;0.01408450704225352
28;27 Sulfur Monoxide;0.01408450704225352
29;28 Protonated Carbon Dioxide;0.01408450704225352
30;29 Hydrogen Cyanide;0.01408450704225352
31;30 Carbon Monosulfide;0.01408450704225352
32;31 Hydrogen sulfide;0.01408450704225352
33;32 Molecular oxygen;0.01408450704225352
34;33 Hydrogen Isocyanide;0.01408450704225352
35;34 Formylium;0.01408450704225352
36;35 Methyl Acetylene;0.01408450704225352
