Orion.HNC.cbc.contsub.image;model_extragalactic_tr_500it;1;26 Silicon Monoxide;0.7283813747228381
Orion.HNC.cbc.contsub.image;model_extragalactic_tr_500it;2;0 Methylidyne;0.007760532150776053
Orion.HNC.cbc.contsub.image;model_extragalactic_tr_500it;3;1 1,3-Butadiynyl radical;0.007760532150776053
Orion.HNC.cbc.contsub.image;model_extragalactic_tr_500it;4;2 Formaldehyde;0.007760532150776053
Orion.HNC.cbc.contsub.image;model_extragalactic_tr_500it;5;3 Sulfur dioxide;0.007760532150776053
HD163296_CO_2_1.image;model_extragalactic_tr_500it;1;26 Silicon Monoxide;0.491701244813278
HD163296_CO_2_1.image;model_extragalactic_tr_500it;2;0 Methylidyne;0.014522821576763484
HD163296_CO_2_1.image;model_extragalactic_tr_500it;3;1 1,3-Butadiynyl radical;0.014522821576763484
HD163296_CO_2_1.image;model_extragalactic_tr_500it;4;2 Formaldehyde;0.014522821576763484
HD163296_CO_2_1.image;model_extragalactic_tr_500it;5;3 Sulfur dioxide;0.014522821576763484
TWHydra_CO3_2line.image;model_extragalactic_tr_500it;1;29 Hydrogen Cyanide;0.34139784946236557
TWHydra_CO3_2line.image;model_extragalactic_tr_500it;2;0 Methylidyne;0.018817204301075266
TWHydra_CO3_2line.image;model_extragalactic_tr_500it;3;1 1,3-Butadiynyl radical;0.018817204301075266
TWHydra_CO3_2line.image;model_extragalactic_tr_500it;4;2 Formaldehyde;0.018817204301075266
TWHydra_CO3_2line.image;model_extragalactic_tr_500it;5;3 Sulfur dioxide;0.018817204301075266
DMTau.CS_5-4.image;model_extragalactic_tr_500it;1;9 Methyliumylidene;0.805863708399366
DMTau.CS_5-4.image;model_extragalactic_tr_500it;2;0 Methylidyne;0.00554675118858954
DMTau.CS_5-4.image;model_extragalactic_tr_500it;3;1 1,3-Butadiynyl radical;0.00554675118858954
DMTau.CS_5-4.image;model_extragalactic_tr_500it;4;2 Formaldehyde;0.00554675118858954
DMTau.CS_5-4.image;model_extragalactic_tr_500it;5;3 Sulfur dioxide;0.00554675118858954
Orion.methanol.cbc.contsub.image;model_extragalactic_tr_500it;1;9 Methyliumylidene;0.5070422535211268
Orion.methanol.cbc.contsub.image;model_extragalactic_tr_500it;2;0 Methylidyne;0.01408450704225352
Orion.methanol.cbc.contsub.image;model_extragalactic_tr_500it;3;1 1,3-Butadiynyl radical;0.01408450704225352
Orion.methanol.cbc.contsub.image;model_extragalactic_tr_500it;4;2 Formaldehyde;0.01408450704225352
Orion.methanol.cbc.contsub.image;model_extragalactic_tr_500it;5;3 Sulfur dioxide;0.01408450704225352
uid___A002_Xa916fc_X668__IRS43_HCO32.final.image.pbcor;model_extragalactic_tr_500it;1;9 Methyliumylidene;0.8096348096348097
uid___A002_Xa916fc_X668__IRS43_HCO32.final.image.pbcor;model_extragalactic_tr_500it;2;0 Methylidyne;0.005439005439005439
uid___A002_Xa916fc_X668__IRS43_HCO32.final.image.pbcor;model_extragalactic_tr_500it;3;1 1,3-Butadiynyl radical;0.005439005439005439
uid___A002_Xa916fc_X668__IRS43_HCO32.final.image.pbcor;model_extragalactic_tr_500it;4;2 Formaldehyde;0.005439005439005439
uid___A002_Xa916fc_X668__IRS43_HCO32.final.image.pbcor;model_extragalactic_tr_500it;5;3 Sulfur dioxide;0.005439005439005439
TWHydra_HCOplusline.image;model_extragalactic_tr_500it;1;9 Methyliumylidene;0.3039772727272727
TWHydra_HCOplusline.image;model_extragalactic_tr_500it;2;0 Methylidyne;0.019886363636363633
TWHydra_HCOplusline.image;model_extragalactic_tr_500it;3;1 1,3-Butadiynyl radical;0.019886363636363633
TWHydra_HCOplusline.image;model_extragalactic_tr_500it;4;2 Formaldehyde;0.019886363636363633
TWHydra_HCOplusline.image;model_extragalactic_tr_500it;5;3 Sulfur dioxide;0.019886363636363633
