1;33 Hydrogen Isocyanide;0.27556818181818177
2;34 Formylium;0.04829545454545454
3;0 Methylidyne;0.019886363636363633
4;1 1,3-Butadiynyl radical;0.019886363636363633
5;2 Formaldehyde;0.019886363636363633
6;3 Sulfur dioxide;0.019886363636363633
7;4 Carbon Monoxide;0.019886363636363633
8;5 Water;0.019886363636363633
9;6 Carbon Monoxide Ion;0.019886363636363633
10;7 Nitric sulfide;0.019886363636363633
11;8 Isocyanic Acid;0.019886363636363633
12;9 Methyliumylidene;0.019886363636363633
13;10 Cyanide Radical;0.019886363636363633
14;11 Ethynyl;0.019886363636363633
15;12 Carbonyl Sulfide;0.019886363636363633
16;13 Hydroxyl;0.019886363636363633
17;14 Diazenylium;0.019886363636363633
18;15 Thioxoethenylidene;0.019886363636363633
19;16 Nitric oxide;0.019886363636363633
20;17 Methyl Cyanide;0.019886363636363633
21;18 Cyclopropenylidene;0.019886363636363633
22;19 Methanimine;0.019886363636363633
23;20 Methanol;0.019886363636363633
24;21 Thioformaldehyde;0.019886363636363633
25;22 Ammonia;0.019886363636363633
26;23 Cyanamide;0.019886363636363633
27;24 Cyanoacetylene;0.019886363636363633
28;25 Sodium Chloride;0.019886363636363633
29;26 Silicon Monoxide;0.019886363636363633
30;27 Sulfur Monoxide;0.019886363636363633
31;28 Protonated Carbon Dioxide;0.019886363636363633
32;29 Hydrogen Cyanide;0.019886363636363633
33;30 Carbon Monosulfide;0.019886363636363633
34;31 Hydrogen sulfide;0.019886363636363633
35;32 Molecular oxygen;0.019886363636363633
36;35 Methyl Acetylene;0.019886363636363633
