1;4 Carbon Monoxide;0.34139784946236557
2;0 Methylidyne;0.018817204301075266
3;1 1,3-Butadiynyl radical;0.018817204301075266
4;2 Formaldehyde;0.018817204301075266
5;3 Sulfur dioxide;0.018817204301075266
6;5 Water;0.018817204301075266
7;6 Carbon Monoxide Ion;0.018817204301075266
8;7 Nitric sulfide;0.018817204301075266
9;8 Isocyanic Acid;0.018817204301075266
10;9 Methyliumylidene;0.018817204301075266
11;10 Cyanide Radical;0.018817204301075266
12;11 Ethynyl;0.018817204301075266
13;12 Carbonyl Sulfide;0.018817204301075266
14;13 Hydroxyl;0.018817204301075266
15;14 Diazenylium;0.018817204301075266
16;15 Thioxoethenylidene;0.018817204301075266
17;16 Nitric oxide;0.018817204301075266
18;17 Methyl Cyanide;0.018817204301075266
19;18 Cyclopropenylidene;0.018817204301075266
20;19 Methanimine;0.018817204301075266
21;20 Methanol;0.018817204301075266
22;21 Thioformaldehyde;0.018817204301075266
23;22 Ammonia;0.018817204301075266
24;23 Cyanamide;0.018817204301075266
25;24 Cyanoacetylene;0.018817204301075266
26;25 Sodium Chloride;0.018817204301075266
27;26 Silicon Monoxide;0.018817204301075266
28;27 Sulfur Monoxide;0.018817204301075266
29;28 Protonated Carbon Dioxide;0.018817204301075266
30;29 Hydrogen Cyanide;0.018817204301075266
31;30 Carbon Monosulfide;0.018817204301075266
32;31 Hydrogen sulfide;0.018817204301075266
33;32 Molecular oxygen;0.018817204301075266
34;33 Hydrogen Isocyanide;0.018817204301075266
35;34 Formylium;0.018817204301075266
36;35 Methyl Acetylene;0.018817204301075266
