1;9 Methyliumylidene;0.7863247863247864
2;26 Silicon Monoxide;0.024864024864024867
3;15 Thioxoethenylidene;0.009324009324009324
4;0 Methylidyne;0.005439005439005439
5;1 1,3-Butadiynyl radical;0.005439005439005439
6;2 Formaldehyde;0.005439005439005439
7;3 Sulfur dioxide;0.005439005439005439
8;4 Carbon Monoxide;0.005439005439005439
9;5 Water;0.005439005439005439
10;6 Carbon Monoxide Ion;0.005439005439005439
11;7 Nitric sulfide;0.005439005439005439
12;8 Isocyanic Acid;0.005439005439005439
13;10 Cyanide Radical;0.005439005439005439
14;11 Ethynyl;0.005439005439005439
15;12 Carbonyl Sulfide;0.005439005439005439
16;13 Hydroxyl;0.005439005439005439
17;14 Diazenylium;0.005439005439005439
18;16 Nitric oxide;0.005439005439005439
19;17 Methyl Cyanide;0.005439005439005439
20;18 Cyclopropenylidene;0.005439005439005439
21;19 Methanimine;0.005439005439005439
22;20 Methanol;0.005439005439005439
23;21 Thioformaldehyde;0.005439005439005439
24;22 Ammonia;0.005439005439005439
25;23 Cyanamide;0.005439005439005439
26;24 Cyanoacetylene;0.005439005439005439
27;25 Sodium Chloride;0.005439005439005439
28;27 Sulfur Monoxide;0.005439005439005439
29;28 Protonated Carbon Dioxide;0.005439005439005439
30;29 Hydrogen Cyanide;0.005439005439005439
31;30 Carbon Monosulfide;0.005439005439005439
32;31 Hydrogen sulfide;0.005439005439005439
33;32 Molecular oxygen;0.005439005439005439
34;33 Hydrogen Isocyanide;0.005439005439005439
35;34 Formylium;0.005439005439005439
36;35 Methyl Acetylene;0.005439005439005439
