1;32 3-Oxo-1,2-Propadienylidene;0.17922948073701842
2;0 1,3,5-Hexatriynyl;0.011725293132328308
3;1 Silicon monosulfide;0.011725293132328308
4;2 Vinyl Cyanide;0.011725293132328308
5;3 Hydroxyl;0.011725293132328308
6;4 Methyliumylidene;0.011725293132328308
7;5 Aluminum Isocyanitrile;0.011725293132328308
8;6 Carbon Monosulfide;0.011725293132328308
9;7 Methyl Acetylene;0.011725293132328308
10;8 1,3-Butadiynyl anion;0.011725293132328308
11;9 Butatrienylidene;0.011725293132328308
12;10 2,4-Pentadiynylidyne;0.011725293132328308
13;11 Aluminum Monochloride;0.011725293132328308
14;12 4-Cyano-1,3-Butadiynyl;0.011725293132328308
15;13 Silicon monosulfide;0.011725293132328308
16;14 Water;0.011725293132328308
17;15 Hydrogen sulfide;0.011725293132328308
18;16 1,3-Butadiynyl radical;0.011725293132328308
19;17 Formylium;0.011725293132328308
20;18 Trihydrogen ion;0.011725293132328308
21;19 Methanimine;0.011725293132328308
22;20 Phosphorus Monoxide;0.011725293132328308
23;21 Methyl Cyanide;0.011725293132328308
24;22 Magnesium Isocyanide;0.011725293132328308
25;23 1,3,5-Hexatriynyl anion;0.011725293132328308
26;24 Phosphaethyne;0.011725293132328308
27;25 1,3,5,7-Octatetraynyl anion;0.011725293132328308
28;26 Silicon Monocarbide;0.011725293132328308
29;27 Cyanomethylene;0.011725293132328308
30;28 3-Thioxo-1,2-Propadieylidene;0.011725293132328308
31;29 Cyanobutadiyne;0.011725293132328308
32;30 Silicon Isocyanide;0.011725293132328308
33;31 Potassium chloride;0.011725293132328308
34;33 Silicon Carbide;0.011725293132328308
35;34 3-Cyano-1,2-propadienylidene;0.011725293132328308
36;35 Nitric sulfide;0.011725293132328308
37;36 Sulfur dioxide;0.011725293132328308
38;37 Ethyne Isocyanide;0.011725293132328308
39;38 Cyanoethynylide ion;0.011725293132328308
40;39 Cyanide Radical;0.011725293132328308
41;40 Carbon Monoxide Ion;0.011725293132328308
42;41 Cyanobutadiynylide anion;0.011725293132328308
43;42 Aluminum Monofluoride;0.011725293132328308
44;43 Formaldehyde;0.011725293132328308
45;44 Sulfur Monoxide;0.011725293132328308
46;45 Silicon tetracarbide;0.011725293132328308
47;46 Ethynyl;0.011725293132328308
48;47 Sodium Chloride;0.011725293132328308
49;48 Hydrogen Cyanide;0.011725293132328308
50;49 Sodium Cyanide;0.011725293132328308
51;50 3-Imino-1,2 Propadienylidene;0.011725293132328308
52;51 Methylidyne;0.011725293132328308
53;52 Thioxoethenylidene;0.011725293132328308
54;53 Silicon Monoxide;0.011725293132328308
55;54 1,3,5,7-Octatetraynyl;0.011725293132328308
56;55 Silicon Mononitride;0.011725293132328308
57;56 Carbon Monoxide;0.011725293132328308
58;57 Phosphorous nitride;0.011725293132328308
59;58 Carbon Monophosphide;0.011725293132328308
60;59 Thioformaldehyde;0.011725293132328308
61;60 Hexatrienyl;0.011725293132328308
62;61 Hydrogen Isocyanide;0.011725293132328308
63;62 Carbon Monosulfide;0.011725293132328308
64;63 Silicon Cyanide;0.011725293132328308
65;64 2,4,6-Heptatriynylidyne;0.011725293132328308
66;65 Cyclopropenylidene;0.011725293132328308
67;66 Cyanoacetylene;0.011725293132328308
68;67 Magnesium Cyanide;0.011725293132328308
69;68 3-Silanetetrayl-1,2-Propadienyli;0.011725293132328308
70;69 Cyanoethynyl;0.011725293132328308
71;70 Phosphapropynylidyne;0.011725293132328308
