1;11 2-Propynal;0.0307692307692
2;0 Isocyanic Acid;0.0115384615385
3;1 Propenal;0.0115384615385
4;2 Ketene;0.0115384615385
5;3 Oxonium hydride;0.0115384615385
6;4 Thioformylium;0.0115384615385
7;5 Vinyl Cyanide;0.0115384615385
8;6 Methyl Formate;0.0115384615385
9;7 Hydroxyl;0.0115384615385
10;8 Methyliumylidene;0.0115384615385
11;9 Iminomethylium;0.0115384615385
12;10 Hydroxymethylium ion;0.0115384615385
13;12 Carbon Monosulfide;0.0115384615385
14;13 Cyanomethyl;0.0115384615385
15;14 Methyl Acetylene;0.0115384615385
16;15 2-Butynenitrile;0.0115384615385
17;16 Methyl formate vt01;0.0115384615385
18;17 Ethyl Cyanide;0.0115384615385
19;18 gauche-Ethanol;0.0115384615385
20;19 Glycolaldehyde;0.0115384615385
21;20 Water;0.0115384615385
22;21 Hydrogen sulfide;0.0115384615385
23;22 Sulfur Monoxide ion;0.0115384615385
24;23 1,3-Butadiynyl radical;0.0115384615385
25;24 Formylium;0.0115384615385
26;25 Fulminic acid;0.0115384615385
27;26 Trihydrogen ion;0.0115384615385
28;27 Methanimine;0.0115384615385
29;28 Nitrous Oxide;0.0115384615385
30;29 Propadienylidene;0.0115384615385
31;30 Ethylene Oxide;0.0115384615385
32;31 Ketenimine;0.0115384615385
33;32 2,4,6-Heptatriynenitrile;0.0115384615385
34;33 Aminoacetonitrile;0.0115384615385
35;34 Methanol;0.0115384615385
36;35 Ammonia;0.0115384615385
37;36 Formyl Radical;0.0115384615385
38;37 Methyl Cyanide;0.0115384615385
39;38 Molecular oxygen;0.0115384615385
40;39 Cyclopropenone;0.0115384615385
41;40 Carbonyl Sulfide;0.0115384615385
42;41 Acetaldehyde;0.0115384615385
43;42 Cyanomethylene;0.0115384615385
44;43 3-Thioxo-1,2-Propadieylidene;0.0115384615385
45;44 Formamide;0.0115384615385
46;45 Cyanobutadiyne;0.0115384615385
47;46 Sulfur Dioxide;0.0115384615385
48;47 Methyl isocyanide;0.0115384615385
49;48 Nitric sulfide;0.0115384615385
50;49 Methylene;0.0115384615385
51;50 Hydrochloric acid;0.0115384615385
52;51 Ethyne Isocyanide;0.0115384615385
53;52 Cyanide Radical;0.0115384615385
54;53 Nitric oxide;0.0115384615385
55;54 Cyanic acid;0.0115384615385
56;55 Formaldehyde;0.0115384615385
57;56 Sulfur Monoxide;0.0115384615385
58;57 Protonate 2-proynenitrile;0.0115384615385
59;58 Ethynyl;0.0115384615385
60;59 Ethylene Glycol;0.0115384615385
61;60 Hydrogen Cyanide;0.0115384615385
62;61 Fluoromethyliumylidene;0.0115384615385
63;62 Methylidyne;0.0115384615385
64;63 Thioxoethenylidene;0.0115384615385
65;64 Cyanomethanimine;0.0115384615385
66;65 Silicon Monoxide;0.0115384615385
67;66 Dimethyl ether;0.0115384615385
68;67 Acetone;0.0115384615385
69;68 Carbon Monoxide;0.0115384615385
70;69 Phosphorous nitride;0.0115384615385
71;70 Thioformaldehyde;0.0115384615385
72;71 Diazenylium;0.0115384615385
73;72 Cyanoformaldehyde;0.0115384615385
74;73 Isothiocyanic acid;0.0115384615385
75;74 Vinyl Alcohol;0.0115384615385
76;75 Hydrogen Isocyanide;0.0115384615385
77;76 Carbon Monosulfide;0.0115384615385
78;77 Methylamine;0.0115384615385
79;78 Protonated Carbon Dioxide;0.0115384615385
80;79 Formic Acid;0.0115384615385
81;80 Cyclopropenylidene;0.0115384615385
82;81 Cyanoacetylene;0.0115384615385
83;82 para-Oxidaniumyl;0.0115384615385
84;83 ortho-Oxidaniumyl;0.0115384615385
85;84 Nitrosyl hydride;0.0115384615385
