1;29 Propadienylidene;0.0301886792453
2;60 Hydrogen Cyanide;0.0301886792453
3;0 Isocyanic Acid;0.011320754717
4;1 Propenal;0.011320754717
5;2 Ketene;0.011320754717
6;3 Oxonium hydride;0.011320754717
7;4 Thioformylium;0.011320754717
8;5 Vinyl Cyanide;0.011320754717
9;6 Methyl Formate;0.011320754717
10;7 Hydroxyl;0.011320754717
11;8 Methyliumylidene;0.011320754717
12;9 Iminomethylium;0.011320754717
13;10 Hydroxymethylium ion;0.011320754717
14;11 2-Propynal;0.011320754717
15;12 Carbon Monosulfide;0.011320754717
16;13 Cyanomethyl;0.011320754717
17;14 Methyl Acetylene;0.011320754717
18;15 2-Butynenitrile;0.011320754717
19;16 Methyl formate vt01;0.011320754717
20;17 Ethyl Cyanide;0.011320754717
21;18 gauche-Ethanol;0.011320754717
22;19 Glycolaldehyde;0.011320754717
23;20 Water;0.011320754717
24;21 Hydrogen sulfide;0.011320754717
25;22 Sulfur Monoxide ion;0.011320754717
26;23 1,3-Butadiynyl radical;0.011320754717
27;24 Formylium;0.011320754717
28;25 Fulminic acid;0.011320754717
29;26 Trihydrogen ion;0.011320754717
30;27 Methanimine;0.011320754717
31;28 Nitrous Oxide;0.011320754717
32;30 Ethylene Oxide;0.011320754717
33;31 Ketenimine;0.011320754717
34;32 2,4,6-Heptatriynenitrile;0.011320754717
35;33 Aminoacetonitrile;0.011320754717
36;34 Methanol;0.011320754717
37;35 Ammonia;0.011320754717
38;36 Formyl Radical;0.011320754717
39;37 Methyl Cyanide;0.011320754717
40;38 Molecular oxygen;0.011320754717
41;39 Cyclopropenone;0.011320754717
42;40 Carbonyl Sulfide;0.011320754717
43;41 Acetaldehyde;0.011320754717
44;42 Cyanomethylene;0.011320754717
45;43 3-Thioxo-1,2-Propadieylidene;0.011320754717
46;44 Formamide;0.011320754717
47;45 Cyanobutadiyne;0.011320754717
48;46 Sulfur Dioxide;0.011320754717
49;47 Methyl isocyanide;0.011320754717
50;48 Nitric sulfide;0.011320754717
51;49 Methylene;0.011320754717
52;50 Hydrochloric acid;0.011320754717
53;51 Ethyne Isocyanide;0.011320754717
54;52 Cyanide Radical;0.011320754717
55;53 Nitric oxide;0.011320754717
56;54 Cyanic acid;0.011320754717
57;55 Formaldehyde;0.011320754717
58;56 Sulfur Monoxide;0.011320754717
59;57 Protonate 2-proynenitrile;0.011320754717
60;58 Ethynyl;0.011320754717
61;59 Ethylene Glycol;0.011320754717
62;61 Fluoromethyliumylidene;0.011320754717
63;62 Methylidyne;0.011320754717
64;63 Thioxoethenylidene;0.011320754717
65;64 Cyanomethanimine;0.011320754717
66;65 Silicon Monoxide;0.011320754717
67;66 Dimethyl ether;0.011320754717
68;67 Acetone;0.011320754717
69;68 Carbon Monoxide;0.011320754717
70;69 Phosphorous nitride;0.011320754717
71;70 Thioformaldehyde;0.011320754717
72;71 Diazenylium;0.011320754717
73;72 Cyanoformaldehyde;0.011320754717
74;73 Isothiocyanic acid;0.011320754717
75;74 Vinyl Alcohol;0.011320754717
76;75 Hydrogen Isocyanide;0.011320754717
77;76 Carbon Monosulfide;0.011320754717
78;77 Methylamine;0.011320754717
79;78 Protonated Carbon Dioxide;0.011320754717
80;79 Formic Acid;0.011320754717
81;80 Cyclopropenylidene;0.011320754717
82;81 Cyanoacetylene;0.011320754717
83;82 para-Oxidaniumyl;0.011320754717
84;83 ortho-Oxidaniumyl;0.011320754717
85;84 Nitrosyl hydride;0.011320754717
