1;4 Thioformylium;0.565517241379
2;0 Isocyanic Acid;0.0051724137931
3;1 Propenal;0.0051724137931
4;2 Ketene;0.0051724137931
5;3 Oxonium hydride;0.0051724137931
6;5 Vinyl Cyanide;0.0051724137931
7;6 Methyl Formate;0.0051724137931
8;7 Hydroxyl;0.0051724137931
9;8 Methyliumylidene;0.0051724137931
10;9 Iminomethylium;0.0051724137931
11;10 Hydroxymethylium ion;0.0051724137931
12;11 2-Propynal;0.0051724137931
13;12 Carbon Monosulfide;0.0051724137931
14;13 Cyanomethyl;0.0051724137931
15;14 Methyl Acetylene;0.0051724137931
16;15 2-Butynenitrile;0.0051724137931
17;16 Methyl formate vt01;0.0051724137931
18;17 Ethyl Cyanide;0.0051724137931
19;18 gauche-Ethanol;0.0051724137931
20;19 Glycolaldehyde;0.0051724137931
21;20 Water;0.0051724137931
22;21 Hydrogen sulfide;0.0051724137931
23;22 Sulfur Monoxide ion;0.0051724137931
24;23 1,3-Butadiynyl radical;0.0051724137931
25;24 Formylium;0.0051724137931
26;25 Fulminic acid;0.0051724137931
27;26 Trihydrogen ion;0.0051724137931
28;27 Methanimine;0.0051724137931
29;28 Nitrous Oxide;0.0051724137931
30;29 Propadienylidene;0.0051724137931
31;30 Ethylene Oxide;0.0051724137931
32;31 Ketenimine;0.0051724137931
33;32 2,4,6-Heptatriynenitrile;0.0051724137931
34;33 Aminoacetonitrile;0.0051724137931
35;34 Methanol;0.0051724137931
36;35 Ammonia;0.0051724137931
37;36 Formyl Radical;0.0051724137931
38;37 Methyl Cyanide;0.0051724137931
39;38 Molecular oxygen;0.0051724137931
40;39 Cyclopropenone;0.0051724137931
41;40 Carbonyl Sulfide;0.0051724137931
42;41 Acetaldehyde;0.0051724137931
43;42 Cyanomethylene;0.0051724137931
44;43 3-Thioxo-1,2-Propadieylidene;0.0051724137931
45;44 Formamide;0.0051724137931
46;45 Cyanobutadiyne;0.0051724137931
47;46 Sulfur Dioxide;0.0051724137931
48;47 Methyl isocyanide;0.0051724137931
49;48 Nitric sulfide;0.0051724137931
50;49 Methylene;0.0051724137931
51;50 Hydrochloric acid;0.0051724137931
52;51 Ethyne Isocyanide;0.0051724137931
53;52 Cyanide Radical;0.0051724137931
54;53 Nitric oxide;0.0051724137931
55;54 Cyanic acid;0.0051724137931
56;55 Formaldehyde;0.0051724137931
57;56 Sulfur Monoxide;0.0051724137931
58;57 Protonate 2-proynenitrile;0.0051724137931
59;58 Ethynyl;0.0051724137931
60;59 Ethylene Glycol;0.0051724137931
61;60 Hydrogen Cyanide;0.0051724137931
62;61 Fluoromethyliumylidene;0.0051724137931
63;62 Methylidyne;0.0051724137931
64;63 Thioxoethenylidene;0.0051724137931
65;64 Cyanomethanimine;0.0051724137931
66;65 Silicon Monoxide;0.0051724137931
67;66 Dimethyl ether;0.0051724137931
68;67 Acetone;0.0051724137931
69;68 Carbon Monoxide;0.0051724137931
70;69 Phosphorous nitride;0.0051724137931
71;70 Thioformaldehyde;0.0051724137931
72;71 Diazenylium;0.0051724137931
73;72 Cyanoformaldehyde;0.0051724137931
74;73 Isothiocyanic acid;0.0051724137931
75;74 Vinyl Alcohol;0.0051724137931
76;75 Hydrogen Isocyanide;0.0051724137931
77;76 Carbon Monosulfide;0.0051724137931
78;77 Methylamine;0.0051724137931
79;78 Protonated Carbon Dioxide;0.0051724137931
80;79 Formic Acid;0.0051724137931
81;80 Cyclopropenylidene;0.0051724137931
82;81 Cyanoacetylene;0.0051724137931
83;82 para-Oxidaniumyl;0.0051724137931
84;83 ortho-Oxidaniumyl;0.0051724137931
85;84 Nitrosyl hydride;0.0051724137931
