1;105 Hydrogen Isocyanide;0.2513661202185792
2;100 3-Oxo-1,2-Propadienylidene;0.019125683060109287
3;102 Cyanomethylene;0.019125683060109287
4;0 Dimethyl ether;0.00546448087431694
5;1 Butatrienylidene;0.00546448087431694
6;2 Trihydrogen ion;0.00546448087431694
7;3 Nitrous Oxide;0.00546448087431694
8;4 Methyl Acetylene;0.00546448087431694
9;5 2,4,6-Heptatriynenitrile;0.00546448087431694
10;6 Ethylene Glycol;0.00546448087431694
11;7 2,4-Pentadiynylidyne;0.00546448087431694
12;8 Methyl Cyanide;0.00546448087431694
13;9 Thioformylium;0.00546448087431694
14;10 para-Oxidaniumyl;0.00546448087431694
15;11 Hydrogen Cyanide;0.00546448087431694
16;12 Titanium monoxide;0.00546448087431694
17;13 Cyanide Radical;0.00546448087431694
18;14 Formic Acid;0.00546448087431694
19;15 Nitric sulfide;0.00546448087431694
20;16 Iminomethylium;0.00546448087431694
21;17 Aluminum monoxide;0.00546448087431694
22;18 Methyl isocyanate;0.00546448087431694
23;19 Nitrosyl hydride;0.00546448087431694
24;20 Propynylidynium;0.00546448087431694
25;21 Magnesium Cyanide;0.00546448087431694
26;22 1,3-Butadiynyl anion;0.00546448087431694
27;23 Diazenylium;0.00546448087431694
28;24 Methylamine;0.00546448087431694
29;25 Chloronium;0.00546448087431694
30;26 Silicon monosulfide;0.00546448087431694
31;27 Phosphorus Monoxide;0.00546448087431694
32;28 Cyclopropenone;0.00546448087431694
33;29 Carbon Monoxide Ion;0.00546448087431694
34;30 Sodium Cyanide;0.00546448087431694
35;31 Nitric oxide;0.00546448087431694
36;32 3-Thioxo-1,2-Propadieylidene;0.00546448087431694
37;33 Silicon Cyanide;0.00546448087431694
38;34 Ethyne Isocyanide;0.00546448087431694
39;35 Sodium Chloride;0.00546448087431694
40;36 Cyanoacetylene;0.00546448087431694
41;37 Sulfur Monoxide;0.00546448087431694
42;38 Aluminum Isocyanitrile;0.00546448087431694
43;39 Cyanobutadiyne;0.00546448087431694
44;40 Potassium cyanide, potassium isocyanide;0.00546448087431694
45;41 Silicon Mononitride;0.00546448087431694
46;42 Carbon Monoxide;0.00546448087431694
47;43 Propadienylidene;0.00546448087431694
48;44 Methanimine;0.00546448087431694
49;45 Aluminum Monofluoride;0.00546448087431694
50;46 Formamide;0.00546448087431694
51;47 1,3,5,7-Octatetraynyl anion;0.00546448087431694
52;48 Aminoacetonitrile;0.00546448087431694
53;49 Ammonia;0.00546448087431694
54;50 gauche-Ethanol;0.00546448087431694
55;51 Protonate 2-proynenitrile;0.00546448087431694
56;52 Carbonyl Sulfide;0.00546448087431694
57;53 Thioxoethenylidene;0.00546448087431694
58;54 Ethyl cyanide;0.00546448087431694
59;55 Water;0.00546448087431694
60;56 Methyl Formate;0.00546448087431694
61;57 Acetaldehyde;0.00546448087431694
62;58 Ketenimine;0.00546448087431694
63;59 Propenal;0.00546448087431694
64;60 Methyl isocyanide;0.00546448087431694
65;61 iso-propyl cyanide;0.00546448087431694
66;62 Hydrogen cyanide;0.00546448087431694
67;63 Protonated Carbon Dioxide;0.00546448087431694
68;64 Methylidyne;0.00546448087431694
69;65 Ketene;0.00546448087431694
70;66 4-Cyano-1,3-Butadiynyl;0.00546448087431694
71;67 Silicon Monoxide;0.00546448087431694
72;68 Acetone;0.00546448087431694
73;69 Vinyl Cyanide;0.00546448087431694
74;70 3-Imino-1,2 Propadienylidene;0.00546448087431694
75;71 Silicon monoxide (global fit);0.00546448087431694
76;72 Cyclopropenylidene;0.00546448087431694
77;73 Magnesium Isocyanide;0.00546448087431694
78;74 2,4,6-Heptatriynylidyne;0.00546448087431694
79;75 Cyanobutadiynylide anion;0.00546448087431694
80;76 Formaldehyde;0.00546448087431694
81;77 Carbon Monosulfide;0.00546448087431694
82;78 Fulminic acid;0.00546448087431694
83;79 1,3,5-Hexatriynyl;0.00546448087431694
84;80 3-Silanetetrayl-1,2-Propadienylidene;0.00546448087431694
85;81 1,3-Butadiynyl radical;0.00546448087431694
86;82 trans-Ethanol;0.00546448087431694
87;83 Silicon Carbide;0.00546448087431694
88;84 1,3,5-Hexatriynyl anion;0.00546448087431694
89;85 Formylium;0.00546448087431694
90;86 Ethylene Oxide;0.00546448087431694
91;87 Sulfur dioxide;0.00546448087431694
92;88 Carbon Monophosphide;0.00546448087431694
93;89 Sulfur Monoxide ion;0.00546448087431694
94;90 Methanol;0.00546448087431694
95;91 Sulfur Dioxide;0.00546448087431694
96;92 Cyanoformaldehyde;0.00546448087431694
97;93 Isocyanic Acid;0.00546448087431694
98;94 Silicon Isocyanide;0.00546448087431694
99;95 Methylene amidogen;0.00546448087431694
100;96 Silicon Monocarbide;0.00546448087431694
101;97 Phosphaethyne;0.00546448087431694
102;98 Aluminum Monochloride;0.00546448087431694
103;99 Cyanoallene;0.00546448087431694
104;101 Methyl diacetylene;0.00546448087431694
105;103 Phosphapropynylidyne;0.00546448087431694
106;104 Cyanomethyl;0.00546448087431694
107;106 Hydrogen sulfide;0.00546448087431694
108;107 Hydroxyl;0.00546448087431694
109;108 Glycolaldehyde;0.00546448087431694
110;109 Cyanide anion;0.00546448087431694
111;110 2-Propynal;0.00546448087431694
112;111 Ethynyl;0.00546448087431694
113;112 Phosphorous nitride;0.00546448087431694
114;113 Magnesium hydride isocyanide;0.00546448087431694
115;114 Potassium chloride;0.00546448087431694
116;115 Silicon tetracarbide;0.00546448087431694
117;116 Ethyl Cyanide;0.00546448087431694
118;117 Cyanamide;0.00546448087431694
119;118 Amidogen;0.00546448087431694
120;119 Hydroxymethylidyne;0.00546448087431694
121;120 Formyl Radical;0.00546448087431694
122;121 Vinyl Alcohol;0.00546448087431694
123;122 ortho-Oxidaniumyl;0.00546448087431694
124;123 Cyanoethynylide ion;0.00546448087431694
125;124 Oxoethenylidene;0.00546448087431694
126;125 2-Butynenitrile;0.00546448087431694
127;126 Cyanoethynyl;0.00546448087431694
128;127 3-Cyano-1,2-propadienylidene;0.00546448087431694
129;128 Hydroxymethylium ion;0.00546448087431694
130;129 Thioformaldehyde;0.00546448087431694
131;130 Isothiocyanic acid;0.00546448087431694
132;131 Methyl formate, v<sub>t</sub> = 0, 1;0.00546448087431694
133;132 Cyanic acid;0.00546448087431694
