1;16 Iminomethylium;0.4453781512605042
2;0 Dimethyl ether;0.004201680672268907
3;1 Butatrienylidene;0.004201680672268907
4;2 Trihydrogen ion;0.004201680672268907
5;3 Nitrous Oxide;0.004201680672268907
6;4 Methyl Acetylene;0.004201680672268907
7;5 2,4,6-Heptatriynenitrile;0.004201680672268907
8;6 Ethylene Glycol;0.004201680672268907
9;7 2,4-Pentadiynylidyne;0.004201680672268907
10;8 Methyl Cyanide;0.004201680672268907
11;9 Thioformylium;0.004201680672268907
12;10 para-Oxidaniumyl;0.004201680672268907
13;11 Hydrogen Cyanide;0.004201680672268907
14;12 Titanium monoxide;0.004201680672268907
15;13 Cyanide Radical;0.004201680672268907
16;14 Formic Acid;0.004201680672268907
17;15 Nitric sulfide;0.004201680672268907
18;17 Aluminum monoxide;0.004201680672268907
19;18 Methyl isocyanate;0.004201680672268907
20;19 Nitrosyl hydride;0.004201680672268907
21;20 Propynylidynium;0.004201680672268907
22;21 Magnesium Cyanide;0.004201680672268907
23;22 1,3-Butadiynyl anion;0.004201680672268907
24;23 Diazenylium;0.004201680672268907
25;24 Methylamine;0.004201680672268907
26;25 Chloronium;0.004201680672268907
27;26 Silicon monosulfide;0.004201680672268907
28;27 Phosphorus Monoxide;0.004201680672268907
29;28 Cyclopropenone;0.004201680672268907
30;29 Carbon Monoxide Ion;0.004201680672268907
31;30 Sodium Cyanide;0.004201680672268907
32;31 Nitric oxide;0.004201680672268907
33;32 3-Thioxo-1,2-Propadieylidene;0.004201680672268907
34;33 Silicon Cyanide;0.004201680672268907
35;34 Ethyne Isocyanide;0.004201680672268907
36;35 Sodium Chloride;0.004201680672268907
37;36 Cyanoacetylene;0.004201680672268907
38;37 Sulfur Monoxide;0.004201680672268907
39;38 Aluminum Isocyanitrile;0.004201680672268907
40;39 Cyanobutadiyne;0.004201680672268907
41;40 Potassium cyanide, potassium isocyanide;0.004201680672268907
42;41 Silicon Mononitride;0.004201680672268907
43;42 Carbon Monoxide;0.004201680672268907
44;43 Propadienylidene;0.004201680672268907
45;44 Methanimine;0.004201680672268907
46;45 Aluminum Monofluoride;0.004201680672268907
47;46 Formamide;0.004201680672268907
48;47 1,3,5,7-Octatetraynyl anion;0.004201680672268907
49;48 Aminoacetonitrile;0.004201680672268907
50;49 Ammonia;0.004201680672268907
51;50 gauche-Ethanol;0.004201680672268907
52;51 Protonate 2-proynenitrile;0.004201680672268907
53;52 Carbonyl Sulfide;0.004201680672268907
54;53 Thioxoethenylidene;0.004201680672268907
55;54 Ethyl cyanide;0.004201680672268907
56;55 Water;0.004201680672268907
57;56 Methyl Formate;0.004201680672268907
58;57 Acetaldehyde;0.004201680672268907
59;58 Ketenimine;0.004201680672268907
60;59 Propenal;0.004201680672268907
61;60 Methyl isocyanide;0.004201680672268907
62;61 iso-propyl cyanide;0.004201680672268907
63;62 Hydrogen cyanide;0.004201680672268907
64;63 Protonated Carbon Dioxide;0.004201680672268907
65;64 Methylidyne;0.004201680672268907
66;65 Ketene;0.004201680672268907
67;66 4-Cyano-1,3-Butadiynyl;0.004201680672268907
68;67 Silicon Monoxide;0.004201680672268907
69;68 Acetone;0.004201680672268907
70;69 Vinyl Cyanide;0.004201680672268907
71;70 3-Imino-1,2 Propadienylidene;0.004201680672268907
72;71 Silicon monoxide (global fit);0.004201680672268907
73;72 Cyclopropenylidene;0.004201680672268907
74;73 Magnesium Isocyanide;0.004201680672268907
75;74 2,4,6-Heptatriynylidyne;0.004201680672268907
76;75 Cyanobutadiynylide anion;0.004201680672268907
77;76 Formaldehyde;0.004201680672268907
78;77 Carbon Monosulfide;0.004201680672268907
79;78 Fulminic acid;0.004201680672268907
80;79 1,3,5-Hexatriynyl;0.004201680672268907
81;80 3-Silanetetrayl-1,2-Propadienylidene;0.004201680672268907
82;81 1,3-Butadiynyl radical;0.004201680672268907
83;82 trans-Ethanol;0.004201680672268907
84;83 Silicon Carbide;0.004201680672268907
85;84 1,3,5-Hexatriynyl anion;0.004201680672268907
86;85 Formylium;0.004201680672268907
87;86 Ethylene Oxide;0.004201680672268907
88;87 Sulfur dioxide;0.004201680672268907
89;88 Carbon Monophosphide;0.004201680672268907
90;89 Sulfur Monoxide ion;0.004201680672268907
91;90 Methanol;0.004201680672268907
92;91 Sulfur Dioxide;0.004201680672268907
93;92 Cyanoformaldehyde;0.004201680672268907
94;93 Isocyanic Acid;0.004201680672268907
95;94 Silicon Isocyanide;0.004201680672268907
96;95 Methylene amidogen;0.004201680672268907
97;96 Silicon Monocarbide;0.004201680672268907
98;97 Phosphaethyne;0.004201680672268907
99;98 Aluminum Monochloride;0.004201680672268907
100;99 Cyanoallene;0.004201680672268907
101;100 3-Oxo-1,2-Propadienylidene;0.004201680672268907
102;101 Methyl diacetylene;0.004201680672268907
103;102 Cyanomethylene;0.004201680672268907
104;103 Phosphapropynylidyne;0.004201680672268907
105;104 Cyanomethyl;0.004201680672268907
106;105 Hydrogen Isocyanide;0.004201680672268907
107;106 Hydrogen sulfide;0.004201680672268907
108;107 Hydroxyl;0.004201680672268907
109;108 Glycolaldehyde;0.004201680672268907
110;109 Cyanide anion;0.004201680672268907
111;110 2-Propynal;0.004201680672268907
112;111 Ethynyl;0.004201680672268907
113;112 Phosphorous nitride;0.004201680672268907
114;113 Magnesium hydride isocyanide;0.004201680672268907
115;114 Potassium chloride;0.004201680672268907
116;115 Silicon tetracarbide;0.004201680672268907
117;116 Ethyl Cyanide;0.004201680672268907
118;117 Cyanamide;0.004201680672268907
119;118 Amidogen;0.004201680672268907
120;119 Hydroxymethylidyne;0.004201680672268907
121;120 Formyl Radical;0.004201680672268907
122;121 Vinyl Alcohol;0.004201680672268907
123;122 ortho-Oxidaniumyl;0.004201680672268907
124;123 Cyanoethynylide ion;0.004201680672268907
125;124 Oxoethenylidene;0.004201680672268907
126;125 2-Butynenitrile;0.004201680672268907
127;126 Cyanoethynyl;0.004201680672268907
128;127 3-Cyano-1,2-propadienylidene;0.004201680672268907
129;128 Hydroxymethylium ion;0.004201680672268907
130;129 Thioformaldehyde;0.004201680672268907
131;130 Isothiocyanic acid;0.004201680672268907
132;131 Methyl formate, v<sub>t</sub> = 0, 1;0.004201680672268907
133;132 Cyanic acid;0.004201680672268907
