1;55 Silicon Mononitride;0.8342915116672303
2;0 1,3,5-Hexatriynyl;0.0023672641190395673
3;1 Silicon monosulfide;0.0023672641190395673
4;2 Vinyl Cyanide;0.0023672641190395673
5;3 Hydroxyl;0.0023672641190395673
6;4 Methyliumylidene;0.0023672641190395673
7;5 Aluminum Isocyanitrile;0.0023672641190395673
8;6 Carbon Monosulfide;0.0023672641190395673
9;7 Methyl Acetylene;0.0023672641190395673
10;8 1,3-Butadiynyl anion;0.0023672641190395673
11;9 Butatrienylidene;0.0023672641190395673
12;10 2,4-Pentadiynylidyne;0.0023672641190395673
13;11 Aluminum Monochloride;0.0023672641190395673
14;12 4-Cyano-1,3-Butadiynyl;0.0023672641190395673
15;13 Silicon monosulfide;0.0023672641190395673
16;14 Water;0.0023672641190395673
17;15 Hydrogen sulfide;0.0023672641190395673
18;16 1,3-Butadiynyl radical;0.0023672641190395673
19;17 Formylium;0.0023672641190395673
20;18 Trihydrogen ion;0.0023672641190395673
21;19 Methanimine;0.0023672641190395673
22;20 Phosphorus Monoxide;0.0023672641190395673
23;21 Methyl Cyanide;0.0023672641190395673
24;22 Magnesium Isocyanide;0.0023672641190395673
25;23 1,3,5-Hexatriynyl anion;0.0023672641190395673
26;24 Phosphaethyne;0.0023672641190395673
27;25 1,3,5,7-Octatetraynyl anion;0.0023672641190395673
28;26 Silicon Monocarbide;0.0023672641190395673
29;27 Cyanomethylene;0.0023672641190395673
30;28 3-Thioxo-1,2-Propadieylidene;0.0023672641190395673
31;29 Cyanobutadiyne;0.0023672641190395673
32;30 Silicon Isocyanide;0.0023672641190395673
33;31 Potassium chloride;0.0023672641190395673
34;32 3-Oxo-1,2-Propadienylidene;0.0023672641190395673
35;33 Silicon Carbide;0.0023672641190395673
36;34 3-Cyano-1,2-propadienylidene;0.0023672641190395673
37;35 Nitric sulfide;0.0023672641190395673
38;36 Sulfur dioxide;0.0023672641190395673
39;37 Ethyne Isocyanide;0.0023672641190395673
40;38 Cyanoethynylide ion;0.0023672641190395673
41;39 Cyanide Radical;0.0023672641190395673
42;40 Carbon Monoxide Ion;0.0023672641190395673
43;41 Cyanobutadiynylide anion;0.0023672641190395673
44;42 Aluminum Monofluoride;0.0023672641190395673
45;43 Formaldehyde;0.0023672641190395673
46;44 Sulfur Monoxide;0.0023672641190395673
47;45 Silicon tetracarbide;0.0023672641190395673
48;46 Ethynyl;0.0023672641190395673
49;47 Sodium Chloride;0.0023672641190395673
50;48 Hydrogen Cyanide;0.0023672641190395673
51;49 Sodium Cyanide;0.0023672641190395673
52;50 3-Imino-1,2 Propadienylidene;0.0023672641190395673
53;51 Methylidyne;0.0023672641190395673
54;52 Thioxoethenylidene;0.0023672641190395673
55;53 Silicon Monoxide;0.0023672641190395673
56;54 1,3,5,7-Octatetraynyl;0.0023672641190395673
57;56 Carbon Monoxide;0.0023672641190395673
58;57 Phosphorous nitride;0.0023672641190395673
59;58 Carbon Monophosphide;0.0023672641190395673
60;59 Thioformaldehyde;0.0023672641190395673
61;60 Hexatrienyl;0.0023672641190395673
62;61 Hydrogen Isocyanide;0.0023672641190395673
63;62 Carbon Monosulfide;0.0023672641190395673
64;63 Silicon Cyanide;0.0023672641190395673
65;64 2,4,6-Heptatriynylidyne;0.0023672641190395673
66;65 Cyclopropenylidene;0.0023672641190395673
67;66 Cyanoacetylene;0.0023672641190395673
68;67 Magnesium Cyanide;0.0023672641190395673
69;68 3-Silanetetrayl-1,2-Propadienyli;0.0023672641190395673
70;69 Cyanoethynyl;0.0023672641190395673
71;70 Phosphapropynylidyne;0.0023672641190395673
