1;52 Thioxoethenylidene;0.8927085614188746
2;0 1,3,5-Hexatriynyl;0.001532734836873221
3;1 Silicon monosulfide;0.001532734836873221
4;2 Vinyl Cyanide;0.001532734836873221
5;3 Hydroxyl;0.001532734836873221
6;4 Methyliumylidene;0.001532734836873221
7;5 Aluminum Isocyanitrile;0.001532734836873221
8;6 Carbon Monosulfide;0.001532734836873221
9;7 Methyl Acetylene;0.001532734836873221
10;8 1,3-Butadiynyl anion;0.001532734836873221
11;9 Butatrienylidene;0.001532734836873221
12;10 2,4-Pentadiynylidyne;0.001532734836873221
13;11 Aluminum Monochloride;0.001532734836873221
14;12 4-Cyano-1,3-Butadiynyl;0.001532734836873221
15;13 Silicon monosulfide;0.001532734836873221
16;14 Water;0.001532734836873221
17;15 Hydrogen sulfide;0.001532734836873221
18;16 1,3-Butadiynyl radical;0.001532734836873221
19;17 Formylium;0.001532734836873221
20;18 Trihydrogen ion;0.001532734836873221
21;19 Methanimine;0.001532734836873221
22;20 Phosphorus Monoxide;0.001532734836873221
23;21 Methyl Cyanide;0.001532734836873221
24;22 Magnesium Isocyanide;0.001532734836873221
25;23 1,3,5-Hexatriynyl anion;0.001532734836873221
26;24 Phosphaethyne;0.001532734836873221
27;25 1,3,5,7-Octatetraynyl anion;0.001532734836873221
28;26 Silicon Monocarbide;0.001532734836873221
29;27 Cyanomethylene;0.001532734836873221
30;28 3-Thioxo-1,2-Propadieylidene;0.001532734836873221
31;29 Cyanobutadiyne;0.001532734836873221
32;30 Silicon Isocyanide;0.001532734836873221
33;31 Potassium chloride;0.001532734836873221
34;32 3-Oxo-1,2-Propadienylidene;0.001532734836873221
35;33 Silicon Carbide;0.001532734836873221
36;34 3-Cyano-1,2-propadienylidene;0.001532734836873221
37;35 Nitric sulfide;0.001532734836873221
38;36 Sulfur dioxide;0.001532734836873221
39;37 Ethyne Isocyanide;0.001532734836873221
40;38 Cyanoethynylide ion;0.001532734836873221
41;39 Cyanide Radical;0.001532734836873221
42;40 Carbon Monoxide Ion;0.001532734836873221
43;41 Cyanobutadiynylide anion;0.001532734836873221
44;42 Aluminum Monofluoride;0.001532734836873221
45;43 Formaldehyde;0.001532734836873221
46;44 Sulfur Monoxide;0.001532734836873221
47;45 Silicon tetracarbide;0.001532734836873221
48;46 Ethynyl;0.001532734836873221
49;47 Sodium Chloride;0.001532734836873221
50;48 Hydrogen Cyanide;0.001532734836873221
51;49 Sodium Cyanide;0.001532734836873221
52;50 3-Imino-1,2 Propadienylidene;0.001532734836873221
53;51 Methylidyne;0.001532734836873221
54;53 Silicon Monoxide;0.001532734836873221
55;54 1,3,5,7-Octatetraynyl;0.001532734836873221
56;55 Silicon Mononitride;0.001532734836873221
57;56 Carbon Monoxide;0.001532734836873221
58;57 Phosphorous nitride;0.001532734836873221
59;58 Carbon Monophosphide;0.001532734836873221
60;59 Thioformaldehyde;0.001532734836873221
61;60 Hexatrienyl;0.001532734836873221
62;61 Hydrogen Isocyanide;0.001532734836873221
63;62 Carbon Monosulfide;0.001532734836873221
64;63 Silicon Cyanide;0.001532734836873221
65;64 2,4,6-Heptatriynylidyne;0.001532734836873221
66;65 Cyclopropenylidene;0.001532734836873221
67;66 Cyanoacetylene;0.001532734836873221
68;67 Magnesium Cyanide;0.001532734836873221
69;68 3-Silanetetrayl-1,2-Propadienyli;0.001532734836873221
70;69 Cyanoethynyl;0.001532734836873221
71;70 Phosphapropynylidyne;0.001532734836873221
