HD163296_CO_2_1.image;model_extragalactic_tr_500it;1;9 Methyliumylidene;0.8577235772357723
HD163296_CO_2_1.image;model_extragalactic_tr_500it;2;0 Methylidyne;0.0040650406504065045
HD163296_CO_2_1.image;model_extragalactic_tr_500it;3;1 1,3-Butadiynyl radical;0.0040650406504065045
HD163296_CO_2_1.image;model_extragalactic_tr_500it;4;2 Formaldehyde;0.0040650406504065045
HD163296_CO_2_1.image;model_extragalactic_tr_500it;5;3 Sulfur dioxide;0.0040650406504065045
TWHydra_HCOplusline.image;model_extragalactic_tr_500it;1;9 Methyliumylidene;0.7385272145144077
TWHydra_HCOplusline.image;model_extragalactic_tr_500it;2;0 Methylidyne;0.007470651013874065
TWHydra_HCOplusline.image;model_extragalactic_tr_500it;3;1 1,3-Butadiynyl radical;0.007470651013874065
TWHydra_HCOplusline.image;model_extragalactic_tr_500it;4;2 Formaldehyde;0.007470651013874065
TWHydra_HCOplusline.image;model_extragalactic_tr_500it;5;3 Sulfur dioxide;0.007470651013874065
Orion.HNC.cbc.contsub.image;model_extragalactic_tr_500it;1;26 Silicon Monoxide;0.8352387357094823
Orion.HNC.cbc.contsub.image;model_extragalactic_tr_500it;2;0 Methylidyne;0.004707464694014795
Orion.HNC.cbc.contsub.image;model_extragalactic_tr_500it;3;1 1,3-Butadiynyl radical;0.004707464694014795
Orion.HNC.cbc.contsub.image;model_extragalactic_tr_500it;4;2 Formaldehyde;0.004707464694014795
Orion.HNC.cbc.contsub.image;model_extragalactic_tr_500it;5;3 Sulfur dioxide;0.004707464694014795
DMTau.CS_5-4.image;model_extragalactic_tr_500it;1;9 Methyliumylidene;0.8782306163021869
DMTau.CS_5-4.image;model_extragalactic_tr_500it;2;0 Methylidyne;0.0034791252485089465
DMTau.CS_5-4.image;model_extragalactic_tr_500it;3;1 1,3-Butadiynyl radical;0.0034791252485089465
DMTau.CS_5-4.image;model_extragalactic_tr_500it;4;2 Formaldehyde;0.0034791252485089465
DMTau.CS_5-4.image;model_extragalactic_tr_500it;5;3 Sulfur dioxide;0.0034791252485089465
Orion.methanol.cbc.contsub.image;model_extragalactic_tr_500it;1;26 Silicon Monoxide;0.6484935437589671
Orion.methanol.cbc.contsub.image;model_extragalactic_tr_500it;2;0 Methylidyne;0.010043041606886656
Orion.methanol.cbc.contsub.image;model_extragalactic_tr_500it;3;1 1,3-Butadiynyl radical;0.010043041606886656
Orion.methanol.cbc.contsub.image;model_extragalactic_tr_500it;4;2 Formaldehyde;0.010043041606886656
Orion.methanol.cbc.contsub.image;model_extragalactic_tr_500it;5;3 Sulfur dioxide;0.010043041606886656
TWHydra_CO3_2line.image;model_extragalactic_tr_500it;1;9 Methyliumylidene;0.7426470588235294
TWHydra_CO3_2line.image;model_extragalactic_tr_500it;2;0 Methylidyne;0.007352941176470587
TWHydra_CO3_2line.image;model_extragalactic_tr_500it;3;1 1,3-Butadiynyl radical;0.007352941176470587
TWHydra_CO3_2line.image;model_extragalactic_tr_500it;4;2 Formaldehyde;0.007352941176470587
TWHydra_CO3_2line.image;model_extragalactic_tr_500it;5;3 Sulfur dioxide;0.007352941176470587
uid___A002_Xa916fc_X668__IRS43_HCO32.final.image.pbcor;model_extragalactic_tr_500it;1;9 Methyliumylidene;0.9243126351560087
uid___A002_Xa916fc_X668__IRS43_HCO32.final.image.pbcor;model_extragalactic_tr_500it;2;0 Methylidyne;0.002162496138399753
uid___A002_Xa916fc_X668__IRS43_HCO32.final.image.pbcor;model_extragalactic_tr_500it;3;1 1,3-Butadiynyl radical;0.002162496138399753
uid___A002_Xa916fc_X668__IRS43_HCO32.final.image.pbcor;model_extragalactic_tr_500it;4;2 Formaldehyde;0.002162496138399753
uid___A002_Xa916fc_X668__IRS43_HCO32.final.image.pbcor;model_extragalactic_tr_500it;5;3 Sulfur dioxide;0.002162496138399753
