1;30 Carbon Monosulfide;0.24698795180722888
2;20 Methanol;0.03614457831325301
3;0 Methylidyne;0.02108433734939759
4;1 1,3-Butadiynyl radical;0.02108433734939759
5;2 Formaldehyde;0.02108433734939759
6;3 Sulfur dioxide;0.02108433734939759
7;4 Carbon Monoxide;0.02108433734939759
8;5 Water;0.02108433734939759
9;6 Carbon Monoxide Ion;0.02108433734939759
10;7 Nitric sulfide;0.02108433734939759
11;8 Isocyanic Acid;0.02108433734939759
12;9 Methyliumylidene;0.02108433734939759
13;10 Cyanide Radical;0.02108433734939759
14;11 Ethynyl;0.02108433734939759
15;12 Carbonyl Sulfide;0.02108433734939759
16;13 Hydroxyl;0.02108433734939759
17;14 Diazenylium;0.02108433734939759
18;15 Thioxoethenylidene;0.02108433734939759
19;16 Nitric oxide;0.02108433734939759
20;17 Methyl Cyanide;0.02108433734939759
21;18 Cyclopropenylidene;0.02108433734939759
22;19 Methanimine;0.02108433734939759
23;21 Thioformaldehyde;0.02108433734939759
24;22 Ammonia;0.02108433734939759
25;23 Cyanamide;0.02108433734939759
26;24 Cyanoacetylene;0.02108433734939759
27;25 Sodium Chloride;0.02108433734939759
28;26 Silicon Monoxide;0.02108433734939759
29;27 Sulfur Monoxide;0.02108433734939759
30;28 Protonated Carbon Dioxide;0.02108433734939759
31;29 Hydrogen Cyanide;0.02108433734939759
32;31 Hydrogen sulfide;0.02108433734939759
33;32 Molecular oxygen;0.02108433734939759
34;33 Hydrogen Isocyanide;0.02108433734939759
35;34 Formylium;0.02108433734939759
36;35 Methyl Acetylene;0.02108433734939759
