1;4 Carbon Monoxide;0.07407407407407408
2;16 Nitric oxide;0.05723905723905724
3;25 Sodium Chloride;0.05723905723905724
4;18 Cyclopropenylidene;0.0404040404040404
5;26 Silicon Monoxide;0.0404040404040404
6;0 Methylidyne;0.02356902356902357
7;1 1,3-Butadiynyl radical;0.02356902356902357
8;2 Formaldehyde;0.02356902356902357
9;3 Sulfur dioxide;0.02356902356902357
10;5 Water;0.02356902356902357
11;6 Carbon Monoxide Ion;0.02356902356902357
12;7 Nitric sulfide;0.02356902356902357
13;8 Isocyanic Acid;0.02356902356902357
14;9 Methyliumylidene;0.02356902356902357
15;10 Cyanide Radical;0.02356902356902357
16;11 Ethynyl;0.02356902356902357
17;12 Carbonyl Sulfide;0.02356902356902357
18;13 Hydroxyl;0.02356902356902357
19;14 Diazenylium;0.02356902356902357
20;15 Thioxoethenylidene;0.02356902356902357
21;17 Methyl Cyanide;0.02356902356902357
22;19 Methanimine;0.02356902356902357
23;20 Methanol;0.02356902356902357
24;21 Thioformaldehyde;0.02356902356902357
25;22 Ammonia;0.02356902356902357
26;23 Cyanamide;0.02356902356902357
27;24 Cyanoacetylene;0.02356902356902357
28;27 Sulfur Monoxide;0.02356902356902357
29;28 Protonated Carbon Dioxide;0.02356902356902357
30;29 Hydrogen Cyanide;0.02356902356902357
31;30 Carbon Monosulfide;0.02356902356902357
32;31 Hydrogen sulfide;0.02356902356902357
33;32 Molecular oxygen;0.02356902356902357
34;33 Hydrogen Isocyanide;0.02356902356902357
35;34 Formylium;0.02356902356902357
36;35 Methyl Acetylene;0.02356902356902357
