1;9 Methyliumylidene;0.2729970326409495
2;0 Methylidyne;0.020771513353115723
3;1 1,3-Butadiynyl radical;0.020771513353115723
4;2 Formaldehyde;0.020771513353115723
5;3 Sulfur dioxide;0.020771513353115723
6;4 Carbon Monoxide;0.020771513353115723
7;5 Water;0.020771513353115723
8;6 Carbon Monoxide Ion;0.020771513353115723
9;7 Nitric sulfide;0.020771513353115723
10;8 Isocyanic Acid;0.020771513353115723
11;10 Cyanide Radical;0.020771513353115723
12;11 Ethynyl;0.020771513353115723
13;12 Carbonyl Sulfide;0.020771513353115723
14;13 Hydroxyl;0.020771513353115723
15;14 Diazenylium;0.020771513353115723
16;15 Thioxoethenylidene;0.020771513353115723
17;16 Nitric oxide;0.020771513353115723
18;17 Methyl Cyanide;0.020771513353115723
19;18 Cyclopropenylidene;0.020771513353115723
20;19 Methanimine;0.020771513353115723
21;20 Methanol;0.020771513353115723
22;21 Thioformaldehyde;0.020771513353115723
23;22 Ammonia;0.020771513353115723
24;23 Cyanamide;0.020771513353115723
25;24 Cyanoacetylene;0.020771513353115723
26;25 Sodium Chloride;0.020771513353115723
27;26 Silicon Monoxide;0.020771513353115723
28;27 Sulfur Monoxide;0.020771513353115723
29;28 Protonated Carbon Dioxide;0.020771513353115723
30;29 Hydrogen Cyanide;0.020771513353115723
31;30 Carbon Monosulfide;0.020771513353115723
32;31 Hydrogen sulfide;0.020771513353115723
33;32 Molecular oxygen;0.020771513353115723
34;33 Hydrogen Isocyanide;0.020771513353115723
35;34 Formylium;0.020771513353115723
36;35 Methyl Acetylene;0.020771513353115723
