1;34 Formylium;0.15309446254071662
2;27 Sulfur Monoxide;0.03908794788273615
3;29 Hydrogen Cyanide;0.03908794788273615
4;30 Carbon Monosulfide;0.03908794788273615
5;0 Methylidyne;0.02280130293159609
6;1 1,3-Butadiynyl radical;0.02280130293159609
7;2 Formaldehyde;0.02280130293159609
8;3 Sulfur dioxide;0.02280130293159609
9;4 Carbon Monoxide;0.02280130293159609
10;5 Water;0.02280130293159609
11;6 Carbon Monoxide Ion;0.02280130293159609
12;7 Nitric sulfide;0.02280130293159609
13;8 Isocyanic Acid;0.02280130293159609
14;9 Methyliumylidene;0.02280130293159609
15;10 Cyanide Radical;0.02280130293159609
16;11 Ethynyl;0.02280130293159609
17;12 Carbonyl Sulfide;0.02280130293159609
18;13 Hydroxyl;0.02280130293159609
19;14 Diazenylium;0.02280130293159609
20;15 Thioxoethenylidene;0.02280130293159609
21;16 Nitric oxide;0.02280130293159609
22;17 Methyl Cyanide;0.02280130293159609
23;18 Cyclopropenylidene;0.02280130293159609
24;19 Methanimine;0.02280130293159609
25;20 Methanol;0.02280130293159609
26;21 Thioformaldehyde;0.02280130293159609
27;22 Ammonia;0.02280130293159609
28;23 Cyanamide;0.02280130293159609
29;24 Cyanoacetylene;0.02280130293159609
30;25 Sodium Chloride;0.02280130293159609
31;26 Silicon Monoxide;0.02280130293159609
32;28 Protonated Carbon Dioxide;0.02280130293159609
33;31 Hydrogen sulfide;0.02280130293159609
34;32 Molecular oxygen;0.02280130293159609
35;33 Hydrogen Isocyanide;0.02280130293159609
36;35 Methyl Acetylene;0.02280130293159609
