1;34 Formylium;0.15824915824915825
2;32 Molecular oxygen;0.0404040404040404
3;0 Methylidyne;0.02356902356902357
4;1 1,3-Butadiynyl radical;0.02356902356902357
5;2 Formaldehyde;0.02356902356902357
6;3 Sulfur dioxide;0.02356902356902357
7;4 Carbon Monoxide;0.02356902356902357
8;5 Water;0.02356902356902357
9;6 Carbon Monoxide Ion;0.02356902356902357
10;7 Nitric sulfide;0.02356902356902357
11;8 Isocyanic Acid;0.02356902356902357
12;9 Methyliumylidene;0.02356902356902357
13;10 Cyanide Radical;0.02356902356902357
14;11 Ethynyl;0.02356902356902357
15;12 Carbonyl Sulfide;0.02356902356902357
16;13 Hydroxyl;0.02356902356902357
17;14 Diazenylium;0.02356902356902357
18;15 Thioxoethenylidene;0.02356902356902357
19;16 Nitric oxide;0.02356902356902357
20;17 Methyl Cyanide;0.02356902356902357
21;18 Cyclopropenylidene;0.02356902356902357
22;19 Methanimine;0.02356902356902357
23;20 Methanol;0.02356902356902357
24;21 Thioformaldehyde;0.02356902356902357
25;22 Ammonia;0.02356902356902357
26;23 Cyanamide;0.02356902356902357
27;24 Cyanoacetylene;0.02356902356902357
28;25 Sodium Chloride;0.02356902356902357
29;26 Silicon Monoxide;0.02356902356902357
30;27 Sulfur Monoxide;0.02356902356902357
31;28 Protonated Carbon Dioxide;0.02356902356902357
32;29 Hydrogen Cyanide;0.02356902356902357
33;30 Carbon Monosulfide;0.02356902356902357
34;31 Hydrogen sulfide;0.02356902356902357
35;33 Hydrogen Isocyanide;0.02356902356902357
36;35 Methyl Acetylene;0.02356902356902357
