1;34 Formylium;0.1750841750841751
2;0 Methylidyne;0.02356902356902357
3;1 1,3-Butadiynyl radical;0.02356902356902357
4;2 Formaldehyde;0.02356902356902357
5;3 Sulfur dioxide;0.02356902356902357
6;4 Carbon Monoxide;0.02356902356902357
7;5 Water;0.02356902356902357
8;6 Carbon Monoxide Ion;0.02356902356902357
9;7 Nitric sulfide;0.02356902356902357
10;8 Isocyanic Acid;0.02356902356902357
11;9 Methyliumylidene;0.02356902356902357
12;10 Cyanide Radical;0.02356902356902357
13;11 Ethynyl;0.02356902356902357
14;12 Carbonyl Sulfide;0.02356902356902357
15;13 Hydroxyl;0.02356902356902357
16;14 Diazenylium;0.02356902356902357
17;15 Thioxoethenylidene;0.02356902356902357
18;16 Nitric oxide;0.02356902356902357
19;17 Methyl Cyanide;0.02356902356902357
20;18 Cyclopropenylidene;0.02356902356902357
21;19 Methanimine;0.02356902356902357
22;20 Methanol;0.02356902356902357
23;21 Thioformaldehyde;0.02356902356902357
24;22 Ammonia;0.02356902356902357
25;23 Cyanamide;0.02356902356902357
26;24 Cyanoacetylene;0.02356902356902357
27;25 Sodium Chloride;0.02356902356902357
28;26 Silicon Monoxide;0.02356902356902357
29;27 Sulfur Monoxide;0.02356902356902357
30;28 Protonated Carbon Dioxide;0.02356902356902357
31;29 Hydrogen Cyanide;0.02356902356902357
32;30 Carbon Monosulfide;0.02356902356902357
33;31 Hydrogen sulfide;0.02356902356902357
34;32 Molecular oxygen;0.02356902356902357
35;33 Hydrogen Isocyanide;0.02356902356902357
36;35 Methyl Acetylene;0.02356902356902357
