1;1 Hydrogen fluoride;0.39644970414201186
2;3 Formylium;0.04142011834319527
3;0 Methanol;0.029585798816568046
4;2 Nitric oxide;0.029585798816568046
5;4 Sodium Chloride;0.029585798816568046
6;5 Sulfur dioxide;0.029585798816568046
7;6 para-Oxidaniumyl;0.029585798816568046
8;7 Sulfur Monoxide;0.029585798816568046
9;8 Butatrienylidene;0.029585798816568046
10;9 Carbon Monoxide;0.029585798816568046
11;10 Nitrous Oxide;0.029585798816568046
12;11 Cyanoacetylene;0.029585798816568046
13;12 Carbonyl Sulfide;0.029585798816568046
14;13 Molecular oxygen;0.029585798816568046
15;14 ortho-Oxidaniumyl;0.029585798816568046
16;15 Water;0.029585798816568046
17;16 Iminomethylium;0.029585798816568046
18;17 Hydrochloric acid;0.029585798816568046
19;18 Acetylene;0.029585798816568046
20;19 Hydrogen Cyanide;0.029585798816568046
