1;9 Carbon Monoxide;0.175
2;7 Sulfur Monoxide;0.058333333333333334
3;10 Nitrous Oxide;0.058333333333333334
4;0 Methanol;0.041666666666666664
5;1 Hydrogen fluoride;0.041666666666666664
6;2 Nitric oxide;0.041666666666666664
7;3 Formylium;0.041666666666666664
8;4 Sodium Chloride;0.041666666666666664
9;5 Sulfur dioxide;0.041666666666666664
10;6 para-Oxidaniumyl;0.041666666666666664
11;8 Butatrienylidene;0.041666666666666664
12;11 Cyanoacetylene;0.041666666666666664
13;12 Carbonyl Sulfide;0.041666666666666664
14;13 Molecular oxygen;0.041666666666666664
15;14 ortho-Oxidaniumyl;0.041666666666666664
16;15 Water;0.041666666666666664
17;16 Iminomethylium;0.041666666666666664
18;17 Hydrochloric acid;0.041666666666666664
19;18 Acetylene;0.041666666666666664
20;19 Hydrogen Cyanide;0.041666666666666664
