1;19 Hydrogen Cyanide;0.3288590604026846
2;0 Methanol;0.03355704697986577
3;1 Hydrogen fluoride;0.03355704697986577
4;2 Nitric oxide;0.03355704697986577
5;3 Formylium;0.03355704697986577
6;4 Sodium Chloride;0.03355704697986577
7;5 Sulfur dioxide;0.03355704697986577
8;6 para-Oxidaniumyl;0.03355704697986577
9;7 Sulfur Monoxide;0.03355704697986577
10;8 Butatrienylidene;0.03355704697986577
11;9 Carbon Monoxide;0.03355704697986577
12;10 Nitrous Oxide;0.03355704697986577
13;11 Cyanoacetylene;0.03355704697986577
14;12 Carbonyl Sulfide;0.03355704697986577
15;13 Molecular oxygen;0.03355704697986577
16;14 ortho-Oxidaniumyl;0.03355704697986577
17;15 Water;0.03355704697986577
18;16 Iminomethylium;0.03355704697986577
19;17 Hydrochloric acid;0.03355704697986577
20;18 Acetylene;0.03355704697986577
