1;9 Methyliumylidene;0.76374156219865
2;0 Methylidyne;0.006750241080038572
3;1 1,3-Butadiynyl radical;0.006750241080038572
4;2 Formaldehyde;0.006750241080038572
5;3 Sulfur dioxide;0.006750241080038572
6;4 Carbon Monoxide;0.006750241080038572
7;5 Water;0.006750241080038572
8;6 Carbon Monoxide Ion;0.006750241080038572
9;7 Nitric sulfide;0.006750241080038572
10;8 Isocyanic Acid;0.006750241080038572
11;10 Cyanide Radical;0.006750241080038572
12;11 Ethynyl;0.006750241080038572
13;12 Carbonyl Sulfide;0.006750241080038572
14;13 Hydroxyl;0.006750241080038572
15;14 Diazenylium;0.006750241080038572
16;15 Thioxoethenylidene;0.006750241080038572
17;16 Nitric oxide;0.006750241080038572
18;17 Methyl Cyanide;0.006750241080038572
19;18 Cyclopropenylidene;0.006750241080038572
20;19 Methanimine;0.006750241080038572
21;20 Methanol;0.006750241080038572
22;21 Thioformaldehyde;0.006750241080038572
23;22 Ammonia;0.006750241080038572
24;23 Cyanamide;0.006750241080038572
25;24 Cyanoacetylene;0.006750241080038572
26;25 Sodium Chloride;0.006750241080038572
27;26 Silicon Monoxide;0.006750241080038572
28;27 Sulfur Monoxide;0.006750241080038572
29;28 Protonated Carbon Dioxide;0.006750241080038572
30;29 Hydrogen Cyanide;0.006750241080038572
31;30 Carbon Monosulfide;0.006750241080038572
32;31 Hydrogen sulfide;0.006750241080038572
33;32 Molecular oxygen;0.006750241080038572
34;33 Hydrogen Isocyanide;0.006750241080038572
35;34 Formylium;0.006750241080038572
36;35 Methyl Acetylene;0.006750241080038572
