1;26 Silicon Monoxide;0.794293297942933
2;33 Hydrogen Isocyanide;0.047777040477770406
3;0 Methylidyne;0.0046449900464499
4;1 1,3-Butadiynyl radical;0.0046449900464499
5;2 Formaldehyde;0.0046449900464499
6;3 Sulfur dioxide;0.0046449900464499
7;4 Carbon Monoxide;0.0046449900464499
8;5 Water;0.0046449900464499
9;6 Carbon Monoxide Ion;0.0046449900464499
10;7 Nitric sulfide;0.0046449900464499
11;8 Isocyanic Acid;0.0046449900464499
12;9 Methyliumylidene;0.0046449900464499
13;10 Cyanide Radical;0.0046449900464499
14;11 Ethynyl;0.0046449900464499
15;12 Carbonyl Sulfide;0.0046449900464499
16;13 Hydroxyl;0.0046449900464499
17;14 Diazenylium;0.0046449900464499
18;15 Thioxoethenylidene;0.0046449900464499
19;16 Nitric oxide;0.0046449900464499
20;17 Methyl Cyanide;0.0046449900464499
21;18 Cyclopropenylidene;0.0046449900464499
22;19 Methanimine;0.0046449900464499
23;20 Methanol;0.0046449900464499
24;21 Thioformaldehyde;0.0046449900464499
25;22 Ammonia;0.0046449900464499
26;23 Cyanamide;0.0046449900464499
27;24 Cyanoacetylene;0.0046449900464499
28;25 Sodium Chloride;0.0046449900464499
29;27 Sulfur Monoxide;0.0046449900464499
30;28 Protonated Carbon Dioxide;0.0046449900464499
31;29 Hydrogen Cyanide;0.0046449900464499
32;30 Carbon Monosulfide;0.0046449900464499
33;31 Hydrogen sulfide;0.0046449900464499
34;32 Molecular oxygen;0.0046449900464499
35;34 Formylium;0.0046449900464499
36;35 Methyl Acetylene;0.0046449900464499
