1;34 Formylium;0.8933391380060949
2;0 Methylidyne;0.0030474531998258597
3;1 1,3-Butadiynyl radical;0.0030474531998258597
4;2 Formaldehyde;0.0030474531998258597
5;3 Sulfur dioxide;0.0030474531998258597
6;4 Carbon Monoxide;0.0030474531998258597
7;5 Water;0.0030474531998258597
8;6 Carbon Monoxide Ion;0.0030474531998258597
9;7 Nitric sulfide;0.0030474531998258597
10;8 Isocyanic Acid;0.0030474531998258597
11;9 Methyliumylidene;0.0030474531998258597
12;10 Cyanide Radical;0.0030474531998258597
13;11 Ethynyl;0.0030474531998258597
14;12 Carbonyl Sulfide;0.0030474531998258597
15;13 Hydroxyl;0.0030474531998258597
16;14 Diazenylium;0.0030474531998258597
17;15 Thioxoethenylidene;0.0030474531998258597
18;16 Nitric oxide;0.0030474531998258597
19;17 Methyl Cyanide;0.0030474531998258597
20;18 Cyclopropenylidene;0.0030474531998258597
21;19 Methanimine;0.0030474531998258597
22;20 Methanol;0.0030474531998258597
23;21 Thioformaldehyde;0.0030474531998258597
24;22 Ammonia;0.0030474531998258597
25;23 Cyanamide;0.0030474531998258597
26;24 Cyanoacetylene;0.0030474531998258597
27;25 Sodium Chloride;0.0030474531998258597
28;26 Silicon Monoxide;0.0030474531998258597
29;27 Sulfur Monoxide;0.0030474531998258597
30;28 Protonated Carbon Dioxide;0.0030474531998258597
31;29 Hydrogen Cyanide;0.0030474531998258597
32;30 Carbon Monosulfide;0.0030474531998258597
33;31 Hydrogen sulfide;0.0030474531998258597
34;32 Molecular oxygen;0.0030474531998258597
35;33 Hydrogen Isocyanide;0.0030474531998258597
36;35 Methyl Acetylene;0.0030474531998258597
