1;11 Methyliumylidene;0.41959798994974873
2;16 Silicon Monoxide;0.18509212730318259
3;21 Hydrogen Isocyanide;0.025963149078726967
4;0 Methylidyne;0.017587939698492462
5;1 Butyronitrile;0.017587939698492462
6;2 Formaldehyde;0.017587939698492462
7;3 Sulfur dioxide;0.017587939698492462
8;4 Carbon Monoxide;0.017587939698492462
9;5 Water;0.017587939698492462
10;6 Chloronium;0.017587939698492462
11;7 Imidogen;0.017587939698492462
12;8 Thioformylium;0.017587939698492462
13;9 Mercapto radical;0.017587939698492462
14;10 Methyl formate vt01;0.017587939698492462
15;12 Cyanide Radical;0.017587939698492462
16;13 Hydroxyl;0.017587939698492462
17;14 Nitric oxide;0.017587939698492462
18;15 Cyclopropenylidene;0.017587939698492462
19;17 Hydrogen Cyanide;0.017587939698492462
20;18 Carbon Monosulfide;0.017587939698492462
21;19 Hydrogen sulfide;0.017587939698492462
22;20 Molecular oxygen;0.017587939698492462
23;22 Formylium;0.017587939698492462
24;23 Sulfoniumylidene;0.017587939698492462
