1;4 Carbon Monoxide;0.17507886435331227
2;21 Hydrogen Isocyanide;0.08044164037854888
3;19 Hydrogen sulfide;0.048895899053627755
4;0 Methylidyne;0.03312302839116719
5;1 Butyronitrile;0.03312302839116719
6;2 Formaldehyde;0.03312302839116719
7;3 Sulfur dioxide;0.03312302839116719
8;5 Water;0.03312302839116719
9;6 Chloronium;0.03312302839116719
10;7 Imidogen;0.03312302839116719
11;8 Thioformylium;0.03312302839116719
12;9 Mercapto radical;0.03312302839116719
13;10 Methyl formate vt01;0.03312302839116719
14;11 Methyliumylidene;0.03312302839116719
15;12 Cyanide Radical;0.03312302839116719
16;13 Hydroxyl;0.03312302839116719
17;14 Nitric oxide;0.03312302839116719
18;15 Cyclopropenylidene;0.03312302839116719
19;16 Silicon Monoxide;0.03312302839116719
20;17 Hydrogen Cyanide;0.03312302839116719
21;18 Carbon Monosulfide;0.03312302839116719
22;20 Molecular oxygen;0.03312302839116719
23;22 Formylium;0.03312302839116719
24;23 Sulfoniumylidene;0.03312302839116719
