1;22 Formylium;0.11563517915309444
2;6 Chloronium;0.0504885993485342
3;10 Methyl formate vt01;0.0504885993485342
4;15 Cyclopropenylidene;0.0504885993485342
5;17 Hydrogen Cyanide;0.0504885993485342
6;19 Hydrogen sulfide;0.0504885993485342
7;21 Hydrogen Isocyanide;0.0504885993485342
8;0 Methylidyne;0.03420195439739414
9;1 Butyronitrile;0.03420195439739414
10;2 Formaldehyde;0.03420195439739414
11;3 Sulfur dioxide;0.03420195439739414
12;4 Carbon Monoxide;0.03420195439739414
13;5 Water;0.03420195439739414
14;7 Imidogen;0.03420195439739414
15;8 Thioformylium;0.03420195439739414
16;9 Mercapto radical;0.03420195439739414
17;11 Methyliumylidene;0.03420195439739414
18;12 Cyanide Radical;0.03420195439739414
19;13 Hydroxyl;0.03420195439739414
20;14 Nitric oxide;0.03420195439739414
21;16 Silicon Monoxide;0.03420195439739414
22;18 Carbon Monosulfide;0.03420195439739414
23;20 Molecular oxygen;0.03420195439739414
24;23 Sulfoniumylidene;0.03420195439739414
