1;1 Butyronitrile;0.1807817589576547
2;10 Methyl formate vt01;0.06677524429967426
3;0 Methylidyne;0.03420195439739414
4;2 Formaldehyde;0.03420195439739414
5;3 Sulfur dioxide;0.03420195439739414
6;4 Carbon Monoxide;0.03420195439739414
7;5 Water;0.03420195439739414
8;6 Chloronium;0.03420195439739414
9;7 Imidogen;0.03420195439739414
10;8 Thioformylium;0.03420195439739414
11;9 Mercapto radical;0.03420195439739414
12;11 Methyliumylidene;0.03420195439739414
13;12 Cyanide Radical;0.03420195439739414
14;13 Hydroxyl;0.03420195439739414
15;14 Nitric oxide;0.03420195439739414
16;15 Cyclopropenylidene;0.03420195439739414
17;16 Silicon Monoxide;0.03420195439739414
18;17 Hydrogen Cyanide;0.03420195439739414
19;18 Carbon Monosulfide;0.03420195439739414
20;19 Hydrogen sulfide;0.03420195439739414
21;20 Molecular oxygen;0.03420195439739414
22;21 Hydrogen Isocyanide;0.03420195439739414
23;22 Formylium;0.03420195439739414
24;23 Sulfoniumylidene;0.03420195439739414
