1;17 Hydrogen Cyanide;0.14583333333333331
2;22 Formylium;0.08173076923076922
3;11 Methyliumylidene;0.049679487179487176
4;23 Sulfoniumylidene;0.049679487179487176
5;0 Methylidyne;0.03365384615384615
6;1 Butyronitrile;0.03365384615384615
7;2 Formaldehyde;0.03365384615384615
8;3 Sulfur dioxide;0.03365384615384615
9;4 Carbon Monoxide;0.03365384615384615
10;5 Water;0.03365384615384615
11;6 Chloronium;0.03365384615384615
12;7 Imidogen;0.03365384615384615
13;8 Thioformylium;0.03365384615384615
14;9 Mercapto radical;0.03365384615384615
15;10 Methyl formate vt01;0.03365384615384615
16;12 Cyanide Radical;0.03365384615384615
17;13 Hydroxyl;0.03365384615384615
18;14 Nitric oxide;0.03365384615384615
19;15 Cyclopropenylidene;0.03365384615384615
20;16 Silicon Monoxide;0.03365384615384615
21;18 Carbon Monosulfide;0.03365384615384615
22;19 Hydrogen sulfide;0.03365384615384615
23;20 Molecular oxygen;0.03365384615384615
24;21 Hydrogen Isocyanide;0.03365384615384615
