1;17 Nitrosyl hydride;0.7540650406504065
2;8 para-Oxidaniumyl;0.007113821138211381
3;64 Cyclopropenylidene;0.007113821138211381
4;0 Dimethyl ether;0.002032520325203252
5;1 Butatrienylidene;0.002032520325203252
6;2 Trihydrogen ion;0.002032520325203252
7;3 Nitrous Oxide;0.002032520325203252
8;4 Methyl Acetylene;0.002032520325203252
9;5 Ethylene Glycol;0.002032520325203252
10;6 Methyl Cyanide;0.002032520325203252
11;7 Thioformylium;0.002032520325203252
12;9 Hydrogen Cyanide;0.002032520325203252
13;10 Titanium monoxide;0.002032520325203252
14;11 Cyanide Radical;0.002032520325203252
15;12 Formic Acid;0.002032520325203252
16;13 Nitric sulfide;0.002032520325203252
17;14 Iminomethylium;0.002032520325203252
18;15 Aluminum monoxide;0.002032520325203252
19;16 Methyl isocyanate;0.002032520325203252
20;18 Propynylidynium;0.002032520325203252
21;19 Magnesium Cyanide;0.002032520325203252
22;20 Diazenylium;0.002032520325203252
23;21 Methylamine;0.002032520325203252
24;22 Chloronium;0.002032520325203252
25;23 Silicon monosulfide;0.002032520325203252
26;24 Phosphorus Monoxide;0.002032520325203252
27;25 Cyclopropenone;0.002032520325203252
28;26 Carbon Monoxide Ion;0.002032520325203252
29;27 Sodium Cyanide;0.002032520325203252
30;28 Nitric oxide;0.002032520325203252
31;29 Silicon Cyanide;0.002032520325203252
32;30 Ethyne Isocyanide;0.002032520325203252
33;31 Sodium Chloride;0.002032520325203252
34;32 Cyanoacetylene;0.002032520325203252
35;33 Sulfur Monoxide;0.002032520325203252
36;34 Aluminum Isocyanitrile;0.002032520325203252
37;35 Cyanobutadiyne;0.002032520325203252
38;36 Silicon Mononitride;0.002032520325203252
39;37 Carbon Monoxide;0.002032520325203252
40;38 Propadienylidene;0.002032520325203252
41;39 Methanimine;0.002032520325203252
42;40 Aluminum Monofluoride;0.002032520325203252
43;41 Formamide;0.002032520325203252
44;42 Aminoacetonitrile;0.002032520325203252
45;43 Ammonia;0.002032520325203252
46;44 gauche-Ethanol;0.002032520325203252
47;45 Protonate 2-proynenitrile;0.002032520325203252
48;46 Carbonyl Sulfide;0.002032520325203252
49;47 Thioxoethenylidene;0.002032520325203252
50;48 Ethyl cyanide;0.002032520325203252
51;49 Water;0.002032520325203252
52;50 Methyl Formate;0.002032520325203252
53;51 Acetaldehyde;0.002032520325203252
54;52 Ketenimine;0.002032520325203252
55;53 Propenal;0.002032520325203252
56;54 Methyl isocyanide;0.002032520325203252
57;55 iso-propyl cyanide;0.002032520325203252
58;56 Hydrogen cyanide;0.002032520325203252
59;57 Protonated Carbon Dioxide;0.002032520325203252
60;58 Methylidyne;0.002032520325203252
61;59 Ketene;0.002032520325203252
62;60 Silicon Monoxide;0.002032520325203252
63;61 Acetone;0.002032520325203252
64;62 Vinyl Cyanide;0.002032520325203252
65;63 Silicon monoxide (global fit);0.002032520325203252
66;65 Magnesium Isocyanide;0.002032520325203252
67;66 Cyanobutadiynylide anion;0.002032520325203252
68;67 Formaldehyde;0.002032520325203252
69;68 Carbon Monosulfide;0.002032520325203252
70;69 Fulminic acid;0.002032520325203252
71;70 trans-Ethanol;0.002032520325203252
72;71 Silicon Carbide;0.002032520325203252
73;72 Formylium;0.002032520325203252
74;73 Ethylene Oxide;0.002032520325203252
75;74 Sulfur dioxide;0.002032520325203252
76;75 Carbon Monophosphide;0.002032520325203252
77;76 Sulfur Monoxide ion;0.002032520325203252
78;77 Methanol;0.002032520325203252
79;78 Sulfur Dioxide;0.002032520325203252
80;79 Cyanoformaldehyde;0.002032520325203252
81;80 Isocyanic Acid;0.002032520325203252
82;81 Silicon Isocyanide;0.002032520325203252
83;82 Methylene amidogen;0.002032520325203252
84;83 Silicon Monocarbide;0.002032520325203252
85;84 Phosphaethyne;0.002032520325203252
86;85 Aluminum Monochloride;0.002032520325203252
87;86 Cyanoallene;0.002032520325203252
88;87 Methyl diacetylene;0.002032520325203252
89;88 Cyanomethylene;0.002032520325203252
90;89 Phosphapropynylidyne;0.002032520325203252
91;90 Cyanomethyl;0.002032520325203252
92;91 Hydrogen Isocyanide;0.002032520325203252
93;92 Hydrogen sulfide;0.002032520325203252
94;93 Hydroxyl;0.002032520325203252
95;94 Glycolaldehyde;0.002032520325203252
96;95 Cyanide anion;0.002032520325203252
97;96 2-Propynal;0.002032520325203252
98;97 Ethynyl;0.002032520325203252
99;98 Phosphorous nitride;0.002032520325203252
100;99 Magnesium hydride isocyanide;0.002032520325203252
101;100 Potassium chloride;0.002032520325203252
102;101 Silicon tetracarbide;0.002032520325203252
103;102 Ethyl Cyanide;0.002032520325203252
104;103 Cyanamide;0.002032520325203252
105;104 Amidogen;0.002032520325203252
106;105 Hydroxymethylidyne;0.002032520325203252
107;106 Formyl Radical;0.002032520325203252
108;107 Vinyl Alcohol;0.002032520325203252
109;108 ortho-Oxidaniumyl;0.002032520325203252
110;109 Cyanoethynylide ion;0.002032520325203252
111;110 Oxoethenylidene;0.002032520325203252
112;111 2-Butynenitrile;0.002032520325203252
113;112 Cyanoethynyl;0.002032520325203252
114;113 Hydroxymethylium ion;0.002032520325203252
115;114 Thioformaldehyde;0.002032520325203252
116;115 Isothiocyanic acid;0.002032520325203252
117;116 Cyanic acid;0.002032520325203252
