1;84 Phosphaethyne;0.4106433677521843
2;56 Hydrogen cyanide;0.40270055599682286
3;51 Acetaldehyde;0.005559968228752978
4;0 Dimethyl ether;0.0015885623510722795
5;1 Butatrienylidene;0.0015885623510722795
6;2 Trihydrogen ion;0.0015885623510722795
7;3 Nitrous Oxide;0.0015885623510722795
8;4 Methyl Acetylene;0.0015885623510722795
9;5 Ethylene Glycol;0.0015885623510722795
10;6 Methyl Cyanide;0.0015885623510722795
11;7 Thioformylium;0.0015885623510722795
12;8 para-Oxidaniumyl;0.0015885623510722795
13;9 Hydrogen Cyanide;0.0015885623510722795
14;10 Titanium monoxide;0.0015885623510722795
15;11 Cyanide Radical;0.0015885623510722795
16;12 Formic Acid;0.0015885623510722795
17;13 Nitric sulfide;0.0015885623510722795
18;14 Iminomethylium;0.0015885623510722795
19;15 Aluminum monoxide;0.0015885623510722795
20;16 Methyl isocyanate;0.0015885623510722795
21;17 Nitrosyl hydride;0.0015885623510722795
22;18 Propynylidynium;0.0015885623510722795
23;19 Magnesium Cyanide;0.0015885623510722795
24;20 Diazenylium;0.0015885623510722795
25;21 Methylamine;0.0015885623510722795
26;22 Chloronium;0.0015885623510722795
27;23 Silicon monosulfide;0.0015885623510722795
28;24 Phosphorus Monoxide;0.0015885623510722795
29;25 Cyclopropenone;0.0015885623510722795
30;26 Carbon Monoxide Ion;0.0015885623510722795
31;27 Sodium Cyanide;0.0015885623510722795
32;28 Nitric oxide;0.0015885623510722795
33;29 Silicon Cyanide;0.0015885623510722795
34;30 Ethyne Isocyanide;0.0015885623510722795
35;31 Sodium Chloride;0.0015885623510722795
36;32 Cyanoacetylene;0.0015885623510722795
37;33 Sulfur Monoxide;0.0015885623510722795
38;34 Aluminum Isocyanitrile;0.0015885623510722795
39;35 Cyanobutadiyne;0.0015885623510722795
40;36 Silicon Mononitride;0.0015885623510722795
41;37 Carbon Monoxide;0.0015885623510722795
42;38 Propadienylidene;0.0015885623510722795
43;39 Methanimine;0.0015885623510722795
44;40 Aluminum Monofluoride;0.0015885623510722795
45;41 Formamide;0.0015885623510722795
46;42 Aminoacetonitrile;0.0015885623510722795
47;43 Ammonia;0.0015885623510722795
48;44 gauche-Ethanol;0.0015885623510722795
49;45 Protonate 2-proynenitrile;0.0015885623510722795
50;46 Carbonyl Sulfide;0.0015885623510722795
51;47 Thioxoethenylidene;0.0015885623510722795
52;48 Ethyl cyanide;0.0015885623510722795
53;49 Water;0.0015885623510722795
54;50 Methyl Formate;0.0015885623510722795
55;52 Ketenimine;0.0015885623510722795
56;53 Propenal;0.0015885623510722795
57;54 Methyl isocyanide;0.0015885623510722795
58;55 iso-propyl cyanide;0.0015885623510722795
59;57 Protonated Carbon Dioxide;0.0015885623510722795
60;58 Methylidyne;0.0015885623510722795
61;59 Ketene;0.0015885623510722795
62;60 Silicon Monoxide;0.0015885623510722795
63;61 Acetone;0.0015885623510722795
64;62 Vinyl Cyanide;0.0015885623510722795
65;63 Silicon monoxide (global fit);0.0015885623510722795
66;64 Cyclopropenylidene;0.0015885623510722795
67;65 Magnesium Isocyanide;0.0015885623510722795
68;66 Cyanobutadiynylide anion;0.0015885623510722795
69;67 Formaldehyde;0.0015885623510722795
70;68 Carbon Monosulfide;0.0015885623510722795
71;69 Fulminic acid;0.0015885623510722795
72;70 trans-Ethanol;0.0015885623510722795
73;71 Silicon Carbide;0.0015885623510722795
74;72 Formylium;0.0015885623510722795
75;73 Ethylene Oxide;0.0015885623510722795
76;74 Sulfur dioxide;0.0015885623510722795
77;75 Carbon Monophosphide;0.0015885623510722795
78;76 Sulfur Monoxide ion;0.0015885623510722795
79;77 Methanol;0.0015885623510722795
80;78 Sulfur Dioxide;0.0015885623510722795
81;79 Cyanoformaldehyde;0.0015885623510722795
82;80 Isocyanic Acid;0.0015885623510722795
83;81 Silicon Isocyanide;0.0015885623510722795
84;82 Methylene amidogen;0.0015885623510722795
85;83 Silicon Monocarbide;0.0015885623510722795
86;85 Aluminum Monochloride;0.0015885623510722795
87;86 Cyanoallene;0.0015885623510722795
88;87 Methyl diacetylene;0.0015885623510722795
89;88 Cyanomethylene;0.0015885623510722795
90;89 Phosphapropynylidyne;0.0015885623510722795
91;90 Cyanomethyl;0.0015885623510722795
92;91 Hydrogen Isocyanide;0.0015885623510722795
93;92 Hydrogen sulfide;0.0015885623510722795
94;93 Hydroxyl;0.0015885623510722795
95;94 Glycolaldehyde;0.0015885623510722795
96;95 Cyanide anion;0.0015885623510722795
97;96 2-Propynal;0.0015885623510722795
98;97 Ethynyl;0.0015885623510722795
99;98 Phosphorous nitride;0.0015885623510722795
100;99 Magnesium hydride isocyanide;0.0015885623510722795
101;100 Potassium chloride;0.0015885623510722795
102;101 Silicon tetracarbide;0.0015885623510722795
103;102 Ethyl Cyanide;0.0015885623510722795
104;103 Cyanamide;0.0015885623510722795
105;104 Amidogen;0.0015885623510722795
106;105 Hydroxymethylidyne;0.0015885623510722795
107;106 Formyl Radical;0.0015885623510722795
108;107 Vinyl Alcohol;0.0015885623510722795
109;108 ortho-Oxidaniumyl;0.0015885623510722795
110;109 Cyanoethynylide ion;0.0015885623510722795
111;110 Oxoethenylidene;0.0015885623510722795
112;111 2-Butynenitrile;0.0015885623510722795
113;112 Cyanoethynyl;0.0015885623510722795
114;113 Hydroxymethylium ion;0.0015885623510722795
115;114 Thioformaldehyde;0.0015885623510722795
116;115 Isothiocyanic acid;0.0015885623510722795
117;116 Cyanic acid;0.0015885623510722795
