1;7 Thioformylium;0.3987291501191422
2;91 Hydrogen Isocyanide;0.15250198570293882
3;75 Carbon Monophosphide;0.13264495631453532
4;98 Phosphorous nitride;0.06910246227164416
5;40 Aluminum Monofluoride;0.03335980937251787
6;110 Oxoethenylidene;0.017474185861795076
7;34 Aluminum Isocyanitrile;0.013502779984114376
8;49 Water;0.005559968228752978
9;69 Fulminic acid;0.005559968228752978
10;0 Dimethyl ether;0.0015885623510722795
11;1 Butatrienylidene;0.0015885623510722795
12;2 Trihydrogen ion;0.0015885623510722795
13;3 Nitrous Oxide;0.0015885623510722795
14;4 Methyl Acetylene;0.0015885623510722795
15;5 Ethylene Glycol;0.0015885623510722795
16;6 Methyl Cyanide;0.0015885623510722795
17;8 para-Oxidaniumyl;0.0015885623510722795
18;9 Hydrogen Cyanide;0.0015885623510722795
19;10 Titanium monoxide;0.0015885623510722795
20;11 Cyanide Radical;0.0015885623510722795
21;12 Formic Acid;0.0015885623510722795
22;13 Nitric sulfide;0.0015885623510722795
23;14 Iminomethylium;0.0015885623510722795
24;15 Aluminum monoxide;0.0015885623510722795
25;16 Methyl isocyanate;0.0015885623510722795
26;17 Nitrosyl hydride;0.0015885623510722795
27;18 Propynylidynium;0.0015885623510722795
28;19 Magnesium Cyanide;0.0015885623510722795
29;20 Diazenylium;0.0015885623510722795
30;21 Methylamine;0.0015885623510722795
31;22 Chloronium;0.0015885623510722795
32;23 Silicon monosulfide;0.0015885623510722795
33;24 Phosphorus Monoxide;0.0015885623510722795
34;25 Cyclopropenone;0.0015885623510722795
35;26 Carbon Monoxide Ion;0.0015885623510722795
36;27 Sodium Cyanide;0.0015885623510722795
37;28 Nitric oxide;0.0015885623510722795
38;29 Silicon Cyanide;0.0015885623510722795
39;30 Ethyne Isocyanide;0.0015885623510722795
40;31 Sodium Chloride;0.0015885623510722795
41;32 Cyanoacetylene;0.0015885623510722795
42;33 Sulfur Monoxide;0.0015885623510722795
43;35 Cyanobutadiyne;0.0015885623510722795
44;36 Silicon Mononitride;0.0015885623510722795
45;37 Carbon Monoxide;0.0015885623510722795
46;38 Propadienylidene;0.0015885623510722795
47;39 Methanimine;0.0015885623510722795
48;41 Formamide;0.0015885623510722795
49;42 Aminoacetonitrile;0.0015885623510722795
50;43 Ammonia;0.0015885623510722795
51;44 gauche-Ethanol;0.0015885623510722795
52;45 Protonate 2-proynenitrile;0.0015885623510722795
53;46 Carbonyl Sulfide;0.0015885623510722795
54;47 Thioxoethenylidene;0.0015885623510722795
55;48 Ethyl cyanide;0.0015885623510722795
56;50 Methyl Formate;0.0015885623510722795
57;51 Acetaldehyde;0.0015885623510722795
58;52 Ketenimine;0.0015885623510722795
59;53 Propenal;0.0015885623510722795
60;54 Methyl isocyanide;0.0015885623510722795
61;55 iso-propyl cyanide;0.0015885623510722795
62;56 Hydrogen cyanide;0.0015885623510722795
63;57 Protonated Carbon Dioxide;0.0015885623510722795
64;58 Methylidyne;0.0015885623510722795
65;59 Ketene;0.0015885623510722795
66;60 Silicon Monoxide;0.0015885623510722795
67;61 Acetone;0.0015885623510722795
68;62 Vinyl Cyanide;0.0015885623510722795
69;63 Silicon monoxide (global fit);0.0015885623510722795
70;64 Cyclopropenylidene;0.0015885623510722795
71;65 Magnesium Isocyanide;0.0015885623510722795
72;66 Cyanobutadiynylide anion;0.0015885623510722795
73;67 Formaldehyde;0.0015885623510722795
74;68 Carbon Monosulfide;0.0015885623510722795
75;70 trans-Ethanol;0.0015885623510722795
76;71 Silicon Carbide;0.0015885623510722795
77;72 Formylium;0.0015885623510722795
78;73 Ethylene Oxide;0.0015885623510722795
79;74 Sulfur dioxide;0.0015885623510722795
80;76 Sulfur Monoxide ion;0.0015885623510722795
81;77 Methanol;0.0015885623510722795
82;78 Sulfur Dioxide;0.0015885623510722795
83;79 Cyanoformaldehyde;0.0015885623510722795
84;80 Isocyanic Acid;0.0015885623510722795
85;81 Silicon Isocyanide;0.0015885623510722795
86;82 Methylene amidogen;0.0015885623510722795
87;83 Silicon Monocarbide;0.0015885623510722795
88;84 Phosphaethyne;0.0015885623510722795
89;85 Aluminum Monochloride;0.0015885623510722795
90;86 Cyanoallene;0.0015885623510722795
91;87 Methyl diacetylene;0.0015885623510722795
92;88 Cyanomethylene;0.0015885623510722795
93;89 Phosphapropynylidyne;0.0015885623510722795
94;90 Cyanomethyl;0.0015885623510722795
95;92 Hydrogen sulfide;0.0015885623510722795
96;93 Hydroxyl;0.0015885623510722795
97;94 Glycolaldehyde;0.0015885623510722795
98;95 Cyanide anion;0.0015885623510722795
99;96 2-Propynal;0.0015885623510722795
100;97 Ethynyl;0.0015885623510722795
101;99 Magnesium hydride isocyanide;0.0015885623510722795
102;100 Potassium chloride;0.0015885623510722795
103;101 Silicon tetracarbide;0.0015885623510722795
104;102 Ethyl Cyanide;0.0015885623510722795
105;103 Cyanamide;0.0015885623510722795
106;104 Amidogen;0.0015885623510722795
107;105 Hydroxymethylidyne;0.0015885623510722795
108;106 Formyl Radical;0.0015885623510722795
109;107 Vinyl Alcohol;0.0015885623510722795
110;108 ortho-Oxidaniumyl;0.0015885623510722795
111;109 Cyanoethynylide ion;0.0015885623510722795
112;111 2-Butynenitrile;0.0015885623510722795
113;112 Cyanoethynyl;0.0015885623510722795
114;113 Hydroxymethylium ion;0.0015885623510722795
115;114 Thioformaldehyde;0.0015885623510722795
116;115 Isothiocyanic acid;0.0015885623510722795
117;116 Cyanic acid;0.0015885623510722795
