HD163296_CO_2_1.image;model_alma_band_6_tr_500it;1;40 Aluminum Monofluoride;0.8536133415688696
HD163296_CO_2_1.image;model_alma_band_6_tr_500it;2;116 Cyanic acid;0.004323656578134651
HD163296_CO_2_1.image;model_alma_band_6_tr_500it;3;0 Dimethyl ether;0.0012353304508956147
HD163296_CO_2_1.image;model_alma_band_6_tr_500it;4;1 Butatrienylidene;0.0012353304508956147
HD163296_CO_2_1.image;model_alma_band_6_tr_500it;5;2 Trihydrogen ion;0.0012353304508956147
HD163296_CO_2_1.image;model_alma_band_6_2_500it;1;105 Hydroxymethylidyne;0.8567016676961086
HD163296_CO_2_1.image;model_alma_band_6_2_500it;2;0 Dimethyl ether;0.0012353304508956147
HD163296_CO_2_1.image;model_alma_band_6_2_500it;3;1 Butatrienylidene;0.0012353304508956147
HD163296_CO_2_1.image;model_alma_band_6_2_500it;4;2 Trihydrogen ion;0.0012353304508956147
HD163296_CO_2_1.image;model_alma_band_6_2_500it;5;3 Nitrous Oxide;0.0012353304508956147
HD163296_CO_2_1.image;model_alma_band_6_full_500it;1;3 Nitrous Oxide;0.28536133415688697
HD163296_CO_2_1.image;model_alma_band_6_full_500it;2;18 Propynylidynium;0.2730080296479308
HD163296_CO_2_1.image;model_alma_band_6_full_500it;3;31 Sodium Chloride;0.17726991970352068
HD163296_CO_2_1.image;model_alma_band_6_full_500it;4;105 Hydroxymethylidyne;0.050648548486720193
HD163296_CO_2_1.image;model_alma_band_6_full_500it;5;83 Silicon Monocarbide;0.03829524397776405
HD163296_CO_2_1.image;model_alma_band_6_full_expanded_00002_500it;1;65 Magnesium Isocyanide;0.8350833848054353
HD163296_CO_2_1.image;model_alma_band_6_full_expanded_00002_500it;2;4 Methyl Acetylene;0.004323656578134651
HD163296_CO_2_1.image;model_alma_band_6_full_expanded_00002_500it;3;28 Nitric oxide;0.004323656578134651
HD163296_CO_2_1.image;model_alma_band_6_full_expanded_00002_500it;4;37 Carbon Monoxide;0.004323656578134651
HD163296_CO_2_1.image;model_alma_band_6_full_expanded_00002_500it;5;46 Carbonyl Sulfide;0.004323656578134651
HD163296_CO_2_1.image;model_alma_band_6_full_expanded_00010_500it;1;104 Amidogen;0.7980234712785669
HD163296_CO_2_1.image;model_alma_band_6_full_expanded_00010_500it;2;19 Magnesium Cyanide;0.007411982705373687
HD163296_CO_2_1.image;model_alma_band_6_full_expanded_00010_500it;3;54 Methyl isocyanide;0.007411982705373687
HD163296_CO_2_1.image;model_alma_band_6_full_expanded_00010_500it;4;12 Formic Acid;0.004323656578134651
HD163296_CO_2_1.image;model_alma_band_6_full_expanded_00010_500it;5;31 Sodium Chloride;0.004323656578134651
Orion.methanol.cbc.contsub.image;model_alma_band_6_tr_500it;1;15 Aluminum monoxide;0.6232114467408585
Orion.methanol.cbc.contsub.image;model_alma_band_6_tr_500it;2;83 Silicon Monocarbide;0.011128775834658185
Orion.methanol.cbc.contsub.image;model_alma_band_6_tr_500it;3;0 Dimethyl ether;0.0031796502384737677
Orion.methanol.cbc.contsub.image;model_alma_band_6_tr_500it;4;1 Butatrienylidene;0.0031796502384737677
Orion.methanol.cbc.contsub.image;model_alma_band_6_tr_500it;5;2 Trihydrogen ion;0.0031796502384737677
Orion.methanol.cbc.contsub.image;model_alma_band_6_2_500it;1;99 Magnesium hydride isocyanide;0.6311605723370429
Orion.methanol.cbc.contsub.image;model_alma_band_6_2_500it;2;0 Dimethyl ether;0.0031796502384737677
Orion.methanol.cbc.contsub.image;model_alma_band_6_2_500it;3;1 Butatrienylidene;0.0031796502384737677
Orion.methanol.cbc.contsub.image;model_alma_band_6_2_500it;4;2 Trihydrogen ion;0.0031796502384737677
Orion.methanol.cbc.contsub.image;model_alma_band_6_2_500it;5;3 Nitrous Oxide;0.0031796502384737677
Orion.methanol.cbc.contsub.image;model_alma_band_6_full_500it;1;91 Hydrogen Isocyanide;0.4880763116057233
Orion.methanol.cbc.contsub.image;model_alma_band_6_full_500it;2;104 Amidogen;0.08267090620031796
Orion.methanol.cbc.contsub.image;model_alma_band_6_full_500it;3;36 Silicon Mononitride;0.05087440381558028
Orion.methanol.cbc.contsub.image;model_alma_band_6_full_500it;4;15 Aluminum monoxide;0.019077901430842606
Orion.methanol.cbc.contsub.image;model_alma_band_6_full_500it;5;0 Dimethyl ether;0.0031796502384737677
Orion.methanol.cbc.contsub.image;model_alma_band_6_full_expanded_00002_500it;1;108 ortho-Oxidaniumyl;0.5993640699523053
Orion.methanol.cbc.contsub.image;model_alma_band_6_full_expanded_00002_500it;2;32 Cyanoacetylene;0.011128775834658185
Orion.methanol.cbc.contsub.image;model_alma_band_6_full_expanded_00002_500it;3;47 Thioxoethenylidene;0.011128775834658185
Orion.methanol.cbc.contsub.image;model_alma_band_6_full_expanded_00002_500it;4;64 Cyclopropenylidene;0.011128775834658185
Orion.methanol.cbc.contsub.image;model_alma_band_6_full_expanded_00002_500it;5;75 Carbon Monophosphide;0.011128775834658185
Orion.methanol.cbc.contsub.image;model_alma_band_6_full_expanded_00010_500it;1;37 Carbon Monoxide;0.5914149443561209
Orion.methanol.cbc.contsub.image;model_alma_band_6_full_expanded_00010_500it;2;11 Cyanide Radical;0.011128775834658185
Orion.methanol.cbc.contsub.image;model_alma_band_6_full_expanded_00010_500it;3;14 Iminomethylium;0.011128775834658185
Orion.methanol.cbc.contsub.image;model_alma_band_6_full_expanded_00010_500it;4;30 Ethyne Isocyanide;0.011128775834658185
Orion.methanol.cbc.contsub.image;model_alma_band_6_full_expanded_00010_500it;5;66 Cyanobutadiynylide anion;0.011128775834658185
uid___A002_Xa916fc_X668__IRS43_HCO32.final.image.pbcor;model_alma_band_6_tr_500it;1;15 Aluminum monoxide;0.919276270006959
uid___A002_Xa916fc_X668__IRS43_HCO32.final.image.pbcor;model_alma_band_6_tr_500it;2;0 Dimethyl ether;0.0006958942240779403
uid___A002_Xa916fc_X668__IRS43_HCO32.final.image.pbcor;model_alma_band_6_tr_500it;3;1 Butatrienylidene;0.0006958942240779403
uid___A002_Xa916fc_X668__IRS43_HCO32.final.image.pbcor;model_alma_band_6_tr_500it;4;2 Trihydrogen ion;0.0006958942240779403
uid___A002_Xa916fc_X668__IRS43_HCO32.final.image.pbcor;model_alma_band_6_tr_500it;5;3 Nitrous Oxide;0.0006958942240779403
uid___A002_Xa916fc_X668__IRS43_HCO32.final.image.pbcor;model_alma_band_6_2_500it;1;3 Nitrous Oxide;0.919276270006959
uid___A002_Xa916fc_X668__IRS43_HCO32.final.image.pbcor;model_alma_band_6_2_500it;2;0 Dimethyl ether;0.0006958942240779403
uid___A002_Xa916fc_X668__IRS43_HCO32.final.image.pbcor;model_alma_band_6_2_500it;3;1 Butatrienylidene;0.0006958942240779403
uid___A002_Xa916fc_X668__IRS43_HCO32.final.image.pbcor;model_alma_band_6_2_500it;4;2 Trihydrogen ion;0.0006958942240779403
uid___A002_Xa916fc_X668__IRS43_HCO32.final.image.pbcor;model_alma_band_6_2_500it;5;4 Methyl Acetylene;0.0006958942240779403
uid___A002_Xa916fc_X668__IRS43_HCO32.final.image.pbcor;model_alma_band_6_full_500it;1;14 Iminomethylium;0.30688935281837165
uid___A002_Xa916fc_X668__IRS43_HCO32.final.image.pbcor;model_alma_band_6_full_500it;2;7 Thioformylium;0.22686151704940852
uid___A002_Xa916fc_X668__IRS43_HCO32.final.image.pbcor;model_alma_band_6_full_500it;3;3 Nitrous Oxide;0.1329157967988866
uid___A002_Xa916fc_X668__IRS43_HCO32.final.image.pbcor;model_alma_band_6_full_500it;4;109 Cyanoethynylide ion;0.09638135003479471
uid___A002_Xa916fc_X668__IRS43_HCO32.final.image.pbcor;model_alma_band_6_full_500it;5;104 Amidogen;0.08942240779401532
uid___A002_Xa916fc_X668__IRS43_HCO32.final.image.pbcor;model_alma_band_6_full_expanded_00002_500it;1;98 Phosphorous nitride;0.9105775922059848
uid___A002_Xa916fc_X668__IRS43_HCO32.final.image.pbcor;model_alma_band_6_full_expanded_00002_500it;2;5 Ethylene Glycol;0.0024356297842727907
uid___A002_Xa916fc_X668__IRS43_HCO32.final.image.pbcor;model_alma_band_6_full_expanded_00002_500it;3;20 Diazenylium;0.0024356297842727907
uid___A002_Xa916fc_X668__IRS43_HCO32.final.image.pbcor;model_alma_band_6_full_expanded_00002_500it;4;58 Methylidyne;0.0024356297842727907
uid___A002_Xa916fc_X668__IRS43_HCO32.final.image.pbcor;model_alma_band_6_full_expanded_00002_500it;5;62 Vinyl Cyanide;0.0024356297842727907
uid___A002_Xa916fc_X668__IRS43_HCO32.final.image.pbcor;model_alma_band_6_full_expanded_00010_500it;1;72 Formylium;0.9053583855254002
uid___A002_Xa916fc_X668__IRS43_HCO32.final.image.pbcor;model_alma_band_6_full_expanded_00010_500it;2;98 Phosphorous nitride;0.004175365344467641
uid___A002_Xa916fc_X668__IRS43_HCO32.final.image.pbcor;model_alma_band_6_full_expanded_00010_500it;3;64 Cyclopropenylidene;0.0024356297842727907
uid___A002_Xa916fc_X668__IRS43_HCO32.final.image.pbcor;model_alma_band_6_full_expanded_00010_500it;4;67 Formaldehyde;0.0024356297842727907
uid___A002_Xa916fc_X668__IRS43_HCO32.final.image.pbcor;model_alma_band_6_full_expanded_00010_500it;5;81 Silicon Isocyanide;0.0024356297842727907
DMTau.CS_5-4.image;model_alma_band_6_tr_500it;1;17 Nitrosyl hydride;0.7540650406504065
DMTau.CS_5-4.image;model_alma_band_6_tr_500it;2;8 para-Oxidaniumyl;0.007113821138211381
DMTau.CS_5-4.image;model_alma_band_6_tr_500it;3;64 Cyclopropenylidene;0.007113821138211381
DMTau.CS_5-4.image;model_alma_band_6_tr_500it;4;0 Dimethyl ether;0.002032520325203252
DMTau.CS_5-4.image;model_alma_band_6_tr_500it;5;1 Butatrienylidene;0.002032520325203252
DMTau.CS_5-4.image;model_alma_band_6_2_500it;1;83 Silicon Monocarbide;0.7642276422764227
DMTau.CS_5-4.image;model_alma_band_6_2_500it;2;0 Dimethyl ether;0.002032520325203252
DMTau.CS_5-4.image;model_alma_band_6_2_500it;3;1 Butatrienylidene;0.002032520325203252
DMTau.CS_5-4.image;model_alma_band_6_2_500it;4;2 Trihydrogen ion;0.002032520325203252
DMTau.CS_5-4.image;model_alma_band_6_2_500it;5;3 Nitrous Oxide;0.002032520325203252
DMTau.CS_5-4.image;model_alma_band_6_full_500it;1;104 Amidogen;0.2306910569105691
DMTau.CS_5-4.image;model_alma_band_6_full_500it;2;24 Phosphorus Monoxide;0.21036585365853658
DMTau.CS_5-4.image;model_alma_band_6_full_500it;3;109 Cyanoethynylide ion;0.15955284552845528
DMTau.CS_5-4.image;model_alma_band_6_full_500it;4;3 Nitrous Oxide;0.12398373983739835
DMTau.CS_5-4.image;model_alma_band_6_full_500it;5;100 Potassium chloride;0.03760162601626016
DMTau.CS_5-4.image;model_alma_band_6_full_expanded_00002_500it;1;58 Methylidyne;0.7235772357723577
DMTau.CS_5-4.image;model_alma_band_6_full_expanded_00002_500it;2;36 Silicon Mononitride;0.012195121951219511
DMTau.CS_5-4.image;model_alma_band_6_full_expanded_00002_500it;3;68 Carbon Monosulfide;0.012195121951219511
DMTau.CS_5-4.image;model_alma_band_6_full_expanded_00002_500it;4;7 Thioformylium;0.007113821138211381
DMTau.CS_5-4.image;model_alma_band_6_full_expanded_00002_500it;5;52 Ketenimine;0.007113821138211381
DMTau.CS_5-4.image;model_alma_band_6_full_expanded_00010_500it;1;47 Thioxoethenylidene;0.7388211382113821
DMTau.CS_5-4.image;model_alma_band_6_full_expanded_00010_500it;2;23 Silicon monosulfide;0.007113821138211381
DMTau.CS_5-4.image;model_alma_band_6_full_expanded_00010_500it;3;30 Ethyne Isocyanide;0.007113821138211381
DMTau.CS_5-4.image;model_alma_band_6_full_expanded_00010_500it;4;48 Ethyl cyanide;0.007113821138211381
DMTau.CS_5-4.image;model_alma_band_6_full_expanded_00010_500it;5;82 Methylene amidogen;0.007113821138211381
TWHydra_CO3_2line.image;model_alma_band_6_tr_500it;1;81 Silicon Isocyanide;0.7196885428253615
TWHydra_CO3_2line.image;model_alma_band_6_tr_500it;2;19 Magnesium Cyanide;0.007786429365962179
TWHydra_CO3_2line.image;model_alma_band_6_tr_500it;3;27 Sodium Cyanide;0.007786429365962179
TWHydra_CO3_2line.image;model_alma_band_6_tr_500it;4;58 Methylidyne;0.007786429365962179
TWHydra_CO3_2line.image;model_alma_band_6_tr_500it;5;107 Vinyl Alcohol;0.007786429365962179
TWHydra_CO3_2line.image;model_alma_band_6_2_500it;1;104 Amidogen;0.7419354838709677
TWHydra_CO3_2line.image;model_alma_band_6_2_500it;2;0 Dimethyl ether;0.002224694104560623
TWHydra_CO3_2line.image;model_alma_band_6_2_500it;3;1 Butatrienylidene;0.002224694104560623
TWHydra_CO3_2line.image;model_alma_band_6_2_500it;4;2 Trihydrogen ion;0.002224694104560623
TWHydra_CO3_2line.image;model_alma_band_6_2_500it;5;3 Nitrous Oxide;0.002224694104560623
TWHydra_CO3_2line.image;model_alma_band_6_full_500it;1;91 Hydrogen Isocyanide;0.7419354838709677
TWHydra_CO3_2line.image;model_alma_band_6_full_500it;2;0 Dimethyl ether;0.002224694104560623
TWHydra_CO3_2line.image;model_alma_band_6_full_500it;3;1 Butatrienylidene;0.002224694104560623
TWHydra_CO3_2line.image;model_alma_band_6_full_500it;4;2 Trihydrogen ion;0.002224694104560623
TWHydra_CO3_2line.image;model_alma_band_6_full_500it;5;3 Nitrous Oxide;0.002224694104560623
TWHydra_CO3_2line.image;model_alma_band_6_full_expanded_00002_500it;1;60 Silicon Monoxide;0.7419354838709677
TWHydra_CO3_2line.image;model_alma_band_6_full_expanded_00002_500it;2;0 Dimethyl ether;0.002224694104560623
TWHydra_CO3_2line.image;model_alma_band_6_full_expanded_00002_500it;3;1 Butatrienylidene;0.002224694104560623
TWHydra_CO3_2line.image;model_alma_band_6_full_expanded_00002_500it;4;2 Trihydrogen ion;0.002224694104560623
TWHydra_CO3_2line.image;model_alma_band_6_full_expanded_00002_500it;5;3 Nitrous Oxide;0.002224694104560623
TWHydra_CO3_2line.image;model_alma_band_6_full_expanded_00010_500it;1;93 Hydroxyl;0.7419354838709677
TWHydra_CO3_2line.image;model_alma_band_6_full_expanded_00010_500it;2;0 Dimethyl ether;0.002224694104560623
TWHydra_CO3_2line.image;model_alma_band_6_full_expanded_00010_500it;3;1 Butatrienylidene;0.002224694104560623
TWHydra_CO3_2line.image;model_alma_band_6_full_expanded_00010_500it;4;2 Trihydrogen ion;0.002224694104560623
TWHydra_CO3_2line.image;model_alma_band_6_full_expanded_00010_500it;5;3 Nitrous Oxide;0.002224694104560623
TWHydra_HCOplusline.image;model_alma_band_6_tr_500it;1;19 Magnesium Cyanide;0.7262443438914027
TWHydra_HCOplusline.image;model_alma_band_6_tr_500it;2;27 Sodium Cyanide;0.007918552036199095
TWHydra_HCOplusline.image;model_alma_band_6_tr_500it;3;81 Silicon Isocyanide;0.007918552036199095
TWHydra_HCOplusline.image;model_alma_band_6_tr_500it;4;0 Dimethyl ether;0.002262443438914027
TWHydra_HCOplusline.image;model_alma_band_6_tr_500it;5;1 Butatrienylidene;0.002262443438914027
TWHydra_HCOplusline.image;model_alma_band_6_2_500it;1;93 Hydroxyl;0.7375565610859728
TWHydra_HCOplusline.image;model_alma_band_6_2_500it;2;0 Dimethyl ether;0.002262443438914027
TWHydra_HCOplusline.image;model_alma_band_6_2_500it;3;1 Butatrienylidene;0.002262443438914027
TWHydra_HCOplusline.image;model_alma_band_6_2_500it;4;2 Trihydrogen ion;0.002262443438914027
TWHydra_HCOplusline.image;model_alma_band_6_2_500it;5;3 Nitrous Oxide;0.002262443438914027
TWHydra_HCOplusline.image;model_alma_band_6_full_500it;1;105 Hydroxymethylidyne;0.7375565610859728
TWHydra_HCOplusline.image;model_alma_band_6_full_500it;2;0 Dimethyl ether;0.002262443438914027
TWHydra_HCOplusline.image;model_alma_band_6_full_500it;3;1 Butatrienylidene;0.002262443438914027
TWHydra_HCOplusline.image;model_alma_band_6_full_500it;4;2 Trihydrogen ion;0.002262443438914027
TWHydra_HCOplusline.image;model_alma_band_6_full_500it;5;3 Nitrous Oxide;0.002262443438914027
TWHydra_HCOplusline.image;model_alma_band_6_full_expanded_00002_500it;1;108 ortho-Oxidaniumyl;0.7375565610859728
TWHydra_HCOplusline.image;model_alma_band_6_full_expanded_00002_500it;2;0 Dimethyl ether;0.002262443438914027
TWHydra_HCOplusline.image;model_alma_band_6_full_expanded_00002_500it;3;1 Butatrienylidene;0.002262443438914027
TWHydra_HCOplusline.image;model_alma_band_6_full_expanded_00002_500it;4;2 Trihydrogen ion;0.002262443438914027
TWHydra_HCOplusline.image;model_alma_band_6_full_expanded_00002_500it;5;3 Nitrous Oxide;0.002262443438914027
TWHydra_HCOplusline.image;model_alma_band_6_full_expanded_00010_500it;1;76 Sulfur Monoxide ion;0.7375565610859728
TWHydra_HCOplusline.image;model_alma_band_6_full_expanded_00010_500it;2;0 Dimethyl ether;0.002262443438914027
TWHydra_HCOplusline.image;model_alma_band_6_full_expanded_00010_500it;3;1 Butatrienylidene;0.002262443438914027
TWHydra_HCOplusline.image;model_alma_band_6_full_expanded_00010_500it;4;2 Trihydrogen ion;0.002262443438914027
TWHydra_HCOplusline.image;model_alma_band_6_full_expanded_00010_500it;5;3 Nitrous Oxide;0.002262443438914027
Orion.HNC.cbc.contsub.image;model_alma_band_6_tr_500it;1;22 Chloronium;0.8038125496425734
Orion.HNC.cbc.contsub.image;model_alma_band_6_tr_500it;2;73 Ethylene Oxide;0.009531374106433677
Orion.HNC.cbc.contsub.image;model_alma_band_6_tr_500it;3;108 ortho-Oxidaniumyl;0.005559968228752978
Orion.HNC.cbc.contsub.image;model_alma_band_6_tr_500it;4;0 Dimethyl ether;0.0015885623510722795
Orion.HNC.cbc.contsub.image;model_alma_band_6_tr_500it;5;1 Butatrienylidene;0.0015885623510722795
Orion.HNC.cbc.contsub.image;model_alma_band_6_2_500it;1;84 Phosphaethyne;0.4106433677521843
Orion.HNC.cbc.contsub.image;model_alma_band_6_2_500it;2;56 Hydrogen cyanide;0.40270055599682286
Orion.HNC.cbc.contsub.image;model_alma_band_6_2_500it;3;51 Acetaldehyde;0.005559968228752978
Orion.HNC.cbc.contsub.image;model_alma_band_6_2_500it;4;0 Dimethyl ether;0.0015885623510722795
Orion.HNC.cbc.contsub.image;model_alma_band_6_2_500it;5;1 Butatrienylidene;0.0015885623510722795
Orion.HNC.cbc.contsub.image;model_alma_band_6_full_500it;1;7 Thioformylium;0.3987291501191422
Orion.HNC.cbc.contsub.image;model_alma_band_6_full_500it;2;91 Hydrogen Isocyanide;0.15250198570293882
Orion.HNC.cbc.contsub.image;model_alma_band_6_full_500it;3;75 Carbon Monophosphide;0.13264495631453532
Orion.HNC.cbc.contsub.image;model_alma_band_6_full_500it;4;98 Phosphorous nitride;0.06910246227164416
Orion.HNC.cbc.contsub.image;model_alma_band_6_full_500it;5;40 Aluminum Monofluoride;0.03335980937251787
Orion.HNC.cbc.contsub.image;model_alma_band_6_full_expanded_00002_500it;1;43 Ammonia;0.795869737887212
Orion.HNC.cbc.contsub.image;model_alma_band_6_full_expanded_00002_500it;2;38 Propadienylidene;0.005559968228752978
Orion.HNC.cbc.contsub.image;model_alma_band_6_full_expanded_00002_500it;3;51 Acetaldehyde;0.005559968228752978
Orion.HNC.cbc.contsub.image;model_alma_band_6_full_expanded_00002_500it;4;90 Cyanomethyl;0.005559968228752978
Orion.HNC.cbc.contsub.image;model_alma_band_6_full_expanded_00002_500it;5;101 Silicon tetracarbide;0.005559968228752978
Orion.HNC.cbc.contsub.image;model_alma_band_6_full_expanded_00010_500it;1;108 ortho-Oxidaniumyl;0.7839555202541699
Orion.HNC.cbc.contsub.image;model_alma_band_6_full_expanded_00010_500it;2;65 Magnesium Isocyanide;0.009531374106433677
Orion.HNC.cbc.contsub.image;model_alma_band_6_full_expanded_00010_500it;3;4 Methyl Acetylene;0.005559968228752978
Orion.HNC.cbc.contsub.image;model_alma_band_6_full_expanded_00010_500it;4;13 Nitric sulfide;0.005559968228752978
Orion.HNC.cbc.contsub.image;model_alma_band_6_full_expanded_00010_500it;5;30 Ethyne Isocyanide;0.005559968228752978
