1;14 Iminomethylium;0.30688935281837165
2;7 Thioformylium;0.22686151704940852
3;3 Nitrous Oxide;0.1329157967988866
4;109 Cyanoethynylide ion;0.09638135003479471
5;104 Amidogen;0.08942240779401532
6;93 Hydroxyl;0.0685455810716771
7;105 Hydroxymethylidyne;0.0024356297842727907
8;0 Dimethyl ether;0.0006958942240779403
9;1 Butatrienylidene;0.0006958942240779403
10;2 Trihydrogen ion;0.0006958942240779403
11;4 Methyl Acetylene;0.0006958942240779403
12;5 Ethylene Glycol;0.0006958942240779403
13;6 Methyl Cyanide;0.0006958942240779403
14;8 para-Oxidaniumyl;0.0006958942240779403
15;9 Hydrogen Cyanide;0.0006958942240779403
16;10 Titanium monoxide;0.0006958942240779403
17;11 Cyanide Radical;0.0006958942240779403
18;12 Formic Acid;0.0006958942240779403
19;13 Nitric sulfide;0.0006958942240779403
20;15 Aluminum monoxide;0.0006958942240779403
21;16 Methyl isocyanate;0.0006958942240779403
22;17 Nitrosyl hydride;0.0006958942240779403
23;18 Propynylidynium;0.0006958942240779403
24;19 Magnesium Cyanide;0.0006958942240779403
25;20 Diazenylium;0.0006958942240779403
26;21 Methylamine;0.0006958942240779403
27;22 Chloronium;0.0006958942240779403
28;23 Silicon monosulfide;0.0006958942240779403
29;24 Phosphorus Monoxide;0.0006958942240779403
30;25 Cyclopropenone;0.0006958942240779403
31;26 Carbon Monoxide Ion;0.0006958942240779403
32;27 Sodium Cyanide;0.0006958942240779403
33;28 Nitric oxide;0.0006958942240779403
34;29 Silicon Cyanide;0.0006958942240779403
35;30 Ethyne Isocyanide;0.0006958942240779403
36;31 Sodium Chloride;0.0006958942240779403
37;32 Cyanoacetylene;0.0006958942240779403
38;33 Sulfur Monoxide;0.0006958942240779403
39;34 Aluminum Isocyanitrile;0.0006958942240779403
40;35 Cyanobutadiyne;0.0006958942240779403
41;36 Silicon Mononitride;0.0006958942240779403
42;37 Carbon Monoxide;0.0006958942240779403
43;38 Propadienylidene;0.0006958942240779403
44;39 Methanimine;0.0006958942240779403
45;40 Aluminum Monofluoride;0.0006958942240779403
46;41 Formamide;0.0006958942240779403
47;42 Aminoacetonitrile;0.0006958942240779403
48;43 Ammonia;0.0006958942240779403
49;44 gauche-Ethanol;0.0006958942240779403
50;45 Protonate 2-proynenitrile;0.0006958942240779403
51;46 Carbonyl Sulfide;0.0006958942240779403
52;47 Thioxoethenylidene;0.0006958942240779403
53;48 Ethyl cyanide;0.0006958942240779403
54;49 Water;0.0006958942240779403
55;50 Methyl Formate;0.0006958942240779403
56;51 Acetaldehyde;0.0006958942240779403
57;52 Ketenimine;0.0006958942240779403
58;53 Propenal;0.0006958942240779403
59;54 Methyl isocyanide;0.0006958942240779403
60;55 iso-propyl cyanide;0.0006958942240779403
61;56 Hydrogen cyanide;0.0006958942240779403
62;57 Protonated Carbon Dioxide;0.0006958942240779403
63;58 Methylidyne;0.0006958942240779403
64;59 Ketene;0.0006958942240779403
65;60 Silicon Monoxide;0.0006958942240779403
66;61 Acetone;0.0006958942240779403
67;62 Vinyl Cyanide;0.0006958942240779403
68;63 Silicon monoxide (global fit);0.0006958942240779403
69;64 Cyclopropenylidene;0.0006958942240779403
70;65 Magnesium Isocyanide;0.0006958942240779403
71;66 Cyanobutadiynylide anion;0.0006958942240779403
72;67 Formaldehyde;0.0006958942240779403
73;68 Carbon Monosulfide;0.0006958942240779403
74;69 Fulminic acid;0.0006958942240779403
75;70 trans-Ethanol;0.0006958942240779403
76;71 Silicon Carbide;0.0006958942240779403
77;72 Formylium;0.0006958942240779403
78;73 Ethylene Oxide;0.0006958942240779403
79;74 Sulfur dioxide;0.0006958942240779403
80;75 Carbon Monophosphide;0.0006958942240779403
81;76 Sulfur Monoxide ion;0.0006958942240779403
82;77 Methanol;0.0006958942240779403
83;78 Sulfur Dioxide;0.0006958942240779403
84;79 Cyanoformaldehyde;0.0006958942240779403
85;80 Isocyanic Acid;0.0006958942240779403
86;81 Silicon Isocyanide;0.0006958942240779403
87;82 Methylene amidogen;0.0006958942240779403
88;83 Silicon Monocarbide;0.0006958942240779403
89;84 Phosphaethyne;0.0006958942240779403
90;85 Aluminum Monochloride;0.0006958942240779403
91;86 Cyanoallene;0.0006958942240779403
92;87 Methyl diacetylene;0.0006958942240779403
93;88 Cyanomethylene;0.0006958942240779403
94;89 Phosphapropynylidyne;0.0006958942240779403
95;90 Cyanomethyl;0.0006958942240779403
96;91 Hydrogen Isocyanide;0.0006958942240779403
97;92 Hydrogen sulfide;0.0006958942240779403
98;94 Glycolaldehyde;0.0006958942240779403
99;95 Cyanide anion;0.0006958942240779403
100;96 2-Propynal;0.0006958942240779403
101;97 Ethynyl;0.0006958942240779403
102;98 Phosphorous nitride;0.0006958942240779403
103;99 Magnesium hydride isocyanide;0.0006958942240779403
104;100 Potassium chloride;0.0006958942240779403
105;101 Silicon tetracarbide;0.0006958942240779403
106;102 Ethyl Cyanide;0.0006958942240779403
107;103 Cyanamide;0.0006958942240779403
108;106 Formyl Radical;0.0006958942240779403
109;107 Vinyl Alcohol;0.0006958942240779403
110;108 ortho-Oxidaniumyl;0.0006958942240779403
111;110 Oxoethenylidene;0.0006958942240779403
112;111 2-Butynenitrile;0.0006958942240779403
113;112 Cyanoethynyl;0.0006958942240779403
114;113 Hydroxymethylium ion;0.0006958942240779403
115;114 Thioformaldehyde;0.0006958942240779403
116;115 Isothiocyanic acid;0.0006958942240779403
117;116 Cyanic acid;0.0006958942240779403
