¡MATCH! Model[model_alma_band_6_full_500it] FITS[../../FITS/DMTau.CS_5-4.image.fits]: 0.18023255813953487
¡MATCH! Model[model_alma_band_6_full_500it] FITS[../../FITS/HD163296_CO_2_1.image.fits]: 0.09519136408243374
¡MATCH! Model[model_alma_band_6_full_500it] FITS[../../FITS/uid___A002_Xa916fc_X668__IRS43_HCO32.final.image.pbcor.fits]: 0.0425625274243089
¡MATCH! Model[model_alma_band_6_full_expanded_00002_500it] FITS[../../FITS/DMTau.CS_5-4.image.fits]: 0.3110465116279069
¡MATCH! Model[model_alma_band_6_full_expanded_00010_500it] FITS[../../FITS/DMTau.CS_5-4.image.fits]: 0.3255813953488371
¡MATCH! Model[model_hot_cores_tr_500it] FITS[../../FITS/TWHydra_HCOplusline.image.fits]: 0.5009708737864078
¡MATCH! Model[model_hot_cores_full_expanded_00002_500it] FITS[../../FITS/TWHydra_CO3_2line.image.fits]: 0.5008695652173913
¡MATCH! Model[model_hot_cores_full_expanded_00002_500it] FITS[../../FITS/TWHydra_HCOplusline.image.fits]: 0.4330097087378641
¡MATCH! Model[model_hot_cores_full_expanded_00010_500it] FITS[../../FITS/DMTau.CS_5-4.image.fits]: 0.2958904109589041
¡MATCH! Model[model_hot_cores_full_expanded_00010_500it] FITS[../../FITS/TWHydra_CO3_2line.image.fits]: 0.5008695652173913
¡MATCH! Model[model_hot_cores_full_expanded_00010_500it] FITS[../../FITS/TWHydra_HCOplusline.image.fits]: 0.39417475728155343
¡MATCH! Model[model_dark_clouds_full_expanded_00002_500it] FITS[../../FITS/DMTau.CS_5-4.image.fits]: 0.28167115902964956
¡MATCH! Model[model_dark_clouds_full_expanded_00010_500it] FITS[../../FITS/DMTau.CS_5-4.image.fits]: 0.29514824797843664
¡MATCH! Model[model_dark_clouds_full_expanded_00010_500it] FITS[../../FITS/TWHydra_CO3_2line.image.fits]: 0.5499139414802066
¡MATCH! Model[model_dark_clouds_full_expanded_00010_500it] FITS[../../FITS/TWHydra_HCOplusline.image.fits]: 0.5076775431861804
¡MATCH! Model[model_diffuse_clouds_tr_500it] FITS[../../FITS/DMTau.CS_5-4.image.fits]: 0.056629834254143634
¡MATCH! Model[model_diffuse_clouds_full_500it] FITS[../../FITS/Orion.HNC.cbc.contsub.image.fits]: 0.010285335102853352
¡MATCH! Model[model_diffuse_clouds_full_expanded_00002_500it] FITS[../../FITS/DMTau.CS_5-4.image.fits]: 0.3328729281767956
¡MATCH! Model[model_diffuse_clouds_full_expanded_00002_500it] FITS[../../FITS/HD163296_CO_2_1.image.fits]: 0.014946962391513982
¡MATCH! Model[model_diffuse_clouds_full_expanded_00002_500it] FITS[../../FITS/TWHydra_CO3_2line.image.fits]: 0.5515734265734266
¡MATCH! Model[model_diffuse_clouds_full_expanded_00002_500it] FITS[../../FITS/TWHydra_HCOplusline.image.fits]: 0.5087890625
¡MATCH! Model[model_diffuse_clouds_full_expanded_00010_500it] FITS[../../FITS/DMTau.CS_5-4.image.fits]: 0.3328729281767956
¡MATCH! Model[model_diffuse_clouds_full_expanded_00010_500it] FITS[../../FITS/HD163296_CO_2_1.image.fits]: 0.014946962391513982
¡MATCH! Model[model_diffuse_clouds_full_expanded_00010_500it] FITS[../../FITS/TWHydra_CO3_2line.image.fits]: 0.5777972027972027
¡MATCH! Model[model_diffuse_clouds_full_expanded_00010_500it] FITS[../../FITS/TWHydra_HCOplusline.image.fits]: 0.5185546875
¡MATCH! Model[model_comets_tr_500it] FITS[../../FITS/HD163296_CO_2_1.image.fits]: 0.008173076923076924
¡MATCH! Model[model_comets_tr_500it] FITS[../../FITS/Orion.HNC.cbc.contsub.image.fits]: 0.8367549668874171
¡MATCH! Model[model_comets_tr_500it] FITS[../../FITS/TWHydra_CO3_2line.image.fits]: 0.014782608695652174
¡MATCH! Model[model_comets_full_500it] FITS[../../FITS/Orion.HNC.cbc.contsub.image.fits]: 0.24072847682119206
¡MATCH! Model[model_comets_full_500it] FITS[../../FITS/TWHydra_CO3_2line.image.fits]: 0.1191304347826087
¡MATCH! Model[model_comets_full_500it] FITS[../../FITS/TWHydra_HCOplusline.image.fits]: 0.03592233009708738
¡MATCH! Model[model_comets_full_expanded_00002_500it] FITS[../../FITS/TWHydra_HCOplusline.image.fits]: 0.521359223300971
¡MATCH! Model[model_comets_full_expanded_00010_500it] FITS[../../FITS/HD163296_CO_2_1.image.fits]: 0.7629807692307692
¡MATCH! Model[model_comets_full_expanded_00010_500it] FITS[../../FITS/uid___A002_Xa916fc_X668__IRS43_HCO32.final.image.pbcor.fits]: 0.8884782608695652
¡MATCH! Model[model_comets_full_expanded_00010_500it] FITS[../../FITS/TWHydra_CO3_2line.image.fits]: 0.5539130434782609
¡MATCH! Model[model_comets_full_expanded_00010_500it] FITS[../../FITS/TWHydra_HCOplusline.image.fits]: 0.521359223300971
¡MATCH! Model[model_extragalactic_2_500it] FITS[../../FITS/Orion.HNC.cbc.contsub.image.fits]: 0.047777040477770406
¡MATCH! Model[model_extragalactic_2_500it] FITS[../../FITS/TWHydra_HCOplusline.image.fits]: 0.521484375
¡MATCH! Model[model_extragalactic_full_expanded_00002_500it] FITS[../../FITS/DMTau.CS_5-4.image.fits]: 0.3232044198895027
¡MATCH! Model[model_extragalactic_full_expanded_00002_500it] FITS[../../FITS/uid___A002_Xa916fc_X668__IRS43_HCO32.final.image.pbcor.fits]: 0.8933391380060949
¡MATCH! Model[model_extragalactic_full_expanded_00002_500it] FITS[../../FITS/TWHydra_CO3_2line.image.fits]: 0.5629370629370629
¡MATCH! Model[model_extragalactic_full_expanded_00002_500it] FITS[../../FITS/TWHydra_HCOplusline.image.fits]: 0.51171875
¡MATCH! Model[model_extragalactic_full_expanded_00010_500it] FITS[../../FITS/DMTau.CS_5-4.image.fits]: 0.3093922651933701
¡MATCH! Model[model_extragalactic_full_expanded_00010_500it] FITS[../../FITS/Orion.HNC.cbc.contsub.image.fits]: 0.8374253483742535
¡MATCH! Model[model_extragalactic_full_expanded_00010_500it] FITS[../../FITS/uid___A002_Xa916fc_X668__IRS43_HCO32.final.image.pbcor.fits]: 0.8933391380060949
¡MATCH! Model[model_extragalactic_full_expanded_00010_500it] FITS[../../FITS/TWHydra_CO3_2line.image.fits]: 0.5629370629370629
¡MATCH! Model[model_extragalactic_full_expanded_00010_500it] FITS[../../FITS/TWHydra_HCOplusline.image.fits]: 0.033203125
¡MATCH! Model[model_planetary_tr_500it] FITS[../../FITS/uid___A002_Xa916fc_X668__IRS43_HCO32.final.image.pbcor.fits]: 0.005417118093174431
¡MATCH! Model[model_planetary_tr_500it] FITS[../../FITS/Orion.methanol.cbc.contsub.image.fits]: 0.01597444089456869
¡MATCH! Model[model_planetary_tr_500it] FITS[../../FITS/TWHydra_HCOplusline.image.fits]: 0.023923444976076555
¡MATCH! Model[model_planetary_2_500it] FITS[../../FITS/uid___A002_Xa916fc_X668__IRS43_HCO32.final.image.pbcor.fits]: 0.007583965330444204
¡MATCH! Model[model_planetary_2_500it] FITS[../../FITS/Orion.methanol.cbc.contsub.image.fits]: 0.01597444089456869
¡MATCH! Model[model_planetary_2_500it] FITS[../../FITS/TWHydra_HCOplusline.image.fits]: 0.023923444976076555
¡MATCH! Model[model_planetary_full_500it] FITS[../../FITS/uid___A002_Xa916fc_X668__IRS43_HCO32.final.image.pbcor.fits]: 0.005417118093174431
¡MATCH! Model[model_planetary_full_500it] FITS[../../FITS/Orion.methanol.cbc.contsub.image.fits]: 0.01597444089456869
¡MATCH! Model[model_planetary_full_500it] FITS[../../FITS/TWHydra_HCOplusline.image.fits]: 0.023923444976076555
¡MATCH! Model[model_planetary_full_expanded_00002_500it] FITS[../../FITS/uid___A002_Xa916fc_X668__IRS43_HCO32.final.image.pbcor.fits]: 0.0054466230936819175
¡MATCH! Model[model_planetary_full_expanded_00002_500it] FITS[../../FITS/Orion.methanol.cbc.contsub.image.fits]: 0.016233766233766232
¡MATCH! Model[model_planetary_full_expanded_00002_500it] FITS[../../FITS/TWHydra_HCOplusline.image.fits]: 0.5343137254901961
¡MATCH! Model[model_planetary_full_expanded_00010_500it] FITS[../../FITS/uid___A002_Xa916fc_X668__IRS43_HCO32.final.image.pbcor.fits]: 0.007625272331154684
¡MATCH! Model[model_planetary_full_expanded_00010_500it] FITS[../../FITS/Orion.methanol.cbc.contsub.image.fits]: 0.016233766233766232
¡MATCH! Model[model_planetary_full_expanded_00010_500it] FITS[../../FITS/TWHydra_CO3_2line.image.fits]: 0.5833333333333334
¡MATCH! Model[model_planetary_full_expanded_00010_500it] FITS[../../FITS/TWHydra_HCOplusline.image.fits]: 0.5343137254901961
