1;77 Carbon Monosulfide;0.13583815028901733
2;6 Ethylene Glycol;0.020231213872832367
3;11 Hydrogen Cyanide;0.020231213872832367
4;91 Sulfur Dioxide;0.020231213872832367
5;94 Silicon Isocyanide;0.020231213872832367
6;110 2-Propynal;0.020231213872832367
7;119 Hydroxymethylidyne;0.020231213872832367
8;121 Vinyl Alcohol;0.020231213872832367
9;0 Dimethyl ether;0.005780346820809248
10;1 Butatrienylidene;0.005780346820809248
11;2 Trihydrogen ion;0.005780346820809248
12;3 Nitrous Oxide;0.005780346820809248
13;4 Methyl Acetylene;0.005780346820809248
14;5 2,4,6-Heptatriynenitrile;0.005780346820809248
15;7 2,4-Pentadiynylidyne;0.005780346820809248
16;8 Methyl Cyanide;0.005780346820809248
17;9 Thioformylium;0.005780346820809248
18;10 para-Oxidaniumyl;0.005780346820809248
19;12 Titanium monoxide;0.005780346820809248
20;13 Cyanide Radical;0.005780346820809248
21;14 Formic Acid;0.005780346820809248
22;15 Nitric sulfide;0.005780346820809248
23;16 Iminomethylium;0.005780346820809248
24;17 Aluminum monoxide;0.005780346820809248
25;18 Methyl isocyanate;0.005780346820809248
26;19 Nitrosyl hydride;0.005780346820809248
27;20 Propynylidynium;0.005780346820809248
28;21 Magnesium Cyanide;0.005780346820809248
29;22 1,3-Butadiynyl anion;0.005780346820809248
30;23 Diazenylium;0.005780346820809248
31;24 Methylamine;0.005780346820809248
32;25 Chloronium;0.005780346820809248
33;26 Silicon monosulfide;0.005780346820809248
34;27 Phosphorus Monoxide;0.005780346820809248
35;28 Cyclopropenone;0.005780346820809248
36;29 Carbon Monoxide Ion;0.005780346820809248
37;30 Sodium Cyanide;0.005780346820809248
38;31 Nitric oxide;0.005780346820809248
39;32 3-Thioxo-1,2-Propadieylidene;0.005780346820809248
40;33 Silicon Cyanide;0.005780346820809248
41;34 Ethyne Isocyanide;0.005780346820809248
42;35 Sodium Chloride;0.005780346820809248
43;36 Cyanoacetylene;0.005780346820809248
44;37 Sulfur Monoxide;0.005780346820809248
45;38 Aluminum Isocyanitrile;0.005780346820809248
46;39 Cyanobutadiyne;0.005780346820809248
47;40 Potassium cyanide, potassium isocyanide;0.005780346820809248
48;41 Silicon Mononitride;0.005780346820809248
49;42 Carbon Monoxide;0.005780346820809248
50;43 Propadienylidene;0.005780346820809248
51;44 Methanimine;0.005780346820809248
52;45 Aluminum Monofluoride;0.005780346820809248
53;46 Formamide;0.005780346820809248
54;47 1,3,5,7-Octatetraynyl anion;0.005780346820809248
55;48 Aminoacetonitrile;0.005780346820809248
56;49 Ammonia;0.005780346820809248
57;50 gauche-Ethanol;0.005780346820809248
58;51 Protonate 2-proynenitrile;0.005780346820809248
59;52 Carbonyl Sulfide;0.005780346820809248
60;53 Thioxoethenylidene;0.005780346820809248
61;54 Ethyl cyanide;0.005780346820809248
62;55 Water;0.005780346820809248
63;56 Methyl Formate;0.005780346820809248
64;57 Acetaldehyde;0.005780346820809248
65;58 Ketenimine;0.005780346820809248
66;59 Propenal;0.005780346820809248
67;60 Methyl isocyanide;0.005780346820809248
68;61 iso-propyl cyanide;0.005780346820809248
69;62 Hydrogen cyanide;0.005780346820809248
70;63 Protonated Carbon Dioxide;0.005780346820809248
71;64 Methylidyne;0.005780346820809248
72;65 Ketene;0.005780346820809248
73;66 4-Cyano-1,3-Butadiynyl;0.005780346820809248
74;67 Silicon Monoxide;0.005780346820809248
75;68 Acetone;0.005780346820809248
76;69 Vinyl Cyanide;0.005780346820809248
77;70 3-Imino-1,2 Propadienylidene;0.005780346820809248
78;71 Silicon monoxide (global fit);0.005780346820809248
79;72 Cyclopropenylidene;0.005780346820809248
80;73 Magnesium Isocyanide;0.005780346820809248
81;74 2,4,6-Heptatriynylidyne;0.005780346820809248
82;75 Cyanobutadiynylide anion;0.005780346820809248
83;76 Formaldehyde;0.005780346820809248
84;78 Fulminic acid;0.005780346820809248
85;79 1,3,5-Hexatriynyl;0.005780346820809248
86;80 3-Silanetetrayl-1,2-Propadienylidene;0.005780346820809248
87;81 1,3-Butadiynyl radical;0.005780346820809248
88;82 trans-Ethanol;0.005780346820809248
89;83 Silicon Carbide;0.005780346820809248
90;84 1,3,5-Hexatriynyl anion;0.005780346820809248
91;85 Formylium;0.005780346820809248
92;86 Ethylene Oxide;0.005780346820809248
93;87 Sulfur dioxide;0.005780346820809248
94;88 Carbon Monophosphide;0.005780346820809248
95;89 Sulfur Monoxide ion;0.005780346820809248
96;90 Methanol;0.005780346820809248
97;92 Cyanoformaldehyde;0.005780346820809248
98;93 Isocyanic Acid;0.005780346820809248
99;95 Methylene amidogen;0.005780346820809248
100;96 Silicon Monocarbide;0.005780346820809248
101;97 Phosphaethyne;0.005780346820809248
102;98 Aluminum Monochloride;0.005780346820809248
103;99 Cyanoallene;0.005780346820809248
104;100 3-Oxo-1,2-Propadienylidene;0.005780346820809248
105;101 Methyl diacetylene;0.005780346820809248
106;102 Cyanomethylene;0.005780346820809248
107;103 Phosphapropynylidyne;0.005780346820809248
108;104 Cyanomethyl;0.005780346820809248
109;105 Hydrogen Isocyanide;0.005780346820809248
110;106 Hydrogen sulfide;0.005780346820809248
111;107 Hydroxyl;0.005780346820809248
112;108 Glycolaldehyde;0.005780346820809248
113;109 Cyanide anion;0.005780346820809248
114;111 Ethynyl;0.005780346820809248
115;112 Phosphorous nitride;0.005780346820809248
116;113 Magnesium hydride isocyanide;0.005780346820809248
117;114 Potassium chloride;0.005780346820809248
118;115 Silicon tetracarbide;0.005780346820809248
119;116 Ethyl Cyanide;0.005780346820809248
120;117 Cyanamide;0.005780346820809248
121;118 Amidogen;0.005780346820809248
122;120 Formyl Radical;0.005780346820809248
123;122 ortho-Oxidaniumyl;0.005780346820809248
124;123 Cyanoethynylide ion;0.005780346820809248
125;124 Oxoethenylidene;0.005780346820809248
126;125 2-Butynenitrile;0.005780346820809248
127;126 Cyanoethynyl;0.005780346820809248
128;127 3-Cyano-1,2-propadienylidene;0.005780346820809248
129;128 Hydroxymethylium ion;0.005780346820809248
130;129 Thioformaldehyde;0.005780346820809248
131;130 Isothiocyanic acid;0.005780346820809248
132;131 Methyl formate, v<sub>t</sub> = 0, 1;0.005780346820809248
133;132 Cyanic acid;0.005780346820809248
