1;29 Hydrogen Cyanide;0.8419721871049305
2;34 Formylium;0.007585335018963338
3;0 Methylidyne;0.004424778761061947
4;1 1,3-Butadiynyl radical;0.004424778761061947
5;2 Formaldehyde;0.004424778761061947
6;3 Sulfur dioxide;0.004424778761061947
7;4 Carbon Monoxide;0.004424778761061947
8;5 Water;0.004424778761061947
9;6 Carbon Monoxide Ion;0.004424778761061947
10;7 Nitric sulfide;0.004424778761061947
11;8 Isocyanic Acid;0.004424778761061947
12;9 Methyliumylidene;0.004424778761061947
13;10 Cyanide Radical;0.004424778761061947
14;11 Ethynyl;0.004424778761061947
15;12 Carbonyl Sulfide;0.004424778761061947
16;13 Hydroxyl;0.004424778761061947
17;14 Diazenylium;0.004424778761061947
18;15 Thioxoethenylidene;0.004424778761061947
19;16 Nitric oxide;0.004424778761061947
20;17 Methyl Cyanide;0.004424778761061947
21;18 Cyclopropenylidene;0.004424778761061947
22;19 Methanimine;0.004424778761061947
23;20 Methanol;0.004424778761061947
24;21 Thioformaldehyde;0.004424778761061947
25;22 Ammonia;0.004424778761061947
26;23 Cyanamide;0.004424778761061947
27;24 Cyanoacetylene;0.004424778761061947
28;25 Sodium Chloride;0.004424778761061947
29;26 Silicon Monoxide;0.004424778761061947
30;27 Sulfur Monoxide;0.004424778761061947
31;28 Protonated Carbon Dioxide;0.004424778761061947
32;30 Carbon Monosulfide;0.004424778761061947
33;31 Hydrogen sulfide;0.004424778761061947
34;32 Molecular oxygen;0.004424778761061947
35;33 Hydrogen Isocyanide;0.004424778761061947
36;35 Methyl Acetylene;0.004424778761061947
