1;5 Methyliumylidene;0.847412254610351
2;0 Ketene;0.002676977989292088
3;1 1,3,5-Hexatriynyl;0.002676977989292088
4;2 Oxonium hydride;0.002676977989292088
5;3 Vinyl Cyanide;0.002676977989292088
6;4 Hydroxyl;0.002676977989292088
7;6 Carbon Monosulfide;0.002676977989292088
8;7 Cyanomethyl;0.002676977989292088
9;8 Methyl Acetylene;0.002676977989292088
10;9 Ethyl Cyanide;0.002676977989292088
11;10 2,4-Pentadiynylidyne;0.002676977989292088
12;11 4-Cyano-1,3-Butadiynyl;0.002676977989292088
13;12 Water;0.002676977989292088
14;13 Hydrogen sulfide;0.002676977989292088
15;14 Methylene amidogen;0.002676977989292088
16;15 1,3-Butadiynyl radical;0.002676977989292088
17;16 2,4,6,8-Nonatetraynenitrile;0.002676977989292088
18;17 Formylium;0.002676977989292088
19;18 Cyanoallene;0.002676977989292088
20;19 Trihydrogen ion;0.002676977989292088
21;20 Methylcyanodiacetylene;0.002676977989292088
22;21 2,4,6-Heptatriynenitrile;0.002676977989292088
23;22 Methanol;0.002676977989292088
24;23 Ammonia;0.002676977989292088
25;24 Methyl Cyanide;0.002676977989292088
26;25 1,3,5-Hexatriynyl anion;0.002676977989292088
27;26 1,3,5,7-Octatetraynyl anion;0.002676977989292088
28;27 3-Thioxo-1,2-Propadieylidene;0.002676977989292088
29;28 Cyanobutadiyne;0.002676977989292088
30;29 Nitric sulfide;0.002676977989292088
31;30 Sulfur dioxide;0.002676977989292088
32;31 Hydrochloric acid;0.002676977989292088
33;32 2,4,6,8,10-Undecapentaynenitrile;0.002676977989292088
34;33 Cyanide Radical;0.002676977989292088
35;34 Nitric oxide;0.002676977989292088
36;35 Formaldehyde;0.002676977989292088
37;36 Sulfur Monoxide;0.002676977989292088
38;37 Methyltriacetylene;0.002676977989292088
39;38 Hydrogen Cyanide;0.002676977989292088
40;39 Methyl diacetylene;0.002676977989292088
41;40 Methylidyne;0.002676977989292088
42;41 Thioxoethenylidene;0.002676977989292088
43;42 Silicon Monoxide;0.002676977989292088
44;43 1,3,5,7-Octatetraynyl;0.002676977989292088
45;44 Oxoethenylidene;0.002676977989292088
46;45 Propynylidynium;0.002676977989292088
47;46 Carbon Monoxide;0.002676977989292088
48;47 Thioformaldehyde;0.002676977989292088
49;48 Hexatrienyl;0.002676977989292088
50;49 Diazenylium;0.002676977989292088
51;50 Hydrogen Isocyanide;0.002676977989292088
52;51 Carbon Monosulfide;0.002676977989292088
53;52 Methylamine;0.002676977989292088
54;53 Formic Acid;0.002676977989292088
55;54 Cyclopropenylidene;0.002676977989292088
56;55 Cyanoacetylene;0.002676977989292088
57;56 para-Oxidaniumyl;0.002676977989292088
58;57 ortho-Oxidaniumyl;0.002676977989292088
