1;43 1,3,5,7-Octatetraynyl;0.7230021598272139
2;0 Ketene;0.004859611231101513
3;1 1,3,5-Hexatriynyl;0.004859611231101513
4;2 Oxonium hydride;0.004859611231101513
5;3 Vinyl Cyanide;0.004859611231101513
6;4 Hydroxyl;0.004859611231101513
7;5 Methyliumylidene;0.004859611231101513
8;6 Carbon Monosulfide;0.004859611231101513
9;7 Cyanomethyl;0.004859611231101513
10;8 Methyl Acetylene;0.004859611231101513
11;9 Ethyl Cyanide;0.004859611231101513
12;10 2,4-Pentadiynylidyne;0.004859611231101513
13;11 4-Cyano-1,3-Butadiynyl;0.004859611231101513
14;12 Water;0.004859611231101513
15;13 Hydrogen sulfide;0.004859611231101513
16;14 Methylene amidogen;0.004859611231101513
17;15 1,3-Butadiynyl radical;0.004859611231101513
18;16 2,4,6,8-Nonatetraynenitrile;0.004859611231101513
19;17 Formylium;0.004859611231101513
20;18 Cyanoallene;0.004859611231101513
21;19 Trihydrogen ion;0.004859611231101513
22;20 Methylcyanodiacetylene;0.004859611231101513
23;21 2,4,6-Heptatriynenitrile;0.004859611231101513
24;22 Methanol;0.004859611231101513
25;23 Ammonia;0.004859611231101513
26;24 Methyl Cyanide;0.004859611231101513
27;25 1,3,5-Hexatriynyl anion;0.004859611231101513
28;26 1,3,5,7-Octatetraynyl anion;0.004859611231101513
29;27 3-Thioxo-1,2-Propadieylidene;0.004859611231101513
30;28 Cyanobutadiyne;0.004859611231101513
31;29 Nitric sulfide;0.004859611231101513
32;30 Sulfur dioxide;0.004859611231101513
33;31 Hydrochloric acid;0.004859611231101513
34;32 2,4,6,8,10-Undecapentaynenitrile;0.004859611231101513
35;33 Cyanide Radical;0.004859611231101513
36;34 Nitric oxide;0.004859611231101513
37;35 Formaldehyde;0.004859611231101513
38;36 Sulfur Monoxide;0.004859611231101513
39;37 Methyltriacetylene;0.004859611231101513
40;38 Hydrogen Cyanide;0.004859611231101513
41;39 Methyl diacetylene;0.004859611231101513
42;40 Methylidyne;0.004859611231101513
43;41 Thioxoethenylidene;0.004859611231101513
44;42 Silicon Monoxide;0.004859611231101513
45;44 Oxoethenylidene;0.004859611231101513
46;45 Propynylidynium;0.004859611231101513
47;46 Carbon Monoxide;0.004859611231101513
48;47 Thioformaldehyde;0.004859611231101513
49;48 Hexatrienyl;0.004859611231101513
50;49 Diazenylium;0.004859611231101513
51;50 Hydrogen Isocyanide;0.004859611231101513
52;51 Carbon Monosulfide;0.004859611231101513
53;52 Methylamine;0.004859611231101513
54;53 Formic Acid;0.004859611231101513
55;54 Cyclopropenylidene;0.004859611231101513
56;55 Cyanoacetylene;0.004859611231101513
57;56 para-Oxidaniumyl;0.004859611231101513
58;57 ortho-Oxidaniumyl;0.004859611231101513
