1;22 Formylium;0.1319218241042345
2;20 Molecular oxygen;0.09934853420195439
3;16 Silicon Monoxide;0.0504885993485342
4;0 Methylidyne;0.03420195439739414
5;1 Butyronitrile;0.03420195439739414
6;2 Formaldehyde;0.03420195439739414
7;3 Sulfur dioxide;0.03420195439739414
8;4 Carbon Monoxide;0.03420195439739414
9;5 Water;0.03420195439739414
10;6 Chloronium;0.03420195439739414
11;7 Imidogen;0.03420195439739414
12;8 Thioformylium;0.03420195439739414
13;9 Mercapto radical;0.03420195439739414
14;10 Methyl formate vt01;0.03420195439739414
15;11 Methyliumylidene;0.03420195439739414
16;12 Cyanide Radical;0.03420195439739414
17;13 Hydroxyl;0.03420195439739414
18;14 Nitric oxide;0.03420195439739414
19;15 Cyclopropenylidene;0.03420195439739414
20;17 Hydrogen Cyanide;0.03420195439739414
21;18 Carbon Monosulfide;0.03420195439739414
22;19 Hydrogen sulfide;0.03420195439739414
23;21 Hydrogen Isocyanide;0.03420195439739414
24;23 Sulfoniumylidene;0.03420195439739414
