1;23 Methylamine;0.037617554858934164
2;129 Isothiocyanic acid;0.037617554858934164
3;2 Trihydrogen ion;0.021943573667711595
4;16 Aluminum monoxide;0.021943573667711595
5;26 Cyclopropenone;0.021943573667711595
6;34 Cyanoacetylene;0.021943573667711595
7;68 Silicon monoxide (global fit);0.021943573667711595
8;73 Fulminic acid;0.021943573667711595
9;125 3-Cyano-1,2-propadienylidene;0.021943573667711595
10;0 Butatrienylidene;0.006269592476489028
11;1 Dimethyl ether;0.006269592476489028
12;3 Nitrous Oxide;0.006269592476489028
13;4 Methyl Acetylene;0.006269592476489028
14;5 Ethylene Glycol;0.006269592476489028
15;6 2,4-Pentadiynylidyne;0.006269592476489028
16;7 Methyl Cyanide;0.006269592476489028
17;8 Thioformylium;0.006269592476489028
18;9 Hydrogen Cyanide;0.006269592476489028
19;10 Titanium monoxide;0.006269592476489028
20;11 Cyanide Radical;0.006269592476489028
21;12 Formic Acid;0.006269592476489028
22;13 Nitric sulfide;0.006269592476489028
23;14 Iminomethylium;0.006269592476489028
24;15 Hydrogen cyanide;0.006269592476489028
25;17 Nitrosyl hydride;0.006269592476489028
26;18 Methyl isocyanate;0.006269592476489028
27;19 Propynylidynium;0.006269592476489028
28;20 Magnesium Cyanide;0.006269592476489028
29;21 1,3-Butadiynyl anion;0.006269592476489028
30;22 Diazenylium;0.006269592476489028
31;24 Phosphorus Monoxide;0.006269592476489028
32;25 Silicon monosulfide;0.006269592476489028
33;27 Carbon Monoxide Ion;0.006269592476489028
34;28 Sodium Cyanide;0.006269592476489028
35;29 Nitric oxide;0.006269592476489028
36;30 3-Thioxo-1,2-Propadieylidene;0.006269592476489028
37;31 Silicon Cyanide;0.006269592476489028
38;32 Ethyne Isocyanide;0.006269592476489028
39;33 Sodium Chloride;0.006269592476489028
40;35 Sulfur Monoxide;0.006269592476489028
41;36 Aluminum Isocyanitrile;0.006269592476489028
42;37 Cyanobutadiyne;0.006269592476489028
43;38 Potassium cyanide, potassium isocyanide;0.006269592476489028
44;39 Molecular oxygen;0.006269592476489028
45;40 Silicon Mononitride;0.006269592476489028
46;41 Carbon Monoxide;0.006269592476489028
47;42 Propadienylidene;0.006269592476489028
48;43 Methanimine;0.006269592476489028
49;44 Aluminum Monofluoride;0.006269592476489028
50;45 Formamide;0.006269592476489028
51;46 1,3,5,7-Octatetraynyl anion;0.006269592476489028
52;47 Aminoacetonitrile;0.006269592476489028
53;48 Ammonia;0.006269592476489028
54;49 gauche-Ethanol;0.006269592476489028
55;50 Protonate 2-proynenitrile;0.006269592476489028
56;51 Carbonyl Sulfide;0.006269592476489028
57;52 Thioxoethenylidene;0.006269592476489028
58;53 Ethyl cyanide;0.006269592476489028
59;54 Water;0.006269592476489028
60;55 Methyl Formate;0.006269592476489028
61;56 Acetaldehyde;0.006269592476489028
62;57 Ketenimine;0.006269592476489028
63;58 Propenal;0.006269592476489028
64;59 Methyl isocyanide;0.006269592476489028
65;60 iso-propyl cyanide;0.006269592476489028
66;61 Protonated Carbon Dioxide;0.006269592476489028
67;62 Ketene;0.006269592476489028
68;63 Silicon Monoxide;0.006269592476489028
69;64 Vinyl Cyanide;0.006269592476489028
70;65 Acetone;0.006269592476489028
71;66 3-Imino-1,2 Propadienylidene;0.006269592476489028
72;67 Cyclopropenylidene;0.006269592476489028
73;69 Magnesium Isocyanide;0.006269592476489028
74;70 Formaldehyde;0.006269592476489028
75;71 Cyanobutadiynylide anion;0.006269592476489028
76;72 Carbon Monosulfide;0.006269592476489028
77;74 1,3,5-Hexatriynyl;0.006269592476489028
78;75 1,3-Butadiynyl radical;0.006269592476489028
79;76 trans-Ethanol;0.006269592476489028
80;77 Silicon Carbide;0.006269592476489028
81;78 1,3,5-Hexatriynyl anion;0.006269592476489028
82;79 Silicon monosulfide;0.006269592476489028
83;80 Oxonium hydride;0.006269592476489028
84;81 Formylium;0.006269592476489028
85;82 Ethylene Oxide;0.006269592476489028
86;83 Sulfur dioxide;0.006269592476489028
87;84 Carbon Monophosphide;0.006269592476489028
88;85 Sulfur Monoxide ion;0.006269592476489028
89;86 Methanol;0.006269592476489028
90;87 Sulfur Dioxide;0.006269592476489028
91;88 Isocyanic Acid;0.006269592476489028
92;89 Cyanoformaldehyde;0.006269592476489028
93;90 Silicon Isocyanide;0.006269592476489028
94;91 Methylene amidogen;0.006269592476489028
95;92 Silicon Monocarbide;0.006269592476489028
96;93 Phosphaethyne;0.006269592476489028
97;94 Carbon Monosulfide;0.006269592476489028
98;95 Aluminum Monochloride;0.006269592476489028
99;96 Cyanoallene;0.006269592476489028
100;97 3-Oxo-1,2-Propadienylidene;0.006269592476489028
101;98 Methyl diacetylene;0.006269592476489028
102;99 Cyanomethylene;0.006269592476489028
103;100 Phosphapropynylidyne;0.006269592476489028
104;101 Cyanomethyl;0.006269592476489028
105;102 Hydrogen Isocyanide;0.006269592476489028
106;103 Hydrogen sulfide;0.006269592476489028
107;104 Glycolaldehyde;0.006269592476489028
108;105 Cyanide anion;0.006269592476489028
109;106 2-Propynal;0.006269592476489028
110;107 Ethynyl;0.006269592476489028
111;108 Phosphorous nitride;0.006269592476489028
112;109 Magnesium hydride isocyanide;0.006269592476489028
113;110 Potassium chloride;0.006269592476489028
114;111 Silicon tetracarbide;0.006269592476489028
115;112 Ethyl Cyanide;0.006269592476489028
116;113 Cyanamide;0.006269592476489028
117;114 Amidogen;0.006269592476489028
118;115 Formyl Radical;0.006269592476489028
119;116 Hydroxymethylidyne;0.006269592476489028
120;117 3-Silanetetrayl-1,2-Propadienylidene;0.006269592476489028
121;118 Vinyl Alcohol;0.006269592476489028
122;119 ortho-Oxidaniumyl;0.006269592476489028
123;120 Oxoethenylidene;0.006269592476489028
124;121 Cyanoethynylide ion;0.006269592476489028
125;122 2-Butynenitrile;0.006269592476489028
126;123 Cyanoethynyl;0.006269592476489028
127;124 Fluoromethyliumylidene;0.006269592476489028
128;126 Vinyl Cyanide;0.006269592476489028
129;127 Hydroxymethylium ion;0.006269592476489028
130;128 Thioformaldehyde;0.006269592476489028
131;130 Methyl formate, v<sub>t</sub> = 0, 1;0.006269592476489028
132;131 Cyanic acid;0.006269592476489028
