1;4 Carbon Monoxide;0.061371841155234655
2;12 Carbonyl Sulfide;0.04332129963898917
3;25 Sodium Chloride;0.04332129963898917
4;35 Methyl Acetylene;0.04332129963898917
5;0 Methylidyne;0.02527075812274368
6;1 1,3-Butadiynyl radical;0.02527075812274368
7;2 Formaldehyde;0.02527075812274368
8;3 Sulfur dioxide;0.02527075812274368
9;5 Water;0.02527075812274368
10;6 Carbon Monoxide Ion;0.02527075812274368
11;7 Nitric sulfide;0.02527075812274368
12;8 Isocyanic Acid;0.02527075812274368
13;9 Methyliumylidene;0.02527075812274368
14;10 Cyanide Radical;0.02527075812274368
15;11 Ethynyl;0.02527075812274368
16;13 Hydroxyl;0.02527075812274368
17;14 Diazenylium;0.02527075812274368
18;15 Thioxoethenylidene;0.02527075812274368
19;16 Nitric oxide;0.02527075812274368
20;17 Methyl Cyanide;0.02527075812274368
21;18 Cyclopropenylidene;0.02527075812274368
22;19 Methanimine;0.02527075812274368
23;20 Methanol;0.02527075812274368
24;21 Thioformaldehyde;0.02527075812274368
25;22 Ammonia;0.02527075812274368
26;23 Cyanamide;0.02527075812274368
27;24 Cyanoacetylene;0.02527075812274368
28;26 Silicon Monoxide;0.02527075812274368
29;27 Sulfur Monoxide;0.02527075812274368
30;28 Protonated Carbon Dioxide;0.02527075812274368
31;29 Hydrogen Cyanide;0.02527075812274368
32;30 Carbon Monosulfide;0.02527075812274368
33;31 Hydrogen sulfide;0.02527075812274368
34;32 Molecular oxygen;0.02527075812274368
35;33 Hydrogen Isocyanide;0.02527075812274368
36;34 Formylium;0.02527075812274368
