1;11 Aluminum Monochloride;0.06412478336221838
2;41 Cyanobutadiynylide anion;0.04679376083188909
3;0 1,3,5-Hexatriynyl;0.029462738301559793
4;10 2,4-Pentadiynylidyne;0.029462738301559793
5;32 3-Oxo-1,2-Propadienylidene;0.029462738301559793
6;1 Silicon monosulfide;0.012131715771230503
7;2 Vinyl Cyanide;0.012131715771230503
8;3 Hydroxyl;0.012131715771230503
9;4 Methyliumylidene;0.012131715771230503
10;5 Aluminum Isocyanitrile;0.012131715771230503
11;6 Carbon Monosulfide;0.012131715771230503
12;7 Methyl Acetylene;0.012131715771230503
13;8 1,3-Butadiynyl anion;0.012131715771230503
14;9 Butatrienylidene;0.012131715771230503
15;12 4-Cyano-1,3-Butadiynyl;0.012131715771230503
16;13 Silicon monosulfide;0.012131715771230503
17;14 Water;0.012131715771230503
18;15 Hydrogen sulfide;0.012131715771230503
19;16 1,3-Butadiynyl radical;0.012131715771230503
20;17 Formylium;0.012131715771230503
21;18 Trihydrogen ion;0.012131715771230503
22;19 Methanimine;0.012131715771230503
23;20 Phosphorus Monoxide;0.012131715771230503
24;21 Methyl Cyanide;0.012131715771230503
25;22 Magnesium Isocyanide;0.012131715771230503
26;23 1,3,5-Hexatriynyl anion;0.012131715771230503
27;24 Phosphaethyne;0.012131715771230503
28;25 1,3,5,7-Octatetraynyl anion;0.012131715771230503
29;26 Silicon Monocarbide;0.012131715771230503
30;27 Cyanomethylene;0.012131715771230503
31;28 3-Thioxo-1,2-Propadieylidene;0.012131715771230503
32;29 Cyanobutadiyne;0.012131715771230503
33;30 Silicon Isocyanide;0.012131715771230503
34;31 Potassium chloride;0.012131715771230503
35;33 Silicon Carbide;0.012131715771230503
36;34 3-Cyano-1,2-propadienylidene;0.012131715771230503
37;35 Nitric sulfide;0.012131715771230503
38;36 Sulfur dioxide;0.012131715771230503
39;37 Ethyne Isocyanide;0.012131715771230503
40;38 Cyanoethynylide ion;0.012131715771230503
41;39 Cyanide Radical;0.012131715771230503
42;40 Carbon Monoxide Ion;0.012131715771230503
43;42 Aluminum Monofluoride;0.012131715771230503
44;43 Formaldehyde;0.012131715771230503
45;44 Sulfur Monoxide;0.012131715771230503
46;45 Silicon tetracarbide;0.012131715771230503
47;46 Ethynyl;0.012131715771230503
48;47 Sodium Chloride;0.012131715771230503
49;48 Hydrogen Cyanide;0.012131715771230503
50;49 Sodium Cyanide;0.012131715771230503
51;50 3-Imino-1,2 Propadienylidene;0.012131715771230503
52;51 Methylidyne;0.012131715771230503
53;52 Thioxoethenylidene;0.012131715771230503
54;53 Silicon Monoxide;0.012131715771230503
55;54 1,3,5,7-Octatetraynyl;0.012131715771230503
56;55 Silicon Mononitride;0.012131715771230503
57;56 Carbon Monoxide;0.012131715771230503
58;57 Phosphorous nitride;0.012131715771230503
59;58 Carbon Monophosphide;0.012131715771230503
60;59 Thioformaldehyde;0.012131715771230503
61;60 Hexatrienyl;0.012131715771230503
62;61 Hydrogen Isocyanide;0.012131715771230503
63;62 Carbon Monosulfide;0.012131715771230503
64;63 Silicon Cyanide;0.012131715771230503
65;64 2,4,6-Heptatriynylidyne;0.012131715771230503
66;65 Cyclopropenylidene;0.012131715771230503
67;66 Cyanoacetylene;0.012131715771230503
68;67 Magnesium Cyanide;0.012131715771230503
69;68 3-Silanetetrayl-1,2-Propadienyli;0.012131715771230503
70;69 Cyanoethynyl;0.012131715771230503
71;70 Phosphapropynylidyne;0.012131715771230503
