1;6 Carbon Monosulfide;0.18962722852512157
2;27 Cyanomethylene;0.027552674230145867
3;0 1,3,5-Hexatriynyl;0.011345218800648298
4;1 Silicon monosulfide;0.011345218800648298
5;2 Vinyl Cyanide;0.011345218800648298
6;3 Hydroxyl;0.011345218800648298
7;4 Methyliumylidene;0.011345218800648298
8;5 Aluminum Isocyanitrile;0.011345218800648298
9;7 Methyl Acetylene;0.011345218800648298
10;8 1,3-Butadiynyl anion;0.011345218800648298
11;9 Butatrienylidene;0.011345218800648298
12;10 2,4-Pentadiynylidyne;0.011345218800648298
13;11 Aluminum Monochloride;0.011345218800648298
14;12 4-Cyano-1,3-Butadiynyl;0.011345218800648298
15;13 Silicon monosulfide;0.011345218800648298
16;14 Water;0.011345218800648298
17;15 Hydrogen sulfide;0.011345218800648298
18;16 1,3-Butadiynyl radical;0.011345218800648298
19;17 Formylium;0.011345218800648298
20;18 Trihydrogen ion;0.011345218800648298
21;19 Methanimine;0.011345218800648298
22;20 Phosphorus Monoxide;0.011345218800648298
23;21 Methyl Cyanide;0.011345218800648298
24;22 Magnesium Isocyanide;0.011345218800648298
25;23 1,3,5-Hexatriynyl anion;0.011345218800648298
26;24 Phosphaethyne;0.011345218800648298
27;25 1,3,5,7-Octatetraynyl anion;0.011345218800648298
28;26 Silicon Monocarbide;0.011345218800648298
29;28 3-Thioxo-1,2-Propadieylidene;0.011345218800648298
30;29 Cyanobutadiyne;0.011345218800648298
31;30 Silicon Isocyanide;0.011345218800648298
32;31 Potassium chloride;0.011345218800648298
33;32 3-Oxo-1,2-Propadienylidene;0.011345218800648298
34;33 Silicon Carbide;0.011345218800648298
35;34 3-Cyano-1,2-propadienylidene;0.011345218800648298
36;35 Nitric sulfide;0.011345218800648298
37;36 Sulfur dioxide;0.011345218800648298
38;37 Ethyne Isocyanide;0.011345218800648298
39;38 Cyanoethynylide ion;0.011345218800648298
40;39 Cyanide Radical;0.011345218800648298
41;40 Carbon Monoxide Ion;0.011345218800648298
42;41 Cyanobutadiynylide anion;0.011345218800648298
43;42 Aluminum Monofluoride;0.011345218800648298
44;43 Formaldehyde;0.011345218800648298
45;44 Sulfur Monoxide;0.011345218800648298
46;45 Silicon tetracarbide;0.011345218800648298
47;46 Ethynyl;0.011345218800648298
48;47 Sodium Chloride;0.011345218800648298
49;48 Hydrogen Cyanide;0.011345218800648298
50;49 Sodium Cyanide;0.011345218800648298
51;50 3-Imino-1,2 Propadienylidene;0.011345218800648298
52;51 Methylidyne;0.011345218800648298
53;52 Thioxoethenylidene;0.011345218800648298
54;53 Silicon Monoxide;0.011345218800648298
55;54 1,3,5,7-Octatetraynyl;0.011345218800648298
56;55 Silicon Mononitride;0.011345218800648298
57;56 Carbon Monoxide;0.011345218800648298
58;57 Phosphorous nitride;0.011345218800648298
59;58 Carbon Monophosphide;0.011345218800648298
60;59 Thioformaldehyde;0.011345218800648298
61;60 Hexatrienyl;0.011345218800648298
62;61 Hydrogen Isocyanide;0.011345218800648298
63;62 Carbon Monosulfide;0.011345218800648298
64;63 Silicon Cyanide;0.011345218800648298
65;64 2,4,6-Heptatriynylidyne;0.011345218800648298
66;65 Cyclopropenylidene;0.011345218800648298
67;66 Cyanoacetylene;0.011345218800648298
68;67 Magnesium Cyanide;0.011345218800648298
69;68 3-Silanetetrayl-1,2-Propadienyli;0.011345218800648298
70;69 Cyanoethynyl;0.011345218800648298
71;70 Phosphapropynylidyne;0.011345218800648298
