1;45 Silicon tetracarbide;0.23538230884557723
2;25 1,3,5,7-Octatetraynyl anion;0.025487256371814097
3;27 Cyanomethylene;0.025487256371814097
4;0 1,3,5-Hexatriynyl;0.010494752623688156
5;1 Silicon monosulfide;0.010494752623688156
6;2 Vinyl Cyanide;0.010494752623688156
7;3 Hydroxyl;0.010494752623688156
8;4 Methyliumylidene;0.010494752623688156
9;5 Aluminum Isocyanitrile;0.010494752623688156
10;6 Carbon Monosulfide;0.010494752623688156
11;7 Methyl Acetylene;0.010494752623688156
12;8 1,3-Butadiynyl anion;0.010494752623688156
13;9 Butatrienylidene;0.010494752623688156
14;10 2,4-Pentadiynylidyne;0.010494752623688156
15;11 Aluminum Monochloride;0.010494752623688156
16;12 4-Cyano-1,3-Butadiynyl;0.010494752623688156
17;13 Silicon monosulfide;0.010494752623688156
18;14 Water;0.010494752623688156
19;15 Hydrogen sulfide;0.010494752623688156
20;16 1,3-Butadiynyl radical;0.010494752623688156
21;17 Formylium;0.010494752623688156
22;18 Trihydrogen ion;0.010494752623688156
23;19 Methanimine;0.010494752623688156
24;20 Phosphorus Monoxide;0.010494752623688156
25;21 Methyl Cyanide;0.010494752623688156
26;22 Magnesium Isocyanide;0.010494752623688156
27;23 1,3,5-Hexatriynyl anion;0.010494752623688156
28;24 Phosphaethyne;0.010494752623688156
29;26 Silicon Monocarbide;0.010494752623688156
30;28 3-Thioxo-1,2-Propadieylidene;0.010494752623688156
31;29 Cyanobutadiyne;0.010494752623688156
32;30 Silicon Isocyanide;0.010494752623688156
33;31 Potassium chloride;0.010494752623688156
34;32 3-Oxo-1,2-Propadienylidene;0.010494752623688156
35;33 Silicon Carbide;0.010494752623688156
36;34 3-Cyano-1,2-propadienylidene;0.010494752623688156
37;35 Nitric sulfide;0.010494752623688156
38;36 Sulfur dioxide;0.010494752623688156
39;37 Ethyne Isocyanide;0.010494752623688156
40;38 Cyanoethynylide ion;0.010494752623688156
41;39 Cyanide Radical;0.010494752623688156
42;40 Carbon Monoxide Ion;0.010494752623688156
43;41 Cyanobutadiynylide anion;0.010494752623688156
44;42 Aluminum Monofluoride;0.010494752623688156
45;43 Formaldehyde;0.010494752623688156
46;44 Sulfur Monoxide;0.010494752623688156
47;46 Ethynyl;0.010494752623688156
48;47 Sodium Chloride;0.010494752623688156
49;48 Hydrogen Cyanide;0.010494752623688156
50;49 Sodium Cyanide;0.010494752623688156
51;50 3-Imino-1,2 Propadienylidene;0.010494752623688156
52;51 Methylidyne;0.010494752623688156
53;52 Thioxoethenylidene;0.010494752623688156
54;53 Silicon Monoxide;0.010494752623688156
55;54 1,3,5,7-Octatetraynyl;0.010494752623688156
56;55 Silicon Mononitride;0.010494752623688156
57;56 Carbon Monoxide;0.010494752623688156
58;57 Phosphorous nitride;0.010494752623688156
59;58 Carbon Monophosphide;0.010494752623688156
60;59 Thioformaldehyde;0.010494752623688156
61;60 Hexatrienyl;0.010494752623688156
62;61 Hydrogen Isocyanide;0.010494752623688156
63;62 Carbon Monosulfide;0.010494752623688156
64;63 Silicon Cyanide;0.010494752623688156
65;64 2,4,6-Heptatriynylidyne;0.010494752623688156
66;65 Cyclopropenylidene;0.010494752623688156
67;66 Cyanoacetylene;0.010494752623688156
68;67 Magnesium Cyanide;0.010494752623688156
69;68 3-Silanetetrayl-1,2-Propadienyli;0.010494752623688156
70;69 Cyanoethynyl;0.010494752623688156
71;70 Phosphapropynylidyne;0.010494752623688156
