1;9 Methyliumylidene;0.7780766644250169
2;11 Ethynyl;0.06186953597848016
3;0 Methylidyne;0.004707464694014795
4;1 1,3-Butadiynyl radical;0.004707464694014795
5;2 Formaldehyde;0.004707464694014795
6;3 Sulfur dioxide;0.004707464694014795
7;4 Carbon Monoxide;0.004707464694014795
8;5 Water;0.004707464694014795
9;6 Carbon Monoxide Ion;0.004707464694014795
10;7 Nitric sulfide;0.004707464694014795
11;8 Isocyanic Acid;0.004707464694014795
12;10 Cyanide Radical;0.004707464694014795
13;12 Carbonyl Sulfide;0.004707464694014795
14;13 Hydroxyl;0.004707464694014795
15;14 Diazenylium;0.004707464694014795
16;15 Thioxoethenylidene;0.004707464694014795
17;16 Nitric oxide;0.004707464694014795
18;17 Methyl Cyanide;0.004707464694014795
19;18 Cyclopropenylidene;0.004707464694014795
20;19 Methanimine;0.004707464694014795
21;20 Methanol;0.004707464694014795
22;21 Thioformaldehyde;0.004707464694014795
23;22 Ammonia;0.004707464694014795
24;23 Cyanamide;0.004707464694014795
25;24 Cyanoacetylene;0.004707464694014795
26;25 Sodium Chloride;0.004707464694014795
27;26 Silicon Monoxide;0.004707464694014795
28;27 Sulfur Monoxide;0.004707464694014795
29;28 Protonated Carbon Dioxide;0.004707464694014795
30;29 Hydrogen Cyanide;0.004707464694014795
31;30 Carbon Monosulfide;0.004707464694014795
32;31 Hydrogen sulfide;0.004707464694014795
33;32 Molecular oxygen;0.004707464694014795
34;33 Hydrogen Isocyanide;0.004707464694014795
35;34 Formylium;0.004707464694014795
36;35 Methyl Acetylene;0.004707464694014795
