1;24 Cyanoacetylene;0.6269727403156384
2;12 Carbonyl Sulfide;0.01721664275466284
3;29 Hydrogen Cyanide;0.01721664275466284
4;33 Hydrogen Isocyanide;0.01721664275466284
5;0 Methylidyne;0.010043041606886656
6;1 1,3-Butadiynyl radical;0.010043041606886656
7;2 Formaldehyde;0.010043041606886656
8;3 Sulfur dioxide;0.010043041606886656
9;4 Carbon Monoxide;0.010043041606886656
10;5 Water;0.010043041606886656
11;6 Carbon Monoxide Ion;0.010043041606886656
12;7 Nitric sulfide;0.010043041606886656
13;8 Isocyanic Acid;0.010043041606886656
14;9 Methyliumylidene;0.010043041606886656
15;10 Cyanide Radical;0.010043041606886656
16;11 Ethynyl;0.010043041606886656
17;13 Hydroxyl;0.010043041606886656
18;14 Diazenylium;0.010043041606886656
19;15 Thioxoethenylidene;0.010043041606886656
20;16 Nitric oxide;0.010043041606886656
21;17 Methyl Cyanide;0.010043041606886656
22;18 Cyclopropenylidene;0.010043041606886656
23;19 Methanimine;0.010043041606886656
24;20 Methanol;0.010043041606886656
25;21 Thioformaldehyde;0.010043041606886656
26;22 Ammonia;0.010043041606886656
27;23 Cyanamide;0.010043041606886656
28;25 Sodium Chloride;0.010043041606886656
29;26 Silicon Monoxide;0.010043041606886656
30;27 Sulfur Monoxide;0.010043041606886656
31;28 Protonated Carbon Dioxide;0.010043041606886656
32;30 Carbon Monosulfide;0.010043041606886656
33;31 Hydrogen sulfide;0.010043041606886656
34;32 Molecular oxygen;0.010043041606886656
35;34 Formylium;0.010043041606886656
36;35 Methyl Acetylene;0.010043041606886656
