1;24 Cyanoacetylene;0.9212233549582947
2;15 Thioxoethenylidene;0.0037071362372567192
3;26 Silicon Monoxide;0.0037071362372567192
4;0 Methylidyne;0.002162496138399753
5;1 1,3-Butadiynyl radical;0.002162496138399753
6;2 Formaldehyde;0.002162496138399753
7;3 Sulfur dioxide;0.002162496138399753
8;4 Carbon Monoxide;0.002162496138399753
9;5 Water;0.002162496138399753
10;6 Carbon Monoxide Ion;0.002162496138399753
11;7 Nitric sulfide;0.002162496138399753
12;8 Isocyanic Acid;0.002162496138399753
13;9 Methyliumylidene;0.002162496138399753
14;10 Cyanide Radical;0.002162496138399753
15;11 Ethynyl;0.002162496138399753
16;12 Carbonyl Sulfide;0.002162496138399753
17;13 Hydroxyl;0.002162496138399753
18;14 Diazenylium;0.002162496138399753
19;16 Nitric oxide;0.002162496138399753
20;17 Methyl Cyanide;0.002162496138399753
21;18 Cyclopropenylidene;0.002162496138399753
22;19 Methanimine;0.002162496138399753
23;20 Methanol;0.002162496138399753
24;21 Thioformaldehyde;0.002162496138399753
25;22 Ammonia;0.002162496138399753
26;23 Cyanamide;0.002162496138399753
27;25 Sodium Chloride;0.002162496138399753
28;27 Sulfur Monoxide;0.002162496138399753
29;28 Protonated Carbon Dioxide;0.002162496138399753
30;29 Hydrogen Cyanide;0.002162496138399753
31;30 Carbon Monosulfide;0.002162496138399753
32;31 Hydrogen sulfide;0.002162496138399753
33;32 Molecular oxygen;0.002162496138399753
34;33 Hydrogen Isocyanide;0.002162496138399753
35;34 Formylium;0.002162496138399753
36;35 Methyl Acetylene;0.002162496138399753
