1;66 3-Imino-1,2 Propadienylidene;0.039473684210526314
2;92 Silicon Monocarbide;0.039473684210526314
3;23 Methylamine;0.02302631578947368
4;70 Formaldehyde;0.02302631578947368
5;108 Phosphorous nitride;0.02302631578947368
6;118 Vinyl Alcohol;0.02302631578947368
7;0 Butatrienylidene;0.006578947368421052
8;1 Dimethyl ether;0.006578947368421052
9;2 Trihydrogen ion;0.006578947368421052
10;3 Nitrous Oxide;0.006578947368421052
11;4 Methyl Acetylene;0.006578947368421052
12;5 Ethylene Glycol;0.006578947368421052
13;6 2,4-Pentadiynylidyne;0.006578947368421052
14;7 Methyl Cyanide;0.006578947368421052
15;8 Thioformylium;0.006578947368421052
16;9 Hydrogen Cyanide;0.006578947368421052
17;10 Titanium monoxide;0.006578947368421052
18;11 Cyanide Radical;0.006578947368421052
19;12 Formic Acid;0.006578947368421052
20;13 Nitric sulfide;0.006578947368421052
21;14 Iminomethylium;0.006578947368421052
22;15 Hydrogen cyanide;0.006578947368421052
23;16 Aluminum monoxide;0.006578947368421052
24;17 Nitrosyl hydride;0.006578947368421052
25;18 Methyl isocyanate;0.006578947368421052
26;19 Propynylidynium;0.006578947368421052
27;20 Magnesium Cyanide;0.006578947368421052
28;21 1,3-Butadiynyl anion;0.006578947368421052
29;22 Diazenylium;0.006578947368421052
30;24 Phosphorus Monoxide;0.006578947368421052
31;25 Silicon monosulfide;0.006578947368421052
32;26 Cyclopropenone;0.006578947368421052
33;27 Carbon Monoxide Ion;0.006578947368421052
34;28 Sodium Cyanide;0.006578947368421052
35;29 Nitric oxide;0.006578947368421052
36;30 3-Thioxo-1,2-Propadieylidene;0.006578947368421052
37;31 Silicon Cyanide;0.006578947368421052
38;32 Ethyne Isocyanide;0.006578947368421052
39;33 Sodium Chloride;0.006578947368421052
40;34 Cyanoacetylene;0.006578947368421052
41;35 Sulfur Monoxide;0.006578947368421052
42;36 Aluminum Isocyanitrile;0.006578947368421052
43;37 Cyanobutadiyne;0.006578947368421052
44;38 Potassium cyanide, potassium isocyanide;0.006578947368421052
45;39 Molecular oxygen;0.006578947368421052
46;40 Silicon Mononitride;0.006578947368421052
47;41 Carbon Monoxide;0.006578947368421052
48;42 Propadienylidene;0.006578947368421052
49;43 Methanimine;0.006578947368421052
50;44 Aluminum Monofluoride;0.006578947368421052
51;45 Formamide;0.006578947368421052
52;46 1,3,5,7-Octatetraynyl anion;0.006578947368421052
53;47 Aminoacetonitrile;0.006578947368421052
54;48 Ammonia;0.006578947368421052
55;49 gauche-Ethanol;0.006578947368421052
56;50 Protonate 2-proynenitrile;0.006578947368421052
57;51 Carbonyl Sulfide;0.006578947368421052
58;52 Thioxoethenylidene;0.006578947368421052
59;53 Ethyl cyanide;0.006578947368421052
60;54 Water;0.006578947368421052
61;55 Methyl Formate;0.006578947368421052
62;56 Acetaldehyde;0.006578947368421052
63;57 Ketenimine;0.006578947368421052
64;58 Propenal;0.006578947368421052
65;59 Methyl isocyanide;0.006578947368421052
66;60 iso-propyl cyanide;0.006578947368421052
67;61 Protonated Carbon Dioxide;0.006578947368421052
68;62 Ketene;0.006578947368421052
69;63 Silicon Monoxide;0.006578947368421052
70;64 Vinyl Cyanide;0.006578947368421052
71;65 Acetone;0.006578947368421052
72;67 Cyclopropenylidene;0.006578947368421052
73;68 Silicon monoxide (global fit);0.006578947368421052
74;69 Magnesium Isocyanide;0.006578947368421052
75;71 Cyanobutadiynylide anion;0.006578947368421052
76;72 Carbon Monosulfide;0.006578947368421052
77;73 Fulminic acid;0.006578947368421052
78;74 1,3,5-Hexatriynyl;0.006578947368421052
79;75 1,3-Butadiynyl radical;0.006578947368421052
80;76 trans-Ethanol;0.006578947368421052
81;77 Silicon Carbide;0.006578947368421052
82;78 1,3,5-Hexatriynyl anion;0.006578947368421052
83;79 Silicon monosulfide;0.006578947368421052
84;80 Oxonium hydride;0.006578947368421052
85;81 Formylium;0.006578947368421052
86;82 Ethylene Oxide;0.006578947368421052
87;83 Sulfur dioxide;0.006578947368421052
88;84 Carbon Monophosphide;0.006578947368421052
89;85 Sulfur Monoxide ion;0.006578947368421052
90;86 Methanol;0.006578947368421052
91;87 Sulfur Dioxide;0.006578947368421052
92;88 Isocyanic Acid;0.006578947368421052
93;89 Cyanoformaldehyde;0.006578947368421052
94;90 Silicon Isocyanide;0.006578947368421052
95;91 Methylene amidogen;0.006578947368421052
96;93 Phosphaethyne;0.006578947368421052
97;94 Carbon Monosulfide;0.006578947368421052
98;95 Aluminum Monochloride;0.006578947368421052
99;96 Cyanoallene;0.006578947368421052
100;97 3-Oxo-1,2-Propadienylidene;0.006578947368421052
101;98 Methyl diacetylene;0.006578947368421052
102;99 Cyanomethylene;0.006578947368421052
103;100 Phosphapropynylidyne;0.006578947368421052
104;101 Cyanomethyl;0.006578947368421052
105;102 Hydrogen Isocyanide;0.006578947368421052
106;103 Hydrogen sulfide;0.006578947368421052
107;104 Glycolaldehyde;0.006578947368421052
108;105 Cyanide anion;0.006578947368421052
109;106 2-Propynal;0.006578947368421052
110;107 Ethynyl;0.006578947368421052
111;109 Magnesium hydride isocyanide;0.006578947368421052
112;110 Potassium chloride;0.006578947368421052
113;111 Silicon tetracarbide;0.006578947368421052
114;112 Ethyl Cyanide;0.006578947368421052
115;113 Cyanamide;0.006578947368421052
116;114 Amidogen;0.006578947368421052
117;115 Formyl Radical;0.006578947368421052
118;116 Hydroxymethylidyne;0.006578947368421052
119;117 3-Silanetetrayl-1,2-Propadienylidene;0.006578947368421052
120;119 ortho-Oxidaniumyl;0.006578947368421052
121;120 Oxoethenylidene;0.006578947368421052
122;121 Cyanoethynylide ion;0.006578947368421052
123;122 2-Butynenitrile;0.006578947368421052
124;123 Cyanoethynyl;0.006578947368421052
125;124 Fluoromethyliumylidene;0.006578947368421052
126;125 3-Cyano-1,2-propadienylidene;0.006578947368421052
127;126 Vinyl Cyanide;0.006578947368421052
128;127 Hydroxymethylium ion;0.006578947368421052
129;128 Thioformaldehyde;0.006578947368421052
130;129 Isothiocyanic acid;0.006578947368421052
131;130 Methyl formate, v<sub>t</sub> = 0, 1;0.006578947368421052
132;131 Cyanic acid;0.006578947368421052
