1;9 Iminomethylium;0.29796747967479675
2;34 Methanol;0.2634146341463415
3;61 Fluoromethyliumylidene;0.1719512195121951
4;66 Dimethyl ether;0.08455284552845528
5;75 Hydrogen Isocyanide;0.01951219512195122
6;71 Diazenylium;0.017479674796747967
7;37 Methyl Cyanide;0.015447154471544714
8;46 Sulfur Dioxide;0.013414634146341463
9;6 Methyl Formate;0.01138211382113821
10;18 gauche-Ethanol;0.005284552845528455
11;1 Propenal;0.0032520325203252032
12;5 Vinyl Cyanide;0.0032520325203252032
13;17 Ethyl Cyanide;0.0032520325203252032
14;19 Glycolaldehyde;0.0032520325203252032
15;0 Isocyanic Acid;0.0012195121951219512
16;2 Ketene;0.0012195121951219512
17;3 Oxonium hydride;0.0012195121951219512
18;4 Thioformylium;0.0012195121951219512
19;7 Hydroxyl;0.0012195121951219512
20;8 Methyliumylidene;0.0012195121951219512
21;10 Hydroxymethylium ion;0.0012195121951219512
22;11 2-Propynal;0.0012195121951219512
23;12 Carbon Monosulfide;0.0012195121951219512
24;13 Cyanomethyl;0.0012195121951219512
25;14 Methyl Acetylene;0.0012195121951219512
26;15 2-Butynenitrile;0.0012195121951219512
27;16 Methyl formate vt01;0.0012195121951219512
28;20 Water;0.0012195121951219512
29;21 Hydrogen sulfide;0.0012195121951219512
30;22 Sulfur Monoxide ion;0.0012195121951219512
31;23 1,3-Butadiynyl radical;0.0012195121951219512
32;24 Formylium;0.0012195121951219512
33;25 Fulminic acid;0.0012195121951219512
34;26 Trihydrogen ion;0.0012195121951219512
35;27 Methanimine;0.0012195121951219512
36;28 Nitrous Oxide;0.0012195121951219512
37;29 Propadienylidene;0.0012195121951219512
38;30 Ethylene Oxide;0.0012195121951219512
39;31 Ketenimine;0.0012195121951219512
40;32 2,4,6-Heptatriynenitrile;0.0012195121951219512
41;33 Aminoacetonitrile;0.0012195121951219512
42;35 Ammonia;0.0012195121951219512
43;36 Formyl Radical;0.0012195121951219512
44;38 Molecular oxygen;0.0012195121951219512
45;39 Cyclopropenone;0.0012195121951219512
46;40 Carbonyl Sulfide;0.0012195121951219512
47;41 Acetaldehyde;0.0012195121951219512
48;42 Cyanomethylene;0.0012195121951219512
49;43 3-Thioxo-1,2-Propadieylidene;0.0012195121951219512
50;44 Formamide;0.0012195121951219512
51;45 Cyanobutadiyne;0.0012195121951219512
52;47 Methyl isocyanide;0.0012195121951219512
53;48 Nitric sulfide;0.0012195121951219512
54;49 Methylene;0.0012195121951219512
55;50 Hydrochloric acid;0.0012195121951219512
56;51 Ethyne Isocyanide;0.0012195121951219512
57;52 Cyanide Radical;0.0012195121951219512
58;53 Nitric oxide;0.0012195121951219512
59;54 Cyanic acid;0.0012195121951219512
60;55 Formaldehyde;0.0012195121951219512
61;56 Sulfur Monoxide;0.0012195121951219512
62;57 Protonate 2-proynenitrile;0.0012195121951219512
63;58 Ethynyl;0.0012195121951219512
64;59 Ethylene Glycol;0.0012195121951219512
65;60 Hydrogen Cyanide;0.0012195121951219512
66;62 Methylidyne;0.0012195121951219512
67;63 Thioxoethenylidene;0.0012195121951219512
68;64 Cyanomethanimine;0.0012195121951219512
69;65 Silicon Monoxide;0.0012195121951219512
70;67 Acetone;0.0012195121951219512
71;68 Carbon Monoxide;0.0012195121951219512
72;69 Phosphorous nitride;0.0012195121951219512
73;70 Thioformaldehyde;0.0012195121951219512
74;72 Cyanoformaldehyde;0.0012195121951219512
75;73 Isothiocyanic acid;0.0012195121951219512
76;74 Vinyl Alcohol;0.0012195121951219512
77;76 Carbon Monosulfide;0.0012195121951219512
78;77 Methylamine;0.0012195121951219512
79;78 Protonated Carbon Dioxide;0.0012195121951219512
80;79 Formic Acid;0.0012195121951219512
81;80 Cyclopropenylidene;0.0012195121951219512
82;81 Cyanoacetylene;0.0012195121951219512
83;82 para-Oxidaniumyl;0.0012195121951219512
84;83 ortho-Oxidaniumyl;0.0012195121951219512
85;84 Nitrosyl hydride;0.0012195121951219512
