1;8 Methyliumylidene;0.6058064516129033
2;61 Fluoromethyliumylidene;0.2090322580645161
3;4 Thioformylium;0.08967741935483871
4;75 Hydrogen Isocyanide;0.013870967741935483
5;39 Cyclopropenone;0.0025806451612903226
6;41 Acetaldehyde;0.0025806451612903226
7;0 Isocyanic Acid;0.000967741935483871
8;1 Propenal;0.000967741935483871
9;2 Ketene;0.000967741935483871
10;3 Oxonium hydride;0.000967741935483871
11;5 Vinyl Cyanide;0.000967741935483871
12;6 Methyl Formate;0.000967741935483871
13;7 Hydroxyl;0.000967741935483871
14;9 Iminomethylium;0.000967741935483871
15;10 Hydroxymethylium ion;0.000967741935483871
16;11 2-Propynal;0.000967741935483871
17;12 Carbon Monosulfide;0.000967741935483871
18;13 Cyanomethyl;0.000967741935483871
19;14 Methyl Acetylene;0.000967741935483871
20;15 2-Butynenitrile;0.000967741935483871
21;16 Methyl formate vt01;0.000967741935483871
22;17 Ethyl Cyanide;0.000967741935483871
23;18 gauche-Ethanol;0.000967741935483871
24;19 Glycolaldehyde;0.000967741935483871
25;20 Water;0.000967741935483871
26;21 Hydrogen sulfide;0.000967741935483871
27;22 Sulfur Monoxide ion;0.000967741935483871
28;23 1,3-Butadiynyl radical;0.000967741935483871
29;24 Formylium;0.000967741935483871
30;25 Fulminic acid;0.000967741935483871
31;26 Trihydrogen ion;0.000967741935483871
32;27 Methanimine;0.000967741935483871
33;28 Nitrous Oxide;0.000967741935483871
34;29 Propadienylidene;0.000967741935483871
35;30 Ethylene Oxide;0.000967741935483871
36;31 Ketenimine;0.000967741935483871
37;32 2,4,6-Heptatriynenitrile;0.000967741935483871
38;33 Aminoacetonitrile;0.000967741935483871
39;34 Methanol;0.000967741935483871
40;35 Ammonia;0.000967741935483871
41;36 Formyl Radical;0.000967741935483871
42;37 Methyl Cyanide;0.000967741935483871
43;38 Molecular oxygen;0.000967741935483871
44;40 Carbonyl Sulfide;0.000967741935483871
45;42 Cyanomethylene;0.000967741935483871
46;43 3-Thioxo-1,2-Propadieylidene;0.000967741935483871
47;44 Formamide;0.000967741935483871
48;45 Cyanobutadiyne;0.000967741935483871
49;46 Sulfur Dioxide;0.000967741935483871
50;47 Methyl isocyanide;0.000967741935483871
51;48 Nitric sulfide;0.000967741935483871
52;49 Methylene;0.000967741935483871
53;50 Hydrochloric acid;0.000967741935483871
54;51 Ethyne Isocyanide;0.000967741935483871
55;52 Cyanide Radical;0.000967741935483871
56;53 Nitric oxide;0.000967741935483871
57;54 Cyanic acid;0.000967741935483871
58;55 Formaldehyde;0.000967741935483871
59;56 Sulfur Monoxide;0.000967741935483871
60;57 Protonate 2-proynenitrile;0.000967741935483871
61;58 Ethynyl;0.000967741935483871
62;59 Ethylene Glycol;0.000967741935483871
63;60 Hydrogen Cyanide;0.000967741935483871
64;62 Methylidyne;0.000967741935483871
65;63 Thioxoethenylidene;0.000967741935483871
66;64 Cyanomethanimine;0.000967741935483871
67;65 Silicon Monoxide;0.000967741935483871
68;66 Dimethyl ether;0.000967741935483871
69;67 Acetone;0.000967741935483871
70;68 Carbon Monoxide;0.000967741935483871
71;69 Phosphorous nitride;0.000967741935483871
72;70 Thioformaldehyde;0.000967741935483871
73;71 Diazenylium;0.000967741935483871
74;72 Cyanoformaldehyde;0.000967741935483871
75;73 Isothiocyanic acid;0.000967741935483871
76;74 Vinyl Alcohol;0.000967741935483871
77;76 Carbon Monosulfide;0.000967741935483871
78;77 Methylamine;0.000967741935483871
79;78 Protonated Carbon Dioxide;0.000967741935483871
80;79 Formic Acid;0.000967741935483871
81;80 Cyclopropenylidene;0.000967741935483871
82;81 Cyanoacetylene;0.000967741935483871
83;82 para-Oxidaniumyl;0.000967741935483871
84;83 ortho-Oxidaniumyl;0.000967741935483871
85;84 Nitrosyl hydride;0.000967741935483871
