1;8 Methyliumylidene;0.4140151515151515
2;61 Fluoromethyliumylidene;0.3136363636363636
3;9 Iminomethylium;0.1071969696969697
4;4 Thioformylium;0.06553030303030304
5;23 1,3-Butadiynyl radical;0.004924242424242425
6;18 gauche-Ethanol;0.0030303030303030303
7;37 Methyl Cyanide;0.0030303030303030303
8;0 Isocyanic Acid;0.0011363636363636363
9;1 Propenal;0.0011363636363636363
10;2 Ketene;0.0011363636363636363
11;3 Oxonium hydride;0.0011363636363636363
12;5 Vinyl Cyanide;0.0011363636363636363
13;6 Methyl Formate;0.0011363636363636363
14;7 Hydroxyl;0.0011363636363636363
15;10 Hydroxymethylium ion;0.0011363636363636363
16;11 2-Propynal;0.0011363636363636363
17;12 Carbon Monosulfide;0.0011363636363636363
18;13 Cyanomethyl;0.0011363636363636363
19;14 Methyl Acetylene;0.0011363636363636363
20;15 2-Butynenitrile;0.0011363636363636363
21;16 Methyl formate vt01;0.0011363636363636363
22;17 Ethyl Cyanide;0.0011363636363636363
23;19 Glycolaldehyde;0.0011363636363636363
24;20 Water;0.0011363636363636363
25;21 Hydrogen sulfide;0.0011363636363636363
26;22 Sulfur Monoxide ion;0.0011363636363636363
27;24 Formylium;0.0011363636363636363
28;25 Fulminic acid;0.0011363636363636363
29;26 Trihydrogen ion;0.0011363636363636363
30;27 Methanimine;0.0011363636363636363
31;28 Nitrous Oxide;0.0011363636363636363
32;29 Propadienylidene;0.0011363636363636363
33;30 Ethylene Oxide;0.0011363636363636363
34;31 Ketenimine;0.0011363636363636363
35;32 2,4,6-Heptatriynenitrile;0.0011363636363636363
36;33 Aminoacetonitrile;0.0011363636363636363
37;34 Methanol;0.0011363636363636363
38;35 Ammonia;0.0011363636363636363
39;36 Formyl Radical;0.0011363636363636363
40;38 Molecular oxygen;0.0011363636363636363
41;39 Cyclopropenone;0.0011363636363636363
42;40 Carbonyl Sulfide;0.0011363636363636363
43;41 Acetaldehyde;0.0011363636363636363
44;42 Cyanomethylene;0.0011363636363636363
45;43 3-Thioxo-1,2-Propadieylidene;0.0011363636363636363
46;44 Formamide;0.0011363636363636363
47;45 Cyanobutadiyne;0.0011363636363636363
48;46 Sulfur Dioxide;0.0011363636363636363
49;47 Methyl isocyanide;0.0011363636363636363
50;48 Nitric sulfide;0.0011363636363636363
51;49 Methylene;0.0011363636363636363
52;50 Hydrochloric acid;0.0011363636363636363
53;51 Ethyne Isocyanide;0.0011363636363636363
54;52 Cyanide Radical;0.0011363636363636363
55;53 Nitric oxide;0.0011363636363636363
56;54 Cyanic acid;0.0011363636363636363
57;55 Formaldehyde;0.0011363636363636363
58;56 Sulfur Monoxide;0.0011363636363636363
59;57 Protonate 2-proynenitrile;0.0011363636363636363
60;58 Ethynyl;0.0011363636363636363
61;59 Ethylene Glycol;0.0011363636363636363
62;60 Hydrogen Cyanide;0.0011363636363636363
63;62 Methylidyne;0.0011363636363636363
64;63 Thioxoethenylidene;0.0011363636363636363
65;64 Cyanomethanimine;0.0011363636363636363
66;65 Silicon Monoxide;0.0011363636363636363
67;66 Dimethyl ether;0.0011363636363636363
68;67 Acetone;0.0011363636363636363
69;68 Carbon Monoxide;0.0011363636363636363
70;69 Phosphorous nitride;0.0011363636363636363
71;70 Thioformaldehyde;0.0011363636363636363
72;71 Diazenylium;0.0011363636363636363
73;72 Cyanoformaldehyde;0.0011363636363636363
74;73 Isothiocyanic acid;0.0011363636363636363
75;74 Vinyl Alcohol;0.0011363636363636363
76;75 Hydrogen Isocyanide;0.0011363636363636363
77;76 Carbon Monosulfide;0.0011363636363636363
78;77 Methylamine;0.0011363636363636363
79;78 Protonated Carbon Dioxide;0.0011363636363636363
80;79 Formic Acid;0.0011363636363636363
81;80 Cyclopropenylidene;0.0011363636363636363
82;81 Cyanoacetylene;0.0011363636363636363
83;82 para-Oxidaniumyl;0.0011363636363636363
84;83 ortho-Oxidaniumyl;0.0011363636363636363
85;84 Nitrosyl hydride;0.0011363636363636363
