1;66 Dimethyl ether;0.7440816326530613
2;34 Methanol;0.08285714285714287
3;37 Methyl Cyanide;0.04612244897959184
4;58 Ethynyl;0.007346938775510205
5;61 Fluoromethyliumylidene;0.005306122448979592
6;7 Hydroxyl;0.0032653061224489797
7;24 Formylium;0.0032653061224489797
8;28 Nitrous Oxide;0.0032653061224489797
9;30 Ethylene Oxide;0.0032653061224489797
10;46 Sulfur Dioxide;0.0032653061224489797
11;48 Nitric sulfide;0.0032653061224489797
12;62 Methylidyne;0.0032653061224489797
13;65 Silicon Monoxide;0.0032653061224489797
14;0 Isocyanic Acid;0.0012244897959183673
15;1 Propenal;0.0012244897959183673
16;2 Ketene;0.0012244897959183673
17;3 Oxonium hydride;0.0012244897959183673
18;4 Thioformylium;0.0012244897959183673
19;5 Vinyl Cyanide;0.0012244897959183673
20;6 Methyl Formate;0.0012244897959183673
21;8 Methyliumylidene;0.0012244897959183673
22;9 Iminomethylium;0.0012244897959183673
23;10 Hydroxymethylium ion;0.0012244897959183673
24;11 2-Propynal;0.0012244897959183673
25;12 Carbon Monosulfide;0.0012244897959183673
26;13 Cyanomethyl;0.0012244897959183673
27;14 Methyl Acetylene;0.0012244897959183673
28;15 2-Butynenitrile;0.0012244897959183673
29;16 Methyl formate vt01;0.0012244897959183673
30;17 Ethyl Cyanide;0.0012244897959183673
31;18 gauche-Ethanol;0.0012244897959183673
32;19 Glycolaldehyde;0.0012244897959183673
33;20 Water;0.0012244897959183673
34;21 Hydrogen sulfide;0.0012244897959183673
35;22 Sulfur Monoxide ion;0.0012244897959183673
36;23 1,3-Butadiynyl radical;0.0012244897959183673
37;25 Fulminic acid;0.0012244897959183673
38;26 Trihydrogen ion;0.0012244897959183673
39;27 Methanimine;0.0012244897959183673
40;29 Propadienylidene;0.0012244897959183673
41;31 Ketenimine;0.0012244897959183673
42;32 2,4,6-Heptatriynenitrile;0.0012244897959183673
43;33 Aminoacetonitrile;0.0012244897959183673
44;35 Ammonia;0.0012244897959183673
45;36 Formyl Radical;0.0012244897959183673
46;38 Molecular oxygen;0.0012244897959183673
47;39 Cyclopropenone;0.0012244897959183673
48;40 Carbonyl Sulfide;0.0012244897959183673
49;41 Acetaldehyde;0.0012244897959183673
50;42 Cyanomethylene;0.0012244897959183673
51;43 3-Thioxo-1,2-Propadieylidene;0.0012244897959183673
52;44 Formamide;0.0012244897959183673
53;45 Cyanobutadiyne;0.0012244897959183673
54;47 Methyl isocyanide;0.0012244897959183673
55;49 Methylene;0.0012244897959183673
56;50 Hydrochloric acid;0.0012244897959183673
57;51 Ethyne Isocyanide;0.0012244897959183673
58;52 Cyanide Radical;0.0012244897959183673
59;53 Nitric oxide;0.0012244897959183673
60;54 Cyanic acid;0.0012244897959183673
61;55 Formaldehyde;0.0012244897959183673
62;56 Sulfur Monoxide;0.0012244897959183673
63;57 Protonate 2-proynenitrile;0.0012244897959183673
64;59 Ethylene Glycol;0.0012244897959183673
65;60 Hydrogen Cyanide;0.0012244897959183673
66;63 Thioxoethenylidene;0.0012244897959183673
67;64 Cyanomethanimine;0.0012244897959183673
68;67 Acetone;0.0012244897959183673
69;68 Carbon Monoxide;0.0012244897959183673
70;69 Phosphorous nitride;0.0012244897959183673
71;70 Thioformaldehyde;0.0012244897959183673
72;71 Diazenylium;0.0012244897959183673
73;72 Cyanoformaldehyde;0.0012244897959183673
74;73 Isothiocyanic acid;0.0012244897959183673
75;74 Vinyl Alcohol;0.0012244897959183673
76;75 Hydrogen Isocyanide;0.0012244897959183673
77;76 Carbon Monosulfide;0.0012244897959183673
78;77 Methylamine;0.0012244897959183673
79;78 Protonated Carbon Dioxide;0.0012244897959183673
80;79 Formic Acid;0.0012244897959183673
81;80 Cyclopropenylidene;0.0012244897959183673
82;81 Cyanoacetylene;0.0012244897959183673
83;82 para-Oxidaniumyl;0.0012244897959183673
84;83 ortho-Oxidaniumyl;0.0012244897959183673
85;84 Nitrosyl hydride;0.0012244897959183673
