1;8 Methyliumylidene;0.6910204081632654
2;61 Fluoromethyliumylidene;0.18489795918367347
3;9 Iminomethylium;0.02163265306122449
4;16 Methyl formate vt01;0.0032653061224489797
5;0 Isocyanic Acid;0.0012244897959183673
6;1 Propenal;0.0012244897959183673
7;2 Ketene;0.0012244897959183673
8;3 Oxonium hydride;0.0012244897959183673
9;4 Thioformylium;0.0012244897959183673
10;5 Vinyl Cyanide;0.0012244897959183673
11;6 Methyl Formate;0.0012244897959183673
12;7 Hydroxyl;0.0012244897959183673
13;10 Hydroxymethylium ion;0.0012244897959183673
14;11 2-Propynal;0.0012244897959183673
15;12 Carbon Monosulfide;0.0012244897959183673
16;13 Cyanomethyl;0.0012244897959183673
17;14 Methyl Acetylene;0.0012244897959183673
18;15 2-Butynenitrile;0.0012244897959183673
19;17 Ethyl Cyanide;0.0012244897959183673
20;18 gauche-Ethanol;0.0012244897959183673
21;19 Glycolaldehyde;0.0012244897959183673
22;20 Water;0.0012244897959183673
23;21 Hydrogen sulfide;0.0012244897959183673
24;22 Sulfur Monoxide ion;0.0012244897959183673
25;23 1,3-Butadiynyl radical;0.0012244897959183673
26;24 Formylium;0.0012244897959183673
27;25 Fulminic acid;0.0012244897959183673
28;26 Trihydrogen ion;0.0012244897959183673
29;27 Methanimine;0.0012244897959183673
30;28 Nitrous Oxide;0.0012244897959183673
31;29 Propadienylidene;0.0012244897959183673
32;30 Ethylene Oxide;0.0012244897959183673
33;31 Ketenimine;0.0012244897959183673
34;32 2,4,6-Heptatriynenitrile;0.0012244897959183673
35;33 Aminoacetonitrile;0.0012244897959183673
36;34 Methanol;0.0012244897959183673
37;35 Ammonia;0.0012244897959183673
38;36 Formyl Radical;0.0012244897959183673
39;37 Methyl Cyanide;0.0012244897959183673
40;38 Molecular oxygen;0.0012244897959183673
41;39 Cyclopropenone;0.0012244897959183673
42;40 Carbonyl Sulfide;0.0012244897959183673
43;41 Acetaldehyde;0.0012244897959183673
44;42 Cyanomethylene;0.0012244897959183673
45;43 3-Thioxo-1,2-Propadieylidene;0.0012244897959183673
46;44 Formamide;0.0012244897959183673
47;45 Cyanobutadiyne;0.0012244897959183673
48;46 Sulfur Dioxide;0.0012244897959183673
49;47 Methyl isocyanide;0.0012244897959183673
50;48 Nitric sulfide;0.0012244897959183673
51;49 Methylene;0.0012244897959183673
52;50 Hydrochloric acid;0.0012244897959183673
53;51 Ethyne Isocyanide;0.0012244897959183673
54;52 Cyanide Radical;0.0012244897959183673
55;53 Nitric oxide;0.0012244897959183673
56;54 Cyanic acid;0.0012244897959183673
57;55 Formaldehyde;0.0012244897959183673
58;56 Sulfur Monoxide;0.0012244897959183673
59;57 Protonate 2-proynenitrile;0.0012244897959183673
60;58 Ethynyl;0.0012244897959183673
61;59 Ethylene Glycol;0.0012244897959183673
62;60 Hydrogen Cyanide;0.0012244897959183673
63;62 Methylidyne;0.0012244897959183673
64;63 Thioxoethenylidene;0.0012244897959183673
65;64 Cyanomethanimine;0.0012244897959183673
66;65 Silicon Monoxide;0.0012244897959183673
67;66 Dimethyl ether;0.0012244897959183673
68;67 Acetone;0.0012244897959183673
69;68 Carbon Monoxide;0.0012244897959183673
70;69 Phosphorous nitride;0.0012244897959183673
71;70 Thioformaldehyde;0.0012244897959183673
72;71 Diazenylium;0.0012244897959183673
73;72 Cyanoformaldehyde;0.0012244897959183673
74;73 Isothiocyanic acid;0.0012244897959183673
75;74 Vinyl Alcohol;0.0012244897959183673
76;75 Hydrogen Isocyanide;0.0012244897959183673
77;76 Carbon Monosulfide;0.0012244897959183673
78;77 Methylamine;0.0012244897959183673
79;78 Protonated Carbon Dioxide;0.0012244897959183673
80;79 Formic Acid;0.0012244897959183673
81;80 Cyclopropenylidene;0.0012244897959183673
82;81 Cyanoacetylene;0.0012244897959183673
83;82 para-Oxidaniumyl;0.0012244897959183673
84;83 ortho-Oxidaniumyl;0.0012244897959183673
85;84 Nitrosyl hydride;0.0012244897959183673
