1;8 Methyliumylidene;0.4936802973977696
2;61 Fluoromethyliumylidene;0.25762081784386615
3;9 Iminomethylium;0.09219330855018587
4;28 Nitrous Oxide;0.03457249070631971
5;45 Cyanobutadiyne;0.01598513011152416
6;29 Propadienylidene;0.006691449814126394
7;19 Glycolaldehyde;0.0029739776951672866
8;37 Methyl Cyanide;0.0029739776951672866
9;46 Sulfur Dioxide;0.0029739776951672866
10;54 Cyanic acid;0.0029739776951672866
11;66 Dimethyl ether;0.0029739776951672866
12;79 Formic Acid;0.0029739776951672866
13;0 Isocyanic Acid;0.0011152416356877324
14;1 Propenal;0.0011152416356877324
15;2 Ketene;0.0011152416356877324
16;3 Oxonium hydride;0.0011152416356877324
17;4 Thioformylium;0.0011152416356877324
18;5 Vinyl Cyanide;0.0011152416356877324
19;6 Methyl Formate;0.0011152416356877324
20;7 Hydroxyl;0.0011152416356877324
21;10 Hydroxymethylium ion;0.0011152416356877324
22;11 2-Propynal;0.0011152416356877324
23;12 Carbon Monosulfide;0.0011152416356877324
24;13 Cyanomethyl;0.0011152416356877324
25;14 Methyl Acetylene;0.0011152416356877324
26;15 2-Butynenitrile;0.0011152416356877324
27;16 Methyl formate vt01;0.0011152416356877324
28;17 Ethyl Cyanide;0.0011152416356877324
29;18 gauche-Ethanol;0.0011152416356877324
30;20 Water;0.0011152416356877324
31;21 Hydrogen sulfide;0.0011152416356877324
32;22 Sulfur Monoxide ion;0.0011152416356877324
33;23 1,3-Butadiynyl radical;0.0011152416356877324
34;24 Formylium;0.0011152416356877324
35;25 Fulminic acid;0.0011152416356877324
36;26 Trihydrogen ion;0.0011152416356877324
37;27 Methanimine;0.0011152416356877324
38;30 Ethylene Oxide;0.0011152416356877324
39;31 Ketenimine;0.0011152416356877324
40;32 2,4,6-Heptatriynenitrile;0.0011152416356877324
41;33 Aminoacetonitrile;0.0011152416356877324
42;34 Methanol;0.0011152416356877324
43;35 Ammonia;0.0011152416356877324
44;36 Formyl Radical;0.0011152416356877324
45;38 Molecular oxygen;0.0011152416356877324
46;39 Cyclopropenone;0.0011152416356877324
47;40 Carbonyl Sulfide;0.0011152416356877324
48;41 Acetaldehyde;0.0011152416356877324
49;42 Cyanomethylene;0.0011152416356877324
50;43 3-Thioxo-1,2-Propadieylidene;0.0011152416356877324
51;44 Formamide;0.0011152416356877324
52;47 Methyl isocyanide;0.0011152416356877324
53;48 Nitric sulfide;0.0011152416356877324
54;49 Methylene;0.0011152416356877324
55;50 Hydrochloric acid;0.0011152416356877324
56;51 Ethyne Isocyanide;0.0011152416356877324
57;52 Cyanide Radical;0.0011152416356877324
58;53 Nitric oxide;0.0011152416356877324
59;55 Formaldehyde;0.0011152416356877324
60;56 Sulfur Monoxide;0.0011152416356877324
61;57 Protonate 2-proynenitrile;0.0011152416356877324
62;58 Ethynyl;0.0011152416356877324
63;59 Ethylene Glycol;0.0011152416356877324
64;60 Hydrogen Cyanide;0.0011152416356877324
65;62 Methylidyne;0.0011152416356877324
66;63 Thioxoethenylidene;0.0011152416356877324
67;64 Cyanomethanimine;0.0011152416356877324
68;65 Silicon Monoxide;0.0011152416356877324
69;67 Acetone;0.0011152416356877324
70;68 Carbon Monoxide;0.0011152416356877324
71;69 Phosphorous nitride;0.0011152416356877324
72;70 Thioformaldehyde;0.0011152416356877324
73;71 Diazenylium;0.0011152416356877324
74;72 Cyanoformaldehyde;0.0011152416356877324
75;73 Isothiocyanic acid;0.0011152416356877324
76;74 Vinyl Alcohol;0.0011152416356877324
77;75 Hydrogen Isocyanide;0.0011152416356877324
78;76 Carbon Monosulfide;0.0011152416356877324
79;77 Methylamine;0.0011152416356877324
80;78 Protonated Carbon Dioxide;0.0011152416356877324
81;80 Cyclopropenylidene;0.0011152416356877324
82;81 Cyanoacetylene;0.0011152416356877324
83;82 para-Oxidaniumyl;0.0011152416356877324
84;83 ortho-Oxidaniumyl;0.0011152416356877324
85;84 Nitrosyl hydride;0.0011152416356877324
