1;34 Methanol;0.656439393939394
2;66 Dimethyl ether;0.21136363636363636
3;6 Methyl Formate;0.01628787878787879
4;37 Methyl Cyanide;0.006818181818181819
5;15 2-Butynenitrile;0.004924242424242425
6;2 Ketene;0.0030303030303030303
7;12 Carbon Monosulfide;0.0030303030303030303
8;29 Propadienylidene;0.0030303030303030303
9;61 Fluoromethyliumylidene;0.0030303030303030303
10;65 Silicon Monoxide;0.0030303030303030303
11;68 Carbon Monoxide;0.0030303030303030303
12;74 Vinyl Alcohol;0.0030303030303030303
13;0 Isocyanic Acid;0.0011363636363636363
14;1 Propenal;0.0011363636363636363
15;3 Oxonium hydride;0.0011363636363636363
16;4 Thioformylium;0.0011363636363636363
17;5 Vinyl Cyanide;0.0011363636363636363
18;7 Hydroxyl;0.0011363636363636363
19;8 Methyliumylidene;0.0011363636363636363
20;9 Iminomethylium;0.0011363636363636363
21;10 Hydroxymethylium ion;0.0011363636363636363
22;11 2-Propynal;0.0011363636363636363
23;13 Cyanomethyl;0.0011363636363636363
24;14 Methyl Acetylene;0.0011363636363636363
25;16 Methyl formate vt01;0.0011363636363636363
26;17 Ethyl Cyanide;0.0011363636363636363
27;18 gauche-Ethanol;0.0011363636363636363
28;19 Glycolaldehyde;0.0011363636363636363
29;20 Water;0.0011363636363636363
30;21 Hydrogen sulfide;0.0011363636363636363
31;22 Sulfur Monoxide ion;0.0011363636363636363
32;23 1,3-Butadiynyl radical;0.0011363636363636363
33;24 Formylium;0.0011363636363636363
34;25 Fulminic acid;0.0011363636363636363
35;26 Trihydrogen ion;0.0011363636363636363
36;27 Methanimine;0.0011363636363636363
37;28 Nitrous Oxide;0.0011363636363636363
38;30 Ethylene Oxide;0.0011363636363636363
39;31 Ketenimine;0.0011363636363636363
40;32 2,4,6-Heptatriynenitrile;0.0011363636363636363
41;33 Aminoacetonitrile;0.0011363636363636363
42;35 Ammonia;0.0011363636363636363
43;36 Formyl Radical;0.0011363636363636363
44;38 Molecular oxygen;0.0011363636363636363
45;39 Cyclopropenone;0.0011363636363636363
46;40 Carbonyl Sulfide;0.0011363636363636363
47;41 Acetaldehyde;0.0011363636363636363
48;42 Cyanomethylene;0.0011363636363636363
49;43 3-Thioxo-1,2-Propadieylidene;0.0011363636363636363
50;44 Formamide;0.0011363636363636363
51;45 Cyanobutadiyne;0.0011363636363636363
52;46 Sulfur Dioxide;0.0011363636363636363
53;47 Methyl isocyanide;0.0011363636363636363
54;48 Nitric sulfide;0.0011363636363636363
55;49 Methylene;0.0011363636363636363
56;50 Hydrochloric acid;0.0011363636363636363
57;51 Ethyne Isocyanide;0.0011363636363636363
58;52 Cyanide Radical;0.0011363636363636363
59;53 Nitric oxide;0.0011363636363636363
60;54 Cyanic acid;0.0011363636363636363
61;55 Formaldehyde;0.0011363636363636363
62;56 Sulfur Monoxide;0.0011363636363636363
63;57 Protonate 2-proynenitrile;0.0011363636363636363
64;58 Ethynyl;0.0011363636363636363
65;59 Ethylene Glycol;0.0011363636363636363
66;60 Hydrogen Cyanide;0.0011363636363636363
67;62 Methylidyne;0.0011363636363636363
68;63 Thioxoethenylidene;0.0011363636363636363
69;64 Cyanomethanimine;0.0011363636363636363
70;67 Acetone;0.0011363636363636363
71;69 Phosphorous nitride;0.0011363636363636363
72;70 Thioformaldehyde;0.0011363636363636363
73;71 Diazenylium;0.0011363636363636363
74;72 Cyanoformaldehyde;0.0011363636363636363
75;73 Isothiocyanic acid;0.0011363636363636363
76;75 Hydrogen Isocyanide;0.0011363636363636363
77;76 Carbon Monosulfide;0.0011363636363636363
78;77 Methylamine;0.0011363636363636363
79;78 Protonated Carbon Dioxide;0.0011363636363636363
80;79 Formic Acid;0.0011363636363636363
81;80 Cyclopropenylidene;0.0011363636363636363
82;81 Cyanoacetylene;0.0011363636363636363
83;82 para-Oxidaniumyl;0.0011363636363636363
84;83 ortho-Oxidaniumyl;0.0011363636363636363
85;84 Nitrosyl hydride;0.0011363636363636363
