1;8 Methyliumylidene;0.5068181818181818
2;61 Fluoromethyliumylidene;0.36477272727272725
3;4 Thioformylium;0.02765151515151515
4;20 Water;0.0030303030303030303
5;34 Methanol;0.0030303030303030303
6;37 Methyl Cyanide;0.0030303030303030303
7;83 ortho-Oxidaniumyl;0.0030303030303030303
8;0 Isocyanic Acid;0.0011363636363636363
9;1 Propenal;0.0011363636363636363
10;2 Ketene;0.0011363636363636363
11;3 Oxonium hydride;0.0011363636363636363
12;5 Vinyl Cyanide;0.0011363636363636363
13;6 Methyl Formate;0.0011363636363636363
14;7 Hydroxyl;0.0011363636363636363
15;9 Iminomethylium;0.0011363636363636363
16;10 Hydroxymethylium ion;0.0011363636363636363
17;11 2-Propynal;0.0011363636363636363
18;12 Carbon Monosulfide;0.0011363636363636363
19;13 Cyanomethyl;0.0011363636363636363
20;14 Methyl Acetylene;0.0011363636363636363
21;15 2-Butynenitrile;0.0011363636363636363
22;16 Methyl formate vt01;0.0011363636363636363
23;17 Ethyl Cyanide;0.0011363636363636363
24;18 gauche-Ethanol;0.0011363636363636363
25;19 Glycolaldehyde;0.0011363636363636363
26;21 Hydrogen sulfide;0.0011363636363636363
27;22 Sulfur Monoxide ion;0.0011363636363636363
28;23 1,3-Butadiynyl radical;0.0011363636363636363
29;24 Formylium;0.0011363636363636363
30;25 Fulminic acid;0.0011363636363636363
31;26 Trihydrogen ion;0.0011363636363636363
32;27 Methanimine;0.0011363636363636363
33;28 Nitrous Oxide;0.0011363636363636363
34;29 Propadienylidene;0.0011363636363636363
35;30 Ethylene Oxide;0.0011363636363636363
36;31 Ketenimine;0.0011363636363636363
37;32 2,4,6-Heptatriynenitrile;0.0011363636363636363
38;33 Aminoacetonitrile;0.0011363636363636363
39;35 Ammonia;0.0011363636363636363
40;36 Formyl Radical;0.0011363636363636363
41;38 Molecular oxygen;0.0011363636363636363
42;39 Cyclopropenone;0.0011363636363636363
43;40 Carbonyl Sulfide;0.0011363636363636363
44;41 Acetaldehyde;0.0011363636363636363
45;42 Cyanomethylene;0.0011363636363636363
46;43 3-Thioxo-1,2-Propadieylidene;0.0011363636363636363
47;44 Formamide;0.0011363636363636363
48;45 Cyanobutadiyne;0.0011363636363636363
49;46 Sulfur Dioxide;0.0011363636363636363
50;47 Methyl isocyanide;0.0011363636363636363
51;48 Nitric sulfide;0.0011363636363636363
52;49 Methylene;0.0011363636363636363
53;50 Hydrochloric acid;0.0011363636363636363
54;51 Ethyne Isocyanide;0.0011363636363636363
55;52 Cyanide Radical;0.0011363636363636363
56;53 Nitric oxide;0.0011363636363636363
57;54 Cyanic acid;0.0011363636363636363
58;55 Formaldehyde;0.0011363636363636363
59;56 Sulfur Monoxide;0.0011363636363636363
60;57 Protonate 2-proynenitrile;0.0011363636363636363
61;58 Ethynyl;0.0011363636363636363
62;59 Ethylene Glycol;0.0011363636363636363
63;60 Hydrogen Cyanide;0.0011363636363636363
64;62 Methylidyne;0.0011363636363636363
65;63 Thioxoethenylidene;0.0011363636363636363
66;64 Cyanomethanimine;0.0011363636363636363
67;65 Silicon Monoxide;0.0011363636363636363
68;66 Dimethyl ether;0.0011363636363636363
69;67 Acetone;0.0011363636363636363
70;68 Carbon Monoxide;0.0011363636363636363
71;69 Phosphorous nitride;0.0011363636363636363
72;70 Thioformaldehyde;0.0011363636363636363
73;71 Diazenylium;0.0011363636363636363
74;72 Cyanoformaldehyde;0.0011363636363636363
75;73 Isothiocyanic acid;0.0011363636363636363
76;74 Vinyl Alcohol;0.0011363636363636363
77;75 Hydrogen Isocyanide;0.0011363636363636363
78;76 Carbon Monosulfide;0.0011363636363636363
79;77 Methylamine;0.0011363636363636363
80;78 Protonated Carbon Dioxide;0.0011363636363636363
81;79 Formic Acid;0.0011363636363636363
82;80 Cyclopropenylidene;0.0011363636363636363
83;81 Cyanoacetylene;0.0011363636363636363
84;82 para-Oxidaniumyl;0.0011363636363636363
85;84 Nitrosyl hydride;0.0011363636363636363
