1;11 Methyliumylidene;0.7091836734693877
2;0 Methylidyne;0.017573696145124718
3;16 Silicon Monoxide;0.017573696145124718
4;18 Carbon Monosulfide;0.017573696145124718
5;1 Butyronitrile;0.011904761904761904
6;2 Formaldehyde;0.011904761904761904
7;3 Sulfur dioxide;0.011904761904761904
8;4 Carbon Monoxide;0.011904761904761904
9;5 Water;0.011904761904761904
10;6 Chloronium;0.011904761904761904
11;7 Imidogen;0.011904761904761904
12;8 Thioformylium;0.011904761904761904
13;9 Mercapto radical;0.011904761904761904
14;10 Methyl formate vt01;0.011904761904761904
15;12 Cyanide Radical;0.011904761904761904
16;13 Hydroxyl;0.011904761904761904
17;14 Nitric oxide;0.011904761904761904
18;15 Cyclopropenylidene;0.011904761904761904
19;17 Hydrogen Cyanide;0.011904761904761904
20;19 Hydrogen sulfide;0.011904761904761904
21;20 Molecular oxygen;0.011904761904761904
22;21 Hydrogen Isocyanide;0.011904761904761904
23;22 Formylium;0.011904761904761904
24;23 Sulfoniumylidene;0.011904761904761904
