1;11 Methyliumylidene;0.30403458213256485
2;0 Methylidyne;0.03025936599423631
3;1 Butyronitrile;0.03025936599423631
4;2 Formaldehyde;0.03025936599423631
5;3 Sulfur dioxide;0.03025936599423631
6;4 Carbon Monoxide;0.03025936599423631
7;5 Water;0.03025936599423631
8;6 Chloronium;0.03025936599423631
9;7 Imidogen;0.03025936599423631
10;8 Thioformylium;0.03025936599423631
11;9 Mercapto radical;0.03025936599423631
12;10 Methyl formate vt01;0.03025936599423631
13;12 Cyanide Radical;0.03025936599423631
14;13 Hydroxyl;0.03025936599423631
15;14 Nitric oxide;0.03025936599423631
16;15 Cyclopropenylidene;0.03025936599423631
17;16 Silicon Monoxide;0.03025936599423631
18;17 Hydrogen Cyanide;0.03025936599423631
19;18 Carbon Monosulfide;0.03025936599423631
20;19 Hydrogen sulfide;0.03025936599423631
21;20 Molecular oxygen;0.03025936599423631
22;21 Hydrogen Isocyanide;0.03025936599423631
23;22 Formylium;0.03025936599423631
24;23 Sulfoniumylidene;0.03025936599423631
