1;20 Molecular oxygen;0.8047696038803557
2;0 Methylidyne;0.008488278092158448
3;1 Butyronitrile;0.008488278092158448
4;2 Formaldehyde;0.008488278092158448
5;3 Sulfur dioxide;0.008488278092158448
6;4 Carbon Monoxide;0.008488278092158448
7;5 Water;0.008488278092158448
8;6 Chloronium;0.008488278092158448
9;7 Imidogen;0.008488278092158448
10;8 Thioformylium;0.008488278092158448
11;9 Mercapto radical;0.008488278092158448
12;10 Methyl formate vt01;0.008488278092158448
13;11 Methyliumylidene;0.008488278092158448
14;12 Cyanide Radical;0.008488278092158448
15;13 Hydroxyl;0.008488278092158448
16;14 Nitric oxide;0.008488278092158448
17;15 Cyclopropenylidene;0.008488278092158448
18;16 Silicon Monoxide;0.008488278092158448
19;17 Hydrogen Cyanide;0.008488278092158448
20;18 Carbon Monosulfide;0.008488278092158448
21;19 Hydrogen sulfide;0.008488278092158448
22;21 Hydrogen Isocyanide;0.008488278092158448
23;22 Formylium;0.008488278092158448
24;23 Sulfoniumylidene;0.008488278092158448
