1;13 Methyliumylidene;0.2013698630136986
2;28 Hydrogen Isocyanide;0.10547945205479452
3;29 Formylium;0.06438356164383562
4;0 Methylidyne;0.02328767123287671
5;1 Formaldehyde;0.02328767123287671
6;2 Sulfur dioxide;0.02328767123287671
7;3 Carbon Monoxide;0.02328767123287671
8;4 Acetaldehyde;0.02328767123287671
9;5 Water;0.02328767123287671
10;6 Imidogen;0.02328767123287671
11;7 Carbon Monoxide Ion;0.02328767123287671
12;8 Nitric sulfide;0.02328767123287671
13;9 Isocyanic Acid;0.02328767123287671
14;10 Formic Acid;0.02328767123287671
15;11 Amidogen;0.02328767123287671
16;12 Ethylene Glycol;0.02328767123287671
17;14 Cyanide Radical;0.02328767123287671
18;15 Carbonyl Sulfide;0.02328767123287671
19;16 Hydroxyl;0.02328767123287671
20;17 Nitric oxide;0.02328767123287671
21;18 Methyl Cyanide;0.02328767123287671
22;19 Cyclopropenylidene;0.02328767123287671
23;20 Sulfur Monoxide ion;0.02328767123287671
24;21 Methanol;0.02328767123287671
25;22 Thioformaldehyde;0.02328767123287671
26;23 Ammonia;0.02328767123287671
27;24 Cyanoacetylene;0.02328767123287671
28;25 Hydrogen Cyanide;0.02328767123287671
29;26 Hydrogen sulfide;0.02328767123287671
30;27 Molecular oxygen;0.02328767123287671
