1;8 Methyliumylidene;0.3912878787878788
2;61 Fluoromethyliumylidene;0.2643939393939394
3;28 Nitrous Oxide;0.14128787878787877
4;60 Hydrogen Cyanide;0.08068181818181819
5;23 1,3-Butadiynyl radical;0.008712121212121211
6;17 Ethyl Cyanide;0.004924242424242425
7;34 Methanol;0.004924242424242425
8;45 Cyanobutadiyne;0.004924242424242425
9;14 Methyl Acetylene;0.0030303030303030303
10;18 gauche-Ethanol;0.0030303030303030303
11;19 Glycolaldehyde;0.0030303030303030303
12;37 Methyl Cyanide;0.0030303030303030303
13;41 Acetaldehyde;0.0030303030303030303
14;83 ortho-Oxidaniumyl;0.0030303030303030303
15;0 Isocyanic Acid;0.0011363636363636363
16;1 Propenal;0.0011363636363636363
17;2 Ketene;0.0011363636363636363
18;3 Oxonium hydride;0.0011363636363636363
19;4 Thioformylium;0.0011363636363636363
20;5 Vinyl Cyanide;0.0011363636363636363
21;6 Methyl Formate;0.0011363636363636363
22;7 Hydroxyl;0.0011363636363636363
23;9 Iminomethylium;0.0011363636363636363
24;10 Hydroxymethylium ion;0.0011363636363636363
25;11 2-Propynal;0.0011363636363636363
26;12 Carbon Monosulfide;0.0011363636363636363
27;13 Cyanomethyl;0.0011363636363636363
28;15 2-Butynenitrile;0.0011363636363636363
29;16 Methyl formate vt01;0.0011363636363636363
30;20 Water;0.0011363636363636363
31;21 Hydrogen sulfide;0.0011363636363636363
32;22 Sulfur Monoxide ion;0.0011363636363636363
33;24 Formylium;0.0011363636363636363
34;25 Fulminic acid;0.0011363636363636363
35;26 Trihydrogen ion;0.0011363636363636363
36;27 Methanimine;0.0011363636363636363
37;29 Propadienylidene;0.0011363636363636363
38;30 Ethylene Oxide;0.0011363636363636363
39;31 Ketenimine;0.0011363636363636363
40;32 2,4,6-Heptatriynenitrile;0.0011363636363636363
41;33 Aminoacetonitrile;0.0011363636363636363
42;35 Ammonia;0.0011363636363636363
43;36 Formyl Radical;0.0011363636363636363
44;38 Molecular oxygen;0.0011363636363636363
45;39 Cyclopropenone;0.0011363636363636363
46;40 Carbonyl Sulfide;0.0011363636363636363
47;42 Cyanomethylene;0.0011363636363636363
48;43 3-Thioxo-1,2-Propadieylidene;0.0011363636363636363
49;44 Formamide;0.0011363636363636363
50;46 Sulfur Dioxide;0.0011363636363636363
51;47 Methyl isocyanide;0.0011363636363636363
52;48 Nitric sulfide;0.0011363636363636363
53;49 Methylene;0.0011363636363636363
54;50 Hydrochloric acid;0.0011363636363636363
55;51 Ethyne Isocyanide;0.0011363636363636363
56;52 Cyanide Radical;0.0011363636363636363
57;53 Nitric oxide;0.0011363636363636363
58;54 Cyanic acid;0.0011363636363636363
59;55 Formaldehyde;0.0011363636363636363
60;56 Sulfur Monoxide;0.0011363636363636363
61;57 Protonate 2-proynenitrile;0.0011363636363636363
62;58 Ethynyl;0.0011363636363636363
63;59 Ethylene Glycol;0.0011363636363636363
64;62 Methylidyne;0.0011363636363636363
65;63 Thioxoethenylidene;0.0011363636363636363
66;64 Cyanomethanimine;0.0011363636363636363
67;65 Silicon Monoxide;0.0011363636363636363
68;66 Dimethyl ether;0.0011363636363636363
69;67 Acetone;0.0011363636363636363
70;68 Carbon Monoxide;0.0011363636363636363
71;69 Phosphorous nitride;0.0011363636363636363
72;70 Thioformaldehyde;0.0011363636363636363
73;71 Diazenylium;0.0011363636363636363
74;72 Cyanoformaldehyde;0.0011363636363636363
75;73 Isothiocyanic acid;0.0011363636363636363
76;74 Vinyl Alcohol;0.0011363636363636363
77;75 Hydrogen Isocyanide;0.0011363636363636363
78;76 Carbon Monosulfide;0.0011363636363636363
79;77 Methylamine;0.0011363636363636363
80;78 Protonated Carbon Dioxide;0.0011363636363636363
81;79 Formic Acid;0.0011363636363636363
82;80 Cyclopropenylidene;0.0011363636363636363
83;81 Cyanoacetylene;0.0011363636363636363
84;82 para-Oxidaniumyl;0.0011363636363636363
85;84 Nitrosyl hydride;0.0011363636363636363
