1;8 Methyliumylidene;0.5641255605381166
2;45 Cyanobutadiyne;0.13811659192825113
3;61 Fluoromethyliumylidene;0.05515695067264574
4;37 Methyl Cyanide;0.03946188340807175
5;75 Hydrogen Isocyanide;0.02376681614349776
6;50 Hydrochloric acid;0.021524663677130042
7;6 Methyl Formate;0.014798206278026905
8;60 Hydrogen Cyanide;0.012556053811659192
9;58 Ethynyl;0.01031390134529148
10;34 Methanol;0.008071748878923767
11;23 1,3-Butadiynyl radical;0.005829596412556054
12;66 Dimethyl ether;0.005829596412556054
13;52 Cyanide Radical;0.003587443946188341
14;0 Isocyanic Acid;0.0013452914798206277
15;1 Propenal;0.0013452914798206277
16;2 Ketene;0.0013452914798206277
17;3 Oxonium hydride;0.0013452914798206277
18;4 Thioformylium;0.0013452914798206277
19;5 Vinyl Cyanide;0.0013452914798206277
20;7 Hydroxyl;0.0013452914798206277
21;9 Iminomethylium;0.0013452914798206277
22;10 Hydroxymethylium ion;0.0013452914798206277
23;11 2-Propynal;0.0013452914798206277
24;12 Carbon Monosulfide;0.0013452914798206277
25;13 Cyanomethyl;0.0013452914798206277
26;14 Methyl Acetylene;0.0013452914798206277
27;15 2-Butynenitrile;0.0013452914798206277
28;16 Methyl formate vt01;0.0013452914798206277
29;17 Ethyl Cyanide;0.0013452914798206277
30;18 gauche-Ethanol;0.0013452914798206277
31;19 Glycolaldehyde;0.0013452914798206277
32;20 Water;0.0013452914798206277
33;21 Hydrogen sulfide;0.0013452914798206277
34;22 Sulfur Monoxide ion;0.0013452914798206277
35;24 Formylium;0.0013452914798206277
36;25 Fulminic acid;0.0013452914798206277
37;26 Trihydrogen ion;0.0013452914798206277
38;27 Methanimine;0.0013452914798206277
39;28 Nitrous Oxide;0.0013452914798206277
40;29 Propadienylidene;0.0013452914798206277
41;30 Ethylene Oxide;0.0013452914798206277
42;31 Ketenimine;0.0013452914798206277
43;32 2,4,6-Heptatriynenitrile;0.0013452914798206277
44;33 Aminoacetonitrile;0.0013452914798206277
45;35 Ammonia;0.0013452914798206277
46;36 Formyl Radical;0.0013452914798206277
47;38 Molecular oxygen;0.0013452914798206277
48;39 Cyclopropenone;0.0013452914798206277
49;40 Carbonyl Sulfide;0.0013452914798206277
50;41 Acetaldehyde;0.0013452914798206277
51;42 Cyanomethylene;0.0013452914798206277
52;43 3-Thioxo-1,2-Propadieylidene;0.0013452914798206277
53;44 Formamide;0.0013452914798206277
54;46 Sulfur Dioxide;0.0013452914798206277
55;47 Methyl isocyanide;0.0013452914798206277
56;48 Nitric sulfide;0.0013452914798206277
57;49 Methylene;0.0013452914798206277
58;51 Ethyne Isocyanide;0.0013452914798206277
59;53 Nitric oxide;0.0013452914798206277
60;54 Cyanic acid;0.0013452914798206277
61;55 Formaldehyde;0.0013452914798206277
62;56 Sulfur Monoxide;0.0013452914798206277
63;57 Protonate 2-proynenitrile;0.0013452914798206277
64;59 Ethylene Glycol;0.0013452914798206277
65;62 Methylidyne;0.0013452914798206277
66;63 Thioxoethenylidene;0.0013452914798206277
67;64 Cyanomethanimine;0.0013452914798206277
68;65 Silicon Monoxide;0.0013452914798206277
69;67 Acetone;0.0013452914798206277
70;68 Carbon Monoxide;0.0013452914798206277
71;69 Phosphorous nitride;0.0013452914798206277
72;70 Thioformaldehyde;0.0013452914798206277
73;71 Diazenylium;0.0013452914798206277
74;72 Cyanoformaldehyde;0.0013452914798206277
75;73 Isothiocyanic acid;0.0013452914798206277
76;74 Vinyl Alcohol;0.0013452914798206277
77;76 Carbon Monosulfide;0.0013452914798206277
78;77 Methylamine;0.0013452914798206277
79;78 Protonated Carbon Dioxide;0.0013452914798206277
80;79 Formic Acid;0.0013452914798206277
81;80 Cyclopropenylidene;0.0013452914798206277
82;81 Cyanoacetylene;0.0013452914798206277
83;82 para-Oxidaniumyl;0.0013452914798206277
84;83 ortho-Oxidaniumyl;0.0013452914798206277
85;84 Nitrosyl hydride;0.0013452914798206277
