1;42 Silicon Monoxide;0.22507552870090633
2;0 Ketene;0.013595166163141994
3;1 1,3,5-Hexatriynyl;0.013595166163141994
4;2 Oxonium hydride;0.013595166163141994
5;3 Vinyl Cyanide;0.013595166163141994
6;4 Hydroxyl;0.013595166163141994
7;5 Methyliumylidene;0.013595166163141994
8;6 Carbon Monosulfide;0.013595166163141994
9;7 Cyanomethyl;0.013595166163141994
10;8 Methyl Acetylene;0.013595166163141994
11;9 Ethyl Cyanide;0.013595166163141994
12;10 2,4-Pentadiynylidyne;0.013595166163141994
13;11 4-Cyano-1,3-Butadiynyl;0.013595166163141994
14;12 Water;0.013595166163141994
15;13 Hydrogen sulfide;0.013595166163141994
16;14 Methylene amidogen;0.013595166163141994
17;15 1,3-Butadiynyl radical;0.013595166163141994
18;16 2,4,6,8-Nonatetraynenitrile;0.013595166163141994
19;17 Formylium;0.013595166163141994
20;18 Cyanoallene;0.013595166163141994
21;19 Trihydrogen ion;0.013595166163141994
22;20 Methylcyanodiacetylene;0.013595166163141994
23;21 2,4,6-Heptatriynenitrile;0.013595166163141994
24;22 Methanol;0.013595166163141994
25;23 Ammonia;0.013595166163141994
26;24 Methyl Cyanide;0.013595166163141994
27;25 1,3,5-Hexatriynyl anion;0.013595166163141994
28;26 1,3,5,7-Octatetraynyl anion;0.013595166163141994
29;27 3-Thioxo-1,2-Propadieylidene;0.013595166163141994
30;28 Cyanobutadiyne;0.013595166163141994
31;29 Nitric sulfide;0.013595166163141994
32;30 Sulfur dioxide;0.013595166163141994
33;31 Hydrochloric acid;0.013595166163141994
34;32 2,4,6,8,10-Undecapentaynenitrile;0.013595166163141994
35;33 Cyanide Radical;0.013595166163141994
36;34 Nitric oxide;0.013595166163141994
37;35 Formaldehyde;0.013595166163141994
38;36 Sulfur Monoxide;0.013595166163141994
39;37 Methyltriacetylene;0.013595166163141994
40;38 Hydrogen Cyanide;0.013595166163141994
41;39 Methyl diacetylene;0.013595166163141994
42;40 Methylidyne;0.013595166163141994
43;41 Thioxoethenylidene;0.013595166163141994
44;43 1,3,5,7-Octatetraynyl;0.013595166163141994
45;44 Oxoethenylidene;0.013595166163141994
46;45 Propynylidynium;0.013595166163141994
47;46 Carbon Monoxide;0.013595166163141994
48;47 Thioformaldehyde;0.013595166163141994
49;48 Hexatrienyl;0.013595166163141994
50;49 Diazenylium;0.013595166163141994
51;50 Hydrogen Isocyanide;0.013595166163141994
52;51 Carbon Monosulfide;0.013595166163141994
53;52 Methylamine;0.013595166163141994
54;53 Formic Acid;0.013595166163141994
55;54 Cyclopropenylidene;0.013595166163141994
56;55 Cyanoacetylene;0.013595166163141994
57;56 para-Oxidaniumyl;0.013595166163141994
58;57 ortho-Oxidaniumyl;0.013595166163141994
