1;42 Silicon Monoxide;0.6029411764705883
2;0 Ketene;0.006965944272445821
3;1 1,3,5-Hexatriynyl;0.006965944272445821
4;2 Oxonium hydride;0.006965944272445821
5;3 Vinyl Cyanide;0.006965944272445821
6;4 Hydroxyl;0.006965944272445821
7;5 Methyliumylidene;0.006965944272445821
8;6 Carbon Monosulfide;0.006965944272445821
9;7 Cyanomethyl;0.006965944272445821
10;8 Methyl Acetylene;0.006965944272445821
11;9 Ethyl Cyanide;0.006965944272445821
12;10 2,4-Pentadiynylidyne;0.006965944272445821
13;11 4-Cyano-1,3-Butadiynyl;0.006965944272445821
14;12 Water;0.006965944272445821
15;13 Hydrogen sulfide;0.006965944272445821
16;14 Methylene amidogen;0.006965944272445821
17;15 1,3-Butadiynyl radical;0.006965944272445821
18;16 2,4,6,8-Nonatetraynenitrile;0.006965944272445821
19;17 Formylium;0.006965944272445821
20;18 Cyanoallene;0.006965944272445821
21;19 Trihydrogen ion;0.006965944272445821
22;20 Methylcyanodiacetylene;0.006965944272445821
23;21 2,4,6-Heptatriynenitrile;0.006965944272445821
24;22 Methanol;0.006965944272445821
25;23 Ammonia;0.006965944272445821
26;24 Methyl Cyanide;0.006965944272445821
27;25 1,3,5-Hexatriynyl anion;0.006965944272445821
28;26 1,3,5,7-Octatetraynyl anion;0.006965944272445821
29;27 3-Thioxo-1,2-Propadieylidene;0.006965944272445821
30;28 Cyanobutadiyne;0.006965944272445821
31;29 Nitric sulfide;0.006965944272445821
32;30 Sulfur dioxide;0.006965944272445821
33;31 Hydrochloric acid;0.006965944272445821
34;32 2,4,6,8,10-Undecapentaynenitrile;0.006965944272445821
35;33 Cyanide Radical;0.006965944272445821
36;34 Nitric oxide;0.006965944272445821
37;35 Formaldehyde;0.006965944272445821
38;36 Sulfur Monoxide;0.006965944272445821
39;37 Methyltriacetylene;0.006965944272445821
40;38 Hydrogen Cyanide;0.006965944272445821
41;39 Methyl diacetylene;0.006965944272445821
42;40 Methylidyne;0.006965944272445821
43;41 Thioxoethenylidene;0.006965944272445821
44;43 1,3,5,7-Octatetraynyl;0.006965944272445821
45;44 Oxoethenylidene;0.006965944272445821
46;45 Propynylidynium;0.006965944272445821
47;46 Carbon Monoxide;0.006965944272445821
48;47 Thioformaldehyde;0.006965944272445821
49;48 Hexatrienyl;0.006965944272445821
50;49 Diazenylium;0.006965944272445821
51;50 Hydrogen Isocyanide;0.006965944272445821
52;51 Carbon Monosulfide;0.006965944272445821
53;52 Methylamine;0.006965944272445821
54;53 Formic Acid;0.006965944272445821
55;54 Cyclopropenylidene;0.006965944272445821
56;55 Cyanoacetylene;0.006965944272445821
57;56 para-Oxidaniumyl;0.006965944272445821
58;57 ortho-Oxidaniumyl;0.006965944272445821
