1;42 Silicon Monoxide;0.13344594594594594
2;0 Ketene;0.015202702702702702
3;1 1,3,5-Hexatriynyl;0.015202702702702702
4;2 Oxonium hydride;0.015202702702702702
5;3 Vinyl Cyanide;0.015202702702702702
6;4 Hydroxyl;0.015202702702702702
7;5 Methyliumylidene;0.015202702702702702
8;6 Carbon Monosulfide;0.015202702702702702
9;7 Cyanomethyl;0.015202702702702702
10;8 Methyl Acetylene;0.015202702702702702
11;9 Ethyl Cyanide;0.015202702702702702
12;10 2,4-Pentadiynylidyne;0.015202702702702702
13;11 4-Cyano-1,3-Butadiynyl;0.015202702702702702
14;12 Water;0.015202702702702702
15;13 Hydrogen sulfide;0.015202702702702702
16;14 Methylene amidogen;0.015202702702702702
17;15 1,3-Butadiynyl radical;0.015202702702702702
18;16 2,4,6,8-Nonatetraynenitrile;0.015202702702702702
19;17 Formylium;0.015202702702702702
20;18 Cyanoallene;0.015202702702702702
21;19 Trihydrogen ion;0.015202702702702702
22;20 Methylcyanodiacetylene;0.015202702702702702
23;21 2,4,6-Heptatriynenitrile;0.015202702702702702
24;22 Methanol;0.015202702702702702
25;23 Ammonia;0.015202702702702702
26;24 Methyl Cyanide;0.015202702702702702
27;25 1,3,5-Hexatriynyl anion;0.015202702702702702
28;26 1,3,5,7-Octatetraynyl anion;0.015202702702702702
29;27 3-Thioxo-1,2-Propadieylidene;0.015202702702702702
30;28 Cyanobutadiyne;0.015202702702702702
31;29 Nitric sulfide;0.015202702702702702
32;30 Sulfur dioxide;0.015202702702702702
33;31 Hydrochloric acid;0.015202702702702702
34;32 2,4,6,8,10-Undecapentaynenitrile;0.015202702702702702
35;33 Cyanide Radical;0.015202702702702702
36;34 Nitric oxide;0.015202702702702702
37;35 Formaldehyde;0.015202702702702702
38;36 Sulfur Monoxide;0.015202702702702702
39;37 Methyltriacetylene;0.015202702702702702
40;38 Hydrogen Cyanide;0.015202702702702702
41;39 Methyl diacetylene;0.015202702702702702
42;40 Methylidyne;0.015202702702702702
43;41 Thioxoethenylidene;0.015202702702702702
44;43 1,3,5,7-Octatetraynyl;0.015202702702702702
45;44 Oxoethenylidene;0.015202702702702702
46;45 Propynylidynium;0.015202702702702702
47;46 Carbon Monoxide;0.015202702702702702
48;47 Thioformaldehyde;0.015202702702702702
49;48 Hexatrienyl;0.015202702702702702
50;49 Diazenylium;0.015202702702702702
51;50 Hydrogen Isocyanide;0.015202702702702702
52;51 Carbon Monosulfide;0.015202702702702702
53;52 Methylamine;0.015202702702702702
54;53 Formic Acid;0.015202702702702702
55;54 Cyclopropenylidene;0.015202702702702702
56;55 Cyanoacetylene;0.015202702702702702
57;56 para-Oxidaniumyl;0.015202702702702702
58;57 ortho-Oxidaniumyl;0.015202702702702702
