1;9 Methyliumylidene;0.6242331288343559
2;0 Methylidyne;0.010736196319018404
3;1 1,3-Butadiynyl radical;0.010736196319018404
4;2 Formaldehyde;0.010736196319018404
5;3 Sulfur dioxide;0.010736196319018404
6;4 Carbon Monoxide;0.010736196319018404
7;5 Water;0.010736196319018404
8;6 Carbon Monoxide Ion;0.010736196319018404
9;7 Nitric sulfide;0.010736196319018404
10;8 Isocyanic Acid;0.010736196319018404
11;10 Cyanide Radical;0.010736196319018404
12;11 Ethynyl;0.010736196319018404
13;12 Carbonyl Sulfide;0.010736196319018404
14;13 Hydroxyl;0.010736196319018404
15;14 Diazenylium;0.010736196319018404
16;15 Thioxoethenylidene;0.010736196319018404
17;16 Nitric oxide;0.010736196319018404
18;17 Methyl Cyanide;0.010736196319018404
19;18 Cyclopropenylidene;0.010736196319018404
20;19 Methanimine;0.010736196319018404
21;20 Methanol;0.010736196319018404
22;21 Thioformaldehyde;0.010736196319018404
23;22 Ammonia;0.010736196319018404
24;23 Cyanamide;0.010736196319018404
25;24 Cyanoacetylene;0.010736196319018404
26;25 Sodium Chloride;0.010736196319018404
27;26 Silicon Monoxide;0.010736196319018404
28;27 Sulfur Monoxide;0.010736196319018404
29;28 Protonated Carbon Dioxide;0.010736196319018404
30;29 Hydrogen Cyanide;0.010736196319018404
31;30 Carbon Monosulfide;0.010736196319018404
32;31 Hydrogen sulfide;0.010736196319018404
33;32 Molecular oxygen;0.010736196319018404
34;33 Hydrogen Isocyanide;0.010736196319018404
35;34 Formylium;0.010736196319018404
36;35 Methyl Acetylene;0.010736196319018404
