1;24 Cyanoacetylene;0.7249190938511327
2;9 Methyliumylidene;0.012944983818770225
3;23 Cyanamide;0.012944983818770225
4;0 Methylidyne;0.007551240560949298
5;1 1,3-Butadiynyl radical;0.007551240560949298
6;2 Formaldehyde;0.007551240560949298
7;3 Sulfur dioxide;0.007551240560949298
8;4 Carbon Monoxide;0.007551240560949298
9;5 Water;0.007551240560949298
10;6 Carbon Monoxide Ion;0.007551240560949298
11;7 Nitric sulfide;0.007551240560949298
12;8 Isocyanic Acid;0.007551240560949298
13;10 Cyanide Radical;0.007551240560949298
14;11 Ethynyl;0.007551240560949298
15;12 Carbonyl Sulfide;0.007551240560949298
16;13 Hydroxyl;0.007551240560949298
17;14 Diazenylium;0.007551240560949298
18;15 Thioxoethenylidene;0.007551240560949298
19;16 Nitric oxide;0.007551240560949298
20;17 Methyl Cyanide;0.007551240560949298
21;18 Cyclopropenylidene;0.007551240560949298
22;19 Methanimine;0.007551240560949298
23;20 Methanol;0.007551240560949298
24;21 Thioformaldehyde;0.007551240560949298
25;22 Ammonia;0.007551240560949298
26;25 Sodium Chloride;0.007551240560949298
27;26 Silicon Monoxide;0.007551240560949298
28;27 Sulfur Monoxide;0.007551240560949298
29;28 Protonated Carbon Dioxide;0.007551240560949298
30;29 Hydrogen Cyanide;0.007551240560949298
31;30 Carbon Monosulfide;0.007551240560949298
32;31 Hydrogen sulfide;0.007551240560949298
33;32 Molecular oxygen;0.007551240560949298
34;33 Hydrogen Isocyanide;0.007551240560949298
35;34 Formylium;0.007551240560949298
36;35 Methyl Acetylene;0.007551240560949298
