1;26 Silicon Monoxide;0.7298787210584344
2;0 Methylidyne;0.007717750826901873
3;1 1,3-Butadiynyl radical;0.007717750826901873
4;2 Formaldehyde;0.007717750826901873
5;3 Sulfur dioxide;0.007717750826901873
6;4 Carbon Monoxide;0.007717750826901873
7;5 Water;0.007717750826901873
8;6 Carbon Monoxide Ion;0.007717750826901873
9;7 Nitric sulfide;0.007717750826901873
10;8 Isocyanic Acid;0.007717750826901873
11;9 Methyliumylidene;0.007717750826901873
12;10 Cyanide Radical;0.007717750826901873
13;11 Ethynyl;0.007717750826901873
14;12 Carbonyl Sulfide;0.007717750826901873
15;13 Hydroxyl;0.007717750826901873
16;14 Diazenylium;0.007717750826901873
17;15 Thioxoethenylidene;0.007717750826901873
18;16 Nitric oxide;0.007717750826901873
19;17 Methyl Cyanide;0.007717750826901873
20;18 Cyclopropenylidene;0.007717750826901873
21;19 Methanimine;0.007717750826901873
22;20 Methanol;0.007717750826901873
23;21 Thioformaldehyde;0.007717750826901873
24;22 Ammonia;0.007717750826901873
25;23 Cyanamide;0.007717750826901873
26;24 Cyanoacetylene;0.007717750826901873
27;25 Sodium Chloride;0.007717750826901873
28;27 Sulfur Monoxide;0.007717750826901873
29;28 Protonated Carbon Dioxide;0.007717750826901873
30;29 Hydrogen Cyanide;0.007717750826901873
31;30 Carbon Monosulfide;0.007717750826901873
32;31 Hydrogen sulfide;0.007717750826901873
33;32 Molecular oxygen;0.007717750826901873
34;33 Hydrogen Isocyanide;0.007717750826901873
35;34 Formylium;0.007717750826901873
36;35 Methyl Acetylene;0.007717750826901873
