1;26 Silicon Monoxide;0.5753899480069324
2;0 Methylidyne;0.0121317157712305
3;1 1,3-Butadiynyl radical;0.0121317157712305
4;2 Formaldehyde;0.0121317157712305
5;3 Sulfur dioxide;0.0121317157712305
6;4 Carbon Monoxide;0.0121317157712305
7;5 Water;0.0121317157712305
8;6 Carbon Monoxide Ion;0.0121317157712305
9;7 Nitric sulfide;0.0121317157712305
10;8 Isocyanic Acid;0.0121317157712305
11;9 Methyliumylidene;0.0121317157712305
12;10 Cyanide Radical;0.0121317157712305
13;11 Ethynyl;0.0121317157712305
14;12 Carbonyl Sulfide;0.0121317157712305
15;13 Hydroxyl;0.0121317157712305
16;14 Diazenylium;0.0121317157712305
17;15 Thioxoethenylidene;0.0121317157712305
18;16 Nitric oxide;0.0121317157712305
19;17 Methyl Cyanide;0.0121317157712305
20;18 Cyclopropenylidene;0.0121317157712305
21;19 Methanimine;0.0121317157712305
22;20 Methanol;0.0121317157712305
23;21 Thioformaldehyde;0.0121317157712305
24;22 Ammonia;0.0121317157712305
25;23 Cyanamide;0.0121317157712305
26;24 Cyanoacetylene;0.0121317157712305
27;25 Sodium Chloride;0.0121317157712305
28;27 Sulfur Monoxide;0.0121317157712305
29;28 Protonated Carbon Dioxide;0.0121317157712305
30;29 Hydrogen Cyanide;0.0121317157712305
31;30 Carbon Monosulfide;0.0121317157712305
32;31 Hydrogen sulfide;0.0121317157712305
33;32 Molecular oxygen;0.0121317157712305
34;33 Hydrogen Isocyanide;0.0121317157712305
35;34 Formylium;0.0121317157712305
36;35 Methyl Acetylene;0.0121317157712305
