1;34 Formylium;0.34554973821989526
2;30 Carbon Monosulfide;0.031413612565445025
3;0 Methylidyne;0.01832460732984293
4;1 1,3-Butadiynyl radical;0.01832460732984293
5;2 Formaldehyde;0.01832460732984293
6;3 Sulfur dioxide;0.01832460732984293
7;4 Carbon Monoxide;0.01832460732984293
8;5 Water;0.01832460732984293
9;6 Carbon Monoxide Ion;0.01832460732984293
10;7 Nitric sulfide;0.01832460732984293
11;8 Isocyanic Acid;0.01832460732984293
12;9 Methyliumylidene;0.01832460732984293
13;10 Cyanide Radical;0.01832460732984293
14;11 Ethynyl;0.01832460732984293
15;12 Carbonyl Sulfide;0.01832460732984293
16;13 Hydroxyl;0.01832460732984293
17;14 Diazenylium;0.01832460732984293
18;15 Thioxoethenylidene;0.01832460732984293
19;16 Nitric oxide;0.01832460732984293
20;17 Methyl Cyanide;0.01832460732984293
21;18 Cyclopropenylidene;0.01832460732984293
22;19 Methanimine;0.01832460732984293
23;20 Methanol;0.01832460732984293
24;21 Thioformaldehyde;0.01832460732984293
25;22 Ammonia;0.01832460732984293
26;23 Cyanamide;0.01832460732984293
27;24 Cyanoacetylene;0.01832460732984293
28;25 Sodium Chloride;0.01832460732984293
29;26 Silicon Monoxide;0.01832460732984293
30;27 Sulfur Monoxide;0.01832460732984293
31;28 Protonated Carbon Dioxide;0.01832460732984293
32;29 Hydrogen Cyanide;0.01832460732984293
33;31 Hydrogen sulfide;0.01832460732984293
34;32 Molecular oxygen;0.01832460732984293
35;33 Hydrogen Isocyanide;0.01832460732984293
36;35 Methyl Acetylene;0.01832460732984293
