1;13 Methyliumylidene;0.25161290322580643
2;0 Methylidyne;0.025806451612903226
3;1 Formaldehyde;0.025806451612903226
4;2 Sulfur dioxide;0.025806451612903226
5;3 Carbon Monoxide;0.025806451612903226
6;4 Acetaldehyde;0.025806451612903226
7;5 Water;0.025806451612903226
8;6 Imidogen;0.025806451612903226
9;7 Carbon Monoxide Ion;0.025806451612903226
10;8 Nitric sulfide;0.025806451612903226
11;9 Isocyanic Acid;0.025806451612903226
12;10 Formic Acid;0.025806451612903226
13;11 Amidogen;0.025806451612903226
14;12 Ethylene Glycol;0.025806451612903226
15;14 Cyanide Radical;0.025806451612903226
16;15 Carbonyl Sulfide;0.025806451612903226
17;16 Hydroxyl;0.025806451612903226
18;17 Nitric oxide;0.025806451612903226
19;18 Methyl Cyanide;0.025806451612903226
20;19 Cyclopropenylidene;0.025806451612903226
21;20 Sulfur Monoxide ion;0.025806451612903226
22;21 Methanol;0.025806451612903226
23;22 Thioformaldehyde;0.025806451612903226
24;23 Ammonia;0.025806451612903226
25;24 Cyanoacetylene;0.025806451612903226
26;25 Hydrogen Cyanide;0.025806451612903226
27;26 Hydrogen sulfide;0.025806451612903226
28;27 Molecular oxygen;0.025806451612903226
29;28 Hydrogen Isocyanide;0.025806451612903226
30;29 Formylium;0.025806451612903226
