1;3 Carbon Monoxide;0.15636363636363634
2;0 Methylidyne;0.02909090909090909
3;1 Formaldehyde;0.02909090909090909
4;2 Sulfur dioxide;0.02909090909090909
5;4 Acetaldehyde;0.02909090909090909
6;5 Water;0.02909090909090909
7;6 Imidogen;0.02909090909090909
8;7 Carbon Monoxide Ion;0.02909090909090909
9;8 Nitric sulfide;0.02909090909090909
10;9 Isocyanic Acid;0.02909090909090909
11;10 Formic Acid;0.02909090909090909
12;11 Amidogen;0.02909090909090909
13;12 Ethylene Glycol;0.02909090909090909
14;13 Methyliumylidene;0.02909090909090909
15;14 Cyanide Radical;0.02909090909090909
16;15 Carbonyl Sulfide;0.02909090909090909
17;16 Hydroxyl;0.02909090909090909
18;17 Nitric oxide;0.02909090909090909
19;18 Methyl Cyanide;0.02909090909090909
20;19 Cyclopropenylidene;0.02909090909090909
21;20 Sulfur Monoxide ion;0.02909090909090909
22;21 Methanol;0.02909090909090909
23;22 Thioformaldehyde;0.02909090909090909
24;23 Ammonia;0.02909090909090909
25;24 Cyanoacetylene;0.02909090909090909
26;25 Hydrogen Cyanide;0.02909090909090909
27;26 Hydrogen sulfide;0.02909090909090909
28;27 Molecular oxygen;0.02909090909090909
29;28 Hydrogen Isocyanide;0.02909090909090909
30;29 Formylium;0.02909090909090909
