1;13 Methyliumylidene;0.48444444444444446
2;0 Methylidyne;0.017777777777777778
3;1 Formaldehyde;0.017777777777777778
4;2 Sulfur dioxide;0.017777777777777778
5;3 Carbon Monoxide;0.017777777777777778
6;4 Acetaldehyde;0.017777777777777778
7;5 Water;0.017777777777777778
8;6 Imidogen;0.017777777777777778
9;7 Carbon Monoxide Ion;0.017777777777777778
10;8 Nitric sulfide;0.017777777777777778
11;9 Isocyanic Acid;0.017777777777777778
12;10 Formic Acid;0.017777777777777778
13;11 Amidogen;0.017777777777777778
14;12 Ethylene Glycol;0.017777777777777778
15;14 Cyanide Radical;0.017777777777777778
16;15 Carbonyl Sulfide;0.017777777777777778
17;16 Hydroxyl;0.017777777777777778
18;17 Nitric oxide;0.017777777777777778
19;18 Methyl Cyanide;0.017777777777777778
20;19 Cyclopropenylidene;0.017777777777777778
21;20 Sulfur Monoxide ion;0.017777777777777778
22;21 Methanol;0.017777777777777778
23;22 Thioformaldehyde;0.017777777777777778
24;23 Ammonia;0.017777777777777778
25;24 Cyanoacetylene;0.017777777777777778
26;25 Hydrogen Cyanide;0.017777777777777778
27;26 Hydrogen sulfide;0.017777777777777778
28;27 Molecular oxygen;0.017777777777777778
29;28 Hydrogen Isocyanide;0.017777777777777778
30;29 Formylium;0.017777777777777778
