1;13 Methyliumylidene;0.6067796610169491
2;0 Methylidyne;0.013559322033898306
3;1 Formaldehyde;0.013559322033898306
4;2 Sulfur dioxide;0.013559322033898306
5;3 Carbon Monoxide;0.013559322033898306
6;4 Acetaldehyde;0.013559322033898306
7;5 Water;0.013559322033898306
8;6 Imidogen;0.013559322033898306
9;7 Carbon Monoxide Ion;0.013559322033898306
10;8 Nitric sulfide;0.013559322033898306
11;9 Isocyanic Acid;0.013559322033898306
12;10 Formic Acid;0.013559322033898306
13;11 Amidogen;0.013559322033898306
14;12 Ethylene Glycol;0.013559322033898306
15;14 Cyanide Radical;0.013559322033898306
16;15 Carbonyl Sulfide;0.013559322033898306
17;16 Hydroxyl;0.013559322033898306
18;17 Nitric oxide;0.013559322033898306
19;18 Methyl Cyanide;0.013559322033898306
20;19 Cyclopropenylidene;0.013559322033898306
21;20 Sulfur Monoxide ion;0.013559322033898306
22;21 Methanol;0.013559322033898306
23;22 Thioformaldehyde;0.013559322033898306
24;23 Ammonia;0.013559322033898306
25;24 Cyanoacetylene;0.013559322033898306
26;25 Hydrogen Cyanide;0.013559322033898306
27;26 Hydrogen sulfide;0.013559322033898306
28;27 Molecular oxygen;0.013559322033898306
29;28 Hydrogen Isocyanide;0.013559322033898306
30;29 Formylium;0.013559322033898306
