1;29 Formylium;0.8089147286821705
2;0 Methylidyne;0.006589147286821705
3;1 Formaldehyde;0.006589147286821705
4;2 Sulfur dioxide;0.006589147286821705
5;3 Carbon Monoxide;0.006589147286821705
6;4 Acetaldehyde;0.006589147286821705
7;5 Water;0.006589147286821705
8;6 Imidogen;0.006589147286821705
9;7 Carbon Monoxide Ion;0.006589147286821705
10;8 Nitric sulfide;0.006589147286821705
11;9 Isocyanic Acid;0.006589147286821705
12;10 Formic Acid;0.006589147286821705
13;11 Amidogen;0.006589147286821705
14;12 Ethylene Glycol;0.006589147286821705
15;13 Methyliumylidene;0.006589147286821705
16;14 Cyanide Radical;0.006589147286821705
17;15 Carbonyl Sulfide;0.006589147286821705
18;16 Hydroxyl;0.006589147286821705
19;17 Nitric oxide;0.006589147286821705
20;18 Methyl Cyanide;0.006589147286821705
21;19 Cyclopropenylidene;0.006589147286821705
22;20 Sulfur Monoxide ion;0.006589147286821705
23;21 Methanol;0.006589147286821705
24;22 Thioformaldehyde;0.006589147286821705
25;23 Ammonia;0.006589147286821705
26;24 Cyanoacetylene;0.006589147286821705
27;25 Hydrogen Cyanide;0.006589147286821705
28;26 Hydrogen sulfide;0.006589147286821705
29;27 Molecular oxygen;0.006589147286821705
30;28 Hydrogen Isocyanide;0.006589147286821705
