1;1 Hydrogen fluoride;0.8556231003039514
2;0 Methanol;0.007598784194528876
3;2 Nitric oxide;0.007598784194528876
4;3 Formylium;0.007598784194528876
5;4 Sodium Chloride;0.007598784194528876
6;5 Sulfur dioxide;0.007598784194528876
7;6 para-Oxidaniumyl;0.007598784194528876
8;7 Sulfur Monoxide;0.007598784194528876
9;8 Butatrienylidene;0.007598784194528876
10;9 Carbon Monoxide;0.007598784194528876
11;10 Nitrous Oxide;0.007598784194528876
12;11 Cyanoacetylene;0.007598784194528876
13;12 Carbonyl Sulfide;0.007598784194528876
14;13 Molecular oxygen;0.007598784194528876
15;14 ortho-Oxidaniumyl;0.007598784194528876
16;15 Water;0.007598784194528876
17;16 Iminomethylium;0.007598784194528876
18;17 Hydrochloric acid;0.007598784194528876
19;18 Acetylene;0.007598784194528876
20;19 Hydrogen Cyanide;0.007598784194528876
