1;10 Nitrous Oxide;0.7432432432432432
2;0 Methanol;0.013513513513513514
3;1 Hydrogen fluoride;0.013513513513513514
4;2 Nitric oxide;0.013513513513513514
5;3 Formylium;0.013513513513513514
6;4 Sodium Chloride;0.013513513513513514
7;5 Sulfur dioxide;0.013513513513513514
8;6 para-Oxidaniumyl;0.013513513513513514
9;7 Sulfur Monoxide;0.013513513513513514
10;8 Butatrienylidene;0.013513513513513514
11;9 Carbon Monoxide;0.013513513513513514
12;11 Cyanoacetylene;0.013513513513513514
13;12 Carbonyl Sulfide;0.013513513513513514
14;13 Molecular oxygen;0.013513513513513514
15;14 ortho-Oxidaniumyl;0.013513513513513514
16;15 Water;0.013513513513513514
17;16 Iminomethylium;0.013513513513513514
18;17 Hydrochloric acid;0.013513513513513514
19;18 Acetylene;0.013513513513513514
20;19 Hydrogen Cyanide;0.013513513513513514
