1;4 Carbon Monoxide;0.07942238267148015
2;5 Water;0.04332129963898917
3;20 Methanol;0.04332129963898917
4;0 Methylidyne;0.02527075812274368
5;1 1,3-Butadiynyl radical;0.02527075812274368
6;2 Formaldehyde;0.02527075812274368
7;3 Sulfur dioxide;0.02527075812274368
8;6 Carbon Monoxide Ion;0.02527075812274368
9;7 Nitric sulfide;0.02527075812274368
10;8 Isocyanic Acid;0.02527075812274368
11;9 Methyliumylidene;0.02527075812274368
12;10 Cyanide Radical;0.02527075812274368
13;11 Ethynyl;0.02527075812274368
14;12 Carbonyl Sulfide;0.02527075812274368
15;13 Hydroxyl;0.02527075812274368
16;14 Diazenylium;0.02527075812274368
17;15 Thioxoethenylidene;0.02527075812274368
18;16 Nitric oxide;0.02527075812274368
19;17 Methyl Cyanide;0.02527075812274368
20;18 Cyclopropenylidene;0.02527075812274368
21;19 Methanimine;0.02527075812274368
22;21 Thioformaldehyde;0.02527075812274368
23;22 Ammonia;0.02527075812274368
24;23 Cyanamide;0.02527075812274368
25;24 Cyanoacetylene;0.02527075812274368
26;25 Sodium Chloride;0.02527075812274368
27;26 Silicon Monoxide;0.02527075812274368
28;27 Sulfur Monoxide;0.02527075812274368
29;28 Protonated Carbon Dioxide;0.02527075812274368
30;29 Hydrogen Cyanide;0.02527075812274368
31;30 Carbon Monosulfide;0.02527075812274368
32;31 Hydrogen sulfide;0.02527075812274368
33;32 Molecular oxygen;0.02527075812274368
34;33 Hydrogen Isocyanide;0.02527075812274368
35;34 Formylium;0.02527075812274368
36;35 Methyl Acetylene;0.02527075812274368
