1;4 Sodium Chloride;0.4739583333333333
2;9 Carbon Monoxide;0.057291666666666664
3;0 Methanol;0.026041666666666668
4;1 Hydrogen fluoride;0.026041666666666668
5;2 Nitric oxide;0.026041666666666668
6;3 Formylium;0.026041666666666668
7;5 Sulfur dioxide;0.026041666666666668
8;6 para-Oxidaniumyl;0.026041666666666668
9;7 Sulfur Monoxide;0.026041666666666668
10;8 Butatrienylidene;0.026041666666666668
11;10 Nitrous Oxide;0.026041666666666668
12;11 Cyanoacetylene;0.026041666666666668
13;12 Carbonyl Sulfide;0.026041666666666668
14;13 Molecular oxygen;0.026041666666666668
15;14 ortho-Oxidaniumyl;0.026041666666666668
16;15 Water;0.026041666666666668
17;16 Iminomethylium;0.026041666666666668
18;17 Hydrochloric acid;0.026041666666666668
19;18 Acetylene;0.026041666666666668
20;19 Hydrogen Cyanide;0.026041666666666668
