1;4 Methyliumylidene;0.6517412935323383
2;0 1,3,5-Hexatriynyl;0.004975124378109453
3;1 Silicon monosulfide;0.004975124378109453
4;2 Vinyl Cyanide;0.004975124378109453
5;3 Hydroxyl;0.004975124378109453
6;5 Aluminum Isocyanitrile;0.004975124378109453
7;6 Carbon Monosulfide;0.004975124378109453
8;7 Methyl Acetylene;0.004975124378109453
9;8 1,3-Butadiynyl anion;0.004975124378109453
10;9 Butatrienylidene;0.004975124378109453
11;10 2,4-Pentadiynylidyne;0.004975124378109453
12;11 Aluminum Monochloride;0.004975124378109453
13;12 4-Cyano-1,3-Butadiynyl;0.004975124378109453
14;13 Silicon monosulfide;0.004975124378109453
15;14 Water;0.004975124378109453
16;15 Hydrogen sulfide;0.004975124378109453
17;16 1,3-Butadiynyl radical;0.004975124378109453
18;17 Formylium;0.004975124378109453
19;18 Trihydrogen ion;0.004975124378109453
20;19 Methanimine;0.004975124378109453
21;20 Phosphorus Monoxide;0.004975124378109453
22;21 Methyl Cyanide;0.004975124378109453
23;22 Magnesium Isocyanide;0.004975124378109453
24;23 1,3,5-Hexatriynyl anion;0.004975124378109453
25;24 Phosphaethyne;0.004975124378109453
26;25 1,3,5,7-Octatetraynyl anion;0.004975124378109453
27;26 Silicon Monocarbide;0.004975124378109453
28;27 Cyanomethylene;0.004975124378109453
29;28 3-Thioxo-1,2-Propadieylidene;0.004975124378109453
30;29 Cyanobutadiyne;0.004975124378109453
31;30 Silicon Isocyanide;0.004975124378109453
32;31 Potassium chloride;0.004975124378109453
33;32 3-Oxo-1,2-Propadienylidene;0.004975124378109453
34;33 Silicon Carbide;0.004975124378109453
35;34 3-Cyano-1,2-propadienylidene;0.004975124378109453
36;35 Nitric sulfide;0.004975124378109453
37;36 Sulfur dioxide;0.004975124378109453
38;37 Ethyne Isocyanide;0.004975124378109453
39;38 Cyanoethynylide ion;0.004975124378109453
40;39 Cyanide Radical;0.004975124378109453
41;40 Carbon Monoxide Ion;0.004975124378109453
42;41 Cyanobutadiynylide anion;0.004975124378109453
43;42 Aluminum Monofluoride;0.004975124378109453
44;43 Formaldehyde;0.004975124378109453
45;44 Sulfur Monoxide;0.004975124378109453
46;45 Silicon tetracarbide;0.004975124378109453
47;46 Ethynyl;0.004975124378109453
48;47 Sodium Chloride;0.004975124378109453
49;48 Hydrogen Cyanide;0.004975124378109453
50;49 Sodium Cyanide;0.004975124378109453
51;50 3-Imino-1,2 Propadienylidene;0.004975124378109453
52;51 Methylidyne;0.004975124378109453
53;52 Thioxoethenylidene;0.004975124378109453
54;53 Silicon Monoxide;0.004975124378109453
55;54 1,3,5,7-Octatetraynyl;0.004975124378109453
56;55 Silicon Mononitride;0.004975124378109453
57;56 Carbon Monoxide;0.004975124378109453
58;57 Phosphorous nitride;0.004975124378109453
59;58 Carbon Monophosphide;0.004975124378109453
60;59 Thioformaldehyde;0.004975124378109453
61;60 Hexatrienyl;0.004975124378109453
62;61 Hydrogen Isocyanide;0.004975124378109453
63;62 Carbon Monosulfide;0.004975124378109453
64;63 Silicon Cyanide;0.004975124378109453
65;64 2,4,6-Heptatriynylidyne;0.004975124378109453
66;65 Cyclopropenylidene;0.004975124378109453
67;66 Cyanoacetylene;0.004975124378109453
68;67 Magnesium Cyanide;0.004975124378109453
69;68 3-Silanetetrayl-1,2-Propadienyli;0.004975124378109453
70;69 Cyanoethynyl;0.004975124378109453
71;70 Phosphapropynylidyne;0.004975124378109453
