1;17 Formylium;0.1358024691358025
2;0 1,3,5-Hexatriynyl;0.012345679012345678
3;1 Silicon monosulfide;0.012345679012345678
4;2 Vinyl Cyanide;0.012345679012345678
5;3 Hydroxyl;0.012345679012345678
6;4 Methyliumylidene;0.012345679012345678
7;5 Aluminum Isocyanitrile;0.012345679012345678
8;6 Carbon Monosulfide;0.012345679012345678
9;7 Methyl Acetylene;0.012345679012345678
10;8 1,3-Butadiynyl anion;0.012345679012345678
11;9 Butatrienylidene;0.012345679012345678
12;10 2,4-Pentadiynylidyne;0.012345679012345678
13;11 Aluminum Monochloride;0.012345679012345678
14;12 4-Cyano-1,3-Butadiynyl;0.012345679012345678
15;13 Silicon monosulfide;0.012345679012345678
16;14 Water;0.012345679012345678
17;15 Hydrogen sulfide;0.012345679012345678
18;16 1,3-Butadiynyl radical;0.012345679012345678
19;18 Trihydrogen ion;0.012345679012345678
20;19 Methanimine;0.012345679012345678
21;20 Phosphorus Monoxide;0.012345679012345678
22;21 Methyl Cyanide;0.012345679012345678
23;22 Magnesium Isocyanide;0.012345679012345678
24;23 1,3,5-Hexatriynyl anion;0.012345679012345678
25;24 Phosphaethyne;0.012345679012345678
26;25 1,3,5,7-Octatetraynyl anion;0.012345679012345678
27;26 Silicon Monocarbide;0.012345679012345678
28;27 Cyanomethylene;0.012345679012345678
29;28 3-Thioxo-1,2-Propadieylidene;0.012345679012345678
30;29 Cyanobutadiyne;0.012345679012345678
31;30 Silicon Isocyanide;0.012345679012345678
32;31 Potassium chloride;0.012345679012345678
33;32 3-Oxo-1,2-Propadienylidene;0.012345679012345678
34;33 Silicon Carbide;0.012345679012345678
35;34 3-Cyano-1,2-propadienylidene;0.012345679012345678
36;35 Nitric sulfide;0.012345679012345678
37;36 Sulfur dioxide;0.012345679012345678
38;37 Ethyne Isocyanide;0.012345679012345678
39;38 Cyanoethynylide ion;0.012345679012345678
40;39 Cyanide Radical;0.012345679012345678
41;40 Carbon Monoxide Ion;0.012345679012345678
42;41 Cyanobutadiynylide anion;0.012345679012345678
43;42 Aluminum Monofluoride;0.012345679012345678
44;43 Formaldehyde;0.012345679012345678
45;44 Sulfur Monoxide;0.012345679012345678
46;45 Silicon tetracarbide;0.012345679012345678
47;46 Ethynyl;0.012345679012345678
48;47 Sodium Chloride;0.012345679012345678
49;48 Hydrogen Cyanide;0.012345679012345678
50;49 Sodium Cyanide;0.012345679012345678
51;50 3-Imino-1,2 Propadienylidene;0.012345679012345678
52;51 Methylidyne;0.012345679012345678
53;52 Thioxoethenylidene;0.012345679012345678
54;53 Silicon Monoxide;0.012345679012345678
55;54 1,3,5,7-Octatetraynyl;0.012345679012345678
56;55 Silicon Mononitride;0.012345679012345678
57;56 Carbon Monoxide;0.012345679012345678
58;57 Phosphorous nitride;0.012345679012345678
59;58 Carbon Monophosphide;0.012345679012345678
60;59 Thioformaldehyde;0.012345679012345678
61;60 Hexatrienyl;0.012345679012345678
62;61 Hydrogen Isocyanide;0.012345679012345678
63;62 Carbon Monosulfide;0.012345679012345678
64;63 Silicon Cyanide;0.012345679012345678
65;64 2,4,6-Heptatriynylidyne;0.012345679012345678
66;65 Cyclopropenylidene;0.012345679012345678
67;66 Cyanoacetylene;0.012345679012345678
68;67 Magnesium Cyanide;0.012345679012345678
69;68 3-Silanetetrayl-1,2-Propadienyli;0.012345679012345678
70;69 Cyanoethynyl;0.012345679012345678
71;70 Phosphapropynylidyne;0.012345679012345678
