1;9 Carbon Monoxide;0.009790209790209791
2;0 Methanol;0.006993006993006993
3;1 Hydrogen fluoride;0.006993006993006993
4;2 Nitric oxide;0.006993006993006993
5;3 Formylium;0.006993006993006993
6;4 Sodium Chloride;0.006993006993006993
7;5 Sulfur dioxide;0.006993006993006993
8;6 para-Oxidaniumyl;0.006993006993006993
9;7 Sulfur Monoxide;0.006993006993006993
10;8 Butatrienylidene;0.006993006993006993
11;10 Nitrous Oxide;0.006993006993006993
12;11 Cyanoacetylene;0.006993006993006993
13;12 Carbonyl Sulfide;0.006993006993006993
14;13 Molecular oxygen;0.006993006993006993
15;14 ortho-Oxidaniumyl;0.006993006993006993
16;15 Water;0.006993006993006993
17;16 Iminomethylium;0.006993006993006993
18;17 Hydrochloric acid;0.006993006993006993
19;18 Acetylene;0.006993006993006993
20;19 Hydrogen Cyanide;0.006993006993006993
