1;16 Iminomethylium;0.8661971830985915
2;0 Methanol;0.007042253521126761
3;1 Hydrogen fluoride;0.007042253521126761
4;2 Nitric oxide;0.007042253521126761
5;3 Formylium;0.007042253521126761
6;4 Sodium Chloride;0.007042253521126761
7;5 Sulfur dioxide;0.007042253521126761
8;6 para-Oxidaniumyl;0.007042253521126761
9;7 Sulfur Monoxide;0.007042253521126761
10;8 Butatrienylidene;0.007042253521126761
11;9 Carbon Monoxide;0.007042253521126761
12;10 Nitrous Oxide;0.007042253521126761
13;11 Cyanoacetylene;0.007042253521126761
14;12 Carbonyl Sulfide;0.007042253521126761
15;13 Molecular oxygen;0.007042253521126761
16;14 ortho-Oxidaniumyl;0.007042253521126761
17;15 Water;0.007042253521126761
18;17 Hydrochloric acid;0.007042253521126761
19;18 Acetylene;0.007042253521126761
20;19 Hydrogen Cyanide;0.007042253521126761
