1;8 Butatrienylidene;0.017994858611825194
2;0 Methanol;0.012853470437017995
3;1 Hydrogen fluoride;0.012853470437017995
4;2 Nitric oxide;0.012853470437017995
5;3 Formylium;0.012853470437017995
6;4 Sodium Chloride;0.012853470437017995
7;5 Sulfur dioxide;0.012853470437017995
8;6 para-Oxidaniumyl;0.012853470437017995
9;7 Sulfur Monoxide;0.012853470437017995
10;9 Carbon Monoxide;0.012853470437017995
11;10 Nitrous Oxide;0.012853470437017995
12;11 Cyanoacetylene;0.012853470437017995
13;12 Carbonyl Sulfide;0.012853470437017995
14;13 Molecular oxygen;0.012853470437017995
15;14 ortho-Oxidaniumyl;0.012853470437017995
16;15 Water;0.012853470437017995
17;16 Iminomethylium;0.012853470437017995
18;17 Hydrochloric acid;0.012853470437017995
19;18 Acetylene;0.012853470437017995
20;19 Hydrogen Cyanide;0.012853470437017995
