1;24 Cyanoacetylene;0.2014705882352941
2;12 Ethylene Glycol;0.06911764705882353
3;5 Water;0.03970588235294118
4;21 Methanol;0.03970588235294118
5;0 Methylidyne;0.024999999999999998
6;1 Formaldehyde;0.024999999999999998
7;2 Sulfur dioxide;0.024999999999999998
8;3 Carbon Monoxide;0.024999999999999998
9;4 Acetaldehyde;0.024999999999999998
10;6 Imidogen;0.024999999999999998
11;7 Carbon Monoxide Ion;0.024999999999999998
12;8 Nitric sulfide;0.024999999999999998
13;9 Isocyanic Acid;0.024999999999999998
14;10 Formic Acid;0.024999999999999998
15;11 Amidogen;0.024999999999999998
16;13 Methyliumylidene;0.024999999999999998
17;14 Cyanide Radical;0.024999999999999998
18;15 Carbonyl Sulfide;0.024999999999999998
19;16 Hydroxyl;0.024999999999999998
20;17 Nitric oxide;0.024999999999999998
21;18 Methyl Cyanide;0.024999999999999998
22;19 Cyclopropenylidene;0.024999999999999998
23;20 Sulfur Monoxide ion;0.024999999999999998
24;22 Thioformaldehyde;0.024999999999999998
25;23 Ammonia;0.024999999999999998
26;25 Hydrogen Cyanide;0.024999999999999998
27;26 Hydrogen sulfide;0.024999999999999998
28;27 Molecular oxygen;0.024999999999999998
29;28 Hydrogen Isocyanide;0.024999999999999998
30;29 Formylium;0.024999999999999998
