1;7 Carbon Monoxide Ion;0.20483870967741935
2;0 Methylidyne;0.027419354838709678
3;1 Formaldehyde;0.027419354838709678
4;2 Sulfur dioxide;0.027419354838709678
5;3 Carbon Monoxide;0.027419354838709678
6;4 Acetaldehyde;0.027419354838709678
7;5 Water;0.027419354838709678
8;6 Imidogen;0.027419354838709678
9;8 Nitric sulfide;0.027419354838709678
10;9 Isocyanic Acid;0.027419354838709678
11;10 Formic Acid;0.027419354838709678
12;11 Amidogen;0.027419354838709678
13;12 Ethylene Glycol;0.027419354838709678
14;13 Methyliumylidene;0.027419354838709678
15;14 Cyanide Radical;0.027419354838709678
16;15 Carbonyl Sulfide;0.027419354838709678
17;16 Hydroxyl;0.027419354838709678
18;17 Nitric oxide;0.027419354838709678
19;18 Methyl Cyanide;0.027419354838709678
20;19 Cyclopropenylidene;0.027419354838709678
21;20 Sulfur Monoxide ion;0.027419354838709678
22;21 Methanol;0.027419354838709678
23;22 Thioformaldehyde;0.027419354838709678
24;23 Ammonia;0.027419354838709678
25;24 Cyanoacetylene;0.027419354838709678
26;25 Hydrogen Cyanide;0.027419354838709678
27;26 Hydrogen sulfide;0.027419354838709678
28;27 Molecular oxygen;0.027419354838709678
29;28 Hydrogen Isocyanide;0.027419354838709678
30;29 Formylium;0.027419354838709678
