1;0 Dimethyl ether;0.007518796992481203
2;1 Butatrienylidene;0.007518796992481203
3;2 Trihydrogen ion;0.007518796992481203
4;3 Nitrous Oxide;0.007518796992481203
5;4 Methyl Acetylene;0.007518796992481203
6;5 2,4,6-Heptatriynenitrile;0.007518796992481203
7;6 Ethylene Glycol;0.007518796992481203
8;7 2,4-Pentadiynylidyne;0.007518796992481203
9;8 Methyl Cyanide;0.007518796992481203
10;9 Thioformylium;0.007518796992481203
11;10 para-Oxidaniumyl;0.007518796992481203
12;11 Hydrogen Cyanide;0.007518796992481203
13;12 Titanium monoxide;0.007518796992481203
14;13 Cyanide Radical;0.007518796992481203
15;14 Formic Acid;0.007518796992481203
16;15 Nitric sulfide;0.007518796992481203
17;16 Iminomethylium;0.007518796992481203
18;17 Aluminum monoxide;0.007518796992481203
19;18 Methyl isocyanate;0.007518796992481203
20;19 Nitrosyl hydride;0.007518796992481203
21;20 Propynylidynium;0.007518796992481203
22;21 Magnesium Cyanide;0.007518796992481203
23;22 1,3-Butadiynyl anion;0.007518796992481203
24;23 Diazenylium;0.007518796992481203
25;24 Methylamine;0.007518796992481203
26;25 Chloronium;0.007518796992481203
27;26 Silicon monosulfide;0.007518796992481203
28;27 Phosphorus Monoxide;0.007518796992481203
29;28 Cyclopropenone;0.007518796992481203
30;29 Carbon Monoxide Ion;0.007518796992481203
31;30 Sodium Cyanide;0.007518796992481203
32;31 Nitric oxide;0.007518796992481203
33;32 3-Thioxo-1,2-Propadieylidene;0.007518796992481203
34;33 Silicon Cyanide;0.007518796992481203
35;34 Ethyne Isocyanide;0.007518796992481203
36;35 Sodium Chloride;0.007518796992481203
37;36 Cyanoacetylene;0.007518796992481203
38;37 Sulfur Monoxide;0.007518796992481203
39;38 Aluminum Isocyanitrile;0.007518796992481203
40;39 Cyanobutadiyne;0.007518796992481203
41;40 Potassium cyanide, potassium isocyanide;0.007518796992481203
42;41 Silicon Mononitride;0.007518796992481203
43;42 Carbon Monoxide;0.007518796992481203
44;43 Propadienylidene;0.007518796992481203
45;44 Methanimine;0.007518796992481203
46;45 Aluminum Monofluoride;0.007518796992481203
47;46 Formamide;0.007518796992481203
48;47 1,3,5,7-Octatetraynyl anion;0.007518796992481203
49;48 Aminoacetonitrile;0.007518796992481203
50;49 Ammonia;0.007518796992481203
51;50 gauche-Ethanol;0.007518796992481203
52;51 Protonate 2-proynenitrile;0.007518796992481203
53;52 Carbonyl Sulfide;0.007518796992481203
54;53 Thioxoethenylidene;0.007518796992481203
55;54 Ethyl cyanide;0.007518796992481203
56;55 Water;0.007518796992481203
57;56 Methyl Formate;0.007518796992481203
58;57 Acetaldehyde;0.007518796992481203
59;58 Ketenimine;0.007518796992481203
60;59 Propenal;0.007518796992481203
61;60 Methyl isocyanide;0.007518796992481203
62;61 iso-propyl cyanide;0.007518796992481203
63;62 Hydrogen cyanide;0.007518796992481203
64;63 Protonated Carbon Dioxide;0.007518796992481203
65;64 Methylidyne;0.007518796992481203
66;65 Ketene;0.007518796992481203
67;66 4-Cyano-1,3-Butadiynyl;0.007518796992481203
68;67 Silicon Monoxide;0.007518796992481203
69;68 Acetone;0.007518796992481203
70;69 Vinyl Cyanide;0.007518796992481203
71;70 3-Imino-1,2 Propadienylidene;0.007518796992481203
72;71 Silicon monoxide (global fit);0.007518796992481203
73;72 Cyclopropenylidene;0.007518796992481203
74;73 Magnesium Isocyanide;0.007518796992481203
75;74 2,4,6-Heptatriynylidyne;0.007518796992481203
76;75 Cyanobutadiynylide anion;0.007518796992481203
77;76 Formaldehyde;0.007518796992481203
78;77 Carbon Monosulfide;0.007518796992481203
79;78 Fulminic acid;0.007518796992481203
80;79 1,3,5-Hexatriynyl;0.007518796992481203
81;80 3-Silanetetrayl-1,2-Propadienylidene;0.007518796992481203
82;81 1,3-Butadiynyl radical;0.007518796992481203
83;82 trans-Ethanol;0.007518796992481203
84;83 Silicon Carbide;0.007518796992481203
85;84 1,3,5-Hexatriynyl anion;0.007518796992481203
86;85 Formylium;0.007518796992481203
87;86 Ethylene Oxide;0.007518796992481203
88;87 Sulfur dioxide;0.007518796992481203
89;88 Carbon Monophosphide;0.007518796992481203
90;89 Sulfur Monoxide ion;0.007518796992481203
91;90 Methanol;0.007518796992481203
92;91 Sulfur Dioxide;0.007518796992481203
93;92 Cyanoformaldehyde;0.007518796992481203
94;93 Isocyanic Acid;0.007518796992481203
95;94 Silicon Isocyanide;0.007518796992481203
96;95 Methylene amidogen;0.007518796992481203
97;96 Silicon Monocarbide;0.007518796992481203
98;97 Phosphaethyne;0.007518796992481203
99;98 Aluminum Monochloride;0.007518796992481203
100;99 Cyanoallene;0.007518796992481203
101;100 3-Oxo-1,2-Propadienylidene;0.007518796992481203
102;101 Methyl diacetylene;0.007518796992481203
103;102 Cyanomethylene;0.007518796992481203
104;103 Phosphapropynylidyne;0.007518796992481203
105;104 Cyanomethyl;0.007518796992481203
106;105 Hydrogen Isocyanide;0.007518796992481203
107;106 Hydrogen sulfide;0.007518796992481203
108;107 Hydroxyl;0.007518796992481203
109;108 Glycolaldehyde;0.007518796992481203
110;109 Cyanide anion;0.007518796992481203
111;110 2-Propynal;0.007518796992481203
112;111 Ethynyl;0.007518796992481203
113;112 Phosphorous nitride;0.007518796992481203
114;113 Magnesium hydride isocyanide;0.007518796992481203
115;114 Potassium chloride;0.007518796992481203
116;115 Silicon tetracarbide;0.007518796992481203
117;116 Ethyl Cyanide;0.007518796992481203
118;117 Cyanamide;0.007518796992481203
119;118 Amidogen;0.007518796992481203
120;119 Hydroxymethylidyne;0.007518796992481203
121;120 Formyl Radical;0.007518796992481203
122;121 Vinyl Alcohol;0.007518796992481203
123;122 ortho-Oxidaniumyl;0.007518796992481203
124;123 Cyanoethynylide ion;0.007518796992481203
125;124 Oxoethenylidene;0.007518796992481203
126;125 2-Butynenitrile;0.007518796992481203
127;126 Cyanoethynyl;0.007518796992481203
128;127 3-Cyano-1,2-propadienylidene;0.007518796992481203
129;128 Hydroxymethylium ion;0.007518796992481203
130;129 Thioformaldehyde;0.007518796992481203
131;130 Isothiocyanic acid;0.007518796992481203
132;131 Methyl formate, v<sub>t</sub> = 0, 1;0.007518796992481203
133;132 Cyanic acid;0.007518796992481203
