1;27 Molecular oxygen;0.5808333333333333
2;4 Acetaldehyde;0.022500000000000003
3;0 Methylidyne;0.014166666666666666
4;1 Formaldehyde;0.014166666666666666
5;2 Sulfur dioxide;0.014166666666666666
6;3 Carbon Monoxide;0.014166666666666666
7;5 Water;0.014166666666666666
8;6 Imidogen;0.014166666666666666
9;7 Carbon Monoxide Ion;0.014166666666666666
10;8 Nitric sulfide;0.014166666666666666
11;9 Isocyanic Acid;0.014166666666666666
12;10 Formic Acid;0.014166666666666666
13;11 Amidogen;0.014166666666666666
14;12 Ethylene Glycol;0.014166666666666666
15;13 Methyliumylidene;0.014166666666666666
16;14 Cyanide Radical;0.014166666666666666
17;15 Carbonyl Sulfide;0.014166666666666666
18;16 Hydroxyl;0.014166666666666666
19;17 Nitric oxide;0.014166666666666666
20;18 Methyl Cyanide;0.014166666666666666
21;19 Cyclopropenylidene;0.014166666666666666
22;20 Sulfur Monoxide ion;0.014166666666666666
23;21 Methanol;0.014166666666666666
24;22 Thioformaldehyde;0.014166666666666666
25;23 Ammonia;0.014166666666666666
26;24 Cyanoacetylene;0.014166666666666666
27;25 Hydrogen Cyanide;0.014166666666666666
28;26 Hydrogen sulfide;0.014166666666666666
29;28 Hydrogen Isocyanide;0.014166666666666666
30;29 Formylium;0.014166666666666666
