1;31 Nitric oxide;0.24786324786324784
2;0 Dimethyl ether;0.005698005698005698
3;1 Butatrienylidene;0.005698005698005698
4;2 Trihydrogen ion;0.005698005698005698
5;3 Nitrous Oxide;0.005698005698005698
6;4 Methyl Acetylene;0.005698005698005698
7;5 2,4,6-Heptatriynenitrile;0.005698005698005698
8;6 Ethylene Glycol;0.005698005698005698
9;7 2,4-Pentadiynylidyne;0.005698005698005698
10;8 Methyl Cyanide;0.005698005698005698
11;9 Thioformylium;0.005698005698005698
12;10 para-Oxidaniumyl;0.005698005698005698
13;11 Hydrogen Cyanide;0.005698005698005698
14;12 Titanium monoxide;0.005698005698005698
15;13 Cyanide Radical;0.005698005698005698
16;14 Formic Acid;0.005698005698005698
17;15 Nitric sulfide;0.005698005698005698
18;16 Iminomethylium;0.005698005698005698
19;17 Aluminum monoxide;0.005698005698005698
20;18 Methyl isocyanate;0.005698005698005698
21;19 Nitrosyl hydride;0.005698005698005698
22;20 Propynylidynium;0.005698005698005698
23;21 Magnesium Cyanide;0.005698005698005698
24;22 1,3-Butadiynyl anion;0.005698005698005698
25;23 Diazenylium;0.005698005698005698
26;24 Methylamine;0.005698005698005698
27;25 Chloronium;0.005698005698005698
28;26 Silicon monosulfide;0.005698005698005698
29;27 Phosphorus Monoxide;0.005698005698005698
30;28 Cyclopropenone;0.005698005698005698
31;29 Carbon Monoxide Ion;0.005698005698005698
32;30 Sodium Cyanide;0.005698005698005698
33;32 3-Thioxo-1,2-Propadieylidene;0.005698005698005698
34;33 Silicon Cyanide;0.005698005698005698
35;34 Ethyne Isocyanide;0.005698005698005698
36;35 Sodium Chloride;0.005698005698005698
37;36 Cyanoacetylene;0.005698005698005698
38;37 Sulfur Monoxide;0.005698005698005698
39;38 Aluminum Isocyanitrile;0.005698005698005698
40;39 Cyanobutadiyne;0.005698005698005698
41;40 Potassium cyanide, potassium isocyanide;0.005698005698005698
42;41 Silicon Mononitride;0.005698005698005698
43;42 Carbon Monoxide;0.005698005698005698
44;43 Propadienylidene;0.005698005698005698
45;44 Methanimine;0.005698005698005698
46;45 Aluminum Monofluoride;0.005698005698005698
47;46 Formamide;0.005698005698005698
48;47 1,3,5,7-Octatetraynyl anion;0.005698005698005698
49;48 Aminoacetonitrile;0.005698005698005698
50;49 Ammonia;0.005698005698005698
51;50 gauche-Ethanol;0.005698005698005698
52;51 Protonate 2-proynenitrile;0.005698005698005698
53;52 Carbonyl Sulfide;0.005698005698005698
54;53 Thioxoethenylidene;0.005698005698005698
55;54 Ethyl cyanide;0.005698005698005698
56;55 Water;0.005698005698005698
57;56 Methyl Formate;0.005698005698005698
58;57 Acetaldehyde;0.005698005698005698
59;58 Ketenimine;0.005698005698005698
60;59 Propenal;0.005698005698005698
61;60 Methyl isocyanide;0.005698005698005698
62;61 iso-propyl cyanide;0.005698005698005698
63;62 Hydrogen cyanide;0.005698005698005698
64;63 Protonated Carbon Dioxide;0.005698005698005698
65;64 Methylidyne;0.005698005698005698
66;65 Ketene;0.005698005698005698
67;66 4-Cyano-1,3-Butadiynyl;0.005698005698005698
68;67 Silicon Monoxide;0.005698005698005698
69;68 Acetone;0.005698005698005698
70;69 Vinyl Cyanide;0.005698005698005698
71;70 3-Imino-1,2 Propadienylidene;0.005698005698005698
72;71 Silicon monoxide (global fit);0.005698005698005698
73;72 Cyclopropenylidene;0.005698005698005698
74;73 Magnesium Isocyanide;0.005698005698005698
75;74 2,4,6-Heptatriynylidyne;0.005698005698005698
76;75 Cyanobutadiynylide anion;0.005698005698005698
77;76 Formaldehyde;0.005698005698005698
78;77 Carbon Monosulfide;0.005698005698005698
79;78 Fulminic acid;0.005698005698005698
80;79 1,3,5-Hexatriynyl;0.005698005698005698
81;80 3-Silanetetrayl-1,2-Propadienylidene;0.005698005698005698
82;81 1,3-Butadiynyl radical;0.005698005698005698
83;82 trans-Ethanol;0.005698005698005698
84;83 Silicon Carbide;0.005698005698005698
85;84 1,3,5-Hexatriynyl anion;0.005698005698005698
86;85 Formylium;0.005698005698005698
87;86 Ethylene Oxide;0.005698005698005698
88;87 Sulfur dioxide;0.005698005698005698
89;88 Carbon Monophosphide;0.005698005698005698
90;89 Sulfur Monoxide ion;0.005698005698005698
91;90 Methanol;0.005698005698005698
92;91 Sulfur Dioxide;0.005698005698005698
93;92 Cyanoformaldehyde;0.005698005698005698
94;93 Isocyanic Acid;0.005698005698005698
95;94 Silicon Isocyanide;0.005698005698005698
96;95 Methylene amidogen;0.005698005698005698
97;96 Silicon Monocarbide;0.005698005698005698
98;97 Phosphaethyne;0.005698005698005698
99;98 Aluminum Monochloride;0.005698005698005698
100;99 Cyanoallene;0.005698005698005698
101;100 3-Oxo-1,2-Propadienylidene;0.005698005698005698
102;101 Methyl diacetylene;0.005698005698005698
103;102 Cyanomethylene;0.005698005698005698
104;103 Phosphapropynylidyne;0.005698005698005698
105;104 Cyanomethyl;0.005698005698005698
106;105 Hydrogen Isocyanide;0.005698005698005698
107;106 Hydrogen sulfide;0.005698005698005698
108;107 Hydroxyl;0.005698005698005698
109;108 Glycolaldehyde;0.005698005698005698
110;109 Cyanide anion;0.005698005698005698
111;110 2-Propynal;0.005698005698005698
112;111 Ethynyl;0.005698005698005698
113;112 Phosphorous nitride;0.005698005698005698
114;113 Magnesium hydride isocyanide;0.005698005698005698
115;114 Potassium chloride;0.005698005698005698
116;115 Silicon tetracarbide;0.005698005698005698
117;116 Ethyl Cyanide;0.005698005698005698
118;117 Cyanamide;0.005698005698005698
119;118 Amidogen;0.005698005698005698
120;119 Hydroxymethylidyne;0.005698005698005698
121;120 Formyl Radical;0.005698005698005698
122;121 Vinyl Alcohol;0.005698005698005698
123;122 ortho-Oxidaniumyl;0.005698005698005698
124;123 Cyanoethynylide ion;0.005698005698005698
125;124 Oxoethenylidene;0.005698005698005698
126;125 2-Butynenitrile;0.005698005698005698
127;126 Cyanoethynyl;0.005698005698005698
128;127 3-Cyano-1,2-propadienylidene;0.005698005698005698
129;128 Hydroxymethylium ion;0.005698005698005698
130;129 Thioformaldehyde;0.005698005698005698
131;130 Isothiocyanic acid;0.005698005698005698
132;131 Methyl formate, v<sub>t</sub> = 0, 1;0.005698005698005698
133;132 Cyanic acid;0.005698005698005698
