1;48 Hexatrienyl;0.6853188929001204
2;51 Carbon Monosulfide;0.011432009626955475
3;0 Ketene;0.005415162454873647
4;1 1,3,5-Hexatriynyl;0.005415162454873647
5;2 Oxonium hydride;0.005415162454873647
6;3 Vinyl Cyanide;0.005415162454873647
7;4 Hydroxyl;0.005415162454873647
8;5 Methyliumylidene;0.005415162454873647
9;6 Carbon Monosulfide;0.005415162454873647
10;7 Cyanomethyl;0.005415162454873647
11;8 Methyl Acetylene;0.005415162454873647
12;9 Ethyl Cyanide;0.005415162454873647
13;10 2,4-Pentadiynylidyne;0.005415162454873647
14;11 4-Cyano-1,3-Butadiynyl;0.005415162454873647
15;12 Water;0.005415162454873647
16;13 Hydrogen sulfide;0.005415162454873647
17;14 Methylene amidogen;0.005415162454873647
18;15 1,3-Butadiynyl radical;0.005415162454873647
19;16 2,4,6,8-Nonatetraynenitrile;0.005415162454873647
20;17 Formylium;0.005415162454873647
21;18 Cyanoallene;0.005415162454873647
22;19 Trihydrogen ion;0.005415162454873647
23;20 Methylcyanodiacetylene;0.005415162454873647
24;21 2,4,6-Heptatriynenitrile;0.005415162454873647
25;22 Methanol;0.005415162454873647
26;23 Ammonia;0.005415162454873647
27;24 Methyl Cyanide;0.005415162454873647
28;25 1,3,5-Hexatriynyl anion;0.005415162454873647
29;26 1,3,5,7-Octatetraynyl anion;0.005415162454873647
30;27 3-Thioxo-1,2-Propadieylidene;0.005415162454873647
31;28 Cyanobutadiyne;0.005415162454873647
32;29 Nitric sulfide;0.005415162454873647
33;30 Sulfur dioxide;0.005415162454873647
34;31 Hydrochloric acid;0.005415162454873647
35;32 2,4,6,8,10-Undecapentaynenitrile;0.005415162454873647
36;33 Cyanide Radical;0.005415162454873647
37;34 Nitric oxide;0.005415162454873647
38;35 Formaldehyde;0.005415162454873647
39;36 Sulfur Monoxide;0.005415162454873647
40;37 Methyltriacetylene;0.005415162454873647
41;38 Hydrogen Cyanide;0.005415162454873647
42;39 Methyl diacetylene;0.005415162454873647
43;40 Methylidyne;0.005415162454873647
44;41 Thioxoethenylidene;0.005415162454873647
45;42 Silicon Monoxide;0.005415162454873647
46;43 1,3,5,7-Octatetraynyl;0.005415162454873647
47;44 Oxoethenylidene;0.005415162454873647
48;45 Propynylidynium;0.005415162454873647
49;46 Carbon Monoxide;0.005415162454873647
50;47 Thioformaldehyde;0.005415162454873647
51;49 Diazenylium;0.005415162454873647
52;50 Hydrogen Isocyanide;0.005415162454873647
53;52 Methylamine;0.005415162454873647
54;53 Formic Acid;0.005415162454873647
55;54 Cyclopropenylidene;0.005415162454873647
56;55 Cyanoacetylene;0.005415162454873647
57;56 para-Oxidaniumyl;0.005415162454873647
58;57 ortho-Oxidaniumyl;0.005415162454873647
