1;34 Formylium;0.5601436265709155
2;0 Methylidyne;0.012567324955116695
3;1 1,3-Butadiynyl radical;0.012567324955116695
4;2 Formaldehyde;0.012567324955116695
5;3 Sulfur dioxide;0.012567324955116695
6;4 Carbon Monoxide;0.012567324955116695
7;5 Water;0.012567324955116695
8;6 Carbon Monoxide Ion;0.012567324955116695
9;7 Nitric sulfide;0.012567324955116695
10;8 Isocyanic Acid;0.012567324955116695
11;9 Methyliumylidene;0.012567324955116695
12;10 Cyanide Radical;0.012567324955116695
13;11 Ethynyl;0.012567324955116695
14;12 Carbonyl Sulfide;0.012567324955116695
15;13 Hydroxyl;0.012567324955116695
16;14 Diazenylium;0.012567324955116695
17;15 Thioxoethenylidene;0.012567324955116695
18;16 Nitric oxide;0.012567324955116695
19;17 Methyl Cyanide;0.012567324955116695
20;18 Cyclopropenylidene;0.012567324955116695
21;19 Methanimine;0.012567324955116695
22;20 Methanol;0.012567324955116695
23;21 Thioformaldehyde;0.012567324955116695
24;22 Ammonia;0.012567324955116695
25;23 Cyanamide;0.012567324955116695
26;24 Cyanoacetylene;0.012567324955116695
27;25 Sodium Chloride;0.012567324955116695
28;26 Silicon Monoxide;0.012567324955116695
29;27 Sulfur Monoxide;0.012567324955116695
30;28 Protonated Carbon Dioxide;0.012567324955116695
31;29 Hydrogen Cyanide;0.012567324955116695
32;30 Carbon Monosulfide;0.012567324955116695
33;31 Hydrogen sulfide;0.012567324955116695
34;32 Molecular oxygen;0.012567324955116695
35;33 Hydrogen Isocyanide;0.012567324955116695
36;35 Methyl Acetylene;0.012567324955116695
