TWHydra_CO3_2line.image;model_extragalactic_tr_500it;1;14 Diazenylium;0.37027707808564225
TWHydra_CO3_2line.image;model_extragalactic_tr_500it;2;4 Carbon Monoxide;0.030226700251889164
TWHydra_CO3_2line.image;model_extragalactic_tr_500it;3;0 Methylidyne;0.017632241813602012
TWHydra_CO3_2line.image;model_extragalactic_tr_500it;4;1 1,3-Butadiynyl radical;0.017632241813602012
TWHydra_CO3_2line.image;model_extragalactic_tr_500it;5;2 Formaldehyde;0.017632241813602012
TWHydra_CO3_2line.image;model_extragalactic_2_500it;1;26 Silicon Monoxide;0.3828715365239294
TWHydra_CO3_2line.image;model_extragalactic_2_500it;2;0 Methylidyne;0.017632241813602012
TWHydra_CO3_2line.image;model_extragalactic_2_500it;3;1 1,3-Butadiynyl radical;0.017632241813602012
TWHydra_CO3_2line.image;model_extragalactic_2_500it;4;2 Formaldehyde;0.017632241813602012
TWHydra_CO3_2line.image;model_extragalactic_2_500it;5;3 Sulfur dioxide;0.017632241813602012
TWHydra_CO3_2line.image;model_extragalactic_full_500it;1;9 Methyliumylidene;0.3828715365239294
TWHydra_CO3_2line.image;model_extragalactic_full_500it;2;0 Methylidyne;0.017632241813602012
TWHydra_CO3_2line.image;model_extragalactic_full_500it;3;1 1,3-Butadiynyl radical;0.017632241813602012
TWHydra_CO3_2line.image;model_extragalactic_full_500it;4;2 Formaldehyde;0.017632241813602012
TWHydra_CO3_2line.image;model_extragalactic_full_500it;5;3 Sulfur dioxide;0.017632241813602012
TWHydra_CO3_2line.image;model_extragalactic_full_expanded_00002_500it;1;29 Hydrogen Cyanide;0.3828715365239294
TWHydra_CO3_2line.image;model_extragalactic_full_expanded_00002_500it;2;0 Methylidyne;0.017632241813602012
TWHydra_CO3_2line.image;model_extragalactic_full_expanded_00002_500it;3;1 1,3-Butadiynyl radical;0.017632241813602012
TWHydra_CO3_2line.image;model_extragalactic_full_expanded_00002_500it;4;2 Formaldehyde;0.017632241813602012
TWHydra_CO3_2line.image;model_extragalactic_full_expanded_00002_500it;5;3 Sulfur dioxide;0.017632241813602012
TWHydra_CO3_2line.image;model_extragalactic_full_expanded_00010_500it;1;4 Carbon Monoxide;0.37027707808564225
TWHydra_CO3_2line.image;model_extragalactic_full_expanded_00010_500it;2;6 Carbon Monoxide Ion;0.030226700251889164
TWHydra_CO3_2line.image;model_extragalactic_full_expanded_00010_500it;3;0 Methylidyne;0.017632241813602012
TWHydra_CO3_2line.image;model_extragalactic_full_expanded_00010_500it;4;1 1,3-Butadiynyl radical;0.017632241813602012
TWHydra_CO3_2line.image;model_extragalactic_full_expanded_00010_500it;5;2 Formaldehyde;0.017632241813602012
uid___A002_Xa916fc_X668__IRS43_HCO32.final.image.pbcor;model_extragalactic_tr_500it;1;9 Methyliumylidene;0.8451327433628318
uid___A002_Xa916fc_X668__IRS43_HCO32.final.image.pbcor;model_extragalactic_tr_500it;2;0 Methylidyne;0.004424778761061947
uid___A002_Xa916fc_X668__IRS43_HCO32.final.image.pbcor;model_extragalactic_tr_500it;3;1 1,3-Butadiynyl radical;0.004424778761061947
uid___A002_Xa916fc_X668__IRS43_HCO32.final.image.pbcor;model_extragalactic_tr_500it;4;2 Formaldehyde;0.004424778761061947
uid___A002_Xa916fc_X668__IRS43_HCO32.final.image.pbcor;model_extragalactic_tr_500it;5;3 Sulfur dioxide;0.004424778761061947
uid___A002_Xa916fc_X668__IRS43_HCO32.final.image.pbcor;model_extragalactic_2_500it;1;9 Methyliumylidene;0.8451327433628318
uid___A002_Xa916fc_X668__IRS43_HCO32.final.image.pbcor;model_extragalactic_2_500it;2;0 Methylidyne;0.004424778761061947
uid___A002_Xa916fc_X668__IRS43_HCO32.final.image.pbcor;model_extragalactic_2_500it;3;1 1,3-Butadiynyl radical;0.004424778761061947
uid___A002_Xa916fc_X668__IRS43_HCO32.final.image.pbcor;model_extragalactic_2_500it;4;2 Formaldehyde;0.004424778761061947
uid___A002_Xa916fc_X668__IRS43_HCO32.final.image.pbcor;model_extragalactic_2_500it;5;3 Sulfur dioxide;0.004424778761061947
uid___A002_Xa916fc_X668__IRS43_HCO32.final.image.pbcor;model_extragalactic_full_500it;1;26 Silicon Monoxide;0.8451327433628318
uid___A002_Xa916fc_X668__IRS43_HCO32.final.image.pbcor;model_extragalactic_full_500it;2;0 Methylidyne;0.004424778761061947
uid___A002_Xa916fc_X668__IRS43_HCO32.final.image.pbcor;model_extragalactic_full_500it;3;1 1,3-Butadiynyl radical;0.004424778761061947
uid___A002_Xa916fc_X668__IRS43_HCO32.final.image.pbcor;model_extragalactic_full_500it;4;2 Formaldehyde;0.004424778761061947
uid___A002_Xa916fc_X668__IRS43_HCO32.final.image.pbcor;model_extragalactic_full_500it;5;3 Sulfur dioxide;0.004424778761061947
uid___A002_Xa916fc_X668__IRS43_HCO32.final.image.pbcor;model_extragalactic_full_expanded_00002_500it;1;15 Thioxoethenylidene;0.8451327433628318
uid___A002_Xa916fc_X668__IRS43_HCO32.final.image.pbcor;model_extragalactic_full_expanded_00002_500it;2;0 Methylidyne;0.004424778761061947
uid___A002_Xa916fc_X668__IRS43_HCO32.final.image.pbcor;model_extragalactic_full_expanded_00002_500it;3;1 1,3-Butadiynyl radical;0.004424778761061947
uid___A002_Xa916fc_X668__IRS43_HCO32.final.image.pbcor;model_extragalactic_full_expanded_00002_500it;4;2 Formaldehyde;0.004424778761061947
uid___A002_Xa916fc_X668__IRS43_HCO32.final.image.pbcor;model_extragalactic_full_expanded_00002_500it;5;3 Sulfur dioxide;0.004424778761061947
uid___A002_Xa916fc_X668__IRS43_HCO32.final.image.pbcor;model_extragalactic_full_expanded_00010_500it;1;9 Methyliumylidene;0.8451327433628318
uid___A002_Xa916fc_X668__IRS43_HCO32.final.image.pbcor;model_extragalactic_full_expanded_00010_500it;2;0 Methylidyne;0.004424778761061947
uid___A002_Xa916fc_X668__IRS43_HCO32.final.image.pbcor;model_extragalactic_full_expanded_00010_500it;3;1 1,3-Butadiynyl radical;0.004424778761061947
uid___A002_Xa916fc_X668__IRS43_HCO32.final.image.pbcor;model_extragalactic_full_expanded_00010_500it;4;2 Formaldehyde;0.004424778761061947
uid___A002_Xa916fc_X668__IRS43_HCO32.final.image.pbcor;model_extragalactic_full_expanded_00010_500it;5;3 Sulfur dioxide;0.004424778761061947
DMTau.CS_5-4.image;model_extragalactic_tr_500it;1;9 Methyliumylidene;0.8214285714285715
DMTau.CS_5-4.image;model_extragalactic_tr_500it;2;0 Methylidyne;0.005102040816326531
DMTau.CS_5-4.image;model_extragalactic_tr_500it;3;1 1,3-Butadiynyl radical;0.005102040816326531
DMTau.CS_5-4.image;model_extragalactic_tr_500it;4;2 Formaldehyde;0.005102040816326531
DMTau.CS_5-4.image;model_extragalactic_tr_500it;5;3 Sulfur dioxide;0.005102040816326531
DMTau.CS_5-4.image;model_extragalactic_2_500it;1;26 Silicon Monoxide;0.8214285714285715
DMTau.CS_5-4.image;model_extragalactic_2_500it;2;0 Methylidyne;0.005102040816326531
DMTau.CS_5-4.image;model_extragalactic_2_500it;3;1 1,3-Butadiynyl radical;0.005102040816326531
DMTau.CS_5-4.image;model_extragalactic_2_500it;4;2 Formaldehyde;0.005102040816326531
DMTau.CS_5-4.image;model_extragalactic_2_500it;5;3 Sulfur dioxide;0.005102040816326531
DMTau.CS_5-4.image;model_extragalactic_full_500it;1;9 Methyliumylidene;0.8214285714285715
DMTau.CS_5-4.image;model_extragalactic_full_500it;2;0 Methylidyne;0.005102040816326531
DMTau.CS_5-4.image;model_extragalactic_full_500it;3;1 1,3-Butadiynyl radical;0.005102040816326531
DMTau.CS_5-4.image;model_extragalactic_full_500it;4;2 Formaldehyde;0.005102040816326531
DMTau.CS_5-4.image;model_extragalactic_full_500it;5;3 Sulfur dioxide;0.005102040816326531
DMTau.CS_5-4.image;model_extragalactic_full_expanded_00002_500it;1;30 Carbon Monosulfide;0.8214285714285715
DMTau.CS_5-4.image;model_extragalactic_full_expanded_00002_500it;2;0 Methylidyne;0.005102040816326531
DMTau.CS_5-4.image;model_extragalactic_full_expanded_00002_500it;3;1 1,3-Butadiynyl radical;0.005102040816326531
DMTau.CS_5-4.image;model_extragalactic_full_expanded_00002_500it;4;2 Formaldehyde;0.005102040816326531
DMTau.CS_5-4.image;model_extragalactic_full_expanded_00002_500it;5;3 Sulfur dioxide;0.005102040816326531
DMTau.CS_5-4.image;model_extragalactic_full_expanded_00010_500it;1;34 Formylium;0.8214285714285715
DMTau.CS_5-4.image;model_extragalactic_full_expanded_00010_500it;2;0 Methylidyne;0.005102040816326531
DMTau.CS_5-4.image;model_extragalactic_full_expanded_00010_500it;3;1 1,3-Butadiynyl radical;0.005102040816326531
DMTau.CS_5-4.image;model_extragalactic_full_expanded_00010_500it;4;2 Formaldehyde;0.005102040816326531
DMTau.CS_5-4.image;model_extragalactic_full_expanded_00010_500it;5;3 Sulfur dioxide;0.005102040816326531
TWHydra_HCOplusline.image;model_extragalactic_tr_500it;1;9 Methyliumylidene;0.34554973821989526
TWHydra_HCOplusline.image;model_extragalactic_tr_500it;2;27 Sulfur Monoxide;0.031413612565445025
TWHydra_HCOplusline.image;model_extragalactic_tr_500it;3;0 Methylidyne;0.01832460732984293
TWHydra_HCOplusline.image;model_extragalactic_tr_500it;4;1 1,3-Butadiynyl radical;0.01832460732984293
TWHydra_HCOplusline.image;model_extragalactic_tr_500it;5;2 Formaldehyde;0.01832460732984293
TWHydra_HCOplusline.image;model_extragalactic_2_500it;1;34 Formylium;0.35863874345549734
TWHydra_HCOplusline.image;model_extragalactic_2_500it;2;0 Methylidyne;0.01832460732984293
TWHydra_HCOplusline.image;model_extragalactic_2_500it;3;1 1,3-Butadiynyl radical;0.01832460732984293
TWHydra_HCOplusline.image;model_extragalactic_2_500it;4;2 Formaldehyde;0.01832460732984293
TWHydra_HCOplusline.image;model_extragalactic_2_500it;5;3 Sulfur dioxide;0.01832460732984293
TWHydra_HCOplusline.image;model_extragalactic_full_500it;1;26 Silicon Monoxide;0.35863874345549734
TWHydra_HCOplusline.image;model_extragalactic_full_500it;2;0 Methylidyne;0.01832460732984293
TWHydra_HCOplusline.image;model_extragalactic_full_500it;3;1 1,3-Butadiynyl radical;0.01832460732984293
TWHydra_HCOplusline.image;model_extragalactic_full_500it;4;2 Formaldehyde;0.01832460732984293
TWHydra_HCOplusline.image;model_extragalactic_full_500it;5;3 Sulfur dioxide;0.01832460732984293
TWHydra_HCOplusline.image;model_extragalactic_full_expanded_00002_500it;1;34 Formylium;0.35863874345549734
TWHydra_HCOplusline.image;model_extragalactic_full_expanded_00002_500it;2;0 Methylidyne;0.01832460732984293
TWHydra_HCOplusline.image;model_extragalactic_full_expanded_00002_500it;3;1 1,3-Butadiynyl radical;0.01832460732984293
TWHydra_HCOplusline.image;model_extragalactic_full_expanded_00002_500it;4;2 Formaldehyde;0.01832460732984293
TWHydra_HCOplusline.image;model_extragalactic_full_expanded_00002_500it;5;3 Sulfur dioxide;0.01832460732984293
TWHydra_HCOplusline.image;model_extragalactic_full_expanded_00010_500it;1;34 Formylium;0.35863874345549734
TWHydra_HCOplusline.image;model_extragalactic_full_expanded_00010_500it;2;0 Methylidyne;0.01832460732984293
TWHydra_HCOplusline.image;model_extragalactic_full_expanded_00010_500it;3;1 1,3-Butadiynyl radical;0.01832460732984293
TWHydra_HCOplusline.image;model_extragalactic_full_expanded_00010_500it;4;2 Formaldehyde;0.01832460732984293
TWHydra_HCOplusline.image;model_extragalactic_full_expanded_00010_500it;5;3 Sulfur dioxide;0.01832460732984293
HD163296_CO_2_1.image;model_extragalactic_tr_500it;1;9 Methyliumylidene;0.5601436265709155
HD163296_CO_2_1.image;model_extragalactic_tr_500it;2;0 Methylidyne;0.012567324955116695
HD163296_CO_2_1.image;model_extragalactic_tr_500it;3;1 1,3-Butadiynyl radical;0.012567324955116695
HD163296_CO_2_1.image;model_extragalactic_tr_500it;4;2 Formaldehyde;0.012567324955116695
HD163296_CO_2_1.image;model_extragalactic_tr_500it;5;3 Sulfur dioxide;0.012567324955116695
HD163296_CO_2_1.image;model_extragalactic_2_500it;1;9 Methyliumylidene;0.5601436265709155
HD163296_CO_2_1.image;model_extragalactic_2_500it;2;0 Methylidyne;0.012567324955116695
HD163296_CO_2_1.image;model_extragalactic_2_500it;3;1 1,3-Butadiynyl radical;0.012567324955116695
HD163296_CO_2_1.image;model_extragalactic_2_500it;4;2 Formaldehyde;0.012567324955116695
HD163296_CO_2_1.image;model_extragalactic_2_500it;5;3 Sulfur dioxide;0.012567324955116695
HD163296_CO_2_1.image;model_extragalactic_full_500it;1;26 Silicon Monoxide;0.5601436265709155
HD163296_CO_2_1.image;model_extragalactic_full_500it;2;0 Methylidyne;0.012567324955116695
HD163296_CO_2_1.image;model_extragalactic_full_500it;3;1 1,3-Butadiynyl radical;0.012567324955116695
HD163296_CO_2_1.image;model_extragalactic_full_500it;4;2 Formaldehyde;0.012567324955116695
HD163296_CO_2_1.image;model_extragalactic_full_500it;5;3 Sulfur dioxide;0.012567324955116695
HD163296_CO_2_1.image;model_extragalactic_full_expanded_00002_500it;1;32 Molecular oxygen;0.5601436265709155
HD163296_CO_2_1.image;model_extragalactic_full_expanded_00002_500it;2;0 Methylidyne;0.012567324955116695
HD163296_CO_2_1.image;model_extragalactic_full_expanded_00002_500it;3;1 1,3-Butadiynyl radical;0.012567324955116695
HD163296_CO_2_1.image;model_extragalactic_full_expanded_00002_500it;4;2 Formaldehyde;0.012567324955116695
HD163296_CO_2_1.image;model_extragalactic_full_expanded_00002_500it;5;3 Sulfur dioxide;0.012567324955116695
HD163296_CO_2_1.image;model_extragalactic_full_expanded_00010_500it;1;34 Formylium;0.5601436265709155
HD163296_CO_2_1.image;model_extragalactic_full_expanded_00010_500it;2;0 Methylidyne;0.012567324955116695
HD163296_CO_2_1.image;model_extragalactic_full_expanded_00010_500it;3;1 1,3-Butadiynyl radical;0.012567324955116695
HD163296_CO_2_1.image;model_extragalactic_full_expanded_00010_500it;4;2 Formaldehyde;0.012567324955116695
HD163296_CO_2_1.image;model_extragalactic_full_expanded_00010_500it;5;3 Sulfur dioxide;0.012567324955116695
Orion.methanol.cbc.contsub.image;model_extragalactic_tr_500it;1;26 Silicon Monoxide;0.547970479704797
Orion.methanol.cbc.contsub.image;model_extragalactic_tr_500it;2;0 Methylidyne;0.012915129151291511
Orion.methanol.cbc.contsub.image;model_extragalactic_tr_500it;3;1 1,3-Butadiynyl radical;0.012915129151291511
Orion.methanol.cbc.contsub.image;model_extragalactic_tr_500it;4;2 Formaldehyde;0.012915129151291511
Orion.methanol.cbc.contsub.image;model_extragalactic_tr_500it;5;3 Sulfur dioxide;0.012915129151291511
Orion.methanol.cbc.contsub.image;model_extragalactic_2_500it;1;9 Methyliumylidene;0.547970479704797
Orion.methanol.cbc.contsub.image;model_extragalactic_2_500it;2;0 Methylidyne;0.012915129151291511
Orion.methanol.cbc.contsub.image;model_extragalactic_2_500it;3;1 1,3-Butadiynyl radical;0.012915129151291511
Orion.methanol.cbc.contsub.image;model_extragalactic_2_500it;4;2 Formaldehyde;0.012915129151291511
Orion.methanol.cbc.contsub.image;model_extragalactic_2_500it;5;3 Sulfur dioxide;0.012915129151291511
Orion.methanol.cbc.contsub.image;model_extragalactic_full_500it;1;9 Methyliumylidene;0.547970479704797
Orion.methanol.cbc.contsub.image;model_extragalactic_full_500it;2;0 Methylidyne;0.012915129151291511
Orion.methanol.cbc.contsub.image;model_extragalactic_full_500it;3;1 1,3-Butadiynyl radical;0.012915129151291511
Orion.methanol.cbc.contsub.image;model_extragalactic_full_500it;4;2 Formaldehyde;0.012915129151291511
Orion.methanol.cbc.contsub.image;model_extragalactic_full_500it;5;3 Sulfur dioxide;0.012915129151291511
Orion.methanol.cbc.contsub.image;model_extragalactic_full_expanded_00002_500it;1;1 1,3-Butadiynyl radical;0.547970479704797
Orion.methanol.cbc.contsub.image;model_extragalactic_full_expanded_00002_500it;2;0 Methylidyne;0.012915129151291511
Orion.methanol.cbc.contsub.image;model_extragalactic_full_expanded_00002_500it;3;2 Formaldehyde;0.012915129151291511
Orion.methanol.cbc.contsub.image;model_extragalactic_full_expanded_00002_500it;4;3 Sulfur dioxide;0.012915129151291511
Orion.methanol.cbc.contsub.image;model_extragalactic_full_expanded_00002_500it;5;4 Carbon Monoxide;0.012915129151291511
Orion.methanol.cbc.contsub.image;model_extragalactic_full_expanded_00010_500it;1;6 Carbon Monoxide Ion;0.547970479704797
Orion.methanol.cbc.contsub.image;model_extragalactic_full_expanded_00010_500it;2;0 Methylidyne;0.012915129151291511
Orion.methanol.cbc.contsub.image;model_extragalactic_full_expanded_00010_500it;3;1 1,3-Butadiynyl radical;0.012915129151291511
Orion.methanol.cbc.contsub.image;model_extragalactic_full_expanded_00010_500it;4;2 Formaldehyde;0.012915129151291511
Orion.methanol.cbc.contsub.image;model_extragalactic_full_expanded_00010_500it;5;3 Sulfur dioxide;0.012915129151291511
Orion.HNC.cbc.contsub.image;model_extragalactic_tr_500it;1;9 Methyliumylidene;0.7756410256410257
Orion.HNC.cbc.contsub.image;model_extragalactic_tr_500it;2;0 Methylidyne;0.00641025641025641
Orion.HNC.cbc.contsub.image;model_extragalactic_tr_500it;3;1 1,3-Butadiynyl radical;0.00641025641025641
Orion.HNC.cbc.contsub.image;model_extragalactic_tr_500it;4;2 Formaldehyde;0.00641025641025641
Orion.HNC.cbc.contsub.image;model_extragalactic_tr_500it;5;3 Sulfur dioxide;0.00641025641025641
Orion.HNC.cbc.contsub.image;model_extragalactic_2_500it;1;9 Methyliumylidene;0.7756410256410257
Orion.HNC.cbc.contsub.image;model_extragalactic_2_500it;2;0 Methylidyne;0.00641025641025641
Orion.HNC.cbc.contsub.image;model_extragalactic_2_500it;3;1 1,3-Butadiynyl radical;0.00641025641025641
Orion.HNC.cbc.contsub.image;model_extragalactic_2_500it;4;2 Formaldehyde;0.00641025641025641
Orion.HNC.cbc.contsub.image;model_extragalactic_2_500it;5;3 Sulfur dioxide;0.00641025641025641
Orion.HNC.cbc.contsub.image;model_extragalactic_full_500it;1;26 Silicon Monoxide;0.7756410256410257
Orion.HNC.cbc.contsub.image;model_extragalactic_full_500it;2;0 Methylidyne;0.00641025641025641
Orion.HNC.cbc.contsub.image;model_extragalactic_full_500it;3;1 1,3-Butadiynyl radical;0.00641025641025641
Orion.HNC.cbc.contsub.image;model_extragalactic_full_500it;4;2 Formaldehyde;0.00641025641025641
Orion.HNC.cbc.contsub.image;model_extragalactic_full_500it;5;3 Sulfur dioxide;0.00641025641025641
Orion.HNC.cbc.contsub.image;model_extragalactic_full_expanded_00002_500it;1;26 Silicon Monoxide;0.7756410256410257
Orion.HNC.cbc.contsub.image;model_extragalactic_full_expanded_00002_500it;2;0 Methylidyne;0.00641025641025641
Orion.HNC.cbc.contsub.image;model_extragalactic_full_expanded_00002_500it;3;1 1,3-Butadiynyl radical;0.00641025641025641
Orion.HNC.cbc.contsub.image;model_extragalactic_full_expanded_00002_500it;4;2 Formaldehyde;0.00641025641025641
Orion.HNC.cbc.contsub.image;model_extragalactic_full_expanded_00002_500it;5;3 Sulfur dioxide;0.00641025641025641
Orion.HNC.cbc.contsub.image;model_extragalactic_full_expanded_00010_500it;1;6 Carbon Monoxide Ion;0.7756410256410257
Orion.HNC.cbc.contsub.image;model_extragalactic_full_expanded_00010_500it;2;0 Methylidyne;0.00641025641025641
Orion.HNC.cbc.contsub.image;model_extragalactic_full_expanded_00010_500it;3;1 1,3-Butadiynyl radical;0.00641025641025641
Orion.HNC.cbc.contsub.image;model_extragalactic_full_expanded_00010_500it;4;2 Formaldehyde;0.00641025641025641
Orion.HNC.cbc.contsub.image;model_extragalactic_full_expanded_00010_500it;5;3 Sulfur dioxide;0.00641025641025641
