1;26 Silicon Monoxide;0.8451327433628318
2;0 Methylidyne;0.004424778761061947
3;1 1,3-Butadiynyl radical;0.004424778761061947
4;2 Formaldehyde;0.004424778761061947
5;3 Sulfur dioxide;0.004424778761061947
6;4 Carbon Monoxide;0.004424778761061947
7;5 Water;0.004424778761061947
8;6 Carbon Monoxide Ion;0.004424778761061947
9;7 Nitric sulfide;0.004424778761061947
10;8 Isocyanic Acid;0.004424778761061947
11;9 Methyliumylidene;0.004424778761061947
12;10 Cyanide Radical;0.004424778761061947
13;11 Ethynyl;0.004424778761061947
14;12 Carbonyl Sulfide;0.004424778761061947
15;13 Hydroxyl;0.004424778761061947
16;14 Diazenylium;0.004424778761061947
17;15 Thioxoethenylidene;0.004424778761061947
18;16 Nitric oxide;0.004424778761061947
19;17 Methyl Cyanide;0.004424778761061947
20;18 Cyclopropenylidene;0.004424778761061947
21;19 Methanimine;0.004424778761061947
22;20 Methanol;0.004424778761061947
23;21 Thioformaldehyde;0.004424778761061947
24;22 Ammonia;0.004424778761061947
25;23 Cyanamide;0.004424778761061947
26;24 Cyanoacetylene;0.004424778761061947
27;25 Sodium Chloride;0.004424778761061947
28;27 Sulfur Monoxide;0.004424778761061947
29;28 Protonated Carbon Dioxide;0.004424778761061947
30;29 Hydrogen Cyanide;0.004424778761061947
31;30 Carbon Monosulfide;0.004424778761061947
32;31 Hydrogen sulfide;0.004424778761061947
33;32 Molecular oxygen;0.004424778761061947
34;33 Hydrogen Isocyanide;0.004424778761061947
35;34 Formylium;0.004424778761061947
36;35 Methyl Acetylene;0.004424778761061947
