1;98 Phosphorous nitride;0.2620215897939156
2;92 Hydrogen sulfide;0.20804710500490675
3;69 Fulminic acid;0.1393523061825319
4;37 Carbon Monoxide;0.09519136408243374
5;95 Cyanide anion;0.05593719332679097
6;56 Hydrogen cyanide;0.011776251226692834
7;41 Formamide;0.006869479882237487
8;68 Carbon Monosulfide;0.006869479882237487
9;0 Dimethyl ether;0.001962708537782139
10;1 Butatrienylidene;0.001962708537782139
11;2 Trihydrogen ion;0.001962708537782139
12;3 Nitrous Oxide;0.001962708537782139
13;4 Methyl Acetylene;0.001962708537782139
14;5 Ethylene Glycol;0.001962708537782139
15;6 Methyl Cyanide;0.001962708537782139
16;7 Thioformylium;0.001962708537782139
17;8 para-Oxidaniumyl;0.001962708537782139
18;9 Hydrogen Cyanide;0.001962708537782139
19;10 Titanium monoxide;0.001962708537782139
20;11 Cyanide Radical;0.001962708537782139
21;12 Formic Acid;0.001962708537782139
22;13 Nitric sulfide;0.001962708537782139
23;14 Iminomethylium;0.001962708537782139
24;15 Aluminum monoxide;0.001962708537782139
25;16 Methyl isocyanate;0.001962708537782139
26;17 Nitrosyl hydride;0.001962708537782139
27;18 Propynylidynium;0.001962708537782139
28;19 Magnesium Cyanide;0.001962708537782139
29;20 Diazenylium;0.001962708537782139
30;21 Methylamine;0.001962708537782139
31;22 Chloronium;0.001962708537782139
32;23 Silicon monosulfide;0.001962708537782139
33;24 Phosphorus Monoxide;0.001962708537782139
34;25 Cyclopropenone;0.001962708537782139
35;26 Carbon Monoxide Ion;0.001962708537782139
36;27 Sodium Cyanide;0.001962708537782139
37;28 Nitric oxide;0.001962708537782139
38;29 Silicon Cyanide;0.001962708537782139
39;30 Ethyne Isocyanide;0.001962708537782139
40;31 Sodium Chloride;0.001962708537782139
41;32 Cyanoacetylene;0.001962708537782139
42;33 Sulfur Monoxide;0.001962708537782139
43;34 Aluminum Isocyanitrile;0.001962708537782139
44;35 Cyanobutadiyne;0.001962708537782139
45;36 Silicon Mononitride;0.001962708537782139
46;38 Propadienylidene;0.001962708537782139
47;39 Methanimine;0.001962708537782139
48;40 Aluminum Monofluoride;0.001962708537782139
49;42 Aminoacetonitrile;0.001962708537782139
50;43 Ammonia;0.001962708537782139
51;44 gauche-Ethanol;0.001962708537782139
52;45 Protonate 2-proynenitrile;0.001962708537782139
53;46 Carbonyl Sulfide;0.001962708537782139
54;47 Thioxoethenylidene;0.001962708537782139
55;48 Ethyl cyanide;0.001962708537782139
56;49 Water;0.001962708537782139
57;50 Methyl Formate;0.001962708537782139
58;51 Acetaldehyde;0.001962708537782139
59;52 Ketenimine;0.001962708537782139
60;53 Propenal;0.001962708537782139
61;54 Methyl isocyanide;0.001962708537782139
62;55 iso-propyl cyanide;0.001962708537782139
63;57 Protonated Carbon Dioxide;0.001962708537782139
64;58 Methylidyne;0.001962708537782139
65;59 Ketene;0.001962708537782139
66;60 Silicon Monoxide;0.001962708537782139
67;61 Acetone;0.001962708537782139
68;62 Vinyl Cyanide;0.001962708537782139
69;63 Silicon monoxide (global fit);0.001962708537782139
70;64 Cyclopropenylidene;0.001962708537782139
71;65 Magnesium Isocyanide;0.001962708537782139
72;66 Cyanobutadiynylide anion;0.001962708537782139
73;67 Formaldehyde;0.001962708537782139
74;70 trans-Ethanol;0.001962708537782139
75;71 Silicon Carbide;0.001962708537782139
76;72 Formylium;0.001962708537782139
77;73 Ethylene Oxide;0.001962708537782139
78;74 Sulfur dioxide;0.001962708537782139
79;75 Carbon Monophosphide;0.001962708537782139
80;76 Sulfur Monoxide ion;0.001962708537782139
81;77 Methanol;0.001962708537782139
82;78 Sulfur Dioxide;0.001962708537782139
83;79 Cyanoformaldehyde;0.001962708537782139
84;80 Isocyanic Acid;0.001962708537782139
85;81 Silicon Isocyanide;0.001962708537782139
86;82 Methylene amidogen;0.001962708537782139
87;83 Silicon Monocarbide;0.001962708537782139
88;84 Phosphaethyne;0.001962708537782139
89;85 Aluminum Monochloride;0.001962708537782139
90;86 Cyanoallene;0.001962708537782139
91;87 Methyl diacetylene;0.001962708537782139
92;88 Cyanomethylene;0.001962708537782139
93;89 Phosphapropynylidyne;0.001962708537782139
94;90 Cyanomethyl;0.001962708537782139
95;91 Hydrogen Isocyanide;0.001962708537782139
96;93 Hydroxyl;0.001962708537782139
97;94 Glycolaldehyde;0.001962708537782139
98;96 2-Propynal;0.001962708537782139
99;97 Ethynyl;0.001962708537782139
100;99 Magnesium hydride isocyanide;0.001962708537782139
101;100 Potassium chloride;0.001962708537782139
102;101 Silicon tetracarbide;0.001962708537782139
103;102 Ethyl Cyanide;0.001962708537782139
104;103 Cyanamide;0.001962708537782139
105;104 Amidogen;0.001962708537782139
106;105 Hydroxymethylidyne;0.001962708537782139
107;106 Formyl Radical;0.001962708537782139
108;107 Vinyl Alcohol;0.001962708537782139
109;108 ortho-Oxidaniumyl;0.001962708537782139
110;109 Cyanoethynylide ion;0.001962708537782139
111;110 Oxoethenylidene;0.001962708537782139
112;111 2-Butynenitrile;0.001962708537782139
113;112 Cyanoethynyl;0.001962708537782139
114;113 Hydroxymethylium ion;0.001962708537782139
115;114 Thioformaldehyde;0.001962708537782139
116;115 Isothiocyanic acid;0.001962708537782139
117;116 Cyanic acid;0.001962708537782139
