DMTau.CS_5-4.image;model_alma_band_6_tr_500it;1;17 Nitrosyl hydride;0.1947674418604651
DMTau.CS_5-4.image;model_alma_band_6_tr_500it;2;80 Isocyanic Acid;0.12209302325581393
DMTau.CS_5-4.image;model_alma_band_6_tr_500it;3;9 Hydrogen Cyanide;0.02034883720930232
DMTau.CS_5-4.image;model_alma_band_6_tr_500it;4;0 Dimethyl ether;0.005813953488372092
DMTau.CS_5-4.image;model_alma_band_6_tr_500it;5;1 Butatrienylidene;0.005813953488372092
DMTau.CS_5-4.image;model_alma_band_6_2_500it;1;93 Hydroxyl;0.3255813953488371
DMTau.CS_5-4.image;model_alma_band_6_2_500it;2;0 Dimethyl ether;0.005813953488372092
DMTau.CS_5-4.image;model_alma_band_6_2_500it;3;1 Butatrienylidene;0.005813953488372092
DMTau.CS_5-4.image;model_alma_band_6_2_500it;4;2 Trihydrogen ion;0.005813953488372092
DMTau.CS_5-4.image;model_alma_band_6_2_500it;5;3 Nitrous Oxide;0.005813953488372092
DMTau.CS_5-4.image;model_alma_band_6_full_500it;1;68 Carbon Monosulfide;0.18023255813953487
DMTau.CS_5-4.image;model_alma_band_6_full_500it;2;34 Aluminum Isocyanitrile;0.1511627906976744
DMTau.CS_5-4.image;model_alma_band_6_full_500it;3;0 Dimethyl ether;0.005813953488372092
DMTau.CS_5-4.image;model_alma_band_6_full_500it;4;1 Butatrienylidene;0.005813953488372092
DMTau.CS_5-4.image;model_alma_band_6_full_500it;5;2 Trihydrogen ion;0.005813953488372092
DMTau.CS_5-4.image;model_alma_band_6_full_expanded_00002_500it;1;68 Carbon Monosulfide;0.3110465116279069
DMTau.CS_5-4.image;model_alma_band_6_full_expanded_00002_500it;2;17 Nitrosyl hydride;0.02034883720930232
DMTau.CS_5-4.image;model_alma_band_6_full_expanded_00002_500it;3;0 Dimethyl ether;0.005813953488372092
DMTau.CS_5-4.image;model_alma_band_6_full_expanded_00002_500it;4;1 Butatrienylidene;0.005813953488372092
DMTau.CS_5-4.image;model_alma_band_6_full_expanded_00002_500it;5;2 Trihydrogen ion;0.005813953488372092
DMTau.CS_5-4.image;model_alma_band_6_full_expanded_00010_500it;1;68 Carbon Monosulfide;0.3255813953488371
DMTau.CS_5-4.image;model_alma_band_6_full_expanded_00010_500it;2;0 Dimethyl ether;0.005813953488372092
DMTau.CS_5-4.image;model_alma_band_6_full_expanded_00010_500it;3;1 Butatrienylidene;0.005813953488372092
DMTau.CS_5-4.image;model_alma_band_6_full_expanded_00010_500it;4;2 Trihydrogen ion;0.005813953488372092
DMTau.CS_5-4.image;model_alma_band_6_full_expanded_00010_500it;5;3 Nitrous Oxide;0.005813953488372092
HD163296_CO_2_1.image;model_alma_band_6_tr_500it;1;40 Aluminum Monofluoride;0.7576054955839058
HD163296_CO_2_1.image;model_alma_band_6_tr_500it;2;110 Oxoethenylidene;0.011776251226692834
HD163296_CO_2_1.image;model_alma_band_6_tr_500it;3;76 Sulfur Monoxide ion;0.006869479882237487
HD163296_CO_2_1.image;model_alma_band_6_tr_500it;4;0 Dimethyl ether;0.001962708537782139
HD163296_CO_2_1.image;model_alma_band_6_tr_500it;5;1 Butatrienylidene;0.001962708537782139
HD163296_CO_2_1.image;model_alma_band_6_2_500it;1;83 Silicon Monocarbide;0.7723258096172718
HD163296_CO_2_1.image;model_alma_band_6_2_500it;2;0 Dimethyl ether;0.001962708537782139
HD163296_CO_2_1.image;model_alma_band_6_2_500it;3;1 Butatrienylidene;0.001962708537782139
HD163296_CO_2_1.image;model_alma_band_6_2_500it;4;2 Trihydrogen ion;0.001962708537782139
HD163296_CO_2_1.image;model_alma_band_6_2_500it;5;3 Nitrous Oxide;0.001962708537782139
HD163296_CO_2_1.image;model_alma_band_6_full_500it;1;98 Phosphorous nitride;0.2620215897939156
HD163296_CO_2_1.image;model_alma_band_6_full_500it;2;92 Hydrogen sulfide;0.20804710500490675
HD163296_CO_2_1.image;model_alma_band_6_full_500it;3;69 Fulminic acid;0.1393523061825319
HD163296_CO_2_1.image;model_alma_band_6_full_500it;4;37 Carbon Monoxide;0.09519136408243374
HD163296_CO_2_1.image;model_alma_band_6_full_500it;5;95 Cyanide anion;0.05593719332679097
HD163296_CO_2_1.image;model_alma_band_6_full_expanded_00002_500it;1;98 Phosphorous nitride;0.7674190382728164
HD163296_CO_2_1.image;model_alma_band_6_full_expanded_00002_500it;2;22 Chloronium;0.006869479882237487
HD163296_CO_2_1.image;model_alma_band_6_full_expanded_00002_500it;3;0 Dimethyl ether;0.001962708537782139
HD163296_CO_2_1.image;model_alma_band_6_full_expanded_00002_500it;4;1 Butatrienylidene;0.001962708537782139
HD163296_CO_2_1.image;model_alma_band_6_full_expanded_00002_500it;5;2 Trihydrogen ion;0.001962708537782139
HD163296_CO_2_1.image;model_alma_band_6_full_expanded_00010_500it;1;116 Cyanic acid;0.6938174681059862
HD163296_CO_2_1.image;model_alma_band_6_full_expanded_00010_500it;2;9 Hydrogen Cyanide;0.02649656526005888
HD163296_CO_2_1.image;model_alma_band_6_full_expanded_00010_500it;3;70 trans-Ethanol;0.021589793915603533
HD163296_CO_2_1.image;model_alma_band_6_full_expanded_00010_500it;4;29 Silicon Cyanide;0.011776251226692834
HD163296_CO_2_1.image;model_alma_band_6_full_expanded_00010_500it;5;58 Methylidyne;0.011776251226692834
uid___A002_Xa916fc_X668__IRS43_HCO32.final.image.pbcor;model_alma_band_6_tr_500it;1;15 Aluminum monoxide;0.8982009653356735
uid___A002_Xa916fc_X668__IRS43_HCO32.final.image.pbcor;model_alma_band_6_tr_500it;2;0 Dimethyl ether;0.0008775778850372971
uid___A002_Xa916fc_X668__IRS43_HCO32.final.image.pbcor;model_alma_band_6_tr_500it;3;1 Butatrienylidene;0.0008775778850372971
uid___A002_Xa916fc_X668__IRS43_HCO32.final.image.pbcor;model_alma_band_6_tr_500it;4;2 Trihydrogen ion;0.0008775778850372971
uid___A002_Xa916fc_X668__IRS43_HCO32.final.image.pbcor;model_alma_band_6_tr_500it;5;3 Nitrous Oxide;0.0008775778850372971
uid___A002_Xa916fc_X668__IRS43_HCO32.final.image.pbcor;model_alma_band_6_2_500it;1;14 Iminomethylium;0.8982009653356735
uid___A002_Xa916fc_X668__IRS43_HCO32.final.image.pbcor;model_alma_band_6_2_500it;2;0 Dimethyl ether;0.0008775778850372971
uid___A002_Xa916fc_X668__IRS43_HCO32.final.image.pbcor;model_alma_band_6_2_500it;3;1 Butatrienylidene;0.0008775778850372971
uid___A002_Xa916fc_X668__IRS43_HCO32.final.image.pbcor;model_alma_band_6_2_500it;4;2 Trihydrogen ion;0.0008775778850372971
uid___A002_Xa916fc_X668__IRS43_HCO32.final.image.pbcor;model_alma_band_6_2_500it;5;3 Nitrous Oxide;0.0008775778850372971
uid___A002_Xa916fc_X668__IRS43_HCO32.final.image.pbcor;model_alma_band_6_full_500it;1;76 Sulfur Monoxide ion;0.5362000877577885
uid___A002_Xa916fc_X668__IRS43_HCO32.final.image.pbcor;model_alma_band_6_full_500it;2;65 Magnesium Isocyanide;0.25756910925844667
uid___A002_Xa916fc_X668__IRS43_HCO32.final.image.pbcor;model_alma_band_6_full_500it;3;20 Diazenylium;0.062308029837648084
uid___A002_Xa916fc_X668__IRS43_HCO32.final.image.pbcor;model_alma_band_6_full_500it;4;72 Formylium;0.0425625274243089
uid___A002_Xa916fc_X668__IRS43_HCO32.final.image.pbcor;model_alma_band_6_full_500it;5;6 Methyl Cyanide;0.0030715225976305394
uid___A002_Xa916fc_X668__IRS43_HCO32.final.image.pbcor;model_alma_band_6_full_expanded_00002_500it;1;57 Protonated Carbon Dioxide;0.893813075910487
uid___A002_Xa916fc_X668__IRS43_HCO32.final.image.pbcor;model_alma_band_6_full_expanded_00002_500it;2;71 Silicon Carbide;0.0030715225976305394
uid___A002_Xa916fc_X668__IRS43_HCO32.final.image.pbcor;model_alma_band_6_full_expanded_00002_500it;3;112 Cyanoethynyl;0.0030715225976305394
uid___A002_Xa916fc_X668__IRS43_HCO32.final.image.pbcor;model_alma_band_6_full_expanded_00002_500it;4;0 Dimethyl ether;0.0008775778850372971
uid___A002_Xa916fc_X668__IRS43_HCO32.final.image.pbcor;model_alma_band_6_full_expanded_00002_500it;5;1 Butatrienylidene;0.0008775778850372971
uid___A002_Xa916fc_X668__IRS43_HCO32.final.image.pbcor;model_alma_band_6_full_expanded_00010_500it;1;52 Ketenimine;0.8740675734971478
uid___A002_Xa916fc_X668__IRS43_HCO32.final.image.pbcor;model_alma_band_6_full_expanded_00010_500it;2;48 Ethyl cyanide;0.007459412022817025
uid___A002_Xa916fc_X668__IRS43_HCO32.final.image.pbcor;model_alma_band_6_full_expanded_00010_500it;3;4 Methyl Acetylene;0.0030715225976305394
uid___A002_Xa916fc_X668__IRS43_HCO32.final.image.pbcor;model_alma_band_6_full_expanded_00010_500it;4;5 Ethylene Glycol;0.0030715225976305394
uid___A002_Xa916fc_X668__IRS43_HCO32.final.image.pbcor;model_alma_band_6_full_expanded_00010_500it;5;14 Iminomethylium;0.0030715225976305394
TWHydra_HCOplusline.image;model_alma_band_6_tr_500it;1;81 Silicon Isocyanide;0.5101214574898785
TWHydra_HCOplusline.image;model_alma_band_6_tr_500it;2;22 Chloronium;0.014170040485829956
TWHydra_HCOplusline.image;model_alma_band_6_tr_500it;3;42 Aminoacetonitrile;0.014170040485829956
TWHydra_HCOplusline.image;model_alma_band_6_tr_500it;4;0 Dimethyl ether;0.004048582995951417
TWHydra_HCOplusline.image;model_alma_band_6_tr_500it;5;1 Butatrienylidene;0.004048582995951417
TWHydra_HCOplusline.image;model_alma_band_6_2_500it;1;3 Nitrous Oxide;0.5303643724696355
TWHydra_HCOplusline.image;model_alma_band_6_2_500it;2;0 Dimethyl ether;0.004048582995951417
TWHydra_HCOplusline.image;model_alma_band_6_2_500it;3;1 Butatrienylidene;0.004048582995951417
TWHydra_HCOplusline.image;model_alma_band_6_2_500it;4;2 Trihydrogen ion;0.004048582995951417
TWHydra_HCOplusline.image;model_alma_band_6_2_500it;5;4 Methyl Acetylene;0.004048582995951417
TWHydra_HCOplusline.image;model_alma_band_6_full_500it;1;7 Thioformylium;0.5303643724696355
TWHydra_HCOplusline.image;model_alma_band_6_full_500it;2;0 Dimethyl ether;0.004048582995951417
TWHydra_HCOplusline.image;model_alma_band_6_full_500it;3;1 Butatrienylidene;0.004048582995951417
TWHydra_HCOplusline.image;model_alma_band_6_full_500it;4;2 Trihydrogen ion;0.004048582995951417
TWHydra_HCOplusline.image;model_alma_band_6_full_500it;5;3 Nitrous Oxide;0.004048582995951417
TWHydra_HCOplusline.image;model_alma_band_6_full_expanded_00002_500it;1;92 Hydrogen sulfide;0.5303643724696355
TWHydra_HCOplusline.image;model_alma_band_6_full_expanded_00002_500it;2;0 Dimethyl ether;0.004048582995951417
TWHydra_HCOplusline.image;model_alma_band_6_full_expanded_00002_500it;3;1 Butatrienylidene;0.004048582995951417
TWHydra_HCOplusline.image;model_alma_band_6_full_expanded_00002_500it;4;2 Trihydrogen ion;0.004048582995951417
TWHydra_HCOplusline.image;model_alma_band_6_full_expanded_00002_500it;5;3 Nitrous Oxide;0.004048582995951417
TWHydra_HCOplusline.image;model_alma_band_6_full_expanded_00010_500it;1;99 Magnesium hydride isocyanide;0.5303643724696355
TWHydra_HCOplusline.image;model_alma_band_6_full_expanded_00010_500it;2;0 Dimethyl ether;0.004048582995951417
TWHydra_HCOplusline.image;model_alma_band_6_full_expanded_00010_500it;3;1 Butatrienylidene;0.004048582995951417
TWHydra_HCOplusline.image;model_alma_band_6_full_expanded_00010_500it;4;2 Trihydrogen ion;0.004048582995951417
TWHydra_HCOplusline.image;model_alma_band_6_full_expanded_00010_500it;5;3 Nitrous Oxide;0.004048582995951417
TWHydra_CO3_2line.image;model_alma_band_6_tr_500it;1;81 Silicon Isocyanide;0.5722021660649819
TWHydra_CO3_2line.image;model_alma_band_6_tr_500it;2;3 Nitrous Oxide;0.012635379061371839
TWHydra_CO3_2line.image;model_alma_band_6_tr_500it;3;0 Dimethyl ether;0.003610108303249097
TWHydra_CO3_2line.image;model_alma_band_6_tr_500it;4;1 Butatrienylidene;0.003610108303249097
TWHydra_CO3_2line.image;model_alma_band_6_tr_500it;5;2 Trihydrogen ion;0.003610108303249097
TWHydra_CO3_2line.image;model_alma_band_6_2_500it;1;3 Nitrous Oxide;0.5812274368231047
TWHydra_CO3_2line.image;model_alma_band_6_2_500it;2;0 Dimethyl ether;0.003610108303249097
TWHydra_CO3_2line.image;model_alma_band_6_2_500it;3;1 Butatrienylidene;0.003610108303249097
TWHydra_CO3_2line.image;model_alma_band_6_2_500it;4;2 Trihydrogen ion;0.003610108303249097
TWHydra_CO3_2line.image;model_alma_band_6_2_500it;5;4 Methyl Acetylene;0.003610108303249097
TWHydra_CO3_2line.image;model_alma_band_6_full_500it;1;84 Phosphaethyne;0.5812274368231047
TWHydra_CO3_2line.image;model_alma_band_6_full_500it;2;0 Dimethyl ether;0.003610108303249097
TWHydra_CO3_2line.image;model_alma_band_6_full_500it;3;1 Butatrienylidene;0.003610108303249097
TWHydra_CO3_2line.image;model_alma_band_6_full_500it;4;2 Trihydrogen ion;0.003610108303249097
TWHydra_CO3_2line.image;model_alma_band_6_full_500it;5;3 Nitrous Oxide;0.003610108303249097
TWHydra_CO3_2line.image;model_alma_band_6_full_expanded_00002_500it;1;89 Phosphapropynylidyne;0.5812274368231047
TWHydra_CO3_2line.image;model_alma_band_6_full_expanded_00002_500it;2;0 Dimethyl ether;0.003610108303249097
TWHydra_CO3_2line.image;model_alma_band_6_full_expanded_00002_500it;3;1 Butatrienylidene;0.003610108303249097
TWHydra_CO3_2line.image;model_alma_band_6_full_expanded_00002_500it;4;2 Trihydrogen ion;0.003610108303249097
TWHydra_CO3_2line.image;model_alma_band_6_full_expanded_00002_500it;5;3 Nitrous Oxide;0.003610108303249097
TWHydra_CO3_2line.image;model_alma_band_6_full_expanded_00010_500it;1;20 Diazenylium;0.5812274368231047
TWHydra_CO3_2line.image;model_alma_band_6_full_expanded_00010_500it;2;0 Dimethyl ether;0.003610108303249097
TWHydra_CO3_2line.image;model_alma_band_6_full_expanded_00010_500it;3;1 Butatrienylidene;0.003610108303249097
TWHydra_CO3_2line.image;model_alma_band_6_full_expanded_00010_500it;4;2 Trihydrogen ion;0.003610108303249097
TWHydra_CO3_2line.image;model_alma_band_6_full_expanded_00010_500it;5;3 Nitrous Oxide;0.003610108303249097
Orion.HNC.cbc.contsub.image;model_alma_band_6_tr_500it;1;22 Chloronium;0.8341168569509738
Orion.HNC.cbc.contsub.image;model_alma_band_6_tr_500it;2;29 Silicon Cyanide;0.004701141705842847
Orion.HNC.cbc.contsub.image;model_alma_band_6_tr_500it;3;34 Aluminum Isocyanitrile;0.004701141705842847
Orion.HNC.cbc.contsub.image;model_alma_band_6_tr_500it;4;61 Acetone;0.004701141705842847
Orion.HNC.cbc.contsub.image;model_alma_band_6_tr_500it;5;0 Dimethyl ether;0.001343183344526528
Orion.HNC.cbc.contsub.image;model_alma_band_6_2_500it;1;34 Aluminum Isocyanitrile;0.6292813969106783
Orion.HNC.cbc.contsub.image;model_alma_band_6_2_500it;2;18 Propynylidynium;0.216252518468771
Orion.HNC.cbc.contsub.image;model_alma_band_6_2_500it;3;0 Dimethyl ether;0.001343183344526528
Orion.HNC.cbc.contsub.image;model_alma_band_6_2_500it;4;1 Butatrienylidene;0.001343183344526528
Orion.HNC.cbc.contsub.image;model_alma_band_6_2_500it;5;2 Trihydrogen ion;0.001343183344526528
Orion.HNC.cbc.contsub.image;model_alma_band_6_full_500it;1;76 Sulfur Monoxide ion;0.4613834788448623
Orion.HNC.cbc.contsub.image;model_alma_band_6_full_500it;2;56 Hydrogen cyanide;0.2330423102753526
Orion.HNC.cbc.contsub.image;model_alma_band_6_full_500it;3;18 Propynylidynium;0.14573539288112827
Orion.HNC.cbc.contsub.image;model_alma_band_6_full_500it;4;22 Chloronium;0.004701141705842847
Orion.HNC.cbc.contsub.image;model_alma_band_6_full_500it;5;69 Fulminic acid;0.004701141705842847
Orion.HNC.cbc.contsub.image;model_alma_band_6_full_expanded_00002_500it;1;37 Carbon Monoxide;0.8441907320349228
Orion.HNC.cbc.contsub.image;model_alma_band_6_full_expanded_00002_500it;2;0 Dimethyl ether;0.001343183344526528
Orion.HNC.cbc.contsub.image;model_alma_band_6_full_expanded_00002_500it;3;1 Butatrienylidene;0.001343183344526528
Orion.HNC.cbc.contsub.image;model_alma_band_6_full_expanded_00002_500it;4;2 Trihydrogen ion;0.001343183344526528
Orion.HNC.cbc.contsub.image;model_alma_band_6_full_expanded_00002_500it;5;3 Nitrous Oxide;0.001343183344526528
Orion.HNC.cbc.contsub.image;model_alma_band_6_full_expanded_00010_500it;1;84 Phosphaethyne;0.8408327736736064
Orion.HNC.cbc.contsub.image;model_alma_band_6_full_expanded_00010_500it;2;94 Glycolaldehyde;0.004701141705842847
Orion.HNC.cbc.contsub.image;model_alma_band_6_full_expanded_00010_500it;3;0 Dimethyl ether;0.001343183344526528
Orion.HNC.cbc.contsub.image;model_alma_band_6_full_expanded_00010_500it;4;1 Butatrienylidene;0.001343183344526528
Orion.HNC.cbc.contsub.image;model_alma_band_6_full_expanded_00010_500it;5;2 Trihydrogen ion;0.001343183344526528
Orion.methanol.cbc.contsub.image;model_alma_band_6_tr_500it;1;15 Aluminum monoxide;0.6790450928381963
Orion.methanol.cbc.contsub.image;model_alma_band_6_tr_500it;2;104 Amidogen;0.015915119363395222
Orion.methanol.cbc.contsub.image;model_alma_band_6_tr_500it;3;0 Dimethyl ether;0.002652519893899204
Orion.methanol.cbc.contsub.image;model_alma_band_6_tr_500it;4;1 Butatrienylidene;0.002652519893899204
Orion.methanol.cbc.contsub.image;model_alma_band_6_tr_500it;5;2 Trihydrogen ion;0.002652519893899204
Orion.methanol.cbc.contsub.image;model_alma_band_6_2_500it;1;2 Trihydrogen ion;0.6923076923076923
Orion.methanol.cbc.contsub.image;model_alma_band_6_2_500it;2;0 Dimethyl ether;0.002652519893899204
Orion.methanol.cbc.contsub.image;model_alma_band_6_2_500it;3;1 Butatrienylidene;0.002652519893899204
Orion.methanol.cbc.contsub.image;model_alma_band_6_2_500it;4;3 Nitrous Oxide;0.002652519893899204
Orion.methanol.cbc.contsub.image;model_alma_band_6_2_500it;5;4 Methyl Acetylene;0.002652519893899204
Orion.methanol.cbc.contsub.image;model_alma_band_6_full_500it;1;26 Carbon Monoxide Ion;0.2679045092838196
Orion.methanol.cbc.contsub.image;model_alma_band_6_full_500it;2;7 Thioformylium;0.1485411140583554
Orion.methanol.cbc.contsub.image;model_alma_band_6_full_500it;3;23 Silicon monosulfide;0.10212201591511935
Orion.methanol.cbc.contsub.image;model_alma_band_6_full_500it;4;98 Phosphorous nitride;0.06896551724137931
Orion.methanol.cbc.contsub.image;model_alma_band_6_full_500it;5;11 Cyanide Radical;0.055702917771883284
Orion.methanol.cbc.contsub.image;model_alma_band_6_full_expanded_00002_500it;1;9 Hydrogen Cyanide;0.6923076923076923
Orion.methanol.cbc.contsub.image;model_alma_band_6_full_expanded_00002_500it;2;0 Dimethyl ether;0.002652519893899204
Orion.methanol.cbc.contsub.image;model_alma_band_6_full_expanded_00002_500it;3;1 Butatrienylidene;0.002652519893899204
Orion.methanol.cbc.contsub.image;model_alma_band_6_full_expanded_00002_500it;4;2 Trihydrogen ion;0.002652519893899204
Orion.methanol.cbc.contsub.image;model_alma_band_6_full_expanded_00002_500it;5;3 Nitrous Oxide;0.002652519893899204
Orion.methanol.cbc.contsub.image;model_alma_band_6_full_expanded_00010_500it;1;33 Sulfur Monoxide;0.6790450928381963
Orion.methanol.cbc.contsub.image;model_alma_band_6_full_expanded_00010_500it;2;53 Propenal;0.009283819628647213
Orion.methanol.cbc.contsub.image;model_alma_band_6_full_expanded_00010_500it;3;116 Cyanic acid;0.009283819628647213
Orion.methanol.cbc.contsub.image;model_alma_band_6_full_expanded_00010_500it;4;0 Dimethyl ether;0.002652519893899204
Orion.methanol.cbc.contsub.image;model_alma_band_6_full_expanded_00010_500it;5;1 Butatrienylidene;0.002652519893899204
