1;84 Phosphaethyne;0.5812274368231047
2;0 Dimethyl ether;0.003610108303249097
3;1 Butatrienylidene;0.003610108303249097
4;2 Trihydrogen ion;0.003610108303249097
5;3 Nitrous Oxide;0.003610108303249097
6;4 Methyl Acetylene;0.003610108303249097
7;5 Ethylene Glycol;0.003610108303249097
8;6 Methyl Cyanide;0.003610108303249097
9;7 Thioformylium;0.003610108303249097
10;8 para-Oxidaniumyl;0.003610108303249097
11;9 Hydrogen Cyanide;0.003610108303249097
12;10 Titanium monoxide;0.003610108303249097
13;11 Cyanide Radical;0.003610108303249097
14;12 Formic Acid;0.003610108303249097
15;13 Nitric sulfide;0.003610108303249097
16;14 Iminomethylium;0.003610108303249097
17;15 Aluminum monoxide;0.003610108303249097
18;16 Methyl isocyanate;0.003610108303249097
19;17 Nitrosyl hydride;0.003610108303249097
20;18 Propynylidynium;0.003610108303249097
21;19 Magnesium Cyanide;0.003610108303249097
22;20 Diazenylium;0.003610108303249097
23;21 Methylamine;0.003610108303249097
24;22 Chloronium;0.003610108303249097
25;23 Silicon monosulfide;0.003610108303249097
26;24 Phosphorus Monoxide;0.003610108303249097
27;25 Cyclopropenone;0.003610108303249097
28;26 Carbon Monoxide Ion;0.003610108303249097
29;27 Sodium Cyanide;0.003610108303249097
30;28 Nitric oxide;0.003610108303249097
31;29 Silicon Cyanide;0.003610108303249097
32;30 Ethyne Isocyanide;0.003610108303249097
33;31 Sodium Chloride;0.003610108303249097
34;32 Cyanoacetylene;0.003610108303249097
35;33 Sulfur Monoxide;0.003610108303249097
36;34 Aluminum Isocyanitrile;0.003610108303249097
37;35 Cyanobutadiyne;0.003610108303249097
38;36 Silicon Mononitride;0.003610108303249097
39;37 Carbon Monoxide;0.003610108303249097
40;38 Propadienylidene;0.003610108303249097
41;39 Methanimine;0.003610108303249097
42;40 Aluminum Monofluoride;0.003610108303249097
43;41 Formamide;0.003610108303249097
44;42 Aminoacetonitrile;0.003610108303249097
45;43 Ammonia;0.003610108303249097
46;44 gauche-Ethanol;0.003610108303249097
47;45 Protonate 2-proynenitrile;0.003610108303249097
48;46 Carbonyl Sulfide;0.003610108303249097
49;47 Thioxoethenylidene;0.003610108303249097
50;48 Ethyl cyanide;0.003610108303249097
51;49 Water;0.003610108303249097
52;50 Methyl Formate;0.003610108303249097
53;51 Acetaldehyde;0.003610108303249097
54;52 Ketenimine;0.003610108303249097
55;53 Propenal;0.003610108303249097
56;54 Methyl isocyanide;0.003610108303249097
57;55 iso-propyl cyanide;0.003610108303249097
58;56 Hydrogen cyanide;0.003610108303249097
59;57 Protonated Carbon Dioxide;0.003610108303249097
60;58 Methylidyne;0.003610108303249097
61;59 Ketene;0.003610108303249097
62;60 Silicon Monoxide;0.003610108303249097
63;61 Acetone;0.003610108303249097
64;62 Vinyl Cyanide;0.003610108303249097
65;63 Silicon monoxide (global fit);0.003610108303249097
66;64 Cyclopropenylidene;0.003610108303249097
67;65 Magnesium Isocyanide;0.003610108303249097
68;66 Cyanobutadiynylide anion;0.003610108303249097
69;67 Formaldehyde;0.003610108303249097
70;68 Carbon Monosulfide;0.003610108303249097
71;69 Fulminic acid;0.003610108303249097
72;70 trans-Ethanol;0.003610108303249097
73;71 Silicon Carbide;0.003610108303249097
74;72 Formylium;0.003610108303249097
75;73 Ethylene Oxide;0.003610108303249097
76;74 Sulfur dioxide;0.003610108303249097
77;75 Carbon Monophosphide;0.003610108303249097
78;76 Sulfur Monoxide ion;0.003610108303249097
79;77 Methanol;0.003610108303249097
80;78 Sulfur Dioxide;0.003610108303249097
81;79 Cyanoformaldehyde;0.003610108303249097
82;80 Isocyanic Acid;0.003610108303249097
83;81 Silicon Isocyanide;0.003610108303249097
84;82 Methylene amidogen;0.003610108303249097
85;83 Silicon Monocarbide;0.003610108303249097
86;85 Aluminum Monochloride;0.003610108303249097
87;86 Cyanoallene;0.003610108303249097
88;87 Methyl diacetylene;0.003610108303249097
89;88 Cyanomethylene;0.003610108303249097
90;89 Phosphapropynylidyne;0.003610108303249097
91;90 Cyanomethyl;0.003610108303249097
92;91 Hydrogen Isocyanide;0.003610108303249097
93;92 Hydrogen sulfide;0.003610108303249097
94;93 Hydroxyl;0.003610108303249097
95;94 Glycolaldehyde;0.003610108303249097
96;95 Cyanide anion;0.003610108303249097
97;96 2-Propynal;0.003610108303249097
98;97 Ethynyl;0.003610108303249097
99;98 Phosphorous nitride;0.003610108303249097
100;99 Magnesium hydride isocyanide;0.003610108303249097
101;100 Potassium chloride;0.003610108303249097
102;101 Silicon tetracarbide;0.003610108303249097
103;102 Ethyl Cyanide;0.003610108303249097
104;103 Cyanamide;0.003610108303249097
105;104 Amidogen;0.003610108303249097
106;105 Hydroxymethylidyne;0.003610108303249097
107;106 Formyl Radical;0.003610108303249097
108;107 Vinyl Alcohol;0.003610108303249097
109;108 ortho-Oxidaniumyl;0.003610108303249097
110;109 Cyanoethynylide ion;0.003610108303249097
111;110 Oxoethenylidene;0.003610108303249097
112;111 2-Butynenitrile;0.003610108303249097
113;112 Cyanoethynyl;0.003610108303249097
114;113 Hydroxymethylium ion;0.003610108303249097
115;114 Thioformaldehyde;0.003610108303249097
116;115 Isothiocyanic acid;0.003610108303249097
117;116 Cyanic acid;0.003610108303249097
