1;25 Fulminic acid;0.3827956989247312
2;1 Propenal;0.02795698924731183
3;27 Methanimine;0.017204301075268817
4;29 Propadienylidene;0.017204301075268817
5;60 Hydrogen Cyanide;0.017204301075268817
6;63 Thioxoethenylidene;0.017204301075268817
7;76 Carbon Monosulfide;0.017204301075268817
8;0 Isocyanic Acid;0.0064516129032258064
9;2 Ketene;0.0064516129032258064
10;3 Oxonium hydride;0.0064516129032258064
11;4 Thioformylium;0.0064516129032258064
12;5 Vinyl Cyanide;0.0064516129032258064
13;6 Methyl Formate;0.0064516129032258064
14;7 Hydroxyl;0.0064516129032258064
15;8 Methyliumylidene;0.0064516129032258064
16;9 Iminomethylium;0.0064516129032258064
17;10 Hydroxymethylium ion;0.0064516129032258064
18;11 2-Propynal;0.0064516129032258064
19;12 Carbon Monosulfide;0.0064516129032258064
20;13 Cyanomethyl;0.0064516129032258064
21;14 Methyl Acetylene;0.0064516129032258064
22;15 2-Butynenitrile;0.0064516129032258064
23;16 Methyl formate vt01;0.0064516129032258064
24;17 Ethyl Cyanide;0.0064516129032258064
25;18 gauche-Ethanol;0.0064516129032258064
26;19 Glycolaldehyde;0.0064516129032258064
27;20 Water;0.0064516129032258064
28;21 Hydrogen sulfide;0.0064516129032258064
29;22 Sulfur Monoxide ion;0.0064516129032258064
30;23 1,3-Butadiynyl radical;0.0064516129032258064
31;24 Formylium;0.0064516129032258064
32;26 Trihydrogen ion;0.0064516129032258064
33;28 Nitrous Oxide;0.0064516129032258064
34;30 Ethylene Oxide;0.0064516129032258064
35;31 Ketenimine;0.0064516129032258064
36;32 2,4,6-Heptatriynenitrile;0.0064516129032258064
37;33 Aminoacetonitrile;0.0064516129032258064
38;34 Methanol;0.0064516129032258064
39;35 Ammonia;0.0064516129032258064
40;36 Formyl Radical;0.0064516129032258064
41;37 Methyl Cyanide;0.0064516129032258064
42;38 Molecular oxygen;0.0064516129032258064
43;39 Cyclopropenone;0.0064516129032258064
44;40 Carbonyl Sulfide;0.0064516129032258064
45;41 Acetaldehyde;0.0064516129032258064
46;42 Cyanomethylene;0.0064516129032258064
47;43 3-Thioxo-1,2-Propadieylidene;0.0064516129032258064
48;44 Formamide;0.0064516129032258064
49;45 Cyanobutadiyne;0.0064516129032258064
50;46 Sulfur Dioxide;0.0064516129032258064
51;47 Methyl isocyanide;0.0064516129032258064
52;48 Nitric sulfide;0.0064516129032258064
53;49 Methylene;0.0064516129032258064
54;50 Hydrochloric acid;0.0064516129032258064
55;51 Ethyne Isocyanide;0.0064516129032258064
56;52 Cyanide Radical;0.0064516129032258064
57;53 Nitric oxide;0.0064516129032258064
58;54 Cyanic acid;0.0064516129032258064
59;55 Formaldehyde;0.0064516129032258064
60;56 Sulfur Monoxide;0.0064516129032258064
61;57 Protonate 2-proynenitrile;0.0064516129032258064
62;58 Ethynyl;0.0064516129032258064
63;59 Ethylene Glycol;0.0064516129032258064
64;61 Fluoromethyliumylidene;0.0064516129032258064
65;62 Methylidyne;0.0064516129032258064
66;64 Cyanomethanimine;0.0064516129032258064
67;65 Silicon Monoxide;0.0064516129032258064
68;66 Dimethyl ether;0.0064516129032258064
69;67 Acetone;0.0064516129032258064
70;68 Carbon Monoxide;0.0064516129032258064
71;69 Phosphorous nitride;0.0064516129032258064
72;70 Thioformaldehyde;0.0064516129032258064
73;71 Diazenylium;0.0064516129032258064
74;72 Cyanoformaldehyde;0.0064516129032258064
75;73 Isothiocyanic acid;0.0064516129032258064
76;74 Vinyl Alcohol;0.0064516129032258064
77;75 Hydrogen Isocyanide;0.0064516129032258064
78;77 Methylamine;0.0064516129032258064
79;78 Protonated Carbon Dioxide;0.0064516129032258064
80;79 Formic Acid;0.0064516129032258064
81;80 Cyclopropenylidene;0.0064516129032258064
82;81 Cyanoacetylene;0.0064516129032258064
83;82 para-Oxidaniumyl;0.0064516129032258064
84;83 ortho-Oxidaniumyl;0.0064516129032258064
85;84 Nitrosyl hydride;0.0064516129032258064
