1;8 Methyliumylidene;0.22150537634408604
2;75 Hydrogen Isocyanide;0.16774193548387095
3;12 Carbon Monosulfide;0.07096774193548387
4;11 2-Propynal;0.017204301075268817
5;0 Isocyanic Acid;0.0064516129032258064
6;1 Propenal;0.0064516129032258064
7;2 Ketene;0.0064516129032258064
8;3 Oxonium hydride;0.0064516129032258064
9;4 Thioformylium;0.0064516129032258064
10;5 Vinyl Cyanide;0.0064516129032258064
11;6 Methyl Formate;0.0064516129032258064
12;7 Hydroxyl;0.0064516129032258064
13;9 Iminomethylium;0.0064516129032258064
14;10 Hydroxymethylium ion;0.0064516129032258064
15;13 Cyanomethyl;0.0064516129032258064
16;14 Methyl Acetylene;0.0064516129032258064
17;15 2-Butynenitrile;0.0064516129032258064
18;16 Methyl formate vt01;0.0064516129032258064
19;17 Ethyl Cyanide;0.0064516129032258064
20;18 gauche-Ethanol;0.0064516129032258064
21;19 Glycolaldehyde;0.0064516129032258064
22;20 Water;0.0064516129032258064
23;21 Hydrogen sulfide;0.0064516129032258064
24;22 Sulfur Monoxide ion;0.0064516129032258064
25;23 1,3-Butadiynyl radical;0.0064516129032258064
26;24 Formylium;0.0064516129032258064
27;25 Fulminic acid;0.0064516129032258064
28;26 Trihydrogen ion;0.0064516129032258064
29;27 Methanimine;0.0064516129032258064
30;28 Nitrous Oxide;0.0064516129032258064
31;29 Propadienylidene;0.0064516129032258064
32;30 Ethylene Oxide;0.0064516129032258064
33;31 Ketenimine;0.0064516129032258064
34;32 2,4,6-Heptatriynenitrile;0.0064516129032258064
35;33 Aminoacetonitrile;0.0064516129032258064
36;34 Methanol;0.0064516129032258064
37;35 Ammonia;0.0064516129032258064
38;36 Formyl Radical;0.0064516129032258064
39;37 Methyl Cyanide;0.0064516129032258064
40;38 Molecular oxygen;0.0064516129032258064
41;39 Cyclopropenone;0.0064516129032258064
42;40 Carbonyl Sulfide;0.0064516129032258064
43;41 Acetaldehyde;0.0064516129032258064
44;42 Cyanomethylene;0.0064516129032258064
45;43 3-Thioxo-1,2-Propadieylidene;0.0064516129032258064
46;44 Formamide;0.0064516129032258064
47;45 Cyanobutadiyne;0.0064516129032258064
48;46 Sulfur Dioxide;0.0064516129032258064
49;47 Methyl isocyanide;0.0064516129032258064
50;48 Nitric sulfide;0.0064516129032258064
51;49 Methylene;0.0064516129032258064
52;50 Hydrochloric acid;0.0064516129032258064
53;51 Ethyne Isocyanide;0.0064516129032258064
54;52 Cyanide Radical;0.0064516129032258064
55;53 Nitric oxide;0.0064516129032258064
56;54 Cyanic acid;0.0064516129032258064
57;55 Formaldehyde;0.0064516129032258064
58;56 Sulfur Monoxide;0.0064516129032258064
59;57 Protonate 2-proynenitrile;0.0064516129032258064
60;58 Ethynyl;0.0064516129032258064
61;59 Ethylene Glycol;0.0064516129032258064
62;60 Hydrogen Cyanide;0.0064516129032258064
63;61 Fluoromethyliumylidene;0.0064516129032258064
64;62 Methylidyne;0.0064516129032258064
65;63 Thioxoethenylidene;0.0064516129032258064
66;64 Cyanomethanimine;0.0064516129032258064
67;65 Silicon Monoxide;0.0064516129032258064
68;66 Dimethyl ether;0.0064516129032258064
69;67 Acetone;0.0064516129032258064
70;68 Carbon Monoxide;0.0064516129032258064
71;69 Phosphorous nitride;0.0064516129032258064
72;70 Thioformaldehyde;0.0064516129032258064
73;71 Diazenylium;0.0064516129032258064
74;72 Cyanoformaldehyde;0.0064516129032258064
75;73 Isothiocyanic acid;0.0064516129032258064
76;74 Vinyl Alcohol;0.0064516129032258064
77;76 Carbon Monosulfide;0.0064516129032258064
78;77 Methylamine;0.0064516129032258064
79;78 Protonated Carbon Dioxide;0.0064516129032258064
80;79 Formic Acid;0.0064516129032258064
81;80 Cyclopropenylidene;0.0064516129032258064
82;81 Cyanoacetylene;0.0064516129032258064
83;82 para-Oxidaniumyl;0.0064516129032258064
84;83 ortho-Oxidaniumyl;0.0064516129032258064
85;84 Nitrosyl hydride;0.0064516129032258064
