1;8 Methyliumylidene;0.34377880184331794
2;9 Iminomethylium;0.223963133640553
3;61 Fluoromethyliumylidene;0.04884792626728111
4;25 Fulminic acid;0.03963133640552995
5;76 Carbon Monosulfide;0.03963133640552995
6;15 2-Butynenitrile;0.0304147465437788
7;28 Nitrous Oxide;0.0304147465437788
8;75 Hydrogen Isocyanide;0.0304147465437788
9;0 Isocyanic Acid;0.0027649769585253456
10;1 Propenal;0.0027649769585253456
11;2 Ketene;0.0027649769585253456
12;3 Oxonium hydride;0.0027649769585253456
13;4 Thioformylium;0.0027649769585253456
14;5 Vinyl Cyanide;0.0027649769585253456
15;6 Methyl Formate;0.0027649769585253456
16;7 Hydroxyl;0.0027649769585253456
17;10 Hydroxymethylium ion;0.0027649769585253456
18;11 2-Propynal;0.0027649769585253456
19;12 Carbon Monosulfide;0.0027649769585253456
20;13 Cyanomethyl;0.0027649769585253456
21;14 Methyl Acetylene;0.0027649769585253456
22;16 Methyl formate vt01;0.0027649769585253456
23;17 Ethyl Cyanide;0.0027649769585253456
24;18 gauche-Ethanol;0.0027649769585253456
25;19 Glycolaldehyde;0.0027649769585253456
26;20 Water;0.0027649769585253456
27;21 Hydrogen sulfide;0.0027649769585253456
28;22 Sulfur Monoxide ion;0.0027649769585253456
29;23 1,3-Butadiynyl radical;0.0027649769585253456
30;24 Formylium;0.0027649769585253456
31;26 Trihydrogen ion;0.0027649769585253456
32;27 Methanimine;0.0027649769585253456
33;29 Propadienylidene;0.0027649769585253456
34;30 Ethylene Oxide;0.0027649769585253456
35;31 Ketenimine;0.0027649769585253456
36;32 2,4,6-Heptatriynenitrile;0.0027649769585253456
37;33 Aminoacetonitrile;0.0027649769585253456
38;34 Methanol;0.0027649769585253456
39;35 Ammonia;0.0027649769585253456
40;36 Formyl Radical;0.0027649769585253456
41;37 Methyl Cyanide;0.0027649769585253456
42;38 Molecular oxygen;0.0027649769585253456
43;39 Cyclopropenone;0.0027649769585253456
44;40 Carbonyl Sulfide;0.0027649769585253456
45;41 Acetaldehyde;0.0027649769585253456
46;42 Cyanomethylene;0.0027649769585253456
47;43 3-Thioxo-1,2-Propadieylidene;0.0027649769585253456
48;44 Formamide;0.0027649769585253456
49;45 Cyanobutadiyne;0.0027649769585253456
50;46 Sulfur Dioxide;0.0027649769585253456
51;47 Methyl isocyanide;0.0027649769585253456
52;48 Nitric sulfide;0.0027649769585253456
53;49 Methylene;0.0027649769585253456
54;50 Hydrochloric acid;0.0027649769585253456
55;51 Ethyne Isocyanide;0.0027649769585253456
56;52 Cyanide Radical;0.0027649769585253456
57;53 Nitric oxide;0.0027649769585253456
58;54 Cyanic acid;0.0027649769585253456
59;55 Formaldehyde;0.0027649769585253456
60;56 Sulfur Monoxide;0.0027649769585253456
61;57 Protonate 2-proynenitrile;0.0027649769585253456
62;58 Ethynyl;0.0027649769585253456
63;59 Ethylene Glycol;0.0027649769585253456
64;60 Hydrogen Cyanide;0.0027649769585253456
65;62 Methylidyne;0.0027649769585253456
66;63 Thioxoethenylidene;0.0027649769585253456
67;64 Cyanomethanimine;0.0027649769585253456
68;65 Silicon Monoxide;0.0027649769585253456
69;66 Dimethyl ether;0.0027649769585253456
70;67 Acetone;0.0027649769585253456
71;68 Carbon Monoxide;0.0027649769585253456
72;69 Phosphorous nitride;0.0027649769585253456
73;70 Thioformaldehyde;0.0027649769585253456
74;71 Diazenylium;0.0027649769585253456
75;72 Cyanoformaldehyde;0.0027649769585253456
76;73 Isothiocyanic acid;0.0027649769585253456
77;74 Vinyl Alcohol;0.0027649769585253456
78;77 Methylamine;0.0027649769585253456
79;78 Protonated Carbon Dioxide;0.0027649769585253456
80;79 Formic Acid;0.0027649769585253456
81;80 Cyclopropenylidene;0.0027649769585253456
82;81 Cyanoacetylene;0.0027649769585253456
83;82 para-Oxidaniumyl;0.0027649769585253456
84;83 ortho-Oxidaniumyl;0.0027649769585253456
85;84 Nitrosyl hydride;0.0027649769585253456
