1;8 Methyliumylidene;0.7539170506912443
2;14 Methyl Acetylene;0.007373271889400922
3;29 Propadienylidene;0.007373271889400922
4;67 Acetone;0.007373271889400922
5;0 Isocyanic Acid;0.0027649769585253456
6;1 Propenal;0.0027649769585253456
7;2 Ketene;0.0027649769585253456
8;3 Oxonium hydride;0.0027649769585253456
9;4 Thioformylium;0.0027649769585253456
10;5 Vinyl Cyanide;0.0027649769585253456
11;6 Methyl Formate;0.0027649769585253456
12;7 Hydroxyl;0.0027649769585253456
13;9 Iminomethylium;0.0027649769585253456
14;10 Hydroxymethylium ion;0.0027649769585253456
15;11 2-Propynal;0.0027649769585253456
16;12 Carbon Monosulfide;0.0027649769585253456
17;13 Cyanomethyl;0.0027649769585253456
18;15 2-Butynenitrile;0.0027649769585253456
19;16 Methyl formate vt01;0.0027649769585253456
20;17 Ethyl Cyanide;0.0027649769585253456
21;18 gauche-Ethanol;0.0027649769585253456
22;19 Glycolaldehyde;0.0027649769585253456
23;20 Water;0.0027649769585253456
24;21 Hydrogen sulfide;0.0027649769585253456
25;22 Sulfur Monoxide ion;0.0027649769585253456
26;23 1,3-Butadiynyl radical;0.0027649769585253456
27;24 Formylium;0.0027649769585253456
28;25 Fulminic acid;0.0027649769585253456
29;26 Trihydrogen ion;0.0027649769585253456
30;27 Methanimine;0.0027649769585253456
31;28 Nitrous Oxide;0.0027649769585253456
32;30 Ethylene Oxide;0.0027649769585253456
33;31 Ketenimine;0.0027649769585253456
34;32 2,4,6-Heptatriynenitrile;0.0027649769585253456
35;33 Aminoacetonitrile;0.0027649769585253456
36;34 Methanol;0.0027649769585253456
37;35 Ammonia;0.0027649769585253456
38;36 Formyl Radical;0.0027649769585253456
39;37 Methyl Cyanide;0.0027649769585253456
40;38 Molecular oxygen;0.0027649769585253456
41;39 Cyclopropenone;0.0027649769585253456
42;40 Carbonyl Sulfide;0.0027649769585253456
43;41 Acetaldehyde;0.0027649769585253456
44;42 Cyanomethylene;0.0027649769585253456
45;43 3-Thioxo-1,2-Propadieylidene;0.0027649769585253456
46;44 Formamide;0.0027649769585253456
47;45 Cyanobutadiyne;0.0027649769585253456
48;46 Sulfur Dioxide;0.0027649769585253456
49;47 Methyl isocyanide;0.0027649769585253456
50;48 Nitric sulfide;0.0027649769585253456
51;49 Methylene;0.0027649769585253456
52;50 Hydrochloric acid;0.0027649769585253456
53;51 Ethyne Isocyanide;0.0027649769585253456
54;52 Cyanide Radical;0.0027649769585253456
55;53 Nitric oxide;0.0027649769585253456
56;54 Cyanic acid;0.0027649769585253456
57;55 Formaldehyde;0.0027649769585253456
58;56 Sulfur Monoxide;0.0027649769585253456
59;57 Protonate 2-proynenitrile;0.0027649769585253456
60;58 Ethynyl;0.0027649769585253456
61;59 Ethylene Glycol;0.0027649769585253456
62;60 Hydrogen Cyanide;0.0027649769585253456
63;61 Fluoromethyliumylidene;0.0027649769585253456
64;62 Methylidyne;0.0027649769585253456
65;63 Thioxoethenylidene;0.0027649769585253456
66;64 Cyanomethanimine;0.0027649769585253456
67;65 Silicon Monoxide;0.0027649769585253456
68;66 Dimethyl ether;0.0027649769585253456
69;68 Carbon Monoxide;0.0027649769585253456
70;69 Phosphorous nitride;0.0027649769585253456
71;70 Thioformaldehyde;0.0027649769585253456
72;71 Diazenylium;0.0027649769585253456
73;72 Cyanoformaldehyde;0.0027649769585253456
74;73 Isothiocyanic acid;0.0027649769585253456
75;74 Vinyl Alcohol;0.0027649769585253456
76;75 Hydrogen Isocyanide;0.0027649769585253456
77;76 Carbon Monosulfide;0.0027649769585253456
78;77 Methylamine;0.0027649769585253456
79;78 Protonated Carbon Dioxide;0.0027649769585253456
80;79 Formic Acid;0.0027649769585253456
81;80 Cyclopropenylidene;0.0027649769585253456
82;81 Cyanoacetylene;0.0027649769585253456
83;82 para-Oxidaniumyl;0.0027649769585253456
84;83 ortho-Oxidaniumyl;0.0027649769585253456
85;84 Nitrosyl hydride;0.0027649769585253456
