Orion.methanol.cbc.contsub.image;model_hot_cores_tr_500it;1;8 Methyliumylidene;0.58
Orion.methanol.cbc.contsub.image;model_hot_cores_tr_500it;2;0 Isocyanic Acid;0.005
Orion.methanol.cbc.contsub.image;model_hot_cores_tr_500it;3;1 Propenal;0.005
Orion.methanol.cbc.contsub.image;model_hot_cores_tr_500it;4;2 Ketene;0.005
Orion.methanol.cbc.contsub.image;model_hot_cores_tr_500it;5;3 Oxonium hydride;0.005
Orion.methanol.cbc.contsub.image;model_hot_cores_2_500it;1;22 Sulfur Monoxide ion;0.38
Orion.methanol.cbc.contsub.image;model_hot_cores_2_500it;2;24 Formylium;0.20500000000000002
Orion.methanol.cbc.contsub.image;model_hot_cores_2_500it;3;0 Isocyanic Acid;0.005
Orion.methanol.cbc.contsub.image;model_hot_cores_2_500it;4;1 Propenal;0.005
Orion.methanol.cbc.contsub.image;model_hot_cores_2_500it;5;2 Ketene;0.005
Orion.methanol.cbc.contsub.image;model_hot_cores_full_500it;1;57 Protonate 2-proynenitrile;0.3716666666666667
Orion.methanol.cbc.contsub.image;model_hot_cores_full_500it;2;71 Diazenylium;0.14666666666666667
Orion.methanol.cbc.contsub.image;model_hot_cores_full_500it;3;4 Thioformylium;0.07166666666666667
Orion.methanol.cbc.contsub.image;model_hot_cores_full_500it;4;0 Isocyanic Acid;0.005
Orion.methanol.cbc.contsub.image;model_hot_cores_full_500it;5;1 Propenal;0.005
Orion.methanol.cbc.contsub.image;model_hot_cores_full_expanded_00002_500it;1;53 Nitric oxide;0.5633333333333332
Orion.methanol.cbc.contsub.image;model_hot_cores_full_expanded_00002_500it;2;54 Cyanic acid;0.021666666666666667
Orion.methanol.cbc.contsub.image;model_hot_cores_full_expanded_00002_500it;3;0 Isocyanic Acid;0.005
Orion.methanol.cbc.contsub.image;model_hot_cores_full_expanded_00002_500it;4;1 Propenal;0.005
Orion.methanol.cbc.contsub.image;model_hot_cores_full_expanded_00002_500it;5;2 Ketene;0.005
Orion.methanol.cbc.contsub.image;model_hot_cores_full_expanded_00010_500it;1;80 Cyclopropenylidene;0.58
Orion.methanol.cbc.contsub.image;model_hot_cores_full_expanded_00010_500it;2;0 Isocyanic Acid;0.005
Orion.methanol.cbc.contsub.image;model_hot_cores_full_expanded_00010_500it;3;1 Propenal;0.005
Orion.methanol.cbc.contsub.image;model_hot_cores_full_expanded_00010_500it;4;2 Ketene;0.005
Orion.methanol.cbc.contsub.image;model_hot_cores_full_expanded_00010_500it;5;3 Oxonium hydride;0.005
uid___A002_Xa916fc_X668__IRS43_HCO32.final.image.pbcor;model_hot_cores_tr_500it;1;8 Methyliumylidene;0.8119402985074626
uid___A002_Xa916fc_X668__IRS43_HCO32.final.image.pbcor;model_hot_cores_tr_500it;2;0 Isocyanic Acid;0.002238805970149254
uid___A002_Xa916fc_X668__IRS43_HCO32.final.image.pbcor;model_hot_cores_tr_500it;3;1 Propenal;0.002238805970149254
uid___A002_Xa916fc_X668__IRS43_HCO32.final.image.pbcor;model_hot_cores_tr_500it;4;2 Ketene;0.002238805970149254
uid___A002_Xa916fc_X668__IRS43_HCO32.final.image.pbcor;model_hot_cores_tr_500it;5;3 Oxonium hydride;0.002238805970149254
uid___A002_Xa916fc_X668__IRS43_HCO32.final.image.pbcor;model_hot_cores_2_500it;1;9 Iminomethylium;0.8119402985074626
uid___A002_Xa916fc_X668__IRS43_HCO32.final.image.pbcor;model_hot_cores_2_500it;2;0 Isocyanic Acid;0.002238805970149254
uid___A002_Xa916fc_X668__IRS43_HCO32.final.image.pbcor;model_hot_cores_2_500it;3;1 Propenal;0.002238805970149254
uid___A002_Xa916fc_X668__IRS43_HCO32.final.image.pbcor;model_hot_cores_2_500it;4;2 Ketene;0.002238805970149254
uid___A002_Xa916fc_X668__IRS43_HCO32.final.image.pbcor;model_hot_cores_2_500it;5;3 Oxonium hydride;0.002238805970149254
uid___A002_Xa916fc_X668__IRS43_HCO32.final.image.pbcor;model_hot_cores_full_500it;1;61 Fluoromethyliumylidene;0.3492537313432836
uid___A002_Xa916fc_X668__IRS43_HCO32.final.image.pbcor;model_hot_cores_full_500it;2;82 para-Oxidaniumyl;0.1962686567164179
uid___A002_Xa916fc_X668__IRS43_HCO32.final.image.pbcor;model_hot_cores_full_500it;3;45 Cyanobutadiyne;0.18507462686567164
uid___A002_Xa916fc_X668__IRS43_HCO32.final.image.pbcor;model_hot_cores_full_500it;4;8 Methyliumylidene;0.06940298507462687
uid___A002_Xa916fc_X668__IRS43_HCO32.final.image.pbcor;model_hot_cores_full_500it;5;63 Thioxoethenylidene;0.0208955223880597
uid___A002_Xa916fc_X668__IRS43_HCO32.final.image.pbcor;model_hot_cores_full_expanded_00002_500it;1;43 3-Thioxo-1,2-Propadieylidene;0.8082089552238806
uid___A002_Xa916fc_X668__IRS43_HCO32.final.image.pbcor;model_hot_cores_full_expanded_00002_500it;2;59 Ethylene Glycol;0.005970149253731343
uid___A002_Xa916fc_X668__IRS43_HCO32.final.image.pbcor;model_hot_cores_full_expanded_00002_500it;3;0 Isocyanic Acid;0.002238805970149254
uid___A002_Xa916fc_X668__IRS43_HCO32.final.image.pbcor;model_hot_cores_full_expanded_00002_500it;4;1 Propenal;0.002238805970149254
uid___A002_Xa916fc_X668__IRS43_HCO32.final.image.pbcor;model_hot_cores_full_expanded_00002_500it;5;2 Ketene;0.002238805970149254
uid___A002_Xa916fc_X668__IRS43_HCO32.final.image.pbcor;model_hot_cores_full_expanded_00010_500it;1;82 para-Oxidaniumyl;0.8082089552238806
uid___A002_Xa916fc_X668__IRS43_HCO32.final.image.pbcor;model_hot_cores_full_expanded_00010_500it;2;1 Propenal;0.005970149253731343
uid___A002_Xa916fc_X668__IRS43_HCO32.final.image.pbcor;model_hot_cores_full_expanded_00010_500it;3;0 Isocyanic Acid;0.002238805970149254
uid___A002_Xa916fc_X668__IRS43_HCO32.final.image.pbcor;model_hot_cores_full_expanded_00010_500it;4;2 Ketene;0.002238805970149254
uid___A002_Xa916fc_X668__IRS43_HCO32.final.image.pbcor;model_hot_cores_full_expanded_00010_500it;5;3 Oxonium hydride;0.002238805970149254
Orion.HNC.cbc.contsub.image;model_hot_cores_tr_500it;1;76 Carbon Monosulfide;0.7677419354838709
Orion.HNC.cbc.contsub.image;model_hot_cores_tr_500it;2;0 Isocyanic Acid;0.0027649769585253456
Orion.HNC.cbc.contsub.image;model_hot_cores_tr_500it;3;1 Propenal;0.0027649769585253456
Orion.HNC.cbc.contsub.image;model_hot_cores_tr_500it;4;2 Ketene;0.0027649769585253456
Orion.HNC.cbc.contsub.image;model_hot_cores_tr_500it;5;3 Oxonium hydride;0.0027649769585253456
Orion.HNC.cbc.contsub.image;model_hot_cores_2_500it;1;8 Methyliumylidene;0.3898617511520737
Orion.HNC.cbc.contsub.image;model_hot_cores_2_500it;2;28 Nitrous Oxide;0.21474654377880184
Orion.HNC.cbc.contsub.image;model_hot_cores_2_500it;3;9 Iminomethylium;0.16866359447004609
Orion.HNC.cbc.contsub.image;model_hot_cores_2_500it;4;0 Isocyanic Acid;0.0027649769585253456
Orion.HNC.cbc.contsub.image;model_hot_cores_2_500it;5;1 Propenal;0.0027649769585253456
Orion.HNC.cbc.contsub.image;model_hot_cores_full_500it;1;8 Methyliumylidene;0.34377880184331794
Orion.HNC.cbc.contsub.image;model_hot_cores_full_500it;2;9 Iminomethylium;0.223963133640553
Orion.HNC.cbc.contsub.image;model_hot_cores_full_500it;3;61 Fluoromethyliumylidene;0.04884792626728111
Orion.HNC.cbc.contsub.image;model_hot_cores_full_500it;4;25 Fulminic acid;0.03963133640552995
Orion.HNC.cbc.contsub.image;model_hot_cores_full_500it;5;76 Carbon Monosulfide;0.03963133640552995
Orion.HNC.cbc.contsub.image;model_hot_cores_full_expanded_00002_500it;1;63 Thioxoethenylidene;0.7631336405529954
Orion.HNC.cbc.contsub.image;model_hot_cores_full_expanded_00002_500it;2;9 Iminomethylium;0.007373271889400922
Orion.HNC.cbc.contsub.image;model_hot_cores_full_expanded_00002_500it;3;0 Isocyanic Acid;0.0027649769585253456
Orion.HNC.cbc.contsub.image;model_hot_cores_full_expanded_00002_500it;4;1 Propenal;0.0027649769585253456
Orion.HNC.cbc.contsub.image;model_hot_cores_full_expanded_00002_500it;5;2 Ketene;0.0027649769585253456
Orion.HNC.cbc.contsub.image;model_hot_cores_full_expanded_00010_500it;1;8 Methyliumylidene;0.7539170506912443
Orion.HNC.cbc.contsub.image;model_hot_cores_full_expanded_00010_500it;2;14 Methyl Acetylene;0.007373271889400922
Orion.HNC.cbc.contsub.image;model_hot_cores_full_expanded_00010_500it;3;29 Propadienylidene;0.007373271889400922
Orion.HNC.cbc.contsub.image;model_hot_cores_full_expanded_00010_500it;4;67 Acetone;0.007373271889400922
Orion.HNC.cbc.contsub.image;model_hot_cores_full_expanded_00010_500it;5;0 Isocyanic Acid;0.0027649769585253456
TWHydra_HCOplusline.image;model_hot_cores_tr_500it;1;54 Cyanic acid;0.30540540540540545
TWHydra_HCOplusline.image;model_hot_cores_tr_500it;2;39 Cyclopropenone;0.021621621621621623
TWHydra_HCOplusline.image;model_hot_cores_tr_500it;3;0 Isocyanic Acid;0.008108108108108109
TWHydra_HCOplusline.image;model_hot_cores_tr_500it;4;1 Propenal;0.008108108108108109
TWHydra_HCOplusline.image;model_hot_cores_tr_500it;5;2 Ketene;0.008108108108108109
TWHydra_HCOplusline.image;model_hot_cores_2_500it;1;25 Fulminic acid;0.31891891891891894
TWHydra_HCOplusline.image;model_hot_cores_2_500it;2;0 Isocyanic Acid;0.008108108108108109
TWHydra_HCOplusline.image;model_hot_cores_2_500it;3;1 Propenal;0.008108108108108109
TWHydra_HCOplusline.image;model_hot_cores_2_500it;4;2 Ketene;0.008108108108108109
TWHydra_HCOplusline.image;model_hot_cores_2_500it;5;3 Oxonium hydride;0.008108108108108109
TWHydra_HCOplusline.image;model_hot_cores_full_500it;1;24 Formylium;0.2108108108108108
TWHydra_HCOplusline.image;model_hot_cores_full_500it;2;16 Methyl formate vt01;0.08918918918918918
TWHydra_HCOplusline.image;model_hot_cores_full_500it;3;33 Aminoacetonitrile;0.03513513513513514
TWHydra_HCOplusline.image;model_hot_cores_full_500it;4;0 Isocyanic Acid;0.008108108108108109
TWHydra_HCOplusline.image;model_hot_cores_full_500it;5;1 Propenal;0.008108108108108109
TWHydra_HCOplusline.image;model_hot_cores_full_expanded_00002_500it;1;24 Formylium;0.2648648648648649
TWHydra_HCOplusline.image;model_hot_cores_full_expanded_00002_500it;2;14 Methyl Acetylene;0.021621621621621623
TWHydra_HCOplusline.image;model_hot_cores_full_expanded_00002_500it;3;33 Aminoacetonitrile;0.021621621621621623
TWHydra_HCOplusline.image;model_hot_cores_full_expanded_00002_500it;4;64 Cyanomethanimine;0.021621621621621623
TWHydra_HCOplusline.image;model_hot_cores_full_expanded_00002_500it;5;75 Hydrogen Isocyanide;0.021621621621621623
TWHydra_HCOplusline.image;model_hot_cores_full_expanded_00010_500it;1;24 Formylium;0.2513513513513514
TWHydra_HCOplusline.image;model_hot_cores_full_expanded_00010_500it;2;13 Cyanomethyl;0.021621621621621623
TWHydra_HCOplusline.image;model_hot_cores_full_expanded_00010_500it;3;56 Sulfur Monoxide;0.021621621621621623
TWHydra_HCOplusline.image;model_hot_cores_full_expanded_00010_500it;4;59 Ethylene Glycol;0.021621621621621623
TWHydra_HCOplusline.image;model_hot_cores_full_expanded_00010_500it;5;61 Fluoromethyliumylidene;0.021621621621621623
HD163296_CO_2_1.image;model_hot_cores_tr_500it;1;8 Methyliumylidene;0.44731182795698926
HD163296_CO_2_1.image;model_hot_cores_tr_500it;2;54 Cyanic acid;0.017204301075268817
HD163296_CO_2_1.image;model_hot_cores_tr_500it;3;0 Isocyanic Acid;0.0064516129032258064
HD163296_CO_2_1.image;model_hot_cores_tr_500it;4;1 Propenal;0.0064516129032258064
HD163296_CO_2_1.image;model_hot_cores_tr_500it;5;2 Ketene;0.0064516129032258064
HD163296_CO_2_1.image;model_hot_cores_2_500it;1;60 Hydrogen Cyanide;0.35053763440860214
HD163296_CO_2_1.image;model_hot_cores_2_500it;2;3 Oxonium hydride;0.1139784946236559
HD163296_CO_2_1.image;model_hot_cores_2_500it;3;0 Isocyanic Acid;0.0064516129032258064
HD163296_CO_2_1.image;model_hot_cores_2_500it;4;1 Propenal;0.0064516129032258064
HD163296_CO_2_1.image;model_hot_cores_2_500it;5;2 Ketene;0.0064516129032258064
HD163296_CO_2_1.image;model_hot_cores_full_500it;1;8 Methyliumylidene;0.22150537634408604
HD163296_CO_2_1.image;model_hot_cores_full_500it;2;75 Hydrogen Isocyanide;0.16774193548387095
HD163296_CO_2_1.image;model_hot_cores_full_500it;3;12 Carbon Monosulfide;0.07096774193548387
HD163296_CO_2_1.image;model_hot_cores_full_500it;4;11 2-Propynal;0.017204301075268817
HD163296_CO_2_1.image;model_hot_cores_full_500it;5;0 Isocyanic Acid;0.0064516129032258064
HD163296_CO_2_1.image;model_hot_cores_full_expanded_00002_500it;1;25 Fulminic acid;0.3827956989247312
HD163296_CO_2_1.image;model_hot_cores_full_expanded_00002_500it;2;1 Propenal;0.02795698924731183
HD163296_CO_2_1.image;model_hot_cores_full_expanded_00002_500it;3;27 Methanimine;0.017204301075268817
HD163296_CO_2_1.image;model_hot_cores_full_expanded_00002_500it;4;29 Propadienylidene;0.017204301075268817
HD163296_CO_2_1.image;model_hot_cores_full_expanded_00002_500it;5;60 Hydrogen Cyanide;0.017204301075268817
HD163296_CO_2_1.image;model_hot_cores_full_expanded_00010_500it;1;42 Cyanomethylene;0.44731182795698926
HD163296_CO_2_1.image;model_hot_cores_full_expanded_00010_500it;2;32 2,4,6-Heptatriynenitrile;0.017204301075268817
HD163296_CO_2_1.image;model_hot_cores_full_expanded_00010_500it;3;0 Isocyanic Acid;0.0064516129032258064
HD163296_CO_2_1.image;model_hot_cores_full_expanded_00010_500it;4;1 Propenal;0.0064516129032258064
HD163296_CO_2_1.image;model_hot_cores_full_expanded_00010_500it;5;2 Ketene;0.0064516129032258064
DMTau.CS_5-4.image;model_hot_cores_tr_500it;1;8 Methyliumylidene;0.8677165354330709
DMTau.CS_5-4.image;model_hot_cores_tr_500it;2;0 Isocyanic Acid;0.0015748031496062992
DMTau.CS_5-4.image;model_hot_cores_tr_500it;3;1 Propenal;0.0015748031496062992
DMTau.CS_5-4.image;model_hot_cores_tr_500it;4;2 Ketene;0.0015748031496062992
DMTau.CS_5-4.image;model_hot_cores_tr_500it;5;3 Oxonium hydride;0.0015748031496062992
DMTau.CS_5-4.image;model_hot_cores_2_500it;1;8 Methyliumylidene;0.8677165354330709
DMTau.CS_5-4.image;model_hot_cores_2_500it;2;0 Isocyanic Acid;0.0015748031496062992
DMTau.CS_5-4.image;model_hot_cores_2_500it;3;1 Propenal;0.0015748031496062992
DMTau.CS_5-4.image;model_hot_cores_2_500it;4;2 Ketene;0.0015748031496062992
DMTau.CS_5-4.image;model_hot_cores_2_500it;5;3 Oxonium hydride;0.0015748031496062992
DMTau.CS_5-4.image;model_hot_cores_full_500it;1;8 Methyliumylidene;0.4136482939632546
DMTau.CS_5-4.image;model_hot_cores_full_500it;2;61 Fluoromethyliumylidene;0.3611548556430446
DMTau.CS_5-4.image;model_hot_cores_full_500it;3;82 para-Oxidaniumyl;0.05144356955380578
DMTau.CS_5-4.image;model_hot_cores_full_500it;4;75 Hydrogen Isocyanide;0.04619422572178478
DMTau.CS_5-4.image;model_hot_cores_full_500it;5;0 Isocyanic Acid;0.0015748031496062992
DMTau.CS_5-4.image;model_hot_cores_full_expanded_00002_500it;1;80 Cyclopropenylidene;0.8545931758530184
DMTau.CS_5-4.image;model_hot_cores_full_expanded_00002_500it;2;67 Acetone;0.0068241469816272965
DMTau.CS_5-4.image;model_hot_cores_full_expanded_00002_500it;3;11 2-Propynal;0.004199475065616798
DMTau.CS_5-4.image;model_hot_cores_full_expanded_00002_500it;4;40 Carbonyl Sulfide;0.004199475065616798
DMTau.CS_5-4.image;model_hot_cores_full_expanded_00002_500it;5;81 Cyanoacetylene;0.004199475065616798
DMTau.CS_5-4.image;model_hot_cores_full_expanded_00010_500it;1;9 Iminomethylium;0.8598425196850394
DMTau.CS_5-4.image;model_hot_cores_full_expanded_00010_500it;2;11 2-Propynal;0.004199475065616798
DMTau.CS_5-4.image;model_hot_cores_full_expanded_00010_500it;3;58 Ethynyl;0.004199475065616798
DMTau.CS_5-4.image;model_hot_cores_full_expanded_00010_500it;4;67 Acetone;0.004199475065616798
DMTau.CS_5-4.image;model_hot_cores_full_expanded_00010_500it;5;0 Isocyanic Acid;0.0015748031496062992
TWHydra_CO3_2line.image;model_hot_cores_tr_500it;1;61 Fluoromethyliumylidene;0.3236842105263158
TWHydra_CO3_2line.image;model_hot_cores_tr_500it;2;59 Ethylene Glycol;0.021052631578947368
TWHydra_CO3_2line.image;model_hot_cores_tr_500it;3;0 Isocyanic Acid;0.007894736842105263
TWHydra_CO3_2line.image;model_hot_cores_tr_500it;4;1 Propenal;0.007894736842105263
TWHydra_CO3_2line.image;model_hot_cores_tr_500it;5;2 Ketene;0.007894736842105263
TWHydra_CO3_2line.image;model_hot_cores_2_500it;1;8 Methyliumylidene;0.3368421052631579
TWHydra_CO3_2line.image;model_hot_cores_2_500it;2;0 Isocyanic Acid;0.007894736842105263
TWHydra_CO3_2line.image;model_hot_cores_2_500it;3;1 Propenal;0.007894736842105263
TWHydra_CO3_2line.image;model_hot_cores_2_500it;4;2 Ketene;0.007894736842105263
TWHydra_CO3_2line.image;model_hot_cores_2_500it;5;3 Oxonium hydride;0.007894736842105263
TWHydra_CO3_2line.image;model_hot_cores_full_500it;1;8 Methyliumylidene;0.3368421052631579
TWHydra_CO3_2line.image;model_hot_cores_full_500it;2;0 Isocyanic Acid;0.007894736842105263
TWHydra_CO3_2line.image;model_hot_cores_full_500it;3;1 Propenal;0.007894736842105263
TWHydra_CO3_2line.image;model_hot_cores_full_500it;4;2 Ketene;0.007894736842105263
TWHydra_CO3_2line.image;model_hot_cores_full_500it;5;3 Oxonium hydride;0.007894736842105263
TWHydra_CO3_2line.image;model_hot_cores_full_expanded_00002_500it;1;68 Carbon Monoxide;0.3368421052631579
TWHydra_CO3_2line.image;model_hot_cores_full_expanded_00002_500it;2;0 Isocyanic Acid;0.007894736842105263
TWHydra_CO3_2line.image;model_hot_cores_full_expanded_00002_500it;3;1 Propenal;0.007894736842105263
TWHydra_CO3_2line.image;model_hot_cores_full_expanded_00002_500it;4;2 Ketene;0.007894736842105263
TWHydra_CO3_2line.image;model_hot_cores_full_expanded_00002_500it;5;3 Oxonium hydride;0.007894736842105263
TWHydra_CO3_2line.image;model_hot_cores_full_expanded_00010_500it;1;68 Carbon Monoxide;0.3368421052631579
TWHydra_CO3_2line.image;model_hot_cores_full_expanded_00010_500it;2;0 Isocyanic Acid;0.007894736842105263
TWHydra_CO3_2line.image;model_hot_cores_full_expanded_00010_500it;3;1 Propenal;0.007894736842105263
TWHydra_CO3_2line.image;model_hot_cores_full_expanded_00010_500it;4;2 Ketene;0.007894736842105263
TWHydra_CO3_2line.image;model_hot_cores_full_expanded_00010_500it;5;3 Oxonium hydride;0.007894736842105263
