1;24 Formylium;0.2108108108108108
2;16 Methyl formate vt01;0.08918918918918918
3;33 Aminoacetonitrile;0.03513513513513514
4;0 Isocyanic Acid;0.008108108108108109
5;1 Propenal;0.008108108108108109
6;2 Ketene;0.008108108108108109
7;3 Oxonium hydride;0.008108108108108109
8;4 Thioformylium;0.008108108108108109
9;5 Vinyl Cyanide;0.008108108108108109
10;6 Methyl Formate;0.008108108108108109
11;7 Hydroxyl;0.008108108108108109
12;8 Methyliumylidene;0.008108108108108109
13;9 Iminomethylium;0.008108108108108109
14;10 Hydroxymethylium ion;0.008108108108108109
15;11 2-Propynal;0.008108108108108109
16;12 Carbon Monosulfide;0.008108108108108109
17;13 Cyanomethyl;0.008108108108108109
18;14 Methyl Acetylene;0.008108108108108109
19;15 2-Butynenitrile;0.008108108108108109
20;17 Ethyl Cyanide;0.008108108108108109
21;18 gauche-Ethanol;0.008108108108108109
22;19 Glycolaldehyde;0.008108108108108109
23;20 Water;0.008108108108108109
24;21 Hydrogen sulfide;0.008108108108108109
25;22 Sulfur Monoxide ion;0.008108108108108109
26;23 1,3-Butadiynyl radical;0.008108108108108109
27;25 Fulminic acid;0.008108108108108109
28;26 Trihydrogen ion;0.008108108108108109
29;27 Methanimine;0.008108108108108109
30;28 Nitrous Oxide;0.008108108108108109
31;29 Propadienylidene;0.008108108108108109
32;30 Ethylene Oxide;0.008108108108108109
33;31 Ketenimine;0.008108108108108109
34;32 2,4,6-Heptatriynenitrile;0.008108108108108109
35;34 Methanol;0.008108108108108109
36;35 Ammonia;0.008108108108108109
37;36 Formyl Radical;0.008108108108108109
38;37 Methyl Cyanide;0.008108108108108109
39;38 Molecular oxygen;0.008108108108108109
40;39 Cyclopropenone;0.008108108108108109
41;40 Carbonyl Sulfide;0.008108108108108109
42;41 Acetaldehyde;0.008108108108108109
43;42 Cyanomethylene;0.008108108108108109
44;43 3-Thioxo-1,2-Propadieylidene;0.008108108108108109
45;44 Formamide;0.008108108108108109
46;45 Cyanobutadiyne;0.008108108108108109
47;46 Sulfur Dioxide;0.008108108108108109
48;47 Methyl isocyanide;0.008108108108108109
49;48 Nitric sulfide;0.008108108108108109
50;49 Methylene;0.008108108108108109
51;50 Hydrochloric acid;0.008108108108108109
52;51 Ethyne Isocyanide;0.008108108108108109
53;52 Cyanide Radical;0.008108108108108109
54;53 Nitric oxide;0.008108108108108109
55;54 Cyanic acid;0.008108108108108109
56;55 Formaldehyde;0.008108108108108109
57;56 Sulfur Monoxide;0.008108108108108109
58;57 Protonate 2-proynenitrile;0.008108108108108109
59;58 Ethynyl;0.008108108108108109
60;59 Ethylene Glycol;0.008108108108108109
61;60 Hydrogen Cyanide;0.008108108108108109
62;61 Fluoromethyliumylidene;0.008108108108108109
63;62 Methylidyne;0.008108108108108109
64;63 Thioxoethenylidene;0.008108108108108109
65;64 Cyanomethanimine;0.008108108108108109
66;65 Silicon Monoxide;0.008108108108108109
67;66 Dimethyl ether;0.008108108108108109
68;67 Acetone;0.008108108108108109
69;68 Carbon Monoxide;0.008108108108108109
70;69 Phosphorous nitride;0.008108108108108109
71;70 Thioformaldehyde;0.008108108108108109
72;71 Diazenylium;0.008108108108108109
73;72 Cyanoformaldehyde;0.008108108108108109
74;73 Isothiocyanic acid;0.008108108108108109
75;74 Vinyl Alcohol;0.008108108108108109
76;75 Hydrogen Isocyanide;0.008108108108108109
77;76 Carbon Monosulfide;0.008108108108108109
78;77 Methylamine;0.008108108108108109
79;78 Protonated Carbon Dioxide;0.008108108108108109
80;79 Formic Acid;0.008108108108108109
81;80 Cyclopropenylidene;0.008108108108108109
82;81 Cyanoacetylene;0.008108108108108109
83;82 para-Oxidaniumyl;0.008108108108108109
84;83 ortho-Oxidaniumyl;0.008108108108108109
85;84 Nitrosyl hydride;0.008108108108108109
