1;61 Fluoromethyliumylidene;0.3236842105263158
2;59 Ethylene Glycol;0.021052631578947368
3;0 Isocyanic Acid;0.007894736842105263
4;1 Propenal;0.007894736842105263
5;2 Ketene;0.007894736842105263
6;3 Oxonium hydride;0.007894736842105263
7;4 Thioformylium;0.007894736842105263
8;5 Vinyl Cyanide;0.007894736842105263
9;6 Methyl Formate;0.007894736842105263
10;7 Hydroxyl;0.007894736842105263
11;8 Methyliumylidene;0.007894736842105263
12;9 Iminomethylium;0.007894736842105263
13;10 Hydroxymethylium ion;0.007894736842105263
14;11 2-Propynal;0.007894736842105263
15;12 Carbon Monosulfide;0.007894736842105263
16;13 Cyanomethyl;0.007894736842105263
17;14 Methyl Acetylene;0.007894736842105263
18;15 2-Butynenitrile;0.007894736842105263
19;16 Methyl formate vt01;0.007894736842105263
20;17 Ethyl Cyanide;0.007894736842105263
21;18 gauche-Ethanol;0.007894736842105263
22;19 Glycolaldehyde;0.007894736842105263
23;20 Water;0.007894736842105263
24;21 Hydrogen sulfide;0.007894736842105263
25;22 Sulfur Monoxide ion;0.007894736842105263
26;23 1,3-Butadiynyl radical;0.007894736842105263
27;24 Formylium;0.007894736842105263
28;25 Fulminic acid;0.007894736842105263
29;26 Trihydrogen ion;0.007894736842105263
30;27 Methanimine;0.007894736842105263
31;28 Nitrous Oxide;0.007894736842105263
32;29 Propadienylidene;0.007894736842105263
33;30 Ethylene Oxide;0.007894736842105263
34;31 Ketenimine;0.007894736842105263
35;32 2,4,6-Heptatriynenitrile;0.007894736842105263
36;33 Aminoacetonitrile;0.007894736842105263
37;34 Methanol;0.007894736842105263
38;35 Ammonia;0.007894736842105263
39;36 Formyl Radical;0.007894736842105263
40;37 Methyl Cyanide;0.007894736842105263
41;38 Molecular oxygen;0.007894736842105263
42;39 Cyclopropenone;0.007894736842105263
43;40 Carbonyl Sulfide;0.007894736842105263
44;41 Acetaldehyde;0.007894736842105263
45;42 Cyanomethylene;0.007894736842105263
46;43 3-Thioxo-1,2-Propadieylidene;0.007894736842105263
47;44 Formamide;0.007894736842105263
48;45 Cyanobutadiyne;0.007894736842105263
49;46 Sulfur Dioxide;0.007894736842105263
50;47 Methyl isocyanide;0.007894736842105263
51;48 Nitric sulfide;0.007894736842105263
52;49 Methylene;0.007894736842105263
53;50 Hydrochloric acid;0.007894736842105263
54;51 Ethyne Isocyanide;0.007894736842105263
55;52 Cyanide Radical;0.007894736842105263
56;53 Nitric oxide;0.007894736842105263
57;54 Cyanic acid;0.007894736842105263
58;55 Formaldehyde;0.007894736842105263
59;56 Sulfur Monoxide;0.007894736842105263
60;57 Protonate 2-proynenitrile;0.007894736842105263
61;58 Ethynyl;0.007894736842105263
62;60 Hydrogen Cyanide;0.007894736842105263
63;62 Methylidyne;0.007894736842105263
64;63 Thioxoethenylidene;0.007894736842105263
65;64 Cyanomethanimine;0.007894736842105263
66;65 Silicon Monoxide;0.007894736842105263
67;66 Dimethyl ether;0.007894736842105263
68;67 Acetone;0.007894736842105263
69;68 Carbon Monoxide;0.007894736842105263
70;69 Phosphorous nitride;0.007894736842105263
71;70 Thioformaldehyde;0.007894736842105263
72;71 Diazenylium;0.007894736842105263
73;72 Cyanoformaldehyde;0.007894736842105263
74;73 Isothiocyanic acid;0.007894736842105263
75;74 Vinyl Alcohol;0.007894736842105263
76;75 Hydrogen Isocyanide;0.007894736842105263
77;76 Carbon Monosulfide;0.007894736842105263
78;77 Methylamine;0.007894736842105263
79;78 Protonated Carbon Dioxide;0.007894736842105263
80;79 Formic Acid;0.007894736842105263
81;80 Cyclopropenylidene;0.007894736842105263
82;81 Cyanoacetylene;0.007894736842105263
83;82 para-Oxidaniumyl;0.007894736842105263
84;83 ortho-Oxidaniumyl;0.007894736842105263
85;84 Nitrosyl hydride;0.007894736842105263
