1;24 Formylium;0.2513513513513514
2;13 Cyanomethyl;0.021621621621621623
3;56 Sulfur Monoxide;0.021621621621621623
4;59 Ethylene Glycol;0.021621621621621623
5;61 Fluoromethyliumylidene;0.021621621621621623
6;75 Hydrogen Isocyanide;0.021621621621621623
7;0 Isocyanic Acid;0.008108108108108109
8;1 Propenal;0.008108108108108109
9;2 Ketene;0.008108108108108109
10;3 Oxonium hydride;0.008108108108108109
11;4 Thioformylium;0.008108108108108109
12;5 Vinyl Cyanide;0.008108108108108109
13;6 Methyl Formate;0.008108108108108109
14;7 Hydroxyl;0.008108108108108109
15;8 Methyliumylidene;0.008108108108108109
16;9 Iminomethylium;0.008108108108108109
17;10 Hydroxymethylium ion;0.008108108108108109
18;11 2-Propynal;0.008108108108108109
19;12 Carbon Monosulfide;0.008108108108108109
20;14 Methyl Acetylene;0.008108108108108109
21;15 2-Butynenitrile;0.008108108108108109
22;16 Methyl formate vt01;0.008108108108108109
23;17 Ethyl Cyanide;0.008108108108108109
24;18 gauche-Ethanol;0.008108108108108109
25;19 Glycolaldehyde;0.008108108108108109
26;20 Water;0.008108108108108109
27;21 Hydrogen sulfide;0.008108108108108109
28;22 Sulfur Monoxide ion;0.008108108108108109
29;23 1,3-Butadiynyl radical;0.008108108108108109
30;25 Fulminic acid;0.008108108108108109
31;26 Trihydrogen ion;0.008108108108108109
32;27 Methanimine;0.008108108108108109
33;28 Nitrous Oxide;0.008108108108108109
34;29 Propadienylidene;0.008108108108108109
35;30 Ethylene Oxide;0.008108108108108109
36;31 Ketenimine;0.008108108108108109
37;32 2,4,6-Heptatriynenitrile;0.008108108108108109
38;33 Aminoacetonitrile;0.008108108108108109
39;34 Methanol;0.008108108108108109
40;35 Ammonia;0.008108108108108109
41;36 Formyl Radical;0.008108108108108109
42;37 Methyl Cyanide;0.008108108108108109
43;38 Molecular oxygen;0.008108108108108109
44;39 Cyclopropenone;0.008108108108108109
45;40 Carbonyl Sulfide;0.008108108108108109
46;41 Acetaldehyde;0.008108108108108109
47;42 Cyanomethylene;0.008108108108108109
48;43 3-Thioxo-1,2-Propadieylidene;0.008108108108108109
49;44 Formamide;0.008108108108108109
50;45 Cyanobutadiyne;0.008108108108108109
51;46 Sulfur Dioxide;0.008108108108108109
52;47 Methyl isocyanide;0.008108108108108109
53;48 Nitric sulfide;0.008108108108108109
54;49 Methylene;0.008108108108108109
55;50 Hydrochloric acid;0.008108108108108109
56;51 Ethyne Isocyanide;0.008108108108108109
57;52 Cyanide Radical;0.008108108108108109
58;53 Nitric oxide;0.008108108108108109
59;54 Cyanic acid;0.008108108108108109
60;55 Formaldehyde;0.008108108108108109
61;57 Protonate 2-proynenitrile;0.008108108108108109
62;58 Ethynyl;0.008108108108108109
63;60 Hydrogen Cyanide;0.008108108108108109
64;62 Methylidyne;0.008108108108108109
65;63 Thioxoethenylidene;0.008108108108108109
66;64 Cyanomethanimine;0.008108108108108109
67;65 Silicon Monoxide;0.008108108108108109
68;66 Dimethyl ether;0.008108108108108109
69;67 Acetone;0.008108108108108109
70;68 Carbon Monoxide;0.008108108108108109
71;69 Phosphorous nitride;0.008108108108108109
72;70 Thioformaldehyde;0.008108108108108109
73;71 Diazenylium;0.008108108108108109
74;72 Cyanoformaldehyde;0.008108108108108109
75;73 Isothiocyanic acid;0.008108108108108109
76;74 Vinyl Alcohol;0.008108108108108109
77;76 Carbon Monosulfide;0.008108108108108109
78;77 Methylamine;0.008108108108108109
79;78 Protonated Carbon Dioxide;0.008108108108108109
80;79 Formic Acid;0.008108108108108109
81;80 Cyclopropenylidene;0.008108108108108109
82;81 Cyanoacetylene;0.008108108108108109
83;82 para-Oxidaniumyl;0.008108108108108109
84;83 ortho-Oxidaniumyl;0.008108108108108109
85;84 Nitrosyl hydride;0.008108108108108109
