1;82 para-Oxidaniumyl;0.8082089552238806
2;1 Propenal;0.005970149253731343
3;0 Isocyanic Acid;0.002238805970149254
4;2 Ketene;0.002238805970149254
5;3 Oxonium hydride;0.002238805970149254
6;4 Thioformylium;0.002238805970149254
7;5 Vinyl Cyanide;0.002238805970149254
8;6 Methyl Formate;0.002238805970149254
9;7 Hydroxyl;0.002238805970149254
10;8 Methyliumylidene;0.002238805970149254
11;9 Iminomethylium;0.002238805970149254
12;10 Hydroxymethylium ion;0.002238805970149254
13;11 2-Propynal;0.002238805970149254
14;12 Carbon Monosulfide;0.002238805970149254
15;13 Cyanomethyl;0.002238805970149254
16;14 Methyl Acetylene;0.002238805970149254
17;15 2-Butynenitrile;0.002238805970149254
18;16 Methyl formate vt01;0.002238805970149254
19;17 Ethyl Cyanide;0.002238805970149254
20;18 gauche-Ethanol;0.002238805970149254
21;19 Glycolaldehyde;0.002238805970149254
22;20 Water;0.002238805970149254
23;21 Hydrogen sulfide;0.002238805970149254
24;22 Sulfur Monoxide ion;0.002238805970149254
25;23 1,3-Butadiynyl radical;0.002238805970149254
26;24 Formylium;0.002238805970149254
27;25 Fulminic acid;0.002238805970149254
28;26 Trihydrogen ion;0.002238805970149254
29;27 Methanimine;0.002238805970149254
30;28 Nitrous Oxide;0.002238805970149254
31;29 Propadienylidene;0.002238805970149254
32;30 Ethylene Oxide;0.002238805970149254
33;31 Ketenimine;0.002238805970149254
34;32 2,4,6-Heptatriynenitrile;0.002238805970149254
35;33 Aminoacetonitrile;0.002238805970149254
36;34 Methanol;0.002238805970149254
37;35 Ammonia;0.002238805970149254
38;36 Formyl Radical;0.002238805970149254
39;37 Methyl Cyanide;0.002238805970149254
40;38 Molecular oxygen;0.002238805970149254
41;39 Cyclopropenone;0.002238805970149254
42;40 Carbonyl Sulfide;0.002238805970149254
43;41 Acetaldehyde;0.002238805970149254
44;42 Cyanomethylene;0.002238805970149254
45;43 3-Thioxo-1,2-Propadieylidene;0.002238805970149254
46;44 Formamide;0.002238805970149254
47;45 Cyanobutadiyne;0.002238805970149254
48;46 Sulfur Dioxide;0.002238805970149254
49;47 Methyl isocyanide;0.002238805970149254
50;48 Nitric sulfide;0.002238805970149254
51;49 Methylene;0.002238805970149254
52;50 Hydrochloric acid;0.002238805970149254
53;51 Ethyne Isocyanide;0.002238805970149254
54;52 Cyanide Radical;0.002238805970149254
55;53 Nitric oxide;0.002238805970149254
56;54 Cyanic acid;0.002238805970149254
57;55 Formaldehyde;0.002238805970149254
58;56 Sulfur Monoxide;0.002238805970149254
59;57 Protonate 2-proynenitrile;0.002238805970149254
60;58 Ethynyl;0.002238805970149254
61;59 Ethylene Glycol;0.002238805970149254
62;60 Hydrogen Cyanide;0.002238805970149254
63;61 Fluoromethyliumylidene;0.002238805970149254
64;62 Methylidyne;0.002238805970149254
65;63 Thioxoethenylidene;0.002238805970149254
66;64 Cyanomethanimine;0.002238805970149254
67;65 Silicon Monoxide;0.002238805970149254
68;66 Dimethyl ether;0.002238805970149254
69;67 Acetone;0.002238805970149254
70;68 Carbon Monoxide;0.002238805970149254
71;69 Phosphorous nitride;0.002238805970149254
72;70 Thioformaldehyde;0.002238805970149254
73;71 Diazenylium;0.002238805970149254
74;72 Cyanoformaldehyde;0.002238805970149254
75;73 Isothiocyanic acid;0.002238805970149254
76;74 Vinyl Alcohol;0.002238805970149254
77;75 Hydrogen Isocyanide;0.002238805970149254
78;76 Carbon Monosulfide;0.002238805970149254
79;77 Methylamine;0.002238805970149254
80;78 Protonated Carbon Dioxide;0.002238805970149254
81;79 Formic Acid;0.002238805970149254
82;80 Cyclopropenylidene;0.002238805970149254
83;81 Cyanoacetylene;0.002238805970149254
84;83 ortho-Oxidaniumyl;0.002238805970149254
85;84 Nitrosyl hydride;0.002238805970149254
