1;105 Hydrogen Isocyanide;0.1419939577039275
2;83 Silicon Carbide;0.036253776435045314
3;97 Phosphaethyne;0.021148036253776432
4;101 Methyl diacetylene;0.021148036253776432
5;0 Dimethyl ether;0.006042296072507553
6;1 Butatrienylidene;0.006042296072507553
7;2 Trihydrogen ion;0.006042296072507553
8;3 Nitrous Oxide;0.006042296072507553
9;4 Methyl Acetylene;0.006042296072507553
10;5 2,4,6-Heptatriynenitrile;0.006042296072507553
11;6 Ethylene Glycol;0.006042296072507553
12;7 2,4-Pentadiynylidyne;0.006042296072507553
13;8 Methyl Cyanide;0.006042296072507553
14;9 Thioformylium;0.006042296072507553
15;10 para-Oxidaniumyl;0.006042296072507553
16;11 Hydrogen Cyanide;0.006042296072507553
17;12 Titanium monoxide;0.006042296072507553
18;13 Cyanide Radical;0.006042296072507553
19;14 Formic Acid;0.006042296072507553
20;15 Nitric sulfide;0.006042296072507553
21;16 Iminomethylium;0.006042296072507553
22;17 Aluminum monoxide;0.006042296072507553
23;18 Methyl isocyanate;0.006042296072507553
24;19 Nitrosyl hydride;0.006042296072507553
25;20 Propynylidynium;0.006042296072507553
26;21 Magnesium Cyanide;0.006042296072507553
27;22 1,3-Butadiynyl anion;0.006042296072507553
28;23 Diazenylium;0.006042296072507553
29;24 Methylamine;0.006042296072507553
30;25 Chloronium;0.006042296072507553
31;26 Silicon monosulfide;0.006042296072507553
32;27 Phosphorus Monoxide;0.006042296072507553
33;28 Cyclopropenone;0.006042296072507553
34;29 Carbon Monoxide Ion;0.006042296072507553
35;30 Sodium Cyanide;0.006042296072507553
36;31 Nitric oxide;0.006042296072507553
37;32 3-Thioxo-1,2-Propadieylidene;0.006042296072507553
38;33 Silicon Cyanide;0.006042296072507553
39;34 Ethyne Isocyanide;0.006042296072507553
40;35 Sodium Chloride;0.006042296072507553
41;36 Cyanoacetylene;0.006042296072507553
42;37 Sulfur Monoxide;0.006042296072507553
43;38 Aluminum Isocyanitrile;0.006042296072507553
44;39 Cyanobutadiyne;0.006042296072507553
45;40 Potassium cyanide, potassium isocyanide;0.006042296072507553
46;41 Silicon Mononitride;0.006042296072507553
47;42 Carbon Monoxide;0.006042296072507553
48;43 Propadienylidene;0.006042296072507553
49;44 Methanimine;0.006042296072507553
50;45 Aluminum Monofluoride;0.006042296072507553
51;46 Formamide;0.006042296072507553
52;47 1,3,5,7-Octatetraynyl anion;0.006042296072507553
53;48 Aminoacetonitrile;0.006042296072507553
54;49 Ammonia;0.006042296072507553
55;50 gauche-Ethanol;0.006042296072507553
56;51 Protonate 2-proynenitrile;0.006042296072507553
57;52 Carbonyl Sulfide;0.006042296072507553
58;53 Thioxoethenylidene;0.006042296072507553
59;54 Ethyl cyanide;0.006042296072507553
60;55 Water;0.006042296072507553
61;56 Methyl Formate;0.006042296072507553
62;57 Acetaldehyde;0.006042296072507553
63;58 Ketenimine;0.006042296072507553
64;59 Propenal;0.006042296072507553
65;60 Methyl isocyanide;0.006042296072507553
66;61 iso-propyl cyanide;0.006042296072507553
67;62 Hydrogen cyanide;0.006042296072507553
68;63 Protonated Carbon Dioxide;0.006042296072507553
69;64 Methylidyne;0.006042296072507553
70;65 Ketene;0.006042296072507553
71;66 4-Cyano-1,3-Butadiynyl;0.006042296072507553
72;67 Silicon Monoxide;0.006042296072507553
73;68 Acetone;0.006042296072507553
74;69 Vinyl Cyanide;0.006042296072507553
75;70 3-Imino-1,2 Propadienylidene;0.006042296072507553
76;71 Silicon monoxide (global fit);0.006042296072507553
77;72 Cyclopropenylidene;0.006042296072507553
78;73 Magnesium Isocyanide;0.006042296072507553
79;74 2,4,6-Heptatriynylidyne;0.006042296072507553
80;75 Cyanobutadiynylide anion;0.006042296072507553
81;76 Formaldehyde;0.006042296072507553
82;77 Carbon Monosulfide;0.006042296072507553
83;78 Fulminic acid;0.006042296072507553
84;79 1,3,5-Hexatriynyl;0.006042296072507553
85;80 3-Silanetetrayl-1,2-Propadienylidene;0.006042296072507553
86;81 1,3-Butadiynyl radical;0.006042296072507553
87;82 trans-Ethanol;0.006042296072507553
88;84 1,3,5-Hexatriynyl anion;0.006042296072507553
89;85 Formylium;0.006042296072507553
90;86 Ethylene Oxide;0.006042296072507553
91;87 Sulfur dioxide;0.006042296072507553
92;88 Carbon Monophosphide;0.006042296072507553
93;89 Sulfur Monoxide ion;0.006042296072507553
94;90 Methanol;0.006042296072507553
95;91 Sulfur Dioxide;0.006042296072507553
96;92 Cyanoformaldehyde;0.006042296072507553
97;93 Isocyanic Acid;0.006042296072507553
98;94 Silicon Isocyanide;0.006042296072507553
99;95 Methylene amidogen;0.006042296072507553
100;96 Silicon Monocarbide;0.006042296072507553
101;98 Aluminum Monochloride;0.006042296072507553
102;99 Cyanoallene;0.006042296072507553
103;100 3-Oxo-1,2-Propadienylidene;0.006042296072507553
104;102 Cyanomethylene;0.006042296072507553
105;103 Phosphapropynylidyne;0.006042296072507553
106;104 Cyanomethyl;0.006042296072507553
107;106 Hydrogen sulfide;0.006042296072507553
108;107 Hydroxyl;0.006042296072507553
109;108 Glycolaldehyde;0.006042296072507553
110;109 Cyanide anion;0.006042296072507553
111;110 2-Propynal;0.006042296072507553
112;111 Ethynyl;0.006042296072507553
113;112 Phosphorous nitride;0.006042296072507553
114;113 Magnesium hydride isocyanide;0.006042296072507553
115;114 Potassium chloride;0.006042296072507553
116;115 Silicon tetracarbide;0.006042296072507553
117;116 Ethyl Cyanide;0.006042296072507553
118;117 Cyanamide;0.006042296072507553
119;118 Amidogen;0.006042296072507553
120;119 Hydroxymethylidyne;0.006042296072507553
121;120 Formyl Radical;0.006042296072507553
122;121 Vinyl Alcohol;0.006042296072507553
123;122 ortho-Oxidaniumyl;0.006042296072507553
124;123 Cyanoethynylide ion;0.006042296072507553
125;124 Oxoethenylidene;0.006042296072507553
126;125 2-Butynenitrile;0.006042296072507553
127;126 Cyanoethynyl;0.006042296072507553
128;127 3-Cyano-1,2-propadienylidene;0.006042296072507553
129;128 Hydroxymethylium ion;0.006042296072507553
130;129 Thioformaldehyde;0.006042296072507553
131;130 Isothiocyanic acid;0.006042296072507553
132;131 Methyl formate, v<sub>t</sub> = 0, 1;0.006042296072507553
133;132 Cyanic acid;0.006042296072507553
