1;13 Methyliumylidene;0.9273932253313697
2;0 Methylidyne;0.002503681885125184
3;1 Formaldehyde;0.002503681885125184
4;2 Sulfur dioxide;0.002503681885125184
5;3 Carbon Monoxide;0.002503681885125184
6;4 Acetaldehyde;0.002503681885125184
7;5 Water;0.002503681885125184
8;6 Imidogen;0.002503681885125184
9;7 Carbon Monoxide Ion;0.002503681885125184
10;8 Nitric sulfide;0.002503681885125184
11;9 Isocyanic Acid;0.002503681885125184
12;10 Formic Acid;0.002503681885125184
13;11 Amidogen;0.002503681885125184
14;12 Ethylene Glycol;0.002503681885125184
15;14 Cyanide Radical;0.002503681885125184
16;15 Carbonyl Sulfide;0.002503681885125184
17;16 Hydroxyl;0.002503681885125184
18;17 Nitric oxide;0.002503681885125184
19;18 Methyl Cyanide;0.002503681885125184
20;19 Cyclopropenylidene;0.002503681885125184
21;20 Sulfur Monoxide ion;0.002503681885125184
22;21 Methanol;0.002503681885125184
23;22 Thioformaldehyde;0.002503681885125184
24;23 Ammonia;0.002503681885125184
25;24 Cyanoacetylene;0.002503681885125184
26;25 Hydrogen Cyanide;0.002503681885125184
27;26 Hydrogen sulfide;0.002503681885125184
28;27 Molecular oxygen;0.002503681885125184
29;28 Hydrogen Isocyanide;0.002503681885125184
30;29 Formylium;0.002503681885125184
