1;29 Formylium;0.27101449275362316
2;13 Methyliumylidene;0.0391304347826087
3;0 Methylidyne;0.024637681159420288
4;1 Formaldehyde;0.024637681159420288
5;2 Sulfur dioxide;0.024637681159420288
6;3 Carbon Monoxide;0.024637681159420288
7;4 Acetaldehyde;0.024637681159420288
8;5 Water;0.024637681159420288
9;6 Imidogen;0.024637681159420288
10;7 Carbon Monoxide Ion;0.024637681159420288
11;8 Nitric sulfide;0.024637681159420288
12;9 Isocyanic Acid;0.024637681159420288
13;10 Formic Acid;0.024637681159420288
14;11 Amidogen;0.024637681159420288
15;12 Ethylene Glycol;0.024637681159420288
16;14 Cyanide Radical;0.024637681159420288
17;15 Carbonyl Sulfide;0.024637681159420288
18;16 Hydroxyl;0.024637681159420288
19;17 Nitric oxide;0.024637681159420288
20;18 Methyl Cyanide;0.024637681159420288
21;19 Cyclopropenylidene;0.024637681159420288
22;20 Sulfur Monoxide ion;0.024637681159420288
23;21 Methanol;0.024637681159420288
24;22 Thioformaldehyde;0.024637681159420288
25;23 Ammonia;0.024637681159420288
26;24 Cyanoacetylene;0.024637681159420288
27;25 Hydrogen Cyanide;0.024637681159420288
28;26 Hydrogen sulfide;0.024637681159420288
29;27 Molecular oxygen;0.024637681159420288
30;28 Hydrogen Isocyanide;0.024637681159420288
