1;13 Methyliumylidene;0.6265151515151516
2;0 Methylidyne;0.012878787878787878
3;1 Formaldehyde;0.012878787878787878
4;2 Sulfur dioxide;0.012878787878787878
5;3 Carbon Monoxide;0.012878787878787878
6;4 Acetaldehyde;0.012878787878787878
7;5 Water;0.012878787878787878
8;6 Imidogen;0.012878787878787878
9;7 Carbon Monoxide Ion;0.012878787878787878
10;8 Nitric sulfide;0.012878787878787878
11;9 Isocyanic Acid;0.012878787878787878
12;10 Formic Acid;0.012878787878787878
13;11 Amidogen;0.012878787878787878
14;12 Ethylene Glycol;0.012878787878787878
15;14 Cyanide Radical;0.012878787878787878
16;15 Carbonyl Sulfide;0.012878787878787878
17;16 Hydroxyl;0.012878787878787878
18;17 Nitric oxide;0.012878787878787878
19;18 Methyl Cyanide;0.012878787878787878
20;19 Cyclopropenylidene;0.012878787878787878
21;20 Sulfur Monoxide ion;0.012878787878787878
22;21 Methanol;0.012878787878787878
23;22 Thioformaldehyde;0.012878787878787878
24;23 Ammonia;0.012878787878787878
25;24 Cyanoacetylene;0.012878787878787878
26;25 Hydrogen Cyanide;0.012878787878787878
27;26 Hydrogen sulfide;0.012878787878787878
28;27 Molecular oxygen;0.012878787878787878
29;28 Hydrogen Isocyanide;0.012878787878787878
30;29 Formylium;0.012878787878787878
