1;13 Methyliumylidene;0.3234848484848485
2;28 Hydrogen Isocyanide;0.30833333333333335
3;29 Formylium;0.020454545454545454
4;0 Methylidyne;0.012878787878787878
5;1 Formaldehyde;0.012878787878787878
6;2 Sulfur dioxide;0.012878787878787878
7;3 Carbon Monoxide;0.012878787878787878
8;4 Acetaldehyde;0.012878787878787878
9;5 Water;0.012878787878787878
10;6 Imidogen;0.012878787878787878
11;7 Carbon Monoxide Ion;0.012878787878787878
12;8 Nitric sulfide;0.012878787878787878
13;9 Isocyanic Acid;0.012878787878787878
14;10 Formic Acid;0.012878787878787878
15;11 Amidogen;0.012878787878787878
16;12 Ethylene Glycol;0.012878787878787878
17;14 Cyanide Radical;0.012878787878787878
18;15 Carbonyl Sulfide;0.012878787878787878
19;16 Hydroxyl;0.012878787878787878
20;17 Nitric oxide;0.012878787878787878
21;18 Methyl Cyanide;0.012878787878787878
22;19 Cyclopropenylidene;0.012878787878787878
23;20 Sulfur Monoxide ion;0.012878787878787878
24;21 Methanol;0.012878787878787878
25;22 Thioformaldehyde;0.012878787878787878
26;23 Ammonia;0.012878787878787878
27;24 Cyanoacetylene;0.012878787878787878
28;25 Hydrogen Cyanide;0.012878787878787878
29;26 Hydrogen sulfide;0.012878787878787878
30;27 Molecular oxygen;0.012878787878787878
