1;12 Carbonyl Sulfide;0.7943722943722944
2;0 Methanol;0.010822510822510822
3;1 Hydrogen fluoride;0.010822510822510822
4;2 Nitric oxide;0.010822510822510822
5;3 Formylium;0.010822510822510822
6;4 Sodium Chloride;0.010822510822510822
7;5 Sulfur dioxide;0.010822510822510822
8;6 para-Oxidaniumyl;0.010822510822510822
9;7 Sulfur Monoxide;0.010822510822510822
10;8 Butatrienylidene;0.010822510822510822
11;9 Carbon Monoxide;0.010822510822510822
12;10 Nitrous Oxide;0.010822510822510822
13;11 Cyanoacetylene;0.010822510822510822
14;13 Molecular oxygen;0.010822510822510822
15;14 ortho-Oxidaniumyl;0.010822510822510822
16;15 Water;0.010822510822510822
17;16 Iminomethylium;0.010822510822510822
18;17 Hydrochloric acid;0.010822510822510822
19;18 Acetylene;0.010822510822510822
20;19 Hydrogen Cyanide;0.010822510822510822
