1;0 Methanol;0.010706638115631691
2;1 Hydrogen fluoride;0.010706638115631691
3;2 Nitric oxide;0.010706638115631691
4;3 Formylium;0.010706638115631691
5;4 Sodium Chloride;0.010706638115631691
6;5 Sulfur dioxide;0.010706638115631691
7;6 para-Oxidaniumyl;0.010706638115631691
8;7 Sulfur Monoxide;0.010706638115631691
9;8 Butatrienylidene;0.010706638115631691
10;9 Carbon Monoxide;0.010706638115631691
11;10 Nitrous Oxide;0.010706638115631691
12;11 Cyanoacetylene;0.010706638115631691
13;12 Carbonyl Sulfide;0.010706638115631691
14;13 Molecular oxygen;0.010706638115631691
15;14 ortho-Oxidaniumyl;0.010706638115631691
16;15 Water;0.010706638115631691
17;16 Iminomethylium;0.010706638115631691
18;17 Hydrochloric acid;0.010706638115631691
19;18 Acetylene;0.010706638115631691
20;19 Hydrogen Cyanide;0.010706638115631691
