1;0 Methanol;0.0036845983787767134
2;1 Hydrogen fluoride;0.0036845983787767134
3;2 Nitric oxide;0.0036845983787767134
4;3 Formylium;0.0036845983787767134
5;4 Sodium Chloride;0.0036845983787767134
6;5 Sulfur dioxide;0.0036845983787767134
7;6 para-Oxidaniumyl;0.0036845983787767134
8;7 Sulfur Monoxide;0.0036845983787767134
9;8 Butatrienylidene;0.0036845983787767134
10;9 Carbon Monoxide;0.0036845983787767134
11;10 Nitrous Oxide;0.0036845983787767134
12;11 Cyanoacetylene;0.0036845983787767134
13;12 Carbonyl Sulfide;0.0036845983787767134
14;13 Molecular oxygen;0.0036845983787767134
15;14 ortho-Oxidaniumyl;0.0036845983787767134
16;15 Water;0.0036845983787767134
17;16 Iminomethylium;0.0036845983787767134
18;17 Hydrochloric acid;0.0036845983787767134
19;18 Acetylene;0.0036845983787767134
20;19 Hydrogen Cyanide;0.0036845983787767134
