1;94 Glycolaldehyde;0.3697916666666666
2;46 Carbonyl Sulfide;0.018229166666666664
3;91 Hydrogen Isocyanide;0.018229166666666664
4;0 Dimethyl ether;0.005208333333333333
5;1 Butatrienylidene;0.005208333333333333
6;2 Trihydrogen ion;0.005208333333333333
7;3 Nitrous Oxide;0.005208333333333333
8;4 Methyl Acetylene;0.005208333333333333
9;5 Ethylene Glycol;0.005208333333333333
10;6 Methyl Cyanide;0.005208333333333333
11;7 Thioformylium;0.005208333333333333
12;8 para-Oxidaniumyl;0.005208333333333333
13;9 Hydrogen Cyanide;0.005208333333333333
14;10 Titanium monoxide;0.005208333333333333
15;11 Cyanide Radical;0.005208333333333333
16;12 Formic Acid;0.005208333333333333
17;13 Nitric sulfide;0.005208333333333333
18;14 Iminomethylium;0.005208333333333333
19;15 Aluminum monoxide;0.005208333333333333
20;16 Methyl isocyanate;0.005208333333333333
21;17 Nitrosyl hydride;0.005208333333333333
22;18 Propynylidynium;0.005208333333333333
23;19 Magnesium Cyanide;0.005208333333333333
24;20 Diazenylium;0.005208333333333333
25;21 Methylamine;0.005208333333333333
26;22 Chloronium;0.005208333333333333
27;23 Silicon monosulfide;0.005208333333333333
28;24 Phosphorus Monoxide;0.005208333333333333
29;25 Cyclopropenone;0.005208333333333333
30;26 Carbon Monoxide Ion;0.005208333333333333
31;27 Sodium Cyanide;0.005208333333333333
32;28 Nitric oxide;0.005208333333333333
33;29 Silicon Cyanide;0.005208333333333333
34;30 Ethyne Isocyanide;0.005208333333333333
35;31 Sodium Chloride;0.005208333333333333
36;32 Cyanoacetylene;0.005208333333333333
37;33 Sulfur Monoxide;0.005208333333333333
38;34 Aluminum Isocyanitrile;0.005208333333333333
39;35 Cyanobutadiyne;0.005208333333333333
40;36 Silicon Mononitride;0.005208333333333333
41;37 Carbon Monoxide;0.005208333333333333
42;38 Propadienylidene;0.005208333333333333
43;39 Methanimine;0.005208333333333333
44;40 Aluminum Monofluoride;0.005208333333333333
45;41 Formamide;0.005208333333333333
46;42 Aminoacetonitrile;0.005208333333333333
47;43 Ammonia;0.005208333333333333
48;44 gauche-Ethanol;0.005208333333333333
49;45 Protonate 2-proynenitrile;0.005208333333333333
50;47 Thioxoethenylidene;0.005208333333333333
51;48 Ethyl cyanide;0.005208333333333333
52;49 Water;0.005208333333333333
53;50 Methyl Formate;0.005208333333333333
54;51 Acetaldehyde;0.005208333333333333
55;52 Ketenimine;0.005208333333333333
56;53 Propenal;0.005208333333333333
57;54 Methyl isocyanide;0.005208333333333333
58;55 iso-propyl cyanide;0.005208333333333333
59;56 Hydrogen cyanide;0.005208333333333333
60;57 Protonated Carbon Dioxide;0.005208333333333333
61;58 Methylidyne;0.005208333333333333
62;59 Ketene;0.005208333333333333
63;60 Silicon Monoxide;0.005208333333333333
64;61 Acetone;0.005208333333333333
65;62 Vinyl Cyanide;0.005208333333333333
66;63 Silicon monoxide (global fit);0.005208333333333333
67;64 Cyclopropenylidene;0.005208333333333333
68;65 Magnesium Isocyanide;0.005208333333333333
69;66 Cyanobutadiynylide anion;0.005208333333333333
70;67 Formaldehyde;0.005208333333333333
71;68 Carbon Monosulfide;0.005208333333333333
72;69 Fulminic acid;0.005208333333333333
73;70 trans-Ethanol;0.005208333333333333
74;71 Silicon Carbide;0.005208333333333333
75;72 Formylium;0.005208333333333333
76;73 Ethylene Oxide;0.005208333333333333
77;74 Sulfur dioxide;0.005208333333333333
78;75 Carbon Monophosphide;0.005208333333333333
79;76 Sulfur Monoxide ion;0.005208333333333333
80;77 Methanol;0.005208333333333333
81;78 Sulfur Dioxide;0.005208333333333333
82;79 Cyanoformaldehyde;0.005208333333333333
83;80 Isocyanic Acid;0.005208333333333333
84;81 Silicon Isocyanide;0.005208333333333333
85;82 Methylene amidogen;0.005208333333333333
86;83 Silicon Monocarbide;0.005208333333333333
87;84 Phosphaethyne;0.005208333333333333
88;85 Aluminum Monochloride;0.005208333333333333
89;86 Cyanoallene;0.005208333333333333
90;87 Methyl diacetylene;0.005208333333333333
91;88 Cyanomethylene;0.005208333333333333
92;89 Phosphapropynylidyne;0.005208333333333333
93;90 Cyanomethyl;0.005208333333333333
94;92 Hydrogen sulfide;0.005208333333333333
95;93 Hydroxyl;0.005208333333333333
96;95 Cyanide anion;0.005208333333333333
97;96 2-Propynal;0.005208333333333333
98;97 Ethynyl;0.005208333333333333
99;98 Phosphorous nitride;0.005208333333333333
100;99 Magnesium hydride isocyanide;0.005208333333333333
101;100 Potassium chloride;0.005208333333333333
102;101 Silicon tetracarbide;0.005208333333333333
103;102 Ethyl Cyanide;0.005208333333333333
104;103 Cyanamide;0.005208333333333333
105;104 Amidogen;0.005208333333333333
106;105 Hydroxymethylidyne;0.005208333333333333
107;106 Formyl Radical;0.005208333333333333
108;107 Vinyl Alcohol;0.005208333333333333
109;108 ortho-Oxidaniumyl;0.005208333333333333
110;109 Cyanoethynylide ion;0.005208333333333333
111;110 Oxoethenylidene;0.005208333333333333
112;111 2-Butynenitrile;0.005208333333333333
113;112 Cyanoethynyl;0.005208333333333333
114;113 Hydroxymethylium ion;0.005208333333333333
115;114 Thioformaldehyde;0.005208333333333333
116;115 Isothiocyanic acid;0.005208333333333333
117;116 Cyanic acid;0.005208333333333333
