HD163296_CO_2_1.image;model_planetary_tr_500it;1;0 Methanol;0.026455026455026454
HD163296_CO_2_1.image;model_planetary_tr_500it;2;1 Hydrogen fluoride;0.026455026455026454
HD163296_CO_2_1.image;model_planetary_tr_500it;3;2 Nitric oxide;0.026455026455026454
HD163296_CO_2_1.image;model_planetary_tr_500it;4;3 Formylium;0.026455026455026454
HD163296_CO_2_1.image;model_planetary_tr_500it;5;4 Sodium Chloride;0.026455026455026454
HD163296_CO_2_1.image;model_planetary_2_500it;1;0 Methanol;0.026455026455026454
HD163296_CO_2_1.image;model_planetary_2_500it;2;1 Hydrogen fluoride;0.026455026455026454
HD163296_CO_2_1.image;model_planetary_2_500it;3;2 Nitric oxide;0.026455026455026454
HD163296_CO_2_1.image;model_planetary_2_500it;4;3 Formylium;0.026455026455026454
HD163296_CO_2_1.image;model_planetary_2_500it;5;4 Sodium Chloride;0.026455026455026454
HD163296_CO_2_1.image;model_planetary_full_500it;1;0 Methanol;0.026455026455026454
HD163296_CO_2_1.image;model_planetary_full_500it;2;1 Hydrogen fluoride;0.026455026455026454
HD163296_CO_2_1.image;model_planetary_full_500it;3;2 Nitric oxide;0.026455026455026454
HD163296_CO_2_1.image;model_planetary_full_500it;4;3 Formylium;0.026455026455026454
HD163296_CO_2_1.image;model_planetary_full_500it;5;4 Sodium Chloride;0.026455026455026454
HD163296_CO_2_1.image;model_planetary_full_expanded_00002_500it;1;1 Hydrogen fluoride;0.483695652173913
HD163296_CO_2_1.image;model_planetary_full_expanded_00002_500it;2;0 Methanol;0.02717391304347826
HD163296_CO_2_1.image;model_planetary_full_expanded_00002_500it;3;2 Nitric oxide;0.02717391304347826
HD163296_CO_2_1.image;model_planetary_full_expanded_00002_500it;4;3 Formylium;0.02717391304347826
HD163296_CO_2_1.image;model_planetary_full_expanded_00002_500it;5;4 Sodium Chloride;0.02717391304347826
HD163296_CO_2_1.image;model_planetary_full_expanded_00010_500it;1;3 Formylium;0.483695652173913
HD163296_CO_2_1.image;model_planetary_full_expanded_00010_500it;2;0 Methanol;0.02717391304347826
HD163296_CO_2_1.image;model_planetary_full_expanded_00010_500it;3;1 Hydrogen fluoride;0.02717391304347826
HD163296_CO_2_1.image;model_planetary_full_expanded_00010_500it;4;2 Nitric oxide;0.02717391304347826
HD163296_CO_2_1.image;model_planetary_full_expanded_00010_500it;5;4 Sodium Chloride;0.02717391304347826
TWHydra_CO3_2line.image;model_planetary_tr_500it;1;0 Methanol;0.03225806451612903
TWHydra_CO3_2line.image;model_planetary_tr_500it;2;1 Hydrogen fluoride;0.03225806451612903
TWHydra_CO3_2line.image;model_planetary_tr_500it;3;2 Nitric oxide;0.03225806451612903
TWHydra_CO3_2line.image;model_planetary_tr_500it;4;3 Formylium;0.03225806451612903
TWHydra_CO3_2line.image;model_planetary_tr_500it;5;4 Sodium Chloride;0.03225806451612903
TWHydra_CO3_2line.image;model_planetary_2_500it;1;0 Methanol;0.03225806451612903
TWHydra_CO3_2line.image;model_planetary_2_500it;2;1 Hydrogen fluoride;0.03225806451612903
TWHydra_CO3_2line.image;model_planetary_2_500it;3;2 Nitric oxide;0.03225806451612903
TWHydra_CO3_2line.image;model_planetary_2_500it;4;3 Formylium;0.03225806451612903
TWHydra_CO3_2line.image;model_planetary_2_500it;5;4 Sodium Chloride;0.03225806451612903
TWHydra_CO3_2line.image;model_planetary_full_500it;1;0 Methanol;0.03225806451612903
TWHydra_CO3_2line.image;model_planetary_full_500it;2;1 Hydrogen fluoride;0.03225806451612903
TWHydra_CO3_2line.image;model_planetary_full_500it;3;2 Nitric oxide;0.03225806451612903
TWHydra_CO3_2line.image;model_planetary_full_500it;4;3 Formylium;0.03225806451612903
TWHydra_CO3_2line.image;model_planetary_full_500it;5;4 Sodium Chloride;0.03225806451612903
TWHydra_CO3_2line.image;model_planetary_full_expanded_00002_500it;1;9 Carbon Monoxide;0.35333333333333333
TWHydra_CO3_2line.image;model_planetary_full_expanded_00002_500it;2;17 Hydrochloric acid;0.04666666666666667
TWHydra_CO3_2line.image;model_planetary_full_expanded_00002_500it;3;0 Methanol;0.03333333333333333
TWHydra_CO3_2line.image;model_planetary_full_expanded_00002_500it;4;1 Hydrogen fluoride;0.03333333333333333
TWHydra_CO3_2line.image;model_planetary_full_expanded_00002_500it;5;2 Nitric oxide;0.03333333333333333
TWHydra_CO3_2line.image;model_planetary_full_expanded_00010_500it;1;9 Carbon Monoxide;0.35333333333333333
TWHydra_CO3_2line.image;model_planetary_full_expanded_00010_500it;2;17 Hydrochloric acid;0.04666666666666667
TWHydra_CO3_2line.image;model_planetary_full_expanded_00010_500it;3;0 Methanol;0.03333333333333333
TWHydra_CO3_2line.image;model_planetary_full_expanded_00010_500it;4;1 Hydrogen fluoride;0.03333333333333333
TWHydra_CO3_2line.image;model_planetary_full_expanded_00010_500it;5;2 Nitric oxide;0.03333333333333333
Orion.methanol.cbc.contsub.image;model_planetary_tr_500it;1;0 Methanol;0.0205761316872428
Orion.methanol.cbc.contsub.image;model_planetary_tr_500it;2;1 Hydrogen fluoride;0.0205761316872428
Orion.methanol.cbc.contsub.image;model_planetary_tr_500it;3;2 Nitric oxide;0.0205761316872428
Orion.methanol.cbc.contsub.image;model_planetary_tr_500it;4;3 Formylium;0.0205761316872428
Orion.methanol.cbc.contsub.image;model_planetary_tr_500it;5;4 Sodium Chloride;0.0205761316872428
Orion.methanol.cbc.contsub.image;model_planetary_2_500it;1;0 Methanol;0.0205761316872428
Orion.methanol.cbc.contsub.image;model_planetary_2_500it;2;1 Hydrogen fluoride;0.0205761316872428
Orion.methanol.cbc.contsub.image;model_planetary_2_500it;3;2 Nitric oxide;0.0205761316872428
Orion.methanol.cbc.contsub.image;model_planetary_2_500it;4;3 Formylium;0.0205761316872428
Orion.methanol.cbc.contsub.image;model_planetary_2_500it;5;4 Sodium Chloride;0.0205761316872428
Orion.methanol.cbc.contsub.image;model_planetary_full_500it;1;0 Methanol;0.0205761316872428
Orion.methanol.cbc.contsub.image;model_planetary_full_500it;2;1 Hydrogen fluoride;0.0205761316872428
Orion.methanol.cbc.contsub.image;model_planetary_full_500it;3;2 Nitric oxide;0.0205761316872428
Orion.methanol.cbc.contsub.image;model_planetary_full_500it;4;3 Formylium;0.0205761316872428
Orion.methanol.cbc.contsub.image;model_planetary_full_500it;5;4 Sodium Chloride;0.0205761316872428
Orion.methanol.cbc.contsub.image;model_planetary_full_expanded_00002_500it;1;19 Hydrogen Cyanide;0.6008403361344538
Orion.methanol.cbc.contsub.image;model_planetary_full_expanded_00002_500it;2;0 Methanol;0.02100840336134454
Orion.methanol.cbc.contsub.image;model_planetary_full_expanded_00002_500it;3;1 Hydrogen fluoride;0.02100840336134454
Orion.methanol.cbc.contsub.image;model_planetary_full_expanded_00002_500it;4;2 Nitric oxide;0.02100840336134454
Orion.methanol.cbc.contsub.image;model_planetary_full_expanded_00002_500it;5;3 Formylium;0.02100840336134454
Orion.methanol.cbc.contsub.image;model_planetary_full_expanded_00010_500it;1;10 Nitrous Oxide;0.5840336134453782
Orion.methanol.cbc.contsub.image;model_planetary_full_expanded_00010_500it;2;12 Carbonyl Sulfide;0.029411764705882353
Orion.methanol.cbc.contsub.image;model_planetary_full_expanded_00010_500it;3;16 Iminomethylium;0.029411764705882353
Orion.methanol.cbc.contsub.image;model_planetary_full_expanded_00010_500it;4;0 Methanol;0.02100840336134454
Orion.methanol.cbc.contsub.image;model_planetary_full_expanded_00010_500it;5;1 Hydrogen fluoride;0.02100840336134454
TWHydra_HCOplusline.image;model_planetary_tr_500it;1;0 Methanol;0.033112582781456956
TWHydra_HCOplusline.image;model_planetary_tr_500it;2;1 Hydrogen fluoride;0.033112582781456956
TWHydra_HCOplusline.image;model_planetary_tr_500it;3;2 Nitric oxide;0.033112582781456956
TWHydra_HCOplusline.image;model_planetary_tr_500it;4;3 Formylium;0.033112582781456956
TWHydra_HCOplusline.image;model_planetary_tr_500it;5;4 Sodium Chloride;0.033112582781456956
TWHydra_HCOplusline.image;model_planetary_2_500it;1;0 Methanol;0.033112582781456956
TWHydra_HCOplusline.image;model_planetary_2_500it;2;1 Hydrogen fluoride;0.033112582781456956
TWHydra_HCOplusline.image;model_planetary_2_500it;3;2 Nitric oxide;0.033112582781456956
TWHydra_HCOplusline.image;model_planetary_2_500it;4;3 Formylium;0.033112582781456956
TWHydra_HCOplusline.image;model_planetary_2_500it;5;4 Sodium Chloride;0.033112582781456956
TWHydra_HCOplusline.image;model_planetary_full_500it;1;3 Formylium;0.33774834437086093
TWHydra_HCOplusline.image;model_planetary_full_500it;2;0 Methanol;0.033112582781456956
TWHydra_HCOplusline.image;model_planetary_full_500it;3;1 Hydrogen fluoride;0.033112582781456956
TWHydra_HCOplusline.image;model_planetary_full_500it;4;2 Nitric oxide;0.033112582781456956
TWHydra_HCOplusline.image;model_planetary_full_500it;5;4 Sodium Chloride;0.033112582781456956
TWHydra_HCOplusline.image;model_planetary_full_expanded_00002_500it;1;3 Formylium;0.3356164383561644
TWHydra_HCOplusline.image;model_planetary_full_expanded_00002_500it;2;1 Hydrogen fluoride;0.04794520547945205
TWHydra_HCOplusline.image;model_planetary_full_expanded_00002_500it;3;0 Methanol;0.03424657534246575
TWHydra_HCOplusline.image;model_planetary_full_expanded_00002_500it;4;2 Nitric oxide;0.03424657534246575
TWHydra_HCOplusline.image;model_planetary_full_expanded_00002_500it;5;4 Sodium Chloride;0.03424657534246575
TWHydra_HCOplusline.image;model_planetary_full_expanded_00010_500it;1;3 Formylium;0.3219178082191781
TWHydra_HCOplusline.image;model_planetary_full_expanded_00010_500it;2;4 Sodium Chloride;0.06164383561643835
TWHydra_HCOplusline.image;model_planetary_full_expanded_00010_500it;3;0 Methanol;0.03424657534246575
TWHydra_HCOplusline.image;model_planetary_full_expanded_00010_500it;4;1 Hydrogen fluoride;0.03424657534246575
TWHydra_HCOplusline.image;model_planetary_full_expanded_00010_500it;5;2 Nitric oxide;0.03424657534246575
uid___A002_Xa916fc_X668__IRS43_HCO32.final.image.pbcor;model_planetary_tr_500it;1;0 Methanol;0.00927643784786642
uid___A002_Xa916fc_X668__IRS43_HCO32.final.image.pbcor;model_planetary_tr_500it;2;1 Hydrogen fluoride;0.00927643784786642
uid___A002_Xa916fc_X668__IRS43_HCO32.final.image.pbcor;model_planetary_tr_500it;3;2 Nitric oxide;0.00927643784786642
uid___A002_Xa916fc_X668__IRS43_HCO32.final.image.pbcor;model_planetary_tr_500it;4;3 Formylium;0.00927643784786642
uid___A002_Xa916fc_X668__IRS43_HCO32.final.image.pbcor;model_planetary_tr_500it;5;4 Sodium Chloride;0.00927643784786642
uid___A002_Xa916fc_X668__IRS43_HCO32.final.image.pbcor;model_planetary_2_500it;1;0 Methanol;0.00927643784786642
uid___A002_Xa916fc_X668__IRS43_HCO32.final.image.pbcor;model_planetary_2_500it;2;1 Hydrogen fluoride;0.00927643784786642
uid___A002_Xa916fc_X668__IRS43_HCO32.final.image.pbcor;model_planetary_2_500it;3;2 Nitric oxide;0.00927643784786642
uid___A002_Xa916fc_X668__IRS43_HCO32.final.image.pbcor;model_planetary_2_500it;4;3 Formylium;0.00927643784786642
uid___A002_Xa916fc_X668__IRS43_HCO32.final.image.pbcor;model_planetary_2_500it;5;4 Sodium Chloride;0.00927643784786642
uid___A002_Xa916fc_X668__IRS43_HCO32.final.image.pbcor;model_planetary_full_500it;1;0 Methanol;0.00927643784786642
uid___A002_Xa916fc_X668__IRS43_HCO32.final.image.pbcor;model_planetary_full_500it;2;1 Hydrogen fluoride;0.00927643784786642
uid___A002_Xa916fc_X668__IRS43_HCO32.final.image.pbcor;model_planetary_full_500it;3;2 Nitric oxide;0.00927643784786642
uid___A002_Xa916fc_X668__IRS43_HCO32.final.image.pbcor;model_planetary_full_500it;4;3 Formylium;0.00927643784786642
uid___A002_Xa916fc_X668__IRS43_HCO32.final.image.pbcor;model_planetary_full_500it;5;4 Sodium Chloride;0.00927643784786642
uid___A002_Xa916fc_X668__IRS43_HCO32.final.image.pbcor;model_planetary_full_expanded_00002_500it;1;1 Hydrogen fluoride;0.8220973782771536
uid___A002_Xa916fc_X668__IRS43_HCO32.final.image.pbcor;model_planetary_full_expanded_00002_500it;2;0 Methanol;0.009363295880149813
uid___A002_Xa916fc_X668__IRS43_HCO32.final.image.pbcor;model_planetary_full_expanded_00002_500it;3;2 Nitric oxide;0.009363295880149813
uid___A002_Xa916fc_X668__IRS43_HCO32.final.image.pbcor;model_planetary_full_expanded_00002_500it;4;3 Formylium;0.009363295880149813
uid___A002_Xa916fc_X668__IRS43_HCO32.final.image.pbcor;model_planetary_full_expanded_00002_500it;5;4 Sodium Chloride;0.009363295880149813
uid___A002_Xa916fc_X668__IRS43_HCO32.final.image.pbcor;model_planetary_full_expanded_00010_500it;1;3 Formylium;0.8220973782771536
uid___A002_Xa916fc_X668__IRS43_HCO32.final.image.pbcor;model_planetary_full_expanded_00010_500it;2;0 Methanol;0.009363295880149813
uid___A002_Xa916fc_X668__IRS43_HCO32.final.image.pbcor;model_planetary_full_expanded_00010_500it;3;1 Hydrogen fluoride;0.009363295880149813
uid___A002_Xa916fc_X668__IRS43_HCO32.final.image.pbcor;model_planetary_full_expanded_00010_500it;4;2 Nitric oxide;0.009363295880149813
uid___A002_Xa916fc_X668__IRS43_HCO32.final.image.pbcor;model_planetary_full_expanded_00010_500it;5;4 Sodium Chloride;0.009363295880149813
