1;38 Molecular oxygen;0.6903846153846154
2;18 gauche-Ethanol;0.0125
3;4 Thioformylium;0.007692307692307693
4;9 Iminomethylium;0.007692307692307693
5;11 2-Propynal;0.007692307692307693
6;26 Trihydrogen ion;0.007692307692307693
7;39 Cyclopropenone;0.007692307692307693
8;42 Cyanomethylene;0.007692307692307693
9;50 Hydrochloric acid;0.007692307692307693
10;51 Ethyne Isocyanide;0.007692307692307693
11;65 Silicon Monoxide;0.007692307692307693
12;66 Dimethyl ether;0.007692307692307693
13;68 Carbon Monoxide;0.007692307692307693
14;82 para-Oxidaniumyl;0.007692307692307693
15;0 Isocyanic Acid;0.0028846153846153843
16;1 Propenal;0.0028846153846153843
17;2 Ketene;0.0028846153846153843
18;3 Oxonium hydride;0.0028846153846153843
19;5 Vinyl Cyanide;0.0028846153846153843
20;6 Methyl Formate;0.0028846153846153843
21;7 Hydroxyl;0.0028846153846153843
22;8 Methyliumylidene;0.0028846153846153843
23;10 Hydroxymethylium ion;0.0028846153846153843
24;12 Carbon Monosulfide;0.0028846153846153843
25;13 Cyanomethyl;0.0028846153846153843
26;14 Methyl Acetylene;0.0028846153846153843
27;15 2-Butynenitrile;0.0028846153846153843
28;16 Methyl formate vt01;0.0028846153846153843
29;17 Ethyl Cyanide;0.0028846153846153843
30;19 Glycolaldehyde;0.0028846153846153843
31;20 Water;0.0028846153846153843
32;21 Hydrogen sulfide;0.0028846153846153843
33;22 Sulfur Monoxide ion;0.0028846153846153843
34;23 1,3-Butadiynyl radical;0.0028846153846153843
35;24 Formylium;0.0028846153846153843
36;25 Fulminic acid;0.0028846153846153843
37;27 Methanimine;0.0028846153846153843
38;28 Nitrous Oxide;0.0028846153846153843
39;29 Propadienylidene;0.0028846153846153843
40;30 Ethylene Oxide;0.0028846153846153843
41;31 Ketenimine;0.0028846153846153843
42;32 2,4,6-Heptatriynenitrile;0.0028846153846153843
43;33 Aminoacetonitrile;0.0028846153846153843
44;34 Methanol;0.0028846153846153843
45;35 Ammonia;0.0028846153846153843
46;36 Formyl Radical;0.0028846153846153843
47;37 Methyl Cyanide;0.0028846153846153843
48;40 Carbonyl Sulfide;0.0028846153846153843
49;41 Acetaldehyde;0.0028846153846153843
50;43 3-Thioxo-1,2-Propadieylidene;0.0028846153846153843
51;44 Formamide;0.0028846153846153843
52;45 Cyanobutadiyne;0.0028846153846153843
53;46 Sulfur Dioxide;0.0028846153846153843
54;47 Methyl isocyanide;0.0028846153846153843
55;48 Nitric sulfide;0.0028846153846153843
56;49 Methylene;0.0028846153846153843
57;52 Cyanide Radical;0.0028846153846153843
58;53 Nitric oxide;0.0028846153846153843
59;54 Cyanic acid;0.0028846153846153843
60;55 Formaldehyde;0.0028846153846153843
61;56 Sulfur Monoxide;0.0028846153846153843
62;57 Protonate 2-proynenitrile;0.0028846153846153843
63;58 Ethynyl;0.0028846153846153843
64;59 Ethylene Glycol;0.0028846153846153843
65;60 Hydrogen Cyanide;0.0028846153846153843
66;61 Fluoromethyliumylidene;0.0028846153846153843
67;62 Methylidyne;0.0028846153846153843
68;63 Thioxoethenylidene;0.0028846153846153843
69;64 Cyanomethanimine;0.0028846153846153843
70;67 Acetone;0.0028846153846153843
71;69 Phosphorous nitride;0.0028846153846153843
72;70 Thioformaldehyde;0.0028846153846153843
73;71 Diazenylium;0.0028846153846153843
74;72 Cyanoformaldehyde;0.0028846153846153843
75;73 Isothiocyanic acid;0.0028846153846153843
76;74 Vinyl Alcohol;0.0028846153846153843
77;75 Hydrogen Isocyanide;0.0028846153846153843
78;76 Carbon Monosulfide;0.0028846153846153843
79;77 Methylamine;0.0028846153846153843
80;78 Protonated Carbon Dioxide;0.0028846153846153843
81;79 Formic Acid;0.0028846153846153843
82;80 Cyclopropenylidene;0.0028846153846153843
83;81 Cyanoacetylene;0.0028846153846153843
84;83 ortho-Oxidaniumyl;0.0028846153846153843
85;84 Nitrosyl hydride;0.0028846153846153843
