1;68 Carbon Monoxide;0.5356521739130435
2;48 Nitric sulfide;0.01391304347826087
3;51 Ethyne Isocyanide;0.01391304347826087
4;65 Silicon Monoxide;0.01391304347826087
5;0 Isocyanic Acid;0.005217391304347826
6;1 Propenal;0.005217391304347826
7;2 Ketene;0.005217391304347826
8;3 Oxonium hydride;0.005217391304347826
9;4 Thioformylium;0.005217391304347826
10;5 Vinyl Cyanide;0.005217391304347826
11;6 Methyl Formate;0.005217391304347826
12;7 Hydroxyl;0.005217391304347826
13;8 Methyliumylidene;0.005217391304347826
14;9 Iminomethylium;0.005217391304347826
15;10 Hydroxymethylium ion;0.005217391304347826
16;11 2-Propynal;0.005217391304347826
17;12 Carbon Monosulfide;0.005217391304347826
18;13 Cyanomethyl;0.005217391304347826
19;14 Methyl Acetylene;0.005217391304347826
20;15 2-Butynenitrile;0.005217391304347826
21;16 Methyl formate vt01;0.005217391304347826
22;17 Ethyl Cyanide;0.005217391304347826
23;18 gauche-Ethanol;0.005217391304347826
24;19 Glycolaldehyde;0.005217391304347826
25;20 Water;0.005217391304347826
26;21 Hydrogen sulfide;0.005217391304347826
27;22 Sulfur Monoxide ion;0.005217391304347826
28;23 1,3-Butadiynyl radical;0.005217391304347826
29;24 Formylium;0.005217391304347826
30;25 Fulminic acid;0.005217391304347826
31;26 Trihydrogen ion;0.005217391304347826
32;27 Methanimine;0.005217391304347826
33;28 Nitrous Oxide;0.005217391304347826
34;29 Propadienylidene;0.005217391304347826
35;30 Ethylene Oxide;0.005217391304347826
36;31 Ketenimine;0.005217391304347826
37;32 2,4,6-Heptatriynenitrile;0.005217391304347826
38;33 Aminoacetonitrile;0.005217391304347826
39;34 Methanol;0.005217391304347826
40;35 Ammonia;0.005217391304347826
41;36 Formyl Radical;0.005217391304347826
42;37 Methyl Cyanide;0.005217391304347826
43;38 Molecular oxygen;0.005217391304347826
44;39 Cyclopropenone;0.005217391304347826
45;40 Carbonyl Sulfide;0.005217391304347826
46;41 Acetaldehyde;0.005217391304347826
47;42 Cyanomethylene;0.005217391304347826
48;43 3-Thioxo-1,2-Propadieylidene;0.005217391304347826
49;44 Formamide;0.005217391304347826
50;45 Cyanobutadiyne;0.005217391304347826
51;46 Sulfur Dioxide;0.005217391304347826
52;47 Methyl isocyanide;0.005217391304347826
53;49 Methylene;0.005217391304347826
54;50 Hydrochloric acid;0.005217391304347826
55;52 Cyanide Radical;0.005217391304347826
56;53 Nitric oxide;0.005217391304347826
57;54 Cyanic acid;0.005217391304347826
58;55 Formaldehyde;0.005217391304347826
59;56 Sulfur Monoxide;0.005217391304347826
60;57 Protonate 2-proynenitrile;0.005217391304347826
61;58 Ethynyl;0.005217391304347826
62;59 Ethylene Glycol;0.005217391304347826
63;60 Hydrogen Cyanide;0.005217391304347826
64;61 Fluoromethyliumylidene;0.005217391304347826
65;62 Methylidyne;0.005217391304347826
66;63 Thioxoethenylidene;0.005217391304347826
67;64 Cyanomethanimine;0.005217391304347826
68;66 Dimethyl ether;0.005217391304347826
69;67 Acetone;0.005217391304347826
70;69 Phosphorous nitride;0.005217391304347826
71;70 Thioformaldehyde;0.005217391304347826
72;71 Diazenylium;0.005217391304347826
73;72 Cyanoformaldehyde;0.005217391304347826
74;73 Isothiocyanic acid;0.005217391304347826
75;74 Vinyl Alcohol;0.005217391304347826
76;75 Hydrogen Isocyanide;0.005217391304347826
77;76 Carbon Monosulfide;0.005217391304347826
78;77 Methylamine;0.005217391304347826
79;78 Protonated Carbon Dioxide;0.005217391304347826
80;79 Formic Acid;0.005217391304347826
81;80 Cyclopropenylidene;0.005217391304347826
82;81 Cyanoacetylene;0.005217391304347826
83;82 para-Oxidaniumyl;0.005217391304347826
84;83 ortho-Oxidaniumyl;0.005217391304347826
85;84 Nitrosyl hydride;0.005217391304347826
