1;43 3-Thioxo-1,2-Propadieylidene;0.8839130434782609
2;53 Nitric oxide;0.0034782608695652175
3;82 para-Oxidaniumyl;0.0034782608695652175
4;84 Nitrosyl hydride;0.0034782608695652175
5;0 Isocyanic Acid;0.0013043478260869564
6;1 Propenal;0.0013043478260869564
7;2 Ketene;0.0013043478260869564
8;3 Oxonium hydride;0.0013043478260869564
9;4 Thioformylium;0.0013043478260869564
10;5 Vinyl Cyanide;0.0013043478260869564
11;6 Methyl Formate;0.0013043478260869564
12;7 Hydroxyl;0.0013043478260869564
13;8 Methyliumylidene;0.0013043478260869564
14;9 Iminomethylium;0.0013043478260869564
15;10 Hydroxymethylium ion;0.0013043478260869564
16;11 2-Propynal;0.0013043478260869564
17;12 Carbon Monosulfide;0.0013043478260869564
18;13 Cyanomethyl;0.0013043478260869564
19;14 Methyl Acetylene;0.0013043478260869564
20;15 2-Butynenitrile;0.0013043478260869564
21;16 Methyl formate vt01;0.0013043478260869564
22;17 Ethyl Cyanide;0.0013043478260869564
23;18 gauche-Ethanol;0.0013043478260869564
24;19 Glycolaldehyde;0.0013043478260869564
25;20 Water;0.0013043478260869564
26;21 Hydrogen sulfide;0.0013043478260869564
27;22 Sulfur Monoxide ion;0.0013043478260869564
28;23 1,3-Butadiynyl radical;0.0013043478260869564
29;24 Formylium;0.0013043478260869564
30;25 Fulminic acid;0.0013043478260869564
31;26 Trihydrogen ion;0.0013043478260869564
32;27 Methanimine;0.0013043478260869564
33;28 Nitrous Oxide;0.0013043478260869564
34;29 Propadienylidene;0.0013043478260869564
35;30 Ethylene Oxide;0.0013043478260869564
36;31 Ketenimine;0.0013043478260869564
37;32 2,4,6-Heptatriynenitrile;0.0013043478260869564
38;33 Aminoacetonitrile;0.0013043478260869564
39;34 Methanol;0.0013043478260869564
40;35 Ammonia;0.0013043478260869564
41;36 Formyl Radical;0.0013043478260869564
42;37 Methyl Cyanide;0.0013043478260869564
43;38 Molecular oxygen;0.0013043478260869564
44;39 Cyclopropenone;0.0013043478260869564
45;40 Carbonyl Sulfide;0.0013043478260869564
46;41 Acetaldehyde;0.0013043478260869564
47;42 Cyanomethylene;0.0013043478260869564
48;44 Formamide;0.0013043478260869564
49;45 Cyanobutadiyne;0.0013043478260869564
50;46 Sulfur Dioxide;0.0013043478260869564
51;47 Methyl isocyanide;0.0013043478260869564
52;48 Nitric sulfide;0.0013043478260869564
53;49 Methylene;0.0013043478260869564
54;50 Hydrochloric acid;0.0013043478260869564
55;51 Ethyne Isocyanide;0.0013043478260869564
56;52 Cyanide Radical;0.0013043478260869564
57;54 Cyanic acid;0.0013043478260869564
58;55 Formaldehyde;0.0013043478260869564
59;56 Sulfur Monoxide;0.0013043478260869564
60;57 Protonate 2-proynenitrile;0.0013043478260869564
61;58 Ethynyl;0.0013043478260869564
62;59 Ethylene Glycol;0.0013043478260869564
63;60 Hydrogen Cyanide;0.0013043478260869564
64;61 Fluoromethyliumylidene;0.0013043478260869564
65;62 Methylidyne;0.0013043478260869564
66;63 Thioxoethenylidene;0.0013043478260869564
67;64 Cyanomethanimine;0.0013043478260869564
68;65 Silicon Monoxide;0.0013043478260869564
69;66 Dimethyl ether;0.0013043478260869564
70;67 Acetone;0.0013043478260869564
71;68 Carbon Monoxide;0.0013043478260869564
72;69 Phosphorous nitride;0.0013043478260869564
73;70 Thioformaldehyde;0.0013043478260869564
74;71 Diazenylium;0.0013043478260869564
75;72 Cyanoformaldehyde;0.0013043478260869564
76;73 Isothiocyanic acid;0.0013043478260869564
77;74 Vinyl Alcohol;0.0013043478260869564
78;75 Hydrogen Isocyanide;0.0013043478260869564
79;76 Carbon Monosulfide;0.0013043478260869564
80;77 Methylamine;0.0013043478260869564
81;78 Protonated Carbon Dioxide;0.0013043478260869564
82;79 Formic Acid;0.0013043478260869564
83;80 Cyclopropenylidene;0.0013043478260869564
84;81 Cyanoacetylene;0.0013043478260869564
85;83 ortho-Oxidaniumyl;0.0013043478260869564
