1;17 Nitrosyl hydride;0.3110465116279069
2;16 Methyl isocyanate;0.02034883720930232
3;0 Dimethyl ether;0.005813953488372092
4;1 Butatrienylidene;0.005813953488372092
5;2 Trihydrogen ion;0.005813953488372092
6;3 Nitrous Oxide;0.005813953488372092
7;4 Methyl Acetylene;0.005813953488372092
8;5 Ethylene Glycol;0.005813953488372092
9;6 Methyl Cyanide;0.005813953488372092
10;7 Thioformylium;0.005813953488372092
11;8 para-Oxidaniumyl;0.005813953488372092
12;9 Hydrogen Cyanide;0.005813953488372092
13;10 Titanium monoxide;0.005813953488372092
14;11 Cyanide Radical;0.005813953488372092
15;12 Formic Acid;0.005813953488372092
16;13 Nitric sulfide;0.005813953488372092
17;14 Iminomethylium;0.005813953488372092
18;15 Aluminum monoxide;0.005813953488372092
19;18 Propynylidynium;0.005813953488372092
20;19 Magnesium Cyanide;0.005813953488372092
21;20 Diazenylium;0.005813953488372092
22;21 Methylamine;0.005813953488372092
23;22 Chloronium;0.005813953488372092
24;23 Silicon monosulfide;0.005813953488372092
25;24 Phosphorus Monoxide;0.005813953488372092
26;25 Cyclopropenone;0.005813953488372092
27;26 Carbon Monoxide Ion;0.005813953488372092
28;27 Sodium Cyanide;0.005813953488372092
29;28 Nitric oxide;0.005813953488372092
30;29 Silicon Cyanide;0.005813953488372092
31;30 Ethyne Isocyanide;0.005813953488372092
32;31 Sodium Chloride;0.005813953488372092
33;32 Cyanoacetylene;0.005813953488372092
34;33 Sulfur Monoxide;0.005813953488372092
35;34 Aluminum Isocyanitrile;0.005813953488372092
36;35 Cyanobutadiyne;0.005813953488372092
37;36 Silicon Mononitride;0.005813953488372092
38;37 Carbon Monoxide;0.005813953488372092
39;38 Propadienylidene;0.005813953488372092
40;39 Methanimine;0.005813953488372092
41;40 Aluminum Monofluoride;0.005813953488372092
42;41 Formamide;0.005813953488372092
43;42 Aminoacetonitrile;0.005813953488372092
44;43 Ammonia;0.005813953488372092
45;44 gauche-Ethanol;0.005813953488372092
46;45 Protonate 2-proynenitrile;0.005813953488372092
47;46 Carbonyl Sulfide;0.005813953488372092
48;47 Thioxoethenylidene;0.005813953488372092
49;48 Ethyl cyanide;0.005813953488372092
50;49 Water;0.005813953488372092
51;50 Methyl Formate;0.005813953488372092
52;51 Acetaldehyde;0.005813953488372092
53;52 Ketenimine;0.005813953488372092
54;53 Propenal;0.005813953488372092
55;54 Methyl isocyanide;0.005813953488372092
56;55 iso-propyl cyanide;0.005813953488372092
57;56 Hydrogen cyanide;0.005813953488372092
58;57 Protonated Carbon Dioxide;0.005813953488372092
59;58 Methylidyne;0.005813953488372092
60;59 Ketene;0.005813953488372092
61;60 Silicon Monoxide;0.005813953488372092
62;61 Acetone;0.005813953488372092
63;62 Vinyl Cyanide;0.005813953488372092
64;63 Silicon monoxide (global fit);0.005813953488372092
65;64 Cyclopropenylidene;0.005813953488372092
66;65 Magnesium Isocyanide;0.005813953488372092
67;66 Cyanobutadiynylide anion;0.005813953488372092
68;67 Formaldehyde;0.005813953488372092
69;68 Carbon Monosulfide;0.005813953488372092
70;69 Fulminic acid;0.005813953488372092
71;70 trans-Ethanol;0.005813953488372092
72;71 Silicon Carbide;0.005813953488372092
73;72 Formylium;0.005813953488372092
74;73 Ethylene Oxide;0.005813953488372092
75;74 Sulfur dioxide;0.005813953488372092
76;75 Carbon Monophosphide;0.005813953488372092
77;76 Sulfur Monoxide ion;0.005813953488372092
78;77 Methanol;0.005813953488372092
79;78 Sulfur Dioxide;0.005813953488372092
80;79 Cyanoformaldehyde;0.005813953488372092
81;80 Isocyanic Acid;0.005813953488372092
82;81 Silicon Isocyanide;0.005813953488372092
83;82 Methylene amidogen;0.005813953488372092
84;83 Silicon Monocarbide;0.005813953488372092
85;84 Phosphaethyne;0.005813953488372092
86;85 Aluminum Monochloride;0.005813953488372092
87;86 Cyanoallene;0.005813953488372092
88;87 Methyl diacetylene;0.005813953488372092
89;88 Cyanomethylene;0.005813953488372092
90;89 Phosphapropynylidyne;0.005813953488372092
91;90 Cyanomethyl;0.005813953488372092
92;91 Hydrogen Isocyanide;0.005813953488372092
93;92 Hydrogen sulfide;0.005813953488372092
94;93 Hydroxyl;0.005813953488372092
95;94 Glycolaldehyde;0.005813953488372092
96;95 Cyanide anion;0.005813953488372092
97;96 2-Propynal;0.005813953488372092
98;97 Ethynyl;0.005813953488372092
99;98 Phosphorous nitride;0.005813953488372092
100;99 Magnesium hydride isocyanide;0.005813953488372092
101;100 Potassium chloride;0.005813953488372092
102;101 Silicon tetracarbide;0.005813953488372092
103;102 Ethyl Cyanide;0.005813953488372092
104;103 Cyanamide;0.005813953488372092
105;104 Amidogen;0.005813953488372092
106;105 Hydroxymethylidyne;0.005813953488372092
107;106 Formyl Radical;0.005813953488372092
108;107 Vinyl Alcohol;0.005813953488372092
109;108 ortho-Oxidaniumyl;0.005813953488372092
110;109 Cyanoethynylide ion;0.005813953488372092
111;110 Oxoethenylidene;0.005813953488372092
112;111 2-Butynenitrile;0.005813953488372092
113;112 Cyanoethynyl;0.005813953488372092
114;113 Hydroxymethylium ion;0.005813953488372092
115;114 Thioformaldehyde;0.005813953488372092
116;115 Isothiocyanic acid;0.005813953488372092
117;116 Cyanic acid;0.005813953488372092
