1;15 Aluminum monoxide;0.4789029535864978
2;93 Hydroxyl;0.014767932489451473
3;104 Amidogen;0.014767932489451473
4;116 Cyanic acid;0.014767932489451473
5;0 Dimethyl ether;0.004219409282700422
6;1 Butatrienylidene;0.004219409282700422
7;2 Trihydrogen ion;0.004219409282700422
8;3 Nitrous Oxide;0.004219409282700422
9;4 Methyl Acetylene;0.004219409282700422
10;5 Ethylene Glycol;0.004219409282700422
11;6 Methyl Cyanide;0.004219409282700422
12;7 Thioformylium;0.004219409282700422
13;8 para-Oxidaniumyl;0.004219409282700422
14;9 Hydrogen Cyanide;0.004219409282700422
15;10 Titanium monoxide;0.004219409282700422
16;11 Cyanide Radical;0.004219409282700422
17;12 Formic Acid;0.004219409282700422
18;13 Nitric sulfide;0.004219409282700422
19;14 Iminomethylium;0.004219409282700422
20;16 Methyl isocyanate;0.004219409282700422
21;17 Nitrosyl hydride;0.004219409282700422
22;18 Propynylidynium;0.004219409282700422
23;19 Magnesium Cyanide;0.004219409282700422
24;20 Diazenylium;0.004219409282700422
25;21 Methylamine;0.004219409282700422
26;22 Chloronium;0.004219409282700422
27;23 Silicon monosulfide;0.004219409282700422
28;24 Phosphorus Monoxide;0.004219409282700422
29;25 Cyclopropenone;0.004219409282700422
30;26 Carbon Monoxide Ion;0.004219409282700422
31;27 Sodium Cyanide;0.004219409282700422
32;28 Nitric oxide;0.004219409282700422
33;29 Silicon Cyanide;0.004219409282700422
34;30 Ethyne Isocyanide;0.004219409282700422
35;31 Sodium Chloride;0.004219409282700422
36;32 Cyanoacetylene;0.004219409282700422
37;33 Sulfur Monoxide;0.004219409282700422
38;34 Aluminum Isocyanitrile;0.004219409282700422
39;35 Cyanobutadiyne;0.004219409282700422
40;36 Silicon Mononitride;0.004219409282700422
41;37 Carbon Monoxide;0.004219409282700422
42;38 Propadienylidene;0.004219409282700422
43;39 Methanimine;0.004219409282700422
44;40 Aluminum Monofluoride;0.004219409282700422
45;41 Formamide;0.004219409282700422
46;42 Aminoacetonitrile;0.004219409282700422
47;43 Ammonia;0.004219409282700422
48;44 gauche-Ethanol;0.004219409282700422
49;45 Protonate 2-proynenitrile;0.004219409282700422
50;46 Carbonyl Sulfide;0.004219409282700422
51;47 Thioxoethenylidene;0.004219409282700422
52;48 Ethyl cyanide;0.004219409282700422
53;49 Water;0.004219409282700422
54;50 Methyl Formate;0.004219409282700422
55;51 Acetaldehyde;0.004219409282700422
56;52 Ketenimine;0.004219409282700422
57;53 Propenal;0.004219409282700422
58;54 Methyl isocyanide;0.004219409282700422
59;55 iso-propyl cyanide;0.004219409282700422
60;56 Hydrogen cyanide;0.004219409282700422
61;57 Protonated Carbon Dioxide;0.004219409282700422
62;58 Methylidyne;0.004219409282700422
63;59 Ketene;0.004219409282700422
64;60 Silicon Monoxide;0.004219409282700422
65;61 Acetone;0.004219409282700422
66;62 Vinyl Cyanide;0.004219409282700422
67;63 Silicon monoxide (global fit);0.004219409282700422
68;64 Cyclopropenylidene;0.004219409282700422
69;65 Magnesium Isocyanide;0.004219409282700422
70;66 Cyanobutadiynylide anion;0.004219409282700422
71;67 Formaldehyde;0.004219409282700422
72;68 Carbon Monosulfide;0.004219409282700422
73;69 Fulminic acid;0.004219409282700422
74;70 trans-Ethanol;0.004219409282700422
75;71 Silicon Carbide;0.004219409282700422
76;72 Formylium;0.004219409282700422
77;73 Ethylene Oxide;0.004219409282700422
78;74 Sulfur dioxide;0.004219409282700422
79;75 Carbon Monophosphide;0.004219409282700422
80;76 Sulfur Monoxide ion;0.004219409282700422
81;77 Methanol;0.004219409282700422
82;78 Sulfur Dioxide;0.004219409282700422
83;79 Cyanoformaldehyde;0.004219409282700422
84;80 Isocyanic Acid;0.004219409282700422
85;81 Silicon Isocyanide;0.004219409282700422
86;82 Methylene amidogen;0.004219409282700422
87;83 Silicon Monocarbide;0.004219409282700422
88;84 Phosphaethyne;0.004219409282700422
89;85 Aluminum Monochloride;0.004219409282700422
90;86 Cyanoallene;0.004219409282700422
91;87 Methyl diacetylene;0.004219409282700422
92;88 Cyanomethylene;0.004219409282700422
93;89 Phosphapropynylidyne;0.004219409282700422
94;90 Cyanomethyl;0.004219409282700422
95;91 Hydrogen Isocyanide;0.004219409282700422
96;92 Hydrogen sulfide;0.004219409282700422
97;94 Glycolaldehyde;0.004219409282700422
98;95 Cyanide anion;0.004219409282700422
99;96 2-Propynal;0.004219409282700422
100;97 Ethynyl;0.004219409282700422
101;98 Phosphorous nitride;0.004219409282700422
102;99 Magnesium hydride isocyanide;0.004219409282700422
103;100 Potassium chloride;0.004219409282700422
104;101 Silicon tetracarbide;0.004219409282700422
105;102 Ethyl Cyanide;0.004219409282700422
106;103 Cyanamide;0.004219409282700422
107;105 Hydroxymethylidyne;0.004219409282700422
108;106 Formyl Radical;0.004219409282700422
109;107 Vinyl Alcohol;0.004219409282700422
110;108 ortho-Oxidaniumyl;0.004219409282700422
111;109 Cyanoethynylide ion;0.004219409282700422
112;110 Oxoethenylidene;0.004219409282700422
113;111 2-Butynenitrile;0.004219409282700422
114;112 Cyanoethynyl;0.004219409282700422
115;113 Hydroxymethylium ion;0.004219409282700422
116;114 Thioformaldehyde;0.004219409282700422
117;115 Isothiocyanic acid;0.004219409282700422
