1;8 para-Oxidaniumyl;0.5105485232067509
2;0 Dimethyl ether;0.004219409282700422
3;1 Butatrienylidene;0.004219409282700422
4;2 Trihydrogen ion;0.004219409282700422
5;3 Nitrous Oxide;0.004219409282700422
6;4 Methyl Acetylene;0.004219409282700422
7;5 Ethylene Glycol;0.004219409282700422
8;6 Methyl Cyanide;0.004219409282700422
9;7 Thioformylium;0.004219409282700422
10;9 Hydrogen Cyanide;0.004219409282700422
11;10 Titanium monoxide;0.004219409282700422
12;11 Cyanide Radical;0.004219409282700422
13;12 Formic Acid;0.004219409282700422
14;13 Nitric sulfide;0.004219409282700422
15;14 Iminomethylium;0.004219409282700422
16;15 Aluminum monoxide;0.004219409282700422
17;16 Methyl isocyanate;0.004219409282700422
18;17 Nitrosyl hydride;0.004219409282700422
19;18 Propynylidynium;0.004219409282700422
20;19 Magnesium Cyanide;0.004219409282700422
21;20 Diazenylium;0.004219409282700422
22;21 Methylamine;0.004219409282700422
23;22 Chloronium;0.004219409282700422
24;23 Silicon monosulfide;0.004219409282700422
25;24 Phosphorus Monoxide;0.004219409282700422
26;25 Cyclopropenone;0.004219409282700422
27;26 Carbon Monoxide Ion;0.004219409282700422
28;27 Sodium Cyanide;0.004219409282700422
29;28 Nitric oxide;0.004219409282700422
30;29 Silicon Cyanide;0.004219409282700422
31;30 Ethyne Isocyanide;0.004219409282700422
32;31 Sodium Chloride;0.004219409282700422
33;32 Cyanoacetylene;0.004219409282700422
34;33 Sulfur Monoxide;0.004219409282700422
35;34 Aluminum Isocyanitrile;0.004219409282700422
36;35 Cyanobutadiyne;0.004219409282700422
37;36 Silicon Mononitride;0.004219409282700422
38;37 Carbon Monoxide;0.004219409282700422
39;38 Propadienylidene;0.004219409282700422
40;39 Methanimine;0.004219409282700422
41;40 Aluminum Monofluoride;0.004219409282700422
42;41 Formamide;0.004219409282700422
43;42 Aminoacetonitrile;0.004219409282700422
44;43 Ammonia;0.004219409282700422
45;44 gauche-Ethanol;0.004219409282700422
46;45 Protonate 2-proynenitrile;0.004219409282700422
47;46 Carbonyl Sulfide;0.004219409282700422
48;47 Thioxoethenylidene;0.004219409282700422
49;48 Ethyl cyanide;0.004219409282700422
50;49 Water;0.004219409282700422
51;50 Methyl Formate;0.004219409282700422
52;51 Acetaldehyde;0.004219409282700422
53;52 Ketenimine;0.004219409282700422
54;53 Propenal;0.004219409282700422
55;54 Methyl isocyanide;0.004219409282700422
56;55 iso-propyl cyanide;0.004219409282700422
57;56 Hydrogen cyanide;0.004219409282700422
58;57 Protonated Carbon Dioxide;0.004219409282700422
59;58 Methylidyne;0.004219409282700422
60;59 Ketene;0.004219409282700422
61;60 Silicon Monoxide;0.004219409282700422
62;61 Acetone;0.004219409282700422
63;62 Vinyl Cyanide;0.004219409282700422
64;63 Silicon monoxide (global fit);0.004219409282700422
65;64 Cyclopropenylidene;0.004219409282700422
66;65 Magnesium Isocyanide;0.004219409282700422
67;66 Cyanobutadiynylide anion;0.004219409282700422
68;67 Formaldehyde;0.004219409282700422
69;68 Carbon Monosulfide;0.004219409282700422
70;69 Fulminic acid;0.004219409282700422
71;70 trans-Ethanol;0.004219409282700422
72;71 Silicon Carbide;0.004219409282700422
73;72 Formylium;0.004219409282700422
74;73 Ethylene Oxide;0.004219409282700422
75;74 Sulfur dioxide;0.004219409282700422
76;75 Carbon Monophosphide;0.004219409282700422
77;76 Sulfur Monoxide ion;0.004219409282700422
78;77 Methanol;0.004219409282700422
79;78 Sulfur Dioxide;0.004219409282700422
80;79 Cyanoformaldehyde;0.004219409282700422
81;80 Isocyanic Acid;0.004219409282700422
82;81 Silicon Isocyanide;0.004219409282700422
83;82 Methylene amidogen;0.004219409282700422
84;83 Silicon Monocarbide;0.004219409282700422
85;84 Phosphaethyne;0.004219409282700422
86;85 Aluminum Monochloride;0.004219409282700422
87;86 Cyanoallene;0.004219409282700422
88;87 Methyl diacetylene;0.004219409282700422
89;88 Cyanomethylene;0.004219409282700422
90;89 Phosphapropynylidyne;0.004219409282700422
91;90 Cyanomethyl;0.004219409282700422
92;91 Hydrogen Isocyanide;0.004219409282700422
93;92 Hydrogen sulfide;0.004219409282700422
94;93 Hydroxyl;0.004219409282700422
95;94 Glycolaldehyde;0.004219409282700422
96;95 Cyanide anion;0.004219409282700422
97;96 2-Propynal;0.004219409282700422
98;97 Ethynyl;0.004219409282700422
99;98 Phosphorous nitride;0.004219409282700422
100;99 Magnesium hydride isocyanide;0.004219409282700422
101;100 Potassium chloride;0.004219409282700422
102;101 Silicon tetracarbide;0.004219409282700422
103;102 Ethyl Cyanide;0.004219409282700422
104;103 Cyanamide;0.004219409282700422
105;104 Amidogen;0.004219409282700422
106;105 Hydroxymethylidyne;0.004219409282700422
107;106 Formyl Radical;0.004219409282700422
108;107 Vinyl Alcohol;0.004219409282700422
109;108 ortho-Oxidaniumyl;0.004219409282700422
110;109 Cyanoethynylide ion;0.004219409282700422
111;110 Oxoethenylidene;0.004219409282700422
112;111 2-Butynenitrile;0.004219409282700422
113;112 Cyanoethynyl;0.004219409282700422
114;113 Hydroxymethylium ion;0.004219409282700422
115;114 Thioformaldehyde;0.004219409282700422
116;115 Isothiocyanic acid;0.004219409282700422
117;116 Cyanic acid;0.004219409282700422
