1;22 Chloronium;0.7199074074074074
2;10 Titanium monoxide;0.008101851851851851
3;105 Hydroxymethylidyne;0.008101851851851851
4;0 Dimethyl ether;0.0023148148148148147
5;1 Butatrienylidene;0.0023148148148148147
6;2 Trihydrogen ion;0.0023148148148148147
7;3 Nitrous Oxide;0.0023148148148148147
8;4 Methyl Acetylene;0.0023148148148148147
9;5 Ethylene Glycol;0.0023148148148148147
10;6 Methyl Cyanide;0.0023148148148148147
11;7 Thioformylium;0.0023148148148148147
12;8 para-Oxidaniumyl;0.0023148148148148147
13;9 Hydrogen Cyanide;0.0023148148148148147
14;11 Cyanide Radical;0.0023148148148148147
15;12 Formic Acid;0.0023148148148148147
16;13 Nitric sulfide;0.0023148148148148147
17;14 Iminomethylium;0.0023148148148148147
18;15 Aluminum monoxide;0.0023148148148148147
19;16 Methyl isocyanate;0.0023148148148148147
20;17 Nitrosyl hydride;0.0023148148148148147
21;18 Propynylidynium;0.0023148148148148147
22;19 Magnesium Cyanide;0.0023148148148148147
23;20 Diazenylium;0.0023148148148148147
24;21 Methylamine;0.0023148148148148147
25;23 Silicon monosulfide;0.0023148148148148147
26;24 Phosphorus Monoxide;0.0023148148148148147
27;25 Cyclopropenone;0.0023148148148148147
28;26 Carbon Monoxide Ion;0.0023148148148148147
29;27 Sodium Cyanide;0.0023148148148148147
30;28 Nitric oxide;0.0023148148148148147
31;29 Silicon Cyanide;0.0023148148148148147
32;30 Ethyne Isocyanide;0.0023148148148148147
33;31 Sodium Chloride;0.0023148148148148147
34;32 Cyanoacetylene;0.0023148148148148147
35;33 Sulfur Monoxide;0.0023148148148148147
36;34 Aluminum Isocyanitrile;0.0023148148148148147
37;35 Cyanobutadiyne;0.0023148148148148147
38;36 Silicon Mononitride;0.0023148148148148147
39;37 Carbon Monoxide;0.0023148148148148147
40;38 Propadienylidene;0.0023148148148148147
41;39 Methanimine;0.0023148148148148147
42;40 Aluminum Monofluoride;0.0023148148148148147
43;41 Formamide;0.0023148148148148147
44;42 Aminoacetonitrile;0.0023148148148148147
45;43 Ammonia;0.0023148148148148147
46;44 gauche-Ethanol;0.0023148148148148147
47;45 Protonate 2-proynenitrile;0.0023148148148148147
48;46 Carbonyl Sulfide;0.0023148148148148147
49;47 Thioxoethenylidene;0.0023148148148148147
50;48 Ethyl cyanide;0.0023148148148148147
51;49 Water;0.0023148148148148147
52;50 Methyl Formate;0.0023148148148148147
53;51 Acetaldehyde;0.0023148148148148147
54;52 Ketenimine;0.0023148148148148147
55;53 Propenal;0.0023148148148148147
56;54 Methyl isocyanide;0.0023148148148148147
57;55 iso-propyl cyanide;0.0023148148148148147
58;56 Hydrogen cyanide;0.0023148148148148147
59;57 Protonated Carbon Dioxide;0.0023148148148148147
60;58 Methylidyne;0.0023148148148148147
61;59 Ketene;0.0023148148148148147
62;60 Silicon Monoxide;0.0023148148148148147
63;61 Acetone;0.0023148148148148147
64;62 Vinyl Cyanide;0.0023148148148148147
65;63 Silicon monoxide (global fit);0.0023148148148148147
66;64 Cyclopropenylidene;0.0023148148148148147
67;65 Magnesium Isocyanide;0.0023148148148148147
68;66 Cyanobutadiynylide anion;0.0023148148148148147
69;67 Formaldehyde;0.0023148148148148147
70;68 Carbon Monosulfide;0.0023148148148148147
71;69 Fulminic acid;0.0023148148148148147
72;70 trans-Ethanol;0.0023148148148148147
73;71 Silicon Carbide;0.0023148148148148147
74;72 Formylium;0.0023148148148148147
75;73 Ethylene Oxide;0.0023148148148148147
76;74 Sulfur dioxide;0.0023148148148148147
77;75 Carbon Monophosphide;0.0023148148148148147
78;76 Sulfur Monoxide ion;0.0023148148148148147
79;77 Methanol;0.0023148148148148147
80;78 Sulfur Dioxide;0.0023148148148148147
81;79 Cyanoformaldehyde;0.0023148148148148147
82;80 Isocyanic Acid;0.0023148148148148147
83;81 Silicon Isocyanide;0.0023148148148148147
84;82 Methylene amidogen;0.0023148148148148147
85;83 Silicon Monocarbide;0.0023148148148148147
86;84 Phosphaethyne;0.0023148148148148147
87;85 Aluminum Monochloride;0.0023148148148148147
88;86 Cyanoallene;0.0023148148148148147
89;87 Methyl diacetylene;0.0023148148148148147
90;88 Cyanomethylene;0.0023148148148148147
91;89 Phosphapropynylidyne;0.0023148148148148147
92;90 Cyanomethyl;0.0023148148148148147
93;91 Hydrogen Isocyanide;0.0023148148148148147
94;92 Hydrogen sulfide;0.0023148148148148147
95;93 Hydroxyl;0.0023148148148148147
96;94 Glycolaldehyde;0.0023148148148148147
97;95 Cyanide anion;0.0023148148148148147
98;96 2-Propynal;0.0023148148148148147
99;97 Ethynyl;0.0023148148148148147
100;98 Phosphorous nitride;0.0023148148148148147
101;99 Magnesium hydride isocyanide;0.0023148148148148147
102;100 Potassium chloride;0.0023148148148148147
103;101 Silicon tetracarbide;0.0023148148148148147
104;102 Ethyl Cyanide;0.0023148148148148147
105;103 Cyanamide;0.0023148148148148147
106;104 Amidogen;0.0023148148148148147
107;106 Formyl Radical;0.0023148148148148147
108;107 Vinyl Alcohol;0.0023148148148148147
109;108 ortho-Oxidaniumyl;0.0023148148148148147
110;109 Cyanoethynylide ion;0.0023148148148148147
111;110 Oxoethenylidene;0.0023148148148148147
112;111 2-Butynenitrile;0.0023148148148148147
113;112 Cyanoethynyl;0.0023148148148148147
114;113 Hydroxymethylium ion;0.0023148148148148147
115;114 Thioformaldehyde;0.0023148148148148147
116;115 Isothiocyanic acid;0.0023148148148148147
117;116 Cyanic acid;0.0023148148148148147
