TWHydra_HCOplusline.image;model_alma_band_6_tr_500it;1;81 Silicon Isocyanide;0.24924012158054704
TWHydra_HCOplusline.image;model_alma_band_6_tr_500it;2;56 Hydrogen cyanide;0.03647416413373859
TWHydra_HCOplusline.image;model_alma_band_6_tr_500it;3;29 Silicon Cyanide;0.021276595744680847
TWHydra_HCOplusline.image;model_alma_band_6_tr_500it;4;0 Dimethyl ether;0.006079027355623099
TWHydra_HCOplusline.image;model_alma_band_6_tr_500it;5;1 Butatrienylidene;0.006079027355623099
TWHydra_HCOplusline.image;model_alma_band_6_2_500it;1;75 Carbon Monophosphide;0.29483282674772027
TWHydra_HCOplusline.image;model_alma_band_6_2_500it;2;0 Dimethyl ether;0.006079027355623099
TWHydra_HCOplusline.image;model_alma_band_6_2_500it;3;1 Butatrienylidene;0.006079027355623099
TWHydra_HCOplusline.image;model_alma_band_6_2_500it;4;2 Trihydrogen ion;0.006079027355623099
TWHydra_HCOplusline.image;model_alma_band_6_2_500it;5;3 Nitrous Oxide;0.006079027355623099
TWHydra_HCOplusline.image;model_alma_band_6_full_500it;1;93 Hydroxyl;0.29483282674772027
TWHydra_HCOplusline.image;model_alma_band_6_full_500it;2;0 Dimethyl ether;0.006079027355623099
TWHydra_HCOplusline.image;model_alma_band_6_full_500it;3;1 Butatrienylidene;0.006079027355623099
TWHydra_HCOplusline.image;model_alma_band_6_full_500it;4;2 Trihydrogen ion;0.006079027355623099
TWHydra_HCOplusline.image;model_alma_band_6_full_500it;5;3 Nitrous Oxide;0.006079027355623099
TWHydra_HCOplusline.image;model_alma_band_6_full_expanded_00002_500it;1;27 Sodium Cyanide;0.29483282674772027
TWHydra_HCOplusline.image;model_alma_band_6_full_expanded_00002_500it;2;0 Dimethyl ether;0.006079027355623099
TWHydra_HCOplusline.image;model_alma_band_6_full_expanded_00002_500it;3;1 Butatrienylidene;0.006079027355623099
TWHydra_HCOplusline.image;model_alma_band_6_full_expanded_00002_500it;4;2 Trihydrogen ion;0.006079027355623099
TWHydra_HCOplusline.image;model_alma_band_6_full_expanded_00002_500it;5;3 Nitrous Oxide;0.006079027355623099
TWHydra_HCOplusline.image;model_alma_band_6_full_expanded_00010_500it;1;52 Ketenimine;0.27963525835866254
TWHydra_HCOplusline.image;model_alma_band_6_full_expanded_00010_500it;2;0 Dimethyl ether;0.021276595744680847
TWHydra_HCOplusline.image;model_alma_band_6_full_expanded_00010_500it;3;1 Butatrienylidene;0.006079027355623099
TWHydra_HCOplusline.image;model_alma_band_6_full_expanded_00010_500it;4;2 Trihydrogen ion;0.006079027355623099
TWHydra_HCOplusline.image;model_alma_band_6_full_expanded_00010_500it;5;3 Nitrous Oxide;0.006079027355623099
TWHydra_CO3_2line.image;model_alma_band_6_tr_500it;1;81 Silicon Isocyanide;0.18023255813953487
TWHydra_CO3_2line.image;model_alma_band_6_tr_500it;2;108 ortho-Oxidaniumyl;0.07848837209302324
TWHydra_CO3_2line.image;model_alma_band_6_tr_500it;3;16 Methyl isocyanate;0.02034883720930232
TWHydra_CO3_2line.image;model_alma_band_6_tr_500it;4;19 Magnesium Cyanide;0.02034883720930232
TWHydra_CO3_2line.image;model_alma_band_6_tr_500it;5;73 Ethylene Oxide;0.02034883720930232
TWHydra_CO3_2line.image;model_alma_band_6_2_500it;1;106 Formyl Radical;0.3255813953488371
TWHydra_CO3_2line.image;model_alma_band_6_2_500it;2;0 Dimethyl ether;0.005813953488372092
TWHydra_CO3_2line.image;model_alma_band_6_2_500it;3;1 Butatrienylidene;0.005813953488372092
TWHydra_CO3_2line.image;model_alma_band_6_2_500it;4;2 Trihydrogen ion;0.005813953488372092
TWHydra_CO3_2line.image;model_alma_band_6_2_500it;5;3 Nitrous Oxide;0.005813953488372092
TWHydra_CO3_2line.image;model_alma_band_6_full_500it;1;69 Fulminic acid;0.3255813953488371
TWHydra_CO3_2line.image;model_alma_band_6_full_500it;2;0 Dimethyl ether;0.005813953488372092
TWHydra_CO3_2line.image;model_alma_band_6_full_500it;3;1 Butatrienylidene;0.005813953488372092
TWHydra_CO3_2line.image;model_alma_band_6_full_500it;4;2 Trihydrogen ion;0.005813953488372092
TWHydra_CO3_2line.image;model_alma_band_6_full_500it;5;3 Nitrous Oxide;0.005813953488372092
TWHydra_CO3_2line.image;model_alma_band_6_full_expanded_00002_500it;1;46 Carbonyl Sulfide;0.3255813953488371
TWHydra_CO3_2line.image;model_alma_band_6_full_expanded_00002_500it;2;0 Dimethyl ether;0.005813953488372092
TWHydra_CO3_2line.image;model_alma_band_6_full_expanded_00002_500it;3;1 Butatrienylidene;0.005813953488372092
TWHydra_CO3_2line.image;model_alma_band_6_full_expanded_00002_500it;4;2 Trihydrogen ion;0.005813953488372092
TWHydra_CO3_2line.image;model_alma_band_6_full_expanded_00002_500it;5;3 Nitrous Oxide;0.005813953488372092
TWHydra_CO3_2line.image;model_alma_band_6_full_expanded_00010_500it;1;106 Formyl Radical;0.3110465116279069
TWHydra_CO3_2line.image;model_alma_band_6_full_expanded_00010_500it;2;96 2-Propynal;0.02034883720930232
TWHydra_CO3_2line.image;model_alma_band_6_full_expanded_00010_500it;3;0 Dimethyl ether;0.005813953488372092
TWHydra_CO3_2line.image;model_alma_band_6_full_expanded_00010_500it;4;1 Butatrienylidene;0.005813953488372092
TWHydra_CO3_2line.image;model_alma_band_6_full_expanded_00010_500it;5;2 Trihydrogen ion;0.005813953488372092
Orion.HNC.cbc.contsub.image;model_alma_band_6_tr_500it;1;22 Chloronium;0.7199074074074074
Orion.HNC.cbc.contsub.image;model_alma_band_6_tr_500it;2;10 Titanium monoxide;0.008101851851851851
Orion.HNC.cbc.contsub.image;model_alma_band_6_tr_500it;3;105 Hydroxymethylidyne;0.008101851851851851
Orion.HNC.cbc.contsub.image;model_alma_band_6_tr_500it;4;0 Dimethyl ether;0.0023148148148148147
Orion.HNC.cbc.contsub.image;model_alma_band_6_tr_500it;5;1 Butatrienylidene;0.0023148148148148147
Orion.HNC.cbc.contsub.image;model_alma_band_6_2_500it;1;18 Propynylidynium;0.7314814814814815
Orion.HNC.cbc.contsub.image;model_alma_band_6_2_500it;2;0 Dimethyl ether;0.0023148148148148147
Orion.HNC.cbc.contsub.image;model_alma_band_6_2_500it;3;1 Butatrienylidene;0.0023148148148148147
Orion.HNC.cbc.contsub.image;model_alma_band_6_2_500it;4;2 Trihydrogen ion;0.0023148148148148147
Orion.HNC.cbc.contsub.image;model_alma_band_6_2_500it;5;3 Nitrous Oxide;0.0023148148148148147
Orion.HNC.cbc.contsub.image;model_alma_band_6_full_500it;1;10 Titanium monoxide;0.6273148148148148
Orion.HNC.cbc.contsub.image;model_alma_band_6_full_500it;2;56 Hydrogen cyanide;0.10648148148148147
Orion.HNC.cbc.contsub.image;model_alma_band_6_full_500it;3;0 Dimethyl ether;0.0023148148148148147
Orion.HNC.cbc.contsub.image;model_alma_band_6_full_500it;4;1 Butatrienylidene;0.0023148148148148147
Orion.HNC.cbc.contsub.image;model_alma_band_6_full_500it;5;2 Trihydrogen ion;0.0023148148148148147
Orion.HNC.cbc.contsub.image;model_alma_band_6_full_expanded_00002_500it;1;17 Nitrosyl hydride;0.7256944444444444
Orion.HNC.cbc.contsub.image;model_alma_band_6_full_expanded_00002_500it;2;56 Hydrogen cyanide;0.008101851851851851
Orion.HNC.cbc.contsub.image;model_alma_band_6_full_expanded_00002_500it;3;0 Dimethyl ether;0.0023148148148148147
Orion.HNC.cbc.contsub.image;model_alma_band_6_full_expanded_00002_500it;4;1 Butatrienylidene;0.0023148148148148147
Orion.HNC.cbc.contsub.image;model_alma_band_6_full_expanded_00002_500it;5;2 Trihydrogen ion;0.0023148148148148147
Orion.HNC.cbc.contsub.image;model_alma_band_6_full_expanded_00010_500it;1;57 Protonated Carbon Dioxide;0.7314814814814815
Orion.HNC.cbc.contsub.image;model_alma_band_6_full_expanded_00010_500it;2;0 Dimethyl ether;0.0023148148148148147
Orion.HNC.cbc.contsub.image;model_alma_band_6_full_expanded_00010_500it;3;1 Butatrienylidene;0.0023148148148148147
Orion.HNC.cbc.contsub.image;model_alma_band_6_full_expanded_00010_500it;4;2 Trihydrogen ion;0.0023148148148148147
Orion.HNC.cbc.contsub.image;model_alma_band_6_full_expanded_00010_500it;5;3 Nitrous Oxide;0.0023148148148148147
HD163296_CO_2_1.image;model_alma_band_6_tr_500it;1;40 Aluminum Monofluoride;0.4889867841409691
HD163296_CO_2_1.image;model_alma_band_6_tr_500it;2;0 Dimethyl ether;0.004405286343612334
HD163296_CO_2_1.image;model_alma_band_6_tr_500it;3;1 Butatrienylidene;0.004405286343612334
HD163296_CO_2_1.image;model_alma_band_6_tr_500it;4;2 Trihydrogen ion;0.004405286343612334
HD163296_CO_2_1.image;model_alma_band_6_tr_500it;5;3 Nitrous Oxide;0.004405286343612334
HD163296_CO_2_1.image;model_alma_band_6_2_500it;1;109 Cyanoethynylide ion;0.4889867841409691
HD163296_CO_2_1.image;model_alma_band_6_2_500it;2;0 Dimethyl ether;0.004405286343612334
HD163296_CO_2_1.image;model_alma_band_6_2_500it;3;1 Butatrienylidene;0.004405286343612334
HD163296_CO_2_1.image;model_alma_band_6_2_500it;4;2 Trihydrogen ion;0.004405286343612334
HD163296_CO_2_1.image;model_alma_band_6_2_500it;5;3 Nitrous Oxide;0.004405286343612334
HD163296_CO_2_1.image;model_alma_band_6_full_500it;1;26 Carbon Monoxide Ion;0.1806167400881057
HD163296_CO_2_1.image;model_alma_band_6_full_500it;2;56 Hydrogen cyanide;0.1475770925110132
HD163296_CO_2_1.image;model_alma_band_6_full_500it;3;37 Carbon Monoxide;0.10352422907488985
HD163296_CO_2_1.image;model_alma_band_6_full_500it;4;58 Methylidyne;0.07048458149779735
HD163296_CO_2_1.image;model_alma_band_6_full_500it;5;0 Dimethyl ether;0.004405286343612334
HD163296_CO_2_1.image;model_alma_band_6_full_expanded_00002_500it;1;1 Butatrienylidene;0.4339207048458149
HD163296_CO_2_1.image;model_alma_band_6_full_expanded_00002_500it;2;79 Cyanoformaldehyde;0.026431718061674006
HD163296_CO_2_1.image;model_alma_band_6_full_expanded_00002_500it;3;21 Methylamine;0.015418502202643168
HD163296_CO_2_1.image;model_alma_band_6_full_expanded_00002_500it;4;99 Magnesium hydride isocyanide;0.015418502202643168
HD163296_CO_2_1.image;model_alma_band_6_full_expanded_00002_500it;5;115 Isothiocyanic acid;0.015418502202643168
HD163296_CO_2_1.image;model_alma_band_6_full_expanded_00010_500it;1;57 Protonated Carbon Dioxide;0.4229074889867841
HD163296_CO_2_1.image;model_alma_band_6_full_expanded_00010_500it;2;42 Aminoacetonitrile;0.04845814977973568
HD163296_CO_2_1.image;model_alma_band_6_full_expanded_00010_500it;3;18 Propynylidynium;0.015418502202643168
HD163296_CO_2_1.image;model_alma_band_6_full_expanded_00010_500it;4;83 Silicon Monocarbide;0.015418502202643168
HD163296_CO_2_1.image;model_alma_band_6_full_expanded_00010_500it;5;0 Dimethyl ether;0.004405286343612334
DMTau.CS_5-4.image;model_alma_band_6_tr_500it;1;17 Nitrosyl hydride;0.3110465116279069
DMTau.CS_5-4.image;model_alma_band_6_tr_500it;2;16 Methyl isocyanate;0.02034883720930232
DMTau.CS_5-4.image;model_alma_band_6_tr_500it;3;0 Dimethyl ether;0.005813953488372092
DMTau.CS_5-4.image;model_alma_band_6_tr_500it;4;1 Butatrienylidene;0.005813953488372092
DMTau.CS_5-4.image;model_alma_band_6_tr_500it;5;2 Trihydrogen ion;0.005813953488372092
DMTau.CS_5-4.image;model_alma_band_6_2_500it;1;7 Thioformylium;0.3255813953488371
DMTau.CS_5-4.image;model_alma_band_6_2_500it;2;0 Dimethyl ether;0.005813953488372092
DMTau.CS_5-4.image;model_alma_band_6_2_500it;3;1 Butatrienylidene;0.005813953488372092
DMTau.CS_5-4.image;model_alma_band_6_2_500it;4;2 Trihydrogen ion;0.005813953488372092
DMTau.CS_5-4.image;model_alma_band_6_2_500it;5;3 Nitrous Oxide;0.005813953488372092
DMTau.CS_5-4.image;model_alma_band_6_full_500it;1;68 Carbon Monosulfide;0.18023255813953487
DMTau.CS_5-4.image;model_alma_band_6_full_500it;2;14 Iminomethylium;0.1511627906976744
DMTau.CS_5-4.image;model_alma_band_6_full_500it;3;0 Dimethyl ether;0.005813953488372092
DMTau.CS_5-4.image;model_alma_band_6_full_500it;4;1 Butatrienylidene;0.005813953488372092
DMTau.CS_5-4.image;model_alma_band_6_full_500it;5;2 Trihydrogen ion;0.005813953488372092
DMTau.CS_5-4.image;model_alma_band_6_full_expanded_00002_500it;1;68 Carbon Monosulfide;0.3255813953488371
DMTau.CS_5-4.image;model_alma_band_6_full_expanded_00002_500it;2;0 Dimethyl ether;0.005813953488372092
DMTau.CS_5-4.image;model_alma_band_6_full_expanded_00002_500it;3;1 Butatrienylidene;0.005813953488372092
DMTau.CS_5-4.image;model_alma_band_6_full_expanded_00002_500it;4;2 Trihydrogen ion;0.005813953488372092
DMTau.CS_5-4.image;model_alma_band_6_full_expanded_00002_500it;5;3 Nitrous Oxide;0.005813953488372092
DMTau.CS_5-4.image;model_alma_band_6_full_expanded_00010_500it;1;68 Carbon Monosulfide;0.29651162790697666
DMTau.CS_5-4.image;model_alma_band_6_full_expanded_00010_500it;2;81 Silicon Isocyanide;0.02034883720930232
DMTau.CS_5-4.image;model_alma_band_6_full_expanded_00010_500it;3;111 2-Butynenitrile;0.02034883720930232
DMTau.CS_5-4.image;model_alma_band_6_full_expanded_00010_500it;4;0 Dimethyl ether;0.005813953488372092
DMTau.CS_5-4.image;model_alma_band_6_full_expanded_00010_500it;5;1 Butatrienylidene;0.005813953488372092
Orion.methanol.cbc.contsub.image;model_alma_band_6_tr_500it;1;15 Aluminum monoxide;0.4789029535864978
Orion.methanol.cbc.contsub.image;model_alma_band_6_tr_500it;2;93 Hydroxyl;0.014767932489451473
Orion.methanol.cbc.contsub.image;model_alma_band_6_tr_500it;3;104 Amidogen;0.014767932489451473
Orion.methanol.cbc.contsub.image;model_alma_band_6_tr_500it;4;116 Cyanic acid;0.014767932489451473
Orion.methanol.cbc.contsub.image;model_alma_band_6_tr_500it;5;0 Dimethyl ether;0.004219409282700422
Orion.methanol.cbc.contsub.image;model_alma_band_6_2_500it;1;8 para-Oxidaniumyl;0.5105485232067509
Orion.methanol.cbc.contsub.image;model_alma_band_6_2_500it;2;0 Dimethyl ether;0.004219409282700422
Orion.methanol.cbc.contsub.image;model_alma_band_6_2_500it;3;1 Butatrienylidene;0.004219409282700422
Orion.methanol.cbc.contsub.image;model_alma_band_6_2_500it;4;2 Trihydrogen ion;0.004219409282700422
Orion.methanol.cbc.contsub.image;model_alma_band_6_2_500it;5;3 Nitrous Oxide;0.004219409282700422
Orion.methanol.cbc.contsub.image;model_alma_band_6_full_500it;1;34 Aluminum Isocyanitrile;0.40506329113924044
Orion.methanol.cbc.contsub.image;model_alma_band_6_full_500it;2;36 Silicon Mononitride;0.10970464135021096
Orion.methanol.cbc.contsub.image;model_alma_band_6_full_500it;3;0 Dimethyl ether;0.004219409282700422
Orion.methanol.cbc.contsub.image;model_alma_band_6_full_500it;4;1 Butatrienylidene;0.004219409282700422
Orion.methanol.cbc.contsub.image;model_alma_band_6_full_500it;5;2 Trihydrogen ion;0.004219409282700422
Orion.methanol.cbc.contsub.image;model_alma_band_6_full_expanded_00002_500it;1;8 para-Oxidaniumyl;0.49999999999999994
Orion.methanol.cbc.contsub.image;model_alma_band_6_full_expanded_00002_500it;2;28 Nitric oxide;0.014767932489451473
Orion.methanol.cbc.contsub.image;model_alma_band_6_full_expanded_00002_500it;3;0 Dimethyl ether;0.004219409282700422
Orion.methanol.cbc.contsub.image;model_alma_band_6_full_expanded_00002_500it;4;1 Butatrienylidene;0.004219409282700422
Orion.methanol.cbc.contsub.image;model_alma_band_6_full_expanded_00002_500it;5;2 Trihydrogen ion;0.004219409282700422
Orion.methanol.cbc.contsub.image;model_alma_band_6_full_expanded_00010_500it;1;66 Cyanobutadiynylide anion;0.49999999999999994
Orion.methanol.cbc.contsub.image;model_alma_band_6_full_expanded_00010_500it;2;84 Phosphaethyne;0.014767932489451473
Orion.methanol.cbc.contsub.image;model_alma_band_6_full_expanded_00010_500it;3;0 Dimethyl ether;0.004219409282700422
Orion.methanol.cbc.contsub.image;model_alma_band_6_full_expanded_00010_500it;4;1 Butatrienylidene;0.004219409282700422
Orion.methanol.cbc.contsub.image;model_alma_band_6_full_expanded_00010_500it;5;2 Trihydrogen ion;0.004219409282700422
uid___A002_Xa916fc_X668__IRS43_HCO32.final.image.pbcor;model_alma_band_6_tr_500it;1;15 Aluminum monoxide;0.8014766201804758
uid___A002_Xa916fc_X668__IRS43_HCO32.final.image.pbcor;model_alma_band_6_tr_500it;2;26 Carbon Monoxide Ion;0.005742411812961443
uid___A002_Xa916fc_X668__IRS43_HCO32.final.image.pbcor;model_alma_band_6_tr_500it;3;111 2-Butynenitrile;0.005742411812961443
uid___A002_Xa916fc_X668__IRS43_HCO32.final.image.pbcor;model_alma_band_6_tr_500it;4;0 Dimethyl ether;0.0016406890894175555
uid___A002_Xa916fc_X668__IRS43_HCO32.final.image.pbcor;model_alma_band_6_tr_500it;5;1 Butatrienylidene;0.0016406890894175555
uid___A002_Xa916fc_X668__IRS43_HCO32.final.image.pbcor;model_alma_band_6_2_500it;1;83 Silicon Monocarbide;0.8096800656275636
uid___A002_Xa916fc_X668__IRS43_HCO32.final.image.pbcor;model_alma_band_6_2_500it;2;0 Dimethyl ether;0.0016406890894175555
uid___A002_Xa916fc_X668__IRS43_HCO32.final.image.pbcor;model_alma_band_6_2_500it;3;1 Butatrienylidene;0.0016406890894175555
uid___A002_Xa916fc_X668__IRS43_HCO32.final.image.pbcor;model_alma_band_6_2_500it;4;2 Trihydrogen ion;0.0016406890894175555
uid___A002_Xa916fc_X668__IRS43_HCO32.final.image.pbcor;model_alma_band_6_2_500it;5;3 Nitrous Oxide;0.0016406890894175555
uid___A002_Xa916fc_X668__IRS43_HCO32.final.image.pbcor;model_alma_band_6_full_500it;1;7 Thioformylium;0.4774405250205086
uid___A002_Xa916fc_X668__IRS43_HCO32.final.image.pbcor;model_alma_band_6_full_500it;2;8 para-Oxidaniumyl;0.18621821164889252
uid___A002_Xa916fc_X668__IRS43_HCO32.final.image.pbcor;model_alma_band_6_full_500it;3;75 Carbon Monophosphide;0.14930270713699753
uid___A002_Xa916fc_X668__IRS43_HCO32.final.image.pbcor;model_alma_band_6_full_500it;4;0 Dimethyl ether;0.0016406890894175555
uid___A002_Xa916fc_X668__IRS43_HCO32.final.image.pbcor;model_alma_band_6_full_500it;5;1 Butatrienylidene;0.0016406890894175555
uid___A002_Xa916fc_X668__IRS43_HCO32.final.image.pbcor;model_alma_band_6_full_expanded_00002_500it;1;115 Isothiocyanic acid;0.8096800656275636
uid___A002_Xa916fc_X668__IRS43_HCO32.final.image.pbcor;model_alma_band_6_full_expanded_00002_500it;2;0 Dimethyl ether;0.0016406890894175555
uid___A002_Xa916fc_X668__IRS43_HCO32.final.image.pbcor;model_alma_band_6_full_expanded_00002_500it;3;1 Butatrienylidene;0.0016406890894175555
uid___A002_Xa916fc_X668__IRS43_HCO32.final.image.pbcor;model_alma_band_6_full_expanded_00002_500it;4;2 Trihydrogen ion;0.0016406890894175555
uid___A002_Xa916fc_X668__IRS43_HCO32.final.image.pbcor;model_alma_band_6_full_expanded_00002_500it;5;3 Nitrous Oxide;0.0016406890894175555
uid___A002_Xa916fc_X668__IRS43_HCO32.final.image.pbcor;model_alma_band_6_full_expanded_00010_500it;1;60 Silicon Monoxide;0.8014766201804758
uid___A002_Xa916fc_X668__IRS43_HCO32.final.image.pbcor;model_alma_band_6_full_expanded_00010_500it;2;8 para-Oxidaniumyl;0.005742411812961443
uid___A002_Xa916fc_X668__IRS43_HCO32.final.image.pbcor;model_alma_band_6_full_expanded_00010_500it;3;114 Thioformaldehyde;0.005742411812961443
uid___A002_Xa916fc_X668__IRS43_HCO32.final.image.pbcor;model_alma_band_6_full_expanded_00010_500it;4;0 Dimethyl ether;0.0016406890894175555
uid___A002_Xa916fc_X668__IRS43_HCO32.final.image.pbcor;model_alma_band_6_full_expanded_00010_500it;5;1 Butatrienylidene;0.0016406890894175555
