1;81 Silicon Isocyanide;0.24924012158054704
2;56 Hydrogen cyanide;0.03647416413373859
3;29 Silicon Cyanide;0.021276595744680847
4;0 Dimethyl ether;0.006079027355623099
5;1 Butatrienylidene;0.006079027355623099
6;2 Trihydrogen ion;0.006079027355623099
7;3 Nitrous Oxide;0.006079027355623099
8;4 Methyl Acetylene;0.006079027355623099
9;5 Ethylene Glycol;0.006079027355623099
10;6 Methyl Cyanide;0.006079027355623099
11;7 Thioformylium;0.006079027355623099
12;8 para-Oxidaniumyl;0.006079027355623099
13;9 Hydrogen Cyanide;0.006079027355623099
14;10 Titanium monoxide;0.006079027355623099
15;11 Cyanide Radical;0.006079027355623099
16;12 Formic Acid;0.006079027355623099
17;13 Nitric sulfide;0.006079027355623099
18;14 Iminomethylium;0.006079027355623099
19;15 Aluminum monoxide;0.006079027355623099
20;16 Methyl isocyanate;0.006079027355623099
21;17 Nitrosyl hydride;0.006079027355623099
22;18 Propynylidynium;0.006079027355623099
23;19 Magnesium Cyanide;0.006079027355623099
24;20 Diazenylium;0.006079027355623099
25;21 Methylamine;0.006079027355623099
26;22 Chloronium;0.006079027355623099
27;23 Silicon monosulfide;0.006079027355623099
28;24 Phosphorus Monoxide;0.006079027355623099
29;25 Cyclopropenone;0.006079027355623099
30;26 Carbon Monoxide Ion;0.006079027355623099
31;27 Sodium Cyanide;0.006079027355623099
32;28 Nitric oxide;0.006079027355623099
33;30 Ethyne Isocyanide;0.006079027355623099
34;31 Sodium Chloride;0.006079027355623099
35;32 Cyanoacetylene;0.006079027355623099
36;33 Sulfur Monoxide;0.006079027355623099
37;34 Aluminum Isocyanitrile;0.006079027355623099
38;35 Cyanobutadiyne;0.006079027355623099
39;36 Silicon Mononitride;0.006079027355623099
40;37 Carbon Monoxide;0.006079027355623099
41;38 Propadienylidene;0.006079027355623099
42;39 Methanimine;0.006079027355623099
43;40 Aluminum Monofluoride;0.006079027355623099
44;41 Formamide;0.006079027355623099
45;42 Aminoacetonitrile;0.006079027355623099
46;43 Ammonia;0.006079027355623099
47;44 gauche-Ethanol;0.006079027355623099
48;45 Protonate 2-proynenitrile;0.006079027355623099
49;46 Carbonyl Sulfide;0.006079027355623099
50;47 Thioxoethenylidene;0.006079027355623099
51;48 Ethyl cyanide;0.006079027355623099
52;49 Water;0.006079027355623099
53;50 Methyl Formate;0.006079027355623099
54;51 Acetaldehyde;0.006079027355623099
55;52 Ketenimine;0.006079027355623099
56;53 Propenal;0.006079027355623099
57;54 Methyl isocyanide;0.006079027355623099
58;55 iso-propyl cyanide;0.006079027355623099
59;57 Protonated Carbon Dioxide;0.006079027355623099
60;58 Methylidyne;0.006079027355623099
61;59 Ketene;0.006079027355623099
62;60 Silicon Monoxide;0.006079027355623099
63;61 Acetone;0.006079027355623099
64;62 Vinyl Cyanide;0.006079027355623099
65;63 Silicon monoxide (global fit);0.006079027355623099
66;64 Cyclopropenylidene;0.006079027355623099
67;65 Magnesium Isocyanide;0.006079027355623099
68;66 Cyanobutadiynylide anion;0.006079027355623099
69;67 Formaldehyde;0.006079027355623099
70;68 Carbon Monosulfide;0.006079027355623099
71;69 Fulminic acid;0.006079027355623099
72;70 trans-Ethanol;0.006079027355623099
73;71 Silicon Carbide;0.006079027355623099
74;72 Formylium;0.006079027355623099
75;73 Ethylene Oxide;0.006079027355623099
76;74 Sulfur dioxide;0.006079027355623099
77;75 Carbon Monophosphide;0.006079027355623099
78;76 Sulfur Monoxide ion;0.006079027355623099
79;77 Methanol;0.006079027355623099
80;78 Sulfur Dioxide;0.006079027355623099
81;79 Cyanoformaldehyde;0.006079027355623099
82;80 Isocyanic Acid;0.006079027355623099
83;82 Methylene amidogen;0.006079027355623099
84;83 Silicon Monocarbide;0.006079027355623099
85;84 Phosphaethyne;0.006079027355623099
86;85 Aluminum Monochloride;0.006079027355623099
87;86 Cyanoallene;0.006079027355623099
88;87 Methyl diacetylene;0.006079027355623099
89;88 Cyanomethylene;0.006079027355623099
90;89 Phosphapropynylidyne;0.006079027355623099
91;90 Cyanomethyl;0.006079027355623099
92;91 Hydrogen Isocyanide;0.006079027355623099
93;92 Hydrogen sulfide;0.006079027355623099
94;93 Hydroxyl;0.006079027355623099
95;94 Glycolaldehyde;0.006079027355623099
96;95 Cyanide anion;0.006079027355623099
97;96 2-Propynal;0.006079027355623099
98;97 Ethynyl;0.006079027355623099
99;98 Phosphorous nitride;0.006079027355623099
100;99 Magnesium hydride isocyanide;0.006079027355623099
101;100 Potassium chloride;0.006079027355623099
102;101 Silicon tetracarbide;0.006079027355623099
103;102 Ethyl Cyanide;0.006079027355623099
104;103 Cyanamide;0.006079027355623099
105;104 Amidogen;0.006079027355623099
106;105 Hydroxymethylidyne;0.006079027355623099
107;106 Formyl Radical;0.006079027355623099
108;107 Vinyl Alcohol;0.006079027355623099
109;108 ortho-Oxidaniumyl;0.006079027355623099
110;109 Cyanoethynylide ion;0.006079027355623099
111;110 Oxoethenylidene;0.006079027355623099
112;111 2-Butynenitrile;0.006079027355623099
113;112 Cyanoethynyl;0.006079027355623099
114;113 Hydroxymethylium ion;0.006079027355623099
115;114 Thioformaldehyde;0.006079027355623099
116;115 Isothiocyanic acid;0.006079027355623099
117;116 Cyanic acid;0.006079027355623099
