1;60 Silicon Monoxide;0.8014766201804758
2;8 para-Oxidaniumyl;0.005742411812961443
3;114 Thioformaldehyde;0.005742411812961443
4;0 Dimethyl ether;0.0016406890894175555
5;1 Butatrienylidene;0.0016406890894175555
6;2 Trihydrogen ion;0.0016406890894175555
7;3 Nitrous Oxide;0.0016406890894175555
8;4 Methyl Acetylene;0.0016406890894175555
9;5 Ethylene Glycol;0.0016406890894175555
10;6 Methyl Cyanide;0.0016406890894175555
11;7 Thioformylium;0.0016406890894175555
12;9 Hydrogen Cyanide;0.0016406890894175555
13;10 Titanium monoxide;0.0016406890894175555
14;11 Cyanide Radical;0.0016406890894175555
15;12 Formic Acid;0.0016406890894175555
16;13 Nitric sulfide;0.0016406890894175555
17;14 Iminomethylium;0.0016406890894175555
18;15 Aluminum monoxide;0.0016406890894175555
19;16 Methyl isocyanate;0.0016406890894175555
20;17 Nitrosyl hydride;0.0016406890894175555
21;18 Propynylidynium;0.0016406890894175555
22;19 Magnesium Cyanide;0.0016406890894175555
23;20 Diazenylium;0.0016406890894175555
24;21 Methylamine;0.0016406890894175555
25;22 Chloronium;0.0016406890894175555
26;23 Silicon monosulfide;0.0016406890894175555
27;24 Phosphorus Monoxide;0.0016406890894175555
28;25 Cyclopropenone;0.0016406890894175555
29;26 Carbon Monoxide Ion;0.0016406890894175555
30;27 Sodium Cyanide;0.0016406890894175555
31;28 Nitric oxide;0.0016406890894175555
32;29 Silicon Cyanide;0.0016406890894175555
33;30 Ethyne Isocyanide;0.0016406890894175555
34;31 Sodium Chloride;0.0016406890894175555
35;32 Cyanoacetylene;0.0016406890894175555
36;33 Sulfur Monoxide;0.0016406890894175555
37;34 Aluminum Isocyanitrile;0.0016406890894175555
38;35 Cyanobutadiyne;0.0016406890894175555
39;36 Silicon Mononitride;0.0016406890894175555
40;37 Carbon Monoxide;0.0016406890894175555
41;38 Propadienylidene;0.0016406890894175555
42;39 Methanimine;0.0016406890894175555
43;40 Aluminum Monofluoride;0.0016406890894175555
44;41 Formamide;0.0016406890894175555
45;42 Aminoacetonitrile;0.0016406890894175555
46;43 Ammonia;0.0016406890894175555
47;44 gauche-Ethanol;0.0016406890894175555
48;45 Protonate 2-proynenitrile;0.0016406890894175555
49;46 Carbonyl Sulfide;0.0016406890894175555
50;47 Thioxoethenylidene;0.0016406890894175555
51;48 Ethyl cyanide;0.0016406890894175555
52;49 Water;0.0016406890894175555
53;50 Methyl Formate;0.0016406890894175555
54;51 Acetaldehyde;0.0016406890894175555
55;52 Ketenimine;0.0016406890894175555
56;53 Propenal;0.0016406890894175555
57;54 Methyl isocyanide;0.0016406890894175555
58;55 iso-propyl cyanide;0.0016406890894175555
59;56 Hydrogen cyanide;0.0016406890894175555
60;57 Protonated Carbon Dioxide;0.0016406890894175555
61;58 Methylidyne;0.0016406890894175555
62;59 Ketene;0.0016406890894175555
63;61 Acetone;0.0016406890894175555
64;62 Vinyl Cyanide;0.0016406890894175555
65;63 Silicon monoxide (global fit);0.0016406890894175555
66;64 Cyclopropenylidene;0.0016406890894175555
67;65 Magnesium Isocyanide;0.0016406890894175555
68;66 Cyanobutadiynylide anion;0.0016406890894175555
69;67 Formaldehyde;0.0016406890894175555
70;68 Carbon Monosulfide;0.0016406890894175555
71;69 Fulminic acid;0.0016406890894175555
72;70 trans-Ethanol;0.0016406890894175555
73;71 Silicon Carbide;0.0016406890894175555
74;72 Formylium;0.0016406890894175555
75;73 Ethylene Oxide;0.0016406890894175555
76;74 Sulfur dioxide;0.0016406890894175555
77;75 Carbon Monophosphide;0.0016406890894175555
78;76 Sulfur Monoxide ion;0.0016406890894175555
79;77 Methanol;0.0016406890894175555
80;78 Sulfur Dioxide;0.0016406890894175555
81;79 Cyanoformaldehyde;0.0016406890894175555
82;80 Isocyanic Acid;0.0016406890894175555
83;81 Silicon Isocyanide;0.0016406890894175555
84;82 Methylene amidogen;0.0016406890894175555
85;83 Silicon Monocarbide;0.0016406890894175555
86;84 Phosphaethyne;0.0016406890894175555
87;85 Aluminum Monochloride;0.0016406890894175555
88;86 Cyanoallene;0.0016406890894175555
89;87 Methyl diacetylene;0.0016406890894175555
90;88 Cyanomethylene;0.0016406890894175555
91;89 Phosphapropynylidyne;0.0016406890894175555
92;90 Cyanomethyl;0.0016406890894175555
93;91 Hydrogen Isocyanide;0.0016406890894175555
94;92 Hydrogen sulfide;0.0016406890894175555
95;93 Hydroxyl;0.0016406890894175555
96;94 Glycolaldehyde;0.0016406890894175555
97;95 Cyanide anion;0.0016406890894175555
98;96 2-Propynal;0.0016406890894175555
99;97 Ethynyl;0.0016406890894175555
100;98 Phosphorous nitride;0.0016406890894175555
101;99 Magnesium hydride isocyanide;0.0016406890894175555
102;100 Potassium chloride;0.0016406890894175555
103;101 Silicon tetracarbide;0.0016406890894175555
104;102 Ethyl Cyanide;0.0016406890894175555
105;103 Cyanamide;0.0016406890894175555
106;104 Amidogen;0.0016406890894175555
107;105 Hydroxymethylidyne;0.0016406890894175555
108;106 Formyl Radical;0.0016406890894175555
109;107 Vinyl Alcohol;0.0016406890894175555
110;108 ortho-Oxidaniumyl;0.0016406890894175555
111;109 Cyanoethynylide ion;0.0016406890894175555
112;110 Oxoethenylidene;0.0016406890894175555
113;111 2-Butynenitrile;0.0016406890894175555
114;112 Cyanoethynyl;0.0016406890894175555
115;113 Hydroxymethylium ion;0.0016406890894175555
116;115 Isothiocyanic acid;0.0016406890894175555
117;116 Cyanic acid;0.0016406890894175555
