1;26 Silicon Monoxide;0.7415818324197337
2;34 Formylium;0.07204385277995301
3;0 Methylidyne;0.00548159749412686
4;1 1,3-Butadiynyl radical;0.00548159749412686
5;2 Formaldehyde;0.00548159749412686
6;3 Sulfur dioxide;0.00548159749412686
7;4 Carbon Monoxide;0.00548159749412686
8;5 Water;0.00548159749412686
9;6 Carbon Monoxide Ion;0.00548159749412686
10;7 Nitric sulfide;0.00548159749412686
11;8 Isocyanic Acid;0.00548159749412686
12;9 Methyliumylidene;0.00548159749412686
13;10 Cyanide Radical;0.00548159749412686
14;11 Ethynyl;0.00548159749412686
15;12 Carbonyl Sulfide;0.00548159749412686
16;13 Hydroxyl;0.00548159749412686
17;14 Diazenylium;0.00548159749412686
18;15 Thioxoethenylidene;0.00548159749412686
19;16 Nitric oxide;0.00548159749412686
20;17 Methyl Cyanide;0.00548159749412686
21;18 Cyclopropenylidene;0.00548159749412686
22;19 Methanimine;0.00548159749412686
23;20 Methanol;0.00548159749412686
24;21 Thioformaldehyde;0.00548159749412686
25;22 Ammonia;0.00548159749412686
26;23 Cyanamide;0.00548159749412686
27;24 Cyanoacetylene;0.00548159749412686
28;25 Sodium Chloride;0.00548159749412686
29;27 Sulfur Monoxide;0.00548159749412686
30;28 Protonated Carbon Dioxide;0.00548159749412686
31;29 Hydrogen Cyanide;0.00548159749412686
32;30 Carbon Monosulfide;0.00548159749412686
33;31 Hydrogen sulfide;0.00548159749412686
34;32 Molecular oxygen;0.00548159749412686
35;33 Hydrogen Isocyanide;0.00548159749412686
36;35 Methyl Acetylene;0.00548159749412686
