1;41 Thioxoethenylidene;0.24123989218328837
2;1 1,3,5-Hexatriynyl;0.025606469002695417
3;17 Formylium;0.025606469002695417
4;36 Sulfur Monoxide;0.025606469002695417
5;38 Hydrogen Cyanide;0.025606469002695417
6;56 para-Oxidaniumyl;0.025606469002695417
7;0 Ketene;0.012129380053908356
8;2 Oxonium hydride;0.012129380053908356
9;3 Vinyl Cyanide;0.012129380053908356
10;4 Hydroxyl;0.012129380053908356
11;5 Methyliumylidene;0.012129380053908356
12;6 Carbon Monosulfide;0.012129380053908356
13;7 Cyanomethyl;0.012129380053908356
14;8 Methyl Acetylene;0.012129380053908356
15;9 Ethyl Cyanide;0.012129380053908356
16;10 2,4-Pentadiynylidyne;0.012129380053908356
17;11 4-Cyano-1,3-Butadiynyl;0.012129380053908356
18;12 Water;0.012129380053908356
19;13 Hydrogen sulfide;0.012129380053908356
20;14 Methylene amidogen;0.012129380053908356
21;15 1,3-Butadiynyl radical;0.012129380053908356
22;16 2,4,6,8-Nonatetraynenitrile;0.012129380053908356
23;18 Cyanoallene;0.012129380053908356
24;19 Trihydrogen ion;0.012129380053908356
25;20 Methylcyanodiacetylene;0.012129380053908356
26;21 2,4,6-Heptatriynenitrile;0.012129380053908356
27;22 Methanol;0.012129380053908356
28;23 Ammonia;0.012129380053908356
29;24 Methyl Cyanide;0.012129380053908356
30;25 1,3,5-Hexatriynyl anion;0.012129380053908356
31;26 1,3,5,7-Octatetraynyl anion;0.012129380053908356
32;27 3-Thioxo-1,2-Propadieylidene;0.012129380053908356
33;28 Cyanobutadiyne;0.012129380053908356
34;29 Nitric sulfide;0.012129380053908356
35;30 Sulfur dioxide;0.012129380053908356
36;31 Hydrochloric acid;0.012129380053908356
37;32 2,4,6,8,10-Undecapentaynenitrile;0.012129380053908356
38;33 Cyanide Radical;0.012129380053908356
39;34 Nitric oxide;0.012129380053908356
40;35 Formaldehyde;0.012129380053908356
41;37 Methyltriacetylene;0.012129380053908356
42;39 Methyl diacetylene;0.012129380053908356
43;40 Methylidyne;0.012129380053908356
44;42 Silicon Monoxide;0.012129380053908356
45;43 1,3,5,7-Octatetraynyl;0.012129380053908356
46;44 Oxoethenylidene;0.012129380053908356
47;45 Propynylidynium;0.012129380053908356
48;46 Carbon Monoxide;0.012129380053908356
49;47 Thioformaldehyde;0.012129380053908356
50;48 Hexatrienyl;0.012129380053908356
51;49 Diazenylium;0.012129380053908356
52;50 Hydrogen Isocyanide;0.012129380053908356
53;51 Carbon Monosulfide;0.012129380053908356
54;52 Methylamine;0.012129380053908356
55;53 Formic Acid;0.012129380053908356
56;54 Cyclopropenylidene;0.012129380053908356
57;55 Cyanoacetylene;0.012129380053908356
58;57 ortho-Oxidaniumyl;0.012129380053908356
