1;46 Carbon Monoxide;0.08419243986254296
2;42 Silicon Monoxide;0.03264604810996563
3;57 ortho-Oxidaniumyl;0.03264604810996563
4;0 Ketene;0.015463917525773195
5;1 1,3,5-Hexatriynyl;0.015463917525773195
6;2 Oxonium hydride;0.015463917525773195
7;3 Vinyl Cyanide;0.015463917525773195
8;4 Hydroxyl;0.015463917525773195
9;5 Methyliumylidene;0.015463917525773195
10;6 Carbon Monosulfide;0.015463917525773195
11;7 Cyanomethyl;0.015463917525773195
12;8 Methyl Acetylene;0.015463917525773195
13;9 Ethyl Cyanide;0.015463917525773195
14;10 2,4-Pentadiynylidyne;0.015463917525773195
15;11 4-Cyano-1,3-Butadiynyl;0.015463917525773195
16;12 Water;0.015463917525773195
17;13 Hydrogen sulfide;0.015463917525773195
18;14 Methylene amidogen;0.015463917525773195
19;15 1,3-Butadiynyl radical;0.015463917525773195
20;16 2,4,6,8-Nonatetraynenitrile;0.015463917525773195
21;17 Formylium;0.015463917525773195
22;18 Cyanoallene;0.015463917525773195
23;19 Trihydrogen ion;0.015463917525773195
24;20 Methylcyanodiacetylene;0.015463917525773195
25;21 2,4,6-Heptatriynenitrile;0.015463917525773195
26;22 Methanol;0.015463917525773195
27;23 Ammonia;0.015463917525773195
28;24 Methyl Cyanide;0.015463917525773195
29;25 1,3,5-Hexatriynyl anion;0.015463917525773195
30;26 1,3,5,7-Octatetraynyl anion;0.015463917525773195
31;27 3-Thioxo-1,2-Propadieylidene;0.015463917525773195
32;28 Cyanobutadiyne;0.015463917525773195
33;29 Nitric sulfide;0.015463917525773195
34;30 Sulfur dioxide;0.015463917525773195
35;31 Hydrochloric acid;0.015463917525773195
36;32 2,4,6,8,10-Undecapentaynenitrile;0.015463917525773195
37;33 Cyanide Radical;0.015463917525773195
38;34 Nitric oxide;0.015463917525773195
39;35 Formaldehyde;0.015463917525773195
40;36 Sulfur Monoxide;0.015463917525773195
41;37 Methyltriacetylene;0.015463917525773195
42;38 Hydrogen Cyanide;0.015463917525773195
43;39 Methyl diacetylene;0.015463917525773195
44;40 Methylidyne;0.015463917525773195
45;41 Thioxoethenylidene;0.015463917525773195
46;43 1,3,5,7-Octatetraynyl;0.015463917525773195
47;44 Oxoethenylidene;0.015463917525773195
48;45 Propynylidynium;0.015463917525773195
49;47 Thioformaldehyde;0.015463917525773195
50;48 Hexatrienyl;0.015463917525773195
51;49 Diazenylium;0.015463917525773195
52;50 Hydrogen Isocyanide;0.015463917525773195
53;51 Carbon Monosulfide;0.015463917525773195
54;52 Methylamine;0.015463917525773195
55;53 Formic Acid;0.015463917525773195
56;54 Cyclopropenylidene;0.015463917525773195
57;55 Cyanoacetylene;0.015463917525773195
58;56 para-Oxidaniumyl;0.015463917525773195
