1;9 Methyliumylidene;0.2690058479532163
2;34 Formylium;0.03508771929824561
3;0 Methylidyne;0.020467836257309937
4;1 1,3-Butadiynyl radical;0.020467836257309937
5;2 Formaldehyde;0.020467836257309937
6;3 Sulfur dioxide;0.020467836257309937
7;4 Carbon Monoxide;0.020467836257309937
8;5 Water;0.020467836257309937
9;6 Carbon Monoxide Ion;0.020467836257309937
10;7 Nitric sulfide;0.020467836257309937
11;8 Isocyanic Acid;0.020467836257309937
12;10 Cyanide Radical;0.020467836257309937
13;11 Ethynyl;0.020467836257309937
14;12 Carbonyl Sulfide;0.020467836257309937
15;13 Hydroxyl;0.020467836257309937
16;14 Diazenylium;0.020467836257309937
17;15 Thioxoethenylidene;0.020467836257309937
18;16 Nitric oxide;0.020467836257309937
19;17 Methyl Cyanide;0.020467836257309937
20;18 Cyclopropenylidene;0.020467836257309937
21;19 Methanimine;0.020467836257309937
22;20 Methanol;0.020467836257309937
23;21 Thioformaldehyde;0.020467836257309937
24;22 Ammonia;0.020467836257309937
25;23 Cyanamide;0.020467836257309937
26;24 Cyanoacetylene;0.020467836257309937
27;25 Sodium Chloride;0.020467836257309937
28;26 Silicon Monoxide;0.020467836257309937
29;27 Sulfur Monoxide;0.020467836257309937
30;28 Protonated Carbon Dioxide;0.020467836257309937
31;29 Hydrogen Cyanide;0.020467836257309937
32;30 Carbon Monosulfide;0.020467836257309937
33;31 Hydrogen sulfide;0.020467836257309937
34;32 Molecular oxygen;0.020467836257309937
35;33 Hydrogen Isocyanide;0.020467836257309937
36;35 Methyl Acetylene;0.020467836257309937
