1;9 Methyliumylidene;0.283625730994152
2;0 Methylidyne;0.020467836257309937
3;1 1,3-Butadiynyl radical;0.020467836257309937
4;2 Formaldehyde;0.020467836257309937
5;3 Sulfur dioxide;0.020467836257309937
6;4 Carbon Monoxide;0.020467836257309937
7;5 Water;0.020467836257309937
8;6 Carbon Monoxide Ion;0.020467836257309937
9;7 Nitric sulfide;0.020467836257309937
10;8 Isocyanic Acid;0.020467836257309937
11;10 Cyanide Radical;0.020467836257309937
12;11 Ethynyl;0.020467836257309937
13;12 Carbonyl Sulfide;0.020467836257309937
14;13 Hydroxyl;0.020467836257309937
15;14 Diazenylium;0.020467836257309937
16;15 Thioxoethenylidene;0.020467836257309937
17;16 Nitric oxide;0.020467836257309937
18;17 Methyl Cyanide;0.020467836257309937
19;18 Cyclopropenylidene;0.020467836257309937
20;19 Methanimine;0.020467836257309937
21;20 Methanol;0.020467836257309937
22;21 Thioformaldehyde;0.020467836257309937
23;22 Ammonia;0.020467836257309937
24;23 Cyanamide;0.020467836257309937
25;24 Cyanoacetylene;0.020467836257309937
26;25 Sodium Chloride;0.020467836257309937
27;26 Silicon Monoxide;0.020467836257309937
28;27 Sulfur Monoxide;0.020467836257309937
29;28 Protonated Carbon Dioxide;0.020467836257309937
30;29 Hydrogen Cyanide;0.020467836257309937
31;30 Carbon Monosulfide;0.020467836257309937
32;31 Hydrogen sulfide;0.020467836257309937
33;32 Molecular oxygen;0.020467836257309937
34;33 Hydrogen Isocyanide;0.020467836257309937
35;34 Formylium;0.020467836257309937
36;35 Methyl Acetylene;0.020467836257309937
