1;26 Silicon Monoxide;0.35863874345549734
2;0 Methylidyne;0.01832460732984293
3;1 1,3-Butadiynyl radical;0.01832460732984293
4;2 Formaldehyde;0.01832460732984293
5;3 Sulfur dioxide;0.01832460732984293
6;4 Carbon Monoxide;0.01832460732984293
7;5 Water;0.01832460732984293
8;6 Carbon Monoxide Ion;0.01832460732984293
9;7 Nitric sulfide;0.01832460732984293
10;8 Isocyanic Acid;0.01832460732984293
11;9 Methyliumylidene;0.01832460732984293
12;10 Cyanide Radical;0.01832460732984293
13;11 Ethynyl;0.01832460732984293
14;12 Carbonyl Sulfide;0.01832460732984293
15;13 Hydroxyl;0.01832460732984293
16;14 Diazenylium;0.01832460732984293
17;15 Thioxoethenylidene;0.01832460732984293
18;16 Nitric oxide;0.01832460732984293
19;17 Methyl Cyanide;0.01832460732984293
20;18 Cyclopropenylidene;0.01832460732984293
21;19 Methanimine;0.01832460732984293
22;20 Methanol;0.01832460732984293
23;21 Thioformaldehyde;0.01832460732984293
24;22 Ammonia;0.01832460732984293
25;23 Cyanamide;0.01832460732984293
26;24 Cyanoacetylene;0.01832460732984293
27;25 Sodium Chloride;0.01832460732984293
28;27 Sulfur Monoxide;0.01832460732984293
29;28 Protonated Carbon Dioxide;0.01832460732984293
30;29 Hydrogen Cyanide;0.01832460732984293
31;30 Carbon Monosulfide;0.01832460732984293
32;31 Hydrogen sulfide;0.01832460732984293
33;32 Molecular oxygen;0.01832460732984293
34;33 Hydrogen Isocyanide;0.01832460732984293
35;34 Formylium;0.01832460732984293
36;35 Methyl Acetylene;0.01832460732984293
