1;0 Isocyanic Acid;0.011764705882352941
2;1 Propenal;0.011764705882352941
3;2 Ketene;0.011764705882352941
4;3 Oxonium hydride;0.011764705882352941
5;4 Thioformylium;0.011764705882352941
6;5 Vinyl Cyanide;0.011764705882352941
7;6 Methyl Formate;0.011764705882352941
8;7 Hydroxyl;0.011764705882352941
9;8 Methyliumylidene;0.011764705882352941
10;9 Iminomethylium;0.011764705882352941
11;10 Hydroxymethylium ion;0.011764705882352941
12;11 2-Propynal;0.011764705882352941
13;12 Carbon Monosulfide;0.011764705882352941
14;13 Cyanomethyl;0.011764705882352941
15;14 Methyl Acetylene;0.011764705882352941
16;15 2-Butynenitrile;0.011764705882352941
17;16 Methyl formate vt01;0.011764705882352941
18;17 Ethyl Cyanide;0.011764705882352941
19;18 gauche-Ethanol;0.011764705882352941
20;19 Glycolaldehyde;0.011764705882352941
21;20 Water;0.011764705882352941
22;21 Hydrogen sulfide;0.011764705882352941
23;22 Sulfur Monoxide ion;0.011764705882352941
24;23 1,3-Butadiynyl radical;0.011764705882352941
25;24 Formylium;0.011764705882352941
26;25 Fulminic acid;0.011764705882352941
27;26 Trihydrogen ion;0.011764705882352941
28;27 Methanimine;0.011764705882352941
29;28 Nitrous Oxide;0.011764705882352941
30;29 Propadienylidene;0.011764705882352941
31;30 Ethylene Oxide;0.011764705882352941
32;31 Ketenimine;0.011764705882352941
33;32 2,4,6-Heptatriynenitrile;0.011764705882352941
34;33 Aminoacetonitrile;0.011764705882352941
35;34 Methanol;0.011764705882352941
36;35 Ammonia;0.011764705882352941
37;36 Formyl Radical;0.011764705882352941
38;37 Methyl Cyanide;0.011764705882352941
39;38 Molecular oxygen;0.011764705882352941
40;39 Cyclopropenone;0.011764705882352941
41;40 Carbonyl Sulfide;0.011764705882352941
42;41 Acetaldehyde;0.011764705882352941
43;42 Cyanomethylene;0.011764705882352941
44;43 3-Thioxo-1,2-Propadieylidene;0.011764705882352941
45;44 Formamide;0.011764705882352941
46;45 Cyanobutadiyne;0.011764705882352941
47;46 Sulfur Dioxide;0.011764705882352941
48;47 Methyl isocyanide;0.011764705882352941
49;48 Nitric sulfide;0.011764705882352941
50;49 Methylene;0.011764705882352941
51;50 Hydrochloric acid;0.011764705882352941
52;51 Ethyne Isocyanide;0.011764705882352941
53;52 Cyanide Radical;0.011764705882352941
54;53 Nitric oxide;0.011764705882352941
55;54 Cyanic acid;0.011764705882352941
56;55 Formaldehyde;0.011764705882352941
57;56 Sulfur Monoxide;0.011764705882352941
58;57 Protonate 2-proynenitrile;0.011764705882352941
59;58 Ethynyl;0.011764705882352941
60;59 Ethylene Glycol;0.011764705882352941
61;60 Hydrogen Cyanide;0.011764705882352941
62;61 Fluoromethyliumylidene;0.011764705882352941
63;62 Methylidyne;0.011764705882352941
64;63 Thioxoethenylidene;0.011764705882352941
65;64 Cyanomethanimine;0.011764705882352941
66;65 Silicon Monoxide;0.011764705882352941
67;66 Dimethyl ether;0.011764705882352941
68;67 Acetone;0.011764705882352941
69;68 Carbon Monoxide;0.011764705882352941
70;69 Phosphorous nitride;0.011764705882352941
71;70 Thioformaldehyde;0.011764705882352941
72;71 Diazenylium;0.011764705882352941
73;72 Cyanoformaldehyde;0.011764705882352941
74;73 Isothiocyanic acid;0.011764705882352941
75;74 Vinyl Alcohol;0.011764705882352941
76;75 Hydrogen Isocyanide;0.011764705882352941
77;76 Carbon Monosulfide;0.011764705882352941
78;77 Methylamine;0.011764705882352941
79;78 Protonated Carbon Dioxide;0.011764705882352941
80;79 Formic Acid;0.011764705882352941
81;80 Cyclopropenylidene;0.011764705882352941
82;81 Cyanoacetylene;0.011764705882352941
83;82 para-Oxidaniumyl;0.011764705882352941
84;83 ortho-Oxidaniumyl;0.011764705882352941
85;84 Nitrosyl hydride;0.011764705882352941
