1;60 Hydrogen Cyanide;0.3064935064935065
2;36 Formyl Radical;0.02077922077922078
3;46 Sulfur Dioxide;0.02077922077922078
4;59 Ethylene Glycol;0.02077922077922078
5;0 Isocyanic Acid;0.007792207792207792
6;1 Propenal;0.007792207792207792
7;2 Ketene;0.007792207792207792
8;3 Oxonium hydride;0.007792207792207792
9;4 Thioformylium;0.007792207792207792
10;5 Vinyl Cyanide;0.007792207792207792
11;6 Methyl Formate;0.007792207792207792
12;7 Hydroxyl;0.007792207792207792
13;8 Methyliumylidene;0.007792207792207792
14;9 Iminomethylium;0.007792207792207792
15;10 Hydroxymethylium ion;0.007792207792207792
16;11 2-Propynal;0.007792207792207792
17;12 Carbon Monosulfide;0.007792207792207792
18;13 Cyanomethyl;0.007792207792207792
19;14 Methyl Acetylene;0.007792207792207792
20;15 2-Butynenitrile;0.007792207792207792
21;16 Methyl formate vt01;0.007792207792207792
22;17 Ethyl Cyanide;0.007792207792207792
23;18 gauche-Ethanol;0.007792207792207792
24;19 Glycolaldehyde;0.007792207792207792
25;20 Water;0.007792207792207792
26;21 Hydrogen sulfide;0.007792207792207792
27;22 Sulfur Monoxide ion;0.007792207792207792
28;23 1,3-Butadiynyl radical;0.007792207792207792
29;24 Formylium;0.007792207792207792
30;25 Fulminic acid;0.007792207792207792
31;26 Trihydrogen ion;0.007792207792207792
32;27 Methanimine;0.007792207792207792
33;28 Nitrous Oxide;0.007792207792207792
34;29 Propadienylidene;0.007792207792207792
35;30 Ethylene Oxide;0.007792207792207792
36;31 Ketenimine;0.007792207792207792
37;32 2,4,6-Heptatriynenitrile;0.007792207792207792
38;33 Aminoacetonitrile;0.007792207792207792
39;34 Methanol;0.007792207792207792
40;35 Ammonia;0.007792207792207792
41;37 Methyl Cyanide;0.007792207792207792
42;38 Molecular oxygen;0.007792207792207792
43;39 Cyclopropenone;0.007792207792207792
44;40 Carbonyl Sulfide;0.007792207792207792
45;41 Acetaldehyde;0.007792207792207792
46;42 Cyanomethylene;0.007792207792207792
47;43 3-Thioxo-1,2-Propadieylidene;0.007792207792207792
48;44 Formamide;0.007792207792207792
49;45 Cyanobutadiyne;0.007792207792207792
50;47 Methyl isocyanide;0.007792207792207792
51;48 Nitric sulfide;0.007792207792207792
52;49 Methylene;0.007792207792207792
53;50 Hydrochloric acid;0.007792207792207792
54;51 Ethyne Isocyanide;0.007792207792207792
55;52 Cyanide Radical;0.007792207792207792
56;53 Nitric oxide;0.007792207792207792
57;54 Cyanic acid;0.007792207792207792
58;55 Formaldehyde;0.007792207792207792
59;56 Sulfur Monoxide;0.007792207792207792
60;57 Protonate 2-proynenitrile;0.007792207792207792
61;58 Ethynyl;0.007792207792207792
62;61 Fluoromethyliumylidene;0.007792207792207792
63;62 Methylidyne;0.007792207792207792
64;63 Thioxoethenylidene;0.007792207792207792
65;64 Cyanomethanimine;0.007792207792207792
66;65 Silicon Monoxide;0.007792207792207792
67;66 Dimethyl ether;0.007792207792207792
68;67 Acetone;0.007792207792207792
69;68 Carbon Monoxide;0.007792207792207792
70;69 Phosphorous nitride;0.007792207792207792
71;70 Thioformaldehyde;0.007792207792207792
72;71 Diazenylium;0.007792207792207792
73;72 Cyanoformaldehyde;0.007792207792207792
74;73 Isothiocyanic acid;0.007792207792207792
75;74 Vinyl Alcohol;0.007792207792207792
76;75 Hydrogen Isocyanide;0.007792207792207792
77;76 Carbon Monosulfide;0.007792207792207792
78;77 Methylamine;0.007792207792207792
79;78 Protonated Carbon Dioxide;0.007792207792207792
80;79 Formic Acid;0.007792207792207792
81;80 Cyclopropenylidene;0.007792207792207792
82;81 Cyanoacetylene;0.007792207792207792
83;82 para-Oxidaniumyl;0.007792207792207792
84;83 ortho-Oxidaniumyl;0.007792207792207792
85;84 Nitrosyl hydride;0.007792207792207792
