1;54 Cyanic acid;0.22608695652173913
2;1 Propenal;0.052173913043478265
3;0 Isocyanic Acid;0.008695652173913044
4;2 Ketene;0.008695652173913044
5;3 Oxonium hydride;0.008695652173913044
6;4 Thioformylium;0.008695652173913044
7;5 Vinyl Cyanide;0.008695652173913044
8;6 Methyl Formate;0.008695652173913044
9;7 Hydroxyl;0.008695652173913044
10;8 Methyliumylidene;0.008695652173913044
11;9 Iminomethylium;0.008695652173913044
12;10 Hydroxymethylium ion;0.008695652173913044
13;11 2-Propynal;0.008695652173913044
14;12 Carbon Monosulfide;0.008695652173913044
15;13 Cyanomethyl;0.008695652173913044
16;14 Methyl Acetylene;0.008695652173913044
17;15 2-Butynenitrile;0.008695652173913044
18;16 Methyl formate vt01;0.008695652173913044
19;17 Ethyl Cyanide;0.008695652173913044
20;18 gauche-Ethanol;0.008695652173913044
21;19 Glycolaldehyde;0.008695652173913044
22;20 Water;0.008695652173913044
23;21 Hydrogen sulfide;0.008695652173913044
24;22 Sulfur Monoxide ion;0.008695652173913044
25;23 1,3-Butadiynyl radical;0.008695652173913044
26;24 Formylium;0.008695652173913044
27;25 Fulminic acid;0.008695652173913044
28;26 Trihydrogen ion;0.008695652173913044
29;27 Methanimine;0.008695652173913044
30;28 Nitrous Oxide;0.008695652173913044
31;29 Propadienylidene;0.008695652173913044
32;30 Ethylene Oxide;0.008695652173913044
33;31 Ketenimine;0.008695652173913044
34;32 2,4,6-Heptatriynenitrile;0.008695652173913044
35;33 Aminoacetonitrile;0.008695652173913044
36;34 Methanol;0.008695652173913044
37;35 Ammonia;0.008695652173913044
38;36 Formyl Radical;0.008695652173913044
39;37 Methyl Cyanide;0.008695652173913044
40;38 Molecular oxygen;0.008695652173913044
41;39 Cyclopropenone;0.008695652173913044
42;40 Carbonyl Sulfide;0.008695652173913044
43;41 Acetaldehyde;0.008695652173913044
44;42 Cyanomethylene;0.008695652173913044
45;43 3-Thioxo-1,2-Propadieylidene;0.008695652173913044
46;44 Formamide;0.008695652173913044
47;45 Cyanobutadiyne;0.008695652173913044
48;46 Sulfur Dioxide;0.008695652173913044
49;47 Methyl isocyanide;0.008695652173913044
50;48 Nitric sulfide;0.008695652173913044
51;49 Methylene;0.008695652173913044
52;50 Hydrochloric acid;0.008695652173913044
53;51 Ethyne Isocyanide;0.008695652173913044
54;52 Cyanide Radical;0.008695652173913044
55;53 Nitric oxide;0.008695652173913044
56;55 Formaldehyde;0.008695652173913044
57;56 Sulfur Monoxide;0.008695652173913044
58;57 Protonate 2-proynenitrile;0.008695652173913044
59;58 Ethynyl;0.008695652173913044
60;59 Ethylene Glycol;0.008695652173913044
61;60 Hydrogen Cyanide;0.008695652173913044
62;61 Fluoromethyliumylidene;0.008695652173913044
63;62 Methylidyne;0.008695652173913044
64;63 Thioxoethenylidene;0.008695652173913044
65;64 Cyanomethanimine;0.008695652173913044
66;65 Silicon Monoxide;0.008695652173913044
67;66 Dimethyl ether;0.008695652173913044
68;67 Acetone;0.008695652173913044
69;68 Carbon Monoxide;0.008695652173913044
70;69 Phosphorous nitride;0.008695652173913044
71;70 Thioformaldehyde;0.008695652173913044
72;71 Diazenylium;0.008695652173913044
73;72 Cyanoformaldehyde;0.008695652173913044
74;73 Isothiocyanic acid;0.008695652173913044
75;74 Vinyl Alcohol;0.008695652173913044
76;75 Hydrogen Isocyanide;0.008695652173913044
77;76 Carbon Monosulfide;0.008695652173913044
78;77 Methylamine;0.008695652173913044
79;78 Protonated Carbon Dioxide;0.008695652173913044
80;79 Formic Acid;0.008695652173913044
81;80 Cyclopropenylidene;0.008695652173913044
82;81 Cyanoacetylene;0.008695652173913044
83;82 para-Oxidaniumyl;0.008695652173913044
84;83 ortho-Oxidaniumyl;0.008695652173913044
85;84 Nitrosyl hydride;0.008695652173913044
