1;63 Thioxoethenylidene;0.34545454545454546
2;8 Methyliumylidene;0.2772727272727273
3;0 Isocyanic Acid;0.004545454545454545
4;1 Propenal;0.004545454545454545
5;2 Ketene;0.004545454545454545
6;3 Oxonium hydride;0.004545454545454545
7;4 Thioformylium;0.004545454545454545
8;5 Vinyl Cyanide;0.004545454545454545
9;6 Methyl Formate;0.004545454545454545
10;7 Hydroxyl;0.004545454545454545
11;9 Iminomethylium;0.004545454545454545
12;10 Hydroxymethylium ion;0.004545454545454545
13;11 2-Propynal;0.004545454545454545
14;12 Carbon Monosulfide;0.004545454545454545
15;13 Cyanomethyl;0.004545454545454545
16;14 Methyl Acetylene;0.004545454545454545
17;15 2-Butynenitrile;0.004545454545454545
18;16 Methyl formate vt01;0.004545454545454545
19;17 Ethyl Cyanide;0.004545454545454545
20;18 gauche-Ethanol;0.004545454545454545
21;19 Glycolaldehyde;0.004545454545454545
22;20 Water;0.004545454545454545
23;21 Hydrogen sulfide;0.004545454545454545
24;22 Sulfur Monoxide ion;0.004545454545454545
25;23 1,3-Butadiynyl radical;0.004545454545454545
26;24 Formylium;0.004545454545454545
27;25 Fulminic acid;0.004545454545454545
28;26 Trihydrogen ion;0.004545454545454545
29;27 Methanimine;0.004545454545454545
30;28 Nitrous Oxide;0.004545454545454545
31;29 Propadienylidene;0.004545454545454545
32;30 Ethylene Oxide;0.004545454545454545
33;31 Ketenimine;0.004545454545454545
34;32 2,4,6-Heptatriynenitrile;0.004545454545454545
35;33 Aminoacetonitrile;0.004545454545454545
36;34 Methanol;0.004545454545454545
37;35 Ammonia;0.004545454545454545
38;36 Formyl Radical;0.004545454545454545
39;37 Methyl Cyanide;0.004545454545454545
40;38 Molecular oxygen;0.004545454545454545
41;39 Cyclopropenone;0.004545454545454545
42;40 Carbonyl Sulfide;0.004545454545454545
43;41 Acetaldehyde;0.004545454545454545
44;42 Cyanomethylene;0.004545454545454545
45;43 3-Thioxo-1,2-Propadieylidene;0.004545454545454545
46;44 Formamide;0.004545454545454545
47;45 Cyanobutadiyne;0.004545454545454545
48;46 Sulfur Dioxide;0.004545454545454545
49;47 Methyl isocyanide;0.004545454545454545
50;48 Nitric sulfide;0.004545454545454545
51;49 Methylene;0.004545454545454545
52;50 Hydrochloric acid;0.004545454545454545
53;51 Ethyne Isocyanide;0.004545454545454545
54;52 Cyanide Radical;0.004545454545454545
55;53 Nitric oxide;0.004545454545454545
56;54 Cyanic acid;0.004545454545454545
57;55 Formaldehyde;0.004545454545454545
58;56 Sulfur Monoxide;0.004545454545454545
59;57 Protonate 2-proynenitrile;0.004545454545454545
60;58 Ethynyl;0.004545454545454545
61;59 Ethylene Glycol;0.004545454545454545
62;60 Hydrogen Cyanide;0.004545454545454545
63;61 Fluoromethyliumylidene;0.004545454545454545
64;62 Methylidyne;0.004545454545454545
65;64 Cyanomethanimine;0.004545454545454545
66;65 Silicon Monoxide;0.004545454545454545
67;66 Dimethyl ether;0.004545454545454545
68;67 Acetone;0.004545454545454545
69;68 Carbon Monoxide;0.004545454545454545
70;69 Phosphorous nitride;0.004545454545454545
71;70 Thioformaldehyde;0.004545454545454545
72;71 Diazenylium;0.004545454545454545
73;72 Cyanoformaldehyde;0.004545454545454545
74;73 Isothiocyanic acid;0.004545454545454545
75;74 Vinyl Alcohol;0.004545454545454545
76;75 Hydrogen Isocyanide;0.004545454545454545
77;76 Carbon Monosulfide;0.004545454545454545
78;77 Methylamine;0.004545454545454545
79;78 Protonated Carbon Dioxide;0.004545454545454545
80;79 Formic Acid;0.004545454545454545
81;80 Cyclopropenylidene;0.004545454545454545
82;81 Cyanoacetylene;0.004545454545454545
83;82 para-Oxidaniumyl;0.004545454545454545
84;83 ortho-Oxidaniumyl;0.004545454545454545
85;84 Nitrosyl hydride;0.004545454545454545
