1;54 Cyanic acid;0.411235955056
2;16 Methyl formate vt01;0.0292134831461
3;0 Isocyanic Acid;0.00674157303371
4;1 Propenal;0.00674157303371
5;2 Ketene;0.00674157303371
6;3 Oxonium hydride;0.00674157303371
7;4 Thioformylium;0.00674157303371
8;5 Vinyl Cyanide;0.00674157303371
9;6 Methyl Formate;0.00674157303371
10;7 Hydroxyl;0.00674157303371
11;8 Methyliumylidene;0.00674157303371
12;9 Iminomethylium;0.00674157303371
13;10 Hydroxymethylium ion;0.00674157303371
14;11 2-Propynal;0.00674157303371
15;12 Carbon Monosulfide;0.00674157303371
16;13 Cyanomethyl;0.00674157303371
17;14 Methyl Acetylene;0.00674157303371
18;15 2-Butynenitrile;0.00674157303371
19;17 Ethyl Cyanide;0.00674157303371
20;18 gauche-Ethanol;0.00674157303371
21;19 Glycolaldehyde;0.00674157303371
22;20 Water;0.00674157303371
23;21 Hydrogen sulfide;0.00674157303371
24;22 Sulfur Monoxide ion;0.00674157303371
25;23 1,3-Butadiynyl radical;0.00674157303371
26;24 Formylium;0.00674157303371
27;25 Fulminic acid;0.00674157303371
28;26 Trihydrogen ion;0.00674157303371
29;27 Methanimine;0.00674157303371
30;28 Nitrous Oxide;0.00674157303371
31;29 Propadienylidene;0.00674157303371
32;30 Ethylene Oxide;0.00674157303371
33;31 Ketenimine;0.00674157303371
34;32 2,4,6-Heptatriynenitrile;0.00674157303371
35;33 Aminoacetonitrile;0.00674157303371
36;34 Methanol;0.00674157303371
37;35 Ammonia;0.00674157303371
38;36 Formyl Radical;0.00674157303371
39;37 Methyl Cyanide;0.00674157303371
40;38 Molecular oxygen;0.00674157303371
41;39 Cyclopropenone;0.00674157303371
42;40 Carbonyl Sulfide;0.00674157303371
43;41 Acetaldehyde;0.00674157303371
44;42 Cyanomethylene;0.00674157303371
45;43 3-Thioxo-1,2-Propadieylidene;0.00674157303371
46;44 Formamide;0.00674157303371
47;45 Cyanobutadiyne;0.00674157303371
48;46 Sulfur Dioxide;0.00674157303371
49;47 Methyl isocyanide;0.00674157303371
50;48 Nitric sulfide;0.00674157303371
51;49 Methylene;0.00674157303371
52;50 Hydrochloric acid;0.00674157303371
53;51 Ethyne Isocyanide;0.00674157303371
54;52 Cyanide Radical;0.00674157303371
55;53 Nitric oxide;0.00674157303371
56;55 Formaldehyde;0.00674157303371
57;56 Sulfur Monoxide;0.00674157303371
58;57 Protonate 2-proynenitrile;0.00674157303371
59;58 Ethynyl;0.00674157303371
60;59 Ethylene Glycol;0.00674157303371
61;60 Hydrogen Cyanide;0.00674157303371
62;61 Fluoromethyliumylidene;0.00674157303371
63;62 Methylidyne;0.00674157303371
64;63 Thioxoethenylidene;0.00674157303371
65;64 Cyanomethanimine;0.00674157303371
66;65 Silicon Monoxide;0.00674157303371
67;66 Dimethyl ether;0.00674157303371
68;67 Acetone;0.00674157303371
69;68 Carbon Monoxide;0.00674157303371
70;69 Phosphorous nitride;0.00674157303371
71;70 Thioformaldehyde;0.00674157303371
72;71 Diazenylium;0.00674157303371
73;72 Cyanoformaldehyde;0.00674157303371
74;73 Isothiocyanic acid;0.00674157303371
75;74 Vinyl Alcohol;0.00674157303371
76;75 Hydrogen Isocyanide;0.00674157303371
77;76 Carbon Monosulfide;0.00674157303371
78;77 Methylamine;0.00674157303371
79;78 Protonated Carbon Dioxide;0.00674157303371
80;79 Formic Acid;0.00674157303371
81;80 Cyclopropenylidene;0.00674157303371
82;81 Cyanoacetylene;0.00674157303371
83;82 para-Oxidaniumyl;0.00674157303371
84;83 ortho-Oxidaniumyl;0.00674157303371
85;84 Nitrosyl hydride;0.00674157303371
