1;68 Carbon Monoxide;0.0666666666667
2;0 Isocyanic Acid;0.0111111111111
3;1 Propenal;0.0111111111111
4;2 Ketene;0.0111111111111
5;3 Oxonium hydride;0.0111111111111
6;4 Thioformylium;0.0111111111111
7;5 Vinyl Cyanide;0.0111111111111
8;6 Methyl Formate;0.0111111111111
9;7 Hydroxyl;0.0111111111111
10;8 Methyliumylidene;0.0111111111111
11;9 Iminomethylium;0.0111111111111
12;10 Hydroxymethylium ion;0.0111111111111
13;11 2-Propynal;0.0111111111111
14;12 Carbon Monosulfide;0.0111111111111
15;13 Cyanomethyl;0.0111111111111
16;14 Methyl Acetylene;0.0111111111111
17;15 2-Butynenitrile;0.0111111111111
18;16 Methyl formate vt01;0.0111111111111
19;17 Ethyl Cyanide;0.0111111111111
20;18 gauche-Ethanol;0.0111111111111
21;19 Glycolaldehyde;0.0111111111111
22;20 Water;0.0111111111111
23;21 Hydrogen sulfide;0.0111111111111
24;22 Sulfur Monoxide ion;0.0111111111111
25;23 1,3-Butadiynyl radical;0.0111111111111
26;24 Formylium;0.0111111111111
27;25 Fulminic acid;0.0111111111111
28;26 Trihydrogen ion;0.0111111111111
29;27 Methanimine;0.0111111111111
30;28 Nitrous Oxide;0.0111111111111
31;29 Propadienylidene;0.0111111111111
32;30 Ethylene Oxide;0.0111111111111
33;31 Ketenimine;0.0111111111111
34;32 2,4,6-Heptatriynenitrile;0.0111111111111
35;33 Aminoacetonitrile;0.0111111111111
36;34 Methanol;0.0111111111111
37;35 Ammonia;0.0111111111111
38;36 Formyl Radical;0.0111111111111
39;37 Methyl Cyanide;0.0111111111111
40;38 Molecular oxygen;0.0111111111111
41;39 Cyclopropenone;0.0111111111111
42;40 Carbonyl Sulfide;0.0111111111111
43;41 Acetaldehyde;0.0111111111111
44;42 Cyanomethylene;0.0111111111111
45;43 3-Thioxo-1,2-Propadieylidene;0.0111111111111
46;44 Formamide;0.0111111111111
47;45 Cyanobutadiyne;0.0111111111111
48;46 Sulfur Dioxide;0.0111111111111
49;47 Methyl isocyanide;0.0111111111111
50;48 Nitric sulfide;0.0111111111111
51;49 Methylene;0.0111111111111
52;50 Hydrochloric acid;0.0111111111111
53;51 Ethyne Isocyanide;0.0111111111111
54;52 Cyanide Radical;0.0111111111111
55;53 Nitric oxide;0.0111111111111
56;54 Cyanic acid;0.0111111111111
57;55 Formaldehyde;0.0111111111111
58;56 Sulfur Monoxide;0.0111111111111
59;57 Protonate 2-proynenitrile;0.0111111111111
60;58 Ethynyl;0.0111111111111
61;59 Ethylene Glycol;0.0111111111111
62;60 Hydrogen Cyanide;0.0111111111111
63;61 Fluoromethyliumylidene;0.0111111111111
64;62 Methylidyne;0.0111111111111
65;63 Thioxoethenylidene;0.0111111111111
66;64 Cyanomethanimine;0.0111111111111
67;65 Silicon Monoxide;0.0111111111111
68;66 Dimethyl ether;0.0111111111111
69;67 Acetone;0.0111111111111
70;69 Phosphorous nitride;0.0111111111111
71;70 Thioformaldehyde;0.0111111111111
72;71 Diazenylium;0.0111111111111
73;72 Cyanoformaldehyde;0.0111111111111
74;73 Isothiocyanic acid;0.0111111111111
75;74 Vinyl Alcohol;0.0111111111111
76;75 Hydrogen Isocyanide;0.0111111111111
77;76 Carbon Monosulfide;0.0111111111111
78;77 Methylamine;0.0111111111111
79;78 Protonated Carbon Dioxide;0.0111111111111
80;79 Formic Acid;0.0111111111111
81;80 Cyclopropenylidene;0.0111111111111
82;81 Cyanoacetylene;0.0111111111111
83;82 para-Oxidaniumyl;0.0111111111111
84;83 ortho-Oxidaniumyl;0.0111111111111
85;84 Nitrosyl hydride;0.0111111111111
