1;12 Cyanide Radical;0.749001996007984
2;18 Carbon Monosulfide;0.015469061876247504
3;20 Molecular oxygen;0.015469061876247504
4;0 Methylidyne;0.010479041916167664
5;1 Butyronitrile;0.010479041916167664
6;2 Formaldehyde;0.010479041916167664
7;3 Sulfur dioxide;0.010479041916167664
8;4 Carbon Monoxide;0.010479041916167664
9;5 Water;0.010479041916167664
10;6 Chloronium;0.010479041916167664
11;7 Imidogen;0.010479041916167664
12;8 Thioformylium;0.010479041916167664
13;9 Mercapto radical;0.010479041916167664
14;10 Methyl formate vt01;0.010479041916167664
15;11 Methyliumylidene;0.010479041916167664
16;13 Hydroxyl;0.010479041916167664
17;14 Nitric oxide;0.010479041916167664
18;15 Cyclopropenylidene;0.010479041916167664
19;16 Silicon Monoxide;0.010479041916167664
20;17 Hydrogen Cyanide;0.010479041916167664
21;19 Hydrogen sulfide;0.010479041916167664
22;21 Hydrogen Isocyanide;0.010479041916167664
23;22 Formylium;0.010479041916167664
24;23 Sulfoniumylidene;0.010479041916167664
