1;18 Carbon Monosulfide;0.8463653023824069
2;21 Hydrogen Isocyanide;0.009468540012217471
3;23 Sulfoniumylidene;0.009468540012217471
4;0 Methylidyne;0.006414172266340868
5;1 Butyronitrile;0.006414172266340868
6;2 Formaldehyde;0.006414172266340868
7;3 Sulfur dioxide;0.006414172266340868
8;4 Carbon Monoxide;0.006414172266340868
9;5 Water;0.006414172266340868
10;6 Chloronium;0.006414172266340868
11;7 Imidogen;0.006414172266340868
12;8 Thioformylium;0.006414172266340868
13;9 Mercapto radical;0.006414172266340868
14;10 Methyl formate vt01;0.006414172266340868
15;11 Methyliumylidene;0.006414172266340868
16;12 Cyanide Radical;0.006414172266340868
17;13 Hydroxyl;0.006414172266340868
18;14 Nitric oxide;0.006414172266340868
19;15 Cyclopropenylidene;0.006414172266340868
20;16 Silicon Monoxide;0.006414172266340868
21;17 Hydrogen Cyanide;0.006414172266340868
22;19 Hydrogen sulfide;0.006414172266340868
23;20 Molecular oxygen;0.006414172266340868
24;22 Formylium;0.006414172266340868
