1;11 Methyliumylidene;0.4367502726281352
2;17 Hydrogen Cyanide;0.3113413304252999
3;0 Methylidyne;0.011450381679389313
4;1 Butyronitrile;0.011450381679389313
5;2 Formaldehyde;0.011450381679389313
6;3 Sulfur dioxide;0.011450381679389313
7;4 Carbon Monoxide;0.011450381679389313
8;5 Water;0.011450381679389313
9;6 Chloronium;0.011450381679389313
10;7 Imidogen;0.011450381679389313
11;8 Thioformylium;0.011450381679389313
12;9 Mercapto radical;0.011450381679389313
13;10 Methyl formate vt01;0.011450381679389313
14;12 Cyanide Radical;0.011450381679389313
15;13 Hydroxyl;0.011450381679389313
16;14 Nitric oxide;0.011450381679389313
17;15 Cyclopropenylidene;0.011450381679389313
18;16 Silicon Monoxide;0.011450381679389313
19;18 Carbon Monosulfide;0.011450381679389313
20;19 Hydrogen sulfide;0.011450381679389313
21;20 Molecular oxygen;0.011450381679389313
22;21 Hydrogen Isocyanide;0.011450381679389313
23;22 Formylium;0.011450381679389313
24;23 Sulfoniumylidene;0.011450381679389313
