1;11 Methyliumylidene;0.8853734439834026
2;21 Hydrogen Isocyanide;0.02264868603042877
3;16 Silicon Monoxide;0.015733056708160442
4;0 Methylidyne;0.0036307053941908715
5;1 Butyronitrile;0.0036307053941908715
6;2 Formaldehyde;0.0036307053941908715
7;3 Sulfur dioxide;0.0036307053941908715
8;4 Carbon Monoxide;0.0036307053941908715
9;5 Water;0.0036307053941908715
10;6 Chloronium;0.0036307053941908715
11;7 Imidogen;0.0036307053941908715
12;8 Thioformylium;0.0036307053941908715
13;9 Mercapto radical;0.0036307053941908715
14;10 Methyl formate vt01;0.0036307053941908715
15;12 Cyanide Radical;0.0036307053941908715
16;13 Hydroxyl;0.0036307053941908715
17;14 Nitric oxide;0.0036307053941908715
18;15 Cyclopropenylidene;0.0036307053941908715
19;17 Hydrogen Cyanide;0.0036307053941908715
20;18 Carbon Monosulfide;0.0036307053941908715
21;19 Hydrogen sulfide;0.0036307053941908715
22;20 Molecular oxygen;0.0036307053941908715
23;22 Formylium;0.0036307053941908715
24;23 Sulfoniumylidene;0.0036307053941908715
