1;1 Hydrogen fluoride;0.11504424778761062
2;0 Methanol;0.04424778761061947
3;2 Nitric oxide;0.04424778761061947
4;3 Formylium;0.04424778761061947
5;4 Sodium Chloride;0.04424778761061947
6;5 Sulfur dioxide;0.04424778761061947
7;6 para-Oxidaniumyl;0.04424778761061947
8;7 Sulfur Monoxide;0.04424778761061947
9;8 Butatrienylidene;0.04424778761061947
10;9 Carbon Monoxide;0.04424778761061947
11;10 Nitrous Oxide;0.04424778761061947
12;11 Cyanoacetylene;0.04424778761061947
13;12 Carbonyl Sulfide;0.04424778761061947
14;13 Molecular oxygen;0.04424778761061947
15;14 ortho-Oxidaniumyl;0.04424778761061947
16;15 Water;0.04424778761061947
17;16 Iminomethylium;0.04424778761061947
18;17 Hydrochloric acid;0.04424778761061947
19;18 Acetylene;0.04424778761061947
20;19 Hydrogen Cyanide;0.04424778761061947
