1;46 Carbon Monoxide;0.1454248366013072
2;40 Methylidyne;0.031045751633986925
3;0 Ketene;0.014705882352941176
4;1 1,3,5-Hexatriynyl;0.014705882352941176
5;2 Oxonium hydride;0.014705882352941176
6;3 Vinyl Cyanide;0.014705882352941176
7;4 Hydroxyl;0.014705882352941176
8;5 Methyliumylidene;0.014705882352941176
9;6 Carbon Monosulfide;0.014705882352941176
10;7 Cyanomethyl;0.014705882352941176
11;8 Methyl Acetylene;0.014705882352941176
12;9 Ethyl Cyanide;0.014705882352941176
13;10 2,4-Pentadiynylidyne;0.014705882352941176
14;11 4-Cyano-1,3-Butadiynyl;0.014705882352941176
15;12 Water;0.014705882352941176
16;13 Hydrogen sulfide;0.014705882352941176
17;14 Methylene amidogen;0.014705882352941176
18;15 1,3-Butadiynyl radical;0.014705882352941176
19;16 2,4,6,8-Nonatetraynenitrile;0.014705882352941176
20;17 Formylium;0.014705882352941176
21;18 Cyanoallene;0.014705882352941176
22;19 Trihydrogen ion;0.014705882352941176
23;20 Methylcyanodiacetylene;0.014705882352941176
24;21 2,4,6-Heptatriynenitrile;0.014705882352941176
25;22 Methanol;0.014705882352941176
26;23 Ammonia;0.014705882352941176
27;24 Methyl Cyanide;0.014705882352941176
28;25 1,3,5-Hexatriynyl anion;0.014705882352941176
29;26 1,3,5,7-Octatetraynyl anion;0.014705882352941176
30;27 3-Thioxo-1,2-Propadieylidene;0.014705882352941176
31;28 Cyanobutadiyne;0.014705882352941176
32;29 Nitric sulfide;0.014705882352941176
33;30 Sulfur dioxide;0.014705882352941176
34;31 Hydrochloric acid;0.014705882352941176
35;32 2,4,6,8,10-Undecapentaynenitrile;0.014705882352941176
36;33 Cyanide Radical;0.014705882352941176
37;34 Nitric oxide;0.014705882352941176
38;35 Formaldehyde;0.014705882352941176
39;36 Sulfur Monoxide;0.014705882352941176
40;37 Methyltriacetylene;0.014705882352941176
41;38 Hydrogen Cyanide;0.014705882352941176
42;39 Methyl diacetylene;0.014705882352941176
43;41 Thioxoethenylidene;0.014705882352941176
44;42 Silicon Monoxide;0.014705882352941176
45;43 1,3,5,7-Octatetraynyl;0.014705882352941176
46;44 Oxoethenylidene;0.014705882352941176
47;45 Propynylidynium;0.014705882352941176
48;47 Thioformaldehyde;0.014705882352941176
49;48 Hexatrienyl;0.014705882352941176
50;49 Diazenylium;0.014705882352941176
51;50 Hydrogen Isocyanide;0.014705882352941176
52;51 Carbon Monosulfide;0.014705882352941176
53;52 Methylamine;0.014705882352941176
54;53 Formic Acid;0.014705882352941176
55;54 Cyclopropenylidene;0.014705882352941176
56;55 Cyanoacetylene;0.014705882352941176
57;56 para-Oxidaniumyl;0.014705882352941176
58;57 ortho-Oxidaniumyl;0.014705882352941176
