1;32 2,4,6,8,10-Undecapentaynenitrile;0.25867052023121384
2;0 Ketene;0.01300578034682081
3;1 1,3,5-Hexatriynyl;0.01300578034682081
4;2 Oxonium hydride;0.01300578034682081
5;3 Vinyl Cyanide;0.01300578034682081
6;4 Hydroxyl;0.01300578034682081
7;5 Methyliumylidene;0.01300578034682081
8;6 Carbon Monosulfide;0.01300578034682081
9;7 Cyanomethyl;0.01300578034682081
10;8 Methyl Acetylene;0.01300578034682081
11;9 Ethyl Cyanide;0.01300578034682081
12;10 2,4-Pentadiynylidyne;0.01300578034682081
13;11 4-Cyano-1,3-Butadiynyl;0.01300578034682081
14;12 Water;0.01300578034682081
15;13 Hydrogen sulfide;0.01300578034682081
16;14 Methylene amidogen;0.01300578034682081
17;15 1,3-Butadiynyl radical;0.01300578034682081
18;16 2,4,6,8-Nonatetraynenitrile;0.01300578034682081
19;17 Formylium;0.01300578034682081
20;18 Cyanoallene;0.01300578034682081
21;19 Trihydrogen ion;0.01300578034682081
22;20 Methylcyanodiacetylene;0.01300578034682081
23;21 2,4,6-Heptatriynenitrile;0.01300578034682081
24;22 Methanol;0.01300578034682081
25;23 Ammonia;0.01300578034682081
26;24 Methyl Cyanide;0.01300578034682081
27;25 1,3,5-Hexatriynyl anion;0.01300578034682081
28;26 1,3,5,7-Octatetraynyl anion;0.01300578034682081
29;27 3-Thioxo-1,2-Propadieylidene;0.01300578034682081
30;28 Cyanobutadiyne;0.01300578034682081
31;29 Nitric sulfide;0.01300578034682081
32;30 Sulfur dioxide;0.01300578034682081
33;31 Hydrochloric acid;0.01300578034682081
34;33 Cyanide Radical;0.01300578034682081
35;34 Nitric oxide;0.01300578034682081
36;35 Formaldehyde;0.01300578034682081
37;36 Sulfur Monoxide;0.01300578034682081
38;37 Methyltriacetylene;0.01300578034682081
39;38 Hydrogen Cyanide;0.01300578034682081
40;39 Methyl diacetylene;0.01300578034682081
41;40 Methylidyne;0.01300578034682081
42;41 Thioxoethenylidene;0.01300578034682081
43;42 Silicon Monoxide;0.01300578034682081
44;43 1,3,5,7-Octatetraynyl;0.01300578034682081
45;44 Oxoethenylidene;0.01300578034682081
46;45 Propynylidynium;0.01300578034682081
47;46 Carbon Monoxide;0.01300578034682081
48;47 Thioformaldehyde;0.01300578034682081
49;48 Hexatrienyl;0.01300578034682081
50;49 Diazenylium;0.01300578034682081
51;50 Hydrogen Isocyanide;0.01300578034682081
52;51 Carbon Monosulfide;0.01300578034682081
53;52 Methylamine;0.01300578034682081
54;53 Formic Acid;0.01300578034682081
55;54 Cyclopropenylidene;0.01300578034682081
56;55 Cyanoacetylene;0.01300578034682081
57;56 para-Oxidaniumyl;0.01300578034682081
58;57 ortho-Oxidaniumyl;0.01300578034682081
