1;25 1,3,5-Hexatriynyl anion;0.24421965317919073
2;55 Cyanoacetylene;0.027456647398843927
3;0 Ketene;0.01300578034682081
4;1 1,3,5-Hexatriynyl;0.01300578034682081
5;2 Oxonium hydride;0.01300578034682081
6;3 Vinyl Cyanide;0.01300578034682081
7;4 Hydroxyl;0.01300578034682081
8;5 Methyliumylidene;0.01300578034682081
9;6 Carbon Monosulfide;0.01300578034682081
10;7 Cyanomethyl;0.01300578034682081
11;8 Methyl Acetylene;0.01300578034682081
12;9 Ethyl Cyanide;0.01300578034682081
13;10 2,4-Pentadiynylidyne;0.01300578034682081
14;11 4-Cyano-1,3-Butadiynyl;0.01300578034682081
15;12 Water;0.01300578034682081
16;13 Hydrogen sulfide;0.01300578034682081
17;14 Methylene amidogen;0.01300578034682081
18;15 1,3-Butadiynyl radical;0.01300578034682081
19;16 2,4,6,8-Nonatetraynenitrile;0.01300578034682081
20;17 Formylium;0.01300578034682081
21;18 Cyanoallene;0.01300578034682081
22;19 Trihydrogen ion;0.01300578034682081
23;20 Methylcyanodiacetylene;0.01300578034682081
24;21 2,4,6-Heptatriynenitrile;0.01300578034682081
25;22 Methanol;0.01300578034682081
26;23 Ammonia;0.01300578034682081
27;24 Methyl Cyanide;0.01300578034682081
28;26 1,3,5,7-Octatetraynyl anion;0.01300578034682081
29;27 3-Thioxo-1,2-Propadieylidene;0.01300578034682081
30;28 Cyanobutadiyne;0.01300578034682081
31;29 Nitric sulfide;0.01300578034682081
32;30 Sulfur dioxide;0.01300578034682081
33;31 Hydrochloric acid;0.01300578034682081
34;32 2,4,6,8,10-Undecapentaynenitrile;0.01300578034682081
35;33 Cyanide Radical;0.01300578034682081
36;34 Nitric oxide;0.01300578034682081
37;35 Formaldehyde;0.01300578034682081
38;36 Sulfur Monoxide;0.01300578034682081
39;37 Methyltriacetylene;0.01300578034682081
40;38 Hydrogen Cyanide;0.01300578034682081
41;39 Methyl diacetylene;0.01300578034682081
42;40 Methylidyne;0.01300578034682081
43;41 Thioxoethenylidene;0.01300578034682081
44;42 Silicon Monoxide;0.01300578034682081
45;43 1,3,5,7-Octatetraynyl;0.01300578034682081
46;44 Oxoethenylidene;0.01300578034682081
47;45 Propynylidynium;0.01300578034682081
48;46 Carbon Monoxide;0.01300578034682081
49;47 Thioformaldehyde;0.01300578034682081
50;48 Hexatrienyl;0.01300578034682081
51;49 Diazenylium;0.01300578034682081
52;50 Hydrogen Isocyanide;0.01300578034682081
53;51 Carbon Monosulfide;0.01300578034682081
54;52 Methylamine;0.01300578034682081
55;53 Formic Acid;0.01300578034682081
56;54 Cyclopropenylidene;0.01300578034682081
57;56 para-Oxidaniumyl;0.01300578034682081
58;57 ortho-Oxidaniumyl;0.01300578034682081
