1;17 Formylium;0.3023255813953489
2;4 Methyliumylidene;0.10648714810281518
3;0 1,3,5-Hexatriynyl;0.008567931456548349
4;1 Silicon monosulfide;0.008567931456548349
5;2 Vinyl Cyanide;0.008567931456548349
6;3 Hydroxyl;0.008567931456548349
7;5 Aluminum Isocyanitrile;0.008567931456548349
8;6 Carbon Monosulfide;0.008567931456548349
9;7 Methyl Acetylene;0.008567931456548349
10;8 1,3-Butadiynyl anion;0.008567931456548349
11;9 Butatrienylidene;0.008567931456548349
12;10 2,4-Pentadiynylidyne;0.008567931456548349
13;11 Aluminum Monochloride;0.008567931456548349
14;12 4-Cyano-1,3-Butadiynyl;0.008567931456548349
15;13 Silicon monosulfide;0.008567931456548349
16;14 Water;0.008567931456548349
17;15 Hydrogen sulfide;0.008567931456548349
18;16 1,3-Butadiynyl radical;0.008567931456548349
19;18 Trihydrogen ion;0.008567931456548349
20;19 Methanimine;0.008567931456548349
21;20 Phosphorus Monoxide;0.008567931456548349
22;21 Methyl Cyanide;0.008567931456548349
23;22 Magnesium Isocyanide;0.008567931456548349
24;23 1,3,5-Hexatriynyl anion;0.008567931456548349
25;24 Phosphaethyne;0.008567931456548349
26;25 1,3,5,7-Octatetraynyl anion;0.008567931456548349
27;26 Silicon Monocarbide;0.008567931456548349
28;27 Cyanomethylene;0.008567931456548349
29;28 3-Thioxo-1,2-Propadieylidene;0.008567931456548349
30;29 Cyanobutadiyne;0.008567931456548349
31;30 Silicon Isocyanide;0.008567931456548349
32;31 Potassium chloride;0.008567931456548349
33;32 3-Oxo-1,2-Propadienylidene;0.008567931456548349
34;33 Silicon Carbide;0.008567931456548349
35;34 3-Cyano-1,2-propadienylidene;0.008567931456548349
36;35 Nitric sulfide;0.008567931456548349
37;36 Sulfur dioxide;0.008567931456548349
38;37 Ethyne Isocyanide;0.008567931456548349
39;38 Cyanoethynylide ion;0.008567931456548349
40;39 Cyanide Radical;0.008567931456548349
41;40 Carbon Monoxide Ion;0.008567931456548349
42;41 Cyanobutadiynylide anion;0.008567931456548349
43;42 Aluminum Monofluoride;0.008567931456548349
44;43 Formaldehyde;0.008567931456548349
45;44 Sulfur Monoxide;0.008567931456548349
46;45 Silicon tetracarbide;0.008567931456548349
47;46 Ethynyl;0.008567931456548349
48;47 Sodium Chloride;0.008567931456548349
49;48 Hydrogen Cyanide;0.008567931456548349
50;49 Sodium Cyanide;0.008567931456548349
51;50 3-Imino-1,2 Propadienylidene;0.008567931456548349
52;51 Methylidyne;0.008567931456548349
53;52 Thioxoethenylidene;0.008567931456548349
54;53 Silicon Monoxide;0.008567931456548349
55;54 1,3,5,7-Octatetraynyl;0.008567931456548349
56;55 Silicon Mononitride;0.008567931456548349
57;56 Carbon Monoxide;0.008567931456548349
58;57 Phosphorous nitride;0.008567931456548349
59;58 Carbon Monophosphide;0.008567931456548349
60;59 Thioformaldehyde;0.008567931456548349
61;60 Hexatrienyl;0.008567931456548349
62;61 Hydrogen Isocyanide;0.008567931456548349
63;62 Carbon Monosulfide;0.008567931456548349
64;63 Silicon Cyanide;0.008567931456548349
65;64 2,4,6-Heptatriynylidyne;0.008567931456548349
66;65 Cyclopropenylidene;0.008567931456548349
67;66 Cyanoacetylene;0.008567931456548349
68;67 Magnesium Cyanide;0.008567931456548349
69;68 3-Silanetetrayl-1,2-Propadienyli;0.008567931456548349
70;69 Cyanoethynyl;0.008567931456548349
71;70 Phosphapropynylidyne;0.008567931456548349
