1;0 Methanol;0.03726708074534161
2;1 Hydrogen fluoride;0.03726708074534161
3;2 Nitric oxide;0.03726708074534161
4;3 Formylium;0.03726708074534161
5;4 Sodium Chloride;0.03726708074534161
6;5 Sulfur dioxide;0.03726708074534161
7;6 para-Oxidaniumyl;0.03726708074534161
8;7 Sulfur Monoxide;0.03726708074534161
9;8 Butatrienylidene;0.03726708074534161
10;9 Carbon Monoxide;0.03726708074534161
11;10 Nitrous Oxide;0.03726708074534161
12;11 Cyanoacetylene;0.03726708074534161
13;12 Carbonyl Sulfide;0.03726708074534161
14;13 Molecular oxygen;0.03726708074534161
15;14 ortho-Oxidaniumyl;0.03726708074534161
16;15 Water;0.03726708074534161
17;16 Iminomethylium;0.03726708074534161
18;17 Hydrochloric acid;0.03726708074534161
19;18 Acetylene;0.03726708074534161
20;19 Hydrogen Cyanide;0.03726708074534161
