1;0 Methanol;0.018838304552590265
2;1 Hydrogen fluoride;0.018838304552590265
3;2 Nitric oxide;0.018838304552590265
4;3 Formylium;0.018838304552590265
5;4 Sodium Chloride;0.018838304552590265
6;5 Sulfur dioxide;0.018838304552590265
7;6 para-Oxidaniumyl;0.018838304552590265
8;7 Sulfur Monoxide;0.018838304552590265
9;8 Butatrienylidene;0.018838304552590265
10;9 Carbon Monoxide;0.018838304552590265
11;10 Nitrous Oxide;0.018838304552590265
12;11 Cyanoacetylene;0.018838304552590265
13;12 Carbonyl Sulfide;0.018838304552590265
14;13 Molecular oxygen;0.018838304552590265
15;14 ortho-Oxidaniumyl;0.018838304552590265
16;15 Water;0.018838304552590265
17;16 Iminomethylium;0.018838304552590265
18;17 Hydrochloric acid;0.018838304552590265
19;18 Acetylene;0.018838304552590265
20;19 Hydrogen Cyanide;0.018838304552590265
