1;0 Methanol;0.04181184668989547
2;1 Hydrogen fluoride;0.04181184668989547
3;2 Nitric oxide;0.04181184668989547
4;3 Formylium;0.04181184668989547
5;4 Sodium Chloride;0.04181184668989547
6;5 Sulfur dioxide;0.04181184668989547
7;6 para-Oxidaniumyl;0.04181184668989547
8;7 Sulfur Monoxide;0.04181184668989547
9;8 Butatrienylidene;0.04181184668989547
10;9 Carbon Monoxide;0.04181184668989547
11;10 Nitrous Oxide;0.04181184668989547
12;11 Cyanoacetylene;0.04181184668989547
13;12 Carbonyl Sulfide;0.04181184668989547
14;13 Molecular oxygen;0.04181184668989547
15;14 ortho-Oxidaniumyl;0.04181184668989547
16;15 Water;0.04181184668989547
17;16 Iminomethylium;0.04181184668989547
18;17 Hydrochloric acid;0.04181184668989547
19;18 Acetylene;0.04181184668989547
20;19 Hydrogen Cyanide;0.04181184668989547
