1;0 Methanol;0.016973125884016973
2;1 Hydrogen fluoride;0.016973125884016973
3;2 Nitric oxide;0.016973125884016973
4;3 Formylium;0.016973125884016973
5;4 Sodium Chloride;0.016973125884016973
6;5 Sulfur dioxide;0.016973125884016973
7;6 para-Oxidaniumyl;0.016973125884016973
8;7 Sulfur Monoxide;0.016973125884016973
9;8 Butatrienylidene;0.016973125884016973
10;9 Carbon Monoxide;0.016973125884016973
11;10 Nitrous Oxide;0.016973125884016973
12;11 Cyanoacetylene;0.016973125884016973
13;12 Carbonyl Sulfide;0.016973125884016973
14;13 Molecular oxygen;0.016973125884016973
15;14 ortho-Oxidaniumyl;0.016973125884016973
16;15 Water;0.016973125884016973
17;16 Iminomethylium;0.016973125884016973
18;17 Hydrochloric acid;0.016973125884016973
19;18 Acetylene;0.016973125884016973
20;19 Hydrogen Cyanide;0.016973125884016973
