1;0 Methanol;0.019933554817275746
2;1 Hydrogen fluoride;0.019933554817275746
3;2 Nitric oxide;0.019933554817275746
4;3 Formylium;0.019933554817275746
5;4 Sodium Chloride;0.019933554817275746
6;5 Sulfur dioxide;0.019933554817275746
7;6 para-Oxidaniumyl;0.019933554817275746
8;7 Sulfur Monoxide;0.019933554817275746
9;8 Butatrienylidene;0.019933554817275746
10;9 Carbon Monoxide;0.019933554817275746
11;10 Nitrous Oxide;0.019933554817275746
12;11 Cyanoacetylene;0.019933554817275746
13;12 Carbonyl Sulfide;0.019933554817275746
14;13 Molecular oxygen;0.019933554817275746
15;14 ortho-Oxidaniumyl;0.019933554817275746
16;15 Water;0.019933554817275746
17;16 Iminomethylium;0.019933554817275746
18;17 Hydrochloric acid;0.019933554817275746
19;18 Acetylene;0.019933554817275746
20;19 Hydrogen Cyanide;0.019933554817275746
