1;0 Methanol;0.0176678445229682
2;1 Hydrogen fluoride;0.0176678445229682
3;2 Nitric oxide;0.0176678445229682
4;3 Formylium;0.0176678445229682
5;4 Sodium Chloride;0.0176678445229682
6;5 Sulfur dioxide;0.0176678445229682
7;6 para-Oxidaniumyl;0.0176678445229682
8;7 Sulfur Monoxide;0.0176678445229682
9;8 Butatrienylidene;0.0176678445229682
10;9 Carbon Monoxide;0.0176678445229682
11;10 Nitrous Oxide;0.0176678445229682
12;11 Cyanoacetylene;0.0176678445229682
13;12 Carbonyl Sulfide;0.0176678445229682
14;13 Molecular oxygen;0.0176678445229682
15;14 ortho-Oxidaniumyl;0.0176678445229682
16;15 Water;0.0176678445229682
17;16 Iminomethylium;0.0176678445229682
18;17 Hydrochloric acid;0.0176678445229682
19;18 Acetylene;0.0176678445229682
20;19 Hydrogen Cyanide;0.0176678445229682
