1;3 Formylium;0.7459893048128342
2;0 Methanol;0.013368983957219251
3;1 Hydrogen fluoride;0.013368983957219251
4;2 Nitric oxide;0.013368983957219251
5;4 Sodium Chloride;0.013368983957219251
6;5 Sulfur dioxide;0.013368983957219251
7;6 para-Oxidaniumyl;0.013368983957219251
8;7 Sulfur Monoxide;0.013368983957219251
9;8 Butatrienylidene;0.013368983957219251
10;9 Carbon Monoxide;0.013368983957219251
11;10 Nitrous Oxide;0.013368983957219251
12;11 Cyanoacetylene;0.013368983957219251
13;12 Carbonyl Sulfide;0.013368983957219251
14;13 Molecular oxygen;0.013368983957219251
15;14 ortho-Oxidaniumyl;0.013368983957219251
16;15 Water;0.013368983957219251
17;16 Iminomethylium;0.013368983957219251
18;17 Hydrochloric acid;0.013368983957219251
19;18 Acetylene;0.013368983957219251
20;19 Hydrogen Cyanide;0.013368983957219251
