1;0 Methanol;0.003849114703618168
2;1 Hydrogen fluoride;0.003849114703618168
3;2 Nitric oxide;0.003849114703618168
4;3 Formylium;0.003849114703618168
5;4 Sodium Chloride;0.003849114703618168
6;5 Sulfur dioxide;0.003849114703618168
7;6 para-Oxidaniumyl;0.003849114703618168
8;7 Sulfur Monoxide;0.003849114703618168
9;8 Butatrienylidene;0.003849114703618168
10;9 Carbon Monoxide;0.003849114703618168
11;10 Nitrous Oxide;0.003849114703618168
12;11 Cyanoacetylene;0.003849114703618168
13;12 Carbonyl Sulfide;0.003849114703618168
14;13 Molecular oxygen;0.003849114703618168
15;14 ortho-Oxidaniumyl;0.003849114703618168
16;15 Water;0.003849114703618168
17;16 Iminomethylium;0.003849114703618168
18;17 Hydrochloric acid;0.003849114703618168
19;18 Acetylene;0.003849114703618168
20;19 Hydrogen Cyanide;0.003849114703618168
