1;1 Butatrienylidene;0.4339207048458149
2;79 Cyanoformaldehyde;0.026431718061674006
3;21 Methylamine;0.015418502202643168
4;99 Magnesium hydride isocyanide;0.015418502202643168
5;115 Isothiocyanic acid;0.015418502202643168
6;0 Dimethyl ether;0.004405286343612334
7;2 Trihydrogen ion;0.004405286343612334
8;3 Nitrous Oxide;0.004405286343612334
9;4 Methyl Acetylene;0.004405286343612334
10;5 Ethylene Glycol;0.004405286343612334
11;6 Methyl Cyanide;0.004405286343612334
12;7 Thioformylium;0.004405286343612334
13;8 para-Oxidaniumyl;0.004405286343612334
14;9 Hydrogen Cyanide;0.004405286343612334
15;10 Titanium monoxide;0.004405286343612334
16;11 Cyanide Radical;0.004405286343612334
17;12 Formic Acid;0.004405286343612334
18;13 Nitric sulfide;0.004405286343612334
19;14 Iminomethylium;0.004405286343612334
20;15 Aluminum monoxide;0.004405286343612334
21;16 Methyl isocyanate;0.004405286343612334
22;17 Nitrosyl hydride;0.004405286343612334
23;18 Propynylidynium;0.004405286343612334
24;19 Magnesium Cyanide;0.004405286343612334
25;20 Diazenylium;0.004405286343612334
26;22 Chloronium;0.004405286343612334
27;23 Silicon monosulfide;0.004405286343612334
28;24 Phosphorus Monoxide;0.004405286343612334
29;25 Cyclopropenone;0.004405286343612334
30;26 Carbon Monoxide Ion;0.004405286343612334
31;27 Sodium Cyanide;0.004405286343612334
32;28 Nitric oxide;0.004405286343612334
33;29 Silicon Cyanide;0.004405286343612334
34;30 Ethyne Isocyanide;0.004405286343612334
35;31 Sodium Chloride;0.004405286343612334
36;32 Cyanoacetylene;0.004405286343612334
37;33 Sulfur Monoxide;0.004405286343612334
38;34 Aluminum Isocyanitrile;0.004405286343612334
39;35 Cyanobutadiyne;0.004405286343612334
40;36 Silicon Mononitride;0.004405286343612334
41;37 Carbon Monoxide;0.004405286343612334
42;38 Propadienylidene;0.004405286343612334
43;39 Methanimine;0.004405286343612334
44;40 Aluminum Monofluoride;0.004405286343612334
45;41 Formamide;0.004405286343612334
46;42 Aminoacetonitrile;0.004405286343612334
47;43 Ammonia;0.004405286343612334
48;44 gauche-Ethanol;0.004405286343612334
49;45 Protonate 2-proynenitrile;0.004405286343612334
50;46 Carbonyl Sulfide;0.004405286343612334
51;47 Thioxoethenylidene;0.004405286343612334
52;48 Ethyl cyanide;0.004405286343612334
53;49 Water;0.004405286343612334
54;50 Methyl Formate;0.004405286343612334
55;51 Acetaldehyde;0.004405286343612334
56;52 Ketenimine;0.004405286343612334
57;53 Propenal;0.004405286343612334
58;54 Methyl isocyanide;0.004405286343612334
59;55 iso-propyl cyanide;0.004405286343612334
60;56 Hydrogen cyanide;0.004405286343612334
61;57 Protonated Carbon Dioxide;0.004405286343612334
62;58 Methylidyne;0.004405286343612334
63;59 Ketene;0.004405286343612334
64;60 Silicon Monoxide;0.004405286343612334
65;61 Acetone;0.004405286343612334
66;62 Vinyl Cyanide;0.004405286343612334
67;63 Silicon monoxide (global fit);0.004405286343612334
68;64 Cyclopropenylidene;0.004405286343612334
69;65 Magnesium Isocyanide;0.004405286343612334
70;66 Cyanobutadiynylide anion;0.004405286343612334
71;67 Formaldehyde;0.004405286343612334
72;68 Carbon Monosulfide;0.004405286343612334
73;69 Fulminic acid;0.004405286343612334
74;70 trans-Ethanol;0.004405286343612334
75;71 Silicon Carbide;0.004405286343612334
76;72 Formylium;0.004405286343612334
77;73 Ethylene Oxide;0.004405286343612334
78;74 Sulfur dioxide;0.004405286343612334
79;75 Carbon Monophosphide;0.004405286343612334
80;76 Sulfur Monoxide ion;0.004405286343612334
81;77 Methanol;0.004405286343612334
82;78 Sulfur Dioxide;0.004405286343612334
83;80 Isocyanic Acid;0.004405286343612334
84;81 Silicon Isocyanide;0.004405286343612334
85;82 Methylene amidogen;0.004405286343612334
86;83 Silicon Monocarbide;0.004405286343612334
87;84 Phosphaethyne;0.004405286343612334
88;85 Aluminum Monochloride;0.004405286343612334
89;86 Cyanoallene;0.004405286343612334
90;87 Methyl diacetylene;0.004405286343612334
91;88 Cyanomethylene;0.004405286343612334
92;89 Phosphapropynylidyne;0.004405286343612334
93;90 Cyanomethyl;0.004405286343612334
94;91 Hydrogen Isocyanide;0.004405286343612334
95;92 Hydrogen sulfide;0.004405286343612334
96;93 Hydroxyl;0.004405286343612334
97;94 Glycolaldehyde;0.004405286343612334
98;95 Cyanide anion;0.004405286343612334
99;96 2-Propynal;0.004405286343612334
100;97 Ethynyl;0.004405286343612334
101;98 Phosphorous nitride;0.004405286343612334
102;100 Potassium chloride;0.004405286343612334
103;101 Silicon tetracarbide;0.004405286343612334
104;102 Ethyl Cyanide;0.004405286343612334
105;103 Cyanamide;0.004405286343612334
106;104 Amidogen;0.004405286343612334
107;105 Hydroxymethylidyne;0.004405286343612334
108;106 Formyl Radical;0.004405286343612334
109;107 Vinyl Alcohol;0.004405286343612334
110;108 ortho-Oxidaniumyl;0.004405286343612334
111;109 Cyanoethynylide ion;0.004405286343612334
112;110 Oxoethenylidene;0.004405286343612334
113;111 2-Butynenitrile;0.004405286343612334
114;112 Cyanoethynyl;0.004405286343612334
115;113 Hydroxymethylium ion;0.004405286343612334
116;114 Thioformaldehyde;0.004405286343612334
117;116 Cyanic acid;0.004405286343612334
