1;66 Cyanobutadiynylide anion;0.49999999999999994
2;84 Phosphaethyne;0.014767932489451473
3;0 Dimethyl ether;0.004219409282700422
4;1 Butatrienylidene;0.004219409282700422
5;2 Trihydrogen ion;0.004219409282700422
6;3 Nitrous Oxide;0.004219409282700422
7;4 Methyl Acetylene;0.004219409282700422
8;5 Ethylene Glycol;0.004219409282700422
9;6 Methyl Cyanide;0.004219409282700422
10;7 Thioformylium;0.004219409282700422
11;8 para-Oxidaniumyl;0.004219409282700422
12;9 Hydrogen Cyanide;0.004219409282700422
13;10 Titanium monoxide;0.004219409282700422
14;11 Cyanide Radical;0.004219409282700422
15;12 Formic Acid;0.004219409282700422
16;13 Nitric sulfide;0.004219409282700422
17;14 Iminomethylium;0.004219409282700422
18;15 Aluminum monoxide;0.004219409282700422
19;16 Methyl isocyanate;0.004219409282700422
20;17 Nitrosyl hydride;0.004219409282700422
21;18 Propynylidynium;0.004219409282700422
22;19 Magnesium Cyanide;0.004219409282700422
23;20 Diazenylium;0.004219409282700422
24;21 Methylamine;0.004219409282700422
25;22 Chloronium;0.004219409282700422
26;23 Silicon monosulfide;0.004219409282700422
27;24 Phosphorus Monoxide;0.004219409282700422
28;25 Cyclopropenone;0.004219409282700422
29;26 Carbon Monoxide Ion;0.004219409282700422
30;27 Sodium Cyanide;0.004219409282700422
31;28 Nitric oxide;0.004219409282700422
32;29 Silicon Cyanide;0.004219409282700422
33;30 Ethyne Isocyanide;0.004219409282700422
34;31 Sodium Chloride;0.004219409282700422
35;32 Cyanoacetylene;0.004219409282700422
36;33 Sulfur Monoxide;0.004219409282700422
37;34 Aluminum Isocyanitrile;0.004219409282700422
38;35 Cyanobutadiyne;0.004219409282700422
39;36 Silicon Mononitride;0.004219409282700422
40;37 Carbon Monoxide;0.004219409282700422
41;38 Propadienylidene;0.004219409282700422
42;39 Methanimine;0.004219409282700422
43;40 Aluminum Monofluoride;0.004219409282700422
44;41 Formamide;0.004219409282700422
45;42 Aminoacetonitrile;0.004219409282700422
46;43 Ammonia;0.004219409282700422
47;44 gauche-Ethanol;0.004219409282700422
48;45 Protonate 2-proynenitrile;0.004219409282700422
49;46 Carbonyl Sulfide;0.004219409282700422
50;47 Thioxoethenylidene;0.004219409282700422
51;48 Ethyl cyanide;0.004219409282700422
52;49 Water;0.004219409282700422
53;50 Methyl Formate;0.004219409282700422
54;51 Acetaldehyde;0.004219409282700422
55;52 Ketenimine;0.004219409282700422
56;53 Propenal;0.004219409282700422
57;54 Methyl isocyanide;0.004219409282700422
58;55 iso-propyl cyanide;0.004219409282700422
59;56 Hydrogen cyanide;0.004219409282700422
60;57 Protonated Carbon Dioxide;0.004219409282700422
61;58 Methylidyne;0.004219409282700422
62;59 Ketene;0.004219409282700422
63;60 Silicon Monoxide;0.004219409282700422
64;61 Acetone;0.004219409282700422
65;62 Vinyl Cyanide;0.004219409282700422
66;63 Silicon monoxide (global fit);0.004219409282700422
67;64 Cyclopropenylidene;0.004219409282700422
68;65 Magnesium Isocyanide;0.004219409282700422
69;67 Formaldehyde;0.004219409282700422
70;68 Carbon Monosulfide;0.004219409282700422
71;69 Fulminic acid;0.004219409282700422
72;70 trans-Ethanol;0.004219409282700422
73;71 Silicon Carbide;0.004219409282700422
74;72 Formylium;0.004219409282700422
75;73 Ethylene Oxide;0.004219409282700422
76;74 Sulfur dioxide;0.004219409282700422
77;75 Carbon Monophosphide;0.004219409282700422
78;76 Sulfur Monoxide ion;0.004219409282700422
79;77 Methanol;0.004219409282700422
80;78 Sulfur Dioxide;0.004219409282700422
81;79 Cyanoformaldehyde;0.004219409282700422
82;80 Isocyanic Acid;0.004219409282700422
83;81 Silicon Isocyanide;0.004219409282700422
84;82 Methylene amidogen;0.004219409282700422
85;83 Silicon Monocarbide;0.004219409282700422
86;85 Aluminum Monochloride;0.004219409282700422
87;86 Cyanoallene;0.004219409282700422
88;87 Methyl diacetylene;0.004219409282700422
89;88 Cyanomethylene;0.004219409282700422
90;89 Phosphapropynylidyne;0.004219409282700422
91;90 Cyanomethyl;0.004219409282700422
92;91 Hydrogen Isocyanide;0.004219409282700422
93;92 Hydrogen sulfide;0.004219409282700422
94;93 Hydroxyl;0.004219409282700422
95;94 Glycolaldehyde;0.004219409282700422
96;95 Cyanide anion;0.004219409282700422
97;96 2-Propynal;0.004219409282700422
98;97 Ethynyl;0.004219409282700422
99;98 Phosphorous nitride;0.004219409282700422
100;99 Magnesium hydride isocyanide;0.004219409282700422
101;100 Potassium chloride;0.004219409282700422
102;101 Silicon tetracarbide;0.004219409282700422
103;102 Ethyl Cyanide;0.004219409282700422
104;103 Cyanamide;0.004219409282700422
105;104 Amidogen;0.004219409282700422
106;105 Hydroxymethylidyne;0.004219409282700422
107;106 Formyl Radical;0.004219409282700422
108;107 Vinyl Alcohol;0.004219409282700422
109;108 ortho-Oxidaniumyl;0.004219409282700422
110;109 Cyanoethynylide ion;0.004219409282700422
111;110 Oxoethenylidene;0.004219409282700422
112;111 2-Butynenitrile;0.004219409282700422
113;112 Cyanoethynyl;0.004219409282700422
114;113 Hydroxymethylium ion;0.004219409282700422
115;114 Thioformaldehyde;0.004219409282700422
116;115 Isothiocyanic acid;0.004219409282700422
117;116 Cyanic acid;0.004219409282700422
