1;81 Silicon Isocyanide;0.18023255813953487
2;108 ortho-Oxidaniumyl;0.07848837209302324
3;16 Methyl isocyanate;0.02034883720930232
4;19 Magnesium Cyanide;0.02034883720930232
5;73 Ethylene Oxide;0.02034883720930232
6;92 Hydrogen sulfide;0.02034883720930232
7;110 Oxoethenylidene;0.02034883720930232
8;0 Dimethyl ether;0.005813953488372092
9;1 Butatrienylidene;0.005813953488372092
10;2 Trihydrogen ion;0.005813953488372092
11;3 Nitrous Oxide;0.005813953488372092
12;4 Methyl Acetylene;0.005813953488372092
13;5 Ethylene Glycol;0.005813953488372092
14;6 Methyl Cyanide;0.005813953488372092
15;7 Thioformylium;0.005813953488372092
16;8 para-Oxidaniumyl;0.005813953488372092
17;9 Hydrogen Cyanide;0.005813953488372092
18;10 Titanium monoxide;0.005813953488372092
19;11 Cyanide Radical;0.005813953488372092
20;12 Formic Acid;0.005813953488372092
21;13 Nitric sulfide;0.005813953488372092
22;14 Iminomethylium;0.005813953488372092
23;15 Aluminum monoxide;0.005813953488372092
24;17 Nitrosyl hydride;0.005813953488372092
25;18 Propynylidynium;0.005813953488372092
26;20 Diazenylium;0.005813953488372092
27;21 Methylamine;0.005813953488372092
28;22 Chloronium;0.005813953488372092
29;23 Silicon monosulfide;0.005813953488372092
30;24 Phosphorus Monoxide;0.005813953488372092
31;25 Cyclopropenone;0.005813953488372092
32;26 Carbon Monoxide Ion;0.005813953488372092
33;27 Sodium Cyanide;0.005813953488372092
34;28 Nitric oxide;0.005813953488372092
35;29 Silicon Cyanide;0.005813953488372092
36;30 Ethyne Isocyanide;0.005813953488372092
37;31 Sodium Chloride;0.005813953488372092
38;32 Cyanoacetylene;0.005813953488372092
39;33 Sulfur Monoxide;0.005813953488372092
40;34 Aluminum Isocyanitrile;0.005813953488372092
41;35 Cyanobutadiyne;0.005813953488372092
42;36 Silicon Mononitride;0.005813953488372092
43;37 Carbon Monoxide;0.005813953488372092
44;38 Propadienylidene;0.005813953488372092
45;39 Methanimine;0.005813953488372092
46;40 Aluminum Monofluoride;0.005813953488372092
47;41 Formamide;0.005813953488372092
48;42 Aminoacetonitrile;0.005813953488372092
49;43 Ammonia;0.005813953488372092
50;44 gauche-Ethanol;0.005813953488372092
51;45 Protonate 2-proynenitrile;0.005813953488372092
52;46 Carbonyl Sulfide;0.005813953488372092
53;47 Thioxoethenylidene;0.005813953488372092
54;48 Ethyl cyanide;0.005813953488372092
55;49 Water;0.005813953488372092
56;50 Methyl Formate;0.005813953488372092
57;51 Acetaldehyde;0.005813953488372092
58;52 Ketenimine;0.005813953488372092
59;53 Propenal;0.005813953488372092
60;54 Methyl isocyanide;0.005813953488372092
61;55 iso-propyl cyanide;0.005813953488372092
62;56 Hydrogen cyanide;0.005813953488372092
63;57 Protonated Carbon Dioxide;0.005813953488372092
64;58 Methylidyne;0.005813953488372092
65;59 Ketene;0.005813953488372092
66;60 Silicon Monoxide;0.005813953488372092
67;61 Acetone;0.005813953488372092
68;62 Vinyl Cyanide;0.005813953488372092
69;63 Silicon monoxide (global fit);0.005813953488372092
70;64 Cyclopropenylidene;0.005813953488372092
71;65 Magnesium Isocyanide;0.005813953488372092
72;66 Cyanobutadiynylide anion;0.005813953488372092
73;67 Formaldehyde;0.005813953488372092
74;68 Carbon Monosulfide;0.005813953488372092
75;69 Fulminic acid;0.005813953488372092
76;70 trans-Ethanol;0.005813953488372092
77;71 Silicon Carbide;0.005813953488372092
78;72 Formylium;0.005813953488372092
79;74 Sulfur dioxide;0.005813953488372092
80;75 Carbon Monophosphide;0.005813953488372092
81;76 Sulfur Monoxide ion;0.005813953488372092
82;77 Methanol;0.005813953488372092
83;78 Sulfur Dioxide;0.005813953488372092
84;79 Cyanoformaldehyde;0.005813953488372092
85;80 Isocyanic Acid;0.005813953488372092
86;82 Methylene amidogen;0.005813953488372092
87;83 Silicon Monocarbide;0.005813953488372092
88;84 Phosphaethyne;0.005813953488372092
89;85 Aluminum Monochloride;0.005813953488372092
90;86 Cyanoallene;0.005813953488372092
91;87 Methyl diacetylene;0.005813953488372092
92;88 Cyanomethylene;0.005813953488372092
93;89 Phosphapropynylidyne;0.005813953488372092
94;90 Cyanomethyl;0.005813953488372092
95;91 Hydrogen Isocyanide;0.005813953488372092
96;93 Hydroxyl;0.005813953488372092
97;94 Glycolaldehyde;0.005813953488372092
98;95 Cyanide anion;0.005813953488372092
99;96 2-Propynal;0.005813953488372092
100;97 Ethynyl;0.005813953488372092
101;98 Phosphorous nitride;0.005813953488372092
102;99 Magnesium hydride isocyanide;0.005813953488372092
103;100 Potassium chloride;0.005813953488372092
104;101 Silicon tetracarbide;0.005813953488372092
105;102 Ethyl Cyanide;0.005813953488372092
106;103 Cyanamide;0.005813953488372092
107;104 Amidogen;0.005813953488372092
108;105 Hydroxymethylidyne;0.005813953488372092
109;106 Formyl Radical;0.005813953488372092
110;107 Vinyl Alcohol;0.005813953488372092
111;109 Cyanoethynylide ion;0.005813953488372092
112;111 2-Butynenitrile;0.005813953488372092
113;112 Cyanoethynyl;0.005813953488372092
114;113 Hydroxymethylium ion;0.005813953488372092
115;114 Thioformaldehyde;0.005813953488372092
116;115 Isothiocyanic acid;0.005813953488372092
117;116 Cyanic acid;0.005813953488372092
