1;58 Methylidyne;0.7235772357723577
2;36 Silicon Mononitride;0.012195121951219511
3;68 Carbon Monosulfide;0.012195121951219511
4;7 Thioformylium;0.007113821138211381
5;52 Ketenimine;0.007113821138211381
6;86 Cyanoallene;0.007113821138211381
7;95 Cyanide anion;0.007113821138211381
8;0 Dimethyl ether;0.002032520325203252
9;1 Butatrienylidene;0.002032520325203252
10;2 Trihydrogen ion;0.002032520325203252
11;3 Nitrous Oxide;0.002032520325203252
12;4 Methyl Acetylene;0.002032520325203252
13;5 Ethylene Glycol;0.002032520325203252
14;6 Methyl Cyanide;0.002032520325203252
15;8 para-Oxidaniumyl;0.002032520325203252
16;9 Hydrogen Cyanide;0.002032520325203252
17;10 Titanium monoxide;0.002032520325203252
18;11 Cyanide Radical;0.002032520325203252
19;12 Formic Acid;0.002032520325203252
20;13 Nitric sulfide;0.002032520325203252
21;14 Iminomethylium;0.002032520325203252
22;15 Aluminum monoxide;0.002032520325203252
23;16 Methyl isocyanate;0.002032520325203252
24;17 Nitrosyl hydride;0.002032520325203252
25;18 Propynylidynium;0.002032520325203252
26;19 Magnesium Cyanide;0.002032520325203252
27;20 Diazenylium;0.002032520325203252
28;21 Methylamine;0.002032520325203252
29;22 Chloronium;0.002032520325203252
30;23 Silicon monosulfide;0.002032520325203252
31;24 Phosphorus Monoxide;0.002032520325203252
32;25 Cyclopropenone;0.002032520325203252
33;26 Carbon Monoxide Ion;0.002032520325203252
34;27 Sodium Cyanide;0.002032520325203252
35;28 Nitric oxide;0.002032520325203252
36;29 Silicon Cyanide;0.002032520325203252
37;30 Ethyne Isocyanide;0.002032520325203252
38;31 Sodium Chloride;0.002032520325203252
39;32 Cyanoacetylene;0.002032520325203252
40;33 Sulfur Monoxide;0.002032520325203252
41;34 Aluminum Isocyanitrile;0.002032520325203252
42;35 Cyanobutadiyne;0.002032520325203252
43;37 Carbon Monoxide;0.002032520325203252
44;38 Propadienylidene;0.002032520325203252
45;39 Methanimine;0.002032520325203252
46;40 Aluminum Monofluoride;0.002032520325203252
47;41 Formamide;0.002032520325203252
48;42 Aminoacetonitrile;0.002032520325203252
49;43 Ammonia;0.002032520325203252
50;44 gauche-Ethanol;0.002032520325203252
51;45 Protonate 2-proynenitrile;0.002032520325203252
52;46 Carbonyl Sulfide;0.002032520325203252
53;47 Thioxoethenylidene;0.002032520325203252
54;48 Ethyl cyanide;0.002032520325203252
55;49 Water;0.002032520325203252
56;50 Methyl Formate;0.002032520325203252
57;51 Acetaldehyde;0.002032520325203252
58;53 Propenal;0.002032520325203252
59;54 Methyl isocyanide;0.002032520325203252
60;55 iso-propyl cyanide;0.002032520325203252
61;56 Hydrogen cyanide;0.002032520325203252
62;57 Protonated Carbon Dioxide;0.002032520325203252
63;59 Ketene;0.002032520325203252
64;60 Silicon Monoxide;0.002032520325203252
65;61 Acetone;0.002032520325203252
66;62 Vinyl Cyanide;0.002032520325203252
67;63 Silicon monoxide (global fit);0.002032520325203252
68;64 Cyclopropenylidene;0.002032520325203252
69;65 Magnesium Isocyanide;0.002032520325203252
70;66 Cyanobutadiynylide anion;0.002032520325203252
71;67 Formaldehyde;0.002032520325203252
72;69 Fulminic acid;0.002032520325203252
73;70 trans-Ethanol;0.002032520325203252
74;71 Silicon Carbide;0.002032520325203252
75;72 Formylium;0.002032520325203252
76;73 Ethylene Oxide;0.002032520325203252
77;74 Sulfur dioxide;0.002032520325203252
78;75 Carbon Monophosphide;0.002032520325203252
79;76 Sulfur Monoxide ion;0.002032520325203252
80;77 Methanol;0.002032520325203252
81;78 Sulfur Dioxide;0.002032520325203252
82;79 Cyanoformaldehyde;0.002032520325203252
83;80 Isocyanic Acid;0.002032520325203252
84;81 Silicon Isocyanide;0.002032520325203252
85;82 Methylene amidogen;0.002032520325203252
86;83 Silicon Monocarbide;0.002032520325203252
87;84 Phosphaethyne;0.002032520325203252
88;85 Aluminum Monochloride;0.002032520325203252
89;87 Methyl diacetylene;0.002032520325203252
90;88 Cyanomethylene;0.002032520325203252
91;89 Phosphapropynylidyne;0.002032520325203252
92;90 Cyanomethyl;0.002032520325203252
93;91 Hydrogen Isocyanide;0.002032520325203252
94;92 Hydrogen sulfide;0.002032520325203252
95;93 Hydroxyl;0.002032520325203252
96;94 Glycolaldehyde;0.002032520325203252
97;96 2-Propynal;0.002032520325203252
98;97 Ethynyl;0.002032520325203252
99;98 Phosphorous nitride;0.002032520325203252
100;99 Magnesium hydride isocyanide;0.002032520325203252
101;100 Potassium chloride;0.002032520325203252
102;101 Silicon tetracarbide;0.002032520325203252
103;102 Ethyl Cyanide;0.002032520325203252
104;103 Cyanamide;0.002032520325203252
105;104 Amidogen;0.002032520325203252
106;105 Hydroxymethylidyne;0.002032520325203252
107;106 Formyl Radical;0.002032520325203252
108;107 Vinyl Alcohol;0.002032520325203252
109;108 ortho-Oxidaniumyl;0.002032520325203252
110;109 Cyanoethynylide ion;0.002032520325203252
111;110 Oxoethenylidene;0.002032520325203252
112;111 2-Butynenitrile;0.002032520325203252
113;112 Cyanoethynyl;0.002032520325203252
114;113 Hydroxymethylium ion;0.002032520325203252
115;114 Thioformaldehyde;0.002032520325203252
116;115 Isothiocyanic acid;0.002032520325203252
117;116 Cyanic acid;0.002032520325203252
