1;3 Nitrous Oxide;0.28536133415688697
2;18 Propynylidynium;0.2730080296479308
3;31 Sodium Chloride;0.17726991970352068
4;105 Hydroxymethylidyne;0.050648548486720193
5;83 Silicon Monocarbide;0.03829524397776405
6;91 Hydrogen Isocyanide;0.03829524397776405
7;0 Dimethyl ether;0.0012353304508956147
8;1 Butatrienylidene;0.0012353304508956147
9;2 Trihydrogen ion;0.0012353304508956147
10;4 Methyl Acetylene;0.0012353304508956147
11;5 Ethylene Glycol;0.0012353304508956147
12;6 Methyl Cyanide;0.0012353304508956147
13;7 Thioformylium;0.0012353304508956147
14;8 para-Oxidaniumyl;0.0012353304508956147
15;9 Hydrogen Cyanide;0.0012353304508956147
16;10 Titanium monoxide;0.0012353304508956147
17;11 Cyanide Radical;0.0012353304508956147
18;12 Formic Acid;0.0012353304508956147
19;13 Nitric sulfide;0.0012353304508956147
20;14 Iminomethylium;0.0012353304508956147
21;15 Aluminum monoxide;0.0012353304508956147
22;16 Methyl isocyanate;0.0012353304508956147
23;17 Nitrosyl hydride;0.0012353304508956147
24;19 Magnesium Cyanide;0.0012353304508956147
25;20 Diazenylium;0.0012353304508956147
26;21 Methylamine;0.0012353304508956147
27;22 Chloronium;0.0012353304508956147
28;23 Silicon monosulfide;0.0012353304508956147
29;24 Phosphorus Monoxide;0.0012353304508956147
30;25 Cyclopropenone;0.0012353304508956147
31;26 Carbon Monoxide Ion;0.0012353304508956147
32;27 Sodium Cyanide;0.0012353304508956147
33;28 Nitric oxide;0.0012353304508956147
34;29 Silicon Cyanide;0.0012353304508956147
35;30 Ethyne Isocyanide;0.0012353304508956147
36;32 Cyanoacetylene;0.0012353304508956147
37;33 Sulfur Monoxide;0.0012353304508956147
38;34 Aluminum Isocyanitrile;0.0012353304508956147
39;35 Cyanobutadiyne;0.0012353304508956147
40;36 Silicon Mononitride;0.0012353304508956147
41;37 Carbon Monoxide;0.0012353304508956147
42;38 Propadienylidene;0.0012353304508956147
43;39 Methanimine;0.0012353304508956147
44;40 Aluminum Monofluoride;0.0012353304508956147
45;41 Formamide;0.0012353304508956147
46;42 Aminoacetonitrile;0.0012353304508956147
47;43 Ammonia;0.0012353304508956147
48;44 gauche-Ethanol;0.0012353304508956147
49;45 Protonate 2-proynenitrile;0.0012353304508956147
50;46 Carbonyl Sulfide;0.0012353304508956147
51;47 Thioxoethenylidene;0.0012353304508956147
52;48 Ethyl cyanide;0.0012353304508956147
53;49 Water;0.0012353304508956147
54;50 Methyl Formate;0.0012353304508956147
55;51 Acetaldehyde;0.0012353304508956147
56;52 Ketenimine;0.0012353304508956147
57;53 Propenal;0.0012353304508956147
58;54 Methyl isocyanide;0.0012353304508956147
59;55 iso-propyl cyanide;0.0012353304508956147
60;56 Hydrogen cyanide;0.0012353304508956147
61;57 Protonated Carbon Dioxide;0.0012353304508956147
62;58 Methylidyne;0.0012353304508956147
63;59 Ketene;0.0012353304508956147
64;60 Silicon Monoxide;0.0012353304508956147
65;61 Acetone;0.0012353304508956147
66;62 Vinyl Cyanide;0.0012353304508956147
67;63 Silicon monoxide (global fit);0.0012353304508956147
68;64 Cyclopropenylidene;0.0012353304508956147
69;65 Magnesium Isocyanide;0.0012353304508956147
70;66 Cyanobutadiynylide anion;0.0012353304508956147
71;67 Formaldehyde;0.0012353304508956147
72;68 Carbon Monosulfide;0.0012353304508956147
73;69 Fulminic acid;0.0012353304508956147
74;70 trans-Ethanol;0.0012353304508956147
75;71 Silicon Carbide;0.0012353304508956147
76;72 Formylium;0.0012353304508956147
77;73 Ethylene Oxide;0.0012353304508956147
78;74 Sulfur dioxide;0.0012353304508956147
79;75 Carbon Monophosphide;0.0012353304508956147
80;76 Sulfur Monoxide ion;0.0012353304508956147
81;77 Methanol;0.0012353304508956147
82;78 Sulfur Dioxide;0.0012353304508956147
83;79 Cyanoformaldehyde;0.0012353304508956147
84;80 Isocyanic Acid;0.0012353304508956147
85;81 Silicon Isocyanide;0.0012353304508956147
86;82 Methylene amidogen;0.0012353304508956147
87;84 Phosphaethyne;0.0012353304508956147
88;85 Aluminum Monochloride;0.0012353304508956147
89;86 Cyanoallene;0.0012353304508956147
90;87 Methyl diacetylene;0.0012353304508956147
91;88 Cyanomethylene;0.0012353304508956147
92;89 Phosphapropynylidyne;0.0012353304508956147
93;90 Cyanomethyl;0.0012353304508956147
94;92 Hydrogen sulfide;0.0012353304508956147
95;93 Hydroxyl;0.0012353304508956147
96;94 Glycolaldehyde;0.0012353304508956147
97;95 Cyanide anion;0.0012353304508956147
98;96 2-Propynal;0.0012353304508956147
99;97 Ethynyl;0.0012353304508956147
100;98 Phosphorous nitride;0.0012353304508956147
101;99 Magnesium hydride isocyanide;0.0012353304508956147
102;100 Potassium chloride;0.0012353304508956147
103;101 Silicon tetracarbide;0.0012353304508956147
104;102 Ethyl Cyanide;0.0012353304508956147
105;103 Cyanamide;0.0012353304508956147
106;104 Amidogen;0.0012353304508956147
107;106 Formyl Radical;0.0012353304508956147
108;107 Vinyl Alcohol;0.0012353304508956147
109;108 ortho-Oxidaniumyl;0.0012353304508956147
110;109 Cyanoethynylide ion;0.0012353304508956147
111;110 Oxoethenylidene;0.0012353304508956147
112;111 2-Butynenitrile;0.0012353304508956147
113;112 Cyanoethynyl;0.0012353304508956147
114;113 Hydroxymethylium ion;0.0012353304508956147
115;114 Thioformaldehyde;0.0012353304508956147
116;115 Isothiocyanic acid;0.0012353304508956147
117;116 Cyanic acid;0.0012353304508956147
