1;91 Hydrogen Isocyanide;0.4880763116057233
2;104 Amidogen;0.08267090620031796
3;36 Silicon Mononitride;0.05087440381558028
4;15 Aluminum monoxide;0.019077901430842606
5;0 Dimethyl ether;0.0031796502384737677
6;1 Butatrienylidene;0.0031796502384737677
7;2 Trihydrogen ion;0.0031796502384737677
8;3 Nitrous Oxide;0.0031796502384737677
9;4 Methyl Acetylene;0.0031796502384737677
10;5 Ethylene Glycol;0.0031796502384737677
11;6 Methyl Cyanide;0.0031796502384737677
12;7 Thioformylium;0.0031796502384737677
13;8 para-Oxidaniumyl;0.0031796502384737677
14;9 Hydrogen Cyanide;0.0031796502384737677
15;10 Titanium monoxide;0.0031796502384737677
16;11 Cyanide Radical;0.0031796502384737677
17;12 Formic Acid;0.0031796502384737677
18;13 Nitric sulfide;0.0031796502384737677
19;14 Iminomethylium;0.0031796502384737677
20;16 Methyl isocyanate;0.0031796502384737677
21;17 Nitrosyl hydride;0.0031796502384737677
22;18 Propynylidynium;0.0031796502384737677
23;19 Magnesium Cyanide;0.0031796502384737677
24;20 Diazenylium;0.0031796502384737677
25;21 Methylamine;0.0031796502384737677
26;22 Chloronium;0.0031796502384737677
27;23 Silicon monosulfide;0.0031796502384737677
28;24 Phosphorus Monoxide;0.0031796502384737677
29;25 Cyclopropenone;0.0031796502384737677
30;26 Carbon Monoxide Ion;0.0031796502384737677
31;27 Sodium Cyanide;0.0031796502384737677
32;28 Nitric oxide;0.0031796502384737677
33;29 Silicon Cyanide;0.0031796502384737677
34;30 Ethyne Isocyanide;0.0031796502384737677
35;31 Sodium Chloride;0.0031796502384737677
36;32 Cyanoacetylene;0.0031796502384737677
37;33 Sulfur Monoxide;0.0031796502384737677
38;34 Aluminum Isocyanitrile;0.0031796502384737677
39;35 Cyanobutadiyne;0.0031796502384737677
40;37 Carbon Monoxide;0.0031796502384737677
41;38 Propadienylidene;0.0031796502384737677
42;39 Methanimine;0.0031796502384737677
43;40 Aluminum Monofluoride;0.0031796502384737677
44;41 Formamide;0.0031796502384737677
45;42 Aminoacetonitrile;0.0031796502384737677
46;43 Ammonia;0.0031796502384737677
47;44 gauche-Ethanol;0.0031796502384737677
48;45 Protonate 2-proynenitrile;0.0031796502384737677
49;46 Carbonyl Sulfide;0.0031796502384737677
50;47 Thioxoethenylidene;0.0031796502384737677
51;48 Ethyl cyanide;0.0031796502384737677
52;49 Water;0.0031796502384737677
53;50 Methyl Formate;0.0031796502384737677
54;51 Acetaldehyde;0.0031796502384737677
55;52 Ketenimine;0.0031796502384737677
56;53 Propenal;0.0031796502384737677
57;54 Methyl isocyanide;0.0031796502384737677
58;55 iso-propyl cyanide;0.0031796502384737677
59;56 Hydrogen cyanide;0.0031796502384737677
60;57 Protonated Carbon Dioxide;0.0031796502384737677
61;58 Methylidyne;0.0031796502384737677
62;59 Ketene;0.0031796502384737677
63;60 Silicon Monoxide;0.0031796502384737677
64;61 Acetone;0.0031796502384737677
65;62 Vinyl Cyanide;0.0031796502384737677
66;63 Silicon monoxide (global fit);0.0031796502384737677
67;64 Cyclopropenylidene;0.0031796502384737677
68;65 Magnesium Isocyanide;0.0031796502384737677
69;66 Cyanobutadiynylide anion;0.0031796502384737677
70;67 Formaldehyde;0.0031796502384737677
71;68 Carbon Monosulfide;0.0031796502384737677
72;69 Fulminic acid;0.0031796502384737677
73;70 trans-Ethanol;0.0031796502384737677
74;71 Silicon Carbide;0.0031796502384737677
75;72 Formylium;0.0031796502384737677
76;73 Ethylene Oxide;0.0031796502384737677
77;74 Sulfur dioxide;0.0031796502384737677
78;75 Carbon Monophosphide;0.0031796502384737677
79;76 Sulfur Monoxide ion;0.0031796502384737677
80;77 Methanol;0.0031796502384737677
81;78 Sulfur Dioxide;0.0031796502384737677
82;79 Cyanoformaldehyde;0.0031796502384737677
83;80 Isocyanic Acid;0.0031796502384737677
84;81 Silicon Isocyanide;0.0031796502384737677
85;82 Methylene amidogen;0.0031796502384737677
86;83 Silicon Monocarbide;0.0031796502384737677
87;84 Phosphaethyne;0.0031796502384737677
88;85 Aluminum Monochloride;0.0031796502384737677
89;86 Cyanoallene;0.0031796502384737677
90;87 Methyl diacetylene;0.0031796502384737677
91;88 Cyanomethylene;0.0031796502384737677
92;89 Phosphapropynylidyne;0.0031796502384737677
93;90 Cyanomethyl;0.0031796502384737677
94;92 Hydrogen sulfide;0.0031796502384737677
95;93 Hydroxyl;0.0031796502384737677
96;94 Glycolaldehyde;0.0031796502384737677
97;95 Cyanide anion;0.0031796502384737677
98;96 2-Propynal;0.0031796502384737677
99;97 Ethynyl;0.0031796502384737677
100;98 Phosphorous nitride;0.0031796502384737677
101;99 Magnesium hydride isocyanide;0.0031796502384737677
102;100 Potassium chloride;0.0031796502384737677
103;101 Silicon tetracarbide;0.0031796502384737677
104;102 Ethyl Cyanide;0.0031796502384737677
105;103 Cyanamide;0.0031796502384737677
106;105 Hydroxymethylidyne;0.0031796502384737677
107;106 Formyl Radical;0.0031796502384737677
108;107 Vinyl Alcohol;0.0031796502384737677
109;108 ortho-Oxidaniumyl;0.0031796502384737677
110;109 Cyanoethynylide ion;0.0031796502384737677
111;110 Oxoethenylidene;0.0031796502384737677
112;111 2-Butynenitrile;0.0031796502384737677
113;112 Cyanoethynyl;0.0031796502384737677
114;113 Hydroxymethylium ion;0.0031796502384737677
115;114 Thioformaldehyde;0.0031796502384737677
116;115 Isothiocyanic acid;0.0031796502384737677
117;116 Cyanic acid;0.0031796502384737677
