1;108 ortho-Oxidaniumyl;0.5993640699523053
2;32 Cyanoacetylene;0.011128775834658185
3;47 Thioxoethenylidene;0.011128775834658185
4;64 Cyclopropenylidene;0.011128775834658185
5;75 Carbon Monophosphide;0.011128775834658185
6;0 Dimethyl ether;0.0031796502384737677
7;1 Butatrienylidene;0.0031796502384737677
8;2 Trihydrogen ion;0.0031796502384737677
9;3 Nitrous Oxide;0.0031796502384737677
10;4 Methyl Acetylene;0.0031796502384737677
11;5 Ethylene Glycol;0.0031796502384737677
12;6 Methyl Cyanide;0.0031796502384737677
13;7 Thioformylium;0.0031796502384737677
14;8 para-Oxidaniumyl;0.0031796502384737677
15;9 Hydrogen Cyanide;0.0031796502384737677
16;10 Titanium monoxide;0.0031796502384737677
17;11 Cyanide Radical;0.0031796502384737677
18;12 Formic Acid;0.0031796502384737677
19;13 Nitric sulfide;0.0031796502384737677
20;14 Iminomethylium;0.0031796502384737677
21;15 Aluminum monoxide;0.0031796502384737677
22;16 Methyl isocyanate;0.0031796502384737677
23;17 Nitrosyl hydride;0.0031796502384737677
24;18 Propynylidynium;0.0031796502384737677
25;19 Magnesium Cyanide;0.0031796502384737677
26;20 Diazenylium;0.0031796502384737677
27;21 Methylamine;0.0031796502384737677
28;22 Chloronium;0.0031796502384737677
29;23 Silicon monosulfide;0.0031796502384737677
30;24 Phosphorus Monoxide;0.0031796502384737677
31;25 Cyclopropenone;0.0031796502384737677
32;26 Carbon Monoxide Ion;0.0031796502384737677
33;27 Sodium Cyanide;0.0031796502384737677
34;28 Nitric oxide;0.0031796502384737677
35;29 Silicon Cyanide;0.0031796502384737677
36;30 Ethyne Isocyanide;0.0031796502384737677
37;31 Sodium Chloride;0.0031796502384737677
38;33 Sulfur Monoxide;0.0031796502384737677
39;34 Aluminum Isocyanitrile;0.0031796502384737677
40;35 Cyanobutadiyne;0.0031796502384737677
41;36 Silicon Mononitride;0.0031796502384737677
42;37 Carbon Monoxide;0.0031796502384737677
43;38 Propadienylidene;0.0031796502384737677
44;39 Methanimine;0.0031796502384737677
45;40 Aluminum Monofluoride;0.0031796502384737677
46;41 Formamide;0.0031796502384737677
47;42 Aminoacetonitrile;0.0031796502384737677
48;43 Ammonia;0.0031796502384737677
49;44 gauche-Ethanol;0.0031796502384737677
50;45 Protonate 2-proynenitrile;0.0031796502384737677
51;46 Carbonyl Sulfide;0.0031796502384737677
52;48 Ethyl cyanide;0.0031796502384737677
53;49 Water;0.0031796502384737677
54;50 Methyl Formate;0.0031796502384737677
55;51 Acetaldehyde;0.0031796502384737677
56;52 Ketenimine;0.0031796502384737677
57;53 Propenal;0.0031796502384737677
58;54 Methyl isocyanide;0.0031796502384737677
59;55 iso-propyl cyanide;0.0031796502384737677
60;56 Hydrogen cyanide;0.0031796502384737677
61;57 Protonated Carbon Dioxide;0.0031796502384737677
62;58 Methylidyne;0.0031796502384737677
63;59 Ketene;0.0031796502384737677
64;60 Silicon Monoxide;0.0031796502384737677
65;61 Acetone;0.0031796502384737677
66;62 Vinyl Cyanide;0.0031796502384737677
67;63 Silicon monoxide (global fit);0.0031796502384737677
68;65 Magnesium Isocyanide;0.0031796502384737677
69;66 Cyanobutadiynylide anion;0.0031796502384737677
70;67 Formaldehyde;0.0031796502384737677
71;68 Carbon Monosulfide;0.0031796502384737677
72;69 Fulminic acid;0.0031796502384737677
73;70 trans-Ethanol;0.0031796502384737677
74;71 Silicon Carbide;0.0031796502384737677
75;72 Formylium;0.0031796502384737677
76;73 Ethylene Oxide;0.0031796502384737677
77;74 Sulfur dioxide;0.0031796502384737677
78;76 Sulfur Monoxide ion;0.0031796502384737677
79;77 Methanol;0.0031796502384737677
80;78 Sulfur Dioxide;0.0031796502384737677
81;79 Cyanoformaldehyde;0.0031796502384737677
82;80 Isocyanic Acid;0.0031796502384737677
83;81 Silicon Isocyanide;0.0031796502384737677
84;82 Methylene amidogen;0.0031796502384737677
85;83 Silicon Monocarbide;0.0031796502384737677
86;84 Phosphaethyne;0.0031796502384737677
87;85 Aluminum Monochloride;0.0031796502384737677
88;86 Cyanoallene;0.0031796502384737677
89;87 Methyl diacetylene;0.0031796502384737677
90;88 Cyanomethylene;0.0031796502384737677
91;89 Phosphapropynylidyne;0.0031796502384737677
92;90 Cyanomethyl;0.0031796502384737677
93;91 Hydrogen Isocyanide;0.0031796502384737677
94;92 Hydrogen sulfide;0.0031796502384737677
95;93 Hydroxyl;0.0031796502384737677
96;94 Glycolaldehyde;0.0031796502384737677
97;95 Cyanide anion;0.0031796502384737677
98;96 2-Propynal;0.0031796502384737677
99;97 Ethynyl;0.0031796502384737677
100;98 Phosphorous nitride;0.0031796502384737677
101;99 Magnesium hydride isocyanide;0.0031796502384737677
102;100 Potassium chloride;0.0031796502384737677
103;101 Silicon tetracarbide;0.0031796502384737677
104;102 Ethyl Cyanide;0.0031796502384737677
105;103 Cyanamide;0.0031796502384737677
106;104 Amidogen;0.0031796502384737677
107;105 Hydroxymethylidyne;0.0031796502384737677
108;106 Formyl Radical;0.0031796502384737677
109;107 Vinyl Alcohol;0.0031796502384737677
110;109 Cyanoethynylide ion;0.0031796502384737677
111;110 Oxoethenylidene;0.0031796502384737677
112;111 2-Butynenitrile;0.0031796502384737677
113;112 Cyanoethynyl;0.0031796502384737677
114;113 Hydroxymethylium ion;0.0031796502384737677
115;114 Thioformaldehyde;0.0031796502384737677
116;115 Isothiocyanic acid;0.0031796502384737677
117;116 Cyanic acid;0.0031796502384737677
