1;19 Hydrogen Cyanide;0.14655172413793102
2;9 Carbon Monoxide;0.0603448275862069
3;12 Carbonyl Sulfide;0.0603448275862069
4;0 Methanol;0.04310344827586207
5;1 Hydrogen fluoride;0.04310344827586207
6;2 Nitric oxide;0.04310344827586207
7;3 Formylium;0.04310344827586207
8;4 Sodium Chloride;0.04310344827586207
9;5 Sulfur dioxide;0.04310344827586207
10;6 para-Oxidaniumyl;0.04310344827586207
11;7 Sulfur Monoxide;0.04310344827586207
12;8 Butatrienylidene;0.04310344827586207
13;10 Nitrous Oxide;0.04310344827586207
14;11 Cyanoacetylene;0.04310344827586207
15;13 Molecular oxygen;0.04310344827586207
16;14 ortho-Oxidaniumyl;0.04310344827586207
17;15 Water;0.04310344827586207
18;16 Iminomethylium;0.04310344827586207
19;17 Hydrochloric acid;0.04310344827586207
20;18 Acetylene;0.04310344827586207
