1;9 Carbon Monoxide;0.1271186440677966
2;17 Hydrochloric acid;0.07627118644067797
3;11 Cyanoacetylene;0.059322033898305086
4;19 Hydrogen Cyanide;0.059322033898305086
5;0 Methanol;0.0423728813559322
6;1 Hydrogen fluoride;0.0423728813559322
7;2 Nitric oxide;0.0423728813559322
8;3 Formylium;0.0423728813559322
9;4 Sodium Chloride;0.0423728813559322
10;5 Sulfur dioxide;0.0423728813559322
11;6 para-Oxidaniumyl;0.0423728813559322
12;7 Sulfur Monoxide;0.0423728813559322
13;8 Butatrienylidene;0.0423728813559322
14;10 Nitrous Oxide;0.0423728813559322
15;12 Carbonyl Sulfide;0.0423728813559322
16;13 Molecular oxygen;0.0423728813559322
17;14 ortho-Oxidaniumyl;0.0423728813559322
18;15 Water;0.0423728813559322
19;16 Iminomethylium;0.0423728813559322
20;18 Acetylene;0.0423728813559322
