1;19 Hydrogen Cyanide;0.22137404580152673
2;9 Carbon Monoxide;0.05343511450381679
3;0 Methanol;0.03816793893129771
4;1 Hydrogen fluoride;0.03816793893129771
5;2 Nitric oxide;0.03816793893129771
6;3 Formylium;0.03816793893129771
7;4 Sodium Chloride;0.03816793893129771
8;5 Sulfur dioxide;0.03816793893129771
9;6 para-Oxidaniumyl;0.03816793893129771
10;7 Sulfur Monoxide;0.03816793893129771
11;8 Butatrienylidene;0.03816793893129771
12;10 Nitrous Oxide;0.03816793893129771
13;11 Cyanoacetylene;0.03816793893129771
14;12 Carbonyl Sulfide;0.03816793893129771
15;13 Molecular oxygen;0.03816793893129771
16;14 ortho-Oxidaniumyl;0.03816793893129771
17;15 Water;0.03816793893129771
18;16 Iminomethylium;0.03816793893129771
19;17 Hydrochloric acid;0.03816793893129771
20;18 Acetylene;0.03816793893129771
