1;9 Carbon Monoxide;0.21428571428571427
2;7 Sulfur Monoxide;0.05555555555555555
3;10 Nitrous Oxide;0.05555555555555555
4;0 Methanol;0.03968253968253968
5;1 Hydrogen fluoride;0.03968253968253968
6;2 Nitric oxide;0.03968253968253968
7;3 Formylium;0.03968253968253968
8;4 Sodium Chloride;0.03968253968253968
9;5 Sulfur dioxide;0.03968253968253968
10;6 para-Oxidaniumyl;0.03968253968253968
11;8 Butatrienylidene;0.03968253968253968
12;11 Cyanoacetylene;0.03968253968253968
13;12 Carbonyl Sulfide;0.03968253968253968
14;13 Molecular oxygen;0.03968253968253968
15;14 ortho-Oxidaniumyl;0.03968253968253968
16;15 Water;0.03968253968253968
17;16 Iminomethylium;0.03968253968253968
18;17 Hydrochloric acid;0.03968253968253968
19;18 Acetylene;0.03968253968253968
20;19 Hydrogen Cyanide;0.03968253968253968
