1;3 Formylium;0.3782051282051282
2;4 Sodium Chloride;0.04487179487179487
3;0 Methanol;0.03205128205128205
4;1 Hydrogen fluoride;0.03205128205128205
5;2 Nitric oxide;0.03205128205128205
6;5 Sulfur dioxide;0.03205128205128205
7;6 para-Oxidaniumyl;0.03205128205128205
8;7 Sulfur Monoxide;0.03205128205128205
9;8 Butatrienylidene;0.03205128205128205
10;9 Carbon Monoxide;0.03205128205128205
11;10 Nitrous Oxide;0.03205128205128205
12;11 Cyanoacetylene;0.03205128205128205
13;12 Carbonyl Sulfide;0.03205128205128205
14;13 Molecular oxygen;0.03205128205128205
15;14 ortho-Oxidaniumyl;0.03205128205128205
16;15 Water;0.03205128205128205
17;16 Iminomethylium;0.03205128205128205
18;17 Hydrochloric acid;0.03205128205128205
19;18 Acetylene;0.03205128205128205
20;19 Hydrogen Cyanide;0.03205128205128205
