1;29 Cyanobutadiyne;0.05027932960893856
2;18 Trihydrogen ion;0.03165735567970205
3;39 Cyanide Radical;0.03165735567970205
4;0 1,3,5-Hexatriynyl;0.01303538175046555
5;1 Silicon monosulfide;0.01303538175046555
6;2 Vinyl Cyanide;0.01303538175046555
7;3 Hydroxyl;0.01303538175046555
8;4 Methyliumylidene;0.01303538175046555
9;5 Aluminum Isocyanitrile;0.01303538175046555
10;6 Carbon Monosulfide;0.01303538175046555
11;7 Methyl Acetylene;0.01303538175046555
12;8 1,3-Butadiynyl anion;0.01303538175046555
13;9 Butatrienylidene;0.01303538175046555
14;10 2,4-Pentadiynylidyne;0.01303538175046555
15;11 Aluminum Monochloride;0.01303538175046555
16;12 4-Cyano-1,3-Butadiynyl;0.01303538175046555
17;13 Silicon monosulfide;0.01303538175046555
18;14 Water;0.01303538175046555
19;15 Hydrogen sulfide;0.01303538175046555
20;16 1,3-Butadiynyl radical;0.01303538175046555
21;17 Formylium;0.01303538175046555
22;19 Methanimine;0.01303538175046555
23;20 Phosphorus Monoxide;0.01303538175046555
24;21 Methyl Cyanide;0.01303538175046555
25;22 Magnesium Isocyanide;0.01303538175046555
26;23 1,3,5-Hexatriynyl anion;0.01303538175046555
27;24 Phosphaethyne;0.01303538175046555
28;25 1,3,5,7-Octatetraynyl anion;0.01303538175046555
29;26 Silicon Monocarbide;0.01303538175046555
30;27 Cyanomethylene;0.01303538175046555
31;28 3-Thioxo-1,2-Propadieylidene;0.01303538175046555
32;30 Silicon Isocyanide;0.01303538175046555
33;31 Potassium chloride;0.01303538175046555
34;32 3-Oxo-1,2-Propadienylidene;0.01303538175046555
35;33 Silicon Carbide;0.01303538175046555
36;34 3-Cyano-1,2-propadienylidene;0.01303538175046555
37;35 Nitric sulfide;0.01303538175046555
38;36 Sulfur dioxide;0.01303538175046555
39;37 Ethyne Isocyanide;0.01303538175046555
40;38 Cyanoethynylide ion;0.01303538175046555
41;40 Carbon Monoxide Ion;0.01303538175046555
42;41 Cyanobutadiynylide anion;0.01303538175046555
43;42 Aluminum Monofluoride;0.01303538175046555
44;43 Formaldehyde;0.01303538175046555
45;44 Sulfur Monoxide;0.01303538175046555
46;45 Silicon tetracarbide;0.01303538175046555
47;46 Ethynyl;0.01303538175046555
48;47 Sodium Chloride;0.01303538175046555
49;48 Hydrogen Cyanide;0.01303538175046555
50;49 Sodium Cyanide;0.01303538175046555
51;50 3-Imino-1,2 Propadienylidene;0.01303538175046555
52;51 Methylidyne;0.01303538175046555
53;52 Thioxoethenylidene;0.01303538175046555
54;53 Silicon Monoxide;0.01303538175046555
55;54 1,3,5,7-Octatetraynyl;0.01303538175046555
56;55 Silicon Mononitride;0.01303538175046555
57;56 Carbon Monoxide;0.01303538175046555
58;57 Phosphorous nitride;0.01303538175046555
59;58 Carbon Monophosphide;0.01303538175046555
60;59 Thioformaldehyde;0.01303538175046555
61;60 Hexatrienyl;0.01303538175046555
62;61 Hydrogen Isocyanide;0.01303538175046555
63;62 Carbon Monosulfide;0.01303538175046555
64;63 Silicon Cyanide;0.01303538175046555
65;64 2,4,6-Heptatriynylidyne;0.01303538175046555
66;65 Cyclopropenylidene;0.01303538175046555
67;66 Cyanoacetylene;0.01303538175046555
68;67 Magnesium Cyanide;0.01303538175046555
69;68 3-Silanetetrayl-1,2-Propadienyli;0.01303538175046555
70;69 Cyanoethynyl;0.01303538175046555
71;70 Phosphapropynylidyne;0.01303538175046555
