1;22 Thioformaldehyde;0.5925619834710744
2;0 Methylidyne;0.014049586776859503
3;1 Formaldehyde;0.014049586776859503
4;2 Sulfur dioxide;0.014049586776859503
5;3 Carbon Monoxide;0.014049586776859503
6;4 Acetaldehyde;0.014049586776859503
7;5 Water;0.014049586776859503
8;6 Imidogen;0.014049586776859503
9;7 Carbon Monoxide Ion;0.014049586776859503
10;8 Nitric sulfide;0.014049586776859503
11;9 Isocyanic Acid;0.014049586776859503
12;10 Formic Acid;0.014049586776859503
13;11 Amidogen;0.014049586776859503
14;12 Ethylene Glycol;0.014049586776859503
15;13 Methyliumylidene;0.014049586776859503
16;14 Cyanide Radical;0.014049586776859503
17;15 Carbonyl Sulfide;0.014049586776859503
18;16 Hydroxyl;0.014049586776859503
19;17 Nitric oxide;0.014049586776859503
20;18 Methyl Cyanide;0.014049586776859503
21;19 Cyclopropenylidene;0.014049586776859503
22;20 Sulfur Monoxide ion;0.014049586776859503
23;21 Methanol;0.014049586776859503
24;23 Ammonia;0.014049586776859503
25;24 Cyanoacetylene;0.014049586776859503
26;25 Hydrogen Cyanide;0.014049586776859503
27;26 Hydrogen sulfide;0.014049586776859503
28;27 Molecular oxygen;0.014049586776859503
29;28 Hydrogen Isocyanide;0.014049586776859503
30;29 Formylium;0.014049586776859503
