1;3 Carbon Monoxide;0.1984375
2;19 Cyclopropenylidene;0.0421875
3;28 Hydrogen Isocyanide;0.0421875
4;0 Methylidyne;0.0265625
5;1 Formaldehyde;0.0265625
6;2 Sulfur dioxide;0.0265625
7;4 Acetaldehyde;0.0265625
8;5 Water;0.0265625
9;6 Imidogen;0.0265625
10;7 Carbon Monoxide Ion;0.0265625
11;8 Nitric sulfide;0.0265625
12;9 Isocyanic Acid;0.0265625
13;10 Formic Acid;0.0265625
14;11 Amidogen;0.0265625
15;12 Ethylene Glycol;0.0265625
16;13 Methyliumylidene;0.0265625
17;14 Cyanide Radical;0.0265625
18;15 Carbonyl Sulfide;0.0265625
19;16 Hydroxyl;0.0265625
20;17 Nitric oxide;0.0265625
21;18 Methyl Cyanide;0.0265625
22;20 Sulfur Monoxide ion;0.0265625
23;21 Methanol;0.0265625
24;22 Thioformaldehyde;0.0265625
25;23 Ammonia;0.0265625
26;24 Cyanoacetylene;0.0265625
27;25 Hydrogen Cyanide;0.0265625
28;26 Hydrogen sulfide;0.0265625
29;27 Molecular oxygen;0.0265625
30;29 Formylium;0.0265625
