1;7 Carbon Monoxide Ion;0.21746031746031744
2;0 Methylidyne;0.026984126984126982
3;1 Formaldehyde;0.026984126984126982
4;2 Sulfur dioxide;0.026984126984126982
5;3 Carbon Monoxide;0.026984126984126982
6;4 Acetaldehyde;0.026984126984126982
7;5 Water;0.026984126984126982
8;6 Imidogen;0.026984126984126982
9;8 Nitric sulfide;0.026984126984126982
10;9 Isocyanic Acid;0.026984126984126982
11;10 Formic Acid;0.026984126984126982
12;11 Amidogen;0.026984126984126982
13;12 Ethylene Glycol;0.026984126984126982
14;13 Methyliumylidene;0.026984126984126982
15;14 Cyanide Radical;0.026984126984126982
16;15 Carbonyl Sulfide;0.026984126984126982
17;16 Hydroxyl;0.026984126984126982
18;17 Nitric oxide;0.026984126984126982
19;18 Methyl Cyanide;0.026984126984126982
20;19 Cyclopropenylidene;0.026984126984126982
21;20 Sulfur Monoxide ion;0.026984126984126982
22;21 Methanol;0.026984126984126982
23;22 Thioformaldehyde;0.026984126984126982
24;23 Ammonia;0.026984126984126982
25;24 Cyanoacetylene;0.026984126984126982
26;25 Hydrogen Cyanide;0.026984126984126982
27;26 Hydrogen sulfide;0.026984126984126982
28;27 Molecular oxygen;0.026984126984126982
29;28 Hydrogen Isocyanide;0.026984126984126982
30;29 Formylium;0.026984126984126982
