1;26 Silicon Monoxide;0.619482496194825
2;30 Carbon Monosulfide;0.0182648401826484
3;0 Methylidyne;0.0106544901065449
4;1 1,3-Butadiynyl radical;0.0106544901065449
5;2 Formaldehyde;0.0106544901065449
6;3 Sulfur dioxide;0.0106544901065449
7;4 Carbon Monoxide;0.0106544901065449
8;5 Water;0.0106544901065449
9;6 Carbon Monoxide Ion;0.0106544901065449
10;7 Nitric sulfide;0.0106544901065449
11;8 Isocyanic Acid;0.0106544901065449
12;9 Methyliumylidene;0.0106544901065449
13;10 Cyanide Radical;0.0106544901065449
14;11 Ethynyl;0.0106544901065449
15;12 Carbonyl Sulfide;0.0106544901065449
16;13 Hydroxyl;0.0106544901065449
17;14 Diazenylium;0.0106544901065449
18;15 Thioxoethenylidene;0.0106544901065449
19;16 Nitric oxide;0.0106544901065449
20;17 Methyl Cyanide;0.0106544901065449
21;18 Cyclopropenylidene;0.0106544901065449
22;19 Methanimine;0.0106544901065449
23;20 Methanol;0.0106544901065449
24;21 Thioformaldehyde;0.0106544901065449
25;22 Ammonia;0.0106544901065449
26;23 Cyanamide;0.0106544901065449
27;24 Cyanoacetylene;0.0106544901065449
28;25 Sodium Chloride;0.0106544901065449
29;27 Sulfur Monoxide;0.0106544901065449
30;28 Protonated Carbon Dioxide;0.0106544901065449
31;29 Hydrogen Cyanide;0.0106544901065449
32;31 Hydrogen sulfide;0.0106544901065449
33;32 Molecular oxygen;0.0106544901065449
34;33 Hydrogen Isocyanide;0.0106544901065449
35;34 Formylium;0.0106544901065449
36;35 Methyl Acetylene;0.0106544901065449
