HD163296_CO_2_1.image;model_extragalactic_tr_500it;1;9 Methyliumylidene;0.4124700239808153
HD163296_CO_2_1.image;model_extragalactic_tr_500it;2;0 Methylidyne;0.016786570743405272
HD163296_CO_2_1.image;model_extragalactic_tr_500it;3;1 1,3-Butadiynyl radical;0.016786570743405272
HD163296_CO_2_1.image;model_extragalactic_tr_500it;4;2 Formaldehyde;0.016786570743405272
HD163296_CO_2_1.image;model_extragalactic_tr_500it;5;3 Sulfur dioxide;0.016786570743405272
HD163296_CO_2_1.image;model_extragalactic_2_500it;1;33 Hydrogen Isocyanide;0.4124700239808153
HD163296_CO_2_1.image;model_extragalactic_2_500it;2;0 Methylidyne;0.016786570743405272
HD163296_CO_2_1.image;model_extragalactic_2_500it;3;1 1,3-Butadiynyl radical;0.016786570743405272
HD163296_CO_2_1.image;model_extragalactic_2_500it;4;2 Formaldehyde;0.016786570743405272
HD163296_CO_2_1.image;model_extragalactic_2_500it;5;3 Sulfur dioxide;0.016786570743405272
HD163296_CO_2_1.image;model_extragalactic_full_500it;1;9 Methyliumylidene;0.4124700239808153
HD163296_CO_2_1.image;model_extragalactic_full_500it;2;0 Methylidyne;0.016786570743405272
HD163296_CO_2_1.image;model_extragalactic_full_500it;3;1 1,3-Butadiynyl radical;0.016786570743405272
HD163296_CO_2_1.image;model_extragalactic_full_500it;4;2 Formaldehyde;0.016786570743405272
HD163296_CO_2_1.image;model_extragalactic_full_500it;5;3 Sulfur dioxide;0.016786570743405272
HD163296_CO_2_1.image;model_extragalactic_full_expanded_00002_500it;1;29 Hydrogen Cyanide;0.3884892086330935
HD163296_CO_2_1.image;model_extragalactic_full_expanded_00002_500it;2;4 Carbon Monoxide;0.040767386091127095
HD163296_CO_2_1.image;model_extragalactic_full_expanded_00002_500it;3;0 Methylidyne;0.016786570743405272
HD163296_CO_2_1.image;model_extragalactic_full_expanded_00002_500it;4;1 1,3-Butadiynyl radical;0.016786570743405272
HD163296_CO_2_1.image;model_extragalactic_full_expanded_00002_500it;5;2 Formaldehyde;0.016786570743405272
HD163296_CO_2_1.image;model_extragalactic_full_expanded_00010_500it;1;34 Formylium;0.4124700239808153
HD163296_CO_2_1.image;model_extragalactic_full_expanded_00010_500it;2;0 Methylidyne;0.016786570743405272
HD163296_CO_2_1.image;model_extragalactic_full_expanded_00010_500it;3;1 1,3-Butadiynyl radical;0.016786570743405272
HD163296_CO_2_1.image;model_extragalactic_full_expanded_00010_500it;4;2 Formaldehyde;0.016786570743405272
HD163296_CO_2_1.image;model_extragalactic_full_expanded_00010_500it;5;3 Sulfur dioxide;0.016786570743405272
HD163296_CO_2_1.image;model_extragalactic_full_expanded_00200_500it;1;30 Carbon Monosulfide;0.4124700239808153
HD163296_CO_2_1.image;model_extragalactic_full_expanded_00200_500it;2;0 Methylidyne;0.016786570743405272
HD163296_CO_2_1.image;model_extragalactic_full_expanded_00200_500it;3;1 1,3-Butadiynyl radical;0.016786570743405272
HD163296_CO_2_1.image;model_extragalactic_full_expanded_00200_500it;4;2 Formaldehyde;0.016786570743405272
HD163296_CO_2_1.image;model_extragalactic_full_expanded_00200_500it;5;3 Sulfur dioxide;0.016786570743405272
Orion.HNC.cbc.contsub.image;model_extragalactic_tr_500it;1;0 Methylidyne;0.027777777777777776
Orion.HNC.cbc.contsub.image;model_extragalactic_tr_500it;2;1 1,3-Butadiynyl radical;0.027777777777777776
Orion.HNC.cbc.contsub.image;model_extragalactic_tr_500it;3;2 Formaldehyde;0.027777777777777776
Orion.HNC.cbc.contsub.image;model_extragalactic_tr_500it;4;3 Sulfur dioxide;0.027777777777777776
Orion.HNC.cbc.contsub.image;model_extragalactic_tr_500it;5;4 Carbon Monoxide;0.027777777777777776
Orion.HNC.cbc.contsub.image;model_extragalactic_2_500it;1;0 Methylidyne;0.027777777777777776
Orion.HNC.cbc.contsub.image;model_extragalactic_2_500it;2;1 1,3-Butadiynyl radical;0.027777777777777776
Orion.HNC.cbc.contsub.image;model_extragalactic_2_500it;3;2 Formaldehyde;0.027777777777777776
Orion.HNC.cbc.contsub.image;model_extragalactic_2_500it;4;3 Sulfur dioxide;0.027777777777777776
Orion.HNC.cbc.contsub.image;model_extragalactic_2_500it;5;4 Carbon Monoxide;0.027777777777777776
Orion.HNC.cbc.contsub.image;model_extragalactic_full_500it;1;0 Methylidyne;0.027777777777777776
Orion.HNC.cbc.contsub.image;model_extragalactic_full_500it;2;1 1,3-Butadiynyl radical;0.027777777777777776
Orion.HNC.cbc.contsub.image;model_extragalactic_full_500it;3;2 Formaldehyde;0.027777777777777776
Orion.HNC.cbc.contsub.image;model_extragalactic_full_500it;4;3 Sulfur dioxide;0.027777777777777776
Orion.HNC.cbc.contsub.image;model_extragalactic_full_500it;5;4 Carbon Monoxide;0.027777777777777776
Orion.HNC.cbc.contsub.image;model_extragalactic_full_expanded_00002_500it;1;0 Methylidyne;0.027777777777777776
Orion.HNC.cbc.contsub.image;model_extragalactic_full_expanded_00002_500it;2;1 1,3-Butadiynyl radical;0.027777777777777776
Orion.HNC.cbc.contsub.image;model_extragalactic_full_expanded_00002_500it;3;2 Formaldehyde;0.027777777777777776
Orion.HNC.cbc.contsub.image;model_extragalactic_full_expanded_00002_500it;4;3 Sulfur dioxide;0.027777777777777776
Orion.HNC.cbc.contsub.image;model_extragalactic_full_expanded_00002_500it;5;4 Carbon Monoxide;0.027777777777777776
Orion.HNC.cbc.contsub.image;model_extragalactic_full_expanded_00010_500it;1;0 Methylidyne;0.027777777777777776
Orion.HNC.cbc.contsub.image;model_extragalactic_full_expanded_00010_500it;2;1 1,3-Butadiynyl radical;0.027777777777777776
Orion.HNC.cbc.contsub.image;model_extragalactic_full_expanded_00010_500it;3;2 Formaldehyde;0.027777777777777776
Orion.HNC.cbc.contsub.image;model_extragalactic_full_expanded_00010_500it;4;3 Sulfur dioxide;0.027777777777777776
Orion.HNC.cbc.contsub.image;model_extragalactic_full_expanded_00010_500it;5;4 Carbon Monoxide;0.027777777777777776
Orion.HNC.cbc.contsub.image;model_extragalactic_full_expanded_00200_500it;1;0 Methylidyne;0.027777777777777776
Orion.HNC.cbc.contsub.image;model_extragalactic_full_expanded_00200_500it;2;1 1,3-Butadiynyl radical;0.027777777777777776
Orion.HNC.cbc.contsub.image;model_extragalactic_full_expanded_00200_500it;3;2 Formaldehyde;0.027777777777777776
Orion.HNC.cbc.contsub.image;model_extragalactic_full_expanded_00200_500it;4;3 Sulfur dioxide;0.027777777777777776
Orion.HNC.cbc.contsub.image;model_extragalactic_full_expanded_00200_500it;5;4 Carbon Monoxide;0.027777777777777776
uid___A002_Xa916fc_X668__IRS43_HCO32.final.image.pbcor;model_extragalactic_tr_500it;1;12 Carbonyl Sulfide;0.40533980582524265
uid___A002_Xa916fc_X668__IRS43_HCO32.final.image.pbcor;model_extragalactic_tr_500it;2;0 Methylidyne;0.01699029126213592
uid___A002_Xa916fc_X668__IRS43_HCO32.final.image.pbcor;model_extragalactic_tr_500it;3;1 1,3-Butadiynyl radical;0.01699029126213592
uid___A002_Xa916fc_X668__IRS43_HCO32.final.image.pbcor;model_extragalactic_tr_500it;4;2 Formaldehyde;0.01699029126213592
uid___A002_Xa916fc_X668__IRS43_HCO32.final.image.pbcor;model_extragalactic_tr_500it;5;3 Sulfur dioxide;0.01699029126213592
uid___A002_Xa916fc_X668__IRS43_HCO32.final.image.pbcor;model_extragalactic_2_500it;1;26 Silicon Monoxide;0.308252427184466
uid___A002_Xa916fc_X668__IRS43_HCO32.final.image.pbcor;model_extragalactic_2_500it;2;9 Methyliumylidene;0.11407766990291261
uid___A002_Xa916fc_X668__IRS43_HCO32.final.image.pbcor;model_extragalactic_2_500it;3;0 Methylidyne;0.01699029126213592
uid___A002_Xa916fc_X668__IRS43_HCO32.final.image.pbcor;model_extragalactic_2_500it;4;1 1,3-Butadiynyl radical;0.01699029126213592
uid___A002_Xa916fc_X668__IRS43_HCO32.final.image.pbcor;model_extragalactic_2_500it;5;2 Formaldehyde;0.01699029126213592
uid___A002_Xa916fc_X668__IRS43_HCO32.final.image.pbcor;model_extragalactic_full_500it;1;9 Methyliumylidene;0.308252427184466
uid___A002_Xa916fc_X668__IRS43_HCO32.final.image.pbcor;model_extragalactic_full_500it;2;15 Thioxoethenylidene;0.11407766990291261
uid___A002_Xa916fc_X668__IRS43_HCO32.final.image.pbcor;model_extragalactic_full_500it;3;0 Methylidyne;0.01699029126213592
uid___A002_Xa916fc_X668__IRS43_HCO32.final.image.pbcor;model_extragalactic_full_500it;4;1 1,3-Butadiynyl radical;0.01699029126213592
uid___A002_Xa916fc_X668__IRS43_HCO32.final.image.pbcor;model_extragalactic_full_500it;5;2 Formaldehyde;0.01699029126213592
uid___A002_Xa916fc_X668__IRS43_HCO32.final.image.pbcor;model_extragalactic_full_expanded_00002_500it;1;34 Formylium;0.40533980582524265
uid___A002_Xa916fc_X668__IRS43_HCO32.final.image.pbcor;model_extragalactic_full_expanded_00002_500it;2;0 Methylidyne;0.01699029126213592
uid___A002_Xa916fc_X668__IRS43_HCO32.final.image.pbcor;model_extragalactic_full_expanded_00002_500it;3;1 1,3-Butadiynyl radical;0.01699029126213592
uid___A002_Xa916fc_X668__IRS43_HCO32.final.image.pbcor;model_extragalactic_full_expanded_00002_500it;4;2 Formaldehyde;0.01699029126213592
uid___A002_Xa916fc_X668__IRS43_HCO32.final.image.pbcor;model_extragalactic_full_expanded_00002_500it;5;3 Sulfur dioxide;0.01699029126213592
uid___A002_Xa916fc_X668__IRS43_HCO32.final.image.pbcor;model_extragalactic_full_expanded_00010_500it;1;34 Formylium;0.40533980582524265
uid___A002_Xa916fc_X668__IRS43_HCO32.final.image.pbcor;model_extragalactic_full_expanded_00010_500it;2;0 Methylidyne;0.01699029126213592
uid___A002_Xa916fc_X668__IRS43_HCO32.final.image.pbcor;model_extragalactic_full_expanded_00010_500it;3;1 1,3-Butadiynyl radical;0.01699029126213592
uid___A002_Xa916fc_X668__IRS43_HCO32.final.image.pbcor;model_extragalactic_full_expanded_00010_500it;4;2 Formaldehyde;0.01699029126213592
uid___A002_Xa916fc_X668__IRS43_HCO32.final.image.pbcor;model_extragalactic_full_expanded_00010_500it;5;3 Sulfur dioxide;0.01699029126213592
uid___A002_Xa916fc_X668__IRS43_HCO32.final.image.pbcor;model_extragalactic_full_expanded_00200_500it;1;34 Formylium;0.39320388349514557
uid___A002_Xa916fc_X668__IRS43_HCO32.final.image.pbcor;model_extragalactic_full_expanded_00200_500it;2;11 Ethynyl;0.029126213592233007
uid___A002_Xa916fc_X668__IRS43_HCO32.final.image.pbcor;model_extragalactic_full_expanded_00200_500it;3;0 Methylidyne;0.01699029126213592
uid___A002_Xa916fc_X668__IRS43_HCO32.final.image.pbcor;model_extragalactic_full_expanded_00200_500it;4;1 1,3-Butadiynyl radical;0.01699029126213592
uid___A002_Xa916fc_X668__IRS43_HCO32.final.image.pbcor;model_extragalactic_full_expanded_00200_500it;5;2 Formaldehyde;0.01699029126213592
TWHydra_CO3_2line.image;model_extragalactic_tr_500it;1;29 Hydrogen Cyanide;0.28977272727272724
TWHydra_CO3_2line.image;model_extragalactic_tr_500it;2;24 Cyanoacetylene;0.03409090909090909
TWHydra_CO3_2line.image;model_extragalactic_tr_500it;3;0 Methylidyne;0.019886363636363633
TWHydra_CO3_2line.image;model_extragalactic_tr_500it;4;1 1,3-Butadiynyl radical;0.019886363636363633
TWHydra_CO3_2line.image;model_extragalactic_tr_500it;5;2 Formaldehyde;0.019886363636363633
TWHydra_CO3_2line.image;model_extragalactic_2_500it;1;9 Methyliumylidene;0.3039772727272727
TWHydra_CO3_2line.image;model_extragalactic_2_500it;2;0 Methylidyne;0.019886363636363633
TWHydra_CO3_2line.image;model_extragalactic_2_500it;3;1 1,3-Butadiynyl radical;0.019886363636363633
TWHydra_CO3_2line.image;model_extragalactic_2_500it;4;2 Formaldehyde;0.019886363636363633
TWHydra_CO3_2line.image;model_extragalactic_2_500it;5;3 Sulfur dioxide;0.019886363636363633
TWHydra_CO3_2line.image;model_extragalactic_full_500it;1;9 Methyliumylidene;0.3039772727272727
TWHydra_CO3_2line.image;model_extragalactic_full_500it;2;0 Methylidyne;0.019886363636363633
TWHydra_CO3_2line.image;model_extragalactic_full_500it;3;1 1,3-Butadiynyl radical;0.019886363636363633
TWHydra_CO3_2line.image;model_extragalactic_full_500it;4;2 Formaldehyde;0.019886363636363633
TWHydra_CO3_2line.image;model_extragalactic_full_500it;5;3 Sulfur dioxide;0.019886363636363633
TWHydra_CO3_2line.image;model_extragalactic_full_expanded_00002_500it;1;4 Carbon Monoxide;0.28977272727272724
TWHydra_CO3_2line.image;model_extragalactic_full_expanded_00002_500it;2;26 Silicon Monoxide;0.03409090909090909
TWHydra_CO3_2line.image;model_extragalactic_full_expanded_00002_500it;3;0 Methylidyne;0.019886363636363633
TWHydra_CO3_2line.image;model_extragalactic_full_expanded_00002_500it;4;1 1,3-Butadiynyl radical;0.019886363636363633
TWHydra_CO3_2line.image;model_extragalactic_full_expanded_00002_500it;5;2 Formaldehyde;0.019886363636363633
TWHydra_CO3_2line.image;model_extragalactic_full_expanded_00010_500it;1;4 Carbon Monoxide;0.28977272727272724
TWHydra_CO3_2line.image;model_extragalactic_full_expanded_00010_500it;2;34 Formylium;0.03409090909090909
TWHydra_CO3_2line.image;model_extragalactic_full_expanded_00010_500it;3;0 Methylidyne;0.019886363636363633
TWHydra_CO3_2line.image;model_extragalactic_full_expanded_00010_500it;4;1 1,3-Butadiynyl radical;0.019886363636363633
TWHydra_CO3_2line.image;model_extragalactic_full_expanded_00010_500it;5;2 Formaldehyde;0.019886363636363633
TWHydra_CO3_2line.image;model_extragalactic_full_expanded_00200_500it;1;4 Carbon Monoxide;0.3039772727272727
TWHydra_CO3_2line.image;model_extragalactic_full_expanded_00200_500it;2;0 Methylidyne;0.019886363636363633
TWHydra_CO3_2line.image;model_extragalactic_full_expanded_00200_500it;3;1 1,3-Butadiynyl radical;0.019886363636363633
TWHydra_CO3_2line.image;model_extragalactic_full_expanded_00200_500it;4;2 Formaldehyde;0.019886363636363633
TWHydra_CO3_2line.image;model_extragalactic_full_expanded_00200_500it;5;3 Sulfur dioxide;0.019886363636363633
Orion.methanol.cbc.contsub.image;model_extragalactic_tr_500it;1;0 Methylidyne;0.027777777777777776
Orion.methanol.cbc.contsub.image;model_extragalactic_tr_500it;2;1 1,3-Butadiynyl radical;0.027777777777777776
Orion.methanol.cbc.contsub.image;model_extragalactic_tr_500it;3;2 Formaldehyde;0.027777777777777776
Orion.methanol.cbc.contsub.image;model_extragalactic_tr_500it;4;3 Sulfur dioxide;0.027777777777777776
Orion.methanol.cbc.contsub.image;model_extragalactic_tr_500it;5;4 Carbon Monoxide;0.027777777777777776
Orion.methanol.cbc.contsub.image;model_extragalactic_2_500it;1;0 Methylidyne;0.027777777777777776
Orion.methanol.cbc.contsub.image;model_extragalactic_2_500it;2;1 1,3-Butadiynyl radical;0.027777777777777776
Orion.methanol.cbc.contsub.image;model_extragalactic_2_500it;3;2 Formaldehyde;0.027777777777777776
Orion.methanol.cbc.contsub.image;model_extragalactic_2_500it;4;3 Sulfur dioxide;0.027777777777777776
Orion.methanol.cbc.contsub.image;model_extragalactic_2_500it;5;4 Carbon Monoxide;0.027777777777777776
Orion.methanol.cbc.contsub.image;model_extragalactic_full_500it;1;0 Methylidyne;0.027777777777777776
Orion.methanol.cbc.contsub.image;model_extragalactic_full_500it;2;1 1,3-Butadiynyl radical;0.027777777777777776
Orion.methanol.cbc.contsub.image;model_extragalactic_full_500it;3;2 Formaldehyde;0.027777777777777776
Orion.methanol.cbc.contsub.image;model_extragalactic_full_500it;4;3 Sulfur dioxide;0.027777777777777776
Orion.methanol.cbc.contsub.image;model_extragalactic_full_500it;5;4 Carbon Monoxide;0.027777777777777776
Orion.methanol.cbc.contsub.image;model_extragalactic_full_expanded_00002_500it;1;0 Methylidyne;0.027777777777777776
Orion.methanol.cbc.contsub.image;model_extragalactic_full_expanded_00002_500it;2;1 1,3-Butadiynyl radical;0.027777777777777776
Orion.methanol.cbc.contsub.image;model_extragalactic_full_expanded_00002_500it;3;2 Formaldehyde;0.027777777777777776
Orion.methanol.cbc.contsub.image;model_extragalactic_full_expanded_00002_500it;4;3 Sulfur dioxide;0.027777777777777776
Orion.methanol.cbc.contsub.image;model_extragalactic_full_expanded_00002_500it;5;4 Carbon Monoxide;0.027777777777777776
Orion.methanol.cbc.contsub.image;model_extragalactic_full_expanded_00010_500it;1;0 Methylidyne;0.027777777777777776
Orion.methanol.cbc.contsub.image;model_extragalactic_full_expanded_00010_500it;2;1 1,3-Butadiynyl radical;0.027777777777777776
Orion.methanol.cbc.contsub.image;model_extragalactic_full_expanded_00010_500it;3;2 Formaldehyde;0.027777777777777776
Orion.methanol.cbc.contsub.image;model_extragalactic_full_expanded_00010_500it;4;3 Sulfur dioxide;0.027777777777777776
Orion.methanol.cbc.contsub.image;model_extragalactic_full_expanded_00010_500it;5;4 Carbon Monoxide;0.027777777777777776
Orion.methanol.cbc.contsub.image;model_extragalactic_full_expanded_00200_500it;1;0 Methylidyne;0.027777777777777776
Orion.methanol.cbc.contsub.image;model_extragalactic_full_expanded_00200_500it;2;1 1,3-Butadiynyl radical;0.027777777777777776
Orion.methanol.cbc.contsub.image;model_extragalactic_full_expanded_00200_500it;3;2 Formaldehyde;0.027777777777777776
Orion.methanol.cbc.contsub.image;model_extragalactic_full_expanded_00200_500it;4;3 Sulfur dioxide;0.027777777777777776
Orion.methanol.cbc.contsub.image;model_extragalactic_full_expanded_00200_500it;5;4 Carbon Monoxide;0.027777777777777776
TWHydra_HCOplusline.image;model_extragalactic_tr_500it;1;6 Carbon Monoxide Ion;0.23547400611620795
TWHydra_HCOplusline.image;model_extragalactic_tr_500it;2;33 Hydrogen Isocyanide;0.03669724770642201
TWHydra_HCOplusline.image;model_extragalactic_tr_500it;3;0 Methylidyne;0.021406727828746173
TWHydra_HCOplusline.image;model_extragalactic_tr_500it;4;1 1,3-Butadiynyl radical;0.021406727828746173
TWHydra_HCOplusline.image;model_extragalactic_tr_500it;5;2 Formaldehyde;0.021406727828746173
TWHydra_HCOplusline.image;model_extragalactic_2_500it;1;9 Methyliumylidene;0.25076452599388377
TWHydra_HCOplusline.image;model_extragalactic_2_500it;2;0 Methylidyne;0.021406727828746173
TWHydra_HCOplusline.image;model_extragalactic_2_500it;3;1 1,3-Butadiynyl radical;0.021406727828746173
TWHydra_HCOplusline.image;model_extragalactic_2_500it;4;2 Formaldehyde;0.021406727828746173
TWHydra_HCOplusline.image;model_extragalactic_2_500it;5;3 Sulfur dioxide;0.021406727828746173
TWHydra_HCOplusline.image;model_extragalactic_full_500it;1;34 Formylium;0.25076452599388377
TWHydra_HCOplusline.image;model_extragalactic_full_500it;2;0 Methylidyne;0.021406727828746173
TWHydra_HCOplusline.image;model_extragalactic_full_500it;3;1 1,3-Butadiynyl radical;0.021406727828746173
TWHydra_HCOplusline.image;model_extragalactic_full_500it;4;2 Formaldehyde;0.021406727828746173
TWHydra_HCOplusline.image;model_extragalactic_full_500it;5;3 Sulfur dioxide;0.021406727828746173
TWHydra_HCOplusline.image;model_extragalactic_full_expanded_00002_500it;1;34 Formylium;0.25076452599388377
TWHydra_HCOplusline.image;model_extragalactic_full_expanded_00002_500it;2;0 Methylidyne;0.021406727828746173
TWHydra_HCOplusline.image;model_extragalactic_full_expanded_00002_500it;3;1 1,3-Butadiynyl radical;0.021406727828746173
TWHydra_HCOplusline.image;model_extragalactic_full_expanded_00002_500it;4;2 Formaldehyde;0.021406727828746173
TWHydra_HCOplusline.image;model_extragalactic_full_expanded_00002_500it;5;3 Sulfur dioxide;0.021406727828746173
TWHydra_HCOplusline.image;model_extragalactic_full_expanded_00010_500it;1;34 Formylium;0.25076452599388377
TWHydra_HCOplusline.image;model_extragalactic_full_expanded_00010_500it;2;0 Methylidyne;0.021406727828746173
TWHydra_HCOplusline.image;model_extragalactic_full_expanded_00010_500it;3;1 1,3-Butadiynyl radical;0.021406727828746173
TWHydra_HCOplusline.image;model_extragalactic_full_expanded_00010_500it;4;2 Formaldehyde;0.021406727828746173
TWHydra_HCOplusline.image;model_extragalactic_full_expanded_00010_500it;5;3 Sulfur dioxide;0.021406727828746173
TWHydra_HCOplusline.image;model_extragalactic_full_expanded_00200_500it;1;34 Formylium;0.23547400611620795
TWHydra_HCOplusline.image;model_extragalactic_full_expanded_00200_500it;2;25 Sodium Chloride;0.03669724770642201
TWHydra_HCOplusline.image;model_extragalactic_full_expanded_00200_500it;3;0 Methylidyne;0.021406727828746173
TWHydra_HCOplusline.image;model_extragalactic_full_expanded_00200_500it;4;1 1,3-Butadiynyl radical;0.021406727828746173
TWHydra_HCOplusline.image;model_extragalactic_full_expanded_00200_500it;5;2 Formaldehyde;0.021406727828746173
DMTau.CS_5-4.image;model_extragalactic_tr_500it;1;6 Carbon Monoxide Ion;0.6270928462709284
DMTau.CS_5-4.image;model_extragalactic_tr_500it;2;0 Methylidyne;0.0106544901065449
DMTau.CS_5-4.image;model_extragalactic_tr_500it;3;1 1,3-Butadiynyl radical;0.0106544901065449
DMTau.CS_5-4.image;model_extragalactic_tr_500it;4;2 Formaldehyde;0.0106544901065449
DMTau.CS_5-4.image;model_extragalactic_tr_500it;5;3 Sulfur dioxide;0.0106544901065449
DMTau.CS_5-4.image;model_extragalactic_2_500it;1;26 Silicon Monoxide;0.619482496194825
DMTau.CS_5-4.image;model_extragalactic_2_500it;2;30 Carbon Monosulfide;0.0182648401826484
DMTau.CS_5-4.image;model_extragalactic_2_500it;3;0 Methylidyne;0.0106544901065449
DMTau.CS_5-4.image;model_extragalactic_2_500it;4;1 1,3-Butadiynyl radical;0.0106544901065449
DMTau.CS_5-4.image;model_extragalactic_2_500it;5;2 Formaldehyde;0.0106544901065449
DMTau.CS_5-4.image;model_extragalactic_full_500it;1;9 Methyliumylidene;0.6270928462709284
DMTau.CS_5-4.image;model_extragalactic_full_500it;2;0 Methylidyne;0.0106544901065449
DMTau.CS_5-4.image;model_extragalactic_full_500it;3;1 1,3-Butadiynyl radical;0.0106544901065449
DMTau.CS_5-4.image;model_extragalactic_full_500it;4;2 Formaldehyde;0.0106544901065449
DMTau.CS_5-4.image;model_extragalactic_full_500it;5;3 Sulfur dioxide;0.0106544901065449
DMTau.CS_5-4.image;model_extragalactic_full_expanded_00002_500it;1;30 Carbon Monosulfide;0.6270928462709284
DMTau.CS_5-4.image;model_extragalactic_full_expanded_00002_500it;2;0 Methylidyne;0.0106544901065449
DMTau.CS_5-4.image;model_extragalactic_full_expanded_00002_500it;3;1 1,3-Butadiynyl radical;0.0106544901065449
DMTau.CS_5-4.image;model_extragalactic_full_expanded_00002_500it;4;2 Formaldehyde;0.0106544901065449
DMTau.CS_5-4.image;model_extragalactic_full_expanded_00002_500it;5;3 Sulfur dioxide;0.0106544901065449
DMTau.CS_5-4.image;model_extragalactic_full_expanded_00010_500it;1;25 Sodium Chloride;0.6270928462709284
DMTau.CS_5-4.image;model_extragalactic_full_expanded_00010_500it;2;0 Methylidyne;0.0106544901065449
DMTau.CS_5-4.image;model_extragalactic_full_expanded_00010_500it;3;1 1,3-Butadiynyl radical;0.0106544901065449
DMTau.CS_5-4.image;model_extragalactic_full_expanded_00010_500it;4;2 Formaldehyde;0.0106544901065449
DMTau.CS_5-4.image;model_extragalactic_full_expanded_00010_500it;5;3 Sulfur dioxide;0.0106544901065449
DMTau.CS_5-4.image;model_extragalactic_full_expanded_00200_500it;1;30 Carbon Monosulfide;0.6270928462709284
DMTau.CS_5-4.image;model_extragalactic_full_expanded_00200_500it;2;0 Methylidyne;0.0106544901065449
DMTau.CS_5-4.image;model_extragalactic_full_expanded_00200_500it;3;1 1,3-Butadiynyl radical;0.0106544901065449
DMTau.CS_5-4.image;model_extragalactic_full_expanded_00200_500it;4;2 Formaldehyde;0.0106544901065449
DMTau.CS_5-4.image;model_extragalactic_full_expanded_00200_500it;5;3 Sulfur dioxide;0.0106544901065449
