1;8 Methyliumylidene;0.6678030303030303
2;4 Thioformylium;0.0787878787878788
3;25 Fulminic acid;0.04659090909090909
4;57 Protonate 2-proynenitrile;0.04280303030303031
5;61 Fluoromethyliumylidene;0.03143939393939394
6;76 Carbon Monosulfide;0.02765151515151515
7;28 Nitrous Oxide;0.008712121212121211
8;0 Isocyanic Acid;0.0030303030303030303
9;34 Methanol;0.0030303030303030303
10;37 Methyl Cyanide;0.0030303030303030303
11;83 ortho-Oxidaniumyl;0.0030303030303030303
12;1 Propenal;0.0011363636363636363
13;2 Ketene;0.0011363636363636363
14;3 Oxonium hydride;0.0011363636363636363
15;5 Vinyl Cyanide;0.0011363636363636363
16;6 Methyl Formate;0.0011363636363636363
17;7 Hydroxyl;0.0011363636363636363
18;9 Iminomethylium;0.0011363636363636363
19;10 Hydroxymethylium ion;0.0011363636363636363
20;11 2-Propynal;0.0011363636363636363
21;12 Carbon Monosulfide;0.0011363636363636363
22;13 Cyanomethyl;0.0011363636363636363
23;14 Methyl Acetylene;0.0011363636363636363
24;15 2-Butynenitrile;0.0011363636363636363
25;16 Methyl formate vt01;0.0011363636363636363
26;17 Ethyl Cyanide;0.0011363636363636363
27;18 gauche-Ethanol;0.0011363636363636363
28;19 Glycolaldehyde;0.0011363636363636363
29;20 Water;0.0011363636363636363
30;21 Hydrogen sulfide;0.0011363636363636363
31;22 Sulfur Monoxide ion;0.0011363636363636363
32;23 1,3-Butadiynyl radical;0.0011363636363636363
33;24 Formylium;0.0011363636363636363
34;26 Trihydrogen ion;0.0011363636363636363
35;27 Methanimine;0.0011363636363636363
36;29 Propadienylidene;0.0011363636363636363
37;30 Ethylene Oxide;0.0011363636363636363
38;31 Ketenimine;0.0011363636363636363
39;32 2,4,6-Heptatriynenitrile;0.0011363636363636363
40;33 Aminoacetonitrile;0.0011363636363636363
41;35 Ammonia;0.0011363636363636363
42;36 Formyl Radical;0.0011363636363636363
43;38 Molecular oxygen;0.0011363636363636363
44;39 Cyclopropenone;0.0011363636363636363
45;40 Carbonyl Sulfide;0.0011363636363636363
46;41 Acetaldehyde;0.0011363636363636363
47;42 Cyanomethylene;0.0011363636363636363
48;43 3-Thioxo-1,2-Propadieylidene;0.0011363636363636363
49;44 Formamide;0.0011363636363636363
50;45 Cyanobutadiyne;0.0011363636363636363
51;46 Sulfur Dioxide;0.0011363636363636363
52;47 Methyl isocyanide;0.0011363636363636363
53;48 Nitric sulfide;0.0011363636363636363
54;49 Methylene;0.0011363636363636363
55;50 Hydrochloric acid;0.0011363636363636363
56;51 Ethyne Isocyanide;0.0011363636363636363
57;52 Cyanide Radical;0.0011363636363636363
58;53 Nitric oxide;0.0011363636363636363
59;54 Cyanic acid;0.0011363636363636363
60;55 Formaldehyde;0.0011363636363636363
61;56 Sulfur Monoxide;0.0011363636363636363
62;58 Ethynyl;0.0011363636363636363
63;59 Ethylene Glycol;0.0011363636363636363
64;60 Hydrogen Cyanide;0.0011363636363636363
65;62 Methylidyne;0.0011363636363636363
66;63 Thioxoethenylidene;0.0011363636363636363
67;64 Cyanomethanimine;0.0011363636363636363
68;65 Silicon Monoxide;0.0011363636363636363
69;66 Dimethyl ether;0.0011363636363636363
70;67 Acetone;0.0011363636363636363
71;68 Carbon Monoxide;0.0011363636363636363
72;69 Phosphorous nitride;0.0011363636363636363
73;70 Thioformaldehyde;0.0011363636363636363
74;71 Diazenylium;0.0011363636363636363
75;72 Cyanoformaldehyde;0.0011363636363636363
76;73 Isothiocyanic acid;0.0011363636363636363
77;74 Vinyl Alcohol;0.0011363636363636363
78;75 Hydrogen Isocyanide;0.0011363636363636363
79;77 Methylamine;0.0011363636363636363
80;78 Protonated Carbon Dioxide;0.0011363636363636363
81;79 Formic Acid;0.0011363636363636363
82;80 Cyclopropenylidene;0.0011363636363636363
83;81 Cyanoacetylene;0.0011363636363636363
84;82 para-Oxidaniumyl;0.0011363636363636363
85;84 Nitrosyl hydride;0.0011363636363636363
