1;61 Fluoromethyliumylidene;0.9063197026022305
2;0 Isocyanic Acid;0.0011152416356877324
3;1 Propenal;0.0011152416356877324
4;2 Ketene;0.0011152416356877324
5;3 Oxonium hydride;0.0011152416356877324
6;4 Thioformylium;0.0011152416356877324
7;5 Vinyl Cyanide;0.0011152416356877324
8;6 Methyl Formate;0.0011152416356877324
9;7 Hydroxyl;0.0011152416356877324
10;8 Methyliumylidene;0.0011152416356877324
11;9 Iminomethylium;0.0011152416356877324
12;10 Hydroxymethylium ion;0.0011152416356877324
13;11 2-Propynal;0.0011152416356877324
14;12 Carbon Monosulfide;0.0011152416356877324
15;13 Cyanomethyl;0.0011152416356877324
16;14 Methyl Acetylene;0.0011152416356877324
17;15 2-Butynenitrile;0.0011152416356877324
18;16 Methyl formate vt01;0.0011152416356877324
19;17 Ethyl Cyanide;0.0011152416356877324
20;18 gauche-Ethanol;0.0011152416356877324
21;19 Glycolaldehyde;0.0011152416356877324
22;20 Water;0.0011152416356877324
23;21 Hydrogen sulfide;0.0011152416356877324
24;22 Sulfur Monoxide ion;0.0011152416356877324
25;23 1,3-Butadiynyl radical;0.0011152416356877324
26;24 Formylium;0.0011152416356877324
27;25 Fulminic acid;0.0011152416356877324
28;26 Trihydrogen ion;0.0011152416356877324
29;27 Methanimine;0.0011152416356877324
30;28 Nitrous Oxide;0.0011152416356877324
31;29 Propadienylidene;0.0011152416356877324
32;30 Ethylene Oxide;0.0011152416356877324
33;31 Ketenimine;0.0011152416356877324
34;32 2,4,6-Heptatriynenitrile;0.0011152416356877324
35;33 Aminoacetonitrile;0.0011152416356877324
36;34 Methanol;0.0011152416356877324
37;35 Ammonia;0.0011152416356877324
38;36 Formyl Radical;0.0011152416356877324
39;37 Methyl Cyanide;0.0011152416356877324
40;38 Molecular oxygen;0.0011152416356877324
41;39 Cyclopropenone;0.0011152416356877324
42;40 Carbonyl Sulfide;0.0011152416356877324
43;41 Acetaldehyde;0.0011152416356877324
44;42 Cyanomethylene;0.0011152416356877324
45;43 3-Thioxo-1,2-Propadieylidene;0.0011152416356877324
46;44 Formamide;0.0011152416356877324
47;45 Cyanobutadiyne;0.0011152416356877324
48;46 Sulfur Dioxide;0.0011152416356877324
49;47 Methyl isocyanide;0.0011152416356877324
50;48 Nitric sulfide;0.0011152416356877324
51;49 Methylene;0.0011152416356877324
52;50 Hydrochloric acid;0.0011152416356877324
53;51 Ethyne Isocyanide;0.0011152416356877324
54;52 Cyanide Radical;0.0011152416356877324
55;53 Nitric oxide;0.0011152416356877324
56;54 Cyanic acid;0.0011152416356877324
57;55 Formaldehyde;0.0011152416356877324
58;56 Sulfur Monoxide;0.0011152416356877324
59;57 Protonate 2-proynenitrile;0.0011152416356877324
60;58 Ethynyl;0.0011152416356877324
61;59 Ethylene Glycol;0.0011152416356877324
62;60 Hydrogen Cyanide;0.0011152416356877324
63;62 Methylidyne;0.0011152416356877324
64;63 Thioxoethenylidene;0.0011152416356877324
65;64 Cyanomethanimine;0.0011152416356877324
66;65 Silicon Monoxide;0.0011152416356877324
67;66 Dimethyl ether;0.0011152416356877324
68;67 Acetone;0.0011152416356877324
69;68 Carbon Monoxide;0.0011152416356877324
70;69 Phosphorous nitride;0.0011152416356877324
71;70 Thioformaldehyde;0.0011152416356877324
72;71 Diazenylium;0.0011152416356877324
73;72 Cyanoformaldehyde;0.0011152416356877324
74;73 Isothiocyanic acid;0.0011152416356877324
75;74 Vinyl Alcohol;0.0011152416356877324
76;75 Hydrogen Isocyanide;0.0011152416356877324
77;76 Carbon Monosulfide;0.0011152416356877324
78;77 Methylamine;0.0011152416356877324
79;78 Protonated Carbon Dioxide;0.0011152416356877324
80;79 Formic Acid;0.0011152416356877324
81;80 Cyclopropenylidene;0.0011152416356877324
82;81 Cyanoacetylene;0.0011152416356877324
83;82 para-Oxidaniumyl;0.0011152416356877324
84;83 ortho-Oxidaniumyl;0.0011152416356877324
85;84 Nitrosyl hydride;0.0011152416356877324
