1;61 Fluoromethyliumylidene;0.31142857142857144
2;8 Methyliumylidene;0.30122448979591837
3;9 Iminomethylium;0.28285714285714286
4;67 Acetone;0.0032653061224489797
5;79 Formic Acid;0.0032653061224489797
6;0 Isocyanic Acid;0.0012244897959183673
7;1 Propenal;0.0012244897959183673
8;2 Ketene;0.0012244897959183673
9;3 Oxonium hydride;0.0012244897959183673
10;4 Thioformylium;0.0012244897959183673
11;5 Vinyl Cyanide;0.0012244897959183673
12;6 Methyl Formate;0.0012244897959183673
13;7 Hydroxyl;0.0012244897959183673
14;10 Hydroxymethylium ion;0.0012244897959183673
15;11 2-Propynal;0.0012244897959183673
16;12 Carbon Monosulfide;0.0012244897959183673
17;13 Cyanomethyl;0.0012244897959183673
18;14 Methyl Acetylene;0.0012244897959183673
19;15 2-Butynenitrile;0.0012244897959183673
20;16 Methyl formate vt01;0.0012244897959183673
21;17 Ethyl Cyanide;0.0012244897959183673
22;18 gauche-Ethanol;0.0012244897959183673
23;19 Glycolaldehyde;0.0012244897959183673
24;20 Water;0.0012244897959183673
25;21 Hydrogen sulfide;0.0012244897959183673
26;22 Sulfur Monoxide ion;0.0012244897959183673
27;23 1,3-Butadiynyl radical;0.0012244897959183673
28;24 Formylium;0.0012244897959183673
29;25 Fulminic acid;0.0012244897959183673
30;26 Trihydrogen ion;0.0012244897959183673
31;27 Methanimine;0.0012244897959183673
32;28 Nitrous Oxide;0.0012244897959183673
33;29 Propadienylidene;0.0012244897959183673
34;30 Ethylene Oxide;0.0012244897959183673
35;31 Ketenimine;0.0012244897959183673
36;32 2,4,6-Heptatriynenitrile;0.0012244897959183673
37;33 Aminoacetonitrile;0.0012244897959183673
38;34 Methanol;0.0012244897959183673
39;35 Ammonia;0.0012244897959183673
40;36 Formyl Radical;0.0012244897959183673
41;37 Methyl Cyanide;0.0012244897959183673
42;38 Molecular oxygen;0.0012244897959183673
43;39 Cyclopropenone;0.0012244897959183673
44;40 Carbonyl Sulfide;0.0012244897959183673
45;41 Acetaldehyde;0.0012244897959183673
46;42 Cyanomethylene;0.0012244897959183673
47;43 3-Thioxo-1,2-Propadieylidene;0.0012244897959183673
48;44 Formamide;0.0012244897959183673
49;45 Cyanobutadiyne;0.0012244897959183673
50;46 Sulfur Dioxide;0.0012244897959183673
51;47 Methyl isocyanide;0.0012244897959183673
52;48 Nitric sulfide;0.0012244897959183673
53;49 Methylene;0.0012244897959183673
54;50 Hydrochloric acid;0.0012244897959183673
55;51 Ethyne Isocyanide;0.0012244897959183673
56;52 Cyanide Radical;0.0012244897959183673
57;53 Nitric oxide;0.0012244897959183673
58;54 Cyanic acid;0.0012244897959183673
59;55 Formaldehyde;0.0012244897959183673
60;56 Sulfur Monoxide;0.0012244897959183673
61;57 Protonate 2-proynenitrile;0.0012244897959183673
62;58 Ethynyl;0.0012244897959183673
63;59 Ethylene Glycol;0.0012244897959183673
64;60 Hydrogen Cyanide;0.0012244897959183673
65;62 Methylidyne;0.0012244897959183673
66;63 Thioxoethenylidene;0.0012244897959183673
67;64 Cyanomethanimine;0.0012244897959183673
68;65 Silicon Monoxide;0.0012244897959183673
69;66 Dimethyl ether;0.0012244897959183673
70;68 Carbon Monoxide;0.0012244897959183673
71;69 Phosphorous nitride;0.0012244897959183673
72;70 Thioformaldehyde;0.0012244897959183673
73;71 Diazenylium;0.0012244897959183673
74;72 Cyanoformaldehyde;0.0012244897959183673
75;73 Isothiocyanic acid;0.0012244897959183673
76;74 Vinyl Alcohol;0.0012244897959183673
77;75 Hydrogen Isocyanide;0.0012244897959183673
78;76 Carbon Monosulfide;0.0012244897959183673
79;77 Methylamine;0.0012244897959183673
80;78 Protonated Carbon Dioxide;0.0012244897959183673
81;80 Cyclopropenylidene;0.0012244897959183673
82;81 Cyanoacetylene;0.0012244897959183673
83;82 para-Oxidaniumyl;0.0012244897959183673
84;83 ortho-Oxidaniumyl;0.0012244897959183673
85;84 Nitrosyl hydride;0.0012244897959183673
