1;93 Hydroxyl;0.6349302607640994
2;65 Magnesium Isocyanide;0.22559126743480898
3;0 Dimethyl ether;0.001212856276531231
4;1 Butatrienylidene;0.001212856276531231
5;2 Trihydrogen ion;0.001212856276531231
6;3 Nitrous Oxide;0.001212856276531231
7;4 Methyl Acetylene;0.001212856276531231
8;5 Ethylene Glycol;0.001212856276531231
9;6 Methyl Cyanide;0.001212856276531231
10;7 Thioformylium;0.001212856276531231
11;8 para-Oxidaniumyl;0.001212856276531231
12;9 Hydrogen Cyanide;0.001212856276531231
13;10 Titanium monoxide;0.001212856276531231
14;11 Cyanide Radical;0.001212856276531231
15;12 Formic Acid;0.001212856276531231
16;13 Nitric sulfide;0.001212856276531231
17;14 Iminomethylium;0.001212856276531231
18;15 Aluminum monoxide;0.001212856276531231
19;16 Methyl isocyanate;0.001212856276531231
20;17 Nitrosyl hydride;0.001212856276531231
21;18 Propynylidynium;0.001212856276531231
22;19 Magnesium Cyanide;0.001212856276531231
23;20 Diazenylium;0.001212856276531231
24;21 Methylamine;0.001212856276531231
25;22 Chloronium;0.001212856276531231
26;23 Silicon monosulfide;0.001212856276531231
27;24 Phosphorus Monoxide;0.001212856276531231
28;25 Cyclopropenone;0.001212856276531231
29;26 Carbon Monoxide Ion;0.001212856276531231
30;27 Sodium Cyanide;0.001212856276531231
31;28 Nitric oxide;0.001212856276531231
32;29 Silicon Cyanide;0.001212856276531231
33;30 Ethyne Isocyanide;0.001212856276531231
34;31 Sodium Chloride;0.001212856276531231
35;32 Cyanoacetylene;0.001212856276531231
36;33 Sulfur Monoxide;0.001212856276531231
37;34 Aluminum Isocyanitrile;0.001212856276531231
38;35 Cyanobutadiyne;0.001212856276531231
39;36 Silicon Mononitride;0.001212856276531231
40;37 Carbon Monoxide;0.001212856276531231
41;38 Propadienylidene;0.001212856276531231
42;39 Methanimine;0.001212856276531231
43;40 Aluminum Monofluoride;0.001212856276531231
44;41 Formamide;0.001212856276531231
45;42 Aminoacetonitrile;0.001212856276531231
46;43 Ammonia;0.001212856276531231
47;44 gauche-Ethanol;0.001212856276531231
48;45 Protonate 2-proynenitrile;0.001212856276531231
49;46 Carbonyl Sulfide;0.001212856276531231
50;47 Thioxoethenylidene;0.001212856276531231
51;48 Ethyl cyanide;0.001212856276531231
52;49 Water;0.001212856276531231
53;50 Methyl Formate;0.001212856276531231
54;51 Acetaldehyde;0.001212856276531231
55;52 Ketenimine;0.001212856276531231
56;53 Propenal;0.001212856276531231
57;54 Methyl isocyanide;0.001212856276531231
58;55 iso-propyl cyanide;0.001212856276531231
59;56 Hydrogen cyanide;0.001212856276531231
60;57 Protonated Carbon Dioxide;0.001212856276531231
61;58 Methylidyne;0.001212856276531231
62;59 Ketene;0.001212856276531231
63;60 Silicon Monoxide;0.001212856276531231
64;61 Acetone;0.001212856276531231
65;62 Vinyl Cyanide;0.001212856276531231
66;63 Silicon monoxide (global fit);0.001212856276531231
67;64 Cyclopropenylidene;0.001212856276531231
68;66 Cyanobutadiynylide anion;0.001212856276531231
69;67 Formaldehyde;0.001212856276531231
70;68 Carbon Monosulfide;0.001212856276531231
71;69 Fulminic acid;0.001212856276531231
72;70 trans-Ethanol;0.001212856276531231
73;71 Silicon Carbide;0.001212856276531231
74;72 Formylium;0.001212856276531231
75;73 Ethylene Oxide;0.001212856276531231
76;74 Sulfur dioxide;0.001212856276531231
77;75 Carbon Monophosphide;0.001212856276531231
78;76 Sulfur Monoxide ion;0.001212856276531231
79;77 Methanol;0.001212856276531231
80;78 Sulfur Dioxide;0.001212856276531231
81;79 Cyanoformaldehyde;0.001212856276531231
82;80 Isocyanic Acid;0.001212856276531231
83;81 Silicon Isocyanide;0.001212856276531231
84;82 Methylene amidogen;0.001212856276531231
85;83 Silicon Monocarbide;0.001212856276531231
86;84 Phosphaethyne;0.001212856276531231
87;85 Aluminum Monochloride;0.001212856276531231
88;86 Cyanoallene;0.001212856276531231
89;87 Methyl diacetylene;0.001212856276531231
90;88 Cyanomethylene;0.001212856276531231
91;89 Phosphapropynylidyne;0.001212856276531231
92;90 Cyanomethyl;0.001212856276531231
93;91 Hydrogen Isocyanide;0.001212856276531231
94;92 Hydrogen sulfide;0.001212856276531231
95;94 Glycolaldehyde;0.001212856276531231
96;95 Cyanide anion;0.001212856276531231
97;96 2-Propynal;0.001212856276531231
98;97 Ethynyl;0.001212856276531231
99;98 Phosphorous nitride;0.001212856276531231
100;99 Magnesium hydride isocyanide;0.001212856276531231
101;100 Potassium chloride;0.001212856276531231
102;101 Silicon tetracarbide;0.001212856276531231
103;102 Ethyl Cyanide;0.001212856276531231
104;103 Cyanamide;0.001212856276531231
105;104 Amidogen;0.001212856276531231
106;105 Hydroxymethylidyne;0.001212856276531231
107;106 Formyl Radical;0.001212856276531231
108;107 Vinyl Alcohol;0.001212856276531231
109;108 ortho-Oxidaniumyl;0.001212856276531231
110;109 Cyanoethynylide ion;0.001212856276531231
111;110 Oxoethenylidene;0.001212856276531231
112;111 2-Butynenitrile;0.001212856276531231
113;112 Cyanoethynyl;0.001212856276531231
114;113 Hydroxymethylium ion;0.001212856276531231
115;114 Thioformaldehyde;0.001212856276531231
116;115 Isothiocyanic acid;0.001212856276531231
117;116 Cyanic acid;0.001212856276531231
