1;8 para-Oxidaniumyl;0.1983020012128563
2;76 Sulfur Monoxide ion;0.1558520315342632
3;93 Hydroxyl;0.1376591873862947
4;3 Nitrous Oxide;0.10430563978168586
5;100 Potassium chloride;0.09520921770770163
6;22 Chloronium;0.08004851425106124
7;34 Aluminum Isocyanitrile;0.04972710733778047
8;31 Sodium Chloride;0.043662825955124315
9;70 trans-Ethanol;0.004244996967859308
10;0 Dimethyl ether;0.001212856276531231
11;1 Butatrienylidene;0.001212856276531231
12;2 Trihydrogen ion;0.001212856276531231
13;4 Methyl Acetylene;0.001212856276531231
14;5 Ethylene Glycol;0.001212856276531231
15;6 Methyl Cyanide;0.001212856276531231
16;7 Thioformylium;0.001212856276531231
17;9 Hydrogen Cyanide;0.001212856276531231
18;10 Titanium monoxide;0.001212856276531231
19;11 Cyanide Radical;0.001212856276531231
20;12 Formic Acid;0.001212856276531231
21;13 Nitric sulfide;0.001212856276531231
22;14 Iminomethylium;0.001212856276531231
23;15 Aluminum monoxide;0.001212856276531231
24;16 Methyl isocyanate;0.001212856276531231
25;17 Nitrosyl hydride;0.001212856276531231
26;18 Propynylidynium;0.001212856276531231
27;19 Magnesium Cyanide;0.001212856276531231
28;20 Diazenylium;0.001212856276531231
29;21 Methylamine;0.001212856276531231
30;23 Silicon monosulfide;0.001212856276531231
31;24 Phosphorus Monoxide;0.001212856276531231
32;25 Cyclopropenone;0.001212856276531231
33;26 Carbon Monoxide Ion;0.001212856276531231
34;27 Sodium Cyanide;0.001212856276531231
35;28 Nitric oxide;0.001212856276531231
36;29 Silicon Cyanide;0.001212856276531231
37;30 Ethyne Isocyanide;0.001212856276531231
38;32 Cyanoacetylene;0.001212856276531231
39;33 Sulfur Monoxide;0.001212856276531231
40;35 Cyanobutadiyne;0.001212856276531231
41;36 Silicon Mononitride;0.001212856276531231
42;37 Carbon Monoxide;0.001212856276531231
43;38 Propadienylidene;0.001212856276531231
44;39 Methanimine;0.001212856276531231
45;40 Aluminum Monofluoride;0.001212856276531231
46;41 Formamide;0.001212856276531231
47;42 Aminoacetonitrile;0.001212856276531231
48;43 Ammonia;0.001212856276531231
49;44 gauche-Ethanol;0.001212856276531231
50;45 Protonate 2-proynenitrile;0.001212856276531231
51;46 Carbonyl Sulfide;0.001212856276531231
52;47 Thioxoethenylidene;0.001212856276531231
53;48 Ethyl cyanide;0.001212856276531231
54;49 Water;0.001212856276531231
55;50 Methyl Formate;0.001212856276531231
56;51 Acetaldehyde;0.001212856276531231
57;52 Ketenimine;0.001212856276531231
58;53 Propenal;0.001212856276531231
59;54 Methyl isocyanide;0.001212856276531231
60;55 iso-propyl cyanide;0.001212856276531231
61;56 Hydrogen cyanide;0.001212856276531231
62;57 Protonated Carbon Dioxide;0.001212856276531231
63;58 Methylidyne;0.001212856276531231
64;59 Ketene;0.001212856276531231
65;60 Silicon Monoxide;0.001212856276531231
66;61 Acetone;0.001212856276531231
67;62 Vinyl Cyanide;0.001212856276531231
68;63 Silicon monoxide (global fit);0.001212856276531231
69;64 Cyclopropenylidene;0.001212856276531231
70;65 Magnesium Isocyanide;0.001212856276531231
71;66 Cyanobutadiynylide anion;0.001212856276531231
72;67 Formaldehyde;0.001212856276531231
73;68 Carbon Monosulfide;0.001212856276531231
74;69 Fulminic acid;0.001212856276531231
75;71 Silicon Carbide;0.001212856276531231
76;72 Formylium;0.001212856276531231
77;73 Ethylene Oxide;0.001212856276531231
78;74 Sulfur dioxide;0.001212856276531231
79;75 Carbon Monophosphide;0.001212856276531231
80;77 Methanol;0.001212856276531231
81;78 Sulfur Dioxide;0.001212856276531231
82;79 Cyanoformaldehyde;0.001212856276531231
83;80 Isocyanic Acid;0.001212856276531231
84;81 Silicon Isocyanide;0.001212856276531231
85;82 Methylene amidogen;0.001212856276531231
86;83 Silicon Monocarbide;0.001212856276531231
87;84 Phosphaethyne;0.001212856276531231
88;85 Aluminum Monochloride;0.001212856276531231
89;86 Cyanoallene;0.001212856276531231
90;87 Methyl diacetylene;0.001212856276531231
91;88 Cyanomethylene;0.001212856276531231
92;89 Phosphapropynylidyne;0.001212856276531231
93;90 Cyanomethyl;0.001212856276531231
94;91 Hydrogen Isocyanide;0.001212856276531231
95;92 Hydrogen sulfide;0.001212856276531231
96;94 Glycolaldehyde;0.001212856276531231
97;95 Cyanide anion;0.001212856276531231
98;96 2-Propynal;0.001212856276531231
99;97 Ethynyl;0.001212856276531231
100;98 Phosphorous nitride;0.001212856276531231
101;99 Magnesium hydride isocyanide;0.001212856276531231
102;101 Silicon tetracarbide;0.001212856276531231
103;102 Ethyl Cyanide;0.001212856276531231
104;103 Cyanamide;0.001212856276531231
105;104 Amidogen;0.001212856276531231
106;105 Hydroxymethylidyne;0.001212856276531231
107;106 Formyl Radical;0.001212856276531231
108;107 Vinyl Alcohol;0.001212856276531231
109;108 ortho-Oxidaniumyl;0.001212856276531231
110;109 Cyanoethynylide ion;0.001212856276531231
111;110 Oxoethenylidene;0.001212856276531231
112;111 2-Butynenitrile;0.001212856276531231
113;112 Cyanoethynyl;0.001212856276531231
114;113 Hydroxymethylium ion;0.001212856276531231
115;114 Thioformaldehyde;0.001212856276531231
116;115 Isothiocyanic acid;0.001212856276531231
117;116 Cyanic acid;0.001212856276531231
