1;91 Hydrogen Isocyanide;0.816858702243784
2;101 Silicon tetracarbide;0.007277137659187386
3;11 Cyanide Radical;0.004244996967859308
4;14 Iminomethylium;0.004244996967859308
5;22 Chloronium;0.004244996967859308
6;39 Methanimine;0.004244996967859308
7;49 Water;0.004244996967859308
8;72 Formylium;0.004244996967859308
9;74 Sulfur dioxide;0.004244996967859308
10;88 Cyanomethylene;0.004244996967859308
11;93 Hydroxyl;0.004244996967859308
12;100 Potassium chloride;0.004244996967859308
13;113 Hydroxymethylium ion;0.004244996967859308
14;114 Thioformaldehyde;0.004244996967859308
15;0 Dimethyl ether;0.001212856276531231
16;1 Butatrienylidene;0.001212856276531231
17;2 Trihydrogen ion;0.001212856276531231
18;3 Nitrous Oxide;0.001212856276531231
19;4 Methyl Acetylene;0.001212856276531231
20;5 Ethylene Glycol;0.001212856276531231
21;6 Methyl Cyanide;0.001212856276531231
22;7 Thioformylium;0.001212856276531231
23;8 para-Oxidaniumyl;0.001212856276531231
24;9 Hydrogen Cyanide;0.001212856276531231
25;10 Titanium monoxide;0.001212856276531231
26;12 Formic Acid;0.001212856276531231
27;13 Nitric sulfide;0.001212856276531231
28;15 Aluminum monoxide;0.001212856276531231
29;16 Methyl isocyanate;0.001212856276531231
30;17 Nitrosyl hydride;0.001212856276531231
31;18 Propynylidynium;0.001212856276531231
32;19 Magnesium Cyanide;0.001212856276531231
33;20 Diazenylium;0.001212856276531231
34;21 Methylamine;0.001212856276531231
35;23 Silicon monosulfide;0.001212856276531231
36;24 Phosphorus Monoxide;0.001212856276531231
37;25 Cyclopropenone;0.001212856276531231
38;26 Carbon Monoxide Ion;0.001212856276531231
39;27 Sodium Cyanide;0.001212856276531231
40;28 Nitric oxide;0.001212856276531231
41;29 Silicon Cyanide;0.001212856276531231
42;30 Ethyne Isocyanide;0.001212856276531231
43;31 Sodium Chloride;0.001212856276531231
44;32 Cyanoacetylene;0.001212856276531231
45;33 Sulfur Monoxide;0.001212856276531231
46;34 Aluminum Isocyanitrile;0.001212856276531231
47;35 Cyanobutadiyne;0.001212856276531231
48;36 Silicon Mononitride;0.001212856276531231
49;37 Carbon Monoxide;0.001212856276531231
50;38 Propadienylidene;0.001212856276531231
51;40 Aluminum Monofluoride;0.001212856276531231
52;41 Formamide;0.001212856276531231
53;42 Aminoacetonitrile;0.001212856276531231
54;43 Ammonia;0.001212856276531231
55;44 gauche-Ethanol;0.001212856276531231
56;45 Protonate 2-proynenitrile;0.001212856276531231
57;46 Carbonyl Sulfide;0.001212856276531231
58;47 Thioxoethenylidene;0.001212856276531231
59;48 Ethyl cyanide;0.001212856276531231
60;50 Methyl Formate;0.001212856276531231
61;51 Acetaldehyde;0.001212856276531231
62;52 Ketenimine;0.001212856276531231
63;53 Propenal;0.001212856276531231
64;54 Methyl isocyanide;0.001212856276531231
65;55 iso-propyl cyanide;0.001212856276531231
66;56 Hydrogen cyanide;0.001212856276531231
67;57 Protonated Carbon Dioxide;0.001212856276531231
68;58 Methylidyne;0.001212856276531231
69;59 Ketene;0.001212856276531231
70;60 Silicon Monoxide;0.001212856276531231
71;61 Acetone;0.001212856276531231
72;62 Vinyl Cyanide;0.001212856276531231
73;63 Silicon monoxide (global fit);0.001212856276531231
74;64 Cyclopropenylidene;0.001212856276531231
75;65 Magnesium Isocyanide;0.001212856276531231
76;66 Cyanobutadiynylide anion;0.001212856276531231
77;67 Formaldehyde;0.001212856276531231
78;68 Carbon Monosulfide;0.001212856276531231
79;69 Fulminic acid;0.001212856276531231
80;70 trans-Ethanol;0.001212856276531231
81;71 Silicon Carbide;0.001212856276531231
82;73 Ethylene Oxide;0.001212856276531231
83;75 Carbon Monophosphide;0.001212856276531231
84;76 Sulfur Monoxide ion;0.001212856276531231
85;77 Methanol;0.001212856276531231
86;78 Sulfur Dioxide;0.001212856276531231
87;79 Cyanoformaldehyde;0.001212856276531231
88;80 Isocyanic Acid;0.001212856276531231
89;81 Silicon Isocyanide;0.001212856276531231
90;82 Methylene amidogen;0.001212856276531231
91;83 Silicon Monocarbide;0.001212856276531231
92;84 Phosphaethyne;0.001212856276531231
93;85 Aluminum Monochloride;0.001212856276531231
94;86 Cyanoallene;0.001212856276531231
95;87 Methyl diacetylene;0.001212856276531231
96;89 Phosphapropynylidyne;0.001212856276531231
97;90 Cyanomethyl;0.001212856276531231
98;92 Hydrogen sulfide;0.001212856276531231
99;94 Glycolaldehyde;0.001212856276531231
100;95 Cyanide anion;0.001212856276531231
101;96 2-Propynal;0.001212856276531231
102;97 Ethynyl;0.001212856276531231
103;98 Phosphorous nitride;0.001212856276531231
104;99 Magnesium hydride isocyanide;0.001212856276531231
105;102 Ethyl Cyanide;0.001212856276531231
106;103 Cyanamide;0.001212856276531231
107;104 Amidogen;0.001212856276531231
108;105 Hydroxymethylidyne;0.001212856276531231
109;106 Formyl Radical;0.001212856276531231
110;107 Vinyl Alcohol;0.001212856276531231
111;108 ortho-Oxidaniumyl;0.001212856276531231
112;109 Cyanoethynylide ion;0.001212856276531231
113;110 Oxoethenylidene;0.001212856276531231
114;111 2-Butynenitrile;0.001212856276531231
115;112 Cyanoethynyl;0.001212856276531231
116;115 Isothiocyanic acid;0.001212856276531231
117;116 Cyanic acid;0.001212856276531231
