1;2 Trihydrogen ion;0.8567110036275695
2;68 Carbon Monosulfide;0.004232164449818621
3;0 Dimethyl ether;0.0012091898428053204
4;1 Butatrienylidene;0.0012091898428053204
5;3 Nitrous Oxide;0.0012091898428053204
6;4 Methyl Acetylene;0.0012091898428053204
7;5 Ethylene Glycol;0.0012091898428053204
8;6 Methyl Cyanide;0.0012091898428053204
9;7 Thioformylium;0.0012091898428053204
10;8 para-Oxidaniumyl;0.0012091898428053204
11;9 Hydrogen Cyanide;0.0012091898428053204
12;10 Titanium monoxide;0.0012091898428053204
13;11 Cyanide Radical;0.0012091898428053204
14;12 Formic Acid;0.0012091898428053204
15;13 Nitric sulfide;0.0012091898428053204
16;14 Iminomethylium;0.0012091898428053204
17;15 Aluminum monoxide;0.0012091898428053204
18;16 Methyl isocyanate;0.0012091898428053204
19;17 Nitrosyl hydride;0.0012091898428053204
20;18 Propynylidynium;0.0012091898428053204
21;19 Magnesium Cyanide;0.0012091898428053204
22;20 Diazenylium;0.0012091898428053204
23;21 Methylamine;0.0012091898428053204
24;22 Chloronium;0.0012091898428053204
25;23 Silicon monosulfide;0.0012091898428053204
26;24 Phosphorus Monoxide;0.0012091898428053204
27;25 Cyclopropenone;0.0012091898428053204
28;26 Carbon Monoxide Ion;0.0012091898428053204
29;27 Sodium Cyanide;0.0012091898428053204
30;28 Nitric oxide;0.0012091898428053204
31;29 Silicon Cyanide;0.0012091898428053204
32;30 Ethyne Isocyanide;0.0012091898428053204
33;31 Sodium Chloride;0.0012091898428053204
34;32 Cyanoacetylene;0.0012091898428053204
35;33 Sulfur Monoxide;0.0012091898428053204
36;34 Aluminum Isocyanitrile;0.0012091898428053204
37;35 Cyanobutadiyne;0.0012091898428053204
38;36 Silicon Mononitride;0.0012091898428053204
39;37 Carbon Monoxide;0.0012091898428053204
40;38 Propadienylidene;0.0012091898428053204
41;39 Methanimine;0.0012091898428053204
42;40 Aluminum Monofluoride;0.0012091898428053204
43;41 Formamide;0.0012091898428053204
44;42 Aminoacetonitrile;0.0012091898428053204
45;43 Ammonia;0.0012091898428053204
46;44 gauche-Ethanol;0.0012091898428053204
47;45 Protonate 2-proynenitrile;0.0012091898428053204
48;46 Carbonyl Sulfide;0.0012091898428053204
49;47 Thioxoethenylidene;0.0012091898428053204
50;48 Ethyl cyanide;0.0012091898428053204
51;49 Water;0.0012091898428053204
52;50 Methyl Formate;0.0012091898428053204
53;51 Acetaldehyde;0.0012091898428053204
54;52 Ketenimine;0.0012091898428053204
55;53 Propenal;0.0012091898428053204
56;54 Methyl isocyanide;0.0012091898428053204
57;55 iso-propyl cyanide;0.0012091898428053204
58;56 Hydrogen cyanide;0.0012091898428053204
59;57 Protonated Carbon Dioxide;0.0012091898428053204
60;58 Methylidyne;0.0012091898428053204
61;59 Ketene;0.0012091898428053204
62;60 Silicon Monoxide;0.0012091898428053204
63;61 Acetone;0.0012091898428053204
64;62 Vinyl Cyanide;0.0012091898428053204
65;63 Silicon monoxide (global fit);0.0012091898428053204
66;64 Cyclopropenylidene;0.0012091898428053204
67;65 Magnesium Isocyanide;0.0012091898428053204
68;66 Cyanobutadiynylide anion;0.0012091898428053204
69;67 Formaldehyde;0.0012091898428053204
70;69 Fulminic acid;0.0012091898428053204
71;70 trans-Ethanol;0.0012091898428053204
72;71 Silicon Carbide;0.0012091898428053204
73;72 Formylium;0.0012091898428053204
74;73 Ethylene Oxide;0.0012091898428053204
75;74 Sulfur dioxide;0.0012091898428053204
76;75 Carbon Monophosphide;0.0012091898428053204
77;76 Sulfur Monoxide ion;0.0012091898428053204
78;77 Methanol;0.0012091898428053204
79;78 Sulfur Dioxide;0.0012091898428053204
80;79 Cyanoformaldehyde;0.0012091898428053204
81;80 Isocyanic Acid;0.0012091898428053204
82;81 Silicon Isocyanide;0.0012091898428053204
83;82 Methylene amidogen;0.0012091898428053204
84;83 Silicon Monocarbide;0.0012091898428053204
85;84 Phosphaethyne;0.0012091898428053204
86;85 Aluminum Monochloride;0.0012091898428053204
87;86 Cyanoallene;0.0012091898428053204
88;87 Methyl diacetylene;0.0012091898428053204
89;88 Cyanomethylene;0.0012091898428053204
90;89 Phosphapropynylidyne;0.0012091898428053204
91;90 Cyanomethyl;0.0012091898428053204
92;91 Hydrogen Isocyanide;0.0012091898428053204
93;92 Hydrogen sulfide;0.0012091898428053204
94;93 Hydroxyl;0.0012091898428053204
95;94 Glycolaldehyde;0.0012091898428053204
96;95 Cyanide anion;0.0012091898428053204
97;96 2-Propynal;0.0012091898428053204
98;97 Ethynyl;0.0012091898428053204
99;98 Phosphorous nitride;0.0012091898428053204
100;99 Magnesium hydride isocyanide;0.0012091898428053204
101;100 Potassium chloride;0.0012091898428053204
102;101 Silicon tetracarbide;0.0012091898428053204
103;102 Ethyl Cyanide;0.0012091898428053204
104;103 Cyanamide;0.0012091898428053204
105;104 Amidogen;0.0012091898428053204
106;105 Hydroxymethylidyne;0.0012091898428053204
107;106 Formyl Radical;0.0012091898428053204
108;107 Vinyl Alcohol;0.0012091898428053204
109;108 ortho-Oxidaniumyl;0.0012091898428053204
110;109 Cyanoethynylide ion;0.0012091898428053204
111;110 Oxoethenylidene;0.0012091898428053204
112;111 2-Butynenitrile;0.0012091898428053204
113;112 Cyanoethynyl;0.0012091898428053204
114;113 Hydroxymethylium ion;0.0012091898428053204
115;114 Thioformaldehyde;0.0012091898428053204
116;115 Isothiocyanic acid;0.0012091898428053204
117;116 Cyanic acid;0.0012091898428053204
