1;95 Cyanide anion;0.9312388855957321
2;0 Dimethyl ether;0.0005927682276229995
3;1 Butatrienylidene;0.0005927682276229995
4;2 Trihydrogen ion;0.0005927682276229995
5;3 Nitrous Oxide;0.0005927682276229995
6;4 Methyl Acetylene;0.0005927682276229995
7;5 Ethylene Glycol;0.0005927682276229995
8;6 Methyl Cyanide;0.0005927682276229995
9;7 Thioformylium;0.0005927682276229995
10;8 para-Oxidaniumyl;0.0005927682276229995
11;9 Hydrogen Cyanide;0.0005927682276229995
12;10 Titanium monoxide;0.0005927682276229995
13;11 Cyanide Radical;0.0005927682276229995
14;12 Formic Acid;0.0005927682276229995
15;13 Nitric sulfide;0.0005927682276229995
16;14 Iminomethylium;0.0005927682276229995
17;15 Aluminum monoxide;0.0005927682276229995
18;16 Methyl isocyanate;0.0005927682276229995
19;17 Nitrosyl hydride;0.0005927682276229995
20;18 Propynylidynium;0.0005927682276229995
21;19 Magnesium Cyanide;0.0005927682276229995
22;20 Diazenylium;0.0005927682276229995
23;21 Methylamine;0.0005927682276229995
24;22 Chloronium;0.0005927682276229995
25;23 Silicon monosulfide;0.0005927682276229995
26;24 Phosphorus Monoxide;0.0005927682276229995
27;25 Cyclopropenone;0.0005927682276229995
28;26 Carbon Monoxide Ion;0.0005927682276229995
29;27 Sodium Cyanide;0.0005927682276229995
30;28 Nitric oxide;0.0005927682276229995
31;29 Silicon Cyanide;0.0005927682276229995
32;30 Ethyne Isocyanide;0.0005927682276229995
33;31 Sodium Chloride;0.0005927682276229995
34;32 Cyanoacetylene;0.0005927682276229995
35;33 Sulfur Monoxide;0.0005927682276229995
36;34 Aluminum Isocyanitrile;0.0005927682276229995
37;35 Cyanobutadiyne;0.0005927682276229995
38;36 Silicon Mononitride;0.0005927682276229995
39;37 Carbon Monoxide;0.0005927682276229995
40;38 Propadienylidene;0.0005927682276229995
41;39 Methanimine;0.0005927682276229995
42;40 Aluminum Monofluoride;0.0005927682276229995
43;41 Formamide;0.0005927682276229995
44;42 Aminoacetonitrile;0.0005927682276229995
45;43 Ammonia;0.0005927682276229995
46;44 gauche-Ethanol;0.0005927682276229995
47;45 Protonate 2-proynenitrile;0.0005927682276229995
48;46 Carbonyl Sulfide;0.0005927682276229995
49;47 Thioxoethenylidene;0.0005927682276229995
50;48 Ethyl cyanide;0.0005927682276229995
51;49 Water;0.0005927682276229995
52;50 Methyl Formate;0.0005927682276229995
53;51 Acetaldehyde;0.0005927682276229995
54;52 Ketenimine;0.0005927682276229995
55;53 Propenal;0.0005927682276229995
56;54 Methyl isocyanide;0.0005927682276229995
57;55 iso-propyl cyanide;0.0005927682276229995
58;56 Hydrogen cyanide;0.0005927682276229995
59;57 Protonated Carbon Dioxide;0.0005927682276229995
60;58 Methylidyne;0.0005927682276229995
61;59 Ketene;0.0005927682276229995
62;60 Silicon Monoxide;0.0005927682276229995
63;61 Acetone;0.0005927682276229995
64;62 Vinyl Cyanide;0.0005927682276229995
65;63 Silicon monoxide (global fit);0.0005927682276229995
66;64 Cyclopropenylidene;0.0005927682276229995
67;65 Magnesium Isocyanide;0.0005927682276229995
68;66 Cyanobutadiynylide anion;0.0005927682276229995
69;67 Formaldehyde;0.0005927682276229995
70;68 Carbon Monosulfide;0.0005927682276229995
71;69 Fulminic acid;0.0005927682276229995
72;70 trans-Ethanol;0.0005927682276229995
73;71 Silicon Carbide;0.0005927682276229995
74;72 Formylium;0.0005927682276229995
75;73 Ethylene Oxide;0.0005927682276229995
76;74 Sulfur dioxide;0.0005927682276229995
77;75 Carbon Monophosphide;0.0005927682276229995
78;76 Sulfur Monoxide ion;0.0005927682276229995
79;77 Methanol;0.0005927682276229995
80;78 Sulfur Dioxide;0.0005927682276229995
81;79 Cyanoformaldehyde;0.0005927682276229995
82;80 Isocyanic Acid;0.0005927682276229995
83;81 Silicon Isocyanide;0.0005927682276229995
84;82 Methylene amidogen;0.0005927682276229995
85;83 Silicon Monocarbide;0.0005927682276229995
86;84 Phosphaethyne;0.0005927682276229995
87;85 Aluminum Monochloride;0.0005927682276229995
88;86 Cyanoallene;0.0005927682276229995
89;87 Methyl diacetylene;0.0005927682276229995
90;88 Cyanomethylene;0.0005927682276229995
91;89 Phosphapropynylidyne;0.0005927682276229995
92;90 Cyanomethyl;0.0005927682276229995
93;91 Hydrogen Isocyanide;0.0005927682276229995
94;92 Hydrogen sulfide;0.0005927682276229995
95;93 Hydroxyl;0.0005927682276229995
96;94 Glycolaldehyde;0.0005927682276229995
97;96 2-Propynal;0.0005927682276229995
98;97 Ethynyl;0.0005927682276229995
99;98 Phosphorous nitride;0.0005927682276229995
100;99 Magnesium hydride isocyanide;0.0005927682276229995
101;100 Potassium chloride;0.0005927682276229995
102;101 Silicon tetracarbide;0.0005927682276229995
103;102 Ethyl Cyanide;0.0005927682276229995
104;103 Cyanamide;0.0005927682276229995
105;104 Amidogen;0.0005927682276229995
106;105 Hydroxymethylidyne;0.0005927682276229995
107;106 Formyl Radical;0.0005927682276229995
108;107 Vinyl Alcohol;0.0005927682276229995
109;108 ortho-Oxidaniumyl;0.0005927682276229995
110;109 Cyanoethynylide ion;0.0005927682276229995
111;110 Oxoethenylidene;0.0005927682276229995
112;111 2-Butynenitrile;0.0005927682276229995
113;112 Cyanoethynyl;0.0005927682276229995
114;113 Hydroxymethylium ion;0.0005927682276229995
115;114 Thioformaldehyde;0.0005927682276229995
116;115 Isothiocyanic acid;0.0005927682276229995
117;116 Cyanic acid;0.0005927682276229995
