1;30 Carbon Monosulfide;0.1826923076923077
2;12 Carbonyl Sulfide;0.038461538461538464
3;16 Nitric oxide;0.038461538461538464
4;0 Methylidyne;0.022435897435897436
5;1 1,3-Butadiynyl radical;0.022435897435897436
6;2 Formaldehyde;0.022435897435897436
7;3 Sulfur dioxide;0.022435897435897436
8;4 Carbon Monoxide;0.022435897435897436
9;5 Water;0.022435897435897436
10;6 Carbon Monoxide Ion;0.022435897435897436
11;7 Nitric sulfide;0.022435897435897436
12;8 Isocyanic Acid;0.022435897435897436
13;9 Methyliumylidene;0.022435897435897436
14;10 Cyanide Radical;0.022435897435897436
15;11 Ethynyl;0.022435897435897436
16;13 Hydroxyl;0.022435897435897436
17;14 Diazenylium;0.022435897435897436
18;15 Thioxoethenylidene;0.022435897435897436
19;17 Methyl Cyanide;0.022435897435897436
20;18 Cyclopropenylidene;0.022435897435897436
21;19 Methanimine;0.022435897435897436
22;20 Methanol;0.022435897435897436
23;21 Thioformaldehyde;0.022435897435897436
24;22 Ammonia;0.022435897435897436
25;23 Cyanamide;0.022435897435897436
26;24 Cyanoacetylene;0.022435897435897436
27;25 Sodium Chloride;0.022435897435897436
28;26 Silicon Monoxide;0.022435897435897436
29;27 Sulfur Monoxide;0.022435897435897436
30;28 Protonated Carbon Dioxide;0.022435897435897436
31;29 Hydrogen Cyanide;0.022435897435897436
32;31 Hydrogen sulfide;0.022435897435897436
33;32 Molecular oxygen;0.022435897435897436
34;33 Hydrogen Isocyanide;0.022435897435897436
35;34 Formylium;0.022435897435897436
36;35 Methyl Acetylene;0.022435897435897436
