1;24 Cyanoacetylene;0.19881305637982194
2;15 Thioxoethenylidene;0.09495548961424333
3;0 Methylidyne;0.020771513353115723
4;1 1,3-Butadiynyl radical;0.020771513353115723
5;2 Formaldehyde;0.020771513353115723
6;3 Sulfur dioxide;0.020771513353115723
7;4 Carbon Monoxide;0.020771513353115723
8;5 Water;0.020771513353115723
9;6 Carbon Monoxide Ion;0.020771513353115723
10;7 Nitric sulfide;0.020771513353115723
11;8 Isocyanic Acid;0.020771513353115723
12;9 Methyliumylidene;0.020771513353115723
13;10 Cyanide Radical;0.020771513353115723
14;11 Ethynyl;0.020771513353115723
15;12 Carbonyl Sulfide;0.020771513353115723
16;13 Hydroxyl;0.020771513353115723
17;14 Diazenylium;0.020771513353115723
18;16 Nitric oxide;0.020771513353115723
19;17 Methyl Cyanide;0.020771513353115723
20;18 Cyclopropenylidene;0.020771513353115723
21;19 Methanimine;0.020771513353115723
22;20 Methanol;0.020771513353115723
23;21 Thioformaldehyde;0.020771513353115723
24;22 Ammonia;0.020771513353115723
25;23 Cyanamide;0.020771513353115723
26;25 Sodium Chloride;0.020771513353115723
27;26 Silicon Monoxide;0.020771513353115723
28;27 Sulfur Monoxide;0.020771513353115723
29;28 Protonated Carbon Dioxide;0.020771513353115723
30;29 Hydrogen Cyanide;0.020771513353115723
31;30 Carbon Monosulfide;0.020771513353115723
32;31 Hydrogen sulfide;0.020771513353115723
33;32 Molecular oxygen;0.020771513353115723
34;33 Hydrogen Isocyanide;0.020771513353115723
35;34 Formylium;0.020771513353115723
36;35 Methyl Acetylene;0.020771513353115723
