1;4 Carbon Monoxide;0.1798107255520505
2;2 Formaldehyde;0.03785488958990536
3;20 Methanol;0.03785488958990536
4;33 Hydrogen Isocyanide;0.03785488958990536
5;0 Methylidyne;0.022082018927444793
6;1 1,3-Butadiynyl radical;0.022082018927444793
7;3 Sulfur dioxide;0.022082018927444793
8;5 Water;0.022082018927444793
9;6 Carbon Monoxide Ion;0.022082018927444793
10;7 Nitric sulfide;0.022082018927444793
11;8 Isocyanic Acid;0.022082018927444793
12;9 Methyliumylidene;0.022082018927444793
13;10 Cyanide Radical;0.022082018927444793
14;11 Ethynyl;0.022082018927444793
15;12 Carbonyl Sulfide;0.022082018927444793
16;13 Hydroxyl;0.022082018927444793
17;14 Diazenylium;0.022082018927444793
18;15 Thioxoethenylidene;0.022082018927444793
19;16 Nitric oxide;0.022082018927444793
20;17 Methyl Cyanide;0.022082018927444793
21;18 Cyclopropenylidene;0.022082018927444793
22;19 Methanimine;0.022082018927444793
23;21 Thioformaldehyde;0.022082018927444793
24;22 Ammonia;0.022082018927444793
25;23 Cyanamide;0.022082018927444793
26;24 Cyanoacetylene;0.022082018927444793
27;25 Sodium Chloride;0.022082018927444793
28;26 Silicon Monoxide;0.022082018927444793
29;27 Sulfur Monoxide;0.022082018927444793
30;28 Protonated Carbon Dioxide;0.022082018927444793
31;29 Hydrogen Cyanide;0.022082018927444793
32;30 Carbon Monosulfide;0.022082018927444793
33;31 Hydrogen sulfide;0.022082018927444793
34;32 Molecular oxygen;0.022082018927444793
35;34 Formylium;0.022082018927444793
36;35 Methyl Acetylene;0.022082018927444793
