1;11 Methyliumylidene;0.5752032520325203
2;16 Silicon Monoxide;0.22096399535423925
3;18 Carbon Monosulfide;0.0467479674796748
4;22 Formylium;0.023519163763066203
5;17 Hydrogen Cyanide;0.017711962833914054
6;0 Methylidyne;0.006097560975609757
7;1 Butyronitrile;0.006097560975609757
8;2 Formaldehyde;0.006097560975609757
9;3 Sulfur dioxide;0.006097560975609757
10;4 Carbon Monoxide;0.006097560975609757
11;5 Water;0.006097560975609757
12;6 Chloronium;0.006097560975609757
13;7 Imidogen;0.006097560975609757
14;8 Thioformylium;0.006097560975609757
15;9 Mercapto radical;0.006097560975609757
16;10 Methyl formate vt01;0.006097560975609757
17;12 Cyanide Radical;0.006097560975609757
18;13 Hydroxyl;0.006097560975609757
19;14 Nitric oxide;0.006097560975609757
20;15 Cyclopropenylidene;0.006097560975609757
21;19 Hydrogen sulfide;0.006097560975609757
22;20 Molecular oxygen;0.006097560975609757
23;21 Hydrogen Isocyanide;0.006097560975609757
24;23 Sulfoniumylidene;0.006097560975609757
