1;22 Formylium;0.7369263607257204
2;21 Hydrogen Isocyanide;0.016542155816435433
3;0 Methylidyne;0.011205976520811099
4;1 Butyronitrile;0.011205976520811099
5;2 Formaldehyde;0.011205976520811099
6;3 Sulfur dioxide;0.011205976520811099
7;4 Carbon Monoxide;0.011205976520811099
8;5 Water;0.011205976520811099
9;6 Chloronium;0.011205976520811099
10;7 Imidogen;0.011205976520811099
11;8 Thioformylium;0.011205976520811099
12;9 Mercapto radical;0.011205976520811099
13;10 Methyl formate vt01;0.011205976520811099
14;11 Methyliumylidene;0.011205976520811099
15;12 Cyanide Radical;0.011205976520811099
16;13 Hydroxyl;0.011205976520811099
17;14 Nitric oxide;0.011205976520811099
18;15 Cyclopropenylidene;0.011205976520811099
19;16 Silicon Monoxide;0.011205976520811099
20;17 Hydrogen Cyanide;0.011205976520811099
21;18 Carbon Monosulfide;0.011205976520811099
22;19 Hydrogen sulfide;0.011205976520811099
23;20 Molecular oxygen;0.011205976520811099
24;23 Sulfoniumylidene;0.011205976520811099
