1;19 Hydrogen Cyanide;0.8619186046511628
2;0 Methanol;0.007267441860465116
3;1 Hydrogen fluoride;0.007267441860465116
4;2 Nitric oxide;0.007267441860465116
5;3 Formylium;0.007267441860465116
6;4 Sodium Chloride;0.007267441860465116
7;5 Sulfur dioxide;0.007267441860465116
8;6 para-Oxidaniumyl;0.007267441860465116
9;7 Sulfur Monoxide;0.007267441860465116
10;8 Butatrienylidene;0.007267441860465116
11;9 Carbon Monoxide;0.007267441860465116
12;10 Nitrous Oxide;0.007267441860465116
13;11 Cyanoacetylene;0.007267441860465116
14;12 Carbonyl Sulfide;0.007267441860465116
15;13 Molecular oxygen;0.007267441860465116
16;14 ortho-Oxidaniumyl;0.007267441860465116
17;15 Water;0.007267441860465116
18;16 Iminomethylium;0.007267441860465116
19;17 Hydrochloric acid;0.007267441860465116
20;18 Acetylene;0.007267441860465116
