1;1 Hydrogen fluoride;0.7394736842105263
2;9 Carbon Monoxide;0.018421052631578946
3;16 Iminomethylium;0.018421052631578946
4;0 Methanol;0.013157894736842105
5;2 Nitric oxide;0.013157894736842105
6;3 Formylium;0.013157894736842105
7;4 Sodium Chloride;0.013157894736842105
8;5 Sulfur dioxide;0.013157894736842105
9;6 para-Oxidaniumyl;0.013157894736842105
10;7 Sulfur Monoxide;0.013157894736842105
11;8 Butatrienylidene;0.013157894736842105
12;10 Nitrous Oxide;0.013157894736842105
13;11 Cyanoacetylene;0.013157894736842105
14;12 Carbonyl Sulfide;0.013157894736842105
15;13 Molecular oxygen;0.013157894736842105
16;14 ortho-Oxidaniumyl;0.013157894736842105
17;15 Water;0.013157894736842105
18;17 Hydrochloric acid;0.013157894736842105
19;18 Acetylene;0.013157894736842105
20;19 Hydrogen Cyanide;0.013157894736842105
