1;3 Formylium;0.9265842349304482
2;0 Methanol;0.0038639876352395673
3;1 Hydrogen fluoride;0.0038639876352395673
4;2 Nitric oxide;0.0038639876352395673
5;4 Sodium Chloride;0.0038639876352395673
6;5 Sulfur dioxide;0.0038639876352395673
7;6 para-Oxidaniumyl;0.0038639876352395673
8;7 Sulfur Monoxide;0.0038639876352395673
9;8 Butatrienylidene;0.0038639876352395673
10;9 Carbon Monoxide;0.0038639876352395673
11;10 Nitrous Oxide;0.0038639876352395673
12;11 Cyanoacetylene;0.0038639876352395673
13;12 Carbonyl Sulfide;0.0038639876352395673
14;13 Molecular oxygen;0.0038639876352395673
15;14 ortho-Oxidaniumyl;0.0038639876352395673
16;15 Water;0.0038639876352395673
17;16 Iminomethylium;0.0038639876352395673
18;17 Hydrochloric acid;0.0038639876352395673
19;18 Acetylene;0.0038639876352395673
20;19 Hydrogen Cyanide;0.0038639876352395673
