1;25 Hydrogen Cyanide;0.5475
2;3 Carbon Monoxide;0.022500000000000003
3;11 Amidogen;0.022500000000000003
4;14 Cyanide Radical;0.022500000000000003
5;17 Nitric oxide;0.022500000000000003
6;26 Hydrogen sulfide;0.022500000000000003
7;0 Methylidyne;0.014166666666666666
8;1 Formaldehyde;0.014166666666666666
9;2 Sulfur dioxide;0.014166666666666666
10;4 Acetaldehyde;0.014166666666666666
11;5 Water;0.014166666666666666
12;6 Imidogen;0.014166666666666666
13;7 Carbon Monoxide Ion;0.014166666666666666
14;8 Nitric sulfide;0.014166666666666666
15;9 Isocyanic Acid;0.014166666666666666
16;10 Formic Acid;0.014166666666666666
17;12 Ethylene Glycol;0.014166666666666666
18;13 Methyliumylidene;0.014166666666666666
19;15 Carbonyl Sulfide;0.014166666666666666
20;16 Hydroxyl;0.014166666666666666
21;18 Methyl Cyanide;0.014166666666666666
22;19 Cyclopropenylidene;0.014166666666666666
23;20 Sulfur Monoxide ion;0.014166666666666666
24;21 Methanol;0.014166666666666666
25;22 Thioformaldehyde;0.014166666666666666
26;23 Ammonia;0.014166666666666666
27;24 Cyanoacetylene;0.014166666666666666
28;27 Molecular oxygen;0.014166666666666666
29;28 Hydrogen Isocyanide;0.014166666666666666
30;29 Formylium;0.014166666666666666
