1;16 Iminomethylium;0.5601851851851852
2;0 Methanol;0.023148148148148147
3;1 Hydrogen fluoride;0.023148148148148147
4;2 Nitric oxide;0.023148148148148147
5;3 Formylium;0.023148148148148147
6;4 Sodium Chloride;0.023148148148148147
7;5 Sulfur dioxide;0.023148148148148147
8;6 para-Oxidaniumyl;0.023148148148148147
9;7 Sulfur Monoxide;0.023148148148148147
10;8 Butatrienylidene;0.023148148148148147
11;9 Carbon Monoxide;0.023148148148148147
12;10 Nitrous Oxide;0.023148148148148147
13;11 Cyanoacetylene;0.023148148148148147
14;12 Carbonyl Sulfide;0.023148148148148147
15;13 Molecular oxygen;0.023148148148148147
16;14 ortho-Oxidaniumyl;0.023148148148148147
17;15 Water;0.023148148148148147
18;17 Hydrochloric acid;0.023148148148148147
19;18 Acetylene;0.023148148148148147
20;19 Hydrogen Cyanide;0.023148148148148147
