1;1 Hydrogen fluoride;0.8465189873417721
2;3 Formylium;0.011075949367088608
3;0 Methanol;0.007911392405063292
4;2 Nitric oxide;0.007911392405063292
5;4 Sodium Chloride;0.007911392405063292
6;5 Sulfur dioxide;0.007911392405063292
7;6 para-Oxidaniumyl;0.007911392405063292
8;7 Sulfur Monoxide;0.007911392405063292
9;8 Butatrienylidene;0.007911392405063292
10;9 Carbon Monoxide;0.007911392405063292
11;10 Nitrous Oxide;0.007911392405063292
12;11 Cyanoacetylene;0.007911392405063292
13;12 Carbonyl Sulfide;0.007911392405063292
14;13 Molecular oxygen;0.007911392405063292
15;14 ortho-Oxidaniumyl;0.007911392405063292
16;15 Water;0.007911392405063292
17;16 Iminomethylium;0.007911392405063292
18;17 Hydrochloric acid;0.007911392405063292
19;18 Acetylene;0.007911392405063292
20;19 Hydrogen Cyanide;0.007911392405063292
