DMTau.CS_5-4.image;model_dark_clouds_tr_500it;1;28 Cyanobutadiyne;0.6073573573573574
DMTau.CS_5-4.image;model_dark_clouds_tr_500it;2;11 4-Cyano-1,3-Butadiynyl;0.014264264264264265
DMTau.CS_5-4.image;model_dark_clouds_tr_500it;3;0 Ketene;0.006756756756756757
DMTau.CS_5-4.image;model_dark_clouds_tr_500it;4;1 1,3,5-Hexatriynyl;0.006756756756756757
DMTau.CS_5-4.image;model_dark_clouds_tr_500it;5;2 Oxonium hydride;0.006756756756756757
DMTau.CS_5-4.image;model_dark_clouds_2_500it;1;42 Silicon Monoxide;0.6148648648648649
DMTau.CS_5-4.image;model_dark_clouds_2_500it;2;0 Ketene;0.006756756756756757
DMTau.CS_5-4.image;model_dark_clouds_2_500it;3;1 1,3,5-Hexatriynyl;0.006756756756756757
DMTau.CS_5-4.image;model_dark_clouds_2_500it;4;2 Oxonium hydride;0.006756756756756757
DMTau.CS_5-4.image;model_dark_clouds_2_500it;5;3 Vinyl Cyanide;0.006756756756756757
DMTau.CS_5-4.image;model_dark_clouds_full_500it;1;5 Methyliumylidene;0.6148648648648649
DMTau.CS_5-4.image;model_dark_clouds_full_500it;2;0 Ketene;0.006756756756756757
DMTau.CS_5-4.image;model_dark_clouds_full_500it;3;1 1,3,5-Hexatriynyl;0.006756756756756757
DMTau.CS_5-4.image;model_dark_clouds_full_500it;4;2 Oxonium hydride;0.006756756756756757
DMTau.CS_5-4.image;model_dark_clouds_full_500it;5;3 Vinyl Cyanide;0.006756756756756757
DMTau.CS_5-4.image;model_dark_clouds_full_expanded_00002_500it;1;31 Hydrochloric acid;0.6073573573573574
DMTau.CS_5-4.image;model_dark_clouds_full_expanded_00002_500it;2;26 1,3,5,7-Octatetraynyl anion;0.014264264264264265
DMTau.CS_5-4.image;model_dark_clouds_full_expanded_00002_500it;3;0 Ketene;0.006756756756756757
DMTau.CS_5-4.image;model_dark_clouds_full_expanded_00002_500it;4;1 1,3,5-Hexatriynyl;0.006756756756756757
DMTau.CS_5-4.image;model_dark_clouds_full_expanded_00002_500it;5;2 Oxonium hydride;0.006756756756756757
DMTau.CS_5-4.image;model_dark_clouds_full_expanded_00010_500it;1;36 Sulfur Monoxide;0.6148648648648649
DMTau.CS_5-4.image;model_dark_clouds_full_expanded_00010_500it;2;0 Ketene;0.006756756756756757
DMTau.CS_5-4.image;model_dark_clouds_full_expanded_00010_500it;3;1 1,3,5-Hexatriynyl;0.006756756756756757
DMTau.CS_5-4.image;model_dark_clouds_full_expanded_00010_500it;4;2 Oxonium hydride;0.006756756756756757
DMTau.CS_5-4.image;model_dark_clouds_full_expanded_00010_500it;5;3 Vinyl Cyanide;0.006756756756756757
DMTau.CS_5-4.image;model_dark_clouds_full_expanded_00200_500it;1;16 2,4,6,8-Nonatetraynenitrile;0.6148648648648649
DMTau.CS_5-4.image;model_dark_clouds_full_expanded_00200_500it;2;0 Ketene;0.006756756756756757
DMTau.CS_5-4.image;model_dark_clouds_full_expanded_00200_500it;3;1 1,3,5-Hexatriynyl;0.006756756756756757
DMTau.CS_5-4.image;model_dark_clouds_full_expanded_00200_500it;4;2 Oxonium hydride;0.006756756756756757
DMTau.CS_5-4.image;model_dark_clouds_full_expanded_00200_500it;5;3 Vinyl Cyanide;0.006756756756756757
HD163296_CO_2_1.image;model_dark_clouds_tr_500it;1;42 Silicon Monoxide;0.386150234741784
HD163296_CO_2_1.image;model_dark_clouds_tr_500it;2;44 Oxoethenylidene;0.022300469483568074
HD163296_CO_2_1.image;model_dark_clouds_tr_500it;3;0 Ketene;0.01056338028169014
HD163296_CO_2_1.image;model_dark_clouds_tr_500it;4;1 1,3,5-Hexatriynyl;0.01056338028169014
HD163296_CO_2_1.image;model_dark_clouds_tr_500it;5;2 Oxonium hydride;0.01056338028169014
HD163296_CO_2_1.image;model_dark_clouds_2_500it;1;42 Silicon Monoxide;0.39788732394366194
HD163296_CO_2_1.image;model_dark_clouds_2_500it;2;0 Ketene;0.01056338028169014
HD163296_CO_2_1.image;model_dark_clouds_2_500it;3;1 1,3,5-Hexatriynyl;0.01056338028169014
HD163296_CO_2_1.image;model_dark_clouds_2_500it;4;2 Oxonium hydride;0.01056338028169014
HD163296_CO_2_1.image;model_dark_clouds_2_500it;5;3 Vinyl Cyanide;0.01056338028169014
HD163296_CO_2_1.image;model_dark_clouds_full_500it;1;45 Propynylidynium;0.39788732394366194
HD163296_CO_2_1.image;model_dark_clouds_full_500it;2;0 Ketene;0.01056338028169014
HD163296_CO_2_1.image;model_dark_clouds_full_500it;3;1 1,3,5-Hexatriynyl;0.01056338028169014
HD163296_CO_2_1.image;model_dark_clouds_full_500it;4;2 Oxonium hydride;0.01056338028169014
HD163296_CO_2_1.image;model_dark_clouds_full_500it;5;3 Vinyl Cyanide;0.01056338028169014
HD163296_CO_2_1.image;model_dark_clouds_full_expanded_00002_500it;1;46 Carbon Monoxide;0.39788732394366194
HD163296_CO_2_1.image;model_dark_clouds_full_expanded_00002_500it;2;0 Ketene;0.01056338028169014
HD163296_CO_2_1.image;model_dark_clouds_full_expanded_00002_500it;3;1 1,3,5-Hexatriynyl;0.01056338028169014
HD163296_CO_2_1.image;model_dark_clouds_full_expanded_00002_500it;4;2 Oxonium hydride;0.01056338028169014
HD163296_CO_2_1.image;model_dark_clouds_full_expanded_00002_500it;5;3 Vinyl Cyanide;0.01056338028169014
HD163296_CO_2_1.image;model_dark_clouds_full_expanded_00010_500it;1;28 Cyanobutadiyne;0.3509389671361502
HD163296_CO_2_1.image;model_dark_clouds_full_expanded_00010_500it;2;46 Carbon Monoxide;0.05751173708920188
HD163296_CO_2_1.image;model_dark_clouds_full_expanded_00010_500it;3;0 Ketene;0.01056338028169014
HD163296_CO_2_1.image;model_dark_clouds_full_expanded_00010_500it;4;1 1,3,5-Hexatriynyl;0.01056338028169014
HD163296_CO_2_1.image;model_dark_clouds_full_expanded_00010_500it;5;2 Oxonium hydride;0.01056338028169014
HD163296_CO_2_1.image;model_dark_clouds_full_expanded_00200_500it;1;2 Oxonium hydride;0.39788732394366194
HD163296_CO_2_1.image;model_dark_clouds_full_expanded_00200_500it;2;0 Ketene;0.01056338028169014
HD163296_CO_2_1.image;model_dark_clouds_full_expanded_00200_500it;3;1 1,3,5-Hexatriynyl;0.01056338028169014
HD163296_CO_2_1.image;model_dark_clouds_full_expanded_00200_500it;4;3 Vinyl Cyanide;0.01056338028169014
HD163296_CO_2_1.image;model_dark_clouds_full_expanded_00200_500it;5;4 Hydroxyl;0.01056338028169014
TWHydra_CO3_2line.image;model_dark_clouds_tr_500it;1;5 Methyliumylidene;0.28947368421052627
TWHydra_CO3_2line.image;model_dark_clouds_tr_500it;2;0 Ketene;0.012465373961218837
TWHydra_CO3_2line.image;model_dark_clouds_tr_500it;3;1 1,3,5-Hexatriynyl;0.012465373961218837
TWHydra_CO3_2line.image;model_dark_clouds_tr_500it;4;2 Oxonium hydride;0.012465373961218837
TWHydra_CO3_2line.image;model_dark_clouds_tr_500it;5;3 Vinyl Cyanide;0.012465373961218837
TWHydra_CO3_2line.image;model_dark_clouds_2_500it;1;5 Methyliumylidene;0.28947368421052627
TWHydra_CO3_2line.image;model_dark_clouds_2_500it;2;0 Ketene;0.012465373961218837
TWHydra_CO3_2line.image;model_dark_clouds_2_500it;3;1 1,3,5-Hexatriynyl;0.012465373961218837
TWHydra_CO3_2line.image;model_dark_clouds_2_500it;4;2 Oxonium hydride;0.012465373961218837
TWHydra_CO3_2line.image;model_dark_clouds_2_500it;5;3 Vinyl Cyanide;0.012465373961218837
TWHydra_CO3_2line.image;model_dark_clouds_full_500it;1;32 2,4,6,8,10-Undecapentaynenitrile;0.28947368421052627
TWHydra_CO3_2line.image;model_dark_clouds_full_500it;2;0 Ketene;0.012465373961218837
TWHydra_CO3_2line.image;model_dark_clouds_full_500it;3;1 1,3,5-Hexatriynyl;0.012465373961218837
TWHydra_CO3_2line.image;model_dark_clouds_full_500it;4;2 Oxonium hydride;0.012465373961218837
TWHydra_CO3_2line.image;model_dark_clouds_full_500it;5;3 Vinyl Cyanide;0.012465373961218837
TWHydra_CO3_2line.image;model_dark_clouds_full_expanded_00002_500it;1;46 Carbon Monoxide;0.28947368421052627
TWHydra_CO3_2line.image;model_dark_clouds_full_expanded_00002_500it;2;0 Ketene;0.012465373961218837
TWHydra_CO3_2line.image;model_dark_clouds_full_expanded_00002_500it;3;1 1,3,5-Hexatriynyl;0.012465373961218837
TWHydra_CO3_2line.image;model_dark_clouds_full_expanded_00002_500it;4;2 Oxonium hydride;0.012465373961218837
TWHydra_CO3_2line.image;model_dark_clouds_full_expanded_00002_500it;5;3 Vinyl Cyanide;0.012465373961218837
TWHydra_CO3_2line.image;model_dark_clouds_full_expanded_00010_500it;1;46 Carbon Monoxide;0.28947368421052627
TWHydra_CO3_2line.image;model_dark_clouds_full_expanded_00010_500it;2;0 Ketene;0.012465373961218837
TWHydra_CO3_2line.image;model_dark_clouds_full_expanded_00010_500it;3;1 1,3,5-Hexatriynyl;0.012465373961218837
TWHydra_CO3_2line.image;model_dark_clouds_full_expanded_00010_500it;4;2 Oxonium hydride;0.012465373961218837
TWHydra_CO3_2line.image;model_dark_clouds_full_expanded_00010_500it;5;3 Vinyl Cyanide;0.012465373961218837
TWHydra_CO3_2line.image;model_dark_clouds_full_expanded_00200_500it;1;26 1,3,5,7-Octatetraynyl anion;0.28947368421052627
TWHydra_CO3_2line.image;model_dark_clouds_full_expanded_00200_500it;2;0 Ketene;0.012465373961218837
TWHydra_CO3_2line.image;model_dark_clouds_full_expanded_00200_500it;3;1 1,3,5-Hexatriynyl;0.012465373961218837
TWHydra_CO3_2line.image;model_dark_clouds_full_expanded_00200_500it;4;2 Oxonium hydride;0.012465373961218837
TWHydra_CO3_2line.image;model_dark_clouds_full_expanded_00200_500it;5;3 Vinyl Cyanide;0.012465373961218837
Orion.HNC.cbc.contsub.image;model_dark_clouds_tr_500it;1;0 Ketene;0.017241379310344827
Orion.HNC.cbc.contsub.image;model_dark_clouds_tr_500it;2;1 1,3,5-Hexatriynyl;0.017241379310344827
Orion.HNC.cbc.contsub.image;model_dark_clouds_tr_500it;3;2 Oxonium hydride;0.017241379310344827
Orion.HNC.cbc.contsub.image;model_dark_clouds_tr_500it;4;3 Vinyl Cyanide;0.017241379310344827
Orion.HNC.cbc.contsub.image;model_dark_clouds_tr_500it;5;4 Hydroxyl;0.017241379310344827
Orion.HNC.cbc.contsub.image;model_dark_clouds_2_500it;1;0 Ketene;0.017241379310344827
Orion.HNC.cbc.contsub.image;model_dark_clouds_2_500it;2;1 1,3,5-Hexatriynyl;0.017241379310344827
Orion.HNC.cbc.contsub.image;model_dark_clouds_2_500it;3;2 Oxonium hydride;0.017241379310344827
Orion.HNC.cbc.contsub.image;model_dark_clouds_2_500it;4;3 Vinyl Cyanide;0.017241379310344827
Orion.HNC.cbc.contsub.image;model_dark_clouds_2_500it;5;4 Hydroxyl;0.017241379310344827
Orion.HNC.cbc.contsub.image;model_dark_clouds_full_500it;1;0 Ketene;0.017241379310344827
Orion.HNC.cbc.contsub.image;model_dark_clouds_full_500it;2;1 1,3,5-Hexatriynyl;0.017241379310344827
Orion.HNC.cbc.contsub.image;model_dark_clouds_full_500it;3;2 Oxonium hydride;0.017241379310344827
Orion.HNC.cbc.contsub.image;model_dark_clouds_full_500it;4;3 Vinyl Cyanide;0.017241379310344827
Orion.HNC.cbc.contsub.image;model_dark_clouds_full_500it;5;4 Hydroxyl;0.017241379310344827
Orion.HNC.cbc.contsub.image;model_dark_clouds_full_expanded_00002_500it;1;0 Ketene;0.017241379310344827
Orion.HNC.cbc.contsub.image;model_dark_clouds_full_expanded_00002_500it;2;1 1,3,5-Hexatriynyl;0.017241379310344827
Orion.HNC.cbc.contsub.image;model_dark_clouds_full_expanded_00002_500it;3;2 Oxonium hydride;0.017241379310344827
Orion.HNC.cbc.contsub.image;model_dark_clouds_full_expanded_00002_500it;4;3 Vinyl Cyanide;0.017241379310344827
Orion.HNC.cbc.contsub.image;model_dark_clouds_full_expanded_00002_500it;5;4 Hydroxyl;0.017241379310344827
Orion.HNC.cbc.contsub.image;model_dark_clouds_full_expanded_00010_500it;1;0 Ketene;0.017241379310344827
Orion.HNC.cbc.contsub.image;model_dark_clouds_full_expanded_00010_500it;2;1 1,3,5-Hexatriynyl;0.017241379310344827
Orion.HNC.cbc.contsub.image;model_dark_clouds_full_expanded_00010_500it;3;2 Oxonium hydride;0.017241379310344827
Orion.HNC.cbc.contsub.image;model_dark_clouds_full_expanded_00010_500it;4;3 Vinyl Cyanide;0.017241379310344827
Orion.HNC.cbc.contsub.image;model_dark_clouds_full_expanded_00010_500it;5;4 Hydroxyl;0.017241379310344827
Orion.HNC.cbc.contsub.image;model_dark_clouds_full_expanded_00200_500it;1;0 Ketene;0.017241379310344827
Orion.HNC.cbc.contsub.image;model_dark_clouds_full_expanded_00200_500it;2;1 1,3,5-Hexatriynyl;0.017241379310344827
Orion.HNC.cbc.contsub.image;model_dark_clouds_full_expanded_00200_500it;3;2 Oxonium hydride;0.017241379310344827
Orion.HNC.cbc.contsub.image;model_dark_clouds_full_expanded_00200_500it;4;3 Vinyl Cyanide;0.017241379310344827
Orion.HNC.cbc.contsub.image;model_dark_clouds_full_expanded_00200_500it;5;4 Hydroxyl;0.017241379310344827
TWHydra_HCOplusline.image;model_dark_clouds_tr_500it;1;17 Formylium;0.22172619047619047
TWHydra_HCOplusline.image;model_dark_clouds_tr_500it;2;22 Methanol;0.02827380952380952
TWHydra_HCOplusline.image;model_dark_clouds_tr_500it;3;0 Ketene;0.013392857142857142
TWHydra_HCOplusline.image;model_dark_clouds_tr_500it;4;1 1,3,5-Hexatriynyl;0.013392857142857142
TWHydra_HCOplusline.image;model_dark_clouds_tr_500it;5;2 Oxonium hydride;0.013392857142857142
TWHydra_HCOplusline.image;model_dark_clouds_2_500it;1;17 Formylium;0.23660714285714285
TWHydra_HCOplusline.image;model_dark_clouds_2_500it;2;0 Ketene;0.013392857142857142
TWHydra_HCOplusline.image;model_dark_clouds_2_500it;3;1 1,3,5-Hexatriynyl;0.013392857142857142
TWHydra_HCOplusline.image;model_dark_clouds_2_500it;4;2 Oxonium hydride;0.013392857142857142
TWHydra_HCOplusline.image;model_dark_clouds_2_500it;5;3 Vinyl Cyanide;0.013392857142857142
TWHydra_HCOplusline.image;model_dark_clouds_full_500it;1;48 Hexatrienyl;0.23660714285714285
TWHydra_HCOplusline.image;model_dark_clouds_full_500it;2;0 Ketene;0.013392857142857142
TWHydra_HCOplusline.image;model_dark_clouds_full_500it;3;1 1,3,5-Hexatriynyl;0.013392857142857142
TWHydra_HCOplusline.image;model_dark_clouds_full_500it;4;2 Oxonium hydride;0.013392857142857142
TWHydra_HCOplusline.image;model_dark_clouds_full_500it;5;3 Vinyl Cyanide;0.013392857142857142
TWHydra_HCOplusline.image;model_dark_clouds_full_expanded_00002_500it;1;17 Formylium;0.22172619047619047
TWHydra_HCOplusline.image;model_dark_clouds_full_expanded_00002_500it;2;0 Ketene;0.02827380952380952
TWHydra_HCOplusline.image;model_dark_clouds_full_expanded_00002_500it;3;1 1,3,5-Hexatriynyl;0.013392857142857142
TWHydra_HCOplusline.image;model_dark_clouds_full_expanded_00002_500it;4;2 Oxonium hydride;0.013392857142857142
TWHydra_HCOplusline.image;model_dark_clouds_full_expanded_00002_500it;5;3 Vinyl Cyanide;0.013392857142857142
TWHydra_HCOplusline.image;model_dark_clouds_full_expanded_00010_500it;1;17 Formylium;0.23660714285714285
TWHydra_HCOplusline.image;model_dark_clouds_full_expanded_00010_500it;2;0 Ketene;0.013392857142857142
TWHydra_HCOplusline.image;model_dark_clouds_full_expanded_00010_500it;3;1 1,3,5-Hexatriynyl;0.013392857142857142
TWHydra_HCOplusline.image;model_dark_clouds_full_expanded_00010_500it;4;2 Oxonium hydride;0.013392857142857142
TWHydra_HCOplusline.image;model_dark_clouds_full_expanded_00010_500it;5;3 Vinyl Cyanide;0.013392857142857142
TWHydra_HCOplusline.image;model_dark_clouds_full_expanded_00200_500it;1;17 Formylium;0.23660714285714285
TWHydra_HCOplusline.image;model_dark_clouds_full_expanded_00200_500it;2;0 Ketene;0.013392857142857142
TWHydra_HCOplusline.image;model_dark_clouds_full_expanded_00200_500it;3;1 1,3,5-Hexatriynyl;0.013392857142857142
TWHydra_HCOplusline.image;model_dark_clouds_full_expanded_00200_500it;4;2 Oxonium hydride;0.013392857142857142
TWHydra_HCOplusline.image;model_dark_clouds_full_expanded_00200_500it;5;3 Vinyl Cyanide;0.013392857142857142
uid___A002_Xa916fc_X668__IRS43_HCO32.final.image.pbcor;model_dark_clouds_tr_500it;1;32 2,4,6,8,10-Undecapentaynenitrile;0.3907363420427553
uid___A002_Xa916fc_X668__IRS43_HCO32.final.image.pbcor;model_dark_clouds_tr_500it;2;0 Ketene;0.010688836104513063
uid___A002_Xa916fc_X668__IRS43_HCO32.final.image.pbcor;model_dark_clouds_tr_500it;3;1 1,3,5-Hexatriynyl;0.010688836104513063
uid___A002_Xa916fc_X668__IRS43_HCO32.final.image.pbcor;model_dark_clouds_tr_500it;4;2 Oxonium hydride;0.010688836104513063
uid___A002_Xa916fc_X668__IRS43_HCO32.final.image.pbcor;model_dark_clouds_tr_500it;5;3 Vinyl Cyanide;0.010688836104513063
uid___A002_Xa916fc_X668__IRS43_HCO32.final.image.pbcor;model_dark_clouds_2_500it;1;51 Carbon Monosulfide;0.3907363420427553
uid___A002_Xa916fc_X668__IRS43_HCO32.final.image.pbcor;model_dark_clouds_2_500it;2;0 Ketene;0.010688836104513063
uid___A002_Xa916fc_X668__IRS43_HCO32.final.image.pbcor;model_dark_clouds_2_500it;3;1 1,3,5-Hexatriynyl;0.010688836104513063
uid___A002_Xa916fc_X668__IRS43_HCO32.final.image.pbcor;model_dark_clouds_2_500it;4;2 Oxonium hydride;0.010688836104513063
uid___A002_Xa916fc_X668__IRS43_HCO32.final.image.pbcor;model_dark_clouds_2_500it;5;3 Vinyl Cyanide;0.010688836104513063
uid___A002_Xa916fc_X668__IRS43_HCO32.final.image.pbcor;model_dark_clouds_full_500it;1;28 Cyanobutadiyne;0.29572446555819476
uid___A002_Xa916fc_X668__IRS43_HCO32.final.image.pbcor;model_dark_clouds_full_500it;2;41 Thioxoethenylidene;0.10570071258907364
uid___A002_Xa916fc_X668__IRS43_HCO32.final.image.pbcor;model_dark_clouds_full_500it;3;0 Ketene;0.010688836104513063
uid___A002_Xa916fc_X668__IRS43_HCO32.final.image.pbcor;model_dark_clouds_full_500it;4;1 1,3,5-Hexatriynyl;0.010688836104513063
uid___A002_Xa916fc_X668__IRS43_HCO32.final.image.pbcor;model_dark_clouds_full_500it;5;2 Oxonium hydride;0.010688836104513063
uid___A002_Xa916fc_X668__IRS43_HCO32.final.image.pbcor;model_dark_clouds_full_expanded_00002_500it;1;42 Silicon Monoxide;0.3907363420427553
uid___A002_Xa916fc_X668__IRS43_HCO32.final.image.pbcor;model_dark_clouds_full_expanded_00002_500it;2;0 Ketene;0.010688836104513063
uid___A002_Xa916fc_X668__IRS43_HCO32.final.image.pbcor;model_dark_clouds_full_expanded_00002_500it;3;1 1,3,5-Hexatriynyl;0.010688836104513063
uid___A002_Xa916fc_X668__IRS43_HCO32.final.image.pbcor;model_dark_clouds_full_expanded_00002_500it;4;2 Oxonium hydride;0.010688836104513063
uid___A002_Xa916fc_X668__IRS43_HCO32.final.image.pbcor;model_dark_clouds_full_expanded_00002_500it;5;3 Vinyl Cyanide;0.010688836104513063
uid___A002_Xa916fc_X668__IRS43_HCO32.final.image.pbcor;model_dark_clouds_full_expanded_00010_500it;1;17 Formylium;0.3907363420427553
uid___A002_Xa916fc_X668__IRS43_HCO32.final.image.pbcor;model_dark_clouds_full_expanded_00010_500it;2;0 Ketene;0.010688836104513063
uid___A002_Xa916fc_X668__IRS43_HCO32.final.image.pbcor;model_dark_clouds_full_expanded_00010_500it;3;1 1,3,5-Hexatriynyl;0.010688836104513063
uid___A002_Xa916fc_X668__IRS43_HCO32.final.image.pbcor;model_dark_clouds_full_expanded_00010_500it;4;2 Oxonium hydride;0.010688836104513063
uid___A002_Xa916fc_X668__IRS43_HCO32.final.image.pbcor;model_dark_clouds_full_expanded_00010_500it;5;3 Vinyl Cyanide;0.010688836104513063
uid___A002_Xa916fc_X668__IRS43_HCO32.final.image.pbcor;model_dark_clouds_full_expanded_00200_500it;1;17 Formylium;0.3907363420427553
uid___A002_Xa916fc_X668__IRS43_HCO32.final.image.pbcor;model_dark_clouds_full_expanded_00200_500it;2;0 Ketene;0.010688836104513063
uid___A002_Xa916fc_X668__IRS43_HCO32.final.image.pbcor;model_dark_clouds_full_expanded_00200_500it;3;1 1,3,5-Hexatriynyl;0.010688836104513063
uid___A002_Xa916fc_X668__IRS43_HCO32.final.image.pbcor;model_dark_clouds_full_expanded_00200_500it;4;2 Oxonium hydride;0.010688836104513063
uid___A002_Xa916fc_X668__IRS43_HCO32.final.image.pbcor;model_dark_clouds_full_expanded_00200_500it;5;3 Vinyl Cyanide;0.010688836104513063
Orion.methanol.cbc.contsub.image;model_dark_clouds_tr_500it;1;0 Ketene;0.017241379310344827
Orion.methanol.cbc.contsub.image;model_dark_clouds_tr_500it;2;1 1,3,5-Hexatriynyl;0.017241379310344827
Orion.methanol.cbc.contsub.image;model_dark_clouds_tr_500it;3;2 Oxonium hydride;0.017241379310344827
Orion.methanol.cbc.contsub.image;model_dark_clouds_tr_500it;4;3 Vinyl Cyanide;0.017241379310344827
Orion.methanol.cbc.contsub.image;model_dark_clouds_tr_500it;5;4 Hydroxyl;0.017241379310344827
Orion.methanol.cbc.contsub.image;model_dark_clouds_2_500it;1;0 Ketene;0.017241379310344827
Orion.methanol.cbc.contsub.image;model_dark_clouds_2_500it;2;1 1,3,5-Hexatriynyl;0.017241379310344827
Orion.methanol.cbc.contsub.image;model_dark_clouds_2_500it;3;2 Oxonium hydride;0.017241379310344827
Orion.methanol.cbc.contsub.image;model_dark_clouds_2_500it;4;3 Vinyl Cyanide;0.017241379310344827
Orion.methanol.cbc.contsub.image;model_dark_clouds_2_500it;5;4 Hydroxyl;0.017241379310344827
Orion.methanol.cbc.contsub.image;model_dark_clouds_full_500it;1;0 Ketene;0.017241379310344827
Orion.methanol.cbc.contsub.image;model_dark_clouds_full_500it;2;1 1,3,5-Hexatriynyl;0.017241379310344827
Orion.methanol.cbc.contsub.image;model_dark_clouds_full_500it;3;2 Oxonium hydride;0.017241379310344827
Orion.methanol.cbc.contsub.image;model_dark_clouds_full_500it;4;3 Vinyl Cyanide;0.017241379310344827
Orion.methanol.cbc.contsub.image;model_dark_clouds_full_500it;5;4 Hydroxyl;0.017241379310344827
Orion.methanol.cbc.contsub.image;model_dark_clouds_full_expanded_00002_500it;1;0 Ketene;0.017241379310344827
Orion.methanol.cbc.contsub.image;model_dark_clouds_full_expanded_00002_500it;2;1 1,3,5-Hexatriynyl;0.017241379310344827
Orion.methanol.cbc.contsub.image;model_dark_clouds_full_expanded_00002_500it;3;2 Oxonium hydride;0.017241379310344827
Orion.methanol.cbc.contsub.image;model_dark_clouds_full_expanded_00002_500it;4;3 Vinyl Cyanide;0.017241379310344827
Orion.methanol.cbc.contsub.image;model_dark_clouds_full_expanded_00002_500it;5;4 Hydroxyl;0.017241379310344827
Orion.methanol.cbc.contsub.image;model_dark_clouds_full_expanded_00010_500it;1;0 Ketene;0.017241379310344827
Orion.methanol.cbc.contsub.image;model_dark_clouds_full_expanded_00010_500it;2;1 1,3,5-Hexatriynyl;0.017241379310344827
Orion.methanol.cbc.contsub.image;model_dark_clouds_full_expanded_00010_500it;3;2 Oxonium hydride;0.017241379310344827
Orion.methanol.cbc.contsub.image;model_dark_clouds_full_expanded_00010_500it;4;3 Vinyl Cyanide;0.017241379310344827
Orion.methanol.cbc.contsub.image;model_dark_clouds_full_expanded_00010_500it;5;4 Hydroxyl;0.017241379310344827
Orion.methanol.cbc.contsub.image;model_dark_clouds_full_expanded_00200_500it;1;0 Ketene;0.017241379310344827
Orion.methanol.cbc.contsub.image;model_dark_clouds_full_expanded_00200_500it;2;1 1,3,5-Hexatriynyl;0.017241379310344827
Orion.methanol.cbc.contsub.image;model_dark_clouds_full_expanded_00200_500it;3;2 Oxonium hydride;0.017241379310344827
Orion.methanol.cbc.contsub.image;model_dark_clouds_full_expanded_00200_500it;4;3 Vinyl Cyanide;0.017241379310344827
Orion.methanol.cbc.contsub.image;model_dark_clouds_full_expanded_00200_500it;5;4 Hydroxyl;0.017241379310344827
