1;5 Methyliumylidene;0.43275488069414314
2;38 Hydrogen Cyanide;0.020607375271149673
3;0 Ketene;0.009761388286334056
4;1 1,3,5-Hexatriynyl;0.009761388286334056
5;2 Oxonium hydride;0.009761388286334056
6;3 Vinyl Cyanide;0.009761388286334056
7;4 Hydroxyl;0.009761388286334056
8;6 Carbon Monosulfide;0.009761388286334056
9;7 Cyanomethyl;0.009761388286334056
10;8 Methyl Acetylene;0.009761388286334056
11;9 Ethyl Cyanide;0.009761388286334056
12;10 2,4-Pentadiynylidyne;0.009761388286334056
13;11 4-Cyano-1,3-Butadiynyl;0.009761388286334056
14;12 Water;0.009761388286334056
15;13 Hydrogen sulfide;0.009761388286334056
16;14 Methylene amidogen;0.009761388286334056
17;15 1,3-Butadiynyl radical;0.009761388286334056
18;16 2,4,6,8-Nonatetraynenitrile;0.009761388286334056
19;17 Formylium;0.009761388286334056
20;18 Cyanoallene;0.009761388286334056
21;19 Trihydrogen ion;0.009761388286334056
22;20 Methylcyanodiacetylene;0.009761388286334056
23;21 2,4,6-Heptatriynenitrile;0.009761388286334056
24;22 Methanol;0.009761388286334056
25;23 Ammonia;0.009761388286334056
26;24 Methyl Cyanide;0.009761388286334056
27;25 1,3,5-Hexatriynyl anion;0.009761388286334056
28;26 1,3,5,7-Octatetraynyl anion;0.009761388286334056
29;27 3-Thioxo-1,2-Propadieylidene;0.009761388286334056
30;28 Cyanobutadiyne;0.009761388286334056
31;29 Nitric sulfide;0.009761388286334056
32;30 Sulfur dioxide;0.009761388286334056
33;31 Hydrochloric acid;0.009761388286334056
34;32 2,4,6,8,10-Undecapentaynenitrile;0.009761388286334056
35;33 Cyanide Radical;0.009761388286334056
36;34 Nitric oxide;0.009761388286334056
37;35 Formaldehyde;0.009761388286334056
38;36 Sulfur Monoxide;0.009761388286334056
39;37 Methyltriacetylene;0.009761388286334056
40;39 Methyl diacetylene;0.009761388286334056
41;40 Methylidyne;0.009761388286334056
42;41 Thioxoethenylidene;0.009761388286334056
43;42 Silicon Monoxide;0.009761388286334056
44;43 1,3,5,7-Octatetraynyl;0.009761388286334056
45;44 Oxoethenylidene;0.009761388286334056
46;45 Propynylidynium;0.009761388286334056
47;46 Carbon Monoxide;0.009761388286334056
48;47 Thioformaldehyde;0.009761388286334056
49;48 Hexatrienyl;0.009761388286334056
50;49 Diazenylium;0.009761388286334056
51;50 Hydrogen Isocyanide;0.009761388286334056
52;51 Carbon Monosulfide;0.009761388286334056
53;52 Methylamine;0.009761388286334056
54;53 Formic Acid;0.009761388286334056
55;54 Cyclopropenylidene;0.009761388286334056
56;55 Cyanoacetylene;0.009761388286334056
57;56 para-Oxidaniumyl;0.009761388286334056
58;57 ortho-Oxidaniumyl;0.009761388286334056
