1;34 Formylium;0.2201834862385321
2;18 Cyclopropenylidene;0.03669724770642201
3;20 Methanol;0.03669724770642201
4;0 Methylidyne;0.021406727828746173
5;1 1,3-Butadiynyl radical;0.021406727828746173
6;2 Formaldehyde;0.021406727828746173
7;3 Sulfur dioxide;0.021406727828746173
8;4 Carbon Monoxide;0.021406727828746173
9;5 Water;0.021406727828746173
10;6 Carbon Monoxide Ion;0.021406727828746173
11;7 Nitric sulfide;0.021406727828746173
12;8 Isocyanic Acid;0.021406727828746173
13;9 Methyliumylidene;0.021406727828746173
14;10 Cyanide Radical;0.021406727828746173
15;11 Ethynyl;0.021406727828746173
16;12 Carbonyl Sulfide;0.021406727828746173
17;13 Hydroxyl;0.021406727828746173
18;14 Diazenylium;0.021406727828746173
19;15 Thioxoethenylidene;0.021406727828746173
20;16 Nitric oxide;0.021406727828746173
21;17 Methyl Cyanide;0.021406727828746173
22;19 Methanimine;0.021406727828746173
23;21 Thioformaldehyde;0.021406727828746173
24;22 Ammonia;0.021406727828746173
25;23 Cyanamide;0.021406727828746173
26;24 Cyanoacetylene;0.021406727828746173
27;25 Sodium Chloride;0.021406727828746173
28;26 Silicon Monoxide;0.021406727828746173
29;27 Sulfur Monoxide;0.021406727828746173
30;28 Protonated Carbon Dioxide;0.021406727828746173
31;29 Hydrogen Cyanide;0.021406727828746173
32;30 Carbon Monosulfide;0.021406727828746173
33;31 Hydrogen sulfide;0.021406727828746173
34;32 Molecular oxygen;0.021406727828746173
35;33 Hydrogen Isocyanide;0.021406727828746173
36;35 Methyl Acetylene;0.021406727828746173
