1;132 Cyanic acid;0.1908831908831909
2;121 Vinyl Alcohol;0.034188034188034185
3;40 Potassium cyanide, potassium isocyanide;0.01994301994301994
4;123 Cyanoethynylide ion;0.01994301994301994
5;0 Dimethyl ether;0.005698005698005698
6;1 Butatrienylidene;0.005698005698005698
7;2 Trihydrogen ion;0.005698005698005698
8;3 Nitrous Oxide;0.005698005698005698
9;4 Methyl Acetylene;0.005698005698005698
10;5 2,4,6-Heptatriynenitrile;0.005698005698005698
11;6 Ethylene Glycol;0.005698005698005698
12;7 2,4-Pentadiynylidyne;0.005698005698005698
13;8 Methyl Cyanide;0.005698005698005698
14;9 Thioformylium;0.005698005698005698
15;10 para-Oxidaniumyl;0.005698005698005698
16;11 Hydrogen Cyanide;0.005698005698005698
17;12 Titanium monoxide;0.005698005698005698
18;13 Cyanide Radical;0.005698005698005698
19;14 Formic Acid;0.005698005698005698
20;15 Nitric sulfide;0.005698005698005698
21;16 Iminomethylium;0.005698005698005698
22;17 Aluminum monoxide;0.005698005698005698
23;18 Methyl isocyanate;0.005698005698005698
24;19 Nitrosyl hydride;0.005698005698005698
25;20 Propynylidynium;0.005698005698005698
26;21 Magnesium Cyanide;0.005698005698005698
27;22 1,3-Butadiynyl anion;0.005698005698005698
28;23 Diazenylium;0.005698005698005698
29;24 Methylamine;0.005698005698005698
30;25 Chloronium;0.005698005698005698
31;26 Silicon monosulfide;0.005698005698005698
32;27 Phosphorus Monoxide;0.005698005698005698
33;28 Cyclopropenone;0.005698005698005698
34;29 Carbon Monoxide Ion;0.005698005698005698
35;30 Sodium Cyanide;0.005698005698005698
36;31 Nitric oxide;0.005698005698005698
37;32 3-Thioxo-1,2-Propadieylidene;0.005698005698005698
38;33 Silicon Cyanide;0.005698005698005698
39;34 Ethyne Isocyanide;0.005698005698005698
40;35 Sodium Chloride;0.005698005698005698
41;36 Cyanoacetylene;0.005698005698005698
42;37 Sulfur Monoxide;0.005698005698005698
43;38 Aluminum Isocyanitrile;0.005698005698005698
44;39 Cyanobutadiyne;0.005698005698005698
45;41 Silicon Mononitride;0.005698005698005698
46;42 Carbon Monoxide;0.005698005698005698
47;43 Propadienylidene;0.005698005698005698
48;44 Methanimine;0.005698005698005698
49;45 Aluminum Monofluoride;0.005698005698005698
50;46 Formamide;0.005698005698005698
51;47 1,3,5,7-Octatetraynyl anion;0.005698005698005698
52;48 Aminoacetonitrile;0.005698005698005698
53;49 Ammonia;0.005698005698005698
54;50 gauche-Ethanol;0.005698005698005698
55;51 Protonate 2-proynenitrile;0.005698005698005698
56;52 Carbonyl Sulfide;0.005698005698005698
57;53 Thioxoethenylidene;0.005698005698005698
58;54 Ethyl cyanide;0.005698005698005698
59;55 Water;0.005698005698005698
60;56 Methyl Formate;0.005698005698005698
61;57 Acetaldehyde;0.005698005698005698
62;58 Ketenimine;0.005698005698005698
63;59 Propenal;0.005698005698005698
64;60 Methyl isocyanide;0.005698005698005698
65;61 iso-propyl cyanide;0.005698005698005698
66;62 Hydrogen cyanide;0.005698005698005698
67;63 Protonated Carbon Dioxide;0.005698005698005698
68;64 Methylidyne;0.005698005698005698
69;65 Ketene;0.005698005698005698
70;66 4-Cyano-1,3-Butadiynyl;0.005698005698005698
71;67 Silicon Monoxide;0.005698005698005698
72;68 Acetone;0.005698005698005698
73;69 Vinyl Cyanide;0.005698005698005698
74;70 3-Imino-1,2 Propadienylidene;0.005698005698005698
75;71 Silicon monoxide (global fit);0.005698005698005698
76;72 Cyclopropenylidene;0.005698005698005698
77;73 Magnesium Isocyanide;0.005698005698005698
78;74 2,4,6-Heptatriynylidyne;0.005698005698005698
79;75 Cyanobutadiynylide anion;0.005698005698005698
80;76 Formaldehyde;0.005698005698005698
81;77 Carbon Monosulfide;0.005698005698005698
82;78 Fulminic acid;0.005698005698005698
83;79 1,3,5-Hexatriynyl;0.005698005698005698
84;80 3-Silanetetrayl-1,2-Propadienylidene;0.005698005698005698
85;81 1,3-Butadiynyl radical;0.005698005698005698
86;82 trans-Ethanol;0.005698005698005698
87;83 Silicon Carbide;0.005698005698005698
88;84 1,3,5-Hexatriynyl anion;0.005698005698005698
89;85 Formylium;0.005698005698005698
90;86 Ethylene Oxide;0.005698005698005698
91;87 Sulfur dioxide;0.005698005698005698
92;88 Carbon Monophosphide;0.005698005698005698
93;89 Sulfur Monoxide ion;0.005698005698005698
94;90 Methanol;0.005698005698005698
95;91 Sulfur Dioxide;0.005698005698005698
96;92 Cyanoformaldehyde;0.005698005698005698
97;93 Isocyanic Acid;0.005698005698005698
98;94 Silicon Isocyanide;0.005698005698005698
99;95 Methylene amidogen;0.005698005698005698
100;96 Silicon Monocarbide;0.005698005698005698
101;97 Phosphaethyne;0.005698005698005698
102;98 Aluminum Monochloride;0.005698005698005698
103;99 Cyanoallene;0.005698005698005698
104;100 3-Oxo-1,2-Propadienylidene;0.005698005698005698
105;101 Methyl diacetylene;0.005698005698005698
106;102 Cyanomethylene;0.005698005698005698
107;103 Phosphapropynylidyne;0.005698005698005698
108;104 Cyanomethyl;0.005698005698005698
109;105 Hydrogen Isocyanide;0.005698005698005698
110;106 Hydrogen sulfide;0.005698005698005698
111;107 Hydroxyl;0.005698005698005698
112;108 Glycolaldehyde;0.005698005698005698
113;109 Cyanide anion;0.005698005698005698
114;110 2-Propynal;0.005698005698005698
115;111 Ethynyl;0.005698005698005698
116;112 Phosphorous nitride;0.005698005698005698
117;113 Magnesium hydride isocyanide;0.005698005698005698
118;114 Potassium chloride;0.005698005698005698
119;115 Silicon tetracarbide;0.005698005698005698
120;116 Ethyl Cyanide;0.005698005698005698
121;117 Cyanamide;0.005698005698005698
122;118 Amidogen;0.005698005698005698
123;119 Hydroxymethylidyne;0.005698005698005698
124;120 Formyl Radical;0.005698005698005698
125;122 ortho-Oxidaniumyl;0.005698005698005698
126;124 Oxoethenylidene;0.005698005698005698
127;125 2-Butynenitrile;0.005698005698005698
128;126 Cyanoethynyl;0.005698005698005698
129;127 3-Cyano-1,2-propadienylidene;0.005698005698005698
130;128 Hydroxymethylium ion;0.005698005698005698
131;129 Thioformaldehyde;0.005698005698005698
132;130 Isothiocyanic acid;0.005698005698005698
133;131 Methyl formate, v<sub>t</sub> = 0, 1;0.005698005698005698
