1;28 Hydrogen Isocyanide;0.3790123456790123
2;29 Formylium;0.03333333333333333
3;0 Methylidyne;0.020987654320987655
4;1 Formaldehyde;0.020987654320987655
5;2 Sulfur dioxide;0.020987654320987655
6;3 Carbon Monoxide;0.020987654320987655
7;4 Acetaldehyde;0.020987654320987655
8;5 Water;0.020987654320987655
9;6 Imidogen;0.020987654320987655
10;7 Carbon Monoxide Ion;0.020987654320987655
11;8 Nitric sulfide;0.020987654320987655
12;9 Isocyanic Acid;0.020987654320987655
13;10 Formic Acid;0.020987654320987655
14;11 Amidogen;0.020987654320987655
15;12 Ethylene Glycol;0.020987654320987655
16;13 Methyliumylidene;0.020987654320987655
17;14 Cyanide Radical;0.020987654320987655
18;15 Carbonyl Sulfide;0.020987654320987655
19;16 Hydroxyl;0.020987654320987655
20;17 Nitric oxide;0.020987654320987655
21;18 Methyl Cyanide;0.020987654320987655
22;19 Cyclopropenylidene;0.020987654320987655
23;20 Sulfur Monoxide ion;0.020987654320987655
24;21 Methanol;0.020987654320987655
25;22 Thioformaldehyde;0.020987654320987655
26;23 Ammonia;0.020987654320987655
27;24 Cyanoacetylene;0.020987654320987655
28;25 Hydrogen Cyanide;0.020987654320987655
29;26 Hydrogen sulfide;0.020987654320987655
30;27 Molecular oxygen;0.020987654320987655
