1;15 Carbonyl Sulfide;0.391358024691358
2;0 Methylidyne;0.020987654320987655
3;1 Formaldehyde;0.020987654320987655
4;2 Sulfur dioxide;0.020987654320987655
5;3 Carbon Monoxide;0.020987654320987655
6;4 Acetaldehyde;0.020987654320987655
7;5 Water;0.020987654320987655
8;6 Imidogen;0.020987654320987655
9;7 Carbon Monoxide Ion;0.020987654320987655
10;8 Nitric sulfide;0.020987654320987655
11;9 Isocyanic Acid;0.020987654320987655
12;10 Formic Acid;0.020987654320987655
13;11 Amidogen;0.020987654320987655
14;12 Ethylene Glycol;0.020987654320987655
15;13 Methyliumylidene;0.020987654320987655
16;14 Cyanide Radical;0.020987654320987655
17;16 Hydroxyl;0.020987654320987655
18;17 Nitric oxide;0.020987654320987655
19;18 Methyl Cyanide;0.020987654320987655
20;19 Cyclopropenylidene;0.020987654320987655
21;20 Sulfur Monoxide ion;0.020987654320987655
22;21 Methanol;0.020987654320987655
23;22 Thioformaldehyde;0.020987654320987655
24;23 Ammonia;0.020987654320987655
25;24 Cyanoacetylene;0.020987654320987655
26;25 Hydrogen Cyanide;0.020987654320987655
27;26 Hydrogen sulfide;0.020987654320987655
28;27 Molecular oxygen;0.020987654320987655
29;28 Hydrogen Isocyanide;0.020987654320987655
30;29 Formylium;0.020987654320987655
