TWHydra_CO3_2line.image;model_comets_tr_500it;1;3 Carbon Monoxide;0.43626373626373627
TWHydra_CO3_2line.image;model_comets_tr_500it;2;4 Acetaldehyde;0.029670329670329672
TWHydra_CO3_2line.image;model_comets_tr_500it;3;8 Nitric sulfide;0.029670329670329672
TWHydra_CO3_2line.image;model_comets_tr_500it;4;0 Methylidyne;0.01868131868131868
TWHydra_CO3_2line.image;model_comets_tr_500it;5;1 Formaldehyde;0.01868131868131868
TWHydra_CO3_2line.image;model_comets_2_500it;1;28 Hydrogen Isocyanide;0.4582417582417583
TWHydra_CO3_2line.image;model_comets_2_500it;2;0 Methylidyne;0.01868131868131868
TWHydra_CO3_2line.image;model_comets_2_500it;3;1 Formaldehyde;0.01868131868131868
TWHydra_CO3_2line.image;model_comets_2_500it;4;2 Sulfur dioxide;0.01868131868131868
TWHydra_CO3_2line.image;model_comets_2_500it;5;3 Carbon Monoxide;0.01868131868131868
TWHydra_CO3_2line.image;model_comets_full_500it;1;29 Formylium;0.42674418604651165
TWHydra_CO3_2line.image;model_comets_full_500it;2;0 Methylidyne;0.019767441860465116
TWHydra_CO3_2line.image;model_comets_full_500it;3;1 Formaldehyde;0.019767441860465116
TWHydra_CO3_2line.image;model_comets_full_500it;4;2 Sulfur dioxide;0.019767441860465116
TWHydra_CO3_2line.image;model_comets_full_500it;5;3 Carbon Monoxide;0.019767441860465116
TWHydra_CO3_2line.image;model_comets_full_expanded_00002_500it;1;3 Carbon Monoxide;0.42674418604651165
TWHydra_CO3_2line.image;model_comets_full_expanded_00002_500it;2;0 Methylidyne;0.019767441860465116
TWHydra_CO3_2line.image;model_comets_full_expanded_00002_500it;3;1 Formaldehyde;0.019767441860465116
TWHydra_CO3_2line.image;model_comets_full_expanded_00002_500it;4;2 Sulfur dioxide;0.019767441860465116
TWHydra_CO3_2line.image;model_comets_full_expanded_00002_500it;5;4 Acetaldehyde;0.019767441860465116
TWHydra_CO3_2line.image;model_comets_full_expanded_00010_500it;1;29 Formylium;0.42674418604651165
TWHydra_CO3_2line.image;model_comets_full_expanded_00010_500it;2;0 Methylidyne;0.019767441860465116
TWHydra_CO3_2line.image;model_comets_full_expanded_00010_500it;3;1 Formaldehyde;0.019767441860465116
TWHydra_CO3_2line.image;model_comets_full_expanded_00010_500it;4;2 Sulfur dioxide;0.019767441860465116
TWHydra_CO3_2line.image;model_comets_full_expanded_00010_500it;5;3 Carbon Monoxide;0.019767441860465116
uid___A002_Xa916fc_X668__IRS43_HCO32.final.image.pbcor;model_comets_tr_500it;1;13 Methyliumylidene;0.7471794871794871
uid___A002_Xa916fc_X668__IRS43_HCO32.final.image.pbcor;model_comets_tr_500it;2;0 Methylidyne;0.008717948717948718
uid___A002_Xa916fc_X668__IRS43_HCO32.final.image.pbcor;model_comets_tr_500it;3;1 Formaldehyde;0.008717948717948718
uid___A002_Xa916fc_X668__IRS43_HCO32.final.image.pbcor;model_comets_tr_500it;4;2 Sulfur dioxide;0.008717948717948718
uid___A002_Xa916fc_X668__IRS43_HCO32.final.image.pbcor;model_comets_tr_500it;5;3 Carbon Monoxide;0.008717948717948718
uid___A002_Xa916fc_X668__IRS43_HCO32.final.image.pbcor;model_comets_2_500it;1;29 Formylium;0.7471794871794871
uid___A002_Xa916fc_X668__IRS43_HCO32.final.image.pbcor;model_comets_2_500it;2;0 Methylidyne;0.008717948717948718
uid___A002_Xa916fc_X668__IRS43_HCO32.final.image.pbcor;model_comets_2_500it;3;1 Formaldehyde;0.008717948717948718
uid___A002_Xa916fc_X668__IRS43_HCO32.final.image.pbcor;model_comets_2_500it;4;2 Sulfur dioxide;0.008717948717948718
uid___A002_Xa916fc_X668__IRS43_HCO32.final.image.pbcor;model_comets_2_500it;5;3 Carbon Monoxide;0.008717948717948718
uid___A002_Xa916fc_X668__IRS43_HCO32.final.image.pbcor;model_comets_full_500it;1;29 Formylium;0.5304761904761905
uid___A002_Xa916fc_X668__IRS43_HCO32.final.image.pbcor;model_comets_full_500it;2;0 Methylidyne;0.01619047619047619
uid___A002_Xa916fc_X668__IRS43_HCO32.final.image.pbcor;model_comets_full_500it;3;1 Formaldehyde;0.01619047619047619
uid___A002_Xa916fc_X668__IRS43_HCO32.final.image.pbcor;model_comets_full_500it;4;2 Sulfur dioxide;0.01619047619047619
uid___A002_Xa916fc_X668__IRS43_HCO32.final.image.pbcor;model_comets_full_500it;5;3 Carbon Monoxide;0.01619047619047619
uid___A002_Xa916fc_X668__IRS43_HCO32.final.image.pbcor;model_comets_full_expanded_00002_500it;1;3 Carbon Monoxide;0.5304761904761905
uid___A002_Xa916fc_X668__IRS43_HCO32.final.image.pbcor;model_comets_full_expanded_00002_500it;2;0 Methylidyne;0.01619047619047619
uid___A002_Xa916fc_X668__IRS43_HCO32.final.image.pbcor;model_comets_full_expanded_00002_500it;3;1 Formaldehyde;0.01619047619047619
uid___A002_Xa916fc_X668__IRS43_HCO32.final.image.pbcor;model_comets_full_expanded_00002_500it;4;2 Sulfur dioxide;0.01619047619047619
uid___A002_Xa916fc_X668__IRS43_HCO32.final.image.pbcor;model_comets_full_expanded_00002_500it;5;4 Acetaldehyde;0.01619047619047619
uid___A002_Xa916fc_X668__IRS43_HCO32.final.image.pbcor;model_comets_full_expanded_00010_500it;1;27 Molecular oxygen;0.5304761904761905
uid___A002_Xa916fc_X668__IRS43_HCO32.final.image.pbcor;model_comets_full_expanded_00010_500it;2;0 Methylidyne;0.01619047619047619
uid___A002_Xa916fc_X668__IRS43_HCO32.final.image.pbcor;model_comets_full_expanded_00010_500it;3;1 Formaldehyde;0.01619047619047619
uid___A002_Xa916fc_X668__IRS43_HCO32.final.image.pbcor;model_comets_full_expanded_00010_500it;4;2 Sulfur dioxide;0.01619047619047619
uid___A002_Xa916fc_X668__IRS43_HCO32.final.image.pbcor;model_comets_full_expanded_00010_500it;5;3 Carbon Monoxide;0.01619047619047619
Orion.HNC.cbc.contsub.image;model_comets_tr_500it;1;28 Hydrogen Isocyanide;0.391358024691358
Orion.HNC.cbc.contsub.image;model_comets_tr_500it;2;0 Methylidyne;0.020987654320987655
Orion.HNC.cbc.contsub.image;model_comets_tr_500it;3;1 Formaldehyde;0.020987654320987655
Orion.HNC.cbc.contsub.image;model_comets_tr_500it;4;2 Sulfur dioxide;0.020987654320987655
Orion.HNC.cbc.contsub.image;model_comets_tr_500it;5;3 Carbon Monoxide;0.020987654320987655
Orion.HNC.cbc.contsub.image;model_comets_2_500it;1;28 Hydrogen Isocyanide;0.391358024691358
Orion.HNC.cbc.contsub.image;model_comets_2_500it;2;0 Methylidyne;0.020987654320987655
Orion.HNC.cbc.contsub.image;model_comets_2_500it;3;1 Formaldehyde;0.020987654320987655
Orion.HNC.cbc.contsub.image;model_comets_2_500it;4;2 Sulfur dioxide;0.020987654320987655
Orion.HNC.cbc.contsub.image;model_comets_2_500it;5;3 Carbon Monoxide;0.020987654320987655
Orion.HNC.cbc.contsub.image;model_comets_full_500it;1;13 Methyliumylidene;0.3172839506172839
Orion.HNC.cbc.contsub.image;model_comets_full_500it;2;7 Carbon Monoxide Ion;0.09506172839506173
Orion.HNC.cbc.contsub.image;model_comets_full_500it;3;0 Methylidyne;0.020987654320987655
Orion.HNC.cbc.contsub.image;model_comets_full_500it;4;1 Formaldehyde;0.020987654320987655
Orion.HNC.cbc.contsub.image;model_comets_full_500it;5;2 Sulfur dioxide;0.020987654320987655
Orion.HNC.cbc.contsub.image;model_comets_full_expanded_00002_500it;1;28 Hydrogen Isocyanide;0.391358024691358
Orion.HNC.cbc.contsub.image;model_comets_full_expanded_00002_500it;2;0 Methylidyne;0.020987654320987655
Orion.HNC.cbc.contsub.image;model_comets_full_expanded_00002_500it;3;1 Formaldehyde;0.020987654320987655
Orion.HNC.cbc.contsub.image;model_comets_full_expanded_00002_500it;4;2 Sulfur dioxide;0.020987654320987655
Orion.HNC.cbc.contsub.image;model_comets_full_expanded_00002_500it;5;3 Carbon Monoxide;0.020987654320987655
Orion.HNC.cbc.contsub.image;model_comets_full_expanded_00010_500it;1;28 Hydrogen Isocyanide;0.391358024691358
Orion.HNC.cbc.contsub.image;model_comets_full_expanded_00010_500it;2;0 Methylidyne;0.020987654320987655
Orion.HNC.cbc.contsub.image;model_comets_full_expanded_00010_500it;3;1 Formaldehyde;0.020987654320987655
Orion.HNC.cbc.contsub.image;model_comets_full_expanded_00010_500it;4;2 Sulfur dioxide;0.020987654320987655
Orion.HNC.cbc.contsub.image;model_comets_full_expanded_00010_500it;5;3 Carbon Monoxide;0.020987654320987655
TWHydra_HCOplusline.image;model_comets_tr_500it;1;29 Formylium;0.39878048780487807
TWHydra_HCOplusline.image;model_comets_tr_500it;2;0 Methylidyne;0.020731707317073172
TWHydra_HCOplusline.image;model_comets_tr_500it;3;1 Formaldehyde;0.020731707317073172
TWHydra_HCOplusline.image;model_comets_tr_500it;4;2 Sulfur dioxide;0.020731707317073172
TWHydra_HCOplusline.image;model_comets_tr_500it;5;3 Carbon Monoxide;0.020731707317073172
TWHydra_HCOplusline.image;model_comets_2_500it;1;13 Methyliumylidene;0.39878048780487807
TWHydra_HCOplusline.image;model_comets_2_500it;2;0 Methylidyne;0.020731707317073172
TWHydra_HCOplusline.image;model_comets_2_500it;3;1 Formaldehyde;0.020731707317073172
TWHydra_HCOplusline.image;model_comets_2_500it;4;2 Sulfur dioxide;0.020731707317073172
TWHydra_HCOplusline.image;model_comets_2_500it;5;3 Carbon Monoxide;0.020731707317073172
TWHydra_HCOplusline.image;model_comets_full_500it;1;13 Methyliumylidene;0.35974025974025975
TWHydra_HCOplusline.image;model_comets_full_500it;2;0 Methylidyne;0.02207792207792208
TWHydra_HCOplusline.image;model_comets_full_500it;3;1 Formaldehyde;0.02207792207792208
TWHydra_HCOplusline.image;model_comets_full_500it;4;2 Sulfur dioxide;0.02207792207792208
TWHydra_HCOplusline.image;model_comets_full_500it;5;3 Carbon Monoxide;0.02207792207792208
TWHydra_HCOplusline.image;model_comets_full_expanded_00002_500it;1;29 Formylium;0.35974025974025975
TWHydra_HCOplusline.image;model_comets_full_expanded_00002_500it;2;0 Methylidyne;0.02207792207792208
TWHydra_HCOplusline.image;model_comets_full_expanded_00002_500it;3;1 Formaldehyde;0.02207792207792208
TWHydra_HCOplusline.image;model_comets_full_expanded_00002_500it;4;2 Sulfur dioxide;0.02207792207792208
TWHydra_HCOplusline.image;model_comets_full_expanded_00002_500it;5;3 Carbon Monoxide;0.02207792207792208
TWHydra_HCOplusline.image;model_comets_full_expanded_00010_500it;1;29 Formylium;0.35974025974025975
TWHydra_HCOplusline.image;model_comets_full_expanded_00010_500it;2;0 Methylidyne;0.02207792207792208
TWHydra_HCOplusline.image;model_comets_full_expanded_00010_500it;3;1 Formaldehyde;0.02207792207792208
TWHydra_HCOplusline.image;model_comets_full_expanded_00010_500it;4;2 Sulfur dioxide;0.02207792207792208
TWHydra_HCOplusline.image;model_comets_full_expanded_00010_500it;5;3 Carbon Monoxide;0.02207792207792208
HD163296_CO_2_1.image;model_comets_tr_500it;1;29 Formylium;0.5750000000000001
HD163296_CO_2_1.image;model_comets_tr_500it;2;0 Methylidyne;0.014655172413793103
HD163296_CO_2_1.image;model_comets_tr_500it;3;1 Formaldehyde;0.014655172413793103
HD163296_CO_2_1.image;model_comets_tr_500it;4;2 Sulfur dioxide;0.014655172413793103
HD163296_CO_2_1.image;model_comets_tr_500it;5;3 Carbon Monoxide;0.014655172413793103
HD163296_CO_2_1.image;model_comets_2_500it;1;13 Methyliumylidene;0.5750000000000001
HD163296_CO_2_1.image;model_comets_2_500it;2;0 Methylidyne;0.014655172413793103
HD163296_CO_2_1.image;model_comets_2_500it;3;1 Formaldehyde;0.014655172413793103
HD163296_CO_2_1.image;model_comets_2_500it;4;2 Sulfur dioxide;0.014655172413793103
HD163296_CO_2_1.image;model_comets_2_500it;5;3 Carbon Monoxide;0.014655172413793103
HD163296_CO_2_1.image;model_comets_full_500it;1;13 Methyliumylidene;0.253030303030303
HD163296_CO_2_1.image;model_comets_full_500it;2;0 Methylidyne;0.025757575757575757
HD163296_CO_2_1.image;model_comets_full_500it;3;1 Formaldehyde;0.025757575757575757
HD163296_CO_2_1.image;model_comets_full_500it;4;2 Sulfur dioxide;0.025757575757575757
HD163296_CO_2_1.image;model_comets_full_500it;5;3 Carbon Monoxide;0.025757575757575757
HD163296_CO_2_1.image;model_comets_full_expanded_00002_500it;1;3 Carbon Monoxide;0.23787878787878786
HD163296_CO_2_1.image;model_comets_full_expanded_00002_500it;2;16 Hydroxyl;0.04090909090909091
HD163296_CO_2_1.image;model_comets_full_expanded_00002_500it;3;0 Methylidyne;0.025757575757575757
HD163296_CO_2_1.image;model_comets_full_expanded_00002_500it;4;1 Formaldehyde;0.025757575757575757
HD163296_CO_2_1.image;model_comets_full_expanded_00002_500it;5;2 Sulfur dioxide;0.025757575757575757
HD163296_CO_2_1.image;model_comets_full_expanded_00010_500it;1;3 Carbon Monoxide;0.253030303030303
HD163296_CO_2_1.image;model_comets_full_expanded_00010_500it;2;0 Methylidyne;0.025757575757575757
HD163296_CO_2_1.image;model_comets_full_expanded_00010_500it;3;1 Formaldehyde;0.025757575757575757
HD163296_CO_2_1.image;model_comets_full_expanded_00010_500it;4;2 Sulfur dioxide;0.025757575757575757
HD163296_CO_2_1.image;model_comets_full_expanded_00010_500it;5;4 Acetaldehyde;0.025757575757575757
Orion.methanol.cbc.contsub.image;model_comets_tr_500it;1;13 Methyliumylidene;0.391358024691358
Orion.methanol.cbc.contsub.image;model_comets_tr_500it;2;0 Methylidyne;0.020987654320987655
Orion.methanol.cbc.contsub.image;model_comets_tr_500it;3;1 Formaldehyde;0.020987654320987655
Orion.methanol.cbc.contsub.image;model_comets_tr_500it;4;2 Sulfur dioxide;0.020987654320987655
Orion.methanol.cbc.contsub.image;model_comets_tr_500it;5;3 Carbon Monoxide;0.020987654320987655
Orion.methanol.cbc.contsub.image;model_comets_2_500it;1;13 Methyliumylidene;0.391358024691358
Orion.methanol.cbc.contsub.image;model_comets_2_500it;2;0 Methylidyne;0.020987654320987655
Orion.methanol.cbc.contsub.image;model_comets_2_500it;3;1 Formaldehyde;0.020987654320987655
Orion.methanol.cbc.contsub.image;model_comets_2_500it;4;2 Sulfur dioxide;0.020987654320987655
Orion.methanol.cbc.contsub.image;model_comets_2_500it;5;3 Carbon Monoxide;0.020987654320987655
Orion.methanol.cbc.contsub.image;model_comets_full_500it;1;28 Hydrogen Isocyanide;0.3172839506172839
Orion.methanol.cbc.contsub.image;model_comets_full_500it;2;7 Carbon Monoxide Ion;0.09506172839506173
Orion.methanol.cbc.contsub.image;model_comets_full_500it;3;0 Methylidyne;0.020987654320987655
Orion.methanol.cbc.contsub.image;model_comets_full_500it;4;1 Formaldehyde;0.020987654320987655
Orion.methanol.cbc.contsub.image;model_comets_full_500it;5;2 Sulfur dioxide;0.020987654320987655
Orion.methanol.cbc.contsub.image;model_comets_full_expanded_00002_500it;1;28 Hydrogen Isocyanide;0.3790123456790123
Orion.methanol.cbc.contsub.image;model_comets_full_expanded_00002_500it;2;29 Formylium;0.03333333333333333
Orion.methanol.cbc.contsub.image;model_comets_full_expanded_00002_500it;3;0 Methylidyne;0.020987654320987655
Orion.methanol.cbc.contsub.image;model_comets_full_expanded_00002_500it;4;1 Formaldehyde;0.020987654320987655
Orion.methanol.cbc.contsub.image;model_comets_full_expanded_00002_500it;5;2 Sulfur dioxide;0.020987654320987655
Orion.methanol.cbc.contsub.image;model_comets_full_expanded_00010_500it;1;15 Carbonyl Sulfide;0.391358024691358
Orion.methanol.cbc.contsub.image;model_comets_full_expanded_00010_500it;2;0 Methylidyne;0.020987654320987655
Orion.methanol.cbc.contsub.image;model_comets_full_expanded_00010_500it;3;1 Formaldehyde;0.020987654320987655
Orion.methanol.cbc.contsub.image;model_comets_full_expanded_00010_500it;4;2 Sulfur dioxide;0.020987654320987655
Orion.methanol.cbc.contsub.image;model_comets_full_expanded_00010_500it;5;3 Carbon Monoxide;0.020987654320987655
