1;29 Formylium;0.42674418604651165
2;0 Methylidyne;0.019767441860465116
3;1 Formaldehyde;0.019767441860465116
4;2 Sulfur dioxide;0.019767441860465116
5;3 Carbon Monoxide;0.019767441860465116
6;4 Acetaldehyde;0.019767441860465116
7;5 Water;0.019767441860465116
8;6 Imidogen;0.019767441860465116
9;7 Carbon Monoxide Ion;0.019767441860465116
10;8 Nitric sulfide;0.019767441860465116
11;9 Isocyanic Acid;0.019767441860465116
12;10 Formic Acid;0.019767441860465116
13;11 Amidogen;0.019767441860465116
14;12 Ethylene Glycol;0.019767441860465116
15;13 Methyliumylidene;0.019767441860465116
16;14 Cyanide Radical;0.019767441860465116
17;15 Carbonyl Sulfide;0.019767441860465116
18;16 Hydroxyl;0.019767441860465116
19;17 Nitric oxide;0.019767441860465116
20;18 Methyl Cyanide;0.019767441860465116
21;19 Cyclopropenylidene;0.019767441860465116
22;20 Sulfur Monoxide ion;0.019767441860465116
23;21 Methanol;0.019767441860465116
24;22 Thioformaldehyde;0.019767441860465116
25;23 Ammonia;0.019767441860465116
26;24 Cyanoacetylene;0.019767441860465116
27;25 Hydrogen Cyanide;0.019767441860465116
28;26 Hydrogen sulfide;0.019767441860465116
29;27 Molecular oxygen;0.019767441860465116
30;28 Hydrogen Isocyanide;0.019767441860465116
