1;29 Formylium;0.7471794871794871
2;0 Methylidyne;0.008717948717948718
3;1 Formaldehyde;0.008717948717948718
4;2 Sulfur dioxide;0.008717948717948718
5;3 Carbon Monoxide;0.008717948717948718
6;4 Acetaldehyde;0.008717948717948718
7;5 Water;0.008717948717948718
8;6 Imidogen;0.008717948717948718
9;7 Carbon Monoxide Ion;0.008717948717948718
10;8 Nitric sulfide;0.008717948717948718
11;9 Isocyanic Acid;0.008717948717948718
12;10 Formic Acid;0.008717948717948718
13;11 Amidogen;0.008717948717948718
14;12 Ethylene Glycol;0.008717948717948718
15;13 Methyliumylidene;0.008717948717948718
16;14 Cyanide Radical;0.008717948717948718
17;15 Carbonyl Sulfide;0.008717948717948718
18;16 Hydroxyl;0.008717948717948718
19;17 Nitric oxide;0.008717948717948718
20;18 Methyl Cyanide;0.008717948717948718
21;19 Cyclopropenylidene;0.008717948717948718
22;20 Sulfur Monoxide ion;0.008717948717948718
23;21 Methanol;0.008717948717948718
24;22 Thioformaldehyde;0.008717948717948718
25;23 Ammonia;0.008717948717948718
26;24 Cyanoacetylene;0.008717948717948718
27;25 Hydrogen Cyanide;0.008717948717948718
28;26 Hydrogen sulfide;0.008717948717948718
29;27 Molecular oxygen;0.008717948717948718
30;28 Hydrogen Isocyanide;0.008717948717948718
