1;3 Carbon Monoxide;0.5304761904761905
2;0 Methylidyne;0.01619047619047619
3;1 Formaldehyde;0.01619047619047619
4;2 Sulfur dioxide;0.01619047619047619
5;4 Acetaldehyde;0.01619047619047619
6;5 Water;0.01619047619047619
7;6 Imidogen;0.01619047619047619
8;7 Carbon Monoxide Ion;0.01619047619047619
9;8 Nitric sulfide;0.01619047619047619
10;9 Isocyanic Acid;0.01619047619047619
11;10 Formic Acid;0.01619047619047619
12;11 Amidogen;0.01619047619047619
13;12 Ethylene Glycol;0.01619047619047619
14;13 Methyliumylidene;0.01619047619047619
15;14 Cyanide Radical;0.01619047619047619
16;15 Carbonyl Sulfide;0.01619047619047619
17;16 Hydroxyl;0.01619047619047619
18;17 Nitric oxide;0.01619047619047619
19;18 Methyl Cyanide;0.01619047619047619
20;19 Cyclopropenylidene;0.01619047619047619
21;20 Sulfur Monoxide ion;0.01619047619047619
22;21 Methanol;0.01619047619047619
23;22 Thioformaldehyde;0.01619047619047619
24;23 Ammonia;0.01619047619047619
25;24 Cyanoacetylene;0.01619047619047619
26;25 Hydrogen Cyanide;0.01619047619047619
27;26 Hydrogen sulfide;0.01619047619047619
28;27 Molecular oxygen;0.01619047619047619
29;28 Hydrogen Isocyanide;0.01619047619047619
30;29 Formylium;0.01619047619047619
