1;30 Carbon Monosulfide;0.15064102564102566
2;15 Thioxoethenylidene;0.038461538461538464
3;26 Silicon Monoxide;0.038461538461538464
4;29 Hydrogen Cyanide;0.038461538461538464
5;31 Hydrogen sulfide;0.038461538461538464
6;0 Methylidyne;0.022435897435897436
7;1 1,3-Butadiynyl radical;0.022435897435897436
8;2 Formaldehyde;0.022435897435897436
9;3 Sulfur dioxide;0.022435897435897436
10;4 Carbon Monoxide;0.022435897435897436
11;5 Water;0.022435897435897436
12;6 Carbon Monoxide Ion;0.022435897435897436
13;7 Nitric sulfide;0.022435897435897436
14;8 Isocyanic Acid;0.022435897435897436
15;9 Methyliumylidene;0.022435897435897436
16;10 Cyanide Radical;0.022435897435897436
17;11 Ethynyl;0.022435897435897436
18;12 Carbonyl Sulfide;0.022435897435897436
19;13 Hydroxyl;0.022435897435897436
20;14 Diazenylium;0.022435897435897436
21;16 Nitric oxide;0.022435897435897436
22;17 Methyl Cyanide;0.022435897435897436
23;18 Cyclopropenylidene;0.022435897435897436
24;19 Methanimine;0.022435897435897436
25;20 Methanol;0.022435897435897436
26;21 Thioformaldehyde;0.022435897435897436
27;22 Ammonia;0.022435897435897436
28;23 Cyanamide;0.022435897435897436
29;24 Cyanoacetylene;0.022435897435897436
30;25 Sodium Chloride;0.022435897435897436
31;27 Sulfur Monoxide;0.022435897435897436
32;28 Protonated Carbon Dioxide;0.022435897435897436
33;32 Molecular oxygen;0.022435897435897436
34;33 Hydrogen Isocyanide;0.022435897435897436
35;34 Formylium;0.022435897435897436
36;35 Methyl Acetylene;0.022435897435897436
