1;56 Carbon Monoxide;0.08592321755027424
2;51 Methylidyne;0.031078610603290677
3;0 1,3,5-Hexatriynyl;0.012797074954296161
4;1 Silicon monosulfide;0.012797074954296161
5;2 Vinyl Cyanide;0.012797074954296161
6;3 Hydroxyl;0.012797074954296161
7;4 Methyliumylidene;0.012797074954296161
8;5 Aluminum Isocyanitrile;0.012797074954296161
9;6 Carbon Monosulfide;0.012797074954296161
10;7 Methyl Acetylene;0.012797074954296161
11;8 1,3-Butadiynyl anion;0.012797074954296161
12;9 Butatrienylidene;0.012797074954296161
13;10 2,4-Pentadiynylidyne;0.012797074954296161
14;11 Aluminum Monochloride;0.012797074954296161
15;12 4-Cyano-1,3-Butadiynyl;0.012797074954296161
16;13 Silicon monosulfide;0.012797074954296161
17;14 Water;0.012797074954296161
18;15 Hydrogen sulfide;0.012797074954296161
19;16 1,3-Butadiynyl radical;0.012797074954296161
20;17 Formylium;0.012797074954296161
21;18 Trihydrogen ion;0.012797074954296161
22;19 Methanimine;0.012797074954296161
23;20 Phosphorus Monoxide;0.012797074954296161
24;21 Methyl Cyanide;0.012797074954296161
25;22 Magnesium Isocyanide;0.012797074954296161
26;23 1,3,5-Hexatriynyl anion;0.012797074954296161
27;24 Phosphaethyne;0.012797074954296161
28;25 1,3,5,7-Octatetraynyl anion;0.012797074954296161
29;26 Silicon Monocarbide;0.012797074954296161
30;27 Cyanomethylene;0.012797074954296161
31;28 3-Thioxo-1,2-Propadieylidene;0.012797074954296161
32;29 Cyanobutadiyne;0.012797074954296161
33;30 Silicon Isocyanide;0.012797074954296161
34;31 Potassium chloride;0.012797074954296161
35;32 3-Oxo-1,2-Propadienylidene;0.012797074954296161
36;33 Silicon Carbide;0.012797074954296161
37;34 3-Cyano-1,2-propadienylidene;0.012797074954296161
38;35 Nitric sulfide;0.012797074954296161
39;36 Sulfur dioxide;0.012797074954296161
40;37 Ethyne Isocyanide;0.012797074954296161
41;38 Cyanoethynylide ion;0.012797074954296161
42;39 Cyanide Radical;0.012797074954296161
43;40 Carbon Monoxide Ion;0.012797074954296161
44;41 Cyanobutadiynylide anion;0.012797074954296161
45;42 Aluminum Monofluoride;0.012797074954296161
46;43 Formaldehyde;0.012797074954296161
47;44 Sulfur Monoxide;0.012797074954296161
48;45 Silicon tetracarbide;0.012797074954296161
49;46 Ethynyl;0.012797074954296161
50;47 Sodium Chloride;0.012797074954296161
51;48 Hydrogen Cyanide;0.012797074954296161
52;49 Sodium Cyanide;0.012797074954296161
53;50 3-Imino-1,2 Propadienylidene;0.012797074954296161
54;52 Thioxoethenylidene;0.012797074954296161
55;53 Silicon Monoxide;0.012797074954296161
56;54 1,3,5,7-Octatetraynyl;0.012797074954296161
57;55 Silicon Mononitride;0.012797074954296161
58;57 Phosphorous nitride;0.012797074954296161
59;58 Carbon Monophosphide;0.012797074954296161
60;59 Thioformaldehyde;0.012797074954296161
61;60 Hexatrienyl;0.012797074954296161
62;61 Hydrogen Isocyanide;0.012797074954296161
63;62 Carbon Monosulfide;0.012797074954296161
64;63 Silicon Cyanide;0.012797074954296161
65;64 2,4,6-Heptatriynylidyne;0.012797074954296161
66;65 Cyclopropenylidene;0.012797074954296161
67;66 Cyanoacetylene;0.012797074954296161
68;67 Magnesium Cyanide;0.012797074954296161
69;68 3-Silanetetrayl-1,2-Propadienyli;0.012797074954296161
70;69 Cyanoethynyl;0.012797074954296161
71;70 Phosphapropynylidyne;0.012797074954296161
