1;2 Oxonium hydride;0.03380782918149466
2;22 Methanol;0.03380782918149466
3;46 Carbon Monoxide;0.03380782918149466
4;47 Thioformaldehyde;0.03380782918149466
5;0 Ketene;0.01601423487544484
6;1 1,3,5-Hexatriynyl;0.01601423487544484
7;3 Vinyl Cyanide;0.01601423487544484
8;4 Hydroxyl;0.01601423487544484
9;5 Methyliumylidene;0.01601423487544484
10;6 Carbon Monosulfide;0.01601423487544484
11;7 Cyanomethyl;0.01601423487544484
12;8 Methyl Acetylene;0.01601423487544484
13;9 Ethyl Cyanide;0.01601423487544484
14;10 2,4-Pentadiynylidyne;0.01601423487544484
15;11 4-Cyano-1,3-Butadiynyl;0.01601423487544484
16;12 Water;0.01601423487544484
17;13 Hydrogen sulfide;0.01601423487544484
18;14 Methylene amidogen;0.01601423487544484
19;15 1,3-Butadiynyl radical;0.01601423487544484
20;16 2,4,6,8-Nonatetraynenitrile;0.01601423487544484
21;17 Formylium;0.01601423487544484
22;18 Cyanoallene;0.01601423487544484
23;19 Trihydrogen ion;0.01601423487544484
24;20 Methylcyanodiacetylene;0.01601423487544484
25;21 2,4,6-Heptatriynenitrile;0.01601423487544484
26;23 Ammonia;0.01601423487544484
27;24 Methyl Cyanide;0.01601423487544484
28;25 1,3,5-Hexatriynyl anion;0.01601423487544484
29;26 1,3,5,7-Octatetraynyl anion;0.01601423487544484
30;27 3-Thioxo-1,2-Propadieylidene;0.01601423487544484
31;28 Cyanobutadiyne;0.01601423487544484
32;29 Nitric sulfide;0.01601423487544484
33;30 Sulfur dioxide;0.01601423487544484
34;31 Hydrochloric acid;0.01601423487544484
35;32 2,4,6,8,10-Undecapentaynenitrile;0.01601423487544484
36;33 Cyanide Radical;0.01601423487544484
37;34 Nitric oxide;0.01601423487544484
38;35 Formaldehyde;0.01601423487544484
39;36 Sulfur Monoxide;0.01601423487544484
40;37 Methyltriacetylene;0.01601423487544484
41;38 Hydrogen Cyanide;0.01601423487544484
42;39 Methyl diacetylene;0.01601423487544484
43;40 Methylidyne;0.01601423487544484
44;41 Thioxoethenylidene;0.01601423487544484
45;42 Silicon Monoxide;0.01601423487544484
46;43 1,3,5,7-Octatetraynyl;0.01601423487544484
47;44 Oxoethenylidene;0.01601423487544484
48;45 Propynylidynium;0.01601423487544484
49;48 Hexatrienyl;0.01601423487544484
50;49 Diazenylium;0.01601423487544484
51;50 Hydrogen Isocyanide;0.01601423487544484
52;51 Carbon Monosulfide;0.01601423487544484
53;52 Methylamine;0.01601423487544484
54;53 Formic Acid;0.01601423487544484
55;54 Cyclopropenylidene;0.01601423487544484
56;55 Cyanoacetylene;0.01601423487544484
57;56 para-Oxidaniumyl;0.01601423487544484
58;57 ortho-Oxidaniumyl;0.01601423487544484
