1;32 2,4,6,8,10-Undecapentaynenitrile;0.5892586989409986
2;8 Methyl Acetylene;0.014372163388804841
3;43 1,3,5,7-Octatetraynyl;0.014372163388804841
4;48 Hexatrienyl;0.014372163388804841
5;0 Ketene;0.006807866868381241
6;1 1,3,5-Hexatriynyl;0.006807866868381241
7;2 Oxonium hydride;0.006807866868381241
8;3 Vinyl Cyanide;0.006807866868381241
9;4 Hydroxyl;0.006807866868381241
10;5 Methyliumylidene;0.006807866868381241
11;6 Carbon Monosulfide;0.006807866868381241
12;7 Cyanomethyl;0.006807866868381241
13;9 Ethyl Cyanide;0.006807866868381241
14;10 2,4-Pentadiynylidyne;0.006807866868381241
15;11 4-Cyano-1,3-Butadiynyl;0.006807866868381241
16;12 Water;0.006807866868381241
17;13 Hydrogen sulfide;0.006807866868381241
18;14 Methylene amidogen;0.006807866868381241
19;15 1,3-Butadiynyl radical;0.006807866868381241
20;16 2,4,6,8-Nonatetraynenitrile;0.006807866868381241
21;17 Formylium;0.006807866868381241
22;18 Cyanoallene;0.006807866868381241
23;19 Trihydrogen ion;0.006807866868381241
24;20 Methylcyanodiacetylene;0.006807866868381241
25;21 2,4,6-Heptatriynenitrile;0.006807866868381241
26;22 Methanol;0.006807866868381241
27;23 Ammonia;0.006807866868381241
28;24 Methyl Cyanide;0.006807866868381241
29;25 1,3,5-Hexatriynyl anion;0.006807866868381241
30;26 1,3,5,7-Octatetraynyl anion;0.006807866868381241
31;27 3-Thioxo-1,2-Propadieylidene;0.006807866868381241
32;28 Cyanobutadiyne;0.006807866868381241
33;29 Nitric sulfide;0.006807866868381241
34;30 Sulfur dioxide;0.006807866868381241
35;31 Hydrochloric acid;0.006807866868381241
36;33 Cyanide Radical;0.006807866868381241
37;34 Nitric oxide;0.006807866868381241
38;35 Formaldehyde;0.006807866868381241
39;36 Sulfur Monoxide;0.006807866868381241
40;37 Methyltriacetylene;0.006807866868381241
41;38 Hydrogen Cyanide;0.006807866868381241
42;39 Methyl diacetylene;0.006807866868381241
43;40 Methylidyne;0.006807866868381241
44;41 Thioxoethenylidene;0.006807866868381241
45;42 Silicon Monoxide;0.006807866868381241
46;44 Oxoethenylidene;0.006807866868381241
47;45 Propynylidynium;0.006807866868381241
48;46 Carbon Monoxide;0.006807866868381241
49;47 Thioformaldehyde;0.006807866868381241
50;49 Diazenylium;0.006807866868381241
51;50 Hydrogen Isocyanide;0.006807866868381241
52;51 Carbon Monosulfide;0.006807866868381241
53;52 Methylamine;0.006807866868381241
54;53 Formic Acid;0.006807866868381241
55;54 Cyclopropenylidene;0.006807866868381241
56;55 Cyanoacetylene;0.006807866868381241
57;56 para-Oxidaniumyl;0.006807866868381241
58;57 ortho-Oxidaniumyl;0.006807866868381241
