1;46 Carbon Monoxide;0.15916398713826366
2;32 2,4,6,8,10-Undecapentaynenitrile;0.030546623794212215
3;0 Ketene;0.014469453376205787
4;1 1,3,5-Hexatriynyl;0.014469453376205787
5;2 Oxonium hydride;0.014469453376205787
6;3 Vinyl Cyanide;0.014469453376205787
7;4 Hydroxyl;0.014469453376205787
8;5 Methyliumylidene;0.014469453376205787
9;6 Carbon Monosulfide;0.014469453376205787
10;7 Cyanomethyl;0.014469453376205787
11;8 Methyl Acetylene;0.014469453376205787
12;9 Ethyl Cyanide;0.014469453376205787
13;10 2,4-Pentadiynylidyne;0.014469453376205787
14;11 4-Cyano-1,3-Butadiynyl;0.014469453376205787
15;12 Water;0.014469453376205787
16;13 Hydrogen sulfide;0.014469453376205787
17;14 Methylene amidogen;0.014469453376205787
18;15 1,3-Butadiynyl radical;0.014469453376205787
19;16 2,4,6,8-Nonatetraynenitrile;0.014469453376205787
20;17 Formylium;0.014469453376205787
21;18 Cyanoallene;0.014469453376205787
22;19 Trihydrogen ion;0.014469453376205787
23;20 Methylcyanodiacetylene;0.014469453376205787
24;21 2,4,6-Heptatriynenitrile;0.014469453376205787
25;22 Methanol;0.014469453376205787
26;23 Ammonia;0.014469453376205787
27;24 Methyl Cyanide;0.014469453376205787
28;25 1,3,5-Hexatriynyl anion;0.014469453376205787
29;26 1,3,5,7-Octatetraynyl anion;0.014469453376205787
30;27 3-Thioxo-1,2-Propadieylidene;0.014469453376205787
31;28 Cyanobutadiyne;0.014469453376205787
32;29 Nitric sulfide;0.014469453376205787
33;30 Sulfur dioxide;0.014469453376205787
34;31 Hydrochloric acid;0.014469453376205787
35;33 Cyanide Radical;0.014469453376205787
36;34 Nitric oxide;0.014469453376205787
37;35 Formaldehyde;0.014469453376205787
38;36 Sulfur Monoxide;0.014469453376205787
39;37 Methyltriacetylene;0.014469453376205787
40;38 Hydrogen Cyanide;0.014469453376205787
41;39 Methyl diacetylene;0.014469453376205787
42;40 Methylidyne;0.014469453376205787
43;41 Thioxoethenylidene;0.014469453376205787
44;42 Silicon Monoxide;0.014469453376205787
45;43 1,3,5,7-Octatetraynyl;0.014469453376205787
46;44 Oxoethenylidene;0.014469453376205787
47;45 Propynylidynium;0.014469453376205787
48;47 Thioformaldehyde;0.014469453376205787
49;48 Hexatrienyl;0.014469453376205787
50;49 Diazenylium;0.014469453376205787
51;50 Hydrogen Isocyanide;0.014469453376205787
52;51 Carbon Monosulfide;0.014469453376205787
53;52 Methylamine;0.014469453376205787
54;53 Formic Acid;0.014469453376205787
55;54 Cyclopropenylidene;0.014469453376205787
56;55 Cyanoacetylene;0.014469453376205787
57;56 para-Oxidaniumyl;0.014469453376205787
58;57 ortho-Oxidaniumyl;0.014469453376205787
