1;81 Silicon Isocyanide;0.23495702005730654
2;19 Magnesium Cyanide;0.03438395415472779
3;114 Thioformaldehyde;0.03438395415472779
4;56 Hydrogen cyanide;0.020057306590257874
5;103 Cyanamide;0.020057306590257874
6;108 ortho-Oxidaniumyl;0.020057306590257874
7;0 Dimethyl ether;0.005730659025787965
8;1 Butatrienylidene;0.005730659025787965
9;2 Trihydrogen ion;0.005730659025787965
10;3 Nitrous Oxide;0.005730659025787965
11;4 Methyl Acetylene;0.005730659025787965
12;5 Ethylene Glycol;0.005730659025787965
13;6 Methyl Cyanide;0.005730659025787965
14;7 Thioformylium;0.005730659025787965
15;8 para-Oxidaniumyl;0.005730659025787965
16;9 Hydrogen Cyanide;0.005730659025787965
17;10 Titanium monoxide;0.005730659025787965
18;11 Cyanide Radical;0.005730659025787965
19;12 Formic Acid;0.005730659025787965
20;13 Nitric sulfide;0.005730659025787965
21;14 Iminomethylium;0.005730659025787965
22;15 Aluminum monoxide;0.005730659025787965
23;16 Methyl isocyanate;0.005730659025787965
24;17 Nitrosyl hydride;0.005730659025787965
25;18 Propynylidynium;0.005730659025787965
26;20 Diazenylium;0.005730659025787965
27;21 Methylamine;0.005730659025787965
28;22 Chloronium;0.005730659025787965
29;23 Silicon monosulfide;0.005730659025787965
30;24 Phosphorus Monoxide;0.005730659025787965
31;25 Cyclopropenone;0.005730659025787965
32;26 Carbon Monoxide Ion;0.005730659025787965
33;27 Sodium Cyanide;0.005730659025787965
34;28 Nitric oxide;0.005730659025787965
35;29 Silicon Cyanide;0.005730659025787965
36;30 Ethyne Isocyanide;0.005730659025787965
37;31 Sodium Chloride;0.005730659025787965
38;32 Cyanoacetylene;0.005730659025787965
39;33 Sulfur Monoxide;0.005730659025787965
40;34 Aluminum Isocyanitrile;0.005730659025787965
41;35 Cyanobutadiyne;0.005730659025787965
42;36 Silicon Mononitride;0.005730659025787965
43;37 Carbon Monoxide;0.005730659025787965
44;38 Propadienylidene;0.005730659025787965
45;39 Methanimine;0.005730659025787965
46;40 Aluminum Monofluoride;0.005730659025787965
47;41 Formamide;0.005730659025787965
48;42 Aminoacetonitrile;0.005730659025787965
49;43 Ammonia;0.005730659025787965
50;44 gauche-Ethanol;0.005730659025787965
51;45 Protonate 2-proynenitrile;0.005730659025787965
52;46 Carbonyl Sulfide;0.005730659025787965
53;47 Thioxoethenylidene;0.005730659025787965
54;48 Ethyl cyanide;0.005730659025787965
55;49 Water;0.005730659025787965
56;50 Methyl Formate;0.005730659025787965
57;51 Acetaldehyde;0.005730659025787965
58;52 Ketenimine;0.005730659025787965
59;53 Propenal;0.005730659025787965
60;54 Methyl isocyanide;0.005730659025787965
61;55 iso-propyl cyanide;0.005730659025787965
62;57 Protonated Carbon Dioxide;0.005730659025787965
63;58 Methylidyne;0.005730659025787965
64;59 Ketene;0.005730659025787965
65;60 Silicon Monoxide;0.005730659025787965
66;61 Acetone;0.005730659025787965
67;62 Vinyl Cyanide;0.005730659025787965
68;63 Silicon monoxide (global fit);0.005730659025787965
69;64 Cyclopropenylidene;0.005730659025787965
70;65 Magnesium Isocyanide;0.005730659025787965
71;66 Cyanobutadiynylide anion;0.005730659025787965
72;67 Formaldehyde;0.005730659025787965
73;68 Carbon Monosulfide;0.005730659025787965
74;69 Fulminic acid;0.005730659025787965
75;70 trans-Ethanol;0.005730659025787965
76;71 Silicon Carbide;0.005730659025787965
77;72 Formylium;0.005730659025787965
78;73 Ethylene Oxide;0.005730659025787965
79;74 Sulfur dioxide;0.005730659025787965
80;75 Carbon Monophosphide;0.005730659025787965
81;76 Sulfur Monoxide ion;0.005730659025787965
82;77 Methanol;0.005730659025787965
83;78 Sulfur Dioxide;0.005730659025787965
84;79 Cyanoformaldehyde;0.005730659025787965
85;80 Isocyanic Acid;0.005730659025787965
86;82 Methylene amidogen;0.005730659025787965
87;83 Silicon Monocarbide;0.005730659025787965
88;84 Phosphaethyne;0.005730659025787965
89;85 Aluminum Monochloride;0.005730659025787965
90;86 Cyanoallene;0.005730659025787965
91;87 Methyl diacetylene;0.005730659025787965
92;88 Cyanomethylene;0.005730659025787965
93;89 Phosphapropynylidyne;0.005730659025787965
94;90 Cyanomethyl;0.005730659025787965
95;91 Hydrogen Isocyanide;0.005730659025787965
96;92 Hydrogen sulfide;0.005730659025787965
97;93 Hydroxyl;0.005730659025787965
98;94 Glycolaldehyde;0.005730659025787965
99;95 Cyanide anion;0.005730659025787965
100;96 2-Propynal;0.005730659025787965
101;97 Ethynyl;0.005730659025787965
102;98 Phosphorous nitride;0.005730659025787965
103;99 Magnesium hydride isocyanide;0.005730659025787965
104;100 Potassium chloride;0.005730659025787965
105;101 Silicon tetracarbide;0.005730659025787965
106;102 Ethyl Cyanide;0.005730659025787965
107;104 Amidogen;0.005730659025787965
108;105 Hydroxymethylidyne;0.005730659025787965
109;106 Formyl Radical;0.005730659025787965
110;107 Vinyl Alcohol;0.005730659025787965
111;109 Cyanoethynylide ion;0.005730659025787965
112;110 Oxoethenylidene;0.005730659025787965
113;111 2-Butynenitrile;0.005730659025787965
114;112 Cyanoethynyl;0.005730659025787965
115;113 Hydroxymethylium ion;0.005730659025787965
116;115 Isothiocyanic acid;0.005730659025787965
117;116 Cyanic acid;0.005730659025787965
