1;0 Methanol;0.012987012987012988
2;1 Hydrogen fluoride;0.012987012987012988
3;2 Nitric oxide;0.012987012987012988
4;3 Formylium;0.012987012987012988
5;4 Sodium Chloride;0.012987012987012988
6;5 Sulfur dioxide;0.012987012987012988
7;6 para-Oxidaniumyl;0.012987012987012988
8;7 Sulfur Monoxide;0.012987012987012988
9;8 Butatrienylidene;0.012987012987012988
10;9 Carbon Monoxide;0.012987012987012988
11;10 Nitrous Oxide;0.012987012987012988
12;11 Cyanoacetylene;0.012987012987012988
13;12 Carbonyl Sulfide;0.012987012987012988
14;13 Molecular oxygen;0.012987012987012988
15;14 ortho-Oxidaniumyl;0.012987012987012988
16;15 Water;0.012987012987012988
17;16 Iminomethylium;0.012987012987012988
18;17 Hydrochloric acid;0.012987012987012988
19;18 Acetylene;0.012987012987012988
20;19 Hydrogen Cyanide;0.012987012987012988
