¡MATCH! Model[model_alma_band_6_2_500it] FITS[../../FITS/HD163296_CO_2_1.image.fits]: 0.45920745920745915
¡MATCH! Model[model_alma_band_6_2_500it] FITS[../../FITS/Orion.HNC.cbc.contsub.image.fits]: 0.020958083832335325
¡MATCH! Model[model_alma_band_6_full_500it] FITS[../../FITS/HD163296_CO_2_1.image.fits]: 0.17948717948717946
¡MATCH! Model[model_alma_band_6_full_500it] FITS[../../FITS/Orion.HNC.cbc.contsub.image.fits]: 0.24550898203592808
¡MATCH! Model[model_alma_band_6_full_500it] FITS[../../FITS/TWHydra_CO3_2line.image.fits]: 0.36263736263736257
¡MATCH! Model[model_alma_band_6_full_expanded_00002_500it] FITS[../../FITS/DMTau.CS_5-4.image.fits]: 0.009943181818181816
¡MATCH! Model[model_alma_band_6_full_expanded_00010_500it] FITS[../../FITS/HD163296_CO_2_1.image.fits]: 0.4475524475524475
¡MATCH! Model[model_alma_band_6_full_expanded_00010_500it] FITS[../../FITS/uid___A002_Xa916fc_X668__IRS43_HCO32.final.image.pbcor.fits]: 0.6291079812206573
¡MATCH! Model[model_hot_cores_2_500it] FITS[../../FITS/TWHydra_HCOplusline.image.fits]: 0.26956521739130435
¡MATCH! Model[model_hot_cores_full_500it] FITS[../../FITS/Orion.HNC.cbc.contsub.image.fits]: 0.23380281690140847
¡MATCH! Model[model_hot_cores_full_expanded_00002_500it] FITS[../../FITS/DMTau.CS_5-4.image.fits]: 0.01103448275862069
¡MATCH! Model[model_hot_cores_full_expanded_00002_500it] FITS[../../FITS/Orion.HNC.cbc.contsub.image.fits]: 0.26197183098591553
¡MATCH! Model[model_hot_cores_full_expanded_00002_500it] FITS[../../FITS/TWHydra_CO3_2line.image.fits]: 0.33246753246753247
¡MATCH! Model[model_hot_cores_full_expanded_00002_500it] FITS[../../FITS/TWHydra_HCOplusline.image.fits]: 0.1826086956521739
¡MATCH! Model[model_hot_cores_full_expanded_00010_500it] FITS[../../FITS/HD163296_CO_2_1.image.fits]: 0.3622222222222222
¡MATCH! Model[model_hot_cores_full_expanded_00010_500it] FITS[../../FITS/uid___A002_Xa916fc_X668__IRS43_HCO32.final.image.pbcor.fits]: 0.012121212121212121
¡MATCH! Model[model_hot_cores_full_expanded_00010_500it] FITS[../../FITS/TWHydra_CO3_2line.image.fits]: 0.34545454545454546
¡MATCH! Model[model_hot_cores_full_expanded_00010_500it] FITS[../../FITS/TWHydra_HCOplusline.image.fits]: 0.26956521739130435
¡MATCH! Model[model_agb_ppn_pn_tr_500it] FITS[../../FITS/TWHydra_HCOplusline.image.fits]: 0.12850812407680948
¡MATCH! Model[model_agb_ppn_pn_2_500it] FITS[../../FITS/TWHydra_HCOplusline.image.fits]: 0.2762186115214181
¡MATCH! Model[model_agb_ppn_pn_full_500it] FITS[../../FITS/Orion.HNC.cbc.contsub.image.fits]: 0.29698708751793407
¡MATCH! Model[model_agb_ppn_pn_full_500it] FITS[../../FITS/TWHydra_HCOplusline.image.fits]: 0.2762186115214181
¡MATCH! Model[model_agb_ppn_pn_full_expanded_00002_500it] FITS[../../FITS/Orion.HNC.cbc.contsub.image.fits]: 0.29698708751793407
¡MATCH! Model[model_agb_ppn_pn_full_expanded_00002_500it] FITS[../../FITS/TWHydra_CO3_2line.image.fits]: 0.35270805812417444
¡MATCH! Model[model_agb_ppn_pn_full_expanded_00002_500it] FITS[../../FITS/TWHydra_HCOplusline.image.fits]: 0.2762186115214181
¡MATCH! Model[model_agb_ppn_pn_full_expanded_00010_500it] FITS[../../FITS/HD163296_CO_2_1.image.fits]: 0.4475760992108231
¡MATCH! Model[model_agb_ppn_pn_full_expanded_00010_500it] FITS[../../FITS/Orion.HNC.cbc.contsub.image.fits]: 0.19655667144906747
¡MATCH! Model[model_agb_ppn_pn_full_expanded_00010_500it] FITS[../../FITS/TWHydra_CO3_2line.image.fits]: 0.3262879788639366
¡MATCH! Model[model_agb_ppn_pn_full_expanded_00010_500it] FITS[../../FITS/TWHydra_HCOplusline.image.fits]: 0.2614475627769572
¡MATCH! Model[model_dark_clouds_tr_500it] FITS[../../FITS/uid___A002_Xa916fc_X668__IRS43_HCO32.final.image.pbcor.fits]: 0.014264264264264265
¡MATCH! Model[model_dark_clouds_full_expanded_00002_500it] FITS[../../FITS/HD163296_CO_2_1.image.fits]: 0.03179824561403508
¡MATCH! Model[model_dark_clouds_full_expanded_00002_500it] FITS[../../FITS/uid___A002_Xa916fc_X668__IRS43_HCO32.final.image.pbcor.fits]: 0.6148648648648649
¡MATCH! Model[model_dark_clouds_full_expanded_00002_500it] FITS[../../FITS/TWHydra_CO3_2line.image.fits]: 0.31841432225063937
¡MATCH! Model[model_dark_clouds_full_expanded_00002_500it] FITS[../../FITS/TWHydra_HCOplusline.image.fits]: 0.2692307692307692
¡MATCH! Model[model_dark_clouds_full_expanded_00010_500it] FITS[../../FITS/DMTau.CS_5-4.image.fits]: 0.6491108071135432
¡MATCH! Model[model_dark_clouds_full_expanded_00010_500it] FITS[../../FITS/TWHydra_CO3_2line.image.fits]: 0.34398976982097185
¡MATCH! Model[model_dark_clouds_full_expanded_00010_500it] FITS[../../FITS/TWHydra_HCOplusline.image.fits]: 0.2407407407407407
¡MATCH! Model[model_diffuse_clouds_tr_500it] FITS[../../FITS/TWHydra_HCOplusline.image.fits]: 0.27923976608187134
¡MATCH! Model[model_diffuse_clouds_2_500it] FITS[../../FITS/Orion.HNC.cbc.contsub.image.fits]: 0.31392045454545453
¡MATCH! Model[model_diffuse_clouds_2_500it] FITS[../../FITS/TWHydra_HCOplusline.image.fits]: 0.293859649122807
¡MATCH! Model[model_diffuse_clouds_full_500it] FITS[../../FITS/uid___A002_Xa916fc_X668__IRS43_HCO32.final.image.pbcor.fits]: 0.02359208523592085
¡MATCH! Model[model_diffuse_clouds_full_expanded_00002_500it] FITS[../../FITS/DMTau.CS_5-4.image.fits]: 0.02146814404432133
¡MATCH! Model[model_diffuse_clouds_full_expanded_00002_500it] FITS[../../FITS/TWHydra_CO3_2line.image.fits]: 0.3416230366492147
¡MATCH! Model[model_diffuse_clouds_full_expanded_00002_500it] FITS[../../FITS/TWHydra_HCOplusline.image.fits]: 0.293859649122807
¡MATCH! Model[model_diffuse_clouds_full_expanded_00010_500it] FITS[../../FITS/DMTau.CS_5-4.image.fits]: 0.02146814404432133
¡MATCH! Model[model_diffuse_clouds_full_expanded_00010_500it] FITS[../../FITS/HD163296_CO_2_1.image.fits]: 0.03467561521252796
¡MATCH! Model[model_diffuse_clouds_full_expanded_00010_500it] FITS[../../FITS/Orion.HNC.cbc.contsub.image.fits]: 0.29971590909090906
¡MATCH! Model[model_diffuse_clouds_full_expanded_00010_500it] FITS[../../FITS/uid___A002_Xa916fc_X668__IRS43_HCO32.final.image.pbcor.fits]: 0.02359208523592085
¡MATCH! Model[model_diffuse_clouds_full_expanded_00010_500it] FITS[../../FITS/TWHydra_CO3_2line.image.fits]: 0.36780104712041883
¡MATCH! Model[model_diffuse_clouds_full_expanded_00010_500it] FITS[../../FITS/TWHydra_HCOplusline.image.fits]: 0.22076023391812863
¡MATCH! Model[model_comets_tr_500it] FITS[../../FITS/TWHydra_HCOplusline.image.fits]: 0.2855072463768116
¡MATCH! Model[model_comets_2_500it] FITS[../../FITS/Orion.HNC.cbc.contsub.image.fits]: 0.3056338028169014
¡MATCH! Model[model_comets_2_500it] FITS[../../FITS/TWHydra_HCOplusline.image.fits]: 0.2855072463768116
¡MATCH! Model[model_comets_full_500it] FITS[../../FITS/HD163296_CO_2_1.image.fits]: 0.45222222222222225
¡MATCH! Model[model_comets_full_500it] FITS[../../FITS/Orion.HNC.cbc.contsub.image.fits]: 0.24929577464788732
¡MATCH! Model[model_comets_full_500it] FITS[../../FITS/uid___A002_Xa916fc_X668__IRS43_HCO32.final.image.pbcor.fits]: 0.020454545454545454
¡MATCH! Model[model_comets_full_500it] FITS[../../FITS/TWHydra_HCOplusline.image.fits]: 0.2855072463768116
¡MATCH! Model[model_comets_full_expanded_00002_500it] FITS[../../FITS/HD163296_CO_2_1.image.fits]: 0.45222222222222225
¡MATCH! Model[model_comets_full_expanded_00002_500it] FITS[../../FITS/Orion.HNC.cbc.contsub.image.fits]: 0.2915492957746479
¡MATCH! Model[model_comets_full_expanded_00002_500it] FITS[../../FITS/TWHydra_CO3_2line.image.fits]: 0.35974025974025975
¡MATCH! Model[model_comets_full_expanded_00002_500it] FITS[../../FITS/TWHydra_HCOplusline.image.fits]: 0.27101449275362316
¡MATCH! Model[model_comets_full_expanded_00010_500it] FITS[../../FITS/HD163296_CO_2_1.image.fits]: 0.45222222222222225
¡MATCH! Model[model_comets_full_expanded_00010_500it] FITS[../../FITS/TWHydra_CO3_2line.image.fits]: 0.34675324675324676
¡MATCH! Model[model_comets_full_expanded_00010_500it] FITS[../../FITS/TWHydra_HCOplusline.image.fits]: 0.2855072463768116
¡MATCH! Model[model_extragalactic_tr_500it] FITS[../../FITS/TWHydra_HCOplusline.image.fits]: 0.283625730994152
¡MATCH! Model[model_extragalactic_2_500it] FITS[../../FITS/TWHydra_HCOplusline.image.fits]: 0.283625730994152
¡MATCH! Model[model_extragalactic_full_500it] FITS[../../FITS/Orion.HNC.cbc.contsub.image.fits]: 0.3039772727272727
¡MATCH! Model[model_extragalactic_full_500it] FITS[../../FITS/TWHydra_HCOplusline.image.fits]: 0.283625730994152
¡MATCH! Model[model_extragalactic_full_expanded_00002_500it] FITS[../../FITS/DMTau.CS_5-4.image.fits]: 0.6606648199445984
¡MATCH! Model[model_extragalactic_full_expanded_00002_500it] FITS[../../FITS/HD163296_CO_2_1.image.fits]: 0.45190156599552567
¡MATCH! Model[model_extragalactic_full_expanded_00002_500it] FITS[../../FITS/Orion.HNC.cbc.contsub.image.fits]: 0.3039772727272727
¡MATCH! Model[model_extragalactic_full_expanded_00002_500it] FITS[../../FITS/TWHydra_CO3_2line.image.fits]: 0.35863874345549734
¡MATCH! Model[model_extragalactic_full_expanded_00002_500it] FITS[../../FITS/TWHydra_HCOplusline.image.fits]: 0.283625730994152
¡MATCH! Model[model_extragalactic_full_expanded_00010_500it] FITS[../../FITS/Orion.HNC.cbc.contsub.image.fits]: 0.28977272727272724
¡MATCH! Model[model_extragalactic_full_expanded_00010_500it] FITS[../../FITS/uid___A002_Xa916fc_X668__IRS43_HCO32.final.image.pbcor.fits]: 0.0182648401826484
¡MATCH! Model[model_extragalactic_full_expanded_00010_500it] FITS[../../FITS/TWHydra_CO3_2line.image.fits]: 0.35863874345549734
¡MATCH! Model[model_extragalactic_full_expanded_00010_500it] FITS[../../FITS/TWHydra_HCOplusline.image.fits]: 0.283625730994152
¡MATCH! Model[model_planetary_full_expanded_00002_500it] FITS[../../FITS/TWHydra_HCOplusline.image.fits]: 0.2867647058823529
¡MATCH! Model[model_planetary_full_expanded_00010_500it] FITS[../../FITS/TWHydra_CO3_2line.image.fits]: 0.375
¡MATCH! Model[model_planetary_full_expanded_00010_500it] FITS[../../FITS/TWHydra_HCOplusline.image.fits]: 0.3014705882352941
