1;34 3-Cyano-1,2-propadienylidene;0.2539454806312769
2;50 3-Imino-1,2 Propadienylidene;0.02439024390243903
3;55 Silicon Mononitride;0.02439024390243903
4;67 Magnesium Cyanide;0.02439024390243903
5;0 1,3,5-Hexatriynyl;0.010043041606886658
6;1 Silicon monosulfide;0.010043041606886658
7;2 Vinyl Cyanide;0.010043041606886658
8;3 Hydroxyl;0.010043041606886658
9;4 Methyliumylidene;0.010043041606886658
10;5 Aluminum Isocyanitrile;0.010043041606886658
11;6 Carbon Monosulfide;0.010043041606886658
12;7 Methyl Acetylene;0.010043041606886658
13;8 1,3-Butadiynyl anion;0.010043041606886658
14;9 Butatrienylidene;0.010043041606886658
15;10 2,4-Pentadiynylidyne;0.010043041606886658
16;11 Aluminum Monochloride;0.010043041606886658
17;12 4-Cyano-1,3-Butadiynyl;0.010043041606886658
18;13 Silicon monosulfide;0.010043041606886658
19;14 Water;0.010043041606886658
20;15 Hydrogen sulfide;0.010043041606886658
21;16 1,3-Butadiynyl radical;0.010043041606886658
22;17 Formylium;0.010043041606886658
23;18 Trihydrogen ion;0.010043041606886658
24;19 Methanimine;0.010043041606886658
25;20 Phosphorus Monoxide;0.010043041606886658
26;21 Methyl Cyanide;0.010043041606886658
27;22 Magnesium Isocyanide;0.010043041606886658
28;23 1,3,5-Hexatriynyl anion;0.010043041606886658
29;24 Phosphaethyne;0.010043041606886658
30;25 1,3,5,7-Octatetraynyl anion;0.010043041606886658
31;26 Silicon Monocarbide;0.010043041606886658
32;27 Cyanomethylene;0.010043041606886658
33;28 3-Thioxo-1,2-Propadieylidene;0.010043041606886658
34;29 Cyanobutadiyne;0.010043041606886658
35;30 Silicon Isocyanide;0.010043041606886658
36;31 Potassium chloride;0.010043041606886658
37;32 3-Oxo-1,2-Propadienylidene;0.010043041606886658
38;33 Silicon Carbide;0.010043041606886658
39;35 Nitric sulfide;0.010043041606886658
40;36 Sulfur dioxide;0.010043041606886658
41;37 Ethyne Isocyanide;0.010043041606886658
42;38 Cyanoethynylide ion;0.010043041606886658
43;39 Cyanide Radical;0.010043041606886658
44;40 Carbon Monoxide Ion;0.010043041606886658
45;41 Cyanobutadiynylide anion;0.010043041606886658
46;42 Aluminum Monofluoride;0.010043041606886658
47;43 Formaldehyde;0.010043041606886658
48;44 Sulfur Monoxide;0.010043041606886658
49;45 Silicon tetracarbide;0.010043041606886658
50;46 Ethynyl;0.010043041606886658
51;47 Sodium Chloride;0.010043041606886658
52;48 Hydrogen Cyanide;0.010043041606886658
53;49 Sodium Cyanide;0.010043041606886658
54;51 Methylidyne;0.010043041606886658
55;52 Thioxoethenylidene;0.010043041606886658
56;53 Silicon Monoxide;0.010043041606886658
57;54 1,3,5,7-Octatetraynyl;0.010043041606886658
58;56 Carbon Monoxide;0.010043041606886658
59;57 Phosphorous nitride;0.010043041606886658
60;58 Carbon Monophosphide;0.010043041606886658
61;59 Thioformaldehyde;0.010043041606886658
62;60 Hexatrienyl;0.010043041606886658
63;61 Hydrogen Isocyanide;0.010043041606886658
64;62 Carbon Monosulfide;0.010043041606886658
65;63 Silicon Cyanide;0.010043041606886658
66;64 2,4,6-Heptatriynylidyne;0.010043041606886658
67;65 Cyclopropenylidene;0.010043041606886658
68;66 Cyanoacetylene;0.010043041606886658
69;68 3-Silanetetrayl-1,2-Propadienyli;0.010043041606886658
70;69 Cyanoethynyl;0.010043041606886658
71;70 Phosphapropynylidyne;0.010043041606886658
