1;60 Hexatrienyl;0.21174652241112832
2;17 Formylium;0.041731066460587336
3;0 1,3,5-Hexatriynyl;0.01081916537867079
4;1 Silicon monosulfide;0.01081916537867079
5;2 Vinyl Cyanide;0.01081916537867079
6;3 Hydroxyl;0.01081916537867079
7;4 Methyliumylidene;0.01081916537867079
8;5 Aluminum Isocyanitrile;0.01081916537867079
9;6 Carbon Monosulfide;0.01081916537867079
10;7 Methyl Acetylene;0.01081916537867079
11;8 1,3-Butadiynyl anion;0.01081916537867079
12;9 Butatrienylidene;0.01081916537867079
13;10 2,4-Pentadiynylidyne;0.01081916537867079
14;11 Aluminum Monochloride;0.01081916537867079
15;12 4-Cyano-1,3-Butadiynyl;0.01081916537867079
16;13 Silicon monosulfide;0.01081916537867079
17;14 Water;0.01081916537867079
18;15 Hydrogen sulfide;0.01081916537867079
19;16 1,3-Butadiynyl radical;0.01081916537867079
20;18 Trihydrogen ion;0.01081916537867079
21;19 Methanimine;0.01081916537867079
22;20 Phosphorus Monoxide;0.01081916537867079
23;21 Methyl Cyanide;0.01081916537867079
24;22 Magnesium Isocyanide;0.01081916537867079
25;23 1,3,5-Hexatriynyl anion;0.01081916537867079
26;24 Phosphaethyne;0.01081916537867079
27;25 1,3,5,7-Octatetraynyl anion;0.01081916537867079
28;26 Silicon Monocarbide;0.01081916537867079
29;27 Cyanomethylene;0.01081916537867079
30;28 3-Thioxo-1,2-Propadieylidene;0.01081916537867079
31;29 Cyanobutadiyne;0.01081916537867079
32;30 Silicon Isocyanide;0.01081916537867079
33;31 Potassium chloride;0.01081916537867079
34;32 3-Oxo-1,2-Propadienylidene;0.01081916537867079
35;33 Silicon Carbide;0.01081916537867079
36;34 3-Cyano-1,2-propadienylidene;0.01081916537867079
37;35 Nitric sulfide;0.01081916537867079
38;36 Sulfur dioxide;0.01081916537867079
39;37 Ethyne Isocyanide;0.01081916537867079
40;38 Cyanoethynylide ion;0.01081916537867079
41;39 Cyanide Radical;0.01081916537867079
42;40 Carbon Monoxide Ion;0.01081916537867079
43;41 Cyanobutadiynylide anion;0.01081916537867079
44;42 Aluminum Monofluoride;0.01081916537867079
45;43 Formaldehyde;0.01081916537867079
46;44 Sulfur Monoxide;0.01081916537867079
47;45 Silicon tetracarbide;0.01081916537867079
48;46 Ethynyl;0.01081916537867079
49;47 Sodium Chloride;0.01081916537867079
50;48 Hydrogen Cyanide;0.01081916537867079
51;49 Sodium Cyanide;0.01081916537867079
52;50 3-Imino-1,2 Propadienylidene;0.01081916537867079
53;51 Methylidyne;0.01081916537867079
54;52 Thioxoethenylidene;0.01081916537867079
55;53 Silicon Monoxide;0.01081916537867079
56;54 1,3,5,7-Octatetraynyl;0.01081916537867079
57;55 Silicon Mononitride;0.01081916537867079
58;56 Carbon Monoxide;0.01081916537867079
59;57 Phosphorous nitride;0.01081916537867079
60;58 Carbon Monophosphide;0.01081916537867079
61;59 Thioformaldehyde;0.01081916537867079
62;61 Hydrogen Isocyanide;0.01081916537867079
63;62 Carbon Monosulfide;0.01081916537867079
64;63 Silicon Cyanide;0.01081916537867079
65;64 2,4,6-Heptatriynylidyne;0.01081916537867079
66;65 Cyclopropenylidene;0.01081916537867079
67;66 Cyanoacetylene;0.01081916537867079
68;67 Magnesium Cyanide;0.01081916537867079
69;68 3-Silanetetrayl-1,2-Propadienyli;0.01081916537867079
70;69 Cyanoethynyl;0.01081916537867079
71;70 Phosphapropynylidyne;0.01081916537867079
