1;13 Methyliumylidene;0.49175257731958766
2;0 Methylidyne;0.01752577319587629
3;1 Formaldehyde;0.01752577319587629
4;2 Sulfur dioxide;0.01752577319587629
5;3 Carbon Monoxide;0.01752577319587629
6;4 Acetaldehyde;0.01752577319587629
7;5 Water;0.01752577319587629
8;6 Imidogen;0.01752577319587629
9;7 Carbon Monoxide Ion;0.01752577319587629
10;8 Nitric sulfide;0.01752577319587629
11;9 Isocyanic Acid;0.01752577319587629
12;10 Formic Acid;0.01752577319587629
13;11 Amidogen;0.01752577319587629
14;12 Ethylene Glycol;0.01752577319587629
15;14 Cyanide Radical;0.01752577319587629
16;15 Carbonyl Sulfide;0.01752577319587629
17;16 Hydroxyl;0.01752577319587629
18;17 Nitric oxide;0.01752577319587629
19;18 Methyl Cyanide;0.01752577319587629
20;19 Cyclopropenylidene;0.01752577319587629
21;20 Sulfur Monoxide ion;0.01752577319587629
22;21 Methanol;0.01752577319587629
23;22 Thioformaldehyde;0.01752577319587629
24;23 Ammonia;0.01752577319587629
25;24 Cyanoacetylene;0.01752577319587629
26;25 Hydrogen Cyanide;0.01752577319587629
27;26 Hydrogen sulfide;0.01752577319587629
28;27 Molecular oxygen;0.01752577319587629
29;28 Hydrogen Isocyanide;0.01752577319587629
30;29 Formylium;0.01752577319587629
