1;15 Carbonyl Sulfide;0.722099447513812
2;4 Acetaldehyde;0.014917127071823206
3;0 Methylidyne;0.009392265193370166
4;1 Formaldehyde;0.009392265193370166
5;2 Sulfur dioxide;0.009392265193370166
6;3 Carbon Monoxide;0.009392265193370166
7;5 Water;0.009392265193370166
8;6 Imidogen;0.009392265193370166
9;7 Carbon Monoxide Ion;0.009392265193370166
10;8 Nitric sulfide;0.009392265193370166
11;9 Isocyanic Acid;0.009392265193370166
12;10 Formic Acid;0.009392265193370166
13;11 Amidogen;0.009392265193370166
14;12 Ethylene Glycol;0.009392265193370166
15;13 Methyliumylidene;0.009392265193370166
16;14 Cyanide Radical;0.009392265193370166
17;16 Hydroxyl;0.009392265193370166
18;17 Nitric oxide;0.009392265193370166
19;18 Methyl Cyanide;0.009392265193370166
20;19 Cyclopropenylidene;0.009392265193370166
21;20 Sulfur Monoxide ion;0.009392265193370166
22;21 Methanol;0.009392265193370166
23;22 Thioformaldehyde;0.009392265193370166
24;23 Ammonia;0.009392265193370166
25;24 Cyanoacetylene;0.009392265193370166
26;25 Hydrogen Cyanide;0.009392265193370166
27;26 Hydrogen sulfide;0.009392265193370166
28;27 Molecular oxygen;0.009392265193370166
29;28 Hydrogen Isocyanide;0.009392265193370166
30;29 Formylium;0.009392265193370166
