1;7 Carbon Monoxide Ion;0.507
2;0 Methylidyne;0.017
3;1 Formaldehyde;0.017
4;2 Sulfur dioxide;0.017
5;3 Carbon Monoxide;0.017
6;4 Acetaldehyde;0.017
7;5 Water;0.017
8;6 Imidogen;0.017
9;8 Nitric sulfide;0.017
10;9 Isocyanic Acid;0.017
11;10 Formic Acid;0.017
12;11 Amidogen;0.017
13;12 Ethylene Glycol;0.017
14;13 Methyliumylidene;0.017
15;14 Cyanide Radical;0.017
16;15 Carbonyl Sulfide;0.017
17;16 Hydroxyl;0.017
18;17 Nitric oxide;0.017
19;18 Methyl Cyanide;0.017
20;19 Cyclopropenylidene;0.017
21;20 Sulfur Monoxide ion;0.017
22;21 Methanol;0.017
23;22 Thioformaldehyde;0.017
24;23 Ammonia;0.017
25;24 Cyanoacetylene;0.017
26;25 Hydrogen Cyanide;0.017
27;26 Hydrogen sulfide;0.017
28;27 Molecular oxygen;0.017
29;28 Hydrogen Isocyanide;0.017
30;29 Formylium;0.017
