TWHydra_HCOplusline.image;model_comets_tr_500it;1;29 Formylium;0.3056338028169014
TWHydra_HCOplusline.image;model_comets_tr_500it;2;0 Methylidyne;0.023943661971830985
TWHydra_HCOplusline.image;model_comets_tr_500it;3;1 Formaldehyde;0.023943661971830985
TWHydra_HCOplusline.image;model_comets_tr_500it;4;2 Sulfur dioxide;0.023943661971830985
TWHydra_HCOplusline.image;model_comets_tr_500it;5;3 Carbon Monoxide;0.023943661971830985
TWHydra_HCOplusline.image;model_comets_2_500it;1;29 Formylium;0.3056338028169014
TWHydra_HCOplusline.image;model_comets_2_500it;2;0 Methylidyne;0.023943661971830985
TWHydra_HCOplusline.image;model_comets_2_500it;3;1 Formaldehyde;0.023943661971830985
TWHydra_HCOplusline.image;model_comets_2_500it;4;2 Sulfur dioxide;0.023943661971830985
TWHydra_HCOplusline.image;model_comets_2_500it;5;3 Carbon Monoxide;0.023943661971830985
TWHydra_HCOplusline.image;model_comets_full_500it;1;13 Methyliumylidene;0.3056338028169014
TWHydra_HCOplusline.image;model_comets_full_500it;2;0 Methylidyne;0.023943661971830985
TWHydra_HCOplusline.image;model_comets_full_500it;3;1 Formaldehyde;0.023943661971830985
TWHydra_HCOplusline.image;model_comets_full_500it;4;2 Sulfur dioxide;0.023943661971830985
TWHydra_HCOplusline.image;model_comets_full_500it;5;3 Carbon Monoxide;0.023943661971830985
TWHydra_HCOplusline.image;model_comets_full_expanded_00002_500it;1;29 Formylium;0.2915492957746479
TWHydra_HCOplusline.image;model_comets_full_expanded_00002_500it;2;7 Carbon Monoxide Ion;0.03802816901408451
TWHydra_HCOplusline.image;model_comets_full_expanded_00002_500it;3;0 Methylidyne;0.023943661971830985
TWHydra_HCOplusline.image;model_comets_full_expanded_00002_500it;4;1 Formaldehyde;0.023943661971830985
TWHydra_HCOplusline.image;model_comets_full_expanded_00002_500it;5;2 Sulfur dioxide;0.023943661971830985
TWHydra_HCOplusline.image;model_comets_full_expanded_00010_500it;1;29 Formylium;0.3056338028169014
TWHydra_HCOplusline.image;model_comets_full_expanded_00010_500it;2;0 Methylidyne;0.023943661971830985
TWHydra_HCOplusline.image;model_comets_full_expanded_00010_500it;3;1 Formaldehyde;0.023943661971830985
TWHydra_HCOplusline.image;model_comets_full_expanded_00010_500it;4;2 Sulfur dioxide;0.023943661971830985
TWHydra_HCOplusline.image;model_comets_full_expanded_00010_500it;5;3 Carbon Monoxide;0.023943661971830985
HD163296_CO_2_1.image;model_comets_tr_500it;1;13 Methyliumylidene;0.49175257731958766
HD163296_CO_2_1.image;model_comets_tr_500it;2;0 Methylidyne;0.01752577319587629
HD163296_CO_2_1.image;model_comets_tr_500it;3;1 Formaldehyde;0.01752577319587629
HD163296_CO_2_1.image;model_comets_tr_500it;4;2 Sulfur dioxide;0.01752577319587629
HD163296_CO_2_1.image;model_comets_tr_500it;5;3 Carbon Monoxide;0.01752577319587629
HD163296_CO_2_1.image;model_comets_2_500it;1;13 Methyliumylidene;0.49175257731958766
HD163296_CO_2_1.image;model_comets_2_500it;2;0 Methylidyne;0.01752577319587629
HD163296_CO_2_1.image;model_comets_2_500it;3;1 Formaldehyde;0.01752577319587629
HD163296_CO_2_1.image;model_comets_2_500it;4;2 Sulfur dioxide;0.01752577319587629
HD163296_CO_2_1.image;model_comets_2_500it;5;3 Carbon Monoxide;0.01752577319587629
HD163296_CO_2_1.image;model_comets_full_500it;1;13 Methyliumylidene;0.49175257731958766
HD163296_CO_2_1.image;model_comets_full_500it;2;0 Methylidyne;0.01752577319587629
HD163296_CO_2_1.image;model_comets_full_500it;3;1 Formaldehyde;0.01752577319587629
HD163296_CO_2_1.image;model_comets_full_500it;4;2 Sulfur dioxide;0.01752577319587629
HD163296_CO_2_1.image;model_comets_full_500it;5;3 Carbon Monoxide;0.01752577319587629
HD163296_CO_2_1.image;model_comets_full_expanded_00002_500it;1;27 Molecular oxygen;0.49175257731958766
HD163296_CO_2_1.image;model_comets_full_expanded_00002_500it;2;0 Methylidyne;0.01752577319587629
HD163296_CO_2_1.image;model_comets_full_expanded_00002_500it;3;1 Formaldehyde;0.01752577319587629
HD163296_CO_2_1.image;model_comets_full_expanded_00002_500it;4;2 Sulfur dioxide;0.01752577319587629
HD163296_CO_2_1.image;model_comets_full_expanded_00002_500it;5;3 Carbon Monoxide;0.01752577319587629
HD163296_CO_2_1.image;model_comets_full_expanded_00010_500it;1;15 Carbonyl Sulfide;0.49175257731958766
HD163296_CO_2_1.image;model_comets_full_expanded_00010_500it;2;0 Methylidyne;0.01752577319587629
HD163296_CO_2_1.image;model_comets_full_expanded_00010_500it;3;1 Formaldehyde;0.01752577319587629
HD163296_CO_2_1.image;model_comets_full_expanded_00010_500it;4;2 Sulfur dioxide;0.01752577319587629
HD163296_CO_2_1.image;model_comets_full_expanded_00010_500it;5;3 Carbon Monoxide;0.01752577319587629
Orion.HNC.cbc.contsub.image;model_comets_tr_500it;1;13 Methyliumylidene;0.7276243093922651
Orion.HNC.cbc.contsub.image;model_comets_tr_500it;2;0 Methylidyne;0.009392265193370166
Orion.HNC.cbc.contsub.image;model_comets_tr_500it;3;1 Formaldehyde;0.009392265193370166
Orion.HNC.cbc.contsub.image;model_comets_tr_500it;4;2 Sulfur dioxide;0.009392265193370166
Orion.HNC.cbc.contsub.image;model_comets_tr_500it;5;3 Carbon Monoxide;0.009392265193370166
Orion.HNC.cbc.contsub.image;model_comets_2_500it;1;13 Methyliumylidene;0.6613259668508288
Orion.HNC.cbc.contsub.image;model_comets_2_500it;2;25 Hydrogen Cyanide;0.07569060773480663
Orion.HNC.cbc.contsub.image;model_comets_2_500it;3;0 Methylidyne;0.009392265193370166
Orion.HNC.cbc.contsub.image;model_comets_2_500it;4;1 Formaldehyde;0.009392265193370166
Orion.HNC.cbc.contsub.image;model_comets_2_500it;5;2 Sulfur dioxide;0.009392265193370166
Orion.HNC.cbc.contsub.image;model_comets_full_500it;1;28 Hydrogen Isocyanide;0.269060773480663
Orion.HNC.cbc.contsub.image;model_comets_full_500it;2;29 Formylium;0.25801104972375694
Orion.HNC.cbc.contsub.image;model_comets_full_500it;3;13 Methyliumylidene;0.21933701657458565
Orion.HNC.cbc.contsub.image;model_comets_full_500it;4;0 Methylidyne;0.009392265193370166
Orion.HNC.cbc.contsub.image;model_comets_full_500it;5;1 Formaldehyde;0.009392265193370166
Orion.HNC.cbc.contsub.image;model_comets_full_expanded_00002_500it;1;20 Sulfur Monoxide ion;0.7276243093922651
Orion.HNC.cbc.contsub.image;model_comets_full_expanded_00002_500it;2;0 Methylidyne;0.009392265193370166
Orion.HNC.cbc.contsub.image;model_comets_full_expanded_00002_500it;3;1 Formaldehyde;0.009392265193370166
Orion.HNC.cbc.contsub.image;model_comets_full_expanded_00002_500it;4;2 Sulfur dioxide;0.009392265193370166
Orion.HNC.cbc.contsub.image;model_comets_full_expanded_00002_500it;5;3 Carbon Monoxide;0.009392265193370166
Orion.HNC.cbc.contsub.image;model_comets_full_expanded_00010_500it;1;15 Carbonyl Sulfide;0.722099447513812
Orion.HNC.cbc.contsub.image;model_comets_full_expanded_00010_500it;2;4 Acetaldehyde;0.014917127071823206
Orion.HNC.cbc.contsub.image;model_comets_full_expanded_00010_500it;3;0 Methylidyne;0.009392265193370166
Orion.HNC.cbc.contsub.image;model_comets_full_expanded_00010_500it;4;1 Formaldehyde;0.009392265193370166
Orion.HNC.cbc.contsub.image;model_comets_full_expanded_00010_500it;5;2 Sulfur dioxide;0.009392265193370166
TWHydra_CO3_2line.image;model_comets_tr_500it;1;29 Formylium;0.3293333333333333
TWHydra_CO3_2line.image;model_comets_tr_500it;2;12 Ethylene Glycol;0.036000000000000004
TWHydra_CO3_2line.image;model_comets_tr_500it;3;0 Methylidyne;0.022666666666666665
TWHydra_CO3_2line.image;model_comets_tr_500it;4;1 Formaldehyde;0.022666666666666665
TWHydra_CO3_2line.image;model_comets_tr_500it;5;2 Sulfur dioxide;0.022666666666666665
TWHydra_CO3_2line.image;model_comets_2_500it;1;29 Formylium;0.3426666666666667
TWHydra_CO3_2line.image;model_comets_2_500it;2;0 Methylidyne;0.022666666666666665
TWHydra_CO3_2line.image;model_comets_2_500it;3;1 Formaldehyde;0.022666666666666665
TWHydra_CO3_2line.image;model_comets_2_500it;4;2 Sulfur dioxide;0.022666666666666665
TWHydra_CO3_2line.image;model_comets_2_500it;5;3 Carbon Monoxide;0.022666666666666665
TWHydra_CO3_2line.image;model_comets_full_500it;1;3 Carbon Monoxide;0.3426666666666667
TWHydra_CO3_2line.image;model_comets_full_500it;2;0 Methylidyne;0.022666666666666665
TWHydra_CO3_2line.image;model_comets_full_500it;3;1 Formaldehyde;0.022666666666666665
TWHydra_CO3_2line.image;model_comets_full_500it;4;2 Sulfur dioxide;0.022666666666666665
TWHydra_CO3_2line.image;model_comets_full_500it;5;4 Acetaldehyde;0.022666666666666665
TWHydra_CO3_2line.image;model_comets_full_expanded_00002_500it;1;3 Carbon Monoxide;0.3426666666666667
TWHydra_CO3_2line.image;model_comets_full_expanded_00002_500it;2;0 Methylidyne;0.022666666666666665
TWHydra_CO3_2line.image;model_comets_full_expanded_00002_500it;3;1 Formaldehyde;0.022666666666666665
TWHydra_CO3_2line.image;model_comets_full_expanded_00002_500it;4;2 Sulfur dioxide;0.022666666666666665
TWHydra_CO3_2line.image;model_comets_full_expanded_00002_500it;5;4 Acetaldehyde;0.022666666666666665
TWHydra_CO3_2line.image;model_comets_full_expanded_00010_500it;1;3 Carbon Monoxide;0.3426666666666667
TWHydra_CO3_2line.image;model_comets_full_expanded_00010_500it;2;0 Methylidyne;0.022666666666666665
TWHydra_CO3_2line.image;model_comets_full_expanded_00010_500it;3;1 Formaldehyde;0.022666666666666665
TWHydra_CO3_2line.image;model_comets_full_expanded_00010_500it;4;2 Sulfur dioxide;0.022666666666666665
TWHydra_CO3_2line.image;model_comets_full_expanded_00010_500it;5;4 Acetaldehyde;0.022666666666666665
Orion.methanol.cbc.contsub.image;model_comets_tr_500it;1;13 Methyliumylidene;0.507
Orion.methanol.cbc.contsub.image;model_comets_tr_500it;2;0 Methylidyne;0.017
Orion.methanol.cbc.contsub.image;model_comets_tr_500it;3;1 Formaldehyde;0.017
Orion.methanol.cbc.contsub.image;model_comets_tr_500it;4;2 Sulfur dioxide;0.017
Orion.methanol.cbc.contsub.image;model_comets_tr_500it;5;3 Carbon Monoxide;0.017
Orion.methanol.cbc.contsub.image;model_comets_2_500it;1;13 Methyliumylidene;0.507
Orion.methanol.cbc.contsub.image;model_comets_2_500it;2;0 Methylidyne;0.017
Orion.methanol.cbc.contsub.image;model_comets_2_500it;3;1 Formaldehyde;0.017
Orion.methanol.cbc.contsub.image;model_comets_2_500it;4;2 Sulfur dioxide;0.017
Orion.methanol.cbc.contsub.image;model_comets_2_500it;5;3 Carbon Monoxide;0.017
Orion.methanol.cbc.contsub.image;model_comets_full_500it;1;13 Methyliumylidene;0.507
Orion.methanol.cbc.contsub.image;model_comets_full_500it;2;0 Methylidyne;0.017
Orion.methanol.cbc.contsub.image;model_comets_full_500it;3;1 Formaldehyde;0.017
Orion.methanol.cbc.contsub.image;model_comets_full_500it;4;2 Sulfur dioxide;0.017
Orion.methanol.cbc.contsub.image;model_comets_full_500it;5;3 Carbon Monoxide;0.017
Orion.methanol.cbc.contsub.image;model_comets_full_expanded_00002_500it;1;3 Carbon Monoxide;0.49700000000000005
Orion.methanol.cbc.contsub.image;model_comets_full_expanded_00002_500it;2;21 Methanol;0.027000000000000003
Orion.methanol.cbc.contsub.image;model_comets_full_expanded_00002_500it;3;0 Methylidyne;0.017
Orion.methanol.cbc.contsub.image;model_comets_full_expanded_00002_500it;4;1 Formaldehyde;0.017
Orion.methanol.cbc.contsub.image;model_comets_full_expanded_00002_500it;5;2 Sulfur dioxide;0.017
Orion.methanol.cbc.contsub.image;model_comets_full_expanded_00010_500it;1;7 Carbon Monoxide Ion;0.507
Orion.methanol.cbc.contsub.image;model_comets_full_expanded_00010_500it;2;0 Methylidyne;0.017
Orion.methanol.cbc.contsub.image;model_comets_full_expanded_00010_500it;3;1 Formaldehyde;0.017
Orion.methanol.cbc.contsub.image;model_comets_full_expanded_00010_500it;4;2 Sulfur dioxide;0.017
Orion.methanol.cbc.contsub.image;model_comets_full_expanded_00010_500it;5;3 Carbon Monoxide;0.017
uid___A002_Xa916fc_X668__IRS43_HCO32.final.image.pbcor;model_comets_tr_500it;1;29 Formylium;0.8089147286821705
uid___A002_Xa916fc_X668__IRS43_HCO32.final.image.pbcor;model_comets_tr_500it;2;0 Methylidyne;0.006589147286821705
uid___A002_Xa916fc_X668__IRS43_HCO32.final.image.pbcor;model_comets_tr_500it;3;1 Formaldehyde;0.006589147286821705
uid___A002_Xa916fc_X668__IRS43_HCO32.final.image.pbcor;model_comets_tr_500it;4;2 Sulfur dioxide;0.006589147286821705
uid___A002_Xa916fc_X668__IRS43_HCO32.final.image.pbcor;model_comets_tr_500it;5;3 Carbon Monoxide;0.006589147286821705
uid___A002_Xa916fc_X668__IRS43_HCO32.final.image.pbcor;model_comets_2_500it;1;13 Methyliumylidene;0.8089147286821705
uid___A002_Xa916fc_X668__IRS43_HCO32.final.image.pbcor;model_comets_2_500it;2;0 Methylidyne;0.006589147286821705
uid___A002_Xa916fc_X668__IRS43_HCO32.final.image.pbcor;model_comets_2_500it;3;1 Formaldehyde;0.006589147286821705
uid___A002_Xa916fc_X668__IRS43_HCO32.final.image.pbcor;model_comets_2_500it;4;2 Sulfur dioxide;0.006589147286821705
uid___A002_Xa916fc_X668__IRS43_HCO32.final.image.pbcor;model_comets_2_500it;5;3 Carbon Monoxide;0.006589147286821705
uid___A002_Xa916fc_X668__IRS43_HCO32.final.image.pbcor;model_comets_full_500it;1;28 Hydrogen Isocyanide;0.8089147286821705
uid___A002_Xa916fc_X668__IRS43_HCO32.final.image.pbcor;model_comets_full_500it;2;0 Methylidyne;0.006589147286821705
uid___A002_Xa916fc_X668__IRS43_HCO32.final.image.pbcor;model_comets_full_500it;3;1 Formaldehyde;0.006589147286821705
uid___A002_Xa916fc_X668__IRS43_HCO32.final.image.pbcor;model_comets_full_500it;4;2 Sulfur dioxide;0.006589147286821705
uid___A002_Xa916fc_X668__IRS43_HCO32.final.image.pbcor;model_comets_full_500it;5;3 Carbon Monoxide;0.006589147286821705
uid___A002_Xa916fc_X668__IRS43_HCO32.final.image.pbcor;model_comets_full_expanded_00002_500it;1;25 Hydrogen Cyanide;0.8089147286821705
uid___A002_Xa916fc_X668__IRS43_HCO32.final.image.pbcor;model_comets_full_expanded_00002_500it;2;0 Methylidyne;0.006589147286821705
uid___A002_Xa916fc_X668__IRS43_HCO32.final.image.pbcor;model_comets_full_expanded_00002_500it;3;1 Formaldehyde;0.006589147286821705
uid___A002_Xa916fc_X668__IRS43_HCO32.final.image.pbcor;model_comets_full_expanded_00002_500it;4;2 Sulfur dioxide;0.006589147286821705
uid___A002_Xa916fc_X668__IRS43_HCO32.final.image.pbcor;model_comets_full_expanded_00002_500it;5;3 Carbon Monoxide;0.006589147286821705
uid___A002_Xa916fc_X668__IRS43_HCO32.final.image.pbcor;model_comets_full_expanded_00010_500it;1;15 Carbonyl Sulfide;0.8089147286821705
uid___A002_Xa916fc_X668__IRS43_HCO32.final.image.pbcor;model_comets_full_expanded_00010_500it;2;0 Methylidyne;0.006589147286821705
uid___A002_Xa916fc_X668__IRS43_HCO32.final.image.pbcor;model_comets_full_expanded_00010_500it;3;1 Formaldehyde;0.006589147286821705
uid___A002_Xa916fc_X668__IRS43_HCO32.final.image.pbcor;model_comets_full_expanded_00010_500it;4;2 Sulfur dioxide;0.006589147286821705
uid___A002_Xa916fc_X668__IRS43_HCO32.final.image.pbcor;model_comets_full_expanded_00010_500it;5;3 Carbon Monoxide;0.006589147286821705
