TWHydra_CO3_2line.image;model_extragalactic_tr_500it;1;9 Methyliumylidene;0.32795698924731176
TWHydra_CO3_2line.image;model_extragalactic_tr_500it;2;27 Sulfur Monoxide;0.03225806451612903
TWHydra_CO3_2line.image;model_extragalactic_tr_500it;3;0 Methylidyne;0.018817204301075266
TWHydra_CO3_2line.image;model_extragalactic_tr_500it;4;1 1,3-Butadiynyl radical;0.018817204301075266
TWHydra_CO3_2line.image;model_extragalactic_tr_500it;5;2 Formaldehyde;0.018817204301075266
TWHydra_CO3_2line.image;model_extragalactic_2_500it;1;26 Silicon Monoxide;0.34139784946236557
TWHydra_CO3_2line.image;model_extragalactic_2_500it;2;0 Methylidyne;0.018817204301075266
TWHydra_CO3_2line.image;model_extragalactic_2_500it;3;1 1,3-Butadiynyl radical;0.018817204301075266
TWHydra_CO3_2line.image;model_extragalactic_2_500it;4;2 Formaldehyde;0.018817204301075266
TWHydra_CO3_2line.image;model_extragalactic_2_500it;5;3 Sulfur dioxide;0.018817204301075266
TWHydra_CO3_2line.image;model_extragalactic_full_500it;1;11 Ethynyl;0.34139784946236557
TWHydra_CO3_2line.image;model_extragalactic_full_500it;2;0 Methylidyne;0.018817204301075266
TWHydra_CO3_2line.image;model_extragalactic_full_500it;3;1 1,3-Butadiynyl radical;0.018817204301075266
TWHydra_CO3_2line.image;model_extragalactic_full_500it;4;2 Formaldehyde;0.018817204301075266
TWHydra_CO3_2line.image;model_extragalactic_full_500it;5;3 Sulfur dioxide;0.018817204301075266
TWHydra_CO3_2line.image;model_extragalactic_full_expanded_00002_500it;1;4 Carbon Monoxide;0.32795698924731176
TWHydra_CO3_2line.image;model_extragalactic_full_expanded_00002_500it;2;21 Thioformaldehyde;0.03225806451612903
TWHydra_CO3_2line.image;model_extragalactic_full_expanded_00002_500it;3;0 Methylidyne;0.018817204301075266
TWHydra_CO3_2line.image;model_extragalactic_full_expanded_00002_500it;4;1 1,3-Butadiynyl radical;0.018817204301075266
TWHydra_CO3_2line.image;model_extragalactic_full_expanded_00002_500it;5;2 Formaldehyde;0.018817204301075266
TWHydra_CO3_2line.image;model_extragalactic_full_expanded_00010_500it;1;4 Carbon Monoxide;0.32795698924731176
TWHydra_CO3_2line.image;model_extragalactic_full_expanded_00010_500it;2;30 Carbon Monosulfide;0.03225806451612903
TWHydra_CO3_2line.image;model_extragalactic_full_expanded_00010_500it;3;0 Methylidyne;0.018817204301075266
TWHydra_CO3_2line.image;model_extragalactic_full_expanded_00010_500it;4;1 1,3-Butadiynyl radical;0.018817204301075266
TWHydra_CO3_2line.image;model_extragalactic_full_expanded_00010_500it;5;2 Formaldehyde;0.018817204301075266
HD163296_CO_2_1.image;model_extragalactic_tr_500it;1;9 Methyliumylidene;0.491701244813278
HD163296_CO_2_1.image;model_extragalactic_tr_500it;2;0 Methylidyne;0.014522821576763484
HD163296_CO_2_1.image;model_extragalactic_tr_500it;3;1 1,3-Butadiynyl radical;0.014522821576763484
HD163296_CO_2_1.image;model_extragalactic_tr_500it;4;2 Formaldehyde;0.014522821576763484
HD163296_CO_2_1.image;model_extragalactic_tr_500it;5;3 Sulfur dioxide;0.014522821576763484
HD163296_CO_2_1.image;model_extragalactic_2_500it;1;26 Silicon Monoxide;0.491701244813278
HD163296_CO_2_1.image;model_extragalactic_2_500it;2;0 Methylidyne;0.014522821576763484
HD163296_CO_2_1.image;model_extragalactic_2_500it;3;1 1,3-Butadiynyl radical;0.014522821576763484
HD163296_CO_2_1.image;model_extragalactic_2_500it;4;2 Formaldehyde;0.014522821576763484
HD163296_CO_2_1.image;model_extragalactic_2_500it;5;3 Sulfur dioxide;0.014522821576763484
HD163296_CO_2_1.image;model_extragalactic_full_500it;1;33 Hydrogen Isocyanide;0.491701244813278
HD163296_CO_2_1.image;model_extragalactic_full_500it;2;0 Methylidyne;0.014522821576763484
HD163296_CO_2_1.image;model_extragalactic_full_500it;3;1 1,3-Butadiynyl radical;0.014522821576763484
HD163296_CO_2_1.image;model_extragalactic_full_500it;4;2 Formaldehyde;0.014522821576763484
HD163296_CO_2_1.image;model_extragalactic_full_500it;5;3 Sulfur dioxide;0.014522821576763484
HD163296_CO_2_1.image;model_extragalactic_full_expanded_00002_500it;1;25 Sodium Chloride;0.4813278008298755
HD163296_CO_2_1.image;model_extragalactic_full_expanded_00002_500it;2;29 Hydrogen Cyanide;0.024896265560165973
HD163296_CO_2_1.image;model_extragalactic_full_expanded_00002_500it;3;0 Methylidyne;0.014522821576763484
HD163296_CO_2_1.image;model_extragalactic_full_expanded_00002_500it;4;1 1,3-Butadiynyl radical;0.014522821576763484
HD163296_CO_2_1.image;model_extragalactic_full_expanded_00002_500it;5;2 Formaldehyde;0.014522821576763484
HD163296_CO_2_1.image;model_extragalactic_full_expanded_00010_500it;1;6 Carbon Monoxide Ion;0.491701244813278
HD163296_CO_2_1.image;model_extragalactic_full_expanded_00010_500it;2;0 Methylidyne;0.014522821576763484
HD163296_CO_2_1.image;model_extragalactic_full_expanded_00010_500it;3;1 1,3-Butadiynyl radical;0.014522821576763484
HD163296_CO_2_1.image;model_extragalactic_full_expanded_00010_500it;4;2 Formaldehyde;0.014522821576763484
HD163296_CO_2_1.image;model_extragalactic_full_expanded_00010_500it;5;3 Sulfur dioxide;0.014522821576763484
uid___A002_Xa916fc_X668__IRS43_HCO32.final.image.pbcor;model_extragalactic_tr_500it;1;9 Methyliumylidene;0.8096348096348097
uid___A002_Xa916fc_X668__IRS43_HCO32.final.image.pbcor;model_extragalactic_tr_500it;2;0 Methylidyne;0.005439005439005439
uid___A002_Xa916fc_X668__IRS43_HCO32.final.image.pbcor;model_extragalactic_tr_500it;3;1 1,3-Butadiynyl radical;0.005439005439005439
uid___A002_Xa916fc_X668__IRS43_HCO32.final.image.pbcor;model_extragalactic_tr_500it;4;2 Formaldehyde;0.005439005439005439
uid___A002_Xa916fc_X668__IRS43_HCO32.final.image.pbcor;model_extragalactic_tr_500it;5;3 Sulfur dioxide;0.005439005439005439
uid___A002_Xa916fc_X668__IRS43_HCO32.final.image.pbcor;model_extragalactic_2_500it;1;9 Methyliumylidene;0.8096348096348097
uid___A002_Xa916fc_X668__IRS43_HCO32.final.image.pbcor;model_extragalactic_2_500it;2;0 Methylidyne;0.005439005439005439
uid___A002_Xa916fc_X668__IRS43_HCO32.final.image.pbcor;model_extragalactic_2_500it;3;1 1,3-Butadiynyl radical;0.005439005439005439
uid___A002_Xa916fc_X668__IRS43_HCO32.final.image.pbcor;model_extragalactic_2_500it;4;2 Formaldehyde;0.005439005439005439
uid___A002_Xa916fc_X668__IRS43_HCO32.final.image.pbcor;model_extragalactic_2_500it;5;3 Sulfur dioxide;0.005439005439005439
uid___A002_Xa916fc_X668__IRS43_HCO32.final.image.pbcor;model_extragalactic_full_500it;1;9 Methyliumylidene;0.8096348096348097
uid___A002_Xa916fc_X668__IRS43_HCO32.final.image.pbcor;model_extragalactic_full_500it;2;0 Methylidyne;0.005439005439005439
uid___A002_Xa916fc_X668__IRS43_HCO32.final.image.pbcor;model_extragalactic_full_500it;3;1 1,3-Butadiynyl radical;0.005439005439005439
uid___A002_Xa916fc_X668__IRS43_HCO32.final.image.pbcor;model_extragalactic_full_500it;4;2 Formaldehyde;0.005439005439005439
uid___A002_Xa916fc_X668__IRS43_HCO32.final.image.pbcor;model_extragalactic_full_500it;5;3 Sulfur dioxide;0.005439005439005439
uid___A002_Xa916fc_X668__IRS43_HCO32.final.image.pbcor;model_extragalactic_full_expanded_00002_500it;1;34 Formylium;0.8096348096348097
uid___A002_Xa916fc_X668__IRS43_HCO32.final.image.pbcor;model_extragalactic_full_expanded_00002_500it;2;0 Methylidyne;0.005439005439005439
uid___A002_Xa916fc_X668__IRS43_HCO32.final.image.pbcor;model_extragalactic_full_expanded_00002_500it;3;1 1,3-Butadiynyl radical;0.005439005439005439
uid___A002_Xa916fc_X668__IRS43_HCO32.final.image.pbcor;model_extragalactic_full_expanded_00002_500it;4;2 Formaldehyde;0.005439005439005439
uid___A002_Xa916fc_X668__IRS43_HCO32.final.image.pbcor;model_extragalactic_full_expanded_00002_500it;5;3 Sulfur dioxide;0.005439005439005439
uid___A002_Xa916fc_X668__IRS43_HCO32.final.image.pbcor;model_extragalactic_full_expanded_00010_500it;1;12 Carbonyl Sulfide;0.8096348096348097
uid___A002_Xa916fc_X668__IRS43_HCO32.final.image.pbcor;model_extragalactic_full_expanded_00010_500it;2;0 Methylidyne;0.005439005439005439
uid___A002_Xa916fc_X668__IRS43_HCO32.final.image.pbcor;model_extragalactic_full_expanded_00010_500it;3;1 1,3-Butadiynyl radical;0.005439005439005439
uid___A002_Xa916fc_X668__IRS43_HCO32.final.image.pbcor;model_extragalactic_full_expanded_00010_500it;4;2 Formaldehyde;0.005439005439005439
uid___A002_Xa916fc_X668__IRS43_HCO32.final.image.pbcor;model_extragalactic_full_expanded_00010_500it;5;3 Sulfur dioxide;0.005439005439005439
DMTau.CS_5-4.image;model_extragalactic_tr_500it;1;9 Methyliumylidene;0.805863708399366
DMTau.CS_5-4.image;model_extragalactic_tr_500it;2;0 Methylidyne;0.00554675118858954
DMTau.CS_5-4.image;model_extragalactic_tr_500it;3;1 1,3-Butadiynyl radical;0.00554675118858954
DMTau.CS_5-4.image;model_extragalactic_tr_500it;4;2 Formaldehyde;0.00554675118858954
DMTau.CS_5-4.image;model_extragalactic_tr_500it;5;3 Sulfur dioxide;0.00554675118858954
DMTau.CS_5-4.image;model_extragalactic_2_500it;1;9 Methyliumylidene;0.805863708399366
DMTau.CS_5-4.image;model_extragalactic_2_500it;2;0 Methylidyne;0.00554675118858954
DMTau.CS_5-4.image;model_extragalactic_2_500it;3;1 1,3-Butadiynyl radical;0.00554675118858954
DMTau.CS_5-4.image;model_extragalactic_2_500it;4;2 Formaldehyde;0.00554675118858954
DMTau.CS_5-4.image;model_extragalactic_2_500it;5;3 Sulfur dioxide;0.00554675118858954
DMTau.CS_5-4.image;model_extragalactic_full_500it;1;26 Silicon Monoxide;0.805863708399366
DMTau.CS_5-4.image;model_extragalactic_full_500it;2;0 Methylidyne;0.00554675118858954
DMTau.CS_5-4.image;model_extragalactic_full_500it;3;1 1,3-Butadiynyl radical;0.00554675118858954
DMTau.CS_5-4.image;model_extragalactic_full_500it;4;2 Formaldehyde;0.00554675118858954
DMTau.CS_5-4.image;model_extragalactic_full_500it;5;3 Sulfur dioxide;0.00554675118858954
DMTau.CS_5-4.image;model_extragalactic_full_expanded_00002_500it;1;14 Diazenylium;0.8019017432646592
DMTau.CS_5-4.image;model_extragalactic_full_expanded_00002_500it;2;10 Cyanide Radical;0.009508716323296354
DMTau.CS_5-4.image;model_extragalactic_full_expanded_00002_500it;3;0 Methylidyne;0.00554675118858954
DMTau.CS_5-4.image;model_extragalactic_full_expanded_00002_500it;4;1 1,3-Butadiynyl radical;0.00554675118858954
DMTau.CS_5-4.image;model_extragalactic_full_expanded_00002_500it;5;2 Formaldehyde;0.00554675118858954
DMTau.CS_5-4.image;model_extragalactic_full_expanded_00010_500it;1;1 1,3-Butadiynyl radical;0.805863708399366
DMTau.CS_5-4.image;model_extragalactic_full_expanded_00010_500it;2;0 Methylidyne;0.00554675118858954
DMTau.CS_5-4.image;model_extragalactic_full_expanded_00010_500it;3;2 Formaldehyde;0.00554675118858954
DMTau.CS_5-4.image;model_extragalactic_full_expanded_00010_500it;4;3 Sulfur dioxide;0.00554675118858954
DMTau.CS_5-4.image;model_extragalactic_full_expanded_00010_500it;5;4 Carbon Monoxide;0.00554675118858954
Orion.HNC.cbc.contsub.image;model_extragalactic_tr_500it;1;9 Methyliumylidene;0.7283813747228381
Orion.HNC.cbc.contsub.image;model_extragalactic_tr_500it;2;0 Methylidyne;0.007760532150776053
Orion.HNC.cbc.contsub.image;model_extragalactic_tr_500it;3;1 1,3-Butadiynyl radical;0.007760532150776053
Orion.HNC.cbc.contsub.image;model_extragalactic_tr_500it;4;2 Formaldehyde;0.007760532150776053
Orion.HNC.cbc.contsub.image;model_extragalactic_tr_500it;5;3 Sulfur dioxide;0.007760532150776053
Orion.HNC.cbc.contsub.image;model_extragalactic_2_500it;1;9 Methyliumylidene;0.7283813747228381
Orion.HNC.cbc.contsub.image;model_extragalactic_2_500it;2;0 Methylidyne;0.007760532150776053
Orion.HNC.cbc.contsub.image;model_extragalactic_2_500it;3;1 1,3-Butadiynyl radical;0.007760532150776053
Orion.HNC.cbc.contsub.image;model_extragalactic_2_500it;4;2 Formaldehyde;0.007760532150776053
Orion.HNC.cbc.contsub.image;model_extragalactic_2_500it;5;3 Sulfur dioxide;0.007760532150776053
Orion.HNC.cbc.contsub.image;model_extragalactic_full_500it;1;26 Silicon Monoxide;0.7283813747228381
Orion.HNC.cbc.contsub.image;model_extragalactic_full_500it;2;0 Methylidyne;0.007760532150776053
Orion.HNC.cbc.contsub.image;model_extragalactic_full_500it;3;1 1,3-Butadiynyl radical;0.007760532150776053
Orion.HNC.cbc.contsub.image;model_extragalactic_full_500it;4;2 Formaldehyde;0.007760532150776053
Orion.HNC.cbc.contsub.image;model_extragalactic_full_500it;5;3 Sulfur dioxide;0.007760532150776053
Orion.HNC.cbc.contsub.image;model_extragalactic_full_expanded_00002_500it;1;34 Formylium;0.7283813747228381
Orion.HNC.cbc.contsub.image;model_extragalactic_full_expanded_00002_500it;2;0 Methylidyne;0.007760532150776053
Orion.HNC.cbc.contsub.image;model_extragalactic_full_expanded_00002_500it;3;1 1,3-Butadiynyl radical;0.007760532150776053
Orion.HNC.cbc.contsub.image;model_extragalactic_full_expanded_00002_500it;4;2 Formaldehyde;0.007760532150776053
Orion.HNC.cbc.contsub.image;model_extragalactic_full_expanded_00002_500it;5;3 Sulfur dioxide;0.007760532150776053
Orion.HNC.cbc.contsub.image;model_extragalactic_full_expanded_00010_500it;1;26 Silicon Monoxide;0.7283813747228381
Orion.HNC.cbc.contsub.image;model_extragalactic_full_expanded_00010_500it;2;0 Methylidyne;0.007760532150776053
Orion.HNC.cbc.contsub.image;model_extragalactic_full_expanded_00010_500it;3;1 1,3-Butadiynyl radical;0.007760532150776053
Orion.HNC.cbc.contsub.image;model_extragalactic_full_expanded_00010_500it;4;2 Formaldehyde;0.007760532150776053
Orion.HNC.cbc.contsub.image;model_extragalactic_full_expanded_00010_500it;5;3 Sulfur dioxide;0.007760532150776053
TWHydra_HCOplusline.image;model_extragalactic_tr_500it;1;9 Methyliumylidene;0.3039772727272727
TWHydra_HCOplusline.image;model_extragalactic_tr_500it;2;0 Methylidyne;0.019886363636363633
TWHydra_HCOplusline.image;model_extragalactic_tr_500it;3;1 1,3-Butadiynyl radical;0.019886363636363633
TWHydra_HCOplusline.image;model_extragalactic_tr_500it;4;2 Formaldehyde;0.019886363636363633
TWHydra_HCOplusline.image;model_extragalactic_tr_500it;5;3 Sulfur dioxide;0.019886363636363633
TWHydra_HCOplusline.image;model_extragalactic_2_500it;1;34 Formylium;0.3039772727272727
TWHydra_HCOplusline.image;model_extragalactic_2_500it;2;0 Methylidyne;0.019886363636363633
TWHydra_HCOplusline.image;model_extragalactic_2_500it;3;1 1,3-Butadiynyl radical;0.019886363636363633
TWHydra_HCOplusline.image;model_extragalactic_2_500it;4;2 Formaldehyde;0.019886363636363633
TWHydra_HCOplusline.image;model_extragalactic_2_500it;5;3 Sulfur dioxide;0.019886363636363633
TWHydra_HCOplusline.image;model_extragalactic_full_500it;1;26 Silicon Monoxide;0.3039772727272727
TWHydra_HCOplusline.image;model_extragalactic_full_500it;2;0 Methylidyne;0.019886363636363633
TWHydra_HCOplusline.image;model_extragalactic_full_500it;3;1 1,3-Butadiynyl radical;0.019886363636363633
TWHydra_HCOplusline.image;model_extragalactic_full_500it;4;2 Formaldehyde;0.019886363636363633
TWHydra_HCOplusline.image;model_extragalactic_full_500it;5;3 Sulfur dioxide;0.019886363636363633
TWHydra_HCOplusline.image;model_extragalactic_full_expanded_00002_500it;1;34 Formylium;0.3039772727272727
TWHydra_HCOplusline.image;model_extragalactic_full_expanded_00002_500it;2;0 Methylidyne;0.019886363636363633
TWHydra_HCOplusline.image;model_extragalactic_full_expanded_00002_500it;3;1 1,3-Butadiynyl radical;0.019886363636363633
TWHydra_HCOplusline.image;model_extragalactic_full_expanded_00002_500it;4;2 Formaldehyde;0.019886363636363633
TWHydra_HCOplusline.image;model_extragalactic_full_expanded_00002_500it;5;3 Sulfur dioxide;0.019886363636363633
TWHydra_HCOplusline.image;model_extragalactic_full_expanded_00010_500it;1;34 Formylium;0.3039772727272727
TWHydra_HCOplusline.image;model_extragalactic_full_expanded_00010_500it;2;0 Methylidyne;0.019886363636363633
TWHydra_HCOplusline.image;model_extragalactic_full_expanded_00010_500it;3;1 1,3-Butadiynyl radical;0.019886363636363633
TWHydra_HCOplusline.image;model_extragalactic_full_expanded_00010_500it;4;2 Formaldehyde;0.019886363636363633
TWHydra_HCOplusline.image;model_extragalactic_full_expanded_00010_500it;5;3 Sulfur dioxide;0.019886363636363633
Orion.methanol.cbc.contsub.image;model_extragalactic_tr_500it;1;26 Silicon Monoxide;0.5070422535211268
Orion.methanol.cbc.contsub.image;model_extragalactic_tr_500it;2;0 Methylidyne;0.01408450704225352
Orion.methanol.cbc.contsub.image;model_extragalactic_tr_500it;3;1 1,3-Butadiynyl radical;0.01408450704225352
Orion.methanol.cbc.contsub.image;model_extragalactic_tr_500it;4;2 Formaldehyde;0.01408450704225352
Orion.methanol.cbc.contsub.image;model_extragalactic_tr_500it;5;3 Sulfur dioxide;0.01408450704225352
Orion.methanol.cbc.contsub.image;model_extragalactic_2_500it;1;9 Methyliumylidene;0.5070422535211268
Orion.methanol.cbc.contsub.image;model_extragalactic_2_500it;2;0 Methylidyne;0.01408450704225352
Orion.methanol.cbc.contsub.image;model_extragalactic_2_500it;3;1 1,3-Butadiynyl radical;0.01408450704225352
Orion.methanol.cbc.contsub.image;model_extragalactic_2_500it;4;2 Formaldehyde;0.01408450704225352
Orion.methanol.cbc.contsub.image;model_extragalactic_2_500it;5;3 Sulfur dioxide;0.01408450704225352
Orion.methanol.cbc.contsub.image;model_extragalactic_full_500it;1;26 Silicon Monoxide;0.5070422535211268
Orion.methanol.cbc.contsub.image;model_extragalactic_full_500it;2;0 Methylidyne;0.01408450704225352
Orion.methanol.cbc.contsub.image;model_extragalactic_full_500it;3;1 1,3-Butadiynyl radical;0.01408450704225352
Orion.methanol.cbc.contsub.image;model_extragalactic_full_500it;4;2 Formaldehyde;0.01408450704225352
Orion.methanol.cbc.contsub.image;model_extragalactic_full_500it;5;3 Sulfur dioxide;0.01408450704225352
Orion.methanol.cbc.contsub.image;model_extragalactic_full_expanded_00002_500it;1;26 Silicon Monoxide;0.5070422535211268
Orion.methanol.cbc.contsub.image;model_extragalactic_full_expanded_00002_500it;2;0 Methylidyne;0.01408450704225352
Orion.methanol.cbc.contsub.image;model_extragalactic_full_expanded_00002_500it;3;1 1,3-Butadiynyl radical;0.01408450704225352
Orion.methanol.cbc.contsub.image;model_extragalactic_full_expanded_00002_500it;4;2 Formaldehyde;0.01408450704225352
Orion.methanol.cbc.contsub.image;model_extragalactic_full_expanded_00002_500it;5;3 Sulfur dioxide;0.01408450704225352
Orion.methanol.cbc.contsub.image;model_extragalactic_full_expanded_00010_500it;1;10 Cyanide Radical;0.5070422535211268
Orion.methanol.cbc.contsub.image;model_extragalactic_full_expanded_00010_500it;2;0 Methylidyne;0.01408450704225352
Orion.methanol.cbc.contsub.image;model_extragalactic_full_expanded_00010_500it;3;1 1,3-Butadiynyl radical;0.01408450704225352
Orion.methanol.cbc.contsub.image;model_extragalactic_full_expanded_00010_500it;4;2 Formaldehyde;0.01408450704225352
Orion.methanol.cbc.contsub.image;model_extragalactic_full_expanded_00010_500it;5;3 Sulfur dioxide;0.01408450704225352
