1;34 Formylium;0.8096348096348097
2;0 Methylidyne;0.005439005439005439
3;1 1,3-Butadiynyl radical;0.005439005439005439
4;2 Formaldehyde;0.005439005439005439
5;3 Sulfur dioxide;0.005439005439005439
6;4 Carbon Monoxide;0.005439005439005439
7;5 Water;0.005439005439005439
8;6 Carbon Monoxide Ion;0.005439005439005439
9;7 Nitric sulfide;0.005439005439005439
10;8 Isocyanic Acid;0.005439005439005439
11;9 Methyliumylidene;0.005439005439005439
12;10 Cyanide Radical;0.005439005439005439
13;11 Ethynyl;0.005439005439005439
14;12 Carbonyl Sulfide;0.005439005439005439
15;13 Hydroxyl;0.005439005439005439
16;14 Diazenylium;0.005439005439005439
17;15 Thioxoethenylidene;0.005439005439005439
18;16 Nitric oxide;0.005439005439005439
19;17 Methyl Cyanide;0.005439005439005439
20;18 Cyclopropenylidene;0.005439005439005439
21;19 Methanimine;0.005439005439005439
22;20 Methanol;0.005439005439005439
23;21 Thioformaldehyde;0.005439005439005439
24;22 Ammonia;0.005439005439005439
25;23 Cyanamide;0.005439005439005439
26;24 Cyanoacetylene;0.005439005439005439
27;25 Sodium Chloride;0.005439005439005439
28;26 Silicon Monoxide;0.005439005439005439
29;27 Sulfur Monoxide;0.005439005439005439
30;28 Protonated Carbon Dioxide;0.005439005439005439
31;29 Hydrogen Cyanide;0.005439005439005439
32;30 Carbon Monosulfide;0.005439005439005439
33;31 Hydrogen sulfide;0.005439005439005439
34;32 Molecular oxygen;0.005439005439005439
35;33 Hydrogen Isocyanide;0.005439005439005439
36;35 Methyl Acetylene;0.005439005439005439
