1;17 Nitrosyl hydride;0.6349431818181818
2;19 Magnesium Cyanide;0.009943181818181816
3;25 Cyclopropenone;0.009943181818181816
4;39 Methanimine;0.009943181818181816
5;80 Isocyanic Acid;0.009943181818181816
6;84 Phosphaethyne;0.009943181818181816
7;0 Dimethyl ether;0.002840909090909091
8;1 Butatrienylidene;0.002840909090909091
9;2 Trihydrogen ion;0.002840909090909091
10;3 Nitrous Oxide;0.002840909090909091
11;4 Methyl Acetylene;0.002840909090909091
12;5 Ethylene Glycol;0.002840909090909091
13;6 Methyl Cyanide;0.002840909090909091
14;7 Thioformylium;0.002840909090909091
15;8 para-Oxidaniumyl;0.002840909090909091
16;9 Hydrogen Cyanide;0.002840909090909091
17;10 Titanium monoxide;0.002840909090909091
18;11 Cyanide Radical;0.002840909090909091
19;12 Formic Acid;0.002840909090909091
20;13 Nitric sulfide;0.002840909090909091
21;14 Iminomethylium;0.002840909090909091
22;15 Aluminum monoxide;0.002840909090909091
23;16 Methyl isocyanate;0.002840909090909091
24;18 Propynylidynium;0.002840909090909091
25;20 Diazenylium;0.002840909090909091
26;21 Methylamine;0.002840909090909091
27;22 Chloronium;0.002840909090909091
28;23 Silicon monosulfide;0.002840909090909091
29;24 Phosphorus Monoxide;0.002840909090909091
30;26 Carbon Monoxide Ion;0.002840909090909091
31;27 Sodium Cyanide;0.002840909090909091
32;28 Nitric oxide;0.002840909090909091
33;29 Silicon Cyanide;0.002840909090909091
34;30 Ethyne Isocyanide;0.002840909090909091
35;31 Sodium Chloride;0.002840909090909091
36;32 Cyanoacetylene;0.002840909090909091
37;33 Sulfur Monoxide;0.002840909090909091
38;34 Aluminum Isocyanitrile;0.002840909090909091
39;35 Cyanobutadiyne;0.002840909090909091
40;36 Silicon Mononitride;0.002840909090909091
41;37 Carbon Monoxide;0.002840909090909091
42;38 Propadienylidene;0.002840909090909091
43;40 Aluminum Monofluoride;0.002840909090909091
44;41 Formamide;0.002840909090909091
45;42 Aminoacetonitrile;0.002840909090909091
46;43 Ammonia;0.002840909090909091
47;44 gauche-Ethanol;0.002840909090909091
48;45 Protonate 2-proynenitrile;0.002840909090909091
49;46 Carbonyl Sulfide;0.002840909090909091
50;47 Thioxoethenylidene;0.002840909090909091
51;48 Ethyl cyanide;0.002840909090909091
52;49 Water;0.002840909090909091
53;50 Methyl Formate;0.002840909090909091
54;51 Acetaldehyde;0.002840909090909091
55;52 Ketenimine;0.002840909090909091
56;53 Propenal;0.002840909090909091
57;54 Methyl isocyanide;0.002840909090909091
58;55 iso-propyl cyanide;0.002840909090909091
59;56 Hydrogen cyanide;0.002840909090909091
60;57 Protonated Carbon Dioxide;0.002840909090909091
61;58 Methylidyne;0.002840909090909091
62;59 Ketene;0.002840909090909091
63;60 Silicon Monoxide;0.002840909090909091
64;61 Acetone;0.002840909090909091
65;62 Vinyl Cyanide;0.002840909090909091
66;63 Silicon monoxide (global fit);0.002840909090909091
67;64 Cyclopropenylidene;0.002840909090909091
68;65 Magnesium Isocyanide;0.002840909090909091
69;66 Cyanobutadiynylide anion;0.002840909090909091
70;67 Formaldehyde;0.002840909090909091
71;68 Carbon Monosulfide;0.002840909090909091
72;69 Fulminic acid;0.002840909090909091
73;70 trans-Ethanol;0.002840909090909091
74;71 Silicon Carbide;0.002840909090909091
75;72 Formylium;0.002840909090909091
76;73 Ethylene Oxide;0.002840909090909091
77;74 Sulfur dioxide;0.002840909090909091
78;75 Carbon Monophosphide;0.002840909090909091
79;76 Sulfur Monoxide ion;0.002840909090909091
80;77 Methanol;0.002840909090909091
81;78 Sulfur Dioxide;0.002840909090909091
82;79 Cyanoformaldehyde;0.002840909090909091
83;81 Silicon Isocyanide;0.002840909090909091
84;82 Methylene amidogen;0.002840909090909091
85;83 Silicon Monocarbide;0.002840909090909091
86;85 Aluminum Monochloride;0.002840909090909091
87;86 Cyanoallene;0.002840909090909091
88;87 Methyl diacetylene;0.002840909090909091
89;88 Cyanomethylene;0.002840909090909091
90;89 Phosphapropynylidyne;0.002840909090909091
91;90 Cyanomethyl;0.002840909090909091
92;91 Hydrogen Isocyanide;0.002840909090909091
93;92 Hydrogen sulfide;0.002840909090909091
94;93 Hydroxyl;0.002840909090909091
95;94 Glycolaldehyde;0.002840909090909091
96;95 Cyanide anion;0.002840909090909091
97;96 2-Propynal;0.002840909090909091
98;97 Ethynyl;0.002840909090909091
99;98 Phosphorous nitride;0.002840909090909091
100;99 Magnesium hydride isocyanide;0.002840909090909091
101;100 Potassium chloride;0.002840909090909091
102;101 Silicon tetracarbide;0.002840909090909091
103;102 Ethyl Cyanide;0.002840909090909091
104;103 Cyanamide;0.002840909090909091
105;104 Amidogen;0.002840909090909091
106;105 Hydroxymethylidyne;0.002840909090909091
107;106 Formyl Radical;0.002840909090909091
108;107 Vinyl Alcohol;0.002840909090909091
109;108 ortho-Oxidaniumyl;0.002840909090909091
110;109 Cyanoethynylide ion;0.002840909090909091
111;110 Oxoethenylidene;0.002840909090909091
112;111 2-Butynenitrile;0.002840909090909091
113;112 Cyanoethynyl;0.002840909090909091
114;113 Hydroxymethylium ion;0.002840909090909091
115;114 Thioformaldehyde;0.002840909090909091
116;115 Isothiocyanic acid;0.002840909090909091
117;116 Cyanic acid;0.002840909090909091
