1;81 Silicon Isocyanide;0.191358024691358
2;19 Magnesium Cyanide;0.021604938271604934
3;21 Methylamine;0.021604938271604934
4;40 Aluminum Monofluoride;0.021604938271604934
5;86 Cyanoallene;0.021604938271604934
6;108 ortho-Oxidaniumyl;0.021604938271604934
7;114 Thioformaldehyde;0.021604938271604934
8;0 Dimethyl ether;0.006172839506172839
9;1 Butatrienylidene;0.006172839506172839
10;2 Trihydrogen ion;0.006172839506172839
11;3 Nitrous Oxide;0.006172839506172839
12;4 Methyl Acetylene;0.006172839506172839
13;5 Ethylene Glycol;0.006172839506172839
14;6 Methyl Cyanide;0.006172839506172839
15;7 Thioformylium;0.006172839506172839
16;8 para-Oxidaniumyl;0.006172839506172839
17;9 Hydrogen Cyanide;0.006172839506172839
18;10 Titanium monoxide;0.006172839506172839
19;11 Cyanide Radical;0.006172839506172839
20;12 Formic Acid;0.006172839506172839
21;13 Nitric sulfide;0.006172839506172839
22;14 Iminomethylium;0.006172839506172839
23;15 Aluminum monoxide;0.006172839506172839
24;16 Methyl isocyanate;0.006172839506172839
25;17 Nitrosyl hydride;0.006172839506172839
26;18 Propynylidynium;0.006172839506172839
27;20 Diazenylium;0.006172839506172839
28;22 Chloronium;0.006172839506172839
29;23 Silicon monosulfide;0.006172839506172839
30;24 Phosphorus Monoxide;0.006172839506172839
31;25 Cyclopropenone;0.006172839506172839
32;26 Carbon Monoxide Ion;0.006172839506172839
33;27 Sodium Cyanide;0.006172839506172839
34;28 Nitric oxide;0.006172839506172839
35;29 Silicon Cyanide;0.006172839506172839
36;30 Ethyne Isocyanide;0.006172839506172839
37;31 Sodium Chloride;0.006172839506172839
38;32 Cyanoacetylene;0.006172839506172839
39;33 Sulfur Monoxide;0.006172839506172839
40;34 Aluminum Isocyanitrile;0.006172839506172839
41;35 Cyanobutadiyne;0.006172839506172839
42;36 Silicon Mononitride;0.006172839506172839
43;37 Carbon Monoxide;0.006172839506172839
44;38 Propadienylidene;0.006172839506172839
45;39 Methanimine;0.006172839506172839
46;41 Formamide;0.006172839506172839
47;42 Aminoacetonitrile;0.006172839506172839
48;43 Ammonia;0.006172839506172839
49;44 gauche-Ethanol;0.006172839506172839
50;45 Protonate 2-proynenitrile;0.006172839506172839
51;46 Carbonyl Sulfide;0.006172839506172839
52;47 Thioxoethenylidene;0.006172839506172839
53;48 Ethyl cyanide;0.006172839506172839
54;49 Water;0.006172839506172839
55;50 Methyl Formate;0.006172839506172839
56;51 Acetaldehyde;0.006172839506172839
57;52 Ketenimine;0.006172839506172839
58;53 Propenal;0.006172839506172839
59;54 Methyl isocyanide;0.006172839506172839
60;55 iso-propyl cyanide;0.006172839506172839
61;56 Hydrogen cyanide;0.006172839506172839
62;57 Protonated Carbon Dioxide;0.006172839506172839
63;58 Methylidyne;0.006172839506172839
64;59 Ketene;0.006172839506172839
65;60 Silicon Monoxide;0.006172839506172839
66;61 Acetone;0.006172839506172839
67;62 Vinyl Cyanide;0.006172839506172839
68;63 Silicon monoxide (global fit);0.006172839506172839
69;64 Cyclopropenylidene;0.006172839506172839
70;65 Magnesium Isocyanide;0.006172839506172839
71;66 Cyanobutadiynylide anion;0.006172839506172839
72;67 Formaldehyde;0.006172839506172839
73;68 Carbon Monosulfide;0.006172839506172839
74;69 Fulminic acid;0.006172839506172839
75;70 trans-Ethanol;0.006172839506172839
76;71 Silicon Carbide;0.006172839506172839
77;72 Formylium;0.006172839506172839
78;73 Ethylene Oxide;0.006172839506172839
79;74 Sulfur dioxide;0.006172839506172839
80;75 Carbon Monophosphide;0.006172839506172839
81;76 Sulfur Monoxide ion;0.006172839506172839
82;77 Methanol;0.006172839506172839
83;78 Sulfur Dioxide;0.006172839506172839
84;79 Cyanoformaldehyde;0.006172839506172839
85;80 Isocyanic Acid;0.006172839506172839
86;82 Methylene amidogen;0.006172839506172839
87;83 Silicon Monocarbide;0.006172839506172839
88;84 Phosphaethyne;0.006172839506172839
89;85 Aluminum Monochloride;0.006172839506172839
90;87 Methyl diacetylene;0.006172839506172839
91;88 Cyanomethylene;0.006172839506172839
92;89 Phosphapropynylidyne;0.006172839506172839
93;90 Cyanomethyl;0.006172839506172839
94;91 Hydrogen Isocyanide;0.006172839506172839
95;92 Hydrogen sulfide;0.006172839506172839
96;93 Hydroxyl;0.006172839506172839
97;94 Glycolaldehyde;0.006172839506172839
98;95 Cyanide anion;0.006172839506172839
99;96 2-Propynal;0.006172839506172839
100;97 Ethynyl;0.006172839506172839
101;98 Phosphorous nitride;0.006172839506172839
102;99 Magnesium hydride isocyanide;0.006172839506172839
103;100 Potassium chloride;0.006172839506172839
104;101 Silicon tetracarbide;0.006172839506172839
105;102 Ethyl Cyanide;0.006172839506172839
106;103 Cyanamide;0.006172839506172839
107;104 Amidogen;0.006172839506172839
108;105 Hydroxymethylidyne;0.006172839506172839
109;106 Formyl Radical;0.006172839506172839
110;107 Vinyl Alcohol;0.006172839506172839
111;109 Cyanoethynylide ion;0.006172839506172839
112;110 Oxoethenylidene;0.006172839506172839
113;111 2-Butynenitrile;0.006172839506172839
114;112 Cyanoethynyl;0.006172839506172839
115;113 Hydroxymethylium ion;0.006172839506172839
116;115 Isothiocyanic acid;0.006172839506172839
117;116 Cyanic acid;0.006172839506172839
