1;4 Carbon Monoxide;0.6585872576177285
2;18 Carbon Monosulfide;0.02146814404432133
3;0 Methylidyne;0.014542936288088643
4;1 Butyronitrile;0.014542936288088643
5;2 Formaldehyde;0.014542936288088643
6;3 Sulfur dioxide;0.014542936288088643
7;5 Water;0.014542936288088643
8;6 Chloronium;0.014542936288088643
9;7 Imidogen;0.014542936288088643
10;8 Thioformylium;0.014542936288088643
11;9 Mercapto radical;0.014542936288088643
12;10 Methyl formate vt01;0.014542936288088643
13;11 Methyliumylidene;0.014542936288088643
14;12 Cyanide Radical;0.014542936288088643
15;13 Hydroxyl;0.014542936288088643
16;14 Nitric oxide;0.014542936288088643
17;15 Cyclopropenylidene;0.014542936288088643
18;16 Silicon Monoxide;0.014542936288088643
19;17 Hydrogen Cyanide;0.014542936288088643
20;19 Hydrogen sulfide;0.014542936288088643
21;20 Molecular oxygen;0.014542936288088643
22;21 Hydrogen Isocyanide;0.014542936288088643
23;22 Formylium;0.014542936288088643
24;23 Sulfoniumylidene;0.014542936288088643
