1;21 Hydrogen Isocyanide;0.29971590909090906
2;5 Water;0.044034090909090905
3;0 Methylidyne;0.029829545454545452
4;1 Butyronitrile;0.029829545454545452
5;2 Formaldehyde;0.029829545454545452
6;3 Sulfur dioxide;0.029829545454545452
7;4 Carbon Monoxide;0.029829545454545452
8;6 Chloronium;0.029829545454545452
9;7 Imidogen;0.029829545454545452
10;8 Thioformylium;0.029829545454545452
11;9 Mercapto radical;0.029829545454545452
12;10 Methyl formate vt01;0.029829545454545452
13;11 Methyliumylidene;0.029829545454545452
14;12 Cyanide Radical;0.029829545454545452
15;13 Hydroxyl;0.029829545454545452
16;14 Nitric oxide;0.029829545454545452
17;15 Cyclopropenylidene;0.029829545454545452
18;16 Silicon Monoxide;0.029829545454545452
19;17 Hydrogen Cyanide;0.029829545454545452
20;18 Carbon Monosulfide;0.029829545454545452
21;19 Hydrogen sulfide;0.029829545454545452
22;20 Molecular oxygen;0.029829545454545452
23;22 Formylium;0.029829545454545452
24;23 Sulfoniumylidene;0.029829545454545452
