uid___A002_Xa916fc_X668__IRS43_HCO32.final.image.pbcor;model_diffuse_clouds_tr_500it;1;22 Formylium;0.6324200913242009
uid___A002_Xa916fc_X668__IRS43_HCO32.final.image.pbcor;model_diffuse_clouds_tr_500it;2;0 Methylidyne;0.01598173515981735
uid___A002_Xa916fc_X668__IRS43_HCO32.final.image.pbcor;model_diffuse_clouds_tr_500it;3;1 Butyronitrile;0.01598173515981735
uid___A002_Xa916fc_X668__IRS43_HCO32.final.image.pbcor;model_diffuse_clouds_tr_500it;4;2 Formaldehyde;0.01598173515981735
uid___A002_Xa916fc_X668__IRS43_HCO32.final.image.pbcor;model_diffuse_clouds_tr_500it;5;3 Sulfur dioxide;0.01598173515981735
DMTau.CS_5-4.image;model_diffuse_clouds_tr_500it;1;11 Methyliumylidene;0.6655124653739611
DMTau.CS_5-4.image;model_diffuse_clouds_tr_500it;2;0 Methylidyne;0.014542936288088643
DMTau.CS_5-4.image;model_diffuse_clouds_tr_500it;3;1 Butyronitrile;0.014542936288088643
DMTau.CS_5-4.image;model_diffuse_clouds_tr_500it;4;2 Formaldehyde;0.014542936288088643
DMTau.CS_5-4.image;model_diffuse_clouds_tr_500it;5;3 Sulfur dioxide;0.014542936288088643
TWHydra_CO3_2line.image;model_diffuse_clouds_tr_500it;1;17 Hydrogen Cyanide;0.35471204188481675
TWHydra_CO3_2line.image;model_diffuse_clouds_tr_500it;2;15 Cyclopropenylidene;0.04057591623036649
TWHydra_CO3_2line.image;model_diffuse_clouds_tr_500it;3;0 Methylidyne;0.027486910994764396
TWHydra_CO3_2line.image;model_diffuse_clouds_tr_500it;4;1 Butyronitrile;0.027486910994764396
TWHydra_CO3_2line.image;model_diffuse_clouds_tr_500it;5;2 Formaldehyde;0.027486910994764396
Orion.HNC.cbc.contsub.image;model_diffuse_clouds_tr_500it;1;21 Hydrogen Isocyanide;0.29971590909090906
Orion.HNC.cbc.contsub.image;model_diffuse_clouds_tr_500it;2;6 Chloronium;0.044034090909090905
Orion.HNC.cbc.contsub.image;model_diffuse_clouds_tr_500it;3;0 Methylidyne;0.029829545454545452
Orion.HNC.cbc.contsub.image;model_diffuse_clouds_tr_500it;4;1 Butyronitrile;0.029829545454545452
Orion.HNC.cbc.contsub.image;model_diffuse_clouds_tr_500it;5;2 Formaldehyde;0.029829545454545452
TWHydra_HCOplusline.image;model_diffuse_clouds_tr_500it;1;22 Formylium;0.27923976608187134
TWHydra_HCOplusline.image;model_diffuse_clouds_tr_500it;2;1 Butyronitrile;0.04532163742690058
TWHydra_HCOplusline.image;model_diffuse_clouds_tr_500it;3;0 Methylidyne;0.03070175438596491
TWHydra_HCOplusline.image;model_diffuse_clouds_tr_500it;4;2 Formaldehyde;0.03070175438596491
TWHydra_HCOplusline.image;model_diffuse_clouds_tr_500it;5;3 Sulfur dioxide;0.03070175438596491
HD163296_CO_2_1.image;model_diffuse_clouds_tr_500it;1;16 Silicon Monoxide;0.4597315436241611
HD163296_CO_2_1.image;model_diffuse_clouds_tr_500it;2;0 Methylidyne;0.02348993288590604
HD163296_CO_2_1.image;model_diffuse_clouds_tr_500it;3;1 Butyronitrile;0.02348993288590604
HD163296_CO_2_1.image;model_diffuse_clouds_tr_500it;4;2 Formaldehyde;0.02348993288590604
HD163296_CO_2_1.image;model_diffuse_clouds_tr_500it;5;3 Sulfur dioxide;0.02348993288590604
