1;4 Carbon Monoxide;0.08239700374531836
2;0 Methylidyne;0.026217228464419474
3;1 1,3-Butadiynyl radical;0.026217228464419474
4;2 Formaldehyde;0.026217228464419474
5;3 Sulfur dioxide;0.026217228464419474
6;5 Water;0.026217228464419474
7;6 Carbon Monoxide Ion;0.026217228464419474
8;7 Nitric sulfide;0.026217228464419474
9;8 Isocyanic Acid;0.026217228464419474
10;9 Methyliumylidene;0.026217228464419474
11;10 Cyanide Radical;0.026217228464419474
12;11 Ethynyl;0.026217228464419474
13;12 Carbonyl Sulfide;0.026217228464419474
14;13 Hydroxyl;0.026217228464419474
15;14 Diazenylium;0.026217228464419474
16;15 Thioxoethenylidene;0.026217228464419474
17;16 Nitric oxide;0.026217228464419474
18;17 Methyl Cyanide;0.026217228464419474
19;18 Cyclopropenylidene;0.026217228464419474
20;19 Methanimine;0.026217228464419474
21;20 Methanol;0.026217228464419474
22;21 Thioformaldehyde;0.026217228464419474
23;22 Ammonia;0.026217228464419474
24;23 Cyanamide;0.026217228464419474
25;24 Cyanoacetylene;0.026217228464419474
26;25 Sodium Chloride;0.026217228464419474
27;26 Silicon Monoxide;0.026217228464419474
28;27 Sulfur Monoxide;0.026217228464419474
29;28 Protonated Carbon Dioxide;0.026217228464419474
30;29 Hydrogen Cyanide;0.026217228464419474
31;30 Carbon Monosulfide;0.026217228464419474
32;31 Hydrogen sulfide;0.026217228464419474
33;32 Molecular oxygen;0.026217228464419474
34;33 Hydrogen Isocyanide;0.026217228464419474
35;34 Formylium;0.026217228464419474
36;35 Methyl Acetylene;0.026217228464419474
