1;13 Methyliumylidene;0.4810526315789474
2;0 Methylidyne;0.017894736842105262
3;1 Formaldehyde;0.017894736842105262
4;2 Sulfur dioxide;0.017894736842105262
5;3 Carbon Monoxide;0.017894736842105262
6;4 Acetaldehyde;0.017894736842105262
7;5 Water;0.017894736842105262
8;6 Imidogen;0.017894736842105262
9;7 Carbon Monoxide Ion;0.017894736842105262
10;8 Nitric sulfide;0.017894736842105262
11;9 Isocyanic Acid;0.017894736842105262
12;10 Formic Acid;0.017894736842105262
13;11 Amidogen;0.017894736842105262
14;12 Ethylene Glycol;0.017894736842105262
15;14 Cyanide Radical;0.017894736842105262
16;15 Carbonyl Sulfide;0.017894736842105262
17;16 Hydroxyl;0.017894736842105262
18;17 Nitric oxide;0.017894736842105262
19;18 Methyl Cyanide;0.017894736842105262
20;19 Cyclopropenylidene;0.017894736842105262
21;20 Sulfur Monoxide ion;0.017894736842105262
22;21 Methanol;0.017894736842105262
23;22 Thioformaldehyde;0.017894736842105262
24;23 Ammonia;0.017894736842105262
25;24 Cyanoacetylene;0.017894736842105262
26;25 Hydrogen Cyanide;0.017894736842105262
27;26 Hydrogen sulfide;0.017894736842105262
28;27 Molecular oxygen;0.017894736842105262
29;28 Hydrogen Isocyanide;0.017894736842105262
30;29 Formylium;0.017894736842105262
