¡MATCH! Model[model_alma_band_6_full_500it] FITS[../../FITS/DMTau.CS_5-4.image.fits]: 0.18023255813953487
¡MATCH! Model[model_alma_band_6_full_500it] FITS[../../FITS/HD163296_CO_2_1.image.fits]: 0.10352422907488985
¡MATCH! Model[model_alma_band_6_full_expanded_00002_500it] FITS[../../FITS/DMTau.CS_5-4.image.fits]: 0.3255813953488371
¡MATCH! Model[model_alma_band_6_full_expanded_00010_500it] FITS[../../FITS/DMTau.CS_5-4.image.fits]: 0.29651162790697666
¡MATCH! Model[model_hot_cores_tr_500it] FITS[../../FITS/TWHydra_HCOplusline.image.fits]: 0.022857142857142857
¡MATCH! Model[model_hot_cores_2_500it] FITS[../../FITS/DMTau.CS_5-4.image.fits]: 0.3095890410958904
¡MATCH! Model[model_hot_cores_full_500it] FITS[../../FITS/DMTau.CS_5-4.image.fits]: 0.17260273972602738
¡MATCH! Model[model_hot_cores_full_500it] FITS[../../FITS/TWHydra_HCOplusline.image.fits]: 0.022857142857142857
¡MATCH! Model[model_hot_cores_full_expanded_00002_500it] FITS[../../FITS/DMTau.CS_5-4.image.fits]: 0.3095890410958904
¡MATCH! Model[model_hot_cores_full_expanded_00002_500it] FITS[../../FITS/TWHydra_CO3_2line.image.fits]: 0.3095890410958904
¡MATCH! Model[model_hot_cores_full_expanded_00002_500it] FITS[../../FITS/TWHydra_HCOplusline.image.fits]: 0.20857142857142857
¡MATCH! Model[model_hot_cores_full_expanded_00010_500it] FITS[../../FITS/DMTau.CS_5-4.image.fits]: 0.3095890410958904
¡MATCH! Model[model_hot_cores_full_expanded_00010_500it] FITS[../../FITS/HD163296_CO_2_1.image.fits]: 0.02736842105263158
¡MATCH! Model[model_hot_cores_full_expanded_00010_500it] FITS[../../FITS/TWHydra_CO3_2line.image.fits]: 0.3095890410958904
¡MATCH! Model[model_hot_cores_full_expanded_00010_500it] FITS[../../FITS/TWHydra_HCOplusline.image.fits]: 0.26571428571428574
¡MATCH! Model[model_dark_clouds_tr_500it] FITS[../../FITS/TWHydra_HCOplusline.image.fits]: 0.026685393258426966
¡MATCH! Model[model_dark_clouds_full_500it] FITS[../../FITS/TWHydra_HCOplusline.image.fits]: 0.2794943820224719
¡MATCH! Model[model_dark_clouds_full_expanded_00002_500it] FITS[../../FITS/DMTau.CS_5-4.image.fits]: 0.3086253369272237
¡MATCH! Model[model_dark_clouds_full_expanded_00002_500it] FITS[../../FITS/TWHydra_CO3_2line.image.fits]: 0.29514824797843664
¡MATCH! Model[model_dark_clouds_full_expanded_00002_500it] FITS[../../FITS/TWHydra_HCOplusline.image.fits]: 0.2794943820224719
¡MATCH! Model[model_dark_clouds_full_expanded_00010_500it] FITS[../../FITS/DMTau.CS_5-4.image.fits]: 0.1738544474393531
¡MATCH! Model[model_dark_clouds_full_expanded_00010_500it] FITS[../../FITS/HD163296_CO_2_1.image.fits]: 0.019750519750519748
¡MATCH! Model[model_dark_clouds_full_expanded_00010_500it] FITS[../../FITS/TWHydra_CO3_2line.image.fits]: 0.3086253369272237
¡MATCH! Model[model_dark_clouds_full_expanded_00010_500it] FITS[../../FITS/TWHydra_HCOplusline.image.fits]: 0.26544943820224715
¡MATCH! Model[model_diffuse_clouds_tr_500it] FITS[../../FITS/TWHydra_HCOplusline.image.fits]: 0.30403458213256485
¡MATCH! Model[model_diffuse_clouds_2_500it] FITS[../../FITS/TWHydra_HCOplusline.image.fits]: 0.30403458213256485
¡MATCH! Model[model_diffuse_clouds_full_expanded_00002_500it] FITS[../../FITS/DMTau.CS_5-4.image.fits]: 0.3328729281767956
¡MATCH! Model[model_diffuse_clouds_full_expanded_00002_500it] FITS[../../FITS/TWHydra_CO3_2line.image.fits]: 0.319060773480663
¡MATCH! Model[model_diffuse_clouds_full_expanded_00002_500it] FITS[../../FITS/TWHydra_HCOplusline.image.fits]: 0.27521613832853026
¡MATCH! Model[model_diffuse_clouds_full_expanded_00010_500it] FITS[../../FITS/DMTau.CS_5-4.image.fits]: 0.319060773480663
¡MATCH! Model[model_diffuse_clouds_full_expanded_00010_500it] FITS[../../FITS/uid___A002_Xa916fc_X668__IRS43_HCO32.final.image.pbcor.fits]: 0.012530315278900566
¡MATCH! Model[model_diffuse_clouds_full_expanded_00010_500it] FITS[../../FITS/TWHydra_CO3_2line.image.fits]: 0.319060773480663
¡MATCH! Model[model_diffuse_clouds_full_expanded_00010_500it] FITS[../../FITS/TWHydra_HCOplusline.image.fits]: 0.2896253602305475
¡MATCH! Model[model_comets_tr_500it] FITS[../../FITS/HD163296_CO_2_1.image.fits]: 0.017894736842105262
¡MATCH! Model[model_comets_tr_500it] FITS[../../FITS/TWHydra_CO3_2line.image.fits]: 0.31095890410958904
¡MATCH! Model[model_comets_tr_500it] FITS[../../FITS/TWHydra_HCOplusline.image.fits]: 0.2957142857142857
¡MATCH! Model[model_comets_2_500it] FITS[../../FITS/HD163296_CO_2_1.image.fits]: 0.017894736842105262
¡MATCH! Model[model_comets_2_500it] FITS[../../FITS/TWHydra_CO3_2line.image.fits]: 0.02328767123287671
¡MATCH! Model[model_comets_full_500it] FITS[../../FITS/HD163296_CO_2_1.image.fits]: 0.017894736842105262
¡MATCH! Model[model_comets_full_500it] FITS[../../FITS/Orion.HNC.cbc.contsub.image.fits]: 0.39943502824858756
¡MATCH! Model[model_comets_full_500it] FITS[../../FITS/TWHydra_CO3_2line.image.fits]: 0.02328767123287671
¡MATCH! Model[model_comets_full_500it] FITS[../../FITS/TWHydra_HCOplusline.image.fits]: 0.2957142857142857
¡MATCH! Model[model_comets_full_expanded_00002_500it] FITS[../../FITS/HD163296_CO_2_1.image.fits]: 0.017894736842105262
¡MATCH! Model[model_comets_full_expanded_00002_500it] FITS[../../FITS/TWHydra_CO3_2line.image.fits]: 0.32465753424657534
¡MATCH! Model[model_comets_full_expanded_00002_500it] FITS[../../FITS/TWHydra_HCOplusline.image.fits]: 0.2957142857142857
¡MATCH! Model[model_comets_full_expanded_00010_500it] FITS[../../FITS/HD163296_CO_2_1.image.fits]: 0.4810526315789474
¡MATCH! Model[model_comets_full_expanded_00010_500it] FITS[../../FITS/TWHydra_CO3_2line.image.fits]: 0.32465753424657534
¡MATCH! Model[model_comets_full_expanded_00010_500it] FITS[../../FITS/TWHydra_HCOplusline.image.fits]: 0.2814285714285714
¡MATCH! Model[model_extragalactic_full_500it] FITS[../../FITS/TWHydra_HCOplusline.image.fits]: 0.2939481268011527
¡MATCH! Model[model_extragalactic_full_expanded_00002_500it] FITS[../../FITS/DMTau.CS_5-4.image.fits]: 0.3232044198895027
¡MATCH! Model[model_extragalactic_full_expanded_00002_500it] FITS[../../FITS/Orion.HNC.cbc.contsub.image.fits]: 0.7222222222222222
¡MATCH! Model[model_extragalactic_full_expanded_00002_500it] FITS[../../FITS/TWHydra_CO3_2line.image.fits]: 0.29558011049723754
¡MATCH! Model[model_extragalactic_full_expanded_00002_500it] FITS[../../FITS/TWHydra_HCOplusline.image.fits]: 0.2939481268011527
¡MATCH! Model[model_extragalactic_full_expanded_00010_500it] FITS[../../FITS/DMTau.CS_5-4.image.fits]: 0.3232044198895027
¡MATCH! Model[model_extragalactic_full_expanded_00010_500it] FITS[../../FITS/TWHydra_CO3_2line.image.fits]: 0.3232044198895027
¡MATCH! Model[model_extragalactic_full_expanded_00010_500it] FITS[../../FITS/TWHydra_HCOplusline.image.fits]: 0.2795389048991354
¡MATCH! Model[model_planetary_full_500it] FITS[../../FITS/uid___A002_Xa916fc_X668__IRS43_HCO32.final.image.pbcor.fits]: 0.014028056112224449
¡MATCH! Model[model_planetary_full_expanded_00002_500it] FITS[../../FITS/HD163296_CO_2_1.image.fits]: 0.03723404255319149
¡MATCH! Model[model_planetary_full_expanded_00002_500it] FITS[../../FITS/TWHydra_CO3_2line.image.fits]: 0.3263888888888889
¡MATCH! Model[model_planetary_full_expanded_00002_500it] FITS[../../FITS/TWHydra_HCOplusline.image.fits]: 0.2971014492753623
¡MATCH! Model[model_planetary_full_expanded_00010_500it] FITS[../../FITS/HD163296_CO_2_1.image.fits]: 0.05851063829787234
¡MATCH! Model[model_planetary_full_expanded_00010_500it] FITS[../../FITS/TWHydra_CO3_2line.image.fits]: 0.3402777777777778
¡MATCH! Model[model_planetary_full_expanded_00010_500it] FITS[../../FITS/TWHydra_HCOplusline.image.fits]: 0.3115942028985507
