1;23 Ammonia;0.10178571428571428
2;14 Cyanide Radical;0.048214285714285716
3;0 Methylidyne;0.030357142857142857
4;1 Formaldehyde;0.030357142857142857
5;2 Sulfur dioxide;0.030357142857142857
6;3 Carbon Monoxide;0.030357142857142857
7;4 Acetaldehyde;0.030357142857142857
8;5 Water;0.030357142857142857
9;6 Imidogen;0.030357142857142857
10;7 Carbon Monoxide Ion;0.030357142857142857
11;8 Nitric sulfide;0.030357142857142857
12;9 Isocyanic Acid;0.030357142857142857
13;10 Formic Acid;0.030357142857142857
14;11 Amidogen;0.030357142857142857
15;12 Ethylene Glycol;0.030357142857142857
16;13 Methyliumylidene;0.030357142857142857
17;15 Carbonyl Sulfide;0.030357142857142857
18;16 Hydroxyl;0.030357142857142857
19;17 Nitric oxide;0.030357142857142857
20;18 Methyl Cyanide;0.030357142857142857
21;19 Cyclopropenylidene;0.030357142857142857
22;20 Sulfur Monoxide ion;0.030357142857142857
23;21 Methanol;0.030357142857142857
24;22 Thioformaldehyde;0.030357142857142857
25;24 Cyanoacetylene;0.030357142857142857
26;25 Hydrogen Cyanide;0.030357142857142857
27;26 Hydrogen sulfide;0.030357142857142857
28;27 Molecular oxygen;0.030357142857142857
29;28 Hydrogen Isocyanide;0.030357142857142857
30;29 Formylium;0.030357142857142857
