1;6 Carbon Monosulfide;0.05253623188405797
2;15 1,3-Butadiynyl radical;0.03442028985507246
3;0 Ketene;0.016304347826086956
4;1 1,3,5-Hexatriynyl;0.016304347826086956
5;2 Oxonium hydride;0.016304347826086956
6;3 Vinyl Cyanide;0.016304347826086956
7;4 Hydroxyl;0.016304347826086956
8;5 Methyliumylidene;0.016304347826086956
9;7 Cyanomethyl;0.016304347826086956
10;8 Methyl Acetylene;0.016304347826086956
11;9 Ethyl Cyanide;0.016304347826086956
12;10 2,4-Pentadiynylidyne;0.016304347826086956
13;11 4-Cyano-1,3-Butadiynyl;0.016304347826086956
14;12 Water;0.016304347826086956
15;13 Hydrogen sulfide;0.016304347826086956
16;14 Methylene amidogen;0.016304347826086956
17;16 2,4,6,8-Nonatetraynenitrile;0.016304347826086956
18;17 Formylium;0.016304347826086956
19;18 Cyanoallene;0.016304347826086956
20;19 Trihydrogen ion;0.016304347826086956
21;20 Methylcyanodiacetylene;0.016304347826086956
22;21 2,4,6-Heptatriynenitrile;0.016304347826086956
23;22 Methanol;0.016304347826086956
24;23 Ammonia;0.016304347826086956
25;24 Methyl Cyanide;0.016304347826086956
26;25 1,3,5-Hexatriynyl anion;0.016304347826086956
27;26 1,3,5,7-Octatetraynyl anion;0.016304347826086956
28;27 3-Thioxo-1,2-Propadieylidene;0.016304347826086956
29;28 Cyanobutadiyne;0.016304347826086956
30;29 Nitric sulfide;0.016304347826086956
31;30 Sulfur dioxide;0.016304347826086956
32;31 Hydrochloric acid;0.016304347826086956
33;32 2,4,6,8,10-Undecapentaynenitrile;0.016304347826086956
34;33 Cyanide Radical;0.016304347826086956
35;34 Nitric oxide;0.016304347826086956
36;35 Formaldehyde;0.016304347826086956
37;36 Sulfur Monoxide;0.016304347826086956
38;37 Methyltriacetylene;0.016304347826086956
39;38 Hydrogen Cyanide;0.016304347826086956
40;39 Methyl diacetylene;0.016304347826086956
41;40 Methylidyne;0.016304347826086956
42;41 Thioxoethenylidene;0.016304347826086956
43;42 Silicon Monoxide;0.016304347826086956
44;43 1,3,5,7-Octatetraynyl;0.016304347826086956
45;44 Oxoethenylidene;0.016304347826086956
46;45 Propynylidynium;0.016304347826086956
47;46 Carbon Monoxide;0.016304347826086956
48;47 Thioformaldehyde;0.016304347826086956
49;48 Hexatrienyl;0.016304347826086956
50;49 Diazenylium;0.016304347826086956
51;50 Hydrogen Isocyanide;0.016304347826086956
52;51 Carbon Monosulfide;0.016304347826086956
53;52 Methylamine;0.016304347826086956
54;53 Formic Acid;0.016304347826086956
55;54 Cyclopropenylidene;0.016304347826086956
56;55 Cyanoacetylene;0.016304347826086956
57;56 para-Oxidaniumyl;0.016304347826086956
58;57 ortho-Oxidaniumyl;0.016304347826086956
