1;45 Propynylidynium;0.28842315369261473
2;48 Hexatrienyl;0.2085828343313373
3;0 Ketene;0.008982035928143712
4;1 1,3,5-Hexatriynyl;0.008982035928143712
5;2 Oxonium hydride;0.008982035928143712
6;3 Vinyl Cyanide;0.008982035928143712
7;4 Hydroxyl;0.008982035928143712
8;5 Methyliumylidene;0.008982035928143712
9;6 Carbon Monosulfide;0.008982035928143712
10;7 Cyanomethyl;0.008982035928143712
11;8 Methyl Acetylene;0.008982035928143712
12;9 Ethyl Cyanide;0.008982035928143712
13;10 2,4-Pentadiynylidyne;0.008982035928143712
14;11 4-Cyano-1,3-Butadiynyl;0.008982035928143712
15;12 Water;0.008982035928143712
16;13 Hydrogen sulfide;0.008982035928143712
17;14 Methylene amidogen;0.008982035928143712
18;15 1,3-Butadiynyl radical;0.008982035928143712
19;16 2,4,6,8-Nonatetraynenitrile;0.008982035928143712
20;17 Formylium;0.008982035928143712
21;18 Cyanoallene;0.008982035928143712
22;19 Trihydrogen ion;0.008982035928143712
23;20 Methylcyanodiacetylene;0.008982035928143712
24;21 2,4,6-Heptatriynenitrile;0.008982035928143712
25;22 Methanol;0.008982035928143712
26;23 Ammonia;0.008982035928143712
27;24 Methyl Cyanide;0.008982035928143712
28;25 1,3,5-Hexatriynyl anion;0.008982035928143712
29;26 1,3,5,7-Octatetraynyl anion;0.008982035928143712
30;27 3-Thioxo-1,2-Propadieylidene;0.008982035928143712
31;28 Cyanobutadiyne;0.008982035928143712
32;29 Nitric sulfide;0.008982035928143712
33;30 Sulfur dioxide;0.008982035928143712
34;31 Hydrochloric acid;0.008982035928143712
35;32 2,4,6,8,10-Undecapentaynenitrile;0.008982035928143712
36;33 Cyanide Radical;0.008982035928143712
37;34 Nitric oxide;0.008982035928143712
38;35 Formaldehyde;0.008982035928143712
39;36 Sulfur Monoxide;0.008982035928143712
40;37 Methyltriacetylene;0.008982035928143712
41;38 Hydrogen Cyanide;0.008982035928143712
42;39 Methyl diacetylene;0.008982035928143712
43;40 Methylidyne;0.008982035928143712
44;41 Thioxoethenylidene;0.008982035928143712
45;42 Silicon Monoxide;0.008982035928143712
46;43 1,3,5,7-Octatetraynyl;0.008982035928143712
47;44 Oxoethenylidene;0.008982035928143712
48;46 Carbon Monoxide;0.008982035928143712
49;47 Thioformaldehyde;0.008982035928143712
50;49 Diazenylium;0.008982035928143712
51;50 Hydrogen Isocyanide;0.008982035928143712
52;51 Carbon Monosulfide;0.008982035928143712
53;52 Methylamine;0.008982035928143712
54;53 Formic Acid;0.008982035928143712
55;54 Cyclopropenylidene;0.008982035928143712
56;55 Cyanoacetylene;0.008982035928143712
57;56 para-Oxidaniumyl;0.008982035928143712
58;57 ortho-Oxidaniumyl;0.008982035928143712
