1;17 Hydrogen Cyanide;0.7201559688062388
2;16 Silicon Monoxide;0.09628074385122977
3;8 Thioformylium;0.03329334133173365
4;11 Methyliumylidene;0.02429514097180564
5;0 Methylidyne;0.006298740251949611
6;1 Butyronitrile;0.006298740251949611
7;2 Formaldehyde;0.006298740251949611
8;3 Sulfur dioxide;0.006298740251949611
9;4 Carbon Monoxide;0.006298740251949611
10;5 Water;0.006298740251949611
11;6 Chloronium;0.006298740251949611
12;7 Imidogen;0.006298740251949611
13;9 Mercapto radical;0.006298740251949611
14;10 Methyl formate vt01;0.006298740251949611
15;12 Cyanide Radical;0.006298740251949611
16;13 Hydroxyl;0.006298740251949611
17;14 Nitric oxide;0.006298740251949611
18;15 Cyclopropenylidene;0.006298740251949611
19;18 Carbon Monosulfide;0.006298740251949611
20;19 Hydrogen sulfide;0.006298740251949611
21;20 Molecular oxygen;0.006298740251949611
22;21 Hydrogen Isocyanide;0.006298740251949611
23;22 Formylium;0.006298740251949611
24;23 Sulfoniumylidene;0.006298740251949611
