1;11 Methyliumylidene;0.7449841605068638
2;0 Methylidyne;0.011087645195353749
3;1 Butyronitrile;0.011087645195353749
4;2 Formaldehyde;0.011087645195353749
5;3 Sulfur dioxide;0.011087645195353749
6;4 Carbon Monoxide;0.011087645195353749
7;5 Water;0.011087645195353749
8;6 Chloronium;0.011087645195353749
9;7 Imidogen;0.011087645195353749
10;8 Thioformylium;0.011087645195353749
11;9 Mercapto radical;0.011087645195353749
12;10 Methyl formate vt01;0.011087645195353749
13;12 Cyanide Radical;0.011087645195353749
14;13 Hydroxyl;0.011087645195353749
15;14 Nitric oxide;0.011087645195353749
16;15 Cyclopropenylidene;0.011087645195353749
17;16 Silicon Monoxide;0.011087645195353749
18;17 Hydrogen Cyanide;0.011087645195353749
19;18 Carbon Monosulfide;0.011087645195353749
20;19 Hydrogen sulfide;0.011087645195353749
21;20 Molecular oxygen;0.011087645195353749
22;21 Hydrogen Isocyanide;0.011087645195353749
23;22 Formylium;0.011087645195353749
24;23 Sulfoniumylidene;0.011087645195353749
