1;29 Formylium;0.7875
2;0 Methylidyne;0.007327586206896552
3;1 Formaldehyde;0.007327586206896552
4;2 Sulfur dioxide;0.007327586206896552
5;3 Carbon Monoxide;0.007327586206896552
6;4 Acetaldehyde;0.007327586206896552
7;5 Water;0.007327586206896552
8;6 Imidogen;0.007327586206896552
9;7 Carbon Monoxide Ion;0.007327586206896552
10;8 Nitric sulfide;0.007327586206896552
11;9 Isocyanic Acid;0.007327586206896552
12;10 Formic Acid;0.007327586206896552
13;11 Amidogen;0.007327586206896552
14;12 Ethylene Glycol;0.007327586206896552
15;13 Methyliumylidene;0.007327586206896552
16;14 Cyanide Radical;0.007327586206896552
17;15 Carbonyl Sulfide;0.007327586206896552
18;16 Hydroxyl;0.007327586206896552
19;17 Nitric oxide;0.007327586206896552
20;18 Methyl Cyanide;0.007327586206896552
21;19 Cyclopropenylidene;0.007327586206896552
22;20 Sulfur Monoxide ion;0.007327586206896552
23;21 Methanol;0.007327586206896552
24;22 Thioformaldehyde;0.007327586206896552
25;23 Ammonia;0.007327586206896552
26;24 Cyanoacetylene;0.007327586206896552
27;25 Hydrogen Cyanide;0.007327586206896552
28;26 Hydrogen sulfide;0.007327586206896552
29;27 Molecular oxygen;0.007327586206896552
30;28 Hydrogen Isocyanide;0.007327586206896552
