1;20 Sulfur Monoxide ion;0.7082840236686391
2;0 Methylidyne;0.010059171597633136
3;1 Formaldehyde;0.010059171597633136
4;2 Sulfur dioxide;0.010059171597633136
5;3 Carbon Monoxide;0.010059171597633136
6;4 Acetaldehyde;0.010059171597633136
7;5 Water;0.010059171597633136
8;6 Imidogen;0.010059171597633136
9;7 Carbon Monoxide Ion;0.010059171597633136
10;8 Nitric sulfide;0.010059171597633136
11;9 Isocyanic Acid;0.010059171597633136
12;10 Formic Acid;0.010059171597633136
13;11 Amidogen;0.010059171597633136
14;12 Ethylene Glycol;0.010059171597633136
15;13 Methyliumylidene;0.010059171597633136
16;14 Cyanide Radical;0.010059171597633136
17;15 Carbonyl Sulfide;0.010059171597633136
18;16 Hydroxyl;0.010059171597633136
19;17 Nitric oxide;0.010059171597633136
20;18 Methyl Cyanide;0.010059171597633136
21;19 Cyclopropenylidene;0.010059171597633136
22;21 Methanol;0.010059171597633136
23;22 Thioformaldehyde;0.010059171597633136
24;23 Ammonia;0.010059171597633136
25;24 Cyanoacetylene;0.010059171597633136
26;25 Hydrogen Cyanide;0.010059171597633136
27;26 Hydrogen sulfide;0.010059171597633136
28;27 Molecular oxygen;0.010059171597633136
29;28 Hydrogen Isocyanide;0.010059171597633136
30;29 Formylium;0.010059171597633136
