1;13 Methyliumylidene;0.8474150664697194
2;27 Molecular oxygen;0.06011816838995569
3;28 Hydrogen Isocyanide;0.02466765140324963
4;0 Methylidyne;0.0025110782865583456
5;1 Formaldehyde;0.0025110782865583456
6;2 Sulfur dioxide;0.0025110782865583456
7;3 Carbon Monoxide;0.0025110782865583456
8;4 Acetaldehyde;0.0025110782865583456
9;5 Water;0.0025110782865583456
10;6 Imidogen;0.0025110782865583456
11;7 Carbon Monoxide Ion;0.0025110782865583456
12;8 Nitric sulfide;0.0025110782865583456
13;9 Isocyanic Acid;0.0025110782865583456
14;10 Formic Acid;0.0025110782865583456
15;11 Amidogen;0.0025110782865583456
16;12 Ethylene Glycol;0.0025110782865583456
17;14 Cyanide Radical;0.0025110782865583456
18;15 Carbonyl Sulfide;0.0025110782865583456
19;16 Hydroxyl;0.0025110782865583456
20;17 Nitric oxide;0.0025110782865583456
21;18 Methyl Cyanide;0.0025110782865583456
22;19 Cyclopropenylidene;0.0025110782865583456
23;20 Sulfur Monoxide ion;0.0025110782865583456
24;21 Methanol;0.0025110782865583456
25;22 Thioformaldehyde;0.0025110782865583456
26;23 Ammonia;0.0025110782865583456
27;24 Cyanoacetylene;0.0025110782865583456
28;25 Hydrogen Cyanide;0.0025110782865583456
29;26 Hydrogen sulfide;0.0025110782865583456
30;29 Formylium;0.0025110782865583456
