1;65 Magnesium Isocyanide;0.7773311897106109
2;96 2-Propynal;0.013665594855305465
3;31 Sodium Chloride;0.00562700964630225
4;55 iso-propyl cyanide;0.00562700964630225
5;58 Methylidyne;0.00562700964630225
6;61 Acetone;0.00562700964630225
7;70 trans-Ethanol;0.00562700964630225
8;78 Sulfur Dioxide;0.00562700964630225
9;0 Dimethyl ether;0.001607717041800643
10;1 Butatrienylidene;0.001607717041800643
11;2 Trihydrogen ion;0.001607717041800643
12;3 Nitrous Oxide;0.001607717041800643
13;4 Methyl Acetylene;0.001607717041800643
14;5 Ethylene Glycol;0.001607717041800643
15;6 Methyl Cyanide;0.001607717041800643
16;7 Thioformylium;0.001607717041800643
17;8 para-Oxidaniumyl;0.001607717041800643
18;9 Hydrogen Cyanide;0.001607717041800643
19;10 Titanium monoxide;0.001607717041800643
20;11 Cyanide Radical;0.001607717041800643
21;12 Formic Acid;0.001607717041800643
22;13 Nitric sulfide;0.001607717041800643
23;14 Iminomethylium;0.001607717041800643
24;15 Aluminum monoxide;0.001607717041800643
25;16 Methyl isocyanate;0.001607717041800643
26;17 Nitrosyl hydride;0.001607717041800643
27;18 Propynylidynium;0.001607717041800643
28;19 Magnesium Cyanide;0.001607717041800643
29;20 Diazenylium;0.001607717041800643
30;21 Methylamine;0.001607717041800643
31;22 Chloronium;0.001607717041800643
32;23 Silicon monosulfide;0.001607717041800643
33;24 Phosphorus Monoxide;0.001607717041800643
34;25 Cyclopropenone;0.001607717041800643
35;26 Carbon Monoxide Ion;0.001607717041800643
36;27 Sodium Cyanide;0.001607717041800643
37;28 Nitric oxide;0.001607717041800643
38;29 Silicon Cyanide;0.001607717041800643
39;30 Ethyne Isocyanide;0.001607717041800643
40;32 Cyanoacetylene;0.001607717041800643
41;33 Sulfur Monoxide;0.001607717041800643
42;34 Aluminum Isocyanitrile;0.001607717041800643
43;35 Cyanobutadiyne;0.001607717041800643
44;36 Silicon Mononitride;0.001607717041800643
45;37 Carbon Monoxide;0.001607717041800643
46;38 Propadienylidene;0.001607717041800643
47;39 Methanimine;0.001607717041800643
48;40 Aluminum Monofluoride;0.001607717041800643
49;41 Formamide;0.001607717041800643
50;42 Aminoacetonitrile;0.001607717041800643
51;43 Ammonia;0.001607717041800643
52;44 gauche-Ethanol;0.001607717041800643
53;45 Protonate 2-proynenitrile;0.001607717041800643
54;46 Carbonyl Sulfide;0.001607717041800643
55;47 Thioxoethenylidene;0.001607717041800643
56;48 Ethyl cyanide;0.001607717041800643
57;49 Water;0.001607717041800643
58;50 Methyl Formate;0.001607717041800643
59;51 Acetaldehyde;0.001607717041800643
60;52 Ketenimine;0.001607717041800643
61;53 Propenal;0.001607717041800643
62;54 Methyl isocyanide;0.001607717041800643
63;56 Hydrogen cyanide;0.001607717041800643
64;57 Protonated Carbon Dioxide;0.001607717041800643
65;59 Ketene;0.001607717041800643
66;60 Silicon Monoxide;0.001607717041800643
67;62 Vinyl Cyanide;0.001607717041800643
68;63 Silicon monoxide (global fit);0.001607717041800643
69;64 Cyclopropenylidene;0.001607717041800643
70;66 Cyanobutadiynylide anion;0.001607717041800643
71;67 Formaldehyde;0.001607717041800643
72;68 Carbon Monosulfide;0.001607717041800643
73;69 Fulminic acid;0.001607717041800643
74;71 Silicon Carbide;0.001607717041800643
75;72 Formylium;0.001607717041800643
76;73 Ethylene Oxide;0.001607717041800643
77;74 Sulfur dioxide;0.001607717041800643
78;75 Carbon Monophosphide;0.001607717041800643
79;76 Sulfur Monoxide ion;0.001607717041800643
80;77 Methanol;0.001607717041800643
81;79 Cyanoformaldehyde;0.001607717041800643
82;80 Isocyanic Acid;0.001607717041800643
83;81 Silicon Isocyanide;0.001607717041800643
84;82 Methylene amidogen;0.001607717041800643
85;83 Silicon Monocarbide;0.001607717041800643
86;84 Phosphaethyne;0.001607717041800643
87;85 Aluminum Monochloride;0.001607717041800643
88;86 Cyanoallene;0.001607717041800643
89;87 Methyl diacetylene;0.001607717041800643
90;88 Cyanomethylene;0.001607717041800643
91;89 Phosphapropynylidyne;0.001607717041800643
92;90 Cyanomethyl;0.001607717041800643
93;91 Hydrogen Isocyanide;0.001607717041800643
94;92 Hydrogen sulfide;0.001607717041800643
95;93 Hydroxyl;0.001607717041800643
96;94 Glycolaldehyde;0.001607717041800643
97;95 Cyanide anion;0.001607717041800643
98;97 Ethynyl;0.001607717041800643
99;98 Phosphorous nitride;0.001607717041800643
100;99 Magnesium hydride isocyanide;0.001607717041800643
101;100 Potassium chloride;0.001607717041800643
102;101 Silicon tetracarbide;0.001607717041800643
103;102 Ethyl Cyanide;0.001607717041800643
104;103 Cyanamide;0.001607717041800643
105;104 Amidogen;0.001607717041800643
106;105 Hydroxymethylidyne;0.001607717041800643
107;106 Formyl Radical;0.001607717041800643
108;107 Vinyl Alcohol;0.001607717041800643
109;108 ortho-Oxidaniumyl;0.001607717041800643
110;109 Cyanoethynylide ion;0.001607717041800643
111;110 Oxoethenylidene;0.001607717041800643
112;111 2-Butynenitrile;0.001607717041800643
113;112 Cyanoethynyl;0.001607717041800643
114;113 Hydroxymethylium ion;0.001607717041800643
115;114 Thioformaldehyde;0.001607717041800643
116;115 Isothiocyanic acid;0.001607717041800643
117;116 Cyanic acid;0.001607717041800643
