1;75 Carbon Monophosphide;0.45689655172413784
2;22 Chloronium;0.015086206896551721
3;58 Methylidyne;0.015086206896551721
4;64 Cyclopropenylidene;0.015086206896551721
5;98 Phosphorous nitride;0.015086206896551721
6;0 Dimethyl ether;0.004310344827586207
7;1 Butatrienylidene;0.004310344827586207
8;2 Trihydrogen ion;0.004310344827586207
9;3 Nitrous Oxide;0.004310344827586207
10;4 Methyl Acetylene;0.004310344827586207
11;5 Ethylene Glycol;0.004310344827586207
12;6 Methyl Cyanide;0.004310344827586207
13;7 Thioformylium;0.004310344827586207
14;8 para-Oxidaniumyl;0.004310344827586207
15;9 Hydrogen Cyanide;0.004310344827586207
16;10 Titanium monoxide;0.004310344827586207
17;11 Cyanide Radical;0.004310344827586207
18;12 Formic Acid;0.004310344827586207
19;13 Nitric sulfide;0.004310344827586207
20;14 Iminomethylium;0.004310344827586207
21;15 Aluminum monoxide;0.004310344827586207
22;16 Methyl isocyanate;0.004310344827586207
23;17 Nitrosyl hydride;0.004310344827586207
24;18 Propynylidynium;0.004310344827586207
25;19 Magnesium Cyanide;0.004310344827586207
26;20 Diazenylium;0.004310344827586207
27;21 Methylamine;0.004310344827586207
28;23 Silicon monosulfide;0.004310344827586207
29;24 Phosphorus Monoxide;0.004310344827586207
30;25 Cyclopropenone;0.004310344827586207
31;26 Carbon Monoxide Ion;0.004310344827586207
32;27 Sodium Cyanide;0.004310344827586207
33;28 Nitric oxide;0.004310344827586207
34;29 Silicon Cyanide;0.004310344827586207
35;30 Ethyne Isocyanide;0.004310344827586207
36;31 Sodium Chloride;0.004310344827586207
37;32 Cyanoacetylene;0.004310344827586207
38;33 Sulfur Monoxide;0.004310344827586207
39;34 Aluminum Isocyanitrile;0.004310344827586207
40;35 Cyanobutadiyne;0.004310344827586207
41;36 Silicon Mononitride;0.004310344827586207
42;37 Carbon Monoxide;0.004310344827586207
43;38 Propadienylidene;0.004310344827586207
44;39 Methanimine;0.004310344827586207
45;40 Aluminum Monofluoride;0.004310344827586207
46;41 Formamide;0.004310344827586207
47;42 Aminoacetonitrile;0.004310344827586207
48;43 Ammonia;0.004310344827586207
49;44 gauche-Ethanol;0.004310344827586207
50;45 Protonate 2-proynenitrile;0.004310344827586207
51;46 Carbonyl Sulfide;0.004310344827586207
52;47 Thioxoethenylidene;0.004310344827586207
53;48 Ethyl cyanide;0.004310344827586207
54;49 Water;0.004310344827586207
55;50 Methyl Formate;0.004310344827586207
56;51 Acetaldehyde;0.004310344827586207
57;52 Ketenimine;0.004310344827586207
58;53 Propenal;0.004310344827586207
59;54 Methyl isocyanide;0.004310344827586207
60;55 iso-propyl cyanide;0.004310344827586207
61;56 Hydrogen cyanide;0.004310344827586207
62;57 Protonated Carbon Dioxide;0.004310344827586207
63;59 Ketene;0.004310344827586207
64;60 Silicon Monoxide;0.004310344827586207
65;61 Acetone;0.004310344827586207
66;62 Vinyl Cyanide;0.004310344827586207
67;63 Silicon monoxide (global fit);0.004310344827586207
68;65 Magnesium Isocyanide;0.004310344827586207
69;66 Cyanobutadiynylide anion;0.004310344827586207
70;67 Formaldehyde;0.004310344827586207
71;68 Carbon Monosulfide;0.004310344827586207
72;69 Fulminic acid;0.004310344827586207
73;70 trans-Ethanol;0.004310344827586207
74;71 Silicon Carbide;0.004310344827586207
75;72 Formylium;0.004310344827586207
76;73 Ethylene Oxide;0.004310344827586207
77;74 Sulfur dioxide;0.004310344827586207
78;76 Sulfur Monoxide ion;0.004310344827586207
79;77 Methanol;0.004310344827586207
80;78 Sulfur Dioxide;0.004310344827586207
81;79 Cyanoformaldehyde;0.004310344827586207
82;80 Isocyanic Acid;0.004310344827586207
83;81 Silicon Isocyanide;0.004310344827586207
84;82 Methylene amidogen;0.004310344827586207
85;83 Silicon Monocarbide;0.004310344827586207
86;84 Phosphaethyne;0.004310344827586207
87;85 Aluminum Monochloride;0.004310344827586207
88;86 Cyanoallene;0.004310344827586207
89;87 Methyl diacetylene;0.004310344827586207
90;88 Cyanomethylene;0.004310344827586207
91;89 Phosphapropynylidyne;0.004310344827586207
92;90 Cyanomethyl;0.004310344827586207
93;91 Hydrogen Isocyanide;0.004310344827586207
94;92 Hydrogen sulfide;0.004310344827586207
95;93 Hydroxyl;0.004310344827586207
96;94 Glycolaldehyde;0.004310344827586207
97;95 Cyanide anion;0.004310344827586207
98;96 2-Propynal;0.004310344827586207
99;97 Ethynyl;0.004310344827586207
100;99 Magnesium hydride isocyanide;0.004310344827586207
101;100 Potassium chloride;0.004310344827586207
102;101 Silicon tetracarbide;0.004310344827586207
103;102 Ethyl Cyanide;0.004310344827586207
104;103 Cyanamide;0.004310344827586207
105;104 Amidogen;0.004310344827586207
106;105 Hydroxymethylidyne;0.004310344827586207
107;106 Formyl Radical;0.004310344827586207
108;107 Vinyl Alcohol;0.004310344827586207
109;108 ortho-Oxidaniumyl;0.004310344827586207
110;109 Cyanoethynylide ion;0.004310344827586207
111;110 Oxoethenylidene;0.004310344827586207
112;111 2-Butynenitrile;0.004310344827586207
113;112 Cyanoethynyl;0.004310344827586207
114;113 Hydroxymethylium ion;0.004310344827586207
115;114 Thioformaldehyde;0.004310344827586207
116;115 Isothiocyanic acid;0.004310344827586207
117;116 Cyanic acid;0.004310344827586207
