1;7 Thioformylium;0.4947807933194154
2;50 Methyl Formate;0.014613778705636741
3;113 Hydroxymethylium ion;0.014613778705636741
4;0 Dimethyl ether;0.0041753653444676405
5;1 Butatrienylidene;0.0041753653444676405
6;2 Trihydrogen ion;0.0041753653444676405
7;3 Nitrous Oxide;0.0041753653444676405
8;4 Methyl Acetylene;0.0041753653444676405
9;5 Ethylene Glycol;0.0041753653444676405
10;6 Methyl Cyanide;0.0041753653444676405
11;8 para-Oxidaniumyl;0.0041753653444676405
12;9 Hydrogen Cyanide;0.0041753653444676405
13;10 Titanium monoxide;0.0041753653444676405
14;11 Cyanide Radical;0.0041753653444676405
15;12 Formic Acid;0.0041753653444676405
16;13 Nitric sulfide;0.0041753653444676405
17;14 Iminomethylium;0.0041753653444676405
18;15 Aluminum monoxide;0.0041753653444676405
19;16 Methyl isocyanate;0.0041753653444676405
20;17 Nitrosyl hydride;0.0041753653444676405
21;18 Propynylidynium;0.0041753653444676405
22;19 Magnesium Cyanide;0.0041753653444676405
23;20 Diazenylium;0.0041753653444676405
24;21 Methylamine;0.0041753653444676405
25;22 Chloronium;0.0041753653444676405
26;23 Silicon monosulfide;0.0041753653444676405
27;24 Phosphorus Monoxide;0.0041753653444676405
28;25 Cyclopropenone;0.0041753653444676405
29;26 Carbon Monoxide Ion;0.0041753653444676405
30;27 Sodium Cyanide;0.0041753653444676405
31;28 Nitric oxide;0.0041753653444676405
32;29 Silicon Cyanide;0.0041753653444676405
33;30 Ethyne Isocyanide;0.0041753653444676405
34;31 Sodium Chloride;0.0041753653444676405
35;32 Cyanoacetylene;0.0041753653444676405
36;33 Sulfur Monoxide;0.0041753653444676405
37;34 Aluminum Isocyanitrile;0.0041753653444676405
38;35 Cyanobutadiyne;0.0041753653444676405
39;36 Silicon Mononitride;0.0041753653444676405
40;37 Carbon Monoxide;0.0041753653444676405
41;38 Propadienylidene;0.0041753653444676405
42;39 Methanimine;0.0041753653444676405
43;40 Aluminum Monofluoride;0.0041753653444676405
44;41 Formamide;0.0041753653444676405
45;42 Aminoacetonitrile;0.0041753653444676405
46;43 Ammonia;0.0041753653444676405
47;44 gauche-Ethanol;0.0041753653444676405
48;45 Protonate 2-proynenitrile;0.0041753653444676405
49;46 Carbonyl Sulfide;0.0041753653444676405
50;47 Thioxoethenylidene;0.0041753653444676405
51;48 Ethyl cyanide;0.0041753653444676405
52;49 Water;0.0041753653444676405
53;51 Acetaldehyde;0.0041753653444676405
54;52 Ketenimine;0.0041753653444676405
55;53 Propenal;0.0041753653444676405
56;54 Methyl isocyanide;0.0041753653444676405
57;55 iso-propyl cyanide;0.0041753653444676405
58;56 Hydrogen cyanide;0.0041753653444676405
59;57 Protonated Carbon Dioxide;0.0041753653444676405
60;58 Methylidyne;0.0041753653444676405
61;59 Ketene;0.0041753653444676405
62;60 Silicon Monoxide;0.0041753653444676405
63;61 Acetone;0.0041753653444676405
64;62 Vinyl Cyanide;0.0041753653444676405
65;63 Silicon monoxide (global fit);0.0041753653444676405
66;64 Cyclopropenylidene;0.0041753653444676405
67;65 Magnesium Isocyanide;0.0041753653444676405
68;66 Cyanobutadiynylide anion;0.0041753653444676405
69;67 Formaldehyde;0.0041753653444676405
70;68 Carbon Monosulfide;0.0041753653444676405
71;69 Fulminic acid;0.0041753653444676405
72;70 trans-Ethanol;0.0041753653444676405
73;71 Silicon Carbide;0.0041753653444676405
74;72 Formylium;0.0041753653444676405
75;73 Ethylene Oxide;0.0041753653444676405
76;74 Sulfur dioxide;0.0041753653444676405
77;75 Carbon Monophosphide;0.0041753653444676405
78;76 Sulfur Monoxide ion;0.0041753653444676405
79;77 Methanol;0.0041753653444676405
80;78 Sulfur Dioxide;0.0041753653444676405
81;79 Cyanoformaldehyde;0.0041753653444676405
82;80 Isocyanic Acid;0.0041753653444676405
83;81 Silicon Isocyanide;0.0041753653444676405
84;82 Methylene amidogen;0.0041753653444676405
85;83 Silicon Monocarbide;0.0041753653444676405
86;84 Phosphaethyne;0.0041753653444676405
87;85 Aluminum Monochloride;0.0041753653444676405
88;86 Cyanoallene;0.0041753653444676405
89;87 Methyl diacetylene;0.0041753653444676405
90;88 Cyanomethylene;0.0041753653444676405
91;89 Phosphapropynylidyne;0.0041753653444676405
92;90 Cyanomethyl;0.0041753653444676405
93;91 Hydrogen Isocyanide;0.0041753653444676405
94;92 Hydrogen sulfide;0.0041753653444676405
95;93 Hydroxyl;0.0041753653444676405
96;94 Glycolaldehyde;0.0041753653444676405
97;95 Cyanide anion;0.0041753653444676405
98;96 2-Propynal;0.0041753653444676405
99;97 Ethynyl;0.0041753653444676405
100;98 Phosphorous nitride;0.0041753653444676405
101;99 Magnesium hydride isocyanide;0.0041753653444676405
102;100 Potassium chloride;0.0041753653444676405
103;101 Silicon tetracarbide;0.0041753653444676405
104;102 Ethyl Cyanide;0.0041753653444676405
105;103 Cyanamide;0.0041753653444676405
106;104 Amidogen;0.0041753653444676405
107;105 Hydroxymethylidyne;0.0041753653444676405
108;106 Formyl Radical;0.0041753653444676405
109;107 Vinyl Alcohol;0.0041753653444676405
110;108 ortho-Oxidaniumyl;0.0041753653444676405
111;109 Cyanoethynylide ion;0.0041753653444676405
112;110 Oxoethenylidene;0.0041753653444676405
113;111 2-Butynenitrile;0.0041753653444676405
114;112 Cyanoethynyl;0.0041753653444676405
115;114 Thioformaldehyde;0.0041753653444676405
116;115 Isothiocyanic acid;0.0041753653444676405
117;116 Cyanic acid;0.0041753653444676405
