1;76 Sulfur Monoxide ion;0.5
2;83 Silicon Monocarbide;0.15497737556561084
3;8 para-Oxidaniumyl;0.053167420814479636
4;93 Hydroxyl;0.0248868778280543
5;71 Silicon Carbide;0.013574660633484162
6;0 Dimethyl ether;0.002262443438914027
7;1 Butatrienylidene;0.002262443438914027
8;2 Trihydrogen ion;0.002262443438914027
9;3 Nitrous Oxide;0.002262443438914027
10;4 Methyl Acetylene;0.002262443438914027
11;5 Ethylene Glycol;0.002262443438914027
12;6 Methyl Cyanide;0.002262443438914027
13;7 Thioformylium;0.002262443438914027
14;9 Hydrogen Cyanide;0.002262443438914027
15;10 Titanium monoxide;0.002262443438914027
16;11 Cyanide Radical;0.002262443438914027
17;12 Formic Acid;0.002262443438914027
18;13 Nitric sulfide;0.002262443438914027
19;14 Iminomethylium;0.002262443438914027
20;15 Aluminum monoxide;0.002262443438914027
21;16 Methyl isocyanate;0.002262443438914027
22;17 Nitrosyl hydride;0.002262443438914027
23;18 Propynylidynium;0.002262443438914027
24;19 Magnesium Cyanide;0.002262443438914027
25;20 Diazenylium;0.002262443438914027
26;21 Methylamine;0.002262443438914027
27;22 Chloronium;0.002262443438914027
28;23 Silicon monosulfide;0.002262443438914027
29;24 Phosphorus Monoxide;0.002262443438914027
30;25 Cyclopropenone;0.002262443438914027
31;26 Carbon Monoxide Ion;0.002262443438914027
32;27 Sodium Cyanide;0.002262443438914027
33;28 Nitric oxide;0.002262443438914027
34;29 Silicon Cyanide;0.002262443438914027
35;30 Ethyne Isocyanide;0.002262443438914027
36;31 Sodium Chloride;0.002262443438914027
37;32 Cyanoacetylene;0.002262443438914027
38;33 Sulfur Monoxide;0.002262443438914027
39;34 Aluminum Isocyanitrile;0.002262443438914027
40;35 Cyanobutadiyne;0.002262443438914027
41;36 Silicon Mononitride;0.002262443438914027
42;37 Carbon Monoxide;0.002262443438914027
43;38 Propadienylidene;0.002262443438914027
44;39 Methanimine;0.002262443438914027
45;40 Aluminum Monofluoride;0.002262443438914027
46;41 Formamide;0.002262443438914027
47;42 Aminoacetonitrile;0.002262443438914027
48;43 Ammonia;0.002262443438914027
49;44 gauche-Ethanol;0.002262443438914027
50;45 Protonate 2-proynenitrile;0.002262443438914027
51;46 Carbonyl Sulfide;0.002262443438914027
52;47 Thioxoethenylidene;0.002262443438914027
53;48 Ethyl cyanide;0.002262443438914027
54;49 Water;0.002262443438914027
55;50 Methyl Formate;0.002262443438914027
56;51 Acetaldehyde;0.002262443438914027
57;52 Ketenimine;0.002262443438914027
58;53 Propenal;0.002262443438914027
59;54 Methyl isocyanide;0.002262443438914027
60;55 iso-propyl cyanide;0.002262443438914027
61;56 Hydrogen cyanide;0.002262443438914027
62;57 Protonated Carbon Dioxide;0.002262443438914027
63;58 Methylidyne;0.002262443438914027
64;59 Ketene;0.002262443438914027
65;60 Silicon Monoxide;0.002262443438914027
66;61 Acetone;0.002262443438914027
67;62 Vinyl Cyanide;0.002262443438914027
68;63 Silicon monoxide (global fit);0.002262443438914027
69;64 Cyclopropenylidene;0.002262443438914027
70;65 Magnesium Isocyanide;0.002262443438914027
71;66 Cyanobutadiynylide anion;0.002262443438914027
72;67 Formaldehyde;0.002262443438914027
73;68 Carbon Monosulfide;0.002262443438914027
74;69 Fulminic acid;0.002262443438914027
75;70 trans-Ethanol;0.002262443438914027
76;72 Formylium;0.002262443438914027
77;73 Ethylene Oxide;0.002262443438914027
78;74 Sulfur dioxide;0.002262443438914027
79;75 Carbon Monophosphide;0.002262443438914027
80;77 Methanol;0.002262443438914027
81;78 Sulfur Dioxide;0.002262443438914027
82;79 Cyanoformaldehyde;0.002262443438914027
83;80 Isocyanic Acid;0.002262443438914027
84;81 Silicon Isocyanide;0.002262443438914027
85;82 Methylene amidogen;0.002262443438914027
86;84 Phosphaethyne;0.002262443438914027
87;85 Aluminum Monochloride;0.002262443438914027
88;86 Cyanoallene;0.002262443438914027
89;87 Methyl diacetylene;0.002262443438914027
90;88 Cyanomethylene;0.002262443438914027
91;89 Phosphapropynylidyne;0.002262443438914027
92;90 Cyanomethyl;0.002262443438914027
93;91 Hydrogen Isocyanide;0.002262443438914027
94;92 Hydrogen sulfide;0.002262443438914027
95;94 Glycolaldehyde;0.002262443438914027
96;95 Cyanide anion;0.002262443438914027
97;96 2-Propynal;0.002262443438914027
98;97 Ethynyl;0.002262443438914027
99;98 Phosphorous nitride;0.002262443438914027
100;99 Magnesium hydride isocyanide;0.002262443438914027
101;100 Potassium chloride;0.002262443438914027
102;101 Silicon tetracarbide;0.002262443438914027
103;102 Ethyl Cyanide;0.002262443438914027
104;103 Cyanamide;0.002262443438914027
105;104 Amidogen;0.002262443438914027
106;105 Hydroxymethylidyne;0.002262443438914027
107;106 Formyl Radical;0.002262443438914027
108;107 Vinyl Alcohol;0.002262443438914027
109;108 ortho-Oxidaniumyl;0.002262443438914027
110;109 Cyanoethynylide ion;0.002262443438914027
111;110 Oxoethenylidene;0.002262443438914027
112;111 2-Butynenitrile;0.002262443438914027
113;112 Cyanoethynyl;0.002262443438914027
114;113 Hydroxymethylium ion;0.002262443438914027
115;114 Thioformaldehyde;0.002262443438914027
116;115 Isothiocyanic acid;0.002262443438914027
117;116 Cyanic acid;0.002262443438914027
