1;15 Aluminum monoxide;0.4947807933194154
2;11 Cyanide Radical;0.014613778705636741
3;51 Acetaldehyde;0.014613778705636741
4;0 Dimethyl ether;0.0041753653444676405
5;1 Butatrienylidene;0.0041753653444676405
6;2 Trihydrogen ion;0.0041753653444676405
7;3 Nitrous Oxide;0.0041753653444676405
8;4 Methyl Acetylene;0.0041753653444676405
9;5 Ethylene Glycol;0.0041753653444676405
10;6 Methyl Cyanide;0.0041753653444676405
11;7 Thioformylium;0.0041753653444676405
12;8 para-Oxidaniumyl;0.0041753653444676405
13;9 Hydrogen Cyanide;0.0041753653444676405
14;10 Titanium monoxide;0.0041753653444676405
15;12 Formic Acid;0.0041753653444676405
16;13 Nitric sulfide;0.0041753653444676405
17;14 Iminomethylium;0.0041753653444676405
18;16 Methyl isocyanate;0.0041753653444676405
19;17 Nitrosyl hydride;0.0041753653444676405
20;18 Propynylidynium;0.0041753653444676405
21;19 Magnesium Cyanide;0.0041753653444676405
22;20 Diazenylium;0.0041753653444676405
23;21 Methylamine;0.0041753653444676405
24;22 Chloronium;0.0041753653444676405
25;23 Silicon monosulfide;0.0041753653444676405
26;24 Phosphorus Monoxide;0.0041753653444676405
27;25 Cyclopropenone;0.0041753653444676405
28;26 Carbon Monoxide Ion;0.0041753653444676405
29;27 Sodium Cyanide;0.0041753653444676405
30;28 Nitric oxide;0.0041753653444676405
31;29 Silicon Cyanide;0.0041753653444676405
32;30 Ethyne Isocyanide;0.0041753653444676405
33;31 Sodium Chloride;0.0041753653444676405
34;32 Cyanoacetylene;0.0041753653444676405
35;33 Sulfur Monoxide;0.0041753653444676405
36;34 Aluminum Isocyanitrile;0.0041753653444676405
37;35 Cyanobutadiyne;0.0041753653444676405
38;36 Silicon Mononitride;0.0041753653444676405
39;37 Carbon Monoxide;0.0041753653444676405
40;38 Propadienylidene;0.0041753653444676405
41;39 Methanimine;0.0041753653444676405
42;40 Aluminum Monofluoride;0.0041753653444676405
43;41 Formamide;0.0041753653444676405
44;42 Aminoacetonitrile;0.0041753653444676405
45;43 Ammonia;0.0041753653444676405
46;44 gauche-Ethanol;0.0041753653444676405
47;45 Protonate 2-proynenitrile;0.0041753653444676405
48;46 Carbonyl Sulfide;0.0041753653444676405
49;47 Thioxoethenylidene;0.0041753653444676405
50;48 Ethyl cyanide;0.0041753653444676405
51;49 Water;0.0041753653444676405
52;50 Methyl Formate;0.0041753653444676405
53;52 Ketenimine;0.0041753653444676405
54;53 Propenal;0.0041753653444676405
55;54 Methyl isocyanide;0.0041753653444676405
56;55 iso-propyl cyanide;0.0041753653444676405
57;56 Hydrogen cyanide;0.0041753653444676405
58;57 Protonated Carbon Dioxide;0.0041753653444676405
59;58 Methylidyne;0.0041753653444676405
60;59 Ketene;0.0041753653444676405
61;60 Silicon Monoxide;0.0041753653444676405
62;61 Acetone;0.0041753653444676405
63;62 Vinyl Cyanide;0.0041753653444676405
64;63 Silicon monoxide (global fit);0.0041753653444676405
65;64 Cyclopropenylidene;0.0041753653444676405
66;65 Magnesium Isocyanide;0.0041753653444676405
67;66 Cyanobutadiynylide anion;0.0041753653444676405
68;67 Formaldehyde;0.0041753653444676405
69;68 Carbon Monosulfide;0.0041753653444676405
70;69 Fulminic acid;0.0041753653444676405
71;70 trans-Ethanol;0.0041753653444676405
72;71 Silicon Carbide;0.0041753653444676405
73;72 Formylium;0.0041753653444676405
74;73 Ethylene Oxide;0.0041753653444676405
75;74 Sulfur dioxide;0.0041753653444676405
76;75 Carbon Monophosphide;0.0041753653444676405
77;76 Sulfur Monoxide ion;0.0041753653444676405
78;77 Methanol;0.0041753653444676405
79;78 Sulfur Dioxide;0.0041753653444676405
80;79 Cyanoformaldehyde;0.0041753653444676405
81;80 Isocyanic Acid;0.0041753653444676405
82;81 Silicon Isocyanide;0.0041753653444676405
83;82 Methylene amidogen;0.0041753653444676405
84;83 Silicon Monocarbide;0.0041753653444676405
85;84 Phosphaethyne;0.0041753653444676405
86;85 Aluminum Monochloride;0.0041753653444676405
87;86 Cyanoallene;0.0041753653444676405
88;87 Methyl diacetylene;0.0041753653444676405
89;88 Cyanomethylene;0.0041753653444676405
90;89 Phosphapropynylidyne;0.0041753653444676405
91;90 Cyanomethyl;0.0041753653444676405
92;91 Hydrogen Isocyanide;0.0041753653444676405
93;92 Hydrogen sulfide;0.0041753653444676405
94;93 Hydroxyl;0.0041753653444676405
95;94 Glycolaldehyde;0.0041753653444676405
96;95 Cyanide anion;0.0041753653444676405
97;96 2-Propynal;0.0041753653444676405
98;97 Ethynyl;0.0041753653444676405
99;98 Phosphorous nitride;0.0041753653444676405
100;99 Magnesium hydride isocyanide;0.0041753653444676405
101;100 Potassium chloride;0.0041753653444676405
102;101 Silicon tetracarbide;0.0041753653444676405
103;102 Ethyl Cyanide;0.0041753653444676405
104;103 Cyanamide;0.0041753653444676405
105;104 Amidogen;0.0041753653444676405
106;105 Hydroxymethylidyne;0.0041753653444676405
107;106 Formyl Radical;0.0041753653444676405
108;107 Vinyl Alcohol;0.0041753653444676405
109;108 ortho-Oxidaniumyl;0.0041753653444676405
110;109 Cyanoethynylide ion;0.0041753653444676405
111;110 Oxoethenylidene;0.0041753653444676405
112;111 2-Butynenitrile;0.0041753653444676405
113;112 Cyanoethynyl;0.0041753653444676405
114;113 Hydroxymethylium ion;0.0041753653444676405
115;114 Thioformaldehyde;0.0041753653444676405
116;115 Isothiocyanic acid;0.0041753653444676405
117;116 Cyanic acid;0.0041753653444676405
