1;11 Methyliumylidene;0.6675420168067226
2;8 Thioformylium;0.0898109243697479
3;0 Methylidyne;0.011029411764705883
4;1 Butyronitrile;0.011029411764705883
5;2 Formaldehyde;0.011029411764705883
6;3 Sulfur dioxide;0.011029411764705883
7;4 Carbon Monoxide;0.011029411764705883
8;5 Water;0.011029411764705883
9;6 Chloronium;0.011029411764705883
10;7 Imidogen;0.011029411764705883
11;9 Mercapto radical;0.011029411764705883
12;10 Methyl formate vt01;0.011029411764705883
13;12 Cyanide Radical;0.011029411764705883
14;13 Hydroxyl;0.011029411764705883
15;14 Nitric oxide;0.011029411764705883
16;15 Cyclopropenylidene;0.011029411764705883
17;16 Silicon Monoxide;0.011029411764705883
18;17 Hydrogen Cyanide;0.011029411764705883
19;18 Carbon Monosulfide;0.011029411764705883
20;19 Hydrogen sulfide;0.011029411764705883
21;20 Molecular oxygen;0.011029411764705883
22;21 Hydrogen Isocyanide;0.011029411764705883
23;22 Formylium;0.011029411764705883
24;23 Sulfoniumylidene;0.011029411764705883
