HD163296_CO_2_1.image;model_comets_tr_500it;1;13 Methyliumylidene;0.8506060606060606
HD163296_CO_2_1.image;model_comets_tr_500it;2;0 Methylidyne;0.005151515151515152
HD163296_CO_2_1.image;model_comets_tr_500it;3;1 Formaldehyde;0.005151515151515152
HD163296_CO_2_1.image;model_comets_tr_500it;4;2 Sulfur dioxide;0.005151515151515152
HD163296_CO_2_1.image;model_comets_tr_500it;5;3 Carbon Monoxide;0.005151515151515152
HD163296_CO_2_1.image;model_comets_2_500it;1;13 Methyliumylidene;0.8506060606060606
HD163296_CO_2_1.image;model_comets_2_500it;2;0 Methylidyne;0.005151515151515152
HD163296_CO_2_1.image;model_comets_2_500it;3;1 Formaldehyde;0.005151515151515152
HD163296_CO_2_1.image;model_comets_2_500it;4;2 Sulfur dioxide;0.005151515151515152
HD163296_CO_2_1.image;model_comets_2_500it;5;3 Carbon Monoxide;0.005151515151515152
HD163296_CO_2_1.image;model_comets_full_500it;1;13 Methyliumylidene;0.8506060606060606
HD163296_CO_2_1.image;model_comets_full_500it;2;0 Methylidyne;0.005151515151515152
HD163296_CO_2_1.image;model_comets_full_500it;3;1 Formaldehyde;0.005151515151515152
HD163296_CO_2_1.image;model_comets_full_500it;4;2 Sulfur dioxide;0.005151515151515152
HD163296_CO_2_1.image;model_comets_full_500it;5;3 Carbon Monoxide;0.005151515151515152
HD163296_CO_2_1.image;model_comets_full_expanded_00002_500it;1;3 Carbon Monoxide;0.8475757575757575
HD163296_CO_2_1.image;model_comets_full_expanded_00002_500it;2;7 Carbon Monoxide Ion;0.008181818181818182
HD163296_CO_2_1.image;model_comets_full_expanded_00002_500it;3;0 Methylidyne;0.005151515151515152
HD163296_CO_2_1.image;model_comets_full_expanded_00002_500it;4;1 Formaldehyde;0.005151515151515152
HD163296_CO_2_1.image;model_comets_full_expanded_00002_500it;5;2 Sulfur dioxide;0.005151515151515152
HD163296_CO_2_1.image;model_comets_full_expanded_00010_500it;1;15 Carbonyl Sulfide;0.8506060606060606
HD163296_CO_2_1.image;model_comets_full_expanded_00010_500it;2;0 Methylidyne;0.005151515151515152
HD163296_CO_2_1.image;model_comets_full_expanded_00010_500it;3;1 Formaldehyde;0.005151515151515152
HD163296_CO_2_1.image;model_comets_full_expanded_00010_500it;4;2 Sulfur dioxide;0.005151515151515152
HD163296_CO_2_1.image;model_comets_full_expanded_00010_500it;5;3 Carbon Monoxide;0.005151515151515152
Orion.methanol.cbc.contsub.image;model_comets_tr_500it;1;28 Hydrogen Isocyanide;0.6236641221374046
Orion.methanol.cbc.contsub.image;model_comets_tr_500it;2;0 Methylidyne;0.012977099236641221
Orion.methanol.cbc.contsub.image;model_comets_tr_500it;3;1 Formaldehyde;0.012977099236641221
Orion.methanol.cbc.contsub.image;model_comets_tr_500it;4;2 Sulfur dioxide;0.012977099236641221
Orion.methanol.cbc.contsub.image;model_comets_tr_500it;5;3 Carbon Monoxide;0.012977099236641221
Orion.methanol.cbc.contsub.image;model_comets_2_500it;1;28 Hydrogen Isocyanide;0.600763358778626
Orion.methanol.cbc.contsub.image;model_comets_2_500it;2;13 Methyliumylidene;0.03587786259541985
Orion.methanol.cbc.contsub.image;model_comets_2_500it;3;0 Methylidyne;0.012977099236641221
Orion.methanol.cbc.contsub.image;model_comets_2_500it;4;1 Formaldehyde;0.012977099236641221
Orion.methanol.cbc.contsub.image;model_comets_2_500it;5;2 Sulfur dioxide;0.012977099236641221
Orion.methanol.cbc.contsub.image;model_comets_full_500it;1;13 Methyliumylidene;0.5320610687022901
Orion.methanol.cbc.contsub.image;model_comets_full_500it;2;3 Carbon Monoxide;0.10458015267175572
Orion.methanol.cbc.contsub.image;model_comets_full_500it;3;0 Methylidyne;0.012977099236641221
Orion.methanol.cbc.contsub.image;model_comets_full_500it;4;1 Formaldehyde;0.012977099236641221
Orion.methanol.cbc.contsub.image;model_comets_full_500it;5;2 Sulfur dioxide;0.012977099236641221
Orion.methanol.cbc.contsub.image;model_comets_full_expanded_00002_500it;1;7 Carbon Monoxide Ion;0.600763358778626
Orion.methanol.cbc.contsub.image;model_comets_full_expanded_00002_500it;2;0 Methylidyne;0.028244274809160308
Orion.methanol.cbc.contsub.image;model_comets_full_expanded_00002_500it;3;2 Sulfur dioxide;0.020610687022900764
Orion.methanol.cbc.contsub.image;model_comets_full_expanded_00002_500it;4;1 Formaldehyde;0.012977099236641221
Orion.methanol.cbc.contsub.image;model_comets_full_expanded_00002_500it;5;3 Carbon Monoxide;0.012977099236641221
Orion.methanol.cbc.contsub.image;model_comets_full_expanded_00010_500it;1;24 Cyanoacetylene;0.6160305343511451
Orion.methanol.cbc.contsub.image;model_comets_full_expanded_00010_500it;2;26 Hydrogen sulfide;0.020610687022900764
Orion.methanol.cbc.contsub.image;model_comets_full_expanded_00010_500it;3;0 Methylidyne;0.012977099236641221
Orion.methanol.cbc.contsub.image;model_comets_full_expanded_00010_500it;4;1 Formaldehyde;0.012977099236641221
Orion.methanol.cbc.contsub.image;model_comets_full_expanded_00010_500it;5;2 Sulfur dioxide;0.012977099236641221
Orion.HNC.cbc.contsub.image;model_comets_tr_500it;1;13 Methyliumylidene;0.8103846153846154
Orion.HNC.cbc.contsub.image;model_comets_tr_500it;2;0 Methylidyne;0.006538461538461538
Orion.HNC.cbc.contsub.image;model_comets_tr_500it;3;1 Formaldehyde;0.006538461538461538
Orion.HNC.cbc.contsub.image;model_comets_tr_500it;4;2 Sulfur dioxide;0.006538461538461538
Orion.HNC.cbc.contsub.image;model_comets_tr_500it;5;3 Carbon Monoxide;0.006538461538461538
Orion.HNC.cbc.contsub.image;model_comets_2_500it;1;13 Methyliumylidene;0.4680769230769231
Orion.HNC.cbc.contsub.image;model_comets_2_500it;2;28 Hydrogen Isocyanide;0.26423076923076927
Orion.HNC.cbc.contsub.image;model_comets_2_500it;3;7 Carbon Monoxide Ion;0.09115384615384615
Orion.HNC.cbc.contsub.image;model_comets_2_500it;4;0 Methylidyne;0.006538461538461538
Orion.HNC.cbc.contsub.image;model_comets_2_500it;5;1 Formaldehyde;0.006538461538461538
Orion.HNC.cbc.contsub.image;model_comets_full_500it;1;13 Methyliumylidene;0.6642307692307692
Orion.HNC.cbc.contsub.image;model_comets_full_500it;2;28 Hydrogen Isocyanide;0.1026923076923077
Orion.HNC.cbc.contsub.image;model_comets_full_500it;3;15 Carbonyl Sulfide;0.05653846153846154
Orion.HNC.cbc.contsub.image;model_comets_full_500it;4;0 Methylidyne;0.006538461538461538
Orion.HNC.cbc.contsub.image;model_comets_full_500it;5;1 Formaldehyde;0.006538461538461538
Orion.HNC.cbc.contsub.image;model_comets_full_expanded_00002_500it;1;27 Molecular oxygen;0.8103846153846154
Orion.HNC.cbc.contsub.image;model_comets_full_expanded_00002_500it;2;0 Methylidyne;0.006538461538461538
Orion.HNC.cbc.contsub.image;model_comets_full_expanded_00002_500it;3;1 Formaldehyde;0.006538461538461538
Orion.HNC.cbc.contsub.image;model_comets_full_expanded_00002_500it;4;2 Sulfur dioxide;0.006538461538461538
Orion.HNC.cbc.contsub.image;model_comets_full_expanded_00002_500it;5;3 Carbon Monoxide;0.006538461538461538
Orion.HNC.cbc.contsub.image;model_comets_full_expanded_00010_500it;1;28 Hydrogen Isocyanide;0.8065384615384615
Orion.HNC.cbc.contsub.image;model_comets_full_expanded_00010_500it;2;20 Sulfur Monoxide ion;0.010384615384615384
Orion.HNC.cbc.contsub.image;model_comets_full_expanded_00010_500it;3;0 Methylidyne;0.006538461538461538
Orion.HNC.cbc.contsub.image;model_comets_full_expanded_00010_500it;4;1 Formaldehyde;0.006538461538461538
Orion.HNC.cbc.contsub.image;model_comets_full_expanded_00010_500it;5;2 Sulfur dioxide;0.006538461538461538
uid___A002_Xa916fc_X668__IRS43_HCO32.final.image.pbcor;model_comets_tr_500it;1;13 Methyliumylidene;0.9146010186757216
uid___A002_Xa916fc_X668__IRS43_HCO32.final.image.pbcor;model_comets_tr_500it;2;29 Formylium;0.0045840407470288625
uid___A002_Xa916fc_X668__IRS43_HCO32.final.image.pbcor;model_comets_tr_500it;3;0 Methylidyne;0.0028862478777589135
uid___A002_Xa916fc_X668__IRS43_HCO32.final.image.pbcor;model_comets_tr_500it;4;1 Formaldehyde;0.0028862478777589135
uid___A002_Xa916fc_X668__IRS43_HCO32.final.image.pbcor;model_comets_tr_500it;5;2 Sulfur dioxide;0.0028862478777589135
uid___A002_Xa916fc_X668__IRS43_HCO32.final.image.pbcor;model_comets_2_500it;1;13 Methyliumylidene;0.9162988115449916
uid___A002_Xa916fc_X668__IRS43_HCO32.final.image.pbcor;model_comets_2_500it;2;0 Methylidyne;0.0028862478777589135
uid___A002_Xa916fc_X668__IRS43_HCO32.final.image.pbcor;model_comets_2_500it;3;1 Formaldehyde;0.0028862478777589135
uid___A002_Xa916fc_X668__IRS43_HCO32.final.image.pbcor;model_comets_2_500it;4;2 Sulfur dioxide;0.0028862478777589135
uid___A002_Xa916fc_X668__IRS43_HCO32.final.image.pbcor;model_comets_2_500it;5;3 Carbon Monoxide;0.0028862478777589135
uid___A002_Xa916fc_X668__IRS43_HCO32.final.image.pbcor;model_comets_full_500it;1;28 Hydrogen Isocyanide;0.9162988115449916
uid___A002_Xa916fc_X668__IRS43_HCO32.final.image.pbcor;model_comets_full_500it;2;0 Methylidyne;0.0028862478777589135
uid___A002_Xa916fc_X668__IRS43_HCO32.final.image.pbcor;model_comets_full_500it;3;1 Formaldehyde;0.0028862478777589135
uid___A002_Xa916fc_X668__IRS43_HCO32.final.image.pbcor;model_comets_full_500it;4;2 Sulfur dioxide;0.0028862478777589135
uid___A002_Xa916fc_X668__IRS43_HCO32.final.image.pbcor;model_comets_full_500it;5;3 Carbon Monoxide;0.0028862478777589135
uid___A002_Xa916fc_X668__IRS43_HCO32.final.image.pbcor;model_comets_full_expanded_00002_500it;1;27 Molecular oxygen;0.9162988115449916
uid___A002_Xa916fc_X668__IRS43_HCO32.final.image.pbcor;model_comets_full_expanded_00002_500it;2;0 Methylidyne;0.0028862478777589135
uid___A002_Xa916fc_X668__IRS43_HCO32.final.image.pbcor;model_comets_full_expanded_00002_500it;3;1 Formaldehyde;0.0028862478777589135
uid___A002_Xa916fc_X668__IRS43_HCO32.final.image.pbcor;model_comets_full_expanded_00002_500it;4;2 Sulfur dioxide;0.0028862478777589135
uid___A002_Xa916fc_X668__IRS43_HCO32.final.image.pbcor;model_comets_full_expanded_00002_500it;5;3 Carbon Monoxide;0.0028862478777589135
uid___A002_Xa916fc_X668__IRS43_HCO32.final.image.pbcor;model_comets_full_expanded_00010_500it;1;7 Carbon Monoxide Ion;0.9162988115449916
uid___A002_Xa916fc_X668__IRS43_HCO32.final.image.pbcor;model_comets_full_expanded_00010_500it;2;0 Methylidyne;0.0028862478777589135
uid___A002_Xa916fc_X668__IRS43_HCO32.final.image.pbcor;model_comets_full_expanded_00010_500it;3;1 Formaldehyde;0.0028862478777589135
uid___A002_Xa916fc_X668__IRS43_HCO32.final.image.pbcor;model_comets_full_expanded_00010_500it;4;2 Sulfur dioxide;0.0028862478777589135
uid___A002_Xa916fc_X668__IRS43_HCO32.final.image.pbcor;model_comets_full_expanded_00010_500it;5;3 Carbon Monoxide;0.0028862478777589135
TWHydra_HCOplusline.image;model_comets_tr_500it;1;29 Formylium;0.7291208791208791
TWHydra_HCOplusline.image;model_comets_tr_500it;2;0 Methylidyne;0.00934065934065934
TWHydra_HCOplusline.image;model_comets_tr_500it;3;1 Formaldehyde;0.00934065934065934
TWHydra_HCOplusline.image;model_comets_tr_500it;4;2 Sulfur dioxide;0.00934065934065934
TWHydra_HCOplusline.image;model_comets_tr_500it;5;3 Carbon Monoxide;0.00934065934065934
TWHydra_HCOplusline.image;model_comets_2_500it;1;13 Methyliumylidene;0.5532967032967033
TWHydra_HCOplusline.image;model_comets_2_500it;2;29 Formylium;0.18516483516483517
TWHydra_HCOplusline.image;model_comets_2_500it;3;0 Methylidyne;0.00934065934065934
TWHydra_HCOplusline.image;model_comets_2_500it;4;1 Formaldehyde;0.00934065934065934
TWHydra_HCOplusline.image;model_comets_2_500it;5;2 Sulfur dioxide;0.00934065934065934
TWHydra_HCOplusline.image;model_comets_full_500it;1;29 Formylium;0.7291208791208791
TWHydra_HCOplusline.image;model_comets_full_500it;2;0 Methylidyne;0.00934065934065934
TWHydra_HCOplusline.image;model_comets_full_500it;3;1 Formaldehyde;0.00934065934065934
TWHydra_HCOplusline.image;model_comets_full_500it;4;2 Sulfur dioxide;0.00934065934065934
TWHydra_HCOplusline.image;model_comets_full_500it;5;3 Carbon Monoxide;0.00934065934065934
TWHydra_HCOplusline.image;model_comets_full_expanded_00002_500it;1;29 Formylium;0.7291208791208791
TWHydra_HCOplusline.image;model_comets_full_expanded_00002_500it;2;0 Methylidyne;0.00934065934065934
TWHydra_HCOplusline.image;model_comets_full_expanded_00002_500it;3;1 Formaldehyde;0.00934065934065934
TWHydra_HCOplusline.image;model_comets_full_expanded_00002_500it;4;2 Sulfur dioxide;0.00934065934065934
TWHydra_HCOplusline.image;model_comets_full_expanded_00002_500it;5;3 Carbon Monoxide;0.00934065934065934
TWHydra_HCOplusline.image;model_comets_full_expanded_00010_500it;1;25 Hydrogen Cyanide;0.718131868131868
TWHydra_HCOplusline.image;model_comets_full_expanded_00010_500it;2;12 Ethylene Glycol;0.02032967032967033
TWHydra_HCOplusline.image;model_comets_full_expanded_00010_500it;3;0 Methylidyne;0.00934065934065934
TWHydra_HCOplusline.image;model_comets_full_expanded_00010_500it;4;1 Formaldehyde;0.00934065934065934
TWHydra_HCOplusline.image;model_comets_full_expanded_00010_500it;5;2 Sulfur dioxide;0.00934065934065934
TWHydra_CO3_2line.image;model_comets_tr_500it;1;13 Methyliumylidene;0.7349462365591397
TWHydra_CO3_2line.image;model_comets_tr_500it;2;0 Methylidyne;0.00913978494623656
TWHydra_CO3_2line.image;model_comets_tr_500it;3;1 Formaldehyde;0.00913978494623656
TWHydra_CO3_2line.image;model_comets_tr_500it;4;2 Sulfur dioxide;0.00913978494623656
TWHydra_CO3_2line.image;model_comets_tr_500it;5;3 Carbon Monoxide;0.00913978494623656
TWHydra_CO3_2line.image;model_comets_2_500it;1;13 Methyliumylidene;0.7349462365591397
TWHydra_CO3_2line.image;model_comets_2_500it;2;0 Methylidyne;0.00913978494623656
TWHydra_CO3_2line.image;model_comets_2_500it;3;1 Formaldehyde;0.00913978494623656
TWHydra_CO3_2line.image;model_comets_2_500it;4;2 Sulfur dioxide;0.00913978494623656
TWHydra_CO3_2line.image;model_comets_2_500it;5;3 Carbon Monoxide;0.00913978494623656
TWHydra_CO3_2line.image;model_comets_full_500it;1;13 Methyliumylidene;0.7349462365591397
TWHydra_CO3_2line.image;model_comets_full_500it;2;0 Methylidyne;0.00913978494623656
TWHydra_CO3_2line.image;model_comets_full_500it;3;1 Formaldehyde;0.00913978494623656
TWHydra_CO3_2line.image;model_comets_full_500it;4;2 Sulfur dioxide;0.00913978494623656
TWHydra_CO3_2line.image;model_comets_full_500it;5;3 Carbon Monoxide;0.00913978494623656
TWHydra_CO3_2line.image;model_comets_full_expanded_00002_500it;1;25 Hydrogen Cyanide;0.7134408602150537
TWHydra_CO3_2line.image;model_comets_full_expanded_00002_500it;2;3 Carbon Monoxide;0.01989247311827957
TWHydra_CO3_2line.image;model_comets_full_expanded_00002_500it;3;7 Carbon Monoxide Ion;0.014516129032258065
TWHydra_CO3_2line.image;model_comets_full_expanded_00002_500it;4;11 Amidogen;0.014516129032258065
TWHydra_CO3_2line.image;model_comets_full_expanded_00002_500it;5;0 Methylidyne;0.00913978494623656
TWHydra_CO3_2line.image;model_comets_full_expanded_00010_500it;1;3 Carbon Monoxide;0.7295698924731182
TWHydra_CO3_2line.image;model_comets_full_expanded_00010_500it;2;14 Cyanide Radical;0.014516129032258065
TWHydra_CO3_2line.image;model_comets_full_expanded_00010_500it;3;0 Methylidyne;0.00913978494623656
TWHydra_CO3_2line.image;model_comets_full_expanded_00010_500it;4;1 Formaldehyde;0.00913978494623656
TWHydra_CO3_2line.image;model_comets_full_expanded_00010_500it;5;2 Sulfur dioxide;0.00913978494623656
