1;3 Carbon Monoxide;0.7295698924731182
2;14 Cyanide Radical;0.014516129032258065
3;0 Methylidyne;0.00913978494623656
4;1 Formaldehyde;0.00913978494623656
5;2 Sulfur dioxide;0.00913978494623656
6;4 Acetaldehyde;0.00913978494623656
7;5 Water;0.00913978494623656
8;6 Imidogen;0.00913978494623656
9;7 Carbon Monoxide Ion;0.00913978494623656
10;8 Nitric sulfide;0.00913978494623656
11;9 Isocyanic Acid;0.00913978494623656
12;10 Formic Acid;0.00913978494623656
13;11 Amidogen;0.00913978494623656
14;12 Ethylene Glycol;0.00913978494623656
15;13 Methyliumylidene;0.00913978494623656
16;15 Carbonyl Sulfide;0.00913978494623656
17;16 Hydroxyl;0.00913978494623656
18;17 Nitric oxide;0.00913978494623656
19;18 Methyl Cyanide;0.00913978494623656
20;19 Cyclopropenylidene;0.00913978494623656
21;20 Sulfur Monoxide ion;0.00913978494623656
22;21 Methanol;0.00913978494623656
23;22 Thioformaldehyde;0.00913978494623656
24;23 Ammonia;0.00913978494623656
25;24 Cyanoacetylene;0.00913978494623656
26;25 Hydrogen Cyanide;0.00913978494623656
27;26 Hydrogen sulfide;0.00913978494623656
28;27 Molecular oxygen;0.00913978494623656
29;28 Hydrogen Isocyanide;0.00913978494623656
30;29 Formylium;0.00913978494623656
