1;13 Methyliumylidene;0.9146010186757216
2;29 Formylium;0.0045840407470288625
3;0 Methylidyne;0.0028862478777589135
4;1 Formaldehyde;0.0028862478777589135
5;2 Sulfur dioxide;0.0028862478777589135
6;3 Carbon Monoxide;0.0028862478777589135
7;4 Acetaldehyde;0.0028862478777589135
8;5 Water;0.0028862478777589135
9;6 Imidogen;0.0028862478777589135
10;7 Carbon Monoxide Ion;0.0028862478777589135
11;8 Nitric sulfide;0.0028862478777589135
12;9 Isocyanic Acid;0.0028862478777589135
13;10 Formic Acid;0.0028862478777589135
14;11 Amidogen;0.0028862478777589135
15;12 Ethylene Glycol;0.0028862478777589135
16;14 Cyanide Radical;0.0028862478777589135
17;15 Carbonyl Sulfide;0.0028862478777589135
18;16 Hydroxyl;0.0028862478777589135
19;17 Nitric oxide;0.0028862478777589135
20;18 Methyl Cyanide;0.0028862478777589135
21;19 Cyclopropenylidene;0.0028862478777589135
22;20 Sulfur Monoxide ion;0.0028862478777589135
23;21 Methanol;0.0028862478777589135
24;22 Thioformaldehyde;0.0028862478777589135
25;23 Ammonia;0.0028862478777589135
26;24 Cyanoacetylene;0.0028862478777589135
27;25 Hydrogen Cyanide;0.0028862478777589135
28;26 Hydrogen sulfide;0.0028862478777589135
29;27 Molecular oxygen;0.0028862478777589135
30;28 Hydrogen Isocyanide;0.0028862478777589135
