1;14 Iminomethylium;0.13074204947
2;0 Dimethyl ether;0.00706713780919
3;1 Butatrienylidene;0.00706713780919
4;2 Nitrous Oxide;0.00706713780919
5;3 Methyl Acetylene;0.00706713780919
6;4 2,4,6-Heptatriynenitrile;0.00706713780919
7;5 2,4-Pentadiynylidyne;0.00706713780919
8;6 Ethylene Glycol;0.00706713780919
9;7 Methyl Cyanide;0.00706713780919
10;8 Thioformylium;0.00706713780919
11;9 para-Oxidaniumyl;0.00706713780919
12;10 Hydrogen Cyanide;0.00706713780919
13;11 Cyanide Radical;0.00706713780919
14;12 Formic Acid;0.00706713780919
15;13 Nitric sulfide;0.00706713780919
16;15 Nitrosyl hydride;0.00706713780919
17;16 Propynylidynium;0.00706713780919
18;17 Magnesium Cyanide;0.00706713780919
19;18 1,3-Butadiynyl anion;0.00706713780919
20;19 Diazenylium;0.00706713780919
21;20 Methylamine;0.00706713780919
22;21 Chloronium;0.00706713780919
23;22 Phosphorus Monoxide;0.00706713780919
24;23 Silicon monosulfide;0.00706713780919
25;24 Cyclopropenone;0.00706713780919
26;25 Carbon Monoxide Ion;0.00706713780919
27;26 Sodium Cyanide;0.00706713780919
28;27 Nitric oxide;0.00706713780919
29;28 3-Thioxo-1,2-Propadieylidene;0.00706713780919
30;29 Silicon Cyanide;0.00706713780919
31;30 Ethyne Isocyanide;0.00706713780919
32;31 Sodium Chloride;0.00706713780919
33;32 Cyanoacetylene;0.00706713780919
34;33 Sulfur Monoxide;0.00706713780919
35;34 Aluminum Isocyanitrile;0.00706713780919
36;35 Cyanobutadiyne;0.00706713780919
37;36 Carbon Monoxide;0.00706713780919
38;37 Silicon Mononitride;0.00706713780919
39;38 Propadienylidene;0.00706713780919
40;39 Methanimine;0.00706713780919
41;40 Aluminum Monofluoride;0.00706713780919
42;41 Formamide;0.00706713780919
43;42 1,3,5,7-Octatetraynyl anion;0.00706713780919
44;43 Aminoacetonitrile;0.00706713780919
45;44 Ammonia;0.00706713780919
46;45 gauche-Ethanol;0.00706713780919
47;46 Protonate 2-proynenitrile;0.00706713780919
48;47 Carbonyl Sulfide;0.00706713780919
49;48 Thioxoethenylidene;0.00706713780919
50;49 Water;0.00706713780919
51;50 Methyl Formate;0.00706713780919
52;51 Acetaldehyde;0.00706713780919
53;52 Ketenimine;0.00706713780919
54;53 Propenal;0.00706713780919
55;54 Methyl isocyanide;0.00706713780919
56;55 Protonated Carbon Dioxide;0.00706713780919
57;56 Methylidyne;0.00706713780919
58;57 Ketene;0.00706713780919
59;58 4-Cyano-1,3-Butadiynyl;0.00706713780919
60;59 Silicon Monoxide;0.00706713780919
61;60 Acetone;0.00706713780919
62;61 3-Imino-1,2 Propadienylidene;0.00706713780919
63;62 Vinyl Cyanide;0.00706713780919
64;63 Cyclopropenylidene;0.00706713780919
65;64 2,4,6-Heptatriynylidyne;0.00706713780919
66;65 Magnesium Isocyanide;0.00706713780919
67;66 Formaldehyde;0.00706713780919
68;67 Cyanobutadiynylide anion;0.00706713780919
69;68 Fulminic acid;0.00706713780919
70;69 Carbon Monosulfide;0.00706713780919
71;70 1,3,5-Hexatriynyl;0.00706713780919
72;71 1,3-Butadiynyl radical;0.00706713780919
73;72 1,3,5-Hexatriynyl anion;0.00706713780919
74;73 Silicon monosulfide;0.00706713780919
75;74 Silicon Carbide;0.00706713780919
76;75 Formylium;0.00706713780919
77;76 Ethylene Oxide;0.00706713780919
78;77 Sulfur dioxide;0.00706713780919
79;78 Carbon Monophosphide;0.00706713780919
80;79 Sulfur Monoxide ion;0.00706713780919
81;80 Methanol;0.00706713780919
82;81 Sulfur Dioxide;0.00706713780919
83;82 Cyanoformaldehyde;0.00706713780919
84;83 Isocyanic Acid;0.00706713780919
85;84 Silicon Isocyanide;0.00706713780919
86;85 Silicon Monocarbide;0.00706713780919
87;86 Phosphaethyne;0.00706713780919
88;87 Carbon Monosulfide;0.00706713780919
89;88 Methylene amidogen;0.00706713780919
90;89 Aluminum Monochloride;0.00706713780919
91;90 3-Oxo-1,2-Propadienylidene;0.00706713780919
92;91 Cyanoallene;0.00706713780919
93;92 Methyl diacetylene;0.00706713780919
94;93 Cyanomethylene;0.00706713780919
95;94 Cyanomethyl;0.00706713780919
96;95 Phosphapropynylidyne;0.00706713780919
97;96 Hydrogen Isocyanide;0.00706713780919
98;97 Hydrogen sulfide;0.00706713780919
99;98 Hydroxyl;0.00706713780919
100;99 Glycolaldehyde;0.00706713780919
101;100 2-Propynal;0.00706713780919
102;101 Ethynyl;0.00706713780919
103;102 Phosphorous nitride;0.00706713780919
104;103 Potassium chloride;0.00706713780919
105;104 Silicon tetracarbide;0.00706713780919
106;105 Ethyl Cyanide;0.00706713780919
107;106 Cyanamide;0.00706713780919
108;107 Amidogen;0.00706713780919
109;108 Formyl Radical;0.00706713780919
110;109 Vinyl Alcohol;0.00706713780919
111;110 ortho-Oxidaniumyl;0.00706713780919
112;111 Cyanoethynylide ion;0.00706713780919
113;112 Oxoethenylidene;0.00706713780919
114;113 2-Butynenitrile;0.00706713780919
115;114 3-Silanetetrayl-1,2-Propadienyli;0.00706713780919
116;115 Cyanoethynyl;0.00706713780919
117;116 3-Cyano-1,2-propadienylidene;0.00706713780919
118;117 Acetylene;0.00706713780919
119;118 Hydroxymethylium ion;0.00706713780919
120;119 Methyl formate vt01;0.00706713780919
121;120 Thioformaldehyde;0.00706713780919
122;121 Isothiocyanic acid;0.00706713780919
123;122 Butyronitrile;0.00706713780919
124;123 Cyanic acid;0.00706713780919
