1;117 Acetylene;0.381278538813
2;36 Carbon Monoxide;0.0616438356164
3;0 Dimethyl ether;0.00456621004566
4;1 Butatrienylidene;0.00456621004566
5;2 Nitrous Oxide;0.00456621004566
6;3 Methyl Acetylene;0.00456621004566
7;4 2,4,6-Heptatriynenitrile;0.00456621004566
8;5 2,4-Pentadiynylidyne;0.00456621004566
9;6 Ethylene Glycol;0.00456621004566
10;7 Methyl Cyanide;0.00456621004566
11;8 Thioformylium;0.00456621004566
12;9 para-Oxidaniumyl;0.00456621004566
13;10 Hydrogen Cyanide;0.00456621004566
14;11 Cyanide Radical;0.00456621004566
15;12 Formic Acid;0.00456621004566
16;13 Nitric sulfide;0.00456621004566
17;14 Iminomethylium;0.00456621004566
18;15 Nitrosyl hydride;0.00456621004566
19;16 Propynylidynium;0.00456621004566
20;17 Magnesium Cyanide;0.00456621004566
21;18 1,3-Butadiynyl anion;0.00456621004566
22;19 Diazenylium;0.00456621004566
23;20 Methylamine;0.00456621004566
24;21 Chloronium;0.00456621004566
25;22 Phosphorus Monoxide;0.00456621004566
26;23 Silicon monosulfide;0.00456621004566
27;24 Cyclopropenone;0.00456621004566
28;25 Carbon Monoxide Ion;0.00456621004566
29;26 Sodium Cyanide;0.00456621004566
30;27 Nitric oxide;0.00456621004566
31;28 3-Thioxo-1,2-Propadieylidene;0.00456621004566
32;29 Silicon Cyanide;0.00456621004566
33;30 Ethyne Isocyanide;0.00456621004566
34;31 Sodium Chloride;0.00456621004566
35;32 Cyanoacetylene;0.00456621004566
36;33 Sulfur Monoxide;0.00456621004566
37;34 Aluminum Isocyanitrile;0.00456621004566
38;35 Cyanobutadiyne;0.00456621004566
39;37 Silicon Mononitride;0.00456621004566
40;38 Propadienylidene;0.00456621004566
41;39 Methanimine;0.00456621004566
42;40 Aluminum Monofluoride;0.00456621004566
43;41 Formamide;0.00456621004566
44;42 1,3,5,7-Octatetraynyl anion;0.00456621004566
45;43 Aminoacetonitrile;0.00456621004566
46;44 Ammonia;0.00456621004566
47;45 gauche-Ethanol;0.00456621004566
48;46 Protonate 2-proynenitrile;0.00456621004566
49;47 Carbonyl Sulfide;0.00456621004566
50;48 Thioxoethenylidene;0.00456621004566
51;49 Water;0.00456621004566
52;50 Methyl Formate;0.00456621004566
53;51 Acetaldehyde;0.00456621004566
54;52 Ketenimine;0.00456621004566
55;53 Propenal;0.00456621004566
56;54 Methyl isocyanide;0.00456621004566
57;55 Protonated Carbon Dioxide;0.00456621004566
58;56 Methylidyne;0.00456621004566
59;57 Ketene;0.00456621004566
60;58 4-Cyano-1,3-Butadiynyl;0.00456621004566
61;59 Silicon Monoxide;0.00456621004566
62;60 Acetone;0.00456621004566
63;61 3-Imino-1,2 Propadienylidene;0.00456621004566
64;62 Vinyl Cyanide;0.00456621004566
65;63 Cyclopropenylidene;0.00456621004566
66;64 2,4,6-Heptatriynylidyne;0.00456621004566
67;65 Magnesium Isocyanide;0.00456621004566
68;66 Formaldehyde;0.00456621004566
69;67 Cyanobutadiynylide anion;0.00456621004566
70;68 Fulminic acid;0.00456621004566
71;69 Carbon Monosulfide;0.00456621004566
72;70 1,3,5-Hexatriynyl;0.00456621004566
73;71 1,3-Butadiynyl radical;0.00456621004566
74;72 1,3,5-Hexatriynyl anion;0.00456621004566
75;73 Silicon monosulfide;0.00456621004566
76;74 Silicon Carbide;0.00456621004566
77;75 Formylium;0.00456621004566
78;76 Ethylene Oxide;0.00456621004566
79;77 Sulfur dioxide;0.00456621004566
80;78 Carbon Monophosphide;0.00456621004566
81;79 Sulfur Monoxide ion;0.00456621004566
82;80 Methanol;0.00456621004566
83;81 Sulfur Dioxide;0.00456621004566
84;82 Cyanoformaldehyde;0.00456621004566
85;83 Isocyanic Acid;0.00456621004566
86;84 Silicon Isocyanide;0.00456621004566
87;85 Silicon Monocarbide;0.00456621004566
88;86 Phosphaethyne;0.00456621004566
89;87 Carbon Monosulfide;0.00456621004566
90;88 Methylene amidogen;0.00456621004566
91;89 Aluminum Monochloride;0.00456621004566
92;90 3-Oxo-1,2-Propadienylidene;0.00456621004566
93;91 Cyanoallene;0.00456621004566
94;92 Methyl diacetylene;0.00456621004566
95;93 Cyanomethylene;0.00456621004566
96;94 Cyanomethyl;0.00456621004566
97;95 Phosphapropynylidyne;0.00456621004566
98;96 Hydrogen Isocyanide;0.00456621004566
99;97 Hydrogen sulfide;0.00456621004566
100;98 Hydroxyl;0.00456621004566
101;99 Glycolaldehyde;0.00456621004566
102;100 2-Propynal;0.00456621004566
103;101 Ethynyl;0.00456621004566
104;102 Phosphorous nitride;0.00456621004566
105;103 Potassium chloride;0.00456621004566
106;104 Silicon tetracarbide;0.00456621004566
107;105 Ethyl Cyanide;0.00456621004566
108;106 Cyanamide;0.00456621004566
109;107 Amidogen;0.00456621004566
110;108 Formyl Radical;0.00456621004566
111;109 Vinyl Alcohol;0.00456621004566
112;110 ortho-Oxidaniumyl;0.00456621004566
113;111 Cyanoethynylide ion;0.00456621004566
114;112 Oxoethenylidene;0.00456621004566
115;113 2-Butynenitrile;0.00456621004566
116;114 3-Silanetetrayl-1,2-Propadienyli;0.00456621004566
117;115 Cyanoethynyl;0.00456621004566
118;116 3-Cyano-1,2-propadienylidene;0.00456621004566
119;118 Hydroxymethylium ion;0.00456621004566
120;119 Methyl formate vt01;0.00456621004566
121;120 Thioformaldehyde;0.00456621004566
122;121 Isothiocyanic acid;0.00456621004566
123;122 Butyronitrile;0.00456621004566
124;123 Cyanic acid;0.00456621004566
