1;52 Ketenimine;0.06463878327
2;0 Dimethyl ether;0.00760456273764
3;1 Butatrienylidene;0.00760456273764
4;2 Nitrous Oxide;0.00760456273764
5;3 Methyl Acetylene;0.00760456273764
6;4 2,4,6-Heptatriynenitrile;0.00760456273764
7;5 2,4-Pentadiynylidyne;0.00760456273764
8;6 Ethylene Glycol;0.00760456273764
9;7 Methyl Cyanide;0.00760456273764
10;8 Thioformylium;0.00760456273764
11;9 para-Oxidaniumyl;0.00760456273764
12;10 Hydrogen Cyanide;0.00760456273764
13;11 Cyanide Radical;0.00760456273764
14;12 Formic Acid;0.00760456273764
15;13 Nitric sulfide;0.00760456273764
16;14 Iminomethylium;0.00760456273764
17;15 Nitrosyl hydride;0.00760456273764
18;16 Propynylidynium;0.00760456273764
19;17 Magnesium Cyanide;0.00760456273764
20;18 1,3-Butadiynyl anion;0.00760456273764
21;19 Diazenylium;0.00760456273764
22;20 Methylamine;0.00760456273764
23;21 Chloronium;0.00760456273764
24;22 Phosphorus Monoxide;0.00760456273764
25;23 Silicon monosulfide;0.00760456273764
26;24 Cyclopropenone;0.00760456273764
27;25 Carbon Monoxide Ion;0.00760456273764
28;26 Sodium Cyanide;0.00760456273764
29;27 Nitric oxide;0.00760456273764
30;28 3-Thioxo-1,2-Propadieylidene;0.00760456273764
31;29 Silicon Cyanide;0.00760456273764
32;30 Ethyne Isocyanide;0.00760456273764
33;31 Sodium Chloride;0.00760456273764
34;32 Cyanoacetylene;0.00760456273764
35;33 Sulfur Monoxide;0.00760456273764
36;34 Aluminum Isocyanitrile;0.00760456273764
37;35 Cyanobutadiyne;0.00760456273764
38;36 Carbon Monoxide;0.00760456273764
39;37 Silicon Mononitride;0.00760456273764
40;38 Propadienylidene;0.00760456273764
41;39 Methanimine;0.00760456273764
42;40 Aluminum Monofluoride;0.00760456273764
43;41 Formamide;0.00760456273764
44;42 1,3,5,7-Octatetraynyl anion;0.00760456273764
45;43 Aminoacetonitrile;0.00760456273764
46;44 Ammonia;0.00760456273764
47;45 gauche-Ethanol;0.00760456273764
48;46 Protonate 2-proynenitrile;0.00760456273764
49;47 Carbonyl Sulfide;0.00760456273764
50;48 Thioxoethenylidene;0.00760456273764
51;49 Water;0.00760456273764
52;50 Methyl Formate;0.00760456273764
53;51 Acetaldehyde;0.00760456273764
54;53 Propenal;0.00760456273764
55;54 Methyl isocyanide;0.00760456273764
56;55 Protonated Carbon Dioxide;0.00760456273764
57;56 Methylidyne;0.00760456273764
58;57 Ketene;0.00760456273764
59;58 4-Cyano-1,3-Butadiynyl;0.00760456273764
60;59 Silicon Monoxide;0.00760456273764
61;60 Acetone;0.00760456273764
62;61 3-Imino-1,2 Propadienylidene;0.00760456273764
63;62 Vinyl Cyanide;0.00760456273764
64;63 Cyclopropenylidene;0.00760456273764
65;64 2,4,6-Heptatriynylidyne;0.00760456273764
66;65 Magnesium Isocyanide;0.00760456273764
67;66 Formaldehyde;0.00760456273764
68;67 Cyanobutadiynylide anion;0.00760456273764
69;68 Fulminic acid;0.00760456273764
70;69 Carbon Monosulfide;0.00760456273764
71;70 1,3,5-Hexatriynyl;0.00760456273764
72;71 1,3-Butadiynyl radical;0.00760456273764
73;72 1,3,5-Hexatriynyl anion;0.00760456273764
74;73 Silicon monosulfide;0.00760456273764
75;74 Silicon Carbide;0.00760456273764
76;75 Formylium;0.00760456273764
77;76 Ethylene Oxide;0.00760456273764
78;77 Sulfur dioxide;0.00760456273764
79;78 Carbon Monophosphide;0.00760456273764
80;79 Sulfur Monoxide ion;0.00760456273764
81;80 Methanol;0.00760456273764
82;81 Sulfur Dioxide;0.00760456273764
83;82 Cyanoformaldehyde;0.00760456273764
84;83 Isocyanic Acid;0.00760456273764
85;84 Silicon Isocyanide;0.00760456273764
86;85 Silicon Monocarbide;0.00760456273764
87;86 Phosphaethyne;0.00760456273764
88;87 Carbon Monosulfide;0.00760456273764
89;88 Methylene amidogen;0.00760456273764
90;89 Aluminum Monochloride;0.00760456273764
91;90 3-Oxo-1,2-Propadienylidene;0.00760456273764
92;91 Cyanoallene;0.00760456273764
93;92 Methyl diacetylene;0.00760456273764
94;93 Cyanomethylene;0.00760456273764
95;94 Cyanomethyl;0.00760456273764
96;95 Phosphapropynylidyne;0.00760456273764
97;96 Hydrogen Isocyanide;0.00760456273764
98;97 Hydrogen sulfide;0.00760456273764
99;98 Hydroxyl;0.00760456273764
100;99 Glycolaldehyde;0.00760456273764
101;100 2-Propynal;0.00760456273764
102;101 Ethynyl;0.00760456273764
103;102 Phosphorous nitride;0.00760456273764
104;103 Potassium chloride;0.00760456273764
105;104 Silicon tetracarbide;0.00760456273764
106;105 Ethyl Cyanide;0.00760456273764
107;106 Cyanamide;0.00760456273764
108;107 Amidogen;0.00760456273764
109;108 Formyl Radical;0.00760456273764
110;109 Vinyl Alcohol;0.00760456273764
111;110 ortho-Oxidaniumyl;0.00760456273764
112;111 Cyanoethynylide ion;0.00760456273764
113;112 Oxoethenylidene;0.00760456273764
114;113 2-Butynenitrile;0.00760456273764
115;114 3-Silanetetrayl-1,2-Propadienyli;0.00760456273764
116;115 Cyanoethynyl;0.00760456273764
117;116 3-Cyano-1,2-propadienylidene;0.00760456273764
118;117 Acetylene;0.00760456273764
119;118 Hydroxymethylium ion;0.00760456273764
120;119 Methyl formate vt01;0.00760456273764
121;120 Thioformaldehyde;0.00760456273764
122;121 Isothiocyanic acid;0.00760456273764
123;122 Butyronitrile;0.00760456273764
124;123 Cyanic acid;0.00760456273764
