1;25 Carbon Monoxide Ion;0.381932021467
2;8 Thioformylium;0.368515205725
3;9 para-Oxidaniumyl;0.0330948121646
4;0 Dimethyl ether;0.00178890876565
5;1 Butatrienylidene;0.00178890876565
6;2 Nitrous Oxide;0.00178890876565
7;3 Methyl Acetylene;0.00178890876565
8;4 2,4,6-Heptatriynenitrile;0.00178890876565
9;5 2,4-Pentadiynylidyne;0.00178890876565
10;6 Ethylene Glycol;0.00178890876565
11;7 Methyl Cyanide;0.00178890876565
12;10 Hydrogen Cyanide;0.00178890876565
13;11 Cyanide Radical;0.00178890876565
14;12 Formic Acid;0.00178890876565
15;13 Nitric sulfide;0.00178890876565
16;14 Iminomethylium;0.00178890876565
17;15 Nitrosyl hydride;0.00178890876565
18;16 Propynylidynium;0.00178890876565
19;17 Magnesium Cyanide;0.00178890876565
20;18 1,3-Butadiynyl anion;0.00178890876565
21;19 Diazenylium;0.00178890876565
22;20 Methylamine;0.00178890876565
23;21 Chloronium;0.00178890876565
24;22 Phosphorus Monoxide;0.00178890876565
25;23 Silicon monosulfide;0.00178890876565
26;24 Cyclopropenone;0.00178890876565
27;26 Sodium Cyanide;0.00178890876565
28;27 Nitric oxide;0.00178890876565
29;28 3-Thioxo-1,2-Propadieylidene;0.00178890876565
30;29 Silicon Cyanide;0.00178890876565
31;30 Ethyne Isocyanide;0.00178890876565
32;31 Sodium Chloride;0.00178890876565
33;32 Cyanoacetylene;0.00178890876565
34;33 Sulfur Monoxide;0.00178890876565
35;34 Aluminum Isocyanitrile;0.00178890876565
36;35 Cyanobutadiyne;0.00178890876565
37;36 Carbon Monoxide;0.00178890876565
38;37 Silicon Mononitride;0.00178890876565
39;38 Propadienylidene;0.00178890876565
40;39 Methanimine;0.00178890876565
41;40 Aluminum Monofluoride;0.00178890876565
42;41 Formamide;0.00178890876565
43;42 1,3,5,7-Octatetraynyl anion;0.00178890876565
44;43 Aminoacetonitrile;0.00178890876565
45;44 Ammonia;0.00178890876565
46;45 gauche-Ethanol;0.00178890876565
47;46 Protonate 2-proynenitrile;0.00178890876565
48;47 Carbonyl Sulfide;0.00178890876565
49;48 Thioxoethenylidene;0.00178890876565
50;49 Water;0.00178890876565
51;50 Methyl Formate;0.00178890876565
52;51 Acetaldehyde;0.00178890876565
53;52 Ketenimine;0.00178890876565
54;53 Propenal;0.00178890876565
55;54 Methyl isocyanide;0.00178890876565
56;55 Protonated Carbon Dioxide;0.00178890876565
57;56 Methylidyne;0.00178890876565
58;57 Ketene;0.00178890876565
59;58 4-Cyano-1,3-Butadiynyl;0.00178890876565
60;59 Silicon Monoxide;0.00178890876565
61;60 Acetone;0.00178890876565
62;61 3-Imino-1,2 Propadienylidene;0.00178890876565
63;62 Vinyl Cyanide;0.00178890876565
64;63 Cyclopropenylidene;0.00178890876565
65;64 2,4,6-Heptatriynylidyne;0.00178890876565
66;65 Magnesium Isocyanide;0.00178890876565
67;66 Formaldehyde;0.00178890876565
68;67 Cyanobutadiynylide anion;0.00178890876565
69;68 Fulminic acid;0.00178890876565
70;69 Carbon Monosulfide;0.00178890876565
71;70 1,3,5-Hexatriynyl;0.00178890876565
72;71 1,3-Butadiynyl radical;0.00178890876565
73;72 1,3,5-Hexatriynyl anion;0.00178890876565
74;73 Silicon monosulfide;0.00178890876565
75;74 Silicon Carbide;0.00178890876565
76;75 Formylium;0.00178890876565
77;76 Ethylene Oxide;0.00178890876565
78;77 Sulfur dioxide;0.00178890876565
79;78 Carbon Monophosphide;0.00178890876565
80;79 Sulfur Monoxide ion;0.00178890876565
81;80 Methanol;0.00178890876565
82;81 Sulfur Dioxide;0.00178890876565
83;82 Cyanoformaldehyde;0.00178890876565
84;83 Isocyanic Acid;0.00178890876565
85;84 Silicon Isocyanide;0.00178890876565
86;85 Silicon Monocarbide;0.00178890876565
87;86 Phosphaethyne;0.00178890876565
88;87 Carbon Monosulfide;0.00178890876565
89;88 Methylene amidogen;0.00178890876565
90;89 Aluminum Monochloride;0.00178890876565
91;90 3-Oxo-1,2-Propadienylidene;0.00178890876565
92;91 Cyanoallene;0.00178890876565
93;92 Methyl diacetylene;0.00178890876565
94;93 Cyanomethylene;0.00178890876565
95;94 Cyanomethyl;0.00178890876565
96;95 Phosphapropynylidyne;0.00178890876565
97;96 Hydrogen Isocyanide;0.00178890876565
98;97 Hydrogen sulfide;0.00178890876565
99;98 Hydroxyl;0.00178890876565
100;99 Glycolaldehyde;0.00178890876565
101;100 2-Propynal;0.00178890876565
102;101 Ethynyl;0.00178890876565
103;102 Phosphorous nitride;0.00178890876565
104;103 Potassium chloride;0.00178890876565
105;104 Silicon tetracarbide;0.00178890876565
106;105 Ethyl Cyanide;0.00178890876565
107;106 Cyanamide;0.00178890876565
108;107 Amidogen;0.00178890876565
109;108 Formyl Radical;0.00178890876565
110;109 Vinyl Alcohol;0.00178890876565
111;110 ortho-Oxidaniumyl;0.00178890876565
112;111 Cyanoethynylide ion;0.00178890876565
113;112 Oxoethenylidene;0.00178890876565
114;113 2-Butynenitrile;0.00178890876565
115;114 3-Silanetetrayl-1,2-Propadienyli;0.00178890876565
116;115 Cyanoethynyl;0.00178890876565
117;116 3-Cyano-1,2-propadienylidene;0.00178890876565
118;117 Acetylene;0.00178890876565
119;118 Hydroxymethylium ion;0.00178890876565
120;119 Methyl formate vt01;0.00178890876565
121;120 Thioformaldehyde;0.00178890876565
122;121 Isothiocyanic acid;0.00178890876565
123;122 Butyronitrile;0.00178890876565
124;123 Cyanic acid;0.00178890876565
