1;3 Carbon Monoxide;0.38375
2;0 Methylidyne;0.021249999999999998
3;1 Formaldehyde;0.021249999999999998
4;2 Sulfur dioxide;0.021249999999999998
5;4 Acetaldehyde;0.021249999999999998
6;5 Water;0.021249999999999998
7;6 Imidogen;0.021249999999999998
8;7 Carbon Monoxide Ion;0.021249999999999998
9;8 Nitric sulfide;0.021249999999999998
10;9 Isocyanic Acid;0.021249999999999998
11;10 Formic Acid;0.021249999999999998
12;11 Amidogen;0.021249999999999998
13;12 Ethylene Glycol;0.021249999999999998
14;13 Methyliumylidene;0.021249999999999998
15;14 Cyanide Radical;0.021249999999999998
16;15 Carbonyl Sulfide;0.021249999999999998
17;16 Hydroxyl;0.021249999999999998
18;17 Nitric oxide;0.021249999999999998
19;18 Methyl Cyanide;0.021249999999999998
20;19 Cyclopropenylidene;0.021249999999999998
21;20 Sulfur Monoxide ion;0.021249999999999998
22;21 Methanol;0.021249999999999998
23;22 Thioformaldehyde;0.021249999999999998
24;23 Ammonia;0.021249999999999998
25;24 Cyanoacetylene;0.021249999999999998
26;25 Hydrogen Cyanide;0.021249999999999998
27;26 Hydrogen sulfide;0.021249999999999998
28;27 Molecular oxygen;0.021249999999999998
29;28 Hydrogen Isocyanide;0.021249999999999998
30;29 Formylium;0.021249999999999998
