1;2 Trihydrogen ion;0.03858520900321543
2;28 Cyclopropenone;0.03858520900321543
3;42 Carbon Monoxide;0.03858520900321543
4;85 Formylium;0.022508038585209
5;96 Silicon Monocarbide;0.022508038585209
6;118 Amidogen;0.022508038585209
7;0 Dimethyl ether;0.006430868167202572
8;1 Butatrienylidene;0.006430868167202572
9;3 Nitrous Oxide;0.006430868167202572
10;4 Methyl Acetylene;0.006430868167202572
11;5 2,4,6-Heptatriynenitrile;0.006430868167202572
12;6 Ethylene Glycol;0.006430868167202572
13;7 2,4-Pentadiynylidyne;0.006430868167202572
14;8 Methyl Cyanide;0.006430868167202572
15;9 Thioformylium;0.006430868167202572
16;10 para-Oxidaniumyl;0.006430868167202572
17;11 Hydrogen Cyanide;0.006430868167202572
18;12 Titanium monoxide;0.006430868167202572
19;13 Cyanide Radical;0.006430868167202572
20;14 Formic Acid;0.006430868167202572
21;15 Nitric sulfide;0.006430868167202572
22;16 Iminomethylium;0.006430868167202572
23;17 Aluminum monoxide;0.006430868167202572
24;18 Methyl isocyanate;0.006430868167202572
25;19 Nitrosyl hydride;0.006430868167202572
26;20 Propynylidynium;0.006430868167202572
27;21 Magnesium Cyanide;0.006430868167202572
28;22 1,3-Butadiynyl anion;0.006430868167202572
29;23 Diazenylium;0.006430868167202572
30;24 Methylamine;0.006430868167202572
31;25 Chloronium;0.006430868167202572
32;26 Silicon monosulfide;0.006430868167202572
33;27 Phosphorus Monoxide;0.006430868167202572
34;29 Carbon Monoxide Ion;0.006430868167202572
35;30 Sodium Cyanide;0.006430868167202572
36;31 Nitric oxide;0.006430868167202572
37;32 3-Thioxo-1,2-Propadieylidene;0.006430868167202572
38;33 Silicon Cyanide;0.006430868167202572
39;34 Ethyne Isocyanide;0.006430868167202572
40;35 Sodium Chloride;0.006430868167202572
41;36 Cyanoacetylene;0.006430868167202572
42;37 Sulfur Monoxide;0.006430868167202572
43;38 Aluminum Isocyanitrile;0.006430868167202572
44;39 Cyanobutadiyne;0.006430868167202572
45;40 Potassium cyanide, potassium isocyanide;0.006430868167202572
46;41 Silicon Mononitride;0.006430868167202572
47;43 Propadienylidene;0.006430868167202572
48;44 Methanimine;0.006430868167202572
49;45 Aluminum Monofluoride;0.006430868167202572
50;46 Formamide;0.006430868167202572
51;47 1,3,5,7-Octatetraynyl anion;0.006430868167202572
52;48 Aminoacetonitrile;0.006430868167202572
53;49 Ammonia;0.006430868167202572
54;50 gauche-Ethanol;0.006430868167202572
55;51 Protonate 2-proynenitrile;0.006430868167202572
56;52 Carbonyl Sulfide;0.006430868167202572
57;53 Thioxoethenylidene;0.006430868167202572
58;54 Ethyl cyanide;0.006430868167202572
59;55 Water;0.006430868167202572
60;56 Methyl Formate;0.006430868167202572
61;57 Acetaldehyde;0.006430868167202572
62;58 Ketenimine;0.006430868167202572
63;59 Propenal;0.006430868167202572
64;60 Methyl isocyanide;0.006430868167202572
65;61 iso-propyl cyanide;0.006430868167202572
66;62 Hydrogen cyanide;0.006430868167202572
67;63 Protonated Carbon Dioxide;0.006430868167202572
68;64 Methylidyne;0.006430868167202572
69;65 Ketene;0.006430868167202572
70;66 4-Cyano-1,3-Butadiynyl;0.006430868167202572
71;67 Silicon Monoxide;0.006430868167202572
72;68 Acetone;0.006430868167202572
73;69 Vinyl Cyanide;0.006430868167202572
74;70 3-Imino-1,2 Propadienylidene;0.006430868167202572
75;71 Silicon monoxide (global fit);0.006430868167202572
76;72 Cyclopropenylidene;0.006430868167202572
77;73 Magnesium Isocyanide;0.006430868167202572
78;74 2,4,6-Heptatriynylidyne;0.006430868167202572
79;75 Cyanobutadiynylide anion;0.006430868167202572
80;76 Formaldehyde;0.006430868167202572
81;77 Carbon Monosulfide;0.006430868167202572
82;78 Fulminic acid;0.006430868167202572
83;79 1,3,5-Hexatriynyl;0.006430868167202572
84;80 3-Silanetetrayl-1,2-Propadienylidene;0.006430868167202572
85;81 1,3-Butadiynyl radical;0.006430868167202572
86;82 trans-Ethanol;0.006430868167202572
87;83 Silicon Carbide;0.006430868167202572
88;84 1,3,5-Hexatriynyl anion;0.006430868167202572
89;86 Ethylene Oxide;0.006430868167202572
90;87 Sulfur dioxide;0.006430868167202572
91;88 Carbon Monophosphide;0.006430868167202572
92;89 Sulfur Monoxide ion;0.006430868167202572
93;90 Methanol;0.006430868167202572
94;91 Sulfur Dioxide;0.006430868167202572
95;92 Cyanoformaldehyde;0.006430868167202572
96;93 Isocyanic Acid;0.006430868167202572
97;94 Silicon Isocyanide;0.006430868167202572
98;95 Methylene amidogen;0.006430868167202572
99;97 Phosphaethyne;0.006430868167202572
100;98 Aluminum Monochloride;0.006430868167202572
101;99 Cyanoallene;0.006430868167202572
102;100 3-Oxo-1,2-Propadienylidene;0.006430868167202572
103;101 Methyl diacetylene;0.006430868167202572
104;102 Cyanomethylene;0.006430868167202572
105;103 Phosphapropynylidyne;0.006430868167202572
106;104 Cyanomethyl;0.006430868167202572
107;105 Hydrogen Isocyanide;0.006430868167202572
108;106 Hydrogen sulfide;0.006430868167202572
109;107 Hydroxyl;0.006430868167202572
110;108 Glycolaldehyde;0.006430868167202572
111;109 Cyanide anion;0.006430868167202572
112;110 2-Propynal;0.006430868167202572
113;111 Ethynyl;0.006430868167202572
114;112 Phosphorous nitride;0.006430868167202572
115;113 Magnesium hydride isocyanide;0.006430868167202572
116;114 Potassium chloride;0.006430868167202572
117;115 Silicon tetracarbide;0.006430868167202572
118;116 Ethyl Cyanide;0.006430868167202572
119;117 Cyanamide;0.006430868167202572
120;119 Hydroxymethylidyne;0.006430868167202572
121;120 Formyl Radical;0.006430868167202572
122;121 Vinyl Alcohol;0.006430868167202572
123;122 ortho-Oxidaniumyl;0.006430868167202572
124;123 Cyanoethynylide ion;0.006430868167202572
125;124 Oxoethenylidene;0.006430868167202572
126;125 2-Butynenitrile;0.006430868167202572
127;126 Cyanoethynyl;0.006430868167202572
128;127 3-Cyano-1,2-propadienylidene;0.006430868167202572
129;128 Hydroxymethylium ion;0.006430868167202572
130;129 Thioformaldehyde;0.006430868167202572
131;130 Isothiocyanic acid;0.006430868167202572
132;131 Methyl formate, v<sub>t</sub> = 0, 1;0.006430868167202572
133;132 Cyanic acid;0.006430868167202572
