1;8 Methyliumylidene;0.8539130434782609
2;0 Isocyanic Acid;0.0017391304347826085
3;1 Propenal;0.0017391304347826085
4;2 Ketene;0.0017391304347826085
5;3 Oxonium hydride;0.0017391304347826085
6;4 Thioformylium;0.0017391304347826085
7;5 Vinyl Cyanide;0.0017391304347826085
8;6 Methyl Formate;0.0017391304347826085
9;7 Hydroxyl;0.0017391304347826085
10;9 Iminomethylium;0.0017391304347826085
11;10 Hydroxymethylium ion;0.0017391304347826085
12;11 2-Propynal;0.0017391304347826085
13;12 Carbon Monosulfide;0.0017391304347826085
14;13 Cyanomethyl;0.0017391304347826085
15;14 Methyl Acetylene;0.0017391304347826085
16;15 2-Butynenitrile;0.0017391304347826085
17;16 Methyl formate vt01;0.0017391304347826085
18;17 Ethyl Cyanide;0.0017391304347826085
19;18 gauche-Ethanol;0.0017391304347826085
20;19 Glycolaldehyde;0.0017391304347826085
21;20 Water;0.0017391304347826085
22;21 Hydrogen sulfide;0.0017391304347826085
23;22 Sulfur Monoxide ion;0.0017391304347826085
24;23 1,3-Butadiynyl radical;0.0017391304347826085
25;24 Formylium;0.0017391304347826085
26;25 Fulminic acid;0.0017391304347826085
27;26 Trihydrogen ion;0.0017391304347826085
28;27 Methanimine;0.0017391304347826085
29;28 Nitrous Oxide;0.0017391304347826085
30;29 Propadienylidene;0.0017391304347826085
31;30 Ethylene Oxide;0.0017391304347826085
32;31 Ketenimine;0.0017391304347826085
33;32 2,4,6-Heptatriynenitrile;0.0017391304347826085
34;33 Aminoacetonitrile;0.0017391304347826085
35;34 Methanol;0.0017391304347826085
36;35 Ammonia;0.0017391304347826085
37;36 Formyl Radical;0.0017391304347826085
38;37 Methyl Cyanide;0.0017391304347826085
39;38 Molecular oxygen;0.0017391304347826085
40;39 Cyclopropenone;0.0017391304347826085
41;40 Carbonyl Sulfide;0.0017391304347826085
42;41 Acetaldehyde;0.0017391304347826085
43;42 Cyanomethylene;0.0017391304347826085
44;43 3-Thioxo-1,2-Propadieylidene;0.0017391304347826085
45;44 Formamide;0.0017391304347826085
46;45 Cyanobutadiyne;0.0017391304347826085
47;46 Sulfur Dioxide;0.0017391304347826085
48;47 Methyl isocyanide;0.0017391304347826085
49;48 Nitric sulfide;0.0017391304347826085
50;49 Methylene;0.0017391304347826085
51;50 Hydrochloric acid;0.0017391304347826085
52;51 Ethyne Isocyanide;0.0017391304347826085
53;52 Cyanide Radical;0.0017391304347826085
54;53 Nitric oxide;0.0017391304347826085
55;54 Cyanic acid;0.0017391304347826085
56;55 Formaldehyde;0.0017391304347826085
57;56 Sulfur Monoxide;0.0017391304347826085
58;57 Protonate 2-proynenitrile;0.0017391304347826085
59;58 Ethynyl;0.0017391304347826085
60;59 Ethylene Glycol;0.0017391304347826085
61;60 Hydrogen Cyanide;0.0017391304347826085
62;61 Fluoromethyliumylidene;0.0017391304347826085
63;62 Methylidyne;0.0017391304347826085
64;63 Thioxoethenylidene;0.0017391304347826085
65;64 Cyanomethanimine;0.0017391304347826085
66;65 Silicon Monoxide;0.0017391304347826085
67;66 Dimethyl ether;0.0017391304347826085
68;67 Acetone;0.0017391304347826085
69;68 Carbon Monoxide;0.0017391304347826085
70;69 Phosphorous nitride;0.0017391304347826085
71;70 Thioformaldehyde;0.0017391304347826085
72;71 Diazenylium;0.0017391304347826085
73;72 Cyanoformaldehyde;0.0017391304347826085
74;73 Isothiocyanic acid;0.0017391304347826085
75;74 Vinyl Alcohol;0.0017391304347826085
76;75 Hydrogen Isocyanide;0.0017391304347826085
77;76 Carbon Monosulfide;0.0017391304347826085
78;77 Methylamine;0.0017391304347826085
79;78 Protonated Carbon Dioxide;0.0017391304347826085
80;79 Formic Acid;0.0017391304347826085
81;80 Cyclopropenylidene;0.0017391304347826085
82;81 Cyanoacetylene;0.0017391304347826085
83;82 para-Oxidaniumyl;0.0017391304347826085
84;83 ortho-Oxidaniumyl;0.0017391304347826085
85;84 Nitrosyl hydride;0.0017391304347826085
