1;45 Cyanobutadiyne;0.8162318840579711
2;2 Ketene;0.00463768115942029
3;4 Thioformylium;0.00463768115942029
4;6 Methyl Formate;0.00463768115942029
5;8 Methyliumylidene;0.00463768115942029
6;9 Iminomethylium;0.00463768115942029
7;24 Formylium;0.00463768115942029
8;30 Ethylene Oxide;0.00463768115942029
9;36 Formyl Radical;0.00463768115942029
10;39 Cyclopropenone;0.00463768115942029
11;46 Sulfur Dioxide;0.00463768115942029
12;67 Acetone;0.00463768115942029
13;71 Diazenylium;0.00463768115942029
14;75 Hydrogen Isocyanide;0.00463768115942029
15;0 Isocyanic Acid;0.0017391304347826085
16;1 Propenal;0.0017391304347826085
17;3 Oxonium hydride;0.0017391304347826085
18;5 Vinyl Cyanide;0.0017391304347826085
19;7 Hydroxyl;0.0017391304347826085
20;10 Hydroxymethylium ion;0.0017391304347826085
21;11 2-Propynal;0.0017391304347826085
22;12 Carbon Monosulfide;0.0017391304347826085
23;13 Cyanomethyl;0.0017391304347826085
24;14 Methyl Acetylene;0.0017391304347826085
25;15 2-Butynenitrile;0.0017391304347826085
26;16 Methyl formate vt01;0.0017391304347826085
27;17 Ethyl Cyanide;0.0017391304347826085
28;18 gauche-Ethanol;0.0017391304347826085
29;19 Glycolaldehyde;0.0017391304347826085
30;20 Water;0.0017391304347826085
31;21 Hydrogen sulfide;0.0017391304347826085
32;22 Sulfur Monoxide ion;0.0017391304347826085
33;23 1,3-Butadiynyl radical;0.0017391304347826085
34;25 Fulminic acid;0.0017391304347826085
35;26 Trihydrogen ion;0.0017391304347826085
36;27 Methanimine;0.0017391304347826085
37;28 Nitrous Oxide;0.0017391304347826085
38;29 Propadienylidene;0.0017391304347826085
39;31 Ketenimine;0.0017391304347826085
40;32 2,4,6-Heptatriynenitrile;0.0017391304347826085
41;33 Aminoacetonitrile;0.0017391304347826085
42;34 Methanol;0.0017391304347826085
43;35 Ammonia;0.0017391304347826085
44;37 Methyl Cyanide;0.0017391304347826085
45;38 Molecular oxygen;0.0017391304347826085
46;40 Carbonyl Sulfide;0.0017391304347826085
47;41 Acetaldehyde;0.0017391304347826085
48;42 Cyanomethylene;0.0017391304347826085
49;43 3-Thioxo-1,2-Propadieylidene;0.0017391304347826085
50;44 Formamide;0.0017391304347826085
51;47 Methyl isocyanide;0.0017391304347826085
52;48 Nitric sulfide;0.0017391304347826085
53;49 Methylene;0.0017391304347826085
54;50 Hydrochloric acid;0.0017391304347826085
55;51 Ethyne Isocyanide;0.0017391304347826085
56;52 Cyanide Radical;0.0017391304347826085
57;53 Nitric oxide;0.0017391304347826085
58;54 Cyanic acid;0.0017391304347826085
59;55 Formaldehyde;0.0017391304347826085
60;56 Sulfur Monoxide;0.0017391304347826085
61;57 Protonate 2-proynenitrile;0.0017391304347826085
62;58 Ethynyl;0.0017391304347826085
63;59 Ethylene Glycol;0.0017391304347826085
64;60 Hydrogen Cyanide;0.0017391304347826085
65;61 Fluoromethyliumylidene;0.0017391304347826085
66;62 Methylidyne;0.0017391304347826085
67;63 Thioxoethenylidene;0.0017391304347826085
68;64 Cyanomethanimine;0.0017391304347826085
69;65 Silicon Monoxide;0.0017391304347826085
70;66 Dimethyl ether;0.0017391304347826085
71;68 Carbon Monoxide;0.0017391304347826085
72;69 Phosphorous nitride;0.0017391304347826085
73;70 Thioformaldehyde;0.0017391304347826085
74;72 Cyanoformaldehyde;0.0017391304347826085
75;73 Isothiocyanic acid;0.0017391304347826085
76;74 Vinyl Alcohol;0.0017391304347826085
77;76 Carbon Monosulfide;0.0017391304347826085
78;77 Methylamine;0.0017391304347826085
79;78 Protonated Carbon Dioxide;0.0017391304347826085
80;79 Formic Acid;0.0017391304347826085
81;80 Cyclopropenylidene;0.0017391304347826085
82;81 Cyanoacetylene;0.0017391304347826085
83;82 para-Oxidaniumyl;0.0017391304347826085
84;83 ortho-Oxidaniumyl;0.0017391304347826085
85;84 Nitrosyl hydride;0.0017391304347826085
