1;61 Fluoromethyliumylidene;0.4542857142857143
2;9 Iminomethylium;0.19
3;0 Isocyanic Acid;0.004285714285714286
4;1 Propenal;0.004285714285714286
5;2 Ketene;0.004285714285714286
6;3 Oxonium hydride;0.004285714285714286
7;4 Thioformylium;0.004285714285714286
8;5 Vinyl Cyanide;0.004285714285714286
9;6 Methyl Formate;0.004285714285714286
10;7 Hydroxyl;0.004285714285714286
11;8 Methyliumylidene;0.004285714285714286
12;10 Hydroxymethylium ion;0.004285714285714286
13;11 2-Propynal;0.004285714285714286
14;12 Carbon Monosulfide;0.004285714285714286
15;13 Cyanomethyl;0.004285714285714286
16;14 Methyl Acetylene;0.004285714285714286
17;15 2-Butynenitrile;0.004285714285714286
18;16 Methyl formate vt01;0.004285714285714286
19;17 Ethyl Cyanide;0.004285714285714286
20;18 gauche-Ethanol;0.004285714285714286
21;19 Glycolaldehyde;0.004285714285714286
22;20 Water;0.004285714285714286
23;21 Hydrogen sulfide;0.004285714285714286
24;22 Sulfur Monoxide ion;0.004285714285714286
25;23 1,3-Butadiynyl radical;0.004285714285714286
26;24 Formylium;0.004285714285714286
27;25 Fulminic acid;0.004285714285714286
28;26 Trihydrogen ion;0.004285714285714286
29;27 Methanimine;0.004285714285714286
30;28 Nitrous Oxide;0.004285714285714286
31;29 Propadienylidene;0.004285714285714286
32;30 Ethylene Oxide;0.004285714285714286
33;31 Ketenimine;0.004285714285714286
34;32 2,4,6-Heptatriynenitrile;0.004285714285714286
35;33 Aminoacetonitrile;0.004285714285714286
36;34 Methanol;0.004285714285714286
37;35 Ammonia;0.004285714285714286
38;36 Formyl Radical;0.004285714285714286
39;37 Methyl Cyanide;0.004285714285714286
40;38 Molecular oxygen;0.004285714285714286
41;39 Cyclopropenone;0.004285714285714286
42;40 Carbonyl Sulfide;0.004285714285714286
43;41 Acetaldehyde;0.004285714285714286
44;42 Cyanomethylene;0.004285714285714286
45;43 3-Thioxo-1,2-Propadieylidene;0.004285714285714286
46;44 Formamide;0.004285714285714286
47;45 Cyanobutadiyne;0.004285714285714286
48;46 Sulfur Dioxide;0.004285714285714286
49;47 Methyl isocyanide;0.004285714285714286
50;48 Nitric sulfide;0.004285714285714286
51;49 Methylene;0.004285714285714286
52;50 Hydrochloric acid;0.004285714285714286
53;51 Ethyne Isocyanide;0.004285714285714286
54;52 Cyanide Radical;0.004285714285714286
55;53 Nitric oxide;0.004285714285714286
56;54 Cyanic acid;0.004285714285714286
57;55 Formaldehyde;0.004285714285714286
58;56 Sulfur Monoxide;0.004285714285714286
59;57 Protonate 2-proynenitrile;0.004285714285714286
60;58 Ethynyl;0.004285714285714286
61;59 Ethylene Glycol;0.004285714285714286
62;60 Hydrogen Cyanide;0.004285714285714286
63;62 Methylidyne;0.004285714285714286
64;63 Thioxoethenylidene;0.004285714285714286
65;64 Cyanomethanimine;0.004285714285714286
66;65 Silicon Monoxide;0.004285714285714286
67;66 Dimethyl ether;0.004285714285714286
68;67 Acetone;0.004285714285714286
69;68 Carbon Monoxide;0.004285714285714286
70;69 Phosphorous nitride;0.004285714285714286
71;70 Thioformaldehyde;0.004285714285714286
72;71 Diazenylium;0.004285714285714286
73;72 Cyanoformaldehyde;0.004285714285714286
74;73 Isothiocyanic acid;0.004285714285714286
75;74 Vinyl Alcohol;0.004285714285714286
76;75 Hydrogen Isocyanide;0.004285714285714286
77;76 Carbon Monosulfide;0.004285714285714286
78;77 Methylamine;0.004285714285714286
79;78 Protonated Carbon Dioxide;0.004285714285714286
80;79 Formic Acid;0.004285714285714286
81;80 Cyclopropenylidene;0.004285714285714286
82;81 Cyanoacetylene;0.004285714285714286
83;82 para-Oxidaniumyl;0.004285714285714286
84;83 ortho-Oxidaniumyl;0.004285714285714286
85;84 Nitrosyl hydride;0.004285714285714286
