1;36 Formyl Radical;0.6042857142857142
2;8 Methyliumylidene;0.011428571428571429
3;26 Trihydrogen ion;0.011428571428571429
4;31 Ketenimine;0.011428571428571429
5;32 2,4,6-Heptatriynenitrile;0.011428571428571429
6;40 Carbonyl Sulfide;0.011428571428571429
7;0 Isocyanic Acid;0.004285714285714286
8;1 Propenal;0.004285714285714286
9;2 Ketene;0.004285714285714286
10;3 Oxonium hydride;0.004285714285714286
11;4 Thioformylium;0.004285714285714286
12;5 Vinyl Cyanide;0.004285714285714286
13;6 Methyl Formate;0.004285714285714286
14;7 Hydroxyl;0.004285714285714286
15;9 Iminomethylium;0.004285714285714286
16;10 Hydroxymethylium ion;0.004285714285714286
17;11 2-Propynal;0.004285714285714286
18;12 Carbon Monosulfide;0.004285714285714286
19;13 Cyanomethyl;0.004285714285714286
20;14 Methyl Acetylene;0.004285714285714286
21;15 2-Butynenitrile;0.004285714285714286
22;16 Methyl formate vt01;0.004285714285714286
23;17 Ethyl Cyanide;0.004285714285714286
24;18 gauche-Ethanol;0.004285714285714286
25;19 Glycolaldehyde;0.004285714285714286
26;20 Water;0.004285714285714286
27;21 Hydrogen sulfide;0.004285714285714286
28;22 Sulfur Monoxide ion;0.004285714285714286
29;23 1,3-Butadiynyl radical;0.004285714285714286
30;24 Formylium;0.004285714285714286
31;25 Fulminic acid;0.004285714285714286
32;27 Methanimine;0.004285714285714286
33;28 Nitrous Oxide;0.004285714285714286
34;29 Propadienylidene;0.004285714285714286
35;30 Ethylene Oxide;0.004285714285714286
36;33 Aminoacetonitrile;0.004285714285714286
37;34 Methanol;0.004285714285714286
38;35 Ammonia;0.004285714285714286
39;37 Methyl Cyanide;0.004285714285714286
40;38 Molecular oxygen;0.004285714285714286
41;39 Cyclopropenone;0.004285714285714286
42;41 Acetaldehyde;0.004285714285714286
43;42 Cyanomethylene;0.004285714285714286
44;43 3-Thioxo-1,2-Propadieylidene;0.004285714285714286
45;44 Formamide;0.004285714285714286
46;45 Cyanobutadiyne;0.004285714285714286
47;46 Sulfur Dioxide;0.004285714285714286
48;47 Methyl isocyanide;0.004285714285714286
49;48 Nitric sulfide;0.004285714285714286
50;49 Methylene;0.004285714285714286
51;50 Hydrochloric acid;0.004285714285714286
52;51 Ethyne Isocyanide;0.004285714285714286
53;52 Cyanide Radical;0.004285714285714286
54;53 Nitric oxide;0.004285714285714286
55;54 Cyanic acid;0.004285714285714286
56;55 Formaldehyde;0.004285714285714286
57;56 Sulfur Monoxide;0.004285714285714286
58;57 Protonate 2-proynenitrile;0.004285714285714286
59;58 Ethynyl;0.004285714285714286
60;59 Ethylene Glycol;0.004285714285714286
61;60 Hydrogen Cyanide;0.004285714285714286
62;61 Fluoromethyliumylidene;0.004285714285714286
63;62 Methylidyne;0.004285714285714286
64;63 Thioxoethenylidene;0.004285714285714286
65;64 Cyanomethanimine;0.004285714285714286
66;65 Silicon Monoxide;0.004285714285714286
67;66 Dimethyl ether;0.004285714285714286
68;67 Acetone;0.004285714285714286
69;68 Carbon Monoxide;0.004285714285714286
70;69 Phosphorous nitride;0.004285714285714286
71;70 Thioformaldehyde;0.004285714285714286
72;71 Diazenylium;0.004285714285714286
73;72 Cyanoformaldehyde;0.004285714285714286
74;73 Isothiocyanic acid;0.004285714285714286
75;74 Vinyl Alcohol;0.004285714285714286
76;75 Hydrogen Isocyanide;0.004285714285714286
77;76 Carbon Monosulfide;0.004285714285714286
78;77 Methylamine;0.004285714285714286
79;78 Protonated Carbon Dioxide;0.004285714285714286
80;79 Formic Acid;0.004285714285714286
81;80 Cyclopropenylidene;0.004285714285714286
82;81 Cyanoacetylene;0.004285714285714286
83;82 para-Oxidaniumyl;0.004285714285714286
84;83 ortho-Oxidaniumyl;0.004285714285714286
85;84 Nitrosyl hydride;0.004285714285714286
