1;8 Methyliumylidene;0.26375838926174494
2;25 Fulminic acid;0.13288590604026845
3;28 Nitrous Oxide;0.12953020134228188
4;75 Hydrogen Isocyanide;0.11946308724832215
5;50 Hydrochloric acid;0.07919463087248323
6;63 Thioxoethenylidene;0.052348993288590606
7;60 Hydrogen Cyanide;0.03221476510067114
8;83 ortho-Oxidaniumyl;0.022147651006711407
9;76 Carbon Monosulfide;0.015436241610738253
10;0 Isocyanic Acid;0.002013422818791946
11;1 Propenal;0.002013422818791946
12;2 Ketene;0.002013422818791946
13;3 Oxonium hydride;0.002013422818791946
14;4 Thioformylium;0.002013422818791946
15;5 Vinyl Cyanide;0.002013422818791946
16;6 Methyl Formate;0.002013422818791946
17;7 Hydroxyl;0.002013422818791946
18;9 Iminomethylium;0.002013422818791946
19;10 Hydroxymethylium ion;0.002013422818791946
20;11 2-Propynal;0.002013422818791946
21;12 Carbon Monosulfide;0.002013422818791946
22;13 Cyanomethyl;0.002013422818791946
23;14 Methyl Acetylene;0.002013422818791946
24;15 2-Butynenitrile;0.002013422818791946
25;16 Methyl formate vt01;0.002013422818791946
26;17 Ethyl Cyanide;0.002013422818791946
27;18 gauche-Ethanol;0.002013422818791946
28;19 Glycolaldehyde;0.002013422818791946
29;20 Water;0.002013422818791946
30;21 Hydrogen sulfide;0.002013422818791946
31;22 Sulfur Monoxide ion;0.002013422818791946
32;23 1,3-Butadiynyl radical;0.002013422818791946
33;24 Formylium;0.002013422818791946
34;26 Trihydrogen ion;0.002013422818791946
35;27 Methanimine;0.002013422818791946
36;29 Propadienylidene;0.002013422818791946
37;30 Ethylene Oxide;0.002013422818791946
38;31 Ketenimine;0.002013422818791946
39;32 2,4,6-Heptatriynenitrile;0.002013422818791946
40;33 Aminoacetonitrile;0.002013422818791946
41;34 Methanol;0.002013422818791946
42;35 Ammonia;0.002013422818791946
43;36 Formyl Radical;0.002013422818791946
44;37 Methyl Cyanide;0.002013422818791946
45;38 Molecular oxygen;0.002013422818791946
46;39 Cyclopropenone;0.002013422818791946
47;40 Carbonyl Sulfide;0.002013422818791946
48;41 Acetaldehyde;0.002013422818791946
49;42 Cyanomethylene;0.002013422818791946
50;43 3-Thioxo-1,2-Propadieylidene;0.002013422818791946
51;44 Formamide;0.002013422818791946
52;45 Cyanobutadiyne;0.002013422818791946
53;46 Sulfur Dioxide;0.002013422818791946
54;47 Methyl isocyanide;0.002013422818791946
55;48 Nitric sulfide;0.002013422818791946
56;49 Methylene;0.002013422818791946
57;51 Ethyne Isocyanide;0.002013422818791946
58;52 Cyanide Radical;0.002013422818791946
59;53 Nitric oxide;0.002013422818791946
60;54 Cyanic acid;0.002013422818791946
61;55 Formaldehyde;0.002013422818791946
62;56 Sulfur Monoxide;0.002013422818791946
63;57 Protonate 2-proynenitrile;0.002013422818791946
64;58 Ethynyl;0.002013422818791946
65;59 Ethylene Glycol;0.002013422818791946
66;61 Fluoromethyliumylidene;0.002013422818791946
67;62 Methylidyne;0.002013422818791946
68;64 Cyanomethanimine;0.002013422818791946
69;65 Silicon Monoxide;0.002013422818791946
70;66 Dimethyl ether;0.002013422818791946
71;67 Acetone;0.002013422818791946
72;68 Carbon Monoxide;0.002013422818791946
73;69 Phosphorous nitride;0.002013422818791946
74;70 Thioformaldehyde;0.002013422818791946
75;71 Diazenylium;0.002013422818791946
76;72 Cyanoformaldehyde;0.002013422818791946
77;73 Isothiocyanic acid;0.002013422818791946
78;74 Vinyl Alcohol;0.002013422818791946
79;77 Methylamine;0.002013422818791946
80;78 Protonated Carbon Dioxide;0.002013422818791946
81;79 Formic Acid;0.002013422818791946
82;80 Cyclopropenylidene;0.002013422818791946
83;81 Cyanoacetylene;0.002013422818791946
84;82 para-Oxidaniumyl;0.002013422818791946
85;84 Nitrosyl hydride;0.002013422818791946
