1;81 Cyanoacetylene;0.7256544502617801
2;4 Thioformylium;0.008376963350785341
3;59 Ethylene Glycol;0.008376963350785341
4;0 Isocyanic Acid;0.0031413612565445023
5;1 Propenal;0.0031413612565445023
6;2 Ketene;0.0031413612565445023
7;3 Oxonium hydride;0.0031413612565445023
8;5 Vinyl Cyanide;0.0031413612565445023
9;6 Methyl Formate;0.0031413612565445023
10;7 Hydroxyl;0.0031413612565445023
11;8 Methyliumylidene;0.0031413612565445023
12;9 Iminomethylium;0.0031413612565445023
13;10 Hydroxymethylium ion;0.0031413612565445023
14;11 2-Propynal;0.0031413612565445023
15;12 Carbon Monosulfide;0.0031413612565445023
16;13 Cyanomethyl;0.0031413612565445023
17;14 Methyl Acetylene;0.0031413612565445023
18;15 2-Butynenitrile;0.0031413612565445023
19;16 Methyl formate vt01;0.0031413612565445023
20;17 Ethyl Cyanide;0.0031413612565445023
21;18 gauche-Ethanol;0.0031413612565445023
22;19 Glycolaldehyde;0.0031413612565445023
23;20 Water;0.0031413612565445023
24;21 Hydrogen sulfide;0.0031413612565445023
25;22 Sulfur Monoxide ion;0.0031413612565445023
26;23 1,3-Butadiynyl radical;0.0031413612565445023
27;24 Formylium;0.0031413612565445023
28;25 Fulminic acid;0.0031413612565445023
29;26 Trihydrogen ion;0.0031413612565445023
30;27 Methanimine;0.0031413612565445023
31;28 Nitrous Oxide;0.0031413612565445023
32;29 Propadienylidene;0.0031413612565445023
33;30 Ethylene Oxide;0.0031413612565445023
34;31 Ketenimine;0.0031413612565445023
35;32 2,4,6-Heptatriynenitrile;0.0031413612565445023
36;33 Aminoacetonitrile;0.0031413612565445023
37;34 Methanol;0.0031413612565445023
38;35 Ammonia;0.0031413612565445023
39;36 Formyl Radical;0.0031413612565445023
40;37 Methyl Cyanide;0.0031413612565445023
41;38 Molecular oxygen;0.0031413612565445023
42;39 Cyclopropenone;0.0031413612565445023
43;40 Carbonyl Sulfide;0.0031413612565445023
44;41 Acetaldehyde;0.0031413612565445023
45;42 Cyanomethylene;0.0031413612565445023
46;43 3-Thioxo-1,2-Propadieylidene;0.0031413612565445023
47;44 Formamide;0.0031413612565445023
48;45 Cyanobutadiyne;0.0031413612565445023
49;46 Sulfur Dioxide;0.0031413612565445023
50;47 Methyl isocyanide;0.0031413612565445023
51;48 Nitric sulfide;0.0031413612565445023
52;49 Methylene;0.0031413612565445023
53;50 Hydrochloric acid;0.0031413612565445023
54;51 Ethyne Isocyanide;0.0031413612565445023
55;52 Cyanide Radical;0.0031413612565445023
56;53 Nitric oxide;0.0031413612565445023
57;54 Cyanic acid;0.0031413612565445023
58;55 Formaldehyde;0.0031413612565445023
59;56 Sulfur Monoxide;0.0031413612565445023
60;57 Protonate 2-proynenitrile;0.0031413612565445023
61;58 Ethynyl;0.0031413612565445023
62;60 Hydrogen Cyanide;0.0031413612565445023
63;61 Fluoromethyliumylidene;0.0031413612565445023
64;62 Methylidyne;0.0031413612565445023
65;63 Thioxoethenylidene;0.0031413612565445023
66;64 Cyanomethanimine;0.0031413612565445023
67;65 Silicon Monoxide;0.0031413612565445023
68;66 Dimethyl ether;0.0031413612565445023
69;67 Acetone;0.0031413612565445023
70;68 Carbon Monoxide;0.0031413612565445023
71;69 Phosphorous nitride;0.0031413612565445023
72;70 Thioformaldehyde;0.0031413612565445023
73;71 Diazenylium;0.0031413612565445023
74;72 Cyanoformaldehyde;0.0031413612565445023
75;73 Isothiocyanic acid;0.0031413612565445023
76;74 Vinyl Alcohol;0.0031413612565445023
77;75 Hydrogen Isocyanide;0.0031413612565445023
78;76 Carbon Monosulfide;0.0031413612565445023
79;77 Methylamine;0.0031413612565445023
80;78 Protonated Carbon Dioxide;0.0031413612565445023
81;79 Formic Acid;0.0031413612565445023
82;80 Cyclopropenylidene;0.0031413612565445023
83;82 para-Oxidaniumyl;0.0031413612565445023
84;83 ortho-Oxidaniumyl;0.0031413612565445023
85;84 Nitrosyl hydride;0.0031413612565445023
