1;24 Formylium;0.6468085106382978
2;68 Carbon Monoxide;0.019148936170212766
3;71 Diazenylium;0.019148936170212766
4;34 Methanol;0.013829787234042554
5;4 Thioformylium;0.00851063829787234
6;16 Methyl formate vt01;0.00851063829787234
7;32 2,4,6-Heptatriynenitrile;0.00851063829787234
8;59 Ethylene Glycol;0.00851063829787234
9;69 Phosphorous nitride;0.00851063829787234
10;70 Thioformaldehyde;0.00851063829787234
11;74 Vinyl Alcohol;0.00851063829787234
12;75 Hydrogen Isocyanide;0.00851063829787234
13;0 Isocyanic Acid;0.0031914893617021275
14;1 Propenal;0.0031914893617021275
15;2 Ketene;0.0031914893617021275
16;3 Oxonium hydride;0.0031914893617021275
17;5 Vinyl Cyanide;0.0031914893617021275
18;6 Methyl Formate;0.0031914893617021275
19;7 Hydroxyl;0.0031914893617021275
20;8 Methyliumylidene;0.0031914893617021275
21;9 Iminomethylium;0.0031914893617021275
22;10 Hydroxymethylium ion;0.0031914893617021275
23;11 2-Propynal;0.0031914893617021275
24;12 Carbon Monosulfide;0.0031914893617021275
25;13 Cyanomethyl;0.0031914893617021275
26;14 Methyl Acetylene;0.0031914893617021275
27;15 2-Butynenitrile;0.0031914893617021275
28;17 Ethyl Cyanide;0.0031914893617021275
29;18 gauche-Ethanol;0.0031914893617021275
30;19 Glycolaldehyde;0.0031914893617021275
31;20 Water;0.0031914893617021275
32;21 Hydrogen sulfide;0.0031914893617021275
33;22 Sulfur Monoxide ion;0.0031914893617021275
34;23 1,3-Butadiynyl radical;0.0031914893617021275
35;25 Fulminic acid;0.0031914893617021275
36;26 Trihydrogen ion;0.0031914893617021275
37;27 Methanimine;0.0031914893617021275
38;28 Nitrous Oxide;0.0031914893617021275
39;29 Propadienylidene;0.0031914893617021275
40;30 Ethylene Oxide;0.0031914893617021275
41;31 Ketenimine;0.0031914893617021275
42;33 Aminoacetonitrile;0.0031914893617021275
43;35 Ammonia;0.0031914893617021275
44;36 Formyl Radical;0.0031914893617021275
45;37 Methyl Cyanide;0.0031914893617021275
46;38 Molecular oxygen;0.0031914893617021275
47;39 Cyclopropenone;0.0031914893617021275
48;40 Carbonyl Sulfide;0.0031914893617021275
49;41 Acetaldehyde;0.0031914893617021275
50;42 Cyanomethylene;0.0031914893617021275
51;43 3-Thioxo-1,2-Propadieylidene;0.0031914893617021275
52;44 Formamide;0.0031914893617021275
53;45 Cyanobutadiyne;0.0031914893617021275
54;46 Sulfur Dioxide;0.0031914893617021275
55;47 Methyl isocyanide;0.0031914893617021275
56;48 Nitric sulfide;0.0031914893617021275
57;49 Methylene;0.0031914893617021275
58;50 Hydrochloric acid;0.0031914893617021275
59;51 Ethyne Isocyanide;0.0031914893617021275
60;52 Cyanide Radical;0.0031914893617021275
61;53 Nitric oxide;0.0031914893617021275
62;54 Cyanic acid;0.0031914893617021275
63;55 Formaldehyde;0.0031914893617021275
64;56 Sulfur Monoxide;0.0031914893617021275
65;57 Protonate 2-proynenitrile;0.0031914893617021275
66;58 Ethynyl;0.0031914893617021275
67;60 Hydrogen Cyanide;0.0031914893617021275
68;61 Fluoromethyliumylidene;0.0031914893617021275
69;62 Methylidyne;0.0031914893617021275
70;63 Thioxoethenylidene;0.0031914893617021275
71;64 Cyanomethanimine;0.0031914893617021275
72;65 Silicon Monoxide;0.0031914893617021275
73;66 Dimethyl ether;0.0031914893617021275
74;67 Acetone;0.0031914893617021275
75;72 Cyanoformaldehyde;0.0031914893617021275
76;73 Isothiocyanic acid;0.0031914893617021275
77;76 Carbon Monosulfide;0.0031914893617021275
78;77 Methylamine;0.0031914893617021275
79;78 Protonated Carbon Dioxide;0.0031914893617021275
80;79 Formic Acid;0.0031914893617021275
81;80 Cyclopropenylidene;0.0031914893617021275
82;81 Cyanoacetylene;0.0031914893617021275
83;82 para-Oxidaniumyl;0.0031914893617021275
84;83 ortho-Oxidaniumyl;0.0031914893617021275
85;84 Nitrosyl hydride;0.0031914893617021275
