1;41 Thioxoethenylidene;0.9115822130299895
2;0 Ketene;0.0015511892450879006
3;1 1,3,5-Hexatriynyl;0.0015511892450879006
4;2 Oxonium hydride;0.0015511892450879006
5;3 Vinyl Cyanide;0.0015511892450879006
6;4 Hydroxyl;0.0015511892450879006
7;5 Methyliumylidene;0.0015511892450879006
8;6 Carbon Monosulfide;0.0015511892450879006
9;7 Cyanomethyl;0.0015511892450879006
10;8 Methyl Acetylene;0.0015511892450879006
11;9 Ethyl Cyanide;0.0015511892450879006
12;10 2,4-Pentadiynylidyne;0.0015511892450879006
13;11 4-Cyano-1,3-Butadiynyl;0.0015511892450879006
14;12 Water;0.0015511892450879006
15;13 Hydrogen sulfide;0.0015511892450879006
16;14 Methylene amidogen;0.0015511892450879006
17;15 1,3-Butadiynyl radical;0.0015511892450879006
18;16 2,4,6,8-Nonatetraynenitrile;0.0015511892450879006
19;17 Formylium;0.0015511892450879006
20;18 Cyanoallene;0.0015511892450879006
21;19 Trihydrogen ion;0.0015511892450879006
22;20 Methylcyanodiacetylene;0.0015511892450879006
23;21 2,4,6-Heptatriynenitrile;0.0015511892450879006
24;22 Methanol;0.0015511892450879006
25;23 Ammonia;0.0015511892450879006
26;24 Methyl Cyanide;0.0015511892450879006
27;25 1,3,5-Hexatriynyl anion;0.0015511892450879006
28;26 1,3,5,7-Octatetraynyl anion;0.0015511892450879006
29;27 3-Thioxo-1,2-Propadieylidene;0.0015511892450879006
30;28 Cyanobutadiyne;0.0015511892450879006
31;29 Nitric sulfide;0.0015511892450879006
32;30 Sulfur dioxide;0.0015511892450879006
33;31 Hydrochloric acid;0.0015511892450879006
34;32 2,4,6,8,10-Undecapentaynenitrile;0.0015511892450879006
35;33 Cyanide Radical;0.0015511892450879006
36;34 Nitric oxide;0.0015511892450879006
37;35 Formaldehyde;0.0015511892450879006
38;36 Sulfur Monoxide;0.0015511892450879006
39;37 Methyltriacetylene;0.0015511892450879006
40;38 Hydrogen Cyanide;0.0015511892450879006
41;39 Methyl diacetylene;0.0015511892450879006
42;40 Methylidyne;0.0015511892450879006
43;42 Silicon Monoxide;0.0015511892450879006
44;43 1,3,5,7-Octatetraynyl;0.0015511892450879006
45;44 Oxoethenylidene;0.0015511892450879006
46;45 Propynylidynium;0.0015511892450879006
47;46 Carbon Monoxide;0.0015511892450879006
48;47 Thioformaldehyde;0.0015511892450879006
49;48 Hexatrienyl;0.0015511892450879006
50;49 Diazenylium;0.0015511892450879006
51;50 Hydrogen Isocyanide;0.0015511892450879006
52;51 Carbon Monosulfide;0.0015511892450879006
53;52 Methylamine;0.0015511892450879006
54;53 Formic Acid;0.0015511892450879006
55;54 Cyclopropenylidene;0.0015511892450879006
56;55 Cyanoacetylene;0.0015511892450879006
57;56 para-Oxidaniumyl;0.0015511892450879006
58;57 ortho-Oxidaniumyl;0.0015511892450879006
