1;8 Methyliumylidene;0.5352272727272728
2;61 Fluoromethyliumylidene;0.20946969696969697
3;57 Protonate 2-proynenitrile;0.08068181818181819
4;25 Fulminic acid;0.04659090909090909
5;50 Hydrochloric acid;0.008712121212121211
6;24 Formylium;0.006818181818181819
7;60 Hydrogen Cyanide;0.006818181818181819
8;76 Carbon Monosulfide;0.006818181818181819
9;6 Methyl Formate;0.004924242424242425
10;34 Methanol;0.0030303030303030303
11;37 Methyl Cyanide;0.0030303030303030303
12;66 Dimethyl ether;0.0030303030303030303
13;83 ortho-Oxidaniumyl;0.0030303030303030303
14;0 Isocyanic Acid;0.0011363636363636363
15;1 Propenal;0.0011363636363636363
16;2 Ketene;0.0011363636363636363
17;3 Oxonium hydride;0.0011363636363636363
18;4 Thioformylium;0.0011363636363636363
19;5 Vinyl Cyanide;0.0011363636363636363
20;7 Hydroxyl;0.0011363636363636363
21;9 Iminomethylium;0.0011363636363636363
22;10 Hydroxymethylium ion;0.0011363636363636363
23;11 2-Propynal;0.0011363636363636363
24;12 Carbon Monosulfide;0.0011363636363636363
25;13 Cyanomethyl;0.0011363636363636363
26;14 Methyl Acetylene;0.0011363636363636363
27;15 2-Butynenitrile;0.0011363636363636363
28;16 Methyl formate vt01;0.0011363636363636363
29;17 Ethyl Cyanide;0.0011363636363636363
30;18 gauche-Ethanol;0.0011363636363636363
31;19 Glycolaldehyde;0.0011363636363636363
32;20 Water;0.0011363636363636363
33;21 Hydrogen sulfide;0.0011363636363636363
34;22 Sulfur Monoxide ion;0.0011363636363636363
35;23 1,3-Butadiynyl radical;0.0011363636363636363
36;26 Trihydrogen ion;0.0011363636363636363
37;27 Methanimine;0.0011363636363636363
38;28 Nitrous Oxide;0.0011363636363636363
39;29 Propadienylidene;0.0011363636363636363
40;30 Ethylene Oxide;0.0011363636363636363
41;31 Ketenimine;0.0011363636363636363
42;32 2,4,6-Heptatriynenitrile;0.0011363636363636363
43;33 Aminoacetonitrile;0.0011363636363636363
44;35 Ammonia;0.0011363636363636363
45;36 Formyl Radical;0.0011363636363636363
46;38 Molecular oxygen;0.0011363636363636363
47;39 Cyclopropenone;0.0011363636363636363
48;40 Carbonyl Sulfide;0.0011363636363636363
49;41 Acetaldehyde;0.0011363636363636363
50;42 Cyanomethylene;0.0011363636363636363
51;43 3-Thioxo-1,2-Propadieylidene;0.0011363636363636363
52;44 Formamide;0.0011363636363636363
53;45 Cyanobutadiyne;0.0011363636363636363
54;46 Sulfur Dioxide;0.0011363636363636363
55;47 Methyl isocyanide;0.0011363636363636363
56;48 Nitric sulfide;0.0011363636363636363
57;49 Methylene;0.0011363636363636363
58;51 Ethyne Isocyanide;0.0011363636363636363
59;52 Cyanide Radical;0.0011363636363636363
60;53 Nitric oxide;0.0011363636363636363
61;54 Cyanic acid;0.0011363636363636363
62;55 Formaldehyde;0.0011363636363636363
63;56 Sulfur Monoxide;0.0011363636363636363
64;58 Ethynyl;0.0011363636363636363
65;59 Ethylene Glycol;0.0011363636363636363
66;62 Methylidyne;0.0011363636363636363
67;63 Thioxoethenylidene;0.0011363636363636363
68;64 Cyanomethanimine;0.0011363636363636363
69;65 Silicon Monoxide;0.0011363636363636363
70;67 Acetone;0.0011363636363636363
71;68 Carbon Monoxide;0.0011363636363636363
72;69 Phosphorous nitride;0.0011363636363636363
73;70 Thioformaldehyde;0.0011363636363636363
74;71 Diazenylium;0.0011363636363636363
75;72 Cyanoformaldehyde;0.0011363636363636363
76;73 Isothiocyanic acid;0.0011363636363636363
77;74 Vinyl Alcohol;0.0011363636363636363
78;75 Hydrogen Isocyanide;0.0011363636363636363
79;77 Methylamine;0.0011363636363636363
80;78 Protonated Carbon Dioxide;0.0011363636363636363
81;79 Formic Acid;0.0011363636363636363
82;80 Cyclopropenylidene;0.0011363636363636363
83;81 Cyanoacetylene;0.0011363636363636363
84;82 para-Oxidaniumyl;0.0011363636363636363
85;84 Nitrosyl hydride;0.0011363636363636363
