1;34 Methanol;0.5178947368421053
2;66 Dimethyl ether;0.27228070175438596
3;4 Thioformylium;0.00912280701754386
4;2 Ketene;0.005614035087719299
5;3 Oxonium hydride;0.005614035087719299
6;8 Methyliumylidene;0.005614035087719299
7;21 Hydrogen sulfide;0.005614035087719299
8;39 Cyclopropenone;0.005614035087719299
9;46 Sulfur Dioxide;0.005614035087719299
10;56 Sulfur Monoxide;0.005614035087719299
11;69 Phosphorous nitride;0.005614035087719299
12;0 Isocyanic Acid;0.002105263157894737
13;1 Propenal;0.002105263157894737
14;5 Vinyl Cyanide;0.002105263157894737
15;6 Methyl Formate;0.002105263157894737
16;7 Hydroxyl;0.002105263157894737
17;9 Iminomethylium;0.002105263157894737
18;10 Hydroxymethylium ion;0.002105263157894737
19;11 2-Propynal;0.002105263157894737
20;12 Carbon Monosulfide;0.002105263157894737
21;13 Cyanomethyl;0.002105263157894737
22;14 Methyl Acetylene;0.002105263157894737
23;15 2-Butynenitrile;0.002105263157894737
24;16 Methyl formate vt01;0.002105263157894737
25;17 Ethyl Cyanide;0.002105263157894737
26;18 gauche-Ethanol;0.002105263157894737
27;19 Glycolaldehyde;0.002105263157894737
28;20 Water;0.002105263157894737
29;22 Sulfur Monoxide ion;0.002105263157894737
30;23 1,3-Butadiynyl radical;0.002105263157894737
31;24 Formylium;0.002105263157894737
32;25 Fulminic acid;0.002105263157894737
33;26 Trihydrogen ion;0.002105263157894737
34;27 Methanimine;0.002105263157894737
35;28 Nitrous Oxide;0.002105263157894737
36;29 Propadienylidene;0.002105263157894737
37;30 Ethylene Oxide;0.002105263157894737
38;31 Ketenimine;0.002105263157894737
39;32 2,4,6-Heptatriynenitrile;0.002105263157894737
40;33 Aminoacetonitrile;0.002105263157894737
41;35 Ammonia;0.002105263157894737
42;36 Formyl Radical;0.002105263157894737
43;37 Methyl Cyanide;0.002105263157894737
44;38 Molecular oxygen;0.002105263157894737
45;40 Carbonyl Sulfide;0.002105263157894737
46;41 Acetaldehyde;0.002105263157894737
47;42 Cyanomethylene;0.002105263157894737
48;43 3-Thioxo-1,2-Propadieylidene;0.002105263157894737
49;44 Formamide;0.002105263157894737
50;45 Cyanobutadiyne;0.002105263157894737
51;47 Methyl isocyanide;0.002105263157894737
52;48 Nitric sulfide;0.002105263157894737
53;49 Methylene;0.002105263157894737
54;50 Hydrochloric acid;0.002105263157894737
55;51 Ethyne Isocyanide;0.002105263157894737
56;52 Cyanide Radical;0.002105263157894737
57;53 Nitric oxide;0.002105263157894737
58;54 Cyanic acid;0.002105263157894737
59;55 Formaldehyde;0.002105263157894737
60;57 Protonate 2-proynenitrile;0.002105263157894737
61;58 Ethynyl;0.002105263157894737
62;59 Ethylene Glycol;0.002105263157894737
63;60 Hydrogen Cyanide;0.002105263157894737
64;61 Fluoromethyliumylidene;0.002105263157894737
65;62 Methylidyne;0.002105263157894737
66;63 Thioxoethenylidene;0.002105263157894737
67;64 Cyanomethanimine;0.002105263157894737
68;65 Silicon Monoxide;0.002105263157894737
69;67 Acetone;0.002105263157894737
70;68 Carbon Monoxide;0.002105263157894737
71;70 Thioformaldehyde;0.002105263157894737
72;71 Diazenylium;0.002105263157894737
73;72 Cyanoformaldehyde;0.002105263157894737
74;73 Isothiocyanic acid;0.002105263157894737
75;74 Vinyl Alcohol;0.002105263157894737
76;75 Hydrogen Isocyanide;0.002105263157894737
77;76 Carbon Monosulfide;0.002105263157894737
78;77 Methylamine;0.002105263157894737
79;78 Protonated Carbon Dioxide;0.002105263157894737
80;79 Formic Acid;0.002105263157894737
81;80 Cyclopropenylidene;0.002105263157894737
82;81 Cyanoacetylene;0.002105263157894737
83;82 para-Oxidaniumyl;0.002105263157894737
84;83 ortho-Oxidaniumyl;0.002105263157894737
85;84 Nitrosyl hydride;0.002105263157894737
