1;8 Methyliumylidene;0.6638211382113821
2;61 Fluoromethyliumylidene;0.13739837398373983
3;25 Fulminic acid;0.025609756097560974
4;23 1,3-Butadiynyl radical;0.017479674796747967
5;37 Methyl Cyanide;0.017479674796747967
6;75 Hydrogen Isocyanide;0.017479674796747967
7;1 Propenal;0.007317073170731708
8;6 Methyl Formate;0.005284552845528455
9;66 Dimethyl ether;0.005284552845528455
10;19 Glycolaldehyde;0.0032520325203252032
11;34 Methanol;0.0032520325203252032
12;35 Ammonia;0.0032520325203252032
13;46 Sulfur Dioxide;0.0032520325203252032
14;47 Methyl isocyanide;0.0032520325203252032
15;0 Isocyanic Acid;0.0012195121951219512
16;2 Ketene;0.0012195121951219512
17;3 Oxonium hydride;0.0012195121951219512
18;4 Thioformylium;0.0012195121951219512
19;5 Vinyl Cyanide;0.0012195121951219512
20;7 Hydroxyl;0.0012195121951219512
21;9 Iminomethylium;0.0012195121951219512
22;10 Hydroxymethylium ion;0.0012195121951219512
23;11 2-Propynal;0.0012195121951219512
24;12 Carbon Monosulfide;0.0012195121951219512
25;13 Cyanomethyl;0.0012195121951219512
26;14 Methyl Acetylene;0.0012195121951219512
27;15 2-Butynenitrile;0.0012195121951219512
28;16 Methyl formate vt01;0.0012195121951219512
29;17 Ethyl Cyanide;0.0012195121951219512
30;18 gauche-Ethanol;0.0012195121951219512
31;20 Water;0.0012195121951219512
32;21 Hydrogen sulfide;0.0012195121951219512
33;22 Sulfur Monoxide ion;0.0012195121951219512
34;24 Formylium;0.0012195121951219512
35;26 Trihydrogen ion;0.0012195121951219512
36;27 Methanimine;0.0012195121951219512
37;28 Nitrous Oxide;0.0012195121951219512
38;29 Propadienylidene;0.0012195121951219512
39;30 Ethylene Oxide;0.0012195121951219512
40;31 Ketenimine;0.0012195121951219512
41;32 2,4,6-Heptatriynenitrile;0.0012195121951219512
42;33 Aminoacetonitrile;0.0012195121951219512
43;36 Formyl Radical;0.0012195121951219512
44;38 Molecular oxygen;0.0012195121951219512
45;39 Cyclopropenone;0.0012195121951219512
46;40 Carbonyl Sulfide;0.0012195121951219512
47;41 Acetaldehyde;0.0012195121951219512
48;42 Cyanomethylene;0.0012195121951219512
49;43 3-Thioxo-1,2-Propadieylidene;0.0012195121951219512
50;44 Formamide;0.0012195121951219512
51;45 Cyanobutadiyne;0.0012195121951219512
52;48 Nitric sulfide;0.0012195121951219512
53;49 Methylene;0.0012195121951219512
54;50 Hydrochloric acid;0.0012195121951219512
55;51 Ethyne Isocyanide;0.0012195121951219512
56;52 Cyanide Radical;0.0012195121951219512
57;53 Nitric oxide;0.0012195121951219512
58;54 Cyanic acid;0.0012195121951219512
59;55 Formaldehyde;0.0012195121951219512
60;56 Sulfur Monoxide;0.0012195121951219512
61;57 Protonate 2-proynenitrile;0.0012195121951219512
62;58 Ethynyl;0.0012195121951219512
63;59 Ethylene Glycol;0.0012195121951219512
64;60 Hydrogen Cyanide;0.0012195121951219512
65;62 Methylidyne;0.0012195121951219512
66;63 Thioxoethenylidene;0.0012195121951219512
67;64 Cyanomethanimine;0.0012195121951219512
68;65 Silicon Monoxide;0.0012195121951219512
69;67 Acetone;0.0012195121951219512
70;68 Carbon Monoxide;0.0012195121951219512
71;69 Phosphorous nitride;0.0012195121951219512
72;70 Thioformaldehyde;0.0012195121951219512
73;71 Diazenylium;0.0012195121951219512
74;72 Cyanoformaldehyde;0.0012195121951219512
75;73 Isothiocyanic acid;0.0012195121951219512
76;74 Vinyl Alcohol;0.0012195121951219512
77;76 Carbon Monosulfide;0.0012195121951219512
78;77 Methylamine;0.0012195121951219512
79;78 Protonated Carbon Dioxide;0.0012195121951219512
80;79 Formic Acid;0.0012195121951219512
81;80 Cyclopropenylidene;0.0012195121951219512
82;81 Cyanoacetylene;0.0012195121951219512
83;82 para-Oxidaniumyl;0.0012195121951219512
84;83 ortho-Oxidaniumyl;0.0012195121951219512
85;84 Nitrosyl hydride;0.0012195121951219512
