1;28 Cyanobutadiyne;0.2478005865102639
2;0 Ketene;0.013196480938416423
3;1 1,3,5-Hexatriynyl;0.013196480938416423
4;2 Oxonium hydride;0.013196480938416423
5;3 Vinyl Cyanide;0.013196480938416423
6;4 Hydroxyl;0.013196480938416423
7;5 Methyliumylidene;0.013196480938416423
8;6 Carbon Monosulfide;0.013196480938416423
9;7 Cyanomethyl;0.013196480938416423
10;8 Methyl Acetylene;0.013196480938416423
11;9 Ethyl Cyanide;0.013196480938416423
12;10 2,4-Pentadiynylidyne;0.013196480938416423
13;11 4-Cyano-1,3-Butadiynyl;0.013196480938416423
14;12 Water;0.013196480938416423
15;13 Hydrogen sulfide;0.013196480938416423
16;14 Methylene amidogen;0.013196480938416423
17;15 1,3-Butadiynyl radical;0.013196480938416423
18;16 2,4,6,8-Nonatetraynenitrile;0.013196480938416423
19;17 Formylium;0.013196480938416423
20;18 Cyanoallene;0.013196480938416423
21;19 Trihydrogen ion;0.013196480938416423
22;20 Methylcyanodiacetylene;0.013196480938416423
23;21 2,4,6-Heptatriynenitrile;0.013196480938416423
24;22 Methanol;0.013196480938416423
25;23 Ammonia;0.013196480938416423
26;24 Methyl Cyanide;0.013196480938416423
27;25 1,3,5-Hexatriynyl anion;0.013196480938416423
28;26 1,3,5,7-Octatetraynyl anion;0.013196480938416423
29;27 3-Thioxo-1,2-Propadieylidene;0.013196480938416423
30;29 Nitric sulfide;0.013196480938416423
31;30 Sulfur dioxide;0.013196480938416423
32;31 Hydrochloric acid;0.013196480938416423
33;32 2,4,6,8,10-Undecapentaynenitrile;0.013196480938416423
34;33 Cyanide Radical;0.013196480938416423
35;34 Nitric oxide;0.013196480938416423
36;35 Formaldehyde;0.013196480938416423
37;36 Sulfur Monoxide;0.013196480938416423
38;37 Methyltriacetylene;0.013196480938416423
39;38 Hydrogen Cyanide;0.013196480938416423
40;39 Methyl diacetylene;0.013196480938416423
41;40 Methylidyne;0.013196480938416423
42;41 Thioxoethenylidene;0.013196480938416423
43;42 Silicon Monoxide;0.013196480938416423
44;43 1,3,5,7-Octatetraynyl;0.013196480938416423
45;44 Oxoethenylidene;0.013196480938416423
46;45 Propynylidynium;0.013196480938416423
47;46 Carbon Monoxide;0.013196480938416423
48;47 Thioformaldehyde;0.013196480938416423
49;48 Hexatrienyl;0.013196480938416423
50;49 Diazenylium;0.013196480938416423
51;50 Hydrogen Isocyanide;0.013196480938416423
52;51 Carbon Monosulfide;0.013196480938416423
53;52 Methylamine;0.013196480938416423
54;53 Formic Acid;0.013196480938416423
55;54 Cyclopropenylidene;0.013196480938416423
56;55 Cyanoacetylene;0.013196480938416423
57;56 para-Oxidaniumyl;0.013196480938416423
58;57 ortho-Oxidaniumyl;0.013196480938416423
