1;6 Carbon Monosulfide;0.10117302052785924
2;18 Cyanoallene;0.0718475073313783
3;34 Nitric oxide;0.04252199413489736
4;43 1,3,5,7-Octatetraynyl;0.04252199413489736
5;20 Methylcyanodiacetylene;0.027859237536656888
6;47 Thioformaldehyde;0.027859237536656888
7;0 Ketene;0.013196480938416423
8;1 1,3,5-Hexatriynyl;0.013196480938416423
9;2 Oxonium hydride;0.013196480938416423
10;3 Vinyl Cyanide;0.013196480938416423
11;4 Hydroxyl;0.013196480938416423
12;5 Methyliumylidene;0.013196480938416423
13;7 Cyanomethyl;0.013196480938416423
14;8 Methyl Acetylene;0.013196480938416423
15;9 Ethyl Cyanide;0.013196480938416423
16;10 2,4-Pentadiynylidyne;0.013196480938416423
17;11 4-Cyano-1,3-Butadiynyl;0.013196480938416423
18;12 Water;0.013196480938416423
19;13 Hydrogen sulfide;0.013196480938416423
20;14 Methylene amidogen;0.013196480938416423
21;15 1,3-Butadiynyl radical;0.013196480938416423
22;16 2,4,6,8-Nonatetraynenitrile;0.013196480938416423
23;17 Formylium;0.013196480938416423
24;19 Trihydrogen ion;0.013196480938416423
25;21 2,4,6-Heptatriynenitrile;0.013196480938416423
26;22 Methanol;0.013196480938416423
27;23 Ammonia;0.013196480938416423
28;24 Methyl Cyanide;0.013196480938416423
29;25 1,3,5-Hexatriynyl anion;0.013196480938416423
30;26 1,3,5,7-Octatetraynyl anion;0.013196480938416423
31;27 3-Thioxo-1,2-Propadieylidene;0.013196480938416423
32;28 Cyanobutadiyne;0.013196480938416423
33;29 Nitric sulfide;0.013196480938416423
34;30 Sulfur dioxide;0.013196480938416423
35;31 Hydrochloric acid;0.013196480938416423
36;32 2,4,6,8,10-Undecapentaynenitrile;0.013196480938416423
37;33 Cyanide Radical;0.013196480938416423
38;35 Formaldehyde;0.013196480938416423
39;36 Sulfur Monoxide;0.013196480938416423
40;37 Methyltriacetylene;0.013196480938416423
41;38 Hydrogen Cyanide;0.013196480938416423
42;39 Methyl diacetylene;0.013196480938416423
43;40 Methylidyne;0.013196480938416423
44;41 Thioxoethenylidene;0.013196480938416423
45;42 Silicon Monoxide;0.013196480938416423
46;44 Oxoethenylidene;0.013196480938416423
47;45 Propynylidynium;0.013196480938416423
48;46 Carbon Monoxide;0.013196480938416423
49;48 Hexatrienyl;0.013196480938416423
50;49 Diazenylium;0.013196480938416423
51;50 Hydrogen Isocyanide;0.013196480938416423
52;51 Carbon Monosulfide;0.013196480938416423
53;52 Methylamine;0.013196480938416423
54;53 Formic Acid;0.013196480938416423
55;54 Cyclopropenylidene;0.013196480938416423
56;55 Cyanoacetylene;0.013196480938416423
57;56 para-Oxidaniumyl;0.013196480938416423
58;57 ortho-Oxidaniumyl;0.013196480938416423
