1;17 Formylium;0.5767326732673268
2;0 Ketene;0.007425742574257425
3;1 1,3,5-Hexatriynyl;0.007425742574257425
4;2 Oxonium hydride;0.007425742574257425
5;3 Vinyl Cyanide;0.007425742574257425
6;4 Hydroxyl;0.007425742574257425
7;5 Methyliumylidene;0.007425742574257425
8;6 Carbon Monosulfide;0.007425742574257425
9;7 Cyanomethyl;0.007425742574257425
10;8 Methyl Acetylene;0.007425742574257425
11;9 Ethyl Cyanide;0.007425742574257425
12;10 2,4-Pentadiynylidyne;0.007425742574257425
13;11 4-Cyano-1,3-Butadiynyl;0.007425742574257425
14;12 Water;0.007425742574257425
15;13 Hydrogen sulfide;0.007425742574257425
16;14 Methylene amidogen;0.007425742574257425
17;15 1,3-Butadiynyl radical;0.007425742574257425
18;16 2,4,6,8-Nonatetraynenitrile;0.007425742574257425
19;18 Cyanoallene;0.007425742574257425
20;19 Trihydrogen ion;0.007425742574257425
21;20 Methylcyanodiacetylene;0.007425742574257425
22;21 2,4,6-Heptatriynenitrile;0.007425742574257425
23;22 Methanol;0.007425742574257425
24;23 Ammonia;0.007425742574257425
25;24 Methyl Cyanide;0.007425742574257425
26;25 1,3,5-Hexatriynyl anion;0.007425742574257425
27;26 1,3,5,7-Octatetraynyl anion;0.007425742574257425
28;27 3-Thioxo-1,2-Propadieylidene;0.007425742574257425
29;28 Cyanobutadiyne;0.007425742574257425
30;29 Nitric sulfide;0.007425742574257425
31;30 Sulfur dioxide;0.007425742574257425
32;31 Hydrochloric acid;0.007425742574257425
33;32 2,4,6,8,10-Undecapentaynenitrile;0.007425742574257425
34;33 Cyanide Radical;0.007425742574257425
35;34 Nitric oxide;0.007425742574257425
36;35 Formaldehyde;0.007425742574257425
37;36 Sulfur Monoxide;0.007425742574257425
38;37 Methyltriacetylene;0.007425742574257425
39;38 Hydrogen Cyanide;0.007425742574257425
40;39 Methyl diacetylene;0.007425742574257425
41;40 Methylidyne;0.007425742574257425
42;41 Thioxoethenylidene;0.007425742574257425
43;42 Silicon Monoxide;0.007425742574257425
44;43 1,3,5,7-Octatetraynyl;0.007425742574257425
45;44 Oxoethenylidene;0.007425742574257425
46;45 Propynylidynium;0.007425742574257425
47;46 Carbon Monoxide;0.007425742574257425
48;47 Thioformaldehyde;0.007425742574257425
49;48 Hexatrienyl;0.007425742574257425
50;49 Diazenylium;0.007425742574257425
51;50 Hydrogen Isocyanide;0.007425742574257425
52;51 Carbon Monosulfide;0.007425742574257425
53;52 Methylamine;0.007425742574257425
54;53 Formic Acid;0.007425742574257425
55;54 Cyclopropenylidene;0.007425742574257425
56;55 Cyanoacetylene;0.007425742574257425
57;56 para-Oxidaniumyl;0.007425742574257425
58;57 ortho-Oxidaniumyl;0.007425742574257425
