1;17 Formylium;0.20093457943925233
2;0 Ketene;0.014018691588785047
3;1 1,3,5-Hexatriynyl;0.014018691588785047
4;2 Oxonium hydride;0.014018691588785047
5;3 Vinyl Cyanide;0.014018691588785047
6;4 Hydroxyl;0.014018691588785047
7;5 Methyliumylidene;0.014018691588785047
8;6 Carbon Monosulfide;0.014018691588785047
9;7 Cyanomethyl;0.014018691588785047
10;8 Methyl Acetylene;0.014018691588785047
11;9 Ethyl Cyanide;0.014018691588785047
12;10 2,4-Pentadiynylidyne;0.014018691588785047
13;11 4-Cyano-1,3-Butadiynyl;0.014018691588785047
14;12 Water;0.014018691588785047
15;13 Hydrogen sulfide;0.014018691588785047
16;14 Methylene amidogen;0.014018691588785047
17;15 1,3-Butadiynyl radical;0.014018691588785047
18;16 2,4,6,8-Nonatetraynenitrile;0.014018691588785047
19;18 Cyanoallene;0.014018691588785047
20;19 Trihydrogen ion;0.014018691588785047
21;20 Methylcyanodiacetylene;0.014018691588785047
22;21 2,4,6-Heptatriynenitrile;0.014018691588785047
23;22 Methanol;0.014018691588785047
24;23 Ammonia;0.014018691588785047
25;24 Methyl Cyanide;0.014018691588785047
26;25 1,3,5-Hexatriynyl anion;0.014018691588785047
27;26 1,3,5,7-Octatetraynyl anion;0.014018691588785047
28;27 3-Thioxo-1,2-Propadieylidene;0.014018691588785047
29;28 Cyanobutadiyne;0.014018691588785047
30;29 Nitric sulfide;0.014018691588785047
31;30 Sulfur dioxide;0.014018691588785047
32;31 Hydrochloric acid;0.014018691588785047
33;32 2,4,6,8,10-Undecapentaynenitrile;0.014018691588785047
34;33 Cyanide Radical;0.014018691588785047
35;34 Nitric oxide;0.014018691588785047
36;35 Formaldehyde;0.014018691588785047
37;36 Sulfur Monoxide;0.014018691588785047
38;37 Methyltriacetylene;0.014018691588785047
39;38 Hydrogen Cyanide;0.014018691588785047
40;39 Methyl diacetylene;0.014018691588785047
41;40 Methylidyne;0.014018691588785047
42;41 Thioxoethenylidene;0.014018691588785047
43;42 Silicon Monoxide;0.014018691588785047
44;43 1,3,5,7-Octatetraynyl;0.014018691588785047
45;44 Oxoethenylidene;0.014018691588785047
46;45 Propynylidynium;0.014018691588785047
47;46 Carbon Monoxide;0.014018691588785047
48;47 Thioformaldehyde;0.014018691588785047
49;48 Hexatrienyl;0.014018691588785047
50;49 Diazenylium;0.014018691588785047
51;50 Hydrogen Isocyanide;0.014018691588785047
52;51 Carbon Monosulfide;0.014018691588785047
53;52 Methylamine;0.014018691588785047
54;53 Formic Acid;0.014018691588785047
55;54 Cyclopropenylidene;0.014018691588785047
56;55 Cyanoacetylene;0.014018691588785047
57;56 para-Oxidaniumyl;0.014018691588785047
58;57 ortho-Oxidaniumyl;0.014018691588785047
