1;9 Methyliumylidene;0.6811460258780037
2;33 Hydrogen Isocyanide;0.0942698706099815
3;15 Thioxoethenylidene;0.011090573012939002
4;0 Methylidyne;0.006469500924214417
5;1 1,3-Butadiynyl radical;0.006469500924214417
6;2 Formaldehyde;0.006469500924214417
7;3 Sulfur dioxide;0.006469500924214417
8;4 Carbon Monoxide;0.006469500924214417
9;5 Water;0.006469500924214417
10;6 Carbon Monoxide Ion;0.006469500924214417
11;7 Nitric sulfide;0.006469500924214417
12;8 Isocyanic Acid;0.006469500924214417
13;10 Cyanide Radical;0.006469500924214417
14;11 Ethynyl;0.006469500924214417
15;12 Carbonyl Sulfide;0.006469500924214417
16;13 Hydroxyl;0.006469500924214417
17;14 Diazenylium;0.006469500924214417
18;16 Nitric oxide;0.006469500924214417
19;17 Methyl Cyanide;0.006469500924214417
20;18 Cyclopropenylidene;0.006469500924214417
21;19 Methanimine;0.006469500924214417
22;20 Methanol;0.006469500924214417
23;21 Thioformaldehyde;0.006469500924214417
24;22 Ammonia;0.006469500924214417
25;23 Cyanamide;0.006469500924214417
26;24 Cyanoacetylene;0.006469500924214417
27;25 Sodium Chloride;0.006469500924214417
28;26 Silicon Monoxide;0.006469500924214417
29;27 Sulfur Monoxide;0.006469500924214417
30;28 Protonated Carbon Dioxide;0.006469500924214417
31;29 Hydrogen Cyanide;0.006469500924214417
32;30 Carbon Monosulfide;0.006469500924214417
33;31 Hydrogen sulfide;0.006469500924214417
34;32 Molecular oxygen;0.006469500924214417
35;34 Formylium;0.006469500924214417
36;35 Methyl Acetylene;0.006469500924214417
