TWHydra_HCOplusline.image;model_extragalactic_tr_500it;1;11 Ethynyl;0.31880108991825606
TWHydra_HCOplusline.image;model_extragalactic_tr_500it;2;34 Formylium;0.0326975476839237
TWHydra_HCOplusline.image;model_extragalactic_tr_500it;3;0 Methylidyne;0.019073569482288825
TWHydra_HCOplusline.image;model_extragalactic_tr_500it;4;1 1,3-Butadiynyl radical;0.019073569482288825
TWHydra_HCOplusline.image;model_extragalactic_tr_500it;5;2 Formaldehyde;0.019073569482288825
TWHydra_HCOplusline.image;model_extragalactic_2_500it;1;26 Silicon Monoxide;0.332425068119891
TWHydra_HCOplusline.image;model_extragalactic_2_500it;2;0 Methylidyne;0.019073569482288825
TWHydra_HCOplusline.image;model_extragalactic_2_500it;3;1 1,3-Butadiynyl radical;0.019073569482288825
TWHydra_HCOplusline.image;model_extragalactic_2_500it;4;2 Formaldehyde;0.019073569482288825
TWHydra_HCOplusline.image;model_extragalactic_2_500it;5;3 Sulfur dioxide;0.019073569482288825
TWHydra_HCOplusline.image;model_extragalactic_full_500it;1;11 Ethynyl;0.332425068119891
TWHydra_HCOplusline.image;model_extragalactic_full_500it;2;0 Methylidyne;0.019073569482288825
TWHydra_HCOplusline.image;model_extragalactic_full_500it;3;1 1,3-Butadiynyl radical;0.019073569482288825
TWHydra_HCOplusline.image;model_extragalactic_full_500it;4;2 Formaldehyde;0.019073569482288825
TWHydra_HCOplusline.image;model_extragalactic_full_500it;5;3 Sulfur dioxide;0.019073569482288825
TWHydra_HCOplusline.image;model_extragalactic_full_expanded_00002_500it;1;34 Formylium;0.332425068119891
TWHydra_HCOplusline.image;model_extragalactic_full_expanded_00002_500it;2;0 Methylidyne;0.019073569482288825
TWHydra_HCOplusline.image;model_extragalactic_full_expanded_00002_500it;3;1 1,3-Butadiynyl radical;0.019073569482288825
TWHydra_HCOplusline.image;model_extragalactic_full_expanded_00002_500it;4;2 Formaldehyde;0.019073569482288825
TWHydra_HCOplusline.image;model_extragalactic_full_expanded_00002_500it;5;3 Sulfur dioxide;0.019073569482288825
TWHydra_HCOplusline.image;model_extragalactic_full_expanded_00010_500it;1;34 Formylium;0.332425068119891
TWHydra_HCOplusline.image;model_extragalactic_full_expanded_00010_500it;2;0 Methylidyne;0.019073569482288825
TWHydra_HCOplusline.image;model_extragalactic_full_expanded_00010_500it;3;1 1,3-Butadiynyl radical;0.019073569482288825
TWHydra_HCOplusline.image;model_extragalactic_full_expanded_00010_500it;4;2 Formaldehyde;0.019073569482288825
TWHydra_HCOplusline.image;model_extragalactic_full_expanded_00010_500it;5;3 Sulfur dioxide;0.019073569482288825
DMTau.CS_5-4.image;model_extragalactic_tr_500it;1;9 Methyliumylidene;0.8711882229232387
DMTau.CS_5-4.image;model_extragalactic_tr_500it;2;0 Methylidyne;0.003680336487907466
DMTau.CS_5-4.image;model_extragalactic_tr_500it;3;1 1,3-Butadiynyl radical;0.003680336487907466
DMTau.CS_5-4.image;model_extragalactic_tr_500it;4;2 Formaldehyde;0.003680336487907466
DMTau.CS_5-4.image;model_extragalactic_tr_500it;5;3 Sulfur dioxide;0.003680336487907466
DMTau.CS_5-4.image;model_extragalactic_2_500it;1;26 Silicon Monoxide;0.8711882229232387
DMTau.CS_5-4.image;model_extragalactic_2_500it;2;0 Methylidyne;0.003680336487907466
DMTau.CS_5-4.image;model_extragalactic_2_500it;3;1 1,3-Butadiynyl radical;0.003680336487907466
DMTau.CS_5-4.image;model_extragalactic_2_500it;4;2 Formaldehyde;0.003680336487907466
DMTau.CS_5-4.image;model_extragalactic_2_500it;5;3 Sulfur dioxide;0.003680336487907466
DMTau.CS_5-4.image;model_extragalactic_full_500it;1;9 Methyliumylidene;0.8711882229232387
DMTau.CS_5-4.image;model_extragalactic_full_500it;2;0 Methylidyne;0.003680336487907466
DMTau.CS_5-4.image;model_extragalactic_full_500it;3;1 1,3-Butadiynyl radical;0.003680336487907466
DMTau.CS_5-4.image;model_extragalactic_full_500it;4;2 Formaldehyde;0.003680336487907466
DMTau.CS_5-4.image;model_extragalactic_full_500it;5;3 Sulfur dioxide;0.003680336487907466
DMTau.CS_5-4.image;model_extragalactic_full_expanded_00002_500it;1;29 Hydrogen Cyanide;0.868559411146162
DMTau.CS_5-4.image;model_extragalactic_full_expanded_00002_500it;2;23 Cyanamide;0.006309148264984227
DMTau.CS_5-4.image;model_extragalactic_full_expanded_00002_500it;3;0 Methylidyne;0.003680336487907466
DMTau.CS_5-4.image;model_extragalactic_full_expanded_00002_500it;4;1 1,3-Butadiynyl radical;0.003680336487907466
DMTau.CS_5-4.image;model_extragalactic_full_expanded_00002_500it;5;2 Formaldehyde;0.003680336487907466
DMTau.CS_5-4.image;model_extragalactic_full_expanded_00010_500it;1;30 Carbon Monosulfide;0.8711882229232387
DMTau.CS_5-4.image;model_extragalactic_full_expanded_00010_500it;2;0 Methylidyne;0.003680336487907466
DMTau.CS_5-4.image;model_extragalactic_full_expanded_00010_500it;3;1 1,3-Butadiynyl radical;0.003680336487907466
DMTau.CS_5-4.image;model_extragalactic_full_expanded_00010_500it;4;2 Formaldehyde;0.003680336487907466
DMTau.CS_5-4.image;model_extragalactic_full_expanded_00010_500it;5;3 Sulfur dioxide;0.003680336487907466
Orion.HNC.cbc.contsub.image;model_extragalactic_tr_500it;1;26 Silicon Monoxide;0.7735674676524954
Orion.HNC.cbc.contsub.image;model_extragalactic_tr_500it;2;0 Methylidyne;0.006469500924214417
Orion.HNC.cbc.contsub.image;model_extragalactic_tr_500it;3;1 1,3-Butadiynyl radical;0.006469500924214417
Orion.HNC.cbc.contsub.image;model_extragalactic_tr_500it;4;2 Formaldehyde;0.006469500924214417
Orion.HNC.cbc.contsub.image;model_extragalactic_tr_500it;5;3 Sulfur dioxide;0.006469500924214417
Orion.HNC.cbc.contsub.image;model_extragalactic_2_500it;1;9 Methyliumylidene;0.7735674676524954
Orion.HNC.cbc.contsub.image;model_extragalactic_2_500it;2;0 Methylidyne;0.006469500924214417
Orion.HNC.cbc.contsub.image;model_extragalactic_2_500it;3;1 1,3-Butadiynyl radical;0.006469500924214417
Orion.HNC.cbc.contsub.image;model_extragalactic_2_500it;4;2 Formaldehyde;0.006469500924214417
Orion.HNC.cbc.contsub.image;model_extragalactic_2_500it;5;3 Sulfur dioxide;0.006469500924214417
Orion.HNC.cbc.contsub.image;model_extragalactic_full_500it;1;9 Methyliumylidene;0.6811460258780037
Orion.HNC.cbc.contsub.image;model_extragalactic_full_500it;2;33 Hydrogen Isocyanide;0.0942698706099815
Orion.HNC.cbc.contsub.image;model_extragalactic_full_500it;3;15 Thioxoethenylidene;0.011090573012939002
Orion.HNC.cbc.contsub.image;model_extragalactic_full_500it;4;0 Methylidyne;0.006469500924214417
Orion.HNC.cbc.contsub.image;model_extragalactic_full_500it;5;1 1,3-Butadiynyl radical;0.006469500924214417
Orion.HNC.cbc.contsub.image;model_extragalactic_full_expanded_00002_500it;1;26 Silicon Monoxide;0.7735674676524954
Orion.HNC.cbc.contsub.image;model_extragalactic_full_expanded_00002_500it;2;0 Methylidyne;0.006469500924214417
Orion.HNC.cbc.contsub.image;model_extragalactic_full_expanded_00002_500it;3;1 1,3-Butadiynyl radical;0.006469500924214417
Orion.HNC.cbc.contsub.image;model_extragalactic_full_expanded_00002_500it;4;2 Formaldehyde;0.006469500924214417
Orion.HNC.cbc.contsub.image;model_extragalactic_full_expanded_00002_500it;5;3 Sulfur dioxide;0.006469500924214417
Orion.HNC.cbc.contsub.image;model_extragalactic_full_expanded_00010_500it;1;11 Ethynyl;0.7735674676524954
Orion.HNC.cbc.contsub.image;model_extragalactic_full_expanded_00010_500it;2;0 Methylidyne;0.006469500924214417
Orion.HNC.cbc.contsub.image;model_extragalactic_full_expanded_00010_500it;3;1 1,3-Butadiynyl radical;0.006469500924214417
Orion.HNC.cbc.contsub.image;model_extragalactic_full_expanded_00010_500it;4;2 Formaldehyde;0.006469500924214417
Orion.HNC.cbc.contsub.image;model_extragalactic_full_expanded_00010_500it;5;3 Sulfur dioxide;0.006469500924214417
TWHydra_CO3_2line.image;model_extragalactic_tr_500it;1;9 Methyliumylidene;0.3368700265251989
TWHydra_CO3_2line.image;model_extragalactic_tr_500it;2;27 Sulfur Monoxide;0.031830238726790444
TWHydra_CO3_2line.image;model_extragalactic_tr_500it;3;0 Methylidyne;0.018567639257294426
TWHydra_CO3_2line.image;model_extragalactic_tr_500it;4;1 1,3-Butadiynyl radical;0.018567639257294426
TWHydra_CO3_2line.image;model_extragalactic_tr_500it;5;2 Formaldehyde;0.018567639257294426
TWHydra_CO3_2line.image;model_extragalactic_2_500it;1;12 Carbonyl Sulfide;0.3501326259946949
TWHydra_CO3_2line.image;model_extragalactic_2_500it;2;0 Methylidyne;0.018567639257294426
TWHydra_CO3_2line.image;model_extragalactic_2_500it;3;1 1,3-Butadiynyl radical;0.018567639257294426
TWHydra_CO3_2line.image;model_extragalactic_2_500it;4;2 Formaldehyde;0.018567639257294426
TWHydra_CO3_2line.image;model_extragalactic_2_500it;5;3 Sulfur dioxide;0.018567639257294426
TWHydra_CO3_2line.image;model_extragalactic_full_500it;1;9 Methyliumylidene;0.3501326259946949
TWHydra_CO3_2line.image;model_extragalactic_full_500it;2;0 Methylidyne;0.018567639257294426
TWHydra_CO3_2line.image;model_extragalactic_full_500it;3;1 1,3-Butadiynyl radical;0.018567639257294426
TWHydra_CO3_2line.image;model_extragalactic_full_500it;4;2 Formaldehyde;0.018567639257294426
TWHydra_CO3_2line.image;model_extragalactic_full_500it;5;3 Sulfur dioxide;0.018567639257294426
TWHydra_CO3_2line.image;model_extragalactic_full_expanded_00002_500it;1;4 Carbon Monoxide;0.3501326259946949
TWHydra_CO3_2line.image;model_extragalactic_full_expanded_00002_500it;2;0 Methylidyne;0.018567639257294426
TWHydra_CO3_2line.image;model_extragalactic_full_expanded_00002_500it;3;1 1,3-Butadiynyl radical;0.018567639257294426
TWHydra_CO3_2line.image;model_extragalactic_full_expanded_00002_500it;4;2 Formaldehyde;0.018567639257294426
TWHydra_CO3_2line.image;model_extragalactic_full_expanded_00002_500it;5;3 Sulfur dioxide;0.018567639257294426
TWHydra_CO3_2line.image;model_extragalactic_full_expanded_00010_500it;1;4 Carbon Monoxide;0.3501326259946949
TWHydra_CO3_2line.image;model_extragalactic_full_expanded_00010_500it;2;0 Methylidyne;0.018567639257294426
TWHydra_CO3_2line.image;model_extragalactic_full_expanded_00010_500it;3;1 1,3-Butadiynyl radical;0.018567639257294426
TWHydra_CO3_2line.image;model_extragalactic_full_expanded_00010_500it;4;2 Formaldehyde;0.018567639257294426
TWHydra_CO3_2line.image;model_extragalactic_full_expanded_00010_500it;5;3 Sulfur dioxide;0.018567639257294426
Orion.methanol.cbc.contsub.image;model_extragalactic_tr_500it;1;26 Silicon Monoxide;0.5896147403685092
Orion.methanol.cbc.contsub.image;model_extragalactic_tr_500it;2;0 Methylidyne;0.011725293132328308
Orion.methanol.cbc.contsub.image;model_extragalactic_tr_500it;3;1 1,3-Butadiynyl radical;0.011725293132328308
Orion.methanol.cbc.contsub.image;model_extragalactic_tr_500it;4;2 Formaldehyde;0.011725293132328308
Orion.methanol.cbc.contsub.image;model_extragalactic_tr_500it;5;3 Sulfur dioxide;0.011725293132328308
Orion.methanol.cbc.contsub.image;model_extragalactic_2_500it;1;26 Silicon Monoxide;0.5896147403685092
Orion.methanol.cbc.contsub.image;model_extragalactic_2_500it;2;0 Methylidyne;0.011725293132328308
Orion.methanol.cbc.contsub.image;model_extragalactic_2_500it;3;1 1,3-Butadiynyl radical;0.011725293132328308
Orion.methanol.cbc.contsub.image;model_extragalactic_2_500it;4;2 Formaldehyde;0.011725293132328308
Orion.methanol.cbc.contsub.image;model_extragalactic_2_500it;5;3 Sulfur dioxide;0.011725293132328308
Orion.methanol.cbc.contsub.image;model_extragalactic_full_500it;1;11 Ethynyl;0.5896147403685092
Orion.methanol.cbc.contsub.image;model_extragalactic_full_500it;2;0 Methylidyne;0.011725293132328308
Orion.methanol.cbc.contsub.image;model_extragalactic_full_500it;3;1 1,3-Butadiynyl radical;0.011725293132328308
Orion.methanol.cbc.contsub.image;model_extragalactic_full_500it;4;2 Formaldehyde;0.011725293132328308
Orion.methanol.cbc.contsub.image;model_extragalactic_full_500it;5;3 Sulfur dioxide;0.011725293132328308
Orion.methanol.cbc.contsub.image;model_extragalactic_full_expanded_00002_500it;1;11 Ethynyl;0.5896147403685092
Orion.methanol.cbc.contsub.image;model_extragalactic_full_expanded_00002_500it;2;0 Methylidyne;0.011725293132328308
Orion.methanol.cbc.contsub.image;model_extragalactic_full_expanded_00002_500it;3;1 1,3-Butadiynyl radical;0.011725293132328308
Orion.methanol.cbc.contsub.image;model_extragalactic_full_expanded_00002_500it;4;2 Formaldehyde;0.011725293132328308
Orion.methanol.cbc.contsub.image;model_extragalactic_full_expanded_00002_500it;5;3 Sulfur dioxide;0.011725293132328308
Orion.methanol.cbc.contsub.image;model_extragalactic_full_expanded_00010_500it;1;24 Cyanoacetylene;0.5896147403685092
Orion.methanol.cbc.contsub.image;model_extragalactic_full_expanded_00010_500it;2;0 Methylidyne;0.011725293132328308
Orion.methanol.cbc.contsub.image;model_extragalactic_full_expanded_00010_500it;3;1 1,3-Butadiynyl radical;0.011725293132328308
Orion.methanol.cbc.contsub.image;model_extragalactic_full_expanded_00010_500it;4;2 Formaldehyde;0.011725293132328308
Orion.methanol.cbc.contsub.image;model_extragalactic_full_expanded_00010_500it;5;3 Sulfur dioxide;0.011725293132328308
uid___A002_Xa916fc_X668__IRS43_HCO32.final.image.pbcor;model_extragalactic_tr_500it;1;9 Methyliumylidene;0.8167539267015708
uid___A002_Xa916fc_X668__IRS43_HCO32.final.image.pbcor;model_extragalactic_tr_500it;2;0 Methylidyne;0.005235602094240838
uid___A002_Xa916fc_X668__IRS43_HCO32.final.image.pbcor;model_extragalactic_tr_500it;3;1 1,3-Butadiynyl radical;0.005235602094240838
uid___A002_Xa916fc_X668__IRS43_HCO32.final.image.pbcor;model_extragalactic_tr_500it;4;2 Formaldehyde;0.005235602094240838
uid___A002_Xa916fc_X668__IRS43_HCO32.final.image.pbcor;model_extragalactic_tr_500it;5;3 Sulfur dioxide;0.005235602094240838
uid___A002_Xa916fc_X668__IRS43_HCO32.final.image.pbcor;model_extragalactic_2_500it;1;9 Methyliumylidene;0.805534779356769
uid___A002_Xa916fc_X668__IRS43_HCO32.final.image.pbcor;model_extragalactic_2_500it;2;12 Carbonyl Sulfide;0.016454749439042637
uid___A002_Xa916fc_X668__IRS43_HCO32.final.image.pbcor;model_extragalactic_2_500it;3;0 Methylidyne;0.005235602094240838
uid___A002_Xa916fc_X668__IRS43_HCO32.final.image.pbcor;model_extragalactic_2_500it;4;1 1,3-Butadiynyl radical;0.005235602094240838
uid___A002_Xa916fc_X668__IRS43_HCO32.final.image.pbcor;model_extragalactic_2_500it;5;2 Formaldehyde;0.005235602094240838
uid___A002_Xa916fc_X668__IRS43_HCO32.final.image.pbcor;model_extragalactic_full_500it;1;9 Methyliumylidene;0.8167539267015708
uid___A002_Xa916fc_X668__IRS43_HCO32.final.image.pbcor;model_extragalactic_full_500it;2;0 Methylidyne;0.005235602094240838
uid___A002_Xa916fc_X668__IRS43_HCO32.final.image.pbcor;model_extragalactic_full_500it;3;1 1,3-Butadiynyl radical;0.005235602094240838
uid___A002_Xa916fc_X668__IRS43_HCO32.final.image.pbcor;model_extragalactic_full_500it;4;2 Formaldehyde;0.005235602094240838
uid___A002_Xa916fc_X668__IRS43_HCO32.final.image.pbcor;model_extragalactic_full_500it;5;3 Sulfur dioxide;0.005235602094240838
uid___A002_Xa916fc_X668__IRS43_HCO32.final.image.pbcor;model_extragalactic_full_expanded_00002_500it;1;14 Diazenylium;0.8167539267015708
uid___A002_Xa916fc_X668__IRS43_HCO32.final.image.pbcor;model_extragalactic_full_expanded_00002_500it;2;0 Methylidyne;0.005235602094240838
uid___A002_Xa916fc_X668__IRS43_HCO32.final.image.pbcor;model_extragalactic_full_expanded_00002_500it;3;1 1,3-Butadiynyl radical;0.005235602094240838
uid___A002_Xa916fc_X668__IRS43_HCO32.final.image.pbcor;model_extragalactic_full_expanded_00002_500it;4;2 Formaldehyde;0.005235602094240838
uid___A002_Xa916fc_X668__IRS43_HCO32.final.image.pbcor;model_extragalactic_full_expanded_00002_500it;5;3 Sulfur dioxide;0.005235602094240838
uid___A002_Xa916fc_X668__IRS43_HCO32.final.image.pbcor;model_extragalactic_full_expanded_00010_500it;1;10 Cyanide Radical;0.8167539267015708
uid___A002_Xa916fc_X668__IRS43_HCO32.final.image.pbcor;model_extragalactic_full_expanded_00010_500it;2;0 Methylidyne;0.005235602094240838
uid___A002_Xa916fc_X668__IRS43_HCO32.final.image.pbcor;model_extragalactic_full_expanded_00010_500it;3;1 1,3-Butadiynyl radical;0.005235602094240838
uid___A002_Xa916fc_X668__IRS43_HCO32.final.image.pbcor;model_extragalactic_full_expanded_00010_500it;4;2 Formaldehyde;0.005235602094240838
uid___A002_Xa916fc_X668__IRS43_HCO32.final.image.pbcor;model_extragalactic_full_expanded_00010_500it;5;3 Sulfur dioxide;0.005235602094240838
HD163296_CO_2_1.image;model_extragalactic_tr_500it;1;12 Carbonyl Sulfide;0.46969696969696967
HD163296_CO_2_1.image;model_extragalactic_tr_500it;2;0 Methylidyne;0.01515151515151515
HD163296_CO_2_1.image;model_extragalactic_tr_500it;3;1 1,3-Butadiynyl radical;0.01515151515151515
HD163296_CO_2_1.image;model_extragalactic_tr_500it;4;2 Formaldehyde;0.01515151515151515
HD163296_CO_2_1.image;model_extragalactic_tr_500it;5;3 Sulfur dioxide;0.01515151515151515
HD163296_CO_2_1.image;model_extragalactic_2_500it;1;9 Methyliumylidene;0.46969696969696967
HD163296_CO_2_1.image;model_extragalactic_2_500it;2;0 Methylidyne;0.01515151515151515
HD163296_CO_2_1.image;model_extragalactic_2_500it;3;1 1,3-Butadiynyl radical;0.01515151515151515
HD163296_CO_2_1.image;model_extragalactic_2_500it;4;2 Formaldehyde;0.01515151515151515
HD163296_CO_2_1.image;model_extragalactic_2_500it;5;3 Sulfur dioxide;0.01515151515151515
HD163296_CO_2_1.image;model_extragalactic_full_500it;1;9 Methyliumylidene;0.46969696969696967
HD163296_CO_2_1.image;model_extragalactic_full_500it;2;0 Methylidyne;0.01515151515151515
HD163296_CO_2_1.image;model_extragalactic_full_500it;3;1 1,3-Butadiynyl radical;0.01515151515151515
HD163296_CO_2_1.image;model_extragalactic_full_500it;4;2 Formaldehyde;0.01515151515151515
HD163296_CO_2_1.image;model_extragalactic_full_500it;5;3 Sulfur dioxide;0.01515151515151515
HD163296_CO_2_1.image;model_extragalactic_full_expanded_00002_500it;1;24 Cyanoacetylene;0.4588744588744588
HD163296_CO_2_1.image;model_extragalactic_full_expanded_00002_500it;2;30 Carbon Monosulfide;0.025974025974025972
HD163296_CO_2_1.image;model_extragalactic_full_expanded_00002_500it;3;0 Methylidyne;0.01515151515151515
HD163296_CO_2_1.image;model_extragalactic_full_expanded_00002_500it;4;1 1,3-Butadiynyl radical;0.01515151515151515
HD163296_CO_2_1.image;model_extragalactic_full_expanded_00002_500it;5;2 Formaldehyde;0.01515151515151515
HD163296_CO_2_1.image;model_extragalactic_full_expanded_00010_500it;1;12 Carbonyl Sulfide;0.46969696969696967
HD163296_CO_2_1.image;model_extragalactic_full_expanded_00010_500it;2;0 Methylidyne;0.01515151515151515
HD163296_CO_2_1.image;model_extragalactic_full_expanded_00010_500it;3;1 1,3-Butadiynyl radical;0.01515151515151515
HD163296_CO_2_1.image;model_extragalactic_full_expanded_00010_500it;4;2 Formaldehyde;0.01515151515151515
HD163296_CO_2_1.image;model_extragalactic_full_expanded_00010_500it;5;3 Sulfur dioxide;0.01515151515151515
