1;22 Chloronium;0.8830352827452875
2;94 Glycolaldehyde;0.0033832769453842433
3;105 Hydroxymethylidyne;0.0033832769453842433
4;0 Dimethyl ether;0.0009666505558240696
5;1 Butatrienylidene;0.0009666505558240696
6;2 Trihydrogen ion;0.0009666505558240696
7;3 Nitrous Oxide;0.0009666505558240696
8;4 Methyl Acetylene;0.0009666505558240696
9;5 Ethylene Glycol;0.0009666505558240696
10;6 Methyl Cyanide;0.0009666505558240696
11;7 Thioformylium;0.0009666505558240696
12;8 para-Oxidaniumyl;0.0009666505558240696
13;9 Hydrogen Cyanide;0.0009666505558240696
14;10 Titanium monoxide;0.0009666505558240696
15;11 Cyanide Radical;0.0009666505558240696
16;12 Formic Acid;0.0009666505558240696
17;13 Nitric sulfide;0.0009666505558240696
18;14 Iminomethylium;0.0009666505558240696
19;15 Aluminum monoxide;0.0009666505558240696
20;16 Methyl isocyanate;0.0009666505558240696
21;17 Nitrosyl hydride;0.0009666505558240696
22;18 Propynylidynium;0.0009666505558240696
23;19 Magnesium Cyanide;0.0009666505558240696
24;20 Diazenylium;0.0009666505558240696
25;21 Methylamine;0.0009666505558240696
26;23 Silicon monosulfide;0.0009666505558240696
27;24 Phosphorus Monoxide;0.0009666505558240696
28;25 Cyclopropenone;0.0009666505558240696
29;26 Carbon Monoxide Ion;0.0009666505558240696
30;27 Sodium Cyanide;0.0009666505558240696
31;28 Nitric oxide;0.0009666505558240696
32;29 Silicon Cyanide;0.0009666505558240696
33;30 Ethyne Isocyanide;0.0009666505558240696
34;31 Sodium Chloride;0.0009666505558240696
35;32 Cyanoacetylene;0.0009666505558240696
36;33 Sulfur Monoxide;0.0009666505558240696
37;34 Aluminum Isocyanitrile;0.0009666505558240696
38;35 Cyanobutadiyne;0.0009666505558240696
39;36 Silicon Mononitride;0.0009666505558240696
40;37 Carbon Monoxide;0.0009666505558240696
41;38 Propadienylidene;0.0009666505558240696
42;39 Methanimine;0.0009666505558240696
43;40 Aluminum Monofluoride;0.0009666505558240696
44;41 Formamide;0.0009666505558240696
45;42 Aminoacetonitrile;0.0009666505558240696
46;43 Ammonia;0.0009666505558240696
47;44 gauche-Ethanol;0.0009666505558240696
48;45 Protonate 2-proynenitrile;0.0009666505558240696
49;46 Carbonyl Sulfide;0.0009666505558240696
50;47 Thioxoethenylidene;0.0009666505558240696
51;48 Ethyl cyanide;0.0009666505558240696
52;49 Water;0.0009666505558240696
53;50 Methyl Formate;0.0009666505558240696
54;51 Acetaldehyde;0.0009666505558240696
55;52 Ketenimine;0.0009666505558240696
56;53 Propenal;0.0009666505558240696
57;54 Methyl isocyanide;0.0009666505558240696
58;55 iso-propyl cyanide;0.0009666505558240696
59;56 Hydrogen cyanide;0.0009666505558240696
60;57 Protonated Carbon Dioxide;0.0009666505558240696
61;58 Methylidyne;0.0009666505558240696
62;59 Ketene;0.0009666505558240696
63;60 Silicon Monoxide;0.0009666505558240696
64;61 Acetone;0.0009666505558240696
65;62 Vinyl Cyanide;0.0009666505558240696
66;63 Silicon monoxide (global fit);0.0009666505558240696
67;64 Cyclopropenylidene;0.0009666505558240696
68;65 Magnesium Isocyanide;0.0009666505558240696
69;66 Cyanobutadiynylide anion;0.0009666505558240696
70;67 Formaldehyde;0.0009666505558240696
71;68 Carbon Monosulfide;0.0009666505558240696
72;69 Fulminic acid;0.0009666505558240696
73;70 trans-Ethanol;0.0009666505558240696
74;71 Silicon Carbide;0.0009666505558240696
75;72 Formylium;0.0009666505558240696
76;73 Ethylene Oxide;0.0009666505558240696
77;74 Sulfur dioxide;0.0009666505558240696
78;75 Carbon Monophosphide;0.0009666505558240696
79;76 Sulfur Monoxide ion;0.0009666505558240696
80;77 Methanol;0.0009666505558240696
81;78 Sulfur Dioxide;0.0009666505558240696
82;79 Cyanoformaldehyde;0.0009666505558240696
83;80 Isocyanic Acid;0.0009666505558240696
84;81 Silicon Isocyanide;0.0009666505558240696
85;82 Methylene amidogen;0.0009666505558240696
86;83 Silicon Monocarbide;0.0009666505558240696
87;84 Phosphaethyne;0.0009666505558240696
88;85 Aluminum Monochloride;0.0009666505558240696
89;86 Cyanoallene;0.0009666505558240696
90;87 Methyl diacetylene;0.0009666505558240696
91;88 Cyanomethylene;0.0009666505558240696
92;89 Phosphapropynylidyne;0.0009666505558240696
93;90 Cyanomethyl;0.0009666505558240696
94;91 Hydrogen Isocyanide;0.0009666505558240696
95;92 Hydrogen sulfide;0.0009666505558240696
96;93 Hydroxyl;0.0009666505558240696
97;95 Cyanide anion;0.0009666505558240696
98;96 2-Propynal;0.0009666505558240696
99;97 Ethynyl;0.0009666505558240696
100;98 Phosphorous nitride;0.0009666505558240696
101;99 Magnesium hydride isocyanide;0.0009666505558240696
102;100 Potassium chloride;0.0009666505558240696
103;101 Silicon tetracarbide;0.0009666505558240696
104;102 Ethyl Cyanide;0.0009666505558240696
105;103 Cyanamide;0.0009666505558240696
106;104 Amidogen;0.0009666505558240696
107;106 Formyl Radical;0.0009666505558240696
108;107 Vinyl Alcohol;0.0009666505558240696
109;108 ortho-Oxidaniumyl;0.0009666505558240696
110;109 Cyanoethynylide ion;0.0009666505558240696
111;110 Oxoethenylidene;0.0009666505558240696
112;111 2-Butynenitrile;0.0009666505558240696
113;112 Cyanoethynyl;0.0009666505558240696
114;113 Hydroxymethylium ion;0.0009666505558240696
115;114 Thioformaldehyde;0.0009666505558240696
116;115 Isothiocyanic acid;0.0009666505558240696
117;116 Cyanic acid;0.0009666505558240696
