1;52 Ketenimine;0.7476538060479666
2;26 Carbon Monoxide Ion;0.0072992700729927
3;91 Hydrogen Isocyanide;0.0072992700729927
4;0 Dimethyl ether;0.0020855057351407717
5;1 Butatrienylidene;0.0020855057351407717
6;2 Trihydrogen ion;0.0020855057351407717
7;3 Nitrous Oxide;0.0020855057351407717
8;4 Methyl Acetylene;0.0020855057351407717
9;5 Ethylene Glycol;0.0020855057351407717
10;6 Methyl Cyanide;0.0020855057351407717
11;7 Thioformylium;0.0020855057351407717
12;8 para-Oxidaniumyl;0.0020855057351407717
13;9 Hydrogen Cyanide;0.0020855057351407717
14;10 Titanium monoxide;0.0020855057351407717
15;11 Cyanide Radical;0.0020855057351407717
16;12 Formic Acid;0.0020855057351407717
17;13 Nitric sulfide;0.0020855057351407717
18;14 Iminomethylium;0.0020855057351407717
19;15 Aluminum monoxide;0.0020855057351407717
20;16 Methyl isocyanate;0.0020855057351407717
21;17 Nitrosyl hydride;0.0020855057351407717
22;18 Propynylidynium;0.0020855057351407717
23;19 Magnesium Cyanide;0.0020855057351407717
24;20 Diazenylium;0.0020855057351407717
25;21 Methylamine;0.0020855057351407717
26;22 Chloronium;0.0020855057351407717
27;23 Silicon monosulfide;0.0020855057351407717
28;24 Phosphorus Monoxide;0.0020855057351407717
29;25 Cyclopropenone;0.0020855057351407717
30;27 Sodium Cyanide;0.0020855057351407717
31;28 Nitric oxide;0.0020855057351407717
32;29 Silicon Cyanide;0.0020855057351407717
33;30 Ethyne Isocyanide;0.0020855057351407717
34;31 Sodium Chloride;0.0020855057351407717
35;32 Cyanoacetylene;0.0020855057351407717
36;33 Sulfur Monoxide;0.0020855057351407717
37;34 Aluminum Isocyanitrile;0.0020855057351407717
38;35 Cyanobutadiyne;0.0020855057351407717
39;36 Silicon Mononitride;0.0020855057351407717
40;37 Carbon Monoxide;0.0020855057351407717
41;38 Propadienylidene;0.0020855057351407717
42;39 Methanimine;0.0020855057351407717
43;40 Aluminum Monofluoride;0.0020855057351407717
44;41 Formamide;0.0020855057351407717
45;42 Aminoacetonitrile;0.0020855057351407717
46;43 Ammonia;0.0020855057351407717
47;44 gauche-Ethanol;0.0020855057351407717
48;45 Protonate 2-proynenitrile;0.0020855057351407717
49;46 Carbonyl Sulfide;0.0020855057351407717
50;47 Thioxoethenylidene;0.0020855057351407717
51;48 Ethyl cyanide;0.0020855057351407717
52;49 Water;0.0020855057351407717
53;50 Methyl Formate;0.0020855057351407717
54;51 Acetaldehyde;0.0020855057351407717
55;53 Propenal;0.0020855057351407717
56;54 Methyl isocyanide;0.0020855057351407717
57;55 iso-propyl cyanide;0.0020855057351407717
58;56 Hydrogen cyanide;0.0020855057351407717
59;57 Protonated Carbon Dioxide;0.0020855057351407717
60;58 Methylidyne;0.0020855057351407717
61;59 Ketene;0.0020855057351407717
62;60 Silicon Monoxide;0.0020855057351407717
63;61 Acetone;0.0020855057351407717
64;62 Vinyl Cyanide;0.0020855057351407717
65;63 Silicon monoxide (global fit);0.0020855057351407717
66;64 Cyclopropenylidene;0.0020855057351407717
67;65 Magnesium Isocyanide;0.0020855057351407717
68;66 Cyanobutadiynylide anion;0.0020855057351407717
69;67 Formaldehyde;0.0020855057351407717
70;68 Carbon Monosulfide;0.0020855057351407717
71;69 Fulminic acid;0.0020855057351407717
72;70 trans-Ethanol;0.0020855057351407717
73;71 Silicon Carbide;0.0020855057351407717
74;72 Formylium;0.0020855057351407717
75;73 Ethylene Oxide;0.0020855057351407717
76;74 Sulfur dioxide;0.0020855057351407717
77;75 Carbon Monophosphide;0.0020855057351407717
78;76 Sulfur Monoxide ion;0.0020855057351407717
79;77 Methanol;0.0020855057351407717
80;78 Sulfur Dioxide;0.0020855057351407717
81;79 Cyanoformaldehyde;0.0020855057351407717
82;80 Isocyanic Acid;0.0020855057351407717
83;81 Silicon Isocyanide;0.0020855057351407717
84;82 Methylene amidogen;0.0020855057351407717
85;83 Silicon Monocarbide;0.0020855057351407717
86;84 Phosphaethyne;0.0020855057351407717
87;85 Aluminum Monochloride;0.0020855057351407717
88;86 Cyanoallene;0.0020855057351407717
89;87 Methyl diacetylene;0.0020855057351407717
90;88 Cyanomethylene;0.0020855057351407717
91;89 Phosphapropynylidyne;0.0020855057351407717
92;90 Cyanomethyl;0.0020855057351407717
93;92 Hydrogen sulfide;0.0020855057351407717
94;93 Hydroxyl;0.0020855057351407717
95;94 Glycolaldehyde;0.0020855057351407717
96;95 Cyanide anion;0.0020855057351407717
97;96 2-Propynal;0.0020855057351407717
98;97 Ethynyl;0.0020855057351407717
99;98 Phosphorous nitride;0.0020855057351407717
100;99 Magnesium hydride isocyanide;0.0020855057351407717
101;100 Potassium chloride;0.0020855057351407717
102;101 Silicon tetracarbide;0.0020855057351407717
103;102 Ethyl Cyanide;0.0020855057351407717
104;103 Cyanamide;0.0020855057351407717
105;104 Amidogen;0.0020855057351407717
106;105 Hydroxymethylidyne;0.0020855057351407717
107;106 Formyl Radical;0.0020855057351407717
108;107 Vinyl Alcohol;0.0020855057351407717
109;108 ortho-Oxidaniumyl;0.0020855057351407717
110;109 Cyanoethynylide ion;0.0020855057351407717
111;110 Oxoethenylidene;0.0020855057351407717
112;111 2-Butynenitrile;0.0020855057351407717
113;112 Cyanoethynyl;0.0020855057351407717
114;113 Hydroxymethylium ion;0.0020855057351407717
115;114 Thioformaldehyde;0.0020855057351407717
116;115 Isothiocyanic acid;0.0020855057351407717
117;116 Cyanic acid;0.0020855057351407717
