1;81 Silicon Isocyanide;0.7566735112936345
2;114 Thioformaldehyde;0.007186858316221765
3;0 Dimethyl ether;0.002053388090349076
4;1 Butatrienylidene;0.002053388090349076
5;2 Trihydrogen ion;0.002053388090349076
6;3 Nitrous Oxide;0.002053388090349076
7;4 Methyl Acetylene;0.002053388090349076
8;5 Ethylene Glycol;0.002053388090349076
9;6 Methyl Cyanide;0.002053388090349076
10;7 Thioformylium;0.002053388090349076
11;8 para-Oxidaniumyl;0.002053388090349076
12;9 Hydrogen Cyanide;0.002053388090349076
13;10 Titanium monoxide;0.002053388090349076
14;11 Cyanide Radical;0.002053388090349076
15;12 Formic Acid;0.002053388090349076
16;13 Nitric sulfide;0.002053388090349076
17;14 Iminomethylium;0.002053388090349076
18;15 Aluminum monoxide;0.002053388090349076
19;16 Methyl isocyanate;0.002053388090349076
20;17 Nitrosyl hydride;0.002053388090349076
21;18 Propynylidynium;0.002053388090349076
22;19 Magnesium Cyanide;0.002053388090349076
23;20 Diazenylium;0.002053388090349076
24;21 Methylamine;0.002053388090349076
25;22 Chloronium;0.002053388090349076
26;23 Silicon monosulfide;0.002053388090349076
27;24 Phosphorus Monoxide;0.002053388090349076
28;25 Cyclopropenone;0.002053388090349076
29;26 Carbon Monoxide Ion;0.002053388090349076
30;27 Sodium Cyanide;0.002053388090349076
31;28 Nitric oxide;0.002053388090349076
32;29 Silicon Cyanide;0.002053388090349076
33;30 Ethyne Isocyanide;0.002053388090349076
34;31 Sodium Chloride;0.002053388090349076
35;32 Cyanoacetylene;0.002053388090349076
36;33 Sulfur Monoxide;0.002053388090349076
37;34 Aluminum Isocyanitrile;0.002053388090349076
38;35 Cyanobutadiyne;0.002053388090349076
39;36 Silicon Mononitride;0.002053388090349076
40;37 Carbon Monoxide;0.002053388090349076
41;38 Propadienylidene;0.002053388090349076
42;39 Methanimine;0.002053388090349076
43;40 Aluminum Monofluoride;0.002053388090349076
44;41 Formamide;0.002053388090349076
45;42 Aminoacetonitrile;0.002053388090349076
46;43 Ammonia;0.002053388090349076
47;44 gauche-Ethanol;0.002053388090349076
48;45 Protonate 2-proynenitrile;0.002053388090349076
49;46 Carbonyl Sulfide;0.002053388090349076
50;47 Thioxoethenylidene;0.002053388090349076
51;48 Ethyl cyanide;0.002053388090349076
52;49 Water;0.002053388090349076
53;50 Methyl Formate;0.002053388090349076
54;51 Acetaldehyde;0.002053388090349076
55;52 Ketenimine;0.002053388090349076
56;53 Propenal;0.002053388090349076
57;54 Methyl isocyanide;0.002053388090349076
58;55 iso-propyl cyanide;0.002053388090349076
59;56 Hydrogen cyanide;0.002053388090349076
60;57 Protonated Carbon Dioxide;0.002053388090349076
61;58 Methylidyne;0.002053388090349076
62;59 Ketene;0.002053388090349076
63;60 Silicon Monoxide;0.002053388090349076
64;61 Acetone;0.002053388090349076
65;62 Vinyl Cyanide;0.002053388090349076
66;63 Silicon monoxide (global fit);0.002053388090349076
67;64 Cyclopropenylidene;0.002053388090349076
68;65 Magnesium Isocyanide;0.002053388090349076
69;66 Cyanobutadiynylide anion;0.002053388090349076
70;67 Formaldehyde;0.002053388090349076
71;68 Carbon Monosulfide;0.002053388090349076
72;69 Fulminic acid;0.002053388090349076
73;70 trans-Ethanol;0.002053388090349076
74;71 Silicon Carbide;0.002053388090349076
75;72 Formylium;0.002053388090349076
76;73 Ethylene Oxide;0.002053388090349076
77;74 Sulfur dioxide;0.002053388090349076
78;75 Carbon Monophosphide;0.002053388090349076
79;76 Sulfur Monoxide ion;0.002053388090349076
80;77 Methanol;0.002053388090349076
81;78 Sulfur Dioxide;0.002053388090349076
82;79 Cyanoformaldehyde;0.002053388090349076
83;80 Isocyanic Acid;0.002053388090349076
84;82 Methylene amidogen;0.002053388090349076
85;83 Silicon Monocarbide;0.002053388090349076
86;84 Phosphaethyne;0.002053388090349076
87;85 Aluminum Monochloride;0.002053388090349076
88;86 Cyanoallene;0.002053388090349076
89;87 Methyl diacetylene;0.002053388090349076
90;88 Cyanomethylene;0.002053388090349076
91;89 Phosphapropynylidyne;0.002053388090349076
92;90 Cyanomethyl;0.002053388090349076
93;91 Hydrogen Isocyanide;0.002053388090349076
94;92 Hydrogen sulfide;0.002053388090349076
95;93 Hydroxyl;0.002053388090349076
96;94 Glycolaldehyde;0.002053388090349076
97;95 Cyanide anion;0.002053388090349076
98;96 2-Propynal;0.002053388090349076
99;97 Ethynyl;0.002053388090349076
100;98 Phosphorous nitride;0.002053388090349076
101;99 Magnesium hydride isocyanide;0.002053388090349076
102;100 Potassium chloride;0.002053388090349076
103;101 Silicon tetracarbide;0.002053388090349076
104;102 Ethyl Cyanide;0.002053388090349076
105;103 Cyanamide;0.002053388090349076
106;104 Amidogen;0.002053388090349076
107;105 Hydroxymethylidyne;0.002053388090349076
108;106 Formyl Radical;0.002053388090349076
109;107 Vinyl Alcohol;0.002053388090349076
110;108 ortho-Oxidaniumyl;0.002053388090349076
111;109 Cyanoethynylide ion;0.002053388090349076
112;110 Oxoethenylidene;0.002053388090349076
113;111 2-Butynenitrile;0.002053388090349076
114;112 Cyanoethynyl;0.002053388090349076
115;113 Hydroxymethylium ion;0.002053388090349076
116;115 Isothiocyanic acid;0.002053388090349076
117;116 Cyanic acid;0.002053388090349076
