1;6 Chloronium;0.8239795918367347
2;0 Methylidyne;0.007653061224489797
3;1 Butyronitrile;0.007653061224489797
4;2 Formaldehyde;0.007653061224489797
5;3 Sulfur dioxide;0.007653061224489797
6;4 Carbon Monoxide;0.007653061224489797
7;5 Water;0.007653061224489797
8;7 Imidogen;0.007653061224489797
9;8 Thioformylium;0.007653061224489797
10;9 Mercapto radical;0.007653061224489797
11;10 Methyl formate vt01;0.007653061224489797
12;11 Methyliumylidene;0.007653061224489797
13;12 Cyanide Radical;0.007653061224489797
14;13 Hydroxyl;0.007653061224489797
15;14 Nitric oxide;0.007653061224489797
16;15 Cyclopropenylidene;0.007653061224489797
17;16 Silicon Monoxide;0.007653061224489797
18;17 Hydrogen Cyanide;0.007653061224489797
19;18 Carbon Monosulfide;0.007653061224489797
20;19 Hydrogen sulfide;0.007653061224489797
21;20 Molecular oxygen;0.007653061224489797
22;21 Hydrogen Isocyanide;0.007653061224489797
23;22 Formylium;0.007653061224489797
24;23 Sulfoniumylidene;0.007653061224489797
