1;8 Thioformylium;0.6689560439560439
2;11 Methyliumylidene;0.11950549450549451
3;0 Methylidyne;0.009615384615384616
4;1 Butyronitrile;0.009615384615384616
5;2 Formaldehyde;0.009615384615384616
6;3 Sulfur dioxide;0.009615384615384616
7;4 Carbon Monoxide;0.009615384615384616
8;5 Water;0.009615384615384616
9;6 Chloronium;0.009615384615384616
10;7 Imidogen;0.009615384615384616
11;9 Mercapto radical;0.009615384615384616
12;10 Methyl formate vt01;0.009615384615384616
13;12 Cyanide Radical;0.009615384615384616
14;13 Hydroxyl;0.009615384615384616
15;14 Nitric oxide;0.009615384615384616
16;15 Cyclopropenylidene;0.009615384615384616
17;16 Silicon Monoxide;0.009615384615384616
18;17 Hydrogen Cyanide;0.009615384615384616
19;18 Carbon Monosulfide;0.009615384615384616
20;19 Hydrogen sulfide;0.009615384615384616
21;20 Molecular oxygen;0.009615384615384616
22;21 Hydrogen Isocyanide;0.009615384615384616
23;22 Formylium;0.009615384615384616
24;23 Sulfoniumylidene;0.009615384615384616
