TWHydra_CO3_2line.image;model_diffuse_clouds_tr_500it;1;16 Silicon Monoxide;0.3916876574307305
TWHydra_CO3_2line.image;model_diffuse_clouds_tr_500it;2;0 Methylidyne;0.02644836272040302
TWHydra_CO3_2line.image;model_diffuse_clouds_tr_500it;3;1 Butyronitrile;0.02644836272040302
TWHydra_CO3_2line.image;model_diffuse_clouds_tr_500it;4;2 Formaldehyde;0.02644836272040302
TWHydra_CO3_2line.image;model_diffuse_clouds_tr_500it;5;3 Sulfur dioxide;0.02644836272040302
TWHydra_CO3_2line.image;model_diffuse_clouds_2_500it;1;11 Methyliumylidene;0.3916876574307305
TWHydra_CO3_2line.image;model_diffuse_clouds_2_500it;2;0 Methylidyne;0.02644836272040302
TWHydra_CO3_2line.image;model_diffuse_clouds_2_500it;3;1 Butyronitrile;0.02644836272040302
TWHydra_CO3_2line.image;model_diffuse_clouds_2_500it;4;2 Formaldehyde;0.02644836272040302
TWHydra_CO3_2line.image;model_diffuse_clouds_2_500it;5;3 Sulfur dioxide;0.02644836272040302
TWHydra_CO3_2line.image;model_diffuse_clouds_full_500it;1;11 Methyliumylidene;0.3916876574307305
TWHydra_CO3_2line.image;model_diffuse_clouds_full_500it;2;0 Methylidyne;0.02644836272040302
TWHydra_CO3_2line.image;model_diffuse_clouds_full_500it;3;1 Butyronitrile;0.02644836272040302
TWHydra_CO3_2line.image;model_diffuse_clouds_full_500it;4;2 Formaldehyde;0.02644836272040302
TWHydra_CO3_2line.image;model_diffuse_clouds_full_500it;5;3 Sulfur dioxide;0.02644836272040302
TWHydra_CO3_2line.image;model_diffuse_clouds_full_expanded_00002_500it;1;4 Carbon Monoxide;0.3916876574307305
TWHydra_CO3_2line.image;model_diffuse_clouds_full_expanded_00002_500it;2;0 Methylidyne;0.02644836272040302
TWHydra_CO3_2line.image;model_diffuse_clouds_full_expanded_00002_500it;3;1 Butyronitrile;0.02644836272040302
TWHydra_CO3_2line.image;model_diffuse_clouds_full_expanded_00002_500it;4;2 Formaldehyde;0.02644836272040302
TWHydra_CO3_2line.image;model_diffuse_clouds_full_expanded_00002_500it;5;3 Sulfur dioxide;0.02644836272040302
TWHydra_CO3_2line.image;model_diffuse_clouds_full_expanded_00010_500it;1;4 Carbon Monoxide;0.3916876574307305
TWHydra_CO3_2line.image;model_diffuse_clouds_full_expanded_00010_500it;2;0 Methylidyne;0.02644836272040302
TWHydra_CO3_2line.image;model_diffuse_clouds_full_expanded_00010_500it;3;1 Butyronitrile;0.02644836272040302
TWHydra_CO3_2line.image;model_diffuse_clouds_full_expanded_00010_500it;4;2 Formaldehyde;0.02644836272040302
TWHydra_CO3_2line.image;model_diffuse_clouds_full_expanded_00010_500it;5;3 Sulfur dioxide;0.02644836272040302
TWHydra_HCOplusline.image;model_diffuse_clouds_tr_500it;1;22 Formylium;0.36780104712041883
TWHydra_HCOplusline.image;model_diffuse_clouds_tr_500it;2;0 Methylidyne;0.027486910994764396
TWHydra_HCOplusline.image;model_diffuse_clouds_tr_500it;3;1 Butyronitrile;0.027486910994764396
TWHydra_HCOplusline.image;model_diffuse_clouds_tr_500it;4;2 Formaldehyde;0.027486910994764396
TWHydra_HCOplusline.image;model_diffuse_clouds_tr_500it;5;3 Sulfur dioxide;0.027486910994764396
TWHydra_HCOplusline.image;model_diffuse_clouds_2_500it;1;22 Formylium;0.36780104712041883
TWHydra_HCOplusline.image;model_diffuse_clouds_2_500it;2;0 Methylidyne;0.027486910994764396
TWHydra_HCOplusline.image;model_diffuse_clouds_2_500it;3;1 Butyronitrile;0.027486910994764396
TWHydra_HCOplusline.image;model_diffuse_clouds_2_500it;4;2 Formaldehyde;0.027486910994764396
TWHydra_HCOplusline.image;model_diffuse_clouds_2_500it;5;3 Sulfur dioxide;0.027486910994764396
TWHydra_HCOplusline.image;model_diffuse_clouds_full_500it;1;11 Methyliumylidene;0.36780104712041883
TWHydra_HCOplusline.image;model_diffuse_clouds_full_500it;2;0 Methylidyne;0.027486910994764396
TWHydra_HCOplusline.image;model_diffuse_clouds_full_500it;3;1 Butyronitrile;0.027486910994764396
TWHydra_HCOplusline.image;model_diffuse_clouds_full_500it;4;2 Formaldehyde;0.027486910994764396
TWHydra_HCOplusline.image;model_diffuse_clouds_full_500it;5;3 Sulfur dioxide;0.027486910994764396
TWHydra_HCOplusline.image;model_diffuse_clouds_full_expanded_00002_500it;1;22 Formylium;0.35471204188481675
TWHydra_HCOplusline.image;model_diffuse_clouds_full_expanded_00002_500it;2;21 Hydrogen Isocyanide;0.04057591623036649
TWHydra_HCOplusline.image;model_diffuse_clouds_full_expanded_00002_500it;3;0 Methylidyne;0.027486910994764396
TWHydra_HCOplusline.image;model_diffuse_clouds_full_expanded_00002_500it;4;1 Butyronitrile;0.027486910994764396
TWHydra_HCOplusline.image;model_diffuse_clouds_full_expanded_00002_500it;5;2 Formaldehyde;0.027486910994764396
TWHydra_HCOplusline.image;model_diffuse_clouds_full_expanded_00010_500it;1;22 Formylium;0.3416230366492147
TWHydra_HCOplusline.image;model_diffuse_clouds_full_expanded_00010_500it;2;0 Methylidyne;0.04057591623036649
TWHydra_HCOplusline.image;model_diffuse_clouds_full_expanded_00010_500it;3;6 Chloronium;0.04057591623036649
TWHydra_HCOplusline.image;model_diffuse_clouds_full_expanded_00010_500it;4;1 Butyronitrile;0.027486910994764396
TWHydra_HCOplusline.image;model_diffuse_clouds_full_expanded_00010_500it;5;2 Formaldehyde;0.027486910994764396
DMTau.CS_5-4.image;model_diffuse_clouds_tr_500it;1;11 Methyliumylidene;0.8239795918367347
DMTau.CS_5-4.image;model_diffuse_clouds_tr_500it;2;0 Methylidyne;0.007653061224489797
DMTau.CS_5-4.image;model_diffuse_clouds_tr_500it;3;1 Butyronitrile;0.007653061224489797
DMTau.CS_5-4.image;model_diffuse_clouds_tr_500it;4;2 Formaldehyde;0.007653061224489797
DMTau.CS_5-4.image;model_diffuse_clouds_tr_500it;5;3 Sulfur dioxide;0.007653061224489797
DMTau.CS_5-4.image;model_diffuse_clouds_2_500it;1;11 Methyliumylidene;0.8239795918367347
DMTau.CS_5-4.image;model_diffuse_clouds_2_500it;2;0 Methylidyne;0.007653061224489797
DMTau.CS_5-4.image;model_diffuse_clouds_2_500it;3;1 Butyronitrile;0.007653061224489797
DMTau.CS_5-4.image;model_diffuse_clouds_2_500it;4;2 Formaldehyde;0.007653061224489797
DMTau.CS_5-4.image;model_diffuse_clouds_2_500it;5;3 Sulfur dioxide;0.007653061224489797
DMTau.CS_5-4.image;model_diffuse_clouds_full_500it;1;11 Methyliumylidene;0.8239795918367347
DMTau.CS_5-4.image;model_diffuse_clouds_full_500it;2;0 Methylidyne;0.007653061224489797
DMTau.CS_5-4.image;model_diffuse_clouds_full_500it;3;1 Butyronitrile;0.007653061224489797
DMTau.CS_5-4.image;model_diffuse_clouds_full_500it;4;2 Formaldehyde;0.007653061224489797
DMTau.CS_5-4.image;model_diffuse_clouds_full_500it;5;3 Sulfur dioxide;0.007653061224489797
DMTau.CS_5-4.image;model_diffuse_clouds_full_expanded_00002_500it;1;6 Chloronium;0.8239795918367347
DMTau.CS_5-4.image;model_diffuse_clouds_full_expanded_00002_500it;2;0 Methylidyne;0.007653061224489797
DMTau.CS_5-4.image;model_diffuse_clouds_full_expanded_00002_500it;3;1 Butyronitrile;0.007653061224489797
DMTau.CS_5-4.image;model_diffuse_clouds_full_expanded_00002_500it;4;2 Formaldehyde;0.007653061224489797
DMTau.CS_5-4.image;model_diffuse_clouds_full_expanded_00002_500it;5;3 Sulfur dioxide;0.007653061224489797
DMTau.CS_5-4.image;model_diffuse_clouds_full_expanded_00010_500it;1;18 Carbon Monosulfide;0.8239795918367347
DMTau.CS_5-4.image;model_diffuse_clouds_full_expanded_00010_500it;2;0 Methylidyne;0.007653061224489797
DMTau.CS_5-4.image;model_diffuse_clouds_full_expanded_00010_500it;3;1 Butyronitrile;0.007653061224489797
DMTau.CS_5-4.image;model_diffuse_clouds_full_expanded_00010_500it;4;2 Formaldehyde;0.007653061224489797
DMTau.CS_5-4.image;model_diffuse_clouds_full_expanded_00010_500it;5;3 Sulfur dioxide;0.007653061224489797
uid___A002_Xa916fc_X668__IRS43_HCO32.final.image.pbcor;model_diffuse_clouds_tr_500it;1;11 Methyliumylidene;0.847345132743363
uid___A002_Xa916fc_X668__IRS43_HCO32.final.image.pbcor;model_diffuse_clouds_tr_500it;2;0 Methylidyne;0.006637168141592921
uid___A002_Xa916fc_X668__IRS43_HCO32.final.image.pbcor;model_diffuse_clouds_tr_500it;3;1 Butyronitrile;0.006637168141592921
uid___A002_Xa916fc_X668__IRS43_HCO32.final.image.pbcor;model_diffuse_clouds_tr_500it;4;2 Formaldehyde;0.006637168141592921
uid___A002_Xa916fc_X668__IRS43_HCO32.final.image.pbcor;model_diffuse_clouds_tr_500it;5;3 Sulfur dioxide;0.006637168141592921
uid___A002_Xa916fc_X668__IRS43_HCO32.final.image.pbcor;model_diffuse_clouds_2_500it;1;11 Methyliumylidene;0.847345132743363
uid___A002_Xa916fc_X668__IRS43_HCO32.final.image.pbcor;model_diffuse_clouds_2_500it;2;0 Methylidyne;0.006637168141592921
uid___A002_Xa916fc_X668__IRS43_HCO32.final.image.pbcor;model_diffuse_clouds_2_500it;3;1 Butyronitrile;0.006637168141592921
uid___A002_Xa916fc_X668__IRS43_HCO32.final.image.pbcor;model_diffuse_clouds_2_500it;4;2 Formaldehyde;0.006637168141592921
uid___A002_Xa916fc_X668__IRS43_HCO32.final.image.pbcor;model_diffuse_clouds_2_500it;5;3 Sulfur dioxide;0.006637168141592921
uid___A002_Xa916fc_X668__IRS43_HCO32.final.image.pbcor;model_diffuse_clouds_full_500it;1;11 Methyliumylidene;0.847345132743363
uid___A002_Xa916fc_X668__IRS43_HCO32.final.image.pbcor;model_diffuse_clouds_full_500it;2;0 Methylidyne;0.006637168141592921
uid___A002_Xa916fc_X668__IRS43_HCO32.final.image.pbcor;model_diffuse_clouds_full_500it;3;1 Butyronitrile;0.006637168141592921
uid___A002_Xa916fc_X668__IRS43_HCO32.final.image.pbcor;model_diffuse_clouds_full_500it;4;2 Formaldehyde;0.006637168141592921
uid___A002_Xa916fc_X668__IRS43_HCO32.final.image.pbcor;model_diffuse_clouds_full_500it;5;3 Sulfur dioxide;0.006637168141592921
uid___A002_Xa916fc_X668__IRS43_HCO32.final.image.pbcor;model_diffuse_clouds_full_expanded_00002_500it;1;19 Hydrogen sulfide;0.847345132743363
uid___A002_Xa916fc_X668__IRS43_HCO32.final.image.pbcor;model_diffuse_clouds_full_expanded_00002_500it;2;0 Methylidyne;0.006637168141592921
uid___A002_Xa916fc_X668__IRS43_HCO32.final.image.pbcor;model_diffuse_clouds_full_expanded_00002_500it;3;1 Butyronitrile;0.006637168141592921
uid___A002_Xa916fc_X668__IRS43_HCO32.final.image.pbcor;model_diffuse_clouds_full_expanded_00002_500it;4;2 Formaldehyde;0.006637168141592921
uid___A002_Xa916fc_X668__IRS43_HCO32.final.image.pbcor;model_diffuse_clouds_full_expanded_00002_500it;5;3 Sulfur dioxide;0.006637168141592921
uid___A002_Xa916fc_X668__IRS43_HCO32.final.image.pbcor;model_diffuse_clouds_full_expanded_00010_500it;1;16 Silicon Monoxide;0.847345132743363
uid___A002_Xa916fc_X668__IRS43_HCO32.final.image.pbcor;model_diffuse_clouds_full_expanded_00010_500it;2;0 Methylidyne;0.006637168141592921
uid___A002_Xa916fc_X668__IRS43_HCO32.final.image.pbcor;model_diffuse_clouds_full_expanded_00010_500it;3;1 Butyronitrile;0.006637168141592921
uid___A002_Xa916fc_X668__IRS43_HCO32.final.image.pbcor;model_diffuse_clouds_full_expanded_00010_500it;4;2 Formaldehyde;0.006637168141592921
uid___A002_Xa916fc_X668__IRS43_HCO32.final.image.pbcor;model_diffuse_clouds_full_expanded_00010_500it;5;3 Sulfur dioxide;0.006637168141592921
Orion.HNC.cbc.contsub.image;model_diffuse_clouds_tr_500it;1;11 Methyliumylidene;0.7788461538461539
Orion.HNC.cbc.contsub.image;model_diffuse_clouds_tr_500it;2;0 Methylidyne;0.009615384615384616
Orion.HNC.cbc.contsub.image;model_diffuse_clouds_tr_500it;3;1 Butyronitrile;0.009615384615384616
Orion.HNC.cbc.contsub.image;model_diffuse_clouds_tr_500it;4;2 Formaldehyde;0.009615384615384616
Orion.HNC.cbc.contsub.image;model_diffuse_clouds_tr_500it;5;3 Sulfur dioxide;0.009615384615384616
Orion.HNC.cbc.contsub.image;model_diffuse_clouds_2_500it;1;11 Methyliumylidene;0.7055860805860805
Orion.HNC.cbc.contsub.image;model_diffuse_clouds_2_500it;2;16 Silicon Monoxide;0.08287545787545789
Orion.HNC.cbc.contsub.image;model_diffuse_clouds_2_500it;3;0 Methylidyne;0.009615384615384616
Orion.HNC.cbc.contsub.image;model_diffuse_clouds_2_500it;4;1 Butyronitrile;0.009615384615384616
Orion.HNC.cbc.contsub.image;model_diffuse_clouds_2_500it;5;2 Formaldehyde;0.009615384615384616
Orion.HNC.cbc.contsub.image;model_diffuse_clouds_full_500it;1;8 Thioformylium;0.6689560439560439
Orion.HNC.cbc.contsub.image;model_diffuse_clouds_full_500it;2;11 Methyliumylidene;0.11950549450549451
Orion.HNC.cbc.contsub.image;model_diffuse_clouds_full_500it;3;0 Methylidyne;0.009615384615384616
Orion.HNC.cbc.contsub.image;model_diffuse_clouds_full_500it;4;1 Butyronitrile;0.009615384615384616
Orion.HNC.cbc.contsub.image;model_diffuse_clouds_full_500it;5;2 Formaldehyde;0.009615384615384616
Orion.HNC.cbc.contsub.image;model_diffuse_clouds_full_expanded_00002_500it;1;22 Formylium;0.7788461538461539
Orion.HNC.cbc.contsub.image;model_diffuse_clouds_full_expanded_00002_500it;2;0 Methylidyne;0.009615384615384616
Orion.HNC.cbc.contsub.image;model_diffuse_clouds_full_expanded_00002_500it;3;1 Butyronitrile;0.009615384615384616
Orion.HNC.cbc.contsub.image;model_diffuse_clouds_full_expanded_00002_500it;4;2 Formaldehyde;0.009615384615384616
Orion.HNC.cbc.contsub.image;model_diffuse_clouds_full_expanded_00002_500it;5;3 Sulfur dioxide;0.009615384615384616
Orion.HNC.cbc.contsub.image;model_diffuse_clouds_full_expanded_00010_500it;1;8 Thioformylium;0.7788461538461539
Orion.HNC.cbc.contsub.image;model_diffuse_clouds_full_expanded_00010_500it;2;0 Methylidyne;0.009615384615384616
Orion.HNC.cbc.contsub.image;model_diffuse_clouds_full_expanded_00010_500it;3;1 Butyronitrile;0.009615384615384616
Orion.HNC.cbc.contsub.image;model_diffuse_clouds_full_expanded_00010_500it;4;2 Formaldehyde;0.009615384615384616
Orion.HNC.cbc.contsub.image;model_diffuse_clouds_full_expanded_00010_500it;5;3 Sulfur dioxide;0.009615384615384616
HD163296_CO_2_1.image;model_diffuse_clouds_tr_500it;1;22 Formylium;0.566427289048474
HD163296_CO_2_1.image;model_diffuse_clouds_tr_500it;2;0 Methylidyne;0.018850987432675045
HD163296_CO_2_1.image;model_diffuse_clouds_tr_500it;3;1 Butyronitrile;0.018850987432675045
HD163296_CO_2_1.image;model_diffuse_clouds_tr_500it;4;2 Formaldehyde;0.018850987432675045
HD163296_CO_2_1.image;model_diffuse_clouds_tr_500it;5;3 Sulfur dioxide;0.018850987432675045
HD163296_CO_2_1.image;model_diffuse_clouds_2_500it;1;11 Methyliumylidene;0.566427289048474
HD163296_CO_2_1.image;model_diffuse_clouds_2_500it;2;0 Methylidyne;0.018850987432675045
HD163296_CO_2_1.image;model_diffuse_clouds_2_500it;3;1 Butyronitrile;0.018850987432675045
HD163296_CO_2_1.image;model_diffuse_clouds_2_500it;4;2 Formaldehyde;0.018850987432675045
HD163296_CO_2_1.image;model_diffuse_clouds_2_500it;5;3 Sulfur dioxide;0.018850987432675045
HD163296_CO_2_1.image;model_diffuse_clouds_full_500it;1;17 Hydrogen Cyanide;0.5035906642728905
HD163296_CO_2_1.image;model_diffuse_clouds_full_500it;2;21 Hydrogen Isocyanide;0.08168761220825851
HD163296_CO_2_1.image;model_diffuse_clouds_full_500it;3;0 Methylidyne;0.018850987432675045
HD163296_CO_2_1.image;model_diffuse_clouds_full_500it;4;1 Butyronitrile;0.018850987432675045
HD163296_CO_2_1.image;model_diffuse_clouds_full_500it;5;2 Formaldehyde;0.018850987432675045
HD163296_CO_2_1.image;model_diffuse_clouds_full_expanded_00002_500it;1;11 Methyliumylidene;0.566427289048474
HD163296_CO_2_1.image;model_diffuse_clouds_full_expanded_00002_500it;2;0 Methylidyne;0.018850987432675045
HD163296_CO_2_1.image;model_diffuse_clouds_full_expanded_00002_500it;3;1 Butyronitrile;0.018850987432675045
HD163296_CO_2_1.image;model_diffuse_clouds_full_expanded_00002_500it;4;2 Formaldehyde;0.018850987432675045
HD163296_CO_2_1.image;model_diffuse_clouds_full_expanded_00002_500it;5;3 Sulfur dioxide;0.018850987432675045
HD163296_CO_2_1.image;model_diffuse_clouds_full_expanded_00010_500it;1;8 Thioformylium;0.5574506283662477
HD163296_CO_2_1.image;model_diffuse_clouds_full_expanded_00010_500it;2;6 Chloronium;0.027827648114901255
HD163296_CO_2_1.image;model_diffuse_clouds_full_expanded_00010_500it;3;0 Methylidyne;0.018850987432675045
HD163296_CO_2_1.image;model_diffuse_clouds_full_expanded_00010_500it;4;1 Butyronitrile;0.018850987432675045
HD163296_CO_2_1.image;model_diffuse_clouds_full_expanded_00010_500it;5;2 Formaldehyde;0.018850987432675045
