1;4 Carbon Monoxide;0.1798107255520505
2;6 Carbon Monoxide Ion;0.03785488958990536
3;10 Cyanide Radical;0.03785488958990536
4;21 Thioformaldehyde;0.03785488958990536
5;0 Methylidyne;0.022082018927444793
6;1 1,3-Butadiynyl radical;0.022082018927444793
7;2 Formaldehyde;0.022082018927444793
8;3 Sulfur dioxide;0.022082018927444793
9;5 Water;0.022082018927444793
10;7 Nitric sulfide;0.022082018927444793
11;8 Isocyanic Acid;0.022082018927444793
12;9 Methyliumylidene;0.022082018927444793
13;11 Ethynyl;0.022082018927444793
14;12 Carbonyl Sulfide;0.022082018927444793
15;13 Hydroxyl;0.022082018927444793
16;14 Diazenylium;0.022082018927444793
17;15 Thioxoethenylidene;0.022082018927444793
18;16 Nitric oxide;0.022082018927444793
19;17 Methyl Cyanide;0.022082018927444793
20;18 Cyclopropenylidene;0.022082018927444793
21;19 Methanimine;0.022082018927444793
22;20 Methanol;0.022082018927444793
23;22 Ammonia;0.022082018927444793
24;23 Cyanamide;0.022082018927444793
25;24 Cyanoacetylene;0.022082018927444793
26;25 Sodium Chloride;0.022082018927444793
27;26 Silicon Monoxide;0.022082018927444793
28;27 Sulfur Monoxide;0.022082018927444793
29;28 Protonated Carbon Dioxide;0.022082018927444793
30;29 Hydrogen Cyanide;0.022082018927444793
31;30 Carbon Monosulfide;0.022082018927444793
32;31 Hydrogen sulfide;0.022082018927444793
33;32 Molecular oxygen;0.022082018927444793
34;33 Hydrogen Isocyanide;0.022082018927444793
35;34 Formylium;0.022082018927444793
36;35 Methyl Acetylene;0.022082018927444793
