1;29 Formylium;0.38192771084337346
2;12 Ethylene Glycol;0.032530120481927716
3;15 Carbonyl Sulfide;0.032530120481927716
4;0 Methylidyne;0.020481927710843374
5;1 Formaldehyde;0.020481927710843374
6;2 Sulfur dioxide;0.020481927710843374
7;3 Carbon Monoxide;0.020481927710843374
8;4 Acetaldehyde;0.020481927710843374
9;5 Water;0.020481927710843374
10;6 Imidogen;0.020481927710843374
11;7 Carbon Monoxide Ion;0.020481927710843374
12;8 Nitric sulfide;0.020481927710843374
13;9 Isocyanic Acid;0.020481927710843374
14;10 Formic Acid;0.020481927710843374
15;11 Amidogen;0.020481927710843374
16;13 Methyliumylidene;0.020481927710843374
17;14 Cyanide Radical;0.020481927710843374
18;16 Hydroxyl;0.020481927710843374
19;17 Nitric oxide;0.020481927710843374
20;18 Methyl Cyanide;0.020481927710843374
21;19 Cyclopropenylidene;0.020481927710843374
22;20 Sulfur Monoxide ion;0.020481927710843374
23;21 Methanol;0.020481927710843374
24;22 Thioformaldehyde;0.020481927710843374
25;23 Ammonia;0.020481927710843374
26;24 Cyanoacetylene;0.020481927710843374
27;25 Hydrogen Cyanide;0.020481927710843374
28;26 Hydrogen sulfide;0.020481927710843374
29;27 Molecular oxygen;0.020481927710843374
30;28 Hydrogen Isocyanide;0.020481927710843374
