1;41 Thioxoethenylidene;0.1738544474393531
2;17 Formylium;0.05256064690026954
3;16 2,4,6,8-Nonatetraynenitrile;0.039083557951482474
4;22 Methanol;0.039083557951482474
5;30 Sulfur dioxide;0.025606469002695417
6;32 2,4,6,8,10-Undecapentaynenitrile;0.025606469002695417
7;45 Propynylidynium;0.025606469002695417
8;0 Ketene;0.012129380053908356
9;1 1,3,5-Hexatriynyl;0.012129380053908356
10;2 Oxonium hydride;0.012129380053908356
11;3 Vinyl Cyanide;0.012129380053908356
12;4 Hydroxyl;0.012129380053908356
13;5 Methyliumylidene;0.012129380053908356
14;6 Carbon Monosulfide;0.012129380053908356
15;7 Cyanomethyl;0.012129380053908356
16;8 Methyl Acetylene;0.012129380053908356
17;9 Ethyl Cyanide;0.012129380053908356
18;10 2,4-Pentadiynylidyne;0.012129380053908356
19;11 4-Cyano-1,3-Butadiynyl;0.012129380053908356
20;12 Water;0.012129380053908356
21;13 Hydrogen sulfide;0.012129380053908356
22;14 Methylene amidogen;0.012129380053908356
23;15 1,3-Butadiynyl radical;0.012129380053908356
24;18 Cyanoallene;0.012129380053908356
25;19 Trihydrogen ion;0.012129380053908356
26;20 Methylcyanodiacetylene;0.012129380053908356
27;21 2,4,6-Heptatriynenitrile;0.012129380053908356
28;23 Ammonia;0.012129380053908356
29;24 Methyl Cyanide;0.012129380053908356
30;25 1,3,5-Hexatriynyl anion;0.012129380053908356
31;26 1,3,5,7-Octatetraynyl anion;0.012129380053908356
32;27 3-Thioxo-1,2-Propadieylidene;0.012129380053908356
33;28 Cyanobutadiyne;0.012129380053908356
34;29 Nitric sulfide;0.012129380053908356
35;31 Hydrochloric acid;0.012129380053908356
36;33 Cyanide Radical;0.012129380053908356
37;34 Nitric oxide;0.012129380053908356
38;35 Formaldehyde;0.012129380053908356
39;36 Sulfur Monoxide;0.012129380053908356
40;37 Methyltriacetylene;0.012129380053908356
41;38 Hydrogen Cyanide;0.012129380053908356
42;39 Methyl diacetylene;0.012129380053908356
43;40 Methylidyne;0.012129380053908356
44;42 Silicon Monoxide;0.012129380053908356
45;43 1,3,5,7-Octatetraynyl;0.012129380053908356
46;44 Oxoethenylidene;0.012129380053908356
47;46 Carbon Monoxide;0.012129380053908356
48;47 Thioformaldehyde;0.012129380053908356
49;48 Hexatrienyl;0.012129380053908356
50;49 Diazenylium;0.012129380053908356
51;50 Hydrogen Isocyanide;0.012129380053908356
52;51 Carbon Monosulfide;0.012129380053908356
53;52 Methylamine;0.012129380053908356
54;53 Formic Acid;0.012129380053908356
55;54 Cyclopropenylidene;0.012129380053908356
56;55 Cyanoacetylene;0.012129380053908356
57;56 para-Oxidaniumyl;0.012129380053908356
58;57 ortho-Oxidaniumyl;0.012129380053908356
