1;0 Methanol;0.04132231404958678
2;1 Hydrogen fluoride;0.04132231404958678
3;2 Nitric oxide;0.04132231404958678
4;3 Formylium;0.04132231404958678
5;4 Sodium Chloride;0.04132231404958678
6;5 Sulfur dioxide;0.04132231404958678
7;6 para-Oxidaniumyl;0.04132231404958678
8;7 Sulfur Monoxide;0.04132231404958678
9;8 Butatrienylidene;0.04132231404958678
10;9 Carbon Monoxide;0.04132231404958678
11;10 Nitrous Oxide;0.04132231404958678
12;11 Cyanoacetylene;0.04132231404958678
13;12 Carbonyl Sulfide;0.04132231404958678
14;13 Molecular oxygen;0.04132231404958678
15;14 ortho-Oxidaniumyl;0.04132231404958678
16;15 Water;0.04132231404958678
17;16 Iminomethylium;0.04132231404958678
18;17 Hydrochloric acid;0.04132231404958678
19;18 Acetylene;0.04132231404958678
20;19 Hydrogen Cyanide;0.04132231404958678
