1;1 Hydrogen fluoride;0.5958333333333333
2;0 Methanol;0.029166666666666667
3;2 Nitric oxide;0.020833333333333332
4;3 Formylium;0.020833333333333332
5;4 Sodium Chloride;0.020833333333333332
6;5 Sulfur dioxide;0.020833333333333332
7;6 para-Oxidaniumyl;0.020833333333333332
8;7 Sulfur Monoxide;0.020833333333333332
9;8 Butatrienylidene;0.020833333333333332
10;9 Carbon Monoxide;0.020833333333333332
11;10 Nitrous Oxide;0.020833333333333332
12;11 Cyanoacetylene;0.020833333333333332
13;12 Carbonyl Sulfide;0.020833333333333332
14;13 Molecular oxygen;0.020833333333333332
15;14 ortho-Oxidaniumyl;0.020833333333333332
16;15 Water;0.020833333333333332
17;16 Iminomethylium;0.020833333333333332
18;17 Hydrochloric acid;0.020833333333333332
19;18 Acetylene;0.020833333333333332
20;19 Hydrogen Cyanide;0.020833333333333332
