1;3 Formylium;0.20491803278688525
2;6 para-Oxidaniumyl;0.05737704918032787
3;0 Methanol;0.040983606557377046
4;1 Hydrogen fluoride;0.040983606557377046
5;2 Nitric oxide;0.040983606557377046
6;4 Sodium Chloride;0.040983606557377046
7;5 Sulfur dioxide;0.040983606557377046
8;7 Sulfur Monoxide;0.040983606557377046
9;8 Butatrienylidene;0.040983606557377046
10;9 Carbon Monoxide;0.040983606557377046
11;10 Nitrous Oxide;0.040983606557377046
12;11 Cyanoacetylene;0.040983606557377046
13;12 Carbonyl Sulfide;0.040983606557377046
14;13 Molecular oxygen;0.040983606557377046
15;14 ortho-Oxidaniumyl;0.040983606557377046
16;15 Water;0.040983606557377046
17;16 Iminomethylium;0.040983606557377046
18;17 Hydrochloric acid;0.040983606557377046
19;18 Acetylene;0.040983606557377046
20;19 Hydrogen Cyanide;0.040983606557377046
