1;0 Methanol;0.031055900621118012
2;1 Hydrogen fluoride;0.031055900621118012
3;2 Nitric oxide;0.031055900621118012
4;3 Formylium;0.031055900621118012
5;4 Sodium Chloride;0.031055900621118012
6;5 Sulfur dioxide;0.031055900621118012
7;6 para-Oxidaniumyl;0.031055900621118012
8;7 Sulfur Monoxide;0.031055900621118012
9;8 Butatrienylidene;0.031055900621118012
10;9 Carbon Monoxide;0.031055900621118012
11;10 Nitrous Oxide;0.031055900621118012
12;11 Cyanoacetylene;0.031055900621118012
13;12 Carbonyl Sulfide;0.031055900621118012
14;13 Molecular oxygen;0.031055900621118012
15;14 ortho-Oxidaniumyl;0.031055900621118012
16;15 Water;0.031055900621118012
17;16 Iminomethylium;0.031055900621118012
18;17 Hydrochloric acid;0.031055900621118012
19;18 Acetylene;0.031055900621118012
20;19 Hydrogen Cyanide;0.031055900621118012
