1;9 Carbon Monoxide;0.42771084337349397
2;0 Methanol;0.030120481927710843
3;1 Hydrogen fluoride;0.030120481927710843
4;2 Nitric oxide;0.030120481927710843
5;3 Formylium;0.030120481927710843
6;4 Sodium Chloride;0.030120481927710843
7;5 Sulfur dioxide;0.030120481927710843
8;6 para-Oxidaniumyl;0.030120481927710843
9;7 Sulfur Monoxide;0.030120481927710843
10;8 Butatrienylidene;0.030120481927710843
11;10 Nitrous Oxide;0.030120481927710843
12;11 Cyanoacetylene;0.030120481927710843
13;12 Carbonyl Sulfide;0.030120481927710843
14;13 Molecular oxygen;0.030120481927710843
15;14 ortho-Oxidaniumyl;0.030120481927710843
16;15 Water;0.030120481927710843
17;16 Iminomethylium;0.030120481927710843
18;17 Hydrochloric acid;0.030120481927710843
19;18 Acetylene;0.030120481927710843
20;19 Hydrogen Cyanide;0.030120481927710843
