1;29 Formylium;0.06727272727272728
2;18 Methyl Cyanide;0.049090909090909095
3;28 Hydrogen Isocyanide;0.049090909090909095
4;0 Methylidyne;0.030909090909090907
5;1 Formaldehyde;0.030909090909090907
6;2 Sulfur dioxide;0.030909090909090907
7;3 Carbon Monoxide;0.030909090909090907
8;4 Acetaldehyde;0.030909090909090907
9;5 Water;0.030909090909090907
10;6 Imidogen;0.030909090909090907
11;7 Carbon Monoxide Ion;0.030909090909090907
12;8 Nitric sulfide;0.030909090909090907
13;9 Isocyanic Acid;0.030909090909090907
14;10 Formic Acid;0.030909090909090907
15;11 Amidogen;0.030909090909090907
16;12 Ethylene Glycol;0.030909090909090907
17;13 Methyliumylidene;0.030909090909090907
18;14 Cyanide Radical;0.030909090909090907
19;15 Carbonyl Sulfide;0.030909090909090907
20;16 Hydroxyl;0.030909090909090907
21;17 Nitric oxide;0.030909090909090907
22;19 Cyclopropenylidene;0.030909090909090907
23;20 Sulfur Monoxide ion;0.030909090909090907
24;21 Methanol;0.030909090909090907
25;22 Thioformaldehyde;0.030909090909090907
26;23 Ammonia;0.030909090909090907
27;24 Cyanoacetylene;0.030909090909090907
28;25 Hydrogen Cyanide;0.030909090909090907
29;26 Hydrogen sulfide;0.030909090909090907
30;27 Molecular oxygen;0.030909090909090907
