HD163296_CO_2_1.image;model_agb_ppn_pn_tr_500it;1;41 Cyanobutadiynylide anion;0.4024802705749719
HD163296_CO_2_1.image;model_agb_ppn_pn_tr_500it;2;34 3-Cyano-1,2-propadienylidene;0.041713641488162354
HD163296_CO_2_1.image;model_agb_ppn_pn_tr_500it;3;42 Aluminum Monofluoride;0.019165727170236756
HD163296_CO_2_1.image;model_agb_ppn_pn_tr_500it;4;0 1,3,5-Hexatriynyl;0.007891770011273957
HD163296_CO_2_1.image;model_agb_ppn_pn_tr_500it;5;1 Silicon monosulfide;0.007891770011273957
HD163296_CO_2_1.image;model_agb_ppn_pn_2_500it;1;31 Potassium chloride;0.4475760992108231
HD163296_CO_2_1.image;model_agb_ppn_pn_2_500it;2;0 1,3,5-Hexatriynyl;0.007891770011273957
HD163296_CO_2_1.image;model_agb_ppn_pn_2_500it;3;1 Silicon monosulfide;0.007891770011273957
HD163296_CO_2_1.image;model_agb_ppn_pn_2_500it;4;2 Vinyl Cyanide;0.007891770011273957
HD163296_CO_2_1.image;model_agb_ppn_pn_2_500it;5;3 Hydroxyl;0.007891770011273957
HD163296_CO_2_1.image;model_agb_ppn_pn_full_500it;1;40 Carbon Monoxide Ion;0.4475760992108231
HD163296_CO_2_1.image;model_agb_ppn_pn_full_500it;2;0 1,3,5-Hexatriynyl;0.007891770011273957
HD163296_CO_2_1.image;model_agb_ppn_pn_full_500it;3;1 Silicon monosulfide;0.007891770011273957
HD163296_CO_2_1.image;model_agb_ppn_pn_full_500it;4;2 Vinyl Cyanide;0.007891770011273957
HD163296_CO_2_1.image;model_agb_ppn_pn_full_500it;5;3 Hydroxyl;0.007891770011273957
HD163296_CO_2_1.image;model_agb_ppn_pn_full_expanded_00002_500it;1;28 3-Thioxo-1,2-Propadieylidene;0.4250281848928975
HD163296_CO_2_1.image;model_agb_ppn_pn_full_expanded_00002_500it;2;29 Cyanobutadiyne;0.019165727170236756
HD163296_CO_2_1.image;model_agb_ppn_pn_full_expanded_00002_500it;3;54 1,3,5,7-Octatetraynyl;0.019165727170236756
HD163296_CO_2_1.image;model_agb_ppn_pn_full_expanded_00002_500it;4;0 1,3,5-Hexatriynyl;0.007891770011273957
HD163296_CO_2_1.image;model_agb_ppn_pn_full_expanded_00002_500it;5;1 Silicon monosulfide;0.007891770011273957
HD163296_CO_2_1.image;model_agb_ppn_pn_full_expanded_00010_500it;1;56 Carbon Monoxide;0.4475760992108231
HD163296_CO_2_1.image;model_agb_ppn_pn_full_expanded_00010_500it;2;0 1,3,5-Hexatriynyl;0.007891770011273957
HD163296_CO_2_1.image;model_agb_ppn_pn_full_expanded_00010_500it;3;1 Silicon monosulfide;0.007891770011273957
HD163296_CO_2_1.image;model_agb_ppn_pn_full_expanded_00010_500it;4;2 Vinyl Cyanide;0.007891770011273957
HD163296_CO_2_1.image;model_agb_ppn_pn_full_expanded_00010_500it;5;3 Hydroxyl;0.007891770011273957
TWHydra_HCOplusline.image;model_agb_ppn_pn_tr_500it;1;17 Formylium;0.12850812407680948
TWHydra_HCOplusline.image;model_agb_ppn_pn_tr_500it;2;69 Cyanoethynyl;0.09896602658788776
TWHydra_HCOplusline.image;model_agb_ppn_pn_tr_500it;3;48 Hydrogen Cyanide;0.06942392909896604
TWHydra_HCOplusline.image;model_agb_ppn_pn_tr_500it;4;0 1,3,5-Hexatriynyl;0.010339734121122601
TWHydra_HCOplusline.image;model_agb_ppn_pn_tr_500it;5;1 Silicon monosulfide;0.010339734121122601
TWHydra_HCOplusline.image;model_agb_ppn_pn_2_500it;1;17 Formylium;0.2762186115214181
TWHydra_HCOplusline.image;model_agb_ppn_pn_2_500it;2;0 1,3,5-Hexatriynyl;0.010339734121122601
TWHydra_HCOplusline.image;model_agb_ppn_pn_2_500it;3;1 Silicon monosulfide;0.010339734121122601
TWHydra_HCOplusline.image;model_agb_ppn_pn_2_500it;4;2 Vinyl Cyanide;0.010339734121122601
TWHydra_HCOplusline.image;model_agb_ppn_pn_2_500it;5;3 Hydroxyl;0.010339734121122601
TWHydra_HCOplusline.image;model_agb_ppn_pn_full_500it;1;17 Formylium;0.2762186115214181
TWHydra_HCOplusline.image;model_agb_ppn_pn_full_500it;2;0 1,3,5-Hexatriynyl;0.010339734121122601
TWHydra_HCOplusline.image;model_agb_ppn_pn_full_500it;3;1 Silicon monosulfide;0.010339734121122601
TWHydra_HCOplusline.image;model_agb_ppn_pn_full_500it;4;2 Vinyl Cyanide;0.010339734121122601
TWHydra_HCOplusline.image;model_agb_ppn_pn_full_500it;5;3 Hydroxyl;0.010339734121122601
TWHydra_HCOplusline.image;model_agb_ppn_pn_full_expanded_00002_500it;1;17 Formylium;0.2762186115214181
TWHydra_HCOplusline.image;model_agb_ppn_pn_full_expanded_00002_500it;2;0 1,3,5-Hexatriynyl;0.010339734121122601
TWHydra_HCOplusline.image;model_agb_ppn_pn_full_expanded_00002_500it;3;1 Silicon monosulfide;0.010339734121122601
TWHydra_HCOplusline.image;model_agb_ppn_pn_full_expanded_00002_500it;4;2 Vinyl Cyanide;0.010339734121122601
TWHydra_HCOplusline.image;model_agb_ppn_pn_full_expanded_00002_500it;5;3 Hydroxyl;0.010339734121122601
TWHydra_HCOplusline.image;model_agb_ppn_pn_full_expanded_00010_500it;1;17 Formylium;0.2614475627769572
TWHydra_HCOplusline.image;model_agb_ppn_pn_full_expanded_00010_500it;2;5 Aluminum Isocyanitrile;0.02511078286558346
TWHydra_HCOplusline.image;model_agb_ppn_pn_full_expanded_00010_500it;3;0 1,3,5-Hexatriynyl;0.010339734121122601
TWHydra_HCOplusline.image;model_agb_ppn_pn_full_expanded_00010_500it;4;1 Silicon monosulfide;0.010339734121122601
TWHydra_HCOplusline.image;model_agb_ppn_pn_full_expanded_00010_500it;5;2 Vinyl Cyanide;0.010339734121122601
Orion.HNC.cbc.contsub.image;model_agb_ppn_pn_tr_500it;1;4 Methyliumylidene;0.29698708751793407
Orion.HNC.cbc.contsub.image;model_agb_ppn_pn_tr_500it;2;0 1,3,5-Hexatriynyl;0.010043041606886658
Orion.HNC.cbc.contsub.image;model_agb_ppn_pn_tr_500it;3;1 Silicon monosulfide;0.010043041606886658
Orion.HNC.cbc.contsub.image;model_agb_ppn_pn_tr_500it;4;2 Vinyl Cyanide;0.010043041606886658
Orion.HNC.cbc.contsub.image;model_agb_ppn_pn_tr_500it;5;3 Hydroxyl;0.010043041606886658
Orion.HNC.cbc.contsub.image;model_agb_ppn_pn_2_500it;1;60 Hexatrienyl;0.29698708751793407
Orion.HNC.cbc.contsub.image;model_agb_ppn_pn_2_500it;2;0 1,3,5-Hexatriynyl;0.010043041606886658
Orion.HNC.cbc.contsub.image;model_agb_ppn_pn_2_500it;3;1 Silicon monosulfide;0.010043041606886658
Orion.HNC.cbc.contsub.image;model_agb_ppn_pn_2_500it;4;2 Vinyl Cyanide;0.010043041606886658
Orion.HNC.cbc.contsub.image;model_agb_ppn_pn_2_500it;5;3 Hydroxyl;0.010043041606886658
Orion.HNC.cbc.contsub.image;model_agb_ppn_pn_full_500it;1;61 Hydrogen Isocyanide;0.29698708751793407
Orion.HNC.cbc.contsub.image;model_agb_ppn_pn_full_500it;2;0 1,3,5-Hexatriynyl;0.010043041606886658
Orion.HNC.cbc.contsub.image;model_agb_ppn_pn_full_500it;3;1 Silicon monosulfide;0.010043041606886658
Orion.HNC.cbc.contsub.image;model_agb_ppn_pn_full_500it;4;2 Vinyl Cyanide;0.010043041606886658
Orion.HNC.cbc.contsub.image;model_agb_ppn_pn_full_500it;5;3 Hydroxyl;0.010043041606886658
Orion.HNC.cbc.contsub.image;model_agb_ppn_pn_full_expanded_00002_500it;1;61 Hydrogen Isocyanide;0.29698708751793407
Orion.HNC.cbc.contsub.image;model_agb_ppn_pn_full_expanded_00002_500it;2;0 1,3,5-Hexatriynyl;0.010043041606886658
Orion.HNC.cbc.contsub.image;model_agb_ppn_pn_full_expanded_00002_500it;3;1 Silicon monosulfide;0.010043041606886658
Orion.HNC.cbc.contsub.image;model_agb_ppn_pn_full_expanded_00002_500it;4;2 Vinyl Cyanide;0.010043041606886658
Orion.HNC.cbc.contsub.image;model_agb_ppn_pn_full_expanded_00002_500it;5;3 Hydroxyl;0.010043041606886658
Orion.HNC.cbc.contsub.image;model_agb_ppn_pn_full_expanded_00010_500it;1;61 Hydrogen Isocyanide;0.19655667144906747
Orion.HNC.cbc.contsub.image;model_agb_ppn_pn_full_expanded_00010_500it;2;41 Cyanobutadiynylide anion;0.09612625538020088
Orion.HNC.cbc.contsub.image;model_agb_ppn_pn_full_expanded_00010_500it;3;57 Phosphorous nitride;0.02439024390243903
Orion.HNC.cbc.contsub.image;model_agb_ppn_pn_full_expanded_00010_500it;4;0 1,3,5-Hexatriynyl;0.010043041606886658
Orion.HNC.cbc.contsub.image;model_agb_ppn_pn_full_expanded_00010_500it;5;1 Silicon monosulfide;0.010043041606886658
uid___A002_Xa916fc_X668__IRS43_HCO32.final.image.pbcor;model_agb_ppn_pn_tr_500it;1;45 Silicon tetracarbide;0.6021423106350422
uid___A002_Xa916fc_X668__IRS43_HCO32.final.image.pbcor;model_agb_ppn_pn_tr_500it;2;69 Cyanoethynyl;0.02830910482019893
uid___A002_Xa916fc_X668__IRS43_HCO32.final.image.pbcor;model_agb_ppn_pn_tr_500it;3;0 1,3,5-Hexatriynyl;0.005355776587605203
uid___A002_Xa916fc_X668__IRS43_HCO32.final.image.pbcor;model_agb_ppn_pn_tr_500it;4;1 Silicon monosulfide;0.005355776587605203
uid___A002_Xa916fc_X668__IRS43_HCO32.final.image.pbcor;model_agb_ppn_pn_tr_500it;5;2 Vinyl Cyanide;0.005355776587605203
uid___A002_Xa916fc_X668__IRS43_HCO32.final.image.pbcor;model_agb_ppn_pn_2_500it;1;25 1,3,5,7-Octatetraynyl anion;0.34965570007651114
uid___A002_Xa916fc_X668__IRS43_HCO32.final.image.pbcor;model_agb_ppn_pn_2_500it;2;4 Methyliumylidene;0.28079571537872994
uid___A002_Xa916fc_X668__IRS43_HCO32.final.image.pbcor;model_agb_ppn_pn_2_500it;3;0 1,3,5-Hexatriynyl;0.005355776587605203
uid___A002_Xa916fc_X668__IRS43_HCO32.final.image.pbcor;model_agb_ppn_pn_2_500it;4;1 Silicon monosulfide;0.005355776587605203
uid___A002_Xa916fc_X668__IRS43_HCO32.final.image.pbcor;model_agb_ppn_pn_2_500it;5;2 Vinyl Cyanide;0.005355776587605203
uid___A002_Xa916fc_X668__IRS43_HCO32.final.image.pbcor;model_agb_ppn_pn_full_500it;1;40 Carbon Monoxide Ion;0.6250956388676359
uid___A002_Xa916fc_X668__IRS43_HCO32.final.image.pbcor;model_agb_ppn_pn_full_500it;2;0 1,3,5-Hexatriynyl;0.005355776587605203
uid___A002_Xa916fc_X668__IRS43_HCO32.final.image.pbcor;model_agb_ppn_pn_full_500it;3;1 Silicon monosulfide;0.005355776587605203
uid___A002_Xa916fc_X668__IRS43_HCO32.final.image.pbcor;model_agb_ppn_pn_full_500it;4;2 Vinyl Cyanide;0.005355776587605203
uid___A002_Xa916fc_X668__IRS43_HCO32.final.image.pbcor;model_agb_ppn_pn_full_500it;5;3 Hydroxyl;0.005355776587605203
uid___A002_Xa916fc_X668__IRS43_HCO32.final.image.pbcor;model_agb_ppn_pn_full_expanded_00002_500it;1;24 Phosphaethyne;0.6174445294567713
uid___A002_Xa916fc_X668__IRS43_HCO32.final.image.pbcor;model_agb_ppn_pn_full_expanded_00002_500it;2;54 1,3,5,7-Octatetraynyl;0.013006885998469778
uid___A002_Xa916fc_X668__IRS43_HCO32.final.image.pbcor;model_agb_ppn_pn_full_expanded_00002_500it;3;0 1,3,5-Hexatriynyl;0.005355776587605203
uid___A002_Xa916fc_X668__IRS43_HCO32.final.image.pbcor;model_agb_ppn_pn_full_expanded_00002_500it;4;1 Silicon monosulfide;0.005355776587605203
uid___A002_Xa916fc_X668__IRS43_HCO32.final.image.pbcor;model_agb_ppn_pn_full_expanded_00002_500it;5;2 Vinyl Cyanide;0.005355776587605203
uid___A002_Xa916fc_X668__IRS43_HCO32.final.image.pbcor;model_agb_ppn_pn_full_expanded_00010_500it;1;52 Thioxoethenylidene;0.6174445294567713
uid___A002_Xa916fc_X668__IRS43_HCO32.final.image.pbcor;model_agb_ppn_pn_full_expanded_00010_500it;2;38 Cyanoethynylide ion;0.013006885998469778
uid___A002_Xa916fc_X668__IRS43_HCO32.final.image.pbcor;model_agb_ppn_pn_full_expanded_00010_500it;3;0 1,3,5-Hexatriynyl;0.005355776587605203
uid___A002_Xa916fc_X668__IRS43_HCO32.final.image.pbcor;model_agb_ppn_pn_full_expanded_00010_500it;4;1 Silicon monosulfide;0.005355776587605203
uid___A002_Xa916fc_X668__IRS43_HCO32.final.image.pbcor;model_agb_ppn_pn_full_expanded_00010_500it;5;2 Vinyl Cyanide;0.005355776587605203
DMTau.CS_5-4.image;model_agb_ppn_pn_tr_500it;1;67 Magnesium Cyanide;0.6590118302018094
DMTau.CS_5-4.image;model_agb_ppn_pn_tr_500it;2;0 1,3,5-Hexatriynyl;0.0048712595685455815
DMTau.CS_5-4.image;model_agb_ppn_pn_tr_500it;3;1 Silicon monosulfide;0.0048712595685455815
DMTau.CS_5-4.image;model_agb_ppn_pn_tr_500it;4;2 Vinyl Cyanide;0.0048712595685455815
DMTau.CS_5-4.image;model_agb_ppn_pn_tr_500it;5;3 Hydroxyl;0.0048712595685455815
DMTau.CS_5-4.image;model_agb_ppn_pn_2_500it;1;4 Methyliumylidene;0.6590118302018094
DMTau.CS_5-4.image;model_agb_ppn_pn_2_500it;2;0 1,3,5-Hexatriynyl;0.0048712595685455815
DMTau.CS_5-4.image;model_agb_ppn_pn_2_500it;3;1 Silicon monosulfide;0.0048712595685455815
DMTau.CS_5-4.image;model_agb_ppn_pn_2_500it;4;2 Vinyl Cyanide;0.0048712595685455815
DMTau.CS_5-4.image;model_agb_ppn_pn_2_500it;5;3 Hydroxyl;0.0048712595685455815
DMTau.CS_5-4.image;model_agb_ppn_pn_full_500it;1;4 Methyliumylidene;0.6590118302018094
DMTau.CS_5-4.image;model_agb_ppn_pn_full_500it;2;0 1,3,5-Hexatriynyl;0.0048712595685455815
DMTau.CS_5-4.image;model_agb_ppn_pn_full_500it;3;1 Silicon monosulfide;0.0048712595685455815
DMTau.CS_5-4.image;model_agb_ppn_pn_full_500it;4;2 Vinyl Cyanide;0.0048712595685455815
DMTau.CS_5-4.image;model_agb_ppn_pn_full_500it;5;3 Hydroxyl;0.0048712595685455815
DMTau.CS_5-4.image;model_agb_ppn_pn_full_expanded_00002_500it;1;22 Magnesium Isocyanide;0.65205288796103
DMTau.CS_5-4.image;model_agb_ppn_pn_full_expanded_00002_500it;2;12 4-Cyano-1,3-Butadiynyl;0.011830201809324984
DMTau.CS_5-4.image;model_agb_ppn_pn_full_expanded_00002_500it;3;0 1,3,5-Hexatriynyl;0.0048712595685455815
DMTau.CS_5-4.image;model_agb_ppn_pn_full_expanded_00002_500it;4;1 Silicon monosulfide;0.0048712595685455815
DMTau.CS_5-4.image;model_agb_ppn_pn_full_expanded_00002_500it;5;2 Vinyl Cyanide;0.0048712595685455815
DMTau.CS_5-4.image;model_agb_ppn_pn_full_expanded_00010_500it;1;22 Magnesium Isocyanide;0.6590118302018094
DMTau.CS_5-4.image;model_agb_ppn_pn_full_expanded_00010_500it;2;0 1,3,5-Hexatriynyl;0.0048712595685455815
DMTau.CS_5-4.image;model_agb_ppn_pn_full_expanded_00010_500it;3;1 Silicon monosulfide;0.0048712595685455815
DMTau.CS_5-4.image;model_agb_ppn_pn_full_expanded_00010_500it;4;2 Vinyl Cyanide;0.0048712595685455815
DMTau.CS_5-4.image;model_agb_ppn_pn_full_expanded_00010_500it;5;3 Hydroxyl;0.0048712595685455815
TWHydra_CO3_2line.image;model_agb_ppn_pn_tr_500it;1;34 3-Cyano-1,2-propadienylidene;0.29986789960369886
TWHydra_CO3_2line.image;model_agb_ppn_pn_tr_500it;2;22 Magnesium Isocyanide;0.048877146631439904
TWHydra_CO3_2line.image;model_agb_ppn_pn_tr_500it;3;55 Silicon Mononitride;0.022457067371202115
TWHydra_CO3_2line.image;model_agb_ppn_pn_tr_500it;4;0 1,3,5-Hexatriynyl;0.009247027741083224
TWHydra_CO3_2line.image;model_agb_ppn_pn_tr_500it;5;1 Silicon monosulfide;0.009247027741083224
TWHydra_CO3_2line.image;model_agb_ppn_pn_2_500it;1;4 Methyliumylidene;0.35270805812417444
TWHydra_CO3_2line.image;model_agb_ppn_pn_2_500it;2;0 1,3,5-Hexatriynyl;0.009247027741083224
TWHydra_CO3_2line.image;model_agb_ppn_pn_2_500it;3;1 Silicon monosulfide;0.009247027741083224
TWHydra_CO3_2line.image;model_agb_ppn_pn_2_500it;4;2 Vinyl Cyanide;0.009247027741083224
TWHydra_CO3_2line.image;model_agb_ppn_pn_2_500it;5;3 Hydroxyl;0.009247027741083224
TWHydra_CO3_2line.image;model_agb_ppn_pn_full_500it;1;24 Phosphaethyne;0.35270805812417444
TWHydra_CO3_2line.image;model_agb_ppn_pn_full_500it;2;0 1,3,5-Hexatriynyl;0.009247027741083224
TWHydra_CO3_2line.image;model_agb_ppn_pn_full_500it;3;1 Silicon monosulfide;0.009247027741083224
TWHydra_CO3_2line.image;model_agb_ppn_pn_full_500it;4;2 Vinyl Cyanide;0.009247027741083224
TWHydra_CO3_2line.image;model_agb_ppn_pn_full_500it;5;3 Hydroxyl;0.009247027741083224
TWHydra_CO3_2line.image;model_agb_ppn_pn_full_expanded_00002_500it;1;56 Carbon Monoxide;0.35270805812417444
TWHydra_CO3_2line.image;model_agb_ppn_pn_full_expanded_00002_500it;2;0 1,3,5-Hexatriynyl;0.009247027741083224
TWHydra_CO3_2line.image;model_agb_ppn_pn_full_expanded_00002_500it;3;1 Silicon monosulfide;0.009247027741083224
TWHydra_CO3_2line.image;model_agb_ppn_pn_full_expanded_00002_500it;4;2 Vinyl Cyanide;0.009247027741083224
TWHydra_CO3_2line.image;model_agb_ppn_pn_full_expanded_00002_500it;5;3 Hydroxyl;0.009247027741083224
TWHydra_CO3_2line.image;model_agb_ppn_pn_full_expanded_00010_500it;1;56 Carbon Monoxide;0.3262879788639366
TWHydra_CO3_2line.image;model_agb_ppn_pn_full_expanded_00010_500it;2;1 Silicon monosulfide;0.022457067371202115
TWHydra_CO3_2line.image;model_agb_ppn_pn_full_expanded_00010_500it;3;23 1,3,5-Hexatriynyl anion;0.022457067371202115
TWHydra_CO3_2line.image;model_agb_ppn_pn_full_expanded_00010_500it;4;0 1,3,5-Hexatriynyl;0.009247027741083224
TWHydra_CO3_2line.image;model_agb_ppn_pn_full_expanded_00010_500it;5;2 Vinyl Cyanide;0.009247027741083224
