1;17 Formylium;0.2614475627769572
2;5 Aluminum Isocyanitrile;0.02511078286558346
3;0 1,3,5-Hexatriynyl;0.010339734121122601
4;1 Silicon monosulfide;0.010339734121122601
5;2 Vinyl Cyanide;0.010339734121122601
6;3 Hydroxyl;0.010339734121122601
7;4 Methyliumylidene;0.010339734121122601
8;6 Carbon Monosulfide;0.010339734121122601
9;7 Methyl Acetylene;0.010339734121122601
10;8 1,3-Butadiynyl anion;0.010339734121122601
11;9 Butatrienylidene;0.010339734121122601
12;10 2,4-Pentadiynylidyne;0.010339734121122601
13;11 Aluminum Monochloride;0.010339734121122601
14;12 4-Cyano-1,3-Butadiynyl;0.010339734121122601
15;13 Silicon monosulfide;0.010339734121122601
16;14 Water;0.010339734121122601
17;15 Hydrogen sulfide;0.010339734121122601
18;16 1,3-Butadiynyl radical;0.010339734121122601
19;18 Trihydrogen ion;0.010339734121122601
20;19 Methanimine;0.010339734121122601
21;20 Phosphorus Monoxide;0.010339734121122601
22;21 Methyl Cyanide;0.010339734121122601
23;22 Magnesium Isocyanide;0.010339734121122601
24;23 1,3,5-Hexatriynyl anion;0.010339734121122601
25;24 Phosphaethyne;0.010339734121122601
26;25 1,3,5,7-Octatetraynyl anion;0.010339734121122601
27;26 Silicon Monocarbide;0.010339734121122601
28;27 Cyanomethylene;0.010339734121122601
29;28 3-Thioxo-1,2-Propadieylidene;0.010339734121122601
30;29 Cyanobutadiyne;0.010339734121122601
31;30 Silicon Isocyanide;0.010339734121122601
32;31 Potassium chloride;0.010339734121122601
33;32 3-Oxo-1,2-Propadienylidene;0.010339734121122601
34;33 Silicon Carbide;0.010339734121122601
35;34 3-Cyano-1,2-propadienylidene;0.010339734121122601
36;35 Nitric sulfide;0.010339734121122601
37;36 Sulfur dioxide;0.010339734121122601
38;37 Ethyne Isocyanide;0.010339734121122601
39;38 Cyanoethynylide ion;0.010339734121122601
40;39 Cyanide Radical;0.010339734121122601
41;40 Carbon Monoxide Ion;0.010339734121122601
42;41 Cyanobutadiynylide anion;0.010339734121122601
43;42 Aluminum Monofluoride;0.010339734121122601
44;43 Formaldehyde;0.010339734121122601
45;44 Sulfur Monoxide;0.010339734121122601
46;45 Silicon tetracarbide;0.010339734121122601
47;46 Ethynyl;0.010339734121122601
48;47 Sodium Chloride;0.010339734121122601
49;48 Hydrogen Cyanide;0.010339734121122601
50;49 Sodium Cyanide;0.010339734121122601
51;50 3-Imino-1,2 Propadienylidene;0.010339734121122601
52;51 Methylidyne;0.010339734121122601
53;52 Thioxoethenylidene;0.010339734121122601
54;53 Silicon Monoxide;0.010339734121122601
55;54 1,3,5,7-Octatetraynyl;0.010339734121122601
56;55 Silicon Mononitride;0.010339734121122601
57;56 Carbon Monoxide;0.010339734121122601
58;57 Phosphorous nitride;0.010339734121122601
59;58 Carbon Monophosphide;0.010339734121122601
60;59 Thioformaldehyde;0.010339734121122601
61;60 Hexatrienyl;0.010339734121122601
62;61 Hydrogen Isocyanide;0.010339734121122601
63;62 Carbon Monosulfide;0.010339734121122601
64;63 Silicon Cyanide;0.010339734121122601
65;64 2,4,6-Heptatriynylidyne;0.010339734121122601
66;65 Cyclopropenylidene;0.010339734121122601
67;66 Cyanoacetylene;0.010339734121122601
68;67 Magnesium Cyanide;0.010339734121122601
69;68 3-Silanetetrayl-1,2-Propadienyli;0.010339734121122601
70;69 Cyanoethynyl;0.010339734121122601
71;70 Phosphapropynylidyne;0.010339734121122601
