1;95 Methylene amidogen;0.07189542483660132
2;94 Silicon Isocyanide;0.0392156862745098
3;5 2,4,6-Heptatriynenitrile;0.02287581699346405
4;42 Carbon Monoxide;0.02287581699346405
5;0 Dimethyl ether;0.006535947712418301
6;1 Butatrienylidene;0.006535947712418301
7;2 Trihydrogen ion;0.006535947712418301
8;3 Nitrous Oxide;0.006535947712418301
9;4 Methyl Acetylene;0.006535947712418301
10;6 Ethylene Glycol;0.006535947712418301
11;7 2,4-Pentadiynylidyne;0.006535947712418301
12;8 Methyl Cyanide;0.006535947712418301
13;9 Thioformylium;0.006535947712418301
14;10 para-Oxidaniumyl;0.006535947712418301
15;11 Hydrogen Cyanide;0.006535947712418301
16;12 Titanium monoxide;0.006535947712418301
17;13 Cyanide Radical;0.006535947712418301
18;14 Formic Acid;0.006535947712418301
19;15 Nitric sulfide;0.006535947712418301
20;16 Iminomethylium;0.006535947712418301
21;17 Aluminum monoxide;0.006535947712418301
22;18 Methyl isocyanate;0.006535947712418301
23;19 Nitrosyl hydride;0.006535947712418301
24;20 Propynylidynium;0.006535947712418301
25;21 Magnesium Cyanide;0.006535947712418301
26;22 1,3-Butadiynyl anion;0.006535947712418301
27;23 Diazenylium;0.006535947712418301
28;24 Methylamine;0.006535947712418301
29;25 Chloronium;0.006535947712418301
30;26 Silicon monosulfide;0.006535947712418301
31;27 Phosphorus Monoxide;0.006535947712418301
32;28 Cyclopropenone;0.006535947712418301
33;29 Carbon Monoxide Ion;0.006535947712418301
34;30 Sodium Cyanide;0.006535947712418301
35;31 Nitric oxide;0.006535947712418301
36;32 3-Thioxo-1,2-Propadieylidene;0.006535947712418301
37;33 Silicon Cyanide;0.006535947712418301
38;34 Ethyne Isocyanide;0.006535947712418301
39;35 Sodium Chloride;0.006535947712418301
40;36 Cyanoacetylene;0.006535947712418301
41;37 Sulfur Monoxide;0.006535947712418301
42;38 Aluminum Isocyanitrile;0.006535947712418301
43;39 Cyanobutadiyne;0.006535947712418301
44;40 Potassium cyanide, potassium isocyanide;0.006535947712418301
45;41 Silicon Mononitride;0.006535947712418301
46;43 Propadienylidene;0.006535947712418301
47;44 Methanimine;0.006535947712418301
48;45 Aluminum Monofluoride;0.006535947712418301
49;46 Formamide;0.006535947712418301
50;47 1,3,5,7-Octatetraynyl anion;0.006535947712418301
51;48 Aminoacetonitrile;0.006535947712418301
52;49 Ammonia;0.006535947712418301
53;50 gauche-Ethanol;0.006535947712418301
54;51 Protonate 2-proynenitrile;0.006535947712418301
55;52 Carbonyl Sulfide;0.006535947712418301
56;53 Thioxoethenylidene;0.006535947712418301
57;54 Ethyl cyanide;0.006535947712418301
58;55 Water;0.006535947712418301
59;56 Methyl Formate;0.006535947712418301
60;57 Acetaldehyde;0.006535947712418301
61;58 Ketenimine;0.006535947712418301
62;59 Propenal;0.006535947712418301
63;60 Methyl isocyanide;0.006535947712418301
64;61 iso-propyl cyanide;0.006535947712418301
65;62 Hydrogen cyanide;0.006535947712418301
66;63 Protonated Carbon Dioxide;0.006535947712418301
67;64 Methylidyne;0.006535947712418301
68;65 Ketene;0.006535947712418301
69;66 4-Cyano-1,3-Butadiynyl;0.006535947712418301
70;67 Silicon Monoxide;0.006535947712418301
71;68 Acetone;0.006535947712418301
72;69 Vinyl Cyanide;0.006535947712418301
73;70 3-Imino-1,2 Propadienylidene;0.006535947712418301
74;71 Silicon monoxide (global fit);0.006535947712418301
75;72 Cyclopropenylidene;0.006535947712418301
76;73 Magnesium Isocyanide;0.006535947712418301
77;74 2,4,6-Heptatriynylidyne;0.006535947712418301
78;75 Cyanobutadiynylide anion;0.006535947712418301
79;76 Formaldehyde;0.006535947712418301
80;77 Carbon Monosulfide;0.006535947712418301
81;78 Fulminic acid;0.006535947712418301
82;79 1,3,5-Hexatriynyl;0.006535947712418301
83;80 3-Silanetetrayl-1,2-Propadienylidene;0.006535947712418301
84;81 1,3-Butadiynyl radical;0.006535947712418301
85;82 trans-Ethanol;0.006535947712418301
86;83 Silicon Carbide;0.006535947712418301
87;84 1,3,5-Hexatriynyl anion;0.006535947712418301
88;85 Formylium;0.006535947712418301
89;86 Ethylene Oxide;0.006535947712418301
90;87 Sulfur dioxide;0.006535947712418301
91;88 Carbon Monophosphide;0.006535947712418301
92;89 Sulfur Monoxide ion;0.006535947712418301
93;90 Methanol;0.006535947712418301
94;91 Sulfur Dioxide;0.006535947712418301
95;92 Cyanoformaldehyde;0.006535947712418301
96;93 Isocyanic Acid;0.006535947712418301
97;96 Silicon Monocarbide;0.006535947712418301
98;97 Phosphaethyne;0.006535947712418301
99;98 Aluminum Monochloride;0.006535947712418301
100;99 Cyanoallene;0.006535947712418301
101;100 3-Oxo-1,2-Propadienylidene;0.006535947712418301
102;101 Methyl diacetylene;0.006535947712418301
103;102 Cyanomethylene;0.006535947712418301
104;103 Phosphapropynylidyne;0.006535947712418301
105;104 Cyanomethyl;0.006535947712418301
106;105 Hydrogen Isocyanide;0.006535947712418301
107;106 Hydrogen sulfide;0.006535947712418301
108;107 Hydroxyl;0.006535947712418301
109;108 Glycolaldehyde;0.006535947712418301
110;109 Cyanide anion;0.006535947712418301
111;110 2-Propynal;0.006535947712418301
112;111 Ethynyl;0.006535947712418301
113;112 Phosphorous nitride;0.006535947712418301
114;113 Magnesium hydride isocyanide;0.006535947712418301
115;114 Potassium chloride;0.006535947712418301
116;115 Silicon tetracarbide;0.006535947712418301
117;116 Ethyl Cyanide;0.006535947712418301
118;117 Cyanamide;0.006535947712418301
119;118 Amidogen;0.006535947712418301
120;119 Hydroxymethylidyne;0.006535947712418301
121;120 Formyl Radical;0.006535947712418301
122;121 Vinyl Alcohol;0.006535947712418301
123;122 ortho-Oxidaniumyl;0.006535947712418301
124;123 Cyanoethynylide ion;0.006535947712418301
125;124 Oxoethenylidene;0.006535947712418301
126;125 2-Butynenitrile;0.006535947712418301
127;126 Cyanoethynyl;0.006535947712418301
128;127 3-Cyano-1,2-propadienylidene;0.006535947712418301
129;128 Hydroxymethylium ion;0.006535947712418301
130;129 Thioformaldehyde;0.006535947712418301
131;130 Isothiocyanic acid;0.006535947712418301
132;131 Methyl formate, v<sub>t</sub> = 0, 1;0.006535947712418301
133;132 Cyanic acid;0.006535947712418301
