1;132 Cyanic acid;0.11965811965811966
2;105 Hydrogen Isocyanide;0.04843304843304843
3;18 Methyl isocyanate;0.01994301994301994
4;26 Silicon monosulfide;0.01994301994301994
5;67 Silicon Monoxide;0.01994301994301994
6;84 1,3,5-Hexatriynyl anion;0.01994301994301994
7;87 Sulfur dioxide;0.01994301994301994
8;106 Hydrogen sulfide;0.01994301994301994
9;0 Dimethyl ether;0.005698005698005698
10;1 Butatrienylidene;0.005698005698005698
11;2 Trihydrogen ion;0.005698005698005698
12;3 Nitrous Oxide;0.005698005698005698
13;4 Methyl Acetylene;0.005698005698005698
14;5 2,4,6-Heptatriynenitrile;0.005698005698005698
15;6 Ethylene Glycol;0.005698005698005698
16;7 2,4-Pentadiynylidyne;0.005698005698005698
17;8 Methyl Cyanide;0.005698005698005698
18;9 Thioformylium;0.005698005698005698
19;10 para-Oxidaniumyl;0.005698005698005698
20;11 Hydrogen Cyanide;0.005698005698005698
21;12 Titanium monoxide;0.005698005698005698
22;13 Cyanide Radical;0.005698005698005698
23;14 Formic Acid;0.005698005698005698
24;15 Nitric sulfide;0.005698005698005698
25;16 Iminomethylium;0.005698005698005698
26;17 Aluminum monoxide;0.005698005698005698
27;19 Nitrosyl hydride;0.005698005698005698
28;20 Propynylidynium;0.005698005698005698
29;21 Magnesium Cyanide;0.005698005698005698
30;22 1,3-Butadiynyl anion;0.005698005698005698
31;23 Diazenylium;0.005698005698005698
32;24 Methylamine;0.005698005698005698
33;25 Chloronium;0.005698005698005698
34;27 Phosphorus Monoxide;0.005698005698005698
35;28 Cyclopropenone;0.005698005698005698
36;29 Carbon Monoxide Ion;0.005698005698005698
37;30 Sodium Cyanide;0.005698005698005698
38;31 Nitric oxide;0.005698005698005698
39;32 3-Thioxo-1,2-Propadieylidene;0.005698005698005698
40;33 Silicon Cyanide;0.005698005698005698
41;34 Ethyne Isocyanide;0.005698005698005698
42;35 Sodium Chloride;0.005698005698005698
43;36 Cyanoacetylene;0.005698005698005698
44;37 Sulfur Monoxide;0.005698005698005698
45;38 Aluminum Isocyanitrile;0.005698005698005698
46;39 Cyanobutadiyne;0.005698005698005698
47;40 Potassium cyanide, potassium isocyanide;0.005698005698005698
48;41 Silicon Mononitride;0.005698005698005698
49;42 Carbon Monoxide;0.005698005698005698
50;43 Propadienylidene;0.005698005698005698
51;44 Methanimine;0.005698005698005698
52;45 Aluminum Monofluoride;0.005698005698005698
53;46 Formamide;0.005698005698005698
54;47 1,3,5,7-Octatetraynyl anion;0.005698005698005698
55;48 Aminoacetonitrile;0.005698005698005698
56;49 Ammonia;0.005698005698005698
57;50 gauche-Ethanol;0.005698005698005698
58;51 Protonate 2-proynenitrile;0.005698005698005698
59;52 Carbonyl Sulfide;0.005698005698005698
60;53 Thioxoethenylidene;0.005698005698005698
61;54 Ethyl cyanide;0.005698005698005698
62;55 Water;0.005698005698005698
63;56 Methyl Formate;0.005698005698005698
64;57 Acetaldehyde;0.005698005698005698
65;58 Ketenimine;0.005698005698005698
66;59 Propenal;0.005698005698005698
67;60 Methyl isocyanide;0.005698005698005698
68;61 iso-propyl cyanide;0.005698005698005698
69;62 Hydrogen cyanide;0.005698005698005698
70;63 Protonated Carbon Dioxide;0.005698005698005698
71;64 Methylidyne;0.005698005698005698
72;65 Ketene;0.005698005698005698
73;66 4-Cyano-1,3-Butadiynyl;0.005698005698005698
74;68 Acetone;0.005698005698005698
75;69 Vinyl Cyanide;0.005698005698005698
76;70 3-Imino-1,2 Propadienylidene;0.005698005698005698
77;71 Silicon monoxide (global fit);0.005698005698005698
78;72 Cyclopropenylidene;0.005698005698005698
79;73 Magnesium Isocyanide;0.005698005698005698
80;74 2,4,6-Heptatriynylidyne;0.005698005698005698
81;75 Cyanobutadiynylide anion;0.005698005698005698
82;76 Formaldehyde;0.005698005698005698
83;77 Carbon Monosulfide;0.005698005698005698
84;78 Fulminic acid;0.005698005698005698
85;79 1,3,5-Hexatriynyl;0.005698005698005698
86;80 3-Silanetetrayl-1,2-Propadienylidene;0.005698005698005698
87;81 1,3-Butadiynyl radical;0.005698005698005698
88;82 trans-Ethanol;0.005698005698005698
89;83 Silicon Carbide;0.005698005698005698
90;85 Formylium;0.005698005698005698
91;86 Ethylene Oxide;0.005698005698005698
92;88 Carbon Monophosphide;0.005698005698005698
93;89 Sulfur Monoxide ion;0.005698005698005698
94;90 Methanol;0.005698005698005698
95;91 Sulfur Dioxide;0.005698005698005698
96;92 Cyanoformaldehyde;0.005698005698005698
97;93 Isocyanic Acid;0.005698005698005698
98;94 Silicon Isocyanide;0.005698005698005698
99;95 Methylene amidogen;0.005698005698005698
100;96 Silicon Monocarbide;0.005698005698005698
101;97 Phosphaethyne;0.005698005698005698
102;98 Aluminum Monochloride;0.005698005698005698
103;99 Cyanoallene;0.005698005698005698
104;100 3-Oxo-1,2-Propadienylidene;0.005698005698005698
105;101 Methyl diacetylene;0.005698005698005698
106;102 Cyanomethylene;0.005698005698005698
107;103 Phosphapropynylidyne;0.005698005698005698
108;104 Cyanomethyl;0.005698005698005698
109;107 Hydroxyl;0.005698005698005698
110;108 Glycolaldehyde;0.005698005698005698
111;109 Cyanide anion;0.005698005698005698
112;110 2-Propynal;0.005698005698005698
113;111 Ethynyl;0.005698005698005698
114;112 Phosphorous nitride;0.005698005698005698
115;113 Magnesium hydride isocyanide;0.005698005698005698
116;114 Potassium chloride;0.005698005698005698
117;115 Silicon tetracarbide;0.005698005698005698
118;116 Ethyl Cyanide;0.005698005698005698
119;117 Cyanamide;0.005698005698005698
120;118 Amidogen;0.005698005698005698
121;119 Hydroxymethylidyne;0.005698005698005698
122;120 Formyl Radical;0.005698005698005698
123;121 Vinyl Alcohol;0.005698005698005698
124;122 ortho-Oxidaniumyl;0.005698005698005698
125;123 Cyanoethynylide ion;0.005698005698005698
126;124 Oxoethenylidene;0.005698005698005698
127;125 2-Butynenitrile;0.005698005698005698
128;126 Cyanoethynyl;0.005698005698005698
129;127 3-Cyano-1,2-propadienylidene;0.005698005698005698
130;128 Hydroxymethylium ion;0.005698005698005698
131;129 Thioformaldehyde;0.005698005698005698
132;130 Isothiocyanic acid;0.005698005698005698
133;131 Methyl formate, v<sub>t</sub> = 0, 1;0.005698005698005698
