1;77 Carbon Monosulfide;0.5551948051948052
2;17 Aluminum monoxide;0.011363636363636362
3;124 Oxoethenylidene;0.011363636363636362
4;0 Dimethyl ether;0.003246753246753247
5;1 Butatrienylidene;0.003246753246753247
6;2 Trihydrogen ion;0.003246753246753247
7;3 Nitrous Oxide;0.003246753246753247
8;4 Methyl Acetylene;0.003246753246753247
9;5 2,4,6-Heptatriynenitrile;0.003246753246753247
10;6 Ethylene Glycol;0.003246753246753247
11;7 2,4-Pentadiynylidyne;0.003246753246753247
12;8 Methyl Cyanide;0.003246753246753247
13;9 Thioformylium;0.003246753246753247
14;10 para-Oxidaniumyl;0.003246753246753247
15;11 Hydrogen Cyanide;0.003246753246753247
16;12 Titanium monoxide;0.003246753246753247
17;13 Cyanide Radical;0.003246753246753247
18;14 Formic Acid;0.003246753246753247
19;15 Nitric sulfide;0.003246753246753247
20;16 Iminomethylium;0.003246753246753247
21;18 Methyl isocyanate;0.003246753246753247
22;19 Nitrosyl hydride;0.003246753246753247
23;20 Propynylidynium;0.003246753246753247
24;21 Magnesium Cyanide;0.003246753246753247
25;22 1,3-Butadiynyl anion;0.003246753246753247
26;23 Diazenylium;0.003246753246753247
27;24 Methylamine;0.003246753246753247
28;25 Chloronium;0.003246753246753247
29;26 Silicon monosulfide;0.003246753246753247
30;27 Phosphorus Monoxide;0.003246753246753247
31;28 Cyclopropenone;0.003246753246753247
32;29 Carbon Monoxide Ion;0.003246753246753247
33;30 Sodium Cyanide;0.003246753246753247
34;31 Nitric oxide;0.003246753246753247
35;32 3-Thioxo-1,2-Propadieylidene;0.003246753246753247
36;33 Silicon Cyanide;0.003246753246753247
37;34 Ethyne Isocyanide;0.003246753246753247
38;35 Sodium Chloride;0.003246753246753247
39;36 Cyanoacetylene;0.003246753246753247
40;37 Sulfur Monoxide;0.003246753246753247
41;38 Aluminum Isocyanitrile;0.003246753246753247
42;39 Cyanobutadiyne;0.003246753246753247
43;40 Potassium cyanide, potassium isocyanide;0.003246753246753247
44;41 Silicon Mononitride;0.003246753246753247
45;42 Carbon Monoxide;0.003246753246753247
46;43 Propadienylidene;0.003246753246753247
47;44 Methanimine;0.003246753246753247
48;45 Aluminum Monofluoride;0.003246753246753247
49;46 Formamide;0.003246753246753247
50;47 1,3,5,7-Octatetraynyl anion;0.003246753246753247
51;48 Aminoacetonitrile;0.003246753246753247
52;49 Ammonia;0.003246753246753247
53;50 gauche-Ethanol;0.003246753246753247
54;51 Protonate 2-proynenitrile;0.003246753246753247
55;52 Carbonyl Sulfide;0.003246753246753247
56;53 Thioxoethenylidene;0.003246753246753247
57;54 Ethyl cyanide;0.003246753246753247
58;55 Water;0.003246753246753247
59;56 Methyl Formate;0.003246753246753247
60;57 Acetaldehyde;0.003246753246753247
61;58 Ketenimine;0.003246753246753247
62;59 Propenal;0.003246753246753247
63;60 Methyl isocyanide;0.003246753246753247
64;61 iso-propyl cyanide;0.003246753246753247
65;62 Hydrogen cyanide;0.003246753246753247
66;63 Protonated Carbon Dioxide;0.003246753246753247
67;64 Methylidyne;0.003246753246753247
68;65 Ketene;0.003246753246753247
69;66 4-Cyano-1,3-Butadiynyl;0.003246753246753247
70;67 Silicon Monoxide;0.003246753246753247
71;68 Acetone;0.003246753246753247
72;69 Vinyl Cyanide;0.003246753246753247
73;70 3-Imino-1,2 Propadienylidene;0.003246753246753247
74;71 Silicon monoxide (global fit);0.003246753246753247
75;72 Cyclopropenylidene;0.003246753246753247
76;73 Magnesium Isocyanide;0.003246753246753247
77;74 2,4,6-Heptatriynylidyne;0.003246753246753247
78;75 Cyanobutadiynylide anion;0.003246753246753247
79;76 Formaldehyde;0.003246753246753247
80;78 Fulminic acid;0.003246753246753247
81;79 1,3,5-Hexatriynyl;0.003246753246753247
82;80 3-Silanetetrayl-1,2-Propadienylidene;0.003246753246753247
83;81 1,3-Butadiynyl radical;0.003246753246753247
84;82 trans-Ethanol;0.003246753246753247
85;83 Silicon Carbide;0.003246753246753247
86;84 1,3,5-Hexatriynyl anion;0.003246753246753247
87;85 Formylium;0.003246753246753247
88;86 Ethylene Oxide;0.003246753246753247
89;87 Sulfur dioxide;0.003246753246753247
90;88 Carbon Monophosphide;0.003246753246753247
91;89 Sulfur Monoxide ion;0.003246753246753247
92;90 Methanol;0.003246753246753247
93;91 Sulfur Dioxide;0.003246753246753247
94;92 Cyanoformaldehyde;0.003246753246753247
95;93 Isocyanic Acid;0.003246753246753247
96;94 Silicon Isocyanide;0.003246753246753247
97;95 Methylene amidogen;0.003246753246753247
98;96 Silicon Monocarbide;0.003246753246753247
99;97 Phosphaethyne;0.003246753246753247
100;98 Aluminum Monochloride;0.003246753246753247
101;99 Cyanoallene;0.003246753246753247
102;100 3-Oxo-1,2-Propadienylidene;0.003246753246753247
103;101 Methyl diacetylene;0.003246753246753247
104;102 Cyanomethylene;0.003246753246753247
105;103 Phosphapropynylidyne;0.003246753246753247
106;104 Cyanomethyl;0.003246753246753247
107;105 Hydrogen Isocyanide;0.003246753246753247
108;106 Hydrogen sulfide;0.003246753246753247
109;107 Hydroxyl;0.003246753246753247
110;108 Glycolaldehyde;0.003246753246753247
111;109 Cyanide anion;0.003246753246753247
112;110 2-Propynal;0.003246753246753247
113;111 Ethynyl;0.003246753246753247
114;112 Phosphorous nitride;0.003246753246753247
115;113 Magnesium hydride isocyanide;0.003246753246753247
116;114 Potassium chloride;0.003246753246753247
117;115 Silicon tetracarbide;0.003246753246753247
118;116 Ethyl Cyanide;0.003246753246753247
119;117 Cyanamide;0.003246753246753247
120;118 Amidogen;0.003246753246753247
121;119 Hydroxymethylidyne;0.003246753246753247
122;120 Formyl Radical;0.003246753246753247
123;121 Vinyl Alcohol;0.003246753246753247
124;122 ortho-Oxidaniumyl;0.003246753246753247
125;123 Cyanoethynylide ion;0.003246753246753247
126;125 2-Butynenitrile;0.003246753246753247
127;126 Cyanoethynyl;0.003246753246753247
128;127 3-Cyano-1,2-propadienylidene;0.003246753246753247
129;128 Hydroxymethylium ion;0.003246753246753247
130;129 Thioformaldehyde;0.003246753246753247
131;130 Isothiocyanic acid;0.003246753246753247
132;131 Methyl formate, v<sub>t</sub> = 0, 1;0.003246753246753247
133;132 Cyanic acid;0.003246753246753247
