1;49 Ammonia;0.31280788177339897
2;37 Sulfur Monoxide;0.017241379310344827
3;50 gauche-Ethanol;0.017241379310344827
4;67 Silicon Monoxide;0.017241379310344827
5;0 Dimethyl ether;0.0049261083743842365
6;1 Butatrienylidene;0.0049261083743842365
7;2 Trihydrogen ion;0.0049261083743842365
8;3 Nitrous Oxide;0.0049261083743842365
9;4 Methyl Acetylene;0.0049261083743842365
10;5 2,4,6-Heptatriynenitrile;0.0049261083743842365
11;6 Ethylene Glycol;0.0049261083743842365
12;7 2,4-Pentadiynylidyne;0.0049261083743842365
13;8 Methyl Cyanide;0.0049261083743842365
14;9 Thioformylium;0.0049261083743842365
15;10 para-Oxidaniumyl;0.0049261083743842365
16;11 Hydrogen Cyanide;0.0049261083743842365
17;12 Titanium monoxide;0.0049261083743842365
18;13 Cyanide Radical;0.0049261083743842365
19;14 Formic Acid;0.0049261083743842365
20;15 Nitric sulfide;0.0049261083743842365
21;16 Iminomethylium;0.0049261083743842365
22;17 Aluminum monoxide;0.0049261083743842365
23;18 Methyl isocyanate;0.0049261083743842365
24;19 Nitrosyl hydride;0.0049261083743842365
25;20 Propynylidynium;0.0049261083743842365
26;21 Magnesium Cyanide;0.0049261083743842365
27;22 1,3-Butadiynyl anion;0.0049261083743842365
28;23 Diazenylium;0.0049261083743842365
29;24 Methylamine;0.0049261083743842365
30;25 Chloronium;0.0049261083743842365
31;26 Silicon monosulfide;0.0049261083743842365
32;27 Phosphorus Monoxide;0.0049261083743842365
33;28 Cyclopropenone;0.0049261083743842365
34;29 Carbon Monoxide Ion;0.0049261083743842365
35;30 Sodium Cyanide;0.0049261083743842365
36;31 Nitric oxide;0.0049261083743842365
37;32 3-Thioxo-1,2-Propadieylidene;0.0049261083743842365
38;33 Silicon Cyanide;0.0049261083743842365
39;34 Ethyne Isocyanide;0.0049261083743842365
40;35 Sodium Chloride;0.0049261083743842365
41;36 Cyanoacetylene;0.0049261083743842365
42;38 Aluminum Isocyanitrile;0.0049261083743842365
43;39 Cyanobutadiyne;0.0049261083743842365
44;40 Potassium cyanide, potassium isocyanide;0.0049261083743842365
45;41 Silicon Mononitride;0.0049261083743842365
46;42 Carbon Monoxide;0.0049261083743842365
47;43 Propadienylidene;0.0049261083743842365
48;44 Methanimine;0.0049261083743842365
49;45 Aluminum Monofluoride;0.0049261083743842365
50;46 Formamide;0.0049261083743842365
51;47 1,3,5,7-Octatetraynyl anion;0.0049261083743842365
52;48 Aminoacetonitrile;0.0049261083743842365
53;51 Protonate 2-proynenitrile;0.0049261083743842365
54;52 Carbonyl Sulfide;0.0049261083743842365
55;53 Thioxoethenylidene;0.0049261083743842365
56;54 Ethyl cyanide;0.0049261083743842365
57;55 Water;0.0049261083743842365
58;56 Methyl Formate;0.0049261083743842365
59;57 Acetaldehyde;0.0049261083743842365
60;58 Ketenimine;0.0049261083743842365
61;59 Propenal;0.0049261083743842365
62;60 Methyl isocyanide;0.0049261083743842365
63;61 iso-propyl cyanide;0.0049261083743842365
64;62 Hydrogen cyanide;0.0049261083743842365
65;63 Protonated Carbon Dioxide;0.0049261083743842365
66;64 Methylidyne;0.0049261083743842365
67;65 Ketene;0.0049261083743842365
68;66 4-Cyano-1,3-Butadiynyl;0.0049261083743842365
69;68 Acetone;0.0049261083743842365
70;69 Vinyl Cyanide;0.0049261083743842365
71;70 3-Imino-1,2 Propadienylidene;0.0049261083743842365
72;71 Silicon monoxide (global fit);0.0049261083743842365
73;72 Cyclopropenylidene;0.0049261083743842365
74;73 Magnesium Isocyanide;0.0049261083743842365
75;74 2,4,6-Heptatriynylidyne;0.0049261083743842365
76;75 Cyanobutadiynylide anion;0.0049261083743842365
77;76 Formaldehyde;0.0049261083743842365
78;77 Carbon Monosulfide;0.0049261083743842365
79;78 Fulminic acid;0.0049261083743842365
80;79 1,3,5-Hexatriynyl;0.0049261083743842365
81;80 3-Silanetetrayl-1,2-Propadienylidene;0.0049261083743842365
82;81 1,3-Butadiynyl radical;0.0049261083743842365
83;82 trans-Ethanol;0.0049261083743842365
84;83 Silicon Carbide;0.0049261083743842365
85;84 1,3,5-Hexatriynyl anion;0.0049261083743842365
86;85 Formylium;0.0049261083743842365
87;86 Ethylene Oxide;0.0049261083743842365
88;87 Sulfur dioxide;0.0049261083743842365
89;88 Carbon Monophosphide;0.0049261083743842365
90;89 Sulfur Monoxide ion;0.0049261083743842365
91;90 Methanol;0.0049261083743842365
92;91 Sulfur Dioxide;0.0049261083743842365
93;92 Cyanoformaldehyde;0.0049261083743842365
94;93 Isocyanic Acid;0.0049261083743842365
95;94 Silicon Isocyanide;0.0049261083743842365
96;95 Methylene amidogen;0.0049261083743842365
97;96 Silicon Monocarbide;0.0049261083743842365
98;97 Phosphaethyne;0.0049261083743842365
99;98 Aluminum Monochloride;0.0049261083743842365
100;99 Cyanoallene;0.0049261083743842365
101;100 3-Oxo-1,2-Propadienylidene;0.0049261083743842365
102;101 Methyl diacetylene;0.0049261083743842365
103;102 Cyanomethylene;0.0049261083743842365
104;103 Phosphapropynylidyne;0.0049261083743842365
105;104 Cyanomethyl;0.0049261083743842365
106;105 Hydrogen Isocyanide;0.0049261083743842365
107;106 Hydrogen sulfide;0.0049261083743842365
108;107 Hydroxyl;0.0049261083743842365
109;108 Glycolaldehyde;0.0049261083743842365
110;109 Cyanide anion;0.0049261083743842365
111;110 2-Propynal;0.0049261083743842365
112;111 Ethynyl;0.0049261083743842365
113;112 Phosphorous nitride;0.0049261083743842365
114;113 Magnesium hydride isocyanide;0.0049261083743842365
115;114 Potassium chloride;0.0049261083743842365
116;115 Silicon tetracarbide;0.0049261083743842365
117;116 Ethyl Cyanide;0.0049261083743842365
118;117 Cyanamide;0.0049261083743842365
119;118 Amidogen;0.0049261083743842365
120;119 Hydroxymethylidyne;0.0049261083743842365
121;120 Formyl Radical;0.0049261083743842365
122;121 Vinyl Alcohol;0.0049261083743842365
123;122 ortho-Oxidaniumyl;0.0049261083743842365
124;123 Cyanoethynylide ion;0.0049261083743842365
125;124 Oxoethenylidene;0.0049261083743842365
126;125 2-Butynenitrile;0.0049261083743842365
127;126 Cyanoethynyl;0.0049261083743842365
128;127 3-Cyano-1,2-propadienylidene;0.0049261083743842365
129;128 Hydroxymethylium ion;0.0049261083743842365
130;129 Thioformaldehyde;0.0049261083743842365
131;130 Isothiocyanic acid;0.0049261083743842365
132;131 Methyl formate, v<sub>t</sub> = 0, 1;0.0049261083743842365
133;132 Cyanic acid;0.0049261083743842365
