1;8 Thioformylium;0.07269503546099289
2;22 Formylium;0.07269503546099289
3;10 Methyl formate vt01;0.054964539007092195
4;11 Methyliumylidene;0.054964539007092195
5;0 Methylidyne;0.03723404255319149
6;1 Butyronitrile;0.03723404255319149
7;2 Formaldehyde;0.03723404255319149
8;3 Sulfur dioxide;0.03723404255319149
9;4 Carbon Monoxide;0.03723404255319149
10;5 Water;0.03723404255319149
11;6 Chloronium;0.03723404255319149
12;7 Imidogen;0.03723404255319149
13;9 Mercapto radical;0.03723404255319149
14;12 Cyanide Radical;0.03723404255319149
15;13 Hydroxyl;0.03723404255319149
16;14 Nitric oxide;0.03723404255319149
17;15 Cyclopropenylidene;0.03723404255319149
18;16 Silicon Monoxide;0.03723404255319149
19;17 Hydrogen Cyanide;0.03723404255319149
20;18 Carbon Monosulfide;0.03723404255319149
21;19 Hydrogen sulfide;0.03723404255319149
22;20 Molecular oxygen;0.03723404255319149
23;21 Hydrogen Isocyanide;0.03723404255319149
24;23 Sulfoniumylidene;0.03723404255319149
