1;6 Chloronium;0.10815602836879432
2;20 Molecular oxygen;0.054964539007092195
3;21 Hydrogen Isocyanide;0.054964539007092195
4;0 Methylidyne;0.03723404255319149
5;1 Butyronitrile;0.03723404255319149
6;2 Formaldehyde;0.03723404255319149
7;3 Sulfur dioxide;0.03723404255319149
8;4 Carbon Monoxide;0.03723404255319149
9;5 Water;0.03723404255319149
10;7 Imidogen;0.03723404255319149
11;8 Thioformylium;0.03723404255319149
12;9 Mercapto radical;0.03723404255319149
13;10 Methyl formate vt01;0.03723404255319149
14;11 Methyliumylidene;0.03723404255319149
15;12 Cyanide Radical;0.03723404255319149
16;13 Hydroxyl;0.03723404255319149
17;14 Nitric oxide;0.03723404255319149
18;15 Cyclopropenylidene;0.03723404255319149
19;16 Silicon Monoxide;0.03723404255319149
20;17 Hydrogen Cyanide;0.03723404255319149
21;18 Carbon Monosulfide;0.03723404255319149
22;19 Hydrogen sulfide;0.03723404255319149
23;22 Formylium;0.03723404255319149
24;23 Sulfoniumylidene;0.03723404255319149
