1;17 Hydrogen Cyanide;0.12157534246575341
2;11 Methyliumylidene;0.053082191780821915
3;16 Silicon Monoxide;0.053082191780821915
4;19 Hydrogen sulfide;0.053082191780821915
5;0 Methylidyne;0.03595890410958904
6;1 Butyronitrile;0.03595890410958904
7;2 Formaldehyde;0.03595890410958904
8;3 Sulfur dioxide;0.03595890410958904
9;4 Carbon Monoxide;0.03595890410958904
10;5 Water;0.03595890410958904
11;6 Chloronium;0.03595890410958904
12;7 Imidogen;0.03595890410958904
13;8 Thioformylium;0.03595890410958904
14;9 Mercapto radical;0.03595890410958904
15;10 Methyl formate vt01;0.03595890410958904
16;12 Cyanide Radical;0.03595890410958904
17;13 Hydroxyl;0.03595890410958904
18;14 Nitric oxide;0.03595890410958904
19;15 Cyclopropenylidene;0.03595890410958904
20;18 Carbon Monosulfide;0.03595890410958904
21;20 Molecular oxygen;0.03595890410958904
22;21 Hydrogen Isocyanide;0.03595890410958904
23;22 Formylium;0.03595890410958904
24;23 Sulfoniumylidene;0.03595890410958904
