1;22 Formylium;0.14820846905537458
2;19 Hydrogen sulfide;0.06677524429967426
3;11 Methyliumylidene;0.0504885993485342
4;20 Molecular oxygen;0.0504885993485342
5;0 Methylidyne;0.03420195439739414
6;1 Butyronitrile;0.03420195439739414
7;2 Formaldehyde;0.03420195439739414
8;3 Sulfur dioxide;0.03420195439739414
9;4 Carbon Monoxide;0.03420195439739414
10;5 Water;0.03420195439739414
11;6 Chloronium;0.03420195439739414
12;7 Imidogen;0.03420195439739414
13;8 Thioformylium;0.03420195439739414
14;9 Mercapto radical;0.03420195439739414
15;10 Methyl formate vt01;0.03420195439739414
16;12 Cyanide Radical;0.03420195439739414
17;13 Hydroxyl;0.03420195439739414
18;14 Nitric oxide;0.03420195439739414
19;15 Cyclopropenylidene;0.03420195439739414
20;16 Silicon Monoxide;0.03420195439739414
21;17 Hydrogen Cyanide;0.03420195439739414
22;18 Carbon Monosulfide;0.03420195439739414
23;21 Hydrogen Isocyanide;0.03420195439739414
24;23 Sulfoniumylidene;0.03420195439739414
