1;34 Nitric oxide;0.05253623188405797
2;53 Formic Acid;0.03442028985507246
3;0 Ketene;0.016304347826086956
4;1 1,3,5-Hexatriynyl;0.016304347826086956
5;2 Oxonium hydride;0.016304347826086956
6;3 Vinyl Cyanide;0.016304347826086956
7;4 Hydroxyl;0.016304347826086956
8;5 Methyliumylidene;0.016304347826086956
9;6 Carbon Monosulfide;0.016304347826086956
10;7 Cyanomethyl;0.016304347826086956
11;8 Methyl Acetylene;0.016304347826086956
12;9 Ethyl Cyanide;0.016304347826086956
13;10 2,4-Pentadiynylidyne;0.016304347826086956
14;11 4-Cyano-1,3-Butadiynyl;0.016304347826086956
15;12 Water;0.016304347826086956
16;13 Hydrogen sulfide;0.016304347826086956
17;14 Methylene amidogen;0.016304347826086956
18;15 1,3-Butadiynyl radical;0.016304347826086956
19;16 2,4,6,8-Nonatetraynenitrile;0.016304347826086956
20;17 Formylium;0.016304347826086956
21;18 Cyanoallene;0.016304347826086956
22;19 Trihydrogen ion;0.016304347826086956
23;20 Methylcyanodiacetylene;0.016304347826086956
24;21 2,4,6-Heptatriynenitrile;0.016304347826086956
25;22 Methanol;0.016304347826086956
26;23 Ammonia;0.016304347826086956
27;24 Methyl Cyanide;0.016304347826086956
28;25 1,3,5-Hexatriynyl anion;0.016304347826086956
29;26 1,3,5,7-Octatetraynyl anion;0.016304347826086956
30;27 3-Thioxo-1,2-Propadieylidene;0.016304347826086956
31;28 Cyanobutadiyne;0.016304347826086956
32;29 Nitric sulfide;0.016304347826086956
33;30 Sulfur dioxide;0.016304347826086956
34;31 Hydrochloric acid;0.016304347826086956
35;32 2,4,6,8,10-Undecapentaynenitrile;0.016304347826086956
36;33 Cyanide Radical;0.016304347826086956
37;35 Formaldehyde;0.016304347826086956
38;36 Sulfur Monoxide;0.016304347826086956
39;37 Methyltriacetylene;0.016304347826086956
40;38 Hydrogen Cyanide;0.016304347826086956
41;39 Methyl diacetylene;0.016304347826086956
42;40 Methylidyne;0.016304347826086956
43;41 Thioxoethenylidene;0.016304347826086956
44;42 Silicon Monoxide;0.016304347826086956
45;43 1,3,5,7-Octatetraynyl;0.016304347826086956
46;44 Oxoethenylidene;0.016304347826086956
47;45 Propynylidynium;0.016304347826086956
48;46 Carbon Monoxide;0.016304347826086956
49;47 Thioformaldehyde;0.016304347826086956
50;48 Hexatrienyl;0.016304347826086956
51;49 Diazenylium;0.016304347826086956
52;50 Hydrogen Isocyanide;0.016304347826086956
53;51 Carbon Monosulfide;0.016304347826086956
54;52 Methylamine;0.016304347826086956
55;54 Cyclopropenylidene;0.016304347826086956
56;55 Cyanoacetylene;0.016304347826086956
57;56 para-Oxidaniumyl;0.016304347826086956
58;57 ortho-Oxidaniumyl;0.016304347826086956
