1;17 Formylium;0.0693950177935943
2;4 Hydroxyl;0.03380782918149466
3;0 Ketene;0.01601423487544484
4;1 1,3,5-Hexatriynyl;0.01601423487544484
5;2 Oxonium hydride;0.01601423487544484
6;3 Vinyl Cyanide;0.01601423487544484
7;5 Methyliumylidene;0.01601423487544484
8;6 Carbon Monosulfide;0.01601423487544484
9;7 Cyanomethyl;0.01601423487544484
10;8 Methyl Acetylene;0.01601423487544484
11;9 Ethyl Cyanide;0.01601423487544484
12;10 2,4-Pentadiynylidyne;0.01601423487544484
13;11 4-Cyano-1,3-Butadiynyl;0.01601423487544484
14;12 Water;0.01601423487544484
15;13 Hydrogen sulfide;0.01601423487544484
16;14 Methylene amidogen;0.01601423487544484
17;15 1,3-Butadiynyl radical;0.01601423487544484
18;16 2,4,6,8-Nonatetraynenitrile;0.01601423487544484
19;18 Cyanoallene;0.01601423487544484
20;19 Trihydrogen ion;0.01601423487544484
21;20 Methylcyanodiacetylene;0.01601423487544484
22;21 2,4,6-Heptatriynenitrile;0.01601423487544484
23;22 Methanol;0.01601423487544484
24;23 Ammonia;0.01601423487544484
25;24 Methyl Cyanide;0.01601423487544484
26;25 1,3,5-Hexatriynyl anion;0.01601423487544484
27;26 1,3,5,7-Octatetraynyl anion;0.01601423487544484
28;27 3-Thioxo-1,2-Propadieylidene;0.01601423487544484
29;28 Cyanobutadiyne;0.01601423487544484
30;29 Nitric sulfide;0.01601423487544484
31;30 Sulfur dioxide;0.01601423487544484
32;31 Hydrochloric acid;0.01601423487544484
33;32 2,4,6,8,10-Undecapentaynenitrile;0.01601423487544484
34;33 Cyanide Radical;0.01601423487544484
35;34 Nitric oxide;0.01601423487544484
36;35 Formaldehyde;0.01601423487544484
37;36 Sulfur Monoxide;0.01601423487544484
38;37 Methyltriacetylene;0.01601423487544484
39;38 Hydrogen Cyanide;0.01601423487544484
40;39 Methyl diacetylene;0.01601423487544484
41;40 Methylidyne;0.01601423487544484
42;41 Thioxoethenylidene;0.01601423487544484
43;42 Silicon Monoxide;0.01601423487544484
44;43 1,3,5,7-Octatetraynyl;0.01601423487544484
45;44 Oxoethenylidene;0.01601423487544484
46;45 Propynylidynium;0.01601423487544484
47;46 Carbon Monoxide;0.01601423487544484
48;47 Thioformaldehyde;0.01601423487544484
49;48 Hexatrienyl;0.01601423487544484
50;49 Diazenylium;0.01601423487544484
51;50 Hydrogen Isocyanide;0.01601423487544484
52;51 Carbon Monosulfide;0.01601423487544484
53;52 Methylamine;0.01601423487544484
54;53 Formic Acid;0.01601423487544484
55;54 Cyclopropenylidene;0.01601423487544484
56;55 Cyanoacetylene;0.01601423487544484
57;56 para-Oxidaniumyl;0.01601423487544484
58;57 ortho-Oxidaniumyl;0.01601423487544484
