1;16 Iminomethylium;0.32142857142857145
2;0 Methanol;0.03571428571428571
3;1 Hydrogen fluoride;0.03571428571428571
4;2 Nitric oxide;0.03571428571428571
5;3 Formylium;0.03571428571428571
6;4 Sodium Chloride;0.03571428571428571
7;5 Sulfur dioxide;0.03571428571428571
8;6 para-Oxidaniumyl;0.03571428571428571
9;7 Sulfur Monoxide;0.03571428571428571
10;8 Butatrienylidene;0.03571428571428571
11;9 Carbon Monoxide;0.03571428571428571
12;10 Nitrous Oxide;0.03571428571428571
13;11 Cyanoacetylene;0.03571428571428571
14;12 Carbonyl Sulfide;0.03571428571428571
15;13 Molecular oxygen;0.03571428571428571
16;14 ortho-Oxidaniumyl;0.03571428571428571
17;15 Water;0.03571428571428571
18;17 Hydrochloric acid;0.03571428571428571
19;18 Acetylene;0.03571428571428571
20;19 Hydrogen Cyanide;0.03571428571428571
