1;34 3-Cyano-1,2-propadienylidene;0.347037484885127
2;0 1,3,5-Hexatriynyl;0.032648125755743655
3;32 3-Oxo-1,2-Propadienylidene;0.032648125755743655
4;49 Sodium Cyanide;0.02055622732769045
5;1 Silicon monosulfide;0.008464328899637243
6;2 Vinyl Cyanide;0.008464328899637243
7;3 Hydroxyl;0.008464328899637243
8;4 Methyliumylidene;0.008464328899637243
9;5 Aluminum Isocyanitrile;0.008464328899637243
10;6 Carbon Monosulfide;0.008464328899637243
11;7 Methyl Acetylene;0.008464328899637243
12;8 1,3-Butadiynyl anion;0.008464328899637243
13;9 Butatrienylidene;0.008464328899637243
14;10 2,4-Pentadiynylidyne;0.008464328899637243
15;11 Aluminum Monochloride;0.008464328899637243
16;12 4-Cyano-1,3-Butadiynyl;0.008464328899637243
17;13 Silicon monosulfide;0.008464328899637243
18;14 Water;0.008464328899637243
19;15 Hydrogen sulfide;0.008464328899637243
20;16 1,3-Butadiynyl radical;0.008464328899637243
21;17 Formylium;0.008464328899637243
22;18 Trihydrogen ion;0.008464328899637243
23;19 Methanimine;0.008464328899637243
24;20 Phosphorus Monoxide;0.008464328899637243
25;21 Methyl Cyanide;0.008464328899637243
26;22 Magnesium Isocyanide;0.008464328899637243
27;23 1,3,5-Hexatriynyl anion;0.008464328899637243
28;24 Phosphaethyne;0.008464328899637243
29;25 1,3,5,7-Octatetraynyl anion;0.008464328899637243
30;26 Silicon Monocarbide;0.008464328899637243
31;27 Cyanomethylene;0.008464328899637243
32;28 3-Thioxo-1,2-Propadieylidene;0.008464328899637243
33;29 Cyanobutadiyne;0.008464328899637243
34;30 Silicon Isocyanide;0.008464328899637243
35;31 Potassium chloride;0.008464328899637243
36;33 Silicon Carbide;0.008464328899637243
37;35 Nitric sulfide;0.008464328899637243
38;36 Sulfur dioxide;0.008464328899637243
39;37 Ethyne Isocyanide;0.008464328899637243
40;38 Cyanoethynylide ion;0.008464328899637243
41;39 Cyanide Radical;0.008464328899637243
42;40 Carbon Monoxide Ion;0.008464328899637243
43;41 Cyanobutadiynylide anion;0.008464328899637243
44;42 Aluminum Monofluoride;0.008464328899637243
45;43 Formaldehyde;0.008464328899637243
46;44 Sulfur Monoxide;0.008464328899637243
47;45 Silicon tetracarbide;0.008464328899637243
48;46 Ethynyl;0.008464328899637243
49;47 Sodium Chloride;0.008464328899637243
50;48 Hydrogen Cyanide;0.008464328899637243
51;50 3-Imino-1,2 Propadienylidene;0.008464328899637243
52;51 Methylidyne;0.008464328899637243
53;52 Thioxoethenylidene;0.008464328899637243
54;53 Silicon Monoxide;0.008464328899637243
55;54 1,3,5,7-Octatetraynyl;0.008464328899637243
56;55 Silicon Mononitride;0.008464328899637243
57;56 Carbon Monoxide;0.008464328899637243
58;57 Phosphorous nitride;0.008464328899637243
59;58 Carbon Monophosphide;0.008464328899637243
60;59 Thioformaldehyde;0.008464328899637243
61;60 Hexatrienyl;0.008464328899637243
62;61 Hydrogen Isocyanide;0.008464328899637243
63;62 Carbon Monosulfide;0.008464328899637243
64;63 Silicon Cyanide;0.008464328899637243
65;64 2,4,6-Heptatriynylidyne;0.008464328899637243
66;65 Cyclopropenylidene;0.008464328899637243
67;66 Cyanoacetylene;0.008464328899637243
68;67 Magnesium Cyanide;0.008464328899637243
69;68 3-Silanetetrayl-1,2-Propadienyli;0.008464328899637243
70;69 Cyanoethynyl;0.008464328899637243
71;70 Phosphapropynylidyne;0.008464328899637243
