1;22 Chloronium;0.8791585127201564
2;49 Water;0.003424657534246575
3;92 Hydrogen sulfide;0.003424657534246575
4;116 Cyanic acid;0.003424657534246575
5;0 Dimethyl ether;0.0009784735812133072
6;1 Butatrienylidene;0.0009784735812133072
7;2 Trihydrogen ion;0.0009784735812133072
8;3 Nitrous Oxide;0.0009784735812133072
9;4 Methyl Acetylene;0.0009784735812133072
10;5 Ethylene Glycol;0.0009784735812133072
11;6 Methyl Cyanide;0.0009784735812133072
12;7 Thioformylium;0.0009784735812133072
13;8 para-Oxidaniumyl;0.0009784735812133072
14;9 Hydrogen Cyanide;0.0009784735812133072
15;10 Titanium monoxide;0.0009784735812133072
16;11 Cyanide Radical;0.0009784735812133072
17;12 Formic Acid;0.0009784735812133072
18;13 Nitric sulfide;0.0009784735812133072
19;14 Iminomethylium;0.0009784735812133072
20;15 Aluminum monoxide;0.0009784735812133072
21;16 Methyl isocyanate;0.0009784735812133072
22;17 Nitrosyl hydride;0.0009784735812133072
23;18 Propynylidynium;0.0009784735812133072
24;19 Magnesium Cyanide;0.0009784735812133072
25;20 Diazenylium;0.0009784735812133072
26;21 Methylamine;0.0009784735812133072
27;23 Silicon monosulfide;0.0009784735812133072
28;24 Phosphorus Monoxide;0.0009784735812133072
29;25 Cyclopropenone;0.0009784735812133072
30;26 Carbon Monoxide Ion;0.0009784735812133072
31;27 Sodium Cyanide;0.0009784735812133072
32;28 Nitric oxide;0.0009784735812133072
33;29 Silicon Cyanide;0.0009784735812133072
34;30 Ethyne Isocyanide;0.0009784735812133072
35;31 Sodium Chloride;0.0009784735812133072
36;32 Cyanoacetylene;0.0009784735812133072
37;33 Sulfur Monoxide;0.0009784735812133072
38;34 Aluminum Isocyanitrile;0.0009784735812133072
39;35 Cyanobutadiyne;0.0009784735812133072
40;36 Silicon Mononitride;0.0009784735812133072
41;37 Carbon Monoxide;0.0009784735812133072
42;38 Propadienylidene;0.0009784735812133072
43;39 Methanimine;0.0009784735812133072
44;40 Aluminum Monofluoride;0.0009784735812133072
45;41 Formamide;0.0009784735812133072
46;42 Aminoacetonitrile;0.0009784735812133072
47;43 Ammonia;0.0009784735812133072
48;44 gauche-Ethanol;0.0009784735812133072
49;45 Protonate 2-proynenitrile;0.0009784735812133072
50;46 Carbonyl Sulfide;0.0009784735812133072
51;47 Thioxoethenylidene;0.0009784735812133072
52;48 Ethyl cyanide;0.0009784735812133072
53;50 Methyl Formate;0.0009784735812133072
54;51 Acetaldehyde;0.0009784735812133072
55;52 Ketenimine;0.0009784735812133072
56;53 Propenal;0.0009784735812133072
57;54 Methyl isocyanide;0.0009784735812133072
58;55 iso-propyl cyanide;0.0009784735812133072
59;56 Hydrogen cyanide;0.0009784735812133072
60;57 Protonated Carbon Dioxide;0.0009784735812133072
61;58 Methylidyne;0.0009784735812133072
62;59 Ketene;0.0009784735812133072
63;60 Silicon Monoxide;0.0009784735812133072
64;61 Acetone;0.0009784735812133072
65;62 Vinyl Cyanide;0.0009784735812133072
66;63 Silicon monoxide (global fit);0.0009784735812133072
67;64 Cyclopropenylidene;0.0009784735812133072
68;65 Magnesium Isocyanide;0.0009784735812133072
69;66 Cyanobutadiynylide anion;0.0009784735812133072
70;67 Formaldehyde;0.0009784735812133072
71;68 Carbon Monosulfide;0.0009784735812133072
72;69 Fulminic acid;0.0009784735812133072
73;70 trans-Ethanol;0.0009784735812133072
74;71 Silicon Carbide;0.0009784735812133072
75;72 Formylium;0.0009784735812133072
76;73 Ethylene Oxide;0.0009784735812133072
77;74 Sulfur dioxide;0.0009784735812133072
78;75 Carbon Monophosphide;0.0009784735812133072
79;76 Sulfur Monoxide ion;0.0009784735812133072
80;77 Methanol;0.0009784735812133072
81;78 Sulfur Dioxide;0.0009784735812133072
82;79 Cyanoformaldehyde;0.0009784735812133072
83;80 Isocyanic Acid;0.0009784735812133072
84;81 Silicon Isocyanide;0.0009784735812133072
85;82 Methylene amidogen;0.0009784735812133072
86;83 Silicon Monocarbide;0.0009784735812133072
87;84 Phosphaethyne;0.0009784735812133072
88;85 Aluminum Monochloride;0.0009784735812133072
89;86 Cyanoallene;0.0009784735812133072
90;87 Methyl diacetylene;0.0009784735812133072
91;88 Cyanomethylene;0.0009784735812133072
92;89 Phosphapropynylidyne;0.0009784735812133072
93;90 Cyanomethyl;0.0009784735812133072
94;91 Hydrogen Isocyanide;0.0009784735812133072
95;93 Hydroxyl;0.0009784735812133072
96;94 Glycolaldehyde;0.0009784735812133072
97;95 Cyanide anion;0.0009784735812133072
98;96 2-Propynal;0.0009784735812133072
99;97 Ethynyl;0.0009784735812133072
100;98 Phosphorous nitride;0.0009784735812133072
101;99 Magnesium hydride isocyanide;0.0009784735812133072
102;100 Potassium chloride;0.0009784735812133072
103;101 Silicon tetracarbide;0.0009784735812133072
104;102 Ethyl Cyanide;0.0009784735812133072
105;103 Cyanamide;0.0009784735812133072
106;104 Amidogen;0.0009784735812133072
107;105 Hydroxymethylidyne;0.0009784735812133072
108;106 Formyl Radical;0.0009784735812133072
109;107 Vinyl Alcohol;0.0009784735812133072
110;108 ortho-Oxidaniumyl;0.0009784735812133072
111;109 Cyanoethynylide ion;0.0009784735812133072
112;110 Oxoethenylidene;0.0009784735812133072
113;111 2-Butynenitrile;0.0009784735812133072
114;112 Cyanoethynyl;0.0009784735812133072
115;113 Hydroxymethylium ion;0.0009784735812133072
116;114 Thioformaldehyde;0.0009784735812133072
117;115 Isothiocyanic acid;0.0009784735812133072
