DMTau.CS_5-4.image;model_alma_band_6_tr_500it;1;17 Nitrosyl hydride;0.8836509528585756
DMTau.CS_5-4.image;model_alma_band_6_tr_500it;2;0 Dimethyl ether;0.0010030090270812437
DMTau.CS_5-4.image;model_alma_band_6_tr_500it;3;1 Butatrienylidene;0.0010030090270812437
DMTau.CS_5-4.image;model_alma_band_6_tr_500it;4;2 Trihydrogen ion;0.0010030090270812437
DMTau.CS_5-4.image;model_alma_band_6_tr_500it;5;3 Nitrous Oxide;0.0010030090270812437
TWHydra_CO3_2line.image;model_alma_band_6_tr_500it;1;81 Silicon Isocyanide;0.6927860696517413
TWHydra_CO3_2line.image;model_alma_band_6_tr_500it;2;19 Magnesium Cyanide;0.00870646766169154
TWHydra_CO3_2line.image;model_alma_band_6_tr_500it;3;101 Silicon tetracarbide;0.00870646766169154
TWHydra_CO3_2line.image;model_alma_band_6_tr_500it;4;114 Thioformaldehyde;0.00870646766169154
TWHydra_CO3_2line.image;model_alma_band_6_tr_500it;5;0 Dimethyl ether;0.0024875621890547263
uid___A002_Xa916fc_X668__IRS43_HCO32.final.image.pbcor;model_alma_band_6_tr_500it;1;15 Aluminum monoxide;0.9443531345386241
uid___A002_Xa916fc_X668__IRS43_HCO32.final.image.pbcor;model_alma_band_6_tr_500it;2;6 Methyl Cyanide;0.001643578304766377
uid___A002_Xa916fc_X668__IRS43_HCO32.final.image.pbcor;model_alma_band_6_tr_500it;3;0 Dimethyl ether;0.0004695938013618221
uid___A002_Xa916fc_X668__IRS43_HCO32.final.image.pbcor;model_alma_band_6_tr_500it;4;1 Butatrienylidene;0.0004695938013618221
uid___A002_Xa916fc_X668__IRS43_HCO32.final.image.pbcor;model_alma_band_6_tr_500it;5;2 Trihydrogen ion;0.0004695938013618221
HD163296_CO_2_1.image;model_alma_band_6_tr_500it;1;40 Aluminum Monofluoride;0.8102481985588471
HD163296_CO_2_1.image;model_alma_band_6_tr_500it;2;14 Iminomethylium;0.005604483586869495
HD163296_CO_2_1.image;model_alma_band_6_tr_500it;3;0 Dimethyl ether;0.001601281024819856
HD163296_CO_2_1.image;model_alma_band_6_tr_500it;4;1 Butatrienylidene;0.001601281024819856
HD163296_CO_2_1.image;model_alma_band_6_tr_500it;5;2 Trihydrogen ion;0.001601281024819856
Orion.methanol.cbc.contsub.image;model_alma_band_6_tr_500it;1;15 Aluminum monoxide;0.7528675703858185
Orion.methanol.cbc.contsub.image;model_alma_band_6_tr_500it;2;42 Aminoacetonitrile;0.0072992700729927
Orion.methanol.cbc.contsub.image;model_alma_band_6_tr_500it;3;0 Dimethyl ether;0.0020855057351407717
Orion.methanol.cbc.contsub.image;model_alma_band_6_tr_500it;4;1 Butatrienylidene;0.0020855057351407717
Orion.methanol.cbc.contsub.image;model_alma_band_6_tr_500it;5;2 Trihydrogen ion;0.0020855057351407717
Orion.HNC.cbc.contsub.image;model_alma_band_6_tr_500it;1;22 Chloronium;0.8791585127201564
Orion.HNC.cbc.contsub.image;model_alma_band_6_tr_500it;2;49 Water;0.003424657534246575
Orion.HNC.cbc.contsub.image;model_alma_band_6_tr_500it;3;92 Hydrogen sulfide;0.003424657534246575
Orion.HNC.cbc.contsub.image;model_alma_band_6_tr_500it;4;116 Cyanic acid;0.003424657534246575
Orion.HNC.cbc.contsub.image;model_alma_band_6_tr_500it;5;0 Dimethyl ether;0.0009784735812133072
TWHydra_HCOplusline.image;model_alma_band_6_tr_500it;1;81 Silicon Isocyanide;0.6990049751243781
TWHydra_HCOplusline.image;model_alma_band_6_tr_500it;2;65 Magnesium Isocyanide;0.00870646766169154
TWHydra_HCOplusline.image;model_alma_band_6_tr_500it;3;89 Phosphapropynylidyne;0.00870646766169154
TWHydra_HCOplusline.image;model_alma_band_6_tr_500it;4;0 Dimethyl ether;0.0024875621890547263
TWHydra_HCOplusline.image;model_alma_band_6_tr_500it;5;1 Butatrienylidene;0.0024875621890547263
