1;85 Formylium;0.07189542483660132
2;130 Isothiocyanic acid;0.05555555555555555
3;125 2-Butynenitrile;0.02287581699346405
4;0 Dimethyl ether;0.006535947712418301
5;1 Butatrienylidene;0.006535947712418301
6;2 Trihydrogen ion;0.006535947712418301
7;3 Nitrous Oxide;0.006535947712418301
8;4 Methyl Acetylene;0.006535947712418301
9;5 2,4,6-Heptatriynenitrile;0.006535947712418301
10;6 Ethylene Glycol;0.006535947712418301
11;7 2,4-Pentadiynylidyne;0.006535947712418301
12;8 Methyl Cyanide;0.006535947712418301
13;9 Thioformylium;0.006535947712418301
14;10 para-Oxidaniumyl;0.006535947712418301
15;11 Hydrogen Cyanide;0.006535947712418301
16;12 Titanium monoxide;0.006535947712418301
17;13 Cyanide Radical;0.006535947712418301
18;14 Formic Acid;0.006535947712418301
19;15 Nitric sulfide;0.006535947712418301
20;16 Iminomethylium;0.006535947712418301
21;17 Aluminum monoxide;0.006535947712418301
22;18 Methyl isocyanate;0.006535947712418301
23;19 Nitrosyl hydride;0.006535947712418301
24;20 Propynylidynium;0.006535947712418301
25;21 Magnesium Cyanide;0.006535947712418301
26;22 1,3-Butadiynyl anion;0.006535947712418301
27;23 Diazenylium;0.006535947712418301
28;24 Methylamine;0.006535947712418301
29;25 Chloronium;0.006535947712418301
30;26 Silicon monosulfide;0.006535947712418301
31;27 Phosphorus Monoxide;0.006535947712418301
32;28 Cyclopropenone;0.006535947712418301
33;29 Carbon Monoxide Ion;0.006535947712418301
34;30 Sodium Cyanide;0.006535947712418301
35;31 Nitric oxide;0.006535947712418301
36;32 3-Thioxo-1,2-Propadieylidene;0.006535947712418301
37;33 Silicon Cyanide;0.006535947712418301
38;34 Ethyne Isocyanide;0.006535947712418301
39;35 Sodium Chloride;0.006535947712418301
40;36 Cyanoacetylene;0.006535947712418301
41;37 Sulfur Monoxide;0.006535947712418301
42;38 Aluminum Isocyanitrile;0.006535947712418301
43;39 Cyanobutadiyne;0.006535947712418301
44;40 Potassium cyanide, potassium isocyanide;0.006535947712418301
45;41 Silicon Mononitride;0.006535947712418301
46;42 Carbon Monoxide;0.006535947712418301
47;43 Propadienylidene;0.006535947712418301
48;44 Methanimine;0.006535947712418301
49;45 Aluminum Monofluoride;0.006535947712418301
50;46 Formamide;0.006535947712418301
51;47 1,3,5,7-Octatetraynyl anion;0.006535947712418301
52;48 Aminoacetonitrile;0.006535947712418301
53;49 Ammonia;0.006535947712418301
54;50 gauche-Ethanol;0.006535947712418301
55;51 Protonate 2-proynenitrile;0.006535947712418301
56;52 Carbonyl Sulfide;0.006535947712418301
57;53 Thioxoethenylidene;0.006535947712418301
58;54 Ethyl cyanide;0.006535947712418301
59;55 Water;0.006535947712418301
60;56 Methyl Formate;0.006535947712418301
61;57 Acetaldehyde;0.006535947712418301
62;58 Ketenimine;0.006535947712418301
63;59 Propenal;0.006535947712418301
64;60 Methyl isocyanide;0.006535947712418301
65;61 iso-propyl cyanide;0.006535947712418301
66;62 Hydrogen cyanide;0.006535947712418301
67;63 Protonated Carbon Dioxide;0.006535947712418301
68;64 Methylidyne;0.006535947712418301
69;65 Ketene;0.006535947712418301
70;66 4-Cyano-1,3-Butadiynyl;0.006535947712418301
71;67 Silicon Monoxide;0.006535947712418301
72;68 Acetone;0.006535947712418301
73;69 Vinyl Cyanide;0.006535947712418301
74;70 3-Imino-1,2 Propadienylidene;0.006535947712418301
75;71 Silicon monoxide (global fit);0.006535947712418301
76;72 Cyclopropenylidene;0.006535947712418301
77;73 Magnesium Isocyanide;0.006535947712418301
78;74 2,4,6-Heptatriynylidyne;0.006535947712418301
79;75 Cyanobutadiynylide anion;0.006535947712418301
80;76 Formaldehyde;0.006535947712418301
81;77 Carbon Monosulfide;0.006535947712418301
82;78 Fulminic acid;0.006535947712418301
83;79 1,3,5-Hexatriynyl;0.006535947712418301
84;80 3-Silanetetrayl-1,2-Propadienylidene;0.006535947712418301
85;81 1,3-Butadiynyl radical;0.006535947712418301
86;82 trans-Ethanol;0.006535947712418301
87;83 Silicon Carbide;0.006535947712418301
88;84 1,3,5-Hexatriynyl anion;0.006535947712418301
89;86 Ethylene Oxide;0.006535947712418301
90;87 Sulfur dioxide;0.006535947712418301
91;88 Carbon Monophosphide;0.006535947712418301
92;89 Sulfur Monoxide ion;0.006535947712418301
93;90 Methanol;0.006535947712418301
94;91 Sulfur Dioxide;0.006535947712418301
95;92 Cyanoformaldehyde;0.006535947712418301
96;93 Isocyanic Acid;0.006535947712418301
97;94 Silicon Isocyanide;0.006535947712418301
98;95 Methylene amidogen;0.006535947712418301
99;96 Silicon Monocarbide;0.006535947712418301
100;97 Phosphaethyne;0.006535947712418301
101;98 Aluminum Monochloride;0.006535947712418301
102;99 Cyanoallene;0.006535947712418301
103;100 3-Oxo-1,2-Propadienylidene;0.006535947712418301
104;101 Methyl diacetylene;0.006535947712418301
105;102 Cyanomethylene;0.006535947712418301
106;103 Phosphapropynylidyne;0.006535947712418301
107;104 Cyanomethyl;0.006535947712418301
108;105 Hydrogen Isocyanide;0.006535947712418301
109;106 Hydrogen sulfide;0.006535947712418301
110;107 Hydroxyl;0.006535947712418301
111;108 Glycolaldehyde;0.006535947712418301
112;109 Cyanide anion;0.006535947712418301
113;110 2-Propynal;0.006535947712418301
114;111 Ethynyl;0.006535947712418301
115;112 Phosphorous nitride;0.006535947712418301
116;113 Magnesium hydride isocyanide;0.006535947712418301
117;114 Potassium chloride;0.006535947712418301
118;115 Silicon tetracarbide;0.006535947712418301
119;116 Ethyl Cyanide;0.006535947712418301
120;117 Cyanamide;0.006535947712418301
121;118 Amidogen;0.006535947712418301
122;119 Hydroxymethylidyne;0.006535947712418301
123;120 Formyl Radical;0.006535947712418301
124;121 Vinyl Alcohol;0.006535947712418301
125;122 ortho-Oxidaniumyl;0.006535947712418301
126;123 Cyanoethynylide ion;0.006535947712418301
127;124 Oxoethenylidene;0.006535947712418301
128;126 Cyanoethynyl;0.006535947712418301
129;127 3-Cyano-1,2-propadienylidene;0.006535947712418301
130;128 Hydroxymethylium ion;0.006535947712418301
131;129 Thioformaldehyde;0.006535947712418301
132;131 Methyl formate, v<sub>t</sub> = 0, 1;0.006535947712418301
133;132 Cyanic acid;0.006535947712418301
