1;89 Sulfur Monoxide ion;0.12138728323699421
2;77 Carbon Monosulfide;0.04913294797687861
3;26 Silicon monosulfide;0.03468208092485549
4;28 Cyclopropenone;0.03468208092485549
5;53 Thioxoethenylidene;0.020231213872832367
6;0 Dimethyl ether;0.005780346820809248
7;1 Butatrienylidene;0.005780346820809248
8;2 Trihydrogen ion;0.005780346820809248
9;3 Nitrous Oxide;0.005780346820809248
10;4 Methyl Acetylene;0.005780346820809248
11;5 2,4,6-Heptatriynenitrile;0.005780346820809248
12;6 Ethylene Glycol;0.005780346820809248
13;7 2,4-Pentadiynylidyne;0.005780346820809248
14;8 Methyl Cyanide;0.005780346820809248
15;9 Thioformylium;0.005780346820809248
16;10 para-Oxidaniumyl;0.005780346820809248
17;11 Hydrogen Cyanide;0.005780346820809248
18;12 Titanium monoxide;0.005780346820809248
19;13 Cyanide Radical;0.005780346820809248
20;14 Formic Acid;0.005780346820809248
21;15 Nitric sulfide;0.005780346820809248
22;16 Iminomethylium;0.005780346820809248
23;17 Aluminum monoxide;0.005780346820809248
24;18 Methyl isocyanate;0.005780346820809248
25;19 Nitrosyl hydride;0.005780346820809248
26;20 Propynylidynium;0.005780346820809248
27;21 Magnesium Cyanide;0.005780346820809248
28;22 1,3-Butadiynyl anion;0.005780346820809248
29;23 Diazenylium;0.005780346820809248
30;24 Methylamine;0.005780346820809248
31;25 Chloronium;0.005780346820809248
32;27 Phosphorus Monoxide;0.005780346820809248
33;29 Carbon Monoxide Ion;0.005780346820809248
34;30 Sodium Cyanide;0.005780346820809248
35;31 Nitric oxide;0.005780346820809248
36;32 3-Thioxo-1,2-Propadieylidene;0.005780346820809248
37;33 Silicon Cyanide;0.005780346820809248
38;34 Ethyne Isocyanide;0.005780346820809248
39;35 Sodium Chloride;0.005780346820809248
40;36 Cyanoacetylene;0.005780346820809248
41;37 Sulfur Monoxide;0.005780346820809248
42;38 Aluminum Isocyanitrile;0.005780346820809248
43;39 Cyanobutadiyne;0.005780346820809248
44;40 Potassium cyanide, potassium isocyanide;0.005780346820809248
45;41 Silicon Mononitride;0.005780346820809248
46;42 Carbon Monoxide;0.005780346820809248
47;43 Propadienylidene;0.005780346820809248
48;44 Methanimine;0.005780346820809248
49;45 Aluminum Monofluoride;0.005780346820809248
50;46 Formamide;0.005780346820809248
51;47 1,3,5,7-Octatetraynyl anion;0.005780346820809248
52;48 Aminoacetonitrile;0.005780346820809248
53;49 Ammonia;0.005780346820809248
54;50 gauche-Ethanol;0.005780346820809248
55;51 Protonate 2-proynenitrile;0.005780346820809248
56;52 Carbonyl Sulfide;0.005780346820809248
57;54 Ethyl cyanide;0.005780346820809248
58;55 Water;0.005780346820809248
59;56 Methyl Formate;0.005780346820809248
60;57 Acetaldehyde;0.005780346820809248
61;58 Ketenimine;0.005780346820809248
62;59 Propenal;0.005780346820809248
63;60 Methyl isocyanide;0.005780346820809248
64;61 iso-propyl cyanide;0.005780346820809248
65;62 Hydrogen cyanide;0.005780346820809248
66;63 Protonated Carbon Dioxide;0.005780346820809248
67;64 Methylidyne;0.005780346820809248
68;65 Ketene;0.005780346820809248
69;66 4-Cyano-1,3-Butadiynyl;0.005780346820809248
70;67 Silicon Monoxide;0.005780346820809248
71;68 Acetone;0.005780346820809248
72;69 Vinyl Cyanide;0.005780346820809248
73;70 3-Imino-1,2 Propadienylidene;0.005780346820809248
74;71 Silicon monoxide (global fit);0.005780346820809248
75;72 Cyclopropenylidene;0.005780346820809248
76;73 Magnesium Isocyanide;0.005780346820809248
77;74 2,4,6-Heptatriynylidyne;0.005780346820809248
78;75 Cyanobutadiynylide anion;0.005780346820809248
79;76 Formaldehyde;0.005780346820809248
80;78 Fulminic acid;0.005780346820809248
81;79 1,3,5-Hexatriynyl;0.005780346820809248
82;80 3-Silanetetrayl-1,2-Propadienylidene;0.005780346820809248
83;81 1,3-Butadiynyl radical;0.005780346820809248
84;82 trans-Ethanol;0.005780346820809248
85;83 Silicon Carbide;0.005780346820809248
86;84 1,3,5-Hexatriynyl anion;0.005780346820809248
87;85 Formylium;0.005780346820809248
88;86 Ethylene Oxide;0.005780346820809248
89;87 Sulfur dioxide;0.005780346820809248
90;88 Carbon Monophosphide;0.005780346820809248
91;90 Methanol;0.005780346820809248
92;91 Sulfur Dioxide;0.005780346820809248
93;92 Cyanoformaldehyde;0.005780346820809248
94;93 Isocyanic Acid;0.005780346820809248
95;94 Silicon Isocyanide;0.005780346820809248
96;95 Methylene amidogen;0.005780346820809248
97;96 Silicon Monocarbide;0.005780346820809248
98;97 Phosphaethyne;0.005780346820809248
99;98 Aluminum Monochloride;0.005780346820809248
100;99 Cyanoallene;0.005780346820809248
101;100 3-Oxo-1,2-Propadienylidene;0.005780346820809248
102;101 Methyl diacetylene;0.005780346820809248
103;102 Cyanomethylene;0.005780346820809248
104;103 Phosphapropynylidyne;0.005780346820809248
105;104 Cyanomethyl;0.005780346820809248
106;105 Hydrogen Isocyanide;0.005780346820809248
107;106 Hydrogen sulfide;0.005780346820809248
108;107 Hydroxyl;0.005780346820809248
109;108 Glycolaldehyde;0.005780346820809248
110;109 Cyanide anion;0.005780346820809248
111;110 2-Propynal;0.005780346820809248
112;111 Ethynyl;0.005780346820809248
113;112 Phosphorous nitride;0.005780346820809248
114;113 Magnesium hydride isocyanide;0.005780346820809248
115;114 Potassium chloride;0.005780346820809248
116;115 Silicon tetracarbide;0.005780346820809248
117;116 Ethyl Cyanide;0.005780346820809248
118;117 Cyanamide;0.005780346820809248
119;118 Amidogen;0.005780346820809248
120;119 Hydroxymethylidyne;0.005780346820809248
121;120 Formyl Radical;0.005780346820809248
122;121 Vinyl Alcohol;0.005780346820809248
123;122 ortho-Oxidaniumyl;0.005780346820809248
124;123 Cyanoethynylide ion;0.005780346820809248
125;124 Oxoethenylidene;0.005780346820809248
126;125 2-Butynenitrile;0.005780346820809248
127;126 Cyanoethynyl;0.005780346820809248
128;127 3-Cyano-1,2-propadienylidene;0.005780346820809248
129;128 Hydroxymethylium ion;0.005780346820809248
130;129 Thioformaldehyde;0.005780346820809248
131;130 Isothiocyanic acid;0.005780346820809248
132;131 Methyl formate, v<sub>t</sub> = 0, 1;0.005780346820809248
133;132 Cyanic acid;0.005780346820809248
