1;94 Carbon Monosulfide;0.0437956204379562
2;0 Butatrienylidene;0.0072992700729927005
3;1 Dimethyl ether;0.0072992700729927005
4;2 Trihydrogen ion;0.0072992700729927005
5;3 Nitrous Oxide;0.0072992700729927005
6;4 Methyl Acetylene;0.0072992700729927005
7;5 Ethylene Glycol;0.0072992700729927005
8;6 2,4-Pentadiynylidyne;0.0072992700729927005
9;7 Methyl Cyanide;0.0072992700729927005
10;8 Thioformylium;0.0072992700729927005
11;9 Hydrogen Cyanide;0.0072992700729927005
12;10 Titanium monoxide;0.0072992700729927005
13;11 Cyanide Radical;0.0072992700729927005
14;12 Formic Acid;0.0072992700729927005
15;13 Nitric sulfide;0.0072992700729927005
16;14 Iminomethylium;0.0072992700729927005
17;15 Hydrogen cyanide;0.0072992700729927005
18;16 Aluminum monoxide;0.0072992700729927005
19;17 Nitrosyl hydride;0.0072992700729927005
20;18 Methyl isocyanate;0.0072992700729927005
21;19 Propynylidynium;0.0072992700729927005
22;20 Magnesium Cyanide;0.0072992700729927005
23;21 1,3-Butadiynyl anion;0.0072992700729927005
24;22 Diazenylium;0.0072992700729927005
25;23 Methylamine;0.0072992700729927005
26;24 Phosphorus Monoxide;0.0072992700729927005
27;25 Silicon monosulfide;0.0072992700729927005
28;26 Cyclopropenone;0.0072992700729927005
29;27 Carbon Monoxide Ion;0.0072992700729927005
30;28 Sodium Cyanide;0.0072992700729927005
31;29 Nitric oxide;0.0072992700729927005
32;30 3-Thioxo-1,2-Propadieylidene;0.0072992700729927005
33;31 Silicon Cyanide;0.0072992700729927005
34;32 Ethyne Isocyanide;0.0072992700729927005
35;33 Sodium Chloride;0.0072992700729927005
36;34 Cyanoacetylene;0.0072992700729927005
37;35 Sulfur Monoxide;0.0072992700729927005
38;36 Aluminum Isocyanitrile;0.0072992700729927005
39;37 Cyanobutadiyne;0.0072992700729927005
40;38 Potassium cyanide, potassium isocyanide;0.0072992700729927005
41;39 Molecular oxygen;0.0072992700729927005
42;40 Silicon Mononitride;0.0072992700729927005
43;41 Carbon Monoxide;0.0072992700729927005
44;42 Propadienylidene;0.0072992700729927005
45;43 Methanimine;0.0072992700729927005
46;44 Aluminum Monofluoride;0.0072992700729927005
47;45 Formamide;0.0072992700729927005
48;46 1,3,5,7-Octatetraynyl anion;0.0072992700729927005
49;47 Aminoacetonitrile;0.0072992700729927005
50;48 Ammonia;0.0072992700729927005
51;49 gauche-Ethanol;0.0072992700729927005
52;50 Protonate 2-proynenitrile;0.0072992700729927005
53;51 Carbonyl Sulfide;0.0072992700729927005
54;52 Thioxoethenylidene;0.0072992700729927005
55;53 Ethyl cyanide;0.0072992700729927005
56;54 Water;0.0072992700729927005
57;55 Methyl Formate;0.0072992700729927005
58;56 Acetaldehyde;0.0072992700729927005
59;57 Ketenimine;0.0072992700729927005
60;58 Propenal;0.0072992700729927005
61;59 Methyl isocyanide;0.0072992700729927005
62;60 iso-propyl cyanide;0.0072992700729927005
63;61 Protonated Carbon Dioxide;0.0072992700729927005
64;62 Ketene;0.0072992700729927005
65;63 Silicon Monoxide;0.0072992700729927005
66;64 Vinyl Cyanide;0.0072992700729927005
67;65 Acetone;0.0072992700729927005
68;66 3-Imino-1,2 Propadienylidene;0.0072992700729927005
69;67 Cyclopropenylidene;0.0072992700729927005
70;68 Silicon monoxide (global fit);0.0072992700729927005
71;69 Magnesium Isocyanide;0.0072992700729927005
72;70 Formaldehyde;0.0072992700729927005
73;71 Cyanobutadiynylide anion;0.0072992700729927005
74;72 Carbon Monosulfide;0.0072992700729927005
75;73 Fulminic acid;0.0072992700729927005
76;74 1,3,5-Hexatriynyl;0.0072992700729927005
77;75 1,3-Butadiynyl radical;0.0072992700729927005
78;76 trans-Ethanol;0.0072992700729927005
79;77 Silicon Carbide;0.0072992700729927005
80;78 1,3,5-Hexatriynyl anion;0.0072992700729927005
81;79 Silicon monosulfide;0.0072992700729927005
82;80 Oxonium hydride;0.0072992700729927005
83;81 Formylium;0.0072992700729927005
84;82 Ethylene Oxide;0.0072992700729927005
85;83 Sulfur dioxide;0.0072992700729927005
86;84 Carbon Monophosphide;0.0072992700729927005
87;85 Sulfur Monoxide ion;0.0072992700729927005
88;86 Methanol;0.0072992700729927005
89;87 Sulfur Dioxide;0.0072992700729927005
90;88 Isocyanic Acid;0.0072992700729927005
91;89 Cyanoformaldehyde;0.0072992700729927005
92;90 Silicon Isocyanide;0.0072992700729927005
93;91 Methylene amidogen;0.0072992700729927005
94;92 Silicon Monocarbide;0.0072992700729927005
95;93 Phosphaethyne;0.0072992700729927005
96;95 Aluminum Monochloride;0.0072992700729927005
97;96 Cyanoallene;0.0072992700729927005
98;97 3-Oxo-1,2-Propadienylidene;0.0072992700729927005
99;98 Methyl diacetylene;0.0072992700729927005
100;99 Cyanomethylene;0.0072992700729927005
101;100 Phosphapropynylidyne;0.0072992700729927005
102;101 Cyanomethyl;0.0072992700729927005
103;102 Hydrogen Isocyanide;0.0072992700729927005
104;103 Hydrogen sulfide;0.0072992700729927005
105;104 Glycolaldehyde;0.0072992700729927005
106;105 Cyanide anion;0.0072992700729927005
107;106 2-Propynal;0.0072992700729927005
108;107 Ethynyl;0.0072992700729927005
109;108 Phosphorous nitride;0.0072992700729927005
110;109 Magnesium hydride isocyanide;0.0072992700729927005
111;110 Potassium chloride;0.0072992700729927005
112;111 Silicon tetracarbide;0.0072992700729927005
113;112 Ethyl Cyanide;0.0072992700729927005
114;113 Cyanamide;0.0072992700729927005
115;114 Amidogen;0.0072992700729927005
116;115 Formyl Radical;0.0072992700729927005
117;116 Hydroxymethylidyne;0.0072992700729927005
118;117 3-Silanetetrayl-1,2-Propadienylidene;0.0072992700729927005
119;118 Vinyl Alcohol;0.0072992700729927005
120;119 ortho-Oxidaniumyl;0.0072992700729927005
121;120 Oxoethenylidene;0.0072992700729927005
122;121 Cyanoethynylide ion;0.0072992700729927005
123;122 2-Butynenitrile;0.0072992700729927005
124;123 Cyanoethynyl;0.0072992700729927005
125;124 Fluoromethyliumylidene;0.0072992700729927005
126;125 3-Cyano-1,2-propadienylidene;0.0072992700729927005
127;126 Vinyl Cyanide;0.0072992700729927005
128;127 Hydroxymethylium ion;0.0072992700729927005
129;128 Thioformaldehyde;0.0072992700729927005
130;129 Isothiocyanic acid;0.0072992700729927005
131;130 Methyl formate, v<sub>t</sub> = 0, 1;0.0072992700729927005
132;131 Cyanic acid;0.0072992700729927005
