1;65 Silicon Monoxide;0.7343283582089551
2;12 Carbon Monosulfide;0.007960199004975126
3;51 Ethyne Isocyanide;0.007960199004975126
4;61 Fluoromethyliumylidene;0.007960199004975126
5;0 Isocyanic Acid;0.0029850746268656717
6;1 Propenal;0.0029850746268656717
7;2 Ketene;0.0029850746268656717
8;3 Oxonium hydride;0.0029850746268656717
9;4 Thioformylium;0.0029850746268656717
10;5 Vinyl Cyanide;0.0029850746268656717
11;6 Methyl Formate;0.0029850746268656717
12;7 Hydroxyl;0.0029850746268656717
13;8 Methyliumylidene;0.0029850746268656717
14;9 Iminomethylium;0.0029850746268656717
15;10 Hydroxymethylium ion;0.0029850746268656717
16;11 2-Propynal;0.0029850746268656717
17;13 Cyanomethyl;0.0029850746268656717
18;14 Methyl Acetylene;0.0029850746268656717
19;15 2-Butynenitrile;0.0029850746268656717
20;16 Methyl formate vt01;0.0029850746268656717
21;17 Ethyl Cyanide;0.0029850746268656717
22;18 gauche-Ethanol;0.0029850746268656717
23;19 Glycolaldehyde;0.0029850746268656717
24;20 Water;0.0029850746268656717
25;21 Hydrogen sulfide;0.0029850746268656717
26;22 Sulfur Monoxide ion;0.0029850746268656717
27;23 1,3-Butadiynyl radical;0.0029850746268656717
28;24 Formylium;0.0029850746268656717
29;25 Fulminic acid;0.0029850746268656717
30;26 Trihydrogen ion;0.0029850746268656717
31;27 Methanimine;0.0029850746268656717
32;28 Nitrous Oxide;0.0029850746268656717
33;29 Propadienylidene;0.0029850746268656717
34;30 Ethylene Oxide;0.0029850746268656717
35;31 Ketenimine;0.0029850746268656717
36;32 2,4,6-Heptatriynenitrile;0.0029850746268656717
37;33 Aminoacetonitrile;0.0029850746268656717
38;34 Methanol;0.0029850746268656717
39;35 Ammonia;0.0029850746268656717
40;36 Formyl Radical;0.0029850746268656717
41;37 Methyl Cyanide;0.0029850746268656717
42;38 Molecular oxygen;0.0029850746268656717
43;39 Cyclopropenone;0.0029850746268656717
44;40 Carbonyl Sulfide;0.0029850746268656717
45;41 Acetaldehyde;0.0029850746268656717
46;42 Cyanomethylene;0.0029850746268656717
47;43 3-Thioxo-1,2-Propadieylidene;0.0029850746268656717
48;44 Formamide;0.0029850746268656717
49;45 Cyanobutadiyne;0.0029850746268656717
50;46 Sulfur Dioxide;0.0029850746268656717
51;47 Methyl isocyanide;0.0029850746268656717
52;48 Nitric sulfide;0.0029850746268656717
53;49 Methylene;0.0029850746268656717
54;50 Hydrochloric acid;0.0029850746268656717
55;52 Cyanide Radical;0.0029850746268656717
56;53 Nitric oxide;0.0029850746268656717
57;54 Cyanic acid;0.0029850746268656717
58;55 Formaldehyde;0.0029850746268656717
59;56 Sulfur Monoxide;0.0029850746268656717
60;57 Protonate 2-proynenitrile;0.0029850746268656717
61;58 Ethynyl;0.0029850746268656717
62;59 Ethylene Glycol;0.0029850746268656717
63;60 Hydrogen Cyanide;0.0029850746268656717
64;62 Methylidyne;0.0029850746268656717
65;63 Thioxoethenylidene;0.0029850746268656717
66;64 Cyanomethanimine;0.0029850746268656717
67;66 Dimethyl ether;0.0029850746268656717
68;67 Acetone;0.0029850746268656717
69;68 Carbon Monoxide;0.0029850746268656717
70;69 Phosphorous nitride;0.0029850746268656717
71;70 Thioformaldehyde;0.0029850746268656717
72;71 Diazenylium;0.0029850746268656717
73;72 Cyanoformaldehyde;0.0029850746268656717
74;73 Isothiocyanic acid;0.0029850746268656717
75;74 Vinyl Alcohol;0.0029850746268656717
76;75 Hydrogen Isocyanide;0.0029850746268656717
77;76 Carbon Monosulfide;0.0029850746268656717
78;77 Methylamine;0.0029850746268656717
79;78 Protonated Carbon Dioxide;0.0029850746268656717
80;79 Formic Acid;0.0029850746268656717
81;80 Cyclopropenylidene;0.0029850746268656717
82;81 Cyanoacetylene;0.0029850746268656717
83;82 para-Oxidaniumyl;0.0029850746268656717
84;83 ortho-Oxidaniumyl;0.0029850746268656717
85;84 Nitrosyl hydride;0.0029850746268656717
