1;28 Nitrous Oxide;0.6149253731343284
2;58 Ethynyl;0.1373134328358209
3;0 Isocyanic Acid;0.0029850746268656717
4;1 Propenal;0.0029850746268656717
5;2 Ketene;0.0029850746268656717
6;3 Oxonium hydride;0.0029850746268656717
7;4 Thioformylium;0.0029850746268656717
8;5 Vinyl Cyanide;0.0029850746268656717
9;6 Methyl Formate;0.0029850746268656717
10;7 Hydroxyl;0.0029850746268656717
11;8 Methyliumylidene;0.0029850746268656717
12;9 Iminomethylium;0.0029850746268656717
13;10 Hydroxymethylium ion;0.0029850746268656717
14;11 2-Propynal;0.0029850746268656717
15;12 Carbon Monosulfide;0.0029850746268656717
16;13 Cyanomethyl;0.0029850746268656717
17;14 Methyl Acetylene;0.0029850746268656717
18;15 2-Butynenitrile;0.0029850746268656717
19;16 Methyl formate vt01;0.0029850746268656717
20;17 Ethyl Cyanide;0.0029850746268656717
21;18 gauche-Ethanol;0.0029850746268656717
22;19 Glycolaldehyde;0.0029850746268656717
23;20 Water;0.0029850746268656717
24;21 Hydrogen sulfide;0.0029850746268656717
25;22 Sulfur Monoxide ion;0.0029850746268656717
26;23 1,3-Butadiynyl radical;0.0029850746268656717
27;24 Formylium;0.0029850746268656717
28;25 Fulminic acid;0.0029850746268656717
29;26 Trihydrogen ion;0.0029850746268656717
30;27 Methanimine;0.0029850746268656717
31;29 Propadienylidene;0.0029850746268656717
32;30 Ethylene Oxide;0.0029850746268656717
33;31 Ketenimine;0.0029850746268656717
34;32 2,4,6-Heptatriynenitrile;0.0029850746268656717
35;33 Aminoacetonitrile;0.0029850746268656717
36;34 Methanol;0.0029850746268656717
37;35 Ammonia;0.0029850746268656717
38;36 Formyl Radical;0.0029850746268656717
39;37 Methyl Cyanide;0.0029850746268656717
40;38 Molecular oxygen;0.0029850746268656717
41;39 Cyclopropenone;0.0029850746268656717
42;40 Carbonyl Sulfide;0.0029850746268656717
43;41 Acetaldehyde;0.0029850746268656717
44;42 Cyanomethylene;0.0029850746268656717
45;43 3-Thioxo-1,2-Propadieylidene;0.0029850746268656717
46;44 Formamide;0.0029850746268656717
47;45 Cyanobutadiyne;0.0029850746268656717
48;46 Sulfur Dioxide;0.0029850746268656717
49;47 Methyl isocyanide;0.0029850746268656717
50;48 Nitric sulfide;0.0029850746268656717
51;49 Methylene;0.0029850746268656717
52;50 Hydrochloric acid;0.0029850746268656717
53;51 Ethyne Isocyanide;0.0029850746268656717
54;52 Cyanide Radical;0.0029850746268656717
55;53 Nitric oxide;0.0029850746268656717
56;54 Cyanic acid;0.0029850746268656717
57;55 Formaldehyde;0.0029850746268656717
58;56 Sulfur Monoxide;0.0029850746268656717
59;57 Protonate 2-proynenitrile;0.0029850746268656717
60;59 Ethylene Glycol;0.0029850746268656717
61;60 Hydrogen Cyanide;0.0029850746268656717
62;61 Fluoromethyliumylidene;0.0029850746268656717
63;62 Methylidyne;0.0029850746268656717
64;63 Thioxoethenylidene;0.0029850746268656717
65;64 Cyanomethanimine;0.0029850746268656717
66;65 Silicon Monoxide;0.0029850746268656717
67;66 Dimethyl ether;0.0029850746268656717
68;67 Acetone;0.0029850746268656717
69;68 Carbon Monoxide;0.0029850746268656717
70;69 Phosphorous nitride;0.0029850746268656717
71;70 Thioformaldehyde;0.0029850746268656717
72;71 Diazenylium;0.0029850746268656717
73;72 Cyanoformaldehyde;0.0029850746268656717
74;73 Isothiocyanic acid;0.0029850746268656717
75;74 Vinyl Alcohol;0.0029850746268656717
76;75 Hydrogen Isocyanide;0.0029850746268656717
77;76 Carbon Monosulfide;0.0029850746268656717
78;77 Methylamine;0.0029850746268656717
79;78 Protonated Carbon Dioxide;0.0029850746268656717
80;79 Formic Acid;0.0029850746268656717
81;80 Cyclopropenylidene;0.0029850746268656717
82;81 Cyanoacetylene;0.0029850746268656717
83;82 para-Oxidaniumyl;0.0029850746268656717
84;83 ortho-Oxidaniumyl;0.0029850746268656717
85;84 Nitrosyl hydride;0.0029850746268656717
