1;71 Diazenylium;0.7213414634146341
2;9 Iminomethylium;0.12682926829268293
3;0 Isocyanic Acid;0.0018292682926829267
4;1 Propenal;0.0018292682926829267
5;2 Ketene;0.0018292682926829267
6;3 Oxonium hydride;0.0018292682926829267
7;4 Thioformylium;0.0018292682926829267
8;5 Vinyl Cyanide;0.0018292682926829267
9;6 Methyl Formate;0.0018292682926829267
10;7 Hydroxyl;0.0018292682926829267
11;8 Methyliumylidene;0.0018292682926829267
12;10 Hydroxymethylium ion;0.0018292682926829267
13;11 2-Propynal;0.0018292682926829267
14;12 Carbon Monosulfide;0.0018292682926829267
15;13 Cyanomethyl;0.0018292682926829267
16;14 Methyl Acetylene;0.0018292682926829267
17;15 2-Butynenitrile;0.0018292682926829267
18;16 Methyl formate vt01;0.0018292682926829267
19;17 Ethyl Cyanide;0.0018292682926829267
20;18 gauche-Ethanol;0.0018292682926829267
21;19 Glycolaldehyde;0.0018292682926829267
22;20 Water;0.0018292682926829267
23;21 Hydrogen sulfide;0.0018292682926829267
24;22 Sulfur Monoxide ion;0.0018292682926829267
25;23 1,3-Butadiynyl radical;0.0018292682926829267
26;24 Formylium;0.0018292682926829267
27;25 Fulminic acid;0.0018292682926829267
28;26 Trihydrogen ion;0.0018292682926829267
29;27 Methanimine;0.0018292682926829267
30;28 Nitrous Oxide;0.0018292682926829267
31;29 Propadienylidene;0.0018292682926829267
32;30 Ethylene Oxide;0.0018292682926829267
33;31 Ketenimine;0.0018292682926829267
34;32 2,4,6-Heptatriynenitrile;0.0018292682926829267
35;33 Aminoacetonitrile;0.0018292682926829267
36;34 Methanol;0.0018292682926829267
37;35 Ammonia;0.0018292682926829267
38;36 Formyl Radical;0.0018292682926829267
39;37 Methyl Cyanide;0.0018292682926829267
40;38 Molecular oxygen;0.0018292682926829267
41;39 Cyclopropenone;0.0018292682926829267
42;40 Carbonyl Sulfide;0.0018292682926829267
43;41 Acetaldehyde;0.0018292682926829267
44;42 Cyanomethylene;0.0018292682926829267
45;43 3-Thioxo-1,2-Propadieylidene;0.0018292682926829267
46;44 Formamide;0.0018292682926829267
47;45 Cyanobutadiyne;0.0018292682926829267
48;46 Sulfur Dioxide;0.0018292682926829267
49;47 Methyl isocyanide;0.0018292682926829267
50;48 Nitric sulfide;0.0018292682926829267
51;49 Methylene;0.0018292682926829267
52;50 Hydrochloric acid;0.0018292682926829267
53;51 Ethyne Isocyanide;0.0018292682926829267
54;52 Cyanide Radical;0.0018292682926829267
55;53 Nitric oxide;0.0018292682926829267
56;54 Cyanic acid;0.0018292682926829267
57;55 Formaldehyde;0.0018292682926829267
58;56 Sulfur Monoxide;0.0018292682926829267
59;57 Protonate 2-proynenitrile;0.0018292682926829267
60;58 Ethynyl;0.0018292682926829267
61;59 Ethylene Glycol;0.0018292682926829267
62;60 Hydrogen Cyanide;0.0018292682926829267
63;61 Fluoromethyliumylidene;0.0018292682926829267
64;62 Methylidyne;0.0018292682926829267
65;63 Thioxoethenylidene;0.0018292682926829267
66;64 Cyanomethanimine;0.0018292682926829267
67;65 Silicon Monoxide;0.0018292682926829267
68;66 Dimethyl ether;0.0018292682926829267
69;67 Acetone;0.0018292682926829267
70;68 Carbon Monoxide;0.0018292682926829267
71;69 Phosphorous nitride;0.0018292682926829267
72;70 Thioformaldehyde;0.0018292682926829267
73;72 Cyanoformaldehyde;0.0018292682926829267
74;73 Isothiocyanic acid;0.0018292682926829267
75;74 Vinyl Alcohol;0.0018292682926829267
76;75 Hydrogen Isocyanide;0.0018292682926829267
77;76 Carbon Monosulfide;0.0018292682926829267
78;77 Methylamine;0.0018292682926829267
79;78 Protonated Carbon Dioxide;0.0018292682926829267
80;79 Formic Acid;0.0018292682926829267
81;80 Cyclopropenylidene;0.0018292682926829267
82;81 Cyanoacetylene;0.0018292682926829267
83;82 para-Oxidaniumyl;0.0018292682926829267
84;83 ortho-Oxidaniumyl;0.0018292682926829267
85;84 Nitrosyl hydride;0.0018292682926829267
