1;75 Hydrogen Isocyanide;0.8310975609756098
2;4 Thioformylium;0.004878048780487805
3;19 Glycolaldehyde;0.004878048780487805
4;29 Propadienylidene;0.004878048780487805
5;72 Cyanoformaldehyde;0.004878048780487805
6;74 Vinyl Alcohol;0.004878048780487805
7;0 Isocyanic Acid;0.0018292682926829267
8;1 Propenal;0.0018292682926829267
9;2 Ketene;0.0018292682926829267
10;3 Oxonium hydride;0.0018292682926829267
11;5 Vinyl Cyanide;0.0018292682926829267
12;6 Methyl Formate;0.0018292682926829267
13;7 Hydroxyl;0.0018292682926829267
14;8 Methyliumylidene;0.0018292682926829267
15;9 Iminomethylium;0.0018292682926829267
16;10 Hydroxymethylium ion;0.0018292682926829267
17;11 2-Propynal;0.0018292682926829267
18;12 Carbon Monosulfide;0.0018292682926829267
19;13 Cyanomethyl;0.0018292682926829267
20;14 Methyl Acetylene;0.0018292682926829267
21;15 2-Butynenitrile;0.0018292682926829267
22;16 Methyl formate vt01;0.0018292682926829267
23;17 Ethyl Cyanide;0.0018292682926829267
24;18 gauche-Ethanol;0.0018292682926829267
25;20 Water;0.0018292682926829267
26;21 Hydrogen sulfide;0.0018292682926829267
27;22 Sulfur Monoxide ion;0.0018292682926829267
28;23 1,3-Butadiynyl radical;0.0018292682926829267
29;24 Formylium;0.0018292682926829267
30;25 Fulminic acid;0.0018292682926829267
31;26 Trihydrogen ion;0.0018292682926829267
32;27 Methanimine;0.0018292682926829267
33;28 Nitrous Oxide;0.0018292682926829267
34;30 Ethylene Oxide;0.0018292682926829267
35;31 Ketenimine;0.0018292682926829267
36;32 2,4,6-Heptatriynenitrile;0.0018292682926829267
37;33 Aminoacetonitrile;0.0018292682926829267
38;34 Methanol;0.0018292682926829267
39;35 Ammonia;0.0018292682926829267
40;36 Formyl Radical;0.0018292682926829267
41;37 Methyl Cyanide;0.0018292682926829267
42;38 Molecular oxygen;0.0018292682926829267
43;39 Cyclopropenone;0.0018292682926829267
44;40 Carbonyl Sulfide;0.0018292682926829267
45;41 Acetaldehyde;0.0018292682926829267
46;42 Cyanomethylene;0.0018292682926829267
47;43 3-Thioxo-1,2-Propadieylidene;0.0018292682926829267
48;44 Formamide;0.0018292682926829267
49;45 Cyanobutadiyne;0.0018292682926829267
50;46 Sulfur Dioxide;0.0018292682926829267
51;47 Methyl isocyanide;0.0018292682926829267
52;48 Nitric sulfide;0.0018292682926829267
53;49 Methylene;0.0018292682926829267
54;50 Hydrochloric acid;0.0018292682926829267
55;51 Ethyne Isocyanide;0.0018292682926829267
56;52 Cyanide Radical;0.0018292682926829267
57;53 Nitric oxide;0.0018292682926829267
58;54 Cyanic acid;0.0018292682926829267
59;55 Formaldehyde;0.0018292682926829267
60;56 Sulfur Monoxide;0.0018292682926829267
61;57 Protonate 2-proynenitrile;0.0018292682926829267
62;58 Ethynyl;0.0018292682926829267
63;59 Ethylene Glycol;0.0018292682926829267
64;60 Hydrogen Cyanide;0.0018292682926829267
65;61 Fluoromethyliumylidene;0.0018292682926829267
66;62 Methylidyne;0.0018292682926829267
67;63 Thioxoethenylidene;0.0018292682926829267
68;64 Cyanomethanimine;0.0018292682926829267
69;65 Silicon Monoxide;0.0018292682926829267
70;66 Dimethyl ether;0.0018292682926829267
71;67 Acetone;0.0018292682926829267
72;68 Carbon Monoxide;0.0018292682926829267
73;69 Phosphorous nitride;0.0018292682926829267
74;70 Thioformaldehyde;0.0018292682926829267
75;71 Diazenylium;0.0018292682926829267
76;73 Isothiocyanic acid;0.0018292682926829267
77;76 Carbon Monosulfide;0.0018292682926829267
78;77 Methylamine;0.0018292682926829267
79;78 Protonated Carbon Dioxide;0.0018292682926829267
80;79 Formic Acid;0.0018292682926829267
81;80 Cyclopropenylidene;0.0018292682926829267
82;81 Cyanoacetylene;0.0018292682926829267
83;82 para-Oxidaniumyl;0.0018292682926829267
84;83 ortho-Oxidaniumyl;0.0018292682926829267
85;84 Nitrosyl hydride;0.0018292682926829267
