1;25 Fulminic acid;0.3738461538461539
2;8 Methyliumylidene;0.18153846153846154
3;45 Cyanobutadiyne;0.043076923076923075
4;57 Protonate 2-proynenitrile;0.027692307692307693
5;0 Isocyanic Acid;0.004615384615384615
6;1 Propenal;0.004615384615384615
7;2 Ketene;0.004615384615384615
8;3 Oxonium hydride;0.004615384615384615
9;4 Thioformylium;0.004615384615384615
10;5 Vinyl Cyanide;0.004615384615384615
11;6 Methyl Formate;0.004615384615384615
12;7 Hydroxyl;0.004615384615384615
13;9 Iminomethylium;0.004615384615384615
14;10 Hydroxymethylium ion;0.004615384615384615
15;11 2-Propynal;0.004615384615384615
16;12 Carbon Monosulfide;0.004615384615384615
17;13 Cyanomethyl;0.004615384615384615
18;14 Methyl Acetylene;0.004615384615384615
19;15 2-Butynenitrile;0.004615384615384615
20;16 Methyl formate vt01;0.004615384615384615
21;17 Ethyl Cyanide;0.004615384615384615
22;18 gauche-Ethanol;0.004615384615384615
23;19 Glycolaldehyde;0.004615384615384615
24;20 Water;0.004615384615384615
25;21 Hydrogen sulfide;0.004615384615384615
26;22 Sulfur Monoxide ion;0.004615384615384615
27;23 1,3-Butadiynyl radical;0.004615384615384615
28;24 Formylium;0.004615384615384615
29;26 Trihydrogen ion;0.004615384615384615
30;27 Methanimine;0.004615384615384615
31;28 Nitrous Oxide;0.004615384615384615
32;29 Propadienylidene;0.004615384615384615
33;30 Ethylene Oxide;0.004615384615384615
34;31 Ketenimine;0.004615384615384615
35;32 2,4,6-Heptatriynenitrile;0.004615384615384615
36;33 Aminoacetonitrile;0.004615384615384615
37;34 Methanol;0.004615384615384615
38;35 Ammonia;0.004615384615384615
39;36 Formyl Radical;0.004615384615384615
40;37 Methyl Cyanide;0.004615384615384615
41;38 Molecular oxygen;0.004615384615384615
42;39 Cyclopropenone;0.004615384615384615
43;40 Carbonyl Sulfide;0.004615384615384615
44;41 Acetaldehyde;0.004615384615384615
45;42 Cyanomethylene;0.004615384615384615
46;43 3-Thioxo-1,2-Propadieylidene;0.004615384615384615
47;44 Formamide;0.004615384615384615
48;46 Sulfur Dioxide;0.004615384615384615
49;47 Methyl isocyanide;0.004615384615384615
50;48 Nitric sulfide;0.004615384615384615
51;49 Methylene;0.004615384615384615
52;50 Hydrochloric acid;0.004615384615384615
53;51 Ethyne Isocyanide;0.004615384615384615
54;52 Cyanide Radical;0.004615384615384615
55;53 Nitric oxide;0.004615384615384615
56;54 Cyanic acid;0.004615384615384615
57;55 Formaldehyde;0.004615384615384615
58;56 Sulfur Monoxide;0.004615384615384615
59;58 Ethynyl;0.004615384615384615
60;59 Ethylene Glycol;0.004615384615384615
61;60 Hydrogen Cyanide;0.004615384615384615
62;61 Fluoromethyliumylidene;0.004615384615384615
63;62 Methylidyne;0.004615384615384615
64;63 Thioxoethenylidene;0.004615384615384615
65;64 Cyanomethanimine;0.004615384615384615
66;65 Silicon Monoxide;0.004615384615384615
67;66 Dimethyl ether;0.004615384615384615
68;67 Acetone;0.004615384615384615
69;68 Carbon Monoxide;0.004615384615384615
70;69 Phosphorous nitride;0.004615384615384615
71;70 Thioformaldehyde;0.004615384615384615
72;71 Diazenylium;0.004615384615384615
73;72 Cyanoformaldehyde;0.004615384615384615
74;73 Isothiocyanic acid;0.004615384615384615
75;74 Vinyl Alcohol;0.004615384615384615
76;75 Hydrogen Isocyanide;0.004615384615384615
77;76 Carbon Monosulfide;0.004615384615384615
78;77 Methylamine;0.004615384615384615
79;78 Protonated Carbon Dioxide;0.004615384615384615
80;79 Formic Acid;0.004615384615384615
81;80 Cyclopropenylidene;0.004615384615384615
82;81 Cyanoacetylene;0.004615384615384615
83;82 para-Oxidaniumyl;0.004615384615384615
84;83 ortho-Oxidaniumyl;0.004615384615384615
85;84 Nitrosyl hydride;0.004615384615384615
