1;8 Methyliumylidene;0.334375
2;9 Iminomethylium;0.178125
3;26 Trihydrogen ion;0.15078125
4;61 Fluoromethyliumylidene;0.146875
5;0 Isocyanic Acid;0.00234375
6;1 Propenal;0.00234375
7;2 Ketene;0.00234375
8;3 Oxonium hydride;0.00234375
9;4 Thioformylium;0.00234375
10;5 Vinyl Cyanide;0.00234375
11;6 Methyl Formate;0.00234375
12;7 Hydroxyl;0.00234375
13;10 Hydroxymethylium ion;0.00234375
14;11 2-Propynal;0.00234375
15;12 Carbon Monosulfide;0.00234375
16;13 Cyanomethyl;0.00234375
17;14 Methyl Acetylene;0.00234375
18;15 2-Butynenitrile;0.00234375
19;16 Methyl formate vt01;0.00234375
20;17 Ethyl Cyanide;0.00234375
21;18 gauche-Ethanol;0.00234375
22;19 Glycolaldehyde;0.00234375
23;20 Water;0.00234375
24;21 Hydrogen sulfide;0.00234375
25;22 Sulfur Monoxide ion;0.00234375
26;23 1,3-Butadiynyl radical;0.00234375
27;24 Formylium;0.00234375
28;25 Fulminic acid;0.00234375
29;27 Methanimine;0.00234375
30;28 Nitrous Oxide;0.00234375
31;29 Propadienylidene;0.00234375
32;30 Ethylene Oxide;0.00234375
33;31 Ketenimine;0.00234375
34;32 2,4,6-Heptatriynenitrile;0.00234375
35;33 Aminoacetonitrile;0.00234375
36;34 Methanol;0.00234375
37;35 Ammonia;0.00234375
38;36 Formyl Radical;0.00234375
39;37 Methyl Cyanide;0.00234375
40;38 Molecular oxygen;0.00234375
41;39 Cyclopropenone;0.00234375
42;40 Carbonyl Sulfide;0.00234375
43;41 Acetaldehyde;0.00234375
44;42 Cyanomethylene;0.00234375
45;43 3-Thioxo-1,2-Propadieylidene;0.00234375
46;44 Formamide;0.00234375
47;45 Cyanobutadiyne;0.00234375
48;46 Sulfur Dioxide;0.00234375
49;47 Methyl isocyanide;0.00234375
50;48 Nitric sulfide;0.00234375
51;49 Methylene;0.00234375
52;50 Hydrochloric acid;0.00234375
53;51 Ethyne Isocyanide;0.00234375
54;52 Cyanide Radical;0.00234375
55;53 Nitric oxide;0.00234375
56;54 Cyanic acid;0.00234375
57;55 Formaldehyde;0.00234375
58;56 Sulfur Monoxide;0.00234375
59;57 Protonate 2-proynenitrile;0.00234375
60;58 Ethynyl;0.00234375
61;59 Ethylene Glycol;0.00234375
62;60 Hydrogen Cyanide;0.00234375
63;62 Methylidyne;0.00234375
64;63 Thioxoethenylidene;0.00234375
65;64 Cyanomethanimine;0.00234375
66;65 Silicon Monoxide;0.00234375
67;66 Dimethyl ether;0.00234375
68;67 Acetone;0.00234375
69;68 Carbon Monoxide;0.00234375
70;69 Phosphorous nitride;0.00234375
71;70 Thioformaldehyde;0.00234375
72;71 Diazenylium;0.00234375
73;72 Cyanoformaldehyde;0.00234375
74;73 Isothiocyanic acid;0.00234375
75;74 Vinyl Alcohol;0.00234375
76;75 Hydrogen Isocyanide;0.00234375
77;76 Carbon Monosulfide;0.00234375
78;77 Methylamine;0.00234375
79;78 Protonated Carbon Dioxide;0.00234375
80;79 Formic Acid;0.00234375
81;80 Cyclopropenylidene;0.00234375
82;81 Cyanoacetylene;0.00234375
83;82 para-Oxidaniumyl;0.00234375
84;83 ortho-Oxidaniumyl;0.00234375
85;84 Nitrosyl hydride;0.00234375
