1;58 Ethynyl;0.5738461538461538
2;60 Hydrogen Cyanide;0.02
3;36 Formyl Radical;0.012307692307692308
4;78 Protonated Carbon Dioxide;0.012307692307692308
5;79 Formic Acid;0.012307692307692308
6;0 Isocyanic Acid;0.004615384615384615
7;1 Propenal;0.004615384615384615
8;2 Ketene;0.004615384615384615
9;3 Oxonium hydride;0.004615384615384615
10;4 Thioformylium;0.004615384615384615
11;5 Vinyl Cyanide;0.004615384615384615
12;6 Methyl Formate;0.004615384615384615
13;7 Hydroxyl;0.004615384615384615
14;8 Methyliumylidene;0.004615384615384615
15;9 Iminomethylium;0.004615384615384615
16;10 Hydroxymethylium ion;0.004615384615384615
17;11 2-Propynal;0.004615384615384615
18;12 Carbon Monosulfide;0.004615384615384615
19;13 Cyanomethyl;0.004615384615384615
20;14 Methyl Acetylene;0.004615384615384615
21;15 2-Butynenitrile;0.004615384615384615
22;16 Methyl formate vt01;0.004615384615384615
23;17 Ethyl Cyanide;0.004615384615384615
24;18 gauche-Ethanol;0.004615384615384615
25;19 Glycolaldehyde;0.004615384615384615
26;20 Water;0.004615384615384615
27;21 Hydrogen sulfide;0.004615384615384615
28;22 Sulfur Monoxide ion;0.004615384615384615
29;23 1,3-Butadiynyl radical;0.004615384615384615
30;24 Formylium;0.004615384615384615
31;25 Fulminic acid;0.004615384615384615
32;26 Trihydrogen ion;0.004615384615384615
33;27 Methanimine;0.004615384615384615
34;28 Nitrous Oxide;0.004615384615384615
35;29 Propadienylidene;0.004615384615384615
36;30 Ethylene Oxide;0.004615384615384615
37;31 Ketenimine;0.004615384615384615
38;32 2,4,6-Heptatriynenitrile;0.004615384615384615
39;33 Aminoacetonitrile;0.004615384615384615
40;34 Methanol;0.004615384615384615
41;35 Ammonia;0.004615384615384615
42;37 Methyl Cyanide;0.004615384615384615
43;38 Molecular oxygen;0.004615384615384615
44;39 Cyclopropenone;0.004615384615384615
45;40 Carbonyl Sulfide;0.004615384615384615
46;41 Acetaldehyde;0.004615384615384615
47;42 Cyanomethylene;0.004615384615384615
48;43 3-Thioxo-1,2-Propadieylidene;0.004615384615384615
49;44 Formamide;0.004615384615384615
50;45 Cyanobutadiyne;0.004615384615384615
51;46 Sulfur Dioxide;0.004615384615384615
52;47 Methyl isocyanide;0.004615384615384615
53;48 Nitric sulfide;0.004615384615384615
54;49 Methylene;0.004615384615384615
55;50 Hydrochloric acid;0.004615384615384615
56;51 Ethyne Isocyanide;0.004615384615384615
57;52 Cyanide Radical;0.004615384615384615
58;53 Nitric oxide;0.004615384615384615
59;54 Cyanic acid;0.004615384615384615
60;55 Formaldehyde;0.004615384615384615
61;56 Sulfur Monoxide;0.004615384615384615
62;57 Protonate 2-proynenitrile;0.004615384615384615
63;59 Ethylene Glycol;0.004615384615384615
64;61 Fluoromethyliumylidene;0.004615384615384615
65;62 Methylidyne;0.004615384615384615
66;63 Thioxoethenylidene;0.004615384615384615
67;64 Cyanomethanimine;0.004615384615384615
68;65 Silicon Monoxide;0.004615384615384615
69;66 Dimethyl ether;0.004615384615384615
70;67 Acetone;0.004615384615384615
71;68 Carbon Monoxide;0.004615384615384615
72;69 Phosphorous nitride;0.004615384615384615
73;70 Thioformaldehyde;0.004615384615384615
74;71 Diazenylium;0.004615384615384615
75;72 Cyanoformaldehyde;0.004615384615384615
76;73 Isothiocyanic acid;0.004615384615384615
77;74 Vinyl Alcohol;0.004615384615384615
78;75 Hydrogen Isocyanide;0.004615384615384615
79;76 Carbon Monosulfide;0.004615384615384615
80;77 Methylamine;0.004615384615384615
81;80 Cyclopropenylidene;0.004615384615384615
82;81 Cyanoacetylene;0.004615384615384615
83;82 para-Oxidaniumyl;0.004615384615384615
84;83 ortho-Oxidaniumyl;0.004615384615384615
85;84 Nitrosyl hydride;0.004615384615384615
