1;75 Hydrogen Isocyanide;0.78359375
2;9 Iminomethylium;0.00625
3;13 Cyanomethyl;0.00625
4;15 2-Butynenitrile;0.00625
5;19 Glycolaldehyde;0.00625
6;51 Ethyne Isocyanide;0.00625
7;0 Isocyanic Acid;0.00234375
8;1 Propenal;0.00234375
9;2 Ketene;0.00234375
10;3 Oxonium hydride;0.00234375
11;4 Thioformylium;0.00234375
12;5 Vinyl Cyanide;0.00234375
13;6 Methyl Formate;0.00234375
14;7 Hydroxyl;0.00234375
15;8 Methyliumylidene;0.00234375
16;10 Hydroxymethylium ion;0.00234375
17;11 2-Propynal;0.00234375
18;12 Carbon Monosulfide;0.00234375
19;14 Methyl Acetylene;0.00234375
20;16 Methyl formate vt01;0.00234375
21;17 Ethyl Cyanide;0.00234375
22;18 gauche-Ethanol;0.00234375
23;20 Water;0.00234375
24;21 Hydrogen sulfide;0.00234375
25;22 Sulfur Monoxide ion;0.00234375
26;23 1,3-Butadiynyl radical;0.00234375
27;24 Formylium;0.00234375
28;25 Fulminic acid;0.00234375
29;26 Trihydrogen ion;0.00234375
30;27 Methanimine;0.00234375
31;28 Nitrous Oxide;0.00234375
32;29 Propadienylidene;0.00234375
33;30 Ethylene Oxide;0.00234375
34;31 Ketenimine;0.00234375
35;32 2,4,6-Heptatriynenitrile;0.00234375
36;33 Aminoacetonitrile;0.00234375
37;34 Methanol;0.00234375
38;35 Ammonia;0.00234375
39;36 Formyl Radical;0.00234375
40;37 Methyl Cyanide;0.00234375
41;38 Molecular oxygen;0.00234375
42;39 Cyclopropenone;0.00234375
43;40 Carbonyl Sulfide;0.00234375
44;41 Acetaldehyde;0.00234375
45;42 Cyanomethylene;0.00234375
46;43 3-Thioxo-1,2-Propadieylidene;0.00234375
47;44 Formamide;0.00234375
48;45 Cyanobutadiyne;0.00234375
49;46 Sulfur Dioxide;0.00234375
50;47 Methyl isocyanide;0.00234375
51;48 Nitric sulfide;0.00234375
52;49 Methylene;0.00234375
53;50 Hydrochloric acid;0.00234375
54;52 Cyanide Radical;0.00234375
55;53 Nitric oxide;0.00234375
56;54 Cyanic acid;0.00234375
57;55 Formaldehyde;0.00234375
58;56 Sulfur Monoxide;0.00234375
59;57 Protonate 2-proynenitrile;0.00234375
60;58 Ethynyl;0.00234375
61;59 Ethylene Glycol;0.00234375
62;60 Hydrogen Cyanide;0.00234375
63;61 Fluoromethyliumylidene;0.00234375
64;62 Methylidyne;0.00234375
65;63 Thioxoethenylidene;0.00234375
66;64 Cyanomethanimine;0.00234375
67;65 Silicon Monoxide;0.00234375
68;66 Dimethyl ether;0.00234375
69;67 Acetone;0.00234375
70;68 Carbon Monoxide;0.00234375
71;69 Phosphorous nitride;0.00234375
72;70 Thioformaldehyde;0.00234375
73;71 Diazenylium;0.00234375
74;72 Cyanoformaldehyde;0.00234375
75;73 Isothiocyanic acid;0.00234375
76;74 Vinyl Alcohol;0.00234375
77;76 Carbon Monosulfide;0.00234375
78;77 Methylamine;0.00234375
79;78 Protonated Carbon Dioxide;0.00234375
80;79 Formic Acid;0.00234375
81;80 Cyclopropenylidene;0.00234375
82;81 Cyanoacetylene;0.00234375
83;82 para-Oxidaniumyl;0.00234375
84;83 ortho-Oxidaniumyl;0.00234375
85;84 Nitrosyl hydride;0.00234375
