Orion.HNC.cbc.contsub.image;model_hot_cores_tr_500it;1;61 Fluoromethyliumylidene;0.803125
Orion.HNC.cbc.contsub.image;model_hot_cores_tr_500it;2;0 Isocyanic Acid;0.00234375
Orion.HNC.cbc.contsub.image;model_hot_cores_tr_500it;3;1 Propenal;0.00234375
Orion.HNC.cbc.contsub.image;model_hot_cores_tr_500it;4;2 Ketene;0.00234375
Orion.HNC.cbc.contsub.image;model_hot_cores_tr_500it;5;3 Oxonium hydride;0.00234375
Orion.HNC.cbc.contsub.image;model_hot_cores_2_500it;1;8 Methyliumylidene;0.334375
Orion.HNC.cbc.contsub.image;model_hot_cores_2_500it;2;9 Iminomethylium;0.178125
Orion.HNC.cbc.contsub.image;model_hot_cores_2_500it;3;26 Trihydrogen ion;0.15078125
Orion.HNC.cbc.contsub.image;model_hot_cores_2_500it;4;61 Fluoromethyliumylidene;0.146875
Orion.HNC.cbc.contsub.image;model_hot_cores_2_500it;5;0 Isocyanic Acid;0.00234375
Orion.HNC.cbc.contsub.image;model_hot_cores_full_500it;1;45 Cyanobutadiyne;0.21328125
Orion.HNC.cbc.contsub.image;model_hot_cores_full_500it;2;25 Fulminic acid;0.15078125
Orion.HNC.cbc.contsub.image;model_hot_cores_full_500it;3;4 Thioformylium;0.146875
Orion.HNC.cbc.contsub.image;model_hot_cores_full_500it;4;9 Iminomethylium;0.11171875
Orion.HNC.cbc.contsub.image;model_hot_cores_full_500it;5;57 Protonate 2-proynenitrile;0.05703125
Orion.HNC.cbc.contsub.image;model_hot_cores_full_expanded_00002_500it;1;68 Carbon Monoxide;0.78359375
Orion.HNC.cbc.contsub.image;model_hot_cores_full_expanded_00002_500it;2;25 Fulminic acid;0.00625
Orion.HNC.cbc.contsub.image;model_hot_cores_full_expanded_00002_500it;3;63 Thioxoethenylidene;0.00625
Orion.HNC.cbc.contsub.image;model_hot_cores_full_expanded_00002_500it;4;73 Isothiocyanic acid;0.00625
Orion.HNC.cbc.contsub.image;model_hot_cores_full_expanded_00002_500it;5;74 Vinyl Alcohol;0.00625
Orion.HNC.cbc.contsub.image;model_hot_cores_full_expanded_00010_500it;1;75 Hydrogen Isocyanide;0.78359375
Orion.HNC.cbc.contsub.image;model_hot_cores_full_expanded_00010_500it;2;9 Iminomethylium;0.00625
Orion.HNC.cbc.contsub.image;model_hot_cores_full_expanded_00010_500it;3;13 Cyanomethyl;0.00625
Orion.HNC.cbc.contsub.image;model_hot_cores_full_expanded_00010_500it;4;15 2-Butynenitrile;0.00625
Orion.HNC.cbc.contsub.image;model_hot_cores_full_expanded_00010_500it;5;19 Glycolaldehyde;0.00625
TWHydra_HCOplusline.image;model_hot_cores_tr_500it;1;24 Formylium;0.7215469613259669
TWHydra_HCOplusline.image;model_hot_cores_tr_500it;2;0 Isocyanic Acid;0.0033149171270718232
TWHydra_HCOplusline.image;model_hot_cores_tr_500it;3;1 Propenal;0.0033149171270718232
TWHydra_HCOplusline.image;model_hot_cores_tr_500it;4;2 Ketene;0.0033149171270718232
TWHydra_HCOplusline.image;model_hot_cores_tr_500it;5;3 Oxonium hydride;0.0033149171270718232
TWHydra_HCOplusline.image;model_hot_cores_2_500it;1;8 Methyliumylidene;0.5447513812154696
TWHydra_HCOplusline.image;model_hot_cores_2_500it;2;57 Protonate 2-proynenitrile;0.18011049723756906
TWHydra_HCOplusline.image;model_hot_cores_2_500it;3;0 Isocyanic Acid;0.0033149171270718232
TWHydra_HCOplusline.image;model_hot_cores_2_500it;4;1 Propenal;0.0033149171270718232
TWHydra_HCOplusline.image;model_hot_cores_2_500it;5;2 Ketene;0.0033149171270718232
TWHydra_HCOplusline.image;model_hot_cores_full_500it;1;76 Carbon Monosulfide;0.1856353591160221
TWHydra_HCOplusline.image;model_hot_cores_full_500it;2;60 Hydrogen Cyanide;0.13038674033149172
TWHydra_HCOplusline.image;model_hot_cores_full_500it;3;28 Nitrous Oxide;0.11381215469613261
TWHydra_HCOplusline.image;model_hot_cores_full_500it;4;8 Methyliumylidene;0.09171270718232045
TWHydra_HCOplusline.image;model_hot_cores_full_500it;5;71 Diazenylium;0.07513812154696133
TWHydra_HCOplusline.image;model_hot_cores_full_expanded_00002_500it;1;24 Formylium;0.7049723756906077
TWHydra_HCOplusline.image;model_hot_cores_full_expanded_00002_500it;2;12 Carbon Monosulfide;0.008839779005524863
TWHydra_HCOplusline.image;model_hot_cores_full_expanded_00002_500it;3;36 Formyl Radical;0.008839779005524863
TWHydra_HCOplusline.image;model_hot_cores_full_expanded_00002_500it;4;67 Acetone;0.008839779005524863
TWHydra_HCOplusline.image;model_hot_cores_full_expanded_00002_500it;5;0 Isocyanic Acid;0.0033149171270718232
TWHydra_HCOplusline.image;model_hot_cores_full_expanded_00010_500it;1;24 Formylium;0.6276243093922652
TWHydra_HCOplusline.image;model_hot_cores_full_expanded_00010_500it;2;35 Ammonia;0.01988950276243094
TWHydra_HCOplusline.image;model_hot_cores_full_expanded_00010_500it;3;6 Methyl Formate;0.008839779005524863
TWHydra_HCOplusline.image;model_hot_cores_full_expanded_00010_500it;4;8 Methyliumylidene;0.008839779005524863
TWHydra_HCOplusline.image;model_hot_cores_full_expanded_00010_500it;5;14 Methyl Acetylene;0.008839779005524863
TWHydra_CO3_2line.image;model_hot_cores_tr_500it;1;8 Methyliumylidene;0.726086956521739
TWHydra_CO3_2line.image;model_hot_cores_tr_500it;2;0 Isocyanic Acid;0.003260869565217391
TWHydra_CO3_2line.image;model_hot_cores_tr_500it;3;1 Propenal;0.003260869565217391
TWHydra_CO3_2line.image;model_hot_cores_tr_500it;4;2 Ketene;0.003260869565217391
TWHydra_CO3_2line.image;model_hot_cores_tr_500it;5;3 Oxonium hydride;0.003260869565217391
TWHydra_CO3_2line.image;model_hot_cores_2_500it;1;60 Hydrogen Cyanide;0.5684782608695652
TWHydra_CO3_2line.image;model_hot_cores_2_500it;2;61 Fluoromethyliumylidene;0.16086956521739132
TWHydra_CO3_2line.image;model_hot_cores_2_500it;3;0 Isocyanic Acid;0.003260869565217391
TWHydra_CO3_2line.image;model_hot_cores_2_500it;4;1 Propenal;0.003260869565217391
TWHydra_CO3_2line.image;model_hot_cores_2_500it;5;2 Ketene;0.003260869565217391
TWHydra_CO3_2line.image;model_hot_cores_full_500it;1;57 Protonate 2-proynenitrile;0.29130434782608694
TWHydra_CO3_2line.image;model_hot_cores_full_500it;2;8 Methyliumylidene;0.2641304347826087
TWHydra_CO3_2line.image;model_hot_cores_full_500it;3;40 Carbonyl Sulfide;0.14456521739130435
TWHydra_CO3_2line.image;model_hot_cores_full_500it;4;24 Formylium;0.035869565217391305
TWHydra_CO3_2line.image;model_hot_cores_full_500it;5;0 Isocyanic Acid;0.003260869565217391
TWHydra_CO3_2line.image;model_hot_cores_full_expanded_00002_500it;1;28 Nitrous Oxide;0.7152173913043478
TWHydra_CO3_2line.image;model_hot_cores_full_expanded_00002_500it;2;4 Thioformylium;0.008695652173913044
TWHydra_CO3_2line.image;model_hot_cores_full_expanded_00002_500it;3;7 Hydroxyl;0.008695652173913044
TWHydra_CO3_2line.image;model_hot_cores_full_expanded_00002_500it;4;0 Isocyanic Acid;0.003260869565217391
TWHydra_CO3_2line.image;model_hot_cores_full_expanded_00002_500it;5;1 Propenal;0.003260869565217391
TWHydra_CO3_2line.image;model_hot_cores_full_expanded_00010_500it;1;68 Carbon Monoxide;0.6663043478260869
TWHydra_CO3_2line.image;model_hot_cores_full_expanded_00010_500it;2;82 para-Oxidaniumyl;0.014130434782608696
TWHydra_CO3_2line.image;model_hot_cores_full_expanded_00010_500it;3;16 Methyl formate vt01;0.008695652173913044
TWHydra_CO3_2line.image;model_hot_cores_full_expanded_00010_500it;4;24 Formylium;0.008695652173913044
TWHydra_CO3_2line.image;model_hot_cores_full_expanded_00010_500it;5;26 Trihydrogen ion;0.008695652173913044
DMTau.CS_5-4.image;model_hot_cores_tr_500it;1;9 Iminomethylium;0.7492537313432835
DMTau.CS_5-4.image;model_hot_cores_tr_500it;2;0 Isocyanic Acid;0.0029850746268656717
DMTau.CS_5-4.image;model_hot_cores_tr_500it;3;1 Propenal;0.0029850746268656717
DMTau.CS_5-4.image;model_hot_cores_tr_500it;4;2 Ketene;0.0029850746268656717
DMTau.CS_5-4.image;model_hot_cores_tr_500it;5;3 Oxonium hydride;0.0029850746268656717
DMTau.CS_5-4.image;model_hot_cores_2_500it;1;61 Fluoromethyliumylidene;0.7194029850746269
DMTau.CS_5-4.image;model_hot_cores_2_500it;2;75 Hydrogen Isocyanide;0.03283582089552239
DMTau.CS_5-4.image;model_hot_cores_2_500it;3;0 Isocyanic Acid;0.0029850746268656717
DMTau.CS_5-4.image;model_hot_cores_2_500it;4;1 Propenal;0.0029850746268656717
DMTau.CS_5-4.image;model_hot_cores_2_500it;5;2 Ketene;0.0029850746268656717
DMTau.CS_5-4.image;model_hot_cores_full_500it;1;28 Nitrous Oxide;0.6149253731343284
DMTau.CS_5-4.image;model_hot_cores_full_500it;2;58 Ethynyl;0.1373134328358209
DMTau.CS_5-4.image;model_hot_cores_full_500it;3;0 Isocyanic Acid;0.0029850746268656717
DMTau.CS_5-4.image;model_hot_cores_full_500it;4;1 Propenal;0.0029850746268656717
DMTau.CS_5-4.image;model_hot_cores_full_500it;5;2 Ketene;0.0029850746268656717
DMTau.CS_5-4.image;model_hot_cores_full_expanded_00002_500it;1;65 Silicon Monoxide;0.7343283582089551
DMTau.CS_5-4.image;model_hot_cores_full_expanded_00002_500it;2;12 Carbon Monosulfide;0.007960199004975126
DMTau.CS_5-4.image;model_hot_cores_full_expanded_00002_500it;3;51 Ethyne Isocyanide;0.007960199004975126
DMTau.CS_5-4.image;model_hot_cores_full_expanded_00002_500it;4;61 Fluoromethyliumylidene;0.007960199004975126
DMTau.CS_5-4.image;model_hot_cores_full_expanded_00002_500it;5;0 Isocyanic Acid;0.0029850746268656717
DMTau.CS_5-4.image;model_hot_cores_full_expanded_00010_500it;1;12 Carbon Monosulfide;0.7293532338308457
DMTau.CS_5-4.image;model_hot_cores_full_expanded_00010_500it;2;10 Hydroxymethylium ion;0.012935323383084578
DMTau.CS_5-4.image;model_hot_cores_full_expanded_00010_500it;3;11 2-Propynal;0.007960199004975126
DMTau.CS_5-4.image;model_hot_cores_full_expanded_00010_500it;4;56 Sulfur Monoxide;0.007960199004975126
DMTau.CS_5-4.image;model_hot_cores_full_expanded_00010_500it;5;0 Isocyanic Acid;0.0029850746268656717
HD163296_CO_2_1.image;model_hot_cores_tr_500it;1;61 Fluoromethyliumylidene;0.8463414634146342
HD163296_CO_2_1.image;model_hot_cores_tr_500it;2;0 Isocyanic Acid;0.0018292682926829267
HD163296_CO_2_1.image;model_hot_cores_tr_500it;3;1 Propenal;0.0018292682926829267
HD163296_CO_2_1.image;model_hot_cores_tr_500it;4;2 Ketene;0.0018292682926829267
HD163296_CO_2_1.image;model_hot_cores_tr_500it;5;3 Oxonium hydride;0.0018292682926829267
HD163296_CO_2_1.image;model_hot_cores_2_500it;1;71 Diazenylium;0.7213414634146341
HD163296_CO_2_1.image;model_hot_cores_2_500it;2;9 Iminomethylium;0.12682926829268293
HD163296_CO_2_1.image;model_hot_cores_2_500it;3;0 Isocyanic Acid;0.0018292682926829267
HD163296_CO_2_1.image;model_hot_cores_2_500it;4;1 Propenal;0.0018292682926829267
HD163296_CO_2_1.image;model_hot_cores_2_500it;5;2 Ketene;0.0018292682926829267
HD163296_CO_2_1.image;model_hot_cores_full_500it;1;45 Cyanobutadiyne;0.19999999999999998
HD163296_CO_2_1.image;model_hot_cores_full_500it;2;28 Nitrous Oxide;0.11158536585365854
HD163296_CO_2_1.image;model_hot_cores_full_500it;3;4 Thioformylium;0.10548780487804879
HD163296_CO_2_1.image;model_hot_cores_full_500it;4;60 Hydrogen Cyanide;0.10243902439024391
HD163296_CO_2_1.image;model_hot_cores_full_500it;5;8 Methyliumylidene;0.08414634146341464
HD163296_CO_2_1.image;model_hot_cores_full_expanded_00002_500it;1;75 Hydrogen Isocyanide;0.8310975609756098
HD163296_CO_2_1.image;model_hot_cores_full_expanded_00002_500it;2;4 Thioformylium;0.004878048780487805
HD163296_CO_2_1.image;model_hot_cores_full_expanded_00002_500it;3;19 Glycolaldehyde;0.004878048780487805
HD163296_CO_2_1.image;model_hot_cores_full_expanded_00002_500it;4;29 Propadienylidene;0.004878048780487805
HD163296_CO_2_1.image;model_hot_cores_full_expanded_00002_500it;5;72 Cyanoformaldehyde;0.004878048780487805
HD163296_CO_2_1.image;model_hot_cores_full_expanded_00010_500it;1;32 2,4,6-Heptatriynenitrile;0.8097560975609757
HD163296_CO_2_1.image;model_hot_cores_full_expanded_00010_500it;2;6 Methyl Formate;0.007926829268292683
HD163296_CO_2_1.image;model_hot_cores_full_expanded_00010_500it;3;52 Cyanide Radical;0.007926829268292683
HD163296_CO_2_1.image;model_hot_cores_full_expanded_00010_500it;4;16 Methyl formate vt01;0.004878048780487805
HD163296_CO_2_1.image;model_hot_cores_full_expanded_00010_500it;5;28 Nitrous Oxide;0.004878048780487805
Orion.methanol.cbc.contsub.image;model_hot_cores_tr_500it;1;61 Fluoromethyliumylidene;0.6046153846153846
Orion.methanol.cbc.contsub.image;model_hot_cores_tr_500it;2;80 Cyclopropenylidene;0.012307692307692308
Orion.methanol.cbc.contsub.image;model_hot_cores_tr_500it;3;0 Isocyanic Acid;0.004615384615384615
Orion.methanol.cbc.contsub.image;model_hot_cores_tr_500it;4;1 Propenal;0.004615384615384615
Orion.methanol.cbc.contsub.image;model_hot_cores_tr_500it;5;2 Ketene;0.004615384615384615
Orion.methanol.cbc.contsub.image;model_hot_cores_2_500it;1;8 Methyliumylidene;0.4276923076923077
Orion.methanol.cbc.contsub.image;model_hot_cores_2_500it;2;4 Thioformylium;0.18923076923076923
Orion.methanol.cbc.contsub.image;model_hot_cores_2_500it;3;0 Isocyanic Acid;0.004615384615384615
Orion.methanol.cbc.contsub.image;model_hot_cores_2_500it;4;1 Propenal;0.004615384615384615
Orion.methanol.cbc.contsub.image;model_hot_cores_2_500it;5;2 Ketene;0.004615384615384615
Orion.methanol.cbc.contsub.image;model_hot_cores_full_500it;1;25 Fulminic acid;0.3738461538461539
Orion.methanol.cbc.contsub.image;model_hot_cores_full_500it;2;8 Methyliumylidene;0.18153846153846154
Orion.methanol.cbc.contsub.image;model_hot_cores_full_500it;3;45 Cyanobutadiyne;0.043076923076923075
Orion.methanol.cbc.contsub.image;model_hot_cores_full_500it;4;57 Protonate 2-proynenitrile;0.027692307692307693
Orion.methanol.cbc.contsub.image;model_hot_cores_full_500it;5;0 Isocyanic Acid;0.004615384615384615
Orion.methanol.cbc.contsub.image;model_hot_cores_full_expanded_00002_500it;1;36 Formyl Radical;0.5969230769230769
Orion.methanol.cbc.contsub.image;model_hot_cores_full_expanded_00002_500it;2;45 Cyanobutadiyne;0.012307692307692308
Orion.methanol.cbc.contsub.image;model_hot_cores_full_expanded_00002_500it;3;56 Sulfur Monoxide;0.012307692307692308
Orion.methanol.cbc.contsub.image;model_hot_cores_full_expanded_00002_500it;4;0 Isocyanic Acid;0.004615384615384615
Orion.methanol.cbc.contsub.image;model_hot_cores_full_expanded_00002_500it;5;1 Propenal;0.004615384615384615
Orion.methanol.cbc.contsub.image;model_hot_cores_full_expanded_00010_500it;1;58 Ethynyl;0.5738461538461538
Orion.methanol.cbc.contsub.image;model_hot_cores_full_expanded_00010_500it;2;60 Hydrogen Cyanide;0.02
Orion.methanol.cbc.contsub.image;model_hot_cores_full_expanded_00010_500it;3;36 Formyl Radical;0.012307692307692308
Orion.methanol.cbc.contsub.image;model_hot_cores_full_expanded_00010_500it;4;78 Protonated Carbon Dioxide;0.012307692307692308
Orion.methanol.cbc.contsub.image;model_hot_cores_full_expanded_00010_500it;5;79 Formic Acid;0.012307692307692308
uid___A002_Xa916fc_X668__IRS43_HCO32.final.image.pbcor;model_hot_cores_tr_500it;1;8 Methyliumylidene;0.9129533678756477
uid___A002_Xa916fc_X668__IRS43_HCO32.final.image.pbcor;model_hot_cores_tr_500it;2;0 Isocyanic Acid;0.0010362694300518134
uid___A002_Xa916fc_X668__IRS43_HCO32.final.image.pbcor;model_hot_cores_tr_500it;3;1 Propenal;0.0010362694300518134
uid___A002_Xa916fc_X668__IRS43_HCO32.final.image.pbcor;model_hot_cores_tr_500it;4;2 Ketene;0.0010362694300518134
uid___A002_Xa916fc_X668__IRS43_HCO32.final.image.pbcor;model_hot_cores_tr_500it;5;3 Oxonium hydride;0.0010362694300518134
uid___A002_Xa916fc_X668__IRS43_HCO32.final.image.pbcor;model_hot_cores_2_500it;1;8 Methyliumylidene;0.6089810017271158
uid___A002_Xa916fc_X668__IRS43_HCO32.final.image.pbcor;model_hot_cores_2_500it;2;57 Protonate 2-proynenitrile;0.30500863557858376
uid___A002_Xa916fc_X668__IRS43_HCO32.final.image.pbcor;model_hot_cores_2_500it;3;0 Isocyanic Acid;0.0010362694300518134
uid___A002_Xa916fc_X668__IRS43_HCO32.final.image.pbcor;model_hot_cores_2_500it;4;1 Propenal;0.0010362694300518134
uid___A002_Xa916fc_X668__IRS43_HCO32.final.image.pbcor;model_hot_cores_2_500it;5;2 Ketene;0.0010362694300518134
uid___A002_Xa916fc_X668__IRS43_HCO32.final.image.pbcor;model_hot_cores_full_500it;1;8 Methyliumylidene;0.41208981001727113
uid___A002_Xa916fc_X668__IRS43_HCO32.final.image.pbcor;model_hot_cores_full_500it;2;75 Hydrogen Isocyanide;0.12884283246977546
uid___A002_Xa916fc_X668__IRS43_HCO32.final.image.pbcor;model_hot_cores_full_500it;3;9 Iminomethylium;0.12711571675302244
uid___A002_Xa916fc_X668__IRS43_HCO32.final.image.pbcor;model_hot_cores_full_500it;4;28 Nitrous Oxide;0.10120898100172712
uid___A002_Xa916fc_X668__IRS43_HCO32.final.image.pbcor;model_hot_cores_full_500it;5;45 Cyanobutadiyne;0.047668393782383425
uid___A002_Xa916fc_X668__IRS43_HCO32.final.image.pbcor;model_hot_cores_full_expanded_00002_500it;1;9 Iminomethylium;0.9094991364421416
uid___A002_Xa916fc_X668__IRS43_HCO32.final.image.pbcor;model_hot_cores_full_expanded_00002_500it;2;12 Carbon Monosulfide;0.0027633851468048362
uid___A002_Xa916fc_X668__IRS43_HCO32.final.image.pbcor;model_hot_cores_full_expanded_00002_500it;3;59 Ethylene Glycol;0.0027633851468048362
uid___A002_Xa916fc_X668__IRS43_HCO32.final.image.pbcor;model_hot_cores_full_expanded_00002_500it;4;0 Isocyanic Acid;0.0010362694300518134
uid___A002_Xa916fc_X668__IRS43_HCO32.final.image.pbcor;model_hot_cores_full_expanded_00002_500it;5;1 Propenal;0.0010362694300518134
uid___A002_Xa916fc_X668__IRS43_HCO32.final.image.pbcor;model_hot_cores_full_expanded_00010_500it;1;75 Hydrogen Isocyanide;0.9060449050086357
uid___A002_Xa916fc_X668__IRS43_HCO32.final.image.pbcor;model_hot_cores_full_expanded_00010_500it;2;63 Thioxoethenylidene;0.004490500863557859
uid___A002_Xa916fc_X668__IRS43_HCO32.final.image.pbcor;model_hot_cores_full_expanded_00010_500it;3;18 gauche-Ethanol;0.0027633851468048362
uid___A002_Xa916fc_X668__IRS43_HCO32.final.image.pbcor;model_hot_cores_full_expanded_00010_500it;4;60 Hydrogen Cyanide;0.0027633851468048362
uid___A002_Xa916fc_X668__IRS43_HCO32.final.image.pbcor;model_hot_cores_full_expanded_00010_500it;5;0 Isocyanic Acid;0.0010362694300518134
