1;24 Formylium;0.6276243093922652
2;35 Ammonia;0.01988950276243094
3;6 Methyl Formate;0.008839779005524863
4;8 Methyliumylidene;0.008839779005524863
5;14 Methyl Acetylene;0.008839779005524863
6;16 Methyl formate vt01;0.008839779005524863
7;25 Fulminic acid;0.008839779005524863
8;39 Cyclopropenone;0.008839779005524863
9;45 Cyanobutadiyne;0.008839779005524863
10;49 Methylene;0.008839779005524863
11;58 Ethynyl;0.008839779005524863
12;60 Hydrogen Cyanide;0.008839779005524863
13;66 Dimethyl ether;0.008839779005524863
14;67 Acetone;0.008839779005524863
15;68 Carbon Monoxide;0.008839779005524863
16;70 Thioformaldehyde;0.008839779005524863
17;0 Isocyanic Acid;0.0033149171270718232
18;1 Propenal;0.0033149171270718232
19;2 Ketene;0.0033149171270718232
20;3 Oxonium hydride;0.0033149171270718232
21;4 Thioformylium;0.0033149171270718232
22;5 Vinyl Cyanide;0.0033149171270718232
23;7 Hydroxyl;0.0033149171270718232
24;9 Iminomethylium;0.0033149171270718232
25;10 Hydroxymethylium ion;0.0033149171270718232
26;11 2-Propynal;0.0033149171270718232
27;12 Carbon Monosulfide;0.0033149171270718232
28;13 Cyanomethyl;0.0033149171270718232
29;15 2-Butynenitrile;0.0033149171270718232
30;17 Ethyl Cyanide;0.0033149171270718232
31;18 gauche-Ethanol;0.0033149171270718232
32;19 Glycolaldehyde;0.0033149171270718232
33;20 Water;0.0033149171270718232
34;21 Hydrogen sulfide;0.0033149171270718232
35;22 Sulfur Monoxide ion;0.0033149171270718232
36;23 1,3-Butadiynyl radical;0.0033149171270718232
37;26 Trihydrogen ion;0.0033149171270718232
38;27 Methanimine;0.0033149171270718232
39;28 Nitrous Oxide;0.0033149171270718232
40;29 Propadienylidene;0.0033149171270718232
41;30 Ethylene Oxide;0.0033149171270718232
42;31 Ketenimine;0.0033149171270718232
43;32 2,4,6-Heptatriynenitrile;0.0033149171270718232
44;33 Aminoacetonitrile;0.0033149171270718232
45;34 Methanol;0.0033149171270718232
46;36 Formyl Radical;0.0033149171270718232
47;37 Methyl Cyanide;0.0033149171270718232
48;38 Molecular oxygen;0.0033149171270718232
49;40 Carbonyl Sulfide;0.0033149171270718232
50;41 Acetaldehyde;0.0033149171270718232
51;42 Cyanomethylene;0.0033149171270718232
52;43 3-Thioxo-1,2-Propadieylidene;0.0033149171270718232
53;44 Formamide;0.0033149171270718232
54;46 Sulfur Dioxide;0.0033149171270718232
55;47 Methyl isocyanide;0.0033149171270718232
56;48 Nitric sulfide;0.0033149171270718232
57;50 Hydrochloric acid;0.0033149171270718232
58;51 Ethyne Isocyanide;0.0033149171270718232
59;52 Cyanide Radical;0.0033149171270718232
60;53 Nitric oxide;0.0033149171270718232
61;54 Cyanic acid;0.0033149171270718232
62;55 Formaldehyde;0.0033149171270718232
63;56 Sulfur Monoxide;0.0033149171270718232
64;57 Protonate 2-proynenitrile;0.0033149171270718232
65;59 Ethylene Glycol;0.0033149171270718232
66;61 Fluoromethyliumylidene;0.0033149171270718232
67;62 Methylidyne;0.0033149171270718232
68;63 Thioxoethenylidene;0.0033149171270718232
69;64 Cyanomethanimine;0.0033149171270718232
70;65 Silicon Monoxide;0.0033149171270718232
71;69 Phosphorous nitride;0.0033149171270718232
72;71 Diazenylium;0.0033149171270718232
73;72 Cyanoformaldehyde;0.0033149171270718232
74;73 Isothiocyanic acid;0.0033149171270718232
75;74 Vinyl Alcohol;0.0033149171270718232
76;75 Hydrogen Isocyanide;0.0033149171270718232
77;76 Carbon Monosulfide;0.0033149171270718232
78;77 Methylamine;0.0033149171270718232
79;78 Protonated Carbon Dioxide;0.0033149171270718232
80;79 Formic Acid;0.0033149171270718232
81;80 Cyclopropenylidene;0.0033149171270718232
82;81 Cyanoacetylene;0.0033149171270718232
83;82 para-Oxidaniumyl;0.0033149171270718232
84;83 ortho-Oxidaniumyl;0.0033149171270718232
85;84 Nitrosyl hydride;0.0033149171270718232
