1;60 Hydrogen Cyanide;0.5684782608695652
2;61 Fluoromethyliumylidene;0.16086956521739132
3;0 Isocyanic Acid;0.003260869565217391
4;1 Propenal;0.003260869565217391
5;2 Ketene;0.003260869565217391
6;3 Oxonium hydride;0.003260869565217391
7;4 Thioformylium;0.003260869565217391
8;5 Vinyl Cyanide;0.003260869565217391
9;6 Methyl Formate;0.003260869565217391
10;7 Hydroxyl;0.003260869565217391
11;8 Methyliumylidene;0.003260869565217391
12;9 Iminomethylium;0.003260869565217391
13;10 Hydroxymethylium ion;0.003260869565217391
14;11 2-Propynal;0.003260869565217391
15;12 Carbon Monosulfide;0.003260869565217391
16;13 Cyanomethyl;0.003260869565217391
17;14 Methyl Acetylene;0.003260869565217391
18;15 2-Butynenitrile;0.003260869565217391
19;16 Methyl formate vt01;0.003260869565217391
20;17 Ethyl Cyanide;0.003260869565217391
21;18 gauche-Ethanol;0.003260869565217391
22;19 Glycolaldehyde;0.003260869565217391
23;20 Water;0.003260869565217391
24;21 Hydrogen sulfide;0.003260869565217391
25;22 Sulfur Monoxide ion;0.003260869565217391
26;23 1,3-Butadiynyl radical;0.003260869565217391
27;24 Formylium;0.003260869565217391
28;25 Fulminic acid;0.003260869565217391
29;26 Trihydrogen ion;0.003260869565217391
30;27 Methanimine;0.003260869565217391
31;28 Nitrous Oxide;0.003260869565217391
32;29 Propadienylidene;0.003260869565217391
33;30 Ethylene Oxide;0.003260869565217391
34;31 Ketenimine;0.003260869565217391
35;32 2,4,6-Heptatriynenitrile;0.003260869565217391
36;33 Aminoacetonitrile;0.003260869565217391
37;34 Methanol;0.003260869565217391
38;35 Ammonia;0.003260869565217391
39;36 Formyl Radical;0.003260869565217391
40;37 Methyl Cyanide;0.003260869565217391
41;38 Molecular oxygen;0.003260869565217391
42;39 Cyclopropenone;0.003260869565217391
43;40 Carbonyl Sulfide;0.003260869565217391
44;41 Acetaldehyde;0.003260869565217391
45;42 Cyanomethylene;0.003260869565217391
46;43 3-Thioxo-1,2-Propadieylidene;0.003260869565217391
47;44 Formamide;0.003260869565217391
48;45 Cyanobutadiyne;0.003260869565217391
49;46 Sulfur Dioxide;0.003260869565217391
50;47 Methyl isocyanide;0.003260869565217391
51;48 Nitric sulfide;0.003260869565217391
52;49 Methylene;0.003260869565217391
53;50 Hydrochloric acid;0.003260869565217391
54;51 Ethyne Isocyanide;0.003260869565217391
55;52 Cyanide Radical;0.003260869565217391
56;53 Nitric oxide;0.003260869565217391
57;54 Cyanic acid;0.003260869565217391
58;55 Formaldehyde;0.003260869565217391
59;56 Sulfur Monoxide;0.003260869565217391
60;57 Protonate 2-proynenitrile;0.003260869565217391
61;58 Ethynyl;0.003260869565217391
62;59 Ethylene Glycol;0.003260869565217391
63;62 Methylidyne;0.003260869565217391
64;63 Thioxoethenylidene;0.003260869565217391
65;64 Cyanomethanimine;0.003260869565217391
66;65 Silicon Monoxide;0.003260869565217391
67;66 Dimethyl ether;0.003260869565217391
68;67 Acetone;0.003260869565217391
69;68 Carbon Monoxide;0.003260869565217391
70;69 Phosphorous nitride;0.003260869565217391
71;70 Thioformaldehyde;0.003260869565217391
72;71 Diazenylium;0.003260869565217391
73;72 Cyanoformaldehyde;0.003260869565217391
74;73 Isothiocyanic acid;0.003260869565217391
75;74 Vinyl Alcohol;0.003260869565217391
76;75 Hydrogen Isocyanide;0.003260869565217391
77;76 Carbon Monosulfide;0.003260869565217391
78;77 Methylamine;0.003260869565217391
79;78 Protonated Carbon Dioxide;0.003260869565217391
80;79 Formic Acid;0.003260869565217391
81;80 Cyclopropenylidene;0.003260869565217391
82;81 Cyanoacetylene;0.003260869565217391
83;82 para-Oxidaniumyl;0.003260869565217391
84;83 ortho-Oxidaniumyl;0.003260869565217391
85;84 Nitrosyl hydride;0.003260869565217391
