1;8 Methyliumylidene;0.41208981001727113
2;75 Hydrogen Isocyanide;0.12884283246977546
3;9 Iminomethylium;0.12711571675302244
4;28 Nitrous Oxide;0.10120898100172712
5;45 Cyanobutadiyne;0.047668393782383425
6;61 Fluoromethyliumylidene;0.04421416234887738
7;32 2,4,6-Heptatriynenitrile;0.02521588946459413
8;24 Formylium;0.021761658031088083
9;50 Hydrochloric acid;0.011398963730569948
10;18 gauche-Ethanol;0.0027633851468048362
11;0 Isocyanic Acid;0.0010362694300518134
12;1 Propenal;0.0010362694300518134
13;2 Ketene;0.0010362694300518134
14;3 Oxonium hydride;0.0010362694300518134
15;4 Thioformylium;0.0010362694300518134
16;5 Vinyl Cyanide;0.0010362694300518134
17;6 Methyl Formate;0.0010362694300518134
18;7 Hydroxyl;0.0010362694300518134
19;10 Hydroxymethylium ion;0.0010362694300518134
20;11 2-Propynal;0.0010362694300518134
21;12 Carbon Monosulfide;0.0010362694300518134
22;13 Cyanomethyl;0.0010362694300518134
23;14 Methyl Acetylene;0.0010362694300518134
24;15 2-Butynenitrile;0.0010362694300518134
25;16 Methyl formate vt01;0.0010362694300518134
26;17 Ethyl Cyanide;0.0010362694300518134
27;19 Glycolaldehyde;0.0010362694300518134
28;20 Water;0.0010362694300518134
29;21 Hydrogen sulfide;0.0010362694300518134
30;22 Sulfur Monoxide ion;0.0010362694300518134
31;23 1,3-Butadiynyl radical;0.0010362694300518134
32;25 Fulminic acid;0.0010362694300518134
33;26 Trihydrogen ion;0.0010362694300518134
34;27 Methanimine;0.0010362694300518134
35;29 Propadienylidene;0.0010362694300518134
36;30 Ethylene Oxide;0.0010362694300518134
37;31 Ketenimine;0.0010362694300518134
38;33 Aminoacetonitrile;0.0010362694300518134
39;34 Methanol;0.0010362694300518134
40;35 Ammonia;0.0010362694300518134
41;36 Formyl Radical;0.0010362694300518134
42;37 Methyl Cyanide;0.0010362694300518134
43;38 Molecular oxygen;0.0010362694300518134
44;39 Cyclopropenone;0.0010362694300518134
45;40 Carbonyl Sulfide;0.0010362694300518134
46;41 Acetaldehyde;0.0010362694300518134
47;42 Cyanomethylene;0.0010362694300518134
48;43 3-Thioxo-1,2-Propadieylidene;0.0010362694300518134
49;44 Formamide;0.0010362694300518134
50;46 Sulfur Dioxide;0.0010362694300518134
51;47 Methyl isocyanide;0.0010362694300518134
52;48 Nitric sulfide;0.0010362694300518134
53;49 Methylene;0.0010362694300518134
54;51 Ethyne Isocyanide;0.0010362694300518134
55;52 Cyanide Radical;0.0010362694300518134
56;53 Nitric oxide;0.0010362694300518134
57;54 Cyanic acid;0.0010362694300518134
58;55 Formaldehyde;0.0010362694300518134
59;56 Sulfur Monoxide;0.0010362694300518134
60;57 Protonate 2-proynenitrile;0.0010362694300518134
61;58 Ethynyl;0.0010362694300518134
62;59 Ethylene Glycol;0.0010362694300518134
63;60 Hydrogen Cyanide;0.0010362694300518134
64;62 Methylidyne;0.0010362694300518134
65;63 Thioxoethenylidene;0.0010362694300518134
66;64 Cyanomethanimine;0.0010362694300518134
67;65 Silicon Monoxide;0.0010362694300518134
68;66 Dimethyl ether;0.0010362694300518134
69;67 Acetone;0.0010362694300518134
70;68 Carbon Monoxide;0.0010362694300518134
71;69 Phosphorous nitride;0.0010362694300518134
72;70 Thioformaldehyde;0.0010362694300518134
73;71 Diazenylium;0.0010362694300518134
74;72 Cyanoformaldehyde;0.0010362694300518134
75;73 Isothiocyanic acid;0.0010362694300518134
76;74 Vinyl Alcohol;0.0010362694300518134
77;76 Carbon Monosulfide;0.0010362694300518134
78;77 Methylamine;0.0010362694300518134
79;78 Protonated Carbon Dioxide;0.0010362694300518134
80;79 Formic Acid;0.0010362694300518134
81;80 Cyclopropenylidene;0.0010362694300518134
82;81 Cyanoacetylene;0.0010362694300518134
83;82 para-Oxidaniumyl;0.0010362694300518134
84;83 ortho-Oxidaniumyl;0.0010362694300518134
85;84 Nitrosyl hydride;0.0010362694300518134
