1;11 2-Propynal;0.5053571428571428
2;65 Silicon Monoxide;0.023214285714285715
3;39 Cyclopropenone;0.014285714285714287
4;42 Cyanomethylene;0.014285714285714287
5;59 Ethylene Glycol;0.014285714285714287
6;0 Isocyanic Acid;0.005357142857142857
7;1 Propenal;0.005357142857142857
8;2 Ketene;0.005357142857142857
9;3 Oxonium hydride;0.005357142857142857
10;4 Thioformylium;0.005357142857142857
11;5 Vinyl Cyanide;0.005357142857142857
12;6 Methyl Formate;0.005357142857142857
13;7 Hydroxyl;0.005357142857142857
14;8 Methyliumylidene;0.005357142857142857
15;9 Iminomethylium;0.005357142857142857
16;10 Hydroxymethylium ion;0.005357142857142857
17;12 Carbon Monosulfide;0.005357142857142857
18;13 Cyanomethyl;0.005357142857142857
19;14 Methyl Acetylene;0.005357142857142857
20;15 2-Butynenitrile;0.005357142857142857
21;16 Methyl formate vt01;0.005357142857142857
22;17 Ethyl Cyanide;0.005357142857142857
23;18 gauche-Ethanol;0.005357142857142857
24;19 Glycolaldehyde;0.005357142857142857
25;20 Water;0.005357142857142857
26;21 Hydrogen sulfide;0.005357142857142857
27;22 Sulfur Monoxide ion;0.005357142857142857
28;23 1,3-Butadiynyl radical;0.005357142857142857
29;24 Formylium;0.005357142857142857
30;25 Fulminic acid;0.005357142857142857
31;26 Trihydrogen ion;0.005357142857142857
32;27 Methanimine;0.005357142857142857
33;28 Nitrous Oxide;0.005357142857142857
34;29 Propadienylidene;0.005357142857142857
35;30 Ethylene Oxide;0.005357142857142857
36;31 Ketenimine;0.005357142857142857
37;32 2,4,6-Heptatriynenitrile;0.005357142857142857
38;33 Aminoacetonitrile;0.005357142857142857
39;34 Methanol;0.005357142857142857
40;35 Ammonia;0.005357142857142857
41;36 Formyl Radical;0.005357142857142857
42;37 Methyl Cyanide;0.005357142857142857
43;38 Molecular oxygen;0.005357142857142857
44;40 Carbonyl Sulfide;0.005357142857142857
45;41 Acetaldehyde;0.005357142857142857
46;43 3-Thioxo-1,2-Propadieylidene;0.005357142857142857
47;44 Formamide;0.005357142857142857
48;45 Cyanobutadiyne;0.005357142857142857
49;46 Sulfur Dioxide;0.005357142857142857
50;47 Methyl isocyanide;0.005357142857142857
51;48 Nitric sulfide;0.005357142857142857
52;49 Methylene;0.005357142857142857
53;50 Hydrochloric acid;0.005357142857142857
54;51 Ethyne Isocyanide;0.005357142857142857
55;52 Cyanide Radical;0.005357142857142857
56;53 Nitric oxide;0.005357142857142857
57;54 Cyanic acid;0.005357142857142857
58;55 Formaldehyde;0.005357142857142857
59;56 Sulfur Monoxide;0.005357142857142857
60;57 Protonate 2-proynenitrile;0.005357142857142857
61;58 Ethynyl;0.005357142857142857
62;60 Hydrogen Cyanide;0.005357142857142857
63;61 Fluoromethyliumylidene;0.005357142857142857
64;62 Methylidyne;0.005357142857142857
65;63 Thioxoethenylidene;0.005357142857142857
66;64 Cyanomethanimine;0.005357142857142857
67;66 Dimethyl ether;0.005357142857142857
68;67 Acetone;0.005357142857142857
69;68 Carbon Monoxide;0.005357142857142857
70;69 Phosphorous nitride;0.005357142857142857
71;70 Thioformaldehyde;0.005357142857142857
72;71 Diazenylium;0.005357142857142857
73;72 Cyanoformaldehyde;0.005357142857142857
74;73 Isothiocyanic acid;0.005357142857142857
75;74 Vinyl Alcohol;0.005357142857142857
76;75 Hydrogen Isocyanide;0.005357142857142857
77;76 Carbon Monosulfide;0.005357142857142857
78;77 Methylamine;0.005357142857142857
79;78 Protonated Carbon Dioxide;0.005357142857142857
80;79 Formic Acid;0.005357142857142857
81;80 Cyclopropenylidene;0.005357142857142857
82;81 Cyanoacetylene;0.005357142857142857
83;82 para-Oxidaniumyl;0.005357142857142857
84;83 ortho-Oxidaniumyl;0.005357142857142857
85;84 Nitrosyl hydride;0.005357142857142857
