1;8 Methyliumylidene;0.5324200913242009
2;57 Protonate 2-proynenitrile;0.16712328767123288
3;61 Fluoromethyliumylidene;0.07579908675799088
4;0 Isocyanic Acid;0.0027397260273972603
5;1 Propenal;0.0027397260273972603
6;2 Ketene;0.0027397260273972603
7;3 Oxonium hydride;0.0027397260273972603
8;4 Thioformylium;0.0027397260273972603
9;5 Vinyl Cyanide;0.0027397260273972603
10;6 Methyl Formate;0.0027397260273972603
11;7 Hydroxyl;0.0027397260273972603
12;9 Iminomethylium;0.0027397260273972603
13;10 Hydroxymethylium ion;0.0027397260273972603
14;11 2-Propynal;0.0027397260273972603
15;12 Carbon Monosulfide;0.0027397260273972603
16;13 Cyanomethyl;0.0027397260273972603
17;14 Methyl Acetylene;0.0027397260273972603
18;15 2-Butynenitrile;0.0027397260273972603
19;16 Methyl formate vt01;0.0027397260273972603
20;17 Ethyl Cyanide;0.0027397260273972603
21;18 gauche-Ethanol;0.0027397260273972603
22;19 Glycolaldehyde;0.0027397260273972603
23;20 Water;0.0027397260273972603
24;21 Hydrogen sulfide;0.0027397260273972603
25;22 Sulfur Monoxide ion;0.0027397260273972603
26;23 1,3-Butadiynyl radical;0.0027397260273972603
27;24 Formylium;0.0027397260273972603
28;25 Fulminic acid;0.0027397260273972603
29;26 Trihydrogen ion;0.0027397260273972603
30;27 Methanimine;0.0027397260273972603
31;28 Nitrous Oxide;0.0027397260273972603
32;29 Propadienylidene;0.0027397260273972603
33;30 Ethylene Oxide;0.0027397260273972603
34;31 Ketenimine;0.0027397260273972603
35;32 2,4,6-Heptatriynenitrile;0.0027397260273972603
36;33 Aminoacetonitrile;0.0027397260273972603
37;34 Methanol;0.0027397260273972603
38;35 Ammonia;0.0027397260273972603
39;36 Formyl Radical;0.0027397260273972603
40;37 Methyl Cyanide;0.0027397260273972603
41;38 Molecular oxygen;0.0027397260273972603
42;39 Cyclopropenone;0.0027397260273972603
43;40 Carbonyl Sulfide;0.0027397260273972603
44;41 Acetaldehyde;0.0027397260273972603
45;42 Cyanomethylene;0.0027397260273972603
46;43 3-Thioxo-1,2-Propadieylidene;0.0027397260273972603
47;44 Formamide;0.0027397260273972603
48;45 Cyanobutadiyne;0.0027397260273972603
49;46 Sulfur Dioxide;0.0027397260273972603
50;47 Methyl isocyanide;0.0027397260273972603
51;48 Nitric sulfide;0.0027397260273972603
52;49 Methylene;0.0027397260273972603
53;50 Hydrochloric acid;0.0027397260273972603
54;51 Ethyne Isocyanide;0.0027397260273972603
55;52 Cyanide Radical;0.0027397260273972603
56;53 Nitric oxide;0.0027397260273972603
57;54 Cyanic acid;0.0027397260273972603
58;55 Formaldehyde;0.0027397260273972603
59;56 Sulfur Monoxide;0.0027397260273972603
60;58 Ethynyl;0.0027397260273972603
61;59 Ethylene Glycol;0.0027397260273972603
62;60 Hydrogen Cyanide;0.0027397260273972603
63;62 Methylidyne;0.0027397260273972603
64;63 Thioxoethenylidene;0.0027397260273972603
65;64 Cyanomethanimine;0.0027397260273972603
66;65 Silicon Monoxide;0.0027397260273972603
67;66 Dimethyl ether;0.0027397260273972603
68;67 Acetone;0.0027397260273972603
69;68 Carbon Monoxide;0.0027397260273972603
70;69 Phosphorous nitride;0.0027397260273972603
71;70 Thioformaldehyde;0.0027397260273972603
72;71 Diazenylium;0.0027397260273972603
73;72 Cyanoformaldehyde;0.0027397260273972603
74;73 Isothiocyanic acid;0.0027397260273972603
75;74 Vinyl Alcohol;0.0027397260273972603
76;75 Hydrogen Isocyanide;0.0027397260273972603
77;76 Carbon Monosulfide;0.0027397260273972603
78;77 Methylamine;0.0027397260273972603
79;78 Protonated Carbon Dioxide;0.0027397260273972603
80;79 Formic Acid;0.0027397260273972603
81;80 Cyclopropenylidene;0.0027397260273972603
82;81 Cyanoacetylene;0.0027397260273972603
83;82 para-Oxidaniumyl;0.0027397260273972603
84;83 ortho-Oxidaniumyl;0.0027397260273972603
85;84 Nitrosyl hydride;0.0027397260273972603
