1;73 Isothiocyanic acid;0.5376146788990825
2;0 Isocyanic Acid;0.005504587155963302
3;1 Propenal;0.005504587155963302
4;2 Ketene;0.005504587155963302
5;3 Oxonium hydride;0.005504587155963302
6;4 Thioformylium;0.005504587155963302
7;5 Vinyl Cyanide;0.005504587155963302
8;6 Methyl Formate;0.005504587155963302
9;7 Hydroxyl;0.005504587155963302
10;8 Methyliumylidene;0.005504587155963302
11;9 Iminomethylium;0.005504587155963302
12;10 Hydroxymethylium ion;0.005504587155963302
13;11 2-Propynal;0.005504587155963302
14;12 Carbon Monosulfide;0.005504587155963302
15;13 Cyanomethyl;0.005504587155963302
16;14 Methyl Acetylene;0.005504587155963302
17;15 2-Butynenitrile;0.005504587155963302
18;16 Methyl formate vt01;0.005504587155963302
19;17 Ethyl Cyanide;0.005504587155963302
20;18 gauche-Ethanol;0.005504587155963302
21;19 Glycolaldehyde;0.005504587155963302
22;20 Water;0.005504587155963302
23;21 Hydrogen sulfide;0.005504587155963302
24;22 Sulfur Monoxide ion;0.005504587155963302
25;23 1,3-Butadiynyl radical;0.005504587155963302
26;24 Formylium;0.005504587155963302
27;25 Fulminic acid;0.005504587155963302
28;26 Trihydrogen ion;0.005504587155963302
29;27 Methanimine;0.005504587155963302
30;28 Nitrous Oxide;0.005504587155963302
31;29 Propadienylidene;0.005504587155963302
32;30 Ethylene Oxide;0.005504587155963302
33;31 Ketenimine;0.005504587155963302
34;32 2,4,6-Heptatriynenitrile;0.005504587155963302
35;33 Aminoacetonitrile;0.005504587155963302
36;34 Methanol;0.005504587155963302
37;35 Ammonia;0.005504587155963302
38;36 Formyl Radical;0.005504587155963302
39;37 Methyl Cyanide;0.005504587155963302
40;38 Molecular oxygen;0.005504587155963302
41;39 Cyclopropenone;0.005504587155963302
42;40 Carbonyl Sulfide;0.005504587155963302
43;41 Acetaldehyde;0.005504587155963302
44;42 Cyanomethylene;0.005504587155963302
45;43 3-Thioxo-1,2-Propadieylidene;0.005504587155963302
46;44 Formamide;0.005504587155963302
47;45 Cyanobutadiyne;0.005504587155963302
48;46 Sulfur Dioxide;0.005504587155963302
49;47 Methyl isocyanide;0.005504587155963302
50;48 Nitric sulfide;0.005504587155963302
51;49 Methylene;0.005504587155963302
52;50 Hydrochloric acid;0.005504587155963302
53;51 Ethyne Isocyanide;0.005504587155963302
54;52 Cyanide Radical;0.005504587155963302
55;53 Nitric oxide;0.005504587155963302
56;54 Cyanic acid;0.005504587155963302
57;55 Formaldehyde;0.005504587155963302
58;56 Sulfur Monoxide;0.005504587155963302
59;57 Protonate 2-proynenitrile;0.005504587155963302
60;58 Ethynyl;0.005504587155963302
61;59 Ethylene Glycol;0.005504587155963302
62;60 Hydrogen Cyanide;0.005504587155963302
63;61 Fluoromethyliumylidene;0.005504587155963302
64;62 Methylidyne;0.005504587155963302
65;63 Thioxoethenylidene;0.005504587155963302
66;64 Cyanomethanimine;0.005504587155963302
67;65 Silicon Monoxide;0.005504587155963302
68;66 Dimethyl ether;0.005504587155963302
69;67 Acetone;0.005504587155963302
70;68 Carbon Monoxide;0.005504587155963302
71;69 Phosphorous nitride;0.005504587155963302
72;70 Thioformaldehyde;0.005504587155963302
73;71 Diazenylium;0.005504587155963302
74;72 Cyanoformaldehyde;0.005504587155963302
75;74 Vinyl Alcohol;0.005504587155963302
76;75 Hydrogen Isocyanide;0.005504587155963302
77;76 Carbon Monosulfide;0.005504587155963302
78;77 Methylamine;0.005504587155963302
79;78 Protonated Carbon Dioxide;0.005504587155963302
80;79 Formic Acid;0.005504587155963302
81;80 Cyclopropenylidene;0.005504587155963302
82;81 Cyanoacetylene;0.005504587155963302
83;82 para-Oxidaniumyl;0.005504587155963302
84;83 ortho-Oxidaniumyl;0.005504587155963302
85;84 Nitrosyl hydride;0.005504587155963302
