HD163296_CO_2_1.image;model_hot_cores_tr_500it;1;54 Cyanic acid;0.5410714285714285
HD163296_CO_2_1.image;model_hot_cores_tr_500it;2;74 Vinyl Alcohol;0.014285714285714287
HD163296_CO_2_1.image;model_hot_cores_tr_500it;3;0 Isocyanic Acid;0.005357142857142857
HD163296_CO_2_1.image;model_hot_cores_tr_500it;4;1 Propenal;0.005357142857142857
HD163296_CO_2_1.image;model_hot_cores_tr_500it;5;2 Ketene;0.005357142857142857
HD163296_CO_2_1.image;model_hot_cores_2_500it;1;9 Iminomethylium;0.55
HD163296_CO_2_1.image;model_hot_cores_2_500it;2;0 Isocyanic Acid;0.005357142857142857
HD163296_CO_2_1.image;model_hot_cores_2_500it;3;1 Propenal;0.005357142857142857
HD163296_CO_2_1.image;model_hot_cores_2_500it;4;2 Ketene;0.005357142857142857
HD163296_CO_2_1.image;model_hot_cores_2_500it;5;3 Oxonium hydride;0.005357142857142857
HD163296_CO_2_1.image;model_hot_cores_full_500it;1;8 Methyliumylidene;0.3535714285714286
HD163296_CO_2_1.image;model_hot_cores_full_500it;2;3 Oxonium hydride;0.2017857142857143
HD163296_CO_2_1.image;model_hot_cores_full_500it;3;0 Isocyanic Acid;0.005357142857142857
HD163296_CO_2_1.image;model_hot_cores_full_500it;4;1 Propenal;0.005357142857142857
HD163296_CO_2_1.image;model_hot_cores_full_500it;5;2 Ketene;0.005357142857142857
HD163296_CO_2_1.image;model_hot_cores_full_expanded_00002_500it;1;74 Vinyl Alcohol;0.55
HD163296_CO_2_1.image;model_hot_cores_full_expanded_00002_500it;2;0 Isocyanic Acid;0.005357142857142857
HD163296_CO_2_1.image;model_hot_cores_full_expanded_00002_500it;3;1 Propenal;0.005357142857142857
HD163296_CO_2_1.image;model_hot_cores_full_expanded_00002_500it;4;2 Ketene;0.005357142857142857
HD163296_CO_2_1.image;model_hot_cores_full_expanded_00002_500it;5;3 Oxonium hydride;0.005357142857142857
HD163296_CO_2_1.image;model_hot_cores_full_expanded_00010_500it;1;11 2-Propynal;0.5053571428571428
HD163296_CO_2_1.image;model_hot_cores_full_expanded_00010_500it;2;65 Silicon Monoxide;0.023214285714285715
HD163296_CO_2_1.image;model_hot_cores_full_expanded_00010_500it;3;39 Cyclopropenone;0.014285714285714287
HD163296_CO_2_1.image;model_hot_cores_full_expanded_00010_500it;4;42 Cyanomethylene;0.014285714285714287
HD163296_CO_2_1.image;model_hot_cores_full_expanded_00010_500it;5;59 Ethylene Glycol;0.014285714285714287
Orion.HNC.cbc.contsub.image;model_hot_cores_tr_500it;1;61 Fluoromethyliumylidene;0.7698630136986301
Orion.HNC.cbc.contsub.image;model_hot_cores_tr_500it;2;0 Isocyanic Acid;0.0027397260273972603
Orion.HNC.cbc.contsub.image;model_hot_cores_tr_500it;3;1 Propenal;0.0027397260273972603
Orion.HNC.cbc.contsub.image;model_hot_cores_tr_500it;4;2 Ketene;0.0027397260273972603
Orion.HNC.cbc.contsub.image;model_hot_cores_tr_500it;5;3 Oxonium hydride;0.0027397260273972603
Orion.HNC.cbc.contsub.image;model_hot_cores_2_500it;1;8 Methyliumylidene;0.5324200913242009
Orion.HNC.cbc.contsub.image;model_hot_cores_2_500it;2;57 Protonate 2-proynenitrile;0.16712328767123288
Orion.HNC.cbc.contsub.image;model_hot_cores_2_500it;3;61 Fluoromethyliumylidene;0.07579908675799088
Orion.HNC.cbc.contsub.image;model_hot_cores_2_500it;4;0 Isocyanic Acid;0.0027397260273972603
Orion.HNC.cbc.contsub.image;model_hot_cores_2_500it;5;1 Propenal;0.0027397260273972603
Orion.HNC.cbc.contsub.image;model_hot_cores_full_500it;1;61 Fluoromethyliumylidene;0.34977168949771686
Orion.HNC.cbc.contsub.image;model_hot_cores_full_500it;2;4 Thioformylium;0.2219178082191781
Orion.HNC.cbc.contsub.image;model_hot_cores_full_500it;3;38 Molecular oxygen;0.057534246575342465
Orion.HNC.cbc.contsub.image;model_hot_cores_full_500it;4;75 Hydrogen Isocyanide;0.057534246575342465
Orion.HNC.cbc.contsub.image;model_hot_cores_full_500it;5;76 Carbon Monosulfide;0.057534246575342465
Orion.HNC.cbc.contsub.image;model_hot_cores_full_expanded_00002_500it;1;75 Hydrogen Isocyanide;0.7698630136986301
Orion.HNC.cbc.contsub.image;model_hot_cores_full_expanded_00002_500it;2;0 Isocyanic Acid;0.0027397260273972603
Orion.HNC.cbc.contsub.image;model_hot_cores_full_expanded_00002_500it;3;1 Propenal;0.0027397260273972603
Orion.HNC.cbc.contsub.image;model_hot_cores_full_expanded_00002_500it;4;2 Ketene;0.0027397260273972603
Orion.HNC.cbc.contsub.image;model_hot_cores_full_expanded_00002_500it;5;3 Oxonium hydride;0.0027397260273972603
Orion.HNC.cbc.contsub.image;model_hot_cores_full_expanded_00010_500it;1;2 Ketene;0.765296803652968
Orion.HNC.cbc.contsub.image;model_hot_cores_full_expanded_00010_500it;2;59 Ethylene Glycol;0.007305936073059361
Orion.HNC.cbc.contsub.image;model_hot_cores_full_expanded_00010_500it;3;0 Isocyanic Acid;0.0027397260273972603
Orion.HNC.cbc.contsub.image;model_hot_cores_full_expanded_00010_500it;4;1 Propenal;0.0027397260273972603
Orion.HNC.cbc.contsub.image;model_hot_cores_full_expanded_00010_500it;5;3 Oxonium hydride;0.0027397260273972603
uid___A002_Xa916fc_X668__IRS43_HCO32.final.image.pbcor;model_hot_cores_tr_500it;1;9 Iminomethylium;0.8410094637223976
uid___A002_Xa916fc_X668__IRS43_HCO32.final.image.pbcor;model_hot_cores_tr_500it;2;0 Isocyanic Acid;0.0018927444794952682
uid___A002_Xa916fc_X668__IRS43_HCO32.final.image.pbcor;model_hot_cores_tr_500it;3;1 Propenal;0.0018927444794952682
uid___A002_Xa916fc_X668__IRS43_HCO32.final.image.pbcor;model_hot_cores_tr_500it;4;2 Ketene;0.0018927444794952682
uid___A002_Xa916fc_X668__IRS43_HCO32.final.image.pbcor;model_hot_cores_tr_500it;5;3 Oxonium hydride;0.0018927444794952682
uid___A002_Xa916fc_X668__IRS43_HCO32.final.image.pbcor;model_hot_cores_2_500it;1;61 Fluoromethyliumylidene;0.8410094637223976
uid___A002_Xa916fc_X668__IRS43_HCO32.final.image.pbcor;model_hot_cores_2_500it;2;0 Isocyanic Acid;0.0018927444794952682
uid___A002_Xa916fc_X668__IRS43_HCO32.final.image.pbcor;model_hot_cores_2_500it;3;1 Propenal;0.0018927444794952682
uid___A002_Xa916fc_X668__IRS43_HCO32.final.image.pbcor;model_hot_cores_2_500it;4;2 Ketene;0.0018927444794952682
uid___A002_Xa916fc_X668__IRS43_HCO32.final.image.pbcor;model_hot_cores_2_500it;5;3 Oxonium hydride;0.0018927444794952682
uid___A002_Xa916fc_X668__IRS43_HCO32.final.image.pbcor;model_hot_cores_full_500it;1;4 Thioformylium;0.3362776025236593
uid___A002_Xa916fc_X668__IRS43_HCO32.final.image.pbcor;model_hot_cores_full_500it;2;8 Methyliumylidene;0.22902208201892743
uid___A002_Xa916fc_X668__IRS43_HCO32.final.image.pbcor;model_hot_cores_full_500it;3;60 Hydrogen Cyanide;0.19116719242902208
uid___A002_Xa916fc_X668__IRS43_HCO32.final.image.pbcor;model_hot_cores_full_500it;4;75 Hydrogen Isocyanide;0.09022082018927445
uid___A002_Xa916fc_X668__IRS43_HCO32.final.image.pbcor;model_hot_cores_full_500it;5;0 Isocyanic Acid;0.0018927444794952682
uid___A002_Xa916fc_X668__IRS43_HCO32.final.image.pbcor;model_hot_cores_full_expanded_00002_500it;1;50 Hydrochloric acid;0.8410094637223976
uid___A002_Xa916fc_X668__IRS43_HCO32.final.image.pbcor;model_hot_cores_full_expanded_00002_500it;2;0 Isocyanic Acid;0.0018927444794952682
uid___A002_Xa916fc_X668__IRS43_HCO32.final.image.pbcor;model_hot_cores_full_expanded_00002_500it;3;1 Propenal;0.0018927444794952682
uid___A002_Xa916fc_X668__IRS43_HCO32.final.image.pbcor;model_hot_cores_full_expanded_00002_500it;4;2 Ketene;0.0018927444794952682
uid___A002_Xa916fc_X668__IRS43_HCO32.final.image.pbcor;model_hot_cores_full_expanded_00002_500it;5;3 Oxonium hydride;0.0018927444794952682
uid___A002_Xa916fc_X668__IRS43_HCO32.final.image.pbcor;model_hot_cores_full_expanded_00010_500it;1;23 1,3-Butadiynyl radical;0.8410094637223976
uid___A002_Xa916fc_X668__IRS43_HCO32.final.image.pbcor;model_hot_cores_full_expanded_00010_500it;2;0 Isocyanic Acid;0.0018927444794952682
uid___A002_Xa916fc_X668__IRS43_HCO32.final.image.pbcor;model_hot_cores_full_expanded_00010_500it;3;1 Propenal;0.0018927444794952682
uid___A002_Xa916fc_X668__IRS43_HCO32.final.image.pbcor;model_hot_cores_full_expanded_00010_500it;4;2 Ketene;0.0018927444794952682
uid___A002_Xa916fc_X668__IRS43_HCO32.final.image.pbcor;model_hot_cores_full_expanded_00010_500it;5;3 Oxonium hydride;0.0018927444794952682
TWHydra_CO3_2line.image;model_hot_cores_tr_500it;1;8 Methyliumylidene;0.37
TWHydra_CO3_2line.image;model_hot_cores_tr_500it;2;0 Isocyanic Acid;0.0075
TWHydra_CO3_2line.image;model_hot_cores_tr_500it;3;1 Propenal;0.0075
TWHydra_CO3_2line.image;model_hot_cores_tr_500it;4;2 Ketene;0.0075
TWHydra_CO3_2line.image;model_hot_cores_tr_500it;5;3 Oxonium hydride;0.0075
TWHydra_CO3_2line.image;model_hot_cores_2_500it;1;61 Fluoromethyliumylidene;0.37
TWHydra_CO3_2line.image;model_hot_cores_2_500it;2;0 Isocyanic Acid;0.0075
TWHydra_CO3_2line.image;model_hot_cores_2_500it;3;1 Propenal;0.0075
TWHydra_CO3_2line.image;model_hot_cores_2_500it;4;2 Ketene;0.0075
TWHydra_CO3_2line.image;model_hot_cores_2_500it;5;3 Oxonium hydride;0.0075
TWHydra_CO3_2line.image;model_hot_cores_full_500it;1;60 Hydrogen Cyanide;0.37
TWHydra_CO3_2line.image;model_hot_cores_full_500it;2;0 Isocyanic Acid;0.0075
TWHydra_CO3_2line.image;model_hot_cores_full_500it;3;1 Propenal;0.0075
TWHydra_CO3_2line.image;model_hot_cores_full_500it;4;2 Ketene;0.0075
TWHydra_CO3_2line.image;model_hot_cores_full_500it;5;3 Oxonium hydride;0.0075
TWHydra_CO3_2line.image;model_hot_cores_full_expanded_00002_500it;1;38 Molecular oxygen;0.37
TWHydra_CO3_2line.image;model_hot_cores_full_expanded_00002_500it;2;0 Isocyanic Acid;0.0075
TWHydra_CO3_2line.image;model_hot_cores_full_expanded_00002_500it;3;1 Propenal;0.0075
TWHydra_CO3_2line.image;model_hot_cores_full_expanded_00002_500it;4;2 Ketene;0.0075
TWHydra_CO3_2line.image;model_hot_cores_full_expanded_00002_500it;5;3 Oxonium hydride;0.0075
TWHydra_CO3_2line.image;model_hot_cores_full_expanded_00010_500it;1;68 Carbon Monoxide;0.37
TWHydra_CO3_2line.image;model_hot_cores_full_expanded_00010_500it;2;0 Isocyanic Acid;0.0075
TWHydra_CO3_2line.image;model_hot_cores_full_expanded_00010_500it;3;1 Propenal;0.0075
TWHydra_CO3_2line.image;model_hot_cores_full_expanded_00010_500it;4;2 Ketene;0.0075
TWHydra_CO3_2line.image;model_hot_cores_full_expanded_00010_500it;5;3 Oxonium hydride;0.0075
DMTau.CS_5-4.image;model_hot_cores_tr_500it;1;45 Cyanobutadiyne;0.8167272727272727
DMTau.CS_5-4.image;model_hot_cores_tr_500it;2;0 Isocyanic Acid;0.002181818181818182
DMTau.CS_5-4.image;model_hot_cores_tr_500it;3;1 Propenal;0.002181818181818182
DMTau.CS_5-4.image;model_hot_cores_tr_500it;4;2 Ketene;0.002181818181818182
DMTau.CS_5-4.image;model_hot_cores_tr_500it;5;3 Oxonium hydride;0.002181818181818182
DMTau.CS_5-4.image;model_hot_cores_2_500it;1;8 Methyliumylidene;0.8167272727272727
DMTau.CS_5-4.image;model_hot_cores_2_500it;2;0 Isocyanic Acid;0.002181818181818182
DMTau.CS_5-4.image;model_hot_cores_2_500it;3;1 Propenal;0.002181818181818182
DMTau.CS_5-4.image;model_hot_cores_2_500it;4;2 Ketene;0.002181818181818182
DMTau.CS_5-4.image;model_hot_cores_2_500it;5;3 Oxonium hydride;0.002181818181818182
DMTau.CS_5-4.image;model_hot_cores_full_500it;1;9 Iminomethylium;0.8021818181818181
DMTau.CS_5-4.image;model_hot_cores_full_500it;2;43 3-Thioxo-1,2-Propadieylidene;0.016727272727272726
DMTau.CS_5-4.image;model_hot_cores_full_500it;3;0 Isocyanic Acid;0.002181818181818182
DMTau.CS_5-4.image;model_hot_cores_full_500it;4;1 Propenal;0.002181818181818182
DMTau.CS_5-4.image;model_hot_cores_full_500it;5;2 Ketene;0.002181818181818182
DMTau.CS_5-4.image;model_hot_cores_full_expanded_00002_500it;1;12 Carbon Monosulfide;0.8058181818181818
DMTau.CS_5-4.image;model_hot_cores_full_expanded_00002_500it;2;11 2-Propynal;0.005818181818181819
DMTau.CS_5-4.image;model_hot_cores_full_expanded_00002_500it;3;34 Methanol;0.005818181818181819
DMTau.CS_5-4.image;model_hot_cores_full_expanded_00002_500it;4;48 Nitric sulfide;0.005818181818181819
DMTau.CS_5-4.image;model_hot_cores_full_expanded_00002_500it;5;0 Isocyanic Acid;0.002181818181818182
DMTau.CS_5-4.image;model_hot_cores_full_expanded_00010_500it;1;12 Carbon Monosulfide;0.8021818181818181
DMTau.CS_5-4.image;model_hot_cores_full_expanded_00010_500it;2;11 2-Propynal;0.009454545454545455
DMTau.CS_5-4.image;model_hot_cores_full_expanded_00010_500it;3;39 Cyclopropenone;0.005818181818181819
DMTau.CS_5-4.image;model_hot_cores_full_expanded_00010_500it;4;61 Fluoromethyliumylidene;0.005818181818181819
DMTau.CS_5-4.image;model_hot_cores_full_expanded_00010_500it;5;0 Isocyanic Acid;0.002181818181818182
TWHydra_HCOplusline.image;model_hot_cores_tr_500it;1;1 Propenal;0.33246753246753247
TWHydra_HCOplusline.image;model_hot_cores_tr_500it;2;54 Cyanic acid;0.02077922077922078
TWHydra_HCOplusline.image;model_hot_cores_tr_500it;3;0 Isocyanic Acid;0.007792207792207792
TWHydra_HCOplusline.image;model_hot_cores_tr_500it;4;2 Ketene;0.007792207792207792
TWHydra_HCOplusline.image;model_hot_cores_tr_500it;5;3 Oxonium hydride;0.007792207792207792
TWHydra_HCOplusline.image;model_hot_cores_2_500it;1;4 Thioformylium;0.34545454545454546
TWHydra_HCOplusline.image;model_hot_cores_2_500it;2;0 Isocyanic Acid;0.007792207792207792
TWHydra_HCOplusline.image;model_hot_cores_2_500it;3;1 Propenal;0.007792207792207792
TWHydra_HCOplusline.image;model_hot_cores_2_500it;4;2 Ketene;0.007792207792207792
TWHydra_HCOplusline.image;model_hot_cores_2_500it;5;3 Oxonium hydride;0.007792207792207792
TWHydra_HCOplusline.image;model_hot_cores_full_500it;1;4 Thioformylium;0.26753246753246757
TWHydra_HCOplusline.image;model_hot_cores_full_500it;2;8 Methyliumylidene;0.046753246753246755
TWHydra_HCOplusline.image;model_hot_cores_full_500it;3;50 Hydrochloric acid;0.046753246753246755
TWHydra_HCOplusline.image;model_hot_cores_full_500it;4;0 Isocyanic Acid;0.007792207792207792
TWHydra_HCOplusline.image;model_hot_cores_full_500it;5;1 Propenal;0.007792207792207792
TWHydra_HCOplusline.image;model_hot_cores_full_expanded_00002_500it;1;65 Silicon Monoxide;0.3064935064935065
TWHydra_HCOplusline.image;model_hot_cores_full_expanded_00002_500it;2;82 para-Oxidaniumyl;0.03376623376623377
TWHydra_HCOplusline.image;model_hot_cores_full_expanded_00002_500it;3;41 Acetaldehyde;0.02077922077922078
TWHydra_HCOplusline.image;model_hot_cores_full_expanded_00002_500it;4;0 Isocyanic Acid;0.007792207792207792
TWHydra_HCOplusline.image;model_hot_cores_full_expanded_00002_500it;5;1 Propenal;0.007792207792207792
TWHydra_HCOplusline.image;model_hot_cores_full_expanded_00010_500it;1;24 Formylium;0.33246753246753247
TWHydra_HCOplusline.image;model_hot_cores_full_expanded_00010_500it;2;33 Aminoacetonitrile;0.02077922077922078
TWHydra_HCOplusline.image;model_hot_cores_full_expanded_00010_500it;3;0 Isocyanic Acid;0.007792207792207792
TWHydra_HCOplusline.image;model_hot_cores_full_expanded_00010_500it;4;1 Propenal;0.007792207792207792
TWHydra_HCOplusline.image;model_hot_cores_full_expanded_00010_500it;5;2 Ketene;0.007792207792207792
Orion.methanol.cbc.contsub.image;model_hot_cores_tr_500it;1;25 Fulminic acid;0.5376146788990825
Orion.methanol.cbc.contsub.image;model_hot_cores_tr_500it;2;0 Isocyanic Acid;0.005504587155963302
Orion.methanol.cbc.contsub.image;model_hot_cores_tr_500it;3;1 Propenal;0.005504587155963302
Orion.methanol.cbc.contsub.image;model_hot_cores_tr_500it;4;2 Ketene;0.005504587155963302
Orion.methanol.cbc.contsub.image;model_hot_cores_tr_500it;5;3 Oxonium hydride;0.005504587155963302
Orion.methanol.cbc.contsub.image;model_hot_cores_2_500it;1;8 Methyliumylidene;0.5376146788990825
Orion.methanol.cbc.contsub.image;model_hot_cores_2_500it;2;0 Isocyanic Acid;0.005504587155963302
Orion.methanol.cbc.contsub.image;model_hot_cores_2_500it;3;1 Propenal;0.005504587155963302
Orion.methanol.cbc.contsub.image;model_hot_cores_2_500it;4;2 Ketene;0.005504587155963302
Orion.methanol.cbc.contsub.image;model_hot_cores_2_500it;5;3 Oxonium hydride;0.005504587155963302
Orion.methanol.cbc.contsub.image;model_hot_cores_full_500it;1;45 Cyanobutadiyne;0.326605504587156
Orion.methanol.cbc.contsub.image;model_hot_cores_full_500it;2;61 Fluoromethyliumylidene;0.21651376146788992
Orion.methanol.cbc.contsub.image;model_hot_cores_full_500it;3;0 Isocyanic Acid;0.005504587155963302
Orion.methanol.cbc.contsub.image;model_hot_cores_full_500it;4;1 Propenal;0.005504587155963302
Orion.methanol.cbc.contsub.image;model_hot_cores_full_500it;5;2 Ketene;0.005504587155963302
Orion.methanol.cbc.contsub.image;model_hot_cores_full_expanded_00002_500it;1;82 para-Oxidaniumyl;0.5192660550458715
Orion.methanol.cbc.contsub.image;model_hot_cores_full_expanded_00002_500it;2;17 Ethyl Cyanide;0.014678899082568808
Orion.methanol.cbc.contsub.image;model_hot_cores_full_expanded_00002_500it;3;48 Nitric sulfide;0.014678899082568808
Orion.methanol.cbc.contsub.image;model_hot_cores_full_expanded_00002_500it;4;0 Isocyanic Acid;0.005504587155963302
Orion.methanol.cbc.contsub.image;model_hot_cores_full_expanded_00002_500it;5;1 Propenal;0.005504587155963302
Orion.methanol.cbc.contsub.image;model_hot_cores_full_expanded_00010_500it;1;73 Isothiocyanic acid;0.5376146788990825
Orion.methanol.cbc.contsub.image;model_hot_cores_full_expanded_00010_500it;2;0 Isocyanic Acid;0.005504587155963302
Orion.methanol.cbc.contsub.image;model_hot_cores_full_expanded_00010_500it;3;1 Propenal;0.005504587155963302
Orion.methanol.cbc.contsub.image;model_hot_cores_full_expanded_00010_500it;4;2 Ketene;0.005504587155963302
Orion.methanol.cbc.contsub.image;model_hot_cores_full_expanded_00010_500it;5;3 Oxonium hydride;0.005504587155963302
