1;60 Hydrogen Cyanide;0.37
2;0 Isocyanic Acid;0.0075
3;1 Propenal;0.0075
4;2 Ketene;0.0075
5;3 Oxonium hydride;0.0075
6;4 Thioformylium;0.0075
7;5 Vinyl Cyanide;0.0075
8;6 Methyl Formate;0.0075
9;7 Hydroxyl;0.0075
10;8 Methyliumylidene;0.0075
11;9 Iminomethylium;0.0075
12;10 Hydroxymethylium ion;0.0075
13;11 2-Propynal;0.0075
14;12 Carbon Monosulfide;0.0075
15;13 Cyanomethyl;0.0075
16;14 Methyl Acetylene;0.0075
17;15 2-Butynenitrile;0.0075
18;16 Methyl formate vt01;0.0075
19;17 Ethyl Cyanide;0.0075
20;18 gauche-Ethanol;0.0075
21;19 Glycolaldehyde;0.0075
22;20 Water;0.0075
23;21 Hydrogen sulfide;0.0075
24;22 Sulfur Monoxide ion;0.0075
25;23 1,3-Butadiynyl radical;0.0075
26;24 Formylium;0.0075
27;25 Fulminic acid;0.0075
28;26 Trihydrogen ion;0.0075
29;27 Methanimine;0.0075
30;28 Nitrous Oxide;0.0075
31;29 Propadienylidene;0.0075
32;30 Ethylene Oxide;0.0075
33;31 Ketenimine;0.0075
34;32 2,4,6-Heptatriynenitrile;0.0075
35;33 Aminoacetonitrile;0.0075
36;34 Methanol;0.0075
37;35 Ammonia;0.0075
38;36 Formyl Radical;0.0075
39;37 Methyl Cyanide;0.0075
40;38 Molecular oxygen;0.0075
41;39 Cyclopropenone;0.0075
42;40 Carbonyl Sulfide;0.0075
43;41 Acetaldehyde;0.0075
44;42 Cyanomethylene;0.0075
45;43 3-Thioxo-1,2-Propadieylidene;0.0075
46;44 Formamide;0.0075
47;45 Cyanobutadiyne;0.0075
48;46 Sulfur Dioxide;0.0075
49;47 Methyl isocyanide;0.0075
50;48 Nitric sulfide;0.0075
51;49 Methylene;0.0075
52;50 Hydrochloric acid;0.0075
53;51 Ethyne Isocyanide;0.0075
54;52 Cyanide Radical;0.0075
55;53 Nitric oxide;0.0075
56;54 Cyanic acid;0.0075
57;55 Formaldehyde;0.0075
58;56 Sulfur Monoxide;0.0075
59;57 Protonate 2-proynenitrile;0.0075
60;58 Ethynyl;0.0075
61;59 Ethylene Glycol;0.0075
62;61 Fluoromethyliumylidene;0.0075
63;62 Methylidyne;0.0075
64;63 Thioxoethenylidene;0.0075
65;64 Cyanomethanimine;0.0075
66;65 Silicon Monoxide;0.0075
67;66 Dimethyl ether;0.0075
68;67 Acetone;0.0075
69;68 Carbon Monoxide;0.0075
70;69 Phosphorous nitride;0.0075
71;70 Thioformaldehyde;0.0075
72;71 Diazenylium;0.0075
73;72 Cyanoformaldehyde;0.0075
74;73 Isothiocyanic acid;0.0075
75;74 Vinyl Alcohol;0.0075
76;75 Hydrogen Isocyanide;0.0075
77;76 Carbon Monosulfide;0.0075
78;77 Methylamine;0.0075
79;78 Protonated Carbon Dioxide;0.0075
80;79 Formic Acid;0.0075
81;80 Cyclopropenylidene;0.0075
82;81 Cyanoacetylene;0.0075
83;82 para-Oxidaniumyl;0.0075
84;83 ortho-Oxidaniumyl;0.0075
85;84 Nitrosyl hydride;0.0075
