1;65 Silicon Monoxide;0.3064935064935065
2;82 para-Oxidaniumyl;0.03376623376623377
3;41 Acetaldehyde;0.02077922077922078
4;0 Isocyanic Acid;0.007792207792207792
5;1 Propenal;0.007792207792207792
6;2 Ketene;0.007792207792207792
7;3 Oxonium hydride;0.007792207792207792
8;4 Thioformylium;0.007792207792207792
9;5 Vinyl Cyanide;0.007792207792207792
10;6 Methyl Formate;0.007792207792207792
11;7 Hydroxyl;0.007792207792207792
12;8 Methyliumylidene;0.007792207792207792
13;9 Iminomethylium;0.007792207792207792
14;10 Hydroxymethylium ion;0.007792207792207792
15;11 2-Propynal;0.007792207792207792
16;12 Carbon Monosulfide;0.007792207792207792
17;13 Cyanomethyl;0.007792207792207792
18;14 Methyl Acetylene;0.007792207792207792
19;15 2-Butynenitrile;0.007792207792207792
20;16 Methyl formate vt01;0.007792207792207792
21;17 Ethyl Cyanide;0.007792207792207792
22;18 gauche-Ethanol;0.007792207792207792
23;19 Glycolaldehyde;0.007792207792207792
24;20 Water;0.007792207792207792
25;21 Hydrogen sulfide;0.007792207792207792
26;22 Sulfur Monoxide ion;0.007792207792207792
27;23 1,3-Butadiynyl radical;0.007792207792207792
28;24 Formylium;0.007792207792207792
29;25 Fulminic acid;0.007792207792207792
30;26 Trihydrogen ion;0.007792207792207792
31;27 Methanimine;0.007792207792207792
32;28 Nitrous Oxide;0.007792207792207792
33;29 Propadienylidene;0.007792207792207792
34;30 Ethylene Oxide;0.007792207792207792
35;31 Ketenimine;0.007792207792207792
36;32 2,4,6-Heptatriynenitrile;0.007792207792207792
37;33 Aminoacetonitrile;0.007792207792207792
38;34 Methanol;0.007792207792207792
39;35 Ammonia;0.007792207792207792
40;36 Formyl Radical;0.007792207792207792
41;37 Methyl Cyanide;0.007792207792207792
42;38 Molecular oxygen;0.007792207792207792
43;39 Cyclopropenone;0.007792207792207792
44;40 Carbonyl Sulfide;0.007792207792207792
45;42 Cyanomethylene;0.007792207792207792
46;43 3-Thioxo-1,2-Propadieylidene;0.007792207792207792
47;44 Formamide;0.007792207792207792
48;45 Cyanobutadiyne;0.007792207792207792
49;46 Sulfur Dioxide;0.007792207792207792
50;47 Methyl isocyanide;0.007792207792207792
51;48 Nitric sulfide;0.007792207792207792
52;49 Methylene;0.007792207792207792
53;50 Hydrochloric acid;0.007792207792207792
54;51 Ethyne Isocyanide;0.007792207792207792
55;52 Cyanide Radical;0.007792207792207792
56;53 Nitric oxide;0.007792207792207792
57;54 Cyanic acid;0.007792207792207792
58;55 Formaldehyde;0.007792207792207792
59;56 Sulfur Monoxide;0.007792207792207792
60;57 Protonate 2-proynenitrile;0.007792207792207792
61;58 Ethynyl;0.007792207792207792
62;59 Ethylene Glycol;0.007792207792207792
63;60 Hydrogen Cyanide;0.007792207792207792
64;61 Fluoromethyliumylidene;0.007792207792207792
65;62 Methylidyne;0.007792207792207792
66;63 Thioxoethenylidene;0.007792207792207792
67;64 Cyanomethanimine;0.007792207792207792
68;66 Dimethyl ether;0.007792207792207792
69;67 Acetone;0.007792207792207792
70;68 Carbon Monoxide;0.007792207792207792
71;69 Phosphorous nitride;0.007792207792207792
72;70 Thioformaldehyde;0.007792207792207792
73;71 Diazenylium;0.007792207792207792
74;72 Cyanoformaldehyde;0.007792207792207792
75;73 Isothiocyanic acid;0.007792207792207792
76;74 Vinyl Alcohol;0.007792207792207792
77;75 Hydrogen Isocyanide;0.007792207792207792
78;76 Carbon Monosulfide;0.007792207792207792
79;77 Methylamine;0.007792207792207792
80;78 Protonated Carbon Dioxide;0.007792207792207792
81;79 Formic Acid;0.007792207792207792
82;80 Cyclopropenylidene;0.007792207792207792
83;81 Cyanoacetylene;0.007792207792207792
84;83 ortho-Oxidaniumyl;0.007792207792207792
85;84 Nitrosyl hydride;0.007792207792207792
