1;9 Iminomethylium;0.8410094637223976
2;0 Isocyanic Acid;0.0018927444794952682
3;1 Propenal;0.0018927444794952682
4;2 Ketene;0.0018927444794952682
5;3 Oxonium hydride;0.0018927444794952682
6;4 Thioformylium;0.0018927444794952682
7;5 Vinyl Cyanide;0.0018927444794952682
8;6 Methyl Formate;0.0018927444794952682
9;7 Hydroxyl;0.0018927444794952682
10;8 Methyliumylidene;0.0018927444794952682
11;10 Hydroxymethylium ion;0.0018927444794952682
12;11 2-Propynal;0.0018927444794952682
13;12 Carbon Monosulfide;0.0018927444794952682
14;13 Cyanomethyl;0.0018927444794952682
15;14 Methyl Acetylene;0.0018927444794952682
16;15 2-Butynenitrile;0.0018927444794952682
17;16 Methyl formate vt01;0.0018927444794952682
18;17 Ethyl Cyanide;0.0018927444794952682
19;18 gauche-Ethanol;0.0018927444794952682
20;19 Glycolaldehyde;0.0018927444794952682
21;20 Water;0.0018927444794952682
22;21 Hydrogen sulfide;0.0018927444794952682
23;22 Sulfur Monoxide ion;0.0018927444794952682
24;23 1,3-Butadiynyl radical;0.0018927444794952682
25;24 Formylium;0.0018927444794952682
26;25 Fulminic acid;0.0018927444794952682
27;26 Trihydrogen ion;0.0018927444794952682
28;27 Methanimine;0.0018927444794952682
29;28 Nitrous Oxide;0.0018927444794952682
30;29 Propadienylidene;0.0018927444794952682
31;30 Ethylene Oxide;0.0018927444794952682
32;31 Ketenimine;0.0018927444794952682
33;32 2,4,6-Heptatriynenitrile;0.0018927444794952682
34;33 Aminoacetonitrile;0.0018927444794952682
35;34 Methanol;0.0018927444794952682
36;35 Ammonia;0.0018927444794952682
37;36 Formyl Radical;0.0018927444794952682
38;37 Methyl Cyanide;0.0018927444794952682
39;38 Molecular oxygen;0.0018927444794952682
40;39 Cyclopropenone;0.0018927444794952682
41;40 Carbonyl Sulfide;0.0018927444794952682
42;41 Acetaldehyde;0.0018927444794952682
43;42 Cyanomethylene;0.0018927444794952682
44;43 3-Thioxo-1,2-Propadieylidene;0.0018927444794952682
45;44 Formamide;0.0018927444794952682
46;45 Cyanobutadiyne;0.0018927444794952682
47;46 Sulfur Dioxide;0.0018927444794952682
48;47 Methyl isocyanide;0.0018927444794952682
49;48 Nitric sulfide;0.0018927444794952682
50;49 Methylene;0.0018927444794952682
51;50 Hydrochloric acid;0.0018927444794952682
52;51 Ethyne Isocyanide;0.0018927444794952682
53;52 Cyanide Radical;0.0018927444794952682
54;53 Nitric oxide;0.0018927444794952682
55;54 Cyanic acid;0.0018927444794952682
56;55 Formaldehyde;0.0018927444794952682
57;56 Sulfur Monoxide;0.0018927444794952682
58;57 Protonate 2-proynenitrile;0.0018927444794952682
59;58 Ethynyl;0.0018927444794952682
60;59 Ethylene Glycol;0.0018927444794952682
61;60 Hydrogen Cyanide;0.0018927444794952682
62;61 Fluoromethyliumylidene;0.0018927444794952682
63;62 Methylidyne;0.0018927444794952682
64;63 Thioxoethenylidene;0.0018927444794952682
65;64 Cyanomethanimine;0.0018927444794952682
66;65 Silicon Monoxide;0.0018927444794952682
67;66 Dimethyl ether;0.0018927444794952682
68;67 Acetone;0.0018927444794952682
69;68 Carbon Monoxide;0.0018927444794952682
70;69 Phosphorous nitride;0.0018927444794952682
71;70 Thioformaldehyde;0.0018927444794952682
72;71 Diazenylium;0.0018927444794952682
73;72 Cyanoformaldehyde;0.0018927444794952682
74;73 Isothiocyanic acid;0.0018927444794952682
75;74 Vinyl Alcohol;0.0018927444794952682
76;75 Hydrogen Isocyanide;0.0018927444794952682
77;76 Carbon Monosulfide;0.0018927444794952682
78;77 Methylamine;0.0018927444794952682
79;78 Protonated Carbon Dioxide;0.0018927444794952682
80;79 Formic Acid;0.0018927444794952682
81;80 Cyclopropenylidene;0.0018927444794952682
82;81 Cyanoacetylene;0.0018927444794952682
83;82 para-Oxidaniumyl;0.0018927444794952682
84;83 ortho-Oxidaniumyl;0.0018927444794952682
85;84 Nitrosyl hydride;0.0018927444794952682
