1;13 Methyliumylidene;0.8012096774193548
2;0 Methylidyne;0.0068548387096774195
3;1 Formaldehyde;0.0068548387096774195
4;2 Sulfur dioxide;0.0068548387096774195
5;3 Carbon Monoxide;0.0068548387096774195
6;4 Acetaldehyde;0.0068548387096774195
7;5 Water;0.0068548387096774195
8;6 Imidogen;0.0068548387096774195
9;7 Carbon Monoxide Ion;0.0068548387096774195
10;8 Nitric sulfide;0.0068548387096774195
11;9 Isocyanic Acid;0.0068548387096774195
12;10 Formic Acid;0.0068548387096774195
13;11 Amidogen;0.0068548387096774195
14;12 Ethylene Glycol;0.0068548387096774195
15;14 Cyanide Radical;0.0068548387096774195
16;15 Carbonyl Sulfide;0.0068548387096774195
17;16 Hydroxyl;0.0068548387096774195
18;17 Nitric oxide;0.0068548387096774195
19;18 Methyl Cyanide;0.0068548387096774195
20;19 Cyclopropenylidene;0.0068548387096774195
21;20 Sulfur Monoxide ion;0.0068548387096774195
22;21 Methanol;0.0068548387096774195
23;22 Thioformaldehyde;0.0068548387096774195
24;23 Ammonia;0.0068548387096774195
25;24 Cyanoacetylene;0.0068548387096774195
26;25 Hydrogen Cyanide;0.0068548387096774195
27;26 Hydrogen sulfide;0.0068548387096774195
28;27 Molecular oxygen;0.0068548387096774195
29;28 Hydrogen Isocyanide;0.0068548387096774195
30;29 Formylium;0.0068548387096774195
