1;5 Aluminum Isocyanitrile;0.6097934200459068
2;6 Carbon Monosulfide;0.013006885998469778
3;61 Hydrogen Isocyanide;0.013006885998469778
4;0 1,3,5-Hexatriynyl;0.005355776587605203
5;1 Silicon monosulfide;0.005355776587605203
6;2 Vinyl Cyanide;0.005355776587605203
7;3 Hydroxyl;0.005355776587605203
8;4 Methyliumylidene;0.005355776587605203
9;7 Methyl Acetylene;0.005355776587605203
10;8 1,3-Butadiynyl anion;0.005355776587605203
11;9 Butatrienylidene;0.005355776587605203
12;10 2,4-Pentadiynylidyne;0.005355776587605203
13;11 Aluminum Monochloride;0.005355776587605203
14;12 4-Cyano-1,3-Butadiynyl;0.005355776587605203
15;13 Silicon monosulfide;0.005355776587605203
16;14 Water;0.005355776587605203
17;15 Hydrogen sulfide;0.005355776587605203
18;16 1,3-Butadiynyl radical;0.005355776587605203
19;17 Formylium;0.005355776587605203
20;18 Trihydrogen ion;0.005355776587605203
21;19 Methanimine;0.005355776587605203
22;20 Phosphorus Monoxide;0.005355776587605203
23;21 Methyl Cyanide;0.005355776587605203
24;22 Magnesium Isocyanide;0.005355776587605203
25;23 1,3,5-Hexatriynyl anion;0.005355776587605203
26;24 Phosphaethyne;0.005355776587605203
27;25 1,3,5,7-Octatetraynyl anion;0.005355776587605203
28;26 Silicon Monocarbide;0.005355776587605203
29;27 Cyanomethylene;0.005355776587605203
30;28 3-Thioxo-1,2-Propadieylidene;0.005355776587605203
31;29 Cyanobutadiyne;0.005355776587605203
32;30 Silicon Isocyanide;0.005355776587605203
33;31 Potassium chloride;0.005355776587605203
34;32 3-Oxo-1,2-Propadienylidene;0.005355776587605203
35;33 Silicon Carbide;0.005355776587605203
36;34 3-Cyano-1,2-propadienylidene;0.005355776587605203
37;35 Nitric sulfide;0.005355776587605203
38;36 Sulfur dioxide;0.005355776587605203
39;37 Ethyne Isocyanide;0.005355776587605203
40;38 Cyanoethynylide ion;0.005355776587605203
41;39 Cyanide Radical;0.005355776587605203
42;40 Carbon Monoxide Ion;0.005355776587605203
43;41 Cyanobutadiynylide anion;0.005355776587605203
44;42 Aluminum Monofluoride;0.005355776587605203
45;43 Formaldehyde;0.005355776587605203
46;44 Sulfur Monoxide;0.005355776587605203
47;45 Silicon tetracarbide;0.005355776587605203
48;46 Ethynyl;0.005355776587605203
49;47 Sodium Chloride;0.005355776587605203
50;48 Hydrogen Cyanide;0.005355776587605203
51;49 Sodium Cyanide;0.005355776587605203
52;50 3-Imino-1,2 Propadienylidene;0.005355776587605203
53;51 Methylidyne;0.005355776587605203
54;52 Thioxoethenylidene;0.005355776587605203
55;53 Silicon Monoxide;0.005355776587605203
56;54 1,3,5,7-Octatetraynyl;0.005355776587605203
57;55 Silicon Mononitride;0.005355776587605203
58;56 Carbon Monoxide;0.005355776587605203
59;57 Phosphorous nitride;0.005355776587605203
60;58 Carbon Monophosphide;0.005355776587605203
61;59 Thioformaldehyde;0.005355776587605203
62;60 Hexatrienyl;0.005355776587605203
63;62 Carbon Monosulfide;0.005355776587605203
64;63 Silicon Cyanide;0.005355776587605203
65;64 2,4,6-Heptatriynylidyne;0.005355776587605203
66;65 Cyclopropenylidene;0.005355776587605203
67;66 Cyanoacetylene;0.005355776587605203
68;67 Magnesium Cyanide;0.005355776587605203
69;68 3-Silanetetrayl-1,2-Propadienyli;0.005355776587605203
70;69 Cyanoethynyl;0.005355776587605203
71;70 Phosphapropynylidyne;0.005355776587605203
