1;6 Carbon Monosulfide;0.8034033309196235
2;18 Cyanoallene;0.0068790731354091235
3;46 Carbon Monoxide;0.0068790731354091235
4;47 Thioformaldehyde;0.0068790731354091235
5;0 Ketene;0.0032585083272990588
6;1 1,3,5-Hexatriynyl;0.0032585083272990588
7;2 Oxonium hydride;0.0032585083272990588
8;3 Vinyl Cyanide;0.0032585083272990588
9;4 Hydroxyl;0.0032585083272990588
10;5 Methyliumylidene;0.0032585083272990588
11;7 Cyanomethyl;0.0032585083272990588
12;8 Methyl Acetylene;0.0032585083272990588
13;9 Ethyl Cyanide;0.0032585083272990588
14;10 2,4-Pentadiynylidyne;0.0032585083272990588
15;11 4-Cyano-1,3-Butadiynyl;0.0032585083272990588
16;12 Water;0.0032585083272990588
17;13 Hydrogen sulfide;0.0032585083272990588
18;14 Methylene amidogen;0.0032585083272990588
19;15 1,3-Butadiynyl radical;0.0032585083272990588
20;16 2,4,6,8-Nonatetraynenitrile;0.0032585083272990588
21;17 Formylium;0.0032585083272990588
22;19 Trihydrogen ion;0.0032585083272990588
23;20 Methylcyanodiacetylene;0.0032585083272990588
24;21 2,4,6-Heptatriynenitrile;0.0032585083272990588
25;22 Methanol;0.0032585083272990588
26;23 Ammonia;0.0032585083272990588
27;24 Methyl Cyanide;0.0032585083272990588
28;25 1,3,5-Hexatriynyl anion;0.0032585083272990588
29;26 1,3,5,7-Octatetraynyl anion;0.0032585083272990588
30;27 3-Thioxo-1,2-Propadieylidene;0.0032585083272990588
31;28 Cyanobutadiyne;0.0032585083272990588
32;29 Nitric sulfide;0.0032585083272990588
33;30 Sulfur dioxide;0.0032585083272990588
34;31 Hydrochloric acid;0.0032585083272990588
35;32 2,4,6,8,10-Undecapentaynenitrile;0.0032585083272990588
36;33 Cyanide Radical;0.0032585083272990588
37;34 Nitric oxide;0.0032585083272990588
38;35 Formaldehyde;0.0032585083272990588
39;36 Sulfur Monoxide;0.0032585083272990588
40;37 Methyltriacetylene;0.0032585083272990588
41;38 Hydrogen Cyanide;0.0032585083272990588
42;39 Methyl diacetylene;0.0032585083272990588
43;40 Methylidyne;0.0032585083272990588
44;41 Thioxoethenylidene;0.0032585083272990588
45;42 Silicon Monoxide;0.0032585083272990588
46;43 1,3,5,7-Octatetraynyl;0.0032585083272990588
47;44 Oxoethenylidene;0.0032585083272990588
48;45 Propynylidynium;0.0032585083272990588
49;48 Hexatrienyl;0.0032585083272990588
50;49 Diazenylium;0.0032585083272990588
51;50 Hydrogen Isocyanide;0.0032585083272990588
52;51 Carbon Monosulfide;0.0032585083272990588
53;52 Methylamine;0.0032585083272990588
54;53 Formic Acid;0.0032585083272990588
55;54 Cyclopropenylidene;0.0032585083272990588
56;55 Cyanoacetylene;0.0032585083272990588
57;56 para-Oxidaniumyl;0.0032585083272990588
58;57 ortho-Oxidaniumyl;0.0032585083272990588
