1;27 3-Thioxo-1,2-Propadieylidene;0.5468197879858657
2;0 Ketene;0.007950530035335688
3;1 1,3,5-Hexatriynyl;0.007950530035335688
4;2 Oxonium hydride;0.007950530035335688
5;3 Vinyl Cyanide;0.007950530035335688
6;4 Hydroxyl;0.007950530035335688
7;5 Methyliumylidene;0.007950530035335688
8;6 Carbon Monosulfide;0.007950530035335688
9;7 Cyanomethyl;0.007950530035335688
10;8 Methyl Acetylene;0.007950530035335688
11;9 Ethyl Cyanide;0.007950530035335688
12;10 2,4-Pentadiynylidyne;0.007950530035335688
13;11 4-Cyano-1,3-Butadiynyl;0.007950530035335688
14;12 Water;0.007950530035335688
15;13 Hydrogen sulfide;0.007950530035335688
16;14 Methylene amidogen;0.007950530035335688
17;15 1,3-Butadiynyl radical;0.007950530035335688
18;16 2,4,6,8-Nonatetraynenitrile;0.007950530035335688
19;17 Formylium;0.007950530035335688
20;18 Cyanoallene;0.007950530035335688
21;19 Trihydrogen ion;0.007950530035335688
22;20 Methylcyanodiacetylene;0.007950530035335688
23;21 2,4,6-Heptatriynenitrile;0.007950530035335688
24;22 Methanol;0.007950530035335688
25;23 Ammonia;0.007950530035335688
26;24 Methyl Cyanide;0.007950530035335688
27;25 1,3,5-Hexatriynyl anion;0.007950530035335688
28;26 1,3,5,7-Octatetraynyl anion;0.007950530035335688
29;28 Cyanobutadiyne;0.007950530035335688
30;29 Nitric sulfide;0.007950530035335688
31;30 Sulfur dioxide;0.007950530035335688
32;31 Hydrochloric acid;0.007950530035335688
33;32 2,4,6,8,10-Undecapentaynenitrile;0.007950530035335688
34;33 Cyanide Radical;0.007950530035335688
35;34 Nitric oxide;0.007950530035335688
36;35 Formaldehyde;0.007950530035335688
37;36 Sulfur Monoxide;0.007950530035335688
38;37 Methyltriacetylene;0.007950530035335688
39;38 Hydrogen Cyanide;0.007950530035335688
40;39 Methyl diacetylene;0.007950530035335688
41;40 Methylidyne;0.007950530035335688
42;41 Thioxoethenylidene;0.007950530035335688
43;42 Silicon Monoxide;0.007950530035335688
44;43 1,3,5,7-Octatetraynyl;0.007950530035335688
45;44 Oxoethenylidene;0.007950530035335688
46;45 Propynylidynium;0.007950530035335688
47;46 Carbon Monoxide;0.007950530035335688
48;47 Thioformaldehyde;0.007950530035335688
49;48 Hexatrienyl;0.007950530035335688
50;49 Diazenylium;0.007950530035335688
51;50 Hydrogen Isocyanide;0.007950530035335688
52;51 Carbon Monosulfide;0.007950530035335688
53;52 Methylamine;0.007950530035335688
54;53 Formic Acid;0.007950530035335688
55;54 Cyclopropenylidene;0.007950530035335688
56;55 Cyanoacetylene;0.007950530035335688
57;56 para-Oxidaniumyl;0.007950530035335688
58;57 ortho-Oxidaniumyl;0.007950530035335688
