1;27 3-Thioxo-1,2-Propadieylidene;0.5254083484573503
2;44 Oxoethenylidene;0.017241379310344827
3;0 Ketene;0.008166969147005444
4;1 1,3,5-Hexatriynyl;0.008166969147005444
5;2 Oxonium hydride;0.008166969147005444
6;3 Vinyl Cyanide;0.008166969147005444
7;4 Hydroxyl;0.008166969147005444
8;5 Methyliumylidene;0.008166969147005444
9;6 Carbon Monosulfide;0.008166969147005444
10;7 Cyanomethyl;0.008166969147005444
11;8 Methyl Acetylene;0.008166969147005444
12;9 Ethyl Cyanide;0.008166969147005444
13;10 2,4-Pentadiynylidyne;0.008166969147005444
14;11 4-Cyano-1,3-Butadiynyl;0.008166969147005444
15;12 Water;0.008166969147005444
16;13 Hydrogen sulfide;0.008166969147005444
17;14 Methylene amidogen;0.008166969147005444
18;15 1,3-Butadiynyl radical;0.008166969147005444
19;16 2,4,6,8-Nonatetraynenitrile;0.008166969147005444
20;17 Formylium;0.008166969147005444
21;18 Cyanoallene;0.008166969147005444
22;19 Trihydrogen ion;0.008166969147005444
23;20 Methylcyanodiacetylene;0.008166969147005444
24;21 2,4,6-Heptatriynenitrile;0.008166969147005444
25;22 Methanol;0.008166969147005444
26;23 Ammonia;0.008166969147005444
27;24 Methyl Cyanide;0.008166969147005444
28;25 1,3,5-Hexatriynyl anion;0.008166969147005444
29;26 1,3,5,7-Octatetraynyl anion;0.008166969147005444
30;28 Cyanobutadiyne;0.008166969147005444
31;29 Nitric sulfide;0.008166969147005444
32;30 Sulfur dioxide;0.008166969147005444
33;31 Hydrochloric acid;0.008166969147005444
34;32 2,4,6,8,10-Undecapentaynenitrile;0.008166969147005444
35;33 Cyanide Radical;0.008166969147005444
36;34 Nitric oxide;0.008166969147005444
37;35 Formaldehyde;0.008166969147005444
38;36 Sulfur Monoxide;0.008166969147005444
39;37 Methyltriacetylene;0.008166969147005444
40;38 Hydrogen Cyanide;0.008166969147005444
41;39 Methyl diacetylene;0.008166969147005444
42;40 Methylidyne;0.008166969147005444
43;41 Thioxoethenylidene;0.008166969147005444
44;42 Silicon Monoxide;0.008166969147005444
45;43 1,3,5,7-Octatetraynyl;0.008166969147005444
46;45 Propynylidynium;0.008166969147005444
47;46 Carbon Monoxide;0.008166969147005444
48;47 Thioformaldehyde;0.008166969147005444
49;48 Hexatrienyl;0.008166969147005444
50;49 Diazenylium;0.008166969147005444
51;50 Hydrogen Isocyanide;0.008166969147005444
52;51 Carbon Monosulfide;0.008166969147005444
53;52 Methylamine;0.008166969147005444
54;53 Formic Acid;0.008166969147005444
55;54 Cyclopropenylidene;0.008166969147005444
56;55 Cyanoacetylene;0.008166969147005444
57;56 para-Oxidaniumyl;0.008166969147005444
58;57 ortho-Oxidaniumyl;0.008166969147005444
