1;5 Methyliumylidene;0.7125340599455041
2;17 Formylium;0.05858310626702998
3;0 Ketene;0.004087193460490464
4;1 1,3,5-Hexatriynyl;0.004087193460490464
5;2 Oxonium hydride;0.004087193460490464
6;3 Vinyl Cyanide;0.004087193460490464
7;4 Hydroxyl;0.004087193460490464
8;6 Carbon Monosulfide;0.004087193460490464
9;7 Cyanomethyl;0.004087193460490464
10;8 Methyl Acetylene;0.004087193460490464
11;9 Ethyl Cyanide;0.004087193460490464
12;10 2,4-Pentadiynylidyne;0.004087193460490464
13;11 4-Cyano-1,3-Butadiynyl;0.004087193460490464
14;12 Water;0.004087193460490464
15;13 Hydrogen sulfide;0.004087193460490464
16;14 Methylene amidogen;0.004087193460490464
17;15 1,3-Butadiynyl radical;0.004087193460490464
18;16 2,4,6,8-Nonatetraynenitrile;0.004087193460490464
19;18 Cyanoallene;0.004087193460490464
20;19 Trihydrogen ion;0.004087193460490464
21;20 Methylcyanodiacetylene;0.004087193460490464
22;21 2,4,6-Heptatriynenitrile;0.004087193460490464
23;22 Methanol;0.004087193460490464
24;23 Ammonia;0.004087193460490464
25;24 Methyl Cyanide;0.004087193460490464
26;25 1,3,5-Hexatriynyl anion;0.004087193460490464
27;26 1,3,5,7-Octatetraynyl anion;0.004087193460490464
28;27 3-Thioxo-1,2-Propadieylidene;0.004087193460490464
29;28 Cyanobutadiyne;0.004087193460490464
30;29 Nitric sulfide;0.004087193460490464
31;30 Sulfur dioxide;0.004087193460490464
32;31 Hydrochloric acid;0.004087193460490464
33;32 2,4,6,8,10-Undecapentaynenitrile;0.004087193460490464
34;33 Cyanide Radical;0.004087193460490464
35;34 Nitric oxide;0.004087193460490464
36;35 Formaldehyde;0.004087193460490464
37;36 Sulfur Monoxide;0.004087193460490464
38;37 Methyltriacetylene;0.004087193460490464
39;38 Hydrogen Cyanide;0.004087193460490464
40;39 Methyl diacetylene;0.004087193460490464
41;40 Methylidyne;0.004087193460490464
42;41 Thioxoethenylidene;0.004087193460490464
43;42 Silicon Monoxide;0.004087193460490464
44;43 1,3,5,7-Octatetraynyl;0.004087193460490464
45;44 Oxoethenylidene;0.004087193460490464
46;45 Propynylidynium;0.004087193460490464
47;46 Carbon Monoxide;0.004087193460490464
48;47 Thioformaldehyde;0.004087193460490464
49;48 Hexatrienyl;0.004087193460490464
50;49 Diazenylium;0.004087193460490464
51;50 Hydrogen Isocyanide;0.004087193460490464
52;51 Carbon Monosulfide;0.004087193460490464
53;52 Methylamine;0.004087193460490464
54;53 Formic Acid;0.004087193460490464
55;54 Cyclopropenylidene;0.004087193460490464
56;55 Cyanoacetylene;0.004087193460490464
57;56 para-Oxidaniumyl;0.004087193460490464
58;57 ortho-Oxidaniumyl;0.004087193460490464
