1;50 Hydrogen Isocyanide;0.7624886466848321
2;42 Silicon Monoxide;0.00862851952770209
3;0 Ketene;0.004087193460490464
4;1 1,3,5-Hexatriynyl;0.004087193460490464
5;2 Oxonium hydride;0.004087193460490464
6;3 Vinyl Cyanide;0.004087193460490464
7;4 Hydroxyl;0.004087193460490464
8;5 Methyliumylidene;0.004087193460490464
9;6 Carbon Monosulfide;0.004087193460490464
10;7 Cyanomethyl;0.004087193460490464
11;8 Methyl Acetylene;0.004087193460490464
12;9 Ethyl Cyanide;0.004087193460490464
13;10 2,4-Pentadiynylidyne;0.004087193460490464
14;11 4-Cyano-1,3-Butadiynyl;0.004087193460490464
15;12 Water;0.004087193460490464
16;13 Hydrogen sulfide;0.004087193460490464
17;14 Methylene amidogen;0.004087193460490464
18;15 1,3-Butadiynyl radical;0.004087193460490464
19;16 2,4,6,8-Nonatetraynenitrile;0.004087193460490464
20;17 Formylium;0.004087193460490464
21;18 Cyanoallene;0.004087193460490464
22;19 Trihydrogen ion;0.004087193460490464
23;20 Methylcyanodiacetylene;0.004087193460490464
24;21 2,4,6-Heptatriynenitrile;0.004087193460490464
25;22 Methanol;0.004087193460490464
26;23 Ammonia;0.004087193460490464
27;24 Methyl Cyanide;0.004087193460490464
28;25 1,3,5-Hexatriynyl anion;0.004087193460490464
29;26 1,3,5,7-Octatetraynyl anion;0.004087193460490464
30;27 3-Thioxo-1,2-Propadieylidene;0.004087193460490464
31;28 Cyanobutadiyne;0.004087193460490464
32;29 Nitric sulfide;0.004087193460490464
33;30 Sulfur dioxide;0.004087193460490464
34;31 Hydrochloric acid;0.004087193460490464
35;32 2,4,6,8,10-Undecapentaynenitrile;0.004087193460490464
36;33 Cyanide Radical;0.004087193460490464
37;34 Nitric oxide;0.004087193460490464
38;35 Formaldehyde;0.004087193460490464
39;36 Sulfur Monoxide;0.004087193460490464
40;37 Methyltriacetylene;0.004087193460490464
41;38 Hydrogen Cyanide;0.004087193460490464
42;39 Methyl diacetylene;0.004087193460490464
43;40 Methylidyne;0.004087193460490464
44;41 Thioxoethenylidene;0.004087193460490464
45;43 1,3,5,7-Octatetraynyl;0.004087193460490464
46;44 Oxoethenylidene;0.004087193460490464
47;45 Propynylidynium;0.004087193460490464
48;46 Carbon Monoxide;0.004087193460490464
49;47 Thioformaldehyde;0.004087193460490464
50;48 Hexatrienyl;0.004087193460490464
51;49 Diazenylium;0.004087193460490464
52;51 Carbon Monosulfide;0.004087193460490464
53;52 Methylamine;0.004087193460490464
54;53 Formic Acid;0.004087193460490464
55;54 Cyclopropenylidene;0.004087193460490464
56;55 Cyanoacetylene;0.004087193460490464
57;56 para-Oxidaniumyl;0.004087193460490464
58;57 ortho-Oxidaniumyl;0.004087193460490464
