Orion.methanol.cbc.contsub.image;model_dark_clouds_tr_500it;1;5 Methyliumylidene;0.5344827586206896
Orion.methanol.cbc.contsub.image;model_dark_clouds_tr_500it;2;0 Ketene;0.008166969147005444
Orion.methanol.cbc.contsub.image;model_dark_clouds_tr_500it;3;1 1,3,5-Hexatriynyl;0.008166969147005444
Orion.methanol.cbc.contsub.image;model_dark_clouds_tr_500it;4;2 Oxonium hydride;0.008166969147005444
Orion.methanol.cbc.contsub.image;model_dark_clouds_tr_500it;5;3 Vinyl Cyanide;0.008166969147005444
Orion.methanol.cbc.contsub.image;model_dark_clouds_2_500it;1;42 Silicon Monoxide;0.5344827586206896
Orion.methanol.cbc.contsub.image;model_dark_clouds_2_500it;2;0 Ketene;0.008166969147005444
Orion.methanol.cbc.contsub.image;model_dark_clouds_2_500it;3;1 1,3,5-Hexatriynyl;0.008166969147005444
Orion.methanol.cbc.contsub.image;model_dark_clouds_2_500it;4;2 Oxonium hydride;0.008166969147005444
Orion.methanol.cbc.contsub.image;model_dark_clouds_2_500it;5;3 Vinyl Cyanide;0.008166969147005444
Orion.methanol.cbc.contsub.image;model_dark_clouds_full_500it;1;42 Silicon Monoxide;0.5344827586206896
Orion.methanol.cbc.contsub.image;model_dark_clouds_full_500it;2;0 Ketene;0.008166969147005444
Orion.methanol.cbc.contsub.image;model_dark_clouds_full_500it;3;1 1,3,5-Hexatriynyl;0.008166969147005444
Orion.methanol.cbc.contsub.image;model_dark_clouds_full_500it;4;2 Oxonium hydride;0.008166969147005444
Orion.methanol.cbc.contsub.image;model_dark_clouds_full_500it;5;3 Vinyl Cyanide;0.008166969147005444
Orion.methanol.cbc.contsub.image;model_dark_clouds_full_expanded_00002_500it;1;19 Trihydrogen ion;0.5344827586206896
Orion.methanol.cbc.contsub.image;model_dark_clouds_full_expanded_00002_500it;2;0 Ketene;0.008166969147005444
Orion.methanol.cbc.contsub.image;model_dark_clouds_full_expanded_00002_500it;3;1 1,3,5-Hexatriynyl;0.008166969147005444
Orion.methanol.cbc.contsub.image;model_dark_clouds_full_expanded_00002_500it;4;2 Oxonium hydride;0.008166969147005444
Orion.methanol.cbc.contsub.image;model_dark_clouds_full_expanded_00002_500it;5;3 Vinyl Cyanide;0.008166969147005444
Orion.methanol.cbc.contsub.image;model_dark_clouds_full_expanded_00010_500it;1;27 3-Thioxo-1,2-Propadieylidene;0.5254083484573503
Orion.methanol.cbc.contsub.image;model_dark_clouds_full_expanded_00010_500it;2;44 Oxoethenylidene;0.017241379310344827
Orion.methanol.cbc.contsub.image;model_dark_clouds_full_expanded_00010_500it;3;0 Ketene;0.008166969147005444
Orion.methanol.cbc.contsub.image;model_dark_clouds_full_expanded_00010_500it;4;1 1,3,5-Hexatriynyl;0.008166969147005444
Orion.methanol.cbc.contsub.image;model_dark_clouds_full_expanded_00010_500it;5;2 Oxonium hydride;0.008166969147005444
TWHydra_HCOplusline.image;model_dark_clouds_tr_500it;1;42 Silicon Monoxide;0.34398976982097185
TWHydra_HCOplusline.image;model_dark_clouds_tr_500it;2;0 Ketene;0.011508951406649617
TWHydra_HCOplusline.image;model_dark_clouds_tr_500it;3;1 1,3,5-Hexatriynyl;0.011508951406649617
TWHydra_HCOplusline.image;model_dark_clouds_tr_500it;4;2 Oxonium hydride;0.011508951406649617
TWHydra_HCOplusline.image;model_dark_clouds_tr_500it;5;3 Vinyl Cyanide;0.011508951406649617
TWHydra_HCOplusline.image;model_dark_clouds_2_500it;1;5 Methyliumylidene;0.34398976982097185
TWHydra_HCOplusline.image;model_dark_clouds_2_500it;2;0 Ketene;0.011508951406649617
TWHydra_HCOplusline.image;model_dark_clouds_2_500it;3;1 1,3,5-Hexatriynyl;0.011508951406649617
TWHydra_HCOplusline.image;model_dark_clouds_2_500it;4;2 Oxonium hydride;0.011508951406649617
TWHydra_HCOplusline.image;model_dark_clouds_2_500it;5;3 Vinyl Cyanide;0.011508951406649617
TWHydra_HCOplusline.image;model_dark_clouds_full_500it;1;42 Silicon Monoxide;0.34398976982097185
TWHydra_HCOplusline.image;model_dark_clouds_full_500it;2;0 Ketene;0.011508951406649617
TWHydra_HCOplusline.image;model_dark_clouds_full_500it;3;1 1,3,5-Hexatriynyl;0.011508951406649617
TWHydra_HCOplusline.image;model_dark_clouds_full_500it;4;2 Oxonium hydride;0.011508951406649617
TWHydra_HCOplusline.image;model_dark_clouds_full_500it;5;3 Vinyl Cyanide;0.011508951406649617
TWHydra_HCOplusline.image;model_dark_clouds_full_expanded_00002_500it;1;17 Formylium;0.34398976982097185
TWHydra_HCOplusline.image;model_dark_clouds_full_expanded_00002_500it;2;0 Ketene;0.011508951406649617
TWHydra_HCOplusline.image;model_dark_clouds_full_expanded_00002_500it;3;1 1,3,5-Hexatriynyl;0.011508951406649617
TWHydra_HCOplusline.image;model_dark_clouds_full_expanded_00002_500it;4;2 Oxonium hydride;0.011508951406649617
TWHydra_HCOplusline.image;model_dark_clouds_full_expanded_00002_500it;5;3 Vinyl Cyanide;0.011508951406649617
TWHydra_HCOplusline.image;model_dark_clouds_full_expanded_00010_500it;1;17 Formylium;0.31841432225063937
TWHydra_HCOplusline.image;model_dark_clouds_full_expanded_00010_500it;2;7 Cyanomethyl;0.024296675191815855
TWHydra_HCOplusline.image;model_dark_clouds_full_expanded_00010_500it;3;29 Nitric sulfide;0.024296675191815855
TWHydra_HCOplusline.image;model_dark_clouds_full_expanded_00010_500it;4;0 Ketene;0.011508951406649617
TWHydra_HCOplusline.image;model_dark_clouds_full_expanded_00010_500it;5;1 1,3,5-Hexatriynyl;0.011508951406649617
TWHydra_CO3_2line.image;model_dark_clouds_tr_500it;1;5 Methyliumylidene;0.35591133004926107
TWHydra_CO3_2line.image;model_dark_clouds_tr_500it;2;36 Sulfur Monoxide;0.023399014778325122
TWHydra_CO3_2line.image;model_dark_clouds_tr_500it;3;0 Ketene;0.011083743842364532
TWHydra_CO3_2line.image;model_dark_clouds_tr_500it;4;1 1,3,5-Hexatriynyl;0.011083743842364532
TWHydra_CO3_2line.image;model_dark_clouds_tr_500it;5;2 Oxonium hydride;0.011083743842364532
TWHydra_CO3_2line.image;model_dark_clouds_2_500it;1;42 Silicon Monoxide;0.36822660098522164
TWHydra_CO3_2line.image;model_dark_clouds_2_500it;2;0 Ketene;0.011083743842364532
TWHydra_CO3_2line.image;model_dark_clouds_2_500it;3;1 1,3,5-Hexatriynyl;0.011083743842364532
TWHydra_CO3_2line.image;model_dark_clouds_2_500it;4;2 Oxonium hydride;0.011083743842364532
TWHydra_CO3_2line.image;model_dark_clouds_2_500it;5;3 Vinyl Cyanide;0.011083743842364532
TWHydra_CO3_2line.image;model_dark_clouds_full_500it;1;38 Hydrogen Cyanide;0.36822660098522164
TWHydra_CO3_2line.image;model_dark_clouds_full_500it;2;0 Ketene;0.011083743842364532
TWHydra_CO3_2line.image;model_dark_clouds_full_500it;3;1 1,3,5-Hexatriynyl;0.011083743842364532
TWHydra_CO3_2line.image;model_dark_clouds_full_500it;4;2 Oxonium hydride;0.011083743842364532
TWHydra_CO3_2line.image;model_dark_clouds_full_500it;5;3 Vinyl Cyanide;0.011083743842364532
TWHydra_CO3_2line.image;model_dark_clouds_full_expanded_00002_500it;1;49 Diazenylium;0.36822660098522164
TWHydra_CO3_2line.image;model_dark_clouds_full_expanded_00002_500it;2;0 Ketene;0.011083743842364532
TWHydra_CO3_2line.image;model_dark_clouds_full_expanded_00002_500it;3;1 1,3,5-Hexatriynyl;0.011083743842364532
TWHydra_CO3_2line.image;model_dark_clouds_full_expanded_00002_500it;4;2 Oxonium hydride;0.011083743842364532
TWHydra_CO3_2line.image;model_dark_clouds_full_expanded_00002_500it;5;3 Vinyl Cyanide;0.011083743842364532
TWHydra_CO3_2line.image;model_dark_clouds_full_expanded_00010_500it;1;46 Carbon Monoxide;0.36822660098522164
TWHydra_CO3_2line.image;model_dark_clouds_full_expanded_00010_500it;2;0 Ketene;0.011083743842364532
TWHydra_CO3_2line.image;model_dark_clouds_full_expanded_00010_500it;3;1 1,3,5-Hexatriynyl;0.011083743842364532
TWHydra_CO3_2line.image;model_dark_clouds_full_expanded_00010_500it;4;2 Oxonium hydride;0.011083743842364532
TWHydra_CO3_2line.image;model_dark_clouds_full_expanded_00010_500it;5;3 Vinyl Cyanide;0.011083743842364532
DMTau.CS_5-4.image;model_dark_clouds_tr_500it;1;42 Silicon Monoxide;0.8142650253439537
DMTau.CS_5-4.image;model_dark_clouds_tr_500it;2;0 Ketene;0.0032585083272990588
DMTau.CS_5-4.image;model_dark_clouds_tr_500it;3;1 1,3,5-Hexatriynyl;0.0032585083272990588
DMTau.CS_5-4.image;model_dark_clouds_tr_500it;4;2 Oxonium hydride;0.0032585083272990588
DMTau.CS_5-4.image;model_dark_clouds_tr_500it;5;3 Vinyl Cyanide;0.0032585083272990588
DMTau.CS_5-4.image;model_dark_clouds_2_500it;1;5 Methyliumylidene;0.8142650253439537
DMTau.CS_5-4.image;model_dark_clouds_2_500it;2;0 Ketene;0.0032585083272990588
DMTau.CS_5-4.image;model_dark_clouds_2_500it;3;1 1,3,5-Hexatriynyl;0.0032585083272990588
DMTau.CS_5-4.image;model_dark_clouds_2_500it;4;2 Oxonium hydride;0.0032585083272990588
DMTau.CS_5-4.image;model_dark_clouds_2_500it;5;3 Vinyl Cyanide;0.0032585083272990588
DMTau.CS_5-4.image;model_dark_clouds_full_500it;1;50 Hydrogen Isocyanide;0.7418537291817524
DMTau.CS_5-4.image;model_dark_clouds_full_500it;2;5 Methyliumylidene;0.07566980448950036
DMTau.CS_5-4.image;model_dark_clouds_full_500it;3;0 Ketene;0.0032585083272990588
DMTau.CS_5-4.image;model_dark_clouds_full_500it;4;1 1,3,5-Hexatriynyl;0.0032585083272990588
DMTau.CS_5-4.image;model_dark_clouds_full_500it;5;2 Oxonium hydride;0.0032585083272990588
DMTau.CS_5-4.image;model_dark_clouds_full_expanded_00002_500it;1;6 Carbon Monosulfide;0.8034033309196235
DMTau.CS_5-4.image;model_dark_clouds_full_expanded_00002_500it;2;18 Cyanoallene;0.0068790731354091235
DMTau.CS_5-4.image;model_dark_clouds_full_expanded_00002_500it;3;46 Carbon Monoxide;0.0068790731354091235
DMTau.CS_5-4.image;model_dark_clouds_full_expanded_00002_500it;4;47 Thioformaldehyde;0.0068790731354091235
DMTau.CS_5-4.image;model_dark_clouds_full_expanded_00002_500it;5;0 Ketene;0.0032585083272990588
DMTau.CS_5-4.image;model_dark_clouds_full_expanded_00010_500it;1;38 Hydrogen Cyanide;0.8070238957277336
DMTau.CS_5-4.image;model_dark_clouds_full_expanded_00010_500it;2;6 Carbon Monosulfide;0.0068790731354091235
DMTau.CS_5-4.image;model_dark_clouds_full_expanded_00010_500it;3;51 Carbon Monosulfide;0.0068790731354091235
DMTau.CS_5-4.image;model_dark_clouds_full_expanded_00010_500it;4;0 Ketene;0.0032585083272990588
DMTau.CS_5-4.image;model_dark_clouds_full_expanded_00010_500it;5;1 1,3,5-Hexatriynyl;0.0032585083272990588
uid___A002_Xa916fc_X668__IRS43_HCO32.final.image.pbcor;model_dark_clouds_tr_500it;1;5 Methyliumylidene;0.8356379635449402
uid___A002_Xa916fc_X668__IRS43_HCO32.final.image.pbcor;model_dark_clouds_tr_500it;2;18 Cyanoallene;0.005971087366436203
uid___A002_Xa916fc_X668__IRS43_HCO32.final.image.pbcor;model_dark_clouds_tr_500it;3;0 Ketene;0.0028284098051539913
uid___A002_Xa916fc_X668__IRS43_HCO32.final.image.pbcor;model_dark_clouds_tr_500it;4;1 1,3,5-Hexatriynyl;0.0028284098051539913
uid___A002_Xa916fc_X668__IRS43_HCO32.final.image.pbcor;model_dark_clouds_tr_500it;5;2 Oxonium hydride;0.0028284098051539913
uid___A002_Xa916fc_X668__IRS43_HCO32.final.image.pbcor;model_dark_clouds_2_500it;1;42 Silicon Monoxide;0.8387806411062224
uid___A002_Xa916fc_X668__IRS43_HCO32.final.image.pbcor;model_dark_clouds_2_500it;2;0 Ketene;0.0028284098051539913
uid___A002_Xa916fc_X668__IRS43_HCO32.final.image.pbcor;model_dark_clouds_2_500it;3;1 1,3,5-Hexatriynyl;0.0028284098051539913
uid___A002_Xa916fc_X668__IRS43_HCO32.final.image.pbcor;model_dark_clouds_2_500it;4;2 Oxonium hydride;0.0028284098051539913
uid___A002_Xa916fc_X668__IRS43_HCO32.final.image.pbcor;model_dark_clouds_2_500it;5;3 Vinyl Cyanide;0.0028284098051539913
uid___A002_Xa916fc_X668__IRS43_HCO32.final.image.pbcor;model_dark_clouds_full_500it;1;48 Hexatrienyl;0.8387806411062224
uid___A002_Xa916fc_X668__IRS43_HCO32.final.image.pbcor;model_dark_clouds_full_500it;2;0 Ketene;0.0028284098051539913
uid___A002_Xa916fc_X668__IRS43_HCO32.final.image.pbcor;model_dark_clouds_full_500it;3;1 1,3,5-Hexatriynyl;0.0028284098051539913
uid___A002_Xa916fc_X668__IRS43_HCO32.final.image.pbcor;model_dark_clouds_full_500it;4;2 Oxonium hydride;0.0028284098051539913
uid___A002_Xa916fc_X668__IRS43_HCO32.final.image.pbcor;model_dark_clouds_full_500it;5;3 Vinyl Cyanide;0.0028284098051539913
uid___A002_Xa916fc_X668__IRS43_HCO32.final.image.pbcor;model_dark_clouds_full_expanded_00002_500it;1;50 Hydrogen Isocyanide;0.8387806411062224
uid___A002_Xa916fc_X668__IRS43_HCO32.final.image.pbcor;model_dark_clouds_full_expanded_00002_500it;2;0 Ketene;0.0028284098051539913
uid___A002_Xa916fc_X668__IRS43_HCO32.final.image.pbcor;model_dark_clouds_full_expanded_00002_500it;3;1 1,3,5-Hexatriynyl;0.0028284098051539913
uid___A002_Xa916fc_X668__IRS43_HCO32.final.image.pbcor;model_dark_clouds_full_expanded_00002_500it;4;2 Oxonium hydride;0.0028284098051539913
uid___A002_Xa916fc_X668__IRS43_HCO32.final.image.pbcor;model_dark_clouds_full_expanded_00002_500it;5;3 Vinyl Cyanide;0.0028284098051539913
uid___A002_Xa916fc_X668__IRS43_HCO32.final.image.pbcor;model_dark_clouds_full_expanded_00010_500it;1;51 Carbon Monosulfide;0.8387806411062224
uid___A002_Xa916fc_X668__IRS43_HCO32.final.image.pbcor;model_dark_clouds_full_expanded_00010_500it;2;0 Ketene;0.0028284098051539913
uid___A002_Xa916fc_X668__IRS43_HCO32.final.image.pbcor;model_dark_clouds_full_expanded_00010_500it;3;1 1,3,5-Hexatriynyl;0.0028284098051539913
uid___A002_Xa916fc_X668__IRS43_HCO32.final.image.pbcor;model_dark_clouds_full_expanded_00010_500it;4;2 Oxonium hydride;0.0028284098051539913
uid___A002_Xa916fc_X668__IRS43_HCO32.final.image.pbcor;model_dark_clouds_full_expanded_00010_500it;5;3 Vinyl Cyanide;0.0028284098051539913
Orion.HNC.cbc.contsub.image;model_dark_clouds_tr_500it;1;42 Silicon Monoxide;0.7670299727520437
Orion.HNC.cbc.contsub.image;model_dark_clouds_tr_500it;2;0 Ketene;0.004087193460490464
Orion.HNC.cbc.contsub.image;model_dark_clouds_tr_500it;3;1 1,3,5-Hexatriynyl;0.004087193460490464
Orion.HNC.cbc.contsub.image;model_dark_clouds_tr_500it;4;2 Oxonium hydride;0.004087193460490464
Orion.HNC.cbc.contsub.image;model_dark_clouds_tr_500it;5;3 Vinyl Cyanide;0.004087193460490464
Orion.HNC.cbc.contsub.image;model_dark_clouds_2_500it;1;42 Silicon Monoxide;0.7670299727520437
Orion.HNC.cbc.contsub.image;model_dark_clouds_2_500it;2;0 Ketene;0.004087193460490464
Orion.HNC.cbc.contsub.image;model_dark_clouds_2_500it;3;1 1,3,5-Hexatriynyl;0.004087193460490464
Orion.HNC.cbc.contsub.image;model_dark_clouds_2_500it;4;2 Oxonium hydride;0.004087193460490464
Orion.HNC.cbc.contsub.image;model_dark_clouds_2_500it;5;3 Vinyl Cyanide;0.004087193460490464
Orion.HNC.cbc.contsub.image;model_dark_clouds_full_500it;1;5 Methyliumylidene;0.7125340599455041
Orion.HNC.cbc.contsub.image;model_dark_clouds_full_500it;2;17 Formylium;0.05858310626702998
Orion.HNC.cbc.contsub.image;model_dark_clouds_full_500it;3;0 Ketene;0.004087193460490464
Orion.HNC.cbc.contsub.image;model_dark_clouds_full_500it;4;1 1,3,5-Hexatriynyl;0.004087193460490464
Orion.HNC.cbc.contsub.image;model_dark_clouds_full_500it;5;2 Oxonium hydride;0.004087193460490464
Orion.HNC.cbc.contsub.image;model_dark_clouds_full_expanded_00002_500it;1;19 Trihydrogen ion;0.7670299727520437
Orion.HNC.cbc.contsub.image;model_dark_clouds_full_expanded_00002_500it;2;0 Ketene;0.004087193460490464
Orion.HNC.cbc.contsub.image;model_dark_clouds_full_expanded_00002_500it;3;1 1,3,5-Hexatriynyl;0.004087193460490464
Orion.HNC.cbc.contsub.image;model_dark_clouds_full_expanded_00002_500it;4;2 Oxonium hydride;0.004087193460490464
Orion.HNC.cbc.contsub.image;model_dark_clouds_full_expanded_00002_500it;5;3 Vinyl Cyanide;0.004087193460490464
Orion.HNC.cbc.contsub.image;model_dark_clouds_full_expanded_00010_500it;1;50 Hydrogen Isocyanide;0.7624886466848321
Orion.HNC.cbc.contsub.image;model_dark_clouds_full_expanded_00010_500it;2;42 Silicon Monoxide;0.00862851952770209
Orion.HNC.cbc.contsub.image;model_dark_clouds_full_expanded_00010_500it;3;0 Ketene;0.004087193460490464
Orion.HNC.cbc.contsub.image;model_dark_clouds_full_expanded_00010_500it;4;1 1,3,5-Hexatriynyl;0.004087193460490464
Orion.HNC.cbc.contsub.image;model_dark_clouds_full_expanded_00010_500it;5;2 Oxonium hydride;0.004087193460490464
HD163296_CO_2_1.image;model_dark_clouds_tr_500it;1;11 4-Cyano-1,3-Butadiynyl;0.5379858657243816
HD163296_CO_2_1.image;model_dark_clouds_tr_500it;2;46 Carbon Monoxide;0.016784452296819786
HD163296_CO_2_1.image;model_dark_clouds_tr_500it;3;0 Ketene;0.007950530035335688
HD163296_CO_2_1.image;model_dark_clouds_tr_500it;4;1 1,3,5-Hexatriynyl;0.007950530035335688
HD163296_CO_2_1.image;model_dark_clouds_tr_500it;5;2 Oxonium hydride;0.007950530035335688
HD163296_CO_2_1.image;model_dark_clouds_2_500it;1;5 Methyliumylidene;0.5468197879858657
HD163296_CO_2_1.image;model_dark_clouds_2_500it;2;0 Ketene;0.007950530035335688
HD163296_CO_2_1.image;model_dark_clouds_2_500it;3;1 1,3,5-Hexatriynyl;0.007950530035335688
HD163296_CO_2_1.image;model_dark_clouds_2_500it;4;2 Oxonium hydride;0.007950530035335688
HD163296_CO_2_1.image;model_dark_clouds_2_500it;5;3 Vinyl Cyanide;0.007950530035335688
HD163296_CO_2_1.image;model_dark_clouds_full_500it;1;48 Hexatrienyl;0.5468197879858657
HD163296_CO_2_1.image;model_dark_clouds_full_500it;2;0 Ketene;0.007950530035335688
HD163296_CO_2_1.image;model_dark_clouds_full_500it;3;1 1,3,5-Hexatriynyl;0.007950530035335688
HD163296_CO_2_1.image;model_dark_clouds_full_500it;4;2 Oxonium hydride;0.007950530035335688
HD163296_CO_2_1.image;model_dark_clouds_full_500it;5;3 Vinyl Cyanide;0.007950530035335688
HD163296_CO_2_1.image;model_dark_clouds_full_expanded_00002_500it;1;23 Ammonia;0.5468197879858657
HD163296_CO_2_1.image;model_dark_clouds_full_expanded_00002_500it;2;0 Ketene;0.007950530035335688
HD163296_CO_2_1.image;model_dark_clouds_full_expanded_00002_500it;3;1 1,3,5-Hexatriynyl;0.007950530035335688
HD163296_CO_2_1.image;model_dark_clouds_full_expanded_00002_500it;4;2 Oxonium hydride;0.007950530035335688
HD163296_CO_2_1.image;model_dark_clouds_full_expanded_00002_500it;5;3 Vinyl Cyanide;0.007950530035335688
HD163296_CO_2_1.image;model_dark_clouds_full_expanded_00010_500it;1;27 3-Thioxo-1,2-Propadieylidene;0.5468197879858657
HD163296_CO_2_1.image;model_dark_clouds_full_expanded_00010_500it;2;0 Ketene;0.007950530035335688
HD163296_CO_2_1.image;model_dark_clouds_full_expanded_00010_500it;3;1 1,3,5-Hexatriynyl;0.007950530035335688
HD163296_CO_2_1.image;model_dark_clouds_full_expanded_00010_500it;4;2 Oxonium hydride;0.007950530035335688
HD163296_CO_2_1.image;model_dark_clouds_full_expanded_00010_500it;5;3 Vinyl Cyanide;0.007950530035335688
