1;49 Diazenylium;0.36822660098522164
2;0 Ketene;0.011083743842364532
3;1 1,3,5-Hexatriynyl;0.011083743842364532
4;2 Oxonium hydride;0.011083743842364532
5;3 Vinyl Cyanide;0.011083743842364532
6;4 Hydroxyl;0.011083743842364532
7;5 Methyliumylidene;0.011083743842364532
8;6 Carbon Monosulfide;0.011083743842364532
9;7 Cyanomethyl;0.011083743842364532
10;8 Methyl Acetylene;0.011083743842364532
11;9 Ethyl Cyanide;0.011083743842364532
12;10 2,4-Pentadiynylidyne;0.011083743842364532
13;11 4-Cyano-1,3-Butadiynyl;0.011083743842364532
14;12 Water;0.011083743842364532
15;13 Hydrogen sulfide;0.011083743842364532
16;14 Methylene amidogen;0.011083743842364532
17;15 1,3-Butadiynyl radical;0.011083743842364532
18;16 2,4,6,8-Nonatetraynenitrile;0.011083743842364532
19;17 Formylium;0.011083743842364532
20;18 Cyanoallene;0.011083743842364532
21;19 Trihydrogen ion;0.011083743842364532
22;20 Methylcyanodiacetylene;0.011083743842364532
23;21 2,4,6-Heptatriynenitrile;0.011083743842364532
24;22 Methanol;0.011083743842364532
25;23 Ammonia;0.011083743842364532
26;24 Methyl Cyanide;0.011083743842364532
27;25 1,3,5-Hexatriynyl anion;0.011083743842364532
28;26 1,3,5,7-Octatetraynyl anion;0.011083743842364532
29;27 3-Thioxo-1,2-Propadieylidene;0.011083743842364532
30;28 Cyanobutadiyne;0.011083743842364532
31;29 Nitric sulfide;0.011083743842364532
32;30 Sulfur dioxide;0.011083743842364532
33;31 Hydrochloric acid;0.011083743842364532
34;32 2,4,6,8,10-Undecapentaynenitrile;0.011083743842364532
35;33 Cyanide Radical;0.011083743842364532
36;34 Nitric oxide;0.011083743842364532
37;35 Formaldehyde;0.011083743842364532
38;36 Sulfur Monoxide;0.011083743842364532
39;37 Methyltriacetylene;0.011083743842364532
40;38 Hydrogen Cyanide;0.011083743842364532
41;39 Methyl diacetylene;0.011083743842364532
42;40 Methylidyne;0.011083743842364532
43;41 Thioxoethenylidene;0.011083743842364532
44;42 Silicon Monoxide;0.011083743842364532
45;43 1,3,5,7-Octatetraynyl;0.011083743842364532
46;44 Oxoethenylidene;0.011083743842364532
47;45 Propynylidynium;0.011083743842364532
48;46 Carbon Monoxide;0.011083743842364532
49;47 Thioformaldehyde;0.011083743842364532
50;48 Hexatrienyl;0.011083743842364532
51;50 Hydrogen Isocyanide;0.011083743842364532
52;51 Carbon Monosulfide;0.011083743842364532
53;52 Methylamine;0.011083743842364532
54;53 Formic Acid;0.011083743842364532
55;54 Cyclopropenylidene;0.011083743842364532
56;55 Cyanoacetylene;0.011083743842364532
57;56 para-Oxidaniumyl;0.011083743842364532
58;57 ortho-Oxidaniumyl;0.011083743842364532
