1;20 Molecular oxygen;0.7936069455406471
2;0 Methylidyne;0.0122336227308603
3;13 Hydroxyl;0.0122336227308603
4;17 Hydrogen Cyanide;0.0122336227308603
5;21 Hydrogen Isocyanide;0.0122336227308603
6;1 Butyronitrile;0.008287292817679558
7;2 Formaldehyde;0.008287292817679558
8;3 Sulfur dioxide;0.008287292817679558
9;4 Carbon Monoxide;0.008287292817679558
10;5 Water;0.008287292817679558
11;6 Chloronium;0.008287292817679558
12;7 Imidogen;0.008287292817679558
13;8 Thioformylium;0.008287292817679558
14;9 Mercapto radical;0.008287292817679558
15;10 Methyl formate vt01;0.008287292817679558
16;11 Methyliumylidene;0.008287292817679558
17;12 Cyanide Radical;0.008287292817679558
18;14 Nitric oxide;0.008287292817679558
19;15 Cyclopropenylidene;0.008287292817679558
20;16 Silicon Monoxide;0.008287292817679558
21;18 Carbon Monosulfide;0.008287292817679558
22;19 Hydrogen sulfide;0.008287292817679558
23;22 Formylium;0.008287292817679558
24;23 Sulfoniumylidene;0.008287292817679558
