1;4 Carbon Monoxide;0.39925373134328357
2;0 Methylidyne;0.026119402985074626
3;1 Butyronitrile;0.026119402985074626
4;2 Formaldehyde;0.026119402985074626
5;3 Sulfur dioxide;0.026119402985074626
6;5 Water;0.026119402985074626
7;6 Chloronium;0.026119402985074626
8;7 Imidogen;0.026119402985074626
9;8 Thioformylium;0.026119402985074626
10;9 Mercapto radical;0.026119402985074626
11;10 Methyl formate vt01;0.026119402985074626
12;11 Methyliumylidene;0.026119402985074626
13;12 Cyanide Radical;0.026119402985074626
14;13 Hydroxyl;0.026119402985074626
15;14 Nitric oxide;0.026119402985074626
16;15 Cyclopropenylidene;0.026119402985074626
17;16 Silicon Monoxide;0.026119402985074626
18;17 Hydrogen Cyanide;0.026119402985074626
19;18 Carbon Monosulfide;0.026119402985074626
20;19 Hydrogen sulfide;0.026119402985074626
21;20 Molecular oxygen;0.026119402985074626
22;21 Hydrogen Isocyanide;0.026119402985074626
23;22 Formylium;0.026119402985074626
24;23 Sulfoniumylidene;0.026119402985074626
