1;42 Silicon Monoxide;0.7288583509513743
2;0 Ketene;0.0047568710359408035
3;1 1,3,5-Hexatriynyl;0.0047568710359408035
4;2 Oxonium hydride;0.0047568710359408035
5;3 Vinyl Cyanide;0.0047568710359408035
6;4 Hydroxyl;0.0047568710359408035
7;5 Methyliumylidene;0.0047568710359408035
8;6 Carbon Monosulfide;0.0047568710359408035
9;7 Cyanomethyl;0.0047568710359408035
10;8 Methyl Acetylene;0.0047568710359408035
11;9 Ethyl Cyanide;0.0047568710359408035
12;10 2,4-Pentadiynylidyne;0.0047568710359408035
13;11 4-Cyano-1,3-Butadiynyl;0.0047568710359408035
14;12 Water;0.0047568710359408035
15;13 Hydrogen sulfide;0.0047568710359408035
16;14 Methylene amidogen;0.0047568710359408035
17;15 1,3-Butadiynyl radical;0.0047568710359408035
18;16 2,4,6,8-Nonatetraynenitrile;0.0047568710359408035
19;17 Formylium;0.0047568710359408035
20;18 Cyanoallene;0.0047568710359408035
21;19 Trihydrogen ion;0.0047568710359408035
22;20 Methylcyanodiacetylene;0.0047568710359408035
23;21 2,4,6-Heptatriynenitrile;0.0047568710359408035
24;22 Methanol;0.0047568710359408035
25;23 Ammonia;0.0047568710359408035
26;24 Methyl Cyanide;0.0047568710359408035
27;25 1,3,5-Hexatriynyl anion;0.0047568710359408035
28;26 1,3,5,7-Octatetraynyl anion;0.0047568710359408035
29;27 3-Thioxo-1,2-Propadieylidene;0.0047568710359408035
30;28 Cyanobutadiyne;0.0047568710359408035
31;29 Nitric sulfide;0.0047568710359408035
32;30 Sulfur dioxide;0.0047568710359408035
33;31 Hydrochloric acid;0.0047568710359408035
34;32 2,4,6,8,10-Undecapentaynenitrile;0.0047568710359408035
35;33 Cyanide Radical;0.0047568710359408035
36;34 Nitric oxide;0.0047568710359408035
37;35 Formaldehyde;0.0047568710359408035
38;36 Sulfur Monoxide;0.0047568710359408035
39;37 Methyltriacetylene;0.0047568710359408035
40;38 Hydrogen Cyanide;0.0047568710359408035
41;39 Methyl diacetylene;0.0047568710359408035
42;40 Methylidyne;0.0047568710359408035
43;41 Thioxoethenylidene;0.0047568710359408035
44;43 1,3,5,7-Octatetraynyl;0.0047568710359408035
45;44 Oxoethenylidene;0.0047568710359408035
46;45 Propynylidynium;0.0047568710359408035
47;46 Carbon Monoxide;0.0047568710359408035
48;47 Thioformaldehyde;0.0047568710359408035
49;48 Hexatrienyl;0.0047568710359408035
50;49 Diazenylium;0.0047568710359408035
51;50 Hydrogen Isocyanide;0.0047568710359408035
52;51 Carbon Monosulfide;0.0047568710359408035
53;52 Methylamine;0.0047568710359408035
54;53 Formic Acid;0.0047568710359408035
55;54 Cyclopropenylidene;0.0047568710359408035
56;55 Cyanoacetylene;0.0047568710359408035
57;56 para-Oxidaniumyl;0.0047568710359408035
58;57 ortho-Oxidaniumyl;0.0047568710359408035
