1;5 Methyliumylidene;0.8254775107825014
2;45 Propynylidynium;0.09688847812692544
3;0 Ketene;0.0013863216266173752
4;1 1,3,5-Hexatriynyl;0.0013863216266173752
5;2 Oxonium hydride;0.0013863216266173752
6;3 Vinyl Cyanide;0.0013863216266173752
7;4 Hydroxyl;0.0013863216266173752
8;6 Carbon Monosulfide;0.0013863216266173752
9;7 Cyanomethyl;0.0013863216266173752
10;8 Methyl Acetylene;0.0013863216266173752
11;9 Ethyl Cyanide;0.0013863216266173752
12;10 2,4-Pentadiynylidyne;0.0013863216266173752
13;11 4-Cyano-1,3-Butadiynyl;0.0013863216266173752
14;12 Water;0.0013863216266173752
15;13 Hydrogen sulfide;0.0013863216266173752
16;14 Methylene amidogen;0.0013863216266173752
17;15 1,3-Butadiynyl radical;0.0013863216266173752
18;16 2,4,6,8-Nonatetraynenitrile;0.0013863216266173752
19;17 Formylium;0.0013863216266173752
20;18 Cyanoallene;0.0013863216266173752
21;19 Trihydrogen ion;0.0013863216266173752
22;20 Methylcyanodiacetylene;0.0013863216266173752
23;21 2,4,6-Heptatriynenitrile;0.0013863216266173752
24;22 Methanol;0.0013863216266173752
25;23 Ammonia;0.0013863216266173752
26;24 Methyl Cyanide;0.0013863216266173752
27;25 1,3,5-Hexatriynyl anion;0.0013863216266173752
28;26 1,3,5,7-Octatetraynyl anion;0.0013863216266173752
29;27 3-Thioxo-1,2-Propadieylidene;0.0013863216266173752
30;28 Cyanobutadiyne;0.0013863216266173752
31;29 Nitric sulfide;0.0013863216266173752
32;30 Sulfur dioxide;0.0013863216266173752
33;31 Hydrochloric acid;0.0013863216266173752
34;32 2,4,6,8,10-Undecapentaynenitrile;0.0013863216266173752
35;33 Cyanide Radical;0.0013863216266173752
36;34 Nitric oxide;0.0013863216266173752
37;35 Formaldehyde;0.0013863216266173752
38;36 Sulfur Monoxide;0.0013863216266173752
39;37 Methyltriacetylene;0.0013863216266173752
40;38 Hydrogen Cyanide;0.0013863216266173752
41;39 Methyl diacetylene;0.0013863216266173752
42;40 Methylidyne;0.0013863216266173752
43;41 Thioxoethenylidene;0.0013863216266173752
44;42 Silicon Monoxide;0.0013863216266173752
45;43 1,3,5,7-Octatetraynyl;0.0013863216266173752
46;44 Oxoethenylidene;0.0013863216266173752
47;46 Carbon Monoxide;0.0013863216266173752
48;47 Thioformaldehyde;0.0013863216266173752
49;48 Hexatrienyl;0.0013863216266173752
50;49 Diazenylium;0.0013863216266173752
51;50 Hydrogen Isocyanide;0.0013863216266173752
52;51 Carbon Monosulfide;0.0013863216266173752
53;52 Methylamine;0.0013863216266173752
54;53 Formic Acid;0.0013863216266173752
55;54 Cyclopropenylidene;0.0013863216266173752
56;55 Cyanoacetylene;0.0013863216266173752
57;56 para-Oxidaniumyl;0.0013863216266173752
58;57 ortho-Oxidaniumyl;0.0013863216266173752
