¡MATCH! Model[model_alma_band_6_2_500it] FITS[../../FITS/Orion.HNC.cbc.contsub.image.fits]: 0.007918552036199095
¡MATCH! Model[model_alma_band_6_full_500it] FITS[../../FITS/HD163296_CO_2_1.image.fits]: 0.10129310344827586
¡MATCH! Model[model_alma_band_6_full_500it] FITS[../../FITS/uid___A002_Xa916fc_X668__IRS43_HCO32.final.image.pbcor.fits]: 0.06067769897557131
¡MATCH! Model[model_alma_band_6_full_expanded_00002_500it] FITS[../../FITS/uid___A002_Xa916fc_X668__IRS43_HCO32.final.image.pbcor.fits]: 0.8171788810086682
¡MATCH! Model[model_alma_band_6_full_expanded_00010_500it] FITS[../../FITS/uid___A002_Xa916fc_X668__IRS43_HCO32.final.image.pbcor.fits]: 0.005516154452324664
¡MATCH! Model[model_hot_cores_full_500it] FITS[../../FITS/Orion.HNC.cbc.contsub.image.fits]: 0.01988950276243094
¡MATCH! Model[model_hot_cores_full_500it] FITS[../../FITS/TWHydra_HCOplusline.image.fits]: 0.21971830985915491
¡MATCH! Model[model_hot_cores_full_expanded_00002_500it] FITS[../../FITS/TWHydra_CO3_2line.image.fits]: 0.328
¡MATCH! Model[model_hot_cores_full_expanded_00002_500it] FITS[../../FITS/TWHydra_HCOplusline.image.fits]: 0.27605633802816903
¡MATCH! Model[model_hot_cores_full_expanded_00010_500it] FITS[../../FITS/HD163296_CO_2_1.image.fits]: 0.016494845360824743
¡MATCH! Model[model_hot_cores_full_expanded_00010_500it] FITS[../../FITS/TWHydra_CO3_2line.image.fits]: 0.328
¡MATCH! Model[model_hot_cores_full_expanded_00010_500it] FITS[../../FITS/TWHydra_HCOplusline.image.fits]: 0.247887323943662
¡MATCH! Model[model_agb_ppn_pn_tr_500it] FITS[../../FITS/uid___A002_Xa916fc_X668__IRS43_HCO32.final.image.pbcor.fits]: 0.8091156992598364
¡MATCH! Model[model_agb_ppn_pn_tr_500it] FITS[../../FITS/TWHydra_HCOplusline.image.fits]: 0.02439024390243903
¡MATCH! Model[model_agb_ppn_pn_2_500it] FITS[../../FITS/TWHydra_HCOplusline.image.fits]: 0.29698708751793407
¡MATCH! Model[model_agb_ppn_pn_full_500it] FITS[../../FITS/uid___A002_Xa916fc_X668__IRS43_HCO32.final.image.pbcor.fits]: 0.04947409427347098
¡MATCH! Model[model_agb_ppn_pn_full_500it] FITS[../../FITS/TWHydra_HCOplusline.image.fits]: 0.29698708751793407
¡MATCH! Model[model_agb_ppn_pn_full_expanded_00002_500it] FITS[../../FITS/uid___A002_Xa916fc_X668__IRS43_HCO32.final.image.pbcor.fits]: 0.8091156992598364
¡MATCH! Model[model_agb_ppn_pn_full_expanded_00002_500it] FITS[../../FITS/TWHydra_CO3_2line.image.fits]: 0.3080054274084125
¡MATCH! Model[model_agb_ppn_pn_full_expanded_00002_500it] FITS[../../FITS/TWHydra_HCOplusline.image.fits]: 0.29698708751793407
¡MATCH! Model[model_agb_ppn_pn_full_expanded_00010_500it] FITS[../../FITS/DMTau.CS_5-4.image.fits]: 0.006754072308303536
¡MATCH! Model[model_agb_ppn_pn_full_expanded_00010_500it] FITS[../../FITS/TWHydra_CO3_2line.image.fits]: 0.3215739484396201
¡MATCH! Model[model_agb_ppn_pn_full_expanded_00010_500it] FITS[../../FITS/TWHydra_HCOplusline.image.fits]: 0.29698708751793407
¡MATCH! Model[model_dark_clouds_tr_500it] FITS[../../FITS/TWHydra_HCOplusline.image.fits]: 0.04016620498614958
¡MATCH! Model[model_dark_clouds_full_expanded_00002_500it] FITS[../../FITS/DMTau.CS_5-4.image.fits]: 0.7863886703383164
¡MATCH! Model[model_dark_clouds_full_expanded_00002_500it] FITS[../../FITS/TWHydra_CO3_2line.image.fits]: 0.32677165354330706
¡MATCH! Model[model_dark_clouds_full_expanded_00002_500it] FITS[../../FITS/TWHydra_HCOplusline.image.fits]: 0.2617728531855955
¡MATCH! Model[model_dark_clouds_full_expanded_00010_500it] FITS[../../FITS/DMTau.CS_5-4.image.fits]: 0.7903225806451614
¡MATCH! Model[model_dark_clouds_full_expanded_00010_500it] FITS[../../FITS/uid___A002_Xa916fc_X668__IRS43_HCO32.final.image.pbcor.fits]: 0.8020833333333334
¡MATCH! Model[model_dark_clouds_full_expanded_00010_500it] FITS[../../FITS/TWHydra_CO3_2line.image.fits]: 0.31364829396325455
¡MATCH! Model[model_dark_clouds_full_expanded_00010_500it] FITS[../../FITS/TWHydra_HCOplusline.image.fits]: 0.28947368421052627
¡MATCH! Model[model_diffuse_clouds_tr_500it] FITS[../../FITS/TWHydra_HCOplusline.image.fits]: 0.31392045454545453
¡MATCH! Model[model_diffuse_clouds_2_500it] FITS[../../FITS/HD163296_CO_2_1.image.fits]: 0.032157676348547715
¡MATCH! Model[model_diffuse_clouds_2_500it] FITS[../../FITS/TWHydra_HCOplusline.image.fits]: 0.058238636363636354
¡MATCH! Model[model_diffuse_clouds_full_500it] FITS[../../FITS/TWHydra_CO3_2line.image.fits]: 0.041666666666666664
¡MATCH! Model[model_diffuse_clouds_full_expanded_00002_500it] FITS[../../FITS/DMTau.CS_5-4.image.fits]: 0.012282091917591125
¡MATCH! Model[model_diffuse_clouds_full_expanded_00002_500it] FITS[../../FITS/Orion.HNC.cbc.contsub.image.fits]: 0.7322616407982261
¡MATCH! Model[model_diffuse_clouds_full_expanded_00002_500it] FITS[../../FITS/uid___A002_Xa916fc_X668__IRS43_HCO32.final.image.pbcor.fits]: 0.8123543123543124
¡MATCH! Model[model_diffuse_clouds_full_expanded_00002_500it] FITS[../../FITS/TWHydra_CO3_2line.image.fits]: 0.3508064516129032
¡MATCH! Model[model_diffuse_clouds_full_expanded_00002_500it] FITS[../../FITS/TWHydra_HCOplusline.image.fits]: 0.2713068181818182
¡MATCH! Model[model_diffuse_clouds_full_expanded_00010_500it] FITS[../../FITS/HD163296_CO_2_1.image.fits]: 0.49896265560165975
¡MATCH! Model[model_diffuse_clouds_full_expanded_00010_500it] FITS[../../FITS/Orion.HNC.cbc.contsub.image.fits]: 0.7267184035476718
¡MATCH! Model[model_diffuse_clouds_full_expanded_00010_500it] FITS[../../FITS/TWHydra_CO3_2line.image.fits]: 0.33736559139784944
¡MATCH! Model[model_diffuse_clouds_full_expanded_00010_500it] FITS[../../FITS/TWHydra_HCOplusline.image.fits]: 0.29971590909090906
¡MATCH! Model[model_comets_tr_500it] FITS[../../FITS/uid___A002_Xa916fc_X668__IRS43_HCO32.final.image.pbcor.fits]: 0.8089147286821705
¡MATCH! Model[model_comets_tr_500it] FITS[../../FITS/TWHydra_HCOplusline.image.fits]: 0.3056338028169014
¡MATCH! Model[model_comets_2_500it] FITS[../../FITS/TWHydra_HCOplusline.image.fits]: 0.3056338028169014
¡MATCH! Model[model_comets_full_500it] FITS[../../FITS/Orion.HNC.cbc.contsub.image.fits]: 0.269060773480663
¡MATCH! Model[model_comets_full_500it] FITS[../../FITS/TWHydra_CO3_2line.image.fits]: 0.3426666666666667
¡MATCH! Model[model_comets_full_expanded_00002_500it] FITS[../../FITS/Orion.methanol.cbc.contsub.image.fits]: 0.027000000000000003
¡MATCH! Model[model_comets_full_expanded_00002_500it] FITS[../../FITS/TWHydra_CO3_2line.image.fits]: 0.3426666666666667
¡MATCH! Model[model_comets_full_expanded_00002_500it] FITS[../../FITS/TWHydra_HCOplusline.image.fits]: 0.2915492957746479
¡MATCH! Model[model_comets_full_expanded_00010_500it] FITS[../../FITS/TWHydra_CO3_2line.image.fits]: 0.3426666666666667
¡MATCH! Model[model_comets_full_expanded_00010_500it] FITS[../../FITS/TWHydra_HCOplusline.image.fits]: 0.3056338028169014
¡MATCH! Model[model_extragalactic_2_500it] FITS[../../FITS/TWHydra_HCOplusline.image.fits]: 0.3039772727272727
¡MATCH! Model[model_extragalactic_full_expanded_00002_500it] FITS[../../FITS/uid___A002_Xa916fc_X668__IRS43_HCO32.final.image.pbcor.fits]: 0.8096348096348097
¡MATCH! Model[model_extragalactic_full_expanded_00002_500it] FITS[../../FITS/TWHydra_CO3_2line.image.fits]: 0.32795698924731176
¡MATCH! Model[model_extragalactic_full_expanded_00002_500it] FITS[../../FITS/TWHydra_HCOplusline.image.fits]: 0.3039772727272727
¡MATCH! Model[model_extragalactic_full_expanded_00010_500it] FITS[../../FITS/TWHydra_CO3_2line.image.fits]: 0.32795698924731176
¡MATCH! Model[model_extragalactic_full_expanded_00010_500it] FITS[../../FITS/TWHydra_HCOplusline.image.fits]: 0.3039772727272727
¡MATCH! Model[model_planetary_tr_500it] FITS[../../FITS/TWHydra_CO3_2line.image.fits]: 0.0457516339869281
¡MATCH! Model[model_planetary_tr_500it] FITS[../../FITS/TWHydra_HCOplusline.image.fits]: 0.04827586206896552
¡MATCH! Model[model_planetary_full_expanded_00002_500it] FITS[../../FITS/HD163296_CO_2_1.image.fits]: 0.046875
¡MATCH! Model[model_planetary_full_expanded_00002_500it] FITS[../../FITS/TWHydra_CO3_2line.image.fits]: 0.3581081081081081
¡MATCH! Model[model_planetary_full_expanded_00002_500it] FITS[../../FITS/TWHydra_HCOplusline.image.fits]: 0.32142857142857145
¡MATCH! Model[model_planetary_full_expanded_00010_500it] FITS[../../FITS/HD163296_CO_2_1.image.fits]: 0.057291666666666664
¡MATCH! Model[model_planetary_full_expanded_00010_500it] FITS[../../FITS/uid___A002_Xa916fc_X668__IRS43_HCO32.final.image.pbcor.fits]: 0.8151750972762646
¡MATCH! Model[model_planetary_full_expanded_00010_500it] FITS[../../FITS/TWHydra_CO3_2line.image.fits]: 0.3581081081081081
¡MATCH! Model[model_planetary_full_expanded_00010_500it] FITS[../../FITS/TWHydra_HCOplusline.image.fits]: 0.32142857142857145
