1;21 Hydrogen Isocyanide;0.24274661508704062
2;8 Thioformylium;0.19439071566731142
3;22 Formylium;0.13636363636363635
4;0 Methylidyne;0.020309477756286266
5;1 Butyronitrile;0.020309477756286266
6;2 Formaldehyde;0.020309477756286266
7;3 Sulfur dioxide;0.020309477756286266
8;4 Carbon Monoxide;0.020309477756286266
9;5 Water;0.020309477756286266
10;6 Chloronium;0.020309477756286266
11;7 Imidogen;0.020309477756286266
12;9 Mercapto radical;0.020309477756286266
13;10 Methyl formate vt01;0.020309477756286266
14;11 Methyliumylidene;0.020309477756286266
15;12 Cyanide Radical;0.020309477756286266
16;13 Hydroxyl;0.020309477756286266
17;14 Nitric oxide;0.020309477756286266
18;15 Cyclopropenylidene;0.020309477756286266
19;16 Silicon Monoxide;0.020309477756286266
20;17 Hydrogen Cyanide;0.020309477756286266
21;18 Carbon Monosulfide;0.020309477756286266
22;19 Hydrogen sulfide;0.020309477756286266
23;20 Molecular oxygen;0.020309477756286266
24;23 Sulfoniumylidene;0.020309477756286266
