1;4 Carbon Monoxide;0.16721854304635758
2;10 Methyl formate vt01;0.05132450331125828
3;11 Methyliumylidene;0.05132450331125828
4;0 Methylidyne;0.0347682119205298
5;1 Butyronitrile;0.0347682119205298
6;2 Formaldehyde;0.0347682119205298
7;3 Sulfur dioxide;0.0347682119205298
8;5 Water;0.0347682119205298
9;6 Chloronium;0.0347682119205298
10;7 Imidogen;0.0347682119205298
11;8 Thioformylium;0.0347682119205298
12;9 Mercapto radical;0.0347682119205298
13;12 Cyanide Radical;0.0347682119205298
14;13 Hydroxyl;0.0347682119205298
15;14 Nitric oxide;0.0347682119205298
16;15 Cyclopropenylidene;0.0347682119205298
17;16 Silicon Monoxide;0.0347682119205298
18;17 Hydrogen Cyanide;0.0347682119205298
19;18 Carbon Monosulfide;0.0347682119205298
20;19 Hydrogen sulfide;0.0347682119205298
21;20 Molecular oxygen;0.0347682119205298
22;21 Hydrogen Isocyanide;0.0347682119205298
23;22 Formylium;0.0347682119205298
24;23 Sulfoniumylidene;0.0347682119205298
