1;17 Formylium;0.1268533772652389
2;63 Silicon Cyanide;0.044481054365733116
3;59 Thioformaldehyde;0.02800658978583196
4;67 Magnesium Cyanide;0.02800658978583196
5;0 1,3,5-Hexatriynyl;0.011532125205930808
6;1 Silicon monosulfide;0.011532125205930808
7;2 Vinyl Cyanide;0.011532125205930808
8;3 Hydroxyl;0.011532125205930808
9;4 Methyliumylidene;0.011532125205930808
10;5 Aluminum Isocyanitrile;0.011532125205930808
11;6 Carbon Monosulfide;0.011532125205930808
12;7 Methyl Acetylene;0.011532125205930808
13;8 1,3-Butadiynyl anion;0.011532125205930808
14;9 Butatrienylidene;0.011532125205930808
15;10 2,4-Pentadiynylidyne;0.011532125205930808
16;11 Aluminum Monochloride;0.011532125205930808
17;12 4-Cyano-1,3-Butadiynyl;0.011532125205930808
18;13 Silicon monosulfide;0.011532125205930808
19;14 Water;0.011532125205930808
20;15 Hydrogen sulfide;0.011532125205930808
21;16 1,3-Butadiynyl radical;0.011532125205930808
22;18 Trihydrogen ion;0.011532125205930808
23;19 Methanimine;0.011532125205930808
24;20 Phosphorus Monoxide;0.011532125205930808
25;21 Methyl Cyanide;0.011532125205930808
26;22 Magnesium Isocyanide;0.011532125205930808
27;23 1,3,5-Hexatriynyl anion;0.011532125205930808
28;24 Phosphaethyne;0.011532125205930808
29;25 1,3,5,7-Octatetraynyl anion;0.011532125205930808
30;26 Silicon Monocarbide;0.011532125205930808
31;27 Cyanomethylene;0.011532125205930808
32;28 3-Thioxo-1,2-Propadieylidene;0.011532125205930808
33;29 Cyanobutadiyne;0.011532125205930808
34;30 Silicon Isocyanide;0.011532125205930808
35;31 Potassium chloride;0.011532125205930808
36;32 3-Oxo-1,2-Propadienylidene;0.011532125205930808
37;33 Silicon Carbide;0.011532125205930808
38;34 3-Cyano-1,2-propadienylidene;0.011532125205930808
39;35 Nitric sulfide;0.011532125205930808
40;36 Sulfur dioxide;0.011532125205930808
41;37 Ethyne Isocyanide;0.011532125205930808
42;38 Cyanoethynylide ion;0.011532125205930808
43;39 Cyanide Radical;0.011532125205930808
44;40 Carbon Monoxide Ion;0.011532125205930808
45;41 Cyanobutadiynylide anion;0.011532125205930808
46;42 Aluminum Monofluoride;0.011532125205930808
47;43 Formaldehyde;0.011532125205930808
48;44 Sulfur Monoxide;0.011532125205930808
49;45 Silicon tetracarbide;0.011532125205930808
50;46 Ethynyl;0.011532125205930808
51;47 Sodium Chloride;0.011532125205930808
52;48 Hydrogen Cyanide;0.011532125205930808
53;49 Sodium Cyanide;0.011532125205930808
54;50 3-Imino-1,2 Propadienylidene;0.011532125205930808
55;51 Methylidyne;0.011532125205930808
56;52 Thioxoethenylidene;0.011532125205930808
57;53 Silicon Monoxide;0.011532125205930808
58;54 1,3,5,7-Octatetraynyl;0.011532125205930808
59;55 Silicon Mononitride;0.011532125205930808
60;56 Carbon Monoxide;0.011532125205930808
61;57 Phosphorous nitride;0.011532125205930808
62;58 Carbon Monophosphide;0.011532125205930808
63;60 Hexatrienyl;0.011532125205930808
64;61 Hydrogen Isocyanide;0.011532125205930808
65;62 Carbon Monosulfide;0.011532125205930808
66;64 2,4,6-Heptatriynylidyne;0.011532125205930808
67;65 Cyclopropenylidene;0.011532125205930808
68;66 Cyanoacetylene;0.011532125205930808
69;68 3-Silanetetrayl-1,2-Propadienyli;0.011532125205930808
70;69 Cyanoethynyl;0.011532125205930808
71;70 Phosphapropynylidyne;0.011532125205930808
