1;56 Carbon Monoxide;0.1547049441786284
2;20 Phosphorus Monoxide;0.0430622009569378
3;61 Hydrogen Isocyanide;0.02711323763955343
4;67 Magnesium Cyanide;0.02711323763955343
5;0 1,3,5-Hexatriynyl;0.011164274322169059
6;1 Silicon monosulfide;0.011164274322169059
7;2 Vinyl Cyanide;0.011164274322169059
8;3 Hydroxyl;0.011164274322169059
9;4 Methyliumylidene;0.011164274322169059
10;5 Aluminum Isocyanitrile;0.011164274322169059
11;6 Carbon Monosulfide;0.011164274322169059
12;7 Methyl Acetylene;0.011164274322169059
13;8 1,3-Butadiynyl anion;0.011164274322169059
14;9 Butatrienylidene;0.011164274322169059
15;10 2,4-Pentadiynylidyne;0.011164274322169059
16;11 Aluminum Monochloride;0.011164274322169059
17;12 4-Cyano-1,3-Butadiynyl;0.011164274322169059
18;13 Silicon monosulfide;0.011164274322169059
19;14 Water;0.011164274322169059
20;15 Hydrogen sulfide;0.011164274322169059
21;16 1,3-Butadiynyl radical;0.011164274322169059
22;17 Formylium;0.011164274322169059
23;18 Trihydrogen ion;0.011164274322169059
24;19 Methanimine;0.011164274322169059
25;21 Methyl Cyanide;0.011164274322169059
26;22 Magnesium Isocyanide;0.011164274322169059
27;23 1,3,5-Hexatriynyl anion;0.011164274322169059
28;24 Phosphaethyne;0.011164274322169059
29;25 1,3,5,7-Octatetraynyl anion;0.011164274322169059
30;26 Silicon Monocarbide;0.011164274322169059
31;27 Cyanomethylene;0.011164274322169059
32;28 3-Thioxo-1,2-Propadieylidene;0.011164274322169059
33;29 Cyanobutadiyne;0.011164274322169059
34;30 Silicon Isocyanide;0.011164274322169059
35;31 Potassium chloride;0.011164274322169059
36;32 3-Oxo-1,2-Propadienylidene;0.011164274322169059
37;33 Silicon Carbide;0.011164274322169059
38;34 3-Cyano-1,2-propadienylidene;0.011164274322169059
39;35 Nitric sulfide;0.011164274322169059
40;36 Sulfur dioxide;0.011164274322169059
41;37 Ethyne Isocyanide;0.011164274322169059
42;38 Cyanoethynylide ion;0.011164274322169059
43;39 Cyanide Radical;0.011164274322169059
44;40 Carbon Monoxide Ion;0.011164274322169059
45;41 Cyanobutadiynylide anion;0.011164274322169059
46;42 Aluminum Monofluoride;0.011164274322169059
47;43 Formaldehyde;0.011164274322169059
48;44 Sulfur Monoxide;0.011164274322169059
49;45 Silicon tetracarbide;0.011164274322169059
50;46 Ethynyl;0.011164274322169059
51;47 Sodium Chloride;0.011164274322169059
52;48 Hydrogen Cyanide;0.011164274322169059
53;49 Sodium Cyanide;0.011164274322169059
54;50 3-Imino-1,2 Propadienylidene;0.011164274322169059
55;51 Methylidyne;0.011164274322169059
56;52 Thioxoethenylidene;0.011164274322169059
57;53 Silicon Monoxide;0.011164274322169059
58;54 1,3,5,7-Octatetraynyl;0.011164274322169059
59;55 Silicon Mononitride;0.011164274322169059
60;57 Phosphorous nitride;0.011164274322169059
61;58 Carbon Monophosphide;0.011164274322169059
62;59 Thioformaldehyde;0.011164274322169059
63;60 Hexatrienyl;0.011164274322169059
64;62 Carbon Monosulfide;0.011164274322169059
65;63 Silicon Cyanide;0.011164274322169059
66;64 2,4,6-Heptatriynylidyne;0.011164274322169059
67;65 Cyclopropenylidene;0.011164274322169059
68;66 Cyanoacetylene;0.011164274322169059
69;68 3-Silanetetrayl-1,2-Propadienyli;0.011164274322169059
70;69 Cyanoethynyl;0.011164274322169059
71;70 Phosphapropynylidyne;0.011164274322169059
