1;11 4-Cyano-1,3-Butadiynyl;0.7347870182555781
2;10 2,4-Pentadiynylidyne;0.009634888438133874
3;0 Ketene;0.004563894523326573
4;1 1,3,5-Hexatriynyl;0.004563894523326573
5;2 Oxonium hydride;0.004563894523326573
6;3 Vinyl Cyanide;0.004563894523326573
7;4 Hydroxyl;0.004563894523326573
8;5 Methyliumylidene;0.004563894523326573
9;6 Carbon Monosulfide;0.004563894523326573
10;7 Cyanomethyl;0.004563894523326573
11;8 Methyl Acetylene;0.004563894523326573
12;9 Ethyl Cyanide;0.004563894523326573
13;12 Water;0.004563894523326573
14;13 Hydrogen sulfide;0.004563894523326573
15;14 Methylene amidogen;0.004563894523326573
16;15 1,3-Butadiynyl radical;0.004563894523326573
17;16 2,4,6,8-Nonatetraynenitrile;0.004563894523326573
18;17 Formylium;0.004563894523326573
19;18 Cyanoallene;0.004563894523326573
20;19 Trihydrogen ion;0.004563894523326573
21;20 Methylcyanodiacetylene;0.004563894523326573
22;21 2,4,6-Heptatriynenitrile;0.004563894523326573
23;22 Methanol;0.004563894523326573
24;23 Ammonia;0.004563894523326573
25;24 Methyl Cyanide;0.004563894523326573
26;25 1,3,5-Hexatriynyl anion;0.004563894523326573
27;26 1,3,5,7-Octatetraynyl anion;0.004563894523326573
28;27 3-Thioxo-1,2-Propadieylidene;0.004563894523326573
29;28 Cyanobutadiyne;0.004563894523326573
30;29 Nitric sulfide;0.004563894523326573
31;30 Sulfur dioxide;0.004563894523326573
32;31 Hydrochloric acid;0.004563894523326573
33;32 2,4,6,8,10-Undecapentaynenitrile;0.004563894523326573
34;33 Cyanide Radical;0.004563894523326573
35;34 Nitric oxide;0.004563894523326573
36;35 Formaldehyde;0.004563894523326573
37;36 Sulfur Monoxide;0.004563894523326573
38;37 Methyltriacetylene;0.004563894523326573
39;38 Hydrogen Cyanide;0.004563894523326573
40;39 Methyl diacetylene;0.004563894523326573
41;40 Methylidyne;0.004563894523326573
42;41 Thioxoethenylidene;0.004563894523326573
43;42 Silicon Monoxide;0.004563894523326573
44;43 1,3,5,7-Octatetraynyl;0.004563894523326573
45;44 Oxoethenylidene;0.004563894523326573
46;45 Propynylidynium;0.004563894523326573
47;46 Carbon Monoxide;0.004563894523326573
48;47 Thioformaldehyde;0.004563894523326573
49;48 Hexatrienyl;0.004563894523326573
50;49 Diazenylium;0.004563894523326573
51;50 Hydrogen Isocyanide;0.004563894523326573
52;51 Carbon Monosulfide;0.004563894523326573
53;52 Methylamine;0.004563894523326573
54;53 Formic Acid;0.004563894523326573
55;54 Cyclopropenylidene;0.004563894523326573
56;55 Cyanoacetylene;0.004563894523326573
57;56 para-Oxidaniumyl;0.004563894523326573
58;57 ortho-Oxidaniumyl;0.004563894523326573
