1;8 Methyliumylidene;0.2472222222222222
2;34 Methanol;0.21746031746031744
3;61 Fluoromethyliumylidene;0.1638888888888889
4;66 Dimethyl ether;0.10436507936507937
5;45 Cyanobutadiyne;0.08452380952380953
6;9 Iminomethylium;0.040873015873015874
7;25 Fulminic acid;0.03095238095238095
8;57 Protonate 2-proynenitrile;0.009126984126984126
9;82 para-Oxidaniumyl;0.009126984126984126
10;33 Aminoacetonitrile;0.0031746031746031746
11;0 Isocyanic Acid;0.0011904761904761904
12;1 Propenal;0.0011904761904761904
13;2 Ketene;0.0011904761904761904
14;3 Oxonium hydride;0.0011904761904761904
15;4 Thioformylium;0.0011904761904761904
16;5 Vinyl Cyanide;0.0011904761904761904
17;6 Methyl Formate;0.0011904761904761904
18;7 Hydroxyl;0.0011904761904761904
19;10 Hydroxymethylium ion;0.0011904761904761904
20;11 2-Propynal;0.0011904761904761904
21;12 Carbon Monosulfide;0.0011904761904761904
22;13 Cyanomethyl;0.0011904761904761904
23;14 Methyl Acetylene;0.0011904761904761904
24;15 2-Butynenitrile;0.0011904761904761904
25;16 Methyl formate vt01;0.0011904761904761904
26;17 Ethyl Cyanide;0.0011904761904761904
27;18 gauche-Ethanol;0.0011904761904761904
28;19 Glycolaldehyde;0.0011904761904761904
29;20 Water;0.0011904761904761904
30;21 Hydrogen sulfide;0.0011904761904761904
31;22 Sulfur Monoxide ion;0.0011904761904761904
32;23 1,3-Butadiynyl radical;0.0011904761904761904
33;24 Formylium;0.0011904761904761904
34;26 Trihydrogen ion;0.0011904761904761904
35;27 Methanimine;0.0011904761904761904
36;28 Nitrous Oxide;0.0011904761904761904
37;29 Propadienylidene;0.0011904761904761904
38;30 Ethylene Oxide;0.0011904761904761904
39;31 Ketenimine;0.0011904761904761904
40;32 2,4,6-Heptatriynenitrile;0.0011904761904761904
41;35 Ammonia;0.0011904761904761904
42;36 Formyl Radical;0.0011904761904761904
43;37 Methyl Cyanide;0.0011904761904761904
44;38 Molecular oxygen;0.0011904761904761904
45;39 Cyclopropenone;0.0011904761904761904
46;40 Carbonyl Sulfide;0.0011904761904761904
47;41 Acetaldehyde;0.0011904761904761904
48;42 Cyanomethylene;0.0011904761904761904
49;43 3-Thioxo-1,2-Propadieylidene;0.0011904761904761904
50;44 Formamide;0.0011904761904761904
51;46 Sulfur Dioxide;0.0011904761904761904
52;47 Methyl isocyanide;0.0011904761904761904
53;48 Nitric sulfide;0.0011904761904761904
54;49 Methylene;0.0011904761904761904
55;50 Hydrochloric acid;0.0011904761904761904
56;51 Ethyne Isocyanide;0.0011904761904761904
57;52 Cyanide Radical;0.0011904761904761904
58;53 Nitric oxide;0.0011904761904761904
59;54 Cyanic acid;0.0011904761904761904
60;55 Formaldehyde;0.0011904761904761904
61;56 Sulfur Monoxide;0.0011904761904761904
62;58 Ethynyl;0.0011904761904761904
63;59 Ethylene Glycol;0.0011904761904761904
64;60 Hydrogen Cyanide;0.0011904761904761904
65;62 Methylidyne;0.0011904761904761904
66;63 Thioxoethenylidene;0.0011904761904761904
67;64 Cyanomethanimine;0.0011904761904761904
68;65 Silicon Monoxide;0.0011904761904761904
69;67 Acetone;0.0011904761904761904
70;68 Carbon Monoxide;0.0011904761904761904
71;69 Phosphorous nitride;0.0011904761904761904
72;70 Thioformaldehyde;0.0011904761904761904
73;71 Diazenylium;0.0011904761904761904
74;72 Cyanoformaldehyde;0.0011904761904761904
75;73 Isothiocyanic acid;0.0011904761904761904
76;74 Vinyl Alcohol;0.0011904761904761904
77;75 Hydrogen Isocyanide;0.0011904761904761904
78;76 Carbon Monosulfide;0.0011904761904761904
79;77 Methylamine;0.0011904761904761904
80;78 Protonated Carbon Dioxide;0.0011904761904761904
81;79 Formic Acid;0.0011904761904761904
82;80 Cyclopropenylidene;0.0011904761904761904
83;81 Cyanoacetylene;0.0011904761904761904
84;83 ortho-Oxidaniumyl;0.0011904761904761904
85;84 Nitrosyl hydride;0.0011904761904761904
