1;61 Fluoromethyliumylidene;0.5080717488789237
2;57 Protonate 2-proynenitrile;0.07757847533632287
3;4 Thioformylium;0.07309417040358744
4;8 Methyliumylidene;0.05291479820627803
5;34 Methanol;0.0484304932735426
6;37 Methyl Cyanide;0.03497757847533632
7;50 Hydrochloric acid;0.02376681614349776
8;26 Trihydrogen ion;0.021524663677130042
9;58 Ethynyl;0.01928251121076233
10;60 Hydrogen Cyanide;0.012556053811659192
11;66 Dimethyl ether;0.01031390134529148
12;23 1,3-Butadiynyl radical;0.005829596412556054
13;25 Fulminic acid;0.005829596412556054
14;14 Methyl Acetylene;0.003587443946188341
15;35 Ammonia;0.003587443946188341
16;41 Acetaldehyde;0.003587443946188341
17;46 Sulfur Dioxide;0.003587443946188341
18;0 Isocyanic Acid;0.0013452914798206277
19;1 Propenal;0.0013452914798206277
20;2 Ketene;0.0013452914798206277
21;3 Oxonium hydride;0.0013452914798206277
22;5 Vinyl Cyanide;0.0013452914798206277
23;6 Methyl Formate;0.0013452914798206277
24;7 Hydroxyl;0.0013452914798206277
25;9 Iminomethylium;0.0013452914798206277
26;10 Hydroxymethylium ion;0.0013452914798206277
27;11 2-Propynal;0.0013452914798206277
28;12 Carbon Monosulfide;0.0013452914798206277
29;13 Cyanomethyl;0.0013452914798206277
30;15 2-Butynenitrile;0.0013452914798206277
31;16 Methyl formate vt01;0.0013452914798206277
32;17 Ethyl Cyanide;0.0013452914798206277
33;18 gauche-Ethanol;0.0013452914798206277
34;19 Glycolaldehyde;0.0013452914798206277
35;20 Water;0.0013452914798206277
36;21 Hydrogen sulfide;0.0013452914798206277
37;22 Sulfur Monoxide ion;0.0013452914798206277
38;24 Formylium;0.0013452914798206277
39;27 Methanimine;0.0013452914798206277
40;28 Nitrous Oxide;0.0013452914798206277
41;29 Propadienylidene;0.0013452914798206277
42;30 Ethylene Oxide;0.0013452914798206277
43;31 Ketenimine;0.0013452914798206277
44;32 2,4,6-Heptatriynenitrile;0.0013452914798206277
45;33 Aminoacetonitrile;0.0013452914798206277
46;36 Formyl Radical;0.0013452914798206277
47;38 Molecular oxygen;0.0013452914798206277
48;39 Cyclopropenone;0.0013452914798206277
49;40 Carbonyl Sulfide;0.0013452914798206277
50;42 Cyanomethylene;0.0013452914798206277
51;43 3-Thioxo-1,2-Propadieylidene;0.0013452914798206277
52;44 Formamide;0.0013452914798206277
53;45 Cyanobutadiyne;0.0013452914798206277
54;47 Methyl isocyanide;0.0013452914798206277
55;48 Nitric sulfide;0.0013452914798206277
56;49 Methylene;0.0013452914798206277
57;51 Ethyne Isocyanide;0.0013452914798206277
58;52 Cyanide Radical;0.0013452914798206277
59;53 Nitric oxide;0.0013452914798206277
60;54 Cyanic acid;0.0013452914798206277
61;55 Formaldehyde;0.0013452914798206277
62;56 Sulfur Monoxide;0.0013452914798206277
63;59 Ethylene Glycol;0.0013452914798206277
64;62 Methylidyne;0.0013452914798206277
65;63 Thioxoethenylidene;0.0013452914798206277
66;64 Cyanomethanimine;0.0013452914798206277
67;65 Silicon Monoxide;0.0013452914798206277
68;67 Acetone;0.0013452914798206277
69;68 Carbon Monoxide;0.0013452914798206277
70;69 Phosphorous nitride;0.0013452914798206277
71;70 Thioformaldehyde;0.0013452914798206277
72;71 Diazenylium;0.0013452914798206277
73;72 Cyanoformaldehyde;0.0013452914798206277
74;73 Isothiocyanic acid;0.0013452914798206277
75;74 Vinyl Alcohol;0.0013452914798206277
76;75 Hydrogen Isocyanide;0.0013452914798206277
77;76 Carbon Monosulfide;0.0013452914798206277
78;77 Methylamine;0.0013452914798206277
79;78 Protonated Carbon Dioxide;0.0013452914798206277
80;79 Formic Acid;0.0013452914798206277
81;80 Cyclopropenylidene;0.0013452914798206277
82;81 Cyanoacetylene;0.0013452914798206277
83;82 para-Oxidaniumyl;0.0013452914798206277
84;83 ortho-Oxidaniumyl;0.0013452914798206277
85;84 Nitrosyl hydride;0.0013452914798206277
