1;8 Methyliumylidene;0.42286995515695064
2;61 Fluoromethyliumylidene;0.3130044843049327
3;4 Thioformylium;0.041704035874439466
4;34 Methanol;0.021524663677130042
5;26 Trihydrogen ion;0.017040358744394617
6;58 Ethynyl;0.014798206278026905
7;60 Hydrogen Cyanide;0.012556053811659192
8;66 Dimethyl ether;0.012556053811659192
9;6 Methyl Formate;0.01031390134529148
10;28 Nitrous Oxide;0.01031390134529148
11;37 Methyl Cyanide;0.01031390134529148
12;23 1,3-Butadiynyl radical;0.005829596412556054
13;14 Methyl Acetylene;0.003587443946188341
14;35 Ammonia;0.003587443946188341
15;71 Diazenylium;0.003587443946188341
16;83 ortho-Oxidaniumyl;0.003587443946188341
17;0 Isocyanic Acid;0.0013452914798206277
18;1 Propenal;0.0013452914798206277
19;2 Ketene;0.0013452914798206277
20;3 Oxonium hydride;0.0013452914798206277
21;5 Vinyl Cyanide;0.0013452914798206277
22;7 Hydroxyl;0.0013452914798206277
23;9 Iminomethylium;0.0013452914798206277
24;10 Hydroxymethylium ion;0.0013452914798206277
25;11 2-Propynal;0.0013452914798206277
26;12 Carbon Monosulfide;0.0013452914798206277
27;13 Cyanomethyl;0.0013452914798206277
28;15 2-Butynenitrile;0.0013452914798206277
29;16 Methyl formate vt01;0.0013452914798206277
30;17 Ethyl Cyanide;0.0013452914798206277
31;18 gauche-Ethanol;0.0013452914798206277
32;19 Glycolaldehyde;0.0013452914798206277
33;20 Water;0.0013452914798206277
34;21 Hydrogen sulfide;0.0013452914798206277
35;22 Sulfur Monoxide ion;0.0013452914798206277
36;24 Formylium;0.0013452914798206277
37;25 Fulminic acid;0.0013452914798206277
38;27 Methanimine;0.0013452914798206277
39;29 Propadienylidene;0.0013452914798206277
40;30 Ethylene Oxide;0.0013452914798206277
41;31 Ketenimine;0.0013452914798206277
42;32 2,4,6-Heptatriynenitrile;0.0013452914798206277
43;33 Aminoacetonitrile;0.0013452914798206277
44;36 Formyl Radical;0.0013452914798206277
45;38 Molecular oxygen;0.0013452914798206277
46;39 Cyclopropenone;0.0013452914798206277
47;40 Carbonyl Sulfide;0.0013452914798206277
48;41 Acetaldehyde;0.0013452914798206277
49;42 Cyanomethylene;0.0013452914798206277
50;43 3-Thioxo-1,2-Propadieylidene;0.0013452914798206277
51;44 Formamide;0.0013452914798206277
52;45 Cyanobutadiyne;0.0013452914798206277
53;46 Sulfur Dioxide;0.0013452914798206277
54;47 Methyl isocyanide;0.0013452914798206277
55;48 Nitric sulfide;0.0013452914798206277
56;49 Methylene;0.0013452914798206277
57;50 Hydrochloric acid;0.0013452914798206277
58;51 Ethyne Isocyanide;0.0013452914798206277
59;52 Cyanide Radical;0.0013452914798206277
60;53 Nitric oxide;0.0013452914798206277
61;54 Cyanic acid;0.0013452914798206277
62;55 Formaldehyde;0.0013452914798206277
63;56 Sulfur Monoxide;0.0013452914798206277
64;57 Protonate 2-proynenitrile;0.0013452914798206277
65;59 Ethylene Glycol;0.0013452914798206277
66;62 Methylidyne;0.0013452914798206277
67;63 Thioxoethenylidene;0.0013452914798206277
68;64 Cyanomethanimine;0.0013452914798206277
69;65 Silicon Monoxide;0.0013452914798206277
70;67 Acetone;0.0013452914798206277
71;68 Carbon Monoxide;0.0013452914798206277
72;69 Phosphorous nitride;0.0013452914798206277
73;70 Thioformaldehyde;0.0013452914798206277
74;72 Cyanoformaldehyde;0.0013452914798206277
75;73 Isothiocyanic acid;0.0013452914798206277
76;74 Vinyl Alcohol;0.0013452914798206277
77;75 Hydrogen Isocyanide;0.0013452914798206277
78;76 Carbon Monosulfide;0.0013452914798206277
79;77 Methylamine;0.0013452914798206277
80;78 Protonated Carbon Dioxide;0.0013452914798206277
81;79 Formic Acid;0.0013452914798206277
82;80 Cyclopropenylidene;0.0013452914798206277
83;81 Cyanoacetylene;0.0013452914798206277
84;82 para-Oxidaniumyl;0.0013452914798206277
85;84 Nitrosyl hydride;0.0013452914798206277
