1;8 Methyliumylidene;0.47228070175438597
2;34 Methanol;0.19157894736842107
3;76 Carbon Monosulfide;0.09333333333333334
4;61 Fluoromethyliumylidene;0.061754385964912284
5;66 Dimethyl ether;0.00912280701754386
6;33 Aminoacetonitrile;0.005614035087719299
7;0 Isocyanic Acid;0.002105263157894737
8;1 Propenal;0.002105263157894737
9;2 Ketene;0.002105263157894737
10;3 Oxonium hydride;0.002105263157894737
11;4 Thioformylium;0.002105263157894737
12;5 Vinyl Cyanide;0.002105263157894737
13;6 Methyl Formate;0.002105263157894737
14;7 Hydroxyl;0.002105263157894737
15;9 Iminomethylium;0.002105263157894737
16;10 Hydroxymethylium ion;0.002105263157894737
17;11 2-Propynal;0.002105263157894737
18;12 Carbon Monosulfide;0.002105263157894737
19;13 Cyanomethyl;0.002105263157894737
20;14 Methyl Acetylene;0.002105263157894737
21;15 2-Butynenitrile;0.002105263157894737
22;16 Methyl formate vt01;0.002105263157894737
23;17 Ethyl Cyanide;0.002105263157894737
24;18 gauche-Ethanol;0.002105263157894737
25;19 Glycolaldehyde;0.002105263157894737
26;20 Water;0.002105263157894737
27;21 Hydrogen sulfide;0.002105263157894737
28;22 Sulfur Monoxide ion;0.002105263157894737
29;23 1,3-Butadiynyl radical;0.002105263157894737
30;24 Formylium;0.002105263157894737
31;25 Fulminic acid;0.002105263157894737
32;26 Trihydrogen ion;0.002105263157894737
33;27 Methanimine;0.002105263157894737
34;28 Nitrous Oxide;0.002105263157894737
35;29 Propadienylidene;0.002105263157894737
36;30 Ethylene Oxide;0.002105263157894737
37;31 Ketenimine;0.002105263157894737
38;32 2,4,6-Heptatriynenitrile;0.002105263157894737
39;35 Ammonia;0.002105263157894737
40;36 Formyl Radical;0.002105263157894737
41;37 Methyl Cyanide;0.002105263157894737
42;38 Molecular oxygen;0.002105263157894737
43;39 Cyclopropenone;0.002105263157894737
44;40 Carbonyl Sulfide;0.002105263157894737
45;41 Acetaldehyde;0.002105263157894737
46;42 Cyanomethylene;0.002105263157894737
47;43 3-Thioxo-1,2-Propadieylidene;0.002105263157894737
48;44 Formamide;0.002105263157894737
49;45 Cyanobutadiyne;0.002105263157894737
50;46 Sulfur Dioxide;0.002105263157894737
51;47 Methyl isocyanide;0.002105263157894737
52;48 Nitric sulfide;0.002105263157894737
53;49 Methylene;0.002105263157894737
54;50 Hydrochloric acid;0.002105263157894737
55;51 Ethyne Isocyanide;0.002105263157894737
56;52 Cyanide Radical;0.002105263157894737
57;53 Nitric oxide;0.002105263157894737
58;54 Cyanic acid;0.002105263157894737
59;55 Formaldehyde;0.002105263157894737
60;56 Sulfur Monoxide;0.002105263157894737
61;57 Protonate 2-proynenitrile;0.002105263157894737
62;58 Ethynyl;0.002105263157894737
63;59 Ethylene Glycol;0.002105263157894737
64;60 Hydrogen Cyanide;0.002105263157894737
65;62 Methylidyne;0.002105263157894737
66;63 Thioxoethenylidene;0.002105263157894737
67;64 Cyanomethanimine;0.002105263157894737
68;65 Silicon Monoxide;0.002105263157894737
69;67 Acetone;0.002105263157894737
70;68 Carbon Monoxide;0.002105263157894737
71;69 Phosphorous nitride;0.002105263157894737
72;70 Thioformaldehyde;0.002105263157894737
73;71 Diazenylium;0.002105263157894737
74;72 Cyanoformaldehyde;0.002105263157894737
75;73 Isothiocyanic acid;0.002105263157894737
76;74 Vinyl Alcohol;0.002105263157894737
77;75 Hydrogen Isocyanide;0.002105263157894737
78;77 Methylamine;0.002105263157894737
79;78 Protonated Carbon Dioxide;0.002105263157894737
80;79 Formic Acid;0.002105263157894737
81;80 Cyclopropenylidene;0.002105263157894737
82;81 Cyanoacetylene;0.002105263157894737
83;82 para-Oxidaniumyl;0.002105263157894737
84;83 ortho-Oxidaniumyl;0.002105263157894737
85;84 Nitrosyl hydride;0.002105263157894737
