1;4 Carbon Monoxide;0.22239747634069398
2;22 Formylium;0.048895899053627755
3;0 Methylidyne;0.03312302839116719
4;1 Butyronitrile;0.03312302839116719
5;2 Formaldehyde;0.03312302839116719
6;3 Sulfur dioxide;0.03312302839116719
7;5 Water;0.03312302839116719
8;6 Chloronium;0.03312302839116719
9;7 Imidogen;0.03312302839116719
10;8 Thioformylium;0.03312302839116719
11;9 Mercapto radical;0.03312302839116719
12;10 Methyl formate vt01;0.03312302839116719
13;11 Methyliumylidene;0.03312302839116719
14;12 Cyanide Radical;0.03312302839116719
15;13 Hydroxyl;0.03312302839116719
16;14 Nitric oxide;0.03312302839116719
17;15 Cyclopropenylidene;0.03312302839116719
18;16 Silicon Monoxide;0.03312302839116719
19;17 Hydrogen Cyanide;0.03312302839116719
20;18 Carbon Monosulfide;0.03312302839116719
21;19 Hydrogen sulfide;0.03312302839116719
22;20 Molecular oxygen;0.03312302839116719
23;21 Hydrogen Isocyanide;0.03312302839116719
24;23 Sulfoniumylidene;0.03312302839116719
