1;26 Silicon Monoxide;0.7965998785670917
2;25 Sodium Chloride;0.0588949605343048
3;0 Methylidyne;0.004250151791135397
4;1 1,3-Butadiynyl radical;0.004250151791135397
5;2 Formaldehyde;0.004250151791135397
6;3 Sulfur dioxide;0.004250151791135397
7;4 Carbon Monoxide;0.004250151791135397
8;5 Water;0.004250151791135397
9;6 Carbon Monoxide Ion;0.004250151791135397
10;7 Nitric sulfide;0.004250151791135397
11;8 Isocyanic Acid;0.004250151791135397
12;9 Methyliumylidene;0.004250151791135397
13;10 Cyanide Radical;0.004250151791135397
14;11 Ethynyl;0.004250151791135397
15;12 Carbonyl Sulfide;0.004250151791135397
16;13 Hydroxyl;0.004250151791135397
17;14 Diazenylium;0.004250151791135397
18;15 Thioxoethenylidene;0.004250151791135397
19;16 Nitric oxide;0.004250151791135397
20;17 Methyl Cyanide;0.004250151791135397
21;18 Cyclopropenylidene;0.004250151791135397
22;19 Methanimine;0.004250151791135397
23;20 Methanol;0.004250151791135397
24;21 Thioformaldehyde;0.004250151791135397
25;22 Ammonia;0.004250151791135397
26;23 Cyanamide;0.004250151791135397
27;24 Cyanoacetylene;0.004250151791135397
28;27 Sulfur Monoxide;0.004250151791135397
29;28 Protonated Carbon Dioxide;0.004250151791135397
30;29 Hydrogen Cyanide;0.004250151791135397
31;30 Carbon Monosulfide;0.004250151791135397
32;31 Hydrogen sulfide;0.004250151791135397
33;32 Molecular oxygen;0.004250151791135397
34;33 Hydrogen Isocyanide;0.004250151791135397
35;34 Formylium;0.004250151791135397
36;35 Methyl Acetylene;0.004250151791135397
