1;9 Methyliumylidene;0.7090261282660333
2;0 Methylidyne;0.00831353919239905
3;1 1,3-Butadiynyl radical;0.00831353919239905
4;2 Formaldehyde;0.00831353919239905
5;3 Sulfur dioxide;0.00831353919239905
6;4 Carbon Monoxide;0.00831353919239905
7;5 Water;0.00831353919239905
8;6 Carbon Monoxide Ion;0.00831353919239905
9;7 Nitric sulfide;0.00831353919239905
10;8 Isocyanic Acid;0.00831353919239905
11;10 Cyanide Radical;0.00831353919239905
12;11 Ethynyl;0.00831353919239905
13;12 Carbonyl Sulfide;0.00831353919239905
14;13 Hydroxyl;0.00831353919239905
15;14 Diazenylium;0.00831353919239905
16;15 Thioxoethenylidene;0.00831353919239905
17;16 Nitric oxide;0.00831353919239905
18;17 Methyl Cyanide;0.00831353919239905
19;18 Cyclopropenylidene;0.00831353919239905
20;19 Methanimine;0.00831353919239905
21;20 Methanol;0.00831353919239905
22;21 Thioformaldehyde;0.00831353919239905
23;22 Ammonia;0.00831353919239905
24;23 Cyanamide;0.00831353919239905
25;24 Cyanoacetylene;0.00831353919239905
26;25 Sodium Chloride;0.00831353919239905
27;26 Silicon Monoxide;0.00831353919239905
28;27 Sulfur Monoxide;0.00831353919239905
29;28 Protonated Carbon Dioxide;0.00831353919239905
30;29 Hydrogen Cyanide;0.00831353919239905
31;30 Carbon Monosulfide;0.00831353919239905
32;31 Hydrogen sulfide;0.00831353919239905
33;32 Molecular oxygen;0.00831353919239905
34;33 Hydrogen Isocyanide;0.00831353919239905
35;34 Formylium;0.00831353919239905
36;35 Methyl Acetylene;0.00831353919239905
