1;25 Hydrogen Cyanide;0.8879912663755458
2;7 Carbon Monoxide Ion;0.0058951965065502186
3;17 Nitric oxide;0.0058951965065502186
4;0 Methylidyne;0.0037117903930131003
5;1 Formaldehyde;0.0037117903930131003
6;2 Sulfur dioxide;0.0037117903930131003
7;3 Carbon Monoxide;0.0037117903930131003
8;4 Acetaldehyde;0.0037117903930131003
9;5 Water;0.0037117903930131003
10;6 Imidogen;0.0037117903930131003
11;8 Nitric sulfide;0.0037117903930131003
12;9 Isocyanic Acid;0.0037117903930131003
13;10 Formic Acid;0.0037117903930131003
14;11 Amidogen;0.0037117903930131003
15;12 Ethylene Glycol;0.0037117903930131003
16;13 Methyliumylidene;0.0037117903930131003
17;14 Cyanide Radical;0.0037117903930131003
18;15 Carbonyl Sulfide;0.0037117903930131003
19;16 Hydroxyl;0.0037117903930131003
20;18 Methyl Cyanide;0.0037117903930131003
21;19 Cyclopropenylidene;0.0037117903930131003
22;20 Sulfur Monoxide ion;0.0037117903930131003
23;21 Methanol;0.0037117903930131003
24;22 Thioformaldehyde;0.0037117903930131003
25;23 Ammonia;0.0037117903930131003
26;24 Cyanoacetylene;0.0037117903930131003
27;26 Hydrogen sulfide;0.0037117903930131003
28;27 Molecular oxygen;0.0037117903930131003
29;28 Hydrogen Isocyanide;0.0037117903930131003
30;29 Formylium;0.0037117903930131003
