1;48 Hexatrienyl;0.8752385496183206
2;39 Methyl diacetylene;0.004532442748091603
3;0 Ketene;0.0021469465648854963
4;1 1,3,5-Hexatriynyl;0.0021469465648854963
5;2 Oxonium hydride;0.0021469465648854963
6;3 Vinyl Cyanide;0.0021469465648854963
7;4 Hydroxyl;0.0021469465648854963
8;5 Methyliumylidene;0.0021469465648854963
9;6 Carbon Monosulfide;0.0021469465648854963
10;7 Cyanomethyl;0.0021469465648854963
11;8 Methyl Acetylene;0.0021469465648854963
12;9 Ethyl Cyanide;0.0021469465648854963
13;10 2,4-Pentadiynylidyne;0.0021469465648854963
14;11 4-Cyano-1,3-Butadiynyl;0.0021469465648854963
15;12 Water;0.0021469465648854963
16;13 Hydrogen sulfide;0.0021469465648854963
17;14 Methylene amidogen;0.0021469465648854963
18;15 1,3-Butadiynyl radical;0.0021469465648854963
19;16 2,4,6,8-Nonatetraynenitrile;0.0021469465648854963
20;17 Formylium;0.0021469465648854963
21;18 Cyanoallene;0.0021469465648854963
22;19 Trihydrogen ion;0.0021469465648854963
23;20 Methylcyanodiacetylene;0.0021469465648854963
24;21 2,4,6-Heptatriynenitrile;0.0021469465648854963
25;22 Methanol;0.0021469465648854963
26;23 Ammonia;0.0021469465648854963
27;24 Methyl Cyanide;0.0021469465648854963
28;25 1,3,5-Hexatriynyl anion;0.0021469465648854963
29;26 1,3,5,7-Octatetraynyl anion;0.0021469465648854963
30;27 3-Thioxo-1,2-Propadieylidene;0.0021469465648854963
31;28 Cyanobutadiyne;0.0021469465648854963
32;29 Nitric sulfide;0.0021469465648854963
33;30 Sulfur dioxide;0.0021469465648854963
34;31 Hydrochloric acid;0.0021469465648854963
35;32 2,4,6,8,10-Undecapentaynenitrile;0.0021469465648854963
36;33 Cyanide Radical;0.0021469465648854963
37;34 Nitric oxide;0.0021469465648854963
38;35 Formaldehyde;0.0021469465648854963
39;36 Sulfur Monoxide;0.0021469465648854963
40;37 Methyltriacetylene;0.0021469465648854963
41;38 Hydrogen Cyanide;0.0021469465648854963
42;40 Methylidyne;0.0021469465648854963
43;41 Thioxoethenylidene;0.0021469465648854963
44;42 Silicon Monoxide;0.0021469465648854963
45;43 1,3,5,7-Octatetraynyl;0.0021469465648854963
46;44 Oxoethenylidene;0.0021469465648854963
47;45 Propynylidynium;0.0021469465648854963
48;46 Carbon Monoxide;0.0021469465648854963
49;47 Thioformaldehyde;0.0021469465648854963
50;49 Diazenylium;0.0021469465648854963
51;50 Hydrogen Isocyanide;0.0021469465648854963
52;51 Carbon Monosulfide;0.0021469465648854963
53;52 Methylamine;0.0021469465648854963
54;53 Formic Acid;0.0021469465648854963
55;54 Cyclopropenylidene;0.0021469465648854963
56;55 Cyanoacetylene;0.0021469465648854963
57;56 para-Oxidaniumyl;0.0021469465648854963
58;57 ortho-Oxidaniumyl;0.0021469465648854963
