1;5 Methyliumylidene;0.588911088911089
2;28 Cyanobutadiyne;0.15934065934065933
3;0 Ketene;0.004495504495504496
4;1 1,3,5-Hexatriynyl;0.004495504495504496
5;2 Oxonium hydride;0.004495504495504496
6;3 Vinyl Cyanide;0.004495504495504496
7;4 Hydroxyl;0.004495504495504496
8;6 Carbon Monosulfide;0.004495504495504496
9;7 Cyanomethyl;0.004495504495504496
10;8 Methyl Acetylene;0.004495504495504496
11;9 Ethyl Cyanide;0.004495504495504496
12;10 2,4-Pentadiynylidyne;0.004495504495504496
13;11 4-Cyano-1,3-Butadiynyl;0.004495504495504496
14;12 Water;0.004495504495504496
15;13 Hydrogen sulfide;0.004495504495504496
16;14 Methylene amidogen;0.004495504495504496
17;15 1,3-Butadiynyl radical;0.004495504495504496
18;16 2,4,6,8-Nonatetraynenitrile;0.004495504495504496
19;17 Formylium;0.004495504495504496
20;18 Cyanoallene;0.004495504495504496
21;19 Trihydrogen ion;0.004495504495504496
22;20 Methylcyanodiacetylene;0.004495504495504496
23;21 2,4,6-Heptatriynenitrile;0.004495504495504496
24;22 Methanol;0.004495504495504496
25;23 Ammonia;0.004495504495504496
26;24 Methyl Cyanide;0.004495504495504496
27;25 1,3,5-Hexatriynyl anion;0.004495504495504496
28;26 1,3,5,7-Octatetraynyl anion;0.004495504495504496
29;27 3-Thioxo-1,2-Propadieylidene;0.004495504495504496
30;29 Nitric sulfide;0.004495504495504496
31;30 Sulfur dioxide;0.004495504495504496
32;31 Hydrochloric acid;0.004495504495504496
33;32 2,4,6,8,10-Undecapentaynenitrile;0.004495504495504496
34;33 Cyanide Radical;0.004495504495504496
35;34 Nitric oxide;0.004495504495504496
36;35 Formaldehyde;0.004495504495504496
37;36 Sulfur Monoxide;0.004495504495504496
38;37 Methyltriacetylene;0.004495504495504496
39;38 Hydrogen Cyanide;0.004495504495504496
40;39 Methyl diacetylene;0.004495504495504496
41;40 Methylidyne;0.004495504495504496
42;41 Thioxoethenylidene;0.004495504495504496
43;42 Silicon Monoxide;0.004495504495504496
44;43 1,3,5,7-Octatetraynyl;0.004495504495504496
45;44 Oxoethenylidene;0.004495504495504496
46;45 Propynylidynium;0.004495504495504496
47;46 Carbon Monoxide;0.004495504495504496
48;47 Thioformaldehyde;0.004495504495504496
49;48 Hexatrienyl;0.004495504495504496
50;49 Diazenylium;0.004495504495504496
51;50 Hydrogen Isocyanide;0.004495504495504496
52;51 Carbon Monosulfide;0.004495504495504496
53;52 Methylamine;0.004495504495504496
54;53 Formic Acid;0.004495504495504496
55;54 Cyclopropenylidene;0.004495504495504496
56;55 Cyanoacetylene;0.004495504495504496
57;56 para-Oxidaniumyl;0.004495504495504496
58;57 ortho-Oxidaniumyl;0.004495504495504496
