1;17 Formylium;0.7358393408856849
2;0 Ketene;0.004634397528321318
3;1 1,3,5-Hexatriynyl;0.004634397528321318
4;2 Oxonium hydride;0.004634397528321318
5;3 Vinyl Cyanide;0.004634397528321318
6;4 Hydroxyl;0.004634397528321318
7;5 Methyliumylidene;0.004634397528321318
8;6 Carbon Monosulfide;0.004634397528321318
9;7 Cyanomethyl;0.004634397528321318
10;8 Methyl Acetylene;0.004634397528321318
11;9 Ethyl Cyanide;0.004634397528321318
12;10 2,4-Pentadiynylidyne;0.004634397528321318
13;11 4-Cyano-1,3-Butadiynyl;0.004634397528321318
14;12 Water;0.004634397528321318
15;13 Hydrogen sulfide;0.004634397528321318
16;14 Methylene amidogen;0.004634397528321318
17;15 1,3-Butadiynyl radical;0.004634397528321318
18;16 2,4,6,8-Nonatetraynenitrile;0.004634397528321318
19;18 Cyanoallene;0.004634397528321318
20;19 Trihydrogen ion;0.004634397528321318
21;20 Methylcyanodiacetylene;0.004634397528321318
22;21 2,4,6-Heptatriynenitrile;0.004634397528321318
23;22 Methanol;0.004634397528321318
24;23 Ammonia;0.004634397528321318
25;24 Methyl Cyanide;0.004634397528321318
26;25 1,3,5-Hexatriynyl anion;0.004634397528321318
27;26 1,3,5,7-Octatetraynyl anion;0.004634397528321318
28;27 3-Thioxo-1,2-Propadieylidene;0.004634397528321318
29;28 Cyanobutadiyne;0.004634397528321318
30;29 Nitric sulfide;0.004634397528321318
31;30 Sulfur dioxide;0.004634397528321318
32;31 Hydrochloric acid;0.004634397528321318
33;32 2,4,6,8,10-Undecapentaynenitrile;0.004634397528321318
34;33 Cyanide Radical;0.004634397528321318
35;34 Nitric oxide;0.004634397528321318
36;35 Formaldehyde;0.004634397528321318
37;36 Sulfur Monoxide;0.004634397528321318
38;37 Methyltriacetylene;0.004634397528321318
39;38 Hydrogen Cyanide;0.004634397528321318
40;39 Methyl diacetylene;0.004634397528321318
41;40 Methylidyne;0.004634397528321318
42;41 Thioxoethenylidene;0.004634397528321318
43;42 Silicon Monoxide;0.004634397528321318
44;43 1,3,5,7-Octatetraynyl;0.004634397528321318
45;44 Oxoethenylidene;0.004634397528321318
46;45 Propynylidynium;0.004634397528321318
47;46 Carbon Monoxide;0.004634397528321318
48;47 Thioformaldehyde;0.004634397528321318
49;48 Hexatrienyl;0.004634397528321318
50;49 Diazenylium;0.004634397528321318
51;50 Hydrogen Isocyanide;0.004634397528321318
52;51 Carbon Monosulfide;0.004634397528321318
53;52 Methylamine;0.004634397528321318
54;53 Formic Acid;0.004634397528321318
55;54 Cyclopropenylidene;0.004634397528321318
56;55 Cyanoacetylene;0.004634397528321318
57;56 para-Oxidaniumyl;0.004634397528321318
58;57 ortho-Oxidaniumyl;0.004634397528321318
