1;3 Carbon Monoxide;0.4591397849462366
2;27 Molecular oxygen;0.02903225806451613
3;0 Methylidyne;0.01827956989247312
4;1 Formaldehyde;0.01827956989247312
5;2 Sulfur dioxide;0.01827956989247312
6;4 Acetaldehyde;0.01827956989247312
7;5 Water;0.01827956989247312
8;6 Imidogen;0.01827956989247312
9;7 Carbon Monoxide Ion;0.01827956989247312
10;8 Nitric sulfide;0.01827956989247312
11;9 Isocyanic Acid;0.01827956989247312
12;10 Formic Acid;0.01827956989247312
13;11 Amidogen;0.01827956989247312
14;12 Ethylene Glycol;0.01827956989247312
15;13 Methyliumylidene;0.01827956989247312
16;14 Cyanide Radical;0.01827956989247312
17;15 Carbonyl Sulfide;0.01827956989247312
18;16 Hydroxyl;0.01827956989247312
19;17 Nitric oxide;0.01827956989247312
20;18 Methyl Cyanide;0.01827956989247312
21;19 Cyclopropenylidene;0.01827956989247312
22;20 Sulfur Monoxide ion;0.01827956989247312
23;21 Methanol;0.01827956989247312
24;22 Thioformaldehyde;0.01827956989247312
25;23 Ammonia;0.01827956989247312
26;24 Cyanoacetylene;0.01827956989247312
27;25 Hydrogen Cyanide;0.01827956989247312
28;26 Hydrogen sulfide;0.01827956989247312
29;28 Hydrogen Isocyanide;0.01827956989247312
30;29 Formylium;0.01827956989247312
