1;13 Methyliumylidene;0.5055299539170507
2;29 Formylium;0.17373271889400924
3;28 Hydrogen Isocyanide;0.10921658986175115
4;0 Methylidyne;0.00783410138248848
5;1 Formaldehyde;0.00783410138248848
6;2 Sulfur dioxide;0.00783410138248848
7;3 Carbon Monoxide;0.00783410138248848
8;4 Acetaldehyde;0.00783410138248848
9;5 Water;0.00783410138248848
10;6 Imidogen;0.00783410138248848
11;7 Carbon Monoxide Ion;0.00783410138248848
12;8 Nitric sulfide;0.00783410138248848
13;9 Isocyanic Acid;0.00783410138248848
14;10 Formic Acid;0.00783410138248848
15;11 Amidogen;0.00783410138248848
16;12 Ethylene Glycol;0.00783410138248848
17;14 Cyanide Radical;0.00783410138248848
18;15 Carbonyl Sulfide;0.00783410138248848
19;16 Hydroxyl;0.00783410138248848
20;17 Nitric oxide;0.00783410138248848
21;18 Methyl Cyanide;0.00783410138248848
22;19 Cyclopropenylidene;0.00783410138248848
23;20 Sulfur Monoxide ion;0.00783410138248848
24;21 Methanol;0.00783410138248848
25;22 Thioformaldehyde;0.00783410138248848
26;23 Ammonia;0.00783410138248848
27;24 Cyanoacetylene;0.00783410138248848
28;25 Hydrogen Cyanide;0.00783410138248848
29;26 Hydrogen sulfide;0.00783410138248848
30;27 Molecular oxygen;0.00783410138248848
