1;13 Methyliumylidene;0.33378378378378376
2;0 Methylidyne;0.02297297297297297
3;1 Formaldehyde;0.02297297297297297
4;2 Sulfur dioxide;0.02297297297297297
5;3 Carbon Monoxide;0.02297297297297297
6;4 Acetaldehyde;0.02297297297297297
7;5 Water;0.02297297297297297
8;6 Imidogen;0.02297297297297297
9;7 Carbon Monoxide Ion;0.02297297297297297
10;8 Nitric sulfide;0.02297297297297297
11;9 Isocyanic Acid;0.02297297297297297
12;10 Formic Acid;0.02297297297297297
13;11 Amidogen;0.02297297297297297
14;12 Ethylene Glycol;0.02297297297297297
15;14 Cyanide Radical;0.02297297297297297
16;15 Carbonyl Sulfide;0.02297297297297297
17;16 Hydroxyl;0.02297297297297297
18;17 Nitric oxide;0.02297297297297297
19;18 Methyl Cyanide;0.02297297297297297
20;19 Cyclopropenylidene;0.02297297297297297
21;20 Sulfur Monoxide ion;0.02297297297297297
22;21 Methanol;0.02297297297297297
23;22 Thioformaldehyde;0.02297297297297297
24;23 Ammonia;0.02297297297297297
25;24 Cyanoacetylene;0.02297297297297297
26;25 Hydrogen Cyanide;0.02297297297297297
27;26 Hydrogen sulfide;0.02297297297297297
28;27 Molecular oxygen;0.02297297297297297
29;28 Hydrogen Isocyanide;0.02297297297297297
30;29 Formylium;0.02297297297297297
