1;15 Carbonyl Sulfide;0.8048507462686567
2;29 Formylium;0.013805970149253732
3;18 Methyl Cyanide;0.010074626865671642
4;0 Methylidyne;0.006343283582089552
5;1 Formaldehyde;0.006343283582089552
6;2 Sulfur dioxide;0.006343283582089552
7;3 Carbon Monoxide;0.006343283582089552
8;4 Acetaldehyde;0.006343283582089552
9;5 Water;0.006343283582089552
10;6 Imidogen;0.006343283582089552
11;7 Carbon Monoxide Ion;0.006343283582089552
12;8 Nitric sulfide;0.006343283582089552
13;9 Isocyanic Acid;0.006343283582089552
14;10 Formic Acid;0.006343283582089552
15;11 Amidogen;0.006343283582089552
16;12 Ethylene Glycol;0.006343283582089552
17;13 Methyliumylidene;0.006343283582089552
18;14 Cyanide Radical;0.006343283582089552
19;16 Hydroxyl;0.006343283582089552
20;17 Nitric oxide;0.006343283582089552
21;19 Cyclopropenylidene;0.006343283582089552
22;20 Sulfur Monoxide ion;0.006343283582089552
23;21 Methanol;0.006343283582089552
24;22 Thioformaldehyde;0.006343283582089552
25;23 Ammonia;0.006343283582089552
26;24 Cyanoacetylene;0.006343283582089552
27;25 Hydrogen Cyanide;0.006343283582089552
28;26 Hydrogen sulfide;0.006343283582089552
29;27 Molecular oxygen;0.006343283582089552
30;28 Hydrogen Isocyanide;0.006343283582089552
