1;5 Methyliumylidene;0.8308047493403694
2;0 Ketene;0.0029683377308707126
3;1 1,3,5-Hexatriynyl;0.0029683377308707126
4;2 Oxonium hydride;0.0029683377308707126
5;3 Vinyl Cyanide;0.0029683377308707126
6;4 Hydroxyl;0.0029683377308707126
7;6 Carbon Monosulfide;0.0029683377308707126
8;7 Cyanomethyl;0.0029683377308707126
9;8 Methyl Acetylene;0.0029683377308707126
10;9 Ethyl Cyanide;0.0029683377308707126
11;10 2,4-Pentadiynylidyne;0.0029683377308707126
12;11 4-Cyano-1,3-Butadiynyl;0.0029683377308707126
13;12 Water;0.0029683377308707126
14;13 Hydrogen sulfide;0.0029683377308707126
15;14 Methylene amidogen;0.0029683377308707126
16;15 1,3-Butadiynyl radical;0.0029683377308707126
17;16 2,4,6,8-Nonatetraynenitrile;0.0029683377308707126
18;17 Formylium;0.0029683377308707126
19;18 Cyanoallene;0.0029683377308707126
20;19 Trihydrogen ion;0.0029683377308707126
21;20 Methylcyanodiacetylene;0.0029683377308707126
22;21 2,4,6-Heptatriynenitrile;0.0029683377308707126
23;22 Methanol;0.0029683377308707126
24;23 Ammonia;0.0029683377308707126
25;24 Methyl Cyanide;0.0029683377308707126
26;25 1,3,5-Hexatriynyl anion;0.0029683377308707126
27;26 1,3,5,7-Octatetraynyl anion;0.0029683377308707126
28;27 3-Thioxo-1,2-Propadieylidene;0.0029683377308707126
29;28 Cyanobutadiyne;0.0029683377308707126
30;29 Nitric sulfide;0.0029683377308707126
31;30 Sulfur dioxide;0.0029683377308707126
32;31 Hydrochloric acid;0.0029683377308707126
33;32 2,4,6,8,10-Undecapentaynenitrile;0.0029683377308707126
34;33 Cyanide Radical;0.0029683377308707126
35;34 Nitric oxide;0.0029683377308707126
36;35 Formaldehyde;0.0029683377308707126
37;36 Sulfur Monoxide;0.0029683377308707126
38;37 Methyltriacetylene;0.0029683377308707126
39;38 Hydrogen Cyanide;0.0029683377308707126
40;39 Methyl diacetylene;0.0029683377308707126
41;40 Methylidyne;0.0029683377308707126
42;41 Thioxoethenylidene;0.0029683377308707126
43;42 Silicon Monoxide;0.0029683377308707126
44;43 1,3,5,7-Octatetraynyl;0.0029683377308707126
45;44 Oxoethenylidene;0.0029683377308707126
46;45 Propynylidynium;0.0029683377308707126
47;46 Carbon Monoxide;0.0029683377308707126
48;47 Thioformaldehyde;0.0029683377308707126
49;48 Hexatrienyl;0.0029683377308707126
50;49 Diazenylium;0.0029683377308707126
51;50 Hydrogen Isocyanide;0.0029683377308707126
52;51 Carbon Monosulfide;0.0029683377308707126
53;52 Methylamine;0.0029683377308707126
54;53 Formic Acid;0.0029683377308707126
55;54 Cyclopropenylidene;0.0029683377308707126
56;55 Cyanoacetylene;0.0029683377308707126
57;56 para-Oxidaniumyl;0.0029683377308707126
58;57 ortho-Oxidaniumyl;0.0029683377308707126
