TWHydra_HCOplusline.image;model_dark_clouds_tr_500it;1;42 Silicon Monoxide;0.5076775431861804
TWHydra_HCOplusline.image;model_dark_clouds_tr_500it;2;0 Ketene;0.008637236084452975
TWHydra_HCOplusline.image;model_dark_clouds_tr_500it;3;1 1,3,5-Hexatriynyl;0.008637236084452975
TWHydra_HCOplusline.image;model_dark_clouds_tr_500it;4;2 Oxonium hydride;0.008637236084452975
TWHydra_HCOplusline.image;model_dark_clouds_tr_500it;5;3 Vinyl Cyanide;0.008637236084452975
TWHydra_HCOplusline.image;model_dark_clouds_2_500it;1;5 Methyliumylidene;0.4404990403071017
TWHydra_HCOplusline.image;model_dark_clouds_2_500it;2;38 Hydrogen Cyanide;0.07581573896353166
TWHydra_HCOplusline.image;model_dark_clouds_2_500it;3;0 Ketene;0.008637236084452975
TWHydra_HCOplusline.image;model_dark_clouds_2_500it;4;1 1,3,5-Hexatriynyl;0.008637236084452975
TWHydra_HCOplusline.image;model_dark_clouds_2_500it;5;2 Oxonium hydride;0.008637236084452975
TWHydra_HCOplusline.image;model_dark_clouds_full_500it;1;5 Methyliumylidene;0.49808061420345484
TWHydra_HCOplusline.image;model_dark_clouds_full_500it;2;54 Cyclopropenylidene;0.018234165067178502
TWHydra_HCOplusline.image;model_dark_clouds_full_500it;3;0 Ketene;0.008637236084452975
TWHydra_HCOplusline.image;model_dark_clouds_full_500it;4;1 1,3,5-Hexatriynyl;0.008637236084452975
TWHydra_HCOplusline.image;model_dark_clouds_full_500it;5;2 Oxonium hydride;0.008637236084452975
TWHydra_HCOplusline.image;model_dark_clouds_full_expanded_00002_500it;1;32 2,4,6,8,10-Undecapentaynenitrile;0.5076775431861804
TWHydra_HCOplusline.image;model_dark_clouds_full_expanded_00002_500it;2;0 Ketene;0.008637236084452975
TWHydra_HCOplusline.image;model_dark_clouds_full_expanded_00002_500it;3;1 1,3,5-Hexatriynyl;0.008637236084452975
TWHydra_HCOplusline.image;model_dark_clouds_full_expanded_00002_500it;4;2 Oxonium hydride;0.008637236084452975
TWHydra_HCOplusline.image;model_dark_clouds_full_expanded_00002_500it;5;3 Vinyl Cyanide;0.008637236084452975
TWHydra_HCOplusline.image;model_dark_clouds_full_expanded_00010_500it;1;57 ortho-Oxidaniumyl;0.5076775431861804
TWHydra_HCOplusline.image;model_dark_clouds_full_expanded_00010_500it;2;0 Ketene;0.008637236084452975
TWHydra_HCOplusline.image;model_dark_clouds_full_expanded_00010_500it;3;1 1,3,5-Hexatriynyl;0.008637236084452975
TWHydra_HCOplusline.image;model_dark_clouds_full_expanded_00010_500it;4;2 Oxonium hydride;0.008637236084452975
TWHydra_HCOplusline.image;model_dark_clouds_full_expanded_00010_500it;5;3 Vinyl Cyanide;0.008637236084452975
HD163296_CO_2_1.image;model_dark_clouds_tr_500it;1;5 Methyliumylidene;0.7547801147227534
HD163296_CO_2_1.image;model_dark_clouds_tr_500it;2;0 Ketene;0.004302103250478011
HD163296_CO_2_1.image;model_dark_clouds_tr_500it;3;1 1,3,5-Hexatriynyl;0.004302103250478011
HD163296_CO_2_1.image;model_dark_clouds_tr_500it;4;2 Oxonium hydride;0.004302103250478011
HD163296_CO_2_1.image;model_dark_clouds_tr_500it;5;3 Vinyl Cyanide;0.004302103250478011
HD163296_CO_2_1.image;model_dark_clouds_2_500it;1;5 Methyliumylidene;0.7547801147227534
HD163296_CO_2_1.image;model_dark_clouds_2_500it;2;0 Ketene;0.004302103250478011
HD163296_CO_2_1.image;model_dark_clouds_2_500it;3;1 1,3,5-Hexatriynyl;0.004302103250478011
HD163296_CO_2_1.image;model_dark_clouds_2_500it;4;2 Oxonium hydride;0.004302103250478011
HD163296_CO_2_1.image;model_dark_clouds_2_500it;5;3 Vinyl Cyanide;0.004302103250478011
HD163296_CO_2_1.image;model_dark_clouds_full_500it;1;5 Methyliumylidene;0.6687380497131932
HD163296_CO_2_1.image;model_dark_clouds_full_500it;2;42 Silicon Monoxide;0.09034416826003824
HD163296_CO_2_1.image;model_dark_clouds_full_500it;3;0 Ketene;0.004302103250478011
HD163296_CO_2_1.image;model_dark_clouds_full_500it;4;1 1,3,5-Hexatriynyl;0.004302103250478011
HD163296_CO_2_1.image;model_dark_clouds_full_500it;5;2 Oxonium hydride;0.004302103250478011
HD163296_CO_2_1.image;model_dark_clouds_full_expanded_00002_500it;1;16 2,4,6,8-Nonatetraynenitrile;0.7547801147227534
HD163296_CO_2_1.image;model_dark_clouds_full_expanded_00002_500it;2;0 Ketene;0.004302103250478011
HD163296_CO_2_1.image;model_dark_clouds_full_expanded_00002_500it;3;1 1,3,5-Hexatriynyl;0.004302103250478011
HD163296_CO_2_1.image;model_dark_clouds_full_expanded_00002_500it;4;2 Oxonium hydride;0.004302103250478011
HD163296_CO_2_1.image;model_dark_clouds_full_expanded_00002_500it;5;3 Vinyl Cyanide;0.004302103250478011
HD163296_CO_2_1.image;model_dark_clouds_full_expanded_00010_500it;1;27 3-Thioxo-1,2-Propadieylidene;0.7500000000000001
HD163296_CO_2_1.image;model_dark_clouds_full_expanded_00010_500it;2;56 para-Oxidaniumyl;0.009082217973231358
HD163296_CO_2_1.image;model_dark_clouds_full_expanded_00010_500it;3;0 Ketene;0.004302103250478011
HD163296_CO_2_1.image;model_dark_clouds_full_expanded_00010_500it;4;1 1,3,5-Hexatriynyl;0.004302103250478011
HD163296_CO_2_1.image;model_dark_clouds_full_expanded_00010_500it;5;2 Oxonium hydride;0.004302103250478011
Orion.methanol.cbc.contsub.image;model_dark_clouds_tr_500it;1;42 Silicon Monoxide;0.6715749039692702
Orion.methanol.cbc.contsub.image;model_dark_clouds_tr_500it;2;0 Ketene;0.005761843790012804
Orion.methanol.cbc.contsub.image;model_dark_clouds_tr_500it;3;1 1,3,5-Hexatriynyl;0.005761843790012804
Orion.methanol.cbc.contsub.image;model_dark_clouds_tr_500it;4;2 Oxonium hydride;0.005761843790012804
Orion.methanol.cbc.contsub.image;model_dark_clouds_tr_500it;5;3 Vinyl Cyanide;0.005761843790012804
Orion.methanol.cbc.contsub.image;model_dark_clouds_2_500it;1;5 Methyliumylidene;0.6715749039692702
Orion.methanol.cbc.contsub.image;model_dark_clouds_2_500it;2;0 Ketene;0.005761843790012804
Orion.methanol.cbc.contsub.image;model_dark_clouds_2_500it;3;1 1,3,5-Hexatriynyl;0.005761843790012804
Orion.methanol.cbc.contsub.image;model_dark_clouds_2_500it;4;2 Oxonium hydride;0.005761843790012804
Orion.methanol.cbc.contsub.image;model_dark_clouds_2_500it;5;3 Vinyl Cyanide;0.005761843790012804
Orion.methanol.cbc.contsub.image;model_dark_clouds_full_500it;1;45 Propynylidynium;0.6715749039692702
Orion.methanol.cbc.contsub.image;model_dark_clouds_full_500it;2;0 Ketene;0.005761843790012804
Orion.methanol.cbc.contsub.image;model_dark_clouds_full_500it;3;1 1,3,5-Hexatriynyl;0.005761843790012804
Orion.methanol.cbc.contsub.image;model_dark_clouds_full_500it;4;2 Oxonium hydride;0.005761843790012804
Orion.methanol.cbc.contsub.image;model_dark_clouds_full_500it;5;3 Vinyl Cyanide;0.005761843790012804
Orion.methanol.cbc.contsub.image;model_dark_clouds_full_expanded_00002_500it;1;50 Hydrogen Isocyanide;0.6715749039692702
Orion.methanol.cbc.contsub.image;model_dark_clouds_full_expanded_00002_500it;2;0 Ketene;0.005761843790012804
Orion.methanol.cbc.contsub.image;model_dark_clouds_full_expanded_00002_500it;3;1 1,3,5-Hexatriynyl;0.005761843790012804
Orion.methanol.cbc.contsub.image;model_dark_clouds_full_expanded_00002_500it;4;2 Oxonium hydride;0.005761843790012804
Orion.methanol.cbc.contsub.image;model_dark_clouds_full_expanded_00002_500it;5;3 Vinyl Cyanide;0.005761843790012804
Orion.methanol.cbc.contsub.image;model_dark_clouds_full_expanded_00010_500it;1;49 Diazenylium;0.6715749039692702
Orion.methanol.cbc.contsub.image;model_dark_clouds_full_expanded_00010_500it;2;0 Ketene;0.005761843790012804
Orion.methanol.cbc.contsub.image;model_dark_clouds_full_expanded_00010_500it;3;1 1,3,5-Hexatriynyl;0.005761843790012804
Orion.methanol.cbc.contsub.image;model_dark_clouds_full_expanded_00010_500it;4;2 Oxonium hydride;0.005761843790012804
Orion.methanol.cbc.contsub.image;model_dark_clouds_full_expanded_00010_500it;5;3 Vinyl Cyanide;0.005761843790012804
Orion.HNC.cbc.contsub.image;model_dark_clouds_tr_500it;1;42 Silicon Monoxide;0.8308047493403694
Orion.HNC.cbc.contsub.image;model_dark_clouds_tr_500it;2;0 Ketene;0.0029683377308707126
Orion.HNC.cbc.contsub.image;model_dark_clouds_tr_500it;3;1 1,3,5-Hexatriynyl;0.0029683377308707126
Orion.HNC.cbc.contsub.image;model_dark_clouds_tr_500it;4;2 Oxonium hydride;0.0029683377308707126
Orion.HNC.cbc.contsub.image;model_dark_clouds_tr_500it;5;3 Vinyl Cyanide;0.0029683377308707126
Orion.HNC.cbc.contsub.image;model_dark_clouds_2_500it;1;42 Silicon Monoxide;0.6263192612137204
Orion.HNC.cbc.contsub.image;model_dark_clouds_2_500it;2;5 Methyliumylidene;0.20745382585751979
Orion.HNC.cbc.contsub.image;model_dark_clouds_2_500it;3;0 Ketene;0.0029683377308707126
Orion.HNC.cbc.contsub.image;model_dark_clouds_2_500it;4;1 1,3,5-Hexatriynyl;0.0029683377308707126
Orion.HNC.cbc.contsub.image;model_dark_clouds_2_500it;5;2 Oxonium hydride;0.0029683377308707126
Orion.HNC.cbc.contsub.image;model_dark_clouds_full_500it;1;42 Silicon Monoxide;0.5537598944591029
Orion.HNC.cbc.contsub.image;model_dark_clouds_full_500it;2;48 Hexatrienyl;0.28001319261213725
Orion.HNC.cbc.contsub.image;model_dark_clouds_full_500it;3;0 Ketene;0.0029683377308707126
Orion.HNC.cbc.contsub.image;model_dark_clouds_full_500it;4;1 1,3,5-Hexatriynyl;0.0029683377308707126
Orion.HNC.cbc.contsub.image;model_dark_clouds_full_500it;5;2 Oxonium hydride;0.0029683377308707126
Orion.HNC.cbc.contsub.image;model_dark_clouds_full_expanded_00002_500it;1;5 Methyliumylidene;0.8308047493403694
Orion.HNC.cbc.contsub.image;model_dark_clouds_full_expanded_00002_500it;2;0 Ketene;0.0029683377308707126
Orion.HNC.cbc.contsub.image;model_dark_clouds_full_expanded_00002_500it;3;1 1,3,5-Hexatriynyl;0.0029683377308707126
Orion.HNC.cbc.contsub.image;model_dark_clouds_full_expanded_00002_500it;4;2 Oxonium hydride;0.0029683377308707126
Orion.HNC.cbc.contsub.image;model_dark_clouds_full_expanded_00002_500it;5;3 Vinyl Cyanide;0.0029683377308707126
Orion.HNC.cbc.contsub.image;model_dark_clouds_full_expanded_00010_500it;1;45 Propynylidynium;0.8275065963060686
Orion.HNC.cbc.contsub.image;model_dark_clouds_full_expanded_00010_500it;2;16 2,4,6,8-Nonatetraynenitrile;0.006266490765171504
Orion.HNC.cbc.contsub.image;model_dark_clouds_full_expanded_00010_500it;3;0 Ketene;0.0029683377308707126
Orion.HNC.cbc.contsub.image;model_dark_clouds_full_expanded_00010_500it;4;1 1,3,5-Hexatriynyl;0.0029683377308707126
Orion.HNC.cbc.contsub.image;model_dark_clouds_full_expanded_00010_500it;5;2 Oxonium hydride;0.0029683377308707126
TWHydra_CO3_2line.image;model_dark_clouds_tr_500it;1;5 Methyliumylidene;0.5585197934595525
TWHydra_CO3_2line.image;model_dark_clouds_tr_500it;2;0 Ketene;0.00774526678141136
TWHydra_CO3_2line.image;model_dark_clouds_tr_500it;3;1 1,3,5-Hexatriynyl;0.00774526678141136
TWHydra_CO3_2line.image;model_dark_clouds_tr_500it;4;2 Oxonium hydride;0.00774526678141136
TWHydra_CO3_2line.image;model_dark_clouds_tr_500it;5;3 Vinyl Cyanide;0.00774526678141136
TWHydra_CO3_2line.image;model_dark_clouds_2_500it;1;42 Silicon Monoxide;0.5585197934595525
TWHydra_CO3_2line.image;model_dark_clouds_2_500it;2;0 Ketene;0.00774526678141136
TWHydra_CO3_2line.image;model_dark_clouds_2_500it;3;1 1,3,5-Hexatriynyl;0.00774526678141136
TWHydra_CO3_2line.image;model_dark_clouds_2_500it;4;2 Oxonium hydride;0.00774526678141136
TWHydra_CO3_2line.image;model_dark_clouds_2_500it;5;3 Vinyl Cyanide;0.00774526678141136
TWHydra_CO3_2line.image;model_dark_clouds_full_500it;1;42 Silicon Monoxide;0.2917383820998279
TWHydra_CO3_2line.image;model_dark_clouds_full_500it;2;5 Methyliumylidene;0.27452667814113596
TWHydra_CO3_2line.image;model_dark_clouds_full_500it;3;0 Ketene;0.00774526678141136
TWHydra_CO3_2line.image;model_dark_clouds_full_500it;4;1 1,3,5-Hexatriynyl;0.00774526678141136
TWHydra_CO3_2line.image;model_dark_clouds_full_500it;5;2 Oxonium hydride;0.00774526678141136
TWHydra_CO3_2line.image;model_dark_clouds_full_expanded_00002_500it;1;46 Carbon Monoxide;0.5499139414802066
TWHydra_CO3_2line.image;model_dark_clouds_full_expanded_00002_500it;2;43 1,3,5,7-Octatetraynyl;0.016351118760757313
TWHydra_CO3_2line.image;model_dark_clouds_full_expanded_00002_500it;3;0 Ketene;0.00774526678141136
TWHydra_CO3_2line.image;model_dark_clouds_full_expanded_00002_500it;4;1 1,3,5-Hexatriynyl;0.00774526678141136
TWHydra_CO3_2line.image;model_dark_clouds_full_expanded_00002_500it;5;2 Oxonium hydride;0.00774526678141136
TWHydra_CO3_2line.image;model_dark_clouds_full_expanded_00010_500it;1;46 Carbon Monoxide;0.5499139414802066
TWHydra_CO3_2line.image;model_dark_clouds_full_expanded_00010_500it;2;9 Ethyl Cyanide;0.016351118760757313
TWHydra_CO3_2line.image;model_dark_clouds_full_expanded_00010_500it;3;0 Ketene;0.00774526678141136
TWHydra_CO3_2line.image;model_dark_clouds_full_expanded_00010_500it;4;1 1,3,5-Hexatriynyl;0.00774526678141136
TWHydra_CO3_2line.image;model_dark_clouds_full_expanded_00010_500it;5;2 Oxonium hydride;0.00774526678141136
DMTau.CS_5-4.image;model_dark_clouds_tr_500it;1;28 Cyanobutadiyne;0.2681940700808625
DMTau.CS_5-4.image;model_dark_clouds_tr_500it;2;25 1,3,5-Hexatriynyl anion;0.039083557951482474
DMTau.CS_5-4.image;model_dark_clouds_tr_500it;3;18 Cyanoallene;0.025606469002695417
DMTau.CS_5-4.image;model_dark_clouds_tr_500it;4;0 Ketene;0.012129380053908356
DMTau.CS_5-4.image;model_dark_clouds_tr_500it;5;1 1,3,5-Hexatriynyl;0.012129380053908356
DMTau.CS_5-4.image;model_dark_clouds_2_500it;1;50 Hydrogen Isocyanide;0.3086253369272237
DMTau.CS_5-4.image;model_dark_clouds_2_500it;2;0 Ketene;0.012129380053908356
DMTau.CS_5-4.image;model_dark_clouds_2_500it;3;1 1,3,5-Hexatriynyl;0.012129380053908356
DMTau.CS_5-4.image;model_dark_clouds_2_500it;4;2 Oxonium hydride;0.012129380053908356
DMTau.CS_5-4.image;model_dark_clouds_2_500it;5;3 Vinyl Cyanide;0.012129380053908356
DMTau.CS_5-4.image;model_dark_clouds_full_500it;1;42 Silicon Monoxide;0.1738544474393531
DMTau.CS_5-4.image;model_dark_clouds_full_500it;2;31 Hydrochloric acid;0.14690026954177898
DMTau.CS_5-4.image;model_dark_clouds_full_500it;3;0 Ketene;0.012129380053908356
DMTau.CS_5-4.image;model_dark_clouds_full_500it;4;1 1,3,5-Hexatriynyl;0.012129380053908356
DMTau.CS_5-4.image;model_dark_clouds_full_500it;5;2 Oxonium hydride;0.012129380053908356
DMTau.CS_5-4.image;model_dark_clouds_full_expanded_00002_500it;1;6 Carbon Monosulfide;0.29514824797843664
DMTau.CS_5-4.image;model_dark_clouds_full_expanded_00002_500it;2;42 Silicon Monoxide;0.025606469002695417
DMTau.CS_5-4.image;model_dark_clouds_full_expanded_00002_500it;3;0 Ketene;0.012129380053908356
DMTau.CS_5-4.image;model_dark_clouds_full_expanded_00002_500it;4;1 1,3,5-Hexatriynyl;0.012129380053908356
DMTau.CS_5-4.image;model_dark_clouds_full_expanded_00002_500it;5;2 Oxonium hydride;0.012129380053908356
DMTau.CS_5-4.image;model_dark_clouds_full_expanded_00010_500it;1;6 Carbon Monosulfide;0.3086253369272237
DMTau.CS_5-4.image;model_dark_clouds_full_expanded_00010_500it;2;0 Ketene;0.012129380053908356
DMTau.CS_5-4.image;model_dark_clouds_full_expanded_00010_500it;3;1 1,3,5-Hexatriynyl;0.012129380053908356
DMTau.CS_5-4.image;model_dark_clouds_full_expanded_00010_500it;4;2 Oxonium hydride;0.012129380053908356
DMTau.CS_5-4.image;model_dark_clouds_full_expanded_00010_500it;5;3 Vinyl Cyanide;0.012129380053908356
uid___A002_Xa916fc_X668__IRS43_HCO32.final.image.pbcor;model_dark_clouds_tr_500it;1;5 Methyliumylidene;0.8866001734605377
uid___A002_Xa916fc_X668__IRS43_HCO32.final.image.pbcor;model_dark_clouds_tr_500it;2;41 Thioxoethenylidene;0.00411968777103209
uid___A002_Xa916fc_X668__IRS43_HCO32.final.image.pbcor;model_dark_clouds_tr_500it;3;0 Ketene;0.0019514310494362533
uid___A002_Xa916fc_X668__IRS43_HCO32.final.image.pbcor;model_dark_clouds_tr_500it;4;1 1,3,5-Hexatriynyl;0.0019514310494362533
uid___A002_Xa916fc_X668__IRS43_HCO32.final.image.pbcor;model_dark_clouds_tr_500it;5;2 Oxonium hydride;0.0019514310494362533
uid___A002_Xa916fc_X668__IRS43_HCO32.final.image.pbcor;model_dark_clouds_2_500it;1;5 Methyliumylidene;0.7890286209887251
uid___A002_Xa916fc_X668__IRS43_HCO32.final.image.pbcor;model_dark_clouds_2_500it;2;42 Silicon Monoxide;0.10169124024284475
uid___A002_Xa916fc_X668__IRS43_HCO32.final.image.pbcor;model_dark_clouds_2_500it;3;0 Ketene;0.0019514310494362533
uid___A002_Xa916fc_X668__IRS43_HCO32.final.image.pbcor;model_dark_clouds_2_500it;4;1 1,3,5-Hexatriynyl;0.0019514310494362533
uid___A002_Xa916fc_X668__IRS43_HCO32.final.image.pbcor;model_dark_clouds_2_500it;5;2 Oxonium hydride;0.0019514310494362533
uid___A002_Xa916fc_X668__IRS43_HCO32.final.image.pbcor;model_dark_clouds_full_500it;1;5 Methyliumylidene;0.8887684301821336
uid___A002_Xa916fc_X668__IRS43_HCO32.final.image.pbcor;model_dark_clouds_full_500it;2;0 Ketene;0.0019514310494362533
uid___A002_Xa916fc_X668__IRS43_HCO32.final.image.pbcor;model_dark_clouds_full_500it;3;1 1,3,5-Hexatriynyl;0.0019514310494362533
uid___A002_Xa916fc_X668__IRS43_HCO32.final.image.pbcor;model_dark_clouds_full_500it;4;2 Oxonium hydride;0.0019514310494362533
uid___A002_Xa916fc_X668__IRS43_HCO32.final.image.pbcor;model_dark_clouds_full_500it;5;3 Vinyl Cyanide;0.0019514310494362533
uid___A002_Xa916fc_X668__IRS43_HCO32.final.image.pbcor;model_dark_clouds_full_expanded_00002_500it;1;37 Methyltriacetylene;0.8866001734605377
uid___A002_Xa916fc_X668__IRS43_HCO32.final.image.pbcor;model_dark_clouds_full_expanded_00002_500it;2;47 Thioformaldehyde;0.00411968777103209
uid___A002_Xa916fc_X668__IRS43_HCO32.final.image.pbcor;model_dark_clouds_full_expanded_00002_500it;3;0 Ketene;0.0019514310494362533
uid___A002_Xa916fc_X668__IRS43_HCO32.final.image.pbcor;model_dark_clouds_full_expanded_00002_500it;4;1 1,3,5-Hexatriynyl;0.0019514310494362533
uid___A002_Xa916fc_X668__IRS43_HCO32.final.image.pbcor;model_dark_clouds_full_expanded_00002_500it;5;2 Oxonium hydride;0.0019514310494362533
uid___A002_Xa916fc_X668__IRS43_HCO32.final.image.pbcor;model_dark_clouds_full_expanded_00010_500it;1;28 Cyanobutadiyne;0.8887684301821336
uid___A002_Xa916fc_X668__IRS43_HCO32.final.image.pbcor;model_dark_clouds_full_expanded_00010_500it;2;0 Ketene;0.0019514310494362533
uid___A002_Xa916fc_X668__IRS43_HCO32.final.image.pbcor;model_dark_clouds_full_expanded_00010_500it;3;1 1,3,5-Hexatriynyl;0.0019514310494362533
uid___A002_Xa916fc_X668__IRS43_HCO32.final.image.pbcor;model_dark_clouds_full_expanded_00010_500it;4;2 Oxonium hydride;0.0019514310494362533
uid___A002_Xa916fc_X668__IRS43_HCO32.final.image.pbcor;model_dark_clouds_full_expanded_00010_500it;5;3 Vinyl Cyanide;0.0019514310494362533
