1;5 Methyliumylidene;0.49808061420345484
2;54 Cyclopropenylidene;0.018234165067178502
3;0 Ketene;0.008637236084452975
4;1 1,3,5-Hexatriynyl;0.008637236084452975
5;2 Oxonium hydride;0.008637236084452975
6;3 Vinyl Cyanide;0.008637236084452975
7;4 Hydroxyl;0.008637236084452975
8;6 Carbon Monosulfide;0.008637236084452975
9;7 Cyanomethyl;0.008637236084452975
10;8 Methyl Acetylene;0.008637236084452975
11;9 Ethyl Cyanide;0.008637236084452975
12;10 2,4-Pentadiynylidyne;0.008637236084452975
13;11 4-Cyano-1,3-Butadiynyl;0.008637236084452975
14;12 Water;0.008637236084452975
15;13 Hydrogen sulfide;0.008637236084452975
16;14 Methylene amidogen;0.008637236084452975
17;15 1,3-Butadiynyl radical;0.008637236084452975
18;16 2,4,6,8-Nonatetraynenitrile;0.008637236084452975
19;17 Formylium;0.008637236084452975
20;18 Cyanoallene;0.008637236084452975
21;19 Trihydrogen ion;0.008637236084452975
22;20 Methylcyanodiacetylene;0.008637236084452975
23;21 2,4,6-Heptatriynenitrile;0.008637236084452975
24;22 Methanol;0.008637236084452975
25;23 Ammonia;0.008637236084452975
26;24 Methyl Cyanide;0.008637236084452975
27;25 1,3,5-Hexatriynyl anion;0.008637236084452975
28;26 1,3,5,7-Octatetraynyl anion;0.008637236084452975
29;27 3-Thioxo-1,2-Propadieylidene;0.008637236084452975
30;28 Cyanobutadiyne;0.008637236084452975
31;29 Nitric sulfide;0.008637236084452975
32;30 Sulfur dioxide;0.008637236084452975
33;31 Hydrochloric acid;0.008637236084452975
34;32 2,4,6,8,10-Undecapentaynenitrile;0.008637236084452975
35;33 Cyanide Radical;0.008637236084452975
36;34 Nitric oxide;0.008637236084452975
37;35 Formaldehyde;0.008637236084452975
38;36 Sulfur Monoxide;0.008637236084452975
39;37 Methyltriacetylene;0.008637236084452975
40;38 Hydrogen Cyanide;0.008637236084452975
41;39 Methyl diacetylene;0.008637236084452975
42;40 Methylidyne;0.008637236084452975
43;41 Thioxoethenylidene;0.008637236084452975
44;42 Silicon Monoxide;0.008637236084452975
45;43 1,3,5,7-Octatetraynyl;0.008637236084452975
46;44 Oxoethenylidene;0.008637236084452975
47;45 Propynylidynium;0.008637236084452975
48;46 Carbon Monoxide;0.008637236084452975
49;47 Thioformaldehyde;0.008637236084452975
50;48 Hexatrienyl;0.008637236084452975
51;49 Diazenylium;0.008637236084452975
52;50 Hydrogen Isocyanide;0.008637236084452975
53;51 Carbon Monosulfide;0.008637236084452975
54;52 Methylamine;0.008637236084452975
55;53 Formic Acid;0.008637236084452975
56;55 Cyanoacetylene;0.008637236084452975
57;56 para-Oxidaniumyl;0.008637236084452975
58;57 ortho-Oxidaniumyl;0.008637236084452975
