1;26 1,3,5,7-Octatetraynyl anion;0.3274647887323943
2;11 4-Cyano-1,3-Butadiynyl;0.05751173708920188
3;1 1,3,5-Hexatriynyl;0.022300469483568074
4;44 Oxoethenylidene;0.022300469483568074
5;0 Ketene;0.01056338028169014
6;2 Oxonium hydride;0.01056338028169014
7;3 Vinyl Cyanide;0.01056338028169014
8;4 Hydroxyl;0.01056338028169014
9;5 Methyliumylidene;0.01056338028169014
10;6 Carbon Monosulfide;0.01056338028169014
11;7 Cyanomethyl;0.01056338028169014
12;8 Methyl Acetylene;0.01056338028169014
13;9 Ethyl Cyanide;0.01056338028169014
14;10 2,4-Pentadiynylidyne;0.01056338028169014
15;12 Water;0.01056338028169014
16;13 Hydrogen sulfide;0.01056338028169014
17;14 Methylene amidogen;0.01056338028169014
18;15 1,3-Butadiynyl radical;0.01056338028169014
19;16 2,4,6,8-Nonatetraynenitrile;0.01056338028169014
20;17 Formylium;0.01056338028169014
21;18 Cyanoallene;0.01056338028169014
22;19 Trihydrogen ion;0.01056338028169014
23;20 Methylcyanodiacetylene;0.01056338028169014
24;21 2,4,6-Heptatriynenitrile;0.01056338028169014
25;22 Methanol;0.01056338028169014
26;23 Ammonia;0.01056338028169014
27;24 Methyl Cyanide;0.01056338028169014
28;25 1,3,5-Hexatriynyl anion;0.01056338028169014
29;27 3-Thioxo-1,2-Propadieylidene;0.01056338028169014
30;28 Cyanobutadiyne;0.01056338028169014
31;29 Nitric sulfide;0.01056338028169014
32;30 Sulfur dioxide;0.01056338028169014
33;31 Hydrochloric acid;0.01056338028169014
34;32 2,4,6,8,10-Undecapentaynenitrile;0.01056338028169014
35;33 Cyanide Radical;0.01056338028169014
36;34 Nitric oxide;0.01056338028169014
37;35 Formaldehyde;0.01056338028169014
38;36 Sulfur Monoxide;0.01056338028169014
39;37 Methyltriacetylene;0.01056338028169014
40;38 Hydrogen Cyanide;0.01056338028169014
41;39 Methyl diacetylene;0.01056338028169014
42;40 Methylidyne;0.01056338028169014
43;41 Thioxoethenylidene;0.01056338028169014
44;42 Silicon Monoxide;0.01056338028169014
45;43 1,3,5,7-Octatetraynyl;0.01056338028169014
46;45 Propynylidynium;0.01056338028169014
47;46 Carbon Monoxide;0.01056338028169014
48;47 Thioformaldehyde;0.01056338028169014
49;48 Hexatrienyl;0.01056338028169014
50;49 Diazenylium;0.01056338028169014
51;50 Hydrogen Isocyanide;0.01056338028169014
52;51 Carbon Monosulfide;0.01056338028169014
53;52 Methylamine;0.01056338028169014
54;53 Formic Acid;0.01056338028169014
55;54 Cyclopropenylidene;0.01056338028169014
56;55 Cyanoacetylene;0.01056338028169014
57;56 para-Oxidaniumyl;0.01056338028169014
58;57 ortho-Oxidaniumyl;0.01056338028169014
