1;46 Carbon Monoxide;0.2756232686980609
2;55 Cyanoacetylene;0.02631578947368421
3;0 Ketene;0.012465373961218837
4;1 1,3,5-Hexatriynyl;0.012465373961218837
5;2 Oxonium hydride;0.012465373961218837
6;3 Vinyl Cyanide;0.012465373961218837
7;4 Hydroxyl;0.012465373961218837
8;5 Methyliumylidene;0.012465373961218837
9;6 Carbon Monosulfide;0.012465373961218837
10;7 Cyanomethyl;0.012465373961218837
11;8 Methyl Acetylene;0.012465373961218837
12;9 Ethyl Cyanide;0.012465373961218837
13;10 2,4-Pentadiynylidyne;0.012465373961218837
14;11 4-Cyano-1,3-Butadiynyl;0.012465373961218837
15;12 Water;0.012465373961218837
16;13 Hydrogen sulfide;0.012465373961218837
17;14 Methylene amidogen;0.012465373961218837
18;15 1,3-Butadiynyl radical;0.012465373961218837
19;16 2,4,6,8-Nonatetraynenitrile;0.012465373961218837
20;17 Formylium;0.012465373961218837
21;18 Cyanoallene;0.012465373961218837
22;19 Trihydrogen ion;0.012465373961218837
23;20 Methylcyanodiacetylene;0.012465373961218837
24;21 2,4,6-Heptatriynenitrile;0.012465373961218837
25;22 Methanol;0.012465373961218837
26;23 Ammonia;0.012465373961218837
27;24 Methyl Cyanide;0.012465373961218837
28;25 1,3,5-Hexatriynyl anion;0.012465373961218837
29;26 1,3,5,7-Octatetraynyl anion;0.012465373961218837
30;27 3-Thioxo-1,2-Propadieylidene;0.012465373961218837
31;28 Cyanobutadiyne;0.012465373961218837
32;29 Nitric sulfide;0.012465373961218837
33;30 Sulfur dioxide;0.012465373961218837
34;31 Hydrochloric acid;0.012465373961218837
35;32 2,4,6,8,10-Undecapentaynenitrile;0.012465373961218837
36;33 Cyanide Radical;0.012465373961218837
37;34 Nitric oxide;0.012465373961218837
38;35 Formaldehyde;0.012465373961218837
39;36 Sulfur Monoxide;0.012465373961218837
40;37 Methyltriacetylene;0.012465373961218837
41;38 Hydrogen Cyanide;0.012465373961218837
42;39 Methyl diacetylene;0.012465373961218837
43;40 Methylidyne;0.012465373961218837
44;41 Thioxoethenylidene;0.012465373961218837
45;42 Silicon Monoxide;0.012465373961218837
46;43 1,3,5,7-Octatetraynyl;0.012465373961218837
47;44 Oxoethenylidene;0.012465373961218837
48;45 Propynylidynium;0.012465373961218837
49;47 Thioformaldehyde;0.012465373961218837
50;48 Hexatrienyl;0.012465373961218837
51;49 Diazenylium;0.012465373961218837
52;50 Hydrogen Isocyanide;0.012465373961218837
53;51 Carbon Monosulfide;0.012465373961218837
54;52 Methylamine;0.012465373961218837
55;53 Formic Acid;0.012465373961218837
56;54 Cyclopropenylidene;0.012465373961218837
57;56 para-Oxidaniumyl;0.012465373961218837
58;57 ortho-Oxidaniumyl;0.012465373961218837
