1;9 Carbon Monoxide;0.5905172413793104
2;0 Methanol;0.021551724137931036
3;1 Hydrogen fluoride;0.021551724137931036
4;2 Nitric oxide;0.021551724137931036
5;3 Formylium;0.021551724137931036
6;4 Sodium Chloride;0.021551724137931036
7;5 Sulfur dioxide;0.021551724137931036
8;6 para-Oxidaniumyl;0.021551724137931036
9;7 Sulfur Monoxide;0.021551724137931036
10;8 Butatrienylidene;0.021551724137931036
11;10 Nitrous Oxide;0.021551724137931036
12;11 Cyanoacetylene;0.021551724137931036
13;12 Carbonyl Sulfide;0.021551724137931036
14;13 Molecular oxygen;0.021551724137931036
15;14 ortho-Oxidaniumyl;0.021551724137931036
16;15 Water;0.021551724137931036
17;16 Iminomethylium;0.021551724137931036
18;17 Hydrochloric acid;0.021551724137931036
19;18 Acetylene;0.021551724137931036
20;19 Hydrogen Cyanide;0.021551724137931036
