1;4 Carbon Monoxide;0.07020547945205478
2;17 Hydrogen Cyanide;0.07020547945205478
3;19 Hydrogen sulfide;0.07020547945205478
4;20 Molecular oxygen;0.053082191780821915
5;22 Formylium;0.053082191780821915
6;0 Methylidyne;0.03595890410958904
7;1 Butyronitrile;0.03595890410958904
8;2 Formaldehyde;0.03595890410958904
9;3 Sulfur dioxide;0.03595890410958904
10;5 Water;0.03595890410958904
11;6 Chloronium;0.03595890410958904
12;7 Imidogen;0.03595890410958904
13;8 Thioformylium;0.03595890410958904
14;9 Mercapto radical;0.03595890410958904
15;10 Methyl formate vt01;0.03595890410958904
16;11 Methyliumylidene;0.03595890410958904
17;12 Cyanide Radical;0.03595890410958904
18;13 Hydroxyl;0.03595890410958904
19;14 Nitric oxide;0.03595890410958904
20;15 Cyclopropenylidene;0.03595890410958904
21;16 Silicon Monoxide;0.03595890410958904
22;18 Carbon Monosulfide;0.03595890410958904
23;21 Hydrogen Isocyanide;0.03595890410958904
24;23 Sulfoniumylidene;0.03595890410958904
