1;22 Formylium;0.11378205128205127
2;21 Hydrogen Isocyanide;0.08173076923076922
3;17 Hydrogen Cyanide;0.0657051282051282
4;20 Molecular oxygen;0.0657051282051282
5;0 Methylidyne;0.03365384615384615
6;1 Butyronitrile;0.03365384615384615
7;2 Formaldehyde;0.03365384615384615
8;3 Sulfur dioxide;0.03365384615384615
9;4 Carbon Monoxide;0.03365384615384615
10;5 Water;0.03365384615384615
11;6 Chloronium;0.03365384615384615
12;7 Imidogen;0.03365384615384615
13;8 Thioformylium;0.03365384615384615
14;9 Mercapto radical;0.03365384615384615
15;10 Methyl formate vt01;0.03365384615384615
16;11 Methyliumylidene;0.03365384615384615
17;12 Cyanide Radical;0.03365384615384615
18;13 Hydroxyl;0.03365384615384615
19;14 Nitric oxide;0.03365384615384615
20;15 Cyclopropenylidene;0.03365384615384615
21;16 Silicon Monoxide;0.03365384615384615
22;18 Carbon Monosulfide;0.03365384615384615
23;19 Hydrogen sulfide;0.03365384615384615
24;23 Sulfoniumylidene;0.03365384615384615
