1;60 Hexatrienyl;0.1771269177126918
2;17 Formylium;0.1492329149232915
3;0 1,3,5-Hexatriynyl;0.009762900976290099
4;1 Silicon monosulfide;0.009762900976290099
5;2 Vinyl Cyanide;0.009762900976290099
6;3 Hydroxyl;0.009762900976290099
7;4 Methyliumylidene;0.009762900976290099
8;5 Aluminum Isocyanitrile;0.009762900976290099
9;6 Carbon Monosulfide;0.009762900976290099
10;7 Methyl Acetylene;0.009762900976290099
11;8 1,3-Butadiynyl anion;0.009762900976290099
12;9 Butatrienylidene;0.009762900976290099
13;10 2,4-Pentadiynylidyne;0.009762900976290099
14;11 Aluminum Monochloride;0.009762900976290099
15;12 4-Cyano-1,3-Butadiynyl;0.009762900976290099
16;13 Silicon monosulfide;0.009762900976290099
17;14 Water;0.009762900976290099
18;15 Hydrogen sulfide;0.009762900976290099
19;16 1,3-Butadiynyl radical;0.009762900976290099
20;18 Trihydrogen ion;0.009762900976290099
21;19 Methanimine;0.009762900976290099
22;20 Phosphorus Monoxide;0.009762900976290099
23;21 Methyl Cyanide;0.009762900976290099
24;22 Magnesium Isocyanide;0.009762900976290099
25;23 1,3,5-Hexatriynyl anion;0.009762900976290099
26;24 Phosphaethyne;0.009762900976290099
27;25 1,3,5,7-Octatetraynyl anion;0.009762900976290099
28;26 Silicon Monocarbide;0.009762900976290099
29;27 Cyanomethylene;0.009762900976290099
30;28 3-Thioxo-1,2-Propadieylidene;0.009762900976290099
31;29 Cyanobutadiyne;0.009762900976290099
32;30 Silicon Isocyanide;0.009762900976290099
33;31 Potassium chloride;0.009762900976290099
34;32 3-Oxo-1,2-Propadienylidene;0.009762900976290099
35;33 Silicon Carbide;0.009762900976290099
36;34 3-Cyano-1,2-propadienylidene;0.009762900976290099
37;35 Nitric sulfide;0.009762900976290099
38;36 Sulfur dioxide;0.009762900976290099
39;37 Ethyne Isocyanide;0.009762900976290099
40;38 Cyanoethynylide ion;0.009762900976290099
41;39 Cyanide Radical;0.009762900976290099
42;40 Carbon Monoxide Ion;0.009762900976290099
43;41 Cyanobutadiynylide anion;0.009762900976290099
44;42 Aluminum Monofluoride;0.009762900976290099
45;43 Formaldehyde;0.009762900976290099
46;44 Sulfur Monoxide;0.009762900976290099
47;45 Silicon tetracarbide;0.009762900976290099
48;46 Ethynyl;0.009762900976290099
49;47 Sodium Chloride;0.009762900976290099
50;48 Hydrogen Cyanide;0.009762900976290099
51;49 Sodium Cyanide;0.009762900976290099
52;50 3-Imino-1,2 Propadienylidene;0.009762900976290099
53;51 Methylidyne;0.009762900976290099
54;52 Thioxoethenylidene;0.009762900976290099
55;53 Silicon Monoxide;0.009762900976290099
56;54 1,3,5,7-Octatetraynyl;0.009762900976290099
57;55 Silicon Mononitride;0.009762900976290099
58;56 Carbon Monoxide;0.009762900976290099
59;57 Phosphorous nitride;0.009762900976290099
60;58 Carbon Monophosphide;0.009762900976290099
61;59 Thioformaldehyde;0.009762900976290099
62;61 Hydrogen Isocyanide;0.009762900976290099
63;62 Carbon Monosulfide;0.009762900976290099
64;63 Silicon Cyanide;0.009762900976290099
65;64 2,4,6-Heptatriynylidyne;0.009762900976290099
66;65 Cyclopropenylidene;0.009762900976290099
67;66 Cyanoacetylene;0.009762900976290099
68;67 Magnesium Cyanide;0.009762900976290099
69;68 3-Silanetetrayl-1,2-Propadienyli;0.009762900976290099
70;69 Cyanoethynyl;0.009762900976290099
71;70 Phosphapropynylidyne;0.009762900976290099
