1;1 Hydrogen fluoride;0.3719512195121951
2;3 Formylium;0.07926829268292683
3;0 Methanol;0.03048780487804878
4;2 Nitric oxide;0.03048780487804878
5;4 Sodium Chloride;0.03048780487804878
6;5 Sulfur dioxide;0.03048780487804878
7;6 para-Oxidaniumyl;0.03048780487804878
8;7 Sulfur Monoxide;0.03048780487804878
9;8 Butatrienylidene;0.03048780487804878
10;9 Carbon Monoxide;0.03048780487804878
11;10 Nitrous Oxide;0.03048780487804878
12;11 Cyanoacetylene;0.03048780487804878
13;12 Carbonyl Sulfide;0.03048780487804878
14;13 Molecular oxygen;0.03048780487804878
15;14 ortho-Oxidaniumyl;0.03048780487804878
16;15 Water;0.03048780487804878
17;16 Iminomethylium;0.03048780487804878
18;17 Hydrochloric acid;0.03048780487804878
19;18 Acetylene;0.03048780487804878
20;19 Hydrogen Cyanide;0.03048780487804878
