1;90 3-Oxo-1,2-Propadienylidene;0.0791366906475
2;82 Cyanoformaldehyde;0.0251798561151
3;105 Ethyl Cyanide;0.0251798561151
4;0 Dimethyl ether;0.00719424460432
5;1 Butatrienylidene;0.00719424460432
6;2 Nitrous Oxide;0.00719424460432
7;3 Methyl Acetylene;0.00719424460432
8;4 2,4,6-Heptatriynenitrile;0.00719424460432
9;5 2,4-Pentadiynylidyne;0.00719424460432
10;6 Ethylene Glycol;0.00719424460432
11;7 Methyl Cyanide;0.00719424460432
12;8 Thioformylium;0.00719424460432
13;9 para-Oxidaniumyl;0.00719424460432
14;10 Hydrogen Cyanide;0.00719424460432
15;11 Cyanide Radical;0.00719424460432
16;12 Formic Acid;0.00719424460432
17;13 Nitric sulfide;0.00719424460432
18;14 Iminomethylium;0.00719424460432
19;15 Nitrosyl hydride;0.00719424460432
20;16 Propynylidynium;0.00719424460432
21;17 Magnesium Cyanide;0.00719424460432
22;18 1,3-Butadiynyl anion;0.00719424460432
23;19 Diazenylium;0.00719424460432
24;20 Methylamine;0.00719424460432
25;21 Chloronium;0.00719424460432
26;22 Phosphorus Monoxide;0.00719424460432
27;23 Silicon monosulfide;0.00719424460432
28;24 Cyclopropenone;0.00719424460432
29;25 Carbon Monoxide Ion;0.00719424460432
30;26 Sodium Cyanide;0.00719424460432
31;27 Nitric oxide;0.00719424460432
32;28 3-Thioxo-1,2-Propadieylidene;0.00719424460432
33;29 Silicon Cyanide;0.00719424460432
34;30 Ethyne Isocyanide;0.00719424460432
35;31 Sodium Chloride;0.00719424460432
36;32 Cyanoacetylene;0.00719424460432
37;33 Sulfur Monoxide;0.00719424460432
38;34 Aluminum Isocyanitrile;0.00719424460432
39;35 Cyanobutadiyne;0.00719424460432
40;36 Carbon Monoxide;0.00719424460432
41;37 Silicon Mononitride;0.00719424460432
42;38 Propadienylidene;0.00719424460432
43;39 Methanimine;0.00719424460432
44;40 Aluminum Monofluoride;0.00719424460432
45;41 Formamide;0.00719424460432
46;42 1,3,5,7-Octatetraynyl anion;0.00719424460432
47;43 Aminoacetonitrile;0.00719424460432
48;44 Ammonia;0.00719424460432
49;45 gauche-Ethanol;0.00719424460432
50;46 Protonate 2-proynenitrile;0.00719424460432
51;47 Carbonyl Sulfide;0.00719424460432
52;48 Thioxoethenylidene;0.00719424460432
53;49 Water;0.00719424460432
54;50 Methyl Formate;0.00719424460432
55;51 Acetaldehyde;0.00719424460432
56;52 Ketenimine;0.00719424460432
57;53 Propenal;0.00719424460432
58;54 Methyl isocyanide;0.00719424460432
59;55 Protonated Carbon Dioxide;0.00719424460432
60;56 Methylidyne;0.00719424460432
61;57 Ketene;0.00719424460432
62;58 4-Cyano-1,3-Butadiynyl;0.00719424460432
63;59 Silicon Monoxide;0.00719424460432
64;60 Acetone;0.00719424460432
65;61 3-Imino-1,2 Propadienylidene;0.00719424460432
66;62 Vinyl Cyanide;0.00719424460432
67;63 Cyclopropenylidene;0.00719424460432
68;64 2,4,6-Heptatriynylidyne;0.00719424460432
69;65 Magnesium Isocyanide;0.00719424460432
70;66 Formaldehyde;0.00719424460432
71;67 Cyanobutadiynylide anion;0.00719424460432
72;68 Fulminic acid;0.00719424460432
73;69 Carbon Monosulfide;0.00719424460432
74;70 1,3,5-Hexatriynyl;0.00719424460432
75;71 1,3-Butadiynyl radical;0.00719424460432
76;72 1,3,5-Hexatriynyl anion;0.00719424460432
77;73 Silicon monosulfide;0.00719424460432
78;74 Silicon Carbide;0.00719424460432
79;75 Formylium;0.00719424460432
80;76 Ethylene Oxide;0.00719424460432
81;77 Sulfur dioxide;0.00719424460432
82;78 Carbon Monophosphide;0.00719424460432
83;79 Sulfur Monoxide ion;0.00719424460432
84;80 Methanol;0.00719424460432
85;81 Sulfur Dioxide;0.00719424460432
86;83 Isocyanic Acid;0.00719424460432
87;84 Silicon Isocyanide;0.00719424460432
88;85 Silicon Monocarbide;0.00719424460432
89;86 Phosphaethyne;0.00719424460432
90;87 Carbon Monosulfide;0.00719424460432
91;88 Methylene amidogen;0.00719424460432
92;89 Aluminum Monochloride;0.00719424460432
93;91 Cyanoallene;0.00719424460432
94;92 Methyl diacetylene;0.00719424460432
95;93 Cyanomethylene;0.00719424460432
96;94 Cyanomethyl;0.00719424460432
97;95 Phosphapropynylidyne;0.00719424460432
98;96 Hydrogen Isocyanide;0.00719424460432
99;97 Hydrogen sulfide;0.00719424460432
100;98 Hydroxyl;0.00719424460432
101;99 Glycolaldehyde;0.00719424460432
102;100 2-Propynal;0.00719424460432
103;101 Ethynyl;0.00719424460432
104;102 Phosphorous nitride;0.00719424460432
105;103 Potassium chloride;0.00719424460432
106;104 Silicon tetracarbide;0.00719424460432
107;106 Cyanamide;0.00719424460432
108;107 Amidogen;0.00719424460432
109;108 Formyl Radical;0.00719424460432
110;109 Vinyl Alcohol;0.00719424460432
111;110 ortho-Oxidaniumyl;0.00719424460432
112;111 Cyanoethynylide ion;0.00719424460432
113;112 Oxoethenylidene;0.00719424460432
114;113 2-Butynenitrile;0.00719424460432
115;114 3-Silanetetrayl-1,2-Propadienyli;0.00719424460432
116;115 Cyanoethynyl;0.00719424460432
117;116 3-Cyano-1,2-propadienylidene;0.00719424460432
118;117 Acetylene;0.00719424460432
119;118 Hydroxymethylium ion;0.00719424460432
120;119 Methyl formate vt01;0.00719424460432
121;120 Thioformaldehyde;0.00719424460432
122;121 Isothiocyanic acid;0.00719424460432
123;122 Butyronitrile;0.00719424460432
124;123 Cyanic acid;0.00719424460432
