1;0 Dimethyl ether;0.00806451612903
2;1 Butatrienylidene;0.00806451612903
3;2 Nitrous Oxide;0.00806451612903
4;3 Methyl Acetylene;0.00806451612903
5;4 2,4,6-Heptatriynenitrile;0.00806451612903
6;5 2,4-Pentadiynylidyne;0.00806451612903
7;6 Ethylene Glycol;0.00806451612903
8;7 Methyl Cyanide;0.00806451612903
9;8 Thioformylium;0.00806451612903
10;9 para-Oxidaniumyl;0.00806451612903
11;10 Hydrogen Cyanide;0.00806451612903
12;11 Cyanide Radical;0.00806451612903
13;12 Formic Acid;0.00806451612903
14;13 Nitric sulfide;0.00806451612903
15;14 Iminomethylium;0.00806451612903
16;15 Nitrosyl hydride;0.00806451612903
17;16 Propynylidynium;0.00806451612903
18;17 Magnesium Cyanide;0.00806451612903
19;18 1,3-Butadiynyl anion;0.00806451612903
20;19 Diazenylium;0.00806451612903
21;20 Methylamine;0.00806451612903
22;21 Chloronium;0.00806451612903
23;22 Phosphorus Monoxide;0.00806451612903
24;23 Silicon monosulfide;0.00806451612903
25;24 Cyclopropenone;0.00806451612903
26;25 Carbon Monoxide Ion;0.00806451612903
27;26 Sodium Cyanide;0.00806451612903
28;27 Nitric oxide;0.00806451612903
29;28 3-Thioxo-1,2-Propadieylidene;0.00806451612903
30;29 Silicon Cyanide;0.00806451612903
31;30 Ethyne Isocyanide;0.00806451612903
32;31 Sodium Chloride;0.00806451612903
33;32 Cyanoacetylene;0.00806451612903
34;33 Sulfur Monoxide;0.00806451612903
35;34 Aluminum Isocyanitrile;0.00806451612903
36;35 Cyanobutadiyne;0.00806451612903
37;36 Carbon Monoxide;0.00806451612903
38;37 Silicon Mononitride;0.00806451612903
39;38 Propadienylidene;0.00806451612903
40;39 Methanimine;0.00806451612903
41;40 Aluminum Monofluoride;0.00806451612903
42;41 Formamide;0.00806451612903
43;42 1,3,5,7-Octatetraynyl anion;0.00806451612903
44;43 Aminoacetonitrile;0.00806451612903
45;44 Ammonia;0.00806451612903
46;45 gauche-Ethanol;0.00806451612903
47;46 Protonate 2-proynenitrile;0.00806451612903
48;47 Carbonyl Sulfide;0.00806451612903
49;48 Thioxoethenylidene;0.00806451612903
50;49 Water;0.00806451612903
51;50 Methyl Formate;0.00806451612903
52;51 Acetaldehyde;0.00806451612903
53;52 Ketenimine;0.00806451612903
54;53 Propenal;0.00806451612903
55;54 Methyl isocyanide;0.00806451612903
56;55 Protonated Carbon Dioxide;0.00806451612903
57;56 Methylidyne;0.00806451612903
58;57 Ketene;0.00806451612903
59;58 4-Cyano-1,3-Butadiynyl;0.00806451612903
60;59 Silicon Monoxide;0.00806451612903
61;60 Acetone;0.00806451612903
62;61 3-Imino-1,2 Propadienylidene;0.00806451612903
63;62 Vinyl Cyanide;0.00806451612903
64;63 Cyclopropenylidene;0.00806451612903
65;64 2,4,6-Heptatriynylidyne;0.00806451612903
66;65 Magnesium Isocyanide;0.00806451612903
67;66 Formaldehyde;0.00806451612903
68;67 Cyanobutadiynylide anion;0.00806451612903
69;68 Fulminic acid;0.00806451612903
70;69 Carbon Monosulfide;0.00806451612903
71;70 1,3,5-Hexatriynyl;0.00806451612903
72;71 1,3-Butadiynyl radical;0.00806451612903
73;72 1,3,5-Hexatriynyl anion;0.00806451612903
74;73 Silicon monosulfide;0.00806451612903
75;74 Silicon Carbide;0.00806451612903
76;75 Formylium;0.00806451612903
77;76 Ethylene Oxide;0.00806451612903
78;77 Sulfur dioxide;0.00806451612903
79;78 Carbon Monophosphide;0.00806451612903
80;79 Sulfur Monoxide ion;0.00806451612903
81;80 Methanol;0.00806451612903
82;81 Sulfur Dioxide;0.00806451612903
83;82 Cyanoformaldehyde;0.00806451612903
84;83 Isocyanic Acid;0.00806451612903
85;84 Silicon Isocyanide;0.00806451612903
86;85 Silicon Monocarbide;0.00806451612903
87;86 Phosphaethyne;0.00806451612903
88;87 Carbon Monosulfide;0.00806451612903
89;88 Methylene amidogen;0.00806451612903
90;89 Aluminum Monochloride;0.00806451612903
91;90 3-Oxo-1,2-Propadienylidene;0.00806451612903
92;91 Cyanoallene;0.00806451612903
93;92 Methyl diacetylene;0.00806451612903
94;93 Cyanomethylene;0.00806451612903
95;94 Cyanomethyl;0.00806451612903
96;95 Phosphapropynylidyne;0.00806451612903
97;96 Hydrogen Isocyanide;0.00806451612903
98;97 Hydrogen sulfide;0.00806451612903
99;98 Hydroxyl;0.00806451612903
100;99 Glycolaldehyde;0.00806451612903
101;100 2-Propynal;0.00806451612903
102;101 Ethynyl;0.00806451612903
103;102 Phosphorous nitride;0.00806451612903
104;103 Potassium chloride;0.00806451612903
105;104 Silicon tetracarbide;0.00806451612903
106;105 Ethyl Cyanide;0.00806451612903
107;106 Cyanamide;0.00806451612903
108;107 Amidogen;0.00806451612903
109;108 Formyl Radical;0.00806451612903
110;109 Vinyl Alcohol;0.00806451612903
111;110 ortho-Oxidaniumyl;0.00806451612903
112;111 Cyanoethynylide ion;0.00806451612903
113;112 Oxoethenylidene;0.00806451612903
114;113 2-Butynenitrile;0.00806451612903
115;114 3-Silanetetrayl-1,2-Propadienyli;0.00806451612903
116;115 Cyanoethynyl;0.00806451612903
117;116 3-Cyano-1,2-propadienylidene;0.00806451612903
118;117 Acetylene;0.00806451612903
119;118 Hydroxymethylium ion;0.00806451612903
120;119 Methyl formate vt01;0.00806451612903
121;120 Thioformaldehyde;0.00806451612903
122;121 Isothiocyanic acid;0.00806451612903
123;122 Butyronitrile;0.00806451612903
124;123 Cyanic acid;0.00806451612903
