1;66 Dimethyl ether;0.0481481481481
2;67 Acetone;0.0296296296296
3;0 Isocyanic Acid;0.0111111111111
4;1 Propenal;0.0111111111111
5;2 Ketene;0.0111111111111
6;3 Oxonium hydride;0.0111111111111
7;4 Thioformylium;0.0111111111111
8;5 Vinyl Cyanide;0.0111111111111
9;6 Methyl Formate;0.0111111111111
10;7 Hydroxyl;0.0111111111111
11;8 Methyliumylidene;0.0111111111111
12;9 Iminomethylium;0.0111111111111
13;10 Hydroxymethylium ion;0.0111111111111
14;11 2-Propynal;0.0111111111111
15;12 Carbon Monosulfide;0.0111111111111
16;13 Cyanomethyl;0.0111111111111
17;14 Methyl Acetylene;0.0111111111111
18;15 2-Butynenitrile;0.0111111111111
19;16 Methyl formate vt01;0.0111111111111
20;17 Ethyl Cyanide;0.0111111111111
21;18 gauche-Ethanol;0.0111111111111
22;19 Glycolaldehyde;0.0111111111111
23;20 Water;0.0111111111111
24;21 Hydrogen sulfide;0.0111111111111
25;22 Sulfur Monoxide ion;0.0111111111111
26;23 1,3-Butadiynyl radical;0.0111111111111
27;24 Formylium;0.0111111111111
28;25 Fulminic acid;0.0111111111111
29;26 Trihydrogen ion;0.0111111111111
30;27 Methanimine;0.0111111111111
31;28 Nitrous Oxide;0.0111111111111
32;29 Propadienylidene;0.0111111111111
33;30 Ethylene Oxide;0.0111111111111
34;31 Ketenimine;0.0111111111111
35;32 2,4,6-Heptatriynenitrile;0.0111111111111
36;33 Aminoacetonitrile;0.0111111111111
37;34 Methanol;0.0111111111111
38;35 Ammonia;0.0111111111111
39;36 Formyl Radical;0.0111111111111
40;37 Methyl Cyanide;0.0111111111111
41;38 Molecular oxygen;0.0111111111111
42;39 Cyclopropenone;0.0111111111111
43;40 Carbonyl Sulfide;0.0111111111111
44;41 Acetaldehyde;0.0111111111111
45;42 Cyanomethylene;0.0111111111111
46;43 3-Thioxo-1,2-Propadieylidene;0.0111111111111
47;44 Formamide;0.0111111111111
48;45 Cyanobutadiyne;0.0111111111111
49;46 Sulfur Dioxide;0.0111111111111
50;47 Methyl isocyanide;0.0111111111111
51;48 Nitric sulfide;0.0111111111111
52;49 Methylene;0.0111111111111
53;50 Hydrochloric acid;0.0111111111111
54;51 Ethyne Isocyanide;0.0111111111111
55;52 Cyanide Radical;0.0111111111111
56;53 Nitric oxide;0.0111111111111
57;54 Cyanic acid;0.0111111111111
58;55 Formaldehyde;0.0111111111111
59;56 Sulfur Monoxide;0.0111111111111
60;57 Protonate 2-proynenitrile;0.0111111111111
61;58 Ethynyl;0.0111111111111
62;59 Ethylene Glycol;0.0111111111111
63;60 Hydrogen Cyanide;0.0111111111111
64;61 Fluoromethyliumylidene;0.0111111111111
65;62 Methylidyne;0.0111111111111
66;63 Thioxoethenylidene;0.0111111111111
67;64 Cyanomethanimine;0.0111111111111
68;65 Silicon Monoxide;0.0111111111111
69;68 Carbon Monoxide;0.0111111111111
70;69 Phosphorous nitride;0.0111111111111
71;70 Thioformaldehyde;0.0111111111111
72;71 Diazenylium;0.0111111111111
73;72 Cyanoformaldehyde;0.0111111111111
74;73 Isothiocyanic acid;0.0111111111111
75;74 Vinyl Alcohol;0.0111111111111
76;75 Hydrogen Isocyanide;0.0111111111111
77;76 Carbon Monosulfide;0.0111111111111
78;77 Methylamine;0.0111111111111
79;78 Protonated Carbon Dioxide;0.0111111111111
80;79 Formic Acid;0.0111111111111
81;80 Cyclopropenylidene;0.0111111111111
82;81 Cyanoacetylene;0.0111111111111
83;82 para-Oxidaniumyl;0.0111111111111
84;83 ortho-Oxidaniumyl;0.0111111111111
85;84 Nitrosyl hydride;0.0111111111111
