1;8 Methyliumylidene;0.0631578947368
2;26 Trihydrogen ion;0.0631578947368
3;0 Isocyanic Acid;0.0105263157895
4;1 Propenal;0.0105263157895
5;2 Ketene;0.0105263157895
6;3 Oxonium hydride;0.0105263157895
7;4 Thioformylium;0.0105263157895
8;5 Vinyl Cyanide;0.0105263157895
9;6 Methyl Formate;0.0105263157895
10;7 Hydroxyl;0.0105263157895
11;9 Iminomethylium;0.0105263157895
12;10 Hydroxymethylium ion;0.0105263157895
13;11 2-Propynal;0.0105263157895
14;12 Carbon Monosulfide;0.0105263157895
15;13 Cyanomethyl;0.0105263157895
16;14 Methyl Acetylene;0.0105263157895
17;15 2-Butynenitrile;0.0105263157895
18;16 Methyl formate vt01;0.0105263157895
19;17 Ethyl Cyanide;0.0105263157895
20;18 gauche-Ethanol;0.0105263157895
21;19 Glycolaldehyde;0.0105263157895
22;20 Water;0.0105263157895
23;21 Hydrogen sulfide;0.0105263157895
24;22 Sulfur Monoxide ion;0.0105263157895
25;23 1,3-Butadiynyl radical;0.0105263157895
26;24 Formylium;0.0105263157895
27;25 Fulminic acid;0.0105263157895
28;27 Methanimine;0.0105263157895
29;28 Nitrous Oxide;0.0105263157895
30;29 Propadienylidene;0.0105263157895
31;30 Ethylene Oxide;0.0105263157895
32;31 Ketenimine;0.0105263157895
33;32 2,4,6-Heptatriynenitrile;0.0105263157895
34;33 Aminoacetonitrile;0.0105263157895
35;34 Methanol;0.0105263157895
36;35 Ammonia;0.0105263157895
37;36 Formyl Radical;0.0105263157895
38;37 Methyl Cyanide;0.0105263157895
39;38 Molecular oxygen;0.0105263157895
40;39 Cyclopropenone;0.0105263157895
41;40 Carbonyl Sulfide;0.0105263157895
42;41 Acetaldehyde;0.0105263157895
43;42 Cyanomethylene;0.0105263157895
44;43 3-Thioxo-1,2-Propadieylidene;0.0105263157895
45;44 Formamide;0.0105263157895
46;45 Cyanobutadiyne;0.0105263157895
47;46 Sulfur Dioxide;0.0105263157895
48;47 Methyl isocyanide;0.0105263157895
49;48 Nitric sulfide;0.0105263157895
50;49 Methylene;0.0105263157895
51;50 Hydrochloric acid;0.0105263157895
52;51 Ethyne Isocyanide;0.0105263157895
53;52 Cyanide Radical;0.0105263157895
54;53 Nitric oxide;0.0105263157895
55;54 Cyanic acid;0.0105263157895
56;55 Formaldehyde;0.0105263157895
57;56 Sulfur Monoxide;0.0105263157895
58;57 Protonate 2-proynenitrile;0.0105263157895
59;58 Ethynyl;0.0105263157895
60;59 Ethylene Glycol;0.0105263157895
61;60 Hydrogen Cyanide;0.0105263157895
62;61 Fluoromethyliumylidene;0.0105263157895
63;62 Methylidyne;0.0105263157895
64;63 Thioxoethenylidene;0.0105263157895
65;64 Cyanomethanimine;0.0105263157895
66;65 Silicon Monoxide;0.0105263157895
67;66 Dimethyl ether;0.0105263157895
68;67 Acetone;0.0105263157895
69;68 Carbon Monoxide;0.0105263157895
70;69 Phosphorous nitride;0.0105263157895
71;70 Thioformaldehyde;0.0105263157895
72;71 Diazenylium;0.0105263157895
73;72 Cyanoformaldehyde;0.0105263157895
74;73 Isothiocyanic acid;0.0105263157895
75;74 Vinyl Alcohol;0.0105263157895
76;75 Hydrogen Isocyanide;0.0105263157895
77;76 Carbon Monosulfide;0.0105263157895
78;77 Methylamine;0.0105263157895
79;78 Protonated Carbon Dioxide;0.0105263157895
80;79 Formic Acid;0.0105263157895
81;80 Cyclopropenylidene;0.0105263157895
82;81 Cyanoacetylene;0.0105263157895
83;82 para-Oxidaniumyl;0.0105263157895
84;83 ortho-Oxidaniumyl;0.0105263157895
85;84 Nitrosyl hydride;0.0105263157895
