1;46 Protonate 2-proynenitrile;0.044776119403
2;23 Silicon monosulfide;0.0261194029851
3;41 Formamide;0.0261194029851
4;0 Dimethyl ether;0.00746268656716
5;1 Butatrienylidene;0.00746268656716
6;2 Nitrous Oxide;0.00746268656716
7;3 Methyl Acetylene;0.00746268656716
8;4 2,4,6-Heptatriynenitrile;0.00746268656716
9;5 2,4-Pentadiynylidyne;0.00746268656716
10;6 Ethylene Glycol;0.00746268656716
11;7 Methyl Cyanide;0.00746268656716
12;8 Thioformylium;0.00746268656716
13;9 para-Oxidaniumyl;0.00746268656716
14;10 Hydrogen Cyanide;0.00746268656716
15;11 Cyanide Radical;0.00746268656716
16;12 Formic Acid;0.00746268656716
17;13 Nitric sulfide;0.00746268656716
18;14 Iminomethylium;0.00746268656716
19;15 Nitrosyl hydride;0.00746268656716
20;16 Propynylidynium;0.00746268656716
21;17 Magnesium Cyanide;0.00746268656716
22;18 1,3-Butadiynyl anion;0.00746268656716
23;19 Diazenylium;0.00746268656716
24;20 Methylamine;0.00746268656716
25;21 Chloronium;0.00746268656716
26;22 Phosphorus Monoxide;0.00746268656716
27;24 Cyclopropenone;0.00746268656716
28;25 Carbon Monoxide Ion;0.00746268656716
29;26 Sodium Cyanide;0.00746268656716
30;27 Nitric oxide;0.00746268656716
31;28 3-Thioxo-1,2-Propadieylidene;0.00746268656716
32;29 Silicon Cyanide;0.00746268656716
33;30 Ethyne Isocyanide;0.00746268656716
34;31 Sodium Chloride;0.00746268656716
35;32 Cyanoacetylene;0.00746268656716
36;33 Sulfur Monoxide;0.00746268656716
37;34 Aluminum Isocyanitrile;0.00746268656716
38;35 Cyanobutadiyne;0.00746268656716
39;36 Carbon Monoxide;0.00746268656716
40;37 Silicon Mononitride;0.00746268656716
41;38 Propadienylidene;0.00746268656716
42;39 Methanimine;0.00746268656716
43;40 Aluminum Monofluoride;0.00746268656716
44;42 1,3,5,7-Octatetraynyl anion;0.00746268656716
45;43 Aminoacetonitrile;0.00746268656716
46;44 Ammonia;0.00746268656716
47;45 gauche-Ethanol;0.00746268656716
48;47 Carbonyl Sulfide;0.00746268656716
49;48 Thioxoethenylidene;0.00746268656716
50;49 Water;0.00746268656716
51;50 Methyl Formate;0.00746268656716
52;51 Acetaldehyde;0.00746268656716
53;52 Ketenimine;0.00746268656716
54;53 Propenal;0.00746268656716
55;54 Methyl isocyanide;0.00746268656716
56;55 Protonated Carbon Dioxide;0.00746268656716
57;56 Methylidyne;0.00746268656716
58;57 Ketene;0.00746268656716
59;58 4-Cyano-1,3-Butadiynyl;0.00746268656716
60;59 Silicon Monoxide;0.00746268656716
61;60 Acetone;0.00746268656716
62;61 3-Imino-1,2 Propadienylidene;0.00746268656716
63;62 Vinyl Cyanide;0.00746268656716
64;63 Cyclopropenylidene;0.00746268656716
65;64 2,4,6-Heptatriynylidyne;0.00746268656716
66;65 Magnesium Isocyanide;0.00746268656716
67;66 Formaldehyde;0.00746268656716
68;67 Cyanobutadiynylide anion;0.00746268656716
69;68 Fulminic acid;0.00746268656716
70;69 Carbon Monosulfide;0.00746268656716
71;70 1,3,5-Hexatriynyl;0.00746268656716
72;71 1,3-Butadiynyl radical;0.00746268656716
73;72 1,3,5-Hexatriynyl anion;0.00746268656716
74;73 Silicon monosulfide;0.00746268656716
75;74 Silicon Carbide;0.00746268656716
76;75 Formylium;0.00746268656716
77;76 Ethylene Oxide;0.00746268656716
78;77 Sulfur dioxide;0.00746268656716
79;78 Carbon Monophosphide;0.00746268656716
80;79 Sulfur Monoxide ion;0.00746268656716
81;80 Methanol;0.00746268656716
82;81 Sulfur Dioxide;0.00746268656716
83;82 Cyanoformaldehyde;0.00746268656716
84;83 Isocyanic Acid;0.00746268656716
85;84 Silicon Isocyanide;0.00746268656716
86;85 Silicon Monocarbide;0.00746268656716
87;86 Phosphaethyne;0.00746268656716
88;87 Carbon Monosulfide;0.00746268656716
89;88 Methylene amidogen;0.00746268656716
90;89 Aluminum Monochloride;0.00746268656716
91;90 3-Oxo-1,2-Propadienylidene;0.00746268656716
92;91 Cyanoallene;0.00746268656716
93;92 Methyl diacetylene;0.00746268656716
94;93 Cyanomethylene;0.00746268656716
95;94 Cyanomethyl;0.00746268656716
96;95 Phosphapropynylidyne;0.00746268656716
97;96 Hydrogen Isocyanide;0.00746268656716
98;97 Hydrogen sulfide;0.00746268656716
99;98 Hydroxyl;0.00746268656716
100;99 Glycolaldehyde;0.00746268656716
101;100 2-Propynal;0.00746268656716
102;101 Ethynyl;0.00746268656716
103;102 Phosphorous nitride;0.00746268656716
104;103 Potassium chloride;0.00746268656716
105;104 Silicon tetracarbide;0.00746268656716
106;105 Ethyl Cyanide;0.00746268656716
107;106 Cyanamide;0.00746268656716
108;107 Amidogen;0.00746268656716
109;108 Formyl Radical;0.00746268656716
110;109 Vinyl Alcohol;0.00746268656716
111;110 ortho-Oxidaniumyl;0.00746268656716
112;111 Cyanoethynylide ion;0.00746268656716
113;112 Oxoethenylidene;0.00746268656716
114;113 2-Butynenitrile;0.00746268656716
115;114 3-Silanetetrayl-1,2-Propadienyli;0.00746268656716
116;115 Cyanoethynyl;0.00746268656716
117;116 3-Cyano-1,2-propadienylidene;0.00746268656716
118;117 Acetylene;0.00746268656716
119;118 Hydroxymethylium ion;0.00746268656716
120;119 Methyl formate vt01;0.00746268656716
121;120 Thioformaldehyde;0.00746268656716
122;121 Isothiocyanic acid;0.00746268656716
123;122 Butyronitrile;0.00746268656716
124;123 Cyanic acid;0.00746268656716
