1;45 Cyanobutadiyne;0.0464285714286
2;15 2-Butynenitrile;0.0285714285714
3;33 Aminoacetonitrile;0.0285714285714
4;67 Acetone;0.0285714285714
5;0 Isocyanic Acid;0.0107142857143
6;1 Propenal;0.0107142857143
7;2 Ketene;0.0107142857143
8;3 Oxonium hydride;0.0107142857143
9;4 Thioformylium;0.0107142857143
10;5 Vinyl Cyanide;0.0107142857143
11;6 Methyl Formate;0.0107142857143
12;7 Hydroxyl;0.0107142857143
13;8 Methyliumylidene;0.0107142857143
14;9 Iminomethylium;0.0107142857143
15;10 Hydroxymethylium ion;0.0107142857143
16;11 2-Propynal;0.0107142857143
17;12 Carbon Monosulfide;0.0107142857143
18;13 Cyanomethyl;0.0107142857143
19;14 Methyl Acetylene;0.0107142857143
20;16 Methyl formate vt01;0.0107142857143
21;17 Ethyl Cyanide;0.0107142857143
22;18 gauche-Ethanol;0.0107142857143
23;19 Glycolaldehyde;0.0107142857143
24;20 Water;0.0107142857143
25;21 Hydrogen sulfide;0.0107142857143
26;22 Sulfur Monoxide ion;0.0107142857143
27;23 1,3-Butadiynyl radical;0.0107142857143
28;24 Formylium;0.0107142857143
29;25 Fulminic acid;0.0107142857143
30;26 Trihydrogen ion;0.0107142857143
31;27 Methanimine;0.0107142857143
32;28 Nitrous Oxide;0.0107142857143
33;29 Propadienylidene;0.0107142857143
34;30 Ethylene Oxide;0.0107142857143
35;31 Ketenimine;0.0107142857143
36;32 2,4,6-Heptatriynenitrile;0.0107142857143
37;34 Methanol;0.0107142857143
38;35 Ammonia;0.0107142857143
39;36 Formyl Radical;0.0107142857143
40;37 Methyl Cyanide;0.0107142857143
41;38 Molecular oxygen;0.0107142857143
42;39 Cyclopropenone;0.0107142857143
43;40 Carbonyl Sulfide;0.0107142857143
44;41 Acetaldehyde;0.0107142857143
45;42 Cyanomethylene;0.0107142857143
46;43 3-Thioxo-1,2-Propadieylidene;0.0107142857143
47;44 Formamide;0.0107142857143
48;46 Sulfur Dioxide;0.0107142857143
49;47 Methyl isocyanide;0.0107142857143
50;48 Nitric sulfide;0.0107142857143
51;49 Methylene;0.0107142857143
52;50 Hydrochloric acid;0.0107142857143
53;51 Ethyne Isocyanide;0.0107142857143
54;52 Cyanide Radical;0.0107142857143
55;53 Nitric oxide;0.0107142857143
56;54 Cyanic acid;0.0107142857143
57;55 Formaldehyde;0.0107142857143
58;56 Sulfur Monoxide;0.0107142857143
59;57 Protonate 2-proynenitrile;0.0107142857143
60;58 Ethynyl;0.0107142857143
61;59 Ethylene Glycol;0.0107142857143
62;60 Hydrogen Cyanide;0.0107142857143
63;61 Fluoromethyliumylidene;0.0107142857143
64;62 Methylidyne;0.0107142857143
65;63 Thioxoethenylidene;0.0107142857143
66;64 Cyanomethanimine;0.0107142857143
67;65 Silicon Monoxide;0.0107142857143
68;66 Dimethyl ether;0.0107142857143
69;68 Carbon Monoxide;0.0107142857143
70;69 Phosphorous nitride;0.0107142857143
71;70 Thioformaldehyde;0.0107142857143
72;71 Diazenylium;0.0107142857143
73;72 Cyanoformaldehyde;0.0107142857143
74;73 Isothiocyanic acid;0.0107142857143
75;74 Vinyl Alcohol;0.0107142857143
76;75 Hydrogen Isocyanide;0.0107142857143
77;76 Carbon Monosulfide;0.0107142857143
78;77 Methylamine;0.0107142857143
79;78 Protonated Carbon Dioxide;0.0107142857143
80;79 Formic Acid;0.0107142857143
81;80 Cyclopropenylidene;0.0107142857143
82;81 Cyanoacetylene;0.0107142857143
83;82 para-Oxidaniumyl;0.0107142857143
84;83 ortho-Oxidaniumyl;0.0107142857143
85;84 Nitrosyl hydride;0.0107142857143
