1;61 Fluoromethyliumylidene;0.715254237288
2;0 Isocyanic Acid;0.00338983050847
3;1 Propenal;0.00338983050847
4;2 Ketene;0.00338983050847
5;3 Oxonium hydride;0.00338983050847
6;4 Thioformylium;0.00338983050847
7;5 Vinyl Cyanide;0.00338983050847
8;6 Methyl Formate;0.00338983050847
9;7 Hydroxyl;0.00338983050847
10;8 Methyliumylidene;0.00338983050847
11;9 Iminomethylium;0.00338983050847
12;10 Hydroxymethylium ion;0.00338983050847
13;11 2-Propynal;0.00338983050847
14;12 Carbon Monosulfide;0.00338983050847
15;13 Cyanomethyl;0.00338983050847
16;14 Methyl Acetylene;0.00338983050847
17;15 2-Butynenitrile;0.00338983050847
18;16 Methyl formate vt01;0.00338983050847
19;17 Ethyl Cyanide;0.00338983050847
20;18 gauche-Ethanol;0.00338983050847
21;19 Glycolaldehyde;0.00338983050847
22;20 Water;0.00338983050847
23;21 Hydrogen sulfide;0.00338983050847
24;22 Sulfur Monoxide ion;0.00338983050847
25;23 1,3-Butadiynyl radical;0.00338983050847
26;24 Formylium;0.00338983050847
27;25 Fulminic acid;0.00338983050847
28;26 Trihydrogen ion;0.00338983050847
29;27 Methanimine;0.00338983050847
30;28 Nitrous Oxide;0.00338983050847
31;29 Propadienylidene;0.00338983050847
32;30 Ethylene Oxide;0.00338983050847
33;31 Ketenimine;0.00338983050847
34;32 2,4,6-Heptatriynenitrile;0.00338983050847
35;33 Aminoacetonitrile;0.00338983050847
36;34 Methanol;0.00338983050847
37;35 Ammonia;0.00338983050847
38;36 Formyl Radical;0.00338983050847
39;37 Methyl Cyanide;0.00338983050847
40;38 Molecular oxygen;0.00338983050847
41;39 Cyclopropenone;0.00338983050847
42;40 Carbonyl Sulfide;0.00338983050847
43;41 Acetaldehyde;0.00338983050847
44;42 Cyanomethylene;0.00338983050847
45;43 3-Thioxo-1,2-Propadieylidene;0.00338983050847
46;44 Formamide;0.00338983050847
47;45 Cyanobutadiyne;0.00338983050847
48;46 Sulfur Dioxide;0.00338983050847
49;47 Methyl isocyanide;0.00338983050847
50;48 Nitric sulfide;0.00338983050847
51;49 Methylene;0.00338983050847
52;50 Hydrochloric acid;0.00338983050847
53;51 Ethyne Isocyanide;0.00338983050847
54;52 Cyanide Radical;0.00338983050847
55;53 Nitric oxide;0.00338983050847
56;54 Cyanic acid;0.00338983050847
57;55 Formaldehyde;0.00338983050847
58;56 Sulfur Monoxide;0.00338983050847
59;57 Protonate 2-proynenitrile;0.00338983050847
60;58 Ethynyl;0.00338983050847
61;59 Ethylene Glycol;0.00338983050847
62;60 Hydrogen Cyanide;0.00338983050847
63;62 Methylidyne;0.00338983050847
64;63 Thioxoethenylidene;0.00338983050847
65;64 Cyanomethanimine;0.00338983050847
66;65 Silicon Monoxide;0.00338983050847
67;66 Dimethyl ether;0.00338983050847
68;67 Acetone;0.00338983050847
69;68 Carbon Monoxide;0.00338983050847
70;69 Phosphorous nitride;0.00338983050847
71;70 Thioformaldehyde;0.00338983050847
72;71 Diazenylium;0.00338983050847
73;72 Cyanoformaldehyde;0.00338983050847
74;73 Isothiocyanic acid;0.00338983050847
75;74 Vinyl Alcohol;0.00338983050847
76;75 Hydrogen Isocyanide;0.00338983050847
77;76 Carbon Monosulfide;0.00338983050847
78;77 Methylamine;0.00338983050847
79;78 Protonated Carbon Dioxide;0.00338983050847
80;79 Formic Acid;0.00338983050847
81;80 Cyclopropenylidene;0.00338983050847
82;81 Cyanoacetylene;0.00338983050847
83;82 para-Oxidaniumyl;0.00338983050847
84;83 ortho-Oxidaniumyl;0.00338983050847
85;84 Nitrosyl hydride;0.00338983050847
