1;34 Ethyne Isocyanide;0.04270462633451957
2;28 Cyclopropenone;0.024911032028469747
3;0 Dimethyl ether;0.0071174377224199285
4;1 Butatrienylidene;0.0071174377224199285
5;2 Trihydrogen ion;0.0071174377224199285
6;3 Nitrous Oxide;0.0071174377224199285
7;4 Methyl Acetylene;0.0071174377224199285
8;5 2,4,6-Heptatriynenitrile;0.0071174377224199285
9;6 Ethylene Glycol;0.0071174377224199285
10;7 2,4-Pentadiynylidyne;0.0071174377224199285
11;8 Methyl Cyanide;0.0071174377224199285
12;9 Thioformylium;0.0071174377224199285
13;10 para-Oxidaniumyl;0.0071174377224199285
14;11 Hydrogen Cyanide;0.0071174377224199285
15;12 Titanium monoxide;0.0071174377224199285
16;13 Cyanide Radical;0.0071174377224199285
17;14 Formic Acid;0.0071174377224199285
18;15 Nitric sulfide;0.0071174377224199285
19;16 Iminomethylium;0.0071174377224199285
20;17 Aluminum monoxide;0.0071174377224199285
21;18 Methyl isocyanate;0.0071174377224199285
22;19 Nitrosyl hydride;0.0071174377224199285
23;20 Propynylidynium;0.0071174377224199285
24;21 Magnesium Cyanide;0.0071174377224199285
25;22 1,3-Butadiynyl anion;0.0071174377224199285
26;23 Diazenylium;0.0071174377224199285
27;24 Methylamine;0.0071174377224199285
28;25 Chloronium;0.0071174377224199285
29;26 Silicon monosulfide;0.0071174377224199285
30;27 Phosphorus Monoxide;0.0071174377224199285
31;29 Carbon Monoxide Ion;0.0071174377224199285
32;30 Sodium Cyanide;0.0071174377224199285
33;31 Nitric oxide;0.0071174377224199285
34;32 3-Thioxo-1,2-Propadieylidene;0.0071174377224199285
35;33 Silicon Cyanide;0.0071174377224199285
36;35 Sodium Chloride;0.0071174377224199285
37;36 Cyanoacetylene;0.0071174377224199285
38;37 Sulfur Monoxide;0.0071174377224199285
39;38 Aluminum Isocyanitrile;0.0071174377224199285
40;39 Cyanobutadiyne;0.0071174377224199285
41;40 Potassium cyanide, potassium isocyanide;0.0071174377224199285
42;41 Silicon Mononitride;0.0071174377224199285
43;42 Carbon Monoxide;0.0071174377224199285
44;43 Propadienylidene;0.0071174377224199285
45;44 Methanimine;0.0071174377224199285
46;45 Aluminum Monofluoride;0.0071174377224199285
47;46 Formamide;0.0071174377224199285
48;47 1,3,5,7-Octatetraynyl anion;0.0071174377224199285
49;48 Aminoacetonitrile;0.0071174377224199285
50;49 Ammonia;0.0071174377224199285
51;50 gauche-Ethanol;0.0071174377224199285
52;51 Protonate 2-proynenitrile;0.0071174377224199285
53;52 Carbonyl Sulfide;0.0071174377224199285
54;53 Thioxoethenylidene;0.0071174377224199285
55;54 Ethyl cyanide;0.0071174377224199285
56;55 Water;0.0071174377224199285
57;56 Methyl Formate;0.0071174377224199285
58;57 Acetaldehyde;0.0071174377224199285
59;58 Ketenimine;0.0071174377224199285
60;59 Propenal;0.0071174377224199285
61;60 Methyl isocyanide;0.0071174377224199285
62;61 iso-propyl cyanide;0.0071174377224199285
63;62 Hydrogen cyanide;0.0071174377224199285
64;63 Protonated Carbon Dioxide;0.0071174377224199285
65;64 Methylidyne;0.0071174377224199285
66;65 Ketene;0.0071174377224199285
67;66 4-Cyano-1,3-Butadiynyl;0.0071174377224199285
68;67 Silicon Monoxide;0.0071174377224199285
69;68 Acetone;0.0071174377224199285
70;69 Vinyl Cyanide;0.0071174377224199285
71;70 3-Imino-1,2 Propadienylidene;0.0071174377224199285
72;71 Silicon monoxide (global fit);0.0071174377224199285
73;72 Cyclopropenylidene;0.0071174377224199285
74;73 Magnesium Isocyanide;0.0071174377224199285
75;74 2,4,6-Heptatriynylidyne;0.0071174377224199285
76;75 Cyanobutadiynylide anion;0.0071174377224199285
77;76 Formaldehyde;0.0071174377224199285
78;77 Carbon Monosulfide;0.0071174377224199285
79;78 Fulminic acid;0.0071174377224199285
80;79 1,3,5-Hexatriynyl;0.0071174377224199285
81;80 3-Silanetetrayl-1,2-Propadienylidene;0.0071174377224199285
82;81 1,3-Butadiynyl radical;0.0071174377224199285
83;82 trans-Ethanol;0.0071174377224199285
84;83 Silicon Carbide;0.0071174377224199285
85;84 1,3,5-Hexatriynyl anion;0.0071174377224199285
86;85 Formylium;0.0071174377224199285
87;86 Ethylene Oxide;0.0071174377224199285
88;87 Sulfur dioxide;0.0071174377224199285
89;88 Carbon Monophosphide;0.0071174377224199285
90;89 Sulfur Monoxide ion;0.0071174377224199285
91;90 Methanol;0.0071174377224199285
92;91 Sulfur Dioxide;0.0071174377224199285
93;92 Cyanoformaldehyde;0.0071174377224199285
94;93 Isocyanic Acid;0.0071174377224199285
95;94 Silicon Isocyanide;0.0071174377224199285
96;95 Methylene amidogen;0.0071174377224199285
97;96 Silicon Monocarbide;0.0071174377224199285
98;97 Phosphaethyne;0.0071174377224199285
99;98 Aluminum Monochloride;0.0071174377224199285
100;99 Cyanoallene;0.0071174377224199285
101;100 3-Oxo-1,2-Propadienylidene;0.0071174377224199285
102;101 Methyl diacetylene;0.0071174377224199285
103;102 Cyanomethylene;0.0071174377224199285
104;103 Phosphapropynylidyne;0.0071174377224199285
105;104 Cyanomethyl;0.0071174377224199285
106;105 Hydrogen Isocyanide;0.0071174377224199285
107;106 Hydrogen sulfide;0.0071174377224199285
108;107 Hydroxyl;0.0071174377224199285
109;108 Glycolaldehyde;0.0071174377224199285
110;109 Cyanide anion;0.0071174377224199285
111;110 2-Propynal;0.0071174377224199285
112;111 Ethynyl;0.0071174377224199285
113;112 Phosphorous nitride;0.0071174377224199285
114;113 Magnesium hydride isocyanide;0.0071174377224199285
115;114 Potassium chloride;0.0071174377224199285
116;115 Silicon tetracarbide;0.0071174377224199285
117;116 Ethyl Cyanide;0.0071174377224199285
118;117 Cyanamide;0.0071174377224199285
119;118 Amidogen;0.0071174377224199285
120;119 Hydroxymethylidyne;0.0071174377224199285
121;120 Formyl Radical;0.0071174377224199285
122;121 Vinyl Alcohol;0.0071174377224199285
123;122 ortho-Oxidaniumyl;0.0071174377224199285
124;123 Cyanoethynylide ion;0.0071174377224199285
125;124 Oxoethenylidene;0.0071174377224199285
126;125 2-Butynenitrile;0.0071174377224199285
127;126 Cyanoethynyl;0.0071174377224199285
128;127 3-Cyano-1,2-propadienylidene;0.0071174377224199285
129;128 Hydroxymethylium ion;0.0071174377224199285
130;129 Thioformaldehyde;0.0071174377224199285
131;130 Isothiocyanic acid;0.0071174377224199285
132;131 Methyl formate, v<sub>t</sub> = 0, 1;0.0071174377224199285
133;132 Cyanic acid;0.0071174377224199285
