1;56 Carbon Monoxide;0.09878682842287696
2;49 Sodium Cyanide;0.029462738301559793
3;64 2,4,6-Heptatriynylidyne;0.029462738301559793
4;66 Cyanoacetylene;0.029462738301559793
5;0 1,3,5-Hexatriynyl;0.012131715771230503
6;1 Silicon monosulfide;0.012131715771230503
7;2 Vinyl Cyanide;0.012131715771230503
8;3 Hydroxyl;0.012131715771230503
9;4 Methyliumylidene;0.012131715771230503
10;5 Aluminum Isocyanitrile;0.012131715771230503
11;6 Carbon Monosulfide;0.012131715771230503
12;7 Methyl Acetylene;0.012131715771230503
13;8 1,3-Butadiynyl anion;0.012131715771230503
14;9 Butatrienylidene;0.012131715771230503
15;10 2,4-Pentadiynylidyne;0.012131715771230503
16;11 Aluminum Monochloride;0.012131715771230503
17;12 4-Cyano-1,3-Butadiynyl;0.012131715771230503
18;13 Silicon monosulfide;0.012131715771230503
19;14 Water;0.012131715771230503
20;15 Hydrogen sulfide;0.012131715771230503
21;16 1,3-Butadiynyl radical;0.012131715771230503
22;17 Formylium;0.012131715771230503
23;18 Trihydrogen ion;0.012131715771230503
24;19 Methanimine;0.012131715771230503
25;20 Phosphorus Monoxide;0.012131715771230503
26;21 Methyl Cyanide;0.012131715771230503
27;22 Magnesium Isocyanide;0.012131715771230503
28;23 1,3,5-Hexatriynyl anion;0.012131715771230503
29;24 Phosphaethyne;0.012131715771230503
30;25 1,3,5,7-Octatetraynyl anion;0.012131715771230503
31;26 Silicon Monocarbide;0.012131715771230503
32;27 Cyanomethylene;0.012131715771230503
33;28 3-Thioxo-1,2-Propadieylidene;0.012131715771230503
34;29 Cyanobutadiyne;0.012131715771230503
35;30 Silicon Isocyanide;0.012131715771230503
36;31 Potassium chloride;0.012131715771230503
37;32 3-Oxo-1,2-Propadienylidene;0.012131715771230503
38;33 Silicon Carbide;0.012131715771230503
39;34 3-Cyano-1,2-propadienylidene;0.012131715771230503
40;35 Nitric sulfide;0.012131715771230503
41;36 Sulfur dioxide;0.012131715771230503
42;37 Ethyne Isocyanide;0.012131715771230503
43;38 Cyanoethynylide ion;0.012131715771230503
44;39 Cyanide Radical;0.012131715771230503
45;40 Carbon Monoxide Ion;0.012131715771230503
46;41 Cyanobutadiynylide anion;0.012131715771230503
47;42 Aluminum Monofluoride;0.012131715771230503
48;43 Formaldehyde;0.012131715771230503
49;44 Sulfur Monoxide;0.012131715771230503
50;45 Silicon tetracarbide;0.012131715771230503
51;46 Ethynyl;0.012131715771230503
52;47 Sodium Chloride;0.012131715771230503
53;48 Hydrogen Cyanide;0.012131715771230503
54;50 3-Imino-1,2 Propadienylidene;0.012131715771230503
55;51 Methylidyne;0.012131715771230503
56;52 Thioxoethenylidene;0.012131715771230503
57;53 Silicon Monoxide;0.012131715771230503
58;54 1,3,5,7-Octatetraynyl;0.012131715771230503
59;55 Silicon Mononitride;0.012131715771230503
60;57 Phosphorous nitride;0.012131715771230503
61;58 Carbon Monophosphide;0.012131715771230503
62;59 Thioformaldehyde;0.012131715771230503
63;60 Hexatrienyl;0.012131715771230503
64;61 Hydrogen Isocyanide;0.012131715771230503
65;62 Carbon Monosulfide;0.012131715771230503
66;63 Silicon Cyanide;0.012131715771230503
67;65 Cyclopropenylidene;0.012131715771230503
68;67 Magnesium Cyanide;0.012131715771230503
69;68 3-Silanetetrayl-1,2-Propadienyli;0.012131715771230503
70;69 Cyanoethynyl;0.012131715771230503
71;70 Phosphapropynylidyne;0.012131715771230503
