DMTau.CS_5-4.image;model_alma_band_6_tr_500it;1;17 Nitrosyl hydride;0.8688959660297239
DMTau.CS_5-4.image;model_alma_band_6_tr_500it;2;13 Nitric sulfide;0.0037154989384288743
DMTau.CS_5-4.image;model_alma_band_6_tr_500it;3;78 Sulfur Dioxide;0.0037154989384288743
DMTau.CS_5-4.image;model_alma_band_6_tr_500it;4;98 Phosphorous nitride;0.0037154989384288743
DMTau.CS_5-4.image;model_alma_band_6_tr_500it;5;0 Dimethyl ether;0.0010615711252653928
HD163296_CO_2_1.image;model_alma_band_6_tr_500it;1;40 Aluminum Monofluoride;0.45495495495495486
HD163296_CO_2_1.image;model_alma_band_6_tr_500it;2;58 Methylidyne;0.02702702702702702
HD163296_CO_2_1.image;model_alma_band_6_tr_500it;3;0 Dimethyl ether;0.0045045045045045045
HD163296_CO_2_1.image;model_alma_band_6_tr_500it;4;1 Butatrienylidene;0.0045045045045045045
HD163296_CO_2_1.image;model_alma_band_6_tr_500it;5;2 Trihydrogen ion;0.0045045045045045045
TWHydra_HCOplusline.image;model_alma_band_6_tr_500it;1;19 Magnesium Cyanide;0.10601719197707735
TWHydra_HCOplusline.image;model_alma_band_6_tr_500it;2;81 Silicon Isocyanide;0.10601719197707735
TWHydra_HCOplusline.image;model_alma_band_6_tr_500it;3;17 Nitrosyl hydride;0.03438395415472779
TWHydra_HCOplusline.image;model_alma_band_6_tr_500it;4;84 Phosphaethyne;0.03438395415472779
TWHydra_HCOplusline.image;model_alma_band_6_tr_500it;5;114 Thioformaldehyde;0.03438395415472779
Orion.HNC.cbc.contsub.image;model_alma_band_6_tr_500it;1;22 Chloronium;0.7725563909774436
Orion.HNC.cbc.contsub.image;model_alma_band_6_tr_500it;2;29 Silicon Cyanide;0.006578947368421052
Orion.HNC.cbc.contsub.image;model_alma_band_6_tr_500it;3;47 Thioxoethenylidene;0.006578947368421052
Orion.HNC.cbc.contsub.image;model_alma_band_6_tr_500it;4;0 Dimethyl ether;0.0018796992481203006
Orion.HNC.cbc.contsub.image;model_alma_band_6_tr_500it;5;1 Butatrienylidene;0.0018796992481203006
Orion.methanol.cbc.contsub.image;model_alma_band_6_tr_500it;1;15 Aluminum monoxide;0.5647668393782384
Orion.methanol.cbc.contsub.image;model_alma_band_6_tr_500it;2;71 Silicon Carbide;0.029360967184801377
Orion.methanol.cbc.contsub.image;model_alma_band_6_tr_500it;3;52 Ketenimine;0.012089810017271154
Orion.methanol.cbc.contsub.image;model_alma_band_6_tr_500it;4;0 Dimethyl ether;0.0034542314335060447
Orion.methanol.cbc.contsub.image;model_alma_band_6_tr_500it;5;1 Butatrienylidene;0.0034542314335060447
TWHydra_CO3_2line.image;model_alma_band_6_tr_500it;1;81 Silicon Isocyanide;0.29805013927576596
TWHydra_CO3_2line.image;model_alma_band_6_tr_500it;2;9 Hydrogen Cyanide;0.01949860724233983
TWHydra_CO3_2line.image;model_alma_band_6_tr_500it;3;32 Cyanoacetylene;0.01949860724233983
TWHydra_CO3_2line.image;model_alma_band_6_tr_500it;4;34 Aluminum Isocyanitrile;0.01949860724233983
TWHydra_CO3_2line.image;model_alma_band_6_tr_500it;5;89 Phosphapropynylidyne;0.01949860724233983
uid___A002_Xa916fc_X668__IRS43_HCO32.final.image.pbcor;model_alma_band_6_tr_500it;1;15 Aluminum monoxide;0.8165276724791508
uid___A002_Xa916fc_X668__IRS43_HCO32.final.image.pbcor;model_alma_band_6_tr_500it;2;1 Butatrienylidene;0.005307050796057619
uid___A002_Xa916fc_X668__IRS43_HCO32.final.image.pbcor;model_alma_band_6_tr_500it;3;60 Silicon Monoxide;0.005307050796057619
uid___A002_Xa916fc_X668__IRS43_HCO32.final.image.pbcor;model_alma_band_6_tr_500it;4;0 Dimethyl ether;0.001516300227445034
uid___A002_Xa916fc_X668__IRS43_HCO32.final.image.pbcor;model_alma_band_6_tr_500it;5;2 Trihydrogen ion;0.001516300227445034
