1;19 Magnesium Cyanide;0.10601719197707735
2;81 Silicon Isocyanide;0.10601719197707735
3;17 Nitrosyl hydride;0.03438395415472779
4;84 Phosphaethyne;0.03438395415472779
5;114 Thioformaldehyde;0.03438395415472779
6;64 Cyclopropenylidene;0.020057306590257874
7;67 Formaldehyde;0.020057306590257874
8;89 Phosphapropynylidyne;0.020057306590257874
9;0 Dimethyl ether;0.005730659025787965
10;1 Butatrienylidene;0.005730659025787965
11;2 Trihydrogen ion;0.005730659025787965
12;3 Nitrous Oxide;0.005730659025787965
13;4 Methyl Acetylene;0.005730659025787965
14;5 Ethylene Glycol;0.005730659025787965
15;6 Methyl Cyanide;0.005730659025787965
16;7 Thioformylium;0.005730659025787965
17;8 para-Oxidaniumyl;0.005730659025787965
18;9 Hydrogen Cyanide;0.005730659025787965
19;10 Titanium monoxide;0.005730659025787965
20;11 Cyanide Radical;0.005730659025787965
21;12 Formic Acid;0.005730659025787965
22;13 Nitric sulfide;0.005730659025787965
23;14 Iminomethylium;0.005730659025787965
24;15 Aluminum monoxide;0.005730659025787965
25;16 Methyl isocyanate;0.005730659025787965
26;18 Propynylidynium;0.005730659025787965
27;20 Diazenylium;0.005730659025787965
28;21 Methylamine;0.005730659025787965
29;22 Chloronium;0.005730659025787965
30;23 Silicon monosulfide;0.005730659025787965
31;24 Phosphorus Monoxide;0.005730659025787965
32;25 Cyclopropenone;0.005730659025787965
33;26 Carbon Monoxide Ion;0.005730659025787965
34;27 Sodium Cyanide;0.005730659025787965
35;28 Nitric oxide;0.005730659025787965
36;29 Silicon Cyanide;0.005730659025787965
37;30 Ethyne Isocyanide;0.005730659025787965
38;31 Sodium Chloride;0.005730659025787965
39;32 Cyanoacetylene;0.005730659025787965
40;33 Sulfur Monoxide;0.005730659025787965
41;34 Aluminum Isocyanitrile;0.005730659025787965
42;35 Cyanobutadiyne;0.005730659025787965
43;36 Silicon Mononitride;0.005730659025787965
44;37 Carbon Monoxide;0.005730659025787965
45;38 Propadienylidene;0.005730659025787965
46;39 Methanimine;0.005730659025787965
47;40 Aluminum Monofluoride;0.005730659025787965
48;41 Formamide;0.005730659025787965
49;42 Aminoacetonitrile;0.005730659025787965
50;43 Ammonia;0.005730659025787965
51;44 gauche-Ethanol;0.005730659025787965
52;45 Protonate 2-proynenitrile;0.005730659025787965
53;46 Carbonyl Sulfide;0.005730659025787965
54;47 Thioxoethenylidene;0.005730659025787965
55;48 Ethyl cyanide;0.005730659025787965
56;49 Water;0.005730659025787965
57;50 Methyl Formate;0.005730659025787965
58;51 Acetaldehyde;0.005730659025787965
59;52 Ketenimine;0.005730659025787965
60;53 Propenal;0.005730659025787965
61;54 Methyl isocyanide;0.005730659025787965
62;55 iso-propyl cyanide;0.005730659025787965
63;56 Hydrogen cyanide;0.005730659025787965
64;57 Protonated Carbon Dioxide;0.005730659025787965
65;58 Methylidyne;0.005730659025787965
66;59 Ketene;0.005730659025787965
67;60 Silicon Monoxide;0.005730659025787965
68;61 Acetone;0.005730659025787965
69;62 Vinyl Cyanide;0.005730659025787965
70;63 Silicon monoxide (global fit);0.005730659025787965
71;65 Magnesium Isocyanide;0.005730659025787965
72;66 Cyanobutadiynylide anion;0.005730659025787965
73;68 Carbon Monosulfide;0.005730659025787965
74;69 Fulminic acid;0.005730659025787965
75;70 trans-Ethanol;0.005730659025787965
76;71 Silicon Carbide;0.005730659025787965
77;72 Formylium;0.005730659025787965
78;73 Ethylene Oxide;0.005730659025787965
79;74 Sulfur dioxide;0.005730659025787965
80;75 Carbon Monophosphide;0.005730659025787965
81;76 Sulfur Monoxide ion;0.005730659025787965
82;77 Methanol;0.005730659025787965
83;78 Sulfur Dioxide;0.005730659025787965
84;79 Cyanoformaldehyde;0.005730659025787965
85;80 Isocyanic Acid;0.005730659025787965
86;82 Methylene amidogen;0.005730659025787965
87;83 Silicon Monocarbide;0.005730659025787965
88;85 Aluminum Monochloride;0.005730659025787965
89;86 Cyanoallene;0.005730659025787965
90;87 Methyl diacetylene;0.005730659025787965
91;88 Cyanomethylene;0.005730659025787965
92;90 Cyanomethyl;0.005730659025787965
93;91 Hydrogen Isocyanide;0.005730659025787965
94;92 Hydrogen sulfide;0.005730659025787965
95;93 Hydroxyl;0.005730659025787965
96;94 Glycolaldehyde;0.005730659025787965
97;95 Cyanide anion;0.005730659025787965
98;96 2-Propynal;0.005730659025787965
99;97 Ethynyl;0.005730659025787965
100;98 Phosphorous nitride;0.005730659025787965
101;99 Magnesium hydride isocyanide;0.005730659025787965
102;100 Potassium chloride;0.005730659025787965
103;101 Silicon tetracarbide;0.005730659025787965
104;102 Ethyl Cyanide;0.005730659025787965
105;103 Cyanamide;0.005730659025787965
106;104 Amidogen;0.005730659025787965
107;105 Hydroxymethylidyne;0.005730659025787965
108;106 Formyl Radical;0.005730659025787965
109;107 Vinyl Alcohol;0.005730659025787965
110;108 ortho-Oxidaniumyl;0.005730659025787965
111;109 Cyanoethynylide ion;0.005730659025787965
112;110 Oxoethenylidene;0.005730659025787965
113;111 2-Butynenitrile;0.005730659025787965
114;112 Cyanoethynyl;0.005730659025787965
115;113 Hydroxymethylium ion;0.005730659025787965
116;115 Isothiocyanic acid;0.005730659025787965
117;116 Cyanic acid;0.005730659025787965
