1;81 Silicon Isocyanide;0.29805013927576596
2;9 Hydrogen Cyanide;0.01949860724233983
3;32 Cyanoacetylene;0.01949860724233983
4;34 Aluminum Isocyanitrile;0.01949860724233983
5;89 Phosphapropynylidyne;0.01949860724233983
6;0 Dimethyl ether;0.005571030640668523
7;1 Butatrienylidene;0.005571030640668523
8;2 Trihydrogen ion;0.005571030640668523
9;3 Nitrous Oxide;0.005571030640668523
10;4 Methyl Acetylene;0.005571030640668523
11;5 Ethylene Glycol;0.005571030640668523
12;6 Methyl Cyanide;0.005571030640668523
13;7 Thioformylium;0.005571030640668523
14;8 para-Oxidaniumyl;0.005571030640668523
15;10 Titanium monoxide;0.005571030640668523
16;11 Cyanide Radical;0.005571030640668523
17;12 Formic Acid;0.005571030640668523
18;13 Nitric sulfide;0.005571030640668523
19;14 Iminomethylium;0.005571030640668523
20;15 Aluminum monoxide;0.005571030640668523
21;16 Methyl isocyanate;0.005571030640668523
22;17 Nitrosyl hydride;0.005571030640668523
23;18 Propynylidynium;0.005571030640668523
24;19 Magnesium Cyanide;0.005571030640668523
25;20 Diazenylium;0.005571030640668523
26;21 Methylamine;0.005571030640668523
27;22 Chloronium;0.005571030640668523
28;23 Silicon monosulfide;0.005571030640668523
29;24 Phosphorus Monoxide;0.005571030640668523
30;25 Cyclopropenone;0.005571030640668523
31;26 Carbon Monoxide Ion;0.005571030640668523
32;27 Sodium Cyanide;0.005571030640668523
33;28 Nitric oxide;0.005571030640668523
34;29 Silicon Cyanide;0.005571030640668523
35;30 Ethyne Isocyanide;0.005571030640668523
36;31 Sodium Chloride;0.005571030640668523
37;33 Sulfur Monoxide;0.005571030640668523
38;35 Cyanobutadiyne;0.005571030640668523
39;36 Silicon Mononitride;0.005571030640668523
40;37 Carbon Monoxide;0.005571030640668523
41;38 Propadienylidene;0.005571030640668523
42;39 Methanimine;0.005571030640668523
43;40 Aluminum Monofluoride;0.005571030640668523
44;41 Formamide;0.005571030640668523
45;42 Aminoacetonitrile;0.005571030640668523
46;43 Ammonia;0.005571030640668523
47;44 gauche-Ethanol;0.005571030640668523
48;45 Protonate 2-proynenitrile;0.005571030640668523
49;46 Carbonyl Sulfide;0.005571030640668523
50;47 Thioxoethenylidene;0.005571030640668523
51;48 Ethyl cyanide;0.005571030640668523
52;49 Water;0.005571030640668523
53;50 Methyl Formate;0.005571030640668523
54;51 Acetaldehyde;0.005571030640668523
55;52 Ketenimine;0.005571030640668523
56;53 Propenal;0.005571030640668523
57;54 Methyl isocyanide;0.005571030640668523
58;55 iso-propyl cyanide;0.005571030640668523
59;56 Hydrogen cyanide;0.005571030640668523
60;57 Protonated Carbon Dioxide;0.005571030640668523
61;58 Methylidyne;0.005571030640668523
62;59 Ketene;0.005571030640668523
63;60 Silicon Monoxide;0.005571030640668523
64;61 Acetone;0.005571030640668523
65;62 Vinyl Cyanide;0.005571030640668523
66;63 Silicon monoxide (global fit);0.005571030640668523
67;64 Cyclopropenylidene;0.005571030640668523
68;65 Magnesium Isocyanide;0.005571030640668523
69;66 Cyanobutadiynylide anion;0.005571030640668523
70;67 Formaldehyde;0.005571030640668523
71;68 Carbon Monosulfide;0.005571030640668523
72;69 Fulminic acid;0.005571030640668523
73;70 trans-Ethanol;0.005571030640668523
74;71 Silicon Carbide;0.005571030640668523
75;72 Formylium;0.005571030640668523
76;73 Ethylene Oxide;0.005571030640668523
77;74 Sulfur dioxide;0.005571030640668523
78;75 Carbon Monophosphide;0.005571030640668523
79;76 Sulfur Monoxide ion;0.005571030640668523
80;77 Methanol;0.005571030640668523
81;78 Sulfur Dioxide;0.005571030640668523
82;79 Cyanoformaldehyde;0.005571030640668523
83;80 Isocyanic Acid;0.005571030640668523
84;82 Methylene amidogen;0.005571030640668523
85;83 Silicon Monocarbide;0.005571030640668523
86;84 Phosphaethyne;0.005571030640668523
87;85 Aluminum Monochloride;0.005571030640668523
88;86 Cyanoallene;0.005571030640668523
89;87 Methyl diacetylene;0.005571030640668523
90;88 Cyanomethylene;0.005571030640668523
91;90 Cyanomethyl;0.005571030640668523
92;91 Hydrogen Isocyanide;0.005571030640668523
93;92 Hydrogen sulfide;0.005571030640668523
94;93 Hydroxyl;0.005571030640668523
95;94 Glycolaldehyde;0.005571030640668523
96;95 Cyanide anion;0.005571030640668523
97;96 2-Propynal;0.005571030640668523
98;97 Ethynyl;0.005571030640668523
99;98 Phosphorous nitride;0.005571030640668523
100;99 Magnesium hydride isocyanide;0.005571030640668523
101;100 Potassium chloride;0.005571030640668523
102;101 Silicon tetracarbide;0.005571030640668523
103;102 Ethyl Cyanide;0.005571030640668523
104;103 Cyanamide;0.005571030640668523
105;104 Amidogen;0.005571030640668523
106;105 Hydroxymethylidyne;0.005571030640668523
107;106 Formyl Radical;0.005571030640668523
108;107 Vinyl Alcohol;0.005571030640668523
109;108 ortho-Oxidaniumyl;0.005571030640668523
110;109 Cyanoethynylide ion;0.005571030640668523
111;110 Oxoethenylidene;0.005571030640668523
112;111 2-Butynenitrile;0.005571030640668523
113;112 Cyanoethynyl;0.005571030640668523
114;113 Hydroxymethylium ion;0.005571030640668523
115;114 Thioformaldehyde;0.005571030640668523
116;115 Isothiocyanic acid;0.005571030640668523
117;116 Cyanic acid;0.005571030640668523
