1;0 Methanol;0.025906735751295335
2;1 Hydrogen fluoride;0.025906735751295335
3;2 Nitric oxide;0.025906735751295335
4;3 Formylium;0.025906735751295335
5;4 Sodium Chloride;0.025906735751295335
6;5 Sulfur dioxide;0.025906735751295335
7;6 para-Oxidaniumyl;0.025906735751295335
8;7 Sulfur Monoxide;0.025906735751295335
9;8 Butatrienylidene;0.025906735751295335
10;9 Carbon Monoxide;0.025906735751295335
11;10 Nitrous Oxide;0.025906735751295335
12;11 Cyanoacetylene;0.025906735751295335
13;12 Carbonyl Sulfide;0.025906735751295335
14;13 Molecular oxygen;0.025906735751295335
15;14 ortho-Oxidaniumyl;0.025906735751295335
16;15 Water;0.025906735751295335
17;16 Iminomethylium;0.025906735751295335
18;17 Hydrochloric acid;0.025906735751295335
19;18 Acetylene;0.025906735751295335
20;19 Hydrogen Cyanide;0.025906735751295335
