1;19 Hydrogen Cyanide;0.48404255319148937
2;9 Carbon Monoxide;0.03723404255319149
3;0 Methanol;0.026595744680851064
4;1 Hydrogen fluoride;0.026595744680851064
5;2 Nitric oxide;0.026595744680851064
6;3 Formylium;0.026595744680851064
7;4 Sodium Chloride;0.026595744680851064
8;5 Sulfur dioxide;0.026595744680851064
9;6 para-Oxidaniumyl;0.026595744680851064
10;7 Sulfur Monoxide;0.026595744680851064
11;8 Butatrienylidene;0.026595744680851064
12;10 Nitrous Oxide;0.026595744680851064
13;11 Cyanoacetylene;0.026595744680851064
14;12 Carbonyl Sulfide;0.026595744680851064
15;13 Molecular oxygen;0.026595744680851064
16;14 ortho-Oxidaniumyl;0.026595744680851064
17;15 Water;0.026595744680851064
18;16 Iminomethylium;0.026595744680851064
19;17 Hydrochloric acid;0.026595744680851064
20;18 Acetylene;0.026595744680851064
