1;9 Carbon Monoxide;0.5051020408163265
2;2 Nitric oxide;0.03571428571428571
3;0 Methanol;0.025510204081632654
4;1 Hydrogen fluoride;0.025510204081632654
5;3 Formylium;0.025510204081632654
6;4 Sodium Chloride;0.025510204081632654
7;5 Sulfur dioxide;0.025510204081632654
8;6 para-Oxidaniumyl;0.025510204081632654
9;7 Sulfur Monoxide;0.025510204081632654
10;8 Butatrienylidene;0.025510204081632654
11;10 Nitrous Oxide;0.025510204081632654
12;11 Cyanoacetylene;0.025510204081632654
13;12 Carbonyl Sulfide;0.025510204081632654
14;13 Molecular oxygen;0.025510204081632654
15;14 ortho-Oxidaniumyl;0.025510204081632654
16;15 Water;0.025510204081632654
17;16 Iminomethylium;0.025510204081632654
18;17 Hydrochloric acid;0.025510204081632654
19;18 Acetylene;0.025510204081632654
20;19 Hydrogen Cyanide;0.025510204081632654
