1;3 Formylium;0.014028056112224449
2;0 Methanol;0.01002004008016032
3;1 Hydrogen fluoride;0.01002004008016032
4;2 Nitric oxide;0.01002004008016032
5;4 Sodium Chloride;0.01002004008016032
6;5 Sulfur dioxide;0.01002004008016032
7;6 para-Oxidaniumyl;0.01002004008016032
8;7 Sulfur Monoxide;0.01002004008016032
9;8 Butatrienylidene;0.01002004008016032
10;9 Carbon Monoxide;0.01002004008016032
11;10 Nitrous Oxide;0.01002004008016032
12;11 Cyanoacetylene;0.01002004008016032
13;12 Carbonyl Sulfide;0.01002004008016032
14;13 Molecular oxygen;0.01002004008016032
15;14 ortho-Oxidaniumyl;0.01002004008016032
16;15 Water;0.01002004008016032
17;16 Iminomethylium;0.01002004008016032
18;17 Hydrochloric acid;0.01002004008016032
19;18 Acetylene;0.01002004008016032
20;19 Hydrogen Cyanide;0.01002004008016032
