1;33 Hydrogen Isocyanide;0.6846846846846847
2;0 Methylidyne;0.009009009009009009
3;1 1,3-Butadiynyl radical;0.009009009009009009
4;2 Formaldehyde;0.009009009009009009
5;3 Sulfur dioxide;0.009009009009009009
6;4 Carbon Monoxide;0.009009009009009009
7;5 Water;0.009009009009009009
8;6 Carbon Monoxide Ion;0.009009009009009009
9;7 Nitric sulfide;0.009009009009009009
10;8 Isocyanic Acid;0.009009009009009009
11;9 Methyliumylidene;0.009009009009009009
12;10 Cyanide Radical;0.009009009009009009
13;11 Ethynyl;0.009009009009009009
14;12 Carbonyl Sulfide;0.009009009009009009
15;13 Hydroxyl;0.009009009009009009
16;14 Diazenylium;0.009009009009009009
17;15 Thioxoethenylidene;0.009009009009009009
18;16 Nitric oxide;0.009009009009009009
19;17 Methyl Cyanide;0.009009009009009009
20;18 Cyclopropenylidene;0.009009009009009009
21;19 Methanimine;0.009009009009009009
22;20 Methanol;0.009009009009009009
23;21 Thioformaldehyde;0.009009009009009009
24;22 Ammonia;0.009009009009009009
25;23 Cyanamide;0.009009009009009009
26;24 Cyanoacetylene;0.009009009009009009
27;25 Sodium Chloride;0.009009009009009009
28;26 Silicon Monoxide;0.009009009009009009
29;27 Sulfur Monoxide;0.009009009009009009
30;28 Protonated Carbon Dioxide;0.009009009009009009
31;29 Hydrogen Cyanide;0.009009009009009009
32;30 Carbon Monosulfide;0.009009009009009009
33;31 Hydrogen sulfide;0.009009009009009009
34;32 Molecular oxygen;0.009009009009009009
35;34 Formylium;0.009009009009009009
36;35 Methyl Acetylene;0.009009009009009009
