1;0 Methylidyne;0.6846846846846847
2;1 1,3-Butadiynyl radical;0.009009009009009009
3;2 Formaldehyde;0.009009009009009009
4;3 Sulfur dioxide;0.009009009009009009
5;4 Carbon Monoxide;0.009009009009009009
6;5 Water;0.009009009009009009
7;6 Carbon Monoxide Ion;0.009009009009009009
8;7 Nitric sulfide;0.009009009009009009
9;8 Isocyanic Acid;0.009009009009009009
10;9 Methyliumylidene;0.009009009009009009
11;10 Cyanide Radical;0.009009009009009009
12;11 Ethynyl;0.009009009009009009
13;12 Carbonyl Sulfide;0.009009009009009009
14;13 Hydroxyl;0.009009009009009009
15;14 Diazenylium;0.009009009009009009
16;15 Thioxoethenylidene;0.009009009009009009
17;16 Nitric oxide;0.009009009009009009
18;17 Methyl Cyanide;0.009009009009009009
19;18 Cyclopropenylidene;0.009009009009009009
20;19 Methanimine;0.009009009009009009
21;20 Methanol;0.009009009009009009
22;21 Thioformaldehyde;0.009009009009009009
23;22 Ammonia;0.009009009009009009
24;23 Cyanamide;0.009009009009009009
25;24 Cyanoacetylene;0.009009009009009009
26;25 Sodium Chloride;0.009009009009009009
27;26 Silicon Monoxide;0.009009009009009009
28;27 Sulfur Monoxide;0.009009009009009009
29;28 Protonated Carbon Dioxide;0.009009009009009009
30;29 Hydrogen Cyanide;0.009009009009009009
31;30 Carbon Monosulfide;0.009009009009009009
32;31 Hydrogen sulfide;0.009009009009009009
33;32 Molecular oxygen;0.009009009009009009
34;33 Hydrogen Isocyanide;0.009009009009009009
35;34 Formylium;0.009009009009009009
36;35 Methyl Acetylene;0.009009009009009009
