1;9 Methyliumylidene;0.9275576581904199
2;0 Methylidyne;0.002069781194559432
3;1 1,3-Butadiynyl radical;0.002069781194559432
4;2 Formaldehyde;0.002069781194559432
5;3 Sulfur dioxide;0.002069781194559432
6;4 Carbon Monoxide;0.002069781194559432
7;5 Water;0.002069781194559432
8;6 Carbon Monoxide Ion;0.002069781194559432
9;7 Nitric sulfide;0.002069781194559432
10;8 Isocyanic Acid;0.002069781194559432
11;10 Cyanide Radical;0.002069781194559432
12;11 Ethynyl;0.002069781194559432
13;12 Carbonyl Sulfide;0.002069781194559432
14;13 Hydroxyl;0.002069781194559432
15;14 Diazenylium;0.002069781194559432
16;15 Thioxoethenylidene;0.002069781194559432
17;16 Nitric oxide;0.002069781194559432
18;17 Methyl Cyanide;0.002069781194559432
19;18 Cyclopropenylidene;0.002069781194559432
20;19 Methanimine;0.002069781194559432
21;20 Methanol;0.002069781194559432
22;21 Thioformaldehyde;0.002069781194559432
23;22 Ammonia;0.002069781194559432
24;23 Cyanamide;0.002069781194559432
25;24 Cyanoacetylene;0.002069781194559432
26;25 Sodium Chloride;0.002069781194559432
27;26 Silicon Monoxide;0.002069781194559432
28;27 Sulfur Monoxide;0.002069781194559432
29;28 Protonated Carbon Dioxide;0.002069781194559432
30;29 Hydrogen Cyanide;0.002069781194559432
31;30 Carbon Monosulfide;0.002069781194559432
32;31 Hydrogen sulfide;0.002069781194559432
33;32 Molecular oxygen;0.002069781194559432
34;33 Hydrogen Isocyanide;0.002069781194559432
35;34 Formylium;0.002069781194559432
36;35 Methyl Acetylene;0.002069781194559432
