1;56 Carbon Monoxide;0.14821124361158433
2;43 Formaldehyde;0.028960817717206135
3;0 1,3,5-Hexatriynyl;0.01192504258943782
4;1 Silicon monosulfide;0.01192504258943782
5;2 Vinyl Cyanide;0.01192504258943782
6;3 Hydroxyl;0.01192504258943782
7;4 Methyliumylidene;0.01192504258943782
8;5 Aluminum Isocyanitrile;0.01192504258943782
9;6 Carbon Monosulfide;0.01192504258943782
10;7 Methyl Acetylene;0.01192504258943782
11;8 1,3-Butadiynyl anion;0.01192504258943782
12;9 Butatrienylidene;0.01192504258943782
13;10 2,4-Pentadiynylidyne;0.01192504258943782
14;11 Aluminum Monochloride;0.01192504258943782
15;12 4-Cyano-1,3-Butadiynyl;0.01192504258943782
16;13 Silicon monosulfide;0.01192504258943782
17;14 Water;0.01192504258943782
18;15 Hydrogen sulfide;0.01192504258943782
19;16 1,3-Butadiynyl radical;0.01192504258943782
20;17 Formylium;0.01192504258943782
21;18 Trihydrogen ion;0.01192504258943782
22;19 Methanimine;0.01192504258943782
23;20 Phosphorus Monoxide;0.01192504258943782
24;21 Methyl Cyanide;0.01192504258943782
25;22 Magnesium Isocyanide;0.01192504258943782
26;23 1,3,5-Hexatriynyl anion;0.01192504258943782
27;24 Phosphaethyne;0.01192504258943782
28;25 1,3,5,7-Octatetraynyl anion;0.01192504258943782
29;26 Silicon Monocarbide;0.01192504258943782
30;27 Cyanomethylene;0.01192504258943782
31;28 3-Thioxo-1,2-Propadieylidene;0.01192504258943782
32;29 Cyanobutadiyne;0.01192504258943782
33;30 Silicon Isocyanide;0.01192504258943782
34;31 Potassium chloride;0.01192504258943782
35;32 3-Oxo-1,2-Propadienylidene;0.01192504258943782
36;33 Silicon Carbide;0.01192504258943782
37;34 3-Cyano-1,2-propadienylidene;0.01192504258943782
38;35 Nitric sulfide;0.01192504258943782
39;36 Sulfur dioxide;0.01192504258943782
40;37 Ethyne Isocyanide;0.01192504258943782
41;38 Cyanoethynylide ion;0.01192504258943782
42;39 Cyanide Radical;0.01192504258943782
43;40 Carbon Monoxide Ion;0.01192504258943782
44;41 Cyanobutadiynylide anion;0.01192504258943782
45;42 Aluminum Monofluoride;0.01192504258943782
46;44 Sulfur Monoxide;0.01192504258943782
47;45 Silicon tetracarbide;0.01192504258943782
48;46 Ethynyl;0.01192504258943782
49;47 Sodium Chloride;0.01192504258943782
50;48 Hydrogen Cyanide;0.01192504258943782
51;49 Sodium Cyanide;0.01192504258943782
52;50 3-Imino-1,2 Propadienylidene;0.01192504258943782
53;51 Methylidyne;0.01192504258943782
54;52 Thioxoethenylidene;0.01192504258943782
55;53 Silicon Monoxide;0.01192504258943782
56;54 1,3,5,7-Octatetraynyl;0.01192504258943782
57;55 Silicon Mononitride;0.01192504258943782
58;57 Phosphorous nitride;0.01192504258943782
59;58 Carbon Monophosphide;0.01192504258943782
60;59 Thioformaldehyde;0.01192504258943782
61;60 Hexatrienyl;0.01192504258943782
62;61 Hydrogen Isocyanide;0.01192504258943782
63;62 Carbon Monosulfide;0.01192504258943782
64;63 Silicon Cyanide;0.01192504258943782
65;64 2,4,6-Heptatriynylidyne;0.01192504258943782
66;65 Cyclopropenylidene;0.01192504258943782
67;66 Cyanoacetylene;0.01192504258943782
68;67 Magnesium Cyanide;0.01192504258943782
69;68 3-Silanetetrayl-1,2-Propadienyli;0.01192504258943782
70;69 Cyanoethynyl;0.01192504258943782
71;70 Phosphapropynylidyne;0.01192504258943782
