1;28 3-Thioxo-1,2-Propadieylidene;0.07496012759170655
2;32 3-Oxo-1,2-Propadienylidene;0.059011164274322174
3;5 Aluminum Isocyanitrile;0.0430622009569378
4;69 Cyanoethynyl;0.0430622009569378
5;10 2,4-Pentadiynylidyne;0.02711323763955343
6;23 1,3,5-Hexatriynyl anion;0.02711323763955343
7;0 1,3,5-Hexatriynyl;0.011164274322169059
8;1 Silicon monosulfide;0.011164274322169059
9;2 Vinyl Cyanide;0.011164274322169059
10;3 Hydroxyl;0.011164274322169059
11;4 Methyliumylidene;0.011164274322169059
12;6 Carbon Monosulfide;0.011164274322169059
13;7 Methyl Acetylene;0.011164274322169059
14;8 1,3-Butadiynyl anion;0.011164274322169059
15;9 Butatrienylidene;0.011164274322169059
16;11 Aluminum Monochloride;0.011164274322169059
17;12 4-Cyano-1,3-Butadiynyl;0.011164274322169059
18;13 Silicon monosulfide;0.011164274322169059
19;14 Water;0.011164274322169059
20;15 Hydrogen sulfide;0.011164274322169059
21;16 1,3-Butadiynyl radical;0.011164274322169059
22;17 Formylium;0.011164274322169059
23;18 Trihydrogen ion;0.011164274322169059
24;19 Methanimine;0.011164274322169059
25;20 Phosphorus Monoxide;0.011164274322169059
26;21 Methyl Cyanide;0.011164274322169059
27;22 Magnesium Isocyanide;0.011164274322169059
28;24 Phosphaethyne;0.011164274322169059
29;25 1,3,5,7-Octatetraynyl anion;0.011164274322169059
30;26 Silicon Monocarbide;0.011164274322169059
31;27 Cyanomethylene;0.011164274322169059
32;29 Cyanobutadiyne;0.011164274322169059
33;30 Silicon Isocyanide;0.011164274322169059
34;31 Potassium chloride;0.011164274322169059
35;33 Silicon Carbide;0.011164274322169059
36;34 3-Cyano-1,2-propadienylidene;0.011164274322169059
37;35 Nitric sulfide;0.011164274322169059
38;36 Sulfur dioxide;0.011164274322169059
39;37 Ethyne Isocyanide;0.011164274322169059
40;38 Cyanoethynylide ion;0.011164274322169059
41;39 Cyanide Radical;0.011164274322169059
42;40 Carbon Monoxide Ion;0.011164274322169059
43;41 Cyanobutadiynylide anion;0.011164274322169059
44;42 Aluminum Monofluoride;0.011164274322169059
45;43 Formaldehyde;0.011164274322169059
46;44 Sulfur Monoxide;0.011164274322169059
47;45 Silicon tetracarbide;0.011164274322169059
48;46 Ethynyl;0.011164274322169059
49;47 Sodium Chloride;0.011164274322169059
50;48 Hydrogen Cyanide;0.011164274322169059
51;49 Sodium Cyanide;0.011164274322169059
52;50 3-Imino-1,2 Propadienylidene;0.011164274322169059
53;51 Methylidyne;0.011164274322169059
54;52 Thioxoethenylidene;0.011164274322169059
55;53 Silicon Monoxide;0.011164274322169059
56;54 1,3,5,7-Octatetraynyl;0.011164274322169059
57;55 Silicon Mononitride;0.011164274322169059
58;56 Carbon Monoxide;0.011164274322169059
59;57 Phosphorous nitride;0.011164274322169059
60;58 Carbon Monophosphide;0.011164274322169059
61;59 Thioformaldehyde;0.011164274322169059
62;60 Hexatrienyl;0.011164274322169059
63;61 Hydrogen Isocyanide;0.011164274322169059
64;62 Carbon Monosulfide;0.011164274322169059
65;63 Silicon Cyanide;0.011164274322169059
66;64 2,4,6-Heptatriynylidyne;0.011164274322169059
67;65 Cyclopropenylidene;0.011164274322169059
68;66 Cyanoacetylene;0.011164274322169059
69;67 Magnesium Cyanide;0.011164274322169059
70;68 3-Silanetetrayl-1,2-Propadienyli;0.011164274322169059
71;70 Phosphapropynylidyne;0.011164274322169059
