1;40 Carbon Monoxide Ion;0.8709507505925731
2;0 1,3,5-Hexatriynyl;0.0018435607058203845
3;1 Silicon monosulfide;0.0018435607058203845
4;2 Vinyl Cyanide;0.0018435607058203845
5;3 Hydroxyl;0.0018435607058203845
6;4 Methyliumylidene;0.0018435607058203845
7;5 Aluminum Isocyanitrile;0.0018435607058203845
8;6 Carbon Monosulfide;0.0018435607058203845
9;7 Methyl Acetylene;0.0018435607058203845
10;8 1,3-Butadiynyl anion;0.0018435607058203845
11;9 Butatrienylidene;0.0018435607058203845
12;10 2,4-Pentadiynylidyne;0.0018435607058203845
13;11 Aluminum Monochloride;0.0018435607058203845
14;12 4-Cyano-1,3-Butadiynyl;0.0018435607058203845
15;13 Silicon monosulfide;0.0018435607058203845
16;14 Water;0.0018435607058203845
17;15 Hydrogen sulfide;0.0018435607058203845
18;16 1,3-Butadiynyl radical;0.0018435607058203845
19;17 Formylium;0.0018435607058203845
20;18 Trihydrogen ion;0.0018435607058203845
21;19 Methanimine;0.0018435607058203845
22;20 Phosphorus Monoxide;0.0018435607058203845
23;21 Methyl Cyanide;0.0018435607058203845
24;22 Magnesium Isocyanide;0.0018435607058203845
25;23 1,3,5-Hexatriynyl anion;0.0018435607058203845
26;24 Phosphaethyne;0.0018435607058203845
27;25 1,3,5,7-Octatetraynyl anion;0.0018435607058203845
28;26 Silicon Monocarbide;0.0018435607058203845
29;27 Cyanomethylene;0.0018435607058203845
30;28 3-Thioxo-1,2-Propadieylidene;0.0018435607058203845
31;29 Cyanobutadiyne;0.0018435607058203845
32;30 Silicon Isocyanide;0.0018435607058203845
33;31 Potassium chloride;0.0018435607058203845
34;32 3-Oxo-1,2-Propadienylidene;0.0018435607058203845
35;33 Silicon Carbide;0.0018435607058203845
36;34 3-Cyano-1,2-propadienylidene;0.0018435607058203845
37;35 Nitric sulfide;0.0018435607058203845
38;36 Sulfur dioxide;0.0018435607058203845
39;37 Ethyne Isocyanide;0.0018435607058203845
40;38 Cyanoethynylide ion;0.0018435607058203845
41;39 Cyanide Radical;0.0018435607058203845
42;41 Cyanobutadiynylide anion;0.0018435607058203845
43;42 Aluminum Monofluoride;0.0018435607058203845
44;43 Formaldehyde;0.0018435607058203845
45;44 Sulfur Monoxide;0.0018435607058203845
46;45 Silicon tetracarbide;0.0018435607058203845
47;46 Ethynyl;0.0018435607058203845
48;47 Sodium Chloride;0.0018435607058203845
49;48 Hydrogen Cyanide;0.0018435607058203845
50;49 Sodium Cyanide;0.0018435607058203845
51;50 3-Imino-1,2 Propadienylidene;0.0018435607058203845
52;51 Methylidyne;0.0018435607058203845
53;52 Thioxoethenylidene;0.0018435607058203845
54;53 Silicon Monoxide;0.0018435607058203845
55;54 1,3,5,7-Octatetraynyl;0.0018435607058203845
56;55 Silicon Mononitride;0.0018435607058203845
57;56 Carbon Monoxide;0.0018435607058203845
58;57 Phosphorous nitride;0.0018435607058203845
59;58 Carbon Monophosphide;0.0018435607058203845
60;59 Thioformaldehyde;0.0018435607058203845
61;60 Hexatrienyl;0.0018435607058203845
62;61 Hydrogen Isocyanide;0.0018435607058203845
63;62 Carbon Monosulfide;0.0018435607058203845
64;63 Silicon Cyanide;0.0018435607058203845
65;64 2,4,6-Heptatriynylidyne;0.0018435607058203845
66;65 Cyclopropenylidene;0.0018435607058203845
67;66 Cyanoacetylene;0.0018435607058203845
68;67 Magnesium Cyanide;0.0018435607058203845
69;68 3-Silanetetrayl-1,2-Propadienyli;0.0018435607058203845
70;69 Cyanoethynyl;0.0018435607058203845
71;70 Phosphapropynylidyne;0.0018435607058203845
