1;4 Methyliumylidene;0.46564885496183217
2;0 1,3,5-Hexatriynyl;0.0076335877862595426
3;1 Silicon monosulfide;0.0076335877862595426
4;2 Vinyl Cyanide;0.0076335877862595426
5;3 Hydroxyl;0.0076335877862595426
6;5 Aluminum Isocyanitrile;0.0076335877862595426
7;6 Carbon Monosulfide;0.0076335877862595426
8;7 Methyl Acetylene;0.0076335877862595426
9;8 1,3-Butadiynyl anion;0.0076335877862595426
10;9 Butatrienylidene;0.0076335877862595426
11;10 2,4-Pentadiynylidyne;0.0076335877862595426
12;11 Aluminum Monochloride;0.0076335877862595426
13;12 4-Cyano-1,3-Butadiynyl;0.0076335877862595426
14;13 Silicon monosulfide;0.0076335877862595426
15;14 Water;0.0076335877862595426
16;15 Hydrogen sulfide;0.0076335877862595426
17;16 1,3-Butadiynyl radical;0.0076335877862595426
18;17 Formylium;0.0076335877862595426
19;18 Trihydrogen ion;0.0076335877862595426
20;19 Methanimine;0.0076335877862595426
21;20 Phosphorus Monoxide;0.0076335877862595426
22;21 Methyl Cyanide;0.0076335877862595426
23;22 Magnesium Isocyanide;0.0076335877862595426
24;23 1,3,5-Hexatriynyl anion;0.0076335877862595426
25;24 Phosphaethyne;0.0076335877862595426
26;25 1,3,5,7-Octatetraynyl anion;0.0076335877862595426
27;26 Silicon Monocarbide;0.0076335877862595426
28;27 Cyanomethylene;0.0076335877862595426
29;28 3-Thioxo-1,2-Propadieylidene;0.0076335877862595426
30;29 Cyanobutadiyne;0.0076335877862595426
31;30 Silicon Isocyanide;0.0076335877862595426
32;31 Potassium chloride;0.0076335877862595426
33;32 3-Oxo-1,2-Propadienylidene;0.0076335877862595426
34;33 Silicon Carbide;0.0076335877862595426
35;34 3-Cyano-1,2-propadienylidene;0.0076335877862595426
36;35 Nitric sulfide;0.0076335877862595426
37;36 Sulfur dioxide;0.0076335877862595426
38;37 Ethyne Isocyanide;0.0076335877862595426
39;38 Cyanoethynylide ion;0.0076335877862595426
40;39 Cyanide Radical;0.0076335877862595426
41;40 Carbon Monoxide Ion;0.0076335877862595426
42;41 Cyanobutadiynylide anion;0.0076335877862595426
43;42 Aluminum Monofluoride;0.0076335877862595426
44;43 Formaldehyde;0.0076335877862595426
45;44 Sulfur Monoxide;0.0076335877862595426
46;45 Silicon tetracarbide;0.0076335877862595426
47;46 Ethynyl;0.0076335877862595426
48;47 Sodium Chloride;0.0076335877862595426
49;48 Hydrogen Cyanide;0.0076335877862595426
50;49 Sodium Cyanide;0.0076335877862595426
51;50 3-Imino-1,2 Propadienylidene;0.0076335877862595426
52;51 Methylidyne;0.0076335877862595426
53;52 Thioxoethenylidene;0.0076335877862595426
54;53 Silicon Monoxide;0.0076335877862595426
55;54 1,3,5,7-Octatetraynyl;0.0076335877862595426
56;55 Silicon Mononitride;0.0076335877862595426
57;56 Carbon Monoxide;0.0076335877862595426
58;57 Phosphorous nitride;0.0076335877862595426
59;58 Carbon Monophosphide;0.0076335877862595426
60;59 Thioformaldehyde;0.0076335877862595426
61;60 Hexatrienyl;0.0076335877862595426
62;61 Hydrogen Isocyanide;0.0076335877862595426
63;62 Carbon Monosulfide;0.0076335877862595426
64;63 Silicon Cyanide;0.0076335877862595426
65;64 2,4,6-Heptatriynylidyne;0.0076335877862595426
66;65 Cyclopropenylidene;0.0076335877862595426
67;66 Cyanoacetylene;0.0076335877862595426
68;67 Magnesium Cyanide;0.0076335877862595426
69;68 3-Silanetetrayl-1,2-Propadienyli;0.0076335877862595426
70;69 Cyanoethynyl;0.0076335877862595426
71;70 Phosphapropynylidyne;0.0076335877862595426
