1;60 Hexatrienyl;0.7681965693092258
2;52 Thioxoethenylidene;0.007881316643486324
3;0 1,3,5-Hexatriynyl;0.003245248029670839
4;1 Silicon monosulfide;0.003245248029670839
5;2 Vinyl Cyanide;0.003245248029670839
6;3 Hydroxyl;0.003245248029670839
7;4 Methyliumylidene;0.003245248029670839
8;5 Aluminum Isocyanitrile;0.003245248029670839
9;6 Carbon Monosulfide;0.003245248029670839
10;7 Methyl Acetylene;0.003245248029670839
11;8 1,3-Butadiynyl anion;0.003245248029670839
12;9 Butatrienylidene;0.003245248029670839
13;10 2,4-Pentadiynylidyne;0.003245248029670839
14;11 Aluminum Monochloride;0.003245248029670839
15;12 4-Cyano-1,3-Butadiynyl;0.003245248029670839
16;13 Silicon monosulfide;0.003245248029670839
17;14 Water;0.003245248029670839
18;15 Hydrogen sulfide;0.003245248029670839
19;16 1,3-Butadiynyl radical;0.003245248029670839
20;17 Formylium;0.003245248029670839
21;18 Trihydrogen ion;0.003245248029670839
22;19 Methanimine;0.003245248029670839
23;20 Phosphorus Monoxide;0.003245248029670839
24;21 Methyl Cyanide;0.003245248029670839
25;22 Magnesium Isocyanide;0.003245248029670839
26;23 1,3,5-Hexatriynyl anion;0.003245248029670839
27;24 Phosphaethyne;0.003245248029670839
28;25 1,3,5,7-Octatetraynyl anion;0.003245248029670839
29;26 Silicon Monocarbide;0.003245248029670839
30;27 Cyanomethylene;0.003245248029670839
31;28 3-Thioxo-1,2-Propadieylidene;0.003245248029670839
32;29 Cyanobutadiyne;0.003245248029670839
33;30 Silicon Isocyanide;0.003245248029670839
34;31 Potassium chloride;0.003245248029670839
35;32 3-Oxo-1,2-Propadienylidene;0.003245248029670839
36;33 Silicon Carbide;0.003245248029670839
37;34 3-Cyano-1,2-propadienylidene;0.003245248029670839
38;35 Nitric sulfide;0.003245248029670839
39;36 Sulfur dioxide;0.003245248029670839
40;37 Ethyne Isocyanide;0.003245248029670839
41;38 Cyanoethynylide ion;0.003245248029670839
42;39 Cyanide Radical;0.003245248029670839
43;40 Carbon Monoxide Ion;0.003245248029670839
44;41 Cyanobutadiynylide anion;0.003245248029670839
45;42 Aluminum Monofluoride;0.003245248029670839
46;43 Formaldehyde;0.003245248029670839
47;44 Sulfur Monoxide;0.003245248029670839
48;45 Silicon tetracarbide;0.003245248029670839
49;46 Ethynyl;0.003245248029670839
50;47 Sodium Chloride;0.003245248029670839
51;48 Hydrogen Cyanide;0.003245248029670839
52;49 Sodium Cyanide;0.003245248029670839
53;50 3-Imino-1,2 Propadienylidene;0.003245248029670839
54;51 Methylidyne;0.003245248029670839
55;53 Silicon Monoxide;0.003245248029670839
56;54 1,3,5,7-Octatetraynyl;0.003245248029670839
57;55 Silicon Mononitride;0.003245248029670839
58;56 Carbon Monoxide;0.003245248029670839
59;57 Phosphorous nitride;0.003245248029670839
60;58 Carbon Monophosphide;0.003245248029670839
61;59 Thioformaldehyde;0.003245248029670839
62;61 Hydrogen Isocyanide;0.003245248029670839
63;62 Carbon Monosulfide;0.003245248029670839
64;63 Silicon Cyanide;0.003245248029670839
65;64 2,4,6-Heptatriynylidyne;0.003245248029670839
66;65 Cyclopropenylidene;0.003245248029670839
67;66 Cyanoacetylene;0.003245248029670839
68;67 Magnesium Cyanide;0.003245248029670839
69;68 3-Silanetetrayl-1,2-Propadienyli;0.003245248029670839
70;69 Cyanoethynyl;0.003245248029670839
71;70 Phosphapropynylidyne;0.003245248029670839
