1;42 Silicon Monoxide;0.34125475285171103
2;48 Hexatrienyl;0.17965779467680607
3;0 Ketene;0.008555133079847909
4;1 1,3,5-Hexatriynyl;0.008555133079847909
5;2 Oxonium hydride;0.008555133079847909
6;3 Vinyl Cyanide;0.008555133079847909
7;4 Hydroxyl;0.008555133079847909
8;5 Methyliumylidene;0.008555133079847909
9;6 Carbon Monosulfide;0.008555133079847909
10;7 Cyanomethyl;0.008555133079847909
11;8 Methyl Acetylene;0.008555133079847909
12;9 Ethyl Cyanide;0.008555133079847909
13;10 2,4-Pentadiynylidyne;0.008555133079847909
14;11 4-Cyano-1,3-Butadiynyl;0.008555133079847909
15;12 Water;0.008555133079847909
16;13 Hydrogen sulfide;0.008555133079847909
17;14 Methylene amidogen;0.008555133079847909
18;15 1,3-Butadiynyl radical;0.008555133079847909
19;16 2,4,6,8-Nonatetraynenitrile;0.008555133079847909
20;17 Formylium;0.008555133079847909
21;18 Cyanoallene;0.008555133079847909
22;19 Trihydrogen ion;0.008555133079847909
23;20 Methylcyanodiacetylene;0.008555133079847909
24;21 2,4,6-Heptatriynenitrile;0.008555133079847909
25;22 Methanol;0.008555133079847909
26;23 Ammonia;0.008555133079847909
27;24 Methyl Cyanide;0.008555133079847909
28;25 1,3,5-Hexatriynyl anion;0.008555133079847909
29;26 1,3,5,7-Octatetraynyl anion;0.008555133079847909
30;27 3-Thioxo-1,2-Propadieylidene;0.008555133079847909
31;28 Cyanobutadiyne;0.008555133079847909
32;29 Nitric sulfide;0.008555133079847909
33;30 Sulfur dioxide;0.008555133079847909
34;31 Hydrochloric acid;0.008555133079847909
35;32 2,4,6,8,10-Undecapentaynenitrile;0.008555133079847909
36;33 Cyanide Radical;0.008555133079847909
37;34 Nitric oxide;0.008555133079847909
38;35 Formaldehyde;0.008555133079847909
39;36 Sulfur Monoxide;0.008555133079847909
40;37 Methyltriacetylene;0.008555133079847909
41;38 Hydrogen Cyanide;0.008555133079847909
42;39 Methyl diacetylene;0.008555133079847909
43;40 Methylidyne;0.008555133079847909
44;41 Thioxoethenylidene;0.008555133079847909
45;43 1,3,5,7-Octatetraynyl;0.008555133079847909
46;44 Oxoethenylidene;0.008555133079847909
47;45 Propynylidynium;0.008555133079847909
48;46 Carbon Monoxide;0.008555133079847909
49;47 Thioformaldehyde;0.008555133079847909
50;49 Diazenylium;0.008555133079847909
51;50 Hydrogen Isocyanide;0.008555133079847909
52;51 Carbon Monosulfide;0.008555133079847909
53;52 Methylamine;0.008555133079847909
54;53 Formic Acid;0.008555133079847909
55;54 Cyclopropenylidene;0.008555133079847909
56;55 Cyanoacetylene;0.008555133079847909
57;56 para-Oxidaniumyl;0.008555133079847909
58;57 ortho-Oxidaniumyl;0.008555133079847909
