1;24 Cyanoacetylene;0.584717607973422
2;15 Thioxoethenylidene;0.019933554817275746
3;0 Methylidyne;0.011627906976744184
4;1 1,3-Butadiynyl radical;0.011627906976744184
5;2 Formaldehyde;0.011627906976744184
6;3 Sulfur dioxide;0.011627906976744184
7;4 Carbon Monoxide;0.011627906976744184
8;5 Water;0.011627906976744184
9;6 Carbon Monoxide Ion;0.011627906976744184
10;7 Nitric sulfide;0.011627906976744184
11;8 Isocyanic Acid;0.011627906976744184
12;9 Methyliumylidene;0.011627906976744184
13;10 Cyanide Radical;0.011627906976744184
14;11 Ethynyl;0.011627906976744184
15;12 Carbonyl Sulfide;0.011627906976744184
16;13 Hydroxyl;0.011627906976744184
17;14 Diazenylium;0.011627906976744184
18;16 Nitric oxide;0.011627906976744184
19;17 Methyl Cyanide;0.011627906976744184
20;18 Cyclopropenylidene;0.011627906976744184
21;19 Methanimine;0.011627906976744184
22;20 Methanol;0.011627906976744184
23;21 Thioformaldehyde;0.011627906976744184
24;22 Ammonia;0.011627906976744184
25;23 Cyanamide;0.011627906976744184
26;25 Sodium Chloride;0.011627906976744184
27;26 Silicon Monoxide;0.011627906976744184
28;27 Sulfur Monoxide;0.011627906976744184
29;28 Protonated Carbon Dioxide;0.011627906976744184
30;29 Hydrogen Cyanide;0.011627906976744184
31;30 Carbon Monosulfide;0.011627906976744184
32;31 Hydrogen sulfide;0.011627906976744184
33;32 Molecular oxygen;0.011627906976744184
34;33 Hydrogen Isocyanide;0.011627906976744184
35;34 Formylium;0.011627906976744184
36;35 Methyl Acetylene;0.011627906976744184
