1;9 Methyliumylidene;0.5261121856866537
2;0 Methylidyne;0.013539651837524177
3;1 1,3-Butadiynyl radical;0.013539651837524177
4;2 Formaldehyde;0.013539651837524177
5;3 Sulfur dioxide;0.013539651837524177
6;4 Carbon Monoxide;0.013539651837524177
7;5 Water;0.013539651837524177
8;6 Carbon Monoxide Ion;0.013539651837524177
9;7 Nitric sulfide;0.013539651837524177
10;8 Isocyanic Acid;0.013539651837524177
11;10 Cyanide Radical;0.013539651837524177
12;11 Ethynyl;0.013539651837524177
13;12 Carbonyl Sulfide;0.013539651837524177
14;13 Hydroxyl;0.013539651837524177
15;14 Diazenylium;0.013539651837524177
16;15 Thioxoethenylidene;0.013539651837524177
17;16 Nitric oxide;0.013539651837524177
18;17 Methyl Cyanide;0.013539651837524177
19;18 Cyclopropenylidene;0.013539651837524177
20;19 Methanimine;0.013539651837524177
21;20 Methanol;0.013539651837524177
22;21 Thioformaldehyde;0.013539651837524177
23;22 Ammonia;0.013539651837524177
24;23 Cyanamide;0.013539651837524177
25;24 Cyanoacetylene;0.013539651837524177
26;25 Sodium Chloride;0.013539651837524177
27;26 Silicon Monoxide;0.013539651837524177
28;27 Sulfur Monoxide;0.013539651837524177
29;28 Protonated Carbon Dioxide;0.013539651837524177
30;29 Hydrogen Cyanide;0.013539651837524177
31;30 Carbon Monosulfide;0.013539651837524177
32;31 Hydrogen sulfide;0.013539651837524177
33;32 Molecular oxygen;0.013539651837524177
34;33 Hydrogen Isocyanide;0.013539651837524177
35;34 Formylium;0.013539651837524177
36;35 Methyl Acetylene;0.013539651837524177
