1;21 2,4,6-Heptatriynenitrile;0.7121212121212122
2;0 Ketene;0.005050505050505051
3;1 1,3,5-Hexatriynyl;0.005050505050505051
4;2 Oxonium hydride;0.005050505050505051
5;3 Vinyl Cyanide;0.005050505050505051
6;4 Hydroxyl;0.005050505050505051
7;5 Methyliumylidene;0.005050505050505051
8;6 Carbon Monosulfide;0.005050505050505051
9;7 Cyanomethyl;0.005050505050505051
10;8 Methyl Acetylene;0.005050505050505051
11;9 Ethyl Cyanide;0.005050505050505051
12;10 2,4-Pentadiynylidyne;0.005050505050505051
13;11 4-Cyano-1,3-Butadiynyl;0.005050505050505051
14;12 Water;0.005050505050505051
15;13 Hydrogen sulfide;0.005050505050505051
16;14 Methylene amidogen;0.005050505050505051
17;15 1,3-Butadiynyl radical;0.005050505050505051
18;16 2,4,6,8-Nonatetraynenitrile;0.005050505050505051
19;17 Formylium;0.005050505050505051
20;18 Cyanoallene;0.005050505050505051
21;19 Trihydrogen ion;0.005050505050505051
22;20 Methylcyanodiacetylene;0.005050505050505051
23;22 Methanol;0.005050505050505051
24;23 Ammonia;0.005050505050505051
25;24 Methyl Cyanide;0.005050505050505051
26;25 1,3,5-Hexatriynyl anion;0.005050505050505051
27;26 1,3,5,7-Octatetraynyl anion;0.005050505050505051
28;27 3-Thioxo-1,2-Propadieylidene;0.005050505050505051
29;28 Cyanobutadiyne;0.005050505050505051
30;29 Nitric sulfide;0.005050505050505051
31;30 Sulfur dioxide;0.005050505050505051
32;31 Hydrochloric acid;0.005050505050505051
33;32 2,4,6,8,10-Undecapentaynenitrile;0.005050505050505051
34;33 Cyanide Radical;0.005050505050505051
35;34 Nitric oxide;0.005050505050505051
36;35 Formaldehyde;0.005050505050505051
37;36 Sulfur Monoxide;0.005050505050505051
38;37 Methyltriacetylene;0.005050505050505051
39;38 Hydrogen Cyanide;0.005050505050505051
40;39 Methyl diacetylene;0.005050505050505051
41;40 Methylidyne;0.005050505050505051
42;41 Thioxoethenylidene;0.005050505050505051
43;42 Silicon Monoxide;0.005050505050505051
44;43 1,3,5,7-Octatetraynyl;0.005050505050505051
45;44 Oxoethenylidene;0.005050505050505051
46;45 Propynylidynium;0.005050505050505051
47;46 Carbon Monoxide;0.005050505050505051
48;47 Thioformaldehyde;0.005050505050505051
49;48 Hexatrienyl;0.005050505050505051
50;49 Diazenylium;0.005050505050505051
51;50 Hydrogen Isocyanide;0.005050505050505051
52;51 Carbon Monosulfide;0.005050505050505051
53;52 Methylamine;0.005050505050505051
54;53 Formic Acid;0.005050505050505051
55;54 Cyclopropenylidene;0.005050505050505051
56;55 Cyanoacetylene;0.005050505050505051
57;56 para-Oxidaniumyl;0.005050505050505051
58;57 ortho-Oxidaniumyl;0.005050505050505051
