TWHydra_CO3_2line.image;model_dark_clouds_tr_500it;1;45 Propynylidynium;0.28167115902964956
TWHydra_CO3_2line.image;model_dark_clouds_tr_500it;2;9 Ethyl Cyanide;0.025606469002695417
TWHydra_CO3_2line.image;model_dark_clouds_tr_500it;3;38 Hydrogen Cyanide;0.025606469002695417
TWHydra_CO3_2line.image;model_dark_clouds_tr_500it;4;0 Ketene;0.012129380053908356
TWHydra_CO3_2line.image;model_dark_clouds_tr_500it;5;1 1,3,5-Hexatriynyl;0.012129380053908356
TWHydra_CO3_2line.image;model_dark_clouds_2_500it;1;42 Silicon Monoxide;0.3086253369272237
TWHydra_CO3_2line.image;model_dark_clouds_2_500it;2;0 Ketene;0.012129380053908356
TWHydra_CO3_2line.image;model_dark_clouds_2_500it;3;1 1,3,5-Hexatriynyl;0.012129380053908356
TWHydra_CO3_2line.image;model_dark_clouds_2_500it;4;2 Oxonium hydride;0.012129380053908356
TWHydra_CO3_2line.image;model_dark_clouds_2_500it;5;3 Vinyl Cyanide;0.012129380053908356
TWHydra_CO3_2line.image;model_dark_clouds_full_500it;1;48 Hexatrienyl;0.3086253369272237
TWHydra_CO3_2line.image;model_dark_clouds_full_500it;2;0 Ketene;0.012129380053908356
TWHydra_CO3_2line.image;model_dark_clouds_full_500it;3;1 1,3,5-Hexatriynyl;0.012129380053908356
TWHydra_CO3_2line.image;model_dark_clouds_full_500it;4;2 Oxonium hydride;0.012129380053908356
TWHydra_CO3_2line.image;model_dark_clouds_full_500it;5;3 Vinyl Cyanide;0.012129380053908356
TWHydra_CO3_2line.image;model_dark_clouds_full_expanded_00002_500it;1;46 Carbon Monoxide;0.29514824797843664
TWHydra_CO3_2line.image;model_dark_clouds_full_expanded_00002_500it;2;37 Methyltriacetylene;0.025606469002695417
TWHydra_CO3_2line.image;model_dark_clouds_full_expanded_00002_500it;3;0 Ketene;0.012129380053908356
TWHydra_CO3_2line.image;model_dark_clouds_full_expanded_00002_500it;4;1 1,3,5-Hexatriynyl;0.012129380053908356
TWHydra_CO3_2line.image;model_dark_clouds_full_expanded_00002_500it;5;2 Oxonium hydride;0.012129380053908356
TWHydra_CO3_2line.image;model_dark_clouds_full_expanded_00010_500it;1;46 Carbon Monoxide;0.3086253369272237
TWHydra_CO3_2line.image;model_dark_clouds_full_expanded_00010_500it;2;0 Ketene;0.012129380053908356
TWHydra_CO3_2line.image;model_dark_clouds_full_expanded_00010_500it;3;1 1,3,5-Hexatriynyl;0.012129380053908356
TWHydra_CO3_2line.image;model_dark_clouds_full_expanded_00010_500it;4;2 Oxonium hydride;0.012129380053908356
TWHydra_CO3_2line.image;model_dark_clouds_full_expanded_00010_500it;5;3 Vinyl Cyanide;0.012129380053908356
HD163296_CO_2_1.image;model_dark_clouds_tr_500it;1;42 Silicon Monoxide;0.46673596673596673
HD163296_CO_2_1.image;model_dark_clouds_tr_500it;2;0 Ketene;0.009355509355509356
HD163296_CO_2_1.image;model_dark_clouds_tr_500it;3;1 1,3,5-Hexatriynyl;0.009355509355509356
HD163296_CO_2_1.image;model_dark_clouds_tr_500it;4;2 Oxonium hydride;0.009355509355509356
HD163296_CO_2_1.image;model_dark_clouds_tr_500it;5;3 Vinyl Cyanide;0.009355509355509356
HD163296_CO_2_1.image;model_dark_clouds_2_500it;1;5 Methyliumylidene;0.46673596673596673
HD163296_CO_2_1.image;model_dark_clouds_2_500it;2;0 Ketene;0.009355509355509356
HD163296_CO_2_1.image;model_dark_clouds_2_500it;3;1 1,3,5-Hexatriynyl;0.009355509355509356
HD163296_CO_2_1.image;model_dark_clouds_2_500it;4;2 Oxonium hydride;0.009355509355509356
HD163296_CO_2_1.image;model_dark_clouds_2_500it;5;3 Vinyl Cyanide;0.009355509355509356
HD163296_CO_2_1.image;model_dark_clouds_full_500it;1;5 Methyliumylidene;0.46673596673596673
HD163296_CO_2_1.image;model_dark_clouds_full_500it;2;0 Ketene;0.009355509355509356
HD163296_CO_2_1.image;model_dark_clouds_full_500it;3;1 1,3,5-Hexatriynyl;0.009355509355509356
HD163296_CO_2_1.image;model_dark_clouds_full_500it;4;2 Oxonium hydride;0.009355509355509356
HD163296_CO_2_1.image;model_dark_clouds_full_500it;5;3 Vinyl Cyanide;0.009355509355509356
HD163296_CO_2_1.image;model_dark_clouds_full_expanded_00002_500it;1;16 2,4,6,8-Nonatetraynenitrile;0.46673596673596673
HD163296_CO_2_1.image;model_dark_clouds_full_expanded_00002_500it;2;0 Ketene;0.009355509355509356
HD163296_CO_2_1.image;model_dark_clouds_full_expanded_00002_500it;3;1 1,3,5-Hexatriynyl;0.009355509355509356
HD163296_CO_2_1.image;model_dark_clouds_full_expanded_00002_500it;4;2 Oxonium hydride;0.009355509355509356
HD163296_CO_2_1.image;model_dark_clouds_full_expanded_00002_500it;5;3 Vinyl Cyanide;0.009355509355509356
HD163296_CO_2_1.image;model_dark_clouds_full_expanded_00010_500it;1;27 3-Thioxo-1,2-Propadieylidene;0.45634095634095634
HD163296_CO_2_1.image;model_dark_clouds_full_expanded_00010_500it;2;46 Carbon Monoxide;0.019750519750519748
HD163296_CO_2_1.image;model_dark_clouds_full_expanded_00010_500it;3;0 Ketene;0.009355509355509356
HD163296_CO_2_1.image;model_dark_clouds_full_expanded_00010_500it;4;1 1,3,5-Hexatriynyl;0.009355509355509356
HD163296_CO_2_1.image;model_dark_clouds_full_expanded_00010_500it;5;2 Oxonium hydride;0.009355509355509356
Orion.methanol.cbc.contsub.image;model_dark_clouds_tr_500it;1;5 Methyliumylidene;0.48802395209580834
Orion.methanol.cbc.contsub.image;model_dark_clouds_tr_500it;2;0 Ketene;0.008982035928143712
Orion.methanol.cbc.contsub.image;model_dark_clouds_tr_500it;3;1 1,3,5-Hexatriynyl;0.008982035928143712
Orion.methanol.cbc.contsub.image;model_dark_clouds_tr_500it;4;2 Oxonium hydride;0.008982035928143712
Orion.methanol.cbc.contsub.image;model_dark_clouds_tr_500it;5;3 Vinyl Cyanide;0.008982035928143712
Orion.methanol.cbc.contsub.image;model_dark_clouds_2_500it;1;5 Methyliumylidene;0.48802395209580834
Orion.methanol.cbc.contsub.image;model_dark_clouds_2_500it;2;0 Ketene;0.008982035928143712
Orion.methanol.cbc.contsub.image;model_dark_clouds_2_500it;3;1 1,3,5-Hexatriynyl;0.008982035928143712
Orion.methanol.cbc.contsub.image;model_dark_clouds_2_500it;4;2 Oxonium hydride;0.008982035928143712
Orion.methanol.cbc.contsub.image;model_dark_clouds_2_500it;5;3 Vinyl Cyanide;0.008982035928143712
Orion.methanol.cbc.contsub.image;model_dark_clouds_full_500it;1;5 Methyliumylidene;0.48802395209580834
Orion.methanol.cbc.contsub.image;model_dark_clouds_full_500it;2;0 Ketene;0.008982035928143712
Orion.methanol.cbc.contsub.image;model_dark_clouds_full_500it;3;1 1,3,5-Hexatriynyl;0.008982035928143712
Orion.methanol.cbc.contsub.image;model_dark_clouds_full_500it;4;2 Oxonium hydride;0.008982035928143712
Orion.methanol.cbc.contsub.image;model_dark_clouds_full_500it;5;3 Vinyl Cyanide;0.008982035928143712
Orion.methanol.cbc.contsub.image;model_dark_clouds_full_expanded_00002_500it;1;50 Hydrogen Isocyanide;0.4780439121756487
Orion.methanol.cbc.contsub.image;model_dark_clouds_full_expanded_00002_500it;2;40 Methylidyne;0.01896207584830339
Orion.methanol.cbc.contsub.image;model_dark_clouds_full_expanded_00002_500it;3;0 Ketene;0.008982035928143712
Orion.methanol.cbc.contsub.image;model_dark_clouds_full_expanded_00002_500it;4;1 1,3,5-Hexatriynyl;0.008982035928143712
Orion.methanol.cbc.contsub.image;model_dark_clouds_full_expanded_00002_500it;5;2 Oxonium hydride;0.008982035928143712
Orion.methanol.cbc.contsub.image;model_dark_clouds_full_expanded_00010_500it;1;56 para-Oxidaniumyl;0.48802395209580834
Orion.methanol.cbc.contsub.image;model_dark_clouds_full_expanded_00010_500it;2;0 Ketene;0.008982035928143712
Orion.methanol.cbc.contsub.image;model_dark_clouds_full_expanded_00010_500it;3;1 1,3,5-Hexatriynyl;0.008982035928143712
Orion.methanol.cbc.contsub.image;model_dark_clouds_full_expanded_00010_500it;4;2 Oxonium hydride;0.008982035928143712
Orion.methanol.cbc.contsub.image;model_dark_clouds_full_expanded_00010_500it;5;3 Vinyl Cyanide;0.008982035928143712
DMTau.CS_5-4.image;model_dark_clouds_tr_500it;1;28 Cyanobutadiyne;0.3086253369272237
DMTau.CS_5-4.image;model_dark_clouds_tr_500it;2;0 Ketene;0.012129380053908356
DMTau.CS_5-4.image;model_dark_clouds_tr_500it;3;1 1,3,5-Hexatriynyl;0.012129380053908356
DMTau.CS_5-4.image;model_dark_clouds_tr_500it;4;2 Oxonium hydride;0.012129380053908356
DMTau.CS_5-4.image;model_dark_clouds_tr_500it;5;3 Vinyl Cyanide;0.012129380053908356
DMTau.CS_5-4.image;model_dark_clouds_2_500it;1;5 Methyliumylidene;0.3086253369272237
DMTau.CS_5-4.image;model_dark_clouds_2_500it;2;0 Ketene;0.012129380053908356
DMTau.CS_5-4.image;model_dark_clouds_2_500it;3;1 1,3,5-Hexatriynyl;0.012129380053908356
DMTau.CS_5-4.image;model_dark_clouds_2_500it;4;2 Oxonium hydride;0.012129380053908356
DMTau.CS_5-4.image;model_dark_clouds_2_500it;5;3 Vinyl Cyanide;0.012129380053908356
DMTau.CS_5-4.image;model_dark_clouds_full_500it;1;28 Cyanobutadiyne;0.1738544474393531
DMTau.CS_5-4.image;model_dark_clouds_full_500it;2;32 2,4,6,8,10-Undecapentaynenitrile;0.14690026954177898
DMTau.CS_5-4.image;model_dark_clouds_full_500it;3;0 Ketene;0.012129380053908356
DMTau.CS_5-4.image;model_dark_clouds_full_500it;4;1 1,3,5-Hexatriynyl;0.012129380053908356
DMTau.CS_5-4.image;model_dark_clouds_full_500it;5;2 Oxonium hydride;0.012129380053908356
DMTau.CS_5-4.image;model_dark_clouds_full_expanded_00002_500it;1;6 Carbon Monosulfide;0.3086253369272237
DMTau.CS_5-4.image;model_dark_clouds_full_expanded_00002_500it;2;0 Ketene;0.012129380053908356
DMTau.CS_5-4.image;model_dark_clouds_full_expanded_00002_500it;3;1 1,3,5-Hexatriynyl;0.012129380053908356
DMTau.CS_5-4.image;model_dark_clouds_full_expanded_00002_500it;4;2 Oxonium hydride;0.012129380053908356
DMTau.CS_5-4.image;model_dark_clouds_full_expanded_00002_500it;5;3 Vinyl Cyanide;0.012129380053908356
DMTau.CS_5-4.image;model_dark_clouds_full_expanded_00010_500it;1;6 Carbon Monosulfide;0.1738544474393531
DMTau.CS_5-4.image;model_dark_clouds_full_expanded_00010_500it;2;26 1,3,5,7-Octatetraynyl anion;0.1334231805929919
DMTau.CS_5-4.image;model_dark_clouds_full_expanded_00010_500it;3;25 1,3,5-Hexatriynyl anion;0.025606469002695417
DMTau.CS_5-4.image;model_dark_clouds_full_expanded_00010_500it;4;0 Ketene;0.012129380053908356
DMTau.CS_5-4.image;model_dark_clouds_full_expanded_00010_500it;5;1 1,3,5-Hexatriynyl;0.012129380053908356
uid___A002_Xa916fc_X668__IRS43_HCO32.final.image.pbcor;model_dark_clouds_tr_500it;1;5 Methyliumylidene;0.7941412520064206
uid___A002_Xa916fc_X668__IRS43_HCO32.final.image.pbcor;model_dark_clouds_tr_500it;2;0 Ketene;0.0036115569823434997
uid___A002_Xa916fc_X668__IRS43_HCO32.final.image.pbcor;model_dark_clouds_tr_500it;3;1 1,3,5-Hexatriynyl;0.0036115569823434997
uid___A002_Xa916fc_X668__IRS43_HCO32.final.image.pbcor;model_dark_clouds_tr_500it;4;2 Oxonium hydride;0.0036115569823434997
uid___A002_Xa916fc_X668__IRS43_HCO32.final.image.pbcor;model_dark_clouds_tr_500it;5;3 Vinyl Cyanide;0.0036115569823434997
uid___A002_Xa916fc_X668__IRS43_HCO32.final.image.pbcor;model_dark_clouds_2_500it;1;5 Methyliumylidene;0.7941412520064206
uid___A002_Xa916fc_X668__IRS43_HCO32.final.image.pbcor;model_dark_clouds_2_500it;2;0 Ketene;0.0036115569823434997
uid___A002_Xa916fc_X668__IRS43_HCO32.final.image.pbcor;model_dark_clouds_2_500it;3;1 1,3,5-Hexatriynyl;0.0036115569823434997
uid___A002_Xa916fc_X668__IRS43_HCO32.final.image.pbcor;model_dark_clouds_2_500it;4;2 Oxonium hydride;0.0036115569823434997
uid___A002_Xa916fc_X668__IRS43_HCO32.final.image.pbcor;model_dark_clouds_2_500it;5;3 Vinyl Cyanide;0.0036115569823434997
uid___A002_Xa916fc_X668__IRS43_HCO32.final.image.pbcor;model_dark_clouds_full_500it;1;5 Methyliumylidene;0.4129213483146068
uid___A002_Xa916fc_X668__IRS43_HCO32.final.image.pbcor;model_dark_clouds_full_500it;2;42 Silicon Monoxide;0.38483146067415736
uid___A002_Xa916fc_X668__IRS43_HCO32.final.image.pbcor;model_dark_clouds_full_500it;3;0 Ketene;0.0036115569823434997
uid___A002_Xa916fc_X668__IRS43_HCO32.final.image.pbcor;model_dark_clouds_full_500it;4;1 1,3,5-Hexatriynyl;0.0036115569823434997
uid___A002_Xa916fc_X668__IRS43_HCO32.final.image.pbcor;model_dark_clouds_full_500it;5;2 Oxonium hydride;0.0036115569823434997
uid___A002_Xa916fc_X668__IRS43_HCO32.final.image.pbcor;model_dark_clouds_full_expanded_00002_500it;1;15 1,3-Butadiynyl radical;0.7941412520064206
uid___A002_Xa916fc_X668__IRS43_HCO32.final.image.pbcor;model_dark_clouds_full_expanded_00002_500it;2;0 Ketene;0.0036115569823434997
uid___A002_Xa916fc_X668__IRS43_HCO32.final.image.pbcor;model_dark_clouds_full_expanded_00002_500it;3;1 1,3,5-Hexatriynyl;0.0036115569823434997
uid___A002_Xa916fc_X668__IRS43_HCO32.final.image.pbcor;model_dark_clouds_full_expanded_00002_500it;4;2 Oxonium hydride;0.0036115569823434997
uid___A002_Xa916fc_X668__IRS43_HCO32.final.image.pbcor;model_dark_clouds_full_expanded_00002_500it;5;3 Vinyl Cyanide;0.0036115569823434997
uid___A002_Xa916fc_X668__IRS43_HCO32.final.image.pbcor;model_dark_clouds_full_expanded_00010_500it;1;55 Cyanoacetylene;0.7941412520064206
uid___A002_Xa916fc_X668__IRS43_HCO32.final.image.pbcor;model_dark_clouds_full_expanded_00010_500it;2;0 Ketene;0.0036115569823434997
uid___A002_Xa916fc_X668__IRS43_HCO32.final.image.pbcor;model_dark_clouds_full_expanded_00010_500it;3;1 1,3,5-Hexatriynyl;0.0036115569823434997
uid___A002_Xa916fc_X668__IRS43_HCO32.final.image.pbcor;model_dark_clouds_full_expanded_00010_500it;4;2 Oxonium hydride;0.0036115569823434997
uid___A002_Xa916fc_X668__IRS43_HCO32.final.image.pbcor;model_dark_clouds_full_expanded_00010_500it;5;3 Vinyl Cyanide;0.0036115569823434997
TWHydra_HCOplusline.image;model_dark_clouds_tr_500it;1;45 Propynylidynium;0.25140449438202245
TWHydra_HCOplusline.image;model_dark_clouds_tr_500it;2;17 Formylium;0.026685393258426966
TWHydra_HCOplusline.image;model_dark_clouds_tr_500it;3;53 Formic Acid;0.026685393258426966
TWHydra_HCOplusline.image;model_dark_clouds_tr_500it;4;0 Ketene;0.012640449438202247
TWHydra_HCOplusline.image;model_dark_clouds_tr_500it;5;1 1,3,5-Hexatriynyl;0.012640449438202247
TWHydra_HCOplusline.image;model_dark_clouds_2_500it;1;5 Methyliumylidene;0.2794943820224719
TWHydra_HCOplusline.image;model_dark_clouds_2_500it;2;0 Ketene;0.012640449438202247
TWHydra_HCOplusline.image;model_dark_clouds_2_500it;3;1 1,3,5-Hexatriynyl;0.012640449438202247
TWHydra_HCOplusline.image;model_dark_clouds_2_500it;4;2 Oxonium hydride;0.012640449438202247
TWHydra_HCOplusline.image;model_dark_clouds_2_500it;5;3 Vinyl Cyanide;0.012640449438202247
TWHydra_HCOplusline.image;model_dark_clouds_full_500it;1;17 Formylium;0.2794943820224719
TWHydra_HCOplusline.image;model_dark_clouds_full_500it;2;0 Ketene;0.012640449438202247
TWHydra_HCOplusline.image;model_dark_clouds_full_500it;3;1 1,3,5-Hexatriynyl;0.012640449438202247
TWHydra_HCOplusline.image;model_dark_clouds_full_500it;4;2 Oxonium hydride;0.012640449438202247
TWHydra_HCOplusline.image;model_dark_clouds_full_500it;5;3 Vinyl Cyanide;0.012640449438202247
TWHydra_HCOplusline.image;model_dark_clouds_full_expanded_00002_500it;1;17 Formylium;0.2794943820224719
TWHydra_HCOplusline.image;model_dark_clouds_full_expanded_00002_500it;2;0 Ketene;0.012640449438202247
TWHydra_HCOplusline.image;model_dark_clouds_full_expanded_00002_500it;3;1 1,3,5-Hexatriynyl;0.012640449438202247
TWHydra_HCOplusline.image;model_dark_clouds_full_expanded_00002_500it;4;2 Oxonium hydride;0.012640449438202247
TWHydra_HCOplusline.image;model_dark_clouds_full_expanded_00002_500it;5;3 Vinyl Cyanide;0.012640449438202247
TWHydra_HCOplusline.image;model_dark_clouds_full_expanded_00010_500it;1;17 Formylium;0.26544943820224715
TWHydra_HCOplusline.image;model_dark_clouds_full_expanded_00010_500it;2;28 Cyanobutadiyne;0.026685393258426966
TWHydra_HCOplusline.image;model_dark_clouds_full_expanded_00010_500it;3;0 Ketene;0.012640449438202247
TWHydra_HCOplusline.image;model_dark_clouds_full_expanded_00010_500it;4;1 1,3,5-Hexatriynyl;0.012640449438202247
TWHydra_HCOplusline.image;model_dark_clouds_full_expanded_00010_500it;5;2 Oxonium hydride;0.012640449438202247
Orion.HNC.cbc.contsub.image;model_dark_clouds_tr_500it;1;42 Silicon Monoxide;0.7121212121212122
Orion.HNC.cbc.contsub.image;model_dark_clouds_tr_500it;2;0 Ketene;0.005050505050505051
Orion.HNC.cbc.contsub.image;model_dark_clouds_tr_500it;3;1 1,3,5-Hexatriynyl;0.005050505050505051
Orion.HNC.cbc.contsub.image;model_dark_clouds_tr_500it;4;2 Oxonium hydride;0.005050505050505051
Orion.HNC.cbc.contsub.image;model_dark_clouds_tr_500it;5;3 Vinyl Cyanide;0.005050505050505051
Orion.HNC.cbc.contsub.image;model_dark_clouds_2_500it;1;5 Methyliumylidene;0.7121212121212122
Orion.HNC.cbc.contsub.image;model_dark_clouds_2_500it;2;0 Ketene;0.005050505050505051
Orion.HNC.cbc.contsub.image;model_dark_clouds_2_500it;3;1 1,3,5-Hexatriynyl;0.005050505050505051
Orion.HNC.cbc.contsub.image;model_dark_clouds_2_500it;4;2 Oxonium hydride;0.005050505050505051
Orion.HNC.cbc.contsub.image;model_dark_clouds_2_500it;5;3 Vinyl Cyanide;0.005050505050505051
Orion.HNC.cbc.contsub.image;model_dark_clouds_full_500it;1;5 Methyliumylidene;0.3585858585858586
Orion.HNC.cbc.contsub.image;model_dark_clouds_full_500it;2;42 Silicon Monoxide;0.3585858585858586
Orion.HNC.cbc.contsub.image;model_dark_clouds_full_500it;3;0 Ketene;0.005050505050505051
Orion.HNC.cbc.contsub.image;model_dark_clouds_full_500it;4;1 1,3,5-Hexatriynyl;0.005050505050505051
Orion.HNC.cbc.contsub.image;model_dark_clouds_full_500it;5;2 Oxonium hydride;0.005050505050505051
Orion.HNC.cbc.contsub.image;model_dark_clouds_full_expanded_00002_500it;1;28 Cyanobutadiyne;0.7121212121212122
Orion.HNC.cbc.contsub.image;model_dark_clouds_full_expanded_00002_500it;2;0 Ketene;0.005050505050505051
Orion.HNC.cbc.contsub.image;model_dark_clouds_full_expanded_00002_500it;3;1 1,3,5-Hexatriynyl;0.005050505050505051
Orion.HNC.cbc.contsub.image;model_dark_clouds_full_expanded_00002_500it;4;2 Oxonium hydride;0.005050505050505051
Orion.HNC.cbc.contsub.image;model_dark_clouds_full_expanded_00002_500it;5;3 Vinyl Cyanide;0.005050505050505051
Orion.HNC.cbc.contsub.image;model_dark_clouds_full_expanded_00010_500it;1;21 2,4,6-Heptatriynenitrile;0.7121212121212122
Orion.HNC.cbc.contsub.image;model_dark_clouds_full_expanded_00010_500it;2;0 Ketene;0.005050505050505051
Orion.HNC.cbc.contsub.image;model_dark_clouds_full_expanded_00010_500it;3;1 1,3,5-Hexatriynyl;0.005050505050505051
Orion.HNC.cbc.contsub.image;model_dark_clouds_full_expanded_00010_500it;4;2 Oxonium hydride;0.005050505050505051
Orion.HNC.cbc.contsub.image;model_dark_clouds_full_expanded_00010_500it;5;3 Vinyl Cyanide;0.005050505050505051
