1;0 Methanol;0.007587253414264037
2;1 Hydrogen fluoride;0.007587253414264037
3;2 Nitric oxide;0.007587253414264037
4;3 Formylium;0.007587253414264037
5;4 Sodium Chloride;0.007587253414264037
6;5 Sulfur dioxide;0.007587253414264037
7;6 para-Oxidaniumyl;0.007587253414264037
8;7 Sulfur Monoxide;0.007587253414264037
9;8 Butatrienylidene;0.007587253414264037
10;9 Carbon Monoxide;0.007587253414264037
11;10 Nitrous Oxide;0.007587253414264037
12;11 Cyanoacetylene;0.007587253414264037
13;12 Carbonyl Sulfide;0.007587253414264037
14;13 Molecular oxygen;0.007587253414264037
15;14 ortho-Oxidaniumyl;0.007587253414264037
16;15 Water;0.007587253414264037
17;16 Iminomethylium;0.007587253414264037
18;17 Hydrochloric acid;0.007587253414264037
19;18 Acetylene;0.007587253414264037
20;19 Hydrogen Cyanide;0.007587253414264037
