uid___A002_Xa916fc_X668__IRS43_HCO32.final.image.pbcor;model_planetary_tr_500it;1;0 Methanol;0.004306632213608958
uid___A002_Xa916fc_X668__IRS43_HCO32.final.image.pbcor;model_planetary_tr_500it;2;1 Hydrogen fluoride;0.004306632213608958
uid___A002_Xa916fc_X668__IRS43_HCO32.final.image.pbcor;model_planetary_tr_500it;3;2 Nitric oxide;0.004306632213608958
uid___A002_Xa916fc_X668__IRS43_HCO32.final.image.pbcor;model_planetary_tr_500it;4;3 Formylium;0.004306632213608958
uid___A002_Xa916fc_X668__IRS43_HCO32.final.image.pbcor;model_planetary_tr_500it;5;4 Sodium Chloride;0.004306632213608958
uid___A002_Xa916fc_X668__IRS43_HCO32.final.image.pbcor;model_planetary_2_500it;1;0 Methanol;0.004306632213608958
uid___A002_Xa916fc_X668__IRS43_HCO32.final.image.pbcor;model_planetary_2_500it;2;1 Hydrogen fluoride;0.004306632213608958
uid___A002_Xa916fc_X668__IRS43_HCO32.final.image.pbcor;model_planetary_2_500it;3;2 Nitric oxide;0.004306632213608958
uid___A002_Xa916fc_X668__IRS43_HCO32.final.image.pbcor;model_planetary_2_500it;4;3 Formylium;0.004306632213608958
uid___A002_Xa916fc_X668__IRS43_HCO32.final.image.pbcor;model_planetary_2_500it;5;4 Sodium Chloride;0.004306632213608958
uid___A002_Xa916fc_X668__IRS43_HCO32.final.image.pbcor;model_planetary_full_500it;1;0 Methanol;0.004306632213608958
uid___A002_Xa916fc_X668__IRS43_HCO32.final.image.pbcor;model_planetary_full_500it;2;1 Hydrogen fluoride;0.004306632213608958
uid___A002_Xa916fc_X668__IRS43_HCO32.final.image.pbcor;model_planetary_full_500it;3;2 Nitric oxide;0.004306632213608958
uid___A002_Xa916fc_X668__IRS43_HCO32.final.image.pbcor;model_planetary_full_500it;4;3 Formylium;0.004306632213608958
uid___A002_Xa916fc_X668__IRS43_HCO32.final.image.pbcor;model_planetary_full_500it;5;4 Sodium Chloride;0.004306632213608958
uid___A002_Xa916fc_X668__IRS43_HCO32.final.image.pbcor;model_planetary_full_expanded_00002_500it;1;1 Hydrogen fluoride;0.9178200692041523
uid___A002_Xa916fc_X668__IRS43_HCO32.final.image.pbcor;model_planetary_full_expanded_00002_500it;2;0 Methanol;0.004325259515570935
uid___A002_Xa916fc_X668__IRS43_HCO32.final.image.pbcor;model_planetary_full_expanded_00002_500it;3;2 Nitric oxide;0.004325259515570935
uid___A002_Xa916fc_X668__IRS43_HCO32.final.image.pbcor;model_planetary_full_expanded_00002_500it;4;3 Formylium;0.004325259515570935
uid___A002_Xa916fc_X668__IRS43_HCO32.final.image.pbcor;model_planetary_full_expanded_00002_500it;5;4 Sodium Chloride;0.004325259515570935
uid___A002_Xa916fc_X668__IRS43_HCO32.final.image.pbcor;model_planetary_full_expanded_00010_500it;1;1 Hydrogen fluoride;0.9178200692041523
uid___A002_Xa916fc_X668__IRS43_HCO32.final.image.pbcor;model_planetary_full_expanded_00010_500it;2;0 Methanol;0.004325259515570935
uid___A002_Xa916fc_X668__IRS43_HCO32.final.image.pbcor;model_planetary_full_expanded_00010_500it;3;2 Nitric oxide;0.004325259515570935
uid___A002_Xa916fc_X668__IRS43_HCO32.final.image.pbcor;model_planetary_full_expanded_00010_500it;4;3 Formylium;0.004325259515570935
uid___A002_Xa916fc_X668__IRS43_HCO32.final.image.pbcor;model_planetary_full_expanded_00010_500it;5;4 Sodium Chloride;0.004325259515570935
Orion.methanol.cbc.contsub.image;model_planetary_tr_500it;1;0 Methanol;0.019011406844106463
Orion.methanol.cbc.contsub.image;model_planetary_tr_500it;2;1 Hydrogen fluoride;0.019011406844106463
Orion.methanol.cbc.contsub.image;model_planetary_tr_500it;3;2 Nitric oxide;0.019011406844106463
Orion.methanol.cbc.contsub.image;model_planetary_tr_500it;4;3 Formylium;0.019011406844106463
Orion.methanol.cbc.contsub.image;model_planetary_tr_500it;5;4 Sodium Chloride;0.019011406844106463
Orion.methanol.cbc.contsub.image;model_planetary_2_500it;1;0 Methanol;0.019011406844106463
Orion.methanol.cbc.contsub.image;model_planetary_2_500it;2;1 Hydrogen fluoride;0.019011406844106463
Orion.methanol.cbc.contsub.image;model_planetary_2_500it;3;2 Nitric oxide;0.019011406844106463
Orion.methanol.cbc.contsub.image;model_planetary_2_500it;4;3 Formylium;0.019011406844106463
Orion.methanol.cbc.contsub.image;model_planetary_2_500it;5;4 Sodium Chloride;0.019011406844106463
Orion.methanol.cbc.contsub.image;model_planetary_full_500it;1;1 Hydrogen fluoride;0.5285171102661597
Orion.methanol.cbc.contsub.image;model_planetary_full_500it;2;12 Carbonyl Sulfide;0.11026615969581749
Orion.methanol.cbc.contsub.image;model_planetary_full_500it;3;0 Methanol;0.019011406844106463
Orion.methanol.cbc.contsub.image;model_planetary_full_500it;4;2 Nitric oxide;0.019011406844106463
Orion.methanol.cbc.contsub.image;model_planetary_full_500it;5;3 Formylium;0.019011406844106463
Orion.methanol.cbc.contsub.image;model_planetary_full_expanded_00002_500it;1;12 Carbonyl Sulfide;0.624031007751938
Orion.methanol.cbc.contsub.image;model_planetary_full_expanded_00002_500it;2;4 Sodium Chloride;0.027131782945736434
Orion.methanol.cbc.contsub.image;model_planetary_full_expanded_00002_500it;3;0 Methanol;0.01937984496124031
Orion.methanol.cbc.contsub.image;model_planetary_full_expanded_00002_500it;4;1 Hydrogen fluoride;0.01937984496124031
Orion.methanol.cbc.contsub.image;model_planetary_full_expanded_00002_500it;5;2 Nitric oxide;0.01937984496124031
Orion.methanol.cbc.contsub.image;model_planetary_full_expanded_00010_500it;1;19 Hydrogen Cyanide;0.624031007751938
Orion.methanol.cbc.contsub.image;model_planetary_full_expanded_00010_500it;2;14 ortho-Oxidaniumyl;0.027131782945736434
Orion.methanol.cbc.contsub.image;model_planetary_full_expanded_00010_500it;3;0 Methanol;0.01937984496124031
Orion.methanol.cbc.contsub.image;model_planetary_full_expanded_00010_500it;4;1 Hydrogen fluoride;0.01937984496124031
Orion.methanol.cbc.contsub.image;model_planetary_full_expanded_00010_500it;5;2 Nitric oxide;0.01937984496124031
TWHydra_CO3_2line.image;model_planetary_tr_500it;1;0 Methanol;0.013477088948787063
TWHydra_CO3_2line.image;model_planetary_tr_500it;2;1 Hydrogen fluoride;0.013477088948787063
TWHydra_CO3_2line.image;model_planetary_tr_500it;3;2 Nitric oxide;0.013477088948787063
TWHydra_CO3_2line.image;model_planetary_tr_500it;4;3 Formylium;0.013477088948787063
TWHydra_CO3_2line.image;model_planetary_tr_500it;5;4 Sodium Chloride;0.013477088948787063
TWHydra_CO3_2line.image;model_planetary_2_500it;1;0 Methanol;0.013477088948787063
TWHydra_CO3_2line.image;model_planetary_2_500it;2;1 Hydrogen fluoride;0.013477088948787063
TWHydra_CO3_2line.image;model_planetary_2_500it;3;2 Nitric oxide;0.013477088948787063
TWHydra_CO3_2line.image;model_planetary_2_500it;4;3 Formylium;0.013477088948787063
TWHydra_CO3_2line.image;model_planetary_2_500it;5;4 Sodium Chloride;0.013477088948787063
TWHydra_CO3_2line.image;model_planetary_full_500it;1;0 Methanol;0.013477088948787063
TWHydra_CO3_2line.image;model_planetary_full_500it;2;1 Hydrogen fluoride;0.013477088948787063
TWHydra_CO3_2line.image;model_planetary_full_500it;3;2 Nitric oxide;0.013477088948787063
TWHydra_CO3_2line.image;model_planetary_full_500it;4;3 Formylium;0.013477088948787063
TWHydra_CO3_2line.image;model_planetary_full_500it;5;4 Sodium Chloride;0.013477088948787063
TWHydra_CO3_2line.image;model_planetary_full_expanded_00002_500it;1;17 Hydrochloric acid;0.7404371584699454
TWHydra_CO3_2line.image;model_planetary_full_expanded_00002_500it;2;0 Methanol;0.01366120218579235
TWHydra_CO3_2line.image;model_planetary_full_expanded_00002_500it;3;1 Hydrogen fluoride;0.01366120218579235
TWHydra_CO3_2line.image;model_planetary_full_expanded_00002_500it;4;2 Nitric oxide;0.01366120218579235
TWHydra_CO3_2line.image;model_planetary_full_expanded_00002_500it;5;3 Formylium;0.01366120218579235
TWHydra_CO3_2line.image;model_planetary_full_expanded_00010_500it;1;4 Sodium Chloride;0.7295081967213115
TWHydra_CO3_2line.image;model_planetary_full_expanded_00010_500it;2;9 Carbon Monoxide;0.02459016393442623
TWHydra_CO3_2line.image;model_planetary_full_expanded_00010_500it;3;0 Methanol;0.01366120218579235
TWHydra_CO3_2line.image;model_planetary_full_expanded_00010_500it;4;1 Hydrogen fluoride;0.01366120218579235
TWHydra_CO3_2line.image;model_planetary_full_expanded_00010_500it;5;2 Nitric oxide;0.01366120218579235
HD163296_CO_2_1.image;model_planetary_tr_500it;1;0 Methanol;0.007587253414264037
HD163296_CO_2_1.image;model_planetary_tr_500it;2;1 Hydrogen fluoride;0.007587253414264037
HD163296_CO_2_1.image;model_planetary_tr_500it;3;2 Nitric oxide;0.007587253414264037
HD163296_CO_2_1.image;model_planetary_tr_500it;4;3 Formylium;0.007587253414264037
HD163296_CO_2_1.image;model_planetary_tr_500it;5;4 Sodium Chloride;0.007587253414264037
HD163296_CO_2_1.image;model_planetary_2_500it;1;0 Methanol;0.007587253414264037
HD163296_CO_2_1.image;model_planetary_2_500it;2;1 Hydrogen fluoride;0.007587253414264037
HD163296_CO_2_1.image;model_planetary_2_500it;3;2 Nitric oxide;0.007587253414264037
HD163296_CO_2_1.image;model_planetary_2_500it;4;3 Formylium;0.007587253414264037
HD163296_CO_2_1.image;model_planetary_2_500it;5;4 Sodium Chloride;0.007587253414264037
HD163296_CO_2_1.image;model_planetary_full_500it;1;0 Methanol;0.007587253414264037
HD163296_CO_2_1.image;model_planetary_full_500it;2;1 Hydrogen fluoride;0.007587253414264037
HD163296_CO_2_1.image;model_planetary_full_500it;3;2 Nitric oxide;0.007587253414264037
HD163296_CO_2_1.image;model_planetary_full_500it;4;3 Formylium;0.007587253414264037
HD163296_CO_2_1.image;model_planetary_full_500it;5;4 Sodium Chloride;0.007587253414264037
HD163296_CO_2_1.image;model_planetary_full_expanded_00002_500it;1;16 Iminomethylium;0.8547400611620795
HD163296_CO_2_1.image;model_planetary_full_expanded_00002_500it;2;0 Methanol;0.00764525993883792
HD163296_CO_2_1.image;model_planetary_full_expanded_00002_500it;3;1 Hydrogen fluoride;0.00764525993883792
HD163296_CO_2_1.image;model_planetary_full_expanded_00002_500it;4;2 Nitric oxide;0.00764525993883792
HD163296_CO_2_1.image;model_planetary_full_expanded_00002_500it;5;3 Formylium;0.00764525993883792
HD163296_CO_2_1.image;model_planetary_full_expanded_00010_500it;1;11 Cyanoacetylene;0.8547400611620795
HD163296_CO_2_1.image;model_planetary_full_expanded_00010_500it;2;0 Methanol;0.00764525993883792
HD163296_CO_2_1.image;model_planetary_full_expanded_00010_500it;3;1 Hydrogen fluoride;0.00764525993883792
HD163296_CO_2_1.image;model_planetary_full_expanded_00010_500it;4;2 Nitric oxide;0.00764525993883792
HD163296_CO_2_1.image;model_planetary_full_expanded_00010_500it;5;3 Formylium;0.00764525993883792
TWHydra_HCOplusline.image;model_planetary_tr_500it;1;0 Methanol;0.0136986301369863
TWHydra_HCOplusline.image;model_planetary_tr_500it;2;1 Hydrogen fluoride;0.0136986301369863
TWHydra_HCOplusline.image;model_planetary_tr_500it;3;2 Nitric oxide;0.0136986301369863
TWHydra_HCOplusline.image;model_planetary_tr_500it;4;3 Formylium;0.0136986301369863
TWHydra_HCOplusline.image;model_planetary_tr_500it;5;4 Sodium Chloride;0.0136986301369863
TWHydra_HCOplusline.image;model_planetary_2_500it;1;0 Methanol;0.0136986301369863
TWHydra_HCOplusline.image;model_planetary_2_500it;2;1 Hydrogen fluoride;0.0136986301369863
TWHydra_HCOplusline.image;model_planetary_2_500it;3;2 Nitric oxide;0.0136986301369863
TWHydra_HCOplusline.image;model_planetary_2_500it;4;3 Formylium;0.0136986301369863
TWHydra_HCOplusline.image;model_planetary_2_500it;5;4 Sodium Chloride;0.0136986301369863
TWHydra_HCOplusline.image;model_planetary_full_500it;1;0 Methanol;0.0136986301369863
TWHydra_HCOplusline.image;model_planetary_full_500it;2;1 Hydrogen fluoride;0.0136986301369863
TWHydra_HCOplusline.image;model_planetary_full_500it;3;2 Nitric oxide;0.0136986301369863
TWHydra_HCOplusline.image;model_planetary_full_500it;4;3 Formylium;0.0136986301369863
TWHydra_HCOplusline.image;model_planetary_full_500it;5;4 Sodium Chloride;0.0136986301369863
TWHydra_HCOplusline.image;model_planetary_full_expanded_00002_500it;1;1 Hydrogen fluoride;0.7361111111111112
TWHydra_HCOplusline.image;model_planetary_full_expanded_00002_500it;2;0 Methanol;0.013888888888888888
TWHydra_HCOplusline.image;model_planetary_full_expanded_00002_500it;3;2 Nitric oxide;0.013888888888888888
TWHydra_HCOplusline.image;model_planetary_full_expanded_00002_500it;4;3 Formylium;0.013888888888888888
TWHydra_HCOplusline.image;model_planetary_full_expanded_00002_500it;5;4 Sodium Chloride;0.013888888888888888
TWHydra_HCOplusline.image;model_planetary_full_expanded_00010_500it;1;4 Sodium Chloride;0.7361111111111112
TWHydra_HCOplusline.image;model_planetary_full_expanded_00010_500it;2;0 Methanol;0.013888888888888888
TWHydra_HCOplusline.image;model_planetary_full_expanded_00010_500it;3;1 Hydrogen fluoride;0.013888888888888888
TWHydra_HCOplusline.image;model_planetary_full_expanded_00010_500it;4;2 Nitric oxide;0.013888888888888888
TWHydra_HCOplusline.image;model_planetary_full_expanded_00010_500it;5;3 Formylium;0.013888888888888888
