1;4 Sodium Chloride;0.7361111111111112
2;0 Methanol;0.013888888888888888
3;1 Hydrogen fluoride;0.013888888888888888
4;2 Nitric oxide;0.013888888888888888
5;3 Formylium;0.013888888888888888
6;5 Sulfur dioxide;0.013888888888888888
7;6 para-Oxidaniumyl;0.013888888888888888
8;7 Sulfur Monoxide;0.013888888888888888
9;8 Butatrienylidene;0.013888888888888888
10;9 Carbon Monoxide;0.013888888888888888
11;10 Nitrous Oxide;0.013888888888888888
12;11 Cyanoacetylene;0.013888888888888888
13;12 Carbonyl Sulfide;0.013888888888888888
14;13 Molecular oxygen;0.013888888888888888
15;14 ortho-Oxidaniumyl;0.013888888888888888
16;15 Water;0.013888888888888888
17;16 Iminomethylium;0.013888888888888888
18;17 Hydrochloric acid;0.013888888888888888
19;18 Acetylene;0.013888888888888888
20;19 Hydrogen Cyanide;0.013888888888888888
