1;4 Sodium Chloride;0.7295081967213115
2;9 Carbon Monoxide;0.02459016393442623
3;0 Methanol;0.01366120218579235
4;1 Hydrogen fluoride;0.01366120218579235
5;2 Nitric oxide;0.01366120218579235
6;3 Formylium;0.01366120218579235
7;5 Sulfur dioxide;0.01366120218579235
8;6 para-Oxidaniumyl;0.01366120218579235
9;7 Sulfur Monoxide;0.01366120218579235
10;8 Butatrienylidene;0.01366120218579235
11;10 Nitrous Oxide;0.01366120218579235
12;11 Cyanoacetylene;0.01366120218579235
13;12 Carbonyl Sulfide;0.01366120218579235
14;13 Molecular oxygen;0.01366120218579235
15;14 ortho-Oxidaniumyl;0.01366120218579235
16;15 Water;0.01366120218579235
17;16 Iminomethylium;0.01366120218579235
18;17 Hydrochloric acid;0.01366120218579235
19;18 Acetylene;0.01366120218579235
20;19 Hydrogen Cyanide;0.01366120218579235
