1;1 Hydrogen fluoride;0.9178200692041523
2;0 Methanol;0.004325259515570935
3;2 Nitric oxide;0.004325259515570935
4;3 Formylium;0.004325259515570935
5;4 Sodium Chloride;0.004325259515570935
6;5 Sulfur dioxide;0.004325259515570935
7;6 para-Oxidaniumyl;0.004325259515570935
8;7 Sulfur Monoxide;0.004325259515570935
9;8 Butatrienylidene;0.004325259515570935
10;9 Carbon Monoxide;0.004325259515570935
11;10 Nitrous Oxide;0.004325259515570935
12;11 Cyanoacetylene;0.004325259515570935
13;12 Carbonyl Sulfide;0.004325259515570935
14;13 Molecular oxygen;0.004325259515570935
15;14 ortho-Oxidaniumyl;0.004325259515570935
16;15 Water;0.004325259515570935
17;16 Iminomethylium;0.004325259515570935
18;17 Hydrochloric acid;0.004325259515570935
19;18 Acetylene;0.004325259515570935
20;19 Hydrogen Cyanide;0.004325259515570935
