1;50 Hydrogen Isocyanide;0.7547801147227534
2;0 Ketene;0.004302103250478011
3;1 1,3,5-Hexatriynyl;0.004302103250478011
4;2 Oxonium hydride;0.004302103250478011
5;3 Vinyl Cyanide;0.004302103250478011
6;4 Hydroxyl;0.004302103250478011
7;5 Methyliumylidene;0.004302103250478011
8;6 Carbon Monosulfide;0.004302103250478011
9;7 Cyanomethyl;0.004302103250478011
10;8 Methyl Acetylene;0.004302103250478011
11;9 Ethyl Cyanide;0.004302103250478011
12;10 2,4-Pentadiynylidyne;0.004302103250478011
13;11 4-Cyano-1,3-Butadiynyl;0.004302103250478011
14;12 Water;0.004302103250478011
15;13 Hydrogen sulfide;0.004302103250478011
16;14 Methylene amidogen;0.004302103250478011
17;15 1,3-Butadiynyl radical;0.004302103250478011
18;16 2,4,6,8-Nonatetraynenitrile;0.004302103250478011
19;17 Formylium;0.004302103250478011
20;18 Cyanoallene;0.004302103250478011
21;19 Trihydrogen ion;0.004302103250478011
22;20 Methylcyanodiacetylene;0.004302103250478011
23;21 2,4,6-Heptatriynenitrile;0.004302103250478011
24;22 Methanol;0.004302103250478011
25;23 Ammonia;0.004302103250478011
26;24 Methyl Cyanide;0.004302103250478011
27;25 1,3,5-Hexatriynyl anion;0.004302103250478011
28;26 1,3,5,7-Octatetraynyl anion;0.004302103250478011
29;27 3-Thioxo-1,2-Propadieylidene;0.004302103250478011
30;28 Cyanobutadiyne;0.004302103250478011
31;29 Nitric sulfide;0.004302103250478011
32;30 Sulfur dioxide;0.004302103250478011
33;31 Hydrochloric acid;0.004302103250478011
34;32 2,4,6,8,10-Undecapentaynenitrile;0.004302103250478011
35;33 Cyanide Radical;0.004302103250478011
36;34 Nitric oxide;0.004302103250478011
37;35 Formaldehyde;0.004302103250478011
38;36 Sulfur Monoxide;0.004302103250478011
39;37 Methyltriacetylene;0.004302103250478011
40;38 Hydrogen Cyanide;0.004302103250478011
41;39 Methyl diacetylene;0.004302103250478011
42;40 Methylidyne;0.004302103250478011
43;41 Thioxoethenylidene;0.004302103250478011
44;42 Silicon Monoxide;0.004302103250478011
45;43 1,3,5,7-Octatetraynyl;0.004302103250478011
46;44 Oxoethenylidene;0.004302103250478011
47;45 Propynylidynium;0.004302103250478011
48;46 Carbon Monoxide;0.004302103250478011
49;47 Thioformaldehyde;0.004302103250478011
50;48 Hexatrienyl;0.004302103250478011
51;49 Diazenylium;0.004302103250478011
52;51 Carbon Monosulfide;0.004302103250478011
53;52 Methylamine;0.004302103250478011
54;53 Formic Acid;0.004302103250478011
55;54 Cyclopropenylidene;0.004302103250478011
56;55 Cyanoacetylene;0.004302103250478011
57;56 para-Oxidaniumyl;0.004302103250478011
58;57 ortho-Oxidaniumyl;0.004302103250478011
