1;16 2,4,6,8-Nonatetraynenitrile;0.5585197934595525
2;0 Ketene;0.00774526678141136
3;1 1,3,5-Hexatriynyl;0.00774526678141136
4;2 Oxonium hydride;0.00774526678141136
5;3 Vinyl Cyanide;0.00774526678141136
6;4 Hydroxyl;0.00774526678141136
7;5 Methyliumylidene;0.00774526678141136
8;6 Carbon Monosulfide;0.00774526678141136
9;7 Cyanomethyl;0.00774526678141136
10;8 Methyl Acetylene;0.00774526678141136
11;9 Ethyl Cyanide;0.00774526678141136
12;10 2,4-Pentadiynylidyne;0.00774526678141136
13;11 4-Cyano-1,3-Butadiynyl;0.00774526678141136
14;12 Water;0.00774526678141136
15;13 Hydrogen sulfide;0.00774526678141136
16;14 Methylene amidogen;0.00774526678141136
17;15 1,3-Butadiynyl radical;0.00774526678141136
18;17 Formylium;0.00774526678141136
19;18 Cyanoallene;0.00774526678141136
20;19 Trihydrogen ion;0.00774526678141136
21;20 Methylcyanodiacetylene;0.00774526678141136
22;21 2,4,6-Heptatriynenitrile;0.00774526678141136
23;22 Methanol;0.00774526678141136
24;23 Ammonia;0.00774526678141136
25;24 Methyl Cyanide;0.00774526678141136
26;25 1,3,5-Hexatriynyl anion;0.00774526678141136
27;26 1,3,5,7-Octatetraynyl anion;0.00774526678141136
28;27 3-Thioxo-1,2-Propadieylidene;0.00774526678141136
29;28 Cyanobutadiyne;0.00774526678141136
30;29 Nitric sulfide;0.00774526678141136
31;30 Sulfur dioxide;0.00774526678141136
32;31 Hydrochloric acid;0.00774526678141136
33;32 2,4,6,8,10-Undecapentaynenitrile;0.00774526678141136
34;33 Cyanide Radical;0.00774526678141136
35;34 Nitric oxide;0.00774526678141136
36;35 Formaldehyde;0.00774526678141136
37;36 Sulfur Monoxide;0.00774526678141136
38;37 Methyltriacetylene;0.00774526678141136
39;38 Hydrogen Cyanide;0.00774526678141136
40;39 Methyl diacetylene;0.00774526678141136
41;40 Methylidyne;0.00774526678141136
42;41 Thioxoethenylidene;0.00774526678141136
43;42 Silicon Monoxide;0.00774526678141136
44;43 1,3,5,7-Octatetraynyl;0.00774526678141136
45;44 Oxoethenylidene;0.00774526678141136
46;45 Propynylidynium;0.00774526678141136
47;46 Carbon Monoxide;0.00774526678141136
48;47 Thioformaldehyde;0.00774526678141136
49;48 Hexatrienyl;0.00774526678141136
50;49 Diazenylium;0.00774526678141136
51;50 Hydrogen Isocyanide;0.00774526678141136
52;51 Carbon Monosulfide;0.00774526678141136
53;52 Methylamine;0.00774526678141136
54;53 Formic Acid;0.00774526678141136
55;54 Cyclopropenylidene;0.00774526678141136
56;55 Cyanoacetylene;0.00774526678141136
57;56 para-Oxidaniumyl;0.00774526678141136
58;57 ortho-Oxidaniumyl;0.00774526678141136
