1;19 Trihydrogen ion;0.8887684301821336
2;0 Ketene;0.0019514310494362533
3;1 1,3,5-Hexatriynyl;0.0019514310494362533
4;2 Oxonium hydride;0.0019514310494362533
5;3 Vinyl Cyanide;0.0019514310494362533
6;4 Hydroxyl;0.0019514310494362533
7;5 Methyliumylidene;0.0019514310494362533
8;6 Carbon Monosulfide;0.0019514310494362533
9;7 Cyanomethyl;0.0019514310494362533
10;8 Methyl Acetylene;0.0019514310494362533
11;9 Ethyl Cyanide;0.0019514310494362533
12;10 2,4-Pentadiynylidyne;0.0019514310494362533
13;11 4-Cyano-1,3-Butadiynyl;0.0019514310494362533
14;12 Water;0.0019514310494362533
15;13 Hydrogen sulfide;0.0019514310494362533
16;14 Methylene amidogen;0.0019514310494362533
17;15 1,3-Butadiynyl radical;0.0019514310494362533
18;16 2,4,6,8-Nonatetraynenitrile;0.0019514310494362533
19;17 Formylium;0.0019514310494362533
20;18 Cyanoallene;0.0019514310494362533
21;20 Methylcyanodiacetylene;0.0019514310494362533
22;21 2,4,6-Heptatriynenitrile;0.0019514310494362533
23;22 Methanol;0.0019514310494362533
24;23 Ammonia;0.0019514310494362533
25;24 Methyl Cyanide;0.0019514310494362533
26;25 1,3,5-Hexatriynyl anion;0.0019514310494362533
27;26 1,3,5,7-Octatetraynyl anion;0.0019514310494362533
28;27 3-Thioxo-1,2-Propadieylidene;0.0019514310494362533
29;28 Cyanobutadiyne;0.0019514310494362533
30;29 Nitric sulfide;0.0019514310494362533
31;30 Sulfur dioxide;0.0019514310494362533
32;31 Hydrochloric acid;0.0019514310494362533
33;32 2,4,6,8,10-Undecapentaynenitrile;0.0019514310494362533
34;33 Cyanide Radical;0.0019514310494362533
35;34 Nitric oxide;0.0019514310494362533
36;35 Formaldehyde;0.0019514310494362533
37;36 Sulfur Monoxide;0.0019514310494362533
38;37 Methyltriacetylene;0.0019514310494362533
39;38 Hydrogen Cyanide;0.0019514310494362533
40;39 Methyl diacetylene;0.0019514310494362533
41;40 Methylidyne;0.0019514310494362533
42;41 Thioxoethenylidene;0.0019514310494362533
43;42 Silicon Monoxide;0.0019514310494362533
44;43 1,3,5,7-Octatetraynyl;0.0019514310494362533
45;44 Oxoethenylidene;0.0019514310494362533
46;45 Propynylidynium;0.0019514310494362533
47;46 Carbon Monoxide;0.0019514310494362533
48;47 Thioformaldehyde;0.0019514310494362533
49;48 Hexatrienyl;0.0019514310494362533
50;49 Diazenylium;0.0019514310494362533
51;50 Hydrogen Isocyanide;0.0019514310494362533
52;51 Carbon Monosulfide;0.0019514310494362533
53;52 Methylamine;0.0019514310494362533
54;53 Formic Acid;0.0019514310494362533
55;54 Cyclopropenylidene;0.0019514310494362533
56;55 Cyanoacetylene;0.0019514310494362533
57;56 para-Oxidaniumyl;0.0019514310494362533
58;57 ortho-Oxidaniumyl;0.0019514310494362533
