1;18 Propynylidynium;0.1734234234234234
2;110 Oxoethenylidene;0.13963963963963963
3;76 Sulfur Monoxide ion;0.09459459459459459
4;84 Phosphaethyne;0.06081081081081081
5;70 trans-Ethanol;0.015765765765765764
6;89 Phosphapropynylidyne;0.015765765765765764
7;0 Dimethyl ether;0.0045045045045045045
8;1 Butatrienylidene;0.0045045045045045045
9;2 Trihydrogen ion;0.0045045045045045045
10;3 Nitrous Oxide;0.0045045045045045045
11;4 Methyl Acetylene;0.0045045045045045045
12;5 Ethylene Glycol;0.0045045045045045045
13;6 Methyl Cyanide;0.0045045045045045045
14;7 Thioformylium;0.0045045045045045045
15;8 para-Oxidaniumyl;0.0045045045045045045
16;9 Hydrogen Cyanide;0.0045045045045045045
17;10 Titanium monoxide;0.0045045045045045045
18;11 Cyanide Radical;0.0045045045045045045
19;12 Formic Acid;0.0045045045045045045
20;13 Nitric sulfide;0.0045045045045045045
21;14 Iminomethylium;0.0045045045045045045
22;15 Aluminum monoxide;0.0045045045045045045
23;16 Methyl isocyanate;0.0045045045045045045
24;17 Nitrosyl hydride;0.0045045045045045045
25;19 Magnesium Cyanide;0.0045045045045045045
26;20 Diazenylium;0.0045045045045045045
27;21 Methylamine;0.0045045045045045045
28;22 Chloronium;0.0045045045045045045
29;23 Silicon monosulfide;0.0045045045045045045
30;24 Phosphorus Monoxide;0.0045045045045045045
31;25 Cyclopropenone;0.0045045045045045045
32;26 Carbon Monoxide Ion;0.0045045045045045045
33;27 Sodium Cyanide;0.0045045045045045045
34;28 Nitric oxide;0.0045045045045045045
35;29 Silicon Cyanide;0.0045045045045045045
36;30 Ethyne Isocyanide;0.0045045045045045045
37;31 Sodium Chloride;0.0045045045045045045
38;32 Cyanoacetylene;0.0045045045045045045
39;33 Sulfur Monoxide;0.0045045045045045045
40;34 Aluminum Isocyanitrile;0.0045045045045045045
41;35 Cyanobutadiyne;0.0045045045045045045
42;36 Silicon Mononitride;0.0045045045045045045
43;37 Carbon Monoxide;0.0045045045045045045
44;38 Propadienylidene;0.0045045045045045045
45;39 Methanimine;0.0045045045045045045
46;40 Aluminum Monofluoride;0.0045045045045045045
47;41 Formamide;0.0045045045045045045
48;42 Aminoacetonitrile;0.0045045045045045045
49;43 Ammonia;0.0045045045045045045
50;44 gauche-Ethanol;0.0045045045045045045
51;45 Protonate 2-proynenitrile;0.0045045045045045045
52;46 Carbonyl Sulfide;0.0045045045045045045
53;47 Thioxoethenylidene;0.0045045045045045045
54;48 Ethyl cyanide;0.0045045045045045045
55;49 Water;0.0045045045045045045
56;50 Methyl Formate;0.0045045045045045045
57;51 Acetaldehyde;0.0045045045045045045
58;52 Ketenimine;0.0045045045045045045
59;53 Propenal;0.0045045045045045045
60;54 Methyl isocyanide;0.0045045045045045045
61;55 iso-propyl cyanide;0.0045045045045045045
62;56 Hydrogen cyanide;0.0045045045045045045
63;57 Protonated Carbon Dioxide;0.0045045045045045045
64;58 Methylidyne;0.0045045045045045045
65;59 Ketene;0.0045045045045045045
66;60 Silicon Monoxide;0.0045045045045045045
67;61 Acetone;0.0045045045045045045
68;62 Vinyl Cyanide;0.0045045045045045045
69;63 Silicon monoxide (global fit);0.0045045045045045045
70;64 Cyclopropenylidene;0.0045045045045045045
71;65 Magnesium Isocyanide;0.0045045045045045045
72;66 Cyanobutadiynylide anion;0.0045045045045045045
73;67 Formaldehyde;0.0045045045045045045
74;68 Carbon Monosulfide;0.0045045045045045045
75;69 Fulminic acid;0.0045045045045045045
76;71 Silicon Carbide;0.0045045045045045045
77;72 Formylium;0.0045045045045045045
78;73 Ethylene Oxide;0.0045045045045045045
79;74 Sulfur dioxide;0.0045045045045045045
80;75 Carbon Monophosphide;0.0045045045045045045
81;77 Methanol;0.0045045045045045045
82;78 Sulfur Dioxide;0.0045045045045045045
83;79 Cyanoformaldehyde;0.0045045045045045045
84;80 Isocyanic Acid;0.0045045045045045045
85;81 Silicon Isocyanide;0.0045045045045045045
86;82 Methylene amidogen;0.0045045045045045045
87;83 Silicon Monocarbide;0.0045045045045045045
88;85 Aluminum Monochloride;0.0045045045045045045
89;86 Cyanoallene;0.0045045045045045045
90;87 Methyl diacetylene;0.0045045045045045045
91;88 Cyanomethylene;0.0045045045045045045
92;90 Cyanomethyl;0.0045045045045045045
93;91 Hydrogen Isocyanide;0.0045045045045045045
94;92 Hydrogen sulfide;0.0045045045045045045
95;93 Hydroxyl;0.0045045045045045045
96;94 Glycolaldehyde;0.0045045045045045045
97;95 Cyanide anion;0.0045045045045045045
98;96 2-Propynal;0.0045045045045045045
99;97 Ethynyl;0.0045045045045045045
100;98 Phosphorous nitride;0.0045045045045045045
101;99 Magnesium hydride isocyanide;0.0045045045045045045
102;100 Potassium chloride;0.0045045045045045045
103;101 Silicon tetracarbide;0.0045045045045045045
104;102 Ethyl Cyanide;0.0045045045045045045
105;103 Cyanamide;0.0045045045045045045
106;104 Amidogen;0.0045045045045045045
107;105 Hydroxymethylidyne;0.0045045045045045045
108;106 Formyl Radical;0.0045045045045045045
109;107 Vinyl Alcohol;0.0045045045045045045
110;108 ortho-Oxidaniumyl;0.0045045045045045045
111;109 Cyanoethynylide ion;0.0045045045045045045
112;111 2-Butynenitrile;0.0045045045045045045
113;112 Cyanoethynyl;0.0045045045045045045
114;113 Hydroxymethylium ion;0.0045045045045045045
115;114 Thioformaldehyde;0.0045045045045045045
116;115 Isothiocyanic acid;0.0045045045045045045
117;116 Cyanic acid;0.0045045045045045045
