1;80 Isocyanic Acid;0.7537593984962406
2;55 iso-propyl cyanide;0.011278195488721804
3;29 Silicon Cyanide;0.006578947368421052
4;67 Formaldehyde;0.006578947368421052
5;79 Cyanoformaldehyde;0.006578947368421052
6;101 Silicon tetracarbide;0.006578947368421052
7;0 Dimethyl ether;0.0018796992481203006
8;1 Butatrienylidene;0.0018796992481203006
9;2 Trihydrogen ion;0.0018796992481203006
10;3 Nitrous Oxide;0.0018796992481203006
11;4 Methyl Acetylene;0.0018796992481203006
12;5 Ethylene Glycol;0.0018796992481203006
13;6 Methyl Cyanide;0.0018796992481203006
14;7 Thioformylium;0.0018796992481203006
15;8 para-Oxidaniumyl;0.0018796992481203006
16;9 Hydrogen Cyanide;0.0018796992481203006
17;10 Titanium monoxide;0.0018796992481203006
18;11 Cyanide Radical;0.0018796992481203006
19;12 Formic Acid;0.0018796992481203006
20;13 Nitric sulfide;0.0018796992481203006
21;14 Iminomethylium;0.0018796992481203006
22;15 Aluminum monoxide;0.0018796992481203006
23;16 Methyl isocyanate;0.0018796992481203006
24;17 Nitrosyl hydride;0.0018796992481203006
25;18 Propynylidynium;0.0018796992481203006
26;19 Magnesium Cyanide;0.0018796992481203006
27;20 Diazenylium;0.0018796992481203006
28;21 Methylamine;0.0018796992481203006
29;22 Chloronium;0.0018796992481203006
30;23 Silicon monosulfide;0.0018796992481203006
31;24 Phosphorus Monoxide;0.0018796992481203006
32;25 Cyclopropenone;0.0018796992481203006
33;26 Carbon Monoxide Ion;0.0018796992481203006
34;27 Sodium Cyanide;0.0018796992481203006
35;28 Nitric oxide;0.0018796992481203006
36;30 Ethyne Isocyanide;0.0018796992481203006
37;31 Sodium Chloride;0.0018796992481203006
38;32 Cyanoacetylene;0.0018796992481203006
39;33 Sulfur Monoxide;0.0018796992481203006
40;34 Aluminum Isocyanitrile;0.0018796992481203006
41;35 Cyanobutadiyne;0.0018796992481203006
42;36 Silicon Mononitride;0.0018796992481203006
43;37 Carbon Monoxide;0.0018796992481203006
44;38 Propadienylidene;0.0018796992481203006
45;39 Methanimine;0.0018796992481203006
46;40 Aluminum Monofluoride;0.0018796992481203006
47;41 Formamide;0.0018796992481203006
48;42 Aminoacetonitrile;0.0018796992481203006
49;43 Ammonia;0.0018796992481203006
50;44 gauche-Ethanol;0.0018796992481203006
51;45 Protonate 2-proynenitrile;0.0018796992481203006
52;46 Carbonyl Sulfide;0.0018796992481203006
53;47 Thioxoethenylidene;0.0018796992481203006
54;48 Ethyl cyanide;0.0018796992481203006
55;49 Water;0.0018796992481203006
56;50 Methyl Formate;0.0018796992481203006
57;51 Acetaldehyde;0.0018796992481203006
58;52 Ketenimine;0.0018796992481203006
59;53 Propenal;0.0018796992481203006
60;54 Methyl isocyanide;0.0018796992481203006
61;56 Hydrogen cyanide;0.0018796992481203006
62;57 Protonated Carbon Dioxide;0.0018796992481203006
63;58 Methylidyne;0.0018796992481203006
64;59 Ketene;0.0018796992481203006
65;60 Silicon Monoxide;0.0018796992481203006
66;61 Acetone;0.0018796992481203006
67;62 Vinyl Cyanide;0.0018796992481203006
68;63 Silicon monoxide (global fit);0.0018796992481203006
69;64 Cyclopropenylidene;0.0018796992481203006
70;65 Magnesium Isocyanide;0.0018796992481203006
71;66 Cyanobutadiynylide anion;0.0018796992481203006
72;68 Carbon Monosulfide;0.0018796992481203006
73;69 Fulminic acid;0.0018796992481203006
74;70 trans-Ethanol;0.0018796992481203006
75;71 Silicon Carbide;0.0018796992481203006
76;72 Formylium;0.0018796992481203006
77;73 Ethylene Oxide;0.0018796992481203006
78;74 Sulfur dioxide;0.0018796992481203006
79;75 Carbon Monophosphide;0.0018796992481203006
80;76 Sulfur Monoxide ion;0.0018796992481203006
81;77 Methanol;0.0018796992481203006
82;78 Sulfur Dioxide;0.0018796992481203006
83;81 Silicon Isocyanide;0.0018796992481203006
84;82 Methylene amidogen;0.0018796992481203006
85;83 Silicon Monocarbide;0.0018796992481203006
86;84 Phosphaethyne;0.0018796992481203006
87;85 Aluminum Monochloride;0.0018796992481203006
88;86 Cyanoallene;0.0018796992481203006
89;87 Methyl diacetylene;0.0018796992481203006
90;88 Cyanomethylene;0.0018796992481203006
91;89 Phosphapropynylidyne;0.0018796992481203006
92;90 Cyanomethyl;0.0018796992481203006
93;91 Hydrogen Isocyanide;0.0018796992481203006
94;92 Hydrogen sulfide;0.0018796992481203006
95;93 Hydroxyl;0.0018796992481203006
96;94 Glycolaldehyde;0.0018796992481203006
97;95 Cyanide anion;0.0018796992481203006
98;96 2-Propynal;0.0018796992481203006
99;97 Ethynyl;0.0018796992481203006
100;98 Phosphorous nitride;0.0018796992481203006
101;99 Magnesium hydride isocyanide;0.0018796992481203006
102;100 Potassium chloride;0.0018796992481203006
103;102 Ethyl Cyanide;0.0018796992481203006
104;103 Cyanamide;0.0018796992481203006
105;104 Amidogen;0.0018796992481203006
106;105 Hydroxymethylidyne;0.0018796992481203006
107;106 Formyl Radical;0.0018796992481203006
108;107 Vinyl Alcohol;0.0018796992481203006
109;108 ortho-Oxidaniumyl;0.0018796992481203006
110;109 Cyanoethynylide ion;0.0018796992481203006
111;110 Oxoethenylidene;0.0018796992481203006
112;111 2-Butynenitrile;0.0018796992481203006
113;112 Cyanoethynyl;0.0018796992481203006
114;113 Hydroxymethylium ion;0.0018796992481203006
115;114 Thioformaldehyde;0.0018796992481203006
116;115 Isothiocyanic acid;0.0018796992481203006
117;116 Cyanic acid;0.0018796992481203006
