uid___A002_Xa916fc_X668__IRS43_HCO32.final.image.pbcor;model_alma_band_6_tr_500it;1;15 Aluminum monoxide;0.8165276724791508
uid___A002_Xa916fc_X668__IRS43_HCO32.final.image.pbcor;model_alma_band_6_tr_500it;2;52 Ketenimine;0.009097801364670205
uid___A002_Xa916fc_X668__IRS43_HCO32.final.image.pbcor;model_alma_band_6_tr_500it;3;0 Dimethyl ether;0.001516300227445034
uid___A002_Xa916fc_X668__IRS43_HCO32.final.image.pbcor;model_alma_band_6_tr_500it;4;1 Butatrienylidene;0.001516300227445034
uid___A002_Xa916fc_X668__IRS43_HCO32.final.image.pbcor;model_alma_band_6_tr_500it;5;2 Trihydrogen ion;0.001516300227445034
uid___A002_Xa916fc_X668__IRS43_HCO32.final.image.pbcor;model_alma_band_6_2_500it;1;14 Iminomethylium;0.824109173616376
uid___A002_Xa916fc_X668__IRS43_HCO32.final.image.pbcor;model_alma_band_6_2_500it;2;0 Dimethyl ether;0.001516300227445034
uid___A002_Xa916fc_X668__IRS43_HCO32.final.image.pbcor;model_alma_band_6_2_500it;3;1 Butatrienylidene;0.001516300227445034
uid___A002_Xa916fc_X668__IRS43_HCO32.final.image.pbcor;model_alma_band_6_2_500it;4;2 Trihydrogen ion;0.001516300227445034
uid___A002_Xa916fc_X668__IRS43_HCO32.final.image.pbcor;model_alma_band_6_2_500it;5;3 Nitrous Oxide;0.001516300227445034
uid___A002_Xa916fc_X668__IRS43_HCO32.final.image.pbcor;model_alma_band_6_full_500it;1;7 Thioformylium;0.49052312357846856
uid___A002_Xa916fc_X668__IRS43_HCO32.final.image.pbcor;model_alma_band_6_full_500it;2;31 Sodium Chloride;0.22517058377558755
uid___A002_Xa916fc_X668__IRS43_HCO32.final.image.pbcor;model_alma_band_6_full_500it;3;109 Cyanoethynylide ion;0.058377558756633814
uid___A002_Xa916fc_X668__IRS43_HCO32.final.image.pbcor;model_alma_band_6_full_500it;4;56 Hydrogen cyanide;0.054586808188021224
uid___A002_Xa916fc_X668__IRS43_HCO32.final.image.pbcor;model_alma_band_6_full_500it;5;0 Dimethyl ether;0.001516300227445034
uid___A002_Xa916fc_X668__IRS43_HCO32.final.image.pbcor;model_alma_band_6_full_expanded_00002_500it;1;66 Cyanobutadiynylide anion;0.8165276724791508
uid___A002_Xa916fc_X668__IRS43_HCO32.final.image.pbcor;model_alma_band_6_full_expanded_00002_500it;2;14 Iminomethylium;0.005307050796057619
uid___A002_Xa916fc_X668__IRS43_HCO32.final.image.pbcor;model_alma_band_6_full_expanded_00002_500it;3;37 Carbon Monoxide;0.005307050796057619
uid___A002_Xa916fc_X668__IRS43_HCO32.final.image.pbcor;model_alma_band_6_full_expanded_00002_500it;4;0 Dimethyl ether;0.001516300227445034
uid___A002_Xa916fc_X668__IRS43_HCO32.final.image.pbcor;model_alma_band_6_full_expanded_00002_500it;5;1 Butatrienylidene;0.001516300227445034
uid___A002_Xa916fc_X668__IRS43_HCO32.final.image.pbcor;model_alma_band_6_full_expanded_00010_500it;1;40 Aluminum Monofluoride;0.8203184230477635
uid___A002_Xa916fc_X668__IRS43_HCO32.final.image.pbcor;model_alma_band_6_full_expanded_00010_500it;2;75 Carbon Monophosphide;0.005307050796057619
uid___A002_Xa916fc_X668__IRS43_HCO32.final.image.pbcor;model_alma_band_6_full_expanded_00010_500it;3;0 Dimethyl ether;0.001516300227445034
uid___A002_Xa916fc_X668__IRS43_HCO32.final.image.pbcor;model_alma_band_6_full_expanded_00010_500it;4;1 Butatrienylidene;0.001516300227445034
uid___A002_Xa916fc_X668__IRS43_HCO32.final.image.pbcor;model_alma_band_6_full_expanded_00010_500it;5;2 Trihydrogen ion;0.001516300227445034
DMTau.CS_5-4.image;model_alma_band_6_tr_500it;1;17 Nitrosyl hydride;0.8742038216560508
DMTau.CS_5-4.image;model_alma_band_6_tr_500it;2;99 Magnesium hydride isocyanide;0.0037154989384288743
DMTau.CS_5-4.image;model_alma_band_6_tr_500it;3;0 Dimethyl ether;0.0010615711252653928
DMTau.CS_5-4.image;model_alma_band_6_tr_500it;4;1 Butatrienylidene;0.0010615711252653928
DMTau.CS_5-4.image;model_alma_band_6_tr_500it;5;2 Trihydrogen ion;0.0010615711252653928
DMTau.CS_5-4.image;model_alma_band_6_2_500it;1;26 Carbon Monoxide Ion;0.8768577494692144
DMTau.CS_5-4.image;model_alma_band_6_2_500it;2;0 Dimethyl ether;0.0010615711252653928
DMTau.CS_5-4.image;model_alma_band_6_2_500it;3;1 Butatrienylidene;0.0010615711252653928
DMTau.CS_5-4.image;model_alma_band_6_2_500it;4;2 Trihydrogen ion;0.0010615711252653928
DMTau.CS_5-4.image;model_alma_band_6_2_500it;5;3 Nitrous Oxide;0.0010615711252653928
DMTau.CS_5-4.image;model_alma_band_6_full_500it;1;83 Silicon Monocarbide;0.3726114649681529
DMTau.CS_5-4.image;model_alma_band_6_full_500it;2;26 Carbon Monoxide Ion;0.1602972399150743
DMTau.CS_5-4.image;model_alma_band_6_full_500it;3;84 Phosphaethyne;0.1151804670912951
DMTau.CS_5-4.image;model_alma_band_6_full_500it;4;98 Phosphorous nitride;0.11252653927813162
DMTau.CS_5-4.image;model_alma_band_6_full_500it;5;46 Carbonyl Sulfide;0.07802547770700637
DMTau.CS_5-4.image;model_alma_band_6_full_expanded_00002_500it;1;110 Oxoethenylidene;0.8582802547770699
DMTau.CS_5-4.image;model_alma_band_6_full_expanded_00002_500it;2;48 Ethyl cyanide;0.006369426751592356
DMTau.CS_5-4.image;model_alma_band_6_full_expanded_00002_500it;3;24 Phosphorus Monoxide;0.0037154989384288743
DMTau.CS_5-4.image;model_alma_band_6_full_expanded_00002_500it;4;25 Cyclopropenone;0.0037154989384288743
DMTau.CS_5-4.image;model_alma_band_6_full_expanded_00002_500it;5;69 Fulminic acid;0.0037154989384288743
DMTau.CS_5-4.image;model_alma_band_6_full_expanded_00010_500it;1;47 Thioxoethenylidene;0.8742038216560508
DMTau.CS_5-4.image;model_alma_band_6_full_expanded_00010_500it;2;105 Hydroxymethylidyne;0.0037154989384288743
DMTau.CS_5-4.image;model_alma_band_6_full_expanded_00010_500it;3;0 Dimethyl ether;0.0010615711252653928
DMTau.CS_5-4.image;model_alma_band_6_full_expanded_00010_500it;4;1 Butatrienylidene;0.0010615711252653928
DMTau.CS_5-4.image;model_alma_band_6_full_expanded_00010_500it;5;2 Trihydrogen ion;0.0010615711252653928
TWHydra_HCOplusline.image;model_alma_band_6_tr_500it;1;81 Silicon Isocyanide;0.23495702005730654
TWHydra_HCOplusline.image;model_alma_band_6_tr_500it;2;19 Magnesium Cyanide;0.03438395415472779
TWHydra_HCOplusline.image;model_alma_band_6_tr_500it;3;114 Thioformaldehyde;0.03438395415472779
TWHydra_HCOplusline.image;model_alma_band_6_tr_500it;4;56 Hydrogen cyanide;0.020057306590257874
TWHydra_HCOplusline.image;model_alma_band_6_tr_500it;5;103 Cyanamide;0.020057306590257874
TWHydra_HCOplusline.image;model_alma_band_6_2_500it;1;3 Nitrous Oxide;0.33524355300859593
TWHydra_HCOplusline.image;model_alma_band_6_2_500it;2;0 Dimethyl ether;0.005730659025787965
TWHydra_HCOplusline.image;model_alma_band_6_2_500it;3;1 Butatrienylidene;0.005730659025787965
TWHydra_HCOplusline.image;model_alma_band_6_2_500it;4;2 Trihydrogen ion;0.005730659025787965
TWHydra_HCOplusline.image;model_alma_band_6_2_500it;5;4 Methyl Acetylene;0.005730659025787965
TWHydra_HCOplusline.image;model_alma_band_6_full_500it;1;14 Iminomethylium;0.33524355300859593
TWHydra_HCOplusline.image;model_alma_band_6_full_500it;2;0 Dimethyl ether;0.005730659025787965
TWHydra_HCOplusline.image;model_alma_band_6_full_500it;3;1 Butatrienylidene;0.005730659025787965
TWHydra_HCOplusline.image;model_alma_band_6_full_500it;4;2 Trihydrogen ion;0.005730659025787965
TWHydra_HCOplusline.image;model_alma_band_6_full_500it;5;3 Nitrous Oxide;0.005730659025787965
TWHydra_HCOplusline.image;model_alma_band_6_full_expanded_00002_500it;1;21 Methylamine;0.33524355300859593
TWHydra_HCOplusline.image;model_alma_band_6_full_expanded_00002_500it;2;0 Dimethyl ether;0.005730659025787965
TWHydra_HCOplusline.image;model_alma_band_6_full_expanded_00002_500it;3;1 Butatrienylidene;0.005730659025787965
TWHydra_HCOplusline.image;model_alma_band_6_full_expanded_00002_500it;4;2 Trihydrogen ion;0.005730659025787965
TWHydra_HCOplusline.image;model_alma_band_6_full_expanded_00002_500it;5;3 Nitrous Oxide;0.005730659025787965
TWHydra_HCOplusline.image;model_alma_band_6_full_expanded_00010_500it;1;106 Formyl Radical;0.33524355300859593
TWHydra_HCOplusline.image;model_alma_band_6_full_expanded_00010_500it;2;0 Dimethyl ether;0.005730659025787965
TWHydra_HCOplusline.image;model_alma_band_6_full_expanded_00010_500it;3;1 Butatrienylidene;0.005730659025787965
TWHydra_HCOplusline.image;model_alma_band_6_full_expanded_00010_500it;4;2 Trihydrogen ion;0.005730659025787965
TWHydra_HCOplusline.image;model_alma_band_6_full_expanded_00010_500it;5;3 Nitrous Oxide;0.005730659025787965
HD163296_CO_2_1.image;model_alma_band_6_tr_500it;1;40 Aluminum Monofluoride;0.43243243243243235
HD163296_CO_2_1.image;model_alma_band_6_tr_500it;2;48 Ethyl cyanide;0.015765765765765764
HD163296_CO_2_1.image;model_alma_band_6_tr_500it;3;73 Ethylene Oxide;0.015765765765765764
HD163296_CO_2_1.image;model_alma_band_6_tr_500it;4;110 Oxoethenylidene;0.015765765765765764
HD163296_CO_2_1.image;model_alma_band_6_tr_500it;5;116 Cyanic acid;0.015765765765765764
HD163296_CO_2_1.image;model_alma_band_6_2_500it;1;93 Hydroxyl;0.4774774774774774
HD163296_CO_2_1.image;model_alma_band_6_2_500it;2;0 Dimethyl ether;0.0045045045045045045
HD163296_CO_2_1.image;model_alma_band_6_2_500it;3;1 Butatrienylidene;0.0045045045045045045
HD163296_CO_2_1.image;model_alma_band_6_2_500it;4;2 Trihydrogen ion;0.0045045045045045045
HD163296_CO_2_1.image;model_alma_band_6_2_500it;5;3 Nitrous Oxide;0.0045045045045045045
HD163296_CO_2_1.image;model_alma_band_6_full_500it;1;18 Propynylidynium;0.1734234234234234
HD163296_CO_2_1.image;model_alma_band_6_full_500it;2;110 Oxoethenylidene;0.13963963963963963
HD163296_CO_2_1.image;model_alma_band_6_full_500it;3;76 Sulfur Monoxide ion;0.09459459459459459
HD163296_CO_2_1.image;model_alma_band_6_full_500it;4;84 Phosphaethyne;0.06081081081081081
HD163296_CO_2_1.image;model_alma_band_6_full_500it;5;70 trans-Ethanol;0.015765765765765764
HD163296_CO_2_1.image;model_alma_band_6_full_expanded_00002_500it;1;40 Aluminum Monofluoride;0.45495495495495486
HD163296_CO_2_1.image;model_alma_band_6_full_expanded_00002_500it;2;1 Butatrienylidene;0.02702702702702702
HD163296_CO_2_1.image;model_alma_band_6_full_expanded_00002_500it;3;0 Dimethyl ether;0.0045045045045045045
HD163296_CO_2_1.image;model_alma_band_6_full_expanded_00002_500it;4;2 Trihydrogen ion;0.0045045045045045045
HD163296_CO_2_1.image;model_alma_band_6_full_expanded_00002_500it;5;3 Nitrous Oxide;0.0045045045045045045
HD163296_CO_2_1.image;model_alma_band_6_full_expanded_00010_500it;1;38 Propadienylidene;0.4436936936936936
HD163296_CO_2_1.image;model_alma_band_6_full_expanded_00010_500it;2;2 Trihydrogen ion;0.015765765765765764
HD163296_CO_2_1.image;model_alma_band_6_full_expanded_00010_500it;3;18 Propynylidynium;0.015765765765765764
HD163296_CO_2_1.image;model_alma_band_6_full_expanded_00010_500it;4;109 Cyanoethynylide ion;0.015765765765765764
HD163296_CO_2_1.image;model_alma_band_6_full_expanded_00010_500it;5;0 Dimethyl ether;0.0045045045045045045
Orion.methanol.cbc.contsub.image;model_alma_band_6_tr_500it;1;15 Aluminum monoxide;0.5820379965457686
Orion.methanol.cbc.contsub.image;model_alma_band_6_tr_500it;2;19 Magnesium Cyanide;0.012089810017271154
Orion.methanol.cbc.contsub.image;model_alma_band_6_tr_500it;3;108 ortho-Oxidaniumyl;0.012089810017271154
Orion.methanol.cbc.contsub.image;model_alma_band_6_tr_500it;4;0 Dimethyl ether;0.0034542314335060447
Orion.methanol.cbc.contsub.image;model_alma_band_6_tr_500it;5;1 Butatrienylidene;0.0034542314335060447
Orion.methanol.cbc.contsub.image;model_alma_band_6_2_500it;1;93 Hydroxyl;0.39205526770293603
Orion.methanol.cbc.contsub.image;model_alma_band_6_2_500it;2;7 Thioformylium;0.21070811744386872
Orion.methanol.cbc.contsub.image;model_alma_band_6_2_500it;3;0 Dimethyl ether;0.0034542314335060447
Orion.methanol.cbc.contsub.image;model_alma_band_6_2_500it;4;1 Butatrienylidene;0.0034542314335060447
Orion.methanol.cbc.contsub.image;model_alma_band_6_2_500it;5;2 Trihydrogen ion;0.0034542314335060447
Orion.methanol.cbc.contsub.image;model_alma_band_6_full_500it;1;104 Amidogen;0.2797927461139896
Orion.methanol.cbc.contsub.image;model_alma_band_6_full_500it;2;7 Thioformylium;0.12435233160621761
Orion.methanol.cbc.contsub.image;model_alma_band_6_full_500it;3;31 Sodium Chloride;0.08981001727115716
Orion.methanol.cbc.contsub.image;model_alma_band_6_full_500it;4;15 Aluminum monoxide;0.07253886010362694
Orion.methanol.cbc.contsub.image;model_alma_band_6_full_500it;5;92 Hydrogen sulfide;0.046632124352331605
Orion.methanol.cbc.contsub.image;model_alma_band_6_full_expanded_00002_500it;1;39 Methanimine;0.5734024179620034
Orion.methanol.cbc.contsub.image;model_alma_band_6_full_expanded_00002_500it;2;23 Silicon monosulfide;0.012089810017271154
Orion.methanol.cbc.contsub.image;model_alma_band_6_full_expanded_00002_500it;3;74 Sulfur dioxide;0.012089810017271154
Orion.methanol.cbc.contsub.image;model_alma_band_6_full_expanded_00002_500it;4;82 Methylene amidogen;0.012089810017271154
Orion.methanol.cbc.contsub.image;model_alma_band_6_full_expanded_00002_500it;5;0 Dimethyl ether;0.0034542314335060447
Orion.methanol.cbc.contsub.image;model_alma_band_6_full_expanded_00010_500it;1;89 Phosphapropynylidyne;0.5906735751295337
Orion.methanol.cbc.contsub.image;model_alma_band_6_full_expanded_00010_500it;2;3 Nitrous Oxide;0.012089810017271154
Orion.methanol.cbc.contsub.image;model_alma_band_6_full_expanded_00010_500it;3;0 Dimethyl ether;0.0034542314335060447
Orion.methanol.cbc.contsub.image;model_alma_band_6_full_expanded_00010_500it;4;1 Butatrienylidene;0.0034542314335060447
Orion.methanol.cbc.contsub.image;model_alma_band_6_full_expanded_00010_500it;5;2 Trihydrogen ion;0.0034542314335060447
Orion.HNC.cbc.contsub.image;model_alma_band_6_tr_500it;1;22 Chloronium;0.7725563909774436
Orion.HNC.cbc.contsub.image;model_alma_band_6_tr_500it;2;18 Propynylidynium;0.006578947368421052
Orion.HNC.cbc.contsub.image;model_alma_band_6_tr_500it;3;47 Thioxoethenylidene;0.006578947368421052
Orion.HNC.cbc.contsub.image;model_alma_band_6_tr_500it;4;0 Dimethyl ether;0.0018796992481203006
Orion.HNC.cbc.contsub.image;model_alma_band_6_tr_500it;5;1 Butatrienylidene;0.0018796992481203006
Orion.HNC.cbc.contsub.image;model_alma_band_6_2_500it;1;105 Hydroxymethylidyne;0.7819548872180451
Orion.HNC.cbc.contsub.image;model_alma_band_6_2_500it;2;0 Dimethyl ether;0.0018796992481203006
Orion.HNC.cbc.contsub.image;model_alma_band_6_2_500it;3;1 Butatrienylidene;0.0018796992481203006
Orion.HNC.cbc.contsub.image;model_alma_band_6_2_500it;4;2 Trihydrogen ion;0.0018796992481203006
Orion.HNC.cbc.contsub.image;model_alma_band_6_2_500it;5;3 Nitrous Oxide;0.0018796992481203006
Orion.HNC.cbc.contsub.image;model_alma_band_6_full_500it;1;20 Diazenylium;0.32142857142857145
Orion.HNC.cbc.contsub.image;model_alma_band_6_full_500it;2;56 Hydrogen cyanide;0.16635338345864661
Orion.HNC.cbc.contsub.image;model_alma_band_6_full_500it;3;2 Trihydrogen ion;0.1381578947368421
Orion.HNC.cbc.contsub.image;model_alma_band_6_full_500it;4;3 Nitrous Oxide;0.11466165413533834
Orion.HNC.cbc.contsub.image;model_alma_band_6_full_500it;5;83 Silicon Monocarbide;0.039473684210526314
Orion.HNC.cbc.contsub.image;model_alma_band_6_full_expanded_00002_500it;1;31 Sodium Chloride;0.7725563909774436
Orion.HNC.cbc.contsub.image;model_alma_band_6_full_expanded_00002_500it;2;19 Magnesium Cyanide;0.006578947368421052
Orion.HNC.cbc.contsub.image;model_alma_band_6_full_expanded_00002_500it;3;43 Ammonia;0.006578947368421052
Orion.HNC.cbc.contsub.image;model_alma_band_6_full_expanded_00002_500it;4;0 Dimethyl ether;0.0018796992481203006
Orion.HNC.cbc.contsub.image;model_alma_band_6_full_expanded_00002_500it;5;1 Butatrienylidene;0.0018796992481203006
Orion.HNC.cbc.contsub.image;model_alma_band_6_full_expanded_00010_500it;1;80 Isocyanic Acid;0.7537593984962406
Orion.HNC.cbc.contsub.image;model_alma_band_6_full_expanded_00010_500it;2;55 iso-propyl cyanide;0.011278195488721804
Orion.HNC.cbc.contsub.image;model_alma_band_6_full_expanded_00010_500it;3;29 Silicon Cyanide;0.006578947368421052
Orion.HNC.cbc.contsub.image;model_alma_band_6_full_expanded_00010_500it;4;67 Formaldehyde;0.006578947368421052
Orion.HNC.cbc.contsub.image;model_alma_band_6_full_expanded_00010_500it;5;79 Cyanoformaldehyde;0.006578947368421052
TWHydra_CO3_2line.image;model_alma_band_6_tr_500it;1;81 Silicon Isocyanide;0.29805013927576596
TWHydra_CO3_2line.image;model_alma_band_6_tr_500it;2;17 Nitrosyl hydride;0.01949860724233983
TWHydra_CO3_2line.image;model_alma_band_6_tr_500it;3;65 Magnesium Isocyanide;0.01949860724233983
TWHydra_CO3_2line.image;model_alma_band_6_tr_500it;4;66 Cyanobutadiynylide anion;0.01949860724233983
TWHydra_CO3_2line.image;model_alma_band_6_tr_500it;5;86 Cyanoallene;0.01949860724233983
TWHydra_CO3_2line.image;model_alma_band_6_2_500it;1;7 Thioformylium;0.3537604456824512
TWHydra_CO3_2line.image;model_alma_band_6_2_500it;2;0 Dimethyl ether;0.005571030640668523
TWHydra_CO3_2line.image;model_alma_band_6_2_500it;3;1 Butatrienylidene;0.005571030640668523
TWHydra_CO3_2line.image;model_alma_band_6_2_500it;4;2 Trihydrogen ion;0.005571030640668523
TWHydra_CO3_2line.image;model_alma_band_6_2_500it;5;3 Nitrous Oxide;0.005571030640668523
TWHydra_CO3_2line.image;model_alma_band_6_full_500it;1;7 Thioformylium;0.3537604456824512
TWHydra_CO3_2line.image;model_alma_band_6_full_500it;2;0 Dimethyl ether;0.005571030640668523
TWHydra_CO3_2line.image;model_alma_band_6_full_500it;3;1 Butatrienylidene;0.005571030640668523
TWHydra_CO3_2line.image;model_alma_band_6_full_500it;4;2 Trihydrogen ion;0.005571030640668523
TWHydra_CO3_2line.image;model_alma_band_6_full_500it;5;3 Nitrous Oxide;0.005571030640668523
TWHydra_CO3_2line.image;model_alma_band_6_full_expanded_00002_500it;1;0 Dimethyl ether;0.33983286908077986
TWHydra_CO3_2line.image;model_alma_band_6_full_expanded_00002_500it;2;9 Hydrogen Cyanide;0.01949860724233983
TWHydra_CO3_2line.image;model_alma_band_6_full_expanded_00002_500it;3;1 Butatrienylidene;0.005571030640668523
TWHydra_CO3_2line.image;model_alma_band_6_full_expanded_00002_500it;4;2 Trihydrogen ion;0.005571030640668523
TWHydra_CO3_2line.image;model_alma_band_6_full_expanded_00002_500it;5;3 Nitrous Oxide;0.005571030640668523
TWHydra_CO3_2line.image;model_alma_band_6_full_expanded_00010_500it;1;45 Protonate 2-proynenitrile;0.3537604456824512
TWHydra_CO3_2line.image;model_alma_band_6_full_expanded_00010_500it;2;0 Dimethyl ether;0.005571030640668523
TWHydra_CO3_2line.image;model_alma_band_6_full_expanded_00010_500it;3;1 Butatrienylidene;0.005571030640668523
TWHydra_CO3_2line.image;model_alma_band_6_full_expanded_00010_500it;4;2 Trihydrogen ion;0.005571030640668523
TWHydra_CO3_2line.image;model_alma_band_6_full_expanded_00010_500it;5;3 Nitrous Oxide;0.005571030640668523
