1;45 Protonate 2-proynenitrile;0.3537604456824512
2;0 Dimethyl ether;0.005571030640668523
3;1 Butatrienylidene;0.005571030640668523
4;2 Trihydrogen ion;0.005571030640668523
5;3 Nitrous Oxide;0.005571030640668523
6;4 Methyl Acetylene;0.005571030640668523
7;5 Ethylene Glycol;0.005571030640668523
8;6 Methyl Cyanide;0.005571030640668523
9;7 Thioformylium;0.005571030640668523
10;8 para-Oxidaniumyl;0.005571030640668523
11;9 Hydrogen Cyanide;0.005571030640668523
12;10 Titanium monoxide;0.005571030640668523
13;11 Cyanide Radical;0.005571030640668523
14;12 Formic Acid;0.005571030640668523
15;13 Nitric sulfide;0.005571030640668523
16;14 Iminomethylium;0.005571030640668523
17;15 Aluminum monoxide;0.005571030640668523
18;16 Methyl isocyanate;0.005571030640668523
19;17 Nitrosyl hydride;0.005571030640668523
20;18 Propynylidynium;0.005571030640668523
21;19 Magnesium Cyanide;0.005571030640668523
22;20 Diazenylium;0.005571030640668523
23;21 Methylamine;0.005571030640668523
24;22 Chloronium;0.005571030640668523
25;23 Silicon monosulfide;0.005571030640668523
26;24 Phosphorus Monoxide;0.005571030640668523
27;25 Cyclopropenone;0.005571030640668523
28;26 Carbon Monoxide Ion;0.005571030640668523
29;27 Sodium Cyanide;0.005571030640668523
30;28 Nitric oxide;0.005571030640668523
31;29 Silicon Cyanide;0.005571030640668523
32;30 Ethyne Isocyanide;0.005571030640668523
33;31 Sodium Chloride;0.005571030640668523
34;32 Cyanoacetylene;0.005571030640668523
35;33 Sulfur Monoxide;0.005571030640668523
36;34 Aluminum Isocyanitrile;0.005571030640668523
37;35 Cyanobutadiyne;0.005571030640668523
38;36 Silicon Mononitride;0.005571030640668523
39;37 Carbon Monoxide;0.005571030640668523
40;38 Propadienylidene;0.005571030640668523
41;39 Methanimine;0.005571030640668523
42;40 Aluminum Monofluoride;0.005571030640668523
43;41 Formamide;0.005571030640668523
44;42 Aminoacetonitrile;0.005571030640668523
45;43 Ammonia;0.005571030640668523
46;44 gauche-Ethanol;0.005571030640668523
47;46 Carbonyl Sulfide;0.005571030640668523
48;47 Thioxoethenylidene;0.005571030640668523
49;48 Ethyl cyanide;0.005571030640668523
50;49 Water;0.005571030640668523
51;50 Methyl Formate;0.005571030640668523
52;51 Acetaldehyde;0.005571030640668523
53;52 Ketenimine;0.005571030640668523
54;53 Propenal;0.005571030640668523
55;54 Methyl isocyanide;0.005571030640668523
56;55 iso-propyl cyanide;0.005571030640668523
57;56 Hydrogen cyanide;0.005571030640668523
58;57 Protonated Carbon Dioxide;0.005571030640668523
59;58 Methylidyne;0.005571030640668523
60;59 Ketene;0.005571030640668523
61;60 Silicon Monoxide;0.005571030640668523
62;61 Acetone;0.005571030640668523
63;62 Vinyl Cyanide;0.005571030640668523
64;63 Silicon monoxide (global fit);0.005571030640668523
65;64 Cyclopropenylidene;0.005571030640668523
66;65 Magnesium Isocyanide;0.005571030640668523
67;66 Cyanobutadiynylide anion;0.005571030640668523
68;67 Formaldehyde;0.005571030640668523
69;68 Carbon Monosulfide;0.005571030640668523
70;69 Fulminic acid;0.005571030640668523
71;70 trans-Ethanol;0.005571030640668523
72;71 Silicon Carbide;0.005571030640668523
73;72 Formylium;0.005571030640668523
74;73 Ethylene Oxide;0.005571030640668523
75;74 Sulfur dioxide;0.005571030640668523
76;75 Carbon Monophosphide;0.005571030640668523
77;76 Sulfur Monoxide ion;0.005571030640668523
78;77 Methanol;0.005571030640668523
79;78 Sulfur Dioxide;0.005571030640668523
80;79 Cyanoformaldehyde;0.005571030640668523
81;80 Isocyanic Acid;0.005571030640668523
82;81 Silicon Isocyanide;0.005571030640668523
83;82 Methylene amidogen;0.005571030640668523
84;83 Silicon Monocarbide;0.005571030640668523
85;84 Phosphaethyne;0.005571030640668523
86;85 Aluminum Monochloride;0.005571030640668523
87;86 Cyanoallene;0.005571030640668523
88;87 Methyl diacetylene;0.005571030640668523
89;88 Cyanomethylene;0.005571030640668523
90;89 Phosphapropynylidyne;0.005571030640668523
91;90 Cyanomethyl;0.005571030640668523
92;91 Hydrogen Isocyanide;0.005571030640668523
93;92 Hydrogen sulfide;0.005571030640668523
94;93 Hydroxyl;0.005571030640668523
95;94 Glycolaldehyde;0.005571030640668523
96;95 Cyanide anion;0.005571030640668523
97;96 2-Propynal;0.005571030640668523
98;97 Ethynyl;0.005571030640668523
99;98 Phosphorous nitride;0.005571030640668523
100;99 Magnesium hydride isocyanide;0.005571030640668523
101;100 Potassium chloride;0.005571030640668523
102;101 Silicon tetracarbide;0.005571030640668523
103;102 Ethyl Cyanide;0.005571030640668523
104;103 Cyanamide;0.005571030640668523
105;104 Amidogen;0.005571030640668523
106;105 Hydroxymethylidyne;0.005571030640668523
107;106 Formyl Radical;0.005571030640668523
108;107 Vinyl Alcohol;0.005571030640668523
109;108 ortho-Oxidaniumyl;0.005571030640668523
110;109 Cyanoethynylide ion;0.005571030640668523
111;110 Oxoethenylidene;0.005571030640668523
112;111 2-Butynenitrile;0.005571030640668523
113;112 Cyanoethynyl;0.005571030640668523
114;113 Hydroxymethylium ion;0.005571030640668523
115;114 Thioformaldehyde;0.005571030640668523
116;115 Isothiocyanic acid;0.005571030640668523
117;116 Cyanic acid;0.005571030640668523
