1;106 Formyl Radical;0.33524355300859593
2;0 Dimethyl ether;0.005730659025787965
3;1 Butatrienylidene;0.005730659025787965
4;2 Trihydrogen ion;0.005730659025787965
5;3 Nitrous Oxide;0.005730659025787965
6;4 Methyl Acetylene;0.005730659025787965
7;5 Ethylene Glycol;0.005730659025787965
8;6 Methyl Cyanide;0.005730659025787965
9;7 Thioformylium;0.005730659025787965
10;8 para-Oxidaniumyl;0.005730659025787965
11;9 Hydrogen Cyanide;0.005730659025787965
12;10 Titanium monoxide;0.005730659025787965
13;11 Cyanide Radical;0.005730659025787965
14;12 Formic Acid;0.005730659025787965
15;13 Nitric sulfide;0.005730659025787965
16;14 Iminomethylium;0.005730659025787965
17;15 Aluminum monoxide;0.005730659025787965
18;16 Methyl isocyanate;0.005730659025787965
19;17 Nitrosyl hydride;0.005730659025787965
20;18 Propynylidynium;0.005730659025787965
21;19 Magnesium Cyanide;0.005730659025787965
22;20 Diazenylium;0.005730659025787965
23;21 Methylamine;0.005730659025787965
24;22 Chloronium;0.005730659025787965
25;23 Silicon monosulfide;0.005730659025787965
26;24 Phosphorus Monoxide;0.005730659025787965
27;25 Cyclopropenone;0.005730659025787965
28;26 Carbon Monoxide Ion;0.005730659025787965
29;27 Sodium Cyanide;0.005730659025787965
30;28 Nitric oxide;0.005730659025787965
31;29 Silicon Cyanide;0.005730659025787965
32;30 Ethyne Isocyanide;0.005730659025787965
33;31 Sodium Chloride;0.005730659025787965
34;32 Cyanoacetylene;0.005730659025787965
35;33 Sulfur Monoxide;0.005730659025787965
36;34 Aluminum Isocyanitrile;0.005730659025787965
37;35 Cyanobutadiyne;0.005730659025787965
38;36 Silicon Mononitride;0.005730659025787965
39;37 Carbon Monoxide;0.005730659025787965
40;38 Propadienylidene;0.005730659025787965
41;39 Methanimine;0.005730659025787965
42;40 Aluminum Monofluoride;0.005730659025787965
43;41 Formamide;0.005730659025787965
44;42 Aminoacetonitrile;0.005730659025787965
45;43 Ammonia;0.005730659025787965
46;44 gauche-Ethanol;0.005730659025787965
47;45 Protonate 2-proynenitrile;0.005730659025787965
48;46 Carbonyl Sulfide;0.005730659025787965
49;47 Thioxoethenylidene;0.005730659025787965
50;48 Ethyl cyanide;0.005730659025787965
51;49 Water;0.005730659025787965
52;50 Methyl Formate;0.005730659025787965
53;51 Acetaldehyde;0.005730659025787965
54;52 Ketenimine;0.005730659025787965
55;53 Propenal;0.005730659025787965
56;54 Methyl isocyanide;0.005730659025787965
57;55 iso-propyl cyanide;0.005730659025787965
58;56 Hydrogen cyanide;0.005730659025787965
59;57 Protonated Carbon Dioxide;0.005730659025787965
60;58 Methylidyne;0.005730659025787965
61;59 Ketene;0.005730659025787965
62;60 Silicon Monoxide;0.005730659025787965
63;61 Acetone;0.005730659025787965
64;62 Vinyl Cyanide;0.005730659025787965
65;63 Silicon monoxide (global fit);0.005730659025787965
66;64 Cyclopropenylidene;0.005730659025787965
67;65 Magnesium Isocyanide;0.005730659025787965
68;66 Cyanobutadiynylide anion;0.005730659025787965
69;67 Formaldehyde;0.005730659025787965
70;68 Carbon Monosulfide;0.005730659025787965
71;69 Fulminic acid;0.005730659025787965
72;70 trans-Ethanol;0.005730659025787965
73;71 Silicon Carbide;0.005730659025787965
74;72 Formylium;0.005730659025787965
75;73 Ethylene Oxide;0.005730659025787965
76;74 Sulfur dioxide;0.005730659025787965
77;75 Carbon Monophosphide;0.005730659025787965
78;76 Sulfur Monoxide ion;0.005730659025787965
79;77 Methanol;0.005730659025787965
80;78 Sulfur Dioxide;0.005730659025787965
81;79 Cyanoformaldehyde;0.005730659025787965
82;80 Isocyanic Acid;0.005730659025787965
83;81 Silicon Isocyanide;0.005730659025787965
84;82 Methylene amidogen;0.005730659025787965
85;83 Silicon Monocarbide;0.005730659025787965
86;84 Phosphaethyne;0.005730659025787965
87;85 Aluminum Monochloride;0.005730659025787965
88;86 Cyanoallene;0.005730659025787965
89;87 Methyl diacetylene;0.005730659025787965
90;88 Cyanomethylene;0.005730659025787965
91;89 Phosphapropynylidyne;0.005730659025787965
92;90 Cyanomethyl;0.005730659025787965
93;91 Hydrogen Isocyanide;0.005730659025787965
94;92 Hydrogen sulfide;0.005730659025787965
95;93 Hydroxyl;0.005730659025787965
96;94 Glycolaldehyde;0.005730659025787965
97;95 Cyanide anion;0.005730659025787965
98;96 2-Propynal;0.005730659025787965
99;97 Ethynyl;0.005730659025787965
100;98 Phosphorous nitride;0.005730659025787965
101;99 Magnesium hydride isocyanide;0.005730659025787965
102;100 Potassium chloride;0.005730659025787965
103;101 Silicon tetracarbide;0.005730659025787965
104;102 Ethyl Cyanide;0.005730659025787965
105;103 Cyanamide;0.005730659025787965
106;104 Amidogen;0.005730659025787965
107;105 Hydroxymethylidyne;0.005730659025787965
108;107 Vinyl Alcohol;0.005730659025787965
109;108 ortho-Oxidaniumyl;0.005730659025787965
110;109 Cyanoethynylide ion;0.005730659025787965
111;110 Oxoethenylidene;0.005730659025787965
112;111 2-Butynenitrile;0.005730659025787965
113;112 Cyanoethynyl;0.005730659025787965
114;113 Hydroxymethylium ion;0.005730659025787965
115;114 Thioformaldehyde;0.005730659025787965
116;115 Isothiocyanic acid;0.005730659025787965
117;116 Cyanic acid;0.005730659025787965
