1;15 Aluminum monoxide;0.8165276724791508
2;52 Ketenimine;0.009097801364670205
3;0 Dimethyl ether;0.001516300227445034
4;1 Butatrienylidene;0.001516300227445034
5;2 Trihydrogen ion;0.001516300227445034
6;3 Nitrous Oxide;0.001516300227445034
7;4 Methyl Acetylene;0.001516300227445034
8;5 Ethylene Glycol;0.001516300227445034
9;6 Methyl Cyanide;0.001516300227445034
10;7 Thioformylium;0.001516300227445034
11;8 para-Oxidaniumyl;0.001516300227445034
12;9 Hydrogen Cyanide;0.001516300227445034
13;10 Titanium monoxide;0.001516300227445034
14;11 Cyanide Radical;0.001516300227445034
15;12 Formic Acid;0.001516300227445034
16;13 Nitric sulfide;0.001516300227445034
17;14 Iminomethylium;0.001516300227445034
18;16 Methyl isocyanate;0.001516300227445034
19;17 Nitrosyl hydride;0.001516300227445034
20;18 Propynylidynium;0.001516300227445034
21;19 Magnesium Cyanide;0.001516300227445034
22;20 Diazenylium;0.001516300227445034
23;21 Methylamine;0.001516300227445034
24;22 Chloronium;0.001516300227445034
25;23 Silicon monosulfide;0.001516300227445034
26;24 Phosphorus Monoxide;0.001516300227445034
27;25 Cyclopropenone;0.001516300227445034
28;26 Carbon Monoxide Ion;0.001516300227445034
29;27 Sodium Cyanide;0.001516300227445034
30;28 Nitric oxide;0.001516300227445034
31;29 Silicon Cyanide;0.001516300227445034
32;30 Ethyne Isocyanide;0.001516300227445034
33;31 Sodium Chloride;0.001516300227445034
34;32 Cyanoacetylene;0.001516300227445034
35;33 Sulfur Monoxide;0.001516300227445034
36;34 Aluminum Isocyanitrile;0.001516300227445034
37;35 Cyanobutadiyne;0.001516300227445034
38;36 Silicon Mononitride;0.001516300227445034
39;37 Carbon Monoxide;0.001516300227445034
40;38 Propadienylidene;0.001516300227445034
41;39 Methanimine;0.001516300227445034
42;40 Aluminum Monofluoride;0.001516300227445034
43;41 Formamide;0.001516300227445034
44;42 Aminoacetonitrile;0.001516300227445034
45;43 Ammonia;0.001516300227445034
46;44 gauche-Ethanol;0.001516300227445034
47;45 Protonate 2-proynenitrile;0.001516300227445034
48;46 Carbonyl Sulfide;0.001516300227445034
49;47 Thioxoethenylidene;0.001516300227445034
50;48 Ethyl cyanide;0.001516300227445034
51;49 Water;0.001516300227445034
52;50 Methyl Formate;0.001516300227445034
53;51 Acetaldehyde;0.001516300227445034
54;53 Propenal;0.001516300227445034
55;54 Methyl isocyanide;0.001516300227445034
56;55 iso-propyl cyanide;0.001516300227445034
57;56 Hydrogen cyanide;0.001516300227445034
58;57 Protonated Carbon Dioxide;0.001516300227445034
59;58 Methylidyne;0.001516300227445034
60;59 Ketene;0.001516300227445034
61;60 Silicon Monoxide;0.001516300227445034
62;61 Acetone;0.001516300227445034
63;62 Vinyl Cyanide;0.001516300227445034
64;63 Silicon monoxide (global fit);0.001516300227445034
65;64 Cyclopropenylidene;0.001516300227445034
66;65 Magnesium Isocyanide;0.001516300227445034
67;66 Cyanobutadiynylide anion;0.001516300227445034
68;67 Formaldehyde;0.001516300227445034
69;68 Carbon Monosulfide;0.001516300227445034
70;69 Fulminic acid;0.001516300227445034
71;70 trans-Ethanol;0.001516300227445034
72;71 Silicon Carbide;0.001516300227445034
73;72 Formylium;0.001516300227445034
74;73 Ethylene Oxide;0.001516300227445034
75;74 Sulfur dioxide;0.001516300227445034
76;75 Carbon Monophosphide;0.001516300227445034
77;76 Sulfur Monoxide ion;0.001516300227445034
78;77 Methanol;0.001516300227445034
79;78 Sulfur Dioxide;0.001516300227445034
80;79 Cyanoformaldehyde;0.001516300227445034
81;80 Isocyanic Acid;0.001516300227445034
82;81 Silicon Isocyanide;0.001516300227445034
83;82 Methylene amidogen;0.001516300227445034
84;83 Silicon Monocarbide;0.001516300227445034
85;84 Phosphaethyne;0.001516300227445034
86;85 Aluminum Monochloride;0.001516300227445034
87;86 Cyanoallene;0.001516300227445034
88;87 Methyl diacetylene;0.001516300227445034
89;88 Cyanomethylene;0.001516300227445034
90;89 Phosphapropynylidyne;0.001516300227445034
91;90 Cyanomethyl;0.001516300227445034
92;91 Hydrogen Isocyanide;0.001516300227445034
93;92 Hydrogen sulfide;0.001516300227445034
94;93 Hydroxyl;0.001516300227445034
95;94 Glycolaldehyde;0.001516300227445034
96;95 Cyanide anion;0.001516300227445034
97;96 2-Propynal;0.001516300227445034
98;97 Ethynyl;0.001516300227445034
99;98 Phosphorous nitride;0.001516300227445034
100;99 Magnesium hydride isocyanide;0.001516300227445034
101;100 Potassium chloride;0.001516300227445034
102;101 Silicon tetracarbide;0.001516300227445034
103;102 Ethyl Cyanide;0.001516300227445034
104;103 Cyanamide;0.001516300227445034
105;104 Amidogen;0.001516300227445034
106;105 Hydroxymethylidyne;0.001516300227445034
107;106 Formyl Radical;0.001516300227445034
108;107 Vinyl Alcohol;0.001516300227445034
109;108 ortho-Oxidaniumyl;0.001516300227445034
110;109 Cyanoethynylide ion;0.001516300227445034
111;110 Oxoethenylidene;0.001516300227445034
112;111 2-Butynenitrile;0.001516300227445034
113;112 Cyanoethynyl;0.001516300227445034
114;113 Hydroxymethylium ion;0.001516300227445034
115;114 Thioformaldehyde;0.001516300227445034
116;115 Isothiocyanic acid;0.001516300227445034
117;116 Cyanic acid;0.001516300227445034
