1;7 Thioformylium;0.49052312357846856
2;31 Sodium Chloride;0.22517058377558755
3;109 Cyanoethynylide ion;0.058377558756633814
4;56 Hydrogen cyanide;0.054586808188021224
5;0 Dimethyl ether;0.001516300227445034
6;1 Butatrienylidene;0.001516300227445034
7;2 Trihydrogen ion;0.001516300227445034
8;3 Nitrous Oxide;0.001516300227445034
9;4 Methyl Acetylene;0.001516300227445034
10;5 Ethylene Glycol;0.001516300227445034
11;6 Methyl Cyanide;0.001516300227445034
12;8 para-Oxidaniumyl;0.001516300227445034
13;9 Hydrogen Cyanide;0.001516300227445034
14;10 Titanium monoxide;0.001516300227445034
15;11 Cyanide Radical;0.001516300227445034
16;12 Formic Acid;0.001516300227445034
17;13 Nitric sulfide;0.001516300227445034
18;14 Iminomethylium;0.001516300227445034
19;15 Aluminum monoxide;0.001516300227445034
20;16 Methyl isocyanate;0.001516300227445034
21;17 Nitrosyl hydride;0.001516300227445034
22;18 Propynylidynium;0.001516300227445034
23;19 Magnesium Cyanide;0.001516300227445034
24;20 Diazenylium;0.001516300227445034
25;21 Methylamine;0.001516300227445034
26;22 Chloronium;0.001516300227445034
27;23 Silicon monosulfide;0.001516300227445034
28;24 Phosphorus Monoxide;0.001516300227445034
29;25 Cyclopropenone;0.001516300227445034
30;26 Carbon Monoxide Ion;0.001516300227445034
31;27 Sodium Cyanide;0.001516300227445034
32;28 Nitric oxide;0.001516300227445034
33;29 Silicon Cyanide;0.001516300227445034
34;30 Ethyne Isocyanide;0.001516300227445034
35;32 Cyanoacetylene;0.001516300227445034
36;33 Sulfur Monoxide;0.001516300227445034
37;34 Aluminum Isocyanitrile;0.001516300227445034
38;35 Cyanobutadiyne;0.001516300227445034
39;36 Silicon Mononitride;0.001516300227445034
40;37 Carbon Monoxide;0.001516300227445034
41;38 Propadienylidene;0.001516300227445034
42;39 Methanimine;0.001516300227445034
43;40 Aluminum Monofluoride;0.001516300227445034
44;41 Formamide;0.001516300227445034
45;42 Aminoacetonitrile;0.001516300227445034
46;43 Ammonia;0.001516300227445034
47;44 gauche-Ethanol;0.001516300227445034
48;45 Protonate 2-proynenitrile;0.001516300227445034
49;46 Carbonyl Sulfide;0.001516300227445034
50;47 Thioxoethenylidene;0.001516300227445034
51;48 Ethyl cyanide;0.001516300227445034
52;49 Water;0.001516300227445034
53;50 Methyl Formate;0.001516300227445034
54;51 Acetaldehyde;0.001516300227445034
55;52 Ketenimine;0.001516300227445034
56;53 Propenal;0.001516300227445034
57;54 Methyl isocyanide;0.001516300227445034
58;55 iso-propyl cyanide;0.001516300227445034
59;57 Protonated Carbon Dioxide;0.001516300227445034
60;58 Methylidyne;0.001516300227445034
61;59 Ketene;0.001516300227445034
62;60 Silicon Monoxide;0.001516300227445034
63;61 Acetone;0.001516300227445034
64;62 Vinyl Cyanide;0.001516300227445034
65;63 Silicon monoxide (global fit);0.001516300227445034
66;64 Cyclopropenylidene;0.001516300227445034
67;65 Magnesium Isocyanide;0.001516300227445034
68;66 Cyanobutadiynylide anion;0.001516300227445034
69;67 Formaldehyde;0.001516300227445034
70;68 Carbon Monosulfide;0.001516300227445034
71;69 Fulminic acid;0.001516300227445034
72;70 trans-Ethanol;0.001516300227445034
73;71 Silicon Carbide;0.001516300227445034
74;72 Formylium;0.001516300227445034
75;73 Ethylene Oxide;0.001516300227445034
76;74 Sulfur dioxide;0.001516300227445034
77;75 Carbon Monophosphide;0.001516300227445034
78;76 Sulfur Monoxide ion;0.001516300227445034
79;77 Methanol;0.001516300227445034
80;78 Sulfur Dioxide;0.001516300227445034
81;79 Cyanoformaldehyde;0.001516300227445034
82;80 Isocyanic Acid;0.001516300227445034
83;81 Silicon Isocyanide;0.001516300227445034
84;82 Methylene amidogen;0.001516300227445034
85;83 Silicon Monocarbide;0.001516300227445034
86;84 Phosphaethyne;0.001516300227445034
87;85 Aluminum Monochloride;0.001516300227445034
88;86 Cyanoallene;0.001516300227445034
89;87 Methyl diacetylene;0.001516300227445034
90;88 Cyanomethylene;0.001516300227445034
91;89 Phosphapropynylidyne;0.001516300227445034
92;90 Cyanomethyl;0.001516300227445034
93;91 Hydrogen Isocyanide;0.001516300227445034
94;92 Hydrogen sulfide;0.001516300227445034
95;93 Hydroxyl;0.001516300227445034
96;94 Glycolaldehyde;0.001516300227445034
97;95 Cyanide anion;0.001516300227445034
98;96 2-Propynal;0.001516300227445034
99;97 Ethynyl;0.001516300227445034
100;98 Phosphorous nitride;0.001516300227445034
101;99 Magnesium hydride isocyanide;0.001516300227445034
102;100 Potassium chloride;0.001516300227445034
103;101 Silicon tetracarbide;0.001516300227445034
104;102 Ethyl Cyanide;0.001516300227445034
105;103 Cyanamide;0.001516300227445034
106;104 Amidogen;0.001516300227445034
107;105 Hydroxymethylidyne;0.001516300227445034
108;106 Formyl Radical;0.001516300227445034
109;107 Vinyl Alcohol;0.001516300227445034
110;108 ortho-Oxidaniumyl;0.001516300227445034
111;110 Oxoethenylidene;0.001516300227445034
112;111 2-Butynenitrile;0.001516300227445034
113;112 Cyanoethynyl;0.001516300227445034
114;113 Hydroxymethylium ion;0.001516300227445034
115;114 Thioformaldehyde;0.001516300227445034
116;115 Isothiocyanic acid;0.001516300227445034
117;116 Cyanic acid;0.001516300227445034
