1;4 Carbon Monoxide;0.23547400611620795
2;9 Methyliumylidene;0.03669724770642201
3;0 Methylidyne;0.021406727828746173
4;1 1,3-Butadiynyl radical;0.021406727828746173
5;2 Formaldehyde;0.021406727828746173
6;3 Sulfur dioxide;0.021406727828746173
7;5 Water;0.021406727828746173
8;6 Carbon Monoxide Ion;0.021406727828746173
9;7 Nitric sulfide;0.021406727828746173
10;8 Isocyanic Acid;0.021406727828746173
11;10 Cyanide Radical;0.021406727828746173
12;11 Ethynyl;0.021406727828746173
13;12 Carbonyl Sulfide;0.021406727828746173
14;13 Hydroxyl;0.021406727828746173
15;14 Diazenylium;0.021406727828746173
16;15 Thioxoethenylidene;0.021406727828746173
17;16 Nitric oxide;0.021406727828746173
18;17 Methyl Cyanide;0.021406727828746173
19;18 Cyclopropenylidene;0.021406727828746173
20;19 Methanimine;0.021406727828746173
21;20 Methanol;0.021406727828746173
22;21 Thioformaldehyde;0.021406727828746173
23;22 Ammonia;0.021406727828746173
24;23 Cyanamide;0.021406727828746173
25;24 Cyanoacetylene;0.021406727828746173
26;25 Sodium Chloride;0.021406727828746173
27;26 Silicon Monoxide;0.021406727828746173
28;27 Sulfur Monoxide;0.021406727828746173
29;28 Protonated Carbon Dioxide;0.021406727828746173
30;29 Hydrogen Cyanide;0.021406727828746173
31;30 Carbon Monosulfide;0.021406727828746173
32;31 Hydrogen sulfide;0.021406727828746173
33;32 Molecular oxygen;0.021406727828746173
34;33 Hydrogen Isocyanide;0.021406727828746173
35;34 Formylium;0.021406727828746173
36;35 Methyl Acetylene;0.021406727828746173
