TWHydra_HCOplusline.image;model_extragalactic_tr_500it;1;9 Methyliumylidene;0.398034398034398
TWHydra_HCOplusline.image;model_extragalactic_tr_500it;2;0 Methylidyne;0.017199017199017196
TWHydra_HCOplusline.image;model_extragalactic_tr_500it;3;1 1,3-Butadiynyl radical;0.017199017199017196
TWHydra_HCOplusline.image;model_extragalactic_tr_500it;4;2 Formaldehyde;0.017199017199017196
TWHydra_HCOplusline.image;model_extragalactic_tr_500it;5;3 Sulfur dioxide;0.017199017199017196
TWHydra_HCOplusline.image;model_extragalactic_2_500it;1;9 Methyliumylidene;0.398034398034398
TWHydra_HCOplusline.image;model_extragalactic_2_500it;2;0 Methylidyne;0.017199017199017196
TWHydra_HCOplusline.image;model_extragalactic_2_500it;3;1 1,3-Butadiynyl radical;0.017199017199017196
TWHydra_HCOplusline.image;model_extragalactic_2_500it;4;2 Formaldehyde;0.017199017199017196
TWHydra_HCOplusline.image;model_extragalactic_2_500it;5;3 Sulfur dioxide;0.017199017199017196
TWHydra_HCOplusline.image;model_extragalactic_full_500it;1;26 Silicon Monoxide;0.35863874345549734
TWHydra_HCOplusline.image;model_extragalactic_full_500it;2;0 Methylidyne;0.01832460732984293
TWHydra_HCOplusline.image;model_extragalactic_full_500it;3;1 1,3-Butadiynyl radical;0.01832460732984293
TWHydra_HCOplusline.image;model_extragalactic_full_500it;4;2 Formaldehyde;0.01832460732984293
TWHydra_HCOplusline.image;model_extragalactic_full_500it;5;3 Sulfur dioxide;0.01832460732984293
TWHydra_HCOplusline.image;model_extragalactic_full_expanded_00002_500it;1;34 Formylium;0.34554973821989526
TWHydra_HCOplusline.image;model_extragalactic_full_expanded_00002_500it;2;30 Carbon Monosulfide;0.031413612565445025
TWHydra_HCOplusline.image;model_extragalactic_full_expanded_00002_500it;3;0 Methylidyne;0.01832460732984293
TWHydra_HCOplusline.image;model_extragalactic_full_expanded_00002_500it;4;1 1,3-Butadiynyl radical;0.01832460732984293
TWHydra_HCOplusline.image;model_extragalactic_full_expanded_00002_500it;5;2 Formaldehyde;0.01832460732984293
TWHydra_HCOplusline.image;model_extragalactic_full_expanded_00010_500it;1;12 Carbonyl Sulfide;0.35863874345549734
TWHydra_HCOplusline.image;model_extragalactic_full_expanded_00010_500it;2;0 Methylidyne;0.01832460732984293
TWHydra_HCOplusline.image;model_extragalactic_full_expanded_00010_500it;3;1 1,3-Butadiynyl radical;0.01832460732984293
TWHydra_HCOplusline.image;model_extragalactic_full_expanded_00010_500it;4;2 Formaldehyde;0.01832460732984293
TWHydra_HCOplusline.image;model_extragalactic_full_expanded_00010_500it;5;3 Sulfur dioxide;0.01832460732984293
Orion.methanol.cbc.contsub.image;model_extragalactic_tr_500it;1;11 Ethynyl;0.37810945273631835
Orion.methanol.cbc.contsub.image;model_extragalactic_tr_500it;2;15 Thioxoethenylidene;0.029850746268656712
Orion.methanol.cbc.contsub.image;model_extragalactic_tr_500it;3;0 Methylidyne;0.01741293532338308
Orion.methanol.cbc.contsub.image;model_extragalactic_tr_500it;4;1 1,3-Butadiynyl radical;0.01741293532338308
Orion.methanol.cbc.contsub.image;model_extragalactic_tr_500it;5;2 Formaldehyde;0.01741293532338308
Orion.methanol.cbc.contsub.image;model_extragalactic_2_500it;1;33 Hydrogen Isocyanide;0.390547263681592
Orion.methanol.cbc.contsub.image;model_extragalactic_2_500it;2;0 Methylidyne;0.01741293532338308
Orion.methanol.cbc.contsub.image;model_extragalactic_2_500it;3;1 1,3-Butadiynyl radical;0.01741293532338308
Orion.methanol.cbc.contsub.image;model_extragalactic_2_500it;4;2 Formaldehyde;0.01741293532338308
Orion.methanol.cbc.contsub.image;model_extragalactic_2_500it;5;3 Sulfur dioxide;0.01741293532338308
Orion.methanol.cbc.contsub.image;model_extragalactic_full_500it;1;33 Hydrogen Isocyanide;0.34139784946236557
Orion.methanol.cbc.contsub.image;model_extragalactic_full_500it;2;0 Methylidyne;0.018817204301075266
Orion.methanol.cbc.contsub.image;model_extragalactic_full_500it;3;1 1,3-Butadiynyl radical;0.018817204301075266
Orion.methanol.cbc.contsub.image;model_extragalactic_full_500it;4;2 Formaldehyde;0.018817204301075266
Orion.methanol.cbc.contsub.image;model_extragalactic_full_500it;5;3 Sulfur dioxide;0.018817204301075266
Orion.methanol.cbc.contsub.image;model_extragalactic_full_expanded_00002_500it;1;33 Hydrogen Isocyanide;0.34139784946236557
Orion.methanol.cbc.contsub.image;model_extragalactic_full_expanded_00002_500it;2;0 Methylidyne;0.018817204301075266
Orion.methanol.cbc.contsub.image;model_extragalactic_full_expanded_00002_500it;3;1 1,3-Butadiynyl radical;0.018817204301075266
Orion.methanol.cbc.contsub.image;model_extragalactic_full_expanded_00002_500it;4;2 Formaldehyde;0.018817204301075266
Orion.methanol.cbc.contsub.image;model_extragalactic_full_expanded_00002_500it;5;3 Sulfur dioxide;0.018817204301075266
Orion.methanol.cbc.contsub.image;model_extragalactic_full_expanded_00010_500it;1;33 Hydrogen Isocyanide;0.34139784946236557
Orion.methanol.cbc.contsub.image;model_extragalactic_full_expanded_00010_500it;2;0 Methylidyne;0.018817204301075266
Orion.methanol.cbc.contsub.image;model_extragalactic_full_expanded_00010_500it;3;1 1,3-Butadiynyl radical;0.018817204301075266
Orion.methanol.cbc.contsub.image;model_extragalactic_full_expanded_00010_500it;4;2 Formaldehyde;0.018817204301075266
Orion.methanol.cbc.contsub.image;model_extragalactic_full_expanded_00010_500it;5;3 Sulfur dioxide;0.018817204301075266
TWHydra_CO3_2line.image;model_extragalactic_tr_500it;1;26 Silicon Monoxide;0.45796460176991144
TWHydra_CO3_2line.image;model_extragalactic_tr_500it;2;0 Methylidyne;0.015486725663716812
TWHydra_CO3_2line.image;model_extragalactic_tr_500it;3;1 1,3-Butadiynyl radical;0.015486725663716812
TWHydra_CO3_2line.image;model_extragalactic_tr_500it;4;2 Formaldehyde;0.015486725663716812
TWHydra_CO3_2line.image;model_extragalactic_tr_500it;5;3 Sulfur dioxide;0.015486725663716812
TWHydra_CO3_2line.image;model_extragalactic_2_500it;1;26 Silicon Monoxide;0.45796460176991144
TWHydra_CO3_2line.image;model_extragalactic_2_500it;2;0 Methylidyne;0.015486725663716812
TWHydra_CO3_2line.image;model_extragalactic_2_500it;3;1 1,3-Butadiynyl radical;0.015486725663716812
TWHydra_CO3_2line.image;model_extragalactic_2_500it;4;2 Formaldehyde;0.015486725663716812
TWHydra_CO3_2line.image;model_extragalactic_2_500it;5;3 Sulfur dioxide;0.015486725663716812
TWHydra_CO3_2line.image;model_extragalactic_full_500it;1;6 Carbon Monoxide Ion;0.4262295081967213
TWHydra_CO3_2line.image;model_extragalactic_full_500it;2;0 Methylidyne;0.016393442622950817
TWHydra_CO3_2line.image;model_extragalactic_full_500it;3;1 1,3-Butadiynyl radical;0.016393442622950817
TWHydra_CO3_2line.image;model_extragalactic_full_500it;4;2 Formaldehyde;0.016393442622950817
TWHydra_CO3_2line.image;model_extragalactic_full_500it;5;3 Sulfur dioxide;0.016393442622950817
TWHydra_CO3_2line.image;model_extragalactic_full_expanded_00002_500it;1;4 Carbon Monoxide;0.4262295081967213
TWHydra_CO3_2line.image;model_extragalactic_full_expanded_00002_500it;2;0 Methylidyne;0.016393442622950817
TWHydra_CO3_2line.image;model_extragalactic_full_expanded_00002_500it;3;1 1,3-Butadiynyl radical;0.016393442622950817
TWHydra_CO3_2line.image;model_extragalactic_full_expanded_00002_500it;4;2 Formaldehyde;0.016393442622950817
TWHydra_CO3_2line.image;model_extragalactic_full_expanded_00002_500it;5;3 Sulfur dioxide;0.016393442622950817
TWHydra_CO3_2line.image;model_extragalactic_full_expanded_00010_500it;1;4 Carbon Monoxide;0.4262295081967213
TWHydra_CO3_2line.image;model_extragalactic_full_expanded_00010_500it;2;0 Methylidyne;0.016393442622950817
TWHydra_CO3_2line.image;model_extragalactic_full_expanded_00010_500it;3;1 1,3-Butadiynyl radical;0.016393442622950817
TWHydra_CO3_2line.image;model_extragalactic_full_expanded_00010_500it;4;2 Formaldehyde;0.016393442622950817
TWHydra_CO3_2line.image;model_extragalactic_full_expanded_00010_500it;5;3 Sulfur dioxide;0.016393442622950817
Orion.HNC.cbc.contsub.image;model_extragalactic_tr_500it;1;33 Hydrogen Isocyanide;0.390547263681592
Orion.HNC.cbc.contsub.image;model_extragalactic_tr_500it;2;0 Methylidyne;0.01741293532338308
Orion.HNC.cbc.contsub.image;model_extragalactic_tr_500it;3;1 1,3-Butadiynyl radical;0.01741293532338308
Orion.HNC.cbc.contsub.image;model_extragalactic_tr_500it;4;2 Formaldehyde;0.01741293532338308
Orion.HNC.cbc.contsub.image;model_extragalactic_tr_500it;5;3 Sulfur dioxide;0.01741293532338308
Orion.HNC.cbc.contsub.image;model_extragalactic_2_500it;1;26 Silicon Monoxide;0.390547263681592
Orion.HNC.cbc.contsub.image;model_extragalactic_2_500it;2;0 Methylidyne;0.01741293532338308
Orion.HNC.cbc.contsub.image;model_extragalactic_2_500it;3;1 1,3-Butadiynyl radical;0.01741293532338308
Orion.HNC.cbc.contsub.image;model_extragalactic_2_500it;4;2 Formaldehyde;0.01741293532338308
Orion.HNC.cbc.contsub.image;model_extragalactic_2_500it;5;3 Sulfur dioxide;0.01741293532338308
Orion.HNC.cbc.contsub.image;model_extragalactic_full_500it;1;26 Silicon Monoxide;0.34139784946236557
Orion.HNC.cbc.contsub.image;model_extragalactic_full_500it;2;0 Methylidyne;0.018817204301075266
Orion.HNC.cbc.contsub.image;model_extragalactic_full_500it;3;1 1,3-Butadiynyl radical;0.018817204301075266
Orion.HNC.cbc.contsub.image;model_extragalactic_full_500it;4;2 Formaldehyde;0.018817204301075266
Orion.HNC.cbc.contsub.image;model_extragalactic_full_500it;5;3 Sulfur dioxide;0.018817204301075266
Orion.HNC.cbc.contsub.image;model_extragalactic_full_expanded_00002_500it;1;33 Hydrogen Isocyanide;0.34139784946236557
Orion.HNC.cbc.contsub.image;model_extragalactic_full_expanded_00002_500it;2;0 Methylidyne;0.018817204301075266
Orion.HNC.cbc.contsub.image;model_extragalactic_full_expanded_00002_500it;3;1 1,3-Butadiynyl radical;0.018817204301075266
Orion.HNC.cbc.contsub.image;model_extragalactic_full_expanded_00002_500it;4;2 Formaldehyde;0.018817204301075266
Orion.HNC.cbc.contsub.image;model_extragalactic_full_expanded_00002_500it;5;3 Sulfur dioxide;0.018817204301075266
Orion.HNC.cbc.contsub.image;model_extragalactic_full_expanded_00010_500it;1;26 Silicon Monoxide;0.34139784946236557
Orion.HNC.cbc.contsub.image;model_extragalactic_full_expanded_00010_500it;2;0 Methylidyne;0.018817204301075266
Orion.HNC.cbc.contsub.image;model_extragalactic_full_expanded_00010_500it;3;1 1,3-Butadiynyl radical;0.018817204301075266
Orion.HNC.cbc.contsub.image;model_extragalactic_full_expanded_00010_500it;4;2 Formaldehyde;0.018817204301075266
Orion.HNC.cbc.contsub.image;model_extragalactic_full_expanded_00010_500it;5;3 Sulfur dioxide;0.018817204301075266
HD163296_CO_2_1.image;model_extragalactic_tr_500it;1;26 Silicon Monoxide;0.5753899480069324
HD163296_CO_2_1.image;model_extragalactic_tr_500it;2;0 Methylidyne;0.0121317157712305
HD163296_CO_2_1.image;model_extragalactic_tr_500it;3;1 1,3-Butadiynyl radical;0.0121317157712305
HD163296_CO_2_1.image;model_extragalactic_tr_500it;4;2 Formaldehyde;0.0121317157712305
HD163296_CO_2_1.image;model_extragalactic_tr_500it;5;3 Sulfur dioxide;0.0121317157712305
HD163296_CO_2_1.image;model_extragalactic_2_500it;1;26 Silicon Monoxide;0.5753899480069324
HD163296_CO_2_1.image;model_extragalactic_2_500it;2;0 Methylidyne;0.0121317157712305
HD163296_CO_2_1.image;model_extragalactic_2_500it;3;1 1,3-Butadiynyl radical;0.0121317157712305
HD163296_CO_2_1.image;model_extragalactic_2_500it;4;2 Formaldehyde;0.0121317157712305
HD163296_CO_2_1.image;model_extragalactic_2_500it;5;3 Sulfur dioxide;0.0121317157712305
HD163296_CO_2_1.image;model_extragalactic_full_500it;1;25 Sodium Chloride;0.25076452599388377
HD163296_CO_2_1.image;model_extragalactic_full_500it;2;0 Methylidyne;0.021406727828746173
HD163296_CO_2_1.image;model_extragalactic_full_500it;3;1 1,3-Butadiynyl radical;0.021406727828746173
HD163296_CO_2_1.image;model_extragalactic_full_500it;4;2 Formaldehyde;0.021406727828746173
HD163296_CO_2_1.image;model_extragalactic_full_500it;5;3 Sulfur dioxide;0.021406727828746173
HD163296_CO_2_1.image;model_extragalactic_full_expanded_00002_500it;1;4 Carbon Monoxide;0.23547400611620795
HD163296_CO_2_1.image;model_extragalactic_full_expanded_00002_500it;2;9 Methyliumylidene;0.03669724770642201
HD163296_CO_2_1.image;model_extragalactic_full_expanded_00002_500it;3;0 Methylidyne;0.021406727828746173
HD163296_CO_2_1.image;model_extragalactic_full_expanded_00002_500it;4;1 1,3-Butadiynyl radical;0.021406727828746173
HD163296_CO_2_1.image;model_extragalactic_full_expanded_00002_500it;5;2 Formaldehyde;0.021406727828746173
HD163296_CO_2_1.image;model_extragalactic_full_expanded_00010_500it;1;26 Silicon Monoxide;0.25076452599388377
HD163296_CO_2_1.image;model_extragalactic_full_expanded_00010_500it;2;0 Methylidyne;0.021406727828746173
HD163296_CO_2_1.image;model_extragalactic_full_expanded_00010_500it;3;1 1,3-Butadiynyl radical;0.021406727828746173
HD163296_CO_2_1.image;model_extragalactic_full_expanded_00010_500it;4;2 Formaldehyde;0.021406727828746173
HD163296_CO_2_1.image;model_extragalactic_full_expanded_00010_500it;5;3 Sulfur dioxide;0.021406727828746173
uid___A002_Xa916fc_X668__IRS43_HCO32.final.image.pbcor;model_extragalactic_tr_500it;1;26 Silicon Monoxide;0.7479423868312757
uid___A002_Xa916fc_X668__IRS43_HCO32.final.image.pbcor;model_extragalactic_tr_500it;2;0 Methylidyne;0.007201646090534979
uid___A002_Xa916fc_X668__IRS43_HCO32.final.image.pbcor;model_extragalactic_tr_500it;3;1 1,3-Butadiynyl radical;0.007201646090534979
uid___A002_Xa916fc_X668__IRS43_HCO32.final.image.pbcor;model_extragalactic_tr_500it;4;2 Formaldehyde;0.007201646090534979
uid___A002_Xa916fc_X668__IRS43_HCO32.final.image.pbcor;model_extragalactic_tr_500it;5;3 Sulfur dioxide;0.007201646090534979
uid___A002_Xa916fc_X668__IRS43_HCO32.final.image.pbcor;model_extragalactic_2_500it;1;9 Methyliumylidene;0.7479423868312757
uid___A002_Xa916fc_X668__IRS43_HCO32.final.image.pbcor;model_extragalactic_2_500it;2;0 Methylidyne;0.007201646090534979
uid___A002_Xa916fc_X668__IRS43_HCO32.final.image.pbcor;model_extragalactic_2_500it;3;1 1,3-Butadiynyl radical;0.007201646090534979
uid___A002_Xa916fc_X668__IRS43_HCO32.final.image.pbcor;model_extragalactic_2_500it;4;2 Formaldehyde;0.007201646090534979
uid___A002_Xa916fc_X668__IRS43_HCO32.final.image.pbcor;model_extragalactic_2_500it;5;3 Sulfur dioxide;0.007201646090534979
uid___A002_Xa916fc_X668__IRS43_HCO32.final.image.pbcor;model_extragalactic_full_500it;1;0 Methylidyne;0.027777777777777776
uid___A002_Xa916fc_X668__IRS43_HCO32.final.image.pbcor;model_extragalactic_full_500it;2;1 1,3-Butadiynyl radical;0.027777777777777776
uid___A002_Xa916fc_X668__IRS43_HCO32.final.image.pbcor;model_extragalactic_full_500it;3;2 Formaldehyde;0.027777777777777776
uid___A002_Xa916fc_X668__IRS43_HCO32.final.image.pbcor;model_extragalactic_full_500it;4;3 Sulfur dioxide;0.027777777777777776
uid___A002_Xa916fc_X668__IRS43_HCO32.final.image.pbcor;model_extragalactic_full_500it;5;4 Carbon Monoxide;0.027777777777777776
uid___A002_Xa916fc_X668__IRS43_HCO32.final.image.pbcor;model_extragalactic_full_expanded_00002_500it;1;0 Methylidyne;0.027777777777777776
uid___A002_Xa916fc_X668__IRS43_HCO32.final.image.pbcor;model_extragalactic_full_expanded_00002_500it;2;1 1,3-Butadiynyl radical;0.027777777777777776
uid___A002_Xa916fc_X668__IRS43_HCO32.final.image.pbcor;model_extragalactic_full_expanded_00002_500it;3;2 Formaldehyde;0.027777777777777776
uid___A002_Xa916fc_X668__IRS43_HCO32.final.image.pbcor;model_extragalactic_full_expanded_00002_500it;4;3 Sulfur dioxide;0.027777777777777776
uid___A002_Xa916fc_X668__IRS43_HCO32.final.image.pbcor;model_extragalactic_full_expanded_00002_500it;5;4 Carbon Monoxide;0.027777777777777776
uid___A002_Xa916fc_X668__IRS43_HCO32.final.image.pbcor;model_extragalactic_full_expanded_00010_500it;1;0 Methylidyne;0.027777777777777776
uid___A002_Xa916fc_X668__IRS43_HCO32.final.image.pbcor;model_extragalactic_full_expanded_00010_500it;2;1 1,3-Butadiynyl radical;0.027777777777777776
uid___A002_Xa916fc_X668__IRS43_HCO32.final.image.pbcor;model_extragalactic_full_expanded_00010_500it;3;2 Formaldehyde;0.027777777777777776
uid___A002_Xa916fc_X668__IRS43_HCO32.final.image.pbcor;model_extragalactic_full_expanded_00010_500it;4;3 Sulfur dioxide;0.027777777777777776
uid___A002_Xa916fc_X668__IRS43_HCO32.final.image.pbcor;model_extragalactic_full_expanded_00010_500it;5;4 Carbon Monoxide;0.027777777777777776
DMTau.CS_5-4.image;model_extragalactic_tr_500it;1;9 Methyliumylidene;0.8096348096348097
DMTau.CS_5-4.image;model_extragalactic_tr_500it;2;0 Methylidyne;0.005439005439005439
DMTau.CS_5-4.image;model_extragalactic_tr_500it;3;1 1,3-Butadiynyl radical;0.005439005439005439
DMTau.CS_5-4.image;model_extragalactic_tr_500it;4;2 Formaldehyde;0.005439005439005439
DMTau.CS_5-4.image;model_extragalactic_tr_500it;5;3 Sulfur dioxide;0.005439005439005439
DMTau.CS_5-4.image;model_extragalactic_2_500it;1;9 Methyliumylidene;0.8096348096348097
DMTau.CS_5-4.image;model_extragalactic_2_500it;2;0 Methylidyne;0.005439005439005439
DMTau.CS_5-4.image;model_extragalactic_2_500it;3;1 1,3-Butadiynyl radical;0.005439005439005439
DMTau.CS_5-4.image;model_extragalactic_2_500it;4;2 Formaldehyde;0.005439005439005439
DMTau.CS_5-4.image;model_extragalactic_2_500it;5;3 Sulfur dioxide;0.005439005439005439
DMTau.CS_5-4.image;model_extragalactic_full_500it;1;0 Methylidyne;0.027777777777777776
DMTau.CS_5-4.image;model_extragalactic_full_500it;2;1 1,3-Butadiynyl radical;0.027777777777777776
DMTau.CS_5-4.image;model_extragalactic_full_500it;3;2 Formaldehyde;0.027777777777777776
DMTau.CS_5-4.image;model_extragalactic_full_500it;4;3 Sulfur dioxide;0.027777777777777776
DMTau.CS_5-4.image;model_extragalactic_full_500it;5;4 Carbon Monoxide;0.027777777777777776
DMTau.CS_5-4.image;model_extragalactic_full_expanded_00002_500it;1;0 Methylidyne;0.027777777777777776
DMTau.CS_5-4.image;model_extragalactic_full_expanded_00002_500it;2;1 1,3-Butadiynyl radical;0.027777777777777776
DMTau.CS_5-4.image;model_extragalactic_full_expanded_00002_500it;3;2 Formaldehyde;0.027777777777777776
DMTau.CS_5-4.image;model_extragalactic_full_expanded_00002_500it;4;3 Sulfur dioxide;0.027777777777777776
DMTau.CS_5-4.image;model_extragalactic_full_expanded_00002_500it;5;4 Carbon Monoxide;0.027777777777777776
DMTau.CS_5-4.image;model_extragalactic_full_expanded_00010_500it;1;0 Methylidyne;0.027777777777777776
DMTau.CS_5-4.image;model_extragalactic_full_expanded_00010_500it;2;1 1,3-Butadiynyl radical;0.027777777777777776
DMTau.CS_5-4.image;model_extragalactic_full_expanded_00010_500it;3;2 Formaldehyde;0.027777777777777776
DMTau.CS_5-4.image;model_extragalactic_full_expanded_00010_500it;4;3 Sulfur dioxide;0.027777777777777776
DMTau.CS_5-4.image;model_extragalactic_full_expanded_00010_500it;5;4 Carbon Monoxide;0.027777777777777776
