1;26 Silicon Monoxide;0.7479423868312757
2;0 Methylidyne;0.007201646090534979
3;1 1,3-Butadiynyl radical;0.007201646090534979
4;2 Formaldehyde;0.007201646090534979
5;3 Sulfur dioxide;0.007201646090534979
6;4 Carbon Monoxide;0.007201646090534979
7;5 Water;0.007201646090534979
8;6 Carbon Monoxide Ion;0.007201646090534979
9;7 Nitric sulfide;0.007201646090534979
10;8 Isocyanic Acid;0.007201646090534979
11;9 Methyliumylidene;0.007201646090534979
12;10 Cyanide Radical;0.007201646090534979
13;11 Ethynyl;0.007201646090534979
14;12 Carbonyl Sulfide;0.007201646090534979
15;13 Hydroxyl;0.007201646090534979
16;14 Diazenylium;0.007201646090534979
17;15 Thioxoethenylidene;0.007201646090534979
18;16 Nitric oxide;0.007201646090534979
19;17 Methyl Cyanide;0.007201646090534979
20;18 Cyclopropenylidene;0.007201646090534979
21;19 Methanimine;0.007201646090534979
22;20 Methanol;0.007201646090534979
23;21 Thioformaldehyde;0.007201646090534979
24;22 Ammonia;0.007201646090534979
25;23 Cyanamide;0.007201646090534979
26;24 Cyanoacetylene;0.007201646090534979
27;25 Sodium Chloride;0.007201646090534979
28;27 Sulfur Monoxide;0.007201646090534979
29;28 Protonated Carbon Dioxide;0.007201646090534979
30;29 Hydrogen Cyanide;0.007201646090534979
31;30 Carbon Monosulfide;0.007201646090534979
32;31 Hydrogen sulfide;0.007201646090534979
33;32 Molecular oxygen;0.007201646090534979
34;33 Hydrogen Isocyanide;0.007201646090534979
35;34 Formylium;0.007201646090534979
36;35 Methyl Acetylene;0.007201646090534979
