Orion.methanol.cbc.contsub.image;model_alma_band_6_tr_500it;1;15 Aluminum monoxide;0.5052192066805845
Orion.methanol.cbc.contsub.image;model_alma_band_6_tr_500it;2;14 Iminomethylium;0.014613778705636741
Orion.methanol.cbc.contsub.image;model_alma_band_6_tr_500it;3;0 Dimethyl ether;0.0041753653444676405
Orion.methanol.cbc.contsub.image;model_alma_band_6_tr_500it;4;1 Butatrienylidene;0.0041753653444676405
Orion.methanol.cbc.contsub.image;model_alma_band_6_tr_500it;5;2 Trihydrogen ion;0.0041753653444676405
TWHydra_CO3_2line.image;model_alma_band_6_tr_500it;1;81 Silicon Isocyanide;0.2457627118644067
TWHydra_CO3_2line.image;model_alma_band_6_tr_500it;2;108 ortho-Oxidaniumyl;0.048022598870056485
TWHydra_CO3_2line.image;model_alma_band_6_tr_500it;3;17 Nitrosyl hydride;0.019774011299435023
TWHydra_CO3_2line.image;model_alma_band_6_tr_500it;4;32 Cyanoacetylene;0.019774011299435023
TWHydra_CO3_2line.image;model_alma_band_6_tr_500it;5;76 Sulfur Monoxide ion;0.019774011299435023
HD163296_CO_2_1.image;model_alma_band_6_tr_500it;1;40 Aluminum Monofluoride;0.4892241379310344
HD163296_CO_2_1.image;model_alma_band_6_tr_500it;2;21 Methylamine;0.015086206896551721
HD163296_CO_2_1.image;model_alma_band_6_tr_500it;3;0 Dimethyl ether;0.004310344827586207
HD163296_CO_2_1.image;model_alma_band_6_tr_500it;4;1 Butatrienylidene;0.004310344827586207
HD163296_CO_2_1.image;model_alma_band_6_tr_500it;5;2 Trihydrogen ion;0.004310344827586207
Orion.HNC.cbc.contsub.image;model_alma_band_6_tr_500it;1;22 Chloronium;0.7319004524886877
Orion.HNC.cbc.contsub.image;model_alma_band_6_tr_500it;2;93 Hydroxyl;0.007918552036199095
Orion.HNC.cbc.contsub.image;model_alma_band_6_tr_500it;3;0 Dimethyl ether;0.002262443438914027
Orion.HNC.cbc.contsub.image;model_alma_band_6_tr_500it;4;1 Butatrienylidene;0.002262443438914027
Orion.HNC.cbc.contsub.image;model_alma_band_6_tr_500it;5;2 Trihydrogen ion;0.002262443438914027
TWHydra_HCOplusline.image;model_alma_band_6_tr_500it;1;81 Silicon Isocyanide;0.30538922155688614
TWHydra_HCOplusline.image;model_alma_band_6_tr_500it;2;0 Dimethyl ether;0.005988023952095808
TWHydra_HCOplusline.image;model_alma_band_6_tr_500it;3;1 Butatrienylidene;0.005988023952095808
TWHydra_HCOplusline.image;model_alma_band_6_tr_500it;4;2 Trihydrogen ion;0.005988023952095808
TWHydra_HCOplusline.image;model_alma_band_6_tr_500it;5;3 Nitrous Oxide;0.005988023952095808
DMTau.CS_5-4.image;model_alma_band_6_tr_500it;1;17 Nitrosyl hydride;0.8135048231511254
DMTau.CS_5-4.image;model_alma_band_6_tr_500it;2;0 Dimethyl ether;0.001607717041800643
DMTau.CS_5-4.image;model_alma_band_6_tr_500it;3;1 Butatrienylidene;0.001607717041800643
DMTau.CS_5-4.image;model_alma_band_6_tr_500it;4;2 Trihydrogen ion;0.001607717041800643
DMTau.CS_5-4.image;model_alma_band_6_tr_500it;5;3 Nitrous Oxide;0.001607717041800643
uid___A002_Xa916fc_X668__IRS43_HCO32.final.image.pbcor;model_alma_band_6_tr_500it;1;15 Aluminum monoxide;0.8132387706855791
uid___A002_Xa916fc_X668__IRS43_HCO32.final.image.pbcor;model_alma_band_6_tr_500it;2;6 Methyl Cyanide;0.005516154452324664
uid___A002_Xa916fc_X668__IRS43_HCO32.final.image.pbcor;model_alma_band_6_tr_500it;3;0 Dimethyl ether;0.0015760441292356187
uid___A002_Xa916fc_X668__IRS43_HCO32.final.image.pbcor;model_alma_band_6_tr_500it;4;1 Butatrienylidene;0.0015760441292356187
uid___A002_Xa916fc_X668__IRS43_HCO32.final.image.pbcor;model_alma_band_6_tr_500it;5;2 Trihydrogen ion;0.0015760441292356187
