1;81 Silicon Isocyanide;0.2457627118644067
2;108 ortho-Oxidaniumyl;0.048022598870056485
3;17 Nitrosyl hydride;0.019774011299435023
4;32 Cyanoacetylene;0.019774011299435023
5;76 Sulfur Monoxide ion;0.019774011299435023
6;77 Methanol;0.019774011299435023
7;0 Dimethyl ether;0.005649717514124293
8;1 Butatrienylidene;0.005649717514124293
9;2 Trihydrogen ion;0.005649717514124293
10;3 Nitrous Oxide;0.005649717514124293
11;4 Methyl Acetylene;0.005649717514124293
12;5 Ethylene Glycol;0.005649717514124293
13;6 Methyl Cyanide;0.005649717514124293
14;7 Thioformylium;0.005649717514124293
15;8 para-Oxidaniumyl;0.005649717514124293
16;9 Hydrogen Cyanide;0.005649717514124293
17;10 Titanium monoxide;0.005649717514124293
18;11 Cyanide Radical;0.005649717514124293
19;12 Formic Acid;0.005649717514124293
20;13 Nitric sulfide;0.005649717514124293
21;14 Iminomethylium;0.005649717514124293
22;15 Aluminum monoxide;0.005649717514124293
23;16 Methyl isocyanate;0.005649717514124293
24;18 Propynylidynium;0.005649717514124293
25;19 Magnesium Cyanide;0.005649717514124293
26;20 Diazenylium;0.005649717514124293
27;21 Methylamine;0.005649717514124293
28;22 Chloronium;0.005649717514124293
29;23 Silicon monosulfide;0.005649717514124293
30;24 Phosphorus Monoxide;0.005649717514124293
31;25 Cyclopropenone;0.005649717514124293
32;26 Carbon Monoxide Ion;0.005649717514124293
33;27 Sodium Cyanide;0.005649717514124293
34;28 Nitric oxide;0.005649717514124293
35;29 Silicon Cyanide;0.005649717514124293
36;30 Ethyne Isocyanide;0.005649717514124293
37;31 Sodium Chloride;0.005649717514124293
38;33 Sulfur Monoxide;0.005649717514124293
39;34 Aluminum Isocyanitrile;0.005649717514124293
40;35 Cyanobutadiyne;0.005649717514124293
41;36 Silicon Mononitride;0.005649717514124293
42;37 Carbon Monoxide;0.005649717514124293
43;38 Propadienylidene;0.005649717514124293
44;39 Methanimine;0.005649717514124293
45;40 Aluminum Monofluoride;0.005649717514124293
46;41 Formamide;0.005649717514124293
47;42 Aminoacetonitrile;0.005649717514124293
48;43 Ammonia;0.005649717514124293
49;44 gauche-Ethanol;0.005649717514124293
50;45 Protonate 2-proynenitrile;0.005649717514124293
51;46 Carbonyl Sulfide;0.005649717514124293
52;47 Thioxoethenylidene;0.005649717514124293
53;48 Ethyl cyanide;0.005649717514124293
54;49 Water;0.005649717514124293
55;50 Methyl Formate;0.005649717514124293
56;51 Acetaldehyde;0.005649717514124293
57;52 Ketenimine;0.005649717514124293
58;53 Propenal;0.005649717514124293
59;54 Methyl isocyanide;0.005649717514124293
60;55 iso-propyl cyanide;0.005649717514124293
61;56 Hydrogen cyanide;0.005649717514124293
62;57 Protonated Carbon Dioxide;0.005649717514124293
63;58 Methylidyne;0.005649717514124293
64;59 Ketene;0.005649717514124293
65;60 Silicon Monoxide;0.005649717514124293
66;61 Acetone;0.005649717514124293
67;62 Vinyl Cyanide;0.005649717514124293
68;63 Silicon monoxide (global fit);0.005649717514124293
69;64 Cyclopropenylidene;0.005649717514124293
70;65 Magnesium Isocyanide;0.005649717514124293
71;66 Cyanobutadiynylide anion;0.005649717514124293
72;67 Formaldehyde;0.005649717514124293
73;68 Carbon Monosulfide;0.005649717514124293
74;69 Fulminic acid;0.005649717514124293
75;70 trans-Ethanol;0.005649717514124293
76;71 Silicon Carbide;0.005649717514124293
77;72 Formylium;0.005649717514124293
78;73 Ethylene Oxide;0.005649717514124293
79;74 Sulfur dioxide;0.005649717514124293
80;75 Carbon Monophosphide;0.005649717514124293
81;78 Sulfur Dioxide;0.005649717514124293
82;79 Cyanoformaldehyde;0.005649717514124293
83;80 Isocyanic Acid;0.005649717514124293
84;82 Methylene amidogen;0.005649717514124293
85;83 Silicon Monocarbide;0.005649717514124293
86;84 Phosphaethyne;0.005649717514124293
87;85 Aluminum Monochloride;0.005649717514124293
88;86 Cyanoallene;0.005649717514124293
89;87 Methyl diacetylene;0.005649717514124293
90;88 Cyanomethylene;0.005649717514124293
91;89 Phosphapropynylidyne;0.005649717514124293
92;90 Cyanomethyl;0.005649717514124293
93;91 Hydrogen Isocyanide;0.005649717514124293
94;92 Hydrogen sulfide;0.005649717514124293
95;93 Hydroxyl;0.005649717514124293
96;94 Glycolaldehyde;0.005649717514124293
97;95 Cyanide anion;0.005649717514124293
98;96 2-Propynal;0.005649717514124293
99;97 Ethynyl;0.005649717514124293
100;98 Phosphorous nitride;0.005649717514124293
101;99 Magnesium hydride isocyanide;0.005649717514124293
102;100 Potassium chloride;0.005649717514124293
103;101 Silicon tetracarbide;0.005649717514124293
104;102 Ethyl Cyanide;0.005649717514124293
105;103 Cyanamide;0.005649717514124293
106;104 Amidogen;0.005649717514124293
107;105 Hydroxymethylidyne;0.005649717514124293
108;106 Formyl Radical;0.005649717514124293
109;107 Vinyl Alcohol;0.005649717514124293
110;109 Cyanoethynylide ion;0.005649717514124293
111;110 Oxoethenylidene;0.005649717514124293
112;111 2-Butynenitrile;0.005649717514124293
113;112 Cyanoethynyl;0.005649717514124293
114;113 Hydroxymethylium ion;0.005649717514124293
115;114 Thioformaldehyde;0.005649717514124293
116;115 Isothiocyanic acid;0.005649717514124293
117;116 Cyanic acid;0.005649717514124293
