1;52 Thioxoethenylidene;0.23896499238964997
2;6 Carbon Monosulfide;0.025875190258751908
3;0 1,3,5-Hexatriynyl;0.010654490106544902
4;1 Silicon monosulfide;0.010654490106544902
5;2 Vinyl Cyanide;0.010654490106544902
6;3 Hydroxyl;0.010654490106544902
7;4 Methyliumylidene;0.010654490106544902
8;5 Aluminum Isocyanitrile;0.010654490106544902
9;7 Methyl Acetylene;0.010654490106544902
10;8 1,3-Butadiynyl anion;0.010654490106544902
11;9 Butatrienylidene;0.010654490106544902
12;10 2,4-Pentadiynylidyne;0.010654490106544902
13;11 Aluminum Monochloride;0.010654490106544902
14;12 4-Cyano-1,3-Butadiynyl;0.010654490106544902
15;13 Silicon monosulfide;0.010654490106544902
16;14 Water;0.010654490106544902
17;15 Hydrogen sulfide;0.010654490106544902
18;16 1,3-Butadiynyl radical;0.010654490106544902
19;17 Formylium;0.010654490106544902
20;18 Trihydrogen ion;0.010654490106544902
21;19 Methanimine;0.010654490106544902
22;20 Phosphorus Monoxide;0.010654490106544902
23;21 Methyl Cyanide;0.010654490106544902
24;22 Magnesium Isocyanide;0.010654490106544902
25;23 1,3,5-Hexatriynyl anion;0.010654490106544902
26;24 Phosphaethyne;0.010654490106544902
27;25 1,3,5,7-Octatetraynyl anion;0.010654490106544902
28;26 Silicon Monocarbide;0.010654490106544902
29;27 Cyanomethylene;0.010654490106544902
30;28 3-Thioxo-1,2-Propadieylidene;0.010654490106544902
31;29 Cyanobutadiyne;0.010654490106544902
32;30 Silicon Isocyanide;0.010654490106544902
33;31 Potassium chloride;0.010654490106544902
34;32 3-Oxo-1,2-Propadienylidene;0.010654490106544902
35;33 Silicon Carbide;0.010654490106544902
36;34 3-Cyano-1,2-propadienylidene;0.010654490106544902
37;35 Nitric sulfide;0.010654490106544902
38;36 Sulfur dioxide;0.010654490106544902
39;37 Ethyne Isocyanide;0.010654490106544902
40;38 Cyanoethynylide ion;0.010654490106544902
41;39 Cyanide Radical;0.010654490106544902
42;40 Carbon Monoxide Ion;0.010654490106544902
43;41 Cyanobutadiynylide anion;0.010654490106544902
44;42 Aluminum Monofluoride;0.010654490106544902
45;43 Formaldehyde;0.010654490106544902
46;44 Sulfur Monoxide;0.010654490106544902
47;45 Silicon tetracarbide;0.010654490106544902
48;46 Ethynyl;0.010654490106544902
49;47 Sodium Chloride;0.010654490106544902
50;48 Hydrogen Cyanide;0.010654490106544902
51;49 Sodium Cyanide;0.010654490106544902
52;50 3-Imino-1,2 Propadienylidene;0.010654490106544902
53;51 Methylidyne;0.010654490106544902
54;53 Silicon Monoxide;0.010654490106544902
55;54 1,3,5,7-Octatetraynyl;0.010654490106544902
56;55 Silicon Mononitride;0.010654490106544902
57;56 Carbon Monoxide;0.010654490106544902
58;57 Phosphorous nitride;0.010654490106544902
59;58 Carbon Monophosphide;0.010654490106544902
60;59 Thioformaldehyde;0.010654490106544902
61;60 Hexatrienyl;0.010654490106544902
62;61 Hydrogen Isocyanide;0.010654490106544902
63;62 Carbon Monosulfide;0.010654490106544902
64;63 Silicon Cyanide;0.010654490106544902
65;64 2,4,6-Heptatriynylidyne;0.010654490106544902
66;65 Cyclopropenylidene;0.010654490106544902
67;66 Cyanoacetylene;0.010654490106544902
68;67 Magnesium Cyanide;0.010654490106544902
69;68 3-Silanetetrayl-1,2-Propadienyli;0.010654490106544902
70;69 Cyanoethynyl;0.010654490106544902
71;70 Phosphapropynylidyne;0.010654490106544902
