1;22 Formylium;0.4016990291262136
2;8 Thioformylium;0.03762135922330097
3;0 Methylidyne;0.025485436893203883
4;1 Butyronitrile;0.025485436893203883
5;2 Formaldehyde;0.025485436893203883
6;3 Sulfur dioxide;0.025485436893203883
7;4 Carbon Monoxide;0.025485436893203883
8;5 Water;0.025485436893203883
9;6 Chloronium;0.025485436893203883
10;7 Imidogen;0.025485436893203883
11;9 Mercapto radical;0.025485436893203883
12;10 Methyl formate vt01;0.025485436893203883
13;11 Methyliumylidene;0.025485436893203883
14;12 Cyanide Radical;0.025485436893203883
15;13 Hydroxyl;0.025485436893203883
16;14 Nitric oxide;0.025485436893203883
17;15 Cyclopropenylidene;0.025485436893203883
18;16 Silicon Monoxide;0.025485436893203883
19;17 Hydrogen Cyanide;0.025485436893203883
20;18 Carbon Monosulfide;0.025485436893203883
21;19 Hydrogen sulfide;0.025485436893203883
22;20 Molecular oxygen;0.025485436893203883
23;21 Hydrogen Isocyanide;0.025485436893203883
24;23 Sulfoniumylidene;0.025485436893203883
