1;44 Oxoethenylidene;0.43686354378818737
2;1 1,3,5-Hexatriynyl;0.019348268839103868
3;11 4-Cyano-1,3-Butadiynyl;0.019348268839103868
4;22 Methanol;0.019348268839103868
5;40 Methylidyne;0.019348268839103868
6;0 Ketene;0.009164969450101833
7;2 Oxonium hydride;0.009164969450101833
8;3 Vinyl Cyanide;0.009164969450101833
9;4 Hydroxyl;0.009164969450101833
10;5 Methyliumylidene;0.009164969450101833
11;6 Carbon Monosulfide;0.009164969450101833
12;7 Cyanomethyl;0.009164969450101833
13;8 Methyl Acetylene;0.009164969450101833
14;9 Ethyl Cyanide;0.009164969450101833
15;10 2,4-Pentadiynylidyne;0.009164969450101833
16;12 Water;0.009164969450101833
17;13 Hydrogen sulfide;0.009164969450101833
18;14 Methylene amidogen;0.009164969450101833
19;15 1,3-Butadiynyl radical;0.009164969450101833
20;16 2,4,6,8-Nonatetraynenitrile;0.009164969450101833
21;17 Formylium;0.009164969450101833
22;18 Cyanoallene;0.009164969450101833
23;19 Trihydrogen ion;0.009164969450101833
24;20 Methylcyanodiacetylene;0.009164969450101833
25;21 2,4,6-Heptatriynenitrile;0.009164969450101833
26;23 Ammonia;0.009164969450101833
27;24 Methyl Cyanide;0.009164969450101833
28;25 1,3,5-Hexatriynyl anion;0.009164969450101833
29;26 1,3,5,7-Octatetraynyl anion;0.009164969450101833
30;27 3-Thioxo-1,2-Propadieylidene;0.009164969450101833
31;28 Cyanobutadiyne;0.009164969450101833
32;29 Nitric sulfide;0.009164969450101833
33;30 Sulfur dioxide;0.009164969450101833
34;31 Hydrochloric acid;0.009164969450101833
35;32 2,4,6,8,10-Undecapentaynenitrile;0.009164969450101833
36;33 Cyanide Radical;0.009164969450101833
37;34 Nitric oxide;0.009164969450101833
38;35 Formaldehyde;0.009164969450101833
39;36 Sulfur Monoxide;0.009164969450101833
40;37 Methyltriacetylene;0.009164969450101833
41;38 Hydrogen Cyanide;0.009164969450101833
42;39 Methyl diacetylene;0.009164969450101833
43;41 Thioxoethenylidene;0.009164969450101833
44;42 Silicon Monoxide;0.009164969450101833
45;43 1,3,5,7-Octatetraynyl;0.009164969450101833
46;45 Propynylidynium;0.009164969450101833
47;46 Carbon Monoxide;0.009164969450101833
48;47 Thioformaldehyde;0.009164969450101833
49;48 Hexatrienyl;0.009164969450101833
50;49 Diazenylium;0.009164969450101833
51;50 Hydrogen Isocyanide;0.009164969450101833
52;51 Carbon Monosulfide;0.009164969450101833
53;52 Methylamine;0.009164969450101833
54;53 Formic Acid;0.009164969450101833
55;54 Cyclopropenylidene;0.009164969450101833
56;55 Cyanoacetylene;0.009164969450101833
57;56 para-Oxidaniumyl;0.009164969450101833
58;57 ortho-Oxidaniumyl;0.009164969450101833
