Orion.HNC.cbc.contsub.image;model_dark_clouds_tr_500it;1;5 Methyliumylidene;0.7184412733260155
Orion.HNC.cbc.contsub.image;model_dark_clouds_tr_500it;2;0 Ketene;0.004939626783754117
Orion.HNC.cbc.contsub.image;model_dark_clouds_tr_500it;3;1 1,3,5-Hexatriynyl;0.004939626783754117
Orion.HNC.cbc.contsub.image;model_dark_clouds_tr_500it;4;2 Oxonium hydride;0.004939626783754117
Orion.HNC.cbc.contsub.image;model_dark_clouds_tr_500it;5;3 Vinyl Cyanide;0.004939626783754117
Orion.HNC.cbc.contsub.image;model_dark_clouds_2_500it;1;48 Hexatrienyl;0.6525795828759605
Orion.HNC.cbc.contsub.image;model_dark_clouds_2_500it;2;5 Methyliumylidene;0.070801317233809
Orion.HNC.cbc.contsub.image;model_dark_clouds_2_500it;3;0 Ketene;0.004939626783754117
Orion.HNC.cbc.contsub.image;model_dark_clouds_2_500it;4;1 1,3,5-Hexatriynyl;0.004939626783754117
Orion.HNC.cbc.contsub.image;model_dark_clouds_2_500it;5;2 Oxonium hydride;0.004939626783754117
Orion.HNC.cbc.contsub.image;model_dark_clouds_full_500it;1;48 Hexatrienyl;0.6690450054884742
Orion.HNC.cbc.contsub.image;model_dark_clouds_full_500it;2;2 Oxonium hydride;0.05433589462129529
Orion.HNC.cbc.contsub.image;model_dark_clouds_full_500it;3;0 Ketene;0.004939626783754117
Orion.HNC.cbc.contsub.image;model_dark_clouds_full_500it;4;1 1,3,5-Hexatriynyl;0.004939626783754117
Orion.HNC.cbc.contsub.image;model_dark_clouds_full_500it;5;3 Vinyl Cyanide;0.004939626783754117
Orion.HNC.cbc.contsub.image;model_dark_clouds_full_expanded_00002_500it;1;15 1,3-Butadiynyl radical;0.7184412733260155
Orion.HNC.cbc.contsub.image;model_dark_clouds_full_expanded_00002_500it;2;0 Ketene;0.004939626783754117
Orion.HNC.cbc.contsub.image;model_dark_clouds_full_expanded_00002_500it;3;1 1,3,5-Hexatriynyl;0.004939626783754117
Orion.HNC.cbc.contsub.image;model_dark_clouds_full_expanded_00002_500it;4;2 Oxonium hydride;0.004939626783754117
Orion.HNC.cbc.contsub.image;model_dark_clouds_full_expanded_00002_500it;5;3 Vinyl Cyanide;0.004939626783754117
Orion.HNC.cbc.contsub.image;model_dark_clouds_full_expanded_00010_500it;1;28 Cyanobutadiyne;0.7184412733260155
Orion.HNC.cbc.contsub.image;model_dark_clouds_full_expanded_00010_500it;2;0 Ketene;0.004939626783754117
Orion.HNC.cbc.contsub.image;model_dark_clouds_full_expanded_00010_500it;3;1 1,3,5-Hexatriynyl;0.004939626783754117
Orion.HNC.cbc.contsub.image;model_dark_clouds_full_expanded_00010_500it;4;2 Oxonium hydride;0.004939626783754117
Orion.HNC.cbc.contsub.image;model_dark_clouds_full_expanded_00010_500it;5;3 Vinyl Cyanide;0.004939626783754117
HD163296_CO_2_1.image;model_dark_clouds_tr_500it;1;44 Oxoethenylidene;0.43686354378818737
HD163296_CO_2_1.image;model_dark_clouds_tr_500it;2;1 1,3,5-Hexatriynyl;0.019348268839103868
HD163296_CO_2_1.image;model_dark_clouds_tr_500it;3;11 4-Cyano-1,3-Butadiynyl;0.019348268839103868
HD163296_CO_2_1.image;model_dark_clouds_tr_500it;4;22 Methanol;0.019348268839103868
HD163296_CO_2_1.image;model_dark_clouds_tr_500it;5;40 Methylidyne;0.019348268839103868
HD163296_CO_2_1.image;model_dark_clouds_2_500it;1;45 Propynylidynium;0.4775967413441955
HD163296_CO_2_1.image;model_dark_clouds_2_500it;2;0 Ketene;0.009164969450101833
HD163296_CO_2_1.image;model_dark_clouds_2_500it;3;1 1,3,5-Hexatriynyl;0.009164969450101833
HD163296_CO_2_1.image;model_dark_clouds_2_500it;4;2 Oxonium hydride;0.009164969450101833
HD163296_CO_2_1.image;model_dark_clouds_2_500it;5;3 Vinyl Cyanide;0.009164969450101833
HD163296_CO_2_1.image;model_dark_clouds_full_500it;1;42 Silicon Monoxide;0.4775967413441955
HD163296_CO_2_1.image;model_dark_clouds_full_500it;2;0 Ketene;0.009164969450101833
HD163296_CO_2_1.image;model_dark_clouds_full_500it;3;1 1,3,5-Hexatriynyl;0.009164969450101833
HD163296_CO_2_1.image;model_dark_clouds_full_500it;4;2 Oxonium hydride;0.009164969450101833
HD163296_CO_2_1.image;model_dark_clouds_full_500it;5;3 Vinyl Cyanide;0.009164969450101833
HD163296_CO_2_1.image;model_dark_clouds_full_expanded_00002_500it;1;42 Silicon Monoxide;0.4775967413441955
HD163296_CO_2_1.image;model_dark_clouds_full_expanded_00002_500it;2;0 Ketene;0.009164969450101833
HD163296_CO_2_1.image;model_dark_clouds_full_expanded_00002_500it;3;1 1,3,5-Hexatriynyl;0.009164969450101833
HD163296_CO_2_1.image;model_dark_clouds_full_expanded_00002_500it;4;2 Oxonium hydride;0.009164969450101833
HD163296_CO_2_1.image;model_dark_clouds_full_expanded_00002_500it;5;3 Vinyl Cyanide;0.009164969450101833
HD163296_CO_2_1.image;model_dark_clouds_full_expanded_00010_500it;1;26 1,3,5,7-Octatetraynyl anion;0.4775967413441955
HD163296_CO_2_1.image;model_dark_clouds_full_expanded_00010_500it;2;0 Ketene;0.009164969450101833
HD163296_CO_2_1.image;model_dark_clouds_full_expanded_00010_500it;3;1 1,3,5-Hexatriynyl;0.009164969450101833
HD163296_CO_2_1.image;model_dark_clouds_full_expanded_00010_500it;4;2 Oxonium hydride;0.009164969450101833
HD163296_CO_2_1.image;model_dark_clouds_full_expanded_00010_500it;5;3 Vinyl Cyanide;0.009164969450101833
DMTau.CS_5-4.image;model_dark_clouds_tr_500it;1;5 Methyliumylidene;0.7981904012588513
DMTau.CS_5-4.image;model_dark_clouds_tr_500it;2;0 Ketene;0.003540519276160504
DMTau.CS_5-4.image;model_dark_clouds_tr_500it;3;1 1,3,5-Hexatriynyl;0.003540519276160504
DMTau.CS_5-4.image;model_dark_clouds_tr_500it;4;2 Oxonium hydride;0.003540519276160504
DMTau.CS_5-4.image;model_dark_clouds_tr_500it;5;3 Vinyl Cyanide;0.003540519276160504
DMTau.CS_5-4.image;model_dark_clouds_2_500it;1;5 Methyliumylidene;0.7981904012588513
DMTau.CS_5-4.image;model_dark_clouds_2_500it;2;0 Ketene;0.003540519276160504
DMTau.CS_5-4.image;model_dark_clouds_2_500it;3;1 1,3,5-Hexatriynyl;0.003540519276160504
DMTau.CS_5-4.image;model_dark_clouds_2_500it;4;2 Oxonium hydride;0.003540519276160504
DMTau.CS_5-4.image;model_dark_clouds_2_500it;5;3 Vinyl Cyanide;0.003540519276160504
DMTau.CS_5-4.image;model_dark_clouds_full_500it;1;48 Hexatrienyl;0.7195121951219513
DMTau.CS_5-4.image;model_dark_clouds_full_500it;2;42 Silicon Monoxide;0.08221872541306058
DMTau.CS_5-4.image;model_dark_clouds_full_500it;3;0 Ketene;0.003540519276160504
DMTau.CS_5-4.image;model_dark_clouds_full_500it;4;1 1,3,5-Hexatriynyl;0.003540519276160504
DMTau.CS_5-4.image;model_dark_clouds_full_500it;5;2 Oxonium hydride;0.003540519276160504
DMTau.CS_5-4.image;model_dark_clouds_full_expanded_00002_500it;1;6 Carbon Monosulfide;0.7863886703383164
DMTau.CS_5-4.image;model_dark_clouds_full_expanded_00002_500it;2;18 Cyanoallene;0.011408339889850511
DMTau.CS_5-4.image;model_dark_clouds_full_expanded_00002_500it;3;8 Methyl Acetylene;0.007474429583005507
DMTau.CS_5-4.image;model_dark_clouds_full_expanded_00002_500it;4;0 Ketene;0.003540519276160504
DMTau.CS_5-4.image;model_dark_clouds_full_expanded_00002_500it;5;1 1,3,5-Hexatriynyl;0.003540519276160504
DMTau.CS_5-4.image;model_dark_clouds_full_expanded_00010_500it;1;6 Carbon Monosulfide;0.7903225806451614
DMTau.CS_5-4.image;model_dark_clouds_full_expanded_00010_500it;2;55 Cyanoacetylene;0.007474429583005507
DMTau.CS_5-4.image;model_dark_clouds_full_expanded_00010_500it;3;57 ortho-Oxidaniumyl;0.007474429583005507
DMTau.CS_5-4.image;model_dark_clouds_full_expanded_00010_500it;4;0 Ketene;0.003540519276160504
DMTau.CS_5-4.image;model_dark_clouds_full_expanded_00010_500it;5;1 1,3,5-Hexatriynyl;0.003540519276160504
Orion.methanol.cbc.contsub.image;model_dark_clouds_tr_500it;1;5 Methyliumylidene;0.49308300395256915
Orion.methanol.cbc.contsub.image;model_dark_clouds_tr_500it;2;0 Ketene;0.008893280632411068
Orion.methanol.cbc.contsub.image;model_dark_clouds_tr_500it;3;1 1,3,5-Hexatriynyl;0.008893280632411068
Orion.methanol.cbc.contsub.image;model_dark_clouds_tr_500it;4;2 Oxonium hydride;0.008893280632411068
Orion.methanol.cbc.contsub.image;model_dark_clouds_tr_500it;5;3 Vinyl Cyanide;0.008893280632411068
Orion.methanol.cbc.contsub.image;model_dark_clouds_2_500it;1;42 Silicon Monoxide;0.49308300395256915
Orion.methanol.cbc.contsub.image;model_dark_clouds_2_500it;2;0 Ketene;0.008893280632411068
Orion.methanol.cbc.contsub.image;model_dark_clouds_2_500it;3;1 1,3,5-Hexatriynyl;0.008893280632411068
Orion.methanol.cbc.contsub.image;model_dark_clouds_2_500it;4;2 Oxonium hydride;0.008893280632411068
Orion.methanol.cbc.contsub.image;model_dark_clouds_2_500it;5;3 Vinyl Cyanide;0.008893280632411068
Orion.methanol.cbc.contsub.image;model_dark_clouds_full_500it;1;21 2,4,6-Heptatriynenitrile;0.49308300395256915
Orion.methanol.cbc.contsub.image;model_dark_clouds_full_500it;2;0 Ketene;0.008893280632411068
Orion.methanol.cbc.contsub.image;model_dark_clouds_full_500it;3;1 1,3,5-Hexatriynyl;0.008893280632411068
Orion.methanol.cbc.contsub.image;model_dark_clouds_full_500it;4;2 Oxonium hydride;0.008893280632411068
Orion.methanol.cbc.contsub.image;model_dark_clouds_full_500it;5;3 Vinyl Cyanide;0.008893280632411068
Orion.methanol.cbc.contsub.image;model_dark_clouds_full_expanded_00002_500it;1;42 Silicon Monoxide;0.49308300395256915
Orion.methanol.cbc.contsub.image;model_dark_clouds_full_expanded_00002_500it;2;0 Ketene;0.008893280632411068
Orion.methanol.cbc.contsub.image;model_dark_clouds_full_expanded_00002_500it;3;1 1,3,5-Hexatriynyl;0.008893280632411068
Orion.methanol.cbc.contsub.image;model_dark_clouds_full_expanded_00002_500it;4;2 Oxonium hydride;0.008893280632411068
Orion.methanol.cbc.contsub.image;model_dark_clouds_full_expanded_00002_500it;5;3 Vinyl Cyanide;0.008893280632411068
Orion.methanol.cbc.contsub.image;model_dark_clouds_full_expanded_00010_500it;1;32 2,4,6,8,10-Undecapentaynenitrile;0.49308300395256915
Orion.methanol.cbc.contsub.image;model_dark_clouds_full_expanded_00010_500it;2;0 Ketene;0.008893280632411068
Orion.methanol.cbc.contsub.image;model_dark_clouds_full_expanded_00010_500it;3;1 1,3,5-Hexatriynyl;0.008893280632411068
Orion.methanol.cbc.contsub.image;model_dark_clouds_full_expanded_00010_500it;4;2 Oxonium hydride;0.008893280632411068
Orion.methanol.cbc.contsub.image;model_dark_clouds_full_expanded_00010_500it;5;3 Vinyl Cyanide;0.008893280632411068
uid___A002_Xa916fc_X668__IRS43_HCO32.final.image.pbcor;model_dark_clouds_tr_500it;1;42 Silicon Monoxide;0.8020833333333334
uid___A002_Xa916fc_X668__IRS43_HCO32.final.image.pbcor;model_dark_clouds_tr_500it;2;0 Ketene;0.0034722222222222225
uid___A002_Xa916fc_X668__IRS43_HCO32.final.image.pbcor;model_dark_clouds_tr_500it;3;1 1,3,5-Hexatriynyl;0.0034722222222222225
uid___A002_Xa916fc_X668__IRS43_HCO32.final.image.pbcor;model_dark_clouds_tr_500it;4;2 Oxonium hydride;0.0034722222222222225
uid___A002_Xa916fc_X668__IRS43_HCO32.final.image.pbcor;model_dark_clouds_tr_500it;5;3 Vinyl Cyanide;0.0034722222222222225
uid___A002_Xa916fc_X668__IRS43_HCO32.final.image.pbcor;model_dark_clouds_2_500it;1;5 Methyliumylidene;0.8020833333333334
uid___A002_Xa916fc_X668__IRS43_HCO32.final.image.pbcor;model_dark_clouds_2_500it;2;0 Ketene;0.0034722222222222225
uid___A002_Xa916fc_X668__IRS43_HCO32.final.image.pbcor;model_dark_clouds_2_500it;3;1 1,3,5-Hexatriynyl;0.0034722222222222225
uid___A002_Xa916fc_X668__IRS43_HCO32.final.image.pbcor;model_dark_clouds_2_500it;4;2 Oxonium hydride;0.0034722222222222225
uid___A002_Xa916fc_X668__IRS43_HCO32.final.image.pbcor;model_dark_clouds_2_500it;5;3 Vinyl Cyanide;0.0034722222222222225
uid___A002_Xa916fc_X668__IRS43_HCO32.final.image.pbcor;model_dark_clouds_full_500it;1;5 Methyliumylidene;0.7557870370370371
uid___A002_Xa916fc_X668__IRS43_HCO32.final.image.pbcor;model_dark_clouds_full_500it;2;16 2,4,6,8-Nonatetraynenitrile;0.049768518518518524
uid___A002_Xa916fc_X668__IRS43_HCO32.final.image.pbcor;model_dark_clouds_full_500it;3;0 Ketene;0.0034722222222222225
uid___A002_Xa916fc_X668__IRS43_HCO32.final.image.pbcor;model_dark_clouds_full_500it;4;1 1,3,5-Hexatriynyl;0.0034722222222222225
uid___A002_Xa916fc_X668__IRS43_HCO32.final.image.pbcor;model_dark_clouds_full_500it;5;2 Oxonium hydride;0.0034722222222222225
uid___A002_Xa916fc_X668__IRS43_HCO32.final.image.pbcor;model_dark_clouds_full_expanded_00002_500it;1;48 Hexatrienyl;0.8020833333333334
uid___A002_Xa916fc_X668__IRS43_HCO32.final.image.pbcor;model_dark_clouds_full_expanded_00002_500it;2;0 Ketene;0.0034722222222222225
uid___A002_Xa916fc_X668__IRS43_HCO32.final.image.pbcor;model_dark_clouds_full_expanded_00002_500it;3;1 1,3,5-Hexatriynyl;0.0034722222222222225
uid___A002_Xa916fc_X668__IRS43_HCO32.final.image.pbcor;model_dark_clouds_full_expanded_00002_500it;4;2 Oxonium hydride;0.0034722222222222225
uid___A002_Xa916fc_X668__IRS43_HCO32.final.image.pbcor;model_dark_clouds_full_expanded_00002_500it;5;3 Vinyl Cyanide;0.0034722222222222225
uid___A002_Xa916fc_X668__IRS43_HCO32.final.image.pbcor;model_dark_clouds_full_expanded_00010_500it;1;17 Formylium;0.8020833333333334
uid___A002_Xa916fc_X668__IRS43_HCO32.final.image.pbcor;model_dark_clouds_full_expanded_00010_500it;2;0 Ketene;0.0034722222222222225
uid___A002_Xa916fc_X668__IRS43_HCO32.final.image.pbcor;model_dark_clouds_full_expanded_00010_500it;3;1 1,3,5-Hexatriynyl;0.0034722222222222225
uid___A002_Xa916fc_X668__IRS43_HCO32.final.image.pbcor;model_dark_clouds_full_expanded_00010_500it;4;2 Oxonium hydride;0.0034722222222222225
uid___A002_Xa916fc_X668__IRS43_HCO32.final.image.pbcor;model_dark_clouds_full_expanded_00010_500it;5;3 Vinyl Cyanide;0.0034722222222222225
TWHydra_HCOplusline.image;model_dark_clouds_tr_500it;1;50 Hydrogen Isocyanide;0.23407202216066478
TWHydra_HCOplusline.image;model_dark_clouds_tr_500it;2;17 Formylium;0.04016620498614958
TWHydra_HCOplusline.image;model_dark_clouds_tr_500it;3;1 1,3,5-Hexatriynyl;0.02631578947368421
TWHydra_HCOplusline.image;model_dark_clouds_tr_500it;4;22 Methanol;0.02631578947368421
TWHydra_HCOplusline.image;model_dark_clouds_tr_500it;5;0 Ketene;0.012465373961218837
TWHydra_HCOplusline.image;model_dark_clouds_2_500it;1;50 Hydrogen Isocyanide;0.28947368421052627
TWHydra_HCOplusline.image;model_dark_clouds_2_500it;2;0 Ketene;0.012465373961218837
TWHydra_HCOplusline.image;model_dark_clouds_2_500it;3;1 1,3,5-Hexatriynyl;0.012465373961218837
TWHydra_HCOplusline.image;model_dark_clouds_2_500it;4;2 Oxonium hydride;0.012465373961218837
TWHydra_HCOplusline.image;model_dark_clouds_2_500it;5;3 Vinyl Cyanide;0.012465373961218837
TWHydra_HCOplusline.image;model_dark_clouds_full_500it;1;48 Hexatrienyl;0.28947368421052627
TWHydra_HCOplusline.image;model_dark_clouds_full_500it;2;0 Ketene;0.012465373961218837
TWHydra_HCOplusline.image;model_dark_clouds_full_500it;3;1 1,3,5-Hexatriynyl;0.012465373961218837
TWHydra_HCOplusline.image;model_dark_clouds_full_500it;4;2 Oxonium hydride;0.012465373961218837
TWHydra_HCOplusline.image;model_dark_clouds_full_500it;5;3 Vinyl Cyanide;0.012465373961218837
TWHydra_HCOplusline.image;model_dark_clouds_full_expanded_00002_500it;1;17 Formylium;0.2617728531855955
TWHydra_HCOplusline.image;model_dark_clouds_full_expanded_00002_500it;2;23 Ammonia;0.02631578947368421
TWHydra_HCOplusline.image;model_dark_clouds_full_expanded_00002_500it;3;49 Diazenylium;0.02631578947368421
TWHydra_HCOplusline.image;model_dark_clouds_full_expanded_00002_500it;4;0 Ketene;0.012465373961218837
TWHydra_HCOplusline.image;model_dark_clouds_full_expanded_00002_500it;5;1 1,3,5-Hexatriynyl;0.012465373961218837
TWHydra_HCOplusline.image;model_dark_clouds_full_expanded_00010_500it;1;17 Formylium;0.28947368421052627
TWHydra_HCOplusline.image;model_dark_clouds_full_expanded_00010_500it;2;0 Ketene;0.012465373961218837
TWHydra_HCOplusline.image;model_dark_clouds_full_expanded_00010_500it;3;1 1,3,5-Hexatriynyl;0.012465373961218837
TWHydra_HCOplusline.image;model_dark_clouds_full_expanded_00010_500it;4;2 Oxonium hydride;0.012465373961218837
TWHydra_HCOplusline.image;model_dark_clouds_full_expanded_00010_500it;5;3 Vinyl Cyanide;0.012465373961218837
TWHydra_CO3_2line.image;model_dark_clouds_tr_500it;1;42 Silicon Monoxide;0.32677165354330706
TWHydra_CO3_2line.image;model_dark_clouds_tr_500it;2;0 Ketene;0.011811023622047244
TWHydra_CO3_2line.image;model_dark_clouds_tr_500it;3;1 1,3,5-Hexatriynyl;0.011811023622047244
TWHydra_CO3_2line.image;model_dark_clouds_tr_500it;4;2 Oxonium hydride;0.011811023622047244
TWHydra_CO3_2line.image;model_dark_clouds_tr_500it;5;3 Vinyl Cyanide;0.011811023622047244
TWHydra_CO3_2line.image;model_dark_clouds_2_500it;1;31 Hydrochloric acid;0.32677165354330706
TWHydra_CO3_2line.image;model_dark_clouds_2_500it;2;0 Ketene;0.011811023622047244
TWHydra_CO3_2line.image;model_dark_clouds_2_500it;3;1 1,3,5-Hexatriynyl;0.011811023622047244
TWHydra_CO3_2line.image;model_dark_clouds_2_500it;4;2 Oxonium hydride;0.011811023622047244
TWHydra_CO3_2line.image;model_dark_clouds_2_500it;5;3 Vinyl Cyanide;0.011811023622047244
TWHydra_CO3_2line.image;model_dark_clouds_full_500it;1;5 Methyliumylidene;0.32677165354330706
TWHydra_CO3_2line.image;model_dark_clouds_full_500it;2;0 Ketene;0.011811023622047244
TWHydra_CO3_2line.image;model_dark_clouds_full_500it;3;1 1,3,5-Hexatriynyl;0.011811023622047244
TWHydra_CO3_2line.image;model_dark_clouds_full_500it;4;2 Oxonium hydride;0.011811023622047244
TWHydra_CO3_2line.image;model_dark_clouds_full_500it;5;3 Vinyl Cyanide;0.011811023622047244
TWHydra_CO3_2line.image;model_dark_clouds_full_expanded_00002_500it;1;46 Carbon Monoxide;0.32677165354330706
TWHydra_CO3_2line.image;model_dark_clouds_full_expanded_00002_500it;2;0 Ketene;0.011811023622047244
TWHydra_CO3_2line.image;model_dark_clouds_full_expanded_00002_500it;3;1 1,3,5-Hexatriynyl;0.011811023622047244
TWHydra_CO3_2line.image;model_dark_clouds_full_expanded_00002_500it;4;2 Oxonium hydride;0.011811023622047244
TWHydra_CO3_2line.image;model_dark_clouds_full_expanded_00002_500it;5;3 Vinyl Cyanide;0.011811023622047244
TWHydra_CO3_2line.image;model_dark_clouds_full_expanded_00010_500it;1;46 Carbon Monoxide;0.31364829396325455
TWHydra_CO3_2line.image;model_dark_clouds_full_expanded_00010_500it;2;34 Nitric oxide;0.024934383202099734
TWHydra_CO3_2line.image;model_dark_clouds_full_expanded_00010_500it;3;0 Ketene;0.011811023622047244
TWHydra_CO3_2line.image;model_dark_clouds_full_expanded_00010_500it;4;1 1,3,5-Hexatriynyl;0.011811023622047244
TWHydra_CO3_2line.image;model_dark_clouds_full_expanded_00010_500it;5;2 Oxonium hydride;0.011811023622047244
