1;41 Cyanobutadiynylide anion;0.4644595910418696
2;61 Hydrogen Isocyanide;0.05550146056475171
3;22 Magnesium Isocyanide;0.01655306718597858
4;0 1,3,5-Hexatriynyl;0.006815968841285297
5;1 Silicon monosulfide;0.006815968841285297
6;2 Vinyl Cyanide;0.006815968841285297
7;3 Hydroxyl;0.006815968841285297
8;4 Methyliumylidene;0.006815968841285297
9;5 Aluminum Isocyanitrile;0.006815968841285297
10;6 Carbon Monosulfide;0.006815968841285297
11;7 Methyl Acetylene;0.006815968841285297
12;8 1,3-Butadiynyl anion;0.006815968841285297
13;9 Butatrienylidene;0.006815968841285297
14;10 2,4-Pentadiynylidyne;0.006815968841285297
15;11 Aluminum Monochloride;0.006815968841285297
16;12 4-Cyano-1,3-Butadiynyl;0.006815968841285297
17;13 Silicon monosulfide;0.006815968841285297
18;14 Water;0.006815968841285297
19;15 Hydrogen sulfide;0.006815968841285297
20;16 1,3-Butadiynyl radical;0.006815968841285297
21;17 Formylium;0.006815968841285297
22;18 Trihydrogen ion;0.006815968841285297
23;19 Methanimine;0.006815968841285297
24;20 Phosphorus Monoxide;0.006815968841285297
25;21 Methyl Cyanide;0.006815968841285297
26;23 1,3,5-Hexatriynyl anion;0.006815968841285297
27;24 Phosphaethyne;0.006815968841285297
28;25 1,3,5,7-Octatetraynyl anion;0.006815968841285297
29;26 Silicon Monocarbide;0.006815968841285297
30;27 Cyanomethylene;0.006815968841285297
31;28 3-Thioxo-1,2-Propadieylidene;0.006815968841285297
32;29 Cyanobutadiyne;0.006815968841285297
33;30 Silicon Isocyanide;0.006815968841285297
34;31 Potassium chloride;0.006815968841285297
35;32 3-Oxo-1,2-Propadienylidene;0.006815968841285297
36;33 Silicon Carbide;0.006815968841285297
37;34 3-Cyano-1,2-propadienylidene;0.006815968841285297
38;35 Nitric sulfide;0.006815968841285297
39;36 Sulfur dioxide;0.006815968841285297
40;37 Ethyne Isocyanide;0.006815968841285297
41;38 Cyanoethynylide ion;0.006815968841285297
42;39 Cyanide Radical;0.006815968841285297
43;40 Carbon Monoxide Ion;0.006815968841285297
44;42 Aluminum Monofluoride;0.006815968841285297
45;43 Formaldehyde;0.006815968841285297
46;44 Sulfur Monoxide;0.006815968841285297
47;45 Silicon tetracarbide;0.006815968841285297
48;46 Ethynyl;0.006815968841285297
49;47 Sodium Chloride;0.006815968841285297
50;48 Hydrogen Cyanide;0.006815968841285297
51;49 Sodium Cyanide;0.006815968841285297
52;50 3-Imino-1,2 Propadienylidene;0.006815968841285297
53;51 Methylidyne;0.006815968841285297
54;52 Thioxoethenylidene;0.006815968841285297
55;53 Silicon Monoxide;0.006815968841285297
56;54 1,3,5,7-Octatetraynyl;0.006815968841285297
57;55 Silicon Mononitride;0.006815968841285297
58;56 Carbon Monoxide;0.006815968841285297
59;57 Phosphorous nitride;0.006815968841285297
60;58 Carbon Monophosphide;0.006815968841285297
61;59 Thioformaldehyde;0.006815968841285297
62;60 Hexatrienyl;0.006815968841285297
63;62 Carbon Monosulfide;0.006815968841285297
64;63 Silicon Cyanide;0.006815968841285297
65;64 2,4,6-Heptatriynylidyne;0.006815968841285297
66;65 Cyclopropenylidene;0.006815968841285297
67;66 Cyanoacetylene;0.006815968841285297
68;67 Magnesium Cyanide;0.006815968841285297
69;68 3-Silanetetrayl-1,2-Propadienyli;0.006815968841285297
70;69 Cyanoethynyl;0.006815968841285297
71;70 Phosphapropynylidyne;0.006815968841285297
