1;22 Formylium;0.13636363636363635
2;16 Silicon Monoxide;0.08585858585858584
3;0 Methylidyne;0.03535353535353535
4;1 Butyronitrile;0.03535353535353535
5;2 Formaldehyde;0.03535353535353535
6;3 Sulfur dioxide;0.03535353535353535
7;4 Carbon Monoxide;0.03535353535353535
8;5 Water;0.03535353535353535
9;6 Chloronium;0.03535353535353535
10;7 Imidogen;0.03535353535353535
11;8 Thioformylium;0.03535353535353535
12;9 Mercapto radical;0.03535353535353535
13;10 Methyl formate vt01;0.03535353535353535
14;11 Methyliumylidene;0.03535353535353535
15;12 Cyanide Radical;0.03535353535353535
16;13 Hydroxyl;0.03535353535353535
17;14 Nitric oxide;0.03535353535353535
18;15 Cyclopropenylidene;0.03535353535353535
19;17 Hydrogen Cyanide;0.03535353535353535
20;18 Carbon Monosulfide;0.03535353535353535
21;19 Hydrogen sulfide;0.03535353535353535
22;20 Molecular oxygen;0.03535353535353535
23;21 Hydrogen Isocyanide;0.03535353535353535
24;23 Sulfoniumylidene;0.03535353535353535
