HD163296_CO_2_1.image;model_planetary_tr_500it;1;0 Methanol;0.006993006993006993
HD163296_CO_2_1.image;model_planetary_tr_500it;2;1 Hydrogen fluoride;0.006993006993006993
HD163296_CO_2_1.image;model_planetary_tr_500it;3;2 Nitric oxide;0.006993006993006993
HD163296_CO_2_1.image;model_planetary_tr_500it;4;3 Formylium;0.006993006993006993
HD163296_CO_2_1.image;model_planetary_tr_500it;5;4 Sodium Chloride;0.006993006993006993
HD163296_CO_2_1.image;model_planetary_2_500it;1;0 Methanol;0.006993006993006993
HD163296_CO_2_1.image;model_planetary_2_500it;2;1 Hydrogen fluoride;0.006993006993006993
HD163296_CO_2_1.image;model_planetary_2_500it;3;2 Nitric oxide;0.006993006993006993
HD163296_CO_2_1.image;model_planetary_2_500it;4;3 Formylium;0.006993006993006993
HD163296_CO_2_1.image;model_planetary_2_500it;5;4 Sodium Chloride;0.006993006993006993
HD163296_CO_2_1.image;model_planetary_full_500it;1;0 Methanol;0.006993006993006993
HD163296_CO_2_1.image;model_planetary_full_500it;2;1 Hydrogen fluoride;0.006993006993006993
HD163296_CO_2_1.image;model_planetary_full_500it;3;2 Nitric oxide;0.006993006993006993
HD163296_CO_2_1.image;model_planetary_full_500it;4;3 Formylium;0.006993006993006993
HD163296_CO_2_1.image;model_planetary_full_500it;5;4 Sodium Chloride;0.006993006993006993
HD163296_CO_2_1.image;model_planetary_full_expanded_00002_500it;1;16 Iminomethylium;0.8661971830985915
HD163296_CO_2_1.image;model_planetary_full_expanded_00002_500it;2;0 Methanol;0.007042253521126761
HD163296_CO_2_1.image;model_planetary_full_expanded_00002_500it;3;1 Hydrogen fluoride;0.007042253521126761
HD163296_CO_2_1.image;model_planetary_full_expanded_00002_500it;4;2 Nitric oxide;0.007042253521126761
HD163296_CO_2_1.image;model_planetary_full_expanded_00002_500it;5;3 Formylium;0.007042253521126761
HD163296_CO_2_1.image;model_planetary_full_expanded_00010_500it;1;3 Formylium;0.8661971830985915
HD163296_CO_2_1.image;model_planetary_full_expanded_00010_500it;2;0 Methanol;0.007042253521126761
HD163296_CO_2_1.image;model_planetary_full_expanded_00010_500it;3;1 Hydrogen fluoride;0.007042253521126761
HD163296_CO_2_1.image;model_planetary_full_expanded_00010_500it;4;2 Nitric oxide;0.007042253521126761
HD163296_CO_2_1.image;model_planetary_full_expanded_00010_500it;5;4 Sodium Chloride;0.007042253521126761
TWHydra_CO3_2line.image;model_planetary_tr_500it;1;0 Methanol;0.012468827930174564
TWHydra_CO3_2line.image;model_planetary_tr_500it;2;1 Hydrogen fluoride;0.012468827930174564
TWHydra_CO3_2line.image;model_planetary_tr_500it;3;2 Nitric oxide;0.012468827930174564
TWHydra_CO3_2line.image;model_planetary_tr_500it;4;3 Formylium;0.012468827930174564
TWHydra_CO3_2line.image;model_planetary_tr_500it;5;4 Sodium Chloride;0.012468827930174564
TWHydra_CO3_2line.image;model_planetary_2_500it;1;0 Methanol;0.012468827930174564
TWHydra_CO3_2line.image;model_planetary_2_500it;2;1 Hydrogen fluoride;0.012468827930174564
TWHydra_CO3_2line.image;model_planetary_2_500it;3;2 Nitric oxide;0.012468827930174564
TWHydra_CO3_2line.image;model_planetary_2_500it;4;3 Formylium;0.012468827930174564
TWHydra_CO3_2line.image;model_planetary_2_500it;5;4 Sodium Chloride;0.012468827930174564
TWHydra_CO3_2line.image;model_planetary_full_500it;1;0 Methanol;0.012468827930174564
TWHydra_CO3_2line.image;model_planetary_full_500it;2;1 Hydrogen fluoride;0.012468827930174564
TWHydra_CO3_2line.image;model_planetary_full_500it;3;2 Nitric oxide;0.012468827930174564
TWHydra_CO3_2line.image;model_planetary_full_500it;4;3 Formylium;0.012468827930174564
TWHydra_CO3_2line.image;model_planetary_full_500it;5;4 Sodium Chloride;0.012468827930174564
TWHydra_CO3_2line.image;model_planetary_full_expanded_00002_500it;1;19 Hydrogen Cyanide;0.76010101010101
TWHydra_CO3_2line.image;model_planetary_full_expanded_00002_500it;2;0 Methanol;0.012626262626262626
TWHydra_CO3_2line.image;model_planetary_full_expanded_00002_500it;3;1 Hydrogen fluoride;0.012626262626262626
TWHydra_CO3_2line.image;model_planetary_full_expanded_00002_500it;4;2 Nitric oxide;0.012626262626262626
TWHydra_CO3_2line.image;model_planetary_full_expanded_00002_500it;5;3 Formylium;0.012626262626262626
TWHydra_CO3_2line.image;model_planetary_full_expanded_00010_500it;1;16 Iminomethylium;0.76010101010101
TWHydra_CO3_2line.image;model_planetary_full_expanded_00010_500it;2;0 Methanol;0.012626262626262626
TWHydra_CO3_2line.image;model_planetary_full_expanded_00010_500it;3;1 Hydrogen fluoride;0.012626262626262626
TWHydra_CO3_2line.image;model_planetary_full_expanded_00010_500it;4;2 Nitric oxide;0.012626262626262626
TWHydra_CO3_2line.image;model_planetary_full_expanded_00010_500it;5;3 Formylium;0.012626262626262626
Orion.methanol.cbc.contsub.image;model_planetary_tr_500it;1;0 Methanol;0.012658227848101266
Orion.methanol.cbc.contsub.image;model_planetary_tr_500it;2;1 Hydrogen fluoride;0.012658227848101266
Orion.methanol.cbc.contsub.image;model_planetary_tr_500it;3;2 Nitric oxide;0.012658227848101266
Orion.methanol.cbc.contsub.image;model_planetary_tr_500it;4;3 Formylium;0.012658227848101266
Orion.methanol.cbc.contsub.image;model_planetary_tr_500it;5;4 Sodium Chloride;0.012658227848101266
Orion.methanol.cbc.contsub.image;model_planetary_2_500it;1;0 Methanol;0.012658227848101266
Orion.methanol.cbc.contsub.image;model_planetary_2_500it;2;1 Hydrogen fluoride;0.012658227848101266
Orion.methanol.cbc.contsub.image;model_planetary_2_500it;3;2 Nitric oxide;0.012658227848101266
Orion.methanol.cbc.contsub.image;model_planetary_2_500it;4;3 Formylium;0.012658227848101266
Orion.methanol.cbc.contsub.image;model_planetary_2_500it;5;4 Sodium Chloride;0.012658227848101266
Orion.methanol.cbc.contsub.image;model_planetary_full_500it;1;1 Hydrogen fluoride;0.14936708860759493
Orion.methanol.cbc.contsub.image;model_planetary_full_500it;2;0 Methanol;0.012658227848101266
Orion.methanol.cbc.contsub.image;model_planetary_full_500it;3;2 Nitric oxide;0.012658227848101266
Orion.methanol.cbc.contsub.image;model_planetary_full_500it;4;3 Formylium;0.012658227848101266
Orion.methanol.cbc.contsub.image;model_planetary_full_500it;5;4 Sodium Chloride;0.012658227848101266
Orion.methanol.cbc.contsub.image;model_planetary_full_expanded_00002_500it;1;6 para-Oxidaniumyl;0.7564102564102564
Orion.methanol.cbc.contsub.image;model_planetary_full_expanded_00002_500it;2;0 Methanol;0.01282051282051282
Orion.methanol.cbc.contsub.image;model_planetary_full_expanded_00002_500it;3;1 Hydrogen fluoride;0.01282051282051282
Orion.methanol.cbc.contsub.image;model_planetary_full_expanded_00002_500it;4;2 Nitric oxide;0.01282051282051282
Orion.methanol.cbc.contsub.image;model_planetary_full_expanded_00002_500it;5;3 Formylium;0.01282051282051282
Orion.methanol.cbc.contsub.image;model_planetary_full_expanded_00010_500it;1;16 Iminomethylium;0.7564102564102564
Orion.methanol.cbc.contsub.image;model_planetary_full_expanded_00010_500it;2;0 Methanol;0.01282051282051282
Orion.methanol.cbc.contsub.image;model_planetary_full_expanded_00010_500it;3;1 Hydrogen fluoride;0.01282051282051282
Orion.methanol.cbc.contsub.image;model_planetary_full_expanded_00010_500it;4;2 Nitric oxide;0.01282051282051282
Orion.methanol.cbc.contsub.image;model_planetary_full_expanded_00010_500it;5;3 Formylium;0.01282051282051282
TWHydra_HCOplusline.image;model_planetary_tr_500it;1;0 Methanol;0.012853470437017995
TWHydra_HCOplusline.image;model_planetary_tr_500it;2;1 Hydrogen fluoride;0.012853470437017995
TWHydra_HCOplusline.image;model_planetary_tr_500it;3;2 Nitric oxide;0.012853470437017995
TWHydra_HCOplusline.image;model_planetary_tr_500it;4;3 Formylium;0.012853470437017995
TWHydra_HCOplusline.image;model_planetary_tr_500it;5;4 Sodium Chloride;0.012853470437017995
TWHydra_HCOplusline.image;model_planetary_2_500it;1;0 Methanol;0.012853470437017995
TWHydra_HCOplusline.image;model_planetary_2_500it;2;1 Hydrogen fluoride;0.012853470437017995
TWHydra_HCOplusline.image;model_planetary_2_500it;3;2 Nitric oxide;0.012853470437017995
TWHydra_HCOplusline.image;model_planetary_2_500it;4;3 Formylium;0.012853470437017995
TWHydra_HCOplusline.image;model_planetary_2_500it;5;4 Sodium Chloride;0.012853470437017995
TWHydra_HCOplusline.image;model_planetary_full_500it;1;0 Methanol;0.012853470437017995
TWHydra_HCOplusline.image;model_planetary_full_500it;2;1 Hydrogen fluoride;0.012853470437017995
TWHydra_HCOplusline.image;model_planetary_full_500it;3;2 Nitric oxide;0.012853470437017995
TWHydra_HCOplusline.image;model_planetary_full_500it;4;3 Formylium;0.012853470437017995
TWHydra_HCOplusline.image;model_planetary_full_500it;5;4 Sodium Chloride;0.012853470437017995
TWHydra_HCOplusline.image;model_planetary_full_expanded_00002_500it;1;1 Hydrogen fluoride;0.7526041666666666
TWHydra_HCOplusline.image;model_planetary_full_expanded_00002_500it;2;0 Methanol;0.013020833333333334
TWHydra_HCOplusline.image;model_planetary_full_expanded_00002_500it;3;2 Nitric oxide;0.013020833333333334
TWHydra_HCOplusline.image;model_planetary_full_expanded_00002_500it;4;3 Formylium;0.013020833333333334
TWHydra_HCOplusline.image;model_planetary_full_expanded_00002_500it;5;4 Sodium Chloride;0.013020833333333334
TWHydra_HCOplusline.image;model_planetary_full_expanded_00010_500it;1;17 Hydrochloric acid;0.7526041666666666
TWHydra_HCOplusline.image;model_planetary_full_expanded_00010_500it;2;0 Methanol;0.013020833333333334
TWHydra_HCOplusline.image;model_planetary_full_expanded_00010_500it;3;1 Hydrogen fluoride;0.013020833333333334
TWHydra_HCOplusline.image;model_planetary_full_expanded_00010_500it;4;2 Nitric oxide;0.013020833333333334
TWHydra_HCOplusline.image;model_planetary_full_expanded_00010_500it;5;3 Formylium;0.013020833333333334
uid___A002_Xa916fc_X668__IRS43_HCO32.final.image.pbcor;model_planetary_tr_500it;1;0 Methanol;0.0029086678301337987
uid___A002_Xa916fc_X668__IRS43_HCO32.final.image.pbcor;model_planetary_tr_500it;2;1 Hydrogen fluoride;0.0029086678301337987
uid___A002_Xa916fc_X668__IRS43_HCO32.final.image.pbcor;model_planetary_tr_500it;3;2 Nitric oxide;0.0029086678301337987
uid___A002_Xa916fc_X668__IRS43_HCO32.final.image.pbcor;model_planetary_tr_500it;4;3 Formylium;0.0029086678301337987
uid___A002_Xa916fc_X668__IRS43_HCO32.final.image.pbcor;model_planetary_tr_500it;5;4 Sodium Chloride;0.0029086678301337987
uid___A002_Xa916fc_X668__IRS43_HCO32.final.image.pbcor;model_planetary_2_500it;1;12 Carbonyl Sulfide;0.004072134962187318
uid___A002_Xa916fc_X668__IRS43_HCO32.final.image.pbcor;model_planetary_2_500it;2;0 Methanol;0.0029086678301337987
uid___A002_Xa916fc_X668__IRS43_HCO32.final.image.pbcor;model_planetary_2_500it;3;1 Hydrogen fluoride;0.0029086678301337987
uid___A002_Xa916fc_X668__IRS43_HCO32.final.image.pbcor;model_planetary_2_500it;4;2 Nitric oxide;0.0029086678301337987
uid___A002_Xa916fc_X668__IRS43_HCO32.final.image.pbcor;model_planetary_2_500it;5;3 Formylium;0.0029086678301337987
uid___A002_Xa916fc_X668__IRS43_HCO32.final.image.pbcor;model_planetary_full_500it;1;0 Methanol;0.0029086678301337987
uid___A002_Xa916fc_X668__IRS43_HCO32.final.image.pbcor;model_planetary_full_500it;2;1 Hydrogen fluoride;0.0029086678301337987
uid___A002_Xa916fc_X668__IRS43_HCO32.final.image.pbcor;model_planetary_full_500it;3;2 Nitric oxide;0.0029086678301337987
uid___A002_Xa916fc_X668__IRS43_HCO32.final.image.pbcor;model_planetary_full_500it;4;3 Formylium;0.0029086678301337987
uid___A002_Xa916fc_X668__IRS43_HCO32.final.image.pbcor;model_planetary_full_500it;5;4 Sodium Chloride;0.0029086678301337987
uid___A002_Xa916fc_X668__IRS43_HCO32.final.image.pbcor;model_planetary_full_expanded_00002_500it;1;1 Hydrogen fluoride;0.9445740956826137
uid___A002_Xa916fc_X668__IRS43_HCO32.final.image.pbcor;model_planetary_full_expanded_00002_500it;2;0 Methanol;0.0029171528588098016
uid___A002_Xa916fc_X668__IRS43_HCO32.final.image.pbcor;model_planetary_full_expanded_00002_500it;3;2 Nitric oxide;0.0029171528588098016
uid___A002_Xa916fc_X668__IRS43_HCO32.final.image.pbcor;model_planetary_full_expanded_00002_500it;4;3 Formylium;0.0029171528588098016
uid___A002_Xa916fc_X668__IRS43_HCO32.final.image.pbcor;model_planetary_full_expanded_00002_500it;5;4 Sodium Chloride;0.0029171528588098016
uid___A002_Xa916fc_X668__IRS43_HCO32.final.image.pbcor;model_planetary_full_expanded_00010_500it;1;3 Formylium;0.9445740956826137
uid___A002_Xa916fc_X668__IRS43_HCO32.final.image.pbcor;model_planetary_full_expanded_00010_500it;2;0 Methanol;0.0029171528588098016
uid___A002_Xa916fc_X668__IRS43_HCO32.final.image.pbcor;model_planetary_full_expanded_00010_500it;3;1 Hydrogen fluoride;0.0029171528588098016
uid___A002_Xa916fc_X668__IRS43_HCO32.final.image.pbcor;model_planetary_full_expanded_00010_500it;4;2 Nitric oxide;0.0029171528588098016
uid___A002_Xa916fc_X668__IRS43_HCO32.final.image.pbcor;model_planetary_full_expanded_00010_500it;5;4 Sodium Chloride;0.0029171528588098016
