1;17 Hydrochloric acid;0.7526041666666666
2;0 Methanol;0.013020833333333334
3;1 Hydrogen fluoride;0.013020833333333334
4;2 Nitric oxide;0.013020833333333334
5;3 Formylium;0.013020833333333334
6;4 Sodium Chloride;0.013020833333333334
7;5 Sulfur dioxide;0.013020833333333334
8;6 para-Oxidaniumyl;0.013020833333333334
9;7 Sulfur Monoxide;0.013020833333333334
10;8 Butatrienylidene;0.013020833333333334
11;9 Carbon Monoxide;0.013020833333333334
12;10 Nitrous Oxide;0.013020833333333334
13;11 Cyanoacetylene;0.013020833333333334
14;12 Carbonyl Sulfide;0.013020833333333334
15;13 Molecular oxygen;0.013020833333333334
16;14 ortho-Oxidaniumyl;0.013020833333333334
17;15 Water;0.013020833333333334
18;16 Iminomethylium;0.013020833333333334
19;18 Acetylene;0.013020833333333334
20;19 Hydrogen Cyanide;0.013020833333333334
