1;1 Hydrogen fluoride;0.7526041666666666
2;0 Methanol;0.013020833333333334
3;2 Nitric oxide;0.013020833333333334
4;3 Formylium;0.013020833333333334
5;4 Sodium Chloride;0.013020833333333334
6;5 Sulfur dioxide;0.013020833333333334
7;6 para-Oxidaniumyl;0.013020833333333334
8;7 Sulfur Monoxide;0.013020833333333334
9;8 Butatrienylidene;0.013020833333333334
10;9 Carbon Monoxide;0.013020833333333334
11;10 Nitrous Oxide;0.013020833333333334
12;11 Cyanoacetylene;0.013020833333333334
13;12 Carbonyl Sulfide;0.013020833333333334
14;13 Molecular oxygen;0.013020833333333334
15;14 ortho-Oxidaniumyl;0.013020833333333334
16;15 Water;0.013020833333333334
17;16 Iminomethylium;0.013020833333333334
18;17 Hydrochloric acid;0.013020833333333334
19;18 Acetylene;0.013020833333333334
20;19 Hydrogen Cyanide;0.013020833333333334
