1;12 Carbonyl Sulfide;0.004072134962187318
2;0 Methanol;0.0029086678301337987
3;1 Hydrogen fluoride;0.0029086678301337987
4;2 Nitric oxide;0.0029086678301337987
5;3 Formylium;0.0029086678301337987
6;4 Sodium Chloride;0.0029086678301337987
7;5 Sulfur dioxide;0.0029086678301337987
8;6 para-Oxidaniumyl;0.0029086678301337987
9;7 Sulfur Monoxide;0.0029086678301337987
10;8 Butatrienylidene;0.0029086678301337987
11;9 Carbon Monoxide;0.0029086678301337987
12;10 Nitrous Oxide;0.0029086678301337987
13;11 Cyanoacetylene;0.0029086678301337987
14;13 Molecular oxygen;0.0029086678301337987
15;14 ortho-Oxidaniumyl;0.0029086678301337987
16;15 Water;0.0029086678301337987
17;16 Iminomethylium;0.0029086678301337987
18;17 Hydrochloric acid;0.0029086678301337987
19;18 Acetylene;0.0029086678301337987
20;19 Hydrogen Cyanide;0.0029086678301337987
