1;25 1,3,5-Hexatriynyl anion;0.14082278481012658
2;44 Oxoethenylidene;0.04588607594936708
3;39 Methyl diacetylene;0.030063291139240503
4;0 Ketene;0.014240506329113924
5;1 1,3,5-Hexatriynyl;0.014240506329113924
6;2 Oxonium hydride;0.014240506329113924
7;3 Vinyl Cyanide;0.014240506329113924
8;4 Hydroxyl;0.014240506329113924
9;5 Methyliumylidene;0.014240506329113924
10;6 Carbon Monosulfide;0.014240506329113924
11;7 Cyanomethyl;0.014240506329113924
12;8 Methyl Acetylene;0.014240506329113924
13;9 Ethyl Cyanide;0.014240506329113924
14;10 2,4-Pentadiynylidyne;0.014240506329113924
15;11 4-Cyano-1,3-Butadiynyl;0.014240506329113924
16;12 Water;0.014240506329113924
17;13 Hydrogen sulfide;0.014240506329113924
18;14 Methylene amidogen;0.014240506329113924
19;15 1,3-Butadiynyl radical;0.014240506329113924
20;16 2,4,6,8-Nonatetraynenitrile;0.014240506329113924
21;17 Formylium;0.014240506329113924
22;18 Cyanoallene;0.014240506329113924
23;19 Trihydrogen ion;0.014240506329113924
24;20 Methylcyanodiacetylene;0.014240506329113924
25;21 2,4,6-Heptatriynenitrile;0.014240506329113924
26;22 Methanol;0.014240506329113924
27;23 Ammonia;0.014240506329113924
28;24 Methyl Cyanide;0.014240506329113924
29;26 1,3,5,7-Octatetraynyl anion;0.014240506329113924
30;27 3-Thioxo-1,2-Propadieylidene;0.014240506329113924
31;28 Cyanobutadiyne;0.014240506329113924
32;29 Nitric sulfide;0.014240506329113924
33;30 Sulfur dioxide;0.014240506329113924
34;31 Hydrochloric acid;0.014240506329113924
35;32 2,4,6,8,10-Undecapentaynenitrile;0.014240506329113924
36;33 Cyanide Radical;0.014240506329113924
37;34 Nitric oxide;0.014240506329113924
38;35 Formaldehyde;0.014240506329113924
39;36 Sulfur Monoxide;0.014240506329113924
40;37 Methyltriacetylene;0.014240506329113924
41;38 Hydrogen Cyanide;0.014240506329113924
42;40 Methylidyne;0.014240506329113924
43;41 Thioxoethenylidene;0.014240506329113924
44;42 Silicon Monoxide;0.014240506329113924
45;43 1,3,5,7-Octatetraynyl;0.014240506329113924
46;45 Propynylidynium;0.014240506329113924
47;46 Carbon Monoxide;0.014240506329113924
48;47 Thioformaldehyde;0.014240506329113924
49;48 Hexatrienyl;0.014240506329113924
50;49 Diazenylium;0.014240506329113924
51;50 Hydrogen Isocyanide;0.014240506329113924
52;51 Carbon Monosulfide;0.014240506329113924
53;52 Methylamine;0.014240506329113924
54;53 Formic Acid;0.014240506329113924
55;54 Cyclopropenylidene;0.014240506329113924
56;55 Cyanoacetylene;0.014240506329113924
57;56 para-Oxidaniumyl;0.014240506329113924
58;57 ortho-Oxidaniumyl;0.014240506329113924
