1;8 Methyliumylidene;0.6014869888475837
2;45 Cyanobutadiyne;0.10148698884758364
3;4 Thioformylium;0.06617100371747212
4;25 Fulminic acid;0.04944237918215614
5;9 Iminomethylium;0.0308550185873606
6;28 Nitrous Oxide;0.027137546468401486
7;61 Fluoromethyliumylidene;0.01970260223048327
8;66 Dimethyl ether;0.0048327137546468404
9;67 Acetone;0.0048327137546468404
10;19 Glycolaldehyde;0.0029739776951672866
11;34 Methanol;0.0029739776951672866
12;46 Sulfur Dioxide;0.0029739776951672866
13;54 Cyanic acid;0.0029739776951672866
14;79 Formic Acid;0.0029739776951672866
15;0 Isocyanic Acid;0.0011152416356877324
16;1 Propenal;0.0011152416356877324
17;2 Ketene;0.0011152416356877324
18;3 Oxonium hydride;0.0011152416356877324
19;5 Vinyl Cyanide;0.0011152416356877324
20;6 Methyl Formate;0.0011152416356877324
21;7 Hydroxyl;0.0011152416356877324
22;10 Hydroxymethylium ion;0.0011152416356877324
23;11 2-Propynal;0.0011152416356877324
24;12 Carbon Monosulfide;0.0011152416356877324
25;13 Cyanomethyl;0.0011152416356877324
26;14 Methyl Acetylene;0.0011152416356877324
27;15 2-Butynenitrile;0.0011152416356877324
28;16 Methyl formate vt01;0.0011152416356877324
29;17 Ethyl Cyanide;0.0011152416356877324
30;18 gauche-Ethanol;0.0011152416356877324
31;20 Water;0.0011152416356877324
32;21 Hydrogen sulfide;0.0011152416356877324
33;22 Sulfur Monoxide ion;0.0011152416356877324
34;23 1,3-Butadiynyl radical;0.0011152416356877324
35;24 Formylium;0.0011152416356877324
36;26 Trihydrogen ion;0.0011152416356877324
37;27 Methanimine;0.0011152416356877324
38;29 Propadienylidene;0.0011152416356877324
39;30 Ethylene Oxide;0.0011152416356877324
40;31 Ketenimine;0.0011152416356877324
41;32 2,4,6-Heptatriynenitrile;0.0011152416356877324
42;33 Aminoacetonitrile;0.0011152416356877324
43;35 Ammonia;0.0011152416356877324
44;36 Formyl Radical;0.0011152416356877324
45;37 Methyl Cyanide;0.0011152416356877324
46;38 Molecular oxygen;0.0011152416356877324
47;39 Cyclopropenone;0.0011152416356877324
48;40 Carbonyl Sulfide;0.0011152416356877324
49;41 Acetaldehyde;0.0011152416356877324
50;42 Cyanomethylene;0.0011152416356877324
51;43 3-Thioxo-1,2-Propadieylidene;0.0011152416356877324
52;44 Formamide;0.0011152416356877324
53;47 Methyl isocyanide;0.0011152416356877324
54;48 Nitric sulfide;0.0011152416356877324
55;49 Methylene;0.0011152416356877324
56;50 Hydrochloric acid;0.0011152416356877324
57;51 Ethyne Isocyanide;0.0011152416356877324
58;52 Cyanide Radical;0.0011152416356877324
59;53 Nitric oxide;0.0011152416356877324
60;55 Formaldehyde;0.0011152416356877324
61;56 Sulfur Monoxide;0.0011152416356877324
62;57 Protonate 2-proynenitrile;0.0011152416356877324
63;58 Ethynyl;0.0011152416356877324
64;59 Ethylene Glycol;0.0011152416356877324
65;60 Hydrogen Cyanide;0.0011152416356877324
66;62 Methylidyne;0.0011152416356877324
67;63 Thioxoethenylidene;0.0011152416356877324
68;64 Cyanomethanimine;0.0011152416356877324
69;65 Silicon Monoxide;0.0011152416356877324
70;68 Carbon Monoxide;0.0011152416356877324
71;69 Phosphorous nitride;0.0011152416356877324
72;70 Thioformaldehyde;0.0011152416356877324
73;71 Diazenylium;0.0011152416356877324
74;72 Cyanoformaldehyde;0.0011152416356877324
75;73 Isothiocyanic acid;0.0011152416356877324
76;74 Vinyl Alcohol;0.0011152416356877324
77;75 Hydrogen Isocyanide;0.0011152416356877324
78;76 Carbon Monosulfide;0.0011152416356877324
79;77 Methylamine;0.0011152416356877324
80;78 Protonated Carbon Dioxide;0.0011152416356877324
81;80 Cyclopropenylidene;0.0011152416356877324
82;81 Cyanoacetylene;0.0011152416356877324
83;82 para-Oxidaniumyl;0.0011152416356877324
84;83 ortho-Oxidaniumyl;0.0011152416356877324
85;84 Nitrosyl hydride;0.0011152416356877324
