1;34 Methanol;0.49684210526315786
2;66 Dimethyl ether;0.29684210526315785
3;42 Cyanomethylene;0.00912280701754386
4;75 Hydrogen Isocyanide;0.00912280701754386
5;4 Thioformylium;0.005614035087719299
6;6 Methyl Formate;0.005614035087719299
7;46 Sulfur Dioxide;0.005614035087719299
8;63 Thioxoethenylidene;0.005614035087719299
9;82 para-Oxidaniumyl;0.005614035087719299
10;0 Isocyanic Acid;0.002105263157894737
11;1 Propenal;0.002105263157894737
12;2 Ketene;0.002105263157894737
13;3 Oxonium hydride;0.002105263157894737
14;5 Vinyl Cyanide;0.002105263157894737
15;7 Hydroxyl;0.002105263157894737
16;8 Methyliumylidene;0.002105263157894737
17;9 Iminomethylium;0.002105263157894737
18;10 Hydroxymethylium ion;0.002105263157894737
19;11 2-Propynal;0.002105263157894737
20;12 Carbon Monosulfide;0.002105263157894737
21;13 Cyanomethyl;0.002105263157894737
22;14 Methyl Acetylene;0.002105263157894737
23;15 2-Butynenitrile;0.002105263157894737
24;16 Methyl formate vt01;0.002105263157894737
25;17 Ethyl Cyanide;0.002105263157894737
26;18 gauche-Ethanol;0.002105263157894737
27;19 Glycolaldehyde;0.002105263157894737
28;20 Water;0.002105263157894737
29;21 Hydrogen sulfide;0.002105263157894737
30;22 Sulfur Monoxide ion;0.002105263157894737
31;23 1,3-Butadiynyl radical;0.002105263157894737
32;24 Formylium;0.002105263157894737
33;25 Fulminic acid;0.002105263157894737
34;26 Trihydrogen ion;0.002105263157894737
35;27 Methanimine;0.002105263157894737
36;28 Nitrous Oxide;0.002105263157894737
37;29 Propadienylidene;0.002105263157894737
38;30 Ethylene Oxide;0.002105263157894737
39;31 Ketenimine;0.002105263157894737
40;32 2,4,6-Heptatriynenitrile;0.002105263157894737
41;33 Aminoacetonitrile;0.002105263157894737
42;35 Ammonia;0.002105263157894737
43;36 Formyl Radical;0.002105263157894737
44;37 Methyl Cyanide;0.002105263157894737
45;38 Molecular oxygen;0.002105263157894737
46;39 Cyclopropenone;0.002105263157894737
47;40 Carbonyl Sulfide;0.002105263157894737
48;41 Acetaldehyde;0.002105263157894737
49;43 3-Thioxo-1,2-Propadieylidene;0.002105263157894737
50;44 Formamide;0.002105263157894737
51;45 Cyanobutadiyne;0.002105263157894737
52;47 Methyl isocyanide;0.002105263157894737
53;48 Nitric sulfide;0.002105263157894737
54;49 Methylene;0.002105263157894737
55;50 Hydrochloric acid;0.002105263157894737
56;51 Ethyne Isocyanide;0.002105263157894737
57;52 Cyanide Radical;0.002105263157894737
58;53 Nitric oxide;0.002105263157894737
59;54 Cyanic acid;0.002105263157894737
60;55 Formaldehyde;0.002105263157894737
61;56 Sulfur Monoxide;0.002105263157894737
62;57 Protonate 2-proynenitrile;0.002105263157894737
63;58 Ethynyl;0.002105263157894737
64;59 Ethylene Glycol;0.002105263157894737
65;60 Hydrogen Cyanide;0.002105263157894737
66;61 Fluoromethyliumylidene;0.002105263157894737
67;62 Methylidyne;0.002105263157894737
68;64 Cyanomethanimine;0.002105263157894737
69;65 Silicon Monoxide;0.002105263157894737
70;67 Acetone;0.002105263157894737
71;68 Carbon Monoxide;0.002105263157894737
72;69 Phosphorous nitride;0.002105263157894737
73;70 Thioformaldehyde;0.002105263157894737
74;71 Diazenylium;0.002105263157894737
75;72 Cyanoformaldehyde;0.002105263157894737
76;73 Isothiocyanic acid;0.002105263157894737
77;74 Vinyl Alcohol;0.002105263157894737
78;76 Carbon Monosulfide;0.002105263157894737
79;77 Methylamine;0.002105263157894737
80;78 Protonated Carbon Dioxide;0.002105263157894737
81;79 Formic Acid;0.002105263157894737
82;80 Cyclopropenylidene;0.002105263157894737
83;81 Cyanoacetylene;0.002105263157894737
84;83 ortho-Oxidaniumyl;0.002105263157894737
85;84 Nitrosyl hydride;0.002105263157894737
