1;34 Methanol;0.6922764227642277
2;66 Dimethyl ether;0.15772357723577235
3;37 Methyl Cyanide;0.017479674796747967
4;13 Cyanomethyl;0.005284552845528455
5;38 Molecular oxygen;0.005284552845528455
6;48 Nitric sulfide;0.005284552845528455
7;57 Protonate 2-proynenitrile;0.005284552845528455
8;78 Protonated Carbon Dioxide;0.005284552845528455
9;11 2-Propynal;0.0032520325203252032
10;14 Methyl Acetylene;0.0032520325203252032
11;26 Trihydrogen ion;0.0032520325203252032
12;46 Sulfur Dioxide;0.0032520325203252032
13;69 Phosphorous nitride;0.0032520325203252032
14;70 Thioformaldehyde;0.0032520325203252032
15;0 Isocyanic Acid;0.0012195121951219512
16;1 Propenal;0.0012195121951219512
17;2 Ketene;0.0012195121951219512
18;3 Oxonium hydride;0.0012195121951219512
19;4 Thioformylium;0.0012195121951219512
20;5 Vinyl Cyanide;0.0012195121951219512
21;6 Methyl Formate;0.0012195121951219512
22;7 Hydroxyl;0.0012195121951219512
23;8 Methyliumylidene;0.0012195121951219512
24;9 Iminomethylium;0.0012195121951219512
25;10 Hydroxymethylium ion;0.0012195121951219512
26;12 Carbon Monosulfide;0.0012195121951219512
27;15 2-Butynenitrile;0.0012195121951219512
28;16 Methyl formate vt01;0.0012195121951219512
29;17 Ethyl Cyanide;0.0012195121951219512
30;18 gauche-Ethanol;0.0012195121951219512
31;19 Glycolaldehyde;0.0012195121951219512
32;20 Water;0.0012195121951219512
33;21 Hydrogen sulfide;0.0012195121951219512
34;22 Sulfur Monoxide ion;0.0012195121951219512
35;23 1,3-Butadiynyl radical;0.0012195121951219512
36;24 Formylium;0.0012195121951219512
37;25 Fulminic acid;0.0012195121951219512
38;27 Methanimine;0.0012195121951219512
39;28 Nitrous Oxide;0.0012195121951219512
40;29 Propadienylidene;0.0012195121951219512
41;30 Ethylene Oxide;0.0012195121951219512
42;31 Ketenimine;0.0012195121951219512
43;32 2,4,6-Heptatriynenitrile;0.0012195121951219512
44;33 Aminoacetonitrile;0.0012195121951219512
45;35 Ammonia;0.0012195121951219512
46;36 Formyl Radical;0.0012195121951219512
47;39 Cyclopropenone;0.0012195121951219512
48;40 Carbonyl Sulfide;0.0012195121951219512
49;41 Acetaldehyde;0.0012195121951219512
50;42 Cyanomethylene;0.0012195121951219512
51;43 3-Thioxo-1,2-Propadieylidene;0.0012195121951219512
52;44 Formamide;0.0012195121951219512
53;45 Cyanobutadiyne;0.0012195121951219512
54;47 Methyl isocyanide;0.0012195121951219512
55;49 Methylene;0.0012195121951219512
56;50 Hydrochloric acid;0.0012195121951219512
57;51 Ethyne Isocyanide;0.0012195121951219512
58;52 Cyanide Radical;0.0012195121951219512
59;53 Nitric oxide;0.0012195121951219512
60;54 Cyanic acid;0.0012195121951219512
61;55 Formaldehyde;0.0012195121951219512
62;56 Sulfur Monoxide;0.0012195121951219512
63;58 Ethynyl;0.0012195121951219512
64;59 Ethylene Glycol;0.0012195121951219512
65;60 Hydrogen Cyanide;0.0012195121951219512
66;61 Fluoromethyliumylidene;0.0012195121951219512
67;62 Methylidyne;0.0012195121951219512
68;63 Thioxoethenylidene;0.0012195121951219512
69;64 Cyanomethanimine;0.0012195121951219512
70;65 Silicon Monoxide;0.0012195121951219512
71;67 Acetone;0.0012195121951219512
72;68 Carbon Monoxide;0.0012195121951219512
73;71 Diazenylium;0.0012195121951219512
74;72 Cyanoformaldehyde;0.0012195121951219512
75;73 Isothiocyanic acid;0.0012195121951219512
76;74 Vinyl Alcohol;0.0012195121951219512
77;75 Hydrogen Isocyanide;0.0012195121951219512
78;76 Carbon Monosulfide;0.0012195121951219512
79;77 Methylamine;0.0012195121951219512
80;79 Formic Acid;0.0012195121951219512
81;80 Cyclopropenylidene;0.0012195121951219512
82;81 Cyanoacetylene;0.0012195121951219512
83;82 para-Oxidaniumyl;0.0012195121951219512
84;83 ortho-Oxidaniumyl;0.0012195121951219512
85;84 Nitrosyl hydride;0.0012195121951219512
