1;66 Dimethyl ether;0.6224215246636772
2;34 Methanol;0.12690582959641256
3;37 Methyl Cyanide;0.09103139013452916
4;58 Ethynyl;0.014798206278026905
5;6 Methyl Formate;0.008071748878923767
6;27 Methanimine;0.005829596412556054
7;2 Ketene;0.003587443946188341
8;7 Hydroxyl;0.003587443946188341
9;18 gauche-Ethanol;0.003587443946188341
10;24 Formylium;0.003587443946188341
11;42 Cyanomethylene;0.003587443946188341
12;44 Formamide;0.003587443946188341
13;55 Formaldehyde;0.003587443946188341
14;56 Sulfur Monoxide;0.003587443946188341
15;60 Hydrogen Cyanide;0.003587443946188341
16;79 Formic Acid;0.003587443946188341
17;81 Cyanoacetylene;0.003587443946188341
18;0 Isocyanic Acid;0.0013452914798206277
19;1 Propenal;0.0013452914798206277
20;3 Oxonium hydride;0.0013452914798206277
21;4 Thioformylium;0.0013452914798206277
22;5 Vinyl Cyanide;0.0013452914798206277
23;8 Methyliumylidene;0.0013452914798206277
24;9 Iminomethylium;0.0013452914798206277
25;10 Hydroxymethylium ion;0.0013452914798206277
26;11 2-Propynal;0.0013452914798206277
27;12 Carbon Monosulfide;0.0013452914798206277
28;13 Cyanomethyl;0.0013452914798206277
29;14 Methyl Acetylene;0.0013452914798206277
30;15 2-Butynenitrile;0.0013452914798206277
31;16 Methyl formate vt01;0.0013452914798206277
32;17 Ethyl Cyanide;0.0013452914798206277
33;19 Glycolaldehyde;0.0013452914798206277
34;20 Water;0.0013452914798206277
35;21 Hydrogen sulfide;0.0013452914798206277
36;22 Sulfur Monoxide ion;0.0013452914798206277
37;23 1,3-Butadiynyl radical;0.0013452914798206277
38;25 Fulminic acid;0.0013452914798206277
39;26 Trihydrogen ion;0.0013452914798206277
40;28 Nitrous Oxide;0.0013452914798206277
41;29 Propadienylidene;0.0013452914798206277
42;30 Ethylene Oxide;0.0013452914798206277
43;31 Ketenimine;0.0013452914798206277
44;32 2,4,6-Heptatriynenitrile;0.0013452914798206277
45;33 Aminoacetonitrile;0.0013452914798206277
46;35 Ammonia;0.0013452914798206277
47;36 Formyl Radical;0.0013452914798206277
48;38 Molecular oxygen;0.0013452914798206277
49;39 Cyclopropenone;0.0013452914798206277
50;40 Carbonyl Sulfide;0.0013452914798206277
51;41 Acetaldehyde;0.0013452914798206277
52;43 3-Thioxo-1,2-Propadieylidene;0.0013452914798206277
53;45 Cyanobutadiyne;0.0013452914798206277
54;46 Sulfur Dioxide;0.0013452914798206277
55;47 Methyl isocyanide;0.0013452914798206277
56;48 Nitric sulfide;0.0013452914798206277
57;49 Methylene;0.0013452914798206277
58;50 Hydrochloric acid;0.0013452914798206277
59;51 Ethyne Isocyanide;0.0013452914798206277
60;52 Cyanide Radical;0.0013452914798206277
61;53 Nitric oxide;0.0013452914798206277
62;54 Cyanic acid;0.0013452914798206277
63;57 Protonate 2-proynenitrile;0.0013452914798206277
64;59 Ethylene Glycol;0.0013452914798206277
65;61 Fluoromethyliumylidene;0.0013452914798206277
66;62 Methylidyne;0.0013452914798206277
67;63 Thioxoethenylidene;0.0013452914798206277
68;64 Cyanomethanimine;0.0013452914798206277
69;65 Silicon Monoxide;0.0013452914798206277
70;67 Acetone;0.0013452914798206277
71;68 Carbon Monoxide;0.0013452914798206277
72;69 Phosphorous nitride;0.0013452914798206277
73;70 Thioformaldehyde;0.0013452914798206277
74;71 Diazenylium;0.0013452914798206277
75;72 Cyanoformaldehyde;0.0013452914798206277
76;73 Isothiocyanic acid;0.0013452914798206277
77;74 Vinyl Alcohol;0.0013452914798206277
78;75 Hydrogen Isocyanide;0.0013452914798206277
79;76 Carbon Monosulfide;0.0013452914798206277
80;77 Methylamine;0.0013452914798206277
81;78 Protonated Carbon Dioxide;0.0013452914798206277
82;80 Cyclopropenylidene;0.0013452914798206277
83;82 para-Oxidaniumyl;0.0013452914798206277
84;83 ortho-Oxidaniumyl;0.0013452914798206277
85;84 Nitrosyl hydride;0.0013452914798206277
