1;3 Carbon Monoxide;0.1828125
2;11 Amidogen;0.0421875
3;27 Molecular oxygen;0.0421875
4;28 Hydrogen Isocyanide;0.0421875
5;0 Methylidyne;0.0265625
6;1 Formaldehyde;0.0265625
7;2 Sulfur dioxide;0.0265625
8;4 Acetaldehyde;0.0265625
9;5 Water;0.0265625
10;6 Imidogen;0.0265625
11;7 Carbon Monoxide Ion;0.0265625
12;8 Nitric sulfide;0.0265625
13;9 Isocyanic Acid;0.0265625
14;10 Formic Acid;0.0265625
15;12 Ethylene Glycol;0.0265625
16;13 Methyliumylidene;0.0265625
17;14 Cyanide Radical;0.0265625
18;15 Carbonyl Sulfide;0.0265625
19;16 Hydroxyl;0.0265625
20;17 Nitric oxide;0.0265625
21;18 Methyl Cyanide;0.0265625
22;19 Cyclopropenylidene;0.0265625
23;20 Sulfur Monoxide ion;0.0265625
24;21 Methanol;0.0265625
25;22 Thioformaldehyde;0.0265625
26;23 Ammonia;0.0265625
27;24 Cyanoacetylene;0.0265625
28;25 Hydrogen Cyanide;0.0265625
29;26 Hydrogen sulfide;0.0265625
30;29 Formylium;0.0265625
