1;1 Hydrogen fluoride;0.46629213483146065
2;0 Methanol;0.028089887640449437
3;2 Nitric oxide;0.028089887640449437
4;3 Formylium;0.028089887640449437
5;4 Sodium Chloride;0.028089887640449437
6;5 Sulfur dioxide;0.028089887640449437
7;6 para-Oxidaniumyl;0.028089887640449437
8;7 Sulfur Monoxide;0.028089887640449437
9;8 Butatrienylidene;0.028089887640449437
10;9 Carbon Monoxide;0.028089887640449437
11;10 Nitrous Oxide;0.028089887640449437
12;11 Cyanoacetylene;0.028089887640449437
13;12 Carbonyl Sulfide;0.028089887640449437
14;13 Molecular oxygen;0.028089887640449437
15;14 ortho-Oxidaniumyl;0.028089887640449437
16;15 Water;0.028089887640449437
17;16 Iminomethylium;0.028089887640449437
18;17 Hydrochloric acid;0.028089887640449437
19;18 Acetylene;0.028089887640449437
20;19 Hydrogen Cyanide;0.028089887640449437
