1;1 Hydrogen fluoride;0.3375796178343949
2;0 Methanol;0.03184713375796178
3;2 Nitric oxide;0.03184713375796178
4;3 Formylium;0.03184713375796178
5;4 Sodium Chloride;0.03184713375796178
6;5 Sulfur dioxide;0.03184713375796178
7;6 para-Oxidaniumyl;0.03184713375796178
8;7 Sulfur Monoxide;0.03184713375796178
9;8 Butatrienylidene;0.03184713375796178
10;9 Carbon Monoxide;0.03184713375796178
11;10 Nitrous Oxide;0.03184713375796178
12;11 Cyanoacetylene;0.03184713375796178
13;12 Carbonyl Sulfide;0.03184713375796178
14;13 Molecular oxygen;0.03184713375796178
15;14 ortho-Oxidaniumyl;0.03184713375796178
16;15 Water;0.03184713375796178
17;16 Iminomethylium;0.03184713375796178
18;17 Hydrochloric acid;0.03184713375796178
19;18 Acetylene;0.03184713375796178
20;19 Hydrogen Cyanide;0.03184713375796178
