1;9 Carbon Monoxide;0.375
2;0 Methanol;0.03289473684210526
3;1 Hydrogen fluoride;0.03289473684210526
4;2 Nitric oxide;0.03289473684210526
5;3 Formylium;0.03289473684210526
6;4 Sodium Chloride;0.03289473684210526
7;5 Sulfur dioxide;0.03289473684210526
8;6 para-Oxidaniumyl;0.03289473684210526
9;7 Sulfur Monoxide;0.03289473684210526
10;8 Butatrienylidene;0.03289473684210526
11;10 Nitrous Oxide;0.03289473684210526
12;11 Cyanoacetylene;0.03289473684210526
13;12 Carbonyl Sulfide;0.03289473684210526
14;13 Molecular oxygen;0.03289473684210526
15;14 ortho-Oxidaniumyl;0.03289473684210526
16;15 Water;0.03289473684210526
17;16 Iminomethylium;0.03289473684210526
18;17 Hydrochloric acid;0.03289473684210526
19;18 Acetylene;0.03289473684210526
20;19 Hydrogen Cyanide;0.03289473684210526
