1;9 Carbon Monoxide;0.11607142857142858
2;16 Iminomethylium;0.08035714285714286
3;0 Methanol;0.044642857142857144
4;1 Hydrogen fluoride;0.044642857142857144
5;2 Nitric oxide;0.044642857142857144
6;3 Formylium;0.044642857142857144
7;4 Sodium Chloride;0.044642857142857144
8;5 Sulfur dioxide;0.044642857142857144
9;6 para-Oxidaniumyl;0.044642857142857144
10;7 Sulfur Monoxide;0.044642857142857144
11;8 Butatrienylidene;0.044642857142857144
12;10 Nitrous Oxide;0.044642857142857144
13;11 Cyanoacetylene;0.044642857142857144
14;12 Carbonyl Sulfide;0.044642857142857144
15;13 Molecular oxygen;0.044642857142857144
16;14 ortho-Oxidaniumyl;0.044642857142857144
17;15 Water;0.044642857142857144
18;17 Hydrochloric acid;0.044642857142857144
19;18 Acetylene;0.044642857142857144
20;19 Hydrogen Cyanide;0.044642857142857144
