1;29 Carbon Monoxide Ion;0.07560137457044674
2;67 Silicon Monoxide;0.024054982817869414
3;0 Dimethyl ether;0.006872852233676976
4;1 Butatrienylidene;0.006872852233676976
5;2 Trihydrogen ion;0.006872852233676976
6;3 Nitrous Oxide;0.006872852233676976
7;4 Methyl Acetylene;0.006872852233676976
8;5 2,4,6-Heptatriynenitrile;0.006872852233676976
9;6 Ethylene Glycol;0.006872852233676976
10;7 2,4-Pentadiynylidyne;0.006872852233676976
11;8 Methyl Cyanide;0.006872852233676976
12;9 Thioformylium;0.006872852233676976
13;10 para-Oxidaniumyl;0.006872852233676976
14;11 Hydrogen Cyanide;0.006872852233676976
15;12 Titanium monoxide;0.006872852233676976
16;13 Cyanide Radical;0.006872852233676976
17;14 Formic Acid;0.006872852233676976
18;15 Nitric sulfide;0.006872852233676976
19;16 Iminomethylium;0.006872852233676976
20;17 Aluminum monoxide;0.006872852233676976
21;18 Methyl isocyanate;0.006872852233676976
22;19 Nitrosyl hydride;0.006872852233676976
23;20 Propynylidynium;0.006872852233676976
24;21 Magnesium Cyanide;0.006872852233676976
25;22 1,3-Butadiynyl anion;0.006872852233676976
26;23 Diazenylium;0.006872852233676976
27;24 Methylamine;0.006872852233676976
28;25 Chloronium;0.006872852233676976
29;26 Silicon monosulfide;0.006872852233676976
30;27 Phosphorus Monoxide;0.006872852233676976
31;28 Cyclopropenone;0.006872852233676976
32;30 Sodium Cyanide;0.006872852233676976
33;31 Nitric oxide;0.006872852233676976
34;32 3-Thioxo-1,2-Propadieylidene;0.006872852233676976
35;33 Silicon Cyanide;0.006872852233676976
36;34 Ethyne Isocyanide;0.006872852233676976
37;35 Sodium Chloride;0.006872852233676976
38;36 Cyanoacetylene;0.006872852233676976
39;37 Sulfur Monoxide;0.006872852233676976
40;38 Aluminum Isocyanitrile;0.006872852233676976
41;39 Cyanobutadiyne;0.006872852233676976
42;40 Potassium cyanide, potassium isocyanide;0.006872852233676976
43;41 Silicon Mononitride;0.006872852233676976
44;42 Carbon Monoxide;0.006872852233676976
45;43 Propadienylidene;0.006872852233676976
46;44 Methanimine;0.006872852233676976
47;45 Aluminum Monofluoride;0.006872852233676976
48;46 Formamide;0.006872852233676976
49;47 1,3,5,7-Octatetraynyl anion;0.006872852233676976
50;48 Aminoacetonitrile;0.006872852233676976
51;49 Ammonia;0.006872852233676976
52;50 gauche-Ethanol;0.006872852233676976
53;51 Protonate 2-proynenitrile;0.006872852233676976
54;52 Carbonyl Sulfide;0.006872852233676976
55;53 Thioxoethenylidene;0.006872852233676976
56;54 Ethyl cyanide;0.006872852233676976
57;55 Water;0.006872852233676976
58;56 Methyl Formate;0.006872852233676976
59;57 Acetaldehyde;0.006872852233676976
60;58 Ketenimine;0.006872852233676976
61;59 Propenal;0.006872852233676976
62;60 Methyl isocyanide;0.006872852233676976
63;61 iso-propyl cyanide;0.006872852233676976
64;62 Hydrogen cyanide;0.006872852233676976
65;63 Protonated Carbon Dioxide;0.006872852233676976
66;64 Methylidyne;0.006872852233676976
67;65 Ketene;0.006872852233676976
68;66 4-Cyano-1,3-Butadiynyl;0.006872852233676976
69;68 Acetone;0.006872852233676976
70;69 Vinyl Cyanide;0.006872852233676976
71;70 3-Imino-1,2 Propadienylidene;0.006872852233676976
72;71 Silicon monoxide (global fit);0.006872852233676976
73;72 Cyclopropenylidene;0.006872852233676976
74;73 Magnesium Isocyanide;0.006872852233676976
75;74 2,4,6-Heptatriynylidyne;0.006872852233676976
76;75 Cyanobutadiynylide anion;0.006872852233676976
77;76 Formaldehyde;0.006872852233676976
78;77 Carbon Monosulfide;0.006872852233676976
79;78 Fulminic acid;0.006872852233676976
80;79 1,3,5-Hexatriynyl;0.006872852233676976
81;80 3-Silanetetrayl-1,2-Propadienylidene;0.006872852233676976
82;81 1,3-Butadiynyl radical;0.006872852233676976
83;82 trans-Ethanol;0.006872852233676976
84;83 Silicon Carbide;0.006872852233676976
85;84 1,3,5-Hexatriynyl anion;0.006872852233676976
86;85 Formylium;0.006872852233676976
87;86 Ethylene Oxide;0.006872852233676976
88;87 Sulfur dioxide;0.006872852233676976
89;88 Carbon Monophosphide;0.006872852233676976
90;89 Sulfur Monoxide ion;0.006872852233676976
91;90 Methanol;0.006872852233676976
92;91 Sulfur Dioxide;0.006872852233676976
93;92 Cyanoformaldehyde;0.006872852233676976
94;93 Isocyanic Acid;0.006872852233676976
95;94 Silicon Isocyanide;0.006872852233676976
96;95 Methylene amidogen;0.006872852233676976
97;96 Silicon Monocarbide;0.006872852233676976
98;97 Phosphaethyne;0.006872852233676976
99;98 Aluminum Monochloride;0.006872852233676976
100;99 Cyanoallene;0.006872852233676976
101;100 3-Oxo-1,2-Propadienylidene;0.006872852233676976
102;101 Methyl diacetylene;0.006872852233676976
103;102 Cyanomethylene;0.006872852233676976
104;103 Phosphapropynylidyne;0.006872852233676976
105;104 Cyanomethyl;0.006872852233676976
106;105 Hydrogen Isocyanide;0.006872852233676976
107;106 Hydrogen sulfide;0.006872852233676976
108;107 Hydroxyl;0.006872852233676976
109;108 Glycolaldehyde;0.006872852233676976
110;109 Cyanide anion;0.006872852233676976
111;110 2-Propynal;0.006872852233676976
112;111 Ethynyl;0.006872852233676976
113;112 Phosphorous nitride;0.006872852233676976
114;113 Magnesium hydride isocyanide;0.006872852233676976
115;114 Potassium chloride;0.006872852233676976
116;115 Silicon tetracarbide;0.006872852233676976
117;116 Ethyl Cyanide;0.006872852233676976
118;117 Cyanamide;0.006872852233676976
119;118 Amidogen;0.006872852233676976
120;119 Hydroxymethylidyne;0.006872852233676976
121;120 Formyl Radical;0.006872852233676976
122;121 Vinyl Alcohol;0.006872852233676976
123;122 ortho-Oxidaniumyl;0.006872852233676976
124;123 Cyanoethynylide ion;0.006872852233676976
125;124 Oxoethenylidene;0.006872852233676976
126;125 2-Butynenitrile;0.006872852233676976
127;126 Cyanoethynyl;0.006872852233676976
128;127 3-Cyano-1,2-propadienylidene;0.006872852233676976
129;128 Hydroxymethylium ion;0.006872852233676976
130;129 Thioformaldehyde;0.006872852233676976
131;130 Isothiocyanic acid;0.006872852233676976
132;131 Methyl formate, v<sub>t</sub> = 0, 1;0.006872852233676976
133;132 Cyanic acid;0.006872852233676976
