1;87 Sulfur dioxide;0.05743243243243243
2;1 Butatrienylidene;0.023648648648648646
3;105 Hydrogen Isocyanide;0.023648648648648646
4;111 Ethynyl;0.023648648648648646
5;0 Dimethyl ether;0.006756756756756757
6;2 Trihydrogen ion;0.006756756756756757
7;3 Nitrous Oxide;0.006756756756756757
8;4 Methyl Acetylene;0.006756756756756757
9;5 2,4,6-Heptatriynenitrile;0.006756756756756757
10;6 Ethylene Glycol;0.006756756756756757
11;7 2,4-Pentadiynylidyne;0.006756756756756757
12;8 Methyl Cyanide;0.006756756756756757
13;9 Thioformylium;0.006756756756756757
14;10 para-Oxidaniumyl;0.006756756756756757
15;11 Hydrogen Cyanide;0.006756756756756757
16;12 Titanium monoxide;0.006756756756756757
17;13 Cyanide Radical;0.006756756756756757
18;14 Formic Acid;0.006756756756756757
19;15 Nitric sulfide;0.006756756756756757
20;16 Iminomethylium;0.006756756756756757
21;17 Aluminum monoxide;0.006756756756756757
22;18 Methyl isocyanate;0.006756756756756757
23;19 Nitrosyl hydride;0.006756756756756757
24;20 Propynylidynium;0.006756756756756757
25;21 Magnesium Cyanide;0.006756756756756757
26;22 1,3-Butadiynyl anion;0.006756756756756757
27;23 Diazenylium;0.006756756756756757
28;24 Methylamine;0.006756756756756757
29;25 Chloronium;0.006756756756756757
30;26 Silicon monosulfide;0.006756756756756757
31;27 Phosphorus Monoxide;0.006756756756756757
32;28 Cyclopropenone;0.006756756756756757
33;29 Carbon Monoxide Ion;0.006756756756756757
34;30 Sodium Cyanide;0.006756756756756757
35;31 Nitric oxide;0.006756756756756757
36;32 3-Thioxo-1,2-Propadieylidene;0.006756756756756757
37;33 Silicon Cyanide;0.006756756756756757
38;34 Ethyne Isocyanide;0.006756756756756757
39;35 Sodium Chloride;0.006756756756756757
40;36 Cyanoacetylene;0.006756756756756757
41;37 Sulfur Monoxide;0.006756756756756757
42;38 Aluminum Isocyanitrile;0.006756756756756757
43;39 Cyanobutadiyne;0.006756756756756757
44;40 Potassium cyanide, potassium isocyanide;0.006756756756756757
45;41 Silicon Mononitride;0.006756756756756757
46;42 Carbon Monoxide;0.006756756756756757
47;43 Propadienylidene;0.006756756756756757
48;44 Methanimine;0.006756756756756757
49;45 Aluminum Monofluoride;0.006756756756756757
50;46 Formamide;0.006756756756756757
51;47 1,3,5,7-Octatetraynyl anion;0.006756756756756757
52;48 Aminoacetonitrile;0.006756756756756757
53;49 Ammonia;0.006756756756756757
54;50 gauche-Ethanol;0.006756756756756757
55;51 Protonate 2-proynenitrile;0.006756756756756757
56;52 Carbonyl Sulfide;0.006756756756756757
57;53 Thioxoethenylidene;0.006756756756756757
58;54 Ethyl cyanide;0.006756756756756757
59;55 Water;0.006756756756756757
60;56 Methyl Formate;0.006756756756756757
61;57 Acetaldehyde;0.006756756756756757
62;58 Ketenimine;0.006756756756756757
63;59 Propenal;0.006756756756756757
64;60 Methyl isocyanide;0.006756756756756757
65;61 iso-propyl cyanide;0.006756756756756757
66;62 Hydrogen cyanide;0.006756756756756757
67;63 Protonated Carbon Dioxide;0.006756756756756757
68;64 Methylidyne;0.006756756756756757
69;65 Ketene;0.006756756756756757
70;66 4-Cyano-1,3-Butadiynyl;0.006756756756756757
71;67 Silicon Monoxide;0.006756756756756757
72;68 Acetone;0.006756756756756757
73;69 Vinyl Cyanide;0.006756756756756757
74;70 3-Imino-1,2 Propadienylidene;0.006756756756756757
75;71 Silicon monoxide (global fit);0.006756756756756757
76;72 Cyclopropenylidene;0.006756756756756757
77;73 Magnesium Isocyanide;0.006756756756756757
78;74 2,4,6-Heptatriynylidyne;0.006756756756756757
79;75 Cyanobutadiynylide anion;0.006756756756756757
80;76 Formaldehyde;0.006756756756756757
81;77 Carbon Monosulfide;0.006756756756756757
82;78 Fulminic acid;0.006756756756756757
83;79 1,3,5-Hexatriynyl;0.006756756756756757
84;80 3-Silanetetrayl-1,2-Propadienylidene;0.006756756756756757
85;81 1,3-Butadiynyl radical;0.006756756756756757
86;82 trans-Ethanol;0.006756756756756757
87;83 Silicon Carbide;0.006756756756756757
88;84 1,3,5-Hexatriynyl anion;0.006756756756756757
89;85 Formylium;0.006756756756756757
90;86 Ethylene Oxide;0.006756756756756757
91;88 Carbon Monophosphide;0.006756756756756757
92;89 Sulfur Monoxide ion;0.006756756756756757
93;90 Methanol;0.006756756756756757
94;91 Sulfur Dioxide;0.006756756756756757
95;92 Cyanoformaldehyde;0.006756756756756757
96;93 Isocyanic Acid;0.006756756756756757
97;94 Silicon Isocyanide;0.006756756756756757
98;95 Methylene amidogen;0.006756756756756757
99;96 Silicon Monocarbide;0.006756756756756757
100;97 Phosphaethyne;0.006756756756756757
101;98 Aluminum Monochloride;0.006756756756756757
102;99 Cyanoallene;0.006756756756756757
103;100 3-Oxo-1,2-Propadienylidene;0.006756756756756757
104;101 Methyl diacetylene;0.006756756756756757
105;102 Cyanomethylene;0.006756756756756757
106;103 Phosphapropynylidyne;0.006756756756756757
107;104 Cyanomethyl;0.006756756756756757
108;106 Hydrogen sulfide;0.006756756756756757
109;107 Hydroxyl;0.006756756756756757
110;108 Glycolaldehyde;0.006756756756756757
111;109 Cyanide anion;0.006756756756756757
112;110 2-Propynal;0.006756756756756757
113;112 Phosphorous nitride;0.006756756756756757
114;113 Magnesium hydride isocyanide;0.006756756756756757
115;114 Potassium chloride;0.006756756756756757
116;115 Silicon tetracarbide;0.006756756756756757
117;116 Ethyl Cyanide;0.006756756756756757
118;117 Cyanamide;0.006756756756756757
119;118 Amidogen;0.006756756756756757
120;119 Hydroxymethylidyne;0.006756756756756757
121;120 Formyl Radical;0.006756756756756757
122;121 Vinyl Alcohol;0.006756756756756757
123;122 ortho-Oxidaniumyl;0.006756756756756757
124;123 Cyanoethynylide ion;0.006756756756756757
125;124 Oxoethenylidene;0.006756756756756757
126;125 2-Butynenitrile;0.006756756756756757
127;126 Cyanoethynyl;0.006756756756756757
128;127 3-Cyano-1,2-propadienylidene;0.006756756756756757
129;128 Hydroxymethylium ion;0.006756756756756757
130;129 Thioformaldehyde;0.006756756756756757
131;130 Isothiocyanic acid;0.006756756756756757
132;131 Methyl formate, v<sub>t</sub> = 0, 1;0.006756756756756757
133;132 Cyanic acid;0.006756756756756757
