1;32 2,4,6,8,10-Undecapentaynenitrile;0.8518197573656845
2;0 Ketene;0.0025996533795493936
3;1 1,3,5-Hexatriynyl;0.0025996533795493936
4;2 Oxonium hydride;0.0025996533795493936
5;3 Vinyl Cyanide;0.0025996533795493936
6;4 Hydroxyl;0.0025996533795493936
7;5 Methyliumylidene;0.0025996533795493936
8;6 Carbon Monosulfide;0.0025996533795493936
9;7 Cyanomethyl;0.0025996533795493936
10;8 Methyl Acetylene;0.0025996533795493936
11;9 Ethyl Cyanide;0.0025996533795493936
12;10 2,4-Pentadiynylidyne;0.0025996533795493936
13;11 4-Cyano-1,3-Butadiynyl;0.0025996533795493936
14;12 Water;0.0025996533795493936
15;13 Hydrogen sulfide;0.0025996533795493936
16;14 Methylene amidogen;0.0025996533795493936
17;15 1,3-Butadiynyl radical;0.0025996533795493936
18;16 2,4,6,8-Nonatetraynenitrile;0.0025996533795493936
19;17 Formylium;0.0025996533795493936
20;18 Cyanoallene;0.0025996533795493936
21;19 Trihydrogen ion;0.0025996533795493936
22;20 Methylcyanodiacetylene;0.0025996533795493936
23;21 2,4,6-Heptatriynenitrile;0.0025996533795493936
24;22 Methanol;0.0025996533795493936
25;23 Ammonia;0.0025996533795493936
26;24 Methyl Cyanide;0.0025996533795493936
27;25 1,3,5-Hexatriynyl anion;0.0025996533795493936
28;26 1,3,5,7-Octatetraynyl anion;0.0025996533795493936
29;27 3-Thioxo-1,2-Propadieylidene;0.0025996533795493936
30;28 Cyanobutadiyne;0.0025996533795493936
31;29 Nitric sulfide;0.0025996533795493936
32;30 Sulfur dioxide;0.0025996533795493936
33;31 Hydrochloric acid;0.0025996533795493936
34;33 Cyanide Radical;0.0025996533795493936
35;34 Nitric oxide;0.0025996533795493936
36;35 Formaldehyde;0.0025996533795493936
37;36 Sulfur Monoxide;0.0025996533795493936
38;37 Methyltriacetylene;0.0025996533795493936
39;38 Hydrogen Cyanide;0.0025996533795493936
40;39 Methyl diacetylene;0.0025996533795493936
41;40 Methylidyne;0.0025996533795493936
42;41 Thioxoethenylidene;0.0025996533795493936
43;42 Silicon Monoxide;0.0025996533795493936
44;43 1,3,5,7-Octatetraynyl;0.0025996533795493936
45;44 Oxoethenylidene;0.0025996533795493936
46;45 Propynylidynium;0.0025996533795493936
47;46 Carbon Monoxide;0.0025996533795493936
48;47 Thioformaldehyde;0.0025996533795493936
49;48 Hexatrienyl;0.0025996533795493936
50;49 Diazenylium;0.0025996533795493936
51;50 Hydrogen Isocyanide;0.0025996533795493936
52;51 Carbon Monosulfide;0.0025996533795493936
53;52 Methylamine;0.0025996533795493936
54;53 Formic Acid;0.0025996533795493936
55;54 Cyclopropenylidene;0.0025996533795493936
56;55 Cyanoacetylene;0.0025996533795493936
57;56 para-Oxidaniumyl;0.0025996533795493936
58;57 ortho-Oxidaniumyl;0.0025996533795493936
