1;45 Propynylidynium;0.6366855524079321
2;0 Ketene;0.006373937677053825
3;1 1,3,5-Hexatriynyl;0.006373937677053825
4;2 Oxonium hydride;0.006373937677053825
5;3 Vinyl Cyanide;0.006373937677053825
6;4 Hydroxyl;0.006373937677053825
7;5 Methyliumylidene;0.006373937677053825
8;6 Carbon Monosulfide;0.006373937677053825
9;7 Cyanomethyl;0.006373937677053825
10;8 Methyl Acetylene;0.006373937677053825
11;9 Ethyl Cyanide;0.006373937677053825
12;10 2,4-Pentadiynylidyne;0.006373937677053825
13;11 4-Cyano-1,3-Butadiynyl;0.006373937677053825
14;12 Water;0.006373937677053825
15;13 Hydrogen sulfide;0.006373937677053825
16;14 Methylene amidogen;0.006373937677053825
17;15 1,3-Butadiynyl radical;0.006373937677053825
18;16 2,4,6,8-Nonatetraynenitrile;0.006373937677053825
19;17 Formylium;0.006373937677053825
20;18 Cyanoallene;0.006373937677053825
21;19 Trihydrogen ion;0.006373937677053825
22;20 Methylcyanodiacetylene;0.006373937677053825
23;21 2,4,6-Heptatriynenitrile;0.006373937677053825
24;22 Methanol;0.006373937677053825
25;23 Ammonia;0.006373937677053825
26;24 Methyl Cyanide;0.006373937677053825
27;25 1,3,5-Hexatriynyl anion;0.006373937677053825
28;26 1,3,5,7-Octatetraynyl anion;0.006373937677053825
29;27 3-Thioxo-1,2-Propadieylidene;0.006373937677053825
30;28 Cyanobutadiyne;0.006373937677053825
31;29 Nitric sulfide;0.006373937677053825
32;30 Sulfur dioxide;0.006373937677053825
33;31 Hydrochloric acid;0.006373937677053825
34;32 2,4,6,8,10-Undecapentaynenitrile;0.006373937677053825
35;33 Cyanide Radical;0.006373937677053825
36;34 Nitric oxide;0.006373937677053825
37;35 Formaldehyde;0.006373937677053825
38;36 Sulfur Monoxide;0.006373937677053825
39;37 Methyltriacetylene;0.006373937677053825
40;38 Hydrogen Cyanide;0.006373937677053825
41;39 Methyl diacetylene;0.006373937677053825
42;40 Methylidyne;0.006373937677053825
43;41 Thioxoethenylidene;0.006373937677053825
44;42 Silicon Monoxide;0.006373937677053825
45;43 1,3,5,7-Octatetraynyl;0.006373937677053825
46;44 Oxoethenylidene;0.006373937677053825
47;46 Carbon Monoxide;0.006373937677053825
48;47 Thioformaldehyde;0.006373937677053825
49;48 Hexatrienyl;0.006373937677053825
50;49 Diazenylium;0.006373937677053825
51;50 Hydrogen Isocyanide;0.006373937677053825
52;51 Carbon Monosulfide;0.006373937677053825
53;52 Methylamine;0.006373937677053825
54;53 Formic Acid;0.006373937677053825
55;54 Cyclopropenylidene;0.006373937677053825
56;55 Cyanoacetylene;0.006373937677053825
57;56 para-Oxidaniumyl;0.006373937677053825
58;57 ortho-Oxidaniumyl;0.006373937677053825
