1;47 Thioxoethenylidene;0.8662420382165604
2;17 Nitrosyl hydride;0.0037154989384288743
3;40 Aluminum Monofluoride;0.0037154989384288743
4;63 Silicon monoxide (global fit);0.0037154989384288743
5;68 Carbon Monosulfide;0.0037154989384288743
6;0 Dimethyl ether;0.0010615711252653928
7;1 Butatrienylidene;0.0010615711252653928
8;2 Trihydrogen ion;0.0010615711252653928
9;3 Nitrous Oxide;0.0010615711252653928
10;4 Methyl Acetylene;0.0010615711252653928
11;5 Ethylene Glycol;0.0010615711252653928
12;6 Methyl Cyanide;0.0010615711252653928
13;7 Thioformylium;0.0010615711252653928
14;8 para-Oxidaniumyl;0.0010615711252653928
15;9 Hydrogen Cyanide;0.0010615711252653928
16;10 Titanium monoxide;0.0010615711252653928
17;11 Cyanide Radical;0.0010615711252653928
18;12 Formic Acid;0.0010615711252653928
19;13 Nitric sulfide;0.0010615711252653928
20;14 Iminomethylium;0.0010615711252653928
21;15 Aluminum monoxide;0.0010615711252653928
22;16 Methyl isocyanate;0.0010615711252653928
23;18 Propynylidynium;0.0010615711252653928
24;19 Magnesium Cyanide;0.0010615711252653928
25;20 Diazenylium;0.0010615711252653928
26;21 Methylamine;0.0010615711252653928
27;22 Chloronium;0.0010615711252653928
28;23 Silicon monosulfide;0.0010615711252653928
29;24 Phosphorus Monoxide;0.0010615711252653928
30;25 Cyclopropenone;0.0010615711252653928
31;26 Carbon Monoxide Ion;0.0010615711252653928
32;27 Sodium Cyanide;0.0010615711252653928
33;28 Nitric oxide;0.0010615711252653928
34;29 Silicon Cyanide;0.0010615711252653928
35;30 Ethyne Isocyanide;0.0010615711252653928
36;31 Sodium Chloride;0.0010615711252653928
37;32 Cyanoacetylene;0.0010615711252653928
38;33 Sulfur Monoxide;0.0010615711252653928
39;34 Aluminum Isocyanitrile;0.0010615711252653928
40;35 Cyanobutadiyne;0.0010615711252653928
41;36 Silicon Mononitride;0.0010615711252653928
42;37 Carbon Monoxide;0.0010615711252653928
43;38 Propadienylidene;0.0010615711252653928
44;39 Methanimine;0.0010615711252653928
45;41 Formamide;0.0010615711252653928
46;42 Aminoacetonitrile;0.0010615711252653928
47;43 Ammonia;0.0010615711252653928
48;44 gauche-Ethanol;0.0010615711252653928
49;45 Protonate 2-proynenitrile;0.0010615711252653928
50;46 Carbonyl Sulfide;0.0010615711252653928
51;48 Ethyl cyanide;0.0010615711252653928
52;49 Water;0.0010615711252653928
53;50 Methyl Formate;0.0010615711252653928
54;51 Acetaldehyde;0.0010615711252653928
55;52 Ketenimine;0.0010615711252653928
56;53 Propenal;0.0010615711252653928
57;54 Methyl isocyanide;0.0010615711252653928
58;55 iso-propyl cyanide;0.0010615711252653928
59;56 Hydrogen cyanide;0.0010615711252653928
60;57 Protonated Carbon Dioxide;0.0010615711252653928
61;58 Methylidyne;0.0010615711252653928
62;59 Ketene;0.0010615711252653928
63;60 Silicon Monoxide;0.0010615711252653928
64;61 Acetone;0.0010615711252653928
65;62 Vinyl Cyanide;0.0010615711252653928
66;64 Cyclopropenylidene;0.0010615711252653928
67;65 Magnesium Isocyanide;0.0010615711252653928
68;66 Cyanobutadiynylide anion;0.0010615711252653928
69;67 Formaldehyde;0.0010615711252653928
70;69 Fulminic acid;0.0010615711252653928
71;70 trans-Ethanol;0.0010615711252653928
72;71 Silicon Carbide;0.0010615711252653928
73;72 Formylium;0.0010615711252653928
74;73 Ethylene Oxide;0.0010615711252653928
75;74 Sulfur dioxide;0.0010615711252653928
76;75 Carbon Monophosphide;0.0010615711252653928
77;76 Sulfur Monoxide ion;0.0010615711252653928
78;77 Methanol;0.0010615711252653928
79;78 Sulfur Dioxide;0.0010615711252653928
80;79 Cyanoformaldehyde;0.0010615711252653928
81;80 Isocyanic Acid;0.0010615711252653928
82;81 Silicon Isocyanide;0.0010615711252653928
83;82 Methylene amidogen;0.0010615711252653928
84;83 Silicon Monocarbide;0.0010615711252653928
85;84 Phosphaethyne;0.0010615711252653928
86;85 Aluminum Monochloride;0.0010615711252653928
87;86 Cyanoallene;0.0010615711252653928
88;87 Methyl diacetylene;0.0010615711252653928
89;88 Cyanomethylene;0.0010615711252653928
90;89 Phosphapropynylidyne;0.0010615711252653928
91;90 Cyanomethyl;0.0010615711252653928
92;91 Hydrogen Isocyanide;0.0010615711252653928
93;92 Hydrogen sulfide;0.0010615711252653928
94;93 Hydroxyl;0.0010615711252653928
95;94 Glycolaldehyde;0.0010615711252653928
96;95 Cyanide anion;0.0010615711252653928
97;96 2-Propynal;0.0010615711252653928
98;97 Ethynyl;0.0010615711252653928
99;98 Phosphorous nitride;0.0010615711252653928
100;99 Magnesium hydride isocyanide;0.0010615711252653928
101;100 Potassium chloride;0.0010615711252653928
102;101 Silicon tetracarbide;0.0010615711252653928
103;102 Ethyl Cyanide;0.0010615711252653928
104;103 Cyanamide;0.0010615711252653928
105;104 Amidogen;0.0010615711252653928
106;105 Hydroxymethylidyne;0.0010615711252653928
107;106 Formyl Radical;0.0010615711252653928
108;107 Vinyl Alcohol;0.0010615711252653928
109;108 ortho-Oxidaniumyl;0.0010615711252653928
110;109 Cyanoethynylide ion;0.0010615711252653928
111;110 Oxoethenylidene;0.0010615711252653928
112;111 2-Butynenitrile;0.0010615711252653928
113;112 Cyanoethynyl;0.0010615711252653928
114;113 Hydroxymethylium ion;0.0010615711252653928
115;114 Thioformaldehyde;0.0010615711252653928
116;115 Isothiocyanic acid;0.0010615711252653928
117;116 Cyanic acid;0.0010615711252653928
