1;37 Carbon Monoxide;0.2651448639157155
2;58 Methylidyne;0.16417910447761191
3;75 Carbon Monophosphide;0.12028094820017558
4;95 Cyanide anion;0.10272168568920104
5;98 Phosphorous nitride;0.0851624231782265
6;109 Cyanoethynylide ion;0.0456540825285338
7;76 Sulfur Monoxide ion;0.014925373134328358
8;28 Nitric oxide;0.006145741878841088
9;100 Potassium chloride;0.006145741878841088
10;0 Dimethyl ether;0.001755926251097454
11;1 Butatrienylidene;0.001755926251097454
12;2 Trihydrogen ion;0.001755926251097454
13;3 Nitrous Oxide;0.001755926251097454
14;4 Methyl Acetylene;0.001755926251097454
15;5 Ethylene Glycol;0.001755926251097454
16;6 Methyl Cyanide;0.001755926251097454
17;7 Thioformylium;0.001755926251097454
18;8 para-Oxidaniumyl;0.001755926251097454
19;9 Hydrogen Cyanide;0.001755926251097454
20;10 Titanium monoxide;0.001755926251097454
21;11 Cyanide Radical;0.001755926251097454
22;12 Formic Acid;0.001755926251097454
23;13 Nitric sulfide;0.001755926251097454
24;14 Iminomethylium;0.001755926251097454
25;15 Aluminum monoxide;0.001755926251097454
26;16 Methyl isocyanate;0.001755926251097454
27;17 Nitrosyl hydride;0.001755926251097454
28;18 Propynylidynium;0.001755926251097454
29;19 Magnesium Cyanide;0.001755926251097454
30;20 Diazenylium;0.001755926251097454
31;21 Methylamine;0.001755926251097454
32;22 Chloronium;0.001755926251097454
33;23 Silicon monosulfide;0.001755926251097454
34;24 Phosphorus Monoxide;0.001755926251097454
35;25 Cyclopropenone;0.001755926251097454
36;26 Carbon Monoxide Ion;0.001755926251097454
37;27 Sodium Cyanide;0.001755926251097454
38;29 Silicon Cyanide;0.001755926251097454
39;30 Ethyne Isocyanide;0.001755926251097454
40;31 Sodium Chloride;0.001755926251097454
41;32 Cyanoacetylene;0.001755926251097454
42;33 Sulfur Monoxide;0.001755926251097454
43;34 Aluminum Isocyanitrile;0.001755926251097454
44;35 Cyanobutadiyne;0.001755926251097454
45;36 Silicon Mononitride;0.001755926251097454
46;38 Propadienylidene;0.001755926251097454
47;39 Methanimine;0.001755926251097454
48;40 Aluminum Monofluoride;0.001755926251097454
49;41 Formamide;0.001755926251097454
50;42 Aminoacetonitrile;0.001755926251097454
51;43 Ammonia;0.001755926251097454
52;44 gauche-Ethanol;0.001755926251097454
53;45 Protonate 2-proynenitrile;0.001755926251097454
54;46 Carbonyl Sulfide;0.001755926251097454
55;47 Thioxoethenylidene;0.001755926251097454
56;48 Ethyl cyanide;0.001755926251097454
57;49 Water;0.001755926251097454
58;50 Methyl Formate;0.001755926251097454
59;51 Acetaldehyde;0.001755926251097454
60;52 Ketenimine;0.001755926251097454
61;53 Propenal;0.001755926251097454
62;54 Methyl isocyanide;0.001755926251097454
63;55 iso-propyl cyanide;0.001755926251097454
64;56 Hydrogen cyanide;0.001755926251097454
65;57 Protonated Carbon Dioxide;0.001755926251097454
66;59 Ketene;0.001755926251097454
67;60 Silicon Monoxide;0.001755926251097454
68;61 Acetone;0.001755926251097454
69;62 Vinyl Cyanide;0.001755926251097454
70;63 Silicon monoxide (global fit);0.001755926251097454
71;64 Cyclopropenylidene;0.001755926251097454
72;65 Magnesium Isocyanide;0.001755926251097454
73;66 Cyanobutadiynylide anion;0.001755926251097454
74;67 Formaldehyde;0.001755926251097454
75;68 Carbon Monosulfide;0.001755926251097454
76;69 Fulminic acid;0.001755926251097454
77;70 trans-Ethanol;0.001755926251097454
78;71 Silicon Carbide;0.001755926251097454
79;72 Formylium;0.001755926251097454
80;73 Ethylene Oxide;0.001755926251097454
81;74 Sulfur dioxide;0.001755926251097454
82;77 Methanol;0.001755926251097454
83;78 Sulfur Dioxide;0.001755926251097454
84;79 Cyanoformaldehyde;0.001755926251097454
85;80 Isocyanic Acid;0.001755926251097454
86;81 Silicon Isocyanide;0.001755926251097454
87;82 Methylene amidogen;0.001755926251097454
88;83 Silicon Monocarbide;0.001755926251097454
89;84 Phosphaethyne;0.001755926251097454
90;85 Aluminum Monochloride;0.001755926251097454
91;86 Cyanoallene;0.001755926251097454
92;87 Methyl diacetylene;0.001755926251097454
93;88 Cyanomethylene;0.001755926251097454
94;89 Phosphapropynylidyne;0.001755926251097454
95;90 Cyanomethyl;0.001755926251097454
96;91 Hydrogen Isocyanide;0.001755926251097454
97;92 Hydrogen sulfide;0.001755926251097454
98;93 Hydroxyl;0.001755926251097454
99;94 Glycolaldehyde;0.001755926251097454
100;96 2-Propynal;0.001755926251097454
101;97 Ethynyl;0.001755926251097454
102;99 Magnesium hydride isocyanide;0.001755926251097454
103;101 Silicon tetracarbide;0.001755926251097454
104;102 Ethyl Cyanide;0.001755926251097454
105;103 Cyanamide;0.001755926251097454
106;104 Amidogen;0.001755926251097454
107;105 Hydroxymethylidyne;0.001755926251097454
108;106 Formyl Radical;0.001755926251097454
109;107 Vinyl Alcohol;0.001755926251097454
110;108 ortho-Oxidaniumyl;0.001755926251097454
111;110 Oxoethenylidene;0.001755926251097454
112;111 2-Butynenitrile;0.001755926251097454
113;112 Cyanoethynyl;0.001755926251097454
114;113 Hydroxymethylium ion;0.001755926251097454
115;114 Thioformaldehyde;0.001755926251097454
116;115 Isothiocyanic acid;0.001755926251097454
117;116 Cyanic acid;0.001755926251097454
