1;7 Thioformylium;0.7063106796116505
2;37 Carbon Monoxide;0.00849514563106796
3;104 Amidogen;0.00849514563106796
4;0 Dimethyl ether;0.0024271844660194173
5;1 Butatrienylidene;0.0024271844660194173
6;2 Trihydrogen ion;0.0024271844660194173
7;3 Nitrous Oxide;0.0024271844660194173
8;4 Methyl Acetylene;0.0024271844660194173
9;5 Ethylene Glycol;0.0024271844660194173
10;6 Methyl Cyanide;0.0024271844660194173
11;8 para-Oxidaniumyl;0.0024271844660194173
12;9 Hydrogen Cyanide;0.0024271844660194173
13;10 Titanium monoxide;0.0024271844660194173
14;11 Cyanide Radical;0.0024271844660194173
15;12 Formic Acid;0.0024271844660194173
16;13 Nitric sulfide;0.0024271844660194173
17;14 Iminomethylium;0.0024271844660194173
18;15 Aluminum monoxide;0.0024271844660194173
19;16 Methyl isocyanate;0.0024271844660194173
20;17 Nitrosyl hydride;0.0024271844660194173
21;18 Propynylidynium;0.0024271844660194173
22;19 Magnesium Cyanide;0.0024271844660194173
23;20 Diazenylium;0.0024271844660194173
24;21 Methylamine;0.0024271844660194173
25;22 Chloronium;0.0024271844660194173
26;23 Silicon monosulfide;0.0024271844660194173
27;24 Phosphorus Monoxide;0.0024271844660194173
28;25 Cyclopropenone;0.0024271844660194173
29;26 Carbon Monoxide Ion;0.0024271844660194173
30;27 Sodium Cyanide;0.0024271844660194173
31;28 Nitric oxide;0.0024271844660194173
32;29 Silicon Cyanide;0.0024271844660194173
33;30 Ethyne Isocyanide;0.0024271844660194173
34;31 Sodium Chloride;0.0024271844660194173
35;32 Cyanoacetylene;0.0024271844660194173
36;33 Sulfur Monoxide;0.0024271844660194173
37;34 Aluminum Isocyanitrile;0.0024271844660194173
38;35 Cyanobutadiyne;0.0024271844660194173
39;36 Silicon Mononitride;0.0024271844660194173
40;38 Propadienylidene;0.0024271844660194173
41;39 Methanimine;0.0024271844660194173
42;40 Aluminum Monofluoride;0.0024271844660194173
43;41 Formamide;0.0024271844660194173
44;42 Aminoacetonitrile;0.0024271844660194173
45;43 Ammonia;0.0024271844660194173
46;44 gauche-Ethanol;0.0024271844660194173
47;45 Protonate 2-proynenitrile;0.0024271844660194173
48;46 Carbonyl Sulfide;0.0024271844660194173
49;47 Thioxoethenylidene;0.0024271844660194173
50;48 Ethyl cyanide;0.0024271844660194173
51;49 Water;0.0024271844660194173
52;50 Methyl Formate;0.0024271844660194173
53;51 Acetaldehyde;0.0024271844660194173
54;52 Ketenimine;0.0024271844660194173
55;53 Propenal;0.0024271844660194173
56;54 Methyl isocyanide;0.0024271844660194173
57;55 iso-propyl cyanide;0.0024271844660194173
58;56 Hydrogen cyanide;0.0024271844660194173
59;57 Protonated Carbon Dioxide;0.0024271844660194173
60;58 Methylidyne;0.0024271844660194173
61;59 Ketene;0.0024271844660194173
62;60 Silicon Monoxide;0.0024271844660194173
63;61 Acetone;0.0024271844660194173
64;62 Vinyl Cyanide;0.0024271844660194173
65;63 Silicon monoxide (global fit);0.0024271844660194173
66;64 Cyclopropenylidene;0.0024271844660194173
67;65 Magnesium Isocyanide;0.0024271844660194173
68;66 Cyanobutadiynylide anion;0.0024271844660194173
69;67 Formaldehyde;0.0024271844660194173
70;68 Carbon Monosulfide;0.0024271844660194173
71;69 Fulminic acid;0.0024271844660194173
72;70 trans-Ethanol;0.0024271844660194173
73;71 Silicon Carbide;0.0024271844660194173
74;72 Formylium;0.0024271844660194173
75;73 Ethylene Oxide;0.0024271844660194173
76;74 Sulfur dioxide;0.0024271844660194173
77;75 Carbon Monophosphide;0.0024271844660194173
78;76 Sulfur Monoxide ion;0.0024271844660194173
79;77 Methanol;0.0024271844660194173
80;78 Sulfur Dioxide;0.0024271844660194173
81;79 Cyanoformaldehyde;0.0024271844660194173
82;80 Isocyanic Acid;0.0024271844660194173
83;81 Silicon Isocyanide;0.0024271844660194173
84;82 Methylene amidogen;0.0024271844660194173
85;83 Silicon Monocarbide;0.0024271844660194173
86;84 Phosphaethyne;0.0024271844660194173
87;85 Aluminum Monochloride;0.0024271844660194173
88;86 Cyanoallene;0.0024271844660194173
89;87 Methyl diacetylene;0.0024271844660194173
90;88 Cyanomethylene;0.0024271844660194173
91;89 Phosphapropynylidyne;0.0024271844660194173
92;90 Cyanomethyl;0.0024271844660194173
93;91 Hydrogen Isocyanide;0.0024271844660194173
94;92 Hydrogen sulfide;0.0024271844660194173
95;93 Hydroxyl;0.0024271844660194173
96;94 Glycolaldehyde;0.0024271844660194173
97;95 Cyanide anion;0.0024271844660194173
98;96 2-Propynal;0.0024271844660194173
99;97 Ethynyl;0.0024271844660194173
100;98 Phosphorous nitride;0.0024271844660194173
101;99 Magnesium hydride isocyanide;0.0024271844660194173
102;100 Potassium chloride;0.0024271844660194173
103;101 Silicon tetracarbide;0.0024271844660194173
104;102 Ethyl Cyanide;0.0024271844660194173
105;103 Cyanamide;0.0024271844660194173
106;105 Hydroxymethylidyne;0.0024271844660194173
107;106 Formyl Radical;0.0024271844660194173
108;107 Vinyl Alcohol;0.0024271844660194173
109;108 ortho-Oxidaniumyl;0.0024271844660194173
110;109 Cyanoethynylide ion;0.0024271844660194173
111;110 Oxoethenylidene;0.0024271844660194173
112;111 2-Butynenitrile;0.0024271844660194173
113;112 Cyanoethynyl;0.0024271844660194173
114;113 Hydroxymethylium ion;0.0024271844660194173
115;114 Thioformaldehyde;0.0024271844660194173
116;115 Isothiocyanic acid;0.0024271844660194173
117;116 Cyanic acid;0.0024271844660194173
