1;34 Aluminum Isocyanitrile;0.69433465085639
2;0 Dimethyl ether;0.002635046113306983
3;1 Butatrienylidene;0.002635046113306983
4;2 Trihydrogen ion;0.002635046113306983
5;3 Nitrous Oxide;0.002635046113306983
6;4 Methyl Acetylene;0.002635046113306983
7;5 Ethylene Glycol;0.002635046113306983
8;6 Methyl Cyanide;0.002635046113306983
9;7 Thioformylium;0.002635046113306983
10;8 para-Oxidaniumyl;0.002635046113306983
11;9 Hydrogen Cyanide;0.002635046113306983
12;10 Titanium monoxide;0.002635046113306983
13;11 Cyanide Radical;0.002635046113306983
14;12 Formic Acid;0.002635046113306983
15;13 Nitric sulfide;0.002635046113306983
16;14 Iminomethylium;0.002635046113306983
17;15 Aluminum monoxide;0.002635046113306983
18;16 Methyl isocyanate;0.002635046113306983
19;17 Nitrosyl hydride;0.002635046113306983
20;18 Propynylidynium;0.002635046113306983
21;19 Magnesium Cyanide;0.002635046113306983
22;20 Diazenylium;0.002635046113306983
23;21 Methylamine;0.002635046113306983
24;22 Chloronium;0.002635046113306983
25;23 Silicon monosulfide;0.002635046113306983
26;24 Phosphorus Monoxide;0.002635046113306983
27;25 Cyclopropenone;0.002635046113306983
28;26 Carbon Monoxide Ion;0.002635046113306983
29;27 Sodium Cyanide;0.002635046113306983
30;28 Nitric oxide;0.002635046113306983
31;29 Silicon Cyanide;0.002635046113306983
32;30 Ethyne Isocyanide;0.002635046113306983
33;31 Sodium Chloride;0.002635046113306983
34;32 Cyanoacetylene;0.002635046113306983
35;33 Sulfur Monoxide;0.002635046113306983
36;35 Cyanobutadiyne;0.002635046113306983
37;36 Silicon Mononitride;0.002635046113306983
38;37 Carbon Monoxide;0.002635046113306983
39;38 Propadienylidene;0.002635046113306983
40;39 Methanimine;0.002635046113306983
41;40 Aluminum Monofluoride;0.002635046113306983
42;41 Formamide;0.002635046113306983
43;42 Aminoacetonitrile;0.002635046113306983
44;43 Ammonia;0.002635046113306983
45;44 gauche-Ethanol;0.002635046113306983
46;45 Protonate 2-proynenitrile;0.002635046113306983
47;46 Carbonyl Sulfide;0.002635046113306983
48;47 Thioxoethenylidene;0.002635046113306983
49;48 Ethyl cyanide;0.002635046113306983
50;49 Water;0.002635046113306983
51;50 Methyl Formate;0.002635046113306983
52;51 Acetaldehyde;0.002635046113306983
53;52 Ketenimine;0.002635046113306983
54;53 Propenal;0.002635046113306983
55;54 Methyl isocyanide;0.002635046113306983
56;55 iso-propyl cyanide;0.002635046113306983
57;56 Hydrogen cyanide;0.002635046113306983
58;57 Protonated Carbon Dioxide;0.002635046113306983
59;58 Methylidyne;0.002635046113306983
60;59 Ketene;0.002635046113306983
61;60 Silicon Monoxide;0.002635046113306983
62;61 Acetone;0.002635046113306983
63;62 Vinyl Cyanide;0.002635046113306983
64;63 Silicon monoxide (global fit);0.002635046113306983
65;64 Cyclopropenylidene;0.002635046113306983
66;65 Magnesium Isocyanide;0.002635046113306983
67;66 Cyanobutadiynylide anion;0.002635046113306983
68;67 Formaldehyde;0.002635046113306983
69;68 Carbon Monosulfide;0.002635046113306983
70;69 Fulminic acid;0.002635046113306983
71;70 trans-Ethanol;0.002635046113306983
72;71 Silicon Carbide;0.002635046113306983
73;72 Formylium;0.002635046113306983
74;73 Ethylene Oxide;0.002635046113306983
75;74 Sulfur dioxide;0.002635046113306983
76;75 Carbon Monophosphide;0.002635046113306983
77;76 Sulfur Monoxide ion;0.002635046113306983
78;77 Methanol;0.002635046113306983
79;78 Sulfur Dioxide;0.002635046113306983
80;79 Cyanoformaldehyde;0.002635046113306983
81;80 Isocyanic Acid;0.002635046113306983
82;81 Silicon Isocyanide;0.002635046113306983
83;82 Methylene amidogen;0.002635046113306983
84;83 Silicon Monocarbide;0.002635046113306983
85;84 Phosphaethyne;0.002635046113306983
86;85 Aluminum Monochloride;0.002635046113306983
87;86 Cyanoallene;0.002635046113306983
88;87 Methyl diacetylene;0.002635046113306983
89;88 Cyanomethylene;0.002635046113306983
90;89 Phosphapropynylidyne;0.002635046113306983
91;90 Cyanomethyl;0.002635046113306983
92;91 Hydrogen Isocyanide;0.002635046113306983
93;92 Hydrogen sulfide;0.002635046113306983
94;93 Hydroxyl;0.002635046113306983
95;94 Glycolaldehyde;0.002635046113306983
96;95 Cyanide anion;0.002635046113306983
97;96 2-Propynal;0.002635046113306983
98;97 Ethynyl;0.002635046113306983
99;98 Phosphorous nitride;0.002635046113306983
100;99 Magnesium hydride isocyanide;0.002635046113306983
101;100 Potassium chloride;0.002635046113306983
102;101 Silicon tetracarbide;0.002635046113306983
103;102 Ethyl Cyanide;0.002635046113306983
104;103 Cyanamide;0.002635046113306983
105;104 Amidogen;0.002635046113306983
106;105 Hydroxymethylidyne;0.002635046113306983
107;106 Formyl Radical;0.002635046113306983
108;107 Vinyl Alcohol;0.002635046113306983
109;108 ortho-Oxidaniumyl;0.002635046113306983
110;109 Cyanoethynylide ion;0.002635046113306983
111;110 Oxoethenylidene;0.002635046113306983
112;111 2-Butynenitrile;0.002635046113306983
113;112 Cyanoethynyl;0.002635046113306983
114;113 Hydroxymethylium ion;0.002635046113306983
115;114 Thioformaldehyde;0.002635046113306983
116;115 Isothiocyanic acid;0.002635046113306983
117;116 Cyanic acid;0.002635046113306983
