1;72 Formylium;0.9265755053507729
2;32 Cyanoacetylene;0.002080856123662307
3;82 Methylene amidogen;0.002080856123662307
4;96 2-Propynal;0.002080856123662307
5;0 Dimethyl ether;0.0005945303210463734
6;1 Butatrienylidene;0.0005945303210463734
7;2 Trihydrogen ion;0.0005945303210463734
8;3 Nitrous Oxide;0.0005945303210463734
9;4 Methyl Acetylene;0.0005945303210463734
10;5 Ethylene Glycol;0.0005945303210463734
11;6 Methyl Cyanide;0.0005945303210463734
12;7 Thioformylium;0.0005945303210463734
13;8 para-Oxidaniumyl;0.0005945303210463734
14;9 Hydrogen Cyanide;0.0005945303210463734
15;10 Titanium monoxide;0.0005945303210463734
16;11 Cyanide Radical;0.0005945303210463734
17;12 Formic Acid;0.0005945303210463734
18;13 Nitric sulfide;0.0005945303210463734
19;14 Iminomethylium;0.0005945303210463734
20;15 Aluminum monoxide;0.0005945303210463734
21;16 Methyl isocyanate;0.0005945303210463734
22;17 Nitrosyl hydride;0.0005945303210463734
23;18 Propynylidynium;0.0005945303210463734
24;19 Magnesium Cyanide;0.0005945303210463734
25;20 Diazenylium;0.0005945303210463734
26;21 Methylamine;0.0005945303210463734
27;22 Chloronium;0.0005945303210463734
28;23 Silicon monosulfide;0.0005945303210463734
29;24 Phosphorus Monoxide;0.0005945303210463734
30;25 Cyclopropenone;0.0005945303210463734
31;26 Carbon Monoxide Ion;0.0005945303210463734
32;27 Sodium Cyanide;0.0005945303210463734
33;28 Nitric oxide;0.0005945303210463734
34;29 Silicon Cyanide;0.0005945303210463734
35;30 Ethyne Isocyanide;0.0005945303210463734
36;31 Sodium Chloride;0.0005945303210463734
37;33 Sulfur Monoxide;0.0005945303210463734
38;34 Aluminum Isocyanitrile;0.0005945303210463734
39;35 Cyanobutadiyne;0.0005945303210463734
40;36 Silicon Mononitride;0.0005945303210463734
41;37 Carbon Monoxide;0.0005945303210463734
42;38 Propadienylidene;0.0005945303210463734
43;39 Methanimine;0.0005945303210463734
44;40 Aluminum Monofluoride;0.0005945303210463734
45;41 Formamide;0.0005945303210463734
46;42 Aminoacetonitrile;0.0005945303210463734
47;43 Ammonia;0.0005945303210463734
48;44 gauche-Ethanol;0.0005945303210463734
49;45 Protonate 2-proynenitrile;0.0005945303210463734
50;46 Carbonyl Sulfide;0.0005945303210463734
51;47 Thioxoethenylidene;0.0005945303210463734
52;48 Ethyl cyanide;0.0005945303210463734
53;49 Water;0.0005945303210463734
54;50 Methyl Formate;0.0005945303210463734
55;51 Acetaldehyde;0.0005945303210463734
56;52 Ketenimine;0.0005945303210463734
57;53 Propenal;0.0005945303210463734
58;54 Methyl isocyanide;0.0005945303210463734
59;55 iso-propyl cyanide;0.0005945303210463734
60;56 Hydrogen cyanide;0.0005945303210463734
61;57 Protonated Carbon Dioxide;0.0005945303210463734
62;58 Methylidyne;0.0005945303210463734
63;59 Ketene;0.0005945303210463734
64;60 Silicon Monoxide;0.0005945303210463734
65;61 Acetone;0.0005945303210463734
66;62 Vinyl Cyanide;0.0005945303210463734
67;63 Silicon monoxide (global fit);0.0005945303210463734
68;64 Cyclopropenylidene;0.0005945303210463734
69;65 Magnesium Isocyanide;0.0005945303210463734
70;66 Cyanobutadiynylide anion;0.0005945303210463734
71;67 Formaldehyde;0.0005945303210463734
72;68 Carbon Monosulfide;0.0005945303210463734
73;69 Fulminic acid;0.0005945303210463734
74;70 trans-Ethanol;0.0005945303210463734
75;71 Silicon Carbide;0.0005945303210463734
76;73 Ethylene Oxide;0.0005945303210463734
77;74 Sulfur dioxide;0.0005945303210463734
78;75 Carbon Monophosphide;0.0005945303210463734
79;76 Sulfur Monoxide ion;0.0005945303210463734
80;77 Methanol;0.0005945303210463734
81;78 Sulfur Dioxide;0.0005945303210463734
82;79 Cyanoformaldehyde;0.0005945303210463734
83;80 Isocyanic Acid;0.0005945303210463734
84;81 Silicon Isocyanide;0.0005945303210463734
85;83 Silicon Monocarbide;0.0005945303210463734
86;84 Phosphaethyne;0.0005945303210463734
87;85 Aluminum Monochloride;0.0005945303210463734
88;86 Cyanoallene;0.0005945303210463734
89;87 Methyl diacetylene;0.0005945303210463734
90;88 Cyanomethylene;0.0005945303210463734
91;89 Phosphapropynylidyne;0.0005945303210463734
92;90 Cyanomethyl;0.0005945303210463734
93;91 Hydrogen Isocyanide;0.0005945303210463734
94;92 Hydrogen sulfide;0.0005945303210463734
95;93 Hydroxyl;0.0005945303210463734
96;94 Glycolaldehyde;0.0005945303210463734
97;95 Cyanide anion;0.0005945303210463734
98;97 Ethynyl;0.0005945303210463734
99;98 Phosphorous nitride;0.0005945303210463734
100;99 Magnesium hydride isocyanide;0.0005945303210463734
101;100 Potassium chloride;0.0005945303210463734
102;101 Silicon tetracarbide;0.0005945303210463734
103;102 Ethyl Cyanide;0.0005945303210463734
104;103 Cyanamide;0.0005945303210463734
105;104 Amidogen;0.0005945303210463734
106;105 Hydroxymethylidyne;0.0005945303210463734
107;106 Formyl Radical;0.0005945303210463734
108;107 Vinyl Alcohol;0.0005945303210463734
109;108 ortho-Oxidaniumyl;0.0005945303210463734
110;109 Cyanoethynylide ion;0.0005945303210463734
111;110 Oxoethenylidene;0.0005945303210463734
112;111 2-Butynenitrile;0.0005945303210463734
113;112 Cyanoethynyl;0.0005945303210463734
114;113 Hydroxymethylium ion;0.0005945303210463734
115;114 Thioformaldehyde;0.0005945303210463734
116;115 Isothiocyanic acid;0.0005945303210463734
117;116 Cyanic acid;0.0005945303210463734
