1;109 Cyanoethynylide ion;0.9102259215219977
2;32 Cyanoacetylene;0.0035671819262782403
3;14 Iminomethylium;0.002080856123662307
4;22 Chloronium;0.002080856123662307
5;25 Cyclopropenone;0.002080856123662307
6;42 Aminoacetonitrile;0.002080856123662307
7;54 Methyl isocyanide;0.002080856123662307
8;67 Formaldehyde;0.002080856123662307
9;76 Sulfur Monoxide ion;0.002080856123662307
10;79 Cyanoformaldehyde;0.002080856123662307
11;84 Phosphaethyne;0.002080856123662307
12;94 Glycolaldehyde;0.002080856123662307
13;104 Amidogen;0.002080856123662307
14;113 Hydroxymethylium ion;0.002080856123662307
15;0 Dimethyl ether;0.0005945303210463734
16;1 Butatrienylidene;0.0005945303210463734
17;2 Trihydrogen ion;0.0005945303210463734
18;3 Nitrous Oxide;0.0005945303210463734
19;4 Methyl Acetylene;0.0005945303210463734
20;5 Ethylene Glycol;0.0005945303210463734
21;6 Methyl Cyanide;0.0005945303210463734
22;7 Thioformylium;0.0005945303210463734
23;8 para-Oxidaniumyl;0.0005945303210463734
24;9 Hydrogen Cyanide;0.0005945303210463734
25;10 Titanium monoxide;0.0005945303210463734
26;11 Cyanide Radical;0.0005945303210463734
27;12 Formic Acid;0.0005945303210463734
28;13 Nitric sulfide;0.0005945303210463734
29;15 Aluminum monoxide;0.0005945303210463734
30;16 Methyl isocyanate;0.0005945303210463734
31;17 Nitrosyl hydride;0.0005945303210463734
32;18 Propynylidynium;0.0005945303210463734
33;19 Magnesium Cyanide;0.0005945303210463734
34;20 Diazenylium;0.0005945303210463734
35;21 Methylamine;0.0005945303210463734
36;23 Silicon monosulfide;0.0005945303210463734
37;24 Phosphorus Monoxide;0.0005945303210463734
38;26 Carbon Monoxide Ion;0.0005945303210463734
39;27 Sodium Cyanide;0.0005945303210463734
40;28 Nitric oxide;0.0005945303210463734
41;29 Silicon Cyanide;0.0005945303210463734
42;30 Ethyne Isocyanide;0.0005945303210463734
43;31 Sodium Chloride;0.0005945303210463734
44;33 Sulfur Monoxide;0.0005945303210463734
45;34 Aluminum Isocyanitrile;0.0005945303210463734
46;35 Cyanobutadiyne;0.0005945303210463734
47;36 Silicon Mononitride;0.0005945303210463734
48;37 Carbon Monoxide;0.0005945303210463734
49;38 Propadienylidene;0.0005945303210463734
50;39 Methanimine;0.0005945303210463734
51;40 Aluminum Monofluoride;0.0005945303210463734
52;41 Formamide;0.0005945303210463734
53;43 Ammonia;0.0005945303210463734
54;44 gauche-Ethanol;0.0005945303210463734
55;45 Protonate 2-proynenitrile;0.0005945303210463734
56;46 Carbonyl Sulfide;0.0005945303210463734
57;47 Thioxoethenylidene;0.0005945303210463734
58;48 Ethyl cyanide;0.0005945303210463734
59;49 Water;0.0005945303210463734
60;50 Methyl Formate;0.0005945303210463734
61;51 Acetaldehyde;0.0005945303210463734
62;52 Ketenimine;0.0005945303210463734
63;53 Propenal;0.0005945303210463734
64;55 iso-propyl cyanide;0.0005945303210463734
65;56 Hydrogen cyanide;0.0005945303210463734
66;57 Protonated Carbon Dioxide;0.0005945303210463734
67;58 Methylidyne;0.0005945303210463734
68;59 Ketene;0.0005945303210463734
69;60 Silicon Monoxide;0.0005945303210463734
70;61 Acetone;0.0005945303210463734
71;62 Vinyl Cyanide;0.0005945303210463734
72;63 Silicon monoxide (global fit);0.0005945303210463734
73;64 Cyclopropenylidene;0.0005945303210463734
74;65 Magnesium Isocyanide;0.0005945303210463734
75;66 Cyanobutadiynylide anion;0.0005945303210463734
76;68 Carbon Monosulfide;0.0005945303210463734
77;69 Fulminic acid;0.0005945303210463734
78;70 trans-Ethanol;0.0005945303210463734
79;71 Silicon Carbide;0.0005945303210463734
80;72 Formylium;0.0005945303210463734
81;73 Ethylene Oxide;0.0005945303210463734
82;74 Sulfur dioxide;0.0005945303210463734
83;75 Carbon Monophosphide;0.0005945303210463734
84;77 Methanol;0.0005945303210463734
85;78 Sulfur Dioxide;0.0005945303210463734
86;80 Isocyanic Acid;0.0005945303210463734
87;81 Silicon Isocyanide;0.0005945303210463734
88;82 Methylene amidogen;0.0005945303210463734
89;83 Silicon Monocarbide;0.0005945303210463734
90;85 Aluminum Monochloride;0.0005945303210463734
91;86 Cyanoallene;0.0005945303210463734
92;87 Methyl diacetylene;0.0005945303210463734
93;88 Cyanomethylene;0.0005945303210463734
94;89 Phosphapropynylidyne;0.0005945303210463734
95;90 Cyanomethyl;0.0005945303210463734
96;91 Hydrogen Isocyanide;0.0005945303210463734
97;92 Hydrogen sulfide;0.0005945303210463734
98;93 Hydroxyl;0.0005945303210463734
99;95 Cyanide anion;0.0005945303210463734
100;96 2-Propynal;0.0005945303210463734
101;97 Ethynyl;0.0005945303210463734
102;98 Phosphorous nitride;0.0005945303210463734
103;99 Magnesium hydride isocyanide;0.0005945303210463734
104;100 Potassium chloride;0.0005945303210463734
105;101 Silicon tetracarbide;0.0005945303210463734
106;102 Ethyl Cyanide;0.0005945303210463734
107;103 Cyanamide;0.0005945303210463734
108;105 Hydroxymethylidyne;0.0005945303210463734
109;106 Formyl Radical;0.0005945303210463734
110;107 Vinyl Alcohol;0.0005945303210463734
111;108 ortho-Oxidaniumyl;0.0005945303210463734
112;110 Oxoethenylidene;0.0005945303210463734
113;111 2-Butynenitrile;0.0005945303210463734
114;112 Cyanoethynyl;0.0005945303210463734
115;114 Thioformaldehyde;0.0005945303210463734
116;115 Isothiocyanic acid;0.0005945303210463734
117;116 Cyanic acid;0.0005945303210463734
