¡MATCH! Model[model_alma_band_6_full_500it] FITS[../../FITS/HD163296_CO_2_1.image.fits]: 0.09233791748526522
¡MATCH! Model[model_alma_band_6_full_expanded_00002_500it] FITS[../../FITS/DMTau.CS_5-4.image.fits]: 0.3110465116279069
¡MATCH! Model[model_alma_band_6_full_expanded_00002_500it] FITS[../../FITS/HD163296_CO_2_1.image.fits]: 0.013752455795677796
¡MATCH! Model[model_alma_band_6_full_expanded_00010_500it] FITS[../../FITS/DMTau.CS_5-4.image.fits]: 0.3255813953488371
¡MATCH! Model[model_alma_band_6_full_expanded_00010_500it] FITS[../../FITS/uid___A002_Xa916fc_X668__IRS43_HCO32.final.image.pbcor.fits]: 0.882327016306743
¡MATCH! Model[model_hot_cores_full_500it] FITS[../../FITS/DMTau.CS_5-4.image.fits]: 0.17260273972602738
¡MATCH! Model[model_hot_cores_full_500it] FITS[../../FITS/Orion.HNC.cbc.contsub.image.fits]: 0.17373737373737375
¡MATCH! Model[model_hot_cores_full_expanded_00002_500it] FITS[../../FITS/DMTau.CS_5-4.image.fits]: 0.2821917808219178
¡MATCH! Model[model_hot_cores_full_expanded_00002_500it] FITS[../../FITS/TWHydra_CO3_2line.image.fits]: 0.37777777777777777
¡MATCH! Model[model_hot_cores_full_expanded_00002_500it] FITS[../../FITS/TWHydra_HCOplusline.image.fits]: 0.30133333333333334
¡MATCH! Model[model_hot_cores_full_expanded_00010_500it] FITS[../../FITS/DMTau.CS_5-4.image.fits]: 0.3095890410958904
¡MATCH! Model[model_hot_cores_full_expanded_00010_500it] FITS[../../FITS/TWHydra_CO3_2line.image.fits]: 0.3530864197530864
¡MATCH! Model[model_hot_cores_full_expanded_00010_500it] FITS[../../FITS/TWHydra_HCOplusline.image.fits]: 0.24800000000000003
¡MATCH! Model[model_agb_ppn_pn_tr_500it] FITS[../../FITS/uid___A002_Xa916fc_X668__IRS43_HCO32.final.image.pbcor.fits]: 0.8927085614188746
¡MATCH! Model[model_agb_ppn_pn_tr_500it] FITS[../../FITS/TWHydra_HCOplusline.image.fits]: 0.02306648575305292
¡MATCH! Model[model_agb_ppn_pn_2_500it] FITS[../../FITS/TWHydra_HCOplusline.image.fits]: 0.3351424694708277
¡MATCH! Model[model_agb_ppn_pn_full_500it] FITS[../../FITS/uid___A002_Xa916fc_X668__IRS43_HCO32.final.image.pbcor.fits]: 0.03656667396540399
¡MATCH! Model[model_agb_ppn_pn_full_500it] FITS[../../FITS/TWHydra_HCOplusline.image.fits]: 0.3351424694708277
¡MATCH! Model[model_agb_ppn_pn_full_expanded_00002_500it] FITS[../../FITS/DMTau.CS_5-4.image.fits]: 0.3165969316596932
¡MATCH! Model[model_agb_ppn_pn_full_expanded_00002_500it] FITS[../../FITS/TWHydra_CO3_2line.image.fits]: 0.37264742785445426
¡MATCH! Model[model_agb_ppn_pn_full_expanded_00002_500it] FITS[../../FITS/TWHydra_HCOplusline.image.fits]: 0.3351424694708277
¡MATCH! Model[model_agb_ppn_pn_full_expanded_00010_500it] FITS[../../FITS/DMTau.CS_5-4.image.fits]: 0.3165969316596932
¡MATCH! Model[model_agb_ppn_pn_full_expanded_00010_500it] FITS[../../FITS/TWHydra_CO3_2line.image.fits]: 0.37264742785445426
¡MATCH! Model[model_agb_ppn_pn_full_expanded_00010_500it] FITS[../../FITS/TWHydra_HCOplusline.image.fits]: 0.3080054274084125
¡MATCH! Model[model_dark_clouds_tr_500it] FITS[../../FITS/TWHydra_CO3_2line.image.fits]: 0.023114355231143552
¡MATCH! Model[model_dark_clouds_full_expanded_00002_500it] FITS[../../FITS/DMTau.CS_5-4.image.fits]: 0.28167115902964956
¡MATCH! Model[model_dark_clouds_full_expanded_00002_500it] FITS[../../FITS/TWHydra_CO3_2line.image.fits]: 0.3759124087591241
¡MATCH! Model[model_dark_clouds_full_expanded_00002_500it] FITS[../../FITS/TWHydra_HCOplusline.image.fits]: 0.31364829396325455
¡MATCH! Model[model_dark_clouds_full_expanded_00010_500it] FITS[../../FITS/DMTau.CS_5-4.image.fits]: 0.29514824797843664
¡MATCH! Model[model_dark_clouds_full_expanded_00010_500it] FITS[../../FITS/TWHydra_CO3_2line.image.fits]: 0.36374695863746953
¡MATCH! Model[model_dark_clouds_full_expanded_00010_500it] FITS[../../FITS/TWHydra_HCOplusline.image.fits]: 0.31364829396325455
¡MATCH! Model[model_diffuse_clouds_tr_500it] FITS[../../FITS/TWHydra_HCOplusline.image.fits]: 0.3508064516129032
¡MATCH! Model[model_diffuse_clouds_2_500it] FITS[../../FITS/DMTau.CS_5-4.image.fits]: 0.042817679558011044
¡MATCH! Model[model_diffuse_clouds_2_500it] FITS[../../FITS/TWHydra_HCOplusline.image.fits]: 0.3508064516129032
¡MATCH! Model[model_diffuse_clouds_full_500it] FITS[../../FITS/Orion.HNC.cbc.contsub.image.fits]: 0.10155195681511472
¡MATCH! Model[model_diffuse_clouds_full_expanded_00002_500it] FITS[../../FITS/DMTau.CS_5-4.image.fits]: 0.3328729281767956
¡MATCH! Model[model_diffuse_clouds_full_expanded_00002_500it] FITS[../../FITS/TWHydra_CO3_2line.image.fits]: 0.39925373134328357
¡MATCH! Model[model_diffuse_clouds_full_expanded_00002_500it] FITS[../../FITS/TWHydra_HCOplusline.image.fits]: 0.31048387096774194
¡MATCH! Model[model_diffuse_clouds_full_expanded_00010_500it] FITS[../../FITS/DMTau.CS_5-4.image.fits]: 0.3328729281767956
¡MATCH! Model[model_diffuse_clouds_full_expanded_00010_500it] FITS[../../FITS/HD163296_CO_2_1.image.fits]: 0.029411764705882353
¡MATCH! Model[model_diffuse_clouds_full_expanded_00010_500it] FITS[../../FITS/TWHydra_CO3_2line.image.fits]: 0.39925373134328357
¡MATCH! Model[model_diffuse_clouds_full_expanded_00010_500it] FITS[../../FITS/TWHydra_HCOplusline.image.fits]: 0.2701612903225806
¡MATCH! Model[model_comets_tr_500it] FITS[../../FITS/Orion.HNC.cbc.contsub.image.fits]: 0.834006734006734
¡MATCH! Model[model_comets_2_500it] FITS[../../FITS/Orion.HNC.cbc.contsub.image.fits]: 0.009090909090909092
¡MATCH! Model[model_comets_2_500it] FITS[../../FITS/TWHydra_HCOplusline.image.fits]: 0.3426666666666667
¡MATCH! Model[model_comets_full_500it] FITS[../../FITS/Orion.HNC.cbc.contsub.image.fits]: 0.8306397306397306
¡MATCH! Model[model_comets_full_500it] FITS[../../FITS/uid___A002_Xa916fc_X668__IRS43_HCO32.final.image.pbcor.fits]: 0.06266375545851528
¡MATCH! Model[model_comets_full_expanded_00002_500it] FITS[../../FITS/TWHydra_CO3_2line.image.fits]: 0.3790123456790123
¡MATCH! Model[model_comets_full_expanded_00002_500it] FITS[../../FITS/TWHydra_HCOplusline.image.fits]: 0.3293333333333333
¡MATCH! Model[model_comets_full_expanded_00010_500it] FITS[../../FITS/HD163296_CO_2_1.image.fits]: 0.5349056603773585
¡MATCH! Model[model_comets_full_expanded_00010_500it] FITS[../../FITS/TWHydra_CO3_2line.image.fits]: 0.3790123456790123
¡MATCH! Model[model_comets_full_expanded_00010_500it] FITS[../../FITS/TWHydra_HCOplusline.image.fits]: 0.3426666666666667
¡MATCH! Model[model_extragalactic_tr_500it] FITS[../../FITS/TWHydra_HCOplusline.image.fits]: 0.03225806451612903
¡MATCH! Model[model_extragalactic_2_500it] FITS[../../FITS/TWHydra_HCOplusline.image.fits]: 0.03225806451612903
¡MATCH! Model[model_extragalactic_full_expanded_00002_500it] FITS[../../FITS/DMTau.CS_5-4.image.fits]: 0.3232044198895027
¡MATCH! Model[model_extragalactic_full_expanded_00002_500it] FITS[../../FITS/Orion.HNC.cbc.contsub.image.fits]: 0.8346828609986505
¡MATCH! Model[model_extragalactic_full_expanded_00002_500it] FITS[../../FITS/uid___A002_Xa916fc_X668__IRS43_HCO32.final.image.pbcor.fits]: 0.005247048535198951
¡MATCH! Model[model_extragalactic_full_expanded_00002_500it] FITS[../../FITS/TWHydra_CO3_2line.image.fits]: 0.029850746268656712
¡MATCH! Model[model_extragalactic_full_expanded_00002_500it] FITS[../../FITS/TWHydra_HCOplusline.image.fits]: 0.34139784946236557
¡MATCH! Model[model_extragalactic_full_expanded_00010_500it] FITS[../../FITS/DMTau.CS_5-4.image.fits]: 0.3232044198895027
¡MATCH! Model[model_extragalactic_full_expanded_00010_500it] FITS[../../FITS/HD163296_CO_2_1.image.fits]: 0.5351043643263756
¡MATCH! Model[model_extragalactic_full_expanded_00010_500it] FITS[../../FITS/TWHydra_CO3_2line.image.fits]: 0.390547263681592
¡MATCH! Model[model_extragalactic_full_expanded_00010_500it] FITS[../../FITS/TWHydra_HCOplusline.image.fits]: 0.34139784946236557
¡MATCH! Model[model_planetary_tr_500it] FITS[../../FITS/TWHydra_HCOplusline.image.fits]: 0.0457516339869281
¡MATCH! Model[model_planetary_full_expanded_00002_500it] FITS[../../FITS/HD163296_CO_2_1.image.fits]: 0.03333333333333333
¡MATCH! Model[model_planetary_full_expanded_00002_500it] FITS[../../FITS/uid___A002_Xa916fc_X668__IRS43_HCO32.final.image.pbcor.fits]: 0.8960612691466083
¡MATCH! Model[model_planetary_full_expanded_00002_500it] FITS[../../FITS/TWHydra_CO3_2line.image.fits]: 0.40625
¡MATCH! Model[model_planetary_full_expanded_00002_500it] FITS[../../FITS/TWHydra_HCOplusline.image.fits]: 0.3581081081081081
¡MATCH! Model[model_planetary_full_expanded_00010_500it] FITS[../../FITS/uid___A002_Xa916fc_X668__IRS43_HCO32.final.image.pbcor.fits]: 0.009846827133479213
¡MATCH! Model[model_planetary_full_expanded_00010_500it] FITS[../../FITS/TWHydra_CO3_2line.image.fits]: 0.39375
¡MATCH! Model[model_planetary_full_expanded_00010_500it] FITS[../../FITS/TWHydra_HCOplusline.image.fits]: 0.34459459459459457
