1;13 Methyliumylidene;0.505
2;29 Formylium;0.155
3;0 Methylidyne;0.012142857142857143
4;1 Formaldehyde;0.012142857142857143
5;2 Sulfur dioxide;0.012142857142857143
6;3 Carbon Monoxide;0.012142857142857143
7;4 Acetaldehyde;0.012142857142857143
8;5 Water;0.012142857142857143
9;6 Imidogen;0.012142857142857143
10;7 Carbon Monoxide Ion;0.012142857142857143
11;8 Nitric sulfide;0.012142857142857143
12;9 Isocyanic Acid;0.012142857142857143
13;10 Formic Acid;0.012142857142857143
14;11 Amidogen;0.012142857142857143
15;12 Ethylene Glycol;0.012142857142857143
16;14 Cyanide Radical;0.012142857142857143
17;15 Carbonyl Sulfide;0.012142857142857143
18;16 Hydroxyl;0.012142857142857143
19;17 Nitric oxide;0.012142857142857143
20;18 Methyl Cyanide;0.012142857142857143
21;19 Cyclopropenylidene;0.012142857142857143
22;20 Sulfur Monoxide ion;0.012142857142857143
23;21 Methanol;0.012142857142857143
24;22 Thioformaldehyde;0.012142857142857143
25;23 Ammonia;0.012142857142857143
26;24 Cyanoacetylene;0.012142857142857143
27;25 Hydrogen Cyanide;0.012142857142857143
28;26 Hydrogen sulfide;0.012142857142857143
29;27 Molecular oxygen;0.012142857142857143
30;28 Hydrogen Isocyanide;0.012142857142857143
