1;29 Formylium;0.5675531914893617
2;13 Methyliumylidene;0.1792553191489362
3;0 Methylidyne;0.009042553191489361
4;1 Formaldehyde;0.009042553191489361
5;2 Sulfur dioxide;0.009042553191489361
6;3 Carbon Monoxide;0.009042553191489361
7;4 Acetaldehyde;0.009042553191489361
8;5 Water;0.009042553191489361
9;6 Imidogen;0.009042553191489361
10;7 Carbon Monoxide Ion;0.009042553191489361
11;8 Nitric sulfide;0.009042553191489361
12;9 Isocyanic Acid;0.009042553191489361
13;10 Formic Acid;0.009042553191489361
14;11 Amidogen;0.009042553191489361
15;12 Ethylene Glycol;0.009042553191489361
16;14 Cyanide Radical;0.009042553191489361
17;15 Carbonyl Sulfide;0.009042553191489361
18;16 Hydroxyl;0.009042553191489361
19;17 Nitric oxide;0.009042553191489361
20;18 Methyl Cyanide;0.009042553191489361
21;19 Cyclopropenylidene;0.009042553191489361
22;20 Sulfur Monoxide ion;0.009042553191489361
23;21 Methanol;0.009042553191489361
24;22 Thioformaldehyde;0.009042553191489361
25;23 Ammonia;0.009042553191489361
26;24 Cyanoacetylene;0.009042553191489361
27;25 Hydrogen Cyanide;0.009042553191489361
28;26 Hydrogen sulfide;0.009042553191489361
29;27 Molecular oxygen;0.009042553191489361
30;28 Hydrogen Isocyanide;0.009042553191489361
