1;5 Methyliumylidene;0.2692307692307692
2;0 Ketene;0.01282051282051282
3;1 1,3,5-Hexatriynyl;0.01282051282051282
4;2 Oxonium hydride;0.01282051282051282
5;3 Vinyl Cyanide;0.01282051282051282
6;4 Hydroxyl;0.01282051282051282
7;6 Carbon Monosulfide;0.01282051282051282
8;7 Cyanomethyl;0.01282051282051282
9;8 Methyl Acetylene;0.01282051282051282
10;9 Ethyl Cyanide;0.01282051282051282
11;10 2,4-Pentadiynylidyne;0.01282051282051282
12;11 4-Cyano-1,3-Butadiynyl;0.01282051282051282
13;12 Water;0.01282051282051282
14;13 Hydrogen sulfide;0.01282051282051282
15;14 Methylene amidogen;0.01282051282051282
16;15 1,3-Butadiynyl radical;0.01282051282051282
17;16 2,4,6,8-Nonatetraynenitrile;0.01282051282051282
18;17 Formylium;0.01282051282051282
19;18 Cyanoallene;0.01282051282051282
20;19 Trihydrogen ion;0.01282051282051282
21;20 Methylcyanodiacetylene;0.01282051282051282
22;21 2,4,6-Heptatriynenitrile;0.01282051282051282
23;22 Methanol;0.01282051282051282
24;23 Ammonia;0.01282051282051282
25;24 Methyl Cyanide;0.01282051282051282
26;25 1,3,5-Hexatriynyl anion;0.01282051282051282
27;26 1,3,5,7-Octatetraynyl anion;0.01282051282051282
28;27 3-Thioxo-1,2-Propadieylidene;0.01282051282051282
29;28 Cyanobutadiyne;0.01282051282051282
30;29 Nitric sulfide;0.01282051282051282
31;30 Sulfur dioxide;0.01282051282051282
32;31 Hydrochloric acid;0.01282051282051282
33;32 2,4,6,8,10-Undecapentaynenitrile;0.01282051282051282
34;33 Cyanide Radical;0.01282051282051282
35;34 Nitric oxide;0.01282051282051282
36;35 Formaldehyde;0.01282051282051282
37;36 Sulfur Monoxide;0.01282051282051282
38;37 Methyltriacetylene;0.01282051282051282
39;38 Hydrogen Cyanide;0.01282051282051282
40;39 Methyl diacetylene;0.01282051282051282
41;40 Methylidyne;0.01282051282051282
42;41 Thioxoethenylidene;0.01282051282051282
43;42 Silicon Monoxide;0.01282051282051282
44;43 1,3,5,7-Octatetraynyl;0.01282051282051282
45;44 Oxoethenylidene;0.01282051282051282
46;45 Propynylidynium;0.01282051282051282
47;46 Carbon Monoxide;0.01282051282051282
48;47 Thioformaldehyde;0.01282051282051282
49;48 Hexatrienyl;0.01282051282051282
50;49 Diazenylium;0.01282051282051282
51;50 Hydrogen Isocyanide;0.01282051282051282
52;51 Carbon Monosulfide;0.01282051282051282
53;52 Methylamine;0.01282051282051282
54;53 Formic Acid;0.01282051282051282
55;54 Cyclopropenylidene;0.01282051282051282
56;55 Cyanoacetylene;0.01282051282051282
57;56 para-Oxidaniumyl;0.01282051282051282
58;57 ortho-Oxidaniumyl;0.01282051282051282
