1;0 Methanol;0.009784735812133072
2;1 Hydrogen fluoride;0.009784735812133072
3;2 Nitric oxide;0.009784735812133072
4;3 Formylium;0.009784735812133072
5;4 Sodium Chloride;0.009784735812133072
6;5 Sulfur dioxide;0.009784735812133072
7;6 para-Oxidaniumyl;0.009784735812133072
8;7 Sulfur Monoxide;0.009784735812133072
9;8 Butatrienylidene;0.009784735812133072
10;9 Carbon Monoxide;0.009784735812133072
11;10 Nitrous Oxide;0.009784735812133072
12;11 Cyanoacetylene;0.009784735812133072
13;12 Carbonyl Sulfide;0.009784735812133072
14;13 Molecular oxygen;0.009784735812133072
15;14 ortho-Oxidaniumyl;0.009784735812133072
16;15 Water;0.009784735812133072
17;16 Iminomethylium;0.009784735812133072
18;17 Hydrochloric acid;0.009784735812133072
19;18 Acetylene;0.009784735812133072
20;19 Hydrogen Cyanide;0.009784735812133072
