1;10 Nitrous Oxide;0.7564102564102564
2;0 Methanol;0.01282051282051282
3;1 Hydrogen fluoride;0.01282051282051282
4;2 Nitric oxide;0.01282051282051282
5;3 Formylium;0.01282051282051282
6;4 Sodium Chloride;0.01282051282051282
7;5 Sulfur dioxide;0.01282051282051282
8;6 para-Oxidaniumyl;0.01282051282051282
9;7 Sulfur Monoxide;0.01282051282051282
10;8 Butatrienylidene;0.01282051282051282
11;9 Carbon Monoxide;0.01282051282051282
12;11 Cyanoacetylene;0.01282051282051282
13;12 Carbonyl Sulfide;0.01282051282051282
14;13 Molecular oxygen;0.01282051282051282
15;14 ortho-Oxidaniumyl;0.01282051282051282
16;15 Water;0.01282051282051282
17;16 Iminomethylium;0.01282051282051282
18;17 Hydrochloric acid;0.01282051282051282
19;18 Acetylene;0.01282051282051282
20;19 Hydrogen Cyanide;0.01282051282051282
