HD163296_CO_2_1.image;model_planetary_tr_500it;1;0 Methanol;0.009784735812133072
HD163296_CO_2_1.image;model_planetary_tr_500it;2;1 Hydrogen fluoride;0.009784735812133072
HD163296_CO_2_1.image;model_planetary_tr_500it;3;2 Nitric oxide;0.009784735812133072
HD163296_CO_2_1.image;model_planetary_tr_500it;4;3 Formylium;0.009784735812133072
HD163296_CO_2_1.image;model_planetary_tr_500it;5;4 Sodium Chloride;0.009784735812133072
TWHydra_HCOplusline.image;model_planetary_tr_500it;1;0 Methanol;0.015015015015015015
TWHydra_HCOplusline.image;model_planetary_tr_500it;2;1 Hydrogen fluoride;0.015015015015015015
TWHydra_HCOplusline.image;model_planetary_tr_500it;3;2 Nitric oxide;0.015015015015015015
TWHydra_HCOplusline.image;model_planetary_tr_500it;4;3 Formylium;0.015015015015015015
TWHydra_HCOplusline.image;model_planetary_tr_500it;5;4 Sodium Chloride;0.015015015015015015
TWHydra_CO3_2line.image;model_planetary_tr_500it;1;0 Methanol;0.015015015015015015
TWHydra_CO3_2line.image;model_planetary_tr_500it;2;1 Hydrogen fluoride;0.015015015015015015
TWHydra_CO3_2line.image;model_planetary_tr_500it;3;2 Nitric oxide;0.015015015015015015
TWHydra_CO3_2line.image;model_planetary_tr_500it;4;3 Formylium;0.015015015015015015
TWHydra_CO3_2line.image;model_planetary_tr_500it;5;4 Sodium Chloride;0.015015015015015015
Orion.methanol.cbc.contsub.image;model_planetary_tr_500it;1;0 Methanol;0.012658227848101266
Orion.methanol.cbc.contsub.image;model_planetary_tr_500it;2;1 Hydrogen fluoride;0.012658227848101266
Orion.methanol.cbc.contsub.image;model_planetary_tr_500it;3;2 Nitric oxide;0.012658227848101266
Orion.methanol.cbc.contsub.image;model_planetary_tr_500it;4;3 Formylium;0.012658227848101266
Orion.methanol.cbc.contsub.image;model_planetary_tr_500it;5;4 Sodium Chloride;0.012658227848101266
uid___A002_Xa916fc_X668__IRS43_HCO32.final.image.pbcor;model_planetary_tr_500it;1;0 Methanol;0.0029154518950437317
uid___A002_Xa916fc_X668__IRS43_HCO32.final.image.pbcor;model_planetary_tr_500it;2;1 Hydrogen fluoride;0.0029154518950437317
uid___A002_Xa916fc_X668__IRS43_HCO32.final.image.pbcor;model_planetary_tr_500it;3;2 Nitric oxide;0.0029154518950437317
uid___A002_Xa916fc_X668__IRS43_HCO32.final.image.pbcor;model_planetary_tr_500it;4;3 Formylium;0.0029154518950437317
uid___A002_Xa916fc_X668__IRS43_HCO32.final.image.pbcor;model_planetary_tr_500it;5;4 Sodium Chloride;0.0029154518950437317
