1;9 Carbon Monoxide;0.7103658536585366
2;0 Methanol;0.01524390243902439
3;1 Hydrogen fluoride;0.01524390243902439
4;2 Nitric oxide;0.01524390243902439
5;3 Formylium;0.01524390243902439
6;4 Sodium Chloride;0.01524390243902439
7;5 Sulfur dioxide;0.01524390243902439
8;6 para-Oxidaniumyl;0.01524390243902439
9;7 Sulfur Monoxide;0.01524390243902439
10;8 Butatrienylidene;0.01524390243902439
11;10 Nitrous Oxide;0.01524390243902439
12;11 Cyanoacetylene;0.01524390243902439
13;12 Carbonyl Sulfide;0.01524390243902439
14;13 Molecular oxygen;0.01524390243902439
15;14 ortho-Oxidaniumyl;0.01524390243902439
16;15 Water;0.01524390243902439
17;16 Iminomethylium;0.01524390243902439
18;17 Hydrochloric acid;0.01524390243902439
19;18 Acetylene;0.01524390243902439
20;19 Hydrogen Cyanide;0.01524390243902439
