Orion.HNC.cbc.contsub.image;model_alma_band_6_tr_500it;1;22 Chloronium;0.2604790419161676
Orion.HNC.cbc.contsub.image;model_alma_band_6_tr_500it;2;29 Silicon Cyanide;0.03592814371257484
Orion.HNC.cbc.contsub.image;model_alma_band_6_tr_500it;3;107 Vinyl Alcohol;0.020958083832335325
Orion.HNC.cbc.contsub.image;model_alma_band_6_tr_500it;4;0 Dimethyl ether;0.005988023952095808
Orion.HNC.cbc.contsub.image;model_alma_band_6_tr_500it;5;1 Butatrienylidene;0.005988023952095808
DMTau.CS_5-4.image;model_alma_band_6_tr_500it;1;17 Nitrosyl hydride;0.6491477272727273
DMTau.CS_5-4.image;model_alma_band_6_tr_500it;2;80 Isocyanic Acid;0.017045454545454544
DMTau.CS_5-4.image;model_alma_band_6_tr_500it;3;98 Phosphorous nitride;0.009943181818181816
DMTau.CS_5-4.image;model_alma_band_6_tr_500it;4;0 Dimethyl ether;0.002840909090909091
DMTau.CS_5-4.image;model_alma_band_6_tr_500it;5;1 Butatrienylidene;0.002840909090909091
HD163296_CO_2_1.image;model_alma_band_6_tr_500it;1;40 Aluminum Monofluoride;0.42424242424242414
HD163296_CO_2_1.image;model_alma_band_6_tr_500it;2;116 Cyanic acid;0.03962703962703962
HD163296_CO_2_1.image;model_alma_band_6_tr_500it;3;0 Dimethyl ether;0.004662004662004662
HD163296_CO_2_1.image;model_alma_band_6_tr_500it;4;1 Butatrienylidene;0.004662004662004662
HD163296_CO_2_1.image;model_alma_band_6_tr_500it;5;2 Trihydrogen ion;0.004662004662004662
Orion.methanol.cbc.contsub.image;model_alma_band_6_tr_500it;1;0 Dimethyl ether;0.008547008547008546
Orion.methanol.cbc.contsub.image;model_alma_band_6_tr_500it;2;1 Butatrienylidene;0.008547008547008546
Orion.methanol.cbc.contsub.image;model_alma_band_6_tr_500it;3;2 Trihydrogen ion;0.008547008547008546
Orion.methanol.cbc.contsub.image;model_alma_band_6_tr_500it;4;3 Nitrous Oxide;0.008547008547008546
Orion.methanol.cbc.contsub.image;model_alma_band_6_tr_500it;5;4 Methyl Acetylene;0.008547008547008546
uid___A002_Xa916fc_X668__IRS43_HCO32.final.image.pbcor;model_alma_band_6_tr_500it;1;15 Aluminum monoxide;0.6134585289514867
uid___A002_Xa916fc_X668__IRS43_HCO32.final.image.pbcor;model_alma_band_6_tr_500it;2;34 Aluminum Isocyanitrile;0.010954616588419404
uid___A002_Xa916fc_X668__IRS43_HCO32.final.image.pbcor;model_alma_band_6_tr_500it;3;50 Methyl Formate;0.010954616588419404
uid___A002_Xa916fc_X668__IRS43_HCO32.final.image.pbcor;model_alma_band_6_tr_500it;4;64 Cyclopropenylidene;0.010954616588419404
uid___A002_Xa916fc_X668__IRS43_HCO32.final.image.pbcor;model_alma_band_6_tr_500it;5;0 Dimethyl ether;0.003129890453834116
TWHydra_HCOplusline.image;model_alma_band_6_tr_500it;1;81 Silicon Isocyanide;0.2067901234567901
TWHydra_HCOplusline.image;model_alma_band_6_tr_500it;2;19 Magnesium Cyanide;0.03703703703703703
TWHydra_HCOplusline.image;model_alma_band_6_tr_500it;3;5 Ethylene Glycol;0.021604938271604934
TWHydra_HCOplusline.image;model_alma_band_6_tr_500it;4;10 Titanium monoxide;0.021604938271604934
TWHydra_HCOplusline.image;model_alma_band_6_tr_500it;5;104 Amidogen;0.021604938271604934
TWHydra_CO3_2line.image;model_alma_band_6_tr_500it;1;81 Silicon Isocyanide;0.2664835164835164
TWHydra_CO3_2line.image;model_alma_band_6_tr_500it;2;17 Nitrosyl hydride;0.03296703296703296
TWHydra_CO3_2line.image;model_alma_band_6_tr_500it;3;10 Titanium monoxide;0.019230769230769225
TWHydra_CO3_2line.image;model_alma_band_6_tr_500it;4;65 Magnesium Isocyanide;0.019230769230769225
TWHydra_CO3_2line.image;model_alma_band_6_tr_500it;5;84 Phosphaethyne;0.019230769230769225
