1;81 Silicon Isocyanide;0.2067901234567901
2;19 Magnesium Cyanide;0.03703703703703703
3;5 Ethylene Glycol;0.021604938271604934
4;10 Titanium monoxide;0.021604938271604934
5;104 Amidogen;0.021604938271604934
6;0 Dimethyl ether;0.006172839506172839
7;1 Butatrienylidene;0.006172839506172839
8;2 Trihydrogen ion;0.006172839506172839
9;3 Nitrous Oxide;0.006172839506172839
10;4 Methyl Acetylene;0.006172839506172839
11;6 Methyl Cyanide;0.006172839506172839
12;7 Thioformylium;0.006172839506172839
13;8 para-Oxidaniumyl;0.006172839506172839
14;9 Hydrogen Cyanide;0.006172839506172839
15;11 Cyanide Radical;0.006172839506172839
16;12 Formic Acid;0.006172839506172839
17;13 Nitric sulfide;0.006172839506172839
18;14 Iminomethylium;0.006172839506172839
19;15 Aluminum monoxide;0.006172839506172839
20;16 Methyl isocyanate;0.006172839506172839
21;17 Nitrosyl hydride;0.006172839506172839
22;18 Propynylidynium;0.006172839506172839
23;20 Diazenylium;0.006172839506172839
24;21 Methylamine;0.006172839506172839
25;22 Chloronium;0.006172839506172839
26;23 Silicon monosulfide;0.006172839506172839
27;24 Phosphorus Monoxide;0.006172839506172839
28;25 Cyclopropenone;0.006172839506172839
29;26 Carbon Monoxide Ion;0.006172839506172839
30;27 Sodium Cyanide;0.006172839506172839
31;28 Nitric oxide;0.006172839506172839
32;29 Silicon Cyanide;0.006172839506172839
33;30 Ethyne Isocyanide;0.006172839506172839
34;31 Sodium Chloride;0.006172839506172839
35;32 Cyanoacetylene;0.006172839506172839
36;33 Sulfur Monoxide;0.006172839506172839
37;34 Aluminum Isocyanitrile;0.006172839506172839
38;35 Cyanobutadiyne;0.006172839506172839
39;36 Silicon Mononitride;0.006172839506172839
40;37 Carbon Monoxide;0.006172839506172839
41;38 Propadienylidene;0.006172839506172839
42;39 Methanimine;0.006172839506172839
43;40 Aluminum Monofluoride;0.006172839506172839
44;41 Formamide;0.006172839506172839
45;42 Aminoacetonitrile;0.006172839506172839
46;43 Ammonia;0.006172839506172839
47;44 gauche-Ethanol;0.006172839506172839
48;45 Protonate 2-proynenitrile;0.006172839506172839
49;46 Carbonyl Sulfide;0.006172839506172839
50;47 Thioxoethenylidene;0.006172839506172839
51;48 Ethyl cyanide;0.006172839506172839
52;49 Water;0.006172839506172839
53;50 Methyl Formate;0.006172839506172839
54;51 Acetaldehyde;0.006172839506172839
55;52 Ketenimine;0.006172839506172839
56;53 Propenal;0.006172839506172839
57;54 Methyl isocyanide;0.006172839506172839
58;55 iso-propyl cyanide;0.006172839506172839
59;56 Hydrogen cyanide;0.006172839506172839
60;57 Protonated Carbon Dioxide;0.006172839506172839
61;58 Methylidyne;0.006172839506172839
62;59 Ketene;0.006172839506172839
63;60 Silicon Monoxide;0.006172839506172839
64;61 Acetone;0.006172839506172839
65;62 Vinyl Cyanide;0.006172839506172839
66;63 Silicon monoxide (global fit);0.006172839506172839
67;64 Cyclopropenylidene;0.006172839506172839
68;65 Magnesium Isocyanide;0.006172839506172839
69;66 Cyanobutadiynylide anion;0.006172839506172839
70;67 Formaldehyde;0.006172839506172839
71;68 Carbon Monosulfide;0.006172839506172839
72;69 Fulminic acid;0.006172839506172839
73;70 trans-Ethanol;0.006172839506172839
74;71 Silicon Carbide;0.006172839506172839
75;72 Formylium;0.006172839506172839
76;73 Ethylene Oxide;0.006172839506172839
77;74 Sulfur dioxide;0.006172839506172839
78;75 Carbon Monophosphide;0.006172839506172839
79;76 Sulfur Monoxide ion;0.006172839506172839
80;77 Methanol;0.006172839506172839
81;78 Sulfur Dioxide;0.006172839506172839
82;79 Cyanoformaldehyde;0.006172839506172839
83;80 Isocyanic Acid;0.006172839506172839
84;82 Methylene amidogen;0.006172839506172839
85;83 Silicon Monocarbide;0.006172839506172839
86;84 Phosphaethyne;0.006172839506172839
87;85 Aluminum Monochloride;0.006172839506172839
88;86 Cyanoallene;0.006172839506172839
89;87 Methyl diacetylene;0.006172839506172839
90;88 Cyanomethylene;0.006172839506172839
91;89 Phosphapropynylidyne;0.006172839506172839
92;90 Cyanomethyl;0.006172839506172839
93;91 Hydrogen Isocyanide;0.006172839506172839
94;92 Hydrogen sulfide;0.006172839506172839
95;93 Hydroxyl;0.006172839506172839
96;94 Glycolaldehyde;0.006172839506172839
97;95 Cyanide anion;0.006172839506172839
98;96 2-Propynal;0.006172839506172839
99;97 Ethynyl;0.006172839506172839
100;98 Phosphorous nitride;0.006172839506172839
101;99 Magnesium hydride isocyanide;0.006172839506172839
102;100 Potassium chloride;0.006172839506172839
103;101 Silicon tetracarbide;0.006172839506172839
104;102 Ethyl Cyanide;0.006172839506172839
105;103 Cyanamide;0.006172839506172839
106;105 Hydroxymethylidyne;0.006172839506172839
107;106 Formyl Radical;0.006172839506172839
108;107 Vinyl Alcohol;0.006172839506172839
109;108 ortho-Oxidaniumyl;0.006172839506172839
110;109 Cyanoethynylide ion;0.006172839506172839
111;110 Oxoethenylidene;0.006172839506172839
112;111 2-Butynenitrile;0.006172839506172839
113;112 Cyanoethynyl;0.006172839506172839
114;113 Hydroxymethylium ion;0.006172839506172839
115;114 Thioformaldehyde;0.006172839506172839
116;115 Isothiocyanic acid;0.006172839506172839
117;116 Cyanic acid;0.006172839506172839
