1;3 Carbon Monoxide;0.08392857142857144
2;0 Methylidyne;0.048214285714285716
3;29 Formylium;0.048214285714285716
4;1 Formaldehyde;0.030357142857142857
5;2 Sulfur dioxide;0.030357142857142857
6;4 Acetaldehyde;0.030357142857142857
7;5 Water;0.030357142857142857
8;6 Imidogen;0.030357142857142857
9;7 Carbon Monoxide Ion;0.030357142857142857
10;8 Nitric sulfide;0.030357142857142857
11;9 Isocyanic Acid;0.030357142857142857
12;10 Formic Acid;0.030357142857142857
13;11 Amidogen;0.030357142857142857
14;12 Ethylene Glycol;0.030357142857142857
15;13 Methyliumylidene;0.030357142857142857
16;14 Cyanide Radical;0.030357142857142857
17;15 Carbonyl Sulfide;0.030357142857142857
18;16 Hydroxyl;0.030357142857142857
19;17 Nitric oxide;0.030357142857142857
20;18 Methyl Cyanide;0.030357142857142857
21;19 Cyclopropenylidene;0.030357142857142857
22;20 Sulfur Monoxide ion;0.030357142857142857
23;21 Methanol;0.030357142857142857
24;22 Thioformaldehyde;0.030357142857142857
25;23 Ammonia;0.030357142857142857
26;24 Cyanoacetylene;0.030357142857142857
27;25 Hydrogen Cyanide;0.030357142857142857
28;26 Hydrogen sulfide;0.030357142857142857
29;27 Molecular oxygen;0.030357142857142857
30;28 Hydrogen Isocyanide;0.030357142857142857
