1;13 Methyliumylidene;0.8615168539325843
2;0 Methylidyne;0.0047752808988764045
3;1 Formaldehyde;0.0047752808988764045
4;2 Sulfur dioxide;0.0047752808988764045
5;3 Carbon Monoxide;0.0047752808988764045
6;4 Acetaldehyde;0.0047752808988764045
7;5 Water;0.0047752808988764045
8;6 Imidogen;0.0047752808988764045
9;7 Carbon Monoxide Ion;0.0047752808988764045
10;8 Nitric sulfide;0.0047752808988764045
11;9 Isocyanic Acid;0.0047752808988764045
12;10 Formic Acid;0.0047752808988764045
13;11 Amidogen;0.0047752808988764045
14;12 Ethylene Glycol;0.0047752808988764045
15;14 Cyanide Radical;0.0047752808988764045
16;15 Carbonyl Sulfide;0.0047752808988764045
17;16 Hydroxyl;0.0047752808988764045
18;17 Nitric oxide;0.0047752808988764045
19;18 Methyl Cyanide;0.0047752808988764045
20;19 Cyclopropenylidene;0.0047752808988764045
21;20 Sulfur Monoxide ion;0.0047752808988764045
22;21 Methanol;0.0047752808988764045
23;22 Thioformaldehyde;0.0047752808988764045
24;23 Ammonia;0.0047752808988764045
25;24 Cyanoacetylene;0.0047752808988764045
26;25 Hydrogen Cyanide;0.0047752808988764045
27;26 Hydrogen sulfide;0.0047752808988764045
28;27 Molecular oxygen;0.0047752808988764045
29;28 Hydrogen Isocyanide;0.0047752808988764045
30;29 Formylium;0.0047752808988764045
