TWHydra_CO3_2line.image;model_comets_tr_500it;1;13 Methyliumylidene;0.7522613065326632
TWHydra_CO3_2line.image;model_comets_tr_500it;2;0 Methylidyne;0.008542713567839196
TWHydra_CO3_2line.image;model_comets_tr_500it;3;1 Formaldehyde;0.008542713567839196
TWHydra_CO3_2line.image;model_comets_tr_500it;4;2 Sulfur dioxide;0.008542713567839196
TWHydra_CO3_2line.image;model_comets_tr_500it;5;3 Carbon Monoxide;0.008542713567839196
TWHydra_CO3_2line.image;model_comets_2_500it;1;7 Carbon Monoxide Ion;0.7522613065326632
TWHydra_CO3_2line.image;model_comets_2_500it;2;0 Methylidyne;0.008542713567839196
TWHydra_CO3_2line.image;model_comets_2_500it;3;1 Formaldehyde;0.008542713567839196
TWHydra_CO3_2line.image;model_comets_2_500it;4;2 Sulfur dioxide;0.008542713567839196
TWHydra_CO3_2line.image;model_comets_2_500it;5;3 Carbon Monoxide;0.008542713567839196
TWHydra_CO3_2line.image;model_comets_full_500it;1;29 Formylium;0.385427135678392
TWHydra_CO3_2line.image;model_comets_full_500it;2;13 Methyliumylidene;0.3753768844221106
TWHydra_CO3_2line.image;model_comets_full_500it;3;0 Methylidyne;0.008542713567839196
TWHydra_CO3_2line.image;model_comets_full_500it;4;1 Formaldehyde;0.008542713567839196
TWHydra_CO3_2line.image;model_comets_full_500it;5;2 Sulfur dioxide;0.008542713567839196
TWHydra_CO3_2line.image;model_comets_full_expanded_00002_500it;1;20 Sulfur Monoxide ion;0.7422110552763819
TWHydra_CO3_2line.image;model_comets_full_expanded_00002_500it;2;6 Imidogen;0.0135678391959799
TWHydra_CO3_2line.image;model_comets_full_expanded_00002_500it;3;7 Carbon Monoxide Ion;0.0135678391959799
TWHydra_CO3_2line.image;model_comets_full_expanded_00002_500it;4;0 Methylidyne;0.008542713567839196
TWHydra_CO3_2line.image;model_comets_full_expanded_00002_500it;5;1 Formaldehyde;0.008542713567839196
TWHydra_CO3_2line.image;model_comets_full_expanded_00010_500it;1;15 Carbonyl Sulfide;0.7321608040201004
TWHydra_CO3_2line.image;model_comets_full_expanded_00010_500it;2;9 Isocyanic Acid;0.018592964824120605
TWHydra_CO3_2line.image;model_comets_full_expanded_00010_500it;3;17 Nitric oxide;0.0135678391959799
TWHydra_CO3_2line.image;model_comets_full_expanded_00010_500it;4;27 Molecular oxygen;0.0135678391959799
TWHydra_CO3_2line.image;model_comets_full_expanded_00010_500it;5;0 Methylidyne;0.008542713567839196
HD163296_CO_2_1.image;model_comets_tr_500it;1;13 Methyliumylidene;0.8615168539325843
HD163296_CO_2_1.image;model_comets_tr_500it;2;0 Methylidyne;0.0047752808988764045
HD163296_CO_2_1.image;model_comets_tr_500it;3;1 Formaldehyde;0.0047752808988764045
HD163296_CO_2_1.image;model_comets_tr_500it;4;2 Sulfur dioxide;0.0047752808988764045
HD163296_CO_2_1.image;model_comets_tr_500it;5;3 Carbon Monoxide;0.0047752808988764045
HD163296_CO_2_1.image;model_comets_2_500it;1;13 Methyliumylidene;0.8615168539325843
HD163296_CO_2_1.image;model_comets_2_500it;2;0 Methylidyne;0.0047752808988764045
HD163296_CO_2_1.image;model_comets_2_500it;3;1 Formaldehyde;0.0047752808988764045
HD163296_CO_2_1.image;model_comets_2_500it;4;2 Sulfur dioxide;0.0047752808988764045
HD163296_CO_2_1.image;model_comets_2_500it;5;3 Carbon Monoxide;0.0047752808988764045
HD163296_CO_2_1.image;model_comets_full_500it;1;13 Methyliumylidene;0.8615168539325843
HD163296_CO_2_1.image;model_comets_full_500it;2;0 Methylidyne;0.0047752808988764045
HD163296_CO_2_1.image;model_comets_full_500it;3;1 Formaldehyde;0.0047752808988764045
HD163296_CO_2_1.image;model_comets_full_500it;4;2 Sulfur dioxide;0.0047752808988764045
HD163296_CO_2_1.image;model_comets_full_500it;5;3 Carbon Monoxide;0.0047752808988764045
HD163296_CO_2_1.image;model_comets_full_expanded_00002_500it;1;7 Carbon Monoxide Ion;0.8615168539325843
HD163296_CO_2_1.image;model_comets_full_expanded_00002_500it;2;0 Methylidyne;0.0047752808988764045
HD163296_CO_2_1.image;model_comets_full_expanded_00002_500it;3;1 Formaldehyde;0.0047752808988764045
HD163296_CO_2_1.image;model_comets_full_expanded_00002_500it;4;2 Sulfur dioxide;0.0047752808988764045
HD163296_CO_2_1.image;model_comets_full_expanded_00002_500it;5;3 Carbon Monoxide;0.0047752808988764045
HD163296_CO_2_1.image;model_comets_full_expanded_00010_500it;1;3 Carbon Monoxide;0.8615168539325843
HD163296_CO_2_1.image;model_comets_full_expanded_00010_500it;2;0 Methylidyne;0.0047752808988764045
HD163296_CO_2_1.image;model_comets_full_expanded_00010_500it;3;1 Formaldehyde;0.0047752808988764045
HD163296_CO_2_1.image;model_comets_full_expanded_00010_500it;4;2 Sulfur dioxide;0.0047752808988764045
HD163296_CO_2_1.image;model_comets_full_expanded_00010_500it;5;4 Acetaldehyde;0.0047752808988764045
Orion.methanol.cbc.contsub.image;model_comets_tr_500it;1;13 Methyliumylidene;0.748469387755102
Orion.methanol.cbc.contsub.image;model_comets_tr_500it;2;0 Methylidyne;0.008673469387755102
Orion.methanol.cbc.contsub.image;model_comets_tr_500it;3;1 Formaldehyde;0.008673469387755102
Orion.methanol.cbc.contsub.image;model_comets_tr_500it;4;2 Sulfur dioxide;0.008673469387755102
Orion.methanol.cbc.contsub.image;model_comets_tr_500it;5;3 Carbon Monoxide;0.008673469387755102
Orion.methanol.cbc.contsub.image;model_comets_2_500it;1;13 Methyliumylidene;0.748469387755102
Orion.methanol.cbc.contsub.image;model_comets_2_500it;2;0 Methylidyne;0.008673469387755102
Orion.methanol.cbc.contsub.image;model_comets_2_500it;3;1 Formaldehyde;0.008673469387755102
Orion.methanol.cbc.contsub.image;model_comets_2_500it;4;2 Sulfur dioxide;0.008673469387755102
Orion.methanol.cbc.contsub.image;model_comets_2_500it;5;3 Carbon Monoxide;0.008673469387755102
Orion.methanol.cbc.contsub.image;model_comets_full_500it;1;13 Methyliumylidene;0.5494897959183673
Orion.methanol.cbc.contsub.image;model_comets_full_500it;2;15 Carbonyl Sulfide;0.20765306122448982
Orion.methanol.cbc.contsub.image;model_comets_full_500it;3;0 Methylidyne;0.008673469387755102
Orion.methanol.cbc.contsub.image;model_comets_full_500it;4;1 Formaldehyde;0.008673469387755102
Orion.methanol.cbc.contsub.image;model_comets_full_500it;5;2 Sulfur dioxide;0.008673469387755102
Orion.methanol.cbc.contsub.image;model_comets_full_expanded_00002_500it;1;29 Formylium;0.748469387755102
Orion.methanol.cbc.contsub.image;model_comets_full_expanded_00002_500it;2;0 Methylidyne;0.008673469387755102
Orion.methanol.cbc.contsub.image;model_comets_full_expanded_00002_500it;3;1 Formaldehyde;0.008673469387755102
Orion.methanol.cbc.contsub.image;model_comets_full_expanded_00002_500it;4;2 Sulfur dioxide;0.008673469387755102
Orion.methanol.cbc.contsub.image;model_comets_full_expanded_00002_500it;5;3 Carbon Monoxide;0.008673469387755102
Orion.methanol.cbc.contsub.image;model_comets_full_expanded_00010_500it;1;15 Carbonyl Sulfide;0.7433673469387755
Orion.methanol.cbc.contsub.image;model_comets_full_expanded_00010_500it;2;25 Hydrogen Cyanide;0.013775510204081633
Orion.methanol.cbc.contsub.image;model_comets_full_expanded_00010_500it;3;0 Methylidyne;0.008673469387755102
Orion.methanol.cbc.contsub.image;model_comets_full_expanded_00010_500it;4;1 Formaldehyde;0.008673469387755102
Orion.methanol.cbc.contsub.image;model_comets_full_expanded_00010_500it;5;2 Sulfur dioxide;0.008673469387755102
Orion.HNC.cbc.contsub.image;model_comets_tr_500it;1;13 Methyliumylidene;0.8820574162679425
Orion.HNC.cbc.contsub.image;model_comets_tr_500it;2;0 Methylidyne;0.004066985645933014
Orion.HNC.cbc.contsub.image;model_comets_tr_500it;3;1 Formaldehyde;0.004066985645933014
Orion.HNC.cbc.contsub.image;model_comets_tr_500it;4;2 Sulfur dioxide;0.004066985645933014
Orion.HNC.cbc.contsub.image;model_comets_tr_500it;5;3 Carbon Monoxide;0.004066985645933014
Orion.HNC.cbc.contsub.image;model_comets_2_500it;1;13 Methyliumylidene;0.8820574162679425
Orion.HNC.cbc.contsub.image;model_comets_2_500it;2;0 Methylidyne;0.004066985645933014
Orion.HNC.cbc.contsub.image;model_comets_2_500it;3;1 Formaldehyde;0.004066985645933014
Orion.HNC.cbc.contsub.image;model_comets_2_500it;4;2 Sulfur dioxide;0.004066985645933014
Orion.HNC.cbc.contsub.image;model_comets_2_500it;5;3 Carbon Monoxide;0.004066985645933014
Orion.HNC.cbc.contsub.image;model_comets_full_500it;1;29 Formylium;0.8820574162679425
Orion.HNC.cbc.contsub.image;model_comets_full_500it;2;0 Methylidyne;0.004066985645933014
Orion.HNC.cbc.contsub.image;model_comets_full_500it;3;1 Formaldehyde;0.004066985645933014
Orion.HNC.cbc.contsub.image;model_comets_full_500it;4;2 Sulfur dioxide;0.004066985645933014
Orion.HNC.cbc.contsub.image;model_comets_full_500it;5;3 Carbon Monoxide;0.004066985645933014
Orion.HNC.cbc.contsub.image;model_comets_full_expanded_00002_500it;1;20 Sulfur Monoxide ion;0.8820574162679425
Orion.HNC.cbc.contsub.image;model_comets_full_expanded_00002_500it;2;0 Methylidyne;0.004066985645933014
Orion.HNC.cbc.contsub.image;model_comets_full_expanded_00002_500it;3;1 Formaldehyde;0.004066985645933014
Orion.HNC.cbc.contsub.image;model_comets_full_expanded_00002_500it;4;2 Sulfur dioxide;0.004066985645933014
Orion.HNC.cbc.contsub.image;model_comets_full_expanded_00002_500it;5;3 Carbon Monoxide;0.004066985645933014
Orion.HNC.cbc.contsub.image;model_comets_full_expanded_00010_500it;1;25 Hydrogen Cyanide;0.8820574162679425
Orion.HNC.cbc.contsub.image;model_comets_full_expanded_00010_500it;2;0 Methylidyne;0.004066985645933014
Orion.HNC.cbc.contsub.image;model_comets_full_expanded_00010_500it;3;1 Formaldehyde;0.004066985645933014
Orion.HNC.cbc.contsub.image;model_comets_full_expanded_00010_500it;4;2 Sulfur dioxide;0.004066985645933014
Orion.HNC.cbc.contsub.image;model_comets_full_expanded_00010_500it;5;3 Carbon Monoxide;0.004066985645933014
TWHydra_HCOplusline.image;model_comets_tr_500it;1;13 Methyliumylidene;0.7445595854922279
TWHydra_HCOplusline.image;model_comets_tr_500it;2;0 Methylidyne;0.008808290155440414
TWHydra_HCOplusline.image;model_comets_tr_500it;3;1 Formaldehyde;0.008808290155440414
TWHydra_HCOplusline.image;model_comets_tr_500it;4;2 Sulfur dioxide;0.008808290155440414
TWHydra_HCOplusline.image;model_comets_tr_500it;5;3 Carbon Monoxide;0.008808290155440414
TWHydra_HCOplusline.image;model_comets_2_500it;1;29 Formylium;0.5787564766839378
TWHydra_HCOplusline.image;model_comets_2_500it;2;3 Carbon Monoxide;0.1746113989637306
TWHydra_HCOplusline.image;model_comets_2_500it;3;0 Methylidyne;0.008808290155440414
TWHydra_HCOplusline.image;model_comets_2_500it;4;1 Formaldehyde;0.008808290155440414
TWHydra_HCOplusline.image;model_comets_2_500it;5;2 Sulfur dioxide;0.008808290155440414
TWHydra_HCOplusline.image;model_comets_full_500it;1;13 Methyliumylidene;0.4699481865284974
TWHydra_HCOplusline.image;model_comets_full_500it;2;28 Hydrogen Isocyanide;0.25751295336787566
TWHydra_HCOplusline.image;model_comets_full_500it;3;3 Carbon Monoxide;0.03471502590673575
TWHydra_HCOplusline.image;model_comets_full_500it;4;0 Methylidyne;0.008808290155440414
TWHydra_HCOplusline.image;model_comets_full_500it;5;1 Formaldehyde;0.008808290155440414
TWHydra_HCOplusline.image;model_comets_full_expanded_00002_500it;1;15 Carbonyl Sulfide;0.7445595854922279
TWHydra_HCOplusline.image;model_comets_full_expanded_00002_500it;2;0 Methylidyne;0.008808290155440414
TWHydra_HCOplusline.image;model_comets_full_expanded_00002_500it;3;1 Formaldehyde;0.008808290155440414
TWHydra_HCOplusline.image;model_comets_full_expanded_00002_500it;4;2 Sulfur dioxide;0.008808290155440414
TWHydra_HCOplusline.image;model_comets_full_expanded_00002_500it;5;3 Carbon Monoxide;0.008808290155440414
TWHydra_HCOplusline.image;model_comets_full_expanded_00010_500it;1;13 Methyliumylidene;0.7445595854922279
TWHydra_HCOplusline.image;model_comets_full_expanded_00010_500it;2;0 Methylidyne;0.008808290155440414
TWHydra_HCOplusline.image;model_comets_full_expanded_00010_500it;3;1 Formaldehyde;0.008808290155440414
TWHydra_HCOplusline.image;model_comets_full_expanded_00010_500it;4;2 Sulfur dioxide;0.008808290155440414
TWHydra_HCOplusline.image;model_comets_full_expanded_00010_500it;5;3 Carbon Monoxide;0.008808290155440414
uid___A002_Xa916fc_X668__IRS43_HCO32.final.image.pbcor;model_comets_tr_500it;1;13 Methyliumylidene;0.9425407925407926
uid___A002_Xa916fc_X668__IRS43_HCO32.final.image.pbcor;model_comets_tr_500it;2;0 Methylidyne;0.001981351981351981
uid___A002_Xa916fc_X668__IRS43_HCO32.final.image.pbcor;model_comets_tr_500it;3;1 Formaldehyde;0.001981351981351981
uid___A002_Xa916fc_X668__IRS43_HCO32.final.image.pbcor;model_comets_tr_500it;4;2 Sulfur dioxide;0.001981351981351981
uid___A002_Xa916fc_X668__IRS43_HCO32.final.image.pbcor;model_comets_tr_500it;5;3 Carbon Monoxide;0.001981351981351981
uid___A002_Xa916fc_X668__IRS43_HCO32.final.image.pbcor;model_comets_2_500it;1;13 Methyliumylidene;0.9425407925407926
uid___A002_Xa916fc_X668__IRS43_HCO32.final.image.pbcor;model_comets_2_500it;2;0 Methylidyne;0.001981351981351981
uid___A002_Xa916fc_X668__IRS43_HCO32.final.image.pbcor;model_comets_2_500it;3;1 Formaldehyde;0.001981351981351981
uid___A002_Xa916fc_X668__IRS43_HCO32.final.image.pbcor;model_comets_2_500it;4;2 Sulfur dioxide;0.001981351981351981
uid___A002_Xa916fc_X668__IRS43_HCO32.final.image.pbcor;model_comets_2_500it;5;3 Carbon Monoxide;0.001981351981351981
uid___A002_Xa916fc_X668__IRS43_HCO32.final.image.pbcor;model_comets_full_500it;1;13 Methyliumylidene;0.9425407925407926
uid___A002_Xa916fc_X668__IRS43_HCO32.final.image.pbcor;model_comets_full_500it;2;0 Methylidyne;0.001981351981351981
uid___A002_Xa916fc_X668__IRS43_HCO32.final.image.pbcor;model_comets_full_500it;3;1 Formaldehyde;0.001981351981351981
uid___A002_Xa916fc_X668__IRS43_HCO32.final.image.pbcor;model_comets_full_500it;4;2 Sulfur dioxide;0.001981351981351981
uid___A002_Xa916fc_X668__IRS43_HCO32.final.image.pbcor;model_comets_full_500it;5;3 Carbon Monoxide;0.001981351981351981
uid___A002_Xa916fc_X668__IRS43_HCO32.final.image.pbcor;model_comets_full_expanded_00002_500it;1;28 Hydrogen Isocyanide;0.9413752913752914
uid___A002_Xa916fc_X668__IRS43_HCO32.final.image.pbcor;model_comets_full_expanded_00002_500it;2;0 Methylidyne;0.003146853146853147
uid___A002_Xa916fc_X668__IRS43_HCO32.final.image.pbcor;model_comets_full_expanded_00002_500it;3;1 Formaldehyde;0.001981351981351981
uid___A002_Xa916fc_X668__IRS43_HCO32.final.image.pbcor;model_comets_full_expanded_00002_500it;4;2 Sulfur dioxide;0.001981351981351981
uid___A002_Xa916fc_X668__IRS43_HCO32.final.image.pbcor;model_comets_full_expanded_00002_500it;5;3 Carbon Monoxide;0.001981351981351981
uid___A002_Xa916fc_X668__IRS43_HCO32.final.image.pbcor;model_comets_full_expanded_00010_500it;1;15 Carbonyl Sulfide;0.9425407925407926
uid___A002_Xa916fc_X668__IRS43_HCO32.final.image.pbcor;model_comets_full_expanded_00010_500it;2;0 Methylidyne;0.001981351981351981
uid___A002_Xa916fc_X668__IRS43_HCO32.final.image.pbcor;model_comets_full_expanded_00010_500it;3;1 Formaldehyde;0.001981351981351981
uid___A002_Xa916fc_X668__IRS43_HCO32.final.image.pbcor;model_comets_full_expanded_00010_500it;4;2 Sulfur dioxide;0.001981351981351981
uid___A002_Xa916fc_X668__IRS43_HCO32.final.image.pbcor;model_comets_full_expanded_00010_500it;5;3 Carbon Monoxide;0.001981351981351981
