1;29 Formylium;0.385427135678392
2;13 Methyliumylidene;0.3753768844221106
3;0 Methylidyne;0.008542713567839196
4;1 Formaldehyde;0.008542713567839196
5;2 Sulfur dioxide;0.008542713567839196
6;3 Carbon Monoxide;0.008542713567839196
7;4 Acetaldehyde;0.008542713567839196
8;5 Water;0.008542713567839196
9;6 Imidogen;0.008542713567839196
10;7 Carbon Monoxide Ion;0.008542713567839196
11;8 Nitric sulfide;0.008542713567839196
12;9 Isocyanic Acid;0.008542713567839196
13;10 Formic Acid;0.008542713567839196
14;11 Amidogen;0.008542713567839196
15;12 Ethylene Glycol;0.008542713567839196
16;14 Cyanide Radical;0.008542713567839196
17;15 Carbonyl Sulfide;0.008542713567839196
18;16 Hydroxyl;0.008542713567839196
19;17 Nitric oxide;0.008542713567839196
20;18 Methyl Cyanide;0.008542713567839196
21;19 Cyclopropenylidene;0.008542713567839196
22;20 Sulfur Monoxide ion;0.008542713567839196
23;21 Methanol;0.008542713567839196
24;22 Thioformaldehyde;0.008542713567839196
25;23 Ammonia;0.008542713567839196
26;24 Cyanoacetylene;0.008542713567839196
27;25 Hydrogen Cyanide;0.008542713567839196
28;26 Hydrogen sulfide;0.008542713567839196
29;27 Molecular oxygen;0.008542713567839196
30;28 Hydrogen Isocyanide;0.008542713567839196
