1;13 Methyliumylidene;0.7522613065326632
2;0 Methylidyne;0.008542713567839196
3;1 Formaldehyde;0.008542713567839196
4;2 Sulfur dioxide;0.008542713567839196
5;3 Carbon Monoxide;0.008542713567839196
6;4 Acetaldehyde;0.008542713567839196
7;5 Water;0.008542713567839196
8;6 Imidogen;0.008542713567839196
9;7 Carbon Monoxide Ion;0.008542713567839196
10;8 Nitric sulfide;0.008542713567839196
11;9 Isocyanic Acid;0.008542713567839196
12;10 Formic Acid;0.008542713567839196
13;11 Amidogen;0.008542713567839196
14;12 Ethylene Glycol;0.008542713567839196
15;14 Cyanide Radical;0.008542713567839196
16;15 Carbonyl Sulfide;0.008542713567839196
17;16 Hydroxyl;0.008542713567839196
18;17 Nitric oxide;0.008542713567839196
19;18 Methyl Cyanide;0.008542713567839196
20;19 Cyclopropenylidene;0.008542713567839196
21;20 Sulfur Monoxide ion;0.008542713567839196
22;21 Methanol;0.008542713567839196
23;22 Thioformaldehyde;0.008542713567839196
24;23 Ammonia;0.008542713567839196
25;24 Cyanoacetylene;0.008542713567839196
26;25 Hydrogen Cyanide;0.008542713567839196
27;26 Hydrogen sulfide;0.008542713567839196
28;27 Molecular oxygen;0.008542713567839196
29;28 Hydrogen Isocyanide;0.008542713567839196
30;29 Formylium;0.008542713567839196
