1;29 Formylium;0.834006734006734
2;0 Methylidyne;0.005723905723905724
3;1 Formaldehyde;0.005723905723905724
4;2 Sulfur dioxide;0.005723905723905724
5;3 Carbon Monoxide;0.005723905723905724
6;4 Acetaldehyde;0.005723905723905724
7;5 Water;0.005723905723905724
8;6 Imidogen;0.005723905723905724
9;7 Carbon Monoxide Ion;0.005723905723905724
10;8 Nitric sulfide;0.005723905723905724
11;9 Isocyanic Acid;0.005723905723905724
12;10 Formic Acid;0.005723905723905724
13;11 Amidogen;0.005723905723905724
14;12 Ethylene Glycol;0.005723905723905724
15;13 Methyliumylidene;0.005723905723905724
16;14 Cyanide Radical;0.005723905723905724
17;15 Carbonyl Sulfide;0.005723905723905724
18;16 Hydroxyl;0.005723905723905724
19;17 Nitric oxide;0.005723905723905724
20;18 Methyl Cyanide;0.005723905723905724
21;19 Cyclopropenylidene;0.005723905723905724
22;20 Sulfur Monoxide ion;0.005723905723905724
23;21 Methanol;0.005723905723905724
24;22 Thioformaldehyde;0.005723905723905724
25;23 Ammonia;0.005723905723905724
26;24 Cyanoacetylene;0.005723905723905724
27;25 Hydrogen Cyanide;0.005723905723905724
28;26 Hydrogen sulfide;0.005723905723905724
29;27 Molecular oxygen;0.005723905723905724
30;28 Hydrogen Isocyanide;0.005723905723905724
