Orion.HNC.cbc.contsub.image;model_comets_tr_500it;1;28 Hydrogen Isocyanide;0.834006734006734
Orion.HNC.cbc.contsub.image;model_comets_tr_500it;2;0 Methylidyne;0.005723905723905724
Orion.HNC.cbc.contsub.image;model_comets_tr_500it;3;1 Formaldehyde;0.005723905723905724
Orion.HNC.cbc.contsub.image;model_comets_tr_500it;4;2 Sulfur dioxide;0.005723905723905724
Orion.HNC.cbc.contsub.image;model_comets_tr_500it;5;3 Carbon Monoxide;0.005723905723905724
Orion.HNC.cbc.contsub.image;model_comets_2_500it;1;13 Methyliumylidene;0.6353535353535353
Orion.HNC.cbc.contsub.image;model_comets_2_500it;2;15 Carbonyl Sulfide;0.20101010101010103
Orion.HNC.cbc.contsub.image;model_comets_2_500it;3;28 Hydrogen Isocyanide;0.009090909090909092
Orion.HNC.cbc.contsub.image;model_comets_2_500it;4;0 Methylidyne;0.005723905723905724
Orion.HNC.cbc.contsub.image;model_comets_2_500it;5;1 Formaldehyde;0.005723905723905724
Orion.HNC.cbc.contsub.image;model_comets_full_500it;1;28 Hydrogen Isocyanide;0.8306397306397306
Orion.HNC.cbc.contsub.image;model_comets_full_500it;2;4 Acetaldehyde;0.009090909090909092
Orion.HNC.cbc.contsub.image;model_comets_full_500it;3;0 Methylidyne;0.005723905723905724
Orion.HNC.cbc.contsub.image;model_comets_full_500it;4;1 Formaldehyde;0.005723905723905724
Orion.HNC.cbc.contsub.image;model_comets_full_500it;5;2 Sulfur dioxide;0.005723905723905724
Orion.HNC.cbc.contsub.image;model_comets_full_expanded_00002_500it;1;29 Formylium;0.834006734006734
Orion.HNC.cbc.contsub.image;model_comets_full_expanded_00002_500it;2;0 Methylidyne;0.005723905723905724
Orion.HNC.cbc.contsub.image;model_comets_full_expanded_00002_500it;3;1 Formaldehyde;0.005723905723905724
Orion.HNC.cbc.contsub.image;model_comets_full_expanded_00002_500it;4;2 Sulfur dioxide;0.005723905723905724
Orion.HNC.cbc.contsub.image;model_comets_full_expanded_00002_500it;5;3 Carbon Monoxide;0.005723905723905724
Orion.HNC.cbc.contsub.image;model_comets_full_expanded_00010_500it;1;27 Molecular oxygen;0.834006734006734
Orion.HNC.cbc.contsub.image;model_comets_full_expanded_00010_500it;2;0 Methylidyne;0.005723905723905724
Orion.HNC.cbc.contsub.image;model_comets_full_expanded_00010_500it;3;1 Formaldehyde;0.005723905723905724
Orion.HNC.cbc.contsub.image;model_comets_full_expanded_00010_500it;4;2 Sulfur dioxide;0.005723905723905724
Orion.HNC.cbc.contsub.image;model_comets_full_expanded_00010_500it;5;3 Carbon Monoxide;0.005723905723905724
TWHydra_HCOplusline.image;model_comets_tr_500it;1;13 Methyliumylidene;0.3426666666666667
TWHydra_HCOplusline.image;model_comets_tr_500it;2;0 Methylidyne;0.022666666666666665
TWHydra_HCOplusline.image;model_comets_tr_500it;3;1 Formaldehyde;0.022666666666666665
TWHydra_HCOplusline.image;model_comets_tr_500it;4;2 Sulfur dioxide;0.022666666666666665
TWHydra_HCOplusline.image;model_comets_tr_500it;5;3 Carbon Monoxide;0.022666666666666665
TWHydra_HCOplusline.image;model_comets_2_500it;1;29 Formylium;0.3426666666666667
TWHydra_HCOplusline.image;model_comets_2_500it;2;0 Methylidyne;0.022666666666666665
TWHydra_HCOplusline.image;model_comets_2_500it;3;1 Formaldehyde;0.022666666666666665
TWHydra_HCOplusline.image;model_comets_2_500it;4;2 Sulfur dioxide;0.022666666666666665
TWHydra_HCOplusline.image;model_comets_2_500it;5;3 Carbon Monoxide;0.022666666666666665
TWHydra_HCOplusline.image;model_comets_full_500it;1;13 Methyliumylidene;0.3426666666666667
TWHydra_HCOplusline.image;model_comets_full_500it;2;0 Methylidyne;0.022666666666666665
TWHydra_HCOplusline.image;model_comets_full_500it;3;1 Formaldehyde;0.022666666666666665
TWHydra_HCOplusline.image;model_comets_full_500it;4;2 Sulfur dioxide;0.022666666666666665
TWHydra_HCOplusline.image;model_comets_full_500it;5;3 Carbon Monoxide;0.022666666666666665
TWHydra_HCOplusline.image;model_comets_full_expanded_00002_500it;1;29 Formylium;0.3293333333333333
TWHydra_HCOplusline.image;model_comets_full_expanded_00002_500it;2;13 Methyliumylidene;0.036000000000000004
TWHydra_HCOplusline.image;model_comets_full_expanded_00002_500it;3;0 Methylidyne;0.022666666666666665
TWHydra_HCOplusline.image;model_comets_full_expanded_00002_500it;4;1 Formaldehyde;0.022666666666666665
TWHydra_HCOplusline.image;model_comets_full_expanded_00002_500it;5;2 Sulfur dioxide;0.022666666666666665
TWHydra_HCOplusline.image;model_comets_full_expanded_00010_500it;1;29 Formylium;0.3426666666666667
TWHydra_HCOplusline.image;model_comets_full_expanded_00010_500it;2;0 Methylidyne;0.022666666666666665
TWHydra_HCOplusline.image;model_comets_full_expanded_00010_500it;3;1 Formaldehyde;0.022666666666666665
TWHydra_HCOplusline.image;model_comets_full_expanded_00010_500it;4;2 Sulfur dioxide;0.022666666666666665
TWHydra_HCOplusline.image;model_comets_full_expanded_00010_500it;5;3 Carbon Monoxide;0.022666666666666665
TWHydra_CO3_2line.image;model_comets_tr_500it;1;13 Methyliumylidene;0.391358024691358
TWHydra_CO3_2line.image;model_comets_tr_500it;2;0 Methylidyne;0.020987654320987655
TWHydra_CO3_2line.image;model_comets_tr_500it;3;1 Formaldehyde;0.020987654320987655
TWHydra_CO3_2line.image;model_comets_tr_500it;4;2 Sulfur dioxide;0.020987654320987655
TWHydra_CO3_2line.image;model_comets_tr_500it;5;3 Carbon Monoxide;0.020987654320987655
TWHydra_CO3_2line.image;model_comets_2_500it;1;13 Methyliumylidene;0.391358024691358
TWHydra_CO3_2line.image;model_comets_2_500it;2;0 Methylidyne;0.020987654320987655
TWHydra_CO3_2line.image;model_comets_2_500it;3;1 Formaldehyde;0.020987654320987655
TWHydra_CO3_2line.image;model_comets_2_500it;4;2 Sulfur dioxide;0.020987654320987655
TWHydra_CO3_2line.image;model_comets_2_500it;5;3 Carbon Monoxide;0.020987654320987655
TWHydra_CO3_2line.image;model_comets_full_500it;1;29 Formylium;0.391358024691358
TWHydra_CO3_2line.image;model_comets_full_500it;2;0 Methylidyne;0.020987654320987655
TWHydra_CO3_2line.image;model_comets_full_500it;3;1 Formaldehyde;0.020987654320987655
TWHydra_CO3_2line.image;model_comets_full_500it;4;2 Sulfur dioxide;0.020987654320987655
TWHydra_CO3_2line.image;model_comets_full_500it;5;3 Carbon Monoxide;0.020987654320987655
TWHydra_CO3_2line.image;model_comets_full_expanded_00002_500it;1;3 Carbon Monoxide;0.3790123456790123
TWHydra_CO3_2line.image;model_comets_full_expanded_00002_500it;2;19 Cyclopropenylidene;0.03333333333333333
TWHydra_CO3_2line.image;model_comets_full_expanded_00002_500it;3;0 Methylidyne;0.020987654320987655
TWHydra_CO3_2line.image;model_comets_full_expanded_00002_500it;4;1 Formaldehyde;0.020987654320987655
TWHydra_CO3_2line.image;model_comets_full_expanded_00002_500it;5;2 Sulfur dioxide;0.020987654320987655
TWHydra_CO3_2line.image;model_comets_full_expanded_00010_500it;1;3 Carbon Monoxide;0.3790123456790123
TWHydra_CO3_2line.image;model_comets_full_expanded_00010_500it;2;1 Formaldehyde;0.03333333333333333
TWHydra_CO3_2line.image;model_comets_full_expanded_00010_500it;3;0 Methylidyne;0.020987654320987655
TWHydra_CO3_2line.image;model_comets_full_expanded_00010_500it;4;2 Sulfur dioxide;0.020987654320987655
TWHydra_CO3_2line.image;model_comets_full_expanded_00010_500it;5;4 Acetaldehyde;0.020987654320987655
uid___A002_Xa916fc_X668__IRS43_HCO32.final.image.pbcor;model_comets_tr_500it;1;13 Methyliumylidene;0.8923580786026201
uid___A002_Xa916fc_X668__IRS43_HCO32.final.image.pbcor;model_comets_tr_500it;2;0 Methylidyne;0.0037117903930131003
uid___A002_Xa916fc_X668__IRS43_HCO32.final.image.pbcor;model_comets_tr_500it;3;1 Formaldehyde;0.0037117903930131003
uid___A002_Xa916fc_X668__IRS43_HCO32.final.image.pbcor;model_comets_tr_500it;4;2 Sulfur dioxide;0.0037117903930131003
uid___A002_Xa916fc_X668__IRS43_HCO32.final.image.pbcor;model_comets_tr_500it;5;3 Carbon Monoxide;0.0037117903930131003
uid___A002_Xa916fc_X668__IRS43_HCO32.final.image.pbcor;model_comets_2_500it;1;13 Methyliumylidene;0.8923580786026201
uid___A002_Xa916fc_X668__IRS43_HCO32.final.image.pbcor;model_comets_2_500it;2;0 Methylidyne;0.0037117903930131003
uid___A002_Xa916fc_X668__IRS43_HCO32.final.image.pbcor;model_comets_2_500it;3;1 Formaldehyde;0.0037117903930131003
uid___A002_Xa916fc_X668__IRS43_HCO32.final.image.pbcor;model_comets_2_500it;4;2 Sulfur dioxide;0.0037117903930131003
uid___A002_Xa916fc_X668__IRS43_HCO32.final.image.pbcor;model_comets_2_500it;5;3 Carbon Monoxide;0.0037117903930131003
uid___A002_Xa916fc_X668__IRS43_HCO32.final.image.pbcor;model_comets_full_500it;1;13 Methyliumylidene;0.8334061135371179
uid___A002_Xa916fc_X668__IRS43_HCO32.final.image.pbcor;model_comets_full_500it;2;29 Formylium;0.06266375545851528
uid___A002_Xa916fc_X668__IRS43_HCO32.final.image.pbcor;model_comets_full_500it;3;0 Methylidyne;0.0037117903930131003
uid___A002_Xa916fc_X668__IRS43_HCO32.final.image.pbcor;model_comets_full_500it;4;1 Formaldehyde;0.0037117903930131003
uid___A002_Xa916fc_X668__IRS43_HCO32.final.image.pbcor;model_comets_full_500it;5;2 Sulfur dioxide;0.0037117903930131003
uid___A002_Xa916fc_X668__IRS43_HCO32.final.image.pbcor;model_comets_full_expanded_00002_500it;1;28 Hydrogen Isocyanide;0.8923580786026201
uid___A002_Xa916fc_X668__IRS43_HCO32.final.image.pbcor;model_comets_full_expanded_00002_500it;2;0 Methylidyne;0.0037117903930131003
uid___A002_Xa916fc_X668__IRS43_HCO32.final.image.pbcor;model_comets_full_expanded_00002_500it;3;1 Formaldehyde;0.0037117903930131003
uid___A002_Xa916fc_X668__IRS43_HCO32.final.image.pbcor;model_comets_full_expanded_00002_500it;4;2 Sulfur dioxide;0.0037117903930131003
uid___A002_Xa916fc_X668__IRS43_HCO32.final.image.pbcor;model_comets_full_expanded_00002_500it;5;3 Carbon Monoxide;0.0037117903930131003
uid___A002_Xa916fc_X668__IRS43_HCO32.final.image.pbcor;model_comets_full_expanded_00010_500it;1;25 Hydrogen Cyanide;0.8879912663755458
uid___A002_Xa916fc_X668__IRS43_HCO32.final.image.pbcor;model_comets_full_expanded_00010_500it;2;7 Carbon Monoxide Ion;0.0058951965065502186
uid___A002_Xa916fc_X668__IRS43_HCO32.final.image.pbcor;model_comets_full_expanded_00010_500it;3;17 Nitric oxide;0.0058951965065502186
uid___A002_Xa916fc_X668__IRS43_HCO32.final.image.pbcor;model_comets_full_expanded_00010_500it;4;0 Methylidyne;0.0037117903930131003
uid___A002_Xa916fc_X668__IRS43_HCO32.final.image.pbcor;model_comets_full_expanded_00010_500it;5;1 Formaldehyde;0.0037117903930131003
Orion.methanol.cbc.contsub.image;model_comets_tr_500it;1;13 Methyliumylidene;0.6819354838709678
Orion.methanol.cbc.contsub.image;model_comets_tr_500it;2;0 Methylidyne;0.01096774193548387
Orion.methanol.cbc.contsub.image;model_comets_tr_500it;3;1 Formaldehyde;0.01096774193548387
Orion.methanol.cbc.contsub.image;model_comets_tr_500it;4;2 Sulfur dioxide;0.01096774193548387
Orion.methanol.cbc.contsub.image;model_comets_tr_500it;5;3 Carbon Monoxide;0.01096774193548387
Orion.methanol.cbc.contsub.image;model_comets_2_500it;1;13 Methyliumylidene;0.6819354838709678
Orion.methanol.cbc.contsub.image;model_comets_2_500it;2;0 Methylidyne;0.01096774193548387
Orion.methanol.cbc.contsub.image;model_comets_2_500it;3;1 Formaldehyde;0.01096774193548387
Orion.methanol.cbc.contsub.image;model_comets_2_500it;4;2 Sulfur dioxide;0.01096774193548387
Orion.methanol.cbc.contsub.image;model_comets_2_500it;5;3 Carbon Monoxide;0.01096774193548387
Orion.methanol.cbc.contsub.image;model_comets_full_500it;1;13 Methyliumylidene;0.6561290322580645
Orion.methanol.cbc.contsub.image;model_comets_full_500it;2;28 Hydrogen Isocyanide;0.036774193548387096
Orion.methanol.cbc.contsub.image;model_comets_full_500it;3;0 Methylidyne;0.01096774193548387
Orion.methanol.cbc.contsub.image;model_comets_full_500it;4;1 Formaldehyde;0.01096774193548387
Orion.methanol.cbc.contsub.image;model_comets_full_500it;5;2 Sulfur dioxide;0.01096774193548387
Orion.methanol.cbc.contsub.image;model_comets_full_expanded_00002_500it;1;20 Sulfur Monoxide ion;0.6819354838709678
Orion.methanol.cbc.contsub.image;model_comets_full_expanded_00002_500it;2;0 Methylidyne;0.01096774193548387
Orion.methanol.cbc.contsub.image;model_comets_full_expanded_00002_500it;3;1 Formaldehyde;0.01096774193548387
Orion.methanol.cbc.contsub.image;model_comets_full_expanded_00002_500it;4;2 Sulfur dioxide;0.01096774193548387
Orion.methanol.cbc.contsub.image;model_comets_full_expanded_00002_500it;5;3 Carbon Monoxide;0.01096774193548387
Orion.methanol.cbc.contsub.image;model_comets_full_expanded_00010_500it;1;28 Hydrogen Isocyanide;0.6819354838709678
Orion.methanol.cbc.contsub.image;model_comets_full_expanded_00010_500it;2;0 Methylidyne;0.01096774193548387
Orion.methanol.cbc.contsub.image;model_comets_full_expanded_00010_500it;3;1 Formaldehyde;0.01096774193548387
Orion.methanol.cbc.contsub.image;model_comets_full_expanded_00010_500it;4;2 Sulfur dioxide;0.01096774193548387
Orion.methanol.cbc.contsub.image;model_comets_full_expanded_00010_500it;5;3 Carbon Monoxide;0.01096774193548387
HD163296_CO_2_1.image;model_comets_tr_500it;1;13 Methyliumylidene;0.5349056603773585
HD163296_CO_2_1.image;model_comets_tr_500it;2;0 Methylidyne;0.016037735849056604
HD163296_CO_2_1.image;model_comets_tr_500it;3;1 Formaldehyde;0.016037735849056604
HD163296_CO_2_1.image;model_comets_tr_500it;4;2 Sulfur dioxide;0.016037735849056604
HD163296_CO_2_1.image;model_comets_tr_500it;5;3 Carbon Monoxide;0.016037735849056604
HD163296_CO_2_1.image;model_comets_2_500it;1;13 Methyliumylidene;0.5349056603773585
HD163296_CO_2_1.image;model_comets_2_500it;2;0 Methylidyne;0.016037735849056604
HD163296_CO_2_1.image;model_comets_2_500it;3;1 Formaldehyde;0.016037735849056604
HD163296_CO_2_1.image;model_comets_2_500it;4;2 Sulfur dioxide;0.016037735849056604
HD163296_CO_2_1.image;model_comets_2_500it;5;3 Carbon Monoxide;0.016037735849056604
HD163296_CO_2_1.image;model_comets_full_500it;1;13 Methyliumylidene;0.5349056603773585
HD163296_CO_2_1.image;model_comets_full_500it;2;0 Methylidyne;0.016037735849056604
HD163296_CO_2_1.image;model_comets_full_500it;3;1 Formaldehyde;0.016037735849056604
HD163296_CO_2_1.image;model_comets_full_500it;4;2 Sulfur dioxide;0.016037735849056604
HD163296_CO_2_1.image;model_comets_full_500it;5;3 Carbon Monoxide;0.016037735849056604
HD163296_CO_2_1.image;model_comets_full_expanded_00002_500it;1;24 Cyanoacetylene;0.5349056603773585
HD163296_CO_2_1.image;model_comets_full_expanded_00002_500it;2;0 Methylidyne;0.016037735849056604
HD163296_CO_2_1.image;model_comets_full_expanded_00002_500it;3;1 Formaldehyde;0.016037735849056604
HD163296_CO_2_1.image;model_comets_full_expanded_00002_500it;4;2 Sulfur dioxide;0.016037735849056604
HD163296_CO_2_1.image;model_comets_full_expanded_00002_500it;5;3 Carbon Monoxide;0.016037735849056604
HD163296_CO_2_1.image;model_comets_full_expanded_00010_500it;1;3 Carbon Monoxide;0.5349056603773585
HD163296_CO_2_1.image;model_comets_full_expanded_00010_500it;2;0 Methylidyne;0.016037735849056604
HD163296_CO_2_1.image;model_comets_full_expanded_00010_500it;3;1 Formaldehyde;0.016037735849056604
HD163296_CO_2_1.image;model_comets_full_expanded_00010_500it;4;2 Sulfur dioxide;0.016037735849056604
HD163296_CO_2_1.image;model_comets_full_expanded_00010_500it;5;4 Acetaldehyde;0.016037735849056604
