1;13 Methyliumylidene;0.8334061135371179
2;29 Formylium;0.06266375545851528
3;0 Methylidyne;0.0037117903930131003
4;1 Formaldehyde;0.0037117903930131003
5;2 Sulfur dioxide;0.0037117903930131003
6;3 Carbon Monoxide;0.0037117903930131003
7;4 Acetaldehyde;0.0037117903930131003
8;5 Water;0.0037117903930131003
9;6 Imidogen;0.0037117903930131003
10;7 Carbon Monoxide Ion;0.0037117903930131003
11;8 Nitric sulfide;0.0037117903930131003
12;9 Isocyanic Acid;0.0037117903930131003
13;10 Formic Acid;0.0037117903930131003
14;11 Amidogen;0.0037117903930131003
15;12 Ethylene Glycol;0.0037117903930131003
16;14 Cyanide Radical;0.0037117903930131003
17;15 Carbonyl Sulfide;0.0037117903930131003
18;16 Hydroxyl;0.0037117903930131003
19;17 Nitric oxide;0.0037117903930131003
20;18 Methyl Cyanide;0.0037117903930131003
21;19 Cyclopropenylidene;0.0037117903930131003
22;20 Sulfur Monoxide ion;0.0037117903930131003
23;21 Methanol;0.0037117903930131003
24;22 Thioformaldehyde;0.0037117903930131003
25;23 Ammonia;0.0037117903930131003
26;24 Cyanoacetylene;0.0037117903930131003
27;25 Hydrogen Cyanide;0.0037117903930131003
28;26 Hydrogen sulfide;0.0037117903930131003
29;27 Molecular oxygen;0.0037117903930131003
30;28 Hydrogen Isocyanide;0.0037117903930131003
