1;105 Hydroxymethylidyne;0.28070175438596484
2;96 2-Propynal;0.04260651629072681
3;33 Sulfur Monoxide;0.017543859649122803
4;34 Aluminum Isocyanitrile;0.017543859649122803
5;37 Carbon Monoxide;0.017543859649122803
6;68 Carbon Monosulfide;0.017543859649122803
7;82 Methylene amidogen;0.017543859649122803
8;91 Hydrogen Isocyanide;0.017543859649122803
9;93 Hydroxyl;0.017543859649122803
10;109 Cyanoethynylide ion;0.017543859649122803
11;0 Dimethyl ether;0.005012531328320802
12;1 Butatrienylidene;0.005012531328320802
13;2 Trihydrogen ion;0.005012531328320802
14;3 Nitrous Oxide;0.005012531328320802
15;4 Methyl Acetylene;0.005012531328320802
16;5 Ethylene Glycol;0.005012531328320802
17;6 Methyl Cyanide;0.005012531328320802
18;7 Thioformylium;0.005012531328320802
19;8 para-Oxidaniumyl;0.005012531328320802
20;9 Hydrogen Cyanide;0.005012531328320802
21;10 Titanium monoxide;0.005012531328320802
22;11 Cyanide Radical;0.005012531328320802
23;12 Formic Acid;0.005012531328320802
24;13 Nitric sulfide;0.005012531328320802
25;14 Iminomethylium;0.005012531328320802
26;15 Aluminum monoxide;0.005012531328320802
27;16 Methyl isocyanate;0.005012531328320802
28;17 Nitrosyl hydride;0.005012531328320802
29;18 Propynylidynium;0.005012531328320802
30;19 Magnesium Cyanide;0.005012531328320802
31;20 Diazenylium;0.005012531328320802
32;21 Methylamine;0.005012531328320802
33;22 Chloronium;0.005012531328320802
34;23 Silicon monosulfide;0.005012531328320802
35;24 Phosphorus Monoxide;0.005012531328320802
36;25 Cyclopropenone;0.005012531328320802
37;26 Carbon Monoxide Ion;0.005012531328320802
38;27 Sodium Cyanide;0.005012531328320802
39;28 Nitric oxide;0.005012531328320802
40;29 Silicon Cyanide;0.005012531328320802
41;30 Ethyne Isocyanide;0.005012531328320802
42;31 Sodium Chloride;0.005012531328320802
43;32 Cyanoacetylene;0.005012531328320802
44;35 Cyanobutadiyne;0.005012531328320802
45;36 Silicon Mononitride;0.005012531328320802
46;38 Propadienylidene;0.005012531328320802
47;39 Methanimine;0.005012531328320802
48;40 Aluminum Monofluoride;0.005012531328320802
49;41 Formamide;0.005012531328320802
50;42 Aminoacetonitrile;0.005012531328320802
51;43 Ammonia;0.005012531328320802
52;44 gauche-Ethanol;0.005012531328320802
53;45 Protonate 2-proynenitrile;0.005012531328320802
54;46 Carbonyl Sulfide;0.005012531328320802
55;47 Thioxoethenylidene;0.005012531328320802
56;48 Ethyl cyanide;0.005012531328320802
57;49 Water;0.005012531328320802
58;50 Methyl Formate;0.005012531328320802
59;51 Acetaldehyde;0.005012531328320802
60;52 Ketenimine;0.005012531328320802
61;53 Propenal;0.005012531328320802
62;54 Methyl isocyanide;0.005012531328320802
63;55 iso-propyl cyanide;0.005012531328320802
64;56 Hydrogen cyanide;0.005012531328320802
65;57 Protonated Carbon Dioxide;0.005012531328320802
66;58 Methylidyne;0.005012531328320802
67;59 Ketene;0.005012531328320802
68;60 Silicon Monoxide;0.005012531328320802
69;61 Acetone;0.005012531328320802
70;62 Vinyl Cyanide;0.005012531328320802
71;63 Silicon monoxide (global fit);0.005012531328320802
72;64 Cyclopropenylidene;0.005012531328320802
73;65 Magnesium Isocyanide;0.005012531328320802
74;66 Cyanobutadiynylide anion;0.005012531328320802
75;67 Formaldehyde;0.005012531328320802
76;69 Fulminic acid;0.005012531328320802
77;70 trans-Ethanol;0.005012531328320802
78;71 Silicon Carbide;0.005012531328320802
79;72 Formylium;0.005012531328320802
80;73 Ethylene Oxide;0.005012531328320802
81;74 Sulfur dioxide;0.005012531328320802
82;75 Carbon Monophosphide;0.005012531328320802
83;76 Sulfur Monoxide ion;0.005012531328320802
84;77 Methanol;0.005012531328320802
85;78 Sulfur Dioxide;0.005012531328320802
86;79 Cyanoformaldehyde;0.005012531328320802
87;80 Isocyanic Acid;0.005012531328320802
88;81 Silicon Isocyanide;0.005012531328320802
89;83 Silicon Monocarbide;0.005012531328320802
90;84 Phosphaethyne;0.005012531328320802
91;85 Aluminum Monochloride;0.005012531328320802
92;86 Cyanoallene;0.005012531328320802
93;87 Methyl diacetylene;0.005012531328320802
94;88 Cyanomethylene;0.005012531328320802
95;89 Phosphapropynylidyne;0.005012531328320802
96;90 Cyanomethyl;0.005012531328320802
97;92 Hydrogen sulfide;0.005012531328320802
98;94 Glycolaldehyde;0.005012531328320802
99;95 Cyanide anion;0.005012531328320802
100;97 Ethynyl;0.005012531328320802
101;98 Phosphorous nitride;0.005012531328320802
102;99 Magnesium hydride isocyanide;0.005012531328320802
103;100 Potassium chloride;0.005012531328320802
104;101 Silicon tetracarbide;0.005012531328320802
105;102 Ethyl Cyanide;0.005012531328320802
106;103 Cyanamide;0.005012531328320802
107;104 Amidogen;0.005012531328320802
108;106 Formyl Radical;0.005012531328320802
109;107 Vinyl Alcohol;0.005012531328320802
110;108 ortho-Oxidaniumyl;0.005012531328320802
111;110 Oxoethenylidene;0.005012531328320802
112;111 2-Butynenitrile;0.005012531328320802
113;112 Cyanoethynyl;0.005012531328320802
114;113 Hydroxymethylium ion;0.005012531328320802
115;114 Thioformaldehyde;0.005012531328320802
116;115 Isothiocyanic acid;0.005012531328320802
117;116 Cyanic acid;0.005012531328320802
