1;24 Cyanoacetylene;0.6413199426111909
2;12 Carbonyl Sulfide;0.01721664275466284
3;0 Methylidyne;0.010043041606886656
4;1 1,3-Butadiynyl radical;0.010043041606886656
5;2 Formaldehyde;0.010043041606886656
6;3 Sulfur dioxide;0.010043041606886656
7;4 Carbon Monoxide;0.010043041606886656
8;5 Water;0.010043041606886656
9;6 Carbon Monoxide Ion;0.010043041606886656
10;7 Nitric sulfide;0.010043041606886656
11;8 Isocyanic Acid;0.010043041606886656
12;9 Methyliumylidene;0.010043041606886656
13;10 Cyanide Radical;0.010043041606886656
14;11 Ethynyl;0.010043041606886656
15;13 Hydroxyl;0.010043041606886656
16;14 Diazenylium;0.010043041606886656
17;15 Thioxoethenylidene;0.010043041606886656
18;16 Nitric oxide;0.010043041606886656
19;17 Methyl Cyanide;0.010043041606886656
20;18 Cyclopropenylidene;0.010043041606886656
21;19 Methanimine;0.010043041606886656
22;20 Methanol;0.010043041606886656
23;21 Thioformaldehyde;0.010043041606886656
24;22 Ammonia;0.010043041606886656
25;23 Cyanamide;0.010043041606886656
26;25 Sodium Chloride;0.010043041606886656
27;26 Silicon Monoxide;0.010043041606886656
28;27 Sulfur Monoxide;0.010043041606886656
29;28 Protonated Carbon Dioxide;0.010043041606886656
30;29 Hydrogen Cyanide;0.010043041606886656
31;30 Carbon Monosulfide;0.010043041606886656
32;31 Hydrogen sulfide;0.010043041606886656
33;32 Molecular oxygen;0.010043041606886656
34;33 Hydrogen Isocyanide;0.010043041606886656
35;34 Formylium;0.010043041606886656
36;35 Methyl Acetylene;0.010043041606886656
