1;11 Ethynyl;0.726890756302521
2;4 Carbon Monoxide;0.017857142857142856
3;21 Thioformaldehyde;0.012605042016806721
4;0 Methylidyne;0.007352941176470587
5;1 1,3-Butadiynyl radical;0.007352941176470587
6;2 Formaldehyde;0.007352941176470587
7;3 Sulfur dioxide;0.007352941176470587
8;5 Water;0.007352941176470587
9;6 Carbon Monoxide Ion;0.007352941176470587
10;7 Nitric sulfide;0.007352941176470587
11;8 Isocyanic Acid;0.007352941176470587
12;9 Methyliumylidene;0.007352941176470587
13;10 Cyanide Radical;0.007352941176470587
14;12 Carbonyl Sulfide;0.007352941176470587
15;13 Hydroxyl;0.007352941176470587
16;14 Diazenylium;0.007352941176470587
17;15 Thioxoethenylidene;0.007352941176470587
18;16 Nitric oxide;0.007352941176470587
19;17 Methyl Cyanide;0.007352941176470587
20;18 Cyclopropenylidene;0.007352941176470587
21;19 Methanimine;0.007352941176470587
22;20 Methanol;0.007352941176470587
23;22 Ammonia;0.007352941176470587
24;23 Cyanamide;0.007352941176470587
25;24 Cyanoacetylene;0.007352941176470587
26;25 Sodium Chloride;0.007352941176470587
27;26 Silicon Monoxide;0.007352941176470587
28;27 Sulfur Monoxide;0.007352941176470587
29;28 Protonated Carbon Dioxide;0.007352941176470587
30;29 Hydrogen Cyanide;0.007352941176470587
31;30 Carbon Monosulfide;0.007352941176470587
32;31 Hydrogen sulfide;0.007352941176470587
33;32 Molecular oxygen;0.007352941176470587
34;33 Hydrogen Isocyanide;0.007352941176470587
35;34 Formylium;0.007352941176470587
36;35 Methyl Acetylene;0.007352941176470587
