1;71 Diazenylium;0.295890410959
2;32 2,4,6-Heptatriynenitrile;0.0219178082192
3;0 Isocyanic Acid;0.00821917808219
4;1 Propenal;0.00821917808219
5;2 Ketene;0.00821917808219
6;3 Oxonium hydride;0.00821917808219
7;4 Thioformylium;0.00821917808219
8;5 Vinyl Cyanide;0.00821917808219
9;6 Methyl Formate;0.00821917808219
10;7 Hydroxyl;0.00821917808219
11;8 Methyliumylidene;0.00821917808219
12;9 Iminomethylium;0.00821917808219
13;10 Hydroxymethylium ion;0.00821917808219
14;11 2-Propynal;0.00821917808219
15;12 Carbon Monosulfide;0.00821917808219
16;13 Cyanomethyl;0.00821917808219
17;14 Methyl Acetylene;0.00821917808219
18;15 2-Butynenitrile;0.00821917808219
19;16 Methyl formate vt01;0.00821917808219
20;17 Ethyl Cyanide;0.00821917808219
21;18 gauche-Ethanol;0.00821917808219
22;19 Glycolaldehyde;0.00821917808219
23;20 Water;0.00821917808219
24;21 Hydrogen sulfide;0.00821917808219
25;22 Sulfur Monoxide ion;0.00821917808219
26;23 1,3-Butadiynyl radical;0.00821917808219
27;24 Formylium;0.00821917808219
28;25 Fulminic acid;0.00821917808219
29;26 Trihydrogen ion;0.00821917808219
30;27 Methanimine;0.00821917808219
31;28 Nitrous Oxide;0.00821917808219
32;29 Propadienylidene;0.00821917808219
33;30 Ethylene Oxide;0.00821917808219
34;31 Ketenimine;0.00821917808219
35;33 Aminoacetonitrile;0.00821917808219
36;34 Methanol;0.00821917808219
37;35 Ammonia;0.00821917808219
38;36 Formyl Radical;0.00821917808219
39;37 Methyl Cyanide;0.00821917808219
40;38 Molecular oxygen;0.00821917808219
41;39 Cyclopropenone;0.00821917808219
42;40 Carbonyl Sulfide;0.00821917808219
43;41 Acetaldehyde;0.00821917808219
44;42 Cyanomethylene;0.00821917808219
45;43 3-Thioxo-1,2-Propadieylidene;0.00821917808219
46;44 Formamide;0.00821917808219
47;45 Cyanobutadiyne;0.00821917808219
48;46 Sulfur Dioxide;0.00821917808219
49;47 Methyl isocyanide;0.00821917808219
50;48 Nitric sulfide;0.00821917808219
51;49 Methylene;0.00821917808219
52;50 Hydrochloric acid;0.00821917808219
53;51 Ethyne Isocyanide;0.00821917808219
54;52 Cyanide Radical;0.00821917808219
55;53 Nitric oxide;0.00821917808219
56;54 Cyanic acid;0.00821917808219
57;55 Formaldehyde;0.00821917808219
58;56 Sulfur Monoxide;0.00821917808219
59;57 Protonate 2-proynenitrile;0.00821917808219
60;58 Ethynyl;0.00821917808219
61;59 Ethylene Glycol;0.00821917808219
62;60 Hydrogen Cyanide;0.00821917808219
63;61 Fluoromethyliumylidene;0.00821917808219
64;62 Methylidyne;0.00821917808219
65;63 Thioxoethenylidene;0.00821917808219
66;64 Cyanomethanimine;0.00821917808219
67;65 Silicon Monoxide;0.00821917808219
68;66 Dimethyl ether;0.00821917808219
69;67 Acetone;0.00821917808219
70;68 Carbon Monoxide;0.00821917808219
71;69 Phosphorous nitride;0.00821917808219
72;70 Thioformaldehyde;0.00821917808219
73;72 Cyanoformaldehyde;0.00821917808219
74;73 Isothiocyanic acid;0.00821917808219
75;74 Vinyl Alcohol;0.00821917808219
76;75 Hydrogen Isocyanide;0.00821917808219
77;76 Carbon Monosulfide;0.00821917808219
78;77 Methylamine;0.00821917808219
79;78 Protonated Carbon Dioxide;0.00821917808219
80;79 Formic Acid;0.00821917808219
81;80 Cyclopropenylidene;0.00821917808219
82;81 Cyanoacetylene;0.00821917808219
83;82 para-Oxidaniumyl;0.00821917808219
84;83 ortho-Oxidaniumyl;0.00821917808219
85;84 Nitrosyl hydride;0.00821917808219
