1;31 Sodium Chloride;0.415094339623
2;86 Phosphaethyne;0.279481132075
3;48 Thioxoethenylidene;0.0141509433962
4;52 Ketenimine;0.00825471698113
5;0 Dimethyl ether;0.00235849056604
6;1 Butatrienylidene;0.00235849056604
7;2 Nitrous Oxide;0.00235849056604
8;3 Methyl Acetylene;0.00235849056604
9;4 2,4,6-Heptatriynenitrile;0.00235849056604
10;5 2,4-Pentadiynylidyne;0.00235849056604
11;6 Ethylene Glycol;0.00235849056604
12;7 Methyl Cyanide;0.00235849056604
13;8 Thioformylium;0.00235849056604
14;9 para-Oxidaniumyl;0.00235849056604
15;10 Hydrogen Cyanide;0.00235849056604
16;11 Cyanide Radical;0.00235849056604
17;12 Formic Acid;0.00235849056604
18;13 Nitric sulfide;0.00235849056604
19;14 Iminomethylium;0.00235849056604
20;15 Nitrosyl hydride;0.00235849056604
21;16 Propynylidynium;0.00235849056604
22;17 Magnesium Cyanide;0.00235849056604
23;18 1,3-Butadiynyl anion;0.00235849056604
24;19 Diazenylium;0.00235849056604
25;20 Methylamine;0.00235849056604
26;21 Chloronium;0.00235849056604
27;22 Phosphorus Monoxide;0.00235849056604
28;23 Silicon monosulfide;0.00235849056604
29;24 Cyclopropenone;0.00235849056604
30;25 Carbon Monoxide Ion;0.00235849056604
31;26 Sodium Cyanide;0.00235849056604
32;27 Nitric oxide;0.00235849056604
33;28 3-Thioxo-1,2-Propadieylidene;0.00235849056604
34;29 Silicon Cyanide;0.00235849056604
35;30 Ethyne Isocyanide;0.00235849056604
36;32 Cyanoacetylene;0.00235849056604
37;33 Sulfur Monoxide;0.00235849056604
38;34 Aluminum Isocyanitrile;0.00235849056604
39;35 Cyanobutadiyne;0.00235849056604
40;36 Carbon Monoxide;0.00235849056604
41;37 Silicon Mononitride;0.00235849056604
42;38 Propadienylidene;0.00235849056604
43;39 Methanimine;0.00235849056604
44;40 Aluminum Monofluoride;0.00235849056604
45;41 Formamide;0.00235849056604
46;42 1,3,5,7-Octatetraynyl anion;0.00235849056604
47;43 Aminoacetonitrile;0.00235849056604
48;44 Ammonia;0.00235849056604
49;45 gauche-Ethanol;0.00235849056604
50;46 Protonate 2-proynenitrile;0.00235849056604
51;47 Carbonyl Sulfide;0.00235849056604
52;49 Water;0.00235849056604
53;50 Methyl Formate;0.00235849056604
54;51 Acetaldehyde;0.00235849056604
55;53 Propenal;0.00235849056604
56;54 Methyl isocyanide;0.00235849056604
57;55 Protonated Carbon Dioxide;0.00235849056604
58;56 Methylidyne;0.00235849056604
59;57 Ketene;0.00235849056604
60;58 4-Cyano-1,3-Butadiynyl;0.00235849056604
61;59 Silicon Monoxide;0.00235849056604
62;60 Acetone;0.00235849056604
63;61 3-Imino-1,2 Propadienylidene;0.00235849056604
64;62 Vinyl Cyanide;0.00235849056604
65;63 Cyclopropenylidene;0.00235849056604
66;64 2,4,6-Heptatriynylidyne;0.00235849056604
67;65 Magnesium Isocyanide;0.00235849056604
68;66 Formaldehyde;0.00235849056604
69;67 Cyanobutadiynylide anion;0.00235849056604
70;68 Fulminic acid;0.00235849056604
71;69 Carbon Monosulfide;0.00235849056604
72;70 1,3,5-Hexatriynyl;0.00235849056604
73;71 1,3-Butadiynyl radical;0.00235849056604
74;72 1,3,5-Hexatriynyl anion;0.00235849056604
75;73 Silicon monosulfide;0.00235849056604
76;74 Silicon Carbide;0.00235849056604
77;75 Formylium;0.00235849056604
78;76 Ethylene Oxide;0.00235849056604
79;77 Sulfur dioxide;0.00235849056604
80;78 Carbon Monophosphide;0.00235849056604
81;79 Sulfur Monoxide ion;0.00235849056604
82;80 Methanol;0.00235849056604
83;81 Sulfur Dioxide;0.00235849056604
84;82 Cyanoformaldehyde;0.00235849056604
85;83 Isocyanic Acid;0.00235849056604
86;84 Silicon Isocyanide;0.00235849056604
87;85 Silicon Monocarbide;0.00235849056604
88;87 Carbon Monosulfide;0.00235849056604
89;88 Methylene amidogen;0.00235849056604
90;89 Aluminum Monochloride;0.00235849056604
91;90 3-Oxo-1,2-Propadienylidene;0.00235849056604
92;91 Cyanoallene;0.00235849056604
93;92 Methyl diacetylene;0.00235849056604
94;93 Cyanomethylene;0.00235849056604
95;94 Cyanomethyl;0.00235849056604
96;95 Phosphapropynylidyne;0.00235849056604
97;96 Hydrogen Isocyanide;0.00235849056604
98;97 Hydrogen sulfide;0.00235849056604
99;98 Hydroxyl;0.00235849056604
100;99 Glycolaldehyde;0.00235849056604
101;100 2-Propynal;0.00235849056604
102;101 Ethynyl;0.00235849056604
103;102 Phosphorous nitride;0.00235849056604
104;103 Potassium chloride;0.00235849056604
105;104 Silicon tetracarbide;0.00235849056604
106;105 Ethyl Cyanide;0.00235849056604
107;106 Cyanamide;0.00235849056604
108;107 Amidogen;0.00235849056604
109;108 Formyl Radical;0.00235849056604
110;109 Vinyl Alcohol;0.00235849056604
111;110 ortho-Oxidaniumyl;0.00235849056604
112;111 Cyanoethynylide ion;0.00235849056604
113;112 Oxoethenylidene;0.00235849056604
114;113 2-Butynenitrile;0.00235849056604
115;114 3-Silanetetrayl-1,2-Propadienyli;0.00235849056604
116;115 Cyanoethynyl;0.00235849056604
117;116 3-Cyano-1,2-propadienylidene;0.00235849056604
118;117 Acetylene;0.00235849056604
119;118 Hydroxymethylium ion;0.00235849056604
120;119 Methyl formate vt01;0.00235849056604
121;120 Thioformaldehyde;0.00235849056604
122;121 Isothiocyanic acid;0.00235849056604
123;122 Butyronitrile;0.00235849056604
124;123 Cyanic acid;0.00235849056604
