1;45 Cyanobutadiyne;0.699415204678
2;81 Cyanoacetylene;0.0093567251462
3;0 Isocyanic Acid;0.00350877192982
4;1 Propenal;0.00350877192982
5;2 Ketene;0.00350877192982
6;3 Oxonium hydride;0.00350877192982
7;4 Thioformylium;0.00350877192982
8;5 Vinyl Cyanide;0.00350877192982
9;6 Methyl Formate;0.00350877192982
10;7 Hydroxyl;0.00350877192982
11;8 Methyliumylidene;0.00350877192982
12;9 Iminomethylium;0.00350877192982
13;10 Hydroxymethylium ion;0.00350877192982
14;11 2-Propynal;0.00350877192982
15;12 Carbon Monosulfide;0.00350877192982
16;13 Cyanomethyl;0.00350877192982
17;14 Methyl Acetylene;0.00350877192982
18;15 2-Butynenitrile;0.00350877192982
19;16 Methyl formate vt01;0.00350877192982
20;17 Ethyl Cyanide;0.00350877192982
21;18 gauche-Ethanol;0.00350877192982
22;19 Glycolaldehyde;0.00350877192982
23;20 Water;0.00350877192982
24;21 Hydrogen sulfide;0.00350877192982
25;22 Sulfur Monoxide ion;0.00350877192982
26;23 1,3-Butadiynyl radical;0.00350877192982
27;24 Formylium;0.00350877192982
28;25 Fulminic acid;0.00350877192982
29;26 Trihydrogen ion;0.00350877192982
30;27 Methanimine;0.00350877192982
31;28 Nitrous Oxide;0.00350877192982
32;29 Propadienylidene;0.00350877192982
33;30 Ethylene Oxide;0.00350877192982
34;31 Ketenimine;0.00350877192982
35;32 2,4,6-Heptatriynenitrile;0.00350877192982
36;33 Aminoacetonitrile;0.00350877192982
37;34 Methanol;0.00350877192982
38;35 Ammonia;0.00350877192982
39;36 Formyl Radical;0.00350877192982
40;37 Methyl Cyanide;0.00350877192982
41;38 Molecular oxygen;0.00350877192982
42;39 Cyclopropenone;0.00350877192982
43;40 Carbonyl Sulfide;0.00350877192982
44;41 Acetaldehyde;0.00350877192982
45;42 Cyanomethylene;0.00350877192982
46;43 3-Thioxo-1,2-Propadieylidene;0.00350877192982
47;44 Formamide;0.00350877192982
48;46 Sulfur Dioxide;0.00350877192982
49;47 Methyl isocyanide;0.00350877192982
50;48 Nitric sulfide;0.00350877192982
51;49 Methylene;0.00350877192982
52;50 Hydrochloric acid;0.00350877192982
53;51 Ethyne Isocyanide;0.00350877192982
54;52 Cyanide Radical;0.00350877192982
55;53 Nitric oxide;0.00350877192982
56;54 Cyanic acid;0.00350877192982
57;55 Formaldehyde;0.00350877192982
58;56 Sulfur Monoxide;0.00350877192982
59;57 Protonate 2-proynenitrile;0.00350877192982
60;58 Ethynyl;0.00350877192982
61;59 Ethylene Glycol;0.00350877192982
62;60 Hydrogen Cyanide;0.00350877192982
63;61 Fluoromethyliumylidene;0.00350877192982
64;62 Methylidyne;0.00350877192982
65;63 Thioxoethenylidene;0.00350877192982
66;64 Cyanomethanimine;0.00350877192982
67;65 Silicon Monoxide;0.00350877192982
68;66 Dimethyl ether;0.00350877192982
69;67 Acetone;0.00350877192982
70;68 Carbon Monoxide;0.00350877192982
71;69 Phosphorous nitride;0.00350877192982
72;70 Thioformaldehyde;0.00350877192982
73;71 Diazenylium;0.00350877192982
74;72 Cyanoformaldehyde;0.00350877192982
75;73 Isothiocyanic acid;0.00350877192982
76;74 Vinyl Alcohol;0.00350877192982
77;75 Hydrogen Isocyanide;0.00350877192982
78;76 Carbon Monosulfide;0.00350877192982
79;77 Methylamine;0.00350877192982
80;78 Protonated Carbon Dioxide;0.00350877192982
81;79 Formic Acid;0.00350877192982
82;80 Cyclopropenylidene;0.00350877192982
83;82 para-Oxidaniumyl;0.00350877192982
84;83 ortho-Oxidaniumyl;0.00350877192982
85;84 Nitrosyl hydride;0.00350877192982
