1;25 Carbon Monoxide Ion;0.471172962227
2;40 Aluminum Monofluoride;0.0437375745527
3;0 Dimethyl ether;0.00397614314115
4;1 Butatrienylidene;0.00397614314115
5;2 Nitrous Oxide;0.00397614314115
6;3 Methyl Acetylene;0.00397614314115
7;4 2,4,6-Heptatriynenitrile;0.00397614314115
8;5 2,4-Pentadiynylidyne;0.00397614314115
9;6 Ethylene Glycol;0.00397614314115
10;7 Methyl Cyanide;0.00397614314115
11;8 Thioformylium;0.00397614314115
12;9 para-Oxidaniumyl;0.00397614314115
13;10 Hydrogen Cyanide;0.00397614314115
14;11 Cyanide Radical;0.00397614314115
15;12 Formic Acid;0.00397614314115
16;13 Nitric sulfide;0.00397614314115
17;14 Iminomethylium;0.00397614314115
18;15 Nitrosyl hydride;0.00397614314115
19;16 Propynylidynium;0.00397614314115
20;17 Magnesium Cyanide;0.00397614314115
21;18 1,3-Butadiynyl anion;0.00397614314115
22;19 Diazenylium;0.00397614314115
23;20 Methylamine;0.00397614314115
24;21 Chloronium;0.00397614314115
25;22 Phosphorus Monoxide;0.00397614314115
26;23 Silicon monosulfide;0.00397614314115
27;24 Cyclopropenone;0.00397614314115
28;26 Sodium Cyanide;0.00397614314115
29;27 Nitric oxide;0.00397614314115
30;28 3-Thioxo-1,2-Propadieylidene;0.00397614314115
31;29 Silicon Cyanide;0.00397614314115
32;30 Ethyne Isocyanide;0.00397614314115
33;31 Sodium Chloride;0.00397614314115
34;32 Cyanoacetylene;0.00397614314115
35;33 Sulfur Monoxide;0.00397614314115
36;34 Aluminum Isocyanitrile;0.00397614314115
37;35 Cyanobutadiyne;0.00397614314115
38;36 Carbon Monoxide;0.00397614314115
39;37 Silicon Mononitride;0.00397614314115
40;38 Propadienylidene;0.00397614314115
41;39 Methanimine;0.00397614314115
42;41 Formamide;0.00397614314115
43;42 1,3,5,7-Octatetraynyl anion;0.00397614314115
44;43 Aminoacetonitrile;0.00397614314115
45;44 Ammonia;0.00397614314115
46;45 gauche-Ethanol;0.00397614314115
47;46 Protonate 2-proynenitrile;0.00397614314115
48;47 Carbonyl Sulfide;0.00397614314115
49;48 Thioxoethenylidene;0.00397614314115
50;49 Water;0.00397614314115
51;50 Methyl Formate;0.00397614314115
52;51 Acetaldehyde;0.00397614314115
53;52 Ketenimine;0.00397614314115
54;53 Propenal;0.00397614314115
55;54 Methyl isocyanide;0.00397614314115
56;55 Protonated Carbon Dioxide;0.00397614314115
57;56 Methylidyne;0.00397614314115
58;57 Ketene;0.00397614314115
59;58 4-Cyano-1,3-Butadiynyl;0.00397614314115
60;59 Silicon Monoxide;0.00397614314115
61;60 Acetone;0.00397614314115
62;61 3-Imino-1,2 Propadienylidene;0.00397614314115
63;62 Vinyl Cyanide;0.00397614314115
64;63 Cyclopropenylidene;0.00397614314115
65;64 2,4,6-Heptatriynylidyne;0.00397614314115
66;65 Magnesium Isocyanide;0.00397614314115
67;66 Formaldehyde;0.00397614314115
68;67 Cyanobutadiynylide anion;0.00397614314115
69;68 Fulminic acid;0.00397614314115
70;69 Carbon Monosulfide;0.00397614314115
71;70 1,3,5-Hexatriynyl;0.00397614314115
72;71 1,3-Butadiynyl radical;0.00397614314115
73;72 1,3,5-Hexatriynyl anion;0.00397614314115
74;73 Silicon monosulfide;0.00397614314115
75;74 Silicon Carbide;0.00397614314115
76;75 Formylium;0.00397614314115
77;76 Ethylene Oxide;0.00397614314115
78;77 Sulfur dioxide;0.00397614314115
79;78 Carbon Monophosphide;0.00397614314115
80;79 Sulfur Monoxide ion;0.00397614314115
81;80 Methanol;0.00397614314115
82;81 Sulfur Dioxide;0.00397614314115
83;82 Cyanoformaldehyde;0.00397614314115
84;83 Isocyanic Acid;0.00397614314115
85;84 Silicon Isocyanide;0.00397614314115
86;85 Silicon Monocarbide;0.00397614314115
87;86 Phosphaethyne;0.00397614314115
88;87 Carbon Monosulfide;0.00397614314115
89;88 Methylene amidogen;0.00397614314115
90;89 Aluminum Monochloride;0.00397614314115
91;90 3-Oxo-1,2-Propadienylidene;0.00397614314115
92;91 Cyanoallene;0.00397614314115
93;92 Methyl diacetylene;0.00397614314115
94;93 Cyanomethylene;0.00397614314115
95;94 Cyanomethyl;0.00397614314115
96;95 Phosphapropynylidyne;0.00397614314115
97;96 Hydrogen Isocyanide;0.00397614314115
98;97 Hydrogen sulfide;0.00397614314115
99;98 Hydroxyl;0.00397614314115
100;99 Glycolaldehyde;0.00397614314115
101;100 2-Propynal;0.00397614314115
102;101 Ethynyl;0.00397614314115
103;102 Phosphorous nitride;0.00397614314115
104;103 Potassium chloride;0.00397614314115
105;104 Silicon tetracarbide;0.00397614314115
106;105 Ethyl Cyanide;0.00397614314115
107;106 Cyanamide;0.00397614314115
108;107 Amidogen;0.00397614314115
109;108 Formyl Radical;0.00397614314115
110;109 Vinyl Alcohol;0.00397614314115
111;110 ortho-Oxidaniumyl;0.00397614314115
112;111 Cyanoethynylide ion;0.00397614314115
113;112 Oxoethenylidene;0.00397614314115
114;113 2-Butynenitrile;0.00397614314115
115;114 3-Silanetetrayl-1,2-Propadienyli;0.00397614314115
116;115 Cyanoethynyl;0.00397614314115
117;116 3-Cyano-1,2-propadienylidene;0.00397614314115
118;117 Acetylene;0.00397614314115
119;118 Hydroxymethylium ion;0.00397614314115
120;119 Methyl formate vt01;0.00397614314115
121;120 Thioformaldehyde;0.00397614314115
122;121 Isothiocyanic acid;0.00397614314115
123;122 Butyronitrile;0.00397614314115
124;123 Cyanic acid;0.00397614314115
