1;61 Fluoromethyliumylidene;0.8046511627906977
2;0 Isocyanic Acid;0.002325581395348837
3;1 Propenal;0.002325581395348837
4;2 Ketene;0.002325581395348837
5;3 Oxonium hydride;0.002325581395348837
6;4 Thioformylium;0.002325581395348837
7;5 Vinyl Cyanide;0.002325581395348837
8;6 Methyl Formate;0.002325581395348837
9;7 Hydroxyl;0.002325581395348837
10;8 Methyliumylidene;0.002325581395348837
11;9 Iminomethylium;0.002325581395348837
12;10 Hydroxymethylium ion;0.002325581395348837
13;11 2-Propynal;0.002325581395348837
14;12 Carbon Monosulfide;0.002325581395348837
15;13 Cyanomethyl;0.002325581395348837
16;14 Methyl Acetylene;0.002325581395348837
17;15 2-Butynenitrile;0.002325581395348837
18;16 Methyl formate vt01;0.002325581395348837
19;17 Ethyl Cyanide;0.002325581395348837
20;18 gauche-Ethanol;0.002325581395348837
21;19 Glycolaldehyde;0.002325581395348837
22;20 Water;0.002325581395348837
23;21 Hydrogen sulfide;0.002325581395348837
24;22 Sulfur Monoxide ion;0.002325581395348837
25;23 1,3-Butadiynyl radical;0.002325581395348837
26;24 Formylium;0.002325581395348837
27;25 Fulminic acid;0.002325581395348837
28;26 Trihydrogen ion;0.002325581395348837
29;27 Methanimine;0.002325581395348837
30;28 Nitrous Oxide;0.002325581395348837
31;29 Propadienylidene;0.002325581395348837
32;30 Ethylene Oxide;0.002325581395348837
33;31 Ketenimine;0.002325581395348837
34;32 2,4,6-Heptatriynenitrile;0.002325581395348837
35;33 Aminoacetonitrile;0.002325581395348837
36;34 Methanol;0.002325581395348837
37;35 Ammonia;0.002325581395348837
38;36 Formyl Radical;0.002325581395348837
39;37 Methyl Cyanide;0.002325581395348837
40;38 Molecular oxygen;0.002325581395348837
41;39 Cyclopropenone;0.002325581395348837
42;40 Carbonyl Sulfide;0.002325581395348837
43;41 Acetaldehyde;0.002325581395348837
44;42 Cyanomethylene;0.002325581395348837
45;43 3-Thioxo-1,2-Propadieylidene;0.002325581395348837
46;44 Formamide;0.002325581395348837
47;45 Cyanobutadiyne;0.002325581395348837
48;46 Sulfur Dioxide;0.002325581395348837
49;47 Methyl isocyanide;0.002325581395348837
50;48 Nitric sulfide;0.002325581395348837
51;49 Methylene;0.002325581395348837
52;50 Hydrochloric acid;0.002325581395348837
53;51 Ethyne Isocyanide;0.002325581395348837
54;52 Cyanide Radical;0.002325581395348837
55;53 Nitric oxide;0.002325581395348837
56;54 Cyanic acid;0.002325581395348837
57;55 Formaldehyde;0.002325581395348837
58;56 Sulfur Monoxide;0.002325581395348837
59;57 Protonate 2-proynenitrile;0.002325581395348837
60;58 Ethynyl;0.002325581395348837
61;59 Ethylene Glycol;0.002325581395348837
62;60 Hydrogen Cyanide;0.002325581395348837
63;62 Methylidyne;0.002325581395348837
64;63 Thioxoethenylidene;0.002325581395348837
65;64 Cyanomethanimine;0.002325581395348837
66;65 Silicon Monoxide;0.002325581395348837
67;66 Dimethyl ether;0.002325581395348837
68;67 Acetone;0.002325581395348837
69;68 Carbon Monoxide;0.002325581395348837
70;69 Phosphorous nitride;0.002325581395348837
71;70 Thioformaldehyde;0.002325581395348837
72;71 Diazenylium;0.002325581395348837
73;72 Cyanoformaldehyde;0.002325581395348837
74;73 Isothiocyanic acid;0.002325581395348837
75;74 Vinyl Alcohol;0.002325581395348837
76;75 Hydrogen Isocyanide;0.002325581395348837
77;76 Carbon Monosulfide;0.002325581395348837
78;77 Methylamine;0.002325581395348837
79;78 Protonated Carbon Dioxide;0.002325581395348837
80;79 Formic Acid;0.002325581395348837
81;80 Cyclopropenylidene;0.002325581395348837
82;81 Cyanoacetylene;0.002325581395348837
83;82 para-Oxidaniumyl;0.002325581395348837
84;83 ortho-Oxidaniumyl;0.002325581395348837
85;84 Nitrosyl hydride;0.002325581395348837
