1;58 Ethynyl;0.5655172413793103
2;0 Isocyanic Acid;0.005172413793103448
3;1 Propenal;0.005172413793103448
4;2 Ketene;0.005172413793103448
5;3 Oxonium hydride;0.005172413793103448
6;4 Thioformylium;0.005172413793103448
7;5 Vinyl Cyanide;0.005172413793103448
8;6 Methyl Formate;0.005172413793103448
9;7 Hydroxyl;0.005172413793103448
10;8 Methyliumylidene;0.005172413793103448
11;9 Iminomethylium;0.005172413793103448
12;10 Hydroxymethylium ion;0.005172413793103448
13;11 2-Propynal;0.005172413793103448
14;12 Carbon Monosulfide;0.005172413793103448
15;13 Cyanomethyl;0.005172413793103448
16;14 Methyl Acetylene;0.005172413793103448
17;15 2-Butynenitrile;0.005172413793103448
18;16 Methyl formate vt01;0.005172413793103448
19;17 Ethyl Cyanide;0.005172413793103448
20;18 gauche-Ethanol;0.005172413793103448
21;19 Glycolaldehyde;0.005172413793103448
22;20 Water;0.005172413793103448
23;21 Hydrogen sulfide;0.005172413793103448
24;22 Sulfur Monoxide ion;0.005172413793103448
25;23 1,3-Butadiynyl radical;0.005172413793103448
26;24 Formylium;0.005172413793103448
27;25 Fulminic acid;0.005172413793103448
28;26 Trihydrogen ion;0.005172413793103448
29;27 Methanimine;0.005172413793103448
30;28 Nitrous Oxide;0.005172413793103448
31;29 Propadienylidene;0.005172413793103448
32;30 Ethylene Oxide;0.005172413793103448
33;31 Ketenimine;0.005172413793103448
34;32 2,4,6-Heptatriynenitrile;0.005172413793103448
35;33 Aminoacetonitrile;0.005172413793103448
36;34 Methanol;0.005172413793103448
37;35 Ammonia;0.005172413793103448
38;36 Formyl Radical;0.005172413793103448
39;37 Methyl Cyanide;0.005172413793103448
40;38 Molecular oxygen;0.005172413793103448
41;39 Cyclopropenone;0.005172413793103448
42;40 Carbonyl Sulfide;0.005172413793103448
43;41 Acetaldehyde;0.005172413793103448
44;42 Cyanomethylene;0.005172413793103448
45;43 3-Thioxo-1,2-Propadieylidene;0.005172413793103448
46;44 Formamide;0.005172413793103448
47;45 Cyanobutadiyne;0.005172413793103448
48;46 Sulfur Dioxide;0.005172413793103448
49;47 Methyl isocyanide;0.005172413793103448
50;48 Nitric sulfide;0.005172413793103448
51;49 Methylene;0.005172413793103448
52;50 Hydrochloric acid;0.005172413793103448
53;51 Ethyne Isocyanide;0.005172413793103448
54;52 Cyanide Radical;0.005172413793103448
55;53 Nitric oxide;0.005172413793103448
56;54 Cyanic acid;0.005172413793103448
57;55 Formaldehyde;0.005172413793103448
58;56 Sulfur Monoxide;0.005172413793103448
59;57 Protonate 2-proynenitrile;0.005172413793103448
60;59 Ethylene Glycol;0.005172413793103448
61;60 Hydrogen Cyanide;0.005172413793103448
62;61 Fluoromethyliumylidene;0.005172413793103448
63;62 Methylidyne;0.005172413793103448
64;63 Thioxoethenylidene;0.005172413793103448
65;64 Cyanomethanimine;0.005172413793103448
66;65 Silicon Monoxide;0.005172413793103448
67;66 Dimethyl ether;0.005172413793103448
68;67 Acetone;0.005172413793103448
69;68 Carbon Monoxide;0.005172413793103448
70;69 Phosphorous nitride;0.005172413793103448
71;70 Thioformaldehyde;0.005172413793103448
72;71 Diazenylium;0.005172413793103448
73;72 Cyanoformaldehyde;0.005172413793103448
74;73 Isothiocyanic acid;0.005172413793103448
75;74 Vinyl Alcohol;0.005172413793103448
76;75 Hydrogen Isocyanide;0.005172413793103448
77;76 Carbon Monosulfide;0.005172413793103448
78;77 Methylamine;0.005172413793103448
79;78 Protonated Carbon Dioxide;0.005172413793103448
80;79 Formic Acid;0.005172413793103448
81;80 Cyclopropenylidene;0.005172413793103448
82;81 Cyanoacetylene;0.005172413793103448
83;82 para-Oxidaniumyl;0.005172413793103448
84;83 ortho-Oxidaniumyl;0.005172413793103448
85;84 Nitrosyl hydride;0.005172413793103448
