1;51 Ethyne Isocyanide;0.5482758620689655
2;63 Thioxoethenylidene;0.013793103448275864
3;65 Silicon Monoxide;0.013793103448275864
4;0 Isocyanic Acid;0.005172413793103448
5;1 Propenal;0.005172413793103448
6;2 Ketene;0.005172413793103448
7;3 Oxonium hydride;0.005172413793103448
8;4 Thioformylium;0.005172413793103448
9;5 Vinyl Cyanide;0.005172413793103448
10;6 Methyl Formate;0.005172413793103448
11;7 Hydroxyl;0.005172413793103448
12;8 Methyliumylidene;0.005172413793103448
13;9 Iminomethylium;0.005172413793103448
14;10 Hydroxymethylium ion;0.005172413793103448
15;11 2-Propynal;0.005172413793103448
16;12 Carbon Monosulfide;0.005172413793103448
17;13 Cyanomethyl;0.005172413793103448
18;14 Methyl Acetylene;0.005172413793103448
19;15 2-Butynenitrile;0.005172413793103448
20;16 Methyl formate vt01;0.005172413793103448
21;17 Ethyl Cyanide;0.005172413793103448
22;18 gauche-Ethanol;0.005172413793103448
23;19 Glycolaldehyde;0.005172413793103448
24;20 Water;0.005172413793103448
25;21 Hydrogen sulfide;0.005172413793103448
26;22 Sulfur Monoxide ion;0.005172413793103448
27;23 1,3-Butadiynyl radical;0.005172413793103448
28;24 Formylium;0.005172413793103448
29;25 Fulminic acid;0.005172413793103448
30;26 Trihydrogen ion;0.005172413793103448
31;27 Methanimine;0.005172413793103448
32;28 Nitrous Oxide;0.005172413793103448
33;29 Propadienylidene;0.005172413793103448
34;30 Ethylene Oxide;0.005172413793103448
35;31 Ketenimine;0.005172413793103448
36;32 2,4,6-Heptatriynenitrile;0.005172413793103448
37;33 Aminoacetonitrile;0.005172413793103448
38;34 Methanol;0.005172413793103448
39;35 Ammonia;0.005172413793103448
40;36 Formyl Radical;0.005172413793103448
41;37 Methyl Cyanide;0.005172413793103448
42;38 Molecular oxygen;0.005172413793103448
43;39 Cyclopropenone;0.005172413793103448
44;40 Carbonyl Sulfide;0.005172413793103448
45;41 Acetaldehyde;0.005172413793103448
46;42 Cyanomethylene;0.005172413793103448
47;43 3-Thioxo-1,2-Propadieylidene;0.005172413793103448
48;44 Formamide;0.005172413793103448
49;45 Cyanobutadiyne;0.005172413793103448
50;46 Sulfur Dioxide;0.005172413793103448
51;47 Methyl isocyanide;0.005172413793103448
52;48 Nitric sulfide;0.005172413793103448
53;49 Methylene;0.005172413793103448
54;50 Hydrochloric acid;0.005172413793103448
55;52 Cyanide Radical;0.005172413793103448
56;53 Nitric oxide;0.005172413793103448
57;54 Cyanic acid;0.005172413793103448
58;55 Formaldehyde;0.005172413793103448
59;56 Sulfur Monoxide;0.005172413793103448
60;57 Protonate 2-proynenitrile;0.005172413793103448
61;58 Ethynyl;0.005172413793103448
62;59 Ethylene Glycol;0.005172413793103448
63;60 Hydrogen Cyanide;0.005172413793103448
64;61 Fluoromethyliumylidene;0.005172413793103448
65;62 Methylidyne;0.005172413793103448
66;64 Cyanomethanimine;0.005172413793103448
67;66 Dimethyl ether;0.005172413793103448
68;67 Acetone;0.005172413793103448
69;68 Carbon Monoxide;0.005172413793103448
70;69 Phosphorous nitride;0.005172413793103448
71;70 Thioformaldehyde;0.005172413793103448
72;71 Diazenylium;0.005172413793103448
73;72 Cyanoformaldehyde;0.005172413793103448
74;73 Isothiocyanic acid;0.005172413793103448
75;74 Vinyl Alcohol;0.005172413793103448
76;75 Hydrogen Isocyanide;0.005172413793103448
77;76 Carbon Monosulfide;0.005172413793103448
78;77 Methylamine;0.005172413793103448
79;78 Protonated Carbon Dioxide;0.005172413793103448
80;79 Formic Acid;0.005172413793103448
81;80 Cyclopropenylidene;0.005172413793103448
82;81 Cyanoacetylene;0.005172413793103448
83;82 para-Oxidaniumyl;0.005172413793103448
84;83 ortho-Oxidaniumyl;0.005172413793103448
85;84 Nitrosyl hydride;0.005172413793103448
