1;8 Methyliumylidene;0.3853658536585366
2;0 Isocyanic Acid;0.007317073170731707
3;1 Propenal;0.007317073170731707
4;2 Ketene;0.007317073170731707
5;3 Oxonium hydride;0.007317073170731707
6;4 Thioformylium;0.007317073170731707
7;5 Vinyl Cyanide;0.007317073170731707
8;6 Methyl Formate;0.007317073170731707
9;7 Hydroxyl;0.007317073170731707
10;9 Iminomethylium;0.007317073170731707
11;10 Hydroxymethylium ion;0.007317073170731707
12;11 2-Propynal;0.007317073170731707
13;12 Carbon Monosulfide;0.007317073170731707
14;13 Cyanomethyl;0.007317073170731707
15;14 Methyl Acetylene;0.007317073170731707
16;15 2-Butynenitrile;0.007317073170731707
17;16 Methyl formate vt01;0.007317073170731707
18;17 Ethyl Cyanide;0.007317073170731707
19;18 gauche-Ethanol;0.007317073170731707
20;19 Glycolaldehyde;0.007317073170731707
21;20 Water;0.007317073170731707
22;21 Hydrogen sulfide;0.007317073170731707
23;22 Sulfur Monoxide ion;0.007317073170731707
24;23 1,3-Butadiynyl radical;0.007317073170731707
25;24 Formylium;0.007317073170731707
26;25 Fulminic acid;0.007317073170731707
27;26 Trihydrogen ion;0.007317073170731707
28;27 Methanimine;0.007317073170731707
29;28 Nitrous Oxide;0.007317073170731707
30;29 Propadienylidene;0.007317073170731707
31;30 Ethylene Oxide;0.007317073170731707
32;31 Ketenimine;0.007317073170731707
33;32 2,4,6-Heptatriynenitrile;0.007317073170731707
34;33 Aminoacetonitrile;0.007317073170731707
35;34 Methanol;0.007317073170731707
36;35 Ammonia;0.007317073170731707
37;36 Formyl Radical;0.007317073170731707
38;37 Methyl Cyanide;0.007317073170731707
39;38 Molecular oxygen;0.007317073170731707
40;39 Cyclopropenone;0.007317073170731707
41;40 Carbonyl Sulfide;0.007317073170731707
42;41 Acetaldehyde;0.007317073170731707
43;42 Cyanomethylene;0.007317073170731707
44;43 3-Thioxo-1,2-Propadieylidene;0.007317073170731707
45;44 Formamide;0.007317073170731707
46;45 Cyanobutadiyne;0.007317073170731707
47;46 Sulfur Dioxide;0.007317073170731707
48;47 Methyl isocyanide;0.007317073170731707
49;48 Nitric sulfide;0.007317073170731707
50;49 Methylene;0.007317073170731707
51;50 Hydrochloric acid;0.007317073170731707
52;51 Ethyne Isocyanide;0.007317073170731707
53;52 Cyanide Radical;0.007317073170731707
54;53 Nitric oxide;0.007317073170731707
55;54 Cyanic acid;0.007317073170731707
56;55 Formaldehyde;0.007317073170731707
57;56 Sulfur Monoxide;0.007317073170731707
58;57 Protonate 2-proynenitrile;0.007317073170731707
59;58 Ethynyl;0.007317073170731707
60;59 Ethylene Glycol;0.007317073170731707
61;60 Hydrogen Cyanide;0.007317073170731707
62;61 Fluoromethyliumylidene;0.007317073170731707
63;62 Methylidyne;0.007317073170731707
64;63 Thioxoethenylidene;0.007317073170731707
65;64 Cyanomethanimine;0.007317073170731707
66;65 Silicon Monoxide;0.007317073170731707
67;66 Dimethyl ether;0.007317073170731707
68;67 Acetone;0.007317073170731707
69;68 Carbon Monoxide;0.007317073170731707
70;69 Phosphorous nitride;0.007317073170731707
71;70 Thioformaldehyde;0.007317073170731707
72;71 Diazenylium;0.007317073170731707
73;72 Cyanoformaldehyde;0.007317073170731707
74;73 Isothiocyanic acid;0.007317073170731707
75;74 Vinyl Alcohol;0.007317073170731707
76;75 Hydrogen Isocyanide;0.007317073170731707
77;76 Carbon Monosulfide;0.007317073170731707
78;77 Methylamine;0.007317073170731707
79;78 Protonated Carbon Dioxide;0.007317073170731707
80;79 Formic Acid;0.007317073170731707
81;80 Cyclopropenylidene;0.007317073170731707
82;81 Cyanoacetylene;0.007317073170731707
83;82 para-Oxidaniumyl;0.007317073170731707
84;83 ortho-Oxidaniumyl;0.007317073170731707
85;84 Nitrosyl hydride;0.007317073170731707
