uid___A002_Xa916fc_X668__IRS43_HCO32.final.image.pbcor;model_agb_ppn_pn_tr_500it;1;4 Methyliumylidene;0.747031491997935
uid___A002_Xa916fc_X668__IRS43_HCO32.final.image.pbcor;model_agb_ppn_pn_tr_500it;2;0 1,3,5-Hexatriynyl;0.0036138358286009293
uid___A002_Xa916fc_X668__IRS43_HCO32.final.image.pbcor;model_agb_ppn_pn_tr_500it;3;1 Silicon monosulfide;0.0036138358286009293
uid___A002_Xa916fc_X668__IRS43_HCO32.final.image.pbcor;model_agb_ppn_pn_tr_500it;4;2 Vinyl Cyanide;0.0036138358286009293
uid___A002_Xa916fc_X668__IRS43_HCO32.final.image.pbcor;model_agb_ppn_pn_tr_500it;5;3 Hydroxyl;0.0036138358286009293
uid___A002_Xa916fc_X668__IRS43_HCO32.final.image.pbcor;model_agb_ppn_pn_2_500it;1;4 Methyliumylidene;0.747031491997935
uid___A002_Xa916fc_X668__IRS43_HCO32.final.image.pbcor;model_agb_ppn_pn_2_500it;2;0 1,3,5-Hexatriynyl;0.0036138358286009293
uid___A002_Xa916fc_X668__IRS43_HCO32.final.image.pbcor;model_agb_ppn_pn_2_500it;3;1 Silicon monosulfide;0.0036138358286009293
uid___A002_Xa916fc_X668__IRS43_HCO32.final.image.pbcor;model_agb_ppn_pn_2_500it;4;2 Vinyl Cyanide;0.0036138358286009293
uid___A002_Xa916fc_X668__IRS43_HCO32.final.image.pbcor;model_agb_ppn_pn_2_500it;5;3 Hydroxyl;0.0036138358286009293
uid___A002_Xa916fc_X668__IRS43_HCO32.final.image.pbcor;model_agb_ppn_pn_full_500it;1;0 1,3,5-Hexatriynyl;0.014084507042253521
uid___A002_Xa916fc_X668__IRS43_HCO32.final.image.pbcor;model_agb_ppn_pn_full_500it;2;1 Silicon monosulfide;0.014084507042253521
uid___A002_Xa916fc_X668__IRS43_HCO32.final.image.pbcor;model_agb_ppn_pn_full_500it;3;2 Vinyl Cyanide;0.014084507042253521
uid___A002_Xa916fc_X668__IRS43_HCO32.final.image.pbcor;model_agb_ppn_pn_full_500it;4;3 Hydroxyl;0.014084507042253521
uid___A002_Xa916fc_X668__IRS43_HCO32.final.image.pbcor;model_agb_ppn_pn_full_500it;5;4 Methyliumylidene;0.014084507042253521
uid___A002_Xa916fc_X668__IRS43_HCO32.final.image.pbcor;model_agb_ppn_pn_full_expanded_00002_500it;1;0 1,3,5-Hexatriynyl;0.014084507042253521
uid___A002_Xa916fc_X668__IRS43_HCO32.final.image.pbcor;model_agb_ppn_pn_full_expanded_00002_500it;2;1 Silicon monosulfide;0.014084507042253521
uid___A002_Xa916fc_X668__IRS43_HCO32.final.image.pbcor;model_agb_ppn_pn_full_expanded_00002_500it;3;2 Vinyl Cyanide;0.014084507042253521
uid___A002_Xa916fc_X668__IRS43_HCO32.final.image.pbcor;model_agb_ppn_pn_full_expanded_00002_500it;4;3 Hydroxyl;0.014084507042253521
uid___A002_Xa916fc_X668__IRS43_HCO32.final.image.pbcor;model_agb_ppn_pn_full_expanded_00002_500it;5;4 Methyliumylidene;0.014084507042253521
uid___A002_Xa916fc_X668__IRS43_HCO32.final.image.pbcor;model_agb_ppn_pn_full_expanded_00010_500it;1;0 1,3,5-Hexatriynyl;0.014084507042253521
uid___A002_Xa916fc_X668__IRS43_HCO32.final.image.pbcor;model_agb_ppn_pn_full_expanded_00010_500it;2;1 Silicon monosulfide;0.014084507042253521
uid___A002_Xa916fc_X668__IRS43_HCO32.final.image.pbcor;model_agb_ppn_pn_full_expanded_00010_500it;3;2 Vinyl Cyanide;0.014084507042253521
uid___A002_Xa916fc_X668__IRS43_HCO32.final.image.pbcor;model_agb_ppn_pn_full_expanded_00010_500it;4;3 Hydroxyl;0.014084507042253521
uid___A002_Xa916fc_X668__IRS43_HCO32.final.image.pbcor;model_agb_ppn_pn_full_expanded_00010_500it;5;4 Methyliumylidene;0.014084507042253521
Orion.HNC.cbc.contsub.image;model_agb_ppn_pn_tr_500it;1;38 Cyanoethynylide ion;0.3224592220828106
Orion.HNC.cbc.contsub.image;model_agb_ppn_pn_tr_500it;2;61 Hydrogen Isocyanide;0.046424090338770395
Orion.HNC.cbc.contsub.image;model_agb_ppn_pn_tr_500it;3;28 3-Thioxo-1,2-Propadieylidene;0.02132998745294856
Orion.HNC.cbc.contsub.image;model_agb_ppn_pn_tr_500it;4;63 Silicon Cyanide;0.02132998745294856
Orion.HNC.cbc.contsub.image;model_agb_ppn_pn_tr_500it;5;0 1,3,5-Hexatriynyl;0.008782936010037642
Orion.HNC.cbc.contsub.image;model_agb_ppn_pn_2_500it;1;17 Formylium;0.38519447929736517
Orion.HNC.cbc.contsub.image;model_agb_ppn_pn_2_500it;2;0 1,3,5-Hexatriynyl;0.008782936010037642
Orion.HNC.cbc.contsub.image;model_agb_ppn_pn_2_500it;3;1 Silicon monosulfide;0.008782936010037642
Orion.HNC.cbc.contsub.image;model_agb_ppn_pn_2_500it;4;2 Vinyl Cyanide;0.008782936010037642
Orion.HNC.cbc.contsub.image;model_agb_ppn_pn_2_500it;5;3 Hydroxyl;0.008782936010037642
Orion.HNC.cbc.contsub.image;model_agb_ppn_pn_full_500it;1;8 1,3-Butadiynyl anion;0.3351424694708277
Orion.HNC.cbc.contsub.image;model_agb_ppn_pn_full_500it;2;0 1,3,5-Hexatriynyl;0.009497964721845319
Orion.HNC.cbc.contsub.image;model_agb_ppn_pn_full_500it;3;1 Silicon monosulfide;0.009497964721845319
Orion.HNC.cbc.contsub.image;model_agb_ppn_pn_full_500it;4;2 Vinyl Cyanide;0.009497964721845319
Orion.HNC.cbc.contsub.image;model_agb_ppn_pn_full_500it;5;3 Hydroxyl;0.009497964721845319
Orion.HNC.cbc.contsub.image;model_agb_ppn_pn_full_expanded_00002_500it;1;5 Aluminum Isocyanitrile;0.3351424694708277
Orion.HNC.cbc.contsub.image;model_agb_ppn_pn_full_expanded_00002_500it;2;0 1,3,5-Hexatriynyl;0.009497964721845319
Orion.HNC.cbc.contsub.image;model_agb_ppn_pn_full_expanded_00002_500it;3;1 Silicon monosulfide;0.009497964721845319
Orion.HNC.cbc.contsub.image;model_agb_ppn_pn_full_expanded_00002_500it;4;2 Vinyl Cyanide;0.009497964721845319
Orion.HNC.cbc.contsub.image;model_agb_ppn_pn_full_expanded_00002_500it;5;3 Hydroxyl;0.009497964721845319
Orion.HNC.cbc.contsub.image;model_agb_ppn_pn_full_expanded_00010_500it;1;61 Hydrogen Isocyanide;0.3351424694708277
Orion.HNC.cbc.contsub.image;model_agb_ppn_pn_full_expanded_00010_500it;2;0 1,3,5-Hexatriynyl;0.009497964721845319
Orion.HNC.cbc.contsub.image;model_agb_ppn_pn_full_expanded_00010_500it;3;1 Silicon monosulfide;0.009497964721845319
Orion.HNC.cbc.contsub.image;model_agb_ppn_pn_full_expanded_00010_500it;4;2 Vinyl Cyanide;0.009497964721845319
Orion.HNC.cbc.contsub.image;model_agb_ppn_pn_full_expanded_00010_500it;5;3 Hydroxyl;0.009497964721845319
TWHydra_HCOplusline.image;model_agb_ppn_pn_tr_500it;1;17 Formylium;0.3928128872366791
TWHydra_HCOplusline.image;model_agb_ppn_pn_tr_500it;2;0 1,3,5-Hexatriynyl;0.008674101610904586
TWHydra_HCOplusline.image;model_agb_ppn_pn_tr_500it;3;1 Silicon monosulfide;0.008674101610904586
TWHydra_HCOplusline.image;model_agb_ppn_pn_tr_500it;4;2 Vinyl Cyanide;0.008674101610904586
TWHydra_HCOplusline.image;model_agb_ppn_pn_tr_500it;5;3 Hydroxyl;0.008674101610904586
TWHydra_HCOplusline.image;model_agb_ppn_pn_2_500it;1;17 Formylium;0.3928128872366791
TWHydra_HCOplusline.image;model_agb_ppn_pn_2_500it;2;0 1,3,5-Hexatriynyl;0.008674101610904586
TWHydra_HCOplusline.image;model_agb_ppn_pn_2_500it;3;1 Silicon monosulfide;0.008674101610904586
TWHydra_HCOplusline.image;model_agb_ppn_pn_2_500it;4;2 Vinyl Cyanide;0.008674101610904586
TWHydra_HCOplusline.image;model_agb_ppn_pn_2_500it;5;3 Hydroxyl;0.008674101610904586
TWHydra_HCOplusline.image;model_agb_ppn_pn_full_500it;1;17 Formylium;0.35270805812417444
TWHydra_HCOplusline.image;model_agb_ppn_pn_full_500it;2;0 1,3,5-Hexatriynyl;0.009247027741083224
TWHydra_HCOplusline.image;model_agb_ppn_pn_full_500it;3;1 Silicon monosulfide;0.009247027741083224
TWHydra_HCOplusline.image;model_agb_ppn_pn_full_500it;4;2 Vinyl Cyanide;0.009247027741083224
TWHydra_HCOplusline.image;model_agb_ppn_pn_full_500it;5;3 Hydroxyl;0.009247027741083224
TWHydra_HCOplusline.image;model_agb_ppn_pn_full_expanded_00002_500it;1;17 Formylium;0.35270805812417444
TWHydra_HCOplusline.image;model_agb_ppn_pn_full_expanded_00002_500it;2;0 1,3,5-Hexatriynyl;0.009247027741083224
TWHydra_HCOplusline.image;model_agb_ppn_pn_full_expanded_00002_500it;3;1 Silicon monosulfide;0.009247027741083224
TWHydra_HCOplusline.image;model_agb_ppn_pn_full_expanded_00002_500it;4;2 Vinyl Cyanide;0.009247027741083224
TWHydra_HCOplusline.image;model_agb_ppn_pn_full_expanded_00002_500it;5;3 Hydroxyl;0.009247027741083224
TWHydra_HCOplusline.image;model_agb_ppn_pn_full_expanded_00010_500it;1;51 Methylidyne;0.35270805812417444
TWHydra_HCOplusline.image;model_agb_ppn_pn_full_expanded_00010_500it;2;0 1,3,5-Hexatriynyl;0.009247027741083224
TWHydra_HCOplusline.image;model_agb_ppn_pn_full_expanded_00010_500it;3;1 Silicon monosulfide;0.009247027741083224
TWHydra_HCOplusline.image;model_agb_ppn_pn_full_expanded_00010_500it;4;2 Vinyl Cyanide;0.009247027741083224
TWHydra_HCOplusline.image;model_agb_ppn_pn_full_expanded_00010_500it;5;3 Hydroxyl;0.009247027741083224
HD163296_CO_2_1.image;model_agb_ppn_pn_tr_500it;1;34 3-Cyano-1,2-propadienylidene;0.5727986050566697
HD163296_CO_2_1.image;model_agb_ppn_pn_tr_500it;2;0 1,3,5-Hexatriynyl;0.006102877070619006
HD163296_CO_2_1.image;model_agb_ppn_pn_tr_500it;3;1 Silicon monosulfide;0.006102877070619006
HD163296_CO_2_1.image;model_agb_ppn_pn_tr_500it;4;2 Vinyl Cyanide;0.006102877070619006
HD163296_CO_2_1.image;model_agb_ppn_pn_tr_500it;5;3 Hydroxyl;0.006102877070619006
HD163296_CO_2_1.image;model_agb_ppn_pn_2_500it;1;60 Hexatrienyl;0.5727986050566697
HD163296_CO_2_1.image;model_agb_ppn_pn_2_500it;2;0 1,3,5-Hexatriynyl;0.006102877070619006
HD163296_CO_2_1.image;model_agb_ppn_pn_2_500it;3;1 Silicon monosulfide;0.006102877070619006
HD163296_CO_2_1.image;model_agb_ppn_pn_2_500it;4;2 Vinyl Cyanide;0.006102877070619006
HD163296_CO_2_1.image;model_agb_ppn_pn_2_500it;5;3 Hydroxyl;0.006102877070619006
HD163296_CO_2_1.image;model_agb_ppn_pn_full_500it;1;56 Carbon Monoxide;0.24265842349304487
HD163296_CO_2_1.image;model_agb_ppn_pn_full_500it;2;0 1,3,5-Hexatriynyl;0.01081916537867079
HD163296_CO_2_1.image;model_agb_ppn_pn_full_500it;3;1 Silicon monosulfide;0.01081916537867079
HD163296_CO_2_1.image;model_agb_ppn_pn_full_500it;4;2 Vinyl Cyanide;0.01081916537867079
HD163296_CO_2_1.image;model_agb_ppn_pn_full_500it;5;3 Hydroxyl;0.01081916537867079
HD163296_CO_2_1.image;model_agb_ppn_pn_full_expanded_00002_500it;1;46 Ethynyl;0.21174652241112832
HD163296_CO_2_1.image;model_agb_ppn_pn_full_expanded_00002_500it;2;39 Cyanide Radical;0.026275115919629062
HD163296_CO_2_1.image;model_agb_ppn_pn_full_expanded_00002_500it;3;56 Carbon Monoxide;0.026275115919629062
HD163296_CO_2_1.image;model_agb_ppn_pn_full_expanded_00002_500it;4;0 1,3,5-Hexatriynyl;0.01081916537867079
HD163296_CO_2_1.image;model_agb_ppn_pn_full_expanded_00002_500it;5;1 Silicon monosulfide;0.01081916537867079
HD163296_CO_2_1.image;model_agb_ppn_pn_full_expanded_00010_500it;1;56 Carbon Monoxide;0.24265842349304487
HD163296_CO_2_1.image;model_agb_ppn_pn_full_expanded_00010_500it;2;0 1,3,5-Hexatriynyl;0.01081916537867079
HD163296_CO_2_1.image;model_agb_ppn_pn_full_expanded_00010_500it;3;1 Silicon monosulfide;0.01081916537867079
HD163296_CO_2_1.image;model_agb_ppn_pn_full_expanded_00010_500it;4;2 Vinyl Cyanide;0.01081916537867079
HD163296_CO_2_1.image;model_agb_ppn_pn_full_expanded_00010_500it;5;3 Hydroxyl;0.01081916537867079
DMTau.CS_5-4.image;model_agb_ppn_pn_tr_500it;1;4 Methyliumylidene;0.8091156992598364
DMTau.CS_5-4.image;model_agb_ppn_pn_tr_500it;2;0 1,3,5-Hexatriynyl;0.0027269185820023374
DMTau.CS_5-4.image;model_agb_ppn_pn_tr_500it;3;1 Silicon monosulfide;0.0027269185820023374
DMTau.CS_5-4.image;model_agb_ppn_pn_tr_500it;4;2 Vinyl Cyanide;0.0027269185820023374
DMTau.CS_5-4.image;model_agb_ppn_pn_tr_500it;5;3 Hydroxyl;0.0027269185820023374
DMTau.CS_5-4.image;model_agb_ppn_pn_2_500it;1;4 Methyliumylidene;0.8091156992598364
DMTau.CS_5-4.image;model_agb_ppn_pn_2_500it;2;0 1,3,5-Hexatriynyl;0.0027269185820023374
DMTau.CS_5-4.image;model_agb_ppn_pn_2_500it;3;1 Silicon monosulfide;0.0027269185820023374
DMTau.CS_5-4.image;model_agb_ppn_pn_2_500it;4;2 Vinyl Cyanide;0.0027269185820023374
DMTau.CS_5-4.image;model_agb_ppn_pn_2_500it;5;3 Hydroxyl;0.0027269185820023374
DMTau.CS_5-4.image;model_agb_ppn_pn_full_500it;1;0 1,3,5-Hexatriynyl;0.014084507042253521
DMTau.CS_5-4.image;model_agb_ppn_pn_full_500it;2;1 Silicon monosulfide;0.014084507042253521
DMTau.CS_5-4.image;model_agb_ppn_pn_full_500it;3;2 Vinyl Cyanide;0.014084507042253521
DMTau.CS_5-4.image;model_agb_ppn_pn_full_500it;4;3 Hydroxyl;0.014084507042253521
DMTau.CS_5-4.image;model_agb_ppn_pn_full_500it;5;4 Methyliumylidene;0.014084507042253521
DMTau.CS_5-4.image;model_agb_ppn_pn_full_expanded_00002_500it;1;0 1,3,5-Hexatriynyl;0.014084507042253521
DMTau.CS_5-4.image;model_agb_ppn_pn_full_expanded_00002_500it;2;1 Silicon monosulfide;0.014084507042253521
DMTau.CS_5-4.image;model_agb_ppn_pn_full_expanded_00002_500it;3;2 Vinyl Cyanide;0.014084507042253521
DMTau.CS_5-4.image;model_agb_ppn_pn_full_expanded_00002_500it;4;3 Hydroxyl;0.014084507042253521
DMTau.CS_5-4.image;model_agb_ppn_pn_full_expanded_00002_500it;5;4 Methyliumylidene;0.014084507042253521
DMTau.CS_5-4.image;model_agb_ppn_pn_full_expanded_00010_500it;1;0 1,3,5-Hexatriynyl;0.014084507042253521
DMTau.CS_5-4.image;model_agb_ppn_pn_full_expanded_00010_500it;2;1 Silicon monosulfide;0.014084507042253521
DMTau.CS_5-4.image;model_agb_ppn_pn_full_expanded_00010_500it;3;2 Vinyl Cyanide;0.014084507042253521
DMTau.CS_5-4.image;model_agb_ppn_pn_full_expanded_00010_500it;4;3 Hydroxyl;0.014084507042253521
DMTau.CS_5-4.image;model_agb_ppn_pn_full_expanded_00010_500it;5;4 Methyliumylidene;0.014084507042253521
TWHydra_CO3_2line.image;model_agb_ppn_pn_tr_500it;1;22 Magnesium Isocyanide;0.44258639910813835
TWHydra_CO3_2line.image;model_agb_ppn_pn_tr_500it;2;66 Cyanoacetylene;0.018952062430323303
TWHydra_CO3_2line.image;model_agb_ppn_pn_tr_500it;3;0 1,3,5-Hexatriynyl;0.007803790412486065
TWHydra_CO3_2line.image;model_agb_ppn_pn_tr_500it;4;1 Silicon monosulfide;0.007803790412486065
TWHydra_CO3_2line.image;model_agb_ppn_pn_tr_500it;5;2 Vinyl Cyanide;0.007803790412486065
TWHydra_CO3_2line.image;model_agb_ppn_pn_2_500it;1;17 Formylium;0.45373467112597554
TWHydra_CO3_2line.image;model_agb_ppn_pn_2_500it;2;0 1,3,5-Hexatriynyl;0.007803790412486065
TWHydra_CO3_2line.image;model_agb_ppn_pn_2_500it;3;1 Silicon monosulfide;0.007803790412486065
TWHydra_CO3_2line.image;model_agb_ppn_pn_2_500it;4;2 Vinyl Cyanide;0.007803790412486065
TWHydra_CO3_2line.image;model_agb_ppn_pn_2_500it;5;3 Hydroxyl;0.007803790412486065
TWHydra_CO3_2line.image;model_agb_ppn_pn_full_500it;1;8 1,3-Butadiynyl anion;0.4214876033057852
TWHydra_CO3_2line.image;model_agb_ppn_pn_full_500it;2;0 1,3,5-Hexatriynyl;0.008264462809917356
TWHydra_CO3_2line.image;model_agb_ppn_pn_full_500it;3;1 Silicon monosulfide;0.008264462809917356
TWHydra_CO3_2line.image;model_agb_ppn_pn_full_500it;4;2 Vinyl Cyanide;0.008264462809917356
TWHydra_CO3_2line.image;model_agb_ppn_pn_full_500it;5;3 Hydroxyl;0.008264462809917356
TWHydra_CO3_2line.image;model_agb_ppn_pn_full_expanded_00002_500it;1;51 Methylidyne;0.4096812278630461
TWHydra_CO3_2line.image;model_agb_ppn_pn_full_expanded_00002_500it;2;4 Methyliumylidene;0.020070838252656438
TWHydra_CO3_2line.image;model_agb_ppn_pn_full_expanded_00002_500it;3;0 1,3,5-Hexatriynyl;0.008264462809917356
TWHydra_CO3_2line.image;model_agb_ppn_pn_full_expanded_00002_500it;4;1 Silicon monosulfide;0.008264462809917356
TWHydra_CO3_2line.image;model_agb_ppn_pn_full_expanded_00002_500it;5;2 Vinyl Cyanide;0.008264462809917356
TWHydra_CO3_2line.image;model_agb_ppn_pn_full_expanded_00010_500it;1;69 Cyanoethynyl;0.4214876033057852
TWHydra_CO3_2line.image;model_agb_ppn_pn_full_expanded_00010_500it;2;0 1,3,5-Hexatriynyl;0.008264462809917356
TWHydra_CO3_2line.image;model_agb_ppn_pn_full_expanded_00010_500it;3;1 Silicon monosulfide;0.008264462809917356
TWHydra_CO3_2line.image;model_agb_ppn_pn_full_expanded_00010_500it;4;2 Vinyl Cyanide;0.008264462809917356
TWHydra_CO3_2line.image;model_agb_ppn_pn_full_expanded_00010_500it;5;3 Hydroxyl;0.008264462809917356
