1;61 Fluoromethyliumylidene;0.7827586206896552
2;0 Isocyanic Acid;0.002586206896551724
3;1 Propenal;0.002586206896551724
4;2 Ketene;0.002586206896551724
5;3 Oxonium hydride;0.002586206896551724
6;4 Thioformylium;0.002586206896551724
7;5 Vinyl Cyanide;0.002586206896551724
8;6 Methyl Formate;0.002586206896551724
9;7 Hydroxyl;0.002586206896551724
10;8 Methyliumylidene;0.002586206896551724
11;9 Iminomethylium;0.002586206896551724
12;10 Hydroxymethylium ion;0.002586206896551724
13;11 2-Propynal;0.002586206896551724
14;12 Carbon Monosulfide;0.002586206896551724
15;13 Cyanomethyl;0.002586206896551724
16;14 Methyl Acetylene;0.002586206896551724
17;15 2-Butynenitrile;0.002586206896551724
18;16 Methyl formate vt01;0.002586206896551724
19;17 Ethyl Cyanide;0.002586206896551724
20;18 gauche-Ethanol;0.002586206896551724
21;19 Glycolaldehyde;0.002586206896551724
22;20 Water;0.002586206896551724
23;21 Hydrogen sulfide;0.002586206896551724
24;22 Sulfur Monoxide ion;0.002586206896551724
25;23 1,3-Butadiynyl radical;0.002586206896551724
26;24 Formylium;0.002586206896551724
27;25 Fulminic acid;0.002586206896551724
28;26 Trihydrogen ion;0.002586206896551724
29;27 Methanimine;0.002586206896551724
30;28 Nitrous Oxide;0.002586206896551724
31;29 Propadienylidene;0.002586206896551724
32;30 Ethylene Oxide;0.002586206896551724
33;31 Ketenimine;0.002586206896551724
34;32 2,4,6-Heptatriynenitrile;0.002586206896551724
35;33 Aminoacetonitrile;0.002586206896551724
36;34 Methanol;0.002586206896551724
37;35 Ammonia;0.002586206896551724
38;36 Formyl Radical;0.002586206896551724
39;37 Methyl Cyanide;0.002586206896551724
40;38 Molecular oxygen;0.002586206896551724
41;39 Cyclopropenone;0.002586206896551724
42;40 Carbonyl Sulfide;0.002586206896551724
43;41 Acetaldehyde;0.002586206896551724
44;42 Cyanomethylene;0.002586206896551724
45;43 3-Thioxo-1,2-Propadieylidene;0.002586206896551724
46;44 Formamide;0.002586206896551724
47;45 Cyanobutadiyne;0.002586206896551724
48;46 Sulfur Dioxide;0.002586206896551724
49;47 Methyl isocyanide;0.002586206896551724
50;48 Nitric sulfide;0.002586206896551724
51;49 Methylene;0.002586206896551724
52;50 Hydrochloric acid;0.002586206896551724
53;51 Ethyne Isocyanide;0.002586206896551724
54;52 Cyanide Radical;0.002586206896551724
55;53 Nitric oxide;0.002586206896551724
56;54 Cyanic acid;0.002586206896551724
57;55 Formaldehyde;0.002586206896551724
58;56 Sulfur Monoxide;0.002586206896551724
59;57 Protonate 2-proynenitrile;0.002586206896551724
60;58 Ethynyl;0.002586206896551724
61;59 Ethylene Glycol;0.002586206896551724
62;60 Hydrogen Cyanide;0.002586206896551724
63;62 Methylidyne;0.002586206896551724
64;63 Thioxoethenylidene;0.002586206896551724
65;64 Cyanomethanimine;0.002586206896551724
66;65 Silicon Monoxide;0.002586206896551724
67;66 Dimethyl ether;0.002586206896551724
68;67 Acetone;0.002586206896551724
69;68 Carbon Monoxide;0.002586206896551724
70;69 Phosphorous nitride;0.002586206896551724
71;70 Thioformaldehyde;0.002586206896551724
72;71 Diazenylium;0.002586206896551724
73;72 Cyanoformaldehyde;0.002586206896551724
74;73 Isothiocyanic acid;0.002586206896551724
75;74 Vinyl Alcohol;0.002586206896551724
76;75 Hydrogen Isocyanide;0.002586206896551724
77;76 Carbon Monosulfide;0.002586206896551724
78;77 Methylamine;0.002586206896551724
79;78 Protonated Carbon Dioxide;0.002586206896551724
80;79 Formic Acid;0.002586206896551724
81;80 Cyclopropenylidene;0.002586206896551724
82;81 Cyanoacetylene;0.002586206896551724
83;82 para-Oxidaniumyl;0.002586206896551724
84;83 ortho-Oxidaniumyl;0.002586206896551724
85;84 Nitrosyl hydride;0.002586206896551724
