1;45 Cyanobutadiyne;0.5533333333333333
2;61 Fluoromethyliumylidene;0.16242424242424242
3;8 Methyliumylidene;0.13515151515151516
4;0 Isocyanic Acid;0.0018181818181818182
5;1 Propenal;0.0018181818181818182
6;2 Ketene;0.0018181818181818182
7;3 Oxonium hydride;0.0018181818181818182
8;4 Thioformylium;0.0018181818181818182
9;5 Vinyl Cyanide;0.0018181818181818182
10;6 Methyl Formate;0.0018181818181818182
11;7 Hydroxyl;0.0018181818181818182
12;9 Iminomethylium;0.0018181818181818182
13;10 Hydroxymethylium ion;0.0018181818181818182
14;11 2-Propynal;0.0018181818181818182
15;12 Carbon Monosulfide;0.0018181818181818182
16;13 Cyanomethyl;0.0018181818181818182
17;14 Methyl Acetylene;0.0018181818181818182
18;15 2-Butynenitrile;0.0018181818181818182
19;16 Methyl formate vt01;0.0018181818181818182
20;17 Ethyl Cyanide;0.0018181818181818182
21;18 gauche-Ethanol;0.0018181818181818182
22;19 Glycolaldehyde;0.0018181818181818182
23;20 Water;0.0018181818181818182
24;21 Hydrogen sulfide;0.0018181818181818182
25;22 Sulfur Monoxide ion;0.0018181818181818182
26;23 1,3-Butadiynyl radical;0.0018181818181818182
27;24 Formylium;0.0018181818181818182
28;25 Fulminic acid;0.0018181818181818182
29;26 Trihydrogen ion;0.0018181818181818182
30;27 Methanimine;0.0018181818181818182
31;28 Nitrous Oxide;0.0018181818181818182
32;29 Propadienylidene;0.0018181818181818182
33;30 Ethylene Oxide;0.0018181818181818182
34;31 Ketenimine;0.0018181818181818182
35;32 2,4,6-Heptatriynenitrile;0.0018181818181818182
36;33 Aminoacetonitrile;0.0018181818181818182
37;34 Methanol;0.0018181818181818182
38;35 Ammonia;0.0018181818181818182
39;36 Formyl Radical;0.0018181818181818182
40;37 Methyl Cyanide;0.0018181818181818182
41;38 Molecular oxygen;0.0018181818181818182
42;39 Cyclopropenone;0.0018181818181818182
43;40 Carbonyl Sulfide;0.0018181818181818182
44;41 Acetaldehyde;0.0018181818181818182
45;42 Cyanomethylene;0.0018181818181818182
46;43 3-Thioxo-1,2-Propadieylidene;0.0018181818181818182
47;44 Formamide;0.0018181818181818182
48;46 Sulfur Dioxide;0.0018181818181818182
49;47 Methyl isocyanide;0.0018181818181818182
50;48 Nitric sulfide;0.0018181818181818182
51;49 Methylene;0.0018181818181818182
52;50 Hydrochloric acid;0.0018181818181818182
53;51 Ethyne Isocyanide;0.0018181818181818182
54;52 Cyanide Radical;0.0018181818181818182
55;53 Nitric oxide;0.0018181818181818182
56;54 Cyanic acid;0.0018181818181818182
57;55 Formaldehyde;0.0018181818181818182
58;56 Sulfur Monoxide;0.0018181818181818182
59;57 Protonate 2-proynenitrile;0.0018181818181818182
60;58 Ethynyl;0.0018181818181818182
61;59 Ethylene Glycol;0.0018181818181818182
62;60 Hydrogen Cyanide;0.0018181818181818182
63;62 Methylidyne;0.0018181818181818182
64;63 Thioxoethenylidene;0.0018181818181818182
65;64 Cyanomethanimine;0.0018181818181818182
66;65 Silicon Monoxide;0.0018181818181818182
67;66 Dimethyl ether;0.0018181818181818182
68;67 Acetone;0.0018181818181818182
69;68 Carbon Monoxide;0.0018181818181818182
70;69 Phosphorous nitride;0.0018181818181818182
71;70 Thioformaldehyde;0.0018181818181818182
72;71 Diazenylium;0.0018181818181818182
73;72 Cyanoformaldehyde;0.0018181818181818182
74;73 Isothiocyanic acid;0.0018181818181818182
75;74 Vinyl Alcohol;0.0018181818181818182
76;75 Hydrogen Isocyanide;0.0018181818181818182
77;76 Carbon Monosulfide;0.0018181818181818182
78;77 Methylamine;0.0018181818181818182
79;78 Protonated Carbon Dioxide;0.0018181818181818182
80;79 Formic Acid;0.0018181818181818182
81;80 Cyclopropenylidene;0.0018181818181818182
82;81 Cyanoacetylene;0.0018181818181818182
83;82 para-Oxidaniumyl;0.0018181818181818182
84;83 ortho-Oxidaniumyl;0.0018181818181818182
85;84 Nitrosyl hydride;0.0018181818181818182
