1;28 Nitrous Oxide;0.28363636363636363
2;8 Methyliumylidene;0.16242424242424242
3;4 Thioformylium;0.12000000000000001
4;69 Phosphorous nitride;0.12000000000000001
5;26 Trihydrogen ion;0.06242424242424243
6;40 Carbonyl Sulfide;0.04727272727272727
7;61 Fluoromethyliumylidene;0.02909090909090909
8;63 Thioxoethenylidene;0.02
9;9 Iminomethylium;0.013939393939393939
10;19 Glycolaldehyde;0.0048484848484848485
11;0 Isocyanic Acid;0.0018181818181818182
12;1 Propenal;0.0018181818181818182
13;2 Ketene;0.0018181818181818182
14;3 Oxonium hydride;0.0018181818181818182
15;5 Vinyl Cyanide;0.0018181818181818182
16;6 Methyl Formate;0.0018181818181818182
17;7 Hydroxyl;0.0018181818181818182
18;10 Hydroxymethylium ion;0.0018181818181818182
19;11 2-Propynal;0.0018181818181818182
20;12 Carbon Monosulfide;0.0018181818181818182
21;13 Cyanomethyl;0.0018181818181818182
22;14 Methyl Acetylene;0.0018181818181818182
23;15 2-Butynenitrile;0.0018181818181818182
24;16 Methyl formate vt01;0.0018181818181818182
25;17 Ethyl Cyanide;0.0018181818181818182
26;18 gauche-Ethanol;0.0018181818181818182
27;20 Water;0.0018181818181818182
28;21 Hydrogen sulfide;0.0018181818181818182
29;22 Sulfur Monoxide ion;0.0018181818181818182
30;23 1,3-Butadiynyl radical;0.0018181818181818182
31;24 Formylium;0.0018181818181818182
32;25 Fulminic acid;0.0018181818181818182
33;27 Methanimine;0.0018181818181818182
34;29 Propadienylidene;0.0018181818181818182
35;30 Ethylene Oxide;0.0018181818181818182
36;31 Ketenimine;0.0018181818181818182
37;32 2,4,6-Heptatriynenitrile;0.0018181818181818182
38;33 Aminoacetonitrile;0.0018181818181818182
39;34 Methanol;0.0018181818181818182
40;35 Ammonia;0.0018181818181818182
41;36 Formyl Radical;0.0018181818181818182
42;37 Methyl Cyanide;0.0018181818181818182
43;38 Molecular oxygen;0.0018181818181818182
44;39 Cyclopropenone;0.0018181818181818182
45;41 Acetaldehyde;0.0018181818181818182
46;42 Cyanomethylene;0.0018181818181818182
47;43 3-Thioxo-1,2-Propadieylidene;0.0018181818181818182
48;44 Formamide;0.0018181818181818182
49;45 Cyanobutadiyne;0.0018181818181818182
50;46 Sulfur Dioxide;0.0018181818181818182
51;47 Methyl isocyanide;0.0018181818181818182
52;48 Nitric sulfide;0.0018181818181818182
53;49 Methylene;0.0018181818181818182
54;50 Hydrochloric acid;0.0018181818181818182
55;51 Ethyne Isocyanide;0.0018181818181818182
56;52 Cyanide Radical;0.0018181818181818182
57;53 Nitric oxide;0.0018181818181818182
58;54 Cyanic acid;0.0018181818181818182
59;55 Formaldehyde;0.0018181818181818182
60;56 Sulfur Monoxide;0.0018181818181818182
61;57 Protonate 2-proynenitrile;0.0018181818181818182
62;58 Ethynyl;0.0018181818181818182
63;59 Ethylene Glycol;0.0018181818181818182
64;60 Hydrogen Cyanide;0.0018181818181818182
65;62 Methylidyne;0.0018181818181818182
66;64 Cyanomethanimine;0.0018181818181818182
67;65 Silicon Monoxide;0.0018181818181818182
68;66 Dimethyl ether;0.0018181818181818182
69;67 Acetone;0.0018181818181818182
70;68 Carbon Monoxide;0.0018181818181818182
71;70 Thioformaldehyde;0.0018181818181818182
72;71 Diazenylium;0.0018181818181818182
73;72 Cyanoformaldehyde;0.0018181818181818182
74;73 Isothiocyanic acid;0.0018181818181818182
75;74 Vinyl Alcohol;0.0018181818181818182
76;75 Hydrogen Isocyanide;0.0018181818181818182
77;76 Carbon Monosulfide;0.0018181818181818182
78;77 Methylamine;0.0018181818181818182
79;78 Protonated Carbon Dioxide;0.0018181818181818182
80;79 Formic Acid;0.0018181818181818182
81;80 Cyclopropenylidene;0.0018181818181818182
82;81 Cyanoacetylene;0.0018181818181818182
83;82 para-Oxidaniumyl;0.0018181818181818182
84;83 ortho-Oxidaniumyl;0.0018181818181818182
85;84 Nitrosyl hydride;0.0018181818181818182
