Orion.HNC.cbc.contsub.image;model_hot_cores_tr_500it;1;61 Fluoromethyliumylidene;0.8472727272727273
Orion.HNC.cbc.contsub.image;model_hot_cores_tr_500it;2;0 Isocyanic Acid;0.0018181818181818182
Orion.HNC.cbc.contsub.image;model_hot_cores_tr_500it;3;1 Propenal;0.0018181818181818182
Orion.HNC.cbc.contsub.image;model_hot_cores_tr_500it;4;2 Ketene;0.0018181818181818182
Orion.HNC.cbc.contsub.image;model_hot_cores_tr_500it;5;3 Oxonium hydride;0.0018181818181818182
Orion.HNC.cbc.contsub.image;model_hot_cores_2_500it;1;45 Cyanobutadiyne;0.5533333333333333
Orion.HNC.cbc.contsub.image;model_hot_cores_2_500it;2;61 Fluoromethyliumylidene;0.16242424242424242
Orion.HNC.cbc.contsub.image;model_hot_cores_2_500it;3;8 Methyliumylidene;0.13515151515151516
Orion.HNC.cbc.contsub.image;model_hot_cores_2_500it;4;0 Isocyanic Acid;0.0018181818181818182
Orion.HNC.cbc.contsub.image;model_hot_cores_2_500it;5;1 Propenal;0.0018181818181818182
Orion.HNC.cbc.contsub.image;model_hot_cores_full_500it;1;28 Nitrous Oxide;0.28363636363636363
Orion.HNC.cbc.contsub.image;model_hot_cores_full_500it;2;8 Methyliumylidene;0.16242424242424242
Orion.HNC.cbc.contsub.image;model_hot_cores_full_500it;3;4 Thioformylium;0.12000000000000001
Orion.HNC.cbc.contsub.image;model_hot_cores_full_500it;4;69 Phosphorous nitride;0.12000000000000001
Orion.HNC.cbc.contsub.image;model_hot_cores_full_500it;5;26 Trihydrogen ion;0.06242424242424243
Orion.HNC.cbc.contsub.image;model_hot_cores_full_expanded_00002_500it;1;28 Nitrous Oxide;0.8472727272727273
Orion.HNC.cbc.contsub.image;model_hot_cores_full_expanded_00002_500it;2;0 Isocyanic Acid;0.0018181818181818182
Orion.HNC.cbc.contsub.image;model_hot_cores_full_expanded_00002_500it;3;1 Propenal;0.0018181818181818182
Orion.HNC.cbc.contsub.image;model_hot_cores_full_expanded_00002_500it;4;2 Ketene;0.0018181818181818182
Orion.HNC.cbc.contsub.image;model_hot_cores_full_expanded_00002_500it;5;3 Oxonium hydride;0.0018181818181818182
Orion.HNC.cbc.contsub.image;model_hot_cores_full_expanded_00010_500it;1;61 Fluoromethyliumylidene;0.8412121212121213
Orion.HNC.cbc.contsub.image;model_hot_cores_full_expanded_00010_500it;2;10 Hydroxymethylium ion;0.0048484848484848485
Orion.HNC.cbc.contsub.image;model_hot_cores_full_expanded_00010_500it;3;34 Methanol;0.0048484848484848485
Orion.HNC.cbc.contsub.image;model_hot_cores_full_expanded_00010_500it;4;0 Isocyanic Acid;0.0018181818181818182
Orion.HNC.cbc.contsub.image;model_hot_cores_full_expanded_00010_500it;5;1 Propenal;0.0018181818181818182
DMTau.CS_5-4.image;model_hot_cores_tr_500it;1;8 Methyliumylidene;0.8677165354330709
DMTau.CS_5-4.image;model_hot_cores_tr_500it;2;0 Isocyanic Acid;0.0015748031496062992
DMTau.CS_5-4.image;model_hot_cores_tr_500it;3;1 Propenal;0.0015748031496062992
DMTau.CS_5-4.image;model_hot_cores_tr_500it;4;2 Ketene;0.0015748031496062992
DMTau.CS_5-4.image;model_hot_cores_tr_500it;5;3 Oxonium hydride;0.0015748031496062992
DMTau.CS_5-4.image;model_hot_cores_2_500it;1;8 Methyliumylidene;0.8677165354330709
DMTau.CS_5-4.image;model_hot_cores_2_500it;2;0 Isocyanic Acid;0.0015748031496062992
DMTau.CS_5-4.image;model_hot_cores_2_500it;3;1 Propenal;0.0015748031496062992
DMTau.CS_5-4.image;model_hot_cores_2_500it;4;2 Ketene;0.0015748031496062992
DMTau.CS_5-4.image;model_hot_cores_2_500it;5;3 Oxonium hydride;0.0015748031496062992
DMTau.CS_5-4.image;model_hot_cores_full_500it;1;8 Methyliumylidene;0.4687664041994751
DMTau.CS_5-4.image;model_hot_cores_full_500it;2;45 Cyanobutadiyne;0.32965879265091863
DMTau.CS_5-4.image;model_hot_cores_full_500it;3;9 Iminomethylium;0.07244094488188976
DMTau.CS_5-4.image;model_hot_cores_full_500it;4;0 Isocyanic Acid;0.0015748031496062992
DMTau.CS_5-4.image;model_hot_cores_full_500it;5;1 Propenal;0.0015748031496062992
DMTau.CS_5-4.image;model_hot_cores_full_expanded_00002_500it;1;40 Carbonyl Sulfide;0.8624671916010499
DMTau.CS_5-4.image;model_hot_cores_full_expanded_00002_500it;2;12 Carbon Monosulfide;0.004199475065616798
DMTau.CS_5-4.image;model_hot_cores_full_expanded_00002_500it;3;70 Thioformaldehyde;0.004199475065616798
DMTau.CS_5-4.image;model_hot_cores_full_expanded_00002_500it;4;0 Isocyanic Acid;0.0015748031496062992
DMTau.CS_5-4.image;model_hot_cores_full_expanded_00002_500it;5;1 Propenal;0.0015748031496062992
DMTau.CS_5-4.image;model_hot_cores_full_expanded_00010_500it;1;63 Thioxoethenylidene;0.857217847769029
DMTau.CS_5-4.image;model_hot_cores_full_expanded_00010_500it;2;9 Iminomethylium;0.0068241469816272965
DMTau.CS_5-4.image;model_hot_cores_full_expanded_00010_500it;3;41 Acetaldehyde;0.004199475065616798
DMTau.CS_5-4.image;model_hot_cores_full_expanded_00010_500it;4;77 Methylamine;0.004199475065616798
DMTau.CS_5-4.image;model_hot_cores_full_expanded_00010_500it;5;0 Isocyanic Acid;0.0015748031496062992
HD163296_CO_2_1.image;model_hot_cores_tr_500it;1;61 Fluoromethyliumylidene;0.7827586206896552
HD163296_CO_2_1.image;model_hot_cores_tr_500it;2;0 Isocyanic Acid;0.002586206896551724
HD163296_CO_2_1.image;model_hot_cores_tr_500it;3;1 Propenal;0.002586206896551724
HD163296_CO_2_1.image;model_hot_cores_tr_500it;4;2 Ketene;0.002586206896551724
HD163296_CO_2_1.image;model_hot_cores_tr_500it;5;3 Oxonium hydride;0.002586206896551724
HD163296_CO_2_1.image;model_hot_cores_2_500it;1;4 Thioformylium;0.3948275862068965
HD163296_CO_2_1.image;model_hot_cores_2_500it;2;76 Carbon Monosulfide;0.3474137931034483
HD163296_CO_2_1.image;model_hot_cores_2_500it;3;61 Fluoromethyliumylidene;0.045689655172413794
HD163296_CO_2_1.image;model_hot_cores_2_500it;4;0 Isocyanic Acid;0.002586206896551724
HD163296_CO_2_1.image;model_hot_cores_2_500it;5;1 Propenal;0.002586206896551724
HD163296_CO_2_1.image;model_hot_cores_full_500it;1;57 Protonate 2-proynenitrile;0.17500000000000002
HD163296_CO_2_1.image;model_hot_cores_full_500it;2;9 Iminomethylium;0.15775862068965518
HD163296_CO_2_1.image;model_hot_cores_full_500it;3;50 Hydrochloric acid;0.11896551724137931
HD163296_CO_2_1.image;model_hot_cores_full_500it;4;8 Methyliumylidene;0.06724137931034482
HD163296_CO_2_1.image;model_hot_cores_full_500it;5;71 Diazenylium;0.054310344827586204
HD163296_CO_2_1.image;model_hot_cores_full_expanded_00002_500it;1;21 Hydrogen sulfide;0.7698275862068965
HD163296_CO_2_1.image;model_hot_cores_full_expanded_00002_500it;2;22 Sulfur Monoxide ion;0.006896551724137932
HD163296_CO_2_1.image;model_hot_cores_full_expanded_00002_500it;3;28 Nitrous Oxide;0.006896551724137932
HD163296_CO_2_1.image;model_hot_cores_full_expanded_00002_500it;4;33 Aminoacetonitrile;0.006896551724137932
HD163296_CO_2_1.image;model_hot_cores_full_expanded_00002_500it;5;0 Isocyanic Acid;0.002586206896551724
HD163296_CO_2_1.image;model_hot_cores_full_expanded_00010_500it;1;3 Oxonium hydride;0.756896551724138
HD163296_CO_2_1.image;model_hot_cores_full_expanded_00010_500it;2;8 Methyliumylidene;0.006896551724137932
HD163296_CO_2_1.image;model_hot_cores_full_expanded_00010_500it;3;24 Formylium;0.006896551724137932
HD163296_CO_2_1.image;model_hot_cores_full_expanded_00010_500it;4;45 Cyanobutadiyne;0.006896551724137932
HD163296_CO_2_1.image;model_hot_cores_full_expanded_00010_500it;5;49 Methylene;0.006896551724137932
uid___A002_Xa916fc_X668__IRS43_HCO32.final.image.pbcor;model_hot_cores_tr_500it;1;8 Methyliumylidene;0.9255539143279173
uid___A002_Xa916fc_X668__IRS43_HCO32.final.image.pbcor;model_hot_cores_tr_500it;2;0 Isocyanic Acid;0.0008862629246676513
uid___A002_Xa916fc_X668__IRS43_HCO32.final.image.pbcor;model_hot_cores_tr_500it;3;1 Propenal;0.0008862629246676513
uid___A002_Xa916fc_X668__IRS43_HCO32.final.image.pbcor;model_hot_cores_tr_500it;4;2 Ketene;0.0008862629246676513
uid___A002_Xa916fc_X668__IRS43_HCO32.final.image.pbcor;model_hot_cores_tr_500it;5;3 Oxonium hydride;0.0008862629246676513
uid___A002_Xa916fc_X668__IRS43_HCO32.final.image.pbcor;model_hot_cores_2_500it;1;8 Methyliumylidene;0.8827178729689809
uid___A002_Xa916fc_X668__IRS43_HCO32.final.image.pbcor;model_hot_cores_2_500it;2;28 Nitrous Oxide;0.04372230428360414
uid___A002_Xa916fc_X668__IRS43_HCO32.final.image.pbcor;model_hot_cores_2_500it;3;0 Isocyanic Acid;0.0008862629246676513
uid___A002_Xa916fc_X668__IRS43_HCO32.final.image.pbcor;model_hot_cores_2_500it;4;1 Propenal;0.0008862629246676513
uid___A002_Xa916fc_X668__IRS43_HCO32.final.image.pbcor;model_hot_cores_2_500it;5;2 Ketene;0.0008862629246676513
uid___A002_Xa916fc_X668__IRS43_HCO32.final.image.pbcor;model_hot_cores_full_500it;1;61 Fluoromethyliumylidene;0.4617429837518464
uid___A002_Xa916fc_X668__IRS43_HCO32.final.image.pbcor;model_hot_cores_full_500it;2;25 Fulminic acid;0.14564254062038404
uid___A002_Xa916fc_X668__IRS43_HCO32.final.image.pbcor;model_hot_cores_full_500it;3;8 Methyliumylidene;0.12791728212703102
uid___A002_Xa916fc_X668__IRS43_HCO32.final.image.pbcor;model_hot_cores_full_500it;4;71 Diazenylium;0.1087149187592319
uid___A002_Xa916fc_X668__IRS43_HCO32.final.image.pbcor;model_hot_cores_full_500it;5;57 Protonate 2-proynenitrile;0.04519940915805022
uid___A002_Xa916fc_X668__IRS43_HCO32.final.image.pbcor;model_hot_cores_full_expanded_00002_500it;1;61 Fluoromethyliumylidene;0.9240768094534713
uid___A002_Xa916fc_X668__IRS43_HCO32.final.image.pbcor;model_hot_cores_full_expanded_00002_500it;2;38 Molecular oxygen;0.0023633677991137373
uid___A002_Xa916fc_X668__IRS43_HCO32.final.image.pbcor;model_hot_cores_full_expanded_00002_500it;3;0 Isocyanic Acid;0.0008862629246676513
uid___A002_Xa916fc_X668__IRS43_HCO32.final.image.pbcor;model_hot_cores_full_expanded_00002_500it;4;1 Propenal;0.0008862629246676513
uid___A002_Xa916fc_X668__IRS43_HCO32.final.image.pbcor;model_hot_cores_full_expanded_00002_500it;5;2 Ketene;0.0008862629246676513
uid___A002_Xa916fc_X668__IRS43_HCO32.final.image.pbcor;model_hot_cores_full_expanded_00010_500it;1;74 Vinyl Alcohol;0.9137370753323486
uid___A002_Xa916fc_X668__IRS43_HCO32.final.image.pbcor;model_hot_cores_full_expanded_00010_500it;2;2 Ketene;0.0023633677991137373
uid___A002_Xa916fc_X668__IRS43_HCO32.final.image.pbcor;model_hot_cores_full_expanded_00010_500it;3;3 Oxonium hydride;0.0023633677991137373
uid___A002_Xa916fc_X668__IRS43_HCO32.final.image.pbcor;model_hot_cores_full_expanded_00010_500it;4;16 Methyl formate vt01;0.0023633677991137373
uid___A002_Xa916fc_X668__IRS43_HCO32.final.image.pbcor;model_hot_cores_full_expanded_00010_500it;5;32 2,4,6-Heptatriynenitrile;0.0023633677991137373
TWHydra_CO3_2line.image;model_hot_cores_tr_500it;1;61 Fluoromethyliumylidene;0.6769230769230768
TWHydra_CO3_2line.image;model_hot_cores_tr_500it;2;0 Isocyanic Acid;0.003846153846153846
TWHydra_CO3_2line.image;model_hot_cores_tr_500it;3;1 Propenal;0.003846153846153846
TWHydra_CO3_2line.image;model_hot_cores_tr_500it;4;2 Ketene;0.003846153846153846
TWHydra_CO3_2line.image;model_hot_cores_tr_500it;5;3 Oxonium hydride;0.003846153846153846
TWHydra_CO3_2line.image;model_hot_cores_2_500it;1;8 Methyliumylidene;0.6769230769230768
TWHydra_CO3_2line.image;model_hot_cores_2_500it;2;0 Isocyanic Acid;0.003846153846153846
TWHydra_CO3_2line.image;model_hot_cores_2_500it;3;1 Propenal;0.003846153846153846
TWHydra_CO3_2line.image;model_hot_cores_2_500it;4;2 Ketene;0.003846153846153846
TWHydra_CO3_2line.image;model_hot_cores_2_500it;5;3 Oxonium hydride;0.003846153846153846
TWHydra_CO3_2line.image;model_hot_cores_full_500it;1;9 Iminomethylium;0.37564102564102564
TWHydra_CO3_2line.image;model_hot_cores_full_500it;2;61 Fluoromethyliumylidene;0.12564102564102564
TWHydra_CO3_2line.image;model_hot_cores_full_500it;3;4 Thioformylium;0.05512820512820513
TWHydra_CO3_2line.image;model_hot_cores_full_500it;4;45 Cyanobutadiyne;0.05512820512820513
TWHydra_CO3_2line.image;model_hot_cores_full_500it;5;76 Carbon Monosulfide;0.04871794871794872
TWHydra_CO3_2line.image;model_hot_cores_full_expanded_00002_500it;1;32 2,4,6-Heptatriynenitrile;0.6576923076923077
TWHydra_CO3_2line.image;model_hot_cores_full_expanded_00002_500it;2;30 Ethylene Oxide;0.010256410256410256
TWHydra_CO3_2line.image;model_hot_cores_full_expanded_00002_500it;3;31 Ketenimine;0.010256410256410256
TWHydra_CO3_2line.image;model_hot_cores_full_expanded_00002_500it;4;72 Cyanoformaldehyde;0.010256410256410256
TWHydra_CO3_2line.image;model_hot_cores_full_expanded_00002_500it;5;0 Isocyanic Acid;0.003846153846153846
TWHydra_CO3_2line.image;model_hot_cores_full_expanded_00010_500it;1;68 Carbon Monoxide;0.6192307692307691
TWHydra_CO3_2line.image;model_hot_cores_full_expanded_00010_500it;2;4 Thioformylium;0.010256410256410256
TWHydra_CO3_2line.image;model_hot_cores_full_expanded_00010_500it;3;12 Carbon Monosulfide;0.010256410256410256
TWHydra_CO3_2line.image;model_hot_cores_full_expanded_00010_500it;4;14 Methyl Acetylene;0.010256410256410256
TWHydra_CO3_2line.image;model_hot_cores_full_expanded_00010_500it;5;17 Ethyl Cyanide;0.010256410256410256
Orion.methanol.cbc.contsub.image;model_hot_cores_tr_500it;1;25 Fulminic acid;0.7017751479289941
Orion.methanol.cbc.contsub.image;model_hot_cores_tr_500it;2;0 Isocyanic Acid;0.0035502958579881655
Orion.methanol.cbc.contsub.image;model_hot_cores_tr_500it;3;1 Propenal;0.0035502958579881655
Orion.methanol.cbc.contsub.image;model_hot_cores_tr_500it;4;2 Ketene;0.0035502958579881655
Orion.methanol.cbc.contsub.image;model_hot_cores_tr_500it;5;3 Oxonium hydride;0.0035502958579881655
Orion.methanol.cbc.contsub.image;model_hot_cores_2_500it;1;4 Thioformylium;0.7017751479289941
Orion.methanol.cbc.contsub.image;model_hot_cores_2_500it;2;0 Isocyanic Acid;0.0035502958579881655
Orion.methanol.cbc.contsub.image;model_hot_cores_2_500it;3;1 Propenal;0.0035502958579881655
Orion.methanol.cbc.contsub.image;model_hot_cores_2_500it;4;2 Ketene;0.0035502958579881655
Orion.methanol.cbc.contsub.image;model_hot_cores_2_500it;5;3 Oxonium hydride;0.0035502958579881655
Orion.methanol.cbc.contsub.image;model_hot_cores_full_500it;1;8 Methyliumylidene;0.30532544378698223
Orion.methanol.cbc.contsub.image;model_hot_cores_full_500it;2;61 Fluoromethyliumylidene;0.17514792899408285
Orion.methanol.cbc.contsub.image;model_hot_cores_full_500it;3;57 Protonate 2-proynenitrile;0.12189349112426036
Orion.methanol.cbc.contsub.image;model_hot_cores_full_500it;4;38 Molecular oxygen;0.07455621301775148
Orion.methanol.cbc.contsub.image;model_hot_cores_full_500it;5;22 Sulfur Monoxide ion;0.03905325443786982
Orion.methanol.cbc.contsub.image;model_hot_cores_full_expanded_00002_500it;1;26 Trihydrogen ion;0.6899408284023668
Orion.methanol.cbc.contsub.image;model_hot_cores_full_expanded_00002_500it;2;36 Formyl Radical;0.009467455621301775
Orion.methanol.cbc.contsub.image;model_hot_cores_full_expanded_00002_500it;3;61 Fluoromethyliumylidene;0.009467455621301775
Orion.methanol.cbc.contsub.image;model_hot_cores_full_expanded_00002_500it;4;0 Isocyanic Acid;0.0035502958579881655
Orion.methanol.cbc.contsub.image;model_hot_cores_full_expanded_00002_500it;5;1 Propenal;0.0035502958579881655
Orion.methanol.cbc.contsub.image;model_hot_cores_full_expanded_00010_500it;1;70 Thioformaldehyde;0.6840236686390532
Orion.methanol.cbc.contsub.image;model_hot_cores_full_expanded_00010_500it;2;7 Hydroxyl;0.009467455621301775
Orion.methanol.cbc.contsub.image;model_hot_cores_full_expanded_00010_500it;3;29 Propadienylidene;0.009467455621301775
Orion.methanol.cbc.contsub.image;model_hot_cores_full_expanded_00010_500it;4;63 Thioxoethenylidene;0.009467455621301775
Orion.methanol.cbc.contsub.image;model_hot_cores_full_expanded_00010_500it;5;0 Isocyanic Acid;0.0035502958579881655
TWHydra_HCOplusline.image;model_hot_cores_tr_500it;1;8 Methyliumylidene;0.6769230769230768
TWHydra_HCOplusline.image;model_hot_cores_tr_500it;2;0 Isocyanic Acid;0.003846153846153846
TWHydra_HCOplusline.image;model_hot_cores_tr_500it;3;1 Propenal;0.003846153846153846
TWHydra_HCOplusline.image;model_hot_cores_tr_500it;4;2 Ketene;0.003846153846153846
TWHydra_HCOplusline.image;model_hot_cores_tr_500it;5;3 Oxonium hydride;0.003846153846153846
TWHydra_HCOplusline.image;model_hot_cores_2_500it;1;50 Hydrochloric acid;0.48461538461538456
TWHydra_HCOplusline.image;model_hot_cores_2_500it;2;25 Fulminic acid;0.1641025641025641
TWHydra_HCOplusline.image;model_hot_cores_2_500it;3;63 Thioxoethenylidene;0.035897435897435895
TWHydra_HCOplusline.image;model_hot_cores_2_500it;4;0 Isocyanic Acid;0.003846153846153846
TWHydra_HCOplusline.image;model_hot_cores_2_500it;5;1 Propenal;0.003846153846153846
TWHydra_HCOplusline.image;model_hot_cores_full_500it;1;4 Thioformylium;0.24102564102564103
TWHydra_HCOplusline.image;model_hot_cores_full_500it;2;82 para-Oxidaniumyl;0.12564102564102564
TWHydra_HCOplusline.image;model_hot_cores_full_500it;3;23 1,3-Butadiynyl radical;0.06794871794871794
TWHydra_HCOplusline.image;model_hot_cores_full_500it;4;61 Fluoromethyliumylidene;0.06794871794871794
TWHydra_HCOplusline.image;model_hot_cores_full_500it;5;76 Carbon Monosulfide;0.06794871794871794
TWHydra_HCOplusline.image;model_hot_cores_full_expanded_00002_500it;1;50 Hydrochloric acid;0.6576923076923077
TWHydra_HCOplusline.image;model_hot_cores_full_expanded_00002_500it;2;20 Water;0.010256410256410256
TWHydra_HCOplusline.image;model_hot_cores_full_expanded_00002_500it;3;27 Methanimine;0.010256410256410256
TWHydra_HCOplusline.image;model_hot_cores_full_expanded_00002_500it;4;52 Cyanide Radical;0.010256410256410256
TWHydra_HCOplusline.image;model_hot_cores_full_expanded_00002_500it;5;0 Isocyanic Acid;0.003846153846153846
TWHydra_HCOplusline.image;model_hot_cores_full_expanded_00010_500it;1;24 Formylium;0.555128205128205
TWHydra_HCOplusline.image;model_hot_cores_full_expanded_00010_500it;2;16 Methyl formate vt01;0.029487179487179487
TWHydra_HCOplusline.image;model_hot_cores_full_expanded_00010_500it;3;6 Methyl Formate;0.023076923076923078
TWHydra_HCOplusline.image;model_hot_cores_full_expanded_00010_500it;4;46 Sulfur Dioxide;0.016666666666666666
TWHydra_HCOplusline.image;model_hot_cores_full_expanded_00010_500it;5;59 Ethylene Glycol;0.016666666666666666
