1;68 Carbon Monoxide;0.6192307692307691
2;4 Thioformylium;0.010256410256410256
3;12 Carbon Monosulfide;0.010256410256410256
4;14 Methyl Acetylene;0.010256410256410256
5;17 Ethyl Cyanide;0.010256410256410256
6;27 Methanimine;0.010256410256410256
7;59 Ethylene Glycol;0.010256410256410256
8;72 Cyanoformaldehyde;0.010256410256410256
9;73 Isothiocyanic acid;0.010256410256410256
10;82 para-Oxidaniumyl;0.010256410256410256
11;0 Isocyanic Acid;0.003846153846153846
12;1 Propenal;0.003846153846153846
13;2 Ketene;0.003846153846153846
14;3 Oxonium hydride;0.003846153846153846
15;5 Vinyl Cyanide;0.003846153846153846
16;6 Methyl Formate;0.003846153846153846
17;7 Hydroxyl;0.003846153846153846
18;8 Methyliumylidene;0.003846153846153846
19;9 Iminomethylium;0.003846153846153846
20;10 Hydroxymethylium ion;0.003846153846153846
21;11 2-Propynal;0.003846153846153846
22;13 Cyanomethyl;0.003846153846153846
23;15 2-Butynenitrile;0.003846153846153846
24;16 Methyl formate vt01;0.003846153846153846
25;18 gauche-Ethanol;0.003846153846153846
26;19 Glycolaldehyde;0.003846153846153846
27;20 Water;0.003846153846153846
28;21 Hydrogen sulfide;0.003846153846153846
29;22 Sulfur Monoxide ion;0.003846153846153846
30;23 1,3-Butadiynyl radical;0.003846153846153846
31;24 Formylium;0.003846153846153846
32;25 Fulminic acid;0.003846153846153846
33;26 Trihydrogen ion;0.003846153846153846
34;28 Nitrous Oxide;0.003846153846153846
35;29 Propadienylidene;0.003846153846153846
36;30 Ethylene Oxide;0.003846153846153846
37;31 Ketenimine;0.003846153846153846
38;32 2,4,6-Heptatriynenitrile;0.003846153846153846
39;33 Aminoacetonitrile;0.003846153846153846
40;34 Methanol;0.003846153846153846
41;35 Ammonia;0.003846153846153846
42;36 Formyl Radical;0.003846153846153846
43;37 Methyl Cyanide;0.003846153846153846
44;38 Molecular oxygen;0.003846153846153846
45;39 Cyclopropenone;0.003846153846153846
46;40 Carbonyl Sulfide;0.003846153846153846
47;41 Acetaldehyde;0.003846153846153846
48;42 Cyanomethylene;0.003846153846153846
49;43 3-Thioxo-1,2-Propadieylidene;0.003846153846153846
50;44 Formamide;0.003846153846153846
51;45 Cyanobutadiyne;0.003846153846153846
52;46 Sulfur Dioxide;0.003846153846153846
53;47 Methyl isocyanide;0.003846153846153846
54;48 Nitric sulfide;0.003846153846153846
55;49 Methylene;0.003846153846153846
56;50 Hydrochloric acid;0.003846153846153846
57;51 Ethyne Isocyanide;0.003846153846153846
58;52 Cyanide Radical;0.003846153846153846
59;53 Nitric oxide;0.003846153846153846
60;54 Cyanic acid;0.003846153846153846
61;55 Formaldehyde;0.003846153846153846
62;56 Sulfur Monoxide;0.003846153846153846
63;57 Protonate 2-proynenitrile;0.003846153846153846
64;58 Ethynyl;0.003846153846153846
65;60 Hydrogen Cyanide;0.003846153846153846
66;61 Fluoromethyliumylidene;0.003846153846153846
67;62 Methylidyne;0.003846153846153846
68;63 Thioxoethenylidene;0.003846153846153846
69;64 Cyanomethanimine;0.003846153846153846
70;65 Silicon Monoxide;0.003846153846153846
71;66 Dimethyl ether;0.003846153846153846
72;67 Acetone;0.003846153846153846
73;69 Phosphorous nitride;0.003846153846153846
74;70 Thioformaldehyde;0.003846153846153846
75;71 Diazenylium;0.003846153846153846
76;74 Vinyl Alcohol;0.003846153846153846
77;75 Hydrogen Isocyanide;0.003846153846153846
78;76 Carbon Monosulfide;0.003846153846153846
79;77 Methylamine;0.003846153846153846
80;78 Protonated Carbon Dioxide;0.003846153846153846
81;79 Formic Acid;0.003846153846153846
82;80 Cyclopropenylidene;0.003846153846153846
83;81 Cyanoacetylene;0.003846153846153846
84;83 ortho-Oxidaniumyl;0.003846153846153846
85;84 Nitrosyl hydride;0.003846153846153846
