1;50 Hydrochloric acid;0.6576923076923077
2;20 Water;0.010256410256410256
3;27 Methanimine;0.010256410256410256
4;52 Cyanide Radical;0.010256410256410256
5;0 Isocyanic Acid;0.003846153846153846
6;1 Propenal;0.003846153846153846
7;2 Ketene;0.003846153846153846
8;3 Oxonium hydride;0.003846153846153846
9;4 Thioformylium;0.003846153846153846
10;5 Vinyl Cyanide;0.003846153846153846
11;6 Methyl Formate;0.003846153846153846
12;7 Hydroxyl;0.003846153846153846
13;8 Methyliumylidene;0.003846153846153846
14;9 Iminomethylium;0.003846153846153846
15;10 Hydroxymethylium ion;0.003846153846153846
16;11 2-Propynal;0.003846153846153846
17;12 Carbon Monosulfide;0.003846153846153846
18;13 Cyanomethyl;0.003846153846153846
19;14 Methyl Acetylene;0.003846153846153846
20;15 2-Butynenitrile;0.003846153846153846
21;16 Methyl formate vt01;0.003846153846153846
22;17 Ethyl Cyanide;0.003846153846153846
23;18 gauche-Ethanol;0.003846153846153846
24;19 Glycolaldehyde;0.003846153846153846
25;21 Hydrogen sulfide;0.003846153846153846
26;22 Sulfur Monoxide ion;0.003846153846153846
27;23 1,3-Butadiynyl radical;0.003846153846153846
28;24 Formylium;0.003846153846153846
29;25 Fulminic acid;0.003846153846153846
30;26 Trihydrogen ion;0.003846153846153846
31;28 Nitrous Oxide;0.003846153846153846
32;29 Propadienylidene;0.003846153846153846
33;30 Ethylene Oxide;0.003846153846153846
34;31 Ketenimine;0.003846153846153846
35;32 2,4,6-Heptatriynenitrile;0.003846153846153846
36;33 Aminoacetonitrile;0.003846153846153846
37;34 Methanol;0.003846153846153846
38;35 Ammonia;0.003846153846153846
39;36 Formyl Radical;0.003846153846153846
40;37 Methyl Cyanide;0.003846153846153846
41;38 Molecular oxygen;0.003846153846153846
42;39 Cyclopropenone;0.003846153846153846
43;40 Carbonyl Sulfide;0.003846153846153846
44;41 Acetaldehyde;0.003846153846153846
45;42 Cyanomethylene;0.003846153846153846
46;43 3-Thioxo-1,2-Propadieylidene;0.003846153846153846
47;44 Formamide;0.003846153846153846
48;45 Cyanobutadiyne;0.003846153846153846
49;46 Sulfur Dioxide;0.003846153846153846
50;47 Methyl isocyanide;0.003846153846153846
51;48 Nitric sulfide;0.003846153846153846
52;49 Methylene;0.003846153846153846
53;51 Ethyne Isocyanide;0.003846153846153846
54;53 Nitric oxide;0.003846153846153846
55;54 Cyanic acid;0.003846153846153846
56;55 Formaldehyde;0.003846153846153846
57;56 Sulfur Monoxide;0.003846153846153846
58;57 Protonate 2-proynenitrile;0.003846153846153846
59;58 Ethynyl;0.003846153846153846
60;59 Ethylene Glycol;0.003846153846153846
61;60 Hydrogen Cyanide;0.003846153846153846
62;61 Fluoromethyliumylidene;0.003846153846153846
63;62 Methylidyne;0.003846153846153846
64;63 Thioxoethenylidene;0.003846153846153846
65;64 Cyanomethanimine;0.003846153846153846
66;65 Silicon Monoxide;0.003846153846153846
67;66 Dimethyl ether;0.003846153846153846
68;67 Acetone;0.003846153846153846
69;68 Carbon Monoxide;0.003846153846153846
70;69 Phosphorous nitride;0.003846153846153846
71;70 Thioformaldehyde;0.003846153846153846
72;71 Diazenylium;0.003846153846153846
73;72 Cyanoformaldehyde;0.003846153846153846
74;73 Isothiocyanic acid;0.003846153846153846
75;74 Vinyl Alcohol;0.003846153846153846
76;75 Hydrogen Isocyanide;0.003846153846153846
77;76 Carbon Monosulfide;0.003846153846153846
78;77 Methylamine;0.003846153846153846
79;78 Protonated Carbon Dioxide;0.003846153846153846
80;79 Formic Acid;0.003846153846153846
81;80 Cyclopropenylidene;0.003846153846153846
82;81 Cyanoacetylene;0.003846153846153846
83;82 para-Oxidaniumyl;0.003846153846153846
84;83 ortho-Oxidaniumyl;0.003846153846153846
85;84 Nitrosyl hydride;0.003846153846153846
