1;61 Fluoromethyliumylidene;0.9240768094534713
2;38 Molecular oxygen;0.0023633677991137373
3;0 Isocyanic Acid;0.0008862629246676513
4;1 Propenal;0.0008862629246676513
5;2 Ketene;0.0008862629246676513
6;3 Oxonium hydride;0.0008862629246676513
7;4 Thioformylium;0.0008862629246676513
8;5 Vinyl Cyanide;0.0008862629246676513
9;6 Methyl Formate;0.0008862629246676513
10;7 Hydroxyl;0.0008862629246676513
11;8 Methyliumylidene;0.0008862629246676513
12;9 Iminomethylium;0.0008862629246676513
13;10 Hydroxymethylium ion;0.0008862629246676513
14;11 2-Propynal;0.0008862629246676513
15;12 Carbon Monosulfide;0.0008862629246676513
16;13 Cyanomethyl;0.0008862629246676513
17;14 Methyl Acetylene;0.0008862629246676513
18;15 2-Butynenitrile;0.0008862629246676513
19;16 Methyl formate vt01;0.0008862629246676513
20;17 Ethyl Cyanide;0.0008862629246676513
21;18 gauche-Ethanol;0.0008862629246676513
22;19 Glycolaldehyde;0.0008862629246676513
23;20 Water;0.0008862629246676513
24;21 Hydrogen sulfide;0.0008862629246676513
25;22 Sulfur Monoxide ion;0.0008862629246676513
26;23 1,3-Butadiynyl radical;0.0008862629246676513
27;24 Formylium;0.0008862629246676513
28;25 Fulminic acid;0.0008862629246676513
29;26 Trihydrogen ion;0.0008862629246676513
30;27 Methanimine;0.0008862629246676513
31;28 Nitrous Oxide;0.0008862629246676513
32;29 Propadienylidene;0.0008862629246676513
33;30 Ethylene Oxide;0.0008862629246676513
34;31 Ketenimine;0.0008862629246676513
35;32 2,4,6-Heptatriynenitrile;0.0008862629246676513
36;33 Aminoacetonitrile;0.0008862629246676513
37;34 Methanol;0.0008862629246676513
38;35 Ammonia;0.0008862629246676513
39;36 Formyl Radical;0.0008862629246676513
40;37 Methyl Cyanide;0.0008862629246676513
41;39 Cyclopropenone;0.0008862629246676513
42;40 Carbonyl Sulfide;0.0008862629246676513
43;41 Acetaldehyde;0.0008862629246676513
44;42 Cyanomethylene;0.0008862629246676513
45;43 3-Thioxo-1,2-Propadieylidene;0.0008862629246676513
46;44 Formamide;0.0008862629246676513
47;45 Cyanobutadiyne;0.0008862629246676513
48;46 Sulfur Dioxide;0.0008862629246676513
49;47 Methyl isocyanide;0.0008862629246676513
50;48 Nitric sulfide;0.0008862629246676513
51;49 Methylene;0.0008862629246676513
52;50 Hydrochloric acid;0.0008862629246676513
53;51 Ethyne Isocyanide;0.0008862629246676513
54;52 Cyanide Radical;0.0008862629246676513
55;53 Nitric oxide;0.0008862629246676513
56;54 Cyanic acid;0.0008862629246676513
57;55 Formaldehyde;0.0008862629246676513
58;56 Sulfur Monoxide;0.0008862629246676513
59;57 Protonate 2-proynenitrile;0.0008862629246676513
60;58 Ethynyl;0.0008862629246676513
61;59 Ethylene Glycol;0.0008862629246676513
62;60 Hydrogen Cyanide;0.0008862629246676513
63;62 Methylidyne;0.0008862629246676513
64;63 Thioxoethenylidene;0.0008862629246676513
65;64 Cyanomethanimine;0.0008862629246676513
66;65 Silicon Monoxide;0.0008862629246676513
67;66 Dimethyl ether;0.0008862629246676513
68;67 Acetone;0.0008862629246676513
69;68 Carbon Monoxide;0.0008862629246676513
70;69 Phosphorous nitride;0.0008862629246676513
71;70 Thioformaldehyde;0.0008862629246676513
72;71 Diazenylium;0.0008862629246676513
73;72 Cyanoformaldehyde;0.0008862629246676513
74;73 Isothiocyanic acid;0.0008862629246676513
75;74 Vinyl Alcohol;0.0008862629246676513
76;75 Hydrogen Isocyanide;0.0008862629246676513
77;76 Carbon Monosulfide;0.0008862629246676513
78;77 Methylamine;0.0008862629246676513
79;78 Protonated Carbon Dioxide;0.0008862629246676513
80;79 Formic Acid;0.0008862629246676513
81;80 Cyclopropenylidene;0.0008862629246676513
82;81 Cyanoacetylene;0.0008862629246676513
83;82 para-Oxidaniumyl;0.0008862629246676513
84;83 ortho-Oxidaniumyl;0.0008862629246676513
85;84 Nitrosyl hydride;0.0008862629246676513
