1;74 Vinyl Alcohol;0.9137370753323486
2;2 Ketene;0.0023633677991137373
3;3 Oxonium hydride;0.0023633677991137373
4;16 Methyl formate vt01;0.0023633677991137373
5;32 2,4,6-Heptatriynenitrile;0.0023633677991137373
6;35 Ammonia;0.0023633677991137373
7;58 Ethynyl;0.0023633677991137373
8;59 Ethylene Glycol;0.0023633677991137373
9;71 Diazenylium;0.0023633677991137373
10;0 Isocyanic Acid;0.0008862629246676513
11;1 Propenal;0.0008862629246676513
12;4 Thioformylium;0.0008862629246676513
13;5 Vinyl Cyanide;0.0008862629246676513
14;6 Methyl Formate;0.0008862629246676513
15;7 Hydroxyl;0.0008862629246676513
16;8 Methyliumylidene;0.0008862629246676513
17;9 Iminomethylium;0.0008862629246676513
18;10 Hydroxymethylium ion;0.0008862629246676513
19;11 2-Propynal;0.0008862629246676513
20;12 Carbon Monosulfide;0.0008862629246676513
21;13 Cyanomethyl;0.0008862629246676513
22;14 Methyl Acetylene;0.0008862629246676513
23;15 2-Butynenitrile;0.0008862629246676513
24;17 Ethyl Cyanide;0.0008862629246676513
25;18 gauche-Ethanol;0.0008862629246676513
26;19 Glycolaldehyde;0.0008862629246676513
27;20 Water;0.0008862629246676513
28;21 Hydrogen sulfide;0.0008862629246676513
29;22 Sulfur Monoxide ion;0.0008862629246676513
30;23 1,3-Butadiynyl radical;0.0008862629246676513
31;24 Formylium;0.0008862629246676513
32;25 Fulminic acid;0.0008862629246676513
33;26 Trihydrogen ion;0.0008862629246676513
34;27 Methanimine;0.0008862629246676513
35;28 Nitrous Oxide;0.0008862629246676513
36;29 Propadienylidene;0.0008862629246676513
37;30 Ethylene Oxide;0.0008862629246676513
38;31 Ketenimine;0.0008862629246676513
39;33 Aminoacetonitrile;0.0008862629246676513
40;34 Methanol;0.0008862629246676513
41;36 Formyl Radical;0.0008862629246676513
42;37 Methyl Cyanide;0.0008862629246676513
43;38 Molecular oxygen;0.0008862629246676513
44;39 Cyclopropenone;0.0008862629246676513
45;40 Carbonyl Sulfide;0.0008862629246676513
46;41 Acetaldehyde;0.0008862629246676513
47;42 Cyanomethylene;0.0008862629246676513
48;43 3-Thioxo-1,2-Propadieylidene;0.0008862629246676513
49;44 Formamide;0.0008862629246676513
50;45 Cyanobutadiyne;0.0008862629246676513
51;46 Sulfur Dioxide;0.0008862629246676513
52;47 Methyl isocyanide;0.0008862629246676513
53;48 Nitric sulfide;0.0008862629246676513
54;49 Methylene;0.0008862629246676513
55;50 Hydrochloric acid;0.0008862629246676513
56;51 Ethyne Isocyanide;0.0008862629246676513
57;52 Cyanide Radical;0.0008862629246676513
58;53 Nitric oxide;0.0008862629246676513
59;54 Cyanic acid;0.0008862629246676513
60;55 Formaldehyde;0.0008862629246676513
61;56 Sulfur Monoxide;0.0008862629246676513
62;57 Protonate 2-proynenitrile;0.0008862629246676513
63;60 Hydrogen Cyanide;0.0008862629246676513
64;61 Fluoromethyliumylidene;0.0008862629246676513
65;62 Methylidyne;0.0008862629246676513
66;63 Thioxoethenylidene;0.0008862629246676513
67;64 Cyanomethanimine;0.0008862629246676513
68;65 Silicon Monoxide;0.0008862629246676513
69;66 Dimethyl ether;0.0008862629246676513
70;67 Acetone;0.0008862629246676513
71;68 Carbon Monoxide;0.0008862629246676513
72;69 Phosphorous nitride;0.0008862629246676513
73;70 Thioformaldehyde;0.0008862629246676513
74;72 Cyanoformaldehyde;0.0008862629246676513
75;73 Isothiocyanic acid;0.0008862629246676513
76;75 Hydrogen Isocyanide;0.0008862629246676513
77;76 Carbon Monosulfide;0.0008862629246676513
78;77 Methylamine;0.0008862629246676513
79;78 Protonated Carbon Dioxide;0.0008862629246676513
80;79 Formic Acid;0.0008862629246676513
81;80 Cyclopropenylidene;0.0008862629246676513
82;81 Cyanoacetylene;0.0008862629246676513
83;82 para-Oxidaniumyl;0.0008862629246676513
84;83 ortho-Oxidaniumyl;0.0008862629246676513
85;84 Nitrosyl hydride;0.0008862629246676513
