1;47 Thioxoethenylidene;0.8662420382165604
2;96 2-Propynal;0.006369426751592356
3;11 Cyanide Radical;0.0037154989384288743
4;27 Sodium Cyanide;0.0037154989384288743
5;0 Dimethyl ether;0.0010615711252653928
6;1 Butatrienylidene;0.0010615711252653928
7;2 Trihydrogen ion;0.0010615711252653928
8;3 Nitrous Oxide;0.0010615711252653928
9;4 Methyl Acetylene;0.0010615711252653928
10;5 Ethylene Glycol;0.0010615711252653928
11;6 Methyl Cyanide;0.0010615711252653928
12;7 Thioformylium;0.0010615711252653928
13;8 para-Oxidaniumyl;0.0010615711252653928
14;9 Hydrogen Cyanide;0.0010615711252653928
15;10 Titanium monoxide;0.0010615711252653928
16;12 Formic Acid;0.0010615711252653928
17;13 Nitric sulfide;0.0010615711252653928
18;14 Iminomethylium;0.0010615711252653928
19;15 Aluminum monoxide;0.0010615711252653928
20;16 Methyl isocyanate;0.0010615711252653928
21;17 Nitrosyl hydride;0.0010615711252653928
22;18 Propynylidynium;0.0010615711252653928
23;19 Magnesium Cyanide;0.0010615711252653928
24;20 Diazenylium;0.0010615711252653928
25;21 Methylamine;0.0010615711252653928
26;22 Chloronium;0.0010615711252653928
27;23 Silicon monosulfide;0.0010615711252653928
28;24 Phosphorus Monoxide;0.0010615711252653928
29;25 Cyclopropenone;0.0010615711252653928
30;26 Carbon Monoxide Ion;0.0010615711252653928
31;28 Nitric oxide;0.0010615711252653928
32;29 Silicon Cyanide;0.0010615711252653928
33;30 Ethyne Isocyanide;0.0010615711252653928
34;31 Sodium Chloride;0.0010615711252653928
35;32 Cyanoacetylene;0.0010615711252653928
36;33 Sulfur Monoxide;0.0010615711252653928
37;34 Aluminum Isocyanitrile;0.0010615711252653928
38;35 Cyanobutadiyne;0.0010615711252653928
39;36 Silicon Mononitride;0.0010615711252653928
40;37 Carbon Monoxide;0.0010615711252653928
41;38 Propadienylidene;0.0010615711252653928
42;39 Methanimine;0.0010615711252653928
43;40 Aluminum Monofluoride;0.0010615711252653928
44;41 Formamide;0.0010615711252653928
45;42 Aminoacetonitrile;0.0010615711252653928
46;43 Ammonia;0.0010615711252653928
47;44 gauche-Ethanol;0.0010615711252653928
48;45 Protonate 2-proynenitrile;0.0010615711252653928
49;46 Carbonyl Sulfide;0.0010615711252653928
50;48 Ethyl cyanide;0.0010615711252653928
51;49 Water;0.0010615711252653928
52;50 Methyl Formate;0.0010615711252653928
53;51 Acetaldehyde;0.0010615711252653928
54;52 Ketenimine;0.0010615711252653928
55;53 Propenal;0.0010615711252653928
56;54 Methyl isocyanide;0.0010615711252653928
57;55 iso-propyl cyanide;0.0010615711252653928
58;56 Hydrogen cyanide;0.0010615711252653928
59;57 Protonated Carbon Dioxide;0.0010615711252653928
60;58 Methylidyne;0.0010615711252653928
61;59 Ketene;0.0010615711252653928
62;60 Silicon Monoxide;0.0010615711252653928
63;61 Acetone;0.0010615711252653928
64;62 Vinyl Cyanide;0.0010615711252653928
65;63 Silicon monoxide (global fit);0.0010615711252653928
66;64 Cyclopropenylidene;0.0010615711252653928
67;65 Magnesium Isocyanide;0.0010615711252653928
68;66 Cyanobutadiynylide anion;0.0010615711252653928
69;67 Formaldehyde;0.0010615711252653928
70;68 Carbon Monosulfide;0.0010615711252653928
71;69 Fulminic acid;0.0010615711252653928
72;70 trans-Ethanol;0.0010615711252653928
73;71 Silicon Carbide;0.0010615711252653928
74;72 Formylium;0.0010615711252653928
75;73 Ethylene Oxide;0.0010615711252653928
76;74 Sulfur dioxide;0.0010615711252653928
77;75 Carbon Monophosphide;0.0010615711252653928
78;76 Sulfur Monoxide ion;0.0010615711252653928
79;77 Methanol;0.0010615711252653928
80;78 Sulfur Dioxide;0.0010615711252653928
81;79 Cyanoformaldehyde;0.0010615711252653928
82;80 Isocyanic Acid;0.0010615711252653928
83;81 Silicon Isocyanide;0.0010615711252653928
84;82 Methylene amidogen;0.0010615711252653928
85;83 Silicon Monocarbide;0.0010615711252653928
86;84 Phosphaethyne;0.0010615711252653928
87;85 Aluminum Monochloride;0.0010615711252653928
88;86 Cyanoallene;0.0010615711252653928
89;87 Methyl diacetylene;0.0010615711252653928
90;88 Cyanomethylene;0.0010615711252653928
91;89 Phosphapropynylidyne;0.0010615711252653928
92;90 Cyanomethyl;0.0010615711252653928
93;91 Hydrogen Isocyanide;0.0010615711252653928
94;92 Hydrogen sulfide;0.0010615711252653928
95;93 Hydroxyl;0.0010615711252653928
96;94 Glycolaldehyde;0.0010615711252653928
97;95 Cyanide anion;0.0010615711252653928
98;97 Ethynyl;0.0010615711252653928
99;98 Phosphorous nitride;0.0010615711252653928
100;99 Magnesium hydride isocyanide;0.0010615711252653928
101;100 Potassium chloride;0.0010615711252653928
102;101 Silicon tetracarbide;0.0010615711252653928
103;102 Ethyl Cyanide;0.0010615711252653928
104;103 Cyanamide;0.0010615711252653928
105;104 Amidogen;0.0010615711252653928
106;105 Hydroxymethylidyne;0.0010615711252653928
107;106 Formyl Radical;0.0010615711252653928
108;107 Vinyl Alcohol;0.0010615711252653928
109;108 ortho-Oxidaniumyl;0.0010615711252653928
110;109 Cyanoethynylide ion;0.0010615711252653928
111;110 Oxoethenylidene;0.0010615711252653928
112;111 2-Butynenitrile;0.0010615711252653928
113;112 Cyanoethynyl;0.0010615711252653928
114;113 Hydroxymethylium ion;0.0010615711252653928
115;114 Thioformaldehyde;0.0010615711252653928
116;115 Isothiocyanic acid;0.0010615711252653928
117;116 Cyanic acid;0.0010615711252653928
