1;89 Phosphapropynylidyne;0.8514426028238182
2;21 Methylamine;0.004297114794352363
3;108 ortho-Oxidaniumyl;0.004297114794352363
4;0 Dimethyl ether;0.0012277470841006754
5;1 Butatrienylidene;0.0012277470841006754
6;2 Trihydrogen ion;0.0012277470841006754
7;3 Nitrous Oxide;0.0012277470841006754
8;4 Methyl Acetylene;0.0012277470841006754
9;5 Ethylene Glycol;0.0012277470841006754
10;6 Methyl Cyanide;0.0012277470841006754
11;7 Thioformylium;0.0012277470841006754
12;8 para-Oxidaniumyl;0.0012277470841006754
13;9 Hydrogen Cyanide;0.0012277470841006754
14;10 Titanium monoxide;0.0012277470841006754
15;11 Cyanide Radical;0.0012277470841006754
16;12 Formic Acid;0.0012277470841006754
17;13 Nitric sulfide;0.0012277470841006754
18;14 Iminomethylium;0.0012277470841006754
19;15 Aluminum monoxide;0.0012277470841006754
20;16 Methyl isocyanate;0.0012277470841006754
21;17 Nitrosyl hydride;0.0012277470841006754
22;18 Propynylidynium;0.0012277470841006754
23;19 Magnesium Cyanide;0.0012277470841006754
24;20 Diazenylium;0.0012277470841006754
25;22 Chloronium;0.0012277470841006754
26;23 Silicon monosulfide;0.0012277470841006754
27;24 Phosphorus Monoxide;0.0012277470841006754
28;25 Cyclopropenone;0.0012277470841006754
29;26 Carbon Monoxide Ion;0.0012277470841006754
30;27 Sodium Cyanide;0.0012277470841006754
31;28 Nitric oxide;0.0012277470841006754
32;29 Silicon Cyanide;0.0012277470841006754
33;30 Ethyne Isocyanide;0.0012277470841006754
34;31 Sodium Chloride;0.0012277470841006754
35;32 Cyanoacetylene;0.0012277470841006754
36;33 Sulfur Monoxide;0.0012277470841006754
37;34 Aluminum Isocyanitrile;0.0012277470841006754
38;35 Cyanobutadiyne;0.0012277470841006754
39;36 Silicon Mononitride;0.0012277470841006754
40;37 Carbon Monoxide;0.0012277470841006754
41;38 Propadienylidene;0.0012277470841006754
42;39 Methanimine;0.0012277470841006754
43;40 Aluminum Monofluoride;0.0012277470841006754
44;41 Formamide;0.0012277470841006754
45;42 Aminoacetonitrile;0.0012277470841006754
46;43 Ammonia;0.0012277470841006754
47;44 gauche-Ethanol;0.0012277470841006754
48;45 Protonate 2-proynenitrile;0.0012277470841006754
49;46 Carbonyl Sulfide;0.0012277470841006754
50;47 Thioxoethenylidene;0.0012277470841006754
51;48 Ethyl cyanide;0.0012277470841006754
52;49 Water;0.0012277470841006754
53;50 Methyl Formate;0.0012277470841006754
54;51 Acetaldehyde;0.0012277470841006754
55;52 Ketenimine;0.0012277470841006754
56;53 Propenal;0.0012277470841006754
57;54 Methyl isocyanide;0.0012277470841006754
58;55 iso-propyl cyanide;0.0012277470841006754
59;56 Hydrogen cyanide;0.0012277470841006754
60;57 Protonated Carbon Dioxide;0.0012277470841006754
61;58 Methylidyne;0.0012277470841006754
62;59 Ketene;0.0012277470841006754
63;60 Silicon Monoxide;0.0012277470841006754
64;61 Acetone;0.0012277470841006754
65;62 Vinyl Cyanide;0.0012277470841006754
66;63 Silicon monoxide (global fit);0.0012277470841006754
67;64 Cyclopropenylidene;0.0012277470841006754
68;65 Magnesium Isocyanide;0.0012277470841006754
69;66 Cyanobutadiynylide anion;0.0012277470841006754
70;67 Formaldehyde;0.0012277470841006754
71;68 Carbon Monosulfide;0.0012277470841006754
72;69 Fulminic acid;0.0012277470841006754
73;70 trans-Ethanol;0.0012277470841006754
74;71 Silicon Carbide;0.0012277470841006754
75;72 Formylium;0.0012277470841006754
76;73 Ethylene Oxide;0.0012277470841006754
77;74 Sulfur dioxide;0.0012277470841006754
78;75 Carbon Monophosphide;0.0012277470841006754
79;76 Sulfur Monoxide ion;0.0012277470841006754
80;77 Methanol;0.0012277470841006754
81;78 Sulfur Dioxide;0.0012277470841006754
82;79 Cyanoformaldehyde;0.0012277470841006754
83;80 Isocyanic Acid;0.0012277470841006754
84;81 Silicon Isocyanide;0.0012277470841006754
85;82 Methylene amidogen;0.0012277470841006754
86;83 Silicon Monocarbide;0.0012277470841006754
87;84 Phosphaethyne;0.0012277470841006754
88;85 Aluminum Monochloride;0.0012277470841006754
89;86 Cyanoallene;0.0012277470841006754
90;87 Methyl diacetylene;0.0012277470841006754
91;88 Cyanomethylene;0.0012277470841006754
92;90 Cyanomethyl;0.0012277470841006754
93;91 Hydrogen Isocyanide;0.0012277470841006754
94;92 Hydrogen sulfide;0.0012277470841006754
95;93 Hydroxyl;0.0012277470841006754
96;94 Glycolaldehyde;0.0012277470841006754
97;95 Cyanide anion;0.0012277470841006754
98;96 2-Propynal;0.0012277470841006754
99;97 Ethynyl;0.0012277470841006754
100;98 Phosphorous nitride;0.0012277470841006754
101;99 Magnesium hydride isocyanide;0.0012277470841006754
102;100 Potassium chloride;0.0012277470841006754
103;101 Silicon tetracarbide;0.0012277470841006754
104;102 Ethyl Cyanide;0.0012277470841006754
105;103 Cyanamide;0.0012277470841006754
106;104 Amidogen;0.0012277470841006754
107;105 Hydroxymethylidyne;0.0012277470841006754
108;106 Formyl Radical;0.0012277470841006754
109;107 Vinyl Alcohol;0.0012277470841006754
110;109 Cyanoethynylide ion;0.0012277470841006754
111;110 Oxoethenylidene;0.0012277470841006754
112;111 2-Butynenitrile;0.0012277470841006754
113;112 Cyanoethynyl;0.0012277470841006754
114;113 Hydroxymethylium ion;0.0012277470841006754
115;114 Thioformaldehyde;0.0012277470841006754
116;115 Isothiocyanic acid;0.0012277470841006754
117;116 Cyanic acid;0.0012277470841006754
