1;3 Nitrous Oxide;0.31072555205047314
2;34 Aluminum Isocyanitrile;0.1845425867507886
3;14 Iminomethylium;0.1056782334384858
4;91 Hydrogen Isocyanide;0.02681388012618296
5;15 Aluminum monoxide;0.018927444794952678
6;0 Dimethyl ether;0.0031545741324921135
7;1 Butatrienylidene;0.0031545741324921135
8;2 Trihydrogen ion;0.0031545741324921135
9;4 Methyl Acetylene;0.0031545741324921135
10;5 Ethylene Glycol;0.0031545741324921135
11;6 Methyl Cyanide;0.0031545741324921135
12;7 Thioformylium;0.0031545741324921135
13;8 para-Oxidaniumyl;0.0031545741324921135
14;9 Hydrogen Cyanide;0.0031545741324921135
15;10 Titanium monoxide;0.0031545741324921135
16;11 Cyanide Radical;0.0031545741324921135
17;12 Formic Acid;0.0031545741324921135
18;13 Nitric sulfide;0.0031545741324921135
19;16 Methyl isocyanate;0.0031545741324921135
20;17 Nitrosyl hydride;0.0031545741324921135
21;18 Propynylidynium;0.0031545741324921135
22;19 Magnesium Cyanide;0.0031545741324921135
23;20 Diazenylium;0.0031545741324921135
24;21 Methylamine;0.0031545741324921135
25;22 Chloronium;0.0031545741324921135
26;23 Silicon monosulfide;0.0031545741324921135
27;24 Phosphorus Monoxide;0.0031545741324921135
28;25 Cyclopropenone;0.0031545741324921135
29;26 Carbon Monoxide Ion;0.0031545741324921135
30;27 Sodium Cyanide;0.0031545741324921135
31;28 Nitric oxide;0.0031545741324921135
32;29 Silicon Cyanide;0.0031545741324921135
33;30 Ethyne Isocyanide;0.0031545741324921135
34;31 Sodium Chloride;0.0031545741324921135
35;32 Cyanoacetylene;0.0031545741324921135
36;33 Sulfur Monoxide;0.0031545741324921135
37;35 Cyanobutadiyne;0.0031545741324921135
38;36 Silicon Mononitride;0.0031545741324921135
39;37 Carbon Monoxide;0.0031545741324921135
40;38 Propadienylidene;0.0031545741324921135
41;39 Methanimine;0.0031545741324921135
42;40 Aluminum Monofluoride;0.0031545741324921135
43;41 Formamide;0.0031545741324921135
44;42 Aminoacetonitrile;0.0031545741324921135
45;43 Ammonia;0.0031545741324921135
46;44 gauche-Ethanol;0.0031545741324921135
47;45 Protonate 2-proynenitrile;0.0031545741324921135
48;46 Carbonyl Sulfide;0.0031545741324921135
49;47 Thioxoethenylidene;0.0031545741324921135
50;48 Ethyl cyanide;0.0031545741324921135
51;49 Water;0.0031545741324921135
52;50 Methyl Formate;0.0031545741324921135
53;51 Acetaldehyde;0.0031545741324921135
54;52 Ketenimine;0.0031545741324921135
55;53 Propenal;0.0031545741324921135
56;54 Methyl isocyanide;0.0031545741324921135
57;55 iso-propyl cyanide;0.0031545741324921135
58;56 Hydrogen cyanide;0.0031545741324921135
59;57 Protonated Carbon Dioxide;0.0031545741324921135
60;58 Methylidyne;0.0031545741324921135
61;59 Ketene;0.0031545741324921135
62;60 Silicon Monoxide;0.0031545741324921135
63;61 Acetone;0.0031545741324921135
64;62 Vinyl Cyanide;0.0031545741324921135
65;63 Silicon monoxide (global fit);0.0031545741324921135
66;64 Cyclopropenylidene;0.0031545741324921135
67;65 Magnesium Isocyanide;0.0031545741324921135
68;66 Cyanobutadiynylide anion;0.0031545741324921135
69;67 Formaldehyde;0.0031545741324921135
70;68 Carbon Monosulfide;0.0031545741324921135
71;69 Fulminic acid;0.0031545741324921135
72;70 trans-Ethanol;0.0031545741324921135
73;71 Silicon Carbide;0.0031545741324921135
74;72 Formylium;0.0031545741324921135
75;73 Ethylene Oxide;0.0031545741324921135
76;74 Sulfur dioxide;0.0031545741324921135
77;75 Carbon Monophosphide;0.0031545741324921135
78;76 Sulfur Monoxide ion;0.0031545741324921135
79;77 Methanol;0.0031545741324921135
80;78 Sulfur Dioxide;0.0031545741324921135
81;79 Cyanoformaldehyde;0.0031545741324921135
82;80 Isocyanic Acid;0.0031545741324921135
83;81 Silicon Isocyanide;0.0031545741324921135
84;82 Methylene amidogen;0.0031545741324921135
85;83 Silicon Monocarbide;0.0031545741324921135
86;84 Phosphaethyne;0.0031545741324921135
87;85 Aluminum Monochloride;0.0031545741324921135
88;86 Cyanoallene;0.0031545741324921135
89;87 Methyl diacetylene;0.0031545741324921135
90;88 Cyanomethylene;0.0031545741324921135
91;89 Phosphapropynylidyne;0.0031545741324921135
92;90 Cyanomethyl;0.0031545741324921135
93;92 Hydrogen sulfide;0.0031545741324921135
94;93 Hydroxyl;0.0031545741324921135
95;94 Glycolaldehyde;0.0031545741324921135
96;95 Cyanide anion;0.0031545741324921135
97;96 2-Propynal;0.0031545741324921135
98;97 Ethynyl;0.0031545741324921135
99;98 Phosphorous nitride;0.0031545741324921135
100;99 Magnesium hydride isocyanide;0.0031545741324921135
101;100 Potassium chloride;0.0031545741324921135
102;101 Silicon tetracarbide;0.0031545741324921135
103;102 Ethyl Cyanide;0.0031545741324921135
104;103 Cyanamide;0.0031545741324921135
105;104 Amidogen;0.0031545741324921135
106;105 Hydroxymethylidyne;0.0031545741324921135
107;106 Formyl Radical;0.0031545741324921135
108;107 Vinyl Alcohol;0.0031545741324921135
109;108 ortho-Oxidaniumyl;0.0031545741324921135
110;109 Cyanoethynylide ion;0.0031545741324921135
111;110 Oxoethenylidene;0.0031545741324921135
112;111 2-Butynenitrile;0.0031545741324921135
113;112 Cyanoethynyl;0.0031545741324921135
114;113 Hydroxymethylium ion;0.0031545741324921135
115;114 Thioformaldehyde;0.0031545741324921135
116;115 Isothiocyanic acid;0.0031545741324921135
117;116 Cyanic acid;0.0031545741324921135
