1;15 Aluminum monoxide;0.7447744774477447
2;0 Dimethyl ether;0.0022002200220022
3;1 Butatrienylidene;0.0022002200220022
4;2 Trihydrogen ion;0.0022002200220022
5;3 Nitrous Oxide;0.0022002200220022
6;4 Methyl Acetylene;0.0022002200220022
7;5 Ethylene Glycol;0.0022002200220022
8;6 Methyl Cyanide;0.0022002200220022
9;7 Thioformylium;0.0022002200220022
10;8 para-Oxidaniumyl;0.0022002200220022
11;9 Hydrogen Cyanide;0.0022002200220022
12;10 Titanium monoxide;0.0022002200220022
13;11 Cyanide Radical;0.0022002200220022
14;12 Formic Acid;0.0022002200220022
15;13 Nitric sulfide;0.0022002200220022
16;14 Iminomethylium;0.0022002200220022
17;16 Methyl isocyanate;0.0022002200220022
18;17 Nitrosyl hydride;0.0022002200220022
19;18 Propynylidynium;0.0022002200220022
20;19 Magnesium Cyanide;0.0022002200220022
21;20 Diazenylium;0.0022002200220022
22;21 Methylamine;0.0022002200220022
23;22 Chloronium;0.0022002200220022
24;23 Silicon monosulfide;0.0022002200220022
25;24 Phosphorus Monoxide;0.0022002200220022
26;25 Cyclopropenone;0.0022002200220022
27;26 Carbon Monoxide Ion;0.0022002200220022
28;27 Sodium Cyanide;0.0022002200220022
29;28 Nitric oxide;0.0022002200220022
30;29 Silicon Cyanide;0.0022002200220022
31;30 Ethyne Isocyanide;0.0022002200220022
32;31 Sodium Chloride;0.0022002200220022
33;32 Cyanoacetylene;0.0022002200220022
34;33 Sulfur Monoxide;0.0022002200220022
35;34 Aluminum Isocyanitrile;0.0022002200220022
36;35 Cyanobutadiyne;0.0022002200220022
37;36 Silicon Mononitride;0.0022002200220022
38;37 Carbon Monoxide;0.0022002200220022
39;38 Propadienylidene;0.0022002200220022
40;39 Methanimine;0.0022002200220022
41;40 Aluminum Monofluoride;0.0022002200220022
42;41 Formamide;0.0022002200220022
43;42 Aminoacetonitrile;0.0022002200220022
44;43 Ammonia;0.0022002200220022
45;44 gauche-Ethanol;0.0022002200220022
46;45 Protonate 2-proynenitrile;0.0022002200220022
47;46 Carbonyl Sulfide;0.0022002200220022
48;47 Thioxoethenylidene;0.0022002200220022
49;48 Ethyl cyanide;0.0022002200220022
50;49 Water;0.0022002200220022
51;50 Methyl Formate;0.0022002200220022
52;51 Acetaldehyde;0.0022002200220022
53;52 Ketenimine;0.0022002200220022
54;53 Propenal;0.0022002200220022
55;54 Methyl isocyanide;0.0022002200220022
56;55 iso-propyl cyanide;0.0022002200220022
57;56 Hydrogen cyanide;0.0022002200220022
58;57 Protonated Carbon Dioxide;0.0022002200220022
59;58 Methylidyne;0.0022002200220022
60;59 Ketene;0.0022002200220022
61;60 Silicon Monoxide;0.0022002200220022
62;61 Acetone;0.0022002200220022
63;62 Vinyl Cyanide;0.0022002200220022
64;63 Silicon monoxide (global fit);0.0022002200220022
65;64 Cyclopropenylidene;0.0022002200220022
66;65 Magnesium Isocyanide;0.0022002200220022
67;66 Cyanobutadiynylide anion;0.0022002200220022
68;67 Formaldehyde;0.0022002200220022
69;68 Carbon Monosulfide;0.0022002200220022
70;69 Fulminic acid;0.0022002200220022
71;70 trans-Ethanol;0.0022002200220022
72;71 Silicon Carbide;0.0022002200220022
73;72 Formylium;0.0022002200220022
74;73 Ethylene Oxide;0.0022002200220022
75;74 Sulfur dioxide;0.0022002200220022
76;75 Carbon Monophosphide;0.0022002200220022
77;76 Sulfur Monoxide ion;0.0022002200220022
78;77 Methanol;0.0022002200220022
79;78 Sulfur Dioxide;0.0022002200220022
80;79 Cyanoformaldehyde;0.0022002200220022
81;80 Isocyanic Acid;0.0022002200220022
82;81 Silicon Isocyanide;0.0022002200220022
83;82 Methylene amidogen;0.0022002200220022
84;83 Silicon Monocarbide;0.0022002200220022
85;84 Phosphaethyne;0.0022002200220022
86;85 Aluminum Monochloride;0.0022002200220022
87;86 Cyanoallene;0.0022002200220022
88;87 Methyl diacetylene;0.0022002200220022
89;88 Cyanomethylene;0.0022002200220022
90;89 Phosphapropynylidyne;0.0022002200220022
91;90 Cyanomethyl;0.0022002200220022
92;91 Hydrogen Isocyanide;0.0022002200220022
93;92 Hydrogen sulfide;0.0022002200220022
94;93 Hydroxyl;0.0022002200220022
95;94 Glycolaldehyde;0.0022002200220022
96;95 Cyanide anion;0.0022002200220022
97;96 2-Propynal;0.0022002200220022
98;97 Ethynyl;0.0022002200220022
99;98 Phosphorous nitride;0.0022002200220022
100;99 Magnesium hydride isocyanide;0.0022002200220022
101;100 Potassium chloride;0.0022002200220022
102;101 Silicon tetracarbide;0.0022002200220022
103;102 Ethyl Cyanide;0.0022002200220022
104;103 Cyanamide;0.0022002200220022
105;104 Amidogen;0.0022002200220022
106;105 Hydroxymethylidyne;0.0022002200220022
107;106 Formyl Radical;0.0022002200220022
108;107 Vinyl Alcohol;0.0022002200220022
109;108 ortho-Oxidaniumyl;0.0022002200220022
110;109 Cyanoethynylide ion;0.0022002200220022
111;110 Oxoethenylidene;0.0022002200220022
112;111 2-Butynenitrile;0.0022002200220022
113;112 Cyanoethynyl;0.0022002200220022
114;113 Hydroxymethylium ion;0.0022002200220022
115;114 Thioformaldehyde;0.0022002200220022
116;115 Isothiocyanic acid;0.0022002200220022
117;116 Cyanic acid;0.0022002200220022
