1;83 Silicon Monocarbide;0.7390326209223846
2;0 Dimethyl ether;0.002249718785151856
3;1 Butatrienylidene;0.002249718785151856
4;2 Trihydrogen ion;0.002249718785151856
5;3 Nitrous Oxide;0.002249718785151856
6;4 Methyl Acetylene;0.002249718785151856
7;5 Ethylene Glycol;0.002249718785151856
8;6 Methyl Cyanide;0.002249718785151856
9;7 Thioformylium;0.002249718785151856
10;8 para-Oxidaniumyl;0.002249718785151856
11;9 Hydrogen Cyanide;0.002249718785151856
12;10 Titanium monoxide;0.002249718785151856
13;11 Cyanide Radical;0.002249718785151856
14;12 Formic Acid;0.002249718785151856
15;13 Nitric sulfide;0.002249718785151856
16;14 Iminomethylium;0.002249718785151856
17;15 Aluminum monoxide;0.002249718785151856
18;16 Methyl isocyanate;0.002249718785151856
19;17 Nitrosyl hydride;0.002249718785151856
20;18 Propynylidynium;0.002249718785151856
21;19 Magnesium Cyanide;0.002249718785151856
22;20 Diazenylium;0.002249718785151856
23;21 Methylamine;0.002249718785151856
24;22 Chloronium;0.002249718785151856
25;23 Silicon monosulfide;0.002249718785151856
26;24 Phosphorus Monoxide;0.002249718785151856
27;25 Cyclopropenone;0.002249718785151856
28;26 Carbon Monoxide Ion;0.002249718785151856
29;27 Sodium Cyanide;0.002249718785151856
30;28 Nitric oxide;0.002249718785151856
31;29 Silicon Cyanide;0.002249718785151856
32;30 Ethyne Isocyanide;0.002249718785151856
33;31 Sodium Chloride;0.002249718785151856
34;32 Cyanoacetylene;0.002249718785151856
35;33 Sulfur Monoxide;0.002249718785151856
36;34 Aluminum Isocyanitrile;0.002249718785151856
37;35 Cyanobutadiyne;0.002249718785151856
38;36 Silicon Mononitride;0.002249718785151856
39;37 Carbon Monoxide;0.002249718785151856
40;38 Propadienylidene;0.002249718785151856
41;39 Methanimine;0.002249718785151856
42;40 Aluminum Monofluoride;0.002249718785151856
43;41 Formamide;0.002249718785151856
44;42 Aminoacetonitrile;0.002249718785151856
45;43 Ammonia;0.002249718785151856
46;44 gauche-Ethanol;0.002249718785151856
47;45 Protonate 2-proynenitrile;0.002249718785151856
48;46 Carbonyl Sulfide;0.002249718785151856
49;47 Thioxoethenylidene;0.002249718785151856
50;48 Ethyl cyanide;0.002249718785151856
51;49 Water;0.002249718785151856
52;50 Methyl Formate;0.002249718785151856
53;51 Acetaldehyde;0.002249718785151856
54;52 Ketenimine;0.002249718785151856
55;53 Propenal;0.002249718785151856
56;54 Methyl isocyanide;0.002249718785151856
57;55 iso-propyl cyanide;0.002249718785151856
58;56 Hydrogen cyanide;0.002249718785151856
59;57 Protonated Carbon Dioxide;0.002249718785151856
60;58 Methylidyne;0.002249718785151856
61;59 Ketene;0.002249718785151856
62;60 Silicon Monoxide;0.002249718785151856
63;61 Acetone;0.002249718785151856
64;62 Vinyl Cyanide;0.002249718785151856
65;63 Silicon monoxide (global fit);0.002249718785151856
66;64 Cyclopropenylidene;0.002249718785151856
67;65 Magnesium Isocyanide;0.002249718785151856
68;66 Cyanobutadiynylide anion;0.002249718785151856
69;67 Formaldehyde;0.002249718785151856
70;68 Carbon Monosulfide;0.002249718785151856
71;69 Fulminic acid;0.002249718785151856
72;70 trans-Ethanol;0.002249718785151856
73;71 Silicon Carbide;0.002249718785151856
74;72 Formylium;0.002249718785151856
75;73 Ethylene Oxide;0.002249718785151856
76;74 Sulfur dioxide;0.002249718785151856
77;75 Carbon Monophosphide;0.002249718785151856
78;76 Sulfur Monoxide ion;0.002249718785151856
79;77 Methanol;0.002249718785151856
80;78 Sulfur Dioxide;0.002249718785151856
81;79 Cyanoformaldehyde;0.002249718785151856
82;80 Isocyanic Acid;0.002249718785151856
83;81 Silicon Isocyanide;0.002249718785151856
84;82 Methylene amidogen;0.002249718785151856
85;84 Phosphaethyne;0.002249718785151856
86;85 Aluminum Monochloride;0.002249718785151856
87;86 Cyanoallene;0.002249718785151856
88;87 Methyl diacetylene;0.002249718785151856
89;88 Cyanomethylene;0.002249718785151856
90;89 Phosphapropynylidyne;0.002249718785151856
91;90 Cyanomethyl;0.002249718785151856
92;91 Hydrogen Isocyanide;0.002249718785151856
93;92 Hydrogen sulfide;0.002249718785151856
94;93 Hydroxyl;0.002249718785151856
95;94 Glycolaldehyde;0.002249718785151856
96;95 Cyanide anion;0.002249718785151856
97;96 2-Propynal;0.002249718785151856
98;97 Ethynyl;0.002249718785151856
99;98 Phosphorous nitride;0.002249718785151856
100;99 Magnesium hydride isocyanide;0.002249718785151856
101;100 Potassium chloride;0.002249718785151856
102;101 Silicon tetracarbide;0.002249718785151856
103;102 Ethyl Cyanide;0.002249718785151856
104;103 Cyanamide;0.002249718785151856
105;104 Amidogen;0.002249718785151856
106;105 Hydroxymethylidyne;0.002249718785151856
107;106 Formyl Radical;0.002249718785151856
108;107 Vinyl Alcohol;0.002249718785151856
109;108 ortho-Oxidaniumyl;0.002249718785151856
110;109 Cyanoethynylide ion;0.002249718785151856
111;110 Oxoethenylidene;0.002249718785151856
112;111 2-Butynenitrile;0.002249718785151856
113;112 Cyanoethynyl;0.002249718785151856
114;113 Hydroxymethylium ion;0.002249718785151856
115;114 Thioformaldehyde;0.002249718785151856
116;115 Isothiocyanic acid;0.002249718785151856
117;116 Cyanic acid;0.002249718785151856
