1;112 Cyanoethynyl;0.8796169630642955
2;67 Formaldehyde;0.007523939808481533
3;48 Ethyl cyanide;0.005813953488372093
4;44 gauche-Ethanol;0.004103967168262654
5;0 Dimethyl ether;0.0023939808481532147
6;5 Ethylene Glycol;0.0023939808481532147
7;7 Thioformylium;0.0023939808481532147
8;8 para-Oxidaniumyl;0.0023939808481532147
9;20 Diazenylium;0.0023939808481532147
10;26 Carbon Monoxide Ion;0.0023939808481532147
11;27 Sodium Cyanide;0.0023939808481532147
12;31 Sodium Chloride;0.0023939808481532147
13;66 Cyanobutadiynylide anion;0.0023939808481532147
14;69 Fulminic acid;0.0023939808481532147
15;81 Silicon Isocyanide;0.0023939808481532147
16;83 Silicon Monocarbide;0.0023939808481532147
17;89 Phosphapropynylidyne;0.0023939808481532147
18;91 Hydrogen Isocyanide;0.0023939808481532147
19;111 2-Butynenitrile;0.0023939808481532147
20;1 Butatrienylidene;0.0006839945280437757
21;2 Trihydrogen ion;0.0006839945280437757
22;3 Nitrous Oxide;0.0006839945280437757
23;4 Methyl Acetylene;0.0006839945280437757
24;6 Methyl Cyanide;0.0006839945280437757
25;9 Hydrogen Cyanide;0.0006839945280437757
26;10 Titanium monoxide;0.0006839945280437757
27;11 Cyanide Radical;0.0006839945280437757
28;12 Formic Acid;0.0006839945280437757
29;13 Nitric sulfide;0.0006839945280437757
30;14 Iminomethylium;0.0006839945280437757
31;15 Aluminum monoxide;0.0006839945280437757
32;16 Methyl isocyanate;0.0006839945280437757
33;17 Nitrosyl hydride;0.0006839945280437757
34;18 Propynylidynium;0.0006839945280437757
35;19 Magnesium Cyanide;0.0006839945280437757
36;21 Methylamine;0.0006839945280437757
37;22 Chloronium;0.0006839945280437757
38;23 Silicon monosulfide;0.0006839945280437757
39;24 Phosphorus Monoxide;0.0006839945280437757
40;25 Cyclopropenone;0.0006839945280437757
41;28 Nitric oxide;0.0006839945280437757
42;29 Silicon Cyanide;0.0006839945280437757
43;30 Ethyne Isocyanide;0.0006839945280437757
44;32 Cyanoacetylene;0.0006839945280437757
45;33 Sulfur Monoxide;0.0006839945280437757
46;34 Aluminum Isocyanitrile;0.0006839945280437757
47;35 Cyanobutadiyne;0.0006839945280437757
48;36 Silicon Mononitride;0.0006839945280437757
49;37 Carbon Monoxide;0.0006839945280437757
50;38 Propadienylidene;0.0006839945280437757
51;39 Methanimine;0.0006839945280437757
52;40 Aluminum Monofluoride;0.0006839945280437757
53;41 Formamide;0.0006839945280437757
54;42 Aminoacetonitrile;0.0006839945280437757
55;43 Ammonia;0.0006839945280437757
56;45 Protonate 2-proynenitrile;0.0006839945280437757
57;46 Carbonyl Sulfide;0.0006839945280437757
58;47 Thioxoethenylidene;0.0006839945280437757
59;49 Water;0.0006839945280437757
60;50 Methyl Formate;0.0006839945280437757
61;51 Acetaldehyde;0.0006839945280437757
62;52 Ketenimine;0.0006839945280437757
63;53 Propenal;0.0006839945280437757
64;54 Methyl isocyanide;0.0006839945280437757
65;55 iso-propyl cyanide;0.0006839945280437757
66;56 Hydrogen cyanide;0.0006839945280437757
67;57 Protonated Carbon Dioxide;0.0006839945280437757
68;58 Methylidyne;0.0006839945280437757
69;59 Ketene;0.0006839945280437757
70;60 Silicon Monoxide;0.0006839945280437757
71;61 Acetone;0.0006839945280437757
72;62 Vinyl Cyanide;0.0006839945280437757
73;63 Silicon monoxide (global fit);0.0006839945280437757
74;64 Cyclopropenylidene;0.0006839945280437757
75;65 Magnesium Isocyanide;0.0006839945280437757
76;68 Carbon Monosulfide;0.0006839945280437757
77;70 trans-Ethanol;0.0006839945280437757
78;71 Silicon Carbide;0.0006839945280437757
79;72 Formylium;0.0006839945280437757
80;73 Ethylene Oxide;0.0006839945280437757
81;74 Sulfur dioxide;0.0006839945280437757
82;75 Carbon Monophosphide;0.0006839945280437757
83;76 Sulfur Monoxide ion;0.0006839945280437757
84;77 Methanol;0.0006839945280437757
85;78 Sulfur Dioxide;0.0006839945280437757
86;79 Cyanoformaldehyde;0.0006839945280437757
87;80 Isocyanic Acid;0.0006839945280437757
88;82 Methylene amidogen;0.0006839945280437757
89;84 Phosphaethyne;0.0006839945280437757
90;85 Aluminum Monochloride;0.0006839945280437757
91;86 Cyanoallene;0.0006839945280437757
92;87 Methyl diacetylene;0.0006839945280437757
93;88 Cyanomethylene;0.0006839945280437757
94;90 Cyanomethyl;0.0006839945280437757
95;92 Hydrogen sulfide;0.0006839945280437757
96;93 Hydroxyl;0.0006839945280437757
97;94 Glycolaldehyde;0.0006839945280437757
98;95 Cyanide anion;0.0006839945280437757
99;96 2-Propynal;0.0006839945280437757
100;97 Ethynyl;0.0006839945280437757
101;98 Phosphorous nitride;0.0006839945280437757
102;99 Magnesium hydride isocyanide;0.0006839945280437757
103;100 Potassium chloride;0.0006839945280437757
104;101 Silicon tetracarbide;0.0006839945280437757
105;102 Ethyl Cyanide;0.0006839945280437757
106;103 Cyanamide;0.0006839945280437757
107;104 Amidogen;0.0006839945280437757
108;105 Hydroxymethylidyne;0.0006839945280437757
109;106 Formyl Radical;0.0006839945280437757
110;107 Vinyl Alcohol;0.0006839945280437757
111;108 ortho-Oxidaniumyl;0.0006839945280437757
112;109 Cyanoethynylide ion;0.0006839945280437757
113;110 Oxoethenylidene;0.0006839945280437757
114;113 Hydroxymethylium ion;0.0006839945280437757
115;114 Thioformaldehyde;0.0006839945280437757
116;115 Isothiocyanic acid;0.0006839945280437757
117;116 Cyanic acid;0.0006839945280437757
