1;3 Carbon Monoxide;0.16440677966101694
2;0 Methylidyne;0.0288135593220339
3;1 Formaldehyde;0.0288135593220339
4;2 Sulfur dioxide;0.0288135593220339
5;4 Acetaldehyde;0.0288135593220339
6;5 Water;0.0288135593220339
7;6 Imidogen;0.0288135593220339
8;7 Carbon Monoxide Ion;0.0288135593220339
9;8 Nitric sulfide;0.0288135593220339
10;9 Isocyanic Acid;0.0288135593220339
11;10 Formic Acid;0.0288135593220339
12;11 Amidogen;0.0288135593220339
13;12 Ethylene Glycol;0.0288135593220339
14;13 Methyliumylidene;0.0288135593220339
15;14 Cyanide Radical;0.0288135593220339
16;15 Carbonyl Sulfide;0.0288135593220339
17;16 Hydroxyl;0.0288135593220339
18;17 Nitric oxide;0.0288135593220339
19;18 Methyl Cyanide;0.0288135593220339
20;19 Cyclopropenylidene;0.0288135593220339
21;20 Sulfur Monoxide ion;0.0288135593220339
22;21 Methanol;0.0288135593220339
23;22 Thioformaldehyde;0.0288135593220339
24;23 Ammonia;0.0288135593220339
25;24 Cyanoacetylene;0.0288135593220339
26;25 Hydrogen Cyanide;0.0288135593220339
27;26 Hydrogen sulfide;0.0288135593220339
28;27 Molecular oxygen;0.0288135593220339
29;28 Hydrogen Isocyanide;0.0288135593220339
30;29 Formylium;0.0288135593220339
