1;13 Methyliumylidene;0.2296875
2;0 Methylidyne;0.0265625
3;1 Formaldehyde;0.0265625
4;2 Sulfur dioxide;0.0265625
5;3 Carbon Monoxide;0.0265625
6;4 Acetaldehyde;0.0265625
7;5 Water;0.0265625
8;6 Imidogen;0.0265625
9;7 Carbon Monoxide Ion;0.0265625
10;8 Nitric sulfide;0.0265625
11;9 Isocyanic Acid;0.0265625
12;10 Formic Acid;0.0265625
13;11 Amidogen;0.0265625
14;12 Ethylene Glycol;0.0265625
15;14 Cyanide Radical;0.0265625
16;15 Carbonyl Sulfide;0.0265625
17;16 Hydroxyl;0.0265625
18;17 Nitric oxide;0.0265625
19;18 Methyl Cyanide;0.0265625
20;19 Cyclopropenylidene;0.0265625
21;20 Sulfur Monoxide ion;0.0265625
22;21 Methanol;0.0265625
23;22 Thioformaldehyde;0.0265625
24;23 Ammonia;0.0265625
25;24 Cyanoacetylene;0.0265625
26;25 Hydrogen Cyanide;0.0265625
27;26 Hydrogen sulfide;0.0265625
28;27 Molecular oxygen;0.0265625
29;28 Hydrogen Isocyanide;0.0265625
30;29 Formylium;0.0265625
