1;29 Formylium;0.18870967741935482
2;3 Carbon Monoxide;0.043548387096774194
3;0 Methylidyne;0.027419354838709678
4;1 Formaldehyde;0.027419354838709678
5;2 Sulfur dioxide;0.027419354838709678
6;4 Acetaldehyde;0.027419354838709678
7;5 Water;0.027419354838709678
8;6 Imidogen;0.027419354838709678
9;7 Carbon Monoxide Ion;0.027419354838709678
10;8 Nitric sulfide;0.027419354838709678
11;9 Isocyanic Acid;0.027419354838709678
12;10 Formic Acid;0.027419354838709678
13;11 Amidogen;0.027419354838709678
14;12 Ethylene Glycol;0.027419354838709678
15;13 Methyliumylidene;0.027419354838709678
16;14 Cyanide Radical;0.027419354838709678
17;15 Carbonyl Sulfide;0.027419354838709678
18;16 Hydroxyl;0.027419354838709678
19;17 Nitric oxide;0.027419354838709678
20;18 Methyl Cyanide;0.027419354838709678
21;19 Cyclopropenylidene;0.027419354838709678
22;20 Sulfur Monoxide ion;0.027419354838709678
23;21 Methanol;0.027419354838709678
24;22 Thioformaldehyde;0.027419354838709678
25;23 Ammonia;0.027419354838709678
26;24 Cyanoacetylene;0.027419354838709678
27;25 Hydrogen Cyanide;0.027419354838709678
28;26 Hydrogen sulfide;0.027419354838709678
29;27 Molecular oxygen;0.027419354838709678
30;28 Hydrogen Isocyanide;0.027419354838709678
