1;54 1,3,5,7-Octatetraynyl;0.5787700084245999
2;40 Carbon Monoxide Ion;0.014321819713563607
3;0 1,3,5-Hexatriynyl;0.005897219882055603
4;1 Silicon monosulfide;0.005897219882055603
5;2 Vinyl Cyanide;0.005897219882055603
6;3 Hydroxyl;0.005897219882055603
7;4 Methyliumylidene;0.005897219882055603
8;5 Aluminum Isocyanitrile;0.005897219882055603
9;6 Carbon Monosulfide;0.005897219882055603
10;7 Methyl Acetylene;0.005897219882055603
11;8 1,3-Butadiynyl anion;0.005897219882055603
12;9 Butatrienylidene;0.005897219882055603
13;10 2,4-Pentadiynylidyne;0.005897219882055603
14;11 Aluminum Monochloride;0.005897219882055603
15;12 4-Cyano-1,3-Butadiynyl;0.005897219882055603
16;13 Silicon monosulfide;0.005897219882055603
17;14 Water;0.005897219882055603
18;15 Hydrogen sulfide;0.005897219882055603
19;16 1,3-Butadiynyl radical;0.005897219882055603
20;17 Formylium;0.005897219882055603
21;18 Trihydrogen ion;0.005897219882055603
22;19 Methanimine;0.005897219882055603
23;20 Phosphorus Monoxide;0.005897219882055603
24;21 Methyl Cyanide;0.005897219882055603
25;22 Magnesium Isocyanide;0.005897219882055603
26;23 1,3,5-Hexatriynyl anion;0.005897219882055603
27;24 Phosphaethyne;0.005897219882055603
28;25 1,3,5,7-Octatetraynyl anion;0.005897219882055603
29;26 Silicon Monocarbide;0.005897219882055603
30;27 Cyanomethylene;0.005897219882055603
31;28 3-Thioxo-1,2-Propadieylidene;0.005897219882055603
32;29 Cyanobutadiyne;0.005897219882055603
33;30 Silicon Isocyanide;0.005897219882055603
34;31 Potassium chloride;0.005897219882055603
35;32 3-Oxo-1,2-Propadienylidene;0.005897219882055603
36;33 Silicon Carbide;0.005897219882055603
37;34 3-Cyano-1,2-propadienylidene;0.005897219882055603
38;35 Nitric sulfide;0.005897219882055603
39;36 Sulfur dioxide;0.005897219882055603
40;37 Ethyne Isocyanide;0.005897219882055603
41;38 Cyanoethynylide ion;0.005897219882055603
42;39 Cyanide Radical;0.005897219882055603
43;41 Cyanobutadiynylide anion;0.005897219882055603
44;42 Aluminum Monofluoride;0.005897219882055603
45;43 Formaldehyde;0.005897219882055603
46;44 Sulfur Monoxide;0.005897219882055603
47;45 Silicon tetracarbide;0.005897219882055603
48;46 Ethynyl;0.005897219882055603
49;47 Sodium Chloride;0.005897219882055603
50;48 Hydrogen Cyanide;0.005897219882055603
51;49 Sodium Cyanide;0.005897219882055603
52;50 3-Imino-1,2 Propadienylidene;0.005897219882055603
53;51 Methylidyne;0.005897219882055603
54;52 Thioxoethenylidene;0.005897219882055603
55;53 Silicon Monoxide;0.005897219882055603
56;55 Silicon Mononitride;0.005897219882055603
57;56 Carbon Monoxide;0.005897219882055603
58;57 Phosphorous nitride;0.005897219882055603
59;58 Carbon Monophosphide;0.005897219882055603
60;59 Thioformaldehyde;0.005897219882055603
61;60 Hexatrienyl;0.005897219882055603
62;61 Hydrogen Isocyanide;0.005897219882055603
63;62 Carbon Monosulfide;0.005897219882055603
64;63 Silicon Cyanide;0.005897219882055603
65;64 2,4,6-Heptatriynylidyne;0.005897219882055603
66;65 Cyclopropenylidene;0.005897219882055603
67;66 Cyanoacetylene;0.005897219882055603
68;67 Magnesium Cyanide;0.005897219882055603
69;68 3-Silanetetrayl-1,2-Propadienyli;0.005897219882055603
70;69 Cyanoethynyl;0.005897219882055603
71;70 Phosphapropynylidyne;0.005897219882055603
