1;45 Cyanobutadiyne;0.6455172413793103
2;39 Cyclopropenone;0.01103448275862069
3;0 Isocyanic Acid;0.004137931034482759
4;1 Propenal;0.004137931034482759
5;2 Ketene;0.004137931034482759
6;3 Oxonium hydride;0.004137931034482759
7;4 Thioformylium;0.004137931034482759
8;5 Vinyl Cyanide;0.004137931034482759
9;6 Methyl Formate;0.004137931034482759
10;7 Hydroxyl;0.004137931034482759
11;8 Methyliumylidene;0.004137931034482759
12;9 Iminomethylium;0.004137931034482759
13;10 Hydroxymethylium ion;0.004137931034482759
14;11 2-Propynal;0.004137931034482759
15;12 Carbon Monosulfide;0.004137931034482759
16;13 Cyanomethyl;0.004137931034482759
17;14 Methyl Acetylene;0.004137931034482759
18;15 2-Butynenitrile;0.004137931034482759
19;16 Methyl formate vt01;0.004137931034482759
20;17 Ethyl Cyanide;0.004137931034482759
21;18 gauche-Ethanol;0.004137931034482759
22;19 Glycolaldehyde;0.004137931034482759
23;20 Water;0.004137931034482759
24;21 Hydrogen sulfide;0.004137931034482759
25;22 Sulfur Monoxide ion;0.004137931034482759
26;23 1,3-Butadiynyl radical;0.004137931034482759
27;24 Formylium;0.004137931034482759
28;25 Fulminic acid;0.004137931034482759
29;26 Trihydrogen ion;0.004137931034482759
30;27 Methanimine;0.004137931034482759
31;28 Nitrous Oxide;0.004137931034482759
32;29 Propadienylidene;0.004137931034482759
33;30 Ethylene Oxide;0.004137931034482759
34;31 Ketenimine;0.004137931034482759
35;32 2,4,6-Heptatriynenitrile;0.004137931034482759
36;33 Aminoacetonitrile;0.004137931034482759
37;34 Methanol;0.004137931034482759
38;35 Ammonia;0.004137931034482759
39;36 Formyl Radical;0.004137931034482759
40;37 Methyl Cyanide;0.004137931034482759
41;38 Molecular oxygen;0.004137931034482759
42;40 Carbonyl Sulfide;0.004137931034482759
43;41 Acetaldehyde;0.004137931034482759
44;42 Cyanomethylene;0.004137931034482759
45;43 3-Thioxo-1,2-Propadieylidene;0.004137931034482759
46;44 Formamide;0.004137931034482759
47;46 Sulfur Dioxide;0.004137931034482759
48;47 Methyl isocyanide;0.004137931034482759
49;48 Nitric sulfide;0.004137931034482759
50;49 Methylene;0.004137931034482759
51;50 Hydrochloric acid;0.004137931034482759
52;51 Ethyne Isocyanide;0.004137931034482759
53;52 Cyanide Radical;0.004137931034482759
54;53 Nitric oxide;0.004137931034482759
55;54 Cyanic acid;0.004137931034482759
56;55 Formaldehyde;0.004137931034482759
57;56 Sulfur Monoxide;0.004137931034482759
58;57 Protonate 2-proynenitrile;0.004137931034482759
59;58 Ethynyl;0.004137931034482759
60;59 Ethylene Glycol;0.004137931034482759
61;60 Hydrogen Cyanide;0.004137931034482759
62;61 Fluoromethyliumylidene;0.004137931034482759
63;62 Methylidyne;0.004137931034482759
64;63 Thioxoethenylidene;0.004137931034482759
65;64 Cyanomethanimine;0.004137931034482759
66;65 Silicon Monoxide;0.004137931034482759
67;66 Dimethyl ether;0.004137931034482759
68;67 Acetone;0.004137931034482759
69;68 Carbon Monoxide;0.004137931034482759
70;69 Phosphorous nitride;0.004137931034482759
71;70 Thioformaldehyde;0.004137931034482759
72;71 Diazenylium;0.004137931034482759
73;72 Cyanoformaldehyde;0.004137931034482759
74;73 Isothiocyanic acid;0.004137931034482759
75;74 Vinyl Alcohol;0.004137931034482759
76;75 Hydrogen Isocyanide;0.004137931034482759
77;76 Carbon Monosulfide;0.004137931034482759
78;77 Methylamine;0.004137931034482759
79;78 Protonated Carbon Dioxide;0.004137931034482759
80;79 Formic Acid;0.004137931034482759
81;80 Cyclopropenylidene;0.004137931034482759
82;81 Cyanoacetylene;0.004137931034482759
83;82 para-Oxidaniumyl;0.004137931034482759
84;83 ortho-Oxidaniumyl;0.004137931034482759
85;84 Nitrosyl hydride;0.004137931034482759
