1;63 Thioxoethenylidene;0.4177777777777778
2;40 Carbonyl Sulfide;0.02888888888888889
3;0 Isocyanic Acid;0.006666666666666666
4;1 Propenal;0.006666666666666666
5;2 Ketene;0.006666666666666666
6;3 Oxonium hydride;0.006666666666666666
7;4 Thioformylium;0.006666666666666666
8;5 Vinyl Cyanide;0.006666666666666666
9;6 Methyl Formate;0.006666666666666666
10;7 Hydroxyl;0.006666666666666666
11;8 Methyliumylidene;0.006666666666666666
12;9 Iminomethylium;0.006666666666666666
13;10 Hydroxymethylium ion;0.006666666666666666
14;11 2-Propynal;0.006666666666666666
15;12 Carbon Monosulfide;0.006666666666666666
16;13 Cyanomethyl;0.006666666666666666
17;14 Methyl Acetylene;0.006666666666666666
18;15 2-Butynenitrile;0.006666666666666666
19;16 Methyl formate vt01;0.006666666666666666
20;17 Ethyl Cyanide;0.006666666666666666
21;18 gauche-Ethanol;0.006666666666666666
22;19 Glycolaldehyde;0.006666666666666666
23;20 Water;0.006666666666666666
24;21 Hydrogen sulfide;0.006666666666666666
25;22 Sulfur Monoxide ion;0.006666666666666666
26;23 1,3-Butadiynyl radical;0.006666666666666666
27;24 Formylium;0.006666666666666666
28;25 Fulminic acid;0.006666666666666666
29;26 Trihydrogen ion;0.006666666666666666
30;27 Methanimine;0.006666666666666666
31;28 Nitrous Oxide;0.006666666666666666
32;29 Propadienylidene;0.006666666666666666
33;30 Ethylene Oxide;0.006666666666666666
34;31 Ketenimine;0.006666666666666666
35;32 2,4,6-Heptatriynenitrile;0.006666666666666666
36;33 Aminoacetonitrile;0.006666666666666666
37;34 Methanol;0.006666666666666666
38;35 Ammonia;0.006666666666666666
39;36 Formyl Radical;0.006666666666666666
40;37 Methyl Cyanide;0.006666666666666666
41;38 Molecular oxygen;0.006666666666666666
42;39 Cyclopropenone;0.006666666666666666
43;41 Acetaldehyde;0.006666666666666666
44;42 Cyanomethylene;0.006666666666666666
45;43 3-Thioxo-1,2-Propadieylidene;0.006666666666666666
46;44 Formamide;0.006666666666666666
47;45 Cyanobutadiyne;0.006666666666666666
48;46 Sulfur Dioxide;0.006666666666666666
49;47 Methyl isocyanide;0.006666666666666666
50;48 Nitric sulfide;0.006666666666666666
51;49 Methylene;0.006666666666666666
52;50 Hydrochloric acid;0.006666666666666666
53;51 Ethyne Isocyanide;0.006666666666666666
54;52 Cyanide Radical;0.006666666666666666
55;53 Nitric oxide;0.006666666666666666
56;54 Cyanic acid;0.006666666666666666
57;55 Formaldehyde;0.006666666666666666
58;56 Sulfur Monoxide;0.006666666666666666
59;57 Protonate 2-proynenitrile;0.006666666666666666
60;58 Ethynyl;0.006666666666666666
61;59 Ethylene Glycol;0.006666666666666666
62;60 Hydrogen Cyanide;0.006666666666666666
63;61 Fluoromethyliumylidene;0.006666666666666666
64;62 Methylidyne;0.006666666666666666
65;64 Cyanomethanimine;0.006666666666666666
66;65 Silicon Monoxide;0.006666666666666666
67;66 Dimethyl ether;0.006666666666666666
68;67 Acetone;0.006666666666666666
69;68 Carbon Monoxide;0.006666666666666666
70;69 Phosphorous nitride;0.006666666666666666
71;70 Thioformaldehyde;0.006666666666666666
72;71 Diazenylium;0.006666666666666666
73;72 Cyanoformaldehyde;0.006666666666666666
74;73 Isothiocyanic acid;0.006666666666666666
75;74 Vinyl Alcohol;0.006666666666666666
76;75 Hydrogen Isocyanide;0.006666666666666666
77;76 Carbon Monosulfide;0.006666666666666666
78;77 Methylamine;0.006666666666666666
79;78 Protonated Carbon Dioxide;0.006666666666666666
80;79 Formic Acid;0.006666666666666666
81;80 Cyclopropenylidene;0.006666666666666666
82;81 Cyanoacetylene;0.006666666666666666
83;82 para-Oxidaniumyl;0.006666666666666666
84;83 ortho-Oxidaniumyl;0.006666666666666666
85;84 Nitrosyl hydride;0.006666666666666666
