uid___A002_Xa916fc_X668__IRS43_HCO32.final.image.pbcor;model_hot_cores_tr_500it;1;4 Thioformylium;0.6181818181818182
uid___A002_Xa916fc_X668__IRS43_HCO32.final.image.pbcor;model_hot_cores_tr_500it;2;0 Isocyanic Acid;0.004545454545454545
uid___A002_Xa916fc_X668__IRS43_HCO32.final.image.pbcor;model_hot_cores_tr_500it;3;1 Propenal;0.004545454545454545
uid___A002_Xa916fc_X668__IRS43_HCO32.final.image.pbcor;model_hot_cores_tr_500it;4;2 Ketene;0.004545454545454545
uid___A002_Xa916fc_X668__IRS43_HCO32.final.image.pbcor;model_hot_cores_tr_500it;5;3 Oxonium hydride;0.004545454545454545
uid___A002_Xa916fc_X668__IRS43_HCO32.final.image.pbcor;model_hot_cores_2_500it;1;50 Hydrochloric acid;0.6181818181818182
uid___A002_Xa916fc_X668__IRS43_HCO32.final.image.pbcor;model_hot_cores_2_500it;2;0 Isocyanic Acid;0.004545454545454545
uid___A002_Xa916fc_X668__IRS43_HCO32.final.image.pbcor;model_hot_cores_2_500it;3;1 Propenal;0.004545454545454545
uid___A002_Xa916fc_X668__IRS43_HCO32.final.image.pbcor;model_hot_cores_2_500it;4;2 Ketene;0.004545454545454545
uid___A002_Xa916fc_X668__IRS43_HCO32.final.image.pbcor;model_hot_cores_2_500it;5;3 Oxonium hydride;0.004545454545454545
uid___A002_Xa916fc_X668__IRS43_HCO32.final.image.pbcor;model_hot_cores_full_500it;1;50 Hydrochloric acid;0.36818181818181817
uid___A002_Xa916fc_X668__IRS43_HCO32.final.image.pbcor;model_hot_cores_full_500it;2;8 Methyliumylidene;0.2545454545454546
uid___A002_Xa916fc_X668__IRS43_HCO32.final.image.pbcor;model_hot_cores_full_500it;3;0 Isocyanic Acid;0.004545454545454545
uid___A002_Xa916fc_X668__IRS43_HCO32.final.image.pbcor;model_hot_cores_full_500it;4;1 Propenal;0.004545454545454545
uid___A002_Xa916fc_X668__IRS43_HCO32.final.image.pbcor;model_hot_cores_full_500it;5;2 Ketene;0.004545454545454545
uid___A002_Xa916fc_X668__IRS43_HCO32.final.image.pbcor;model_hot_cores_full_expanded_00002_500it;1;38 Molecular oxygen;0.6181818181818182
uid___A002_Xa916fc_X668__IRS43_HCO32.final.image.pbcor;model_hot_cores_full_expanded_00002_500it;2;0 Isocyanic Acid;0.004545454545454545
uid___A002_Xa916fc_X668__IRS43_HCO32.final.image.pbcor;model_hot_cores_full_expanded_00002_500it;3;1 Propenal;0.004545454545454545
uid___A002_Xa916fc_X668__IRS43_HCO32.final.image.pbcor;model_hot_cores_full_expanded_00002_500it;4;2 Ketene;0.004545454545454545
uid___A002_Xa916fc_X668__IRS43_HCO32.final.image.pbcor;model_hot_cores_full_expanded_00002_500it;5;3 Oxonium hydride;0.004545454545454545
uid___A002_Xa916fc_X668__IRS43_HCO32.final.image.pbcor;model_hot_cores_full_expanded_00010_500it;1;10 Hydroxymethylium ion;0.6106060606060606
uid___A002_Xa916fc_X668__IRS43_HCO32.final.image.pbcor;model_hot_cores_full_expanded_00010_500it;2;24 Formylium;0.012121212121212121
uid___A002_Xa916fc_X668__IRS43_HCO32.final.image.pbcor;model_hot_cores_full_expanded_00010_500it;3;0 Isocyanic Acid;0.004545454545454545
uid___A002_Xa916fc_X668__IRS43_HCO32.final.image.pbcor;model_hot_cores_full_expanded_00010_500it;4;1 Propenal;0.004545454545454545
uid___A002_Xa916fc_X668__IRS43_HCO32.final.image.pbcor;model_hot_cores_full_expanded_00010_500it;5;2 Ketene;0.004545454545454545
DMTau.CS_5-4.image;model_hot_cores_tr_500it;1;45 Cyanobutadiyne;0.6524137931034483
DMTau.CS_5-4.image;model_hot_cores_tr_500it;2;0 Isocyanic Acid;0.004137931034482759
DMTau.CS_5-4.image;model_hot_cores_tr_500it;3;1 Propenal;0.004137931034482759
DMTau.CS_5-4.image;model_hot_cores_tr_500it;4;2 Ketene;0.004137931034482759
DMTau.CS_5-4.image;model_hot_cores_tr_500it;5;3 Oxonium hydride;0.004137931034482759
DMTau.CS_5-4.image;model_hot_cores_2_500it;1;8 Methyliumylidene;0.6524137931034483
DMTau.CS_5-4.image;model_hot_cores_2_500it;2;0 Isocyanic Acid;0.004137931034482759
DMTau.CS_5-4.image;model_hot_cores_2_500it;3;1 Propenal;0.004137931034482759
DMTau.CS_5-4.image;model_hot_cores_2_500it;4;2 Ketene;0.004137931034482759
DMTau.CS_5-4.image;model_hot_cores_2_500it;5;3 Oxonium hydride;0.004137931034482759
DMTau.CS_5-4.image;model_hot_cores_full_500it;1;45 Cyanobutadiyne;0.6455172413793103
DMTau.CS_5-4.image;model_hot_cores_full_500it;2;39 Cyclopropenone;0.01103448275862069
DMTau.CS_5-4.image;model_hot_cores_full_500it;3;0 Isocyanic Acid;0.004137931034482759
DMTau.CS_5-4.image;model_hot_cores_full_500it;4;1 Propenal;0.004137931034482759
DMTau.CS_5-4.image;model_hot_cores_full_500it;5;2 Ketene;0.004137931034482759
DMTau.CS_5-4.image;model_hot_cores_full_expanded_00002_500it;1;75 Hydrogen Isocyanide;0.6317241379310344
DMTau.CS_5-4.image;model_hot_cores_full_expanded_00002_500it;2;12 Carbon Monosulfide;0.01103448275862069
DMTau.CS_5-4.image;model_hot_cores_full_expanded_00002_500it;3;40 Carbonyl Sulfide;0.01103448275862069
DMTau.CS_5-4.image;model_hot_cores_full_expanded_00002_500it;4;74 Vinyl Alcohol;0.01103448275862069
DMTau.CS_5-4.image;model_hot_cores_full_expanded_00002_500it;5;0 Isocyanic Acid;0.004137931034482759
DMTau.CS_5-4.image;model_hot_cores_full_expanded_00010_500it;1;22 Sulfur Monoxide ion;0.6317241379310344
DMTau.CS_5-4.image;model_hot_cores_full_expanded_00010_500it;2;67 Acetone;0.01793103448275862
DMTau.CS_5-4.image;model_hot_cores_full_expanded_00010_500it;3;71 Diazenylium;0.01103448275862069
DMTau.CS_5-4.image;model_hot_cores_full_expanded_00010_500it;4;0 Isocyanic Acid;0.004137931034482759
DMTau.CS_5-4.image;model_hot_cores_full_expanded_00010_500it;5;1 Propenal;0.004137931034482759
HD163296_CO_2_1.image;model_hot_cores_tr_500it;1;61 Fluoromethyliumylidene;0.44
HD163296_CO_2_1.image;model_hot_cores_tr_500it;2;0 Isocyanic Acid;0.006666666666666666
HD163296_CO_2_1.image;model_hot_cores_tr_500it;3;1 Propenal;0.006666666666666666
HD163296_CO_2_1.image;model_hot_cores_tr_500it;4;2 Ketene;0.006666666666666666
HD163296_CO_2_1.image;model_hot_cores_tr_500it;5;3 Oxonium hydride;0.006666666666666666
HD163296_CO_2_1.image;model_hot_cores_2_500it;1;50 Hydrochloric acid;0.44
HD163296_CO_2_1.image;model_hot_cores_2_500it;2;0 Isocyanic Acid;0.006666666666666666
HD163296_CO_2_1.image;model_hot_cores_2_500it;3;1 Propenal;0.006666666666666666
HD163296_CO_2_1.image;model_hot_cores_2_500it;4;2 Ketene;0.006666666666666666
HD163296_CO_2_1.image;model_hot_cores_2_500it;5;3 Oxonium hydride;0.006666666666666666
HD163296_CO_2_1.image;model_hot_cores_full_500it;1;8 Methyliumylidene;0.2066666666666667
HD163296_CO_2_1.image;model_hot_cores_full_500it;2;61 Fluoromethyliumylidene;0.13999999999999999
HD163296_CO_2_1.image;model_hot_cores_full_500it;3;28 Nitrous Oxide;0.10666666666666666
HD163296_CO_2_1.image;model_hot_cores_full_500it;4;0 Isocyanic Acid;0.006666666666666666
HD163296_CO_2_1.image;model_hot_cores_full_500it;5;1 Propenal;0.006666666666666666
HD163296_CO_2_1.image;model_hot_cores_full_expanded_00002_500it;1;63 Thioxoethenylidene;0.4177777777777778
HD163296_CO_2_1.image;model_hot_cores_full_expanded_00002_500it;2;40 Carbonyl Sulfide;0.02888888888888889
HD163296_CO_2_1.image;model_hot_cores_full_expanded_00002_500it;3;0 Isocyanic Acid;0.006666666666666666
HD163296_CO_2_1.image;model_hot_cores_full_expanded_00002_500it;4;1 Propenal;0.006666666666666666
HD163296_CO_2_1.image;model_hot_cores_full_expanded_00002_500it;5;2 Ketene;0.006666666666666666
HD163296_CO_2_1.image;model_hot_cores_full_expanded_00010_500it;1;68 Carbon Monoxide;0.3622222222222222
HD163296_CO_2_1.image;model_hot_cores_full_expanded_00010_500it;2;11 2-Propynal;0.08444444444444445
HD163296_CO_2_1.image;model_hot_cores_full_expanded_00010_500it;3;0 Isocyanic Acid;0.006666666666666666
HD163296_CO_2_1.image;model_hot_cores_full_expanded_00010_500it;4;1 Propenal;0.006666666666666666
HD163296_CO_2_1.image;model_hot_cores_full_expanded_00010_500it;5;2 Ketene;0.006666666666666666
TWHydra_HCOplusline.image;model_hot_cores_tr_500it;1;54 Cyanic acid;0.1391304347826087
TWHydra_HCOplusline.image;model_hot_cores_tr_500it;2;1 Propenal;0.052173913043478265
TWHydra_HCOplusline.image;model_hot_cores_tr_500it;3;59 Ethylene Glycol;0.052173913043478265
TWHydra_HCOplusline.image;model_hot_cores_tr_500it;4;6 Methyl Formate;0.02318840579710145
TWHydra_HCOplusline.image;model_hot_cores_tr_500it;5;16 Methyl formate vt01;0.02318840579710145
TWHydra_HCOplusline.image;model_hot_cores_2_500it;1;24 Formylium;0.26956521739130435
TWHydra_HCOplusline.image;model_hot_cores_2_500it;2;0 Isocyanic Acid;0.008695652173913044
TWHydra_HCOplusline.image;model_hot_cores_2_500it;3;1 Propenal;0.008695652173913044
TWHydra_HCOplusline.image;model_hot_cores_2_500it;4;2 Ketene;0.008695652173913044
TWHydra_HCOplusline.image;model_hot_cores_2_500it;5;3 Oxonium hydride;0.008695652173913044
TWHydra_HCOplusline.image;model_hot_cores_full_500it;1;9 Iminomethylium;0.22608695652173913
TWHydra_HCOplusline.image;model_hot_cores_full_500it;2;22 Sulfur Monoxide ion;0.052173913043478265
TWHydra_HCOplusline.image;model_hot_cores_full_500it;3;0 Isocyanic Acid;0.008695652173913044
TWHydra_HCOplusline.image;model_hot_cores_full_500it;4;1 Propenal;0.008695652173913044
TWHydra_HCOplusline.image;model_hot_cores_full_500it;5;2 Ketene;0.008695652173913044
TWHydra_HCOplusline.image;model_hot_cores_full_expanded_00002_500it;1;24 Formylium;0.1826086956521739
TWHydra_HCOplusline.image;model_hot_cores_full_expanded_00002_500it;2;33 Aminoacetonitrile;0.052173913043478265
TWHydra_HCOplusline.image;model_hot_cores_full_expanded_00002_500it;3;43 3-Thioxo-1,2-Propadieylidene;0.02318840579710145
TWHydra_HCOplusline.image;model_hot_cores_full_expanded_00002_500it;4;58 Ethynyl;0.02318840579710145
TWHydra_HCOplusline.image;model_hot_cores_full_expanded_00002_500it;5;70 Thioformaldehyde;0.02318840579710145
TWHydra_HCOplusline.image;model_hot_cores_full_expanded_00010_500it;1;24 Formylium;0.26956521739130435
TWHydra_HCOplusline.image;model_hot_cores_full_expanded_00010_500it;2;0 Isocyanic Acid;0.008695652173913044
TWHydra_HCOplusline.image;model_hot_cores_full_expanded_00010_500it;3;1 Propenal;0.008695652173913044
TWHydra_HCOplusline.image;model_hot_cores_full_expanded_00010_500it;4;2 Ketene;0.008695652173913044
TWHydra_HCOplusline.image;model_hot_cores_full_expanded_00010_500it;5;3 Oxonium hydride;0.008695652173913044
Orion.HNC.cbc.contsub.image;model_hot_cores_tr_500it;1;43 3-Thioxo-1,2-Propadieylidene;0.26197183098591553
Orion.HNC.cbc.contsub.image;model_hot_cores_tr_500it;2;34 Methanol;0.022535211267605635
Orion.HNC.cbc.contsub.image;model_hot_cores_tr_500it;3;54 Cyanic acid;0.022535211267605635
Orion.HNC.cbc.contsub.image;model_hot_cores_tr_500it;4;0 Isocyanic Acid;0.008450704225352112
Orion.HNC.cbc.contsub.image;model_hot_cores_tr_500it;5;1 Propenal;0.008450704225352112
Orion.HNC.cbc.contsub.image;model_hot_cores_2_500it;1;8 Methyliumylidene;0.29014084507042254
Orion.HNC.cbc.contsub.image;model_hot_cores_2_500it;2;0 Isocyanic Acid;0.008450704225352112
Orion.HNC.cbc.contsub.image;model_hot_cores_2_500it;3;1 Propenal;0.008450704225352112
Orion.HNC.cbc.contsub.image;model_hot_cores_2_500it;4;2 Ketene;0.008450704225352112
Orion.HNC.cbc.contsub.image;model_hot_cores_2_500it;5;3 Oxonium hydride;0.008450704225352112
Orion.HNC.cbc.contsub.image;model_hot_cores_full_500it;1;75 Hydrogen Isocyanide;0.23380281690140847
Orion.HNC.cbc.contsub.image;model_hot_cores_full_500it;2;62 Methylidyne;0.0647887323943662
Orion.HNC.cbc.contsub.image;model_hot_cores_full_500it;3;0 Isocyanic Acid;0.008450704225352112
Orion.HNC.cbc.contsub.image;model_hot_cores_full_500it;4;1 Propenal;0.008450704225352112
Orion.HNC.cbc.contsub.image;model_hot_cores_full_500it;5;2 Ketene;0.008450704225352112
Orion.HNC.cbc.contsub.image;model_hot_cores_full_expanded_00002_500it;1;75 Hydrogen Isocyanide;0.26197183098591553
Orion.HNC.cbc.contsub.image;model_hot_cores_full_expanded_00002_500it;2;29 Propadienylidene;0.022535211267605635
Orion.HNC.cbc.contsub.image;model_hot_cores_full_expanded_00002_500it;3;62 Methylidyne;0.022535211267605635
Orion.HNC.cbc.contsub.image;model_hot_cores_full_expanded_00002_500it;4;0 Isocyanic Acid;0.008450704225352112
Orion.HNC.cbc.contsub.image;model_hot_cores_full_expanded_00002_500it;5;1 Propenal;0.008450704225352112
Orion.HNC.cbc.contsub.image;model_hot_cores_full_expanded_00010_500it;1;25 Fulminic acid;0.21971830985915491
Orion.HNC.cbc.contsub.image;model_hot_cores_full_expanded_00010_500it;2;68 Carbon Monoxide;0.05070422535211268
Orion.HNC.cbc.contsub.image;model_hot_cores_full_expanded_00010_500it;3;8 Methyliumylidene;0.022535211267605635
Orion.HNC.cbc.contsub.image;model_hot_cores_full_expanded_00010_500it;4;79 Formic Acid;0.022535211267605635
Orion.HNC.cbc.contsub.image;model_hot_cores_full_expanded_00010_500it;5;0 Isocyanic Acid;0.008450704225352112
Orion.methanol.cbc.contsub.image;model_hot_cores_tr_500it;1;0 Isocyanic Acid;0.011764705882352941
Orion.methanol.cbc.contsub.image;model_hot_cores_tr_500it;2;1 Propenal;0.011764705882352941
Orion.methanol.cbc.contsub.image;model_hot_cores_tr_500it;3;2 Ketene;0.011764705882352941
Orion.methanol.cbc.contsub.image;model_hot_cores_tr_500it;4;3 Oxonium hydride;0.011764705882352941
Orion.methanol.cbc.contsub.image;model_hot_cores_tr_500it;5;4 Thioformylium;0.011764705882352941
Orion.methanol.cbc.contsub.image;model_hot_cores_2_500it;1;0 Isocyanic Acid;0.011764705882352941
Orion.methanol.cbc.contsub.image;model_hot_cores_2_500it;2;1 Propenal;0.011764705882352941
Orion.methanol.cbc.contsub.image;model_hot_cores_2_500it;3;2 Ketene;0.011764705882352941
Orion.methanol.cbc.contsub.image;model_hot_cores_2_500it;4;3 Oxonium hydride;0.011764705882352941
Orion.methanol.cbc.contsub.image;model_hot_cores_2_500it;5;4 Thioformylium;0.011764705882352941
Orion.methanol.cbc.contsub.image;model_hot_cores_full_500it;1;0 Isocyanic Acid;0.011764705882352941
Orion.methanol.cbc.contsub.image;model_hot_cores_full_500it;2;1 Propenal;0.011764705882352941
Orion.methanol.cbc.contsub.image;model_hot_cores_full_500it;3;2 Ketene;0.011764705882352941
Orion.methanol.cbc.contsub.image;model_hot_cores_full_500it;4;3 Oxonium hydride;0.011764705882352941
Orion.methanol.cbc.contsub.image;model_hot_cores_full_500it;5;4 Thioformylium;0.011764705882352941
Orion.methanol.cbc.contsub.image;model_hot_cores_full_expanded_00002_500it;1;0 Isocyanic Acid;0.011764705882352941
Orion.methanol.cbc.contsub.image;model_hot_cores_full_expanded_00002_500it;2;1 Propenal;0.011764705882352941
Orion.methanol.cbc.contsub.image;model_hot_cores_full_expanded_00002_500it;3;2 Ketene;0.011764705882352941
Orion.methanol.cbc.contsub.image;model_hot_cores_full_expanded_00002_500it;4;3 Oxonium hydride;0.011764705882352941
Orion.methanol.cbc.contsub.image;model_hot_cores_full_expanded_00002_500it;5;4 Thioformylium;0.011764705882352941
Orion.methanol.cbc.contsub.image;model_hot_cores_full_expanded_00010_500it;1;0 Isocyanic Acid;0.011764705882352941
Orion.methanol.cbc.contsub.image;model_hot_cores_full_expanded_00010_500it;2;1 Propenal;0.011764705882352941
Orion.methanol.cbc.contsub.image;model_hot_cores_full_expanded_00010_500it;3;2 Ketene;0.011764705882352941
Orion.methanol.cbc.contsub.image;model_hot_cores_full_expanded_00010_500it;4;3 Oxonium hydride;0.011764705882352941
Orion.methanol.cbc.contsub.image;model_hot_cores_full_expanded_00010_500it;5;4 Thioformylium;0.011764705882352941
TWHydra_CO3_2line.image;model_hot_cores_tr_500it;1;57 Protonate 2-proynenitrile;0.3194805194805195
TWHydra_CO3_2line.image;model_hot_cores_tr_500it;2;36 Formyl Radical;0.02077922077922078
TWHydra_CO3_2line.image;model_hot_cores_tr_500it;3;66 Dimethyl ether;0.02077922077922078
TWHydra_CO3_2line.image;model_hot_cores_tr_500it;4;0 Isocyanic Acid;0.007792207792207792
TWHydra_CO3_2line.image;model_hot_cores_tr_500it;5;1 Propenal;0.007792207792207792
TWHydra_CO3_2line.image;model_hot_cores_2_500it;1;57 Protonate 2-proynenitrile;0.34545454545454546
TWHydra_CO3_2line.image;model_hot_cores_2_500it;2;0 Isocyanic Acid;0.007792207792207792
TWHydra_CO3_2line.image;model_hot_cores_2_500it;3;1 Propenal;0.007792207792207792
TWHydra_CO3_2line.image;model_hot_cores_2_500it;4;2 Ketene;0.007792207792207792
TWHydra_CO3_2line.image;model_hot_cores_2_500it;5;3 Oxonium hydride;0.007792207792207792
TWHydra_CO3_2line.image;model_hot_cores_full_500it;1;25 Fulminic acid;0.34545454545454546
TWHydra_CO3_2line.image;model_hot_cores_full_500it;2;0 Isocyanic Acid;0.007792207792207792
TWHydra_CO3_2line.image;model_hot_cores_full_500it;3;1 Propenal;0.007792207792207792
TWHydra_CO3_2line.image;model_hot_cores_full_500it;4;2 Ketene;0.007792207792207792
TWHydra_CO3_2line.image;model_hot_cores_full_500it;5;3 Oxonium hydride;0.007792207792207792
TWHydra_CO3_2line.image;model_hot_cores_full_expanded_00002_500it;1;68 Carbon Monoxide;0.33246753246753247
TWHydra_CO3_2line.image;model_hot_cores_full_expanded_00002_500it;2;44 Formamide;0.02077922077922078
TWHydra_CO3_2line.image;model_hot_cores_full_expanded_00002_500it;3;0 Isocyanic Acid;0.007792207792207792
TWHydra_CO3_2line.image;model_hot_cores_full_expanded_00002_500it;4;1 Propenal;0.007792207792207792
TWHydra_CO3_2line.image;model_hot_cores_full_expanded_00002_500it;5;2 Ketene;0.007792207792207792
TWHydra_CO3_2line.image;model_hot_cores_full_expanded_00010_500it;1;68 Carbon Monoxide;0.34545454545454546
TWHydra_CO3_2line.image;model_hot_cores_full_expanded_00010_500it;2;0 Isocyanic Acid;0.007792207792207792
TWHydra_CO3_2line.image;model_hot_cores_full_expanded_00010_500it;3;1 Propenal;0.007792207792207792
TWHydra_CO3_2line.image;model_hot_cores_full_expanded_00010_500it;4;2 Ketene;0.007792207792207792
TWHydra_CO3_2line.image;model_hot_cores_full_expanded_00010_500it;5;3 Oxonium hydride;0.007792207792207792
