1;24 Formylium;0.1826086956521739
2;33 Aminoacetonitrile;0.052173913043478265
3;43 3-Thioxo-1,2-Propadieylidene;0.02318840579710145
4;58 Ethynyl;0.02318840579710145
5;70 Thioformaldehyde;0.02318840579710145
6;0 Isocyanic Acid;0.008695652173913044
7;1 Propenal;0.008695652173913044
8;2 Ketene;0.008695652173913044
9;3 Oxonium hydride;0.008695652173913044
10;4 Thioformylium;0.008695652173913044
11;5 Vinyl Cyanide;0.008695652173913044
12;6 Methyl Formate;0.008695652173913044
13;7 Hydroxyl;0.008695652173913044
14;8 Methyliumylidene;0.008695652173913044
15;9 Iminomethylium;0.008695652173913044
16;10 Hydroxymethylium ion;0.008695652173913044
17;11 2-Propynal;0.008695652173913044
18;12 Carbon Monosulfide;0.008695652173913044
19;13 Cyanomethyl;0.008695652173913044
20;14 Methyl Acetylene;0.008695652173913044
21;15 2-Butynenitrile;0.008695652173913044
22;16 Methyl formate vt01;0.008695652173913044
23;17 Ethyl Cyanide;0.008695652173913044
24;18 gauche-Ethanol;0.008695652173913044
25;19 Glycolaldehyde;0.008695652173913044
26;20 Water;0.008695652173913044
27;21 Hydrogen sulfide;0.008695652173913044
28;22 Sulfur Monoxide ion;0.008695652173913044
29;23 1,3-Butadiynyl radical;0.008695652173913044
30;25 Fulminic acid;0.008695652173913044
31;26 Trihydrogen ion;0.008695652173913044
32;27 Methanimine;0.008695652173913044
33;28 Nitrous Oxide;0.008695652173913044
34;29 Propadienylidene;0.008695652173913044
35;30 Ethylene Oxide;0.008695652173913044
36;31 Ketenimine;0.008695652173913044
37;32 2,4,6-Heptatriynenitrile;0.008695652173913044
38;34 Methanol;0.008695652173913044
39;35 Ammonia;0.008695652173913044
40;36 Formyl Radical;0.008695652173913044
41;37 Methyl Cyanide;0.008695652173913044
42;38 Molecular oxygen;0.008695652173913044
43;39 Cyclopropenone;0.008695652173913044
44;40 Carbonyl Sulfide;0.008695652173913044
45;41 Acetaldehyde;0.008695652173913044
46;42 Cyanomethylene;0.008695652173913044
47;44 Formamide;0.008695652173913044
48;45 Cyanobutadiyne;0.008695652173913044
49;46 Sulfur Dioxide;0.008695652173913044
50;47 Methyl isocyanide;0.008695652173913044
51;48 Nitric sulfide;0.008695652173913044
52;49 Methylene;0.008695652173913044
53;50 Hydrochloric acid;0.008695652173913044
54;51 Ethyne Isocyanide;0.008695652173913044
55;52 Cyanide Radical;0.008695652173913044
56;53 Nitric oxide;0.008695652173913044
57;54 Cyanic acid;0.008695652173913044
58;55 Formaldehyde;0.008695652173913044
59;56 Sulfur Monoxide;0.008695652173913044
60;57 Protonate 2-proynenitrile;0.008695652173913044
61;59 Ethylene Glycol;0.008695652173913044
62;60 Hydrogen Cyanide;0.008695652173913044
63;61 Fluoromethyliumylidene;0.008695652173913044
64;62 Methylidyne;0.008695652173913044
65;63 Thioxoethenylidene;0.008695652173913044
66;64 Cyanomethanimine;0.008695652173913044
67;65 Silicon Monoxide;0.008695652173913044
68;66 Dimethyl ether;0.008695652173913044
69;67 Acetone;0.008695652173913044
70;68 Carbon Monoxide;0.008695652173913044
71;69 Phosphorous nitride;0.008695652173913044
72;71 Diazenylium;0.008695652173913044
73;72 Cyanoformaldehyde;0.008695652173913044
74;73 Isothiocyanic acid;0.008695652173913044
75;74 Vinyl Alcohol;0.008695652173913044
76;75 Hydrogen Isocyanide;0.008695652173913044
77;76 Carbon Monosulfide;0.008695652173913044
78;77 Methylamine;0.008695652173913044
79;78 Protonated Carbon Dioxide;0.008695652173913044
80;79 Formic Acid;0.008695652173913044
81;80 Cyclopropenylidene;0.008695652173913044
82;81 Cyanoacetylene;0.008695652173913044
83;82 para-Oxidaniumyl;0.008695652173913044
84;83 ortho-Oxidaniumyl;0.008695652173913044
85;84 Nitrosyl hydride;0.008695652173913044
