1;7 Carbon Monoxide Ion;0.1
2;14 Cyanide Radical;0.04736842105263158
3;21 Methanol;0.04736842105263158
4;0 Methylidyne;0.02982456140350877
5;1 Formaldehyde;0.02982456140350877
6;2 Sulfur dioxide;0.02982456140350877
7;3 Carbon Monoxide;0.02982456140350877
8;4 Acetaldehyde;0.02982456140350877
9;5 Water;0.02982456140350877
10;6 Imidogen;0.02982456140350877
11;8 Nitric sulfide;0.02982456140350877
12;9 Isocyanic Acid;0.02982456140350877
13;10 Formic Acid;0.02982456140350877
14;11 Amidogen;0.02982456140350877
15;12 Ethylene Glycol;0.02982456140350877
16;13 Methyliumylidene;0.02982456140350877
17;15 Carbonyl Sulfide;0.02982456140350877
18;16 Hydroxyl;0.02982456140350877
19;17 Nitric oxide;0.02982456140350877
20;18 Methyl Cyanide;0.02982456140350877
21;19 Cyclopropenylidene;0.02982456140350877
22;20 Sulfur Monoxide ion;0.02982456140350877
23;22 Thioformaldehyde;0.02982456140350877
24;23 Ammonia;0.02982456140350877
25;24 Cyanoacetylene;0.02982456140350877
26;25 Hydrogen Cyanide;0.02982456140350877
27;26 Hydrogen sulfide;0.02982456140350877
28;27 Molecular oxygen;0.02982456140350877
29;28 Hydrogen Isocyanide;0.02982456140350877
30;29 Formylium;0.02982456140350877
