1;4 Carbon Monoxide;0.17218543046357618
2;30 Carbon Monosulfide;0.039735099337748346
3;0 Methylidyne;0.023178807947019868
4;1 1,3-Butadiynyl radical;0.023178807947019868
5;2 Formaldehyde;0.023178807947019868
6;3 Sulfur dioxide;0.023178807947019868
7;5 Water;0.023178807947019868
8;6 Carbon Monoxide Ion;0.023178807947019868
9;7 Nitric sulfide;0.023178807947019868
10;8 Isocyanic Acid;0.023178807947019868
11;9 Methyliumylidene;0.023178807947019868
12;10 Cyanide Radical;0.023178807947019868
13;11 Ethynyl;0.023178807947019868
14;12 Carbonyl Sulfide;0.023178807947019868
15;13 Hydroxyl;0.023178807947019868
16;14 Diazenylium;0.023178807947019868
17;15 Thioxoethenylidene;0.023178807947019868
18;16 Nitric oxide;0.023178807947019868
19;17 Methyl Cyanide;0.023178807947019868
20;18 Cyclopropenylidene;0.023178807947019868
21;19 Methanimine;0.023178807947019868
22;20 Methanol;0.023178807947019868
23;21 Thioformaldehyde;0.023178807947019868
24;22 Ammonia;0.023178807947019868
25;23 Cyanamide;0.023178807947019868
26;24 Cyanoacetylene;0.023178807947019868
27;25 Sodium Chloride;0.023178807947019868
28;26 Silicon Monoxide;0.023178807947019868
29;27 Sulfur Monoxide;0.023178807947019868
30;28 Protonated Carbon Dioxide;0.023178807947019868
31;29 Hydrogen Cyanide;0.023178807947019868
32;31 Hydrogen sulfide;0.023178807947019868
33;32 Molecular oxygen;0.023178807947019868
34;33 Hydrogen Isocyanide;0.023178807947019868
35;34 Formylium;0.023178807947019868
36;35 Methyl Acetylene;0.023178807947019868
