1;17 Hydrogen Cyanide;0.572790294627383
2;21 Hydrogen Isocyanide;0.026863084922010397
3;0 Methylidyne;0.018197573656845753
4;1 Butyronitrile;0.018197573656845753
5;2 Formaldehyde;0.018197573656845753
6;3 Sulfur dioxide;0.018197573656845753
7;4 Carbon Monoxide;0.018197573656845753
8;5 Water;0.018197573656845753
9;6 Chloronium;0.018197573656845753
10;7 Imidogen;0.018197573656845753
11;8 Thioformylium;0.018197573656845753
12;9 Mercapto radical;0.018197573656845753
13;10 Methyl formate vt01;0.018197573656845753
14;11 Methyliumylidene;0.018197573656845753
15;12 Cyanide Radical;0.018197573656845753
16;13 Hydroxyl;0.018197573656845753
17;14 Nitric oxide;0.018197573656845753
18;15 Cyclopropenylidene;0.018197573656845753
19;16 Silicon Monoxide;0.018197573656845753
20;18 Carbon Monosulfide;0.018197573656845753
21;19 Hydrogen sulfide;0.018197573656845753
22;20 Molecular oxygen;0.018197573656845753
23;22 Formylium;0.018197573656845753
24;23 Sulfoniumylidene;0.018197573656845753
