1;25 1,3,5-Hexatriynyl anion;0.06701030927835051
2;3 Vinyl Cyanide;0.03264604810996563
3;18 Cyanoallene;0.03264604810996563
4;53 Formic Acid;0.03264604810996563
5;0 Ketene;0.015463917525773195
6;1 1,3,5-Hexatriynyl;0.015463917525773195
7;2 Oxonium hydride;0.015463917525773195
8;4 Hydroxyl;0.015463917525773195
9;5 Methyliumylidene;0.015463917525773195
10;6 Carbon Monosulfide;0.015463917525773195
11;7 Cyanomethyl;0.015463917525773195
12;8 Methyl Acetylene;0.015463917525773195
13;9 Ethyl Cyanide;0.015463917525773195
14;10 2,4-Pentadiynylidyne;0.015463917525773195
15;11 4-Cyano-1,3-Butadiynyl;0.015463917525773195
16;12 Water;0.015463917525773195
17;13 Hydrogen sulfide;0.015463917525773195
18;14 Methylene amidogen;0.015463917525773195
19;15 1,3-Butadiynyl radical;0.015463917525773195
20;16 2,4,6,8-Nonatetraynenitrile;0.015463917525773195
21;17 Formylium;0.015463917525773195
22;19 Trihydrogen ion;0.015463917525773195
23;20 Methylcyanodiacetylene;0.015463917525773195
24;21 2,4,6-Heptatriynenitrile;0.015463917525773195
25;22 Methanol;0.015463917525773195
26;23 Ammonia;0.015463917525773195
27;24 Methyl Cyanide;0.015463917525773195
28;26 1,3,5,7-Octatetraynyl anion;0.015463917525773195
29;27 3-Thioxo-1,2-Propadieylidene;0.015463917525773195
30;28 Cyanobutadiyne;0.015463917525773195
31;29 Nitric sulfide;0.015463917525773195
32;30 Sulfur dioxide;0.015463917525773195
33;31 Hydrochloric acid;0.015463917525773195
34;32 2,4,6,8,10-Undecapentaynenitrile;0.015463917525773195
35;33 Cyanide Radical;0.015463917525773195
36;34 Nitric oxide;0.015463917525773195
37;35 Formaldehyde;0.015463917525773195
38;36 Sulfur Monoxide;0.015463917525773195
39;37 Methyltriacetylene;0.015463917525773195
40;38 Hydrogen Cyanide;0.015463917525773195
41;39 Methyl diacetylene;0.015463917525773195
42;40 Methylidyne;0.015463917525773195
43;41 Thioxoethenylidene;0.015463917525773195
44;42 Silicon Monoxide;0.015463917525773195
45;43 1,3,5,7-Octatetraynyl;0.015463917525773195
46;44 Oxoethenylidene;0.015463917525773195
47;45 Propynylidynium;0.015463917525773195
48;46 Carbon Monoxide;0.015463917525773195
49;47 Thioformaldehyde;0.015463917525773195
50;48 Hexatrienyl;0.015463917525773195
51;49 Diazenylium;0.015463917525773195
52;50 Hydrogen Isocyanide;0.015463917525773195
53;51 Carbon Monosulfide;0.015463917525773195
54;52 Methylamine;0.015463917525773195
55;54 Cyclopropenylidene;0.015463917525773195
56;55 Cyanoacetylene;0.015463917525773195
57;56 para-Oxidaniumyl;0.015463917525773195
58;57 ortho-Oxidaniumyl;0.015463917525773195
