TWHydra_CO3_2line.image;model_comets_tr_500it;1;28 Hydrogen Isocyanide;0.6951515151515152
TWHydra_CO3_2line.image;model_comets_tr_500it;2;3 Carbon Monoxide;0.016363636363636365
TWHydra_CO3_2line.image;model_comets_tr_500it;3;0 Methylidyne;0.010303030303030303
TWHydra_CO3_2line.image;model_comets_tr_500it;4;1 Formaldehyde;0.010303030303030303
TWHydra_CO3_2line.image;model_comets_tr_500it;5;2 Sulfur dioxide;0.010303030303030303
uid___A002_Xa916fc_X668__IRS43_HCO32.final.image.pbcor;model_comets_tr_500it;1;13 Methyliumylidene;0.9424065420560748
uid___A002_Xa916fc_X668__IRS43_HCO32.final.image.pbcor;model_comets_tr_500it;2;0 Methylidyne;0.001985981308411215
uid___A002_Xa916fc_X668__IRS43_HCO32.final.image.pbcor;model_comets_tr_500it;3;1 Formaldehyde;0.001985981308411215
uid___A002_Xa916fc_X668__IRS43_HCO32.final.image.pbcor;model_comets_tr_500it;4;2 Sulfur dioxide;0.001985981308411215
uid___A002_Xa916fc_X668__IRS43_HCO32.final.image.pbcor;model_comets_tr_500it;5;3 Carbon Monoxide;0.001985981308411215
HD163296_CO_2_1.image;model_comets_tr_500it;1;13 Methyliumylidene;0.8059055118110235
HD163296_CO_2_1.image;model_comets_tr_500it;2;0 Methylidyne;0.0066929133858267716
HD163296_CO_2_1.image;model_comets_tr_500it;3;1 Formaldehyde;0.0066929133858267716
HD163296_CO_2_1.image;model_comets_tr_500it;4;2 Sulfur dioxide;0.0066929133858267716
HD163296_CO_2_1.image;model_comets_tr_500it;5;3 Carbon Monoxide;0.0066929133858267716
TWHydra_HCOplusline.image;model_comets_tr_500it;1;13 Methyliumylidene;0.7012121212121212
TWHydra_HCOplusline.image;model_comets_tr_500it;2;0 Methylidyne;0.010303030303030303
TWHydra_HCOplusline.image;model_comets_tr_500it;3;1 Formaldehyde;0.010303030303030303
TWHydra_HCOplusline.image;model_comets_tr_500it;4;2 Sulfur dioxide;0.010303030303030303
TWHydra_HCOplusline.image;model_comets_tr_500it;5;3 Carbon Monoxide;0.010303030303030303
Orion.HNC.cbc.contsub.image;model_comets_tr_500it;1;13 Methyliumylidene;0.8806295399515738
Orion.HNC.cbc.contsub.image;model_comets_tr_500it;2;0 Methylidyne;0.004116222760290557
Orion.HNC.cbc.contsub.image;model_comets_tr_500it;3;1 Formaldehyde;0.004116222760290557
Orion.HNC.cbc.contsub.image;model_comets_tr_500it;4;2 Sulfur dioxide;0.004116222760290557
Orion.HNC.cbc.contsub.image;model_comets_tr_500it;5;3 Carbon Monoxide;0.004116222760290557
Orion.methanol.cbc.contsub.image;model_comets_tr_500it;1;13 Methyliumylidene;0.748469387755102
Orion.methanol.cbc.contsub.image;model_comets_tr_500it;2;0 Methylidyne;0.008673469387755102
Orion.methanol.cbc.contsub.image;model_comets_tr_500it;3;1 Formaldehyde;0.008673469387755102
Orion.methanol.cbc.contsub.image;model_comets_tr_500it;4;2 Sulfur dioxide;0.008673469387755102
Orion.methanol.cbc.contsub.image;model_comets_tr_500it;5;3 Carbon Monoxide;0.008673469387755102
