1;29 Formylium;0.9424065420560748
2;0 Methylidyne;0.001985981308411215
3;1 Formaldehyde;0.001985981308411215
4;2 Sulfur dioxide;0.001985981308411215
5;3 Carbon Monoxide;0.001985981308411215
6;4 Acetaldehyde;0.001985981308411215
7;5 Water;0.001985981308411215
8;6 Imidogen;0.001985981308411215
9;7 Carbon Monoxide Ion;0.001985981308411215
10;8 Nitric sulfide;0.001985981308411215
11;9 Isocyanic Acid;0.001985981308411215
12;10 Formic Acid;0.001985981308411215
13;11 Amidogen;0.001985981308411215
14;12 Ethylene Glycol;0.001985981308411215
15;13 Methyliumylidene;0.001985981308411215
16;14 Cyanide Radical;0.001985981308411215
17;15 Carbonyl Sulfide;0.001985981308411215
18;16 Hydroxyl;0.001985981308411215
19;17 Nitric oxide;0.001985981308411215
20;18 Methyl Cyanide;0.001985981308411215
21;19 Cyclopropenylidene;0.001985981308411215
22;20 Sulfur Monoxide ion;0.001985981308411215
23;21 Methanol;0.001985981308411215
24;22 Thioformaldehyde;0.001985981308411215
25;23 Ammonia;0.001985981308411215
26;24 Cyanoacetylene;0.001985981308411215
27;25 Hydrogen Cyanide;0.001985981308411215
28;26 Hydrogen sulfide;0.001985981308411215
29;27 Molecular oxygen;0.001985981308411215
30;28 Hydrogen Isocyanide;0.001985981308411215
