1;56 para-Oxidaniumyl;0.7648945921173236
2;0 Ketene;0.004124656278643447
3;1 1,3,5-Hexatriynyl;0.004124656278643447
4;2 Oxonium hydride;0.004124656278643447
5;3 Vinyl Cyanide;0.004124656278643447
6;4 Hydroxyl;0.004124656278643447
7;5 Methyliumylidene;0.004124656278643447
8;6 Carbon Monosulfide;0.004124656278643447
9;7 Cyanomethyl;0.004124656278643447
10;8 Methyl Acetylene;0.004124656278643447
11;9 Ethyl Cyanide;0.004124656278643447
12;10 2,4-Pentadiynylidyne;0.004124656278643447
13;11 4-Cyano-1,3-Butadiynyl;0.004124656278643447
14;12 Water;0.004124656278643447
15;13 Hydrogen sulfide;0.004124656278643447
16;14 Methylene amidogen;0.004124656278643447
17;15 1,3-Butadiynyl radical;0.004124656278643447
18;16 2,4,6,8-Nonatetraynenitrile;0.004124656278643447
19;17 Formylium;0.004124656278643447
20;18 Cyanoallene;0.004124656278643447
21;19 Trihydrogen ion;0.004124656278643447
22;20 Methylcyanodiacetylene;0.004124656278643447
23;21 2,4,6-Heptatriynenitrile;0.004124656278643447
24;22 Methanol;0.004124656278643447
25;23 Ammonia;0.004124656278643447
26;24 Methyl Cyanide;0.004124656278643447
27;25 1,3,5-Hexatriynyl anion;0.004124656278643447
28;26 1,3,5,7-Octatetraynyl anion;0.004124656278643447
29;27 3-Thioxo-1,2-Propadieylidene;0.004124656278643447
30;28 Cyanobutadiyne;0.004124656278643447
31;29 Nitric sulfide;0.004124656278643447
32;30 Sulfur dioxide;0.004124656278643447
33;31 Hydrochloric acid;0.004124656278643447
34;32 2,4,6,8,10-Undecapentaynenitrile;0.004124656278643447
35;33 Cyanide Radical;0.004124656278643447
36;34 Nitric oxide;0.004124656278643447
37;35 Formaldehyde;0.004124656278643447
38;36 Sulfur Monoxide;0.004124656278643447
39;37 Methyltriacetylene;0.004124656278643447
40;38 Hydrogen Cyanide;0.004124656278643447
41;39 Methyl diacetylene;0.004124656278643447
42;40 Methylidyne;0.004124656278643447
43;41 Thioxoethenylidene;0.004124656278643447
44;42 Silicon Monoxide;0.004124656278643447
45;43 1,3,5,7-Octatetraynyl;0.004124656278643447
46;44 Oxoethenylidene;0.004124656278643447
47;45 Propynylidynium;0.004124656278643447
48;46 Carbon Monoxide;0.004124656278643447
49;47 Thioformaldehyde;0.004124656278643447
50;48 Hexatrienyl;0.004124656278643447
51;49 Diazenylium;0.004124656278643447
52;50 Hydrogen Isocyanide;0.004124656278643447
53;51 Carbon Monosulfide;0.004124656278643447
54;52 Methylamine;0.004124656278643447
55;53 Formic Acid;0.004124656278643447
56;54 Cyclopropenylidene;0.004124656278643447
57;55 Cyanoacetylene;0.004124656278643447
58;57 ortho-Oxidaniumyl;0.004124656278643447
