1;5 Methyliumylidene;0.7648945921173236
2;0 Ketene;0.004124656278643447
3;1 1,3,5-Hexatriynyl;0.004124656278643447
4;2 Oxonium hydride;0.004124656278643447
5;3 Vinyl Cyanide;0.004124656278643447
6;4 Hydroxyl;0.004124656278643447
7;6 Carbon Monosulfide;0.004124656278643447
8;7 Cyanomethyl;0.004124656278643447
9;8 Methyl Acetylene;0.004124656278643447
10;9 Ethyl Cyanide;0.004124656278643447
11;10 2,4-Pentadiynylidyne;0.004124656278643447
12;11 4-Cyano-1,3-Butadiynyl;0.004124656278643447
13;12 Water;0.004124656278643447
14;13 Hydrogen sulfide;0.004124656278643447
15;14 Methylene amidogen;0.004124656278643447
16;15 1,3-Butadiynyl radical;0.004124656278643447
17;16 2,4,6,8-Nonatetraynenitrile;0.004124656278643447
18;17 Formylium;0.004124656278643447
19;18 Cyanoallene;0.004124656278643447
20;19 Trihydrogen ion;0.004124656278643447
21;20 Methylcyanodiacetylene;0.004124656278643447
22;21 2,4,6-Heptatriynenitrile;0.004124656278643447
23;22 Methanol;0.004124656278643447
24;23 Ammonia;0.004124656278643447
25;24 Methyl Cyanide;0.004124656278643447
26;25 1,3,5-Hexatriynyl anion;0.004124656278643447
27;26 1,3,5,7-Octatetraynyl anion;0.004124656278643447
28;27 3-Thioxo-1,2-Propadieylidene;0.004124656278643447
29;28 Cyanobutadiyne;0.004124656278643447
30;29 Nitric sulfide;0.004124656278643447
31;30 Sulfur dioxide;0.004124656278643447
32;31 Hydrochloric acid;0.004124656278643447
33;32 2,4,6,8,10-Undecapentaynenitrile;0.004124656278643447
34;33 Cyanide Radical;0.004124656278643447
35;34 Nitric oxide;0.004124656278643447
36;35 Formaldehyde;0.004124656278643447
37;36 Sulfur Monoxide;0.004124656278643447
38;37 Methyltriacetylene;0.004124656278643447
39;38 Hydrogen Cyanide;0.004124656278643447
40;39 Methyl diacetylene;0.004124656278643447
41;40 Methylidyne;0.004124656278643447
42;41 Thioxoethenylidene;0.004124656278643447
43;42 Silicon Monoxide;0.004124656278643447
44;43 1,3,5,7-Octatetraynyl;0.004124656278643447
45;44 Oxoethenylidene;0.004124656278643447
46;45 Propynylidynium;0.004124656278643447
47;46 Carbon Monoxide;0.004124656278643447
48;47 Thioformaldehyde;0.004124656278643447
49;48 Hexatrienyl;0.004124656278643447
50;49 Diazenylium;0.004124656278643447
51;50 Hydrogen Isocyanide;0.004124656278643447
52;51 Carbon Monosulfide;0.004124656278643447
53;52 Methylamine;0.004124656278643447
54;53 Formic Acid;0.004124656278643447
55;54 Cyclopropenylidene;0.004124656278643447
56;55 Cyanoacetylene;0.004124656278643447
57;56 para-Oxidaniumyl;0.004124656278643447
58;57 ortho-Oxidaniumyl;0.004124656278643447
