1;50 Hydrogen Isocyanide;0.3178191489361702
2;0 Ketene;0.011968085106382979
3;1 1,3,5-Hexatriynyl;0.011968085106382979
4;2 Oxonium hydride;0.011968085106382979
5;3 Vinyl Cyanide;0.011968085106382979
6;4 Hydroxyl;0.011968085106382979
7;5 Methyliumylidene;0.011968085106382979
8;6 Carbon Monosulfide;0.011968085106382979
9;7 Cyanomethyl;0.011968085106382979
10;8 Methyl Acetylene;0.011968085106382979
11;9 Ethyl Cyanide;0.011968085106382979
12;10 2,4-Pentadiynylidyne;0.011968085106382979
13;11 4-Cyano-1,3-Butadiynyl;0.011968085106382979
14;12 Water;0.011968085106382979
15;13 Hydrogen sulfide;0.011968085106382979
16;14 Methylene amidogen;0.011968085106382979
17;15 1,3-Butadiynyl radical;0.011968085106382979
18;16 2,4,6,8-Nonatetraynenitrile;0.011968085106382979
19;17 Formylium;0.011968085106382979
20;18 Cyanoallene;0.011968085106382979
21;19 Trihydrogen ion;0.011968085106382979
22;20 Methylcyanodiacetylene;0.011968085106382979
23;21 2,4,6-Heptatriynenitrile;0.011968085106382979
24;22 Methanol;0.011968085106382979
25;23 Ammonia;0.011968085106382979
26;24 Methyl Cyanide;0.011968085106382979
27;25 1,3,5-Hexatriynyl anion;0.011968085106382979
28;26 1,3,5,7-Octatetraynyl anion;0.011968085106382979
29;27 3-Thioxo-1,2-Propadieylidene;0.011968085106382979
30;28 Cyanobutadiyne;0.011968085106382979
31;29 Nitric sulfide;0.011968085106382979
32;30 Sulfur dioxide;0.011968085106382979
33;31 Hydrochloric acid;0.011968085106382979
34;32 2,4,6,8,10-Undecapentaynenitrile;0.011968085106382979
35;33 Cyanide Radical;0.011968085106382979
36;34 Nitric oxide;0.011968085106382979
37;35 Formaldehyde;0.011968085106382979
38;36 Sulfur Monoxide;0.011968085106382979
39;37 Methyltriacetylene;0.011968085106382979
40;38 Hydrogen Cyanide;0.011968085106382979
41;39 Methyl diacetylene;0.011968085106382979
42;40 Methylidyne;0.011968085106382979
43;41 Thioxoethenylidene;0.011968085106382979
44;42 Silicon Monoxide;0.011968085106382979
45;43 1,3,5,7-Octatetraynyl;0.011968085106382979
46;44 Oxoethenylidene;0.011968085106382979
47;45 Propynylidynium;0.011968085106382979
48;46 Carbon Monoxide;0.011968085106382979
49;47 Thioformaldehyde;0.011968085106382979
50;48 Hexatrienyl;0.011968085106382979
51;49 Diazenylium;0.011968085106382979
52;51 Carbon Monosulfide;0.011968085106382979
53;52 Methylamine;0.011968085106382979
54;53 Formic Acid;0.011968085106382979
55;54 Cyclopropenylidene;0.011968085106382979
56;55 Cyanoacetylene;0.011968085106382979
57;56 para-Oxidaniumyl;0.011968085106382979
58;57 ortho-Oxidaniumyl;0.011968085106382979
