1;5 Methyliumylidene;0.3225388601036269
2;38 Hydrogen Cyanide;0.024611398963730567
3;0 Ketene;0.011658031088082901
4;1 1,3,5-Hexatriynyl;0.011658031088082901
5;2 Oxonium hydride;0.011658031088082901
6;3 Vinyl Cyanide;0.011658031088082901
7;4 Hydroxyl;0.011658031088082901
8;6 Carbon Monosulfide;0.011658031088082901
9;7 Cyanomethyl;0.011658031088082901
10;8 Methyl Acetylene;0.011658031088082901
11;9 Ethyl Cyanide;0.011658031088082901
12;10 2,4-Pentadiynylidyne;0.011658031088082901
13;11 4-Cyano-1,3-Butadiynyl;0.011658031088082901
14;12 Water;0.011658031088082901
15;13 Hydrogen sulfide;0.011658031088082901
16;14 Methylene amidogen;0.011658031088082901
17;15 1,3-Butadiynyl radical;0.011658031088082901
18;16 2,4,6,8-Nonatetraynenitrile;0.011658031088082901
19;17 Formylium;0.011658031088082901
20;18 Cyanoallene;0.011658031088082901
21;19 Trihydrogen ion;0.011658031088082901
22;20 Methylcyanodiacetylene;0.011658031088082901
23;21 2,4,6-Heptatriynenitrile;0.011658031088082901
24;22 Methanol;0.011658031088082901
25;23 Ammonia;0.011658031088082901
26;24 Methyl Cyanide;0.011658031088082901
27;25 1,3,5-Hexatriynyl anion;0.011658031088082901
28;26 1,3,5,7-Octatetraynyl anion;0.011658031088082901
29;27 3-Thioxo-1,2-Propadieylidene;0.011658031088082901
30;28 Cyanobutadiyne;0.011658031088082901
31;29 Nitric sulfide;0.011658031088082901
32;30 Sulfur dioxide;0.011658031088082901
33;31 Hydrochloric acid;0.011658031088082901
34;32 2,4,6,8,10-Undecapentaynenitrile;0.011658031088082901
35;33 Cyanide Radical;0.011658031088082901
36;34 Nitric oxide;0.011658031088082901
37;35 Formaldehyde;0.011658031088082901
38;36 Sulfur Monoxide;0.011658031088082901
39;37 Methyltriacetylene;0.011658031088082901
40;39 Methyl diacetylene;0.011658031088082901
41;40 Methylidyne;0.011658031088082901
42;41 Thioxoethenylidene;0.011658031088082901
43;42 Silicon Monoxide;0.011658031088082901
44;43 1,3,5,7-Octatetraynyl;0.011658031088082901
45;44 Oxoethenylidene;0.011658031088082901
46;45 Propynylidynium;0.011658031088082901
47;46 Carbon Monoxide;0.011658031088082901
48;47 Thioformaldehyde;0.011658031088082901
49;48 Hexatrienyl;0.011658031088082901
50;49 Diazenylium;0.011658031088082901
51;50 Hydrogen Isocyanide;0.011658031088082901
52;51 Carbon Monosulfide;0.011658031088082901
53;52 Methylamine;0.011658031088082901
54;53 Formic Acid;0.011658031088082901
55;54 Cyclopropenylidene;0.011658031088082901
56;55 Cyanoacetylene;0.011658031088082901
57;56 para-Oxidaniumyl;0.011658031088082901
58;57 ortho-Oxidaniumyl;0.011658031088082901
