1;61 Fluoromethyliumylidene;0.2125
2;0 Isocyanic Acid;0.009375
3;1 Propenal;0.009375
4;2 Ketene;0.009375
5;3 Oxonium hydride;0.009375
6;4 Thioformylium;0.009375
7;5 Vinyl Cyanide;0.009375
8;6 Methyl Formate;0.009375
9;7 Hydroxyl;0.009375
10;8 Methyliumylidene;0.009375
11;9 Iminomethylium;0.009375
12;10 Hydroxymethylium ion;0.009375
13;11 2-Propynal;0.009375
14;12 Carbon Monosulfide;0.009375
15;13 Cyanomethyl;0.009375
16;14 Methyl Acetylene;0.009375
17;15 2-Butynenitrile;0.009375
18;16 Methyl formate vt01;0.009375
19;17 Ethyl Cyanide;0.009375
20;18 gauche-Ethanol;0.009375
21;19 Glycolaldehyde;0.009375
22;20 Water;0.009375
23;21 Hydrogen sulfide;0.009375
24;22 Sulfur Monoxide ion;0.009375
25;23 1,3-Butadiynyl radical;0.009375
26;24 Formylium;0.009375
27;25 Fulminic acid;0.009375
28;26 Trihydrogen ion;0.009375
29;27 Methanimine;0.009375
30;28 Nitrous Oxide;0.009375
31;29 Propadienylidene;0.009375
32;30 Ethylene Oxide;0.009375
33;31 Ketenimine;0.009375
34;32 2,4,6-Heptatriynenitrile;0.009375
35;33 Aminoacetonitrile;0.009375
36;34 Methanol;0.009375
37;35 Ammonia;0.009375
38;36 Formyl Radical;0.009375
39;37 Methyl Cyanide;0.009375
40;38 Molecular oxygen;0.009375
41;39 Cyclopropenone;0.009375
42;40 Carbonyl Sulfide;0.009375
43;41 Acetaldehyde;0.009375
44;42 Cyanomethylene;0.009375
45;43 3-Thioxo-1,2-Propadieylidene;0.009375
46;44 Formamide;0.009375
47;45 Cyanobutadiyne;0.009375
48;46 Sulfur Dioxide;0.009375
49;47 Methyl isocyanide;0.009375
50;48 Nitric sulfide;0.009375
51;49 Methylene;0.009375
52;50 Hydrochloric acid;0.009375
53;51 Ethyne Isocyanide;0.009375
54;52 Cyanide Radical;0.009375
55;53 Nitric oxide;0.009375
56;54 Cyanic acid;0.009375
57;55 Formaldehyde;0.009375
58;56 Sulfur Monoxide;0.009375
59;57 Protonate 2-proynenitrile;0.009375
60;58 Ethynyl;0.009375
61;59 Ethylene Glycol;0.009375
62;60 Hydrogen Cyanide;0.009375
63;62 Methylidyne;0.009375
64;63 Thioxoethenylidene;0.009375
65;64 Cyanomethanimine;0.009375
66;65 Silicon Monoxide;0.009375
67;66 Dimethyl ether;0.009375
68;67 Acetone;0.009375
69;68 Carbon Monoxide;0.009375
70;69 Phosphorous nitride;0.009375
71;70 Thioformaldehyde;0.009375
72;71 Diazenylium;0.009375
73;72 Cyanoformaldehyde;0.009375
74;73 Isothiocyanic acid;0.009375
75;74 Vinyl Alcohol;0.009375
76;75 Hydrogen Isocyanide;0.009375
77;76 Carbon Monosulfide;0.009375
78;77 Methylamine;0.009375
79;78 Protonated Carbon Dioxide;0.009375
80;79 Formic Acid;0.009375
81;80 Cyclopropenylidene;0.009375
82;81 Cyanoacetylene;0.009375
83;82 para-Oxidaniumyl;0.009375
84;83 ortho-Oxidaniumyl;0.009375
85;84 Nitrosyl hydride;0.009375
