1;57 Protonate 2-proynenitrile;0.15737704918032785
2;24 Formylium;0.02622950819672131
3;0 Isocyanic Acid;0.009836065573770491
4;1 Propenal;0.009836065573770491
5;2 Ketene;0.009836065573770491
6;3 Oxonium hydride;0.009836065573770491
7;4 Thioformylium;0.009836065573770491
8;5 Vinyl Cyanide;0.009836065573770491
9;6 Methyl Formate;0.009836065573770491
10;7 Hydroxyl;0.009836065573770491
11;8 Methyliumylidene;0.009836065573770491
12;9 Iminomethylium;0.009836065573770491
13;10 Hydroxymethylium ion;0.009836065573770491
14;11 2-Propynal;0.009836065573770491
15;12 Carbon Monosulfide;0.009836065573770491
16;13 Cyanomethyl;0.009836065573770491
17;14 Methyl Acetylene;0.009836065573770491
18;15 2-Butynenitrile;0.009836065573770491
19;16 Methyl formate vt01;0.009836065573770491
20;17 Ethyl Cyanide;0.009836065573770491
21;18 gauche-Ethanol;0.009836065573770491
22;19 Glycolaldehyde;0.009836065573770491
23;20 Water;0.009836065573770491
24;21 Hydrogen sulfide;0.009836065573770491
25;22 Sulfur Monoxide ion;0.009836065573770491
26;23 1,3-Butadiynyl radical;0.009836065573770491
27;25 Fulminic acid;0.009836065573770491
28;26 Trihydrogen ion;0.009836065573770491
29;27 Methanimine;0.009836065573770491
30;28 Nitrous Oxide;0.009836065573770491
31;29 Propadienylidene;0.009836065573770491
32;30 Ethylene Oxide;0.009836065573770491
33;31 Ketenimine;0.009836065573770491
34;32 2,4,6-Heptatriynenitrile;0.009836065573770491
35;33 Aminoacetonitrile;0.009836065573770491
36;34 Methanol;0.009836065573770491
37;35 Ammonia;0.009836065573770491
38;36 Formyl Radical;0.009836065573770491
39;37 Methyl Cyanide;0.009836065573770491
40;38 Molecular oxygen;0.009836065573770491
41;39 Cyclopropenone;0.009836065573770491
42;40 Carbonyl Sulfide;0.009836065573770491
43;41 Acetaldehyde;0.009836065573770491
44;42 Cyanomethylene;0.009836065573770491
45;43 3-Thioxo-1,2-Propadieylidene;0.009836065573770491
46;44 Formamide;0.009836065573770491
47;45 Cyanobutadiyne;0.009836065573770491
48;46 Sulfur Dioxide;0.009836065573770491
49;47 Methyl isocyanide;0.009836065573770491
50;48 Nitric sulfide;0.009836065573770491
51;49 Methylene;0.009836065573770491
52;50 Hydrochloric acid;0.009836065573770491
53;51 Ethyne Isocyanide;0.009836065573770491
54;52 Cyanide Radical;0.009836065573770491
55;53 Nitric oxide;0.009836065573770491
56;54 Cyanic acid;0.009836065573770491
57;55 Formaldehyde;0.009836065573770491
58;56 Sulfur Monoxide;0.009836065573770491
59;58 Ethynyl;0.009836065573770491
60;59 Ethylene Glycol;0.009836065573770491
61;60 Hydrogen Cyanide;0.009836065573770491
62;61 Fluoromethyliumylidene;0.009836065573770491
63;62 Methylidyne;0.009836065573770491
64;63 Thioxoethenylidene;0.009836065573770491
65;64 Cyanomethanimine;0.009836065573770491
66;65 Silicon Monoxide;0.009836065573770491
67;66 Dimethyl ether;0.009836065573770491
68;67 Acetone;0.009836065573770491
69;68 Carbon Monoxide;0.009836065573770491
70;69 Phosphorous nitride;0.009836065573770491
71;70 Thioformaldehyde;0.009836065573770491
72;71 Diazenylium;0.009836065573770491
73;72 Cyanoformaldehyde;0.009836065573770491
74;73 Isothiocyanic acid;0.009836065573770491
75;74 Vinyl Alcohol;0.009836065573770491
76;75 Hydrogen Isocyanide;0.009836065573770491
77;76 Carbon Monosulfide;0.009836065573770491
78;77 Methylamine;0.009836065573770491
79;78 Protonated Carbon Dioxide;0.009836065573770491
80;79 Formic Acid;0.009836065573770491
81;80 Cyclopropenylidene;0.009836065573770491
82;81 Cyanoacetylene;0.009836065573770491
83;82 para-Oxidaniumyl;0.009836065573770491
84;83 ortho-Oxidaniumyl;0.009836065573770491
85;84 Nitrosyl hydride;0.009836065573770491
