1;0 Ketene;0.017241379310344827
2;1 1,3,5-Hexatriynyl;0.017241379310344827
3;2 Oxonium hydride;0.017241379310344827
4;3 Vinyl Cyanide;0.017241379310344827
5;4 Hydroxyl;0.017241379310344827
6;5 Methyliumylidene;0.017241379310344827
7;6 Carbon Monosulfide;0.017241379310344827
8;7 Cyanomethyl;0.017241379310344827
9;8 Methyl Acetylene;0.017241379310344827
10;9 Ethyl Cyanide;0.017241379310344827
11;10 2,4-Pentadiynylidyne;0.017241379310344827
12;11 4-Cyano-1,3-Butadiynyl;0.017241379310344827
13;12 Water;0.017241379310344827
14;13 Hydrogen sulfide;0.017241379310344827
15;14 Methylene amidogen;0.017241379310344827
16;15 1,3-Butadiynyl radical;0.017241379310344827
17;16 2,4,6,8-Nonatetraynenitrile;0.017241379310344827
18;17 Formylium;0.017241379310344827
19;18 Cyanoallene;0.017241379310344827
20;19 Trihydrogen ion;0.017241379310344827
21;20 Methylcyanodiacetylene;0.017241379310344827
22;21 2,4,6-Heptatriynenitrile;0.017241379310344827
23;22 Methanol;0.017241379310344827
24;23 Ammonia;0.017241379310344827
25;24 Methyl Cyanide;0.017241379310344827
26;25 1,3,5-Hexatriynyl anion;0.017241379310344827
27;26 1,3,5,7-Octatetraynyl anion;0.017241379310344827
28;27 3-Thioxo-1,2-Propadieylidene;0.017241379310344827
29;28 Cyanobutadiyne;0.017241379310344827
30;29 Nitric sulfide;0.017241379310344827
31;30 Sulfur dioxide;0.017241379310344827
32;31 Hydrochloric acid;0.017241379310344827
33;32 2,4,6,8,10-Undecapentaynenitrile;0.017241379310344827
34;33 Cyanide Radical;0.017241379310344827
35;34 Nitric oxide;0.017241379310344827
36;35 Formaldehyde;0.017241379310344827
37;36 Sulfur Monoxide;0.017241379310344827
38;37 Methyltriacetylene;0.017241379310344827
39;38 Hydrogen Cyanide;0.017241379310344827
40;39 Methyl diacetylene;0.017241379310344827
41;40 Methylidyne;0.017241379310344827
42;41 Thioxoethenylidene;0.017241379310344827
43;42 Silicon Monoxide;0.017241379310344827
44;43 1,3,5,7-Octatetraynyl;0.017241379310344827
45;44 Oxoethenylidene;0.017241379310344827
46;45 Propynylidynium;0.017241379310344827
47;46 Carbon Monoxide;0.017241379310344827
48;47 Thioformaldehyde;0.017241379310344827
49;48 Hexatrienyl;0.017241379310344827
50;49 Diazenylium;0.017241379310344827
51;50 Hydrogen Isocyanide;0.017241379310344827
52;51 Carbon Monosulfide;0.017241379310344827
53;52 Methylamine;0.017241379310344827
54;53 Formic Acid;0.017241379310344827
55;54 Cyclopropenylidene;0.017241379310344827
56;55 Cyanoacetylene;0.017241379310344827
57;56 para-Oxidaniumyl;0.017241379310344827
58;57 ortho-Oxidaniumyl;0.017241379310344827
