uid___A002_Xa916fc_X668__IRS43_HCO32.final.image.pbcor;model_planetary_tr_500it;1;0 Methanol;0.00544069640914037
uid___A002_Xa916fc_X668__IRS43_HCO32.final.image.pbcor;model_planetary_tr_500it;2;1 Hydrogen fluoride;0.00544069640914037
uid___A002_Xa916fc_X668__IRS43_HCO32.final.image.pbcor;model_planetary_tr_500it;3;2 Nitric oxide;0.00544069640914037
uid___A002_Xa916fc_X668__IRS43_HCO32.final.image.pbcor;model_planetary_tr_500it;4;3 Formylium;0.00544069640914037
uid___A002_Xa916fc_X668__IRS43_HCO32.final.image.pbcor;model_planetary_tr_500it;5;4 Sodium Chloride;0.00544069640914037
uid___A002_Xa916fc_X668__IRS43_HCO32.final.image.pbcor;model_planetary_2_500it;1;0 Methanol;0.00544069640914037
uid___A002_Xa916fc_X668__IRS43_HCO32.final.image.pbcor;model_planetary_2_500it;2;1 Hydrogen fluoride;0.00544069640914037
uid___A002_Xa916fc_X668__IRS43_HCO32.final.image.pbcor;model_planetary_2_500it;3;2 Nitric oxide;0.00544069640914037
uid___A002_Xa916fc_X668__IRS43_HCO32.final.image.pbcor;model_planetary_2_500it;4;3 Formylium;0.00544069640914037
uid___A002_Xa916fc_X668__IRS43_HCO32.final.image.pbcor;model_planetary_2_500it;5;4 Sodium Chloride;0.00544069640914037
uid___A002_Xa916fc_X668__IRS43_HCO32.final.image.pbcor;model_planetary_full_500it;1;1 Hydrogen fluoride;0.04026115342763874
uid___A002_Xa916fc_X668__IRS43_HCO32.final.image.pbcor;model_planetary_full_500it;2;0 Methanol;0.00544069640914037
uid___A002_Xa916fc_X668__IRS43_HCO32.final.image.pbcor;model_planetary_full_500it;3;2 Nitric oxide;0.00544069640914037
uid___A002_Xa916fc_X668__IRS43_HCO32.final.image.pbcor;model_planetary_full_500it;4;3 Formylium;0.00544069640914037
uid___A002_Xa916fc_X668__IRS43_HCO32.final.image.pbcor;model_planetary_full_500it;5;4 Sodium Chloride;0.00544069640914037
uid___A002_Xa916fc_X668__IRS43_HCO32.final.image.pbcor;model_planetary_full_expanded_00002_500it;1;3 Formylium;0.8960612691466083
uid___A002_Xa916fc_X668__IRS43_HCO32.final.image.pbcor;model_planetary_full_expanded_00002_500it;2;0 Methanol;0.005470459518599562
uid___A002_Xa916fc_X668__IRS43_HCO32.final.image.pbcor;model_planetary_full_expanded_00002_500it;3;1 Hydrogen fluoride;0.005470459518599562
uid___A002_Xa916fc_X668__IRS43_HCO32.final.image.pbcor;model_planetary_full_expanded_00002_500it;4;2 Nitric oxide;0.005470459518599562
uid___A002_Xa916fc_X668__IRS43_HCO32.final.image.pbcor;model_planetary_full_expanded_00002_500it;5;4 Sodium Chloride;0.005470459518599562
uid___A002_Xa916fc_X668__IRS43_HCO32.final.image.pbcor;model_planetary_full_expanded_00010_500it;1;19 Hydrogen Cyanide;0.8916849015317286
uid___A002_Xa916fc_X668__IRS43_HCO32.final.image.pbcor;model_planetary_full_expanded_00010_500it;2;3 Formylium;0.009846827133479213
uid___A002_Xa916fc_X668__IRS43_HCO32.final.image.pbcor;model_planetary_full_expanded_00010_500it;3;0 Methanol;0.005470459518599562
uid___A002_Xa916fc_X668__IRS43_HCO32.final.image.pbcor;model_planetary_full_expanded_00010_500it;4;1 Hydrogen fluoride;0.005470459518599562
uid___A002_Xa916fc_X668__IRS43_HCO32.final.image.pbcor;model_planetary_full_expanded_00010_500it;5;2 Nitric oxide;0.005470459518599562
TWHydra_CO3_2line.image;model_planetary_tr_500it;1;0 Methanol;0.030303030303030304
TWHydra_CO3_2line.image;model_planetary_tr_500it;2;1 Hydrogen fluoride;0.030303030303030304
TWHydra_CO3_2line.image;model_planetary_tr_500it;3;2 Nitric oxide;0.030303030303030304
TWHydra_CO3_2line.image;model_planetary_tr_500it;4;3 Formylium;0.030303030303030304
TWHydra_CO3_2line.image;model_planetary_tr_500it;5;4 Sodium Chloride;0.030303030303030304
TWHydra_CO3_2line.image;model_planetary_2_500it;1;0 Methanol;0.030303030303030304
TWHydra_CO3_2line.image;model_planetary_2_500it;2;1 Hydrogen fluoride;0.030303030303030304
TWHydra_CO3_2line.image;model_planetary_2_500it;3;2 Nitric oxide;0.030303030303030304
TWHydra_CO3_2line.image;model_planetary_2_500it;4;3 Formylium;0.030303030303030304
TWHydra_CO3_2line.image;model_planetary_2_500it;5;4 Sodium Chloride;0.030303030303030304
TWHydra_CO3_2line.image;model_planetary_full_500it;1;0 Methanol;0.030303030303030304
TWHydra_CO3_2line.image;model_planetary_full_500it;2;1 Hydrogen fluoride;0.030303030303030304
TWHydra_CO3_2line.image;model_planetary_full_500it;3;2 Nitric oxide;0.030303030303030304
TWHydra_CO3_2line.image;model_planetary_full_500it;4;3 Formylium;0.030303030303030304
TWHydra_CO3_2line.image;model_planetary_full_500it;5;4 Sodium Chloride;0.030303030303030304
TWHydra_CO3_2line.image;model_planetary_full_expanded_00002_500it;1;9 Carbon Monoxide;0.40625
TWHydra_CO3_2line.image;model_planetary_full_expanded_00002_500it;2;0 Methanol;0.03125
TWHydra_CO3_2line.image;model_planetary_full_expanded_00002_500it;3;1 Hydrogen fluoride;0.03125
TWHydra_CO3_2line.image;model_planetary_full_expanded_00002_500it;4;2 Nitric oxide;0.03125
TWHydra_CO3_2line.image;model_planetary_full_expanded_00002_500it;5;3 Formylium;0.03125
TWHydra_CO3_2line.image;model_planetary_full_expanded_00010_500it;1;9 Carbon Monoxide;0.39375
TWHydra_CO3_2line.image;model_planetary_full_expanded_00010_500it;2;16 Iminomethylium;0.04375
TWHydra_CO3_2line.image;model_planetary_full_expanded_00010_500it;3;0 Methanol;0.03125
TWHydra_CO3_2line.image;model_planetary_full_expanded_00010_500it;4;1 Hydrogen fluoride;0.03125
TWHydra_CO3_2line.image;model_planetary_full_expanded_00010_500it;5;2 Nitric oxide;0.03125
HD163296_CO_2_1.image;model_planetary_tr_500it;1;0 Methanol;0.023255813953488372
HD163296_CO_2_1.image;model_planetary_tr_500it;2;1 Hydrogen fluoride;0.023255813953488372
HD163296_CO_2_1.image;model_planetary_tr_500it;3;2 Nitric oxide;0.023255813953488372
HD163296_CO_2_1.image;model_planetary_tr_500it;4;3 Formylium;0.023255813953488372
HD163296_CO_2_1.image;model_planetary_tr_500it;5;4 Sodium Chloride;0.023255813953488372
HD163296_CO_2_1.image;model_planetary_2_500it;1;1 Hydrogen fluoride;0.5348837209302325
HD163296_CO_2_1.image;model_planetary_2_500it;2;0 Methanol;0.023255813953488372
HD163296_CO_2_1.image;model_planetary_2_500it;3;2 Nitric oxide;0.023255813953488372
HD163296_CO_2_1.image;model_planetary_2_500it;4;3 Formylium;0.023255813953488372
HD163296_CO_2_1.image;model_planetary_2_500it;5;4 Sodium Chloride;0.023255813953488372
HD163296_CO_2_1.image;model_planetary_full_500it;1;0 Methanol;0.023255813953488372
HD163296_CO_2_1.image;model_planetary_full_500it;2;1 Hydrogen fluoride;0.023255813953488372
HD163296_CO_2_1.image;model_planetary_full_500it;3;2 Nitric oxide;0.023255813953488372
HD163296_CO_2_1.image;model_planetary_full_500it;4;3 Formylium;0.023255813953488372
HD163296_CO_2_1.image;model_planetary_full_500it;5;4 Sodium Chloride;0.023255813953488372
HD163296_CO_2_1.image;model_planetary_full_expanded_00002_500it;1;1 Hydrogen fluoride;0.5380952380952381
HD163296_CO_2_1.image;model_planetary_full_expanded_00002_500it;2;9 Carbon Monoxide;0.03333333333333333
HD163296_CO_2_1.image;model_planetary_full_expanded_00002_500it;3;0 Methanol;0.023809523809523808
HD163296_CO_2_1.image;model_planetary_full_expanded_00002_500it;4;2 Nitric oxide;0.023809523809523808
HD163296_CO_2_1.image;model_planetary_full_expanded_00002_500it;5;3 Formylium;0.023809523809523808
HD163296_CO_2_1.image;model_planetary_full_expanded_00010_500it;1;3 Formylium;0.5476190476190477
HD163296_CO_2_1.image;model_planetary_full_expanded_00010_500it;2;0 Methanol;0.023809523809523808
HD163296_CO_2_1.image;model_planetary_full_expanded_00010_500it;3;1 Hydrogen fluoride;0.023809523809523808
HD163296_CO_2_1.image;model_planetary_full_expanded_00010_500it;4;2 Nitric oxide;0.023809523809523808
HD163296_CO_2_1.image;model_planetary_full_expanded_00010_500it;5;4 Sodium Chloride;0.023809523809523808
TWHydra_HCOplusline.image;model_planetary_tr_500it;1;1 Hydrogen fluoride;0.3333333333333333
TWHydra_HCOplusline.image;model_planetary_tr_500it;2;3 Formylium;0.0457516339869281
TWHydra_HCOplusline.image;model_planetary_tr_500it;3;0 Methanol;0.032679738562091505
TWHydra_HCOplusline.image;model_planetary_tr_500it;4;2 Nitric oxide;0.032679738562091505
TWHydra_HCOplusline.image;model_planetary_tr_500it;5;4 Sodium Chloride;0.032679738562091505
TWHydra_HCOplusline.image;model_planetary_2_500it;1;1 Hydrogen fluoride;0.3464052287581699
TWHydra_HCOplusline.image;model_planetary_2_500it;2;0 Methanol;0.032679738562091505
TWHydra_HCOplusline.image;model_planetary_2_500it;3;2 Nitric oxide;0.032679738562091505
TWHydra_HCOplusline.image;model_planetary_2_500it;4;3 Formylium;0.032679738562091505
TWHydra_HCOplusline.image;model_planetary_2_500it;5;4 Sodium Chloride;0.032679738562091505
TWHydra_HCOplusline.image;model_planetary_full_500it;1;0 Methanol;0.032679738562091505
TWHydra_HCOplusline.image;model_planetary_full_500it;2;1 Hydrogen fluoride;0.032679738562091505
TWHydra_HCOplusline.image;model_planetary_full_500it;3;2 Nitric oxide;0.032679738562091505
TWHydra_HCOplusline.image;model_planetary_full_500it;4;3 Formylium;0.032679738562091505
TWHydra_HCOplusline.image;model_planetary_full_500it;5;4 Sodium Chloride;0.032679738562091505
TWHydra_HCOplusline.image;model_planetary_full_expanded_00002_500it;1;3 Formylium;0.3581081081081081
TWHydra_HCOplusline.image;model_planetary_full_expanded_00002_500it;2;0 Methanol;0.033783783783783786
TWHydra_HCOplusline.image;model_planetary_full_expanded_00002_500it;3;1 Hydrogen fluoride;0.033783783783783786
TWHydra_HCOplusline.image;model_planetary_full_expanded_00002_500it;4;2 Nitric oxide;0.033783783783783786
TWHydra_HCOplusline.image;model_planetary_full_expanded_00002_500it;5;4 Sodium Chloride;0.033783783783783786
TWHydra_HCOplusline.image;model_planetary_full_expanded_00010_500it;1;3 Formylium;0.34459459459459457
TWHydra_HCOplusline.image;model_planetary_full_expanded_00010_500it;2;0 Methanol;0.0472972972972973
TWHydra_HCOplusline.image;model_planetary_full_expanded_00010_500it;3;1 Hydrogen fluoride;0.033783783783783786
TWHydra_HCOplusline.image;model_planetary_full_expanded_00010_500it;4;2 Nitric oxide;0.033783783783783786
TWHydra_HCOplusline.image;model_planetary_full_expanded_00010_500it;5;4 Sodium Chloride;0.033783783783783786
Orion.methanol.cbc.contsub.image;model_planetary_tr_500it;1;0 Methanol;0.01597444089456869
Orion.methanol.cbc.contsub.image;model_planetary_tr_500it;2;1 Hydrogen fluoride;0.01597444089456869
Orion.methanol.cbc.contsub.image;model_planetary_tr_500it;3;2 Nitric oxide;0.01597444089456869
Orion.methanol.cbc.contsub.image;model_planetary_tr_500it;4;3 Formylium;0.01597444089456869
Orion.methanol.cbc.contsub.image;model_planetary_tr_500it;5;4 Sodium Chloride;0.01597444089456869
Orion.methanol.cbc.contsub.image;model_planetary_2_500it;1;0 Methanol;0.01597444089456869
Orion.methanol.cbc.contsub.image;model_planetary_2_500it;2;1 Hydrogen fluoride;0.01597444089456869
Orion.methanol.cbc.contsub.image;model_planetary_2_500it;3;2 Nitric oxide;0.01597444089456869
Orion.methanol.cbc.contsub.image;model_planetary_2_500it;4;3 Formylium;0.01597444089456869
Orion.methanol.cbc.contsub.image;model_planetary_2_500it;5;4 Sodium Chloride;0.01597444089456869
Orion.methanol.cbc.contsub.image;model_planetary_full_500it;1;0 Methanol;0.01597444089456869
Orion.methanol.cbc.contsub.image;model_planetary_full_500it;2;1 Hydrogen fluoride;0.01597444089456869
Orion.methanol.cbc.contsub.image;model_planetary_full_500it;3;2 Nitric oxide;0.01597444089456869
Orion.methanol.cbc.contsub.image;model_planetary_full_500it;4;3 Formylium;0.01597444089456869
Orion.methanol.cbc.contsub.image;model_planetary_full_500it;5;4 Sodium Chloride;0.01597444089456869
Orion.methanol.cbc.contsub.image;model_planetary_full_expanded_00002_500it;1;8 Butatrienylidene;0.685064935064935
Orion.methanol.cbc.contsub.image;model_planetary_full_expanded_00002_500it;2;9 Carbon Monoxide;0.022727272727272728
Orion.methanol.cbc.contsub.image;model_planetary_full_expanded_00002_500it;3;0 Methanol;0.016233766233766232
Orion.methanol.cbc.contsub.image;model_planetary_full_expanded_00002_500it;4;1 Hydrogen fluoride;0.016233766233766232
Orion.methanol.cbc.contsub.image;model_planetary_full_expanded_00002_500it;5;2 Nitric oxide;0.016233766233766232
Orion.methanol.cbc.contsub.image;model_planetary_full_expanded_00010_500it;1;1 Hydrogen fluoride;0.6915584415584416
Orion.methanol.cbc.contsub.image;model_planetary_full_expanded_00010_500it;2;0 Methanol;0.016233766233766232
Orion.methanol.cbc.contsub.image;model_planetary_full_expanded_00010_500it;3;2 Nitric oxide;0.016233766233766232
Orion.methanol.cbc.contsub.image;model_planetary_full_expanded_00010_500it;4;3 Formylium;0.016233766233766232
Orion.methanol.cbc.contsub.image;model_planetary_full_expanded_00010_500it;5;4 Sodium Chloride;0.016233766233766232
