1;34 Formylium;0.8811833171677983
2;0 Methylidyne;0.0033947623666343357
3;1 1,3-Butadiynyl radical;0.0033947623666343357
4;2 Formaldehyde;0.0033947623666343357
5;3 Sulfur dioxide;0.0033947623666343357
6;4 Carbon Monoxide;0.0033947623666343357
7;5 Water;0.0033947623666343357
8;6 Carbon Monoxide Ion;0.0033947623666343357
9;7 Nitric sulfide;0.0033947623666343357
10;8 Isocyanic Acid;0.0033947623666343357
11;9 Methyliumylidene;0.0033947623666343357
12;10 Cyanide Radical;0.0033947623666343357
13;11 Ethynyl;0.0033947623666343357
14;12 Carbonyl Sulfide;0.0033947623666343357
15;13 Hydroxyl;0.0033947623666343357
16;14 Diazenylium;0.0033947623666343357
17;15 Thioxoethenylidene;0.0033947623666343357
18;16 Nitric oxide;0.0033947623666343357
19;17 Methyl Cyanide;0.0033947623666343357
20;18 Cyclopropenylidene;0.0033947623666343357
21;19 Methanimine;0.0033947623666343357
22;20 Methanol;0.0033947623666343357
23;21 Thioformaldehyde;0.0033947623666343357
24;22 Ammonia;0.0033947623666343357
25;23 Cyanamide;0.0033947623666343357
26;24 Cyanoacetylene;0.0033947623666343357
27;25 Sodium Chloride;0.0033947623666343357
28;26 Silicon Monoxide;0.0033947623666343357
29;27 Sulfur Monoxide;0.0033947623666343357
30;28 Protonated Carbon Dioxide;0.0033947623666343357
31;29 Hydrogen Cyanide;0.0033947623666343357
32;30 Carbon Monosulfide;0.0033947623666343357
33;31 Hydrogen sulfide;0.0033947623666343357
34;32 Molecular oxygen;0.0033947623666343357
35;33 Hydrogen Isocyanide;0.0033947623666343357
36;35 Methyl Acetylene;0.0033947623666343357
