1;6 Carbon Monoxide Ion;0.7019464720194647
2;0 Methylidyne;0.00851581508515815
3;1 1,3-Butadiynyl radical;0.00851581508515815
4;2 Formaldehyde;0.00851581508515815
5;3 Sulfur dioxide;0.00851581508515815
6;4 Carbon Monoxide;0.00851581508515815
7;5 Water;0.00851581508515815
8;7 Nitric sulfide;0.00851581508515815
9;8 Isocyanic Acid;0.00851581508515815
10;9 Methyliumylidene;0.00851581508515815
11;10 Cyanide Radical;0.00851581508515815
12;11 Ethynyl;0.00851581508515815
13;12 Carbonyl Sulfide;0.00851581508515815
14;13 Hydroxyl;0.00851581508515815
15;14 Diazenylium;0.00851581508515815
16;15 Thioxoethenylidene;0.00851581508515815
17;16 Nitric oxide;0.00851581508515815
18;17 Methyl Cyanide;0.00851581508515815
19;18 Cyclopropenylidene;0.00851581508515815
20;19 Methanimine;0.00851581508515815
21;20 Methanol;0.00851581508515815
22;21 Thioformaldehyde;0.00851581508515815
23;22 Ammonia;0.00851581508515815
24;23 Cyanamide;0.00851581508515815
25;24 Cyanoacetylene;0.00851581508515815
26;25 Sodium Chloride;0.00851581508515815
27;26 Silicon Monoxide;0.00851581508515815
28;27 Sulfur Monoxide;0.00851581508515815
29;28 Protonated Carbon Dioxide;0.00851581508515815
30;29 Hydrogen Cyanide;0.00851581508515815
31;30 Carbon Monosulfide;0.00851581508515815
32;31 Hydrogen sulfide;0.00851581508515815
33;32 Molecular oxygen;0.00851581508515815
34;33 Hydrogen Isocyanide;0.00851581508515815
35;34 Formylium;0.00851581508515815
36;35 Methyl Acetylene;0.00851581508515815
