1;26 Silicon Monoxide;0.7455666923670009
2;9 Methyliumylidene;0.07093292212798767
3;0 Methylidyne;0.005397070161912105
4;1 1,3-Butadiynyl radical;0.005397070161912105
5;2 Formaldehyde;0.005397070161912105
6;3 Sulfur dioxide;0.005397070161912105
7;4 Carbon Monoxide;0.005397070161912105
8;5 Water;0.005397070161912105
9;6 Carbon Monoxide Ion;0.005397070161912105
10;7 Nitric sulfide;0.005397070161912105
11;8 Isocyanic Acid;0.005397070161912105
12;10 Cyanide Radical;0.005397070161912105
13;11 Ethynyl;0.005397070161912105
14;12 Carbonyl Sulfide;0.005397070161912105
15;13 Hydroxyl;0.005397070161912105
16;14 Diazenylium;0.005397070161912105
17;15 Thioxoethenylidene;0.005397070161912105
18;16 Nitric oxide;0.005397070161912105
19;17 Methyl Cyanide;0.005397070161912105
20;18 Cyclopropenylidene;0.005397070161912105
21;19 Methanimine;0.005397070161912105
22;20 Methanol;0.005397070161912105
23;21 Thioformaldehyde;0.005397070161912105
24;22 Ammonia;0.005397070161912105
25;23 Cyanamide;0.005397070161912105
26;24 Cyanoacetylene;0.005397070161912105
27;25 Sodium Chloride;0.005397070161912105
28;27 Sulfur Monoxide;0.005397070161912105
29;28 Protonated Carbon Dioxide;0.005397070161912105
30;29 Hydrogen Cyanide;0.005397070161912105
31;30 Carbon Monosulfide;0.005397070161912105
32;31 Hydrogen sulfide;0.005397070161912105
33;32 Molecular oxygen;0.005397070161912105
34;33 Hydrogen Isocyanide;0.005397070161912105
35;34 Formylium;0.005397070161912105
36;35 Methyl Acetylene;0.005397070161912105
