Orion.HNC.cbc.contsub.image;model_extragalactic_tr_500it;1;9 Methyliumylidene;0.8111025443330764
Orion.HNC.cbc.contsub.image;model_extragalactic_tr_500it;2;0 Methylidyne;0.005397070161912105
Orion.HNC.cbc.contsub.image;model_extragalactic_tr_500it;3;1 1,3-Butadiynyl radical;0.005397070161912105
Orion.HNC.cbc.contsub.image;model_extragalactic_tr_500it;4;2 Formaldehyde;0.005397070161912105
Orion.HNC.cbc.contsub.image;model_extragalactic_tr_500it;5;3 Sulfur dioxide;0.005397070161912105
Orion.HNC.cbc.contsub.image;model_extragalactic_2_500it;1;26 Silicon Monoxide;0.7455666923670009
Orion.HNC.cbc.contsub.image;model_extragalactic_2_500it;2;9 Methyliumylidene;0.07093292212798767
Orion.HNC.cbc.contsub.image;model_extragalactic_2_500it;3;0 Methylidyne;0.005397070161912105
Orion.HNC.cbc.contsub.image;model_extragalactic_2_500it;4;1 1,3-Butadiynyl radical;0.005397070161912105
Orion.HNC.cbc.contsub.image;model_extragalactic_2_500it;5;2 Formaldehyde;0.005397070161912105
Orion.HNC.cbc.contsub.image;model_extragalactic_full_500it;1;9 Methyliumylidene;0.8111025443330764
Orion.HNC.cbc.contsub.image;model_extragalactic_full_500it;2;0 Methylidyne;0.005397070161912105
Orion.HNC.cbc.contsub.image;model_extragalactic_full_500it;3;1 1,3-Butadiynyl radical;0.005397070161912105
Orion.HNC.cbc.contsub.image;model_extragalactic_full_500it;4;2 Formaldehyde;0.005397070161912105
Orion.HNC.cbc.contsub.image;model_extragalactic_full_500it;5;3 Sulfur dioxide;0.005397070161912105
Orion.HNC.cbc.contsub.image;model_extragalactic_full_expanded_00002_500it;1;11 Ethynyl;0.8111025443330764
Orion.HNC.cbc.contsub.image;model_extragalactic_full_expanded_00002_500it;2;0 Methylidyne;0.005397070161912105
Orion.HNC.cbc.contsub.image;model_extragalactic_full_expanded_00002_500it;3;1 1,3-Butadiynyl radical;0.005397070161912105
Orion.HNC.cbc.contsub.image;model_extragalactic_full_expanded_00002_500it;4;2 Formaldehyde;0.005397070161912105
Orion.HNC.cbc.contsub.image;model_extragalactic_full_expanded_00002_500it;5;3 Sulfur dioxide;0.005397070161912105
Orion.HNC.cbc.contsub.image;model_extragalactic_full_expanded_00010_500it;1;33 Hydrogen Isocyanide;0.8111025443330764
Orion.HNC.cbc.contsub.image;model_extragalactic_full_expanded_00010_500it;2;0 Methylidyne;0.005397070161912105
Orion.HNC.cbc.contsub.image;model_extragalactic_full_expanded_00010_500it;3;1 1,3-Butadiynyl radical;0.005397070161912105
Orion.HNC.cbc.contsub.image;model_extragalactic_full_expanded_00010_500it;4;2 Formaldehyde;0.005397070161912105
Orion.HNC.cbc.contsub.image;model_extragalactic_full_expanded_00010_500it;5;3 Sulfur dioxide;0.005397070161912105
uid___A002_Xa916fc_X668__IRS43_HCO32.final.image.pbcor;model_extragalactic_tr_500it;1;26 Silicon Monoxide;0.9167233174711081
uid___A002_Xa916fc_X668__IRS43_HCO32.final.image.pbcor;model_extragalactic_tr_500it;2;0 Methylidyne;0.0023793337865397686
uid___A002_Xa916fc_X668__IRS43_HCO32.final.image.pbcor;model_extragalactic_tr_500it;3;1 1,3-Butadiynyl radical;0.0023793337865397686
uid___A002_Xa916fc_X668__IRS43_HCO32.final.image.pbcor;model_extragalactic_tr_500it;4;2 Formaldehyde;0.0023793337865397686
uid___A002_Xa916fc_X668__IRS43_HCO32.final.image.pbcor;model_extragalactic_tr_500it;5;3 Sulfur dioxide;0.0023793337865397686
uid___A002_Xa916fc_X668__IRS43_HCO32.final.image.pbcor;model_extragalactic_2_500it;1;9 Methyliumylidene;0.9167233174711081
uid___A002_Xa916fc_X668__IRS43_HCO32.final.image.pbcor;model_extragalactic_2_500it;2;0 Methylidyne;0.0023793337865397686
uid___A002_Xa916fc_X668__IRS43_HCO32.final.image.pbcor;model_extragalactic_2_500it;3;1 1,3-Butadiynyl radical;0.0023793337865397686
uid___A002_Xa916fc_X668__IRS43_HCO32.final.image.pbcor;model_extragalactic_2_500it;4;2 Formaldehyde;0.0023793337865397686
uid___A002_Xa916fc_X668__IRS43_HCO32.final.image.pbcor;model_extragalactic_2_500it;5;3 Sulfur dioxide;0.0023793337865397686
uid___A002_Xa916fc_X668__IRS43_HCO32.final.image.pbcor;model_extragalactic_full_500it;1;9 Methyliumylidene;0.9167233174711081
uid___A002_Xa916fc_X668__IRS43_HCO32.final.image.pbcor;model_extragalactic_full_500it;2;0 Methylidyne;0.0023793337865397686
uid___A002_Xa916fc_X668__IRS43_HCO32.final.image.pbcor;model_extragalactic_full_500it;3;1 1,3-Butadiynyl radical;0.0023793337865397686
uid___A002_Xa916fc_X668__IRS43_HCO32.final.image.pbcor;model_extragalactic_full_500it;4;2 Formaldehyde;0.0023793337865397686
uid___A002_Xa916fc_X668__IRS43_HCO32.final.image.pbcor;model_extragalactic_full_500it;5;3 Sulfur dioxide;0.0023793337865397686
uid___A002_Xa916fc_X668__IRS43_HCO32.final.image.pbcor;model_extragalactic_full_expanded_00002_500it;1;9 Methyliumylidene;0.9150237933378654
uid___A002_Xa916fc_X668__IRS43_HCO32.final.image.pbcor;model_extragalactic_full_expanded_00002_500it;2;15 Thioxoethenylidene;0.004078857919782461
uid___A002_Xa916fc_X668__IRS43_HCO32.final.image.pbcor;model_extragalactic_full_expanded_00002_500it;3;0 Methylidyne;0.0023793337865397686
uid___A002_Xa916fc_X668__IRS43_HCO32.final.image.pbcor;model_extragalactic_full_expanded_00002_500it;4;1 1,3-Butadiynyl radical;0.0023793337865397686
uid___A002_Xa916fc_X668__IRS43_HCO32.final.image.pbcor;model_extragalactic_full_expanded_00002_500it;5;2 Formaldehyde;0.0023793337865397686
uid___A002_Xa916fc_X668__IRS43_HCO32.final.image.pbcor;model_extragalactic_full_expanded_00010_500it;1;15 Thioxoethenylidene;0.9167233174711081
uid___A002_Xa916fc_X668__IRS43_HCO32.final.image.pbcor;model_extragalactic_full_expanded_00010_500it;2;0 Methylidyne;0.0023793337865397686
uid___A002_Xa916fc_X668__IRS43_HCO32.final.image.pbcor;model_extragalactic_full_expanded_00010_500it;3;1 1,3-Butadiynyl radical;0.0023793337865397686
uid___A002_Xa916fc_X668__IRS43_HCO32.final.image.pbcor;model_extragalactic_full_expanded_00010_500it;4;2 Formaldehyde;0.0023793337865397686
uid___A002_Xa916fc_X668__IRS43_HCO32.final.image.pbcor;model_extragalactic_full_expanded_00010_500it;5;3 Sulfur dioxide;0.0023793337865397686
DMTau.CS_5-4.image;model_extragalactic_tr_500it;1;9 Methyliumylidene;0.8711882229232387
DMTau.CS_5-4.image;model_extragalactic_tr_500it;2;0 Methylidyne;0.003680336487907466
DMTau.CS_5-4.image;model_extragalactic_tr_500it;3;1 1,3-Butadiynyl radical;0.003680336487907466
DMTau.CS_5-4.image;model_extragalactic_tr_500it;4;2 Formaldehyde;0.003680336487907466
DMTau.CS_5-4.image;model_extragalactic_tr_500it;5;3 Sulfur dioxide;0.003680336487907466
DMTau.CS_5-4.image;model_extragalactic_2_500it;1;9 Methyliumylidene;0.8711882229232387
DMTau.CS_5-4.image;model_extragalactic_2_500it;2;0 Methylidyne;0.003680336487907466
DMTau.CS_5-4.image;model_extragalactic_2_500it;3;1 1,3-Butadiynyl radical;0.003680336487907466
DMTau.CS_5-4.image;model_extragalactic_2_500it;4;2 Formaldehyde;0.003680336487907466
DMTau.CS_5-4.image;model_extragalactic_2_500it;5;3 Sulfur dioxide;0.003680336487907466
DMTau.CS_5-4.image;model_extragalactic_full_500it;1;26 Silicon Monoxide;0.8711882229232387
DMTau.CS_5-4.image;model_extragalactic_full_500it;2;0 Methylidyne;0.003680336487907466
DMTau.CS_5-4.image;model_extragalactic_full_500it;3;1 1,3-Butadiynyl radical;0.003680336487907466
DMTau.CS_5-4.image;model_extragalactic_full_500it;4;2 Formaldehyde;0.003680336487907466
DMTau.CS_5-4.image;model_extragalactic_full_500it;5;3 Sulfur dioxide;0.003680336487907466
DMTau.CS_5-4.image;model_extragalactic_full_expanded_00002_500it;1;30 Carbon Monosulfide;0.8711882229232387
DMTau.CS_5-4.image;model_extragalactic_full_expanded_00002_500it;2;0 Methylidyne;0.003680336487907466
DMTau.CS_5-4.image;model_extragalactic_full_expanded_00002_500it;3;1 1,3-Butadiynyl radical;0.003680336487907466
DMTau.CS_5-4.image;model_extragalactic_full_expanded_00002_500it;4;2 Formaldehyde;0.003680336487907466
DMTau.CS_5-4.image;model_extragalactic_full_expanded_00002_500it;5;3 Sulfur dioxide;0.003680336487907466
DMTau.CS_5-4.image;model_extragalactic_full_expanded_00010_500it;1;21 Thioformaldehyde;0.8711882229232387
DMTau.CS_5-4.image;model_extragalactic_full_expanded_00010_500it;2;0 Methylidyne;0.003680336487907466
DMTau.CS_5-4.image;model_extragalactic_full_expanded_00010_500it;3;1 1,3-Butadiynyl radical;0.003680336487907466
DMTau.CS_5-4.image;model_extragalactic_full_expanded_00010_500it;4;2 Formaldehyde;0.003680336487907466
DMTau.CS_5-4.image;model_extragalactic_full_expanded_00010_500it;5;3 Sulfur dioxide;0.003680336487907466
Orion.methanol.cbc.contsub.image;model_extragalactic_tr_500it;1;9 Methyliumylidene;0.6242331288343559
Orion.methanol.cbc.contsub.image;model_extragalactic_tr_500it;2;0 Methylidyne;0.010736196319018404
Orion.methanol.cbc.contsub.image;model_extragalactic_tr_500it;3;1 1,3-Butadiynyl radical;0.010736196319018404
Orion.methanol.cbc.contsub.image;model_extragalactic_tr_500it;4;2 Formaldehyde;0.010736196319018404
Orion.methanol.cbc.contsub.image;model_extragalactic_tr_500it;5;3 Sulfur dioxide;0.010736196319018404
Orion.methanol.cbc.contsub.image;model_extragalactic_2_500it;1;26 Silicon Monoxide;0.6242331288343559
Orion.methanol.cbc.contsub.image;model_extragalactic_2_500it;2;0 Methylidyne;0.010736196319018404
Orion.methanol.cbc.contsub.image;model_extragalactic_2_500it;3;1 1,3-Butadiynyl radical;0.010736196319018404
Orion.methanol.cbc.contsub.image;model_extragalactic_2_500it;4;2 Formaldehyde;0.010736196319018404
Orion.methanol.cbc.contsub.image;model_extragalactic_2_500it;5;3 Sulfur dioxide;0.010736196319018404
Orion.methanol.cbc.contsub.image;model_extragalactic_full_500it;1;14 Diazenylium;0.5322085889570553
Orion.methanol.cbc.contsub.image;model_extragalactic_full_500it;2;33 Hydrogen Isocyanide;0.10276073619631902
Orion.methanol.cbc.contsub.image;model_extragalactic_full_500it;3;0 Methylidyne;0.010736196319018404
Orion.methanol.cbc.contsub.image;model_extragalactic_full_500it;4;1 1,3-Butadiynyl radical;0.010736196319018404
Orion.methanol.cbc.contsub.image;model_extragalactic_full_500it;5;2 Formaldehyde;0.010736196319018404
Orion.methanol.cbc.contsub.image;model_extragalactic_full_expanded_00002_500it;1;25 Sodium Chloride;0.6165644171779141
Orion.methanol.cbc.contsub.image;model_extragalactic_full_expanded_00002_500it;2;3 Sulfur dioxide;0.01840490797546012
Orion.methanol.cbc.contsub.image;model_extragalactic_full_expanded_00002_500it;3;0 Methylidyne;0.010736196319018404
Orion.methanol.cbc.contsub.image;model_extragalactic_full_expanded_00002_500it;4;1 1,3-Butadiynyl radical;0.010736196319018404
Orion.methanol.cbc.contsub.image;model_extragalactic_full_expanded_00002_500it;5;2 Formaldehyde;0.010736196319018404
Orion.methanol.cbc.contsub.image;model_extragalactic_full_expanded_00010_500it;1;26 Silicon Monoxide;0.6165644171779141
Orion.methanol.cbc.contsub.image;model_extragalactic_full_expanded_00010_500it;2;6 Carbon Monoxide Ion;0.01840490797546012
Orion.methanol.cbc.contsub.image;model_extragalactic_full_expanded_00010_500it;3;0 Methylidyne;0.010736196319018404
Orion.methanol.cbc.contsub.image;model_extragalactic_full_expanded_00010_500it;4;1 1,3-Butadiynyl radical;0.010736196319018404
Orion.methanol.cbc.contsub.image;model_extragalactic_full_expanded_00010_500it;5;2 Formaldehyde;0.010736196319018404
HD163296_CO_2_1.image;model_extragalactic_tr_500it;1;9 Methyliumylidene;0.851244687310261
HD163296_CO_2_1.image;model_extragalactic_tr_500it;2;0 Methylidyne;0.004250151791135397
HD163296_CO_2_1.image;model_extragalactic_tr_500it;3;1 1,3-Butadiynyl radical;0.004250151791135397
HD163296_CO_2_1.image;model_extragalactic_tr_500it;4;2 Formaldehyde;0.004250151791135397
HD163296_CO_2_1.image;model_extragalactic_tr_500it;5;3 Sulfur dioxide;0.004250151791135397
HD163296_CO_2_1.image;model_extragalactic_2_500it;1;9 Methyliumylidene;0.851244687310261
HD163296_CO_2_1.image;model_extragalactic_2_500it;2;0 Methylidyne;0.004250151791135397
HD163296_CO_2_1.image;model_extragalactic_2_500it;3;1 1,3-Butadiynyl radical;0.004250151791135397
HD163296_CO_2_1.image;model_extragalactic_2_500it;4;2 Formaldehyde;0.004250151791135397
HD163296_CO_2_1.image;model_extragalactic_2_500it;5;3 Sulfur dioxide;0.004250151791135397
HD163296_CO_2_1.image;model_extragalactic_full_500it;1;9 Methyliumylidene;0.851244687310261
HD163296_CO_2_1.image;model_extragalactic_full_500it;2;0 Methylidyne;0.004250151791135397
HD163296_CO_2_1.image;model_extragalactic_full_500it;3;1 1,3-Butadiynyl radical;0.004250151791135397
HD163296_CO_2_1.image;model_extragalactic_full_500it;4;2 Formaldehyde;0.004250151791135397
HD163296_CO_2_1.image;model_extragalactic_full_500it;5;3 Sulfur dioxide;0.004250151791135397
HD163296_CO_2_1.image;model_extragalactic_full_expanded_00002_500it;1;9 Methyliumylidene;0.851244687310261
HD163296_CO_2_1.image;model_extragalactic_full_expanded_00002_500it;2;0 Methylidyne;0.004250151791135397
HD163296_CO_2_1.image;model_extragalactic_full_expanded_00002_500it;3;1 1,3-Butadiynyl radical;0.004250151791135397
HD163296_CO_2_1.image;model_extragalactic_full_expanded_00002_500it;4;2 Formaldehyde;0.004250151791135397
HD163296_CO_2_1.image;model_extragalactic_full_expanded_00002_500it;5;3 Sulfur dioxide;0.004250151791135397
HD163296_CO_2_1.image;model_extragalactic_full_expanded_00010_500it;1;26 Silicon Monoxide;0.851244687310261
HD163296_CO_2_1.image;model_extragalactic_full_expanded_00010_500it;2;0 Methylidyne;0.004250151791135397
HD163296_CO_2_1.image;model_extragalactic_full_expanded_00010_500it;3;1 1,3-Butadiynyl radical;0.004250151791135397
HD163296_CO_2_1.image;model_extragalactic_full_expanded_00010_500it;4;2 Formaldehyde;0.004250151791135397
HD163296_CO_2_1.image;model_extragalactic_full_expanded_00010_500it;5;3 Sulfur dioxide;0.004250151791135397
TWHydra_CO3_2line.image;model_extragalactic_tr_500it;1;9 Methyliumylidene;0.7357065803667745
TWHydra_CO3_2line.image;model_extragalactic_tr_500it;2;0 Methylidyne;0.007551240560949298
TWHydra_CO3_2line.image;model_extragalactic_tr_500it;3;1 1,3-Butadiynyl radical;0.007551240560949298
TWHydra_CO3_2line.image;model_extragalactic_tr_500it;4;2 Formaldehyde;0.007551240560949298
TWHydra_CO3_2line.image;model_extragalactic_tr_500it;5;3 Sulfur dioxide;0.007551240560949298
TWHydra_CO3_2line.image;model_extragalactic_2_500it;1;9 Methyliumylidene;0.7357065803667745
TWHydra_CO3_2line.image;model_extragalactic_2_500it;2;0 Methylidyne;0.007551240560949298
TWHydra_CO3_2line.image;model_extragalactic_2_500it;3;1 1,3-Butadiynyl radical;0.007551240560949298
TWHydra_CO3_2line.image;model_extragalactic_2_500it;4;2 Formaldehyde;0.007551240560949298
TWHydra_CO3_2line.image;model_extragalactic_2_500it;5;3 Sulfur dioxide;0.007551240560949298
TWHydra_CO3_2line.image;model_extragalactic_full_500it;1;26 Silicon Monoxide;0.49838187702265374
TWHydra_CO3_2line.image;model_extragalactic_full_500it;2;9 Methyliumylidene;0.24487594390507011
TWHydra_CO3_2line.image;model_extragalactic_full_500it;3;0 Methylidyne;0.007551240560949298
TWHydra_CO3_2line.image;model_extragalactic_full_500it;4;1 1,3-Butadiynyl radical;0.007551240560949298
TWHydra_CO3_2line.image;model_extragalactic_full_500it;5;2 Formaldehyde;0.007551240560949298
TWHydra_CO3_2line.image;model_extragalactic_full_expanded_00002_500it;1;26 Silicon Monoxide;0.7357065803667745
TWHydra_CO3_2line.image;model_extragalactic_full_expanded_00002_500it;2;0 Methylidyne;0.007551240560949298
TWHydra_CO3_2line.image;model_extragalactic_full_expanded_00002_500it;3;1 1,3-Butadiynyl radical;0.007551240560949298
TWHydra_CO3_2line.image;model_extragalactic_full_expanded_00002_500it;4;2 Formaldehyde;0.007551240560949298
TWHydra_CO3_2line.image;model_extragalactic_full_expanded_00002_500it;5;3 Sulfur dioxide;0.007551240560949298
TWHydra_CO3_2line.image;model_extragalactic_full_expanded_00010_500it;1;24 Cyanoacetylene;0.7249190938511327
TWHydra_CO3_2line.image;model_extragalactic_full_expanded_00010_500it;2;9 Methyliumylidene;0.012944983818770225
TWHydra_CO3_2line.image;model_extragalactic_full_expanded_00010_500it;3;23 Cyanamide;0.012944983818770225
TWHydra_CO3_2line.image;model_extragalactic_full_expanded_00010_500it;4;0 Methylidyne;0.007551240560949298
TWHydra_CO3_2line.image;model_extragalactic_full_expanded_00010_500it;5;1 1,3-Butadiynyl radical;0.007551240560949298
TWHydra_HCOplusline.image;model_extragalactic_tr_500it;1;26 Silicon Monoxide;0.7298787210584344
TWHydra_HCOplusline.image;model_extragalactic_tr_500it;2;0 Methylidyne;0.007717750826901873
TWHydra_HCOplusline.image;model_extragalactic_tr_500it;3;1 1,3-Butadiynyl radical;0.007717750826901873
TWHydra_HCOplusline.image;model_extragalactic_tr_500it;4;2 Formaldehyde;0.007717750826901873
TWHydra_HCOplusline.image;model_extragalactic_tr_500it;5;3 Sulfur dioxide;0.007717750826901873
TWHydra_HCOplusline.image;model_extragalactic_2_500it;1;9 Methyliumylidene;0.5534729878721059
TWHydra_HCOplusline.image;model_extragalactic_2_500it;2;26 Silicon Monoxide;0.18412348401323042
TWHydra_HCOplusline.image;model_extragalactic_2_500it;3;0 Methylidyne;0.007717750826901873
TWHydra_HCOplusline.image;model_extragalactic_2_500it;4;1 1,3-Butadiynyl radical;0.007717750826901873
TWHydra_HCOplusline.image;model_extragalactic_2_500it;5;2 Formaldehyde;0.007717750826901873
TWHydra_HCOplusline.image;model_extragalactic_full_500it;1;26 Silicon Monoxide;0.6582138919514884
TWHydra_HCOplusline.image;model_extragalactic_full_500it;2;34 Formylium;0.07938257993384785
TWHydra_HCOplusline.image;model_extragalactic_full_500it;3;0 Methylidyne;0.007717750826901873
TWHydra_HCOplusline.image;model_extragalactic_full_500it;4;1 1,3-Butadiynyl radical;0.007717750826901873
TWHydra_HCOplusline.image;model_extragalactic_full_500it;5;2 Formaldehyde;0.007717750826901873
TWHydra_HCOplusline.image;model_extragalactic_full_expanded_00002_500it;1;25 Sodium Chloride;0.7298787210584344
TWHydra_HCOplusline.image;model_extragalactic_full_expanded_00002_500it;2;0 Methylidyne;0.007717750826901873
TWHydra_HCOplusline.image;model_extragalactic_full_expanded_00002_500it;3;1 1,3-Butadiynyl radical;0.007717750826901873
TWHydra_HCOplusline.image;model_extragalactic_full_expanded_00002_500it;4;2 Formaldehyde;0.007717750826901873
TWHydra_HCOplusline.image;model_extragalactic_full_expanded_00002_500it;5;3 Sulfur dioxide;0.007717750826901873
TWHydra_HCOplusline.image;model_extragalactic_full_expanded_00010_500it;1;26 Silicon Monoxide;0.7298787210584344
TWHydra_HCOplusline.image;model_extragalactic_full_expanded_00010_500it;2;0 Methylidyne;0.007717750826901873
TWHydra_HCOplusline.image;model_extragalactic_full_expanded_00010_500it;3;1 1,3-Butadiynyl radical;0.007717750826901873
TWHydra_HCOplusline.image;model_extragalactic_full_expanded_00010_500it;4;2 Formaldehyde;0.007717750826901873
TWHydra_HCOplusline.image;model_extragalactic_full_expanded_00010_500it;5;3 Sulfur dioxide;0.007717750826901873
