1;9 Methyliumylidene;0.7357065803667745
2;0 Methylidyne;0.007551240560949298
3;1 1,3-Butadiynyl radical;0.007551240560949298
4;2 Formaldehyde;0.007551240560949298
5;3 Sulfur dioxide;0.007551240560949298
6;4 Carbon Monoxide;0.007551240560949298
7;5 Water;0.007551240560949298
8;6 Carbon Monoxide Ion;0.007551240560949298
9;7 Nitric sulfide;0.007551240560949298
10;8 Isocyanic Acid;0.007551240560949298
11;10 Cyanide Radical;0.007551240560949298
12;11 Ethynyl;0.007551240560949298
13;12 Carbonyl Sulfide;0.007551240560949298
14;13 Hydroxyl;0.007551240560949298
15;14 Diazenylium;0.007551240560949298
16;15 Thioxoethenylidene;0.007551240560949298
17;16 Nitric oxide;0.007551240560949298
18;17 Methyl Cyanide;0.007551240560949298
19;18 Cyclopropenylidene;0.007551240560949298
20;19 Methanimine;0.007551240560949298
21;20 Methanol;0.007551240560949298
22;21 Thioformaldehyde;0.007551240560949298
23;22 Ammonia;0.007551240560949298
24;23 Cyanamide;0.007551240560949298
25;24 Cyanoacetylene;0.007551240560949298
26;25 Sodium Chloride;0.007551240560949298
27;26 Silicon Monoxide;0.007551240560949298
28;27 Sulfur Monoxide;0.007551240560949298
29;28 Protonated Carbon Dioxide;0.007551240560949298
30;29 Hydrogen Cyanide;0.007551240560949298
31;30 Carbon Monosulfide;0.007551240560949298
32;31 Hydrogen sulfide;0.007551240560949298
33;32 Molecular oxygen;0.007551240560949298
34;33 Hydrogen Isocyanide;0.007551240560949298
35;34 Formylium;0.007551240560949298
36;35 Methyl Acetylene;0.007551240560949298
