1;107 Ethynyl;0.05592105263157894
2;56 Acetaldehyde;0.039473684210526314
3;49 gauche-Ethanol;0.02302631578947368
4;53 Ethyl cyanide;0.02302631578947368
5;85 Sulfur Monoxide ion;0.02302631578947368
6;0 Butatrienylidene;0.006578947368421052
7;1 Dimethyl ether;0.006578947368421052
8;2 Trihydrogen ion;0.006578947368421052
9;3 Nitrous Oxide;0.006578947368421052
10;4 Methyl Acetylene;0.006578947368421052
11;5 Ethylene Glycol;0.006578947368421052
12;6 2,4-Pentadiynylidyne;0.006578947368421052
13;7 Methyl Cyanide;0.006578947368421052
14;8 Thioformylium;0.006578947368421052
15;9 Hydrogen Cyanide;0.006578947368421052
16;10 Titanium monoxide;0.006578947368421052
17;11 Cyanide Radical;0.006578947368421052
18;12 Formic Acid;0.006578947368421052
19;13 Nitric sulfide;0.006578947368421052
20;14 Iminomethylium;0.006578947368421052
21;15 Hydrogen cyanide;0.006578947368421052
22;16 Aluminum monoxide;0.006578947368421052
23;17 Nitrosyl hydride;0.006578947368421052
24;18 Methyl isocyanate;0.006578947368421052
25;19 Propynylidynium;0.006578947368421052
26;20 Magnesium Cyanide;0.006578947368421052
27;21 1,3-Butadiynyl anion;0.006578947368421052
28;22 Diazenylium;0.006578947368421052
29;23 Methylamine;0.006578947368421052
30;24 Phosphorus Monoxide;0.006578947368421052
31;25 Silicon monosulfide;0.006578947368421052
32;26 Cyclopropenone;0.006578947368421052
33;27 Carbon Monoxide Ion;0.006578947368421052
34;28 Sodium Cyanide;0.006578947368421052
35;29 Nitric oxide;0.006578947368421052
36;30 3-Thioxo-1,2-Propadieylidene;0.006578947368421052
37;31 Silicon Cyanide;0.006578947368421052
38;32 Ethyne Isocyanide;0.006578947368421052
39;33 Sodium Chloride;0.006578947368421052
40;34 Cyanoacetylene;0.006578947368421052
41;35 Sulfur Monoxide;0.006578947368421052
42;36 Aluminum Isocyanitrile;0.006578947368421052
43;37 Cyanobutadiyne;0.006578947368421052
44;38 Potassium cyanide, potassium isocyanide;0.006578947368421052
45;39 Molecular oxygen;0.006578947368421052
46;40 Silicon Mononitride;0.006578947368421052
47;41 Carbon Monoxide;0.006578947368421052
48;42 Propadienylidene;0.006578947368421052
49;43 Methanimine;0.006578947368421052
50;44 Aluminum Monofluoride;0.006578947368421052
51;45 Formamide;0.006578947368421052
52;46 1,3,5,7-Octatetraynyl anion;0.006578947368421052
53;47 Aminoacetonitrile;0.006578947368421052
54;48 Ammonia;0.006578947368421052
55;50 Protonate 2-proynenitrile;0.006578947368421052
56;51 Carbonyl Sulfide;0.006578947368421052
57;52 Thioxoethenylidene;0.006578947368421052
58;54 Water;0.006578947368421052
59;55 Methyl Formate;0.006578947368421052
60;57 Ketenimine;0.006578947368421052
61;58 Propenal;0.006578947368421052
62;59 Methyl isocyanide;0.006578947368421052
63;60 iso-propyl cyanide;0.006578947368421052
64;61 Protonated Carbon Dioxide;0.006578947368421052
65;62 Ketene;0.006578947368421052
66;63 Silicon Monoxide;0.006578947368421052
67;64 Vinyl Cyanide;0.006578947368421052
68;65 Acetone;0.006578947368421052
69;66 3-Imino-1,2 Propadienylidene;0.006578947368421052
70;67 Cyclopropenylidene;0.006578947368421052
71;68 Silicon monoxide (global fit);0.006578947368421052
72;69 Magnesium Isocyanide;0.006578947368421052
73;70 Formaldehyde;0.006578947368421052
74;71 Cyanobutadiynylide anion;0.006578947368421052
75;72 Carbon Monosulfide;0.006578947368421052
76;73 Fulminic acid;0.006578947368421052
77;74 1,3,5-Hexatriynyl;0.006578947368421052
78;75 1,3-Butadiynyl radical;0.006578947368421052
79;76 trans-Ethanol;0.006578947368421052
80;77 Silicon Carbide;0.006578947368421052
81;78 1,3,5-Hexatriynyl anion;0.006578947368421052
82;79 Silicon monosulfide;0.006578947368421052
83;80 Oxonium hydride;0.006578947368421052
84;81 Formylium;0.006578947368421052
85;82 Ethylene Oxide;0.006578947368421052
86;83 Sulfur dioxide;0.006578947368421052
87;84 Carbon Monophosphide;0.006578947368421052
88;86 Methanol;0.006578947368421052
89;87 Sulfur Dioxide;0.006578947368421052
90;88 Isocyanic Acid;0.006578947368421052
91;89 Cyanoformaldehyde;0.006578947368421052
92;90 Silicon Isocyanide;0.006578947368421052
93;91 Methylene amidogen;0.006578947368421052
94;92 Silicon Monocarbide;0.006578947368421052
95;93 Phosphaethyne;0.006578947368421052
96;94 Carbon Monosulfide;0.006578947368421052
97;95 Aluminum Monochloride;0.006578947368421052
98;96 Cyanoallene;0.006578947368421052
99;97 3-Oxo-1,2-Propadienylidene;0.006578947368421052
100;98 Methyl diacetylene;0.006578947368421052
101;99 Cyanomethylene;0.006578947368421052
102;100 Phosphapropynylidyne;0.006578947368421052
103;101 Cyanomethyl;0.006578947368421052
104;102 Hydrogen Isocyanide;0.006578947368421052
105;103 Hydrogen sulfide;0.006578947368421052
106;104 Glycolaldehyde;0.006578947368421052
107;105 Cyanide anion;0.006578947368421052
108;106 2-Propynal;0.006578947368421052
109;108 Phosphorous nitride;0.006578947368421052
110;109 Magnesium hydride isocyanide;0.006578947368421052
111;110 Potassium chloride;0.006578947368421052
112;111 Silicon tetracarbide;0.006578947368421052
113;112 Ethyl Cyanide;0.006578947368421052
114;113 Cyanamide;0.006578947368421052
115;114 Amidogen;0.006578947368421052
116;115 Formyl Radical;0.006578947368421052
117;116 Hydroxymethylidyne;0.006578947368421052
118;117 3-Silanetetrayl-1,2-Propadienylidene;0.006578947368421052
119;118 Vinyl Alcohol;0.006578947368421052
120;119 ortho-Oxidaniumyl;0.006578947368421052
121;120 Oxoethenylidene;0.006578947368421052
122;121 Cyanoethynylide ion;0.006578947368421052
123;122 2-Butynenitrile;0.006578947368421052
124;123 Cyanoethynyl;0.006578947368421052
125;124 Fluoromethyliumylidene;0.006578947368421052
126;125 3-Cyano-1,2-propadienylidene;0.006578947368421052
127;126 Vinyl Cyanide;0.006578947368421052
128;127 Hydroxymethylium ion;0.006578947368421052
129;128 Thioformaldehyde;0.006578947368421052
130;129 Isothiocyanic acid;0.006578947368421052
131;130 Methyl formate, v<sub>t</sub> = 0, 1;0.006578947368421052
132;131 Cyanic acid;0.006578947368421052
