1;18 Carbon Monosulfide;0.33736559139784944
2;16 Silicon Monoxide;0.041666666666666664
3;0 Methylidyne;0.028225806451612902
4;1 Butyronitrile;0.028225806451612902
5;2 Formaldehyde;0.028225806451612902
6;3 Sulfur dioxide;0.028225806451612902
7;4 Carbon Monoxide;0.028225806451612902
8;5 Water;0.028225806451612902
9;6 Chloronium;0.028225806451612902
10;7 Imidogen;0.028225806451612902
11;8 Thioformylium;0.028225806451612902
12;9 Mercapto radical;0.028225806451612902
13;10 Methyl formate vt01;0.028225806451612902
14;11 Methyliumylidene;0.028225806451612902
15;12 Cyanide Radical;0.028225806451612902
16;13 Hydroxyl;0.028225806451612902
17;14 Nitric oxide;0.028225806451612902
18;15 Cyclopropenylidene;0.028225806451612902
19;17 Hydrogen Cyanide;0.028225806451612902
20;19 Hydrogen sulfide;0.028225806451612902
21;20 Molecular oxygen;0.028225806451612902
22;21 Hydrogen Isocyanide;0.028225806451612902
23;22 Formylium;0.028225806451612902
24;23 Sulfoniumylidene;0.028225806451612902
