HD163296_CO_2_1.image;model_diffuse_clouds_tr_500it;1;16 Silicon Monoxide;0.5814558058925475
HD163296_CO_2_1.image;model_diffuse_clouds_tr_500it;2;0 Methylidyne;0.018197573656845753
HD163296_CO_2_1.image;model_diffuse_clouds_tr_500it;3;1 Butyronitrile;0.018197573656845753
HD163296_CO_2_1.image;model_diffuse_clouds_tr_500it;4;2 Formaldehyde;0.018197573656845753
HD163296_CO_2_1.image;model_diffuse_clouds_tr_500it;5;3 Sulfur dioxide;0.018197573656845753
HD163296_CO_2_1.image;model_diffuse_clouds_2_500it;1;21 Hydrogen Isocyanide;0.5814558058925475
HD163296_CO_2_1.image;model_diffuse_clouds_2_500it;2;0 Methylidyne;0.018197573656845753
HD163296_CO_2_1.image;model_diffuse_clouds_2_500it;3;1 Butyronitrile;0.018197573656845753
HD163296_CO_2_1.image;model_diffuse_clouds_2_500it;4;2 Formaldehyde;0.018197573656845753
HD163296_CO_2_1.image;model_diffuse_clouds_2_500it;5;3 Sulfur dioxide;0.018197573656845753
HD163296_CO_2_1.image;model_diffuse_clouds_full_500it;1;11 Methyliumylidene;0.31392045454545453
HD163296_CO_2_1.image;model_diffuse_clouds_full_500it;2;0 Methylidyne;0.029829545454545452
HD163296_CO_2_1.image;model_diffuse_clouds_full_500it;3;1 Butyronitrile;0.029829545454545452
HD163296_CO_2_1.image;model_diffuse_clouds_full_500it;4;2 Formaldehyde;0.029829545454545452
HD163296_CO_2_1.image;model_diffuse_clouds_full_500it;5;3 Sulfur dioxide;0.029829545454545452
HD163296_CO_2_1.image;model_diffuse_clouds_full_expanded_00002_500it;1;4 Carbon Monoxide;0.28551136363636365
HD163296_CO_2_1.image;model_diffuse_clouds_full_expanded_00002_500it;2;9 Mercapto radical;0.044034090909090905
HD163296_CO_2_1.image;model_diffuse_clouds_full_expanded_00002_500it;3;19 Hydrogen sulfide;0.044034090909090905
HD163296_CO_2_1.image;model_diffuse_clouds_full_expanded_00002_500it;4;0 Methylidyne;0.029829545454545452
HD163296_CO_2_1.image;model_diffuse_clouds_full_expanded_00002_500it;5;1 Butyronitrile;0.029829545454545452
HD163296_CO_2_1.image;model_diffuse_clouds_full_expanded_00010_500it;1;4 Carbon Monoxide;0.31392045454545453
HD163296_CO_2_1.image;model_diffuse_clouds_full_expanded_00010_500it;2;0 Methylidyne;0.029829545454545452
HD163296_CO_2_1.image;model_diffuse_clouds_full_expanded_00010_500it;3;1 Butyronitrile;0.029829545454545452
HD163296_CO_2_1.image;model_diffuse_clouds_full_expanded_00010_500it;4;2 Formaldehyde;0.029829545454545452
HD163296_CO_2_1.image;model_diffuse_clouds_full_expanded_00010_500it;5;3 Sulfur dioxide;0.029829545454545452
Orion.HNC.cbc.contsub.image;model_diffuse_clouds_tr_500it;1;11 Methyliumylidene;0.38681592039800994
Orion.HNC.cbc.contsub.image;model_diffuse_clouds_tr_500it;2;10 Methyl formate vt01;0.03855721393034826
Orion.HNC.cbc.contsub.image;model_diffuse_clouds_tr_500it;3;0 Methylidyne;0.026119402985074626
Orion.HNC.cbc.contsub.image;model_diffuse_clouds_tr_500it;4;1 Butyronitrile;0.026119402985074626
Orion.HNC.cbc.contsub.image;model_diffuse_clouds_tr_500it;5;2 Formaldehyde;0.026119402985074626
Orion.HNC.cbc.contsub.image;model_diffuse_clouds_2_500it;1;11 Methyliumylidene;0.39925373134328357
Orion.HNC.cbc.contsub.image;model_diffuse_clouds_2_500it;2;0 Methylidyne;0.026119402985074626
Orion.HNC.cbc.contsub.image;model_diffuse_clouds_2_500it;3;1 Butyronitrile;0.026119402985074626
Orion.HNC.cbc.contsub.image;model_diffuse_clouds_2_500it;4;2 Formaldehyde;0.026119402985074626
Orion.HNC.cbc.contsub.image;model_diffuse_clouds_2_500it;5;3 Sulfur dioxide;0.026119402985074626
Orion.HNC.cbc.contsub.image;model_diffuse_clouds_full_500it;1;17 Hydrogen Cyanide;0.3239247311827957
Orion.HNC.cbc.contsub.image;model_diffuse_clouds_full_500it;2;21 Hydrogen Isocyanide;0.05510752688172042
Orion.HNC.cbc.contsub.image;model_diffuse_clouds_full_500it;3;0 Methylidyne;0.028225806451612902
Orion.HNC.cbc.contsub.image;model_diffuse_clouds_full_500it;4;1 Butyronitrile;0.028225806451612902
Orion.HNC.cbc.contsub.image;model_diffuse_clouds_full_500it;5;2 Formaldehyde;0.028225806451612902
Orion.HNC.cbc.contsub.image;model_diffuse_clouds_full_expanded_00002_500it;1;18 Carbon Monosulfide;0.33736559139784944
Orion.HNC.cbc.contsub.image;model_diffuse_clouds_full_expanded_00002_500it;2;16 Silicon Monoxide;0.041666666666666664
Orion.HNC.cbc.contsub.image;model_diffuse_clouds_full_expanded_00002_500it;3;0 Methylidyne;0.028225806451612902
Orion.HNC.cbc.contsub.image;model_diffuse_clouds_full_expanded_00002_500it;4;1 Butyronitrile;0.028225806451612902
Orion.HNC.cbc.contsub.image;model_diffuse_clouds_full_expanded_00002_500it;5;2 Formaldehyde;0.028225806451612902
Orion.HNC.cbc.contsub.image;model_diffuse_clouds_full_expanded_00010_500it;1;4 Carbon Monoxide;0.3508064516129032
Orion.HNC.cbc.contsub.image;model_diffuse_clouds_full_expanded_00010_500it;2;0 Methylidyne;0.028225806451612902
Orion.HNC.cbc.contsub.image;model_diffuse_clouds_full_expanded_00010_500it;3;1 Butyronitrile;0.028225806451612902
Orion.HNC.cbc.contsub.image;model_diffuse_clouds_full_expanded_00010_500it;4;2 Formaldehyde;0.028225806451612902
Orion.HNC.cbc.contsub.image;model_diffuse_clouds_full_expanded_00010_500it;5;3 Sulfur dioxide;0.028225806451612902
TWHydra_CO3_2line.image;model_diffuse_clouds_tr_500it;1;21 Hydrogen Isocyanide;0.4657079646017699
TWHydra_CO3_2line.image;model_diffuse_clouds_tr_500it;2;0 Methylidyne;0.02323008849557522
TWHydra_CO3_2line.image;model_diffuse_clouds_tr_500it;3;1 Butyronitrile;0.02323008849557522
TWHydra_CO3_2line.image;model_diffuse_clouds_tr_500it;4;2 Formaldehyde;0.02323008849557522
TWHydra_CO3_2line.image;model_diffuse_clouds_tr_500it;5;3 Sulfur dioxide;0.02323008849557522
TWHydra_CO3_2line.image;model_diffuse_clouds_2_500it;1;16 Silicon Monoxide;0.4657079646017699
TWHydra_CO3_2line.image;model_diffuse_clouds_2_500it;2;0 Methylidyne;0.02323008849557522
TWHydra_CO3_2line.image;model_diffuse_clouds_2_500it;3;1 Butyronitrile;0.02323008849557522
TWHydra_CO3_2line.image;model_diffuse_clouds_2_500it;4;2 Formaldehyde;0.02323008849557522
TWHydra_CO3_2line.image;model_diffuse_clouds_2_500it;5;3 Sulfur dioxide;0.02323008849557522
TWHydra_CO3_2line.image;model_diffuse_clouds_full_500it;1;16 Silicon Monoxide;0.4344262295081967
TWHydra_CO3_2line.image;model_diffuse_clouds_full_500it;2;0 Methylidyne;0.02459016393442623
TWHydra_CO3_2line.image;model_diffuse_clouds_full_500it;3;1 Butyronitrile;0.02459016393442623
TWHydra_CO3_2line.image;model_diffuse_clouds_full_500it;4;2 Formaldehyde;0.02459016393442623
TWHydra_CO3_2line.image;model_diffuse_clouds_full_500it;5;3 Sulfur dioxide;0.02459016393442623
TWHydra_CO3_2line.image;model_diffuse_clouds_full_expanded_00002_500it;1;4 Carbon Monoxide;0.4227166276346604
TWHydra_CO3_2line.image;model_diffuse_clouds_full_expanded_00002_500it;2;22 Formylium;0.03629976580796253
TWHydra_CO3_2line.image;model_diffuse_clouds_full_expanded_00002_500it;3;0 Methylidyne;0.02459016393442623
TWHydra_CO3_2line.image;model_diffuse_clouds_full_expanded_00002_500it;4;1 Butyronitrile;0.02459016393442623
TWHydra_CO3_2line.image;model_diffuse_clouds_full_expanded_00002_500it;5;2 Formaldehyde;0.02459016393442623
TWHydra_CO3_2line.image;model_diffuse_clouds_full_expanded_00010_500it;1;18 Carbon Monosulfide;0.4344262295081967
TWHydra_CO3_2line.image;model_diffuse_clouds_full_expanded_00010_500it;2;0 Methylidyne;0.02459016393442623
TWHydra_CO3_2line.image;model_diffuse_clouds_full_expanded_00010_500it;3;1 Butyronitrile;0.02459016393442623
TWHydra_CO3_2line.image;model_diffuse_clouds_full_expanded_00010_500it;4;2 Formaldehyde;0.02459016393442623
TWHydra_CO3_2line.image;model_diffuse_clouds_full_expanded_00010_500it;5;3 Sulfur dioxide;0.02459016393442623
DMTau.CS_5-4.image;model_diffuse_clouds_tr_500it;1;11 Methyliumylidene;0.8123543123543124
DMTau.CS_5-4.image;model_diffuse_clouds_tr_500it;2;0 Methylidyne;0.00815850815850816
DMTau.CS_5-4.image;model_diffuse_clouds_tr_500it;3;1 Butyronitrile;0.00815850815850816
DMTau.CS_5-4.image;model_diffuse_clouds_tr_500it;4;2 Formaldehyde;0.00815850815850816
DMTau.CS_5-4.image;model_diffuse_clouds_tr_500it;5;3 Sulfur dioxide;0.00815850815850816
DMTau.CS_5-4.image;model_diffuse_clouds_2_500it;1;11 Methyliumylidene;0.8123543123543124
DMTau.CS_5-4.image;model_diffuse_clouds_2_500it;2;0 Methylidyne;0.00815850815850816
DMTau.CS_5-4.image;model_diffuse_clouds_2_500it;3;1 Butyronitrile;0.00815850815850816
DMTau.CS_5-4.image;model_diffuse_clouds_2_500it;4;2 Formaldehyde;0.00815850815850816
DMTau.CS_5-4.image;model_diffuse_clouds_2_500it;5;3 Sulfur dioxide;0.00815850815850816
DMTau.CS_5-4.image;model_diffuse_clouds_full_500it;1;0 Methylidyne;0.041666666666666664
DMTau.CS_5-4.image;model_diffuse_clouds_full_500it;2;1 Butyronitrile;0.041666666666666664
DMTau.CS_5-4.image;model_diffuse_clouds_full_500it;3;2 Formaldehyde;0.041666666666666664
DMTau.CS_5-4.image;model_diffuse_clouds_full_500it;4;3 Sulfur dioxide;0.041666666666666664
DMTau.CS_5-4.image;model_diffuse_clouds_full_500it;5;4 Carbon Monoxide;0.041666666666666664
DMTau.CS_5-4.image;model_diffuse_clouds_full_expanded_00002_500it;1;0 Methylidyne;0.041666666666666664
DMTau.CS_5-4.image;model_diffuse_clouds_full_expanded_00002_500it;2;1 Butyronitrile;0.041666666666666664
DMTau.CS_5-4.image;model_diffuse_clouds_full_expanded_00002_500it;3;2 Formaldehyde;0.041666666666666664
DMTau.CS_5-4.image;model_diffuse_clouds_full_expanded_00002_500it;4;3 Sulfur dioxide;0.041666666666666664
DMTau.CS_5-4.image;model_diffuse_clouds_full_expanded_00002_500it;5;4 Carbon Monoxide;0.041666666666666664
DMTau.CS_5-4.image;model_diffuse_clouds_full_expanded_00010_500it;1;0 Methylidyne;0.041666666666666664
DMTau.CS_5-4.image;model_diffuse_clouds_full_expanded_00010_500it;2;1 Butyronitrile;0.041666666666666664
DMTau.CS_5-4.image;model_diffuse_clouds_full_expanded_00010_500it;3;2 Formaldehyde;0.041666666666666664
DMTau.CS_5-4.image;model_diffuse_clouds_full_expanded_00010_500it;4;3 Sulfur dioxide;0.041666666666666664
DMTau.CS_5-4.image;model_diffuse_clouds_full_expanded_00010_500it;5;4 Carbon Monoxide;0.041666666666666664
TWHydra_HCOplusline.image;model_diffuse_clouds_tr_500it;1;16 Silicon Monoxide;0.39434889434889436
TWHydra_HCOplusline.image;model_diffuse_clouds_tr_500it;2;22 Formylium;0.03808353808353808
TWHydra_HCOplusline.image;model_diffuse_clouds_tr_500it;3;0 Methylidyne;0.025798525798525797
TWHydra_HCOplusline.image;model_diffuse_clouds_tr_500it;4;1 Butyronitrile;0.025798525798525797
TWHydra_HCOplusline.image;model_diffuse_clouds_tr_500it;5;2 Formaldehyde;0.025798525798525797
TWHydra_HCOplusline.image;model_diffuse_clouds_2_500it;1;22 Formylium;0.40663390663390664
TWHydra_HCOplusline.image;model_diffuse_clouds_2_500it;2;0 Methylidyne;0.025798525798525797
TWHydra_HCOplusline.image;model_diffuse_clouds_2_500it;3;1 Butyronitrile;0.025798525798525797
TWHydra_HCOplusline.image;model_diffuse_clouds_2_500it;4;2 Formaldehyde;0.025798525798525797
TWHydra_HCOplusline.image;model_diffuse_clouds_2_500it;5;3 Sulfur dioxide;0.025798525798525797
TWHydra_HCOplusline.image;model_diffuse_clouds_full_500it;1;17 Hydrogen Cyanide;0.36780104712041883
TWHydra_HCOplusline.image;model_diffuse_clouds_full_500it;2;0 Methylidyne;0.027486910994764396
TWHydra_HCOplusline.image;model_diffuse_clouds_full_500it;3;1 Butyronitrile;0.027486910994764396
TWHydra_HCOplusline.image;model_diffuse_clouds_full_500it;4;2 Formaldehyde;0.027486910994764396
TWHydra_HCOplusline.image;model_diffuse_clouds_full_500it;5;3 Sulfur dioxide;0.027486910994764396
TWHydra_HCOplusline.image;model_diffuse_clouds_full_expanded_00002_500it;1;22 Formylium;0.36780104712041883
TWHydra_HCOplusline.image;model_diffuse_clouds_full_expanded_00002_500it;2;0 Methylidyne;0.027486910994764396
TWHydra_HCOplusline.image;model_diffuse_clouds_full_expanded_00002_500it;3;1 Butyronitrile;0.027486910994764396
TWHydra_HCOplusline.image;model_diffuse_clouds_full_expanded_00002_500it;4;2 Formaldehyde;0.027486910994764396
TWHydra_HCOplusline.image;model_diffuse_clouds_full_expanded_00002_500it;5;3 Sulfur dioxide;0.027486910994764396
TWHydra_HCOplusline.image;model_diffuse_clouds_full_expanded_00010_500it;1;8 Thioformylium;0.3416230366492147
TWHydra_HCOplusline.image;model_diffuse_clouds_full_expanded_00010_500it;2;22 Formylium;0.05366492146596858
TWHydra_HCOplusline.image;model_diffuse_clouds_full_expanded_00010_500it;3;0 Methylidyne;0.027486910994764396
TWHydra_HCOplusline.image;model_diffuse_clouds_full_expanded_00010_500it;4;1 Butyronitrile;0.027486910994764396
TWHydra_HCOplusline.image;model_diffuse_clouds_full_expanded_00010_500it;5;2 Formaldehyde;0.027486910994764396
uid___A002_Xa916fc_X668__IRS43_HCO32.final.image.pbcor;model_diffuse_clouds_tr_500it;1;11 Methyliumylidene;0.7515432098765431
uid___A002_Xa916fc_X668__IRS43_HCO32.final.image.pbcor;model_diffuse_clouds_tr_500it;2;0 Methylidyne;0.010802469135802469
uid___A002_Xa916fc_X668__IRS43_HCO32.final.image.pbcor;model_diffuse_clouds_tr_500it;3;1 Butyronitrile;0.010802469135802469
uid___A002_Xa916fc_X668__IRS43_HCO32.final.image.pbcor;model_diffuse_clouds_tr_500it;4;2 Formaldehyde;0.010802469135802469
uid___A002_Xa916fc_X668__IRS43_HCO32.final.image.pbcor;model_diffuse_clouds_tr_500it;5;3 Sulfur dioxide;0.010802469135802469
uid___A002_Xa916fc_X668__IRS43_HCO32.final.image.pbcor;model_diffuse_clouds_2_500it;1;16 Silicon Monoxide;0.5625
uid___A002_Xa916fc_X668__IRS43_HCO32.final.image.pbcor;model_diffuse_clouds_2_500it;2;0 Methylidyne;0.019021739130434784
uid___A002_Xa916fc_X668__IRS43_HCO32.final.image.pbcor;model_diffuse_clouds_2_500it;3;1 Butyronitrile;0.019021739130434784
uid___A002_Xa916fc_X668__IRS43_HCO32.final.image.pbcor;model_diffuse_clouds_2_500it;4;2 Formaldehyde;0.019021739130434784
uid___A002_Xa916fc_X668__IRS43_HCO32.final.image.pbcor;model_diffuse_clouds_2_500it;5;3 Sulfur dioxide;0.019021739130434784
uid___A002_Xa916fc_X668__IRS43_HCO32.final.image.pbcor;model_diffuse_clouds_full_500it;1;0 Methylidyne;0.041666666666666664
uid___A002_Xa916fc_X668__IRS43_HCO32.final.image.pbcor;model_diffuse_clouds_full_500it;2;1 Butyronitrile;0.041666666666666664
uid___A002_Xa916fc_X668__IRS43_HCO32.final.image.pbcor;model_diffuse_clouds_full_500it;3;2 Formaldehyde;0.041666666666666664
uid___A002_Xa916fc_X668__IRS43_HCO32.final.image.pbcor;model_diffuse_clouds_full_500it;4;3 Sulfur dioxide;0.041666666666666664
uid___A002_Xa916fc_X668__IRS43_HCO32.final.image.pbcor;model_diffuse_clouds_full_500it;5;4 Carbon Monoxide;0.041666666666666664
uid___A002_Xa916fc_X668__IRS43_HCO32.final.image.pbcor;model_diffuse_clouds_full_expanded_00002_500it;1;0 Methylidyne;0.041666666666666664
uid___A002_Xa916fc_X668__IRS43_HCO32.final.image.pbcor;model_diffuse_clouds_full_expanded_00002_500it;2;1 Butyronitrile;0.041666666666666664
uid___A002_Xa916fc_X668__IRS43_HCO32.final.image.pbcor;model_diffuse_clouds_full_expanded_00002_500it;3;2 Formaldehyde;0.041666666666666664
uid___A002_Xa916fc_X668__IRS43_HCO32.final.image.pbcor;model_diffuse_clouds_full_expanded_00002_500it;4;3 Sulfur dioxide;0.041666666666666664
uid___A002_Xa916fc_X668__IRS43_HCO32.final.image.pbcor;model_diffuse_clouds_full_expanded_00002_500it;5;4 Carbon Monoxide;0.041666666666666664
uid___A002_Xa916fc_X668__IRS43_HCO32.final.image.pbcor;model_diffuse_clouds_full_expanded_00010_500it;1;0 Methylidyne;0.041666666666666664
uid___A002_Xa916fc_X668__IRS43_HCO32.final.image.pbcor;model_diffuse_clouds_full_expanded_00010_500it;2;1 Butyronitrile;0.041666666666666664
uid___A002_Xa916fc_X668__IRS43_HCO32.final.image.pbcor;model_diffuse_clouds_full_expanded_00010_500it;3;2 Formaldehyde;0.041666666666666664
uid___A002_Xa916fc_X668__IRS43_HCO32.final.image.pbcor;model_diffuse_clouds_full_expanded_00010_500it;4;3 Sulfur dioxide;0.041666666666666664
uid___A002_Xa916fc_X668__IRS43_HCO32.final.image.pbcor;model_diffuse_clouds_full_expanded_00010_500it;5;4 Carbon Monoxide;0.041666666666666664
