1;21 Hydrogen Isocyanide;0.4657079646017699
2;0 Methylidyne;0.02323008849557522
3;1 Butyronitrile;0.02323008849557522
4;2 Formaldehyde;0.02323008849557522
5;3 Sulfur dioxide;0.02323008849557522
6;4 Carbon Monoxide;0.02323008849557522
7;5 Water;0.02323008849557522
8;6 Chloronium;0.02323008849557522
9;7 Imidogen;0.02323008849557522
10;8 Thioformylium;0.02323008849557522
11;9 Mercapto radical;0.02323008849557522
12;10 Methyl formate vt01;0.02323008849557522
13;11 Methyliumylidene;0.02323008849557522
14;12 Cyanide Radical;0.02323008849557522
15;13 Hydroxyl;0.02323008849557522
16;14 Nitric oxide;0.02323008849557522
17;15 Cyclopropenylidene;0.02323008849557522
18;16 Silicon Monoxide;0.02323008849557522
19;17 Hydrogen Cyanide;0.02323008849557522
20;18 Carbon Monosulfide;0.02323008849557522
21;19 Hydrogen sulfide;0.02323008849557522
22;20 Molecular oxygen;0.02323008849557522
23;22 Formylium;0.02323008849557522
24;23 Sulfoniumylidene;0.02323008849557522
