1;4 Carbon Monoxide;0.4227166276346604
2;22 Formylium;0.03629976580796253
3;0 Methylidyne;0.02459016393442623
4;1 Butyronitrile;0.02459016393442623
5;2 Formaldehyde;0.02459016393442623
6;3 Sulfur dioxide;0.02459016393442623
7;5 Water;0.02459016393442623
8;6 Chloronium;0.02459016393442623
9;7 Imidogen;0.02459016393442623
10;8 Thioformylium;0.02459016393442623
11;9 Mercapto radical;0.02459016393442623
12;10 Methyl formate vt01;0.02459016393442623
13;11 Methyliumylidene;0.02459016393442623
14;12 Cyanide Radical;0.02459016393442623
15;13 Hydroxyl;0.02459016393442623
16;14 Nitric oxide;0.02459016393442623
17;15 Cyclopropenylidene;0.02459016393442623
18;16 Silicon Monoxide;0.02459016393442623
19;17 Hydrogen Cyanide;0.02459016393442623
20;18 Carbon Monosulfide;0.02459016393442623
21;19 Hydrogen sulfide;0.02459016393442623
22;20 Molecular oxygen;0.02459016393442623
23;21 Hydrogen Isocyanide;0.02459016393442623
24;23 Sulfoniumylidene;0.02459016393442623
