1;13 Methyliumylidene;0.4381097560975609
2;28 Hydrogen Isocyanide;0.4167682926829268
3;0 Methylidyne;0.005182926829268293
4;1 Formaldehyde;0.005182926829268293
5;2 Sulfur dioxide;0.005182926829268293
6;3 Carbon Monoxide;0.005182926829268293
7;4 Acetaldehyde;0.005182926829268293
8;5 Water;0.005182926829268293
9;6 Imidogen;0.005182926829268293
10;7 Carbon Monoxide Ion;0.005182926829268293
11;8 Nitric sulfide;0.005182926829268293
12;9 Isocyanic Acid;0.005182926829268293
13;10 Formic Acid;0.005182926829268293
14;11 Amidogen;0.005182926829268293
15;12 Ethylene Glycol;0.005182926829268293
16;14 Cyanide Radical;0.005182926829268293
17;15 Carbonyl Sulfide;0.005182926829268293
18;16 Hydroxyl;0.005182926829268293
19;17 Nitric oxide;0.005182926829268293
20;18 Methyl Cyanide;0.005182926829268293
21;19 Cyclopropenylidene;0.005182926829268293
22;20 Sulfur Monoxide ion;0.005182926829268293
23;21 Methanol;0.005182926829268293
24;22 Thioformaldehyde;0.005182926829268293
25;23 Ammonia;0.005182926829268293
26;24 Cyanoacetylene;0.005182926829268293
27;25 Hydrogen Cyanide;0.005182926829268293
28;26 Hydrogen sulfide;0.005182926829268293
29;27 Molecular oxygen;0.005182926829268293
30;29 Formylium;0.005182926829268293
