1;13 Methyliumylidene;0.424609375
2;29 Formylium;0.291796875
3;28 Hydrogen Isocyanide;0.100390625
4;12 Ethylene Glycol;0.010546875
5;0 Methylidyne;0.006640625
6;1 Formaldehyde;0.006640625
7;2 Sulfur dioxide;0.006640625
8;3 Carbon Monoxide;0.006640625
9;4 Acetaldehyde;0.006640625
10;5 Water;0.006640625
11;6 Imidogen;0.006640625
12;7 Carbon Monoxide Ion;0.006640625
13;8 Nitric sulfide;0.006640625
14;9 Isocyanic Acid;0.006640625
15;10 Formic Acid;0.006640625
16;11 Amidogen;0.006640625
17;14 Cyanide Radical;0.006640625
18;15 Carbonyl Sulfide;0.006640625
19;16 Hydroxyl;0.006640625
20;17 Nitric oxide;0.006640625
21;18 Methyl Cyanide;0.006640625
22;19 Cyclopropenylidene;0.006640625
23;20 Sulfur Monoxide ion;0.006640625
24;21 Methanol;0.006640625
25;22 Thioformaldehyde;0.006640625
26;23 Ammonia;0.006640625
27;24 Cyanoacetylene;0.006640625
28;25 Hydrogen Cyanide;0.006640625
29;26 Hydrogen sulfide;0.006640625
30;27 Molecular oxygen;0.006640625
