1;13 Methyliumylidene;0.5592307692307692
2;20 Sulfur Monoxide ion;0.07461538461538461
3;0 Methylidyne;0.013076923076923076
4;1 Formaldehyde;0.013076923076923076
5;2 Sulfur dioxide;0.013076923076923076
6;3 Carbon Monoxide;0.013076923076923076
7;4 Acetaldehyde;0.013076923076923076
8;5 Water;0.013076923076923076
9;6 Imidogen;0.013076923076923076
10;7 Carbon Monoxide Ion;0.013076923076923076
11;8 Nitric sulfide;0.013076923076923076
12;9 Isocyanic Acid;0.013076923076923076
13;10 Formic Acid;0.013076923076923076
14;11 Amidogen;0.013076923076923076
15;12 Ethylene Glycol;0.013076923076923076
16;14 Cyanide Radical;0.013076923076923076
17;15 Carbonyl Sulfide;0.013076923076923076
18;16 Hydroxyl;0.013076923076923076
19;17 Nitric oxide;0.013076923076923076
20;18 Methyl Cyanide;0.013076923076923076
21;19 Cyclopropenylidene;0.013076923076923076
22;21 Methanol;0.013076923076923076
23;22 Thioformaldehyde;0.013076923076923076
24;23 Ammonia;0.013076923076923076
25;24 Cyanoacetylene;0.013076923076923076
26;25 Hydrogen Cyanide;0.013076923076923076
27;26 Hydrogen sulfide;0.013076923076923076
28;27 Molecular oxygen;0.013076923076923076
29;28 Hydrogen Isocyanide;0.013076923076923076
30;29 Formylium;0.013076923076923076
