Orion.methanol.cbc.contsub.image;model_comets_tr_500it;1;13 Methyliumylidene;0.6207692307692307
Orion.methanol.cbc.contsub.image;model_comets_tr_500it;2;0 Methylidyne;0.013076923076923076
Orion.methanol.cbc.contsub.image;model_comets_tr_500it;3;1 Formaldehyde;0.013076923076923076
Orion.methanol.cbc.contsub.image;model_comets_tr_500it;4;2 Sulfur dioxide;0.013076923076923076
Orion.methanol.cbc.contsub.image;model_comets_tr_500it;5;3 Carbon Monoxide;0.013076923076923076
Orion.methanol.cbc.contsub.image;model_comets_2_500it;1;29 Formylium;0.6207692307692307
Orion.methanol.cbc.contsub.image;model_comets_2_500it;2;0 Methylidyne;0.013076923076923076
Orion.methanol.cbc.contsub.image;model_comets_2_500it;3;1 Formaldehyde;0.013076923076923076
Orion.methanol.cbc.contsub.image;model_comets_2_500it;4;2 Sulfur dioxide;0.013076923076923076
Orion.methanol.cbc.contsub.image;model_comets_2_500it;5;3 Carbon Monoxide;0.013076923076923076
Orion.methanol.cbc.contsub.image;model_comets_full_500it;1;13 Methyliumylidene;0.5592307692307692
Orion.methanol.cbc.contsub.image;model_comets_full_500it;2;20 Sulfur Monoxide ion;0.07461538461538461
Orion.methanol.cbc.contsub.image;model_comets_full_500it;3;0 Methylidyne;0.013076923076923076
Orion.methanol.cbc.contsub.image;model_comets_full_500it;4;1 Formaldehyde;0.013076923076923076
Orion.methanol.cbc.contsub.image;model_comets_full_500it;5;2 Sulfur dioxide;0.013076923076923076
Orion.methanol.cbc.contsub.image;model_comets_full_expanded_00002_500it;1;13 Methyliumylidene;0.6053846153846154
Orion.methanol.cbc.contsub.image;model_comets_full_expanded_00002_500it;2;5 Water;0.02076923076923077
Orion.methanol.cbc.contsub.image;model_comets_full_expanded_00002_500it;3;7 Carbon Monoxide Ion;0.02076923076923077
Orion.methanol.cbc.contsub.image;model_comets_full_expanded_00002_500it;4;0 Methylidyne;0.013076923076923076
Orion.methanol.cbc.contsub.image;model_comets_full_expanded_00002_500it;5;1 Formaldehyde;0.013076923076923076
Orion.methanol.cbc.contsub.image;model_comets_full_expanded_00010_500it;1;13 Methyliumylidene;0.6130769230769231
Orion.methanol.cbc.contsub.image;model_comets_full_expanded_00010_500it;2;2 Sulfur dioxide;0.02076923076923077
Orion.methanol.cbc.contsub.image;model_comets_full_expanded_00010_500it;3;0 Methylidyne;0.013076923076923076
Orion.methanol.cbc.contsub.image;model_comets_full_expanded_00010_500it;4;1 Formaldehyde;0.013076923076923076
Orion.methanol.cbc.contsub.image;model_comets_full_expanded_00010_500it;5;3 Carbon Monoxide;0.013076923076923076
TWHydra_HCOplusline.image;model_comets_tr_500it;1;13 Methyliumylidene;0.7276243093922651
TWHydra_HCOplusline.image;model_comets_tr_500it;2;0 Methylidyne;0.009392265193370166
TWHydra_HCOplusline.image;model_comets_tr_500it;3;1 Formaldehyde;0.009392265193370166
TWHydra_HCOplusline.image;model_comets_tr_500it;4;2 Sulfur dioxide;0.009392265193370166
TWHydra_HCOplusline.image;model_comets_tr_500it;5;3 Carbon Monoxide;0.009392265193370166
TWHydra_HCOplusline.image;model_comets_2_500it;1;13 Methyliumylidene;0.7276243093922651
TWHydra_HCOplusline.image;model_comets_2_500it;2;0 Methylidyne;0.009392265193370166
TWHydra_HCOplusline.image;model_comets_2_500it;3;1 Formaldehyde;0.009392265193370166
TWHydra_HCOplusline.image;model_comets_2_500it;4;2 Sulfur dioxide;0.009392265193370166
TWHydra_HCOplusline.image;model_comets_2_500it;5;3 Carbon Monoxide;0.009392265193370166
TWHydra_HCOplusline.image;model_comets_full_500it;1;13 Methyliumylidene;0.46243093922651934
TWHydra_HCOplusline.image;model_comets_full_500it;2;29 Formylium;0.27458563535911606
TWHydra_HCOplusline.image;model_comets_full_500it;3;0 Methylidyne;0.009392265193370166
TWHydra_HCOplusline.image;model_comets_full_500it;4;1 Formaldehyde;0.009392265193370166
TWHydra_HCOplusline.image;model_comets_full_500it;5;2 Sulfur dioxide;0.009392265193370166
TWHydra_HCOplusline.image;model_comets_full_expanded_00002_500it;1;28 Hydrogen Isocyanide;0.722099447513812
TWHydra_HCOplusline.image;model_comets_full_expanded_00002_500it;2;23 Ammonia;0.014917127071823206
TWHydra_HCOplusline.image;model_comets_full_expanded_00002_500it;3;0 Methylidyne;0.009392265193370166
TWHydra_HCOplusline.image;model_comets_full_expanded_00002_500it;4;1 Formaldehyde;0.009392265193370166
TWHydra_HCOplusline.image;model_comets_full_expanded_00002_500it;5;2 Sulfur dioxide;0.009392265193370166
TWHydra_HCOplusline.image;model_comets_full_expanded_00010_500it;1;20 Sulfur Monoxide ion;0.722099447513812
TWHydra_HCOplusline.image;model_comets_full_expanded_00010_500it;2;27 Molecular oxygen;0.014917127071823206
TWHydra_HCOplusline.image;model_comets_full_expanded_00010_500it;3;0 Methylidyne;0.009392265193370166
TWHydra_HCOplusline.image;model_comets_full_expanded_00010_500it;4;1 Formaldehyde;0.009392265193370166
TWHydra_HCOplusline.image;model_comets_full_expanded_00010_500it;5;2 Sulfur dioxide;0.009392265193370166
uid___A002_Xa916fc_X668__IRS43_HCO32.final.image.pbcor;model_comets_tr_500it;1;13 Methyliumylidene;0.914853195164076
uid___A002_Xa916fc_X668__IRS43_HCO32.final.image.pbcor;model_comets_tr_500it;2;0 Methylidyne;0.0029360967184801382
uid___A002_Xa916fc_X668__IRS43_HCO32.final.image.pbcor;model_comets_tr_500it;3;1 Formaldehyde;0.0029360967184801382
uid___A002_Xa916fc_X668__IRS43_HCO32.final.image.pbcor;model_comets_tr_500it;4;2 Sulfur dioxide;0.0029360967184801382
uid___A002_Xa916fc_X668__IRS43_HCO32.final.image.pbcor;model_comets_tr_500it;5;3 Carbon Monoxide;0.0029360967184801382
uid___A002_Xa916fc_X668__IRS43_HCO32.final.image.pbcor;model_comets_2_500it;1;13 Methyliumylidene;0.8647668393782383
uid___A002_Xa916fc_X668__IRS43_HCO32.final.image.pbcor;model_comets_2_500it;2;29 Formylium;0.05302245250431779
uid___A002_Xa916fc_X668__IRS43_HCO32.final.image.pbcor;model_comets_2_500it;3;0 Methylidyne;0.0029360967184801382
uid___A002_Xa916fc_X668__IRS43_HCO32.final.image.pbcor;model_comets_2_500it;4;1 Formaldehyde;0.0029360967184801382
uid___A002_Xa916fc_X668__IRS43_HCO32.final.image.pbcor;model_comets_2_500it;5;2 Sulfur dioxide;0.0029360967184801382
uid___A002_Xa916fc_X668__IRS43_HCO32.final.image.pbcor;model_comets_full_500it;1;13 Methyliumylidene;0.8043177892918826
uid___A002_Xa916fc_X668__IRS43_HCO32.final.image.pbcor;model_comets_full_500it;2;28 Hydrogen Isocyanide;0.09447322970639033
uid___A002_Xa916fc_X668__IRS43_HCO32.final.image.pbcor;model_comets_full_500it;3;3 Carbon Monoxide;0.021934369602763383
uid___A002_Xa916fc_X668__IRS43_HCO32.final.image.pbcor;model_comets_full_500it;4;0 Methylidyne;0.0029360967184801382
uid___A002_Xa916fc_X668__IRS43_HCO32.final.image.pbcor;model_comets_full_500it;5;1 Formaldehyde;0.0029360967184801382
uid___A002_Xa916fc_X668__IRS43_HCO32.final.image.pbcor;model_comets_full_expanded_00002_500it;1;29 Formylium;0.914853195164076
uid___A002_Xa916fc_X668__IRS43_HCO32.final.image.pbcor;model_comets_full_expanded_00002_500it;2;0 Methylidyne;0.0029360967184801382
uid___A002_Xa916fc_X668__IRS43_HCO32.final.image.pbcor;model_comets_full_expanded_00002_500it;3;1 Formaldehyde;0.0029360967184801382
uid___A002_Xa916fc_X668__IRS43_HCO32.final.image.pbcor;model_comets_full_expanded_00002_500it;4;2 Sulfur dioxide;0.0029360967184801382
uid___A002_Xa916fc_X668__IRS43_HCO32.final.image.pbcor;model_comets_full_expanded_00002_500it;5;3 Carbon Monoxide;0.0029360967184801382
uid___A002_Xa916fc_X668__IRS43_HCO32.final.image.pbcor;model_comets_full_expanded_00010_500it;1;29 Formylium;0.904490500863558
uid___A002_Xa916fc_X668__IRS43_HCO32.final.image.pbcor;model_comets_full_expanded_00010_500it;2;7 Carbon Monoxide Ion;0.006390328151986183
uid___A002_Xa916fc_X668__IRS43_HCO32.final.image.pbcor;model_comets_full_expanded_00010_500it;3;12 Ethylene Glycol;0.004663212435233161
uid___A002_Xa916fc_X668__IRS43_HCO32.final.image.pbcor;model_comets_full_expanded_00010_500it;4;16 Hydroxyl;0.004663212435233161
uid___A002_Xa916fc_X668__IRS43_HCO32.final.image.pbcor;model_comets_full_expanded_00010_500it;5;20 Sulfur Monoxide ion;0.004663212435233161
Orion.HNC.cbc.contsub.image;model_comets_tr_500it;1;13 Methyliumylidene;0.807421875
Orion.HNC.cbc.contsub.image;model_comets_tr_500it;2;0 Methylidyne;0.006640625
Orion.HNC.cbc.contsub.image;model_comets_tr_500it;3;1 Formaldehyde;0.006640625
Orion.HNC.cbc.contsub.image;model_comets_tr_500it;4;2 Sulfur dioxide;0.006640625
Orion.HNC.cbc.contsub.image;model_comets_tr_500it;5;3 Carbon Monoxide;0.006640625
Orion.HNC.cbc.contsub.image;model_comets_2_500it;1;13 Methyliumylidene;0.721484375
Orion.HNC.cbc.contsub.image;model_comets_2_500it;2;28 Hydrogen Isocyanide;0.092578125
Orion.HNC.cbc.contsub.image;model_comets_2_500it;3;0 Methylidyne;0.006640625
Orion.HNC.cbc.contsub.image;model_comets_2_500it;4;1 Formaldehyde;0.006640625
Orion.HNC.cbc.contsub.image;model_comets_2_500it;5;2 Sulfur dioxide;0.006640625
Orion.HNC.cbc.contsub.image;model_comets_full_500it;1;13 Methyliumylidene;0.424609375
Orion.HNC.cbc.contsub.image;model_comets_full_500it;2;29 Formylium;0.291796875
Orion.HNC.cbc.contsub.image;model_comets_full_500it;3;28 Hydrogen Isocyanide;0.100390625
Orion.HNC.cbc.contsub.image;model_comets_full_500it;4;12 Ethylene Glycol;0.010546875
Orion.HNC.cbc.contsub.image;model_comets_full_500it;5;0 Methylidyne;0.006640625
Orion.HNC.cbc.contsub.image;model_comets_full_expanded_00002_500it;1;13 Methyliumylidene;0.807421875
Orion.HNC.cbc.contsub.image;model_comets_full_expanded_00002_500it;2;0 Methylidyne;0.006640625
Orion.HNC.cbc.contsub.image;model_comets_full_expanded_00002_500it;3;1 Formaldehyde;0.006640625
Orion.HNC.cbc.contsub.image;model_comets_full_expanded_00002_500it;4;2 Sulfur dioxide;0.006640625
Orion.HNC.cbc.contsub.image;model_comets_full_expanded_00002_500it;5;3 Carbon Monoxide;0.006640625
Orion.HNC.cbc.contsub.image;model_comets_full_expanded_00010_500it;1;28 Hydrogen Isocyanide;0.803515625
Orion.HNC.cbc.contsub.image;model_comets_full_expanded_00010_500it;2;20 Sulfur Monoxide ion;0.010546875
Orion.HNC.cbc.contsub.image;model_comets_full_expanded_00010_500it;3;0 Methylidyne;0.006640625
Orion.HNC.cbc.contsub.image;model_comets_full_expanded_00010_500it;4;1 Formaldehyde;0.006640625
Orion.HNC.cbc.contsub.image;model_comets_full_expanded_00010_500it;5;2 Sulfur dioxide;0.006640625
HD163296_CO_2_1.image;model_comets_tr_500it;1;29 Formylium;0.8496951219512194
HD163296_CO_2_1.image;model_comets_tr_500it;2;0 Methylidyne;0.005182926829268293
HD163296_CO_2_1.image;model_comets_tr_500it;3;1 Formaldehyde;0.005182926829268293
HD163296_CO_2_1.image;model_comets_tr_500it;4;2 Sulfur dioxide;0.005182926829268293
HD163296_CO_2_1.image;model_comets_tr_500it;5;3 Carbon Monoxide;0.005182926829268293
HD163296_CO_2_1.image;model_comets_2_500it;1;13 Methyliumylidene;0.8496951219512194
HD163296_CO_2_1.image;model_comets_2_500it;2;0 Methylidyne;0.005182926829268293
HD163296_CO_2_1.image;model_comets_2_500it;3;1 Formaldehyde;0.005182926829268293
HD163296_CO_2_1.image;model_comets_2_500it;4;2 Sulfur dioxide;0.005182926829268293
HD163296_CO_2_1.image;model_comets_2_500it;5;3 Carbon Monoxide;0.005182926829268293
HD163296_CO_2_1.image;model_comets_full_500it;1;13 Methyliumylidene;0.4381097560975609
HD163296_CO_2_1.image;model_comets_full_500it;2;28 Hydrogen Isocyanide;0.4167682926829268
HD163296_CO_2_1.image;model_comets_full_500it;3;0 Methylidyne;0.005182926829268293
HD163296_CO_2_1.image;model_comets_full_500it;4;1 Formaldehyde;0.005182926829268293
HD163296_CO_2_1.image;model_comets_full_500it;5;2 Sulfur dioxide;0.005182926829268293
HD163296_CO_2_1.image;model_comets_full_expanded_00002_500it;1;22 Thioformaldehyde;0.8496951219512194
HD163296_CO_2_1.image;model_comets_full_expanded_00002_500it;2;0 Methylidyne;0.005182926829268293
HD163296_CO_2_1.image;model_comets_full_expanded_00002_500it;3;1 Formaldehyde;0.005182926829268293
HD163296_CO_2_1.image;model_comets_full_expanded_00002_500it;4;2 Sulfur dioxide;0.005182926829268293
HD163296_CO_2_1.image;model_comets_full_expanded_00002_500it;5;3 Carbon Monoxide;0.005182926829268293
HD163296_CO_2_1.image;model_comets_full_expanded_00010_500it;1;27 Molecular oxygen;0.8496951219512194
HD163296_CO_2_1.image;model_comets_full_expanded_00010_500it;2;0 Methylidyne;0.005182926829268293
HD163296_CO_2_1.image;model_comets_full_expanded_00010_500it;3;1 Formaldehyde;0.005182926829268293
HD163296_CO_2_1.image;model_comets_full_expanded_00010_500it;4;2 Sulfur dioxide;0.005182926829268293
HD163296_CO_2_1.image;model_comets_full_expanded_00010_500it;5;3 Carbon Monoxide;0.005182926829268293
TWHydra_CO3_2line.image;model_comets_tr_500it;1;15 Carbonyl Sulfide;0.7320652173913043
TWHydra_CO3_2line.image;model_comets_tr_500it;2;0 Methylidyne;0.00923913043478261
TWHydra_CO3_2line.image;model_comets_tr_500it;3;1 Formaldehyde;0.00923913043478261
TWHydra_CO3_2line.image;model_comets_tr_500it;4;2 Sulfur dioxide;0.00923913043478261
TWHydra_CO3_2line.image;model_comets_tr_500it;5;3 Carbon Monoxide;0.00923913043478261
TWHydra_CO3_2line.image;model_comets_2_500it;1;13 Methyliumylidene;0.7320652173913043
TWHydra_CO3_2line.image;model_comets_2_500it;2;0 Methylidyne;0.00923913043478261
TWHydra_CO3_2line.image;model_comets_2_500it;3;1 Formaldehyde;0.00923913043478261
TWHydra_CO3_2line.image;model_comets_2_500it;4;2 Sulfur dioxide;0.00923913043478261
TWHydra_CO3_2line.image;model_comets_2_500it;5;3 Carbon Monoxide;0.00923913043478261
TWHydra_CO3_2line.image;model_comets_full_500it;1;13 Methyliumylidene;0.5798913043478261
TWHydra_CO3_2line.image;model_comets_full_500it;2;29 Formylium;0.16141304347826085
TWHydra_CO3_2line.image;model_comets_full_500it;3;0 Methylidyne;0.00923913043478261
TWHydra_CO3_2line.image;model_comets_full_500it;4;1 Formaldehyde;0.00923913043478261
TWHydra_CO3_2line.image;model_comets_full_500it;5;2 Sulfur dioxide;0.00923913043478261
TWHydra_CO3_2line.image;model_comets_full_expanded_00002_500it;1;3 Carbon Monoxide;0.7266304347826086
TWHydra_CO3_2line.image;model_comets_full_expanded_00002_500it;2;12 Ethylene Glycol;0.014673913043478261
TWHydra_CO3_2line.image;model_comets_full_expanded_00002_500it;3;0 Methylidyne;0.00923913043478261
TWHydra_CO3_2line.image;model_comets_full_expanded_00002_500it;4;1 Formaldehyde;0.00923913043478261
TWHydra_CO3_2line.image;model_comets_full_expanded_00002_500it;5;2 Sulfur dioxide;0.00923913043478261
TWHydra_CO3_2line.image;model_comets_full_expanded_00010_500it;1;28 Hydrogen Isocyanide;0.721195652173913
TWHydra_CO3_2line.image;model_comets_full_expanded_00010_500it;2;10 Formic Acid;0.014673913043478261
TWHydra_CO3_2line.image;model_comets_full_expanded_00010_500it;3;22 Thioformaldehyde;0.014673913043478261
TWHydra_CO3_2line.image;model_comets_full_expanded_00010_500it;4;0 Methylidyne;0.00923913043478261
TWHydra_CO3_2line.image;model_comets_full_expanded_00010_500it;5;1 Formaldehyde;0.00923913043478261
