1;13 Methyliumylidene;0.7320652173913043
2;0 Methylidyne;0.00923913043478261
3;1 Formaldehyde;0.00923913043478261
4;2 Sulfur dioxide;0.00923913043478261
5;3 Carbon Monoxide;0.00923913043478261
6;4 Acetaldehyde;0.00923913043478261
7;5 Water;0.00923913043478261
8;6 Imidogen;0.00923913043478261
9;7 Carbon Monoxide Ion;0.00923913043478261
10;8 Nitric sulfide;0.00923913043478261
11;9 Isocyanic Acid;0.00923913043478261
12;10 Formic Acid;0.00923913043478261
13;11 Amidogen;0.00923913043478261
14;12 Ethylene Glycol;0.00923913043478261
15;14 Cyanide Radical;0.00923913043478261
16;15 Carbonyl Sulfide;0.00923913043478261
17;16 Hydroxyl;0.00923913043478261
18;17 Nitric oxide;0.00923913043478261
19;18 Methyl Cyanide;0.00923913043478261
20;19 Cyclopropenylidene;0.00923913043478261
21;20 Sulfur Monoxide ion;0.00923913043478261
22;21 Methanol;0.00923913043478261
23;22 Thioformaldehyde;0.00923913043478261
24;23 Ammonia;0.00923913043478261
25;24 Cyanoacetylene;0.00923913043478261
26;25 Hydrogen Cyanide;0.00923913043478261
27;26 Hydrogen sulfide;0.00923913043478261
28;27 Molecular oxygen;0.00923913043478261
29;28 Hydrogen Isocyanide;0.00923913043478261
30;29 Formylium;0.00923913043478261
