1;28 Hydrogen Isocyanide;0.721195652173913
2;10 Formic Acid;0.014673913043478261
3;22 Thioformaldehyde;0.014673913043478261
4;0 Methylidyne;0.00923913043478261
5;1 Formaldehyde;0.00923913043478261
6;2 Sulfur dioxide;0.00923913043478261
7;3 Carbon Monoxide;0.00923913043478261
8;4 Acetaldehyde;0.00923913043478261
9;5 Water;0.00923913043478261
10;6 Imidogen;0.00923913043478261
11;7 Carbon Monoxide Ion;0.00923913043478261
12;8 Nitric sulfide;0.00923913043478261
13;9 Isocyanic Acid;0.00923913043478261
14;11 Amidogen;0.00923913043478261
15;12 Ethylene Glycol;0.00923913043478261
16;13 Methyliumylidene;0.00923913043478261
17;14 Cyanide Radical;0.00923913043478261
18;15 Carbonyl Sulfide;0.00923913043478261
19;16 Hydroxyl;0.00923913043478261
20;17 Nitric oxide;0.00923913043478261
21;18 Methyl Cyanide;0.00923913043478261
22;19 Cyclopropenylidene;0.00923913043478261
23;20 Sulfur Monoxide ion;0.00923913043478261
24;21 Methanol;0.00923913043478261
25;23 Ammonia;0.00923913043478261
26;24 Cyanoacetylene;0.00923913043478261
27;25 Hydrogen Cyanide;0.00923913043478261
28;26 Hydrogen sulfide;0.00923913043478261
29;27 Molecular oxygen;0.00923913043478261
30;29 Formylium;0.00923913043478261
