1;13 Methyliumylidene;0.8043177892918826
2;28 Hydrogen Isocyanide;0.09447322970639033
3;3 Carbon Monoxide;0.021934369602763383
4;0 Methylidyne;0.0029360967184801382
5;1 Formaldehyde;0.0029360967184801382
6;2 Sulfur dioxide;0.0029360967184801382
7;4 Acetaldehyde;0.0029360967184801382
8;5 Water;0.0029360967184801382
9;6 Imidogen;0.0029360967184801382
10;7 Carbon Monoxide Ion;0.0029360967184801382
11;8 Nitric sulfide;0.0029360967184801382
12;9 Isocyanic Acid;0.0029360967184801382
13;10 Formic Acid;0.0029360967184801382
14;11 Amidogen;0.0029360967184801382
15;12 Ethylene Glycol;0.0029360967184801382
16;14 Cyanide Radical;0.0029360967184801382
17;15 Carbonyl Sulfide;0.0029360967184801382
18;16 Hydroxyl;0.0029360967184801382
19;17 Nitric oxide;0.0029360967184801382
20;18 Methyl Cyanide;0.0029360967184801382
21;19 Cyclopropenylidene;0.0029360967184801382
22;20 Sulfur Monoxide ion;0.0029360967184801382
23;21 Methanol;0.0029360967184801382
24;22 Thioformaldehyde;0.0029360967184801382
25;23 Ammonia;0.0029360967184801382
26;24 Cyanoacetylene;0.0029360967184801382
27;25 Hydrogen Cyanide;0.0029360967184801382
28;26 Hydrogen sulfide;0.0029360967184801382
29;27 Molecular oxygen;0.0029360967184801382
30;29 Formylium;0.0029360967184801382
