1;29 Formylium;0.914853195164076
2;0 Methylidyne;0.0029360967184801382
3;1 Formaldehyde;0.0029360967184801382
4;2 Sulfur dioxide;0.0029360967184801382
5;3 Carbon Monoxide;0.0029360967184801382
6;4 Acetaldehyde;0.0029360967184801382
7;5 Water;0.0029360967184801382
8;6 Imidogen;0.0029360967184801382
9;7 Carbon Monoxide Ion;0.0029360967184801382
10;8 Nitric sulfide;0.0029360967184801382
11;9 Isocyanic Acid;0.0029360967184801382
12;10 Formic Acid;0.0029360967184801382
13;11 Amidogen;0.0029360967184801382
14;12 Ethylene Glycol;0.0029360967184801382
15;13 Methyliumylidene;0.0029360967184801382
16;14 Cyanide Radical;0.0029360967184801382
17;15 Carbonyl Sulfide;0.0029360967184801382
18;16 Hydroxyl;0.0029360967184801382
19;17 Nitric oxide;0.0029360967184801382
20;18 Methyl Cyanide;0.0029360967184801382
21;19 Cyclopropenylidene;0.0029360967184801382
22;20 Sulfur Monoxide ion;0.0029360967184801382
23;21 Methanol;0.0029360967184801382
24;22 Thioformaldehyde;0.0029360967184801382
25;23 Ammonia;0.0029360967184801382
26;24 Cyanoacetylene;0.0029360967184801382
27;25 Hydrogen Cyanide;0.0029360967184801382
28;26 Hydrogen sulfide;0.0029360967184801382
29;27 Molecular oxygen;0.0029360967184801382
30;28 Hydrogen Isocyanide;0.0029360967184801382
