1;57 ortho-Oxidaniumyl;0.8535834266517357
2;42 Silicon Monoxide;0.005319148936170213
3;0 Ketene;0.0025195968645016797
4;1 1,3,5-Hexatriynyl;0.0025195968645016797
5;2 Oxonium hydride;0.0025195968645016797
6;3 Vinyl Cyanide;0.0025195968645016797
7;4 Hydroxyl;0.0025195968645016797
8;5 Methyliumylidene;0.0025195968645016797
9;6 Carbon Monosulfide;0.0025195968645016797
10;7 Cyanomethyl;0.0025195968645016797
11;8 Methyl Acetylene;0.0025195968645016797
12;9 Ethyl Cyanide;0.0025195968645016797
13;10 2,4-Pentadiynylidyne;0.0025195968645016797
14;11 4-Cyano-1,3-Butadiynyl;0.0025195968645016797
15;12 Water;0.0025195968645016797
16;13 Hydrogen sulfide;0.0025195968645016797
17;14 Methylene amidogen;0.0025195968645016797
18;15 1,3-Butadiynyl radical;0.0025195968645016797
19;16 2,4,6,8-Nonatetraynenitrile;0.0025195968645016797
20;17 Formylium;0.0025195968645016797
21;18 Cyanoallene;0.0025195968645016797
22;19 Trihydrogen ion;0.0025195968645016797
23;20 Methylcyanodiacetylene;0.0025195968645016797
24;21 2,4,6-Heptatriynenitrile;0.0025195968645016797
25;22 Methanol;0.0025195968645016797
26;23 Ammonia;0.0025195968645016797
27;24 Methyl Cyanide;0.0025195968645016797
28;25 1,3,5-Hexatriynyl anion;0.0025195968645016797
29;26 1,3,5,7-Octatetraynyl anion;0.0025195968645016797
30;27 3-Thioxo-1,2-Propadieylidene;0.0025195968645016797
31;28 Cyanobutadiyne;0.0025195968645016797
32;29 Nitric sulfide;0.0025195968645016797
33;30 Sulfur dioxide;0.0025195968645016797
34;31 Hydrochloric acid;0.0025195968645016797
35;32 2,4,6,8,10-Undecapentaynenitrile;0.0025195968645016797
36;33 Cyanide Radical;0.0025195968645016797
37;34 Nitric oxide;0.0025195968645016797
38;35 Formaldehyde;0.0025195968645016797
39;36 Sulfur Monoxide;0.0025195968645016797
40;37 Methyltriacetylene;0.0025195968645016797
41;38 Hydrogen Cyanide;0.0025195968645016797
42;39 Methyl diacetylene;0.0025195968645016797
43;40 Methylidyne;0.0025195968645016797
44;41 Thioxoethenylidene;0.0025195968645016797
45;43 1,3,5,7-Octatetraynyl;0.0025195968645016797
46;44 Oxoethenylidene;0.0025195968645016797
47;45 Propynylidynium;0.0025195968645016797
48;46 Carbon Monoxide;0.0025195968645016797
49;47 Thioformaldehyde;0.0025195968645016797
50;48 Hexatrienyl;0.0025195968645016797
51;49 Diazenylium;0.0025195968645016797
52;50 Hydrogen Isocyanide;0.0025195968645016797
53;51 Carbon Monosulfide;0.0025195968645016797
54;52 Methylamine;0.0025195968645016797
55;53 Formic Acid;0.0025195968645016797
56;54 Cyclopropenylidene;0.0025195968645016797
57;55 Cyanoacetylene;0.0025195968645016797
58;56 para-Oxidaniumyl;0.0025195968645016797
