1;45 Propynylidynium;0.9402932960893854
2;0 Ketene;0.001047486033519553
3;1 1,3,5-Hexatriynyl;0.001047486033519553
4;2 Oxonium hydride;0.001047486033519553
5;3 Vinyl Cyanide;0.001047486033519553
6;4 Hydroxyl;0.001047486033519553
7;5 Methyliumylidene;0.001047486033519553
8;6 Carbon Monosulfide;0.001047486033519553
9;7 Cyanomethyl;0.001047486033519553
10;8 Methyl Acetylene;0.001047486033519553
11;9 Ethyl Cyanide;0.001047486033519553
12;10 2,4-Pentadiynylidyne;0.001047486033519553
13;11 4-Cyano-1,3-Butadiynyl;0.001047486033519553
14;12 Water;0.001047486033519553
15;13 Hydrogen sulfide;0.001047486033519553
16;14 Methylene amidogen;0.001047486033519553
17;15 1,3-Butadiynyl radical;0.001047486033519553
18;16 2,4,6,8-Nonatetraynenitrile;0.001047486033519553
19;17 Formylium;0.001047486033519553
20;18 Cyanoallene;0.001047486033519553
21;19 Trihydrogen ion;0.001047486033519553
22;20 Methylcyanodiacetylene;0.001047486033519553
23;21 2,4,6-Heptatriynenitrile;0.001047486033519553
24;22 Methanol;0.001047486033519553
25;23 Ammonia;0.001047486033519553
26;24 Methyl Cyanide;0.001047486033519553
27;25 1,3,5-Hexatriynyl anion;0.001047486033519553
28;26 1,3,5,7-Octatetraynyl anion;0.001047486033519553
29;27 3-Thioxo-1,2-Propadieylidene;0.001047486033519553
30;28 Cyanobutadiyne;0.001047486033519553
31;29 Nitric sulfide;0.001047486033519553
32;30 Sulfur dioxide;0.001047486033519553
33;31 Hydrochloric acid;0.001047486033519553
34;32 2,4,6,8,10-Undecapentaynenitrile;0.001047486033519553
35;33 Cyanide Radical;0.001047486033519553
36;34 Nitric oxide;0.001047486033519553
37;35 Formaldehyde;0.001047486033519553
38;36 Sulfur Monoxide;0.001047486033519553
39;37 Methyltriacetylene;0.001047486033519553
40;38 Hydrogen Cyanide;0.001047486033519553
41;39 Methyl diacetylene;0.001047486033519553
42;40 Methylidyne;0.001047486033519553
43;41 Thioxoethenylidene;0.001047486033519553
44;42 Silicon Monoxide;0.001047486033519553
45;43 1,3,5,7-Octatetraynyl;0.001047486033519553
46;44 Oxoethenylidene;0.001047486033519553
47;46 Carbon Monoxide;0.001047486033519553
48;47 Thioformaldehyde;0.001047486033519553
49;48 Hexatrienyl;0.001047486033519553
50;49 Diazenylium;0.001047486033519553
51;50 Hydrogen Isocyanide;0.001047486033519553
52;51 Carbon Monosulfide;0.001047486033519553
53;52 Methylamine;0.001047486033519553
54;53 Formic Acid;0.001047486033519553
55;54 Cyclopropenylidene;0.001047486033519553
56;55 Cyanoacetylene;0.001047486033519553
57;56 para-Oxidaniumyl;0.001047486033519553
58;57 ortho-Oxidaniumyl;0.001047486033519553
