1;36 Cyanoacetylene;0.2863340563991323
2;27 Phosphorus Monoxide;0.047722342733188726
3;15 Nitric sulfide;0.015184381778741865
4;48 Aminoacetonitrile;0.015184381778741865
5;57 Acetaldehyde;0.015184381778741865
6;91 Sulfur Dioxide;0.015184381778741865
7;96 Silicon Monocarbide;0.015184381778741865
8;103 Phosphapropynylidyne;0.015184381778741865
9;111 Ethynyl;0.015184381778741865
10;118 Amidogen;0.015184381778741865
11;130 Isothiocyanic acid;0.015184381778741865
12;0 Dimethyl ether;0.004338394793926247
13;1 Butatrienylidene;0.004338394793926247
14;2 Trihydrogen ion;0.004338394793926247
15;3 Nitrous Oxide;0.004338394793926247
16;4 Methyl Acetylene;0.004338394793926247
17;5 2,4,6-Heptatriynenitrile;0.004338394793926247
18;6 Ethylene Glycol;0.004338394793926247
19;7 2,4-Pentadiynylidyne;0.004338394793926247
20;8 Methyl Cyanide;0.004338394793926247
21;9 Thioformylium;0.004338394793926247
22;10 para-Oxidaniumyl;0.004338394793926247
23;11 Hydrogen Cyanide;0.004338394793926247
24;12 Titanium monoxide;0.004338394793926247
25;13 Cyanide Radical;0.004338394793926247
26;14 Formic Acid;0.004338394793926247
27;16 Iminomethylium;0.004338394793926247
28;17 Aluminum monoxide;0.004338394793926247
29;18 Methyl isocyanate;0.004338394793926247
30;19 Nitrosyl hydride;0.004338394793926247
31;20 Propynylidynium;0.004338394793926247
32;21 Magnesium Cyanide;0.004338394793926247
33;22 1,3-Butadiynyl anion;0.004338394793926247
34;23 Diazenylium;0.004338394793926247
35;24 Methylamine;0.004338394793926247
36;25 Chloronium;0.004338394793926247
37;26 Silicon monosulfide;0.004338394793926247
38;28 Cyclopropenone;0.004338394793926247
39;29 Carbon Monoxide Ion;0.004338394793926247
40;30 Sodium Cyanide;0.004338394793926247
41;31 Nitric oxide;0.004338394793926247
42;32 3-Thioxo-1,2-Propadieylidene;0.004338394793926247
43;33 Silicon Cyanide;0.004338394793926247
44;34 Ethyne Isocyanide;0.004338394793926247
45;35 Sodium Chloride;0.004338394793926247
46;37 Sulfur Monoxide;0.004338394793926247
47;38 Aluminum Isocyanitrile;0.004338394793926247
48;39 Cyanobutadiyne;0.004338394793926247
49;40 Potassium cyanide, potassium isocyanide;0.004338394793926247
50;41 Silicon Mononitride;0.004338394793926247
51;42 Carbon Monoxide;0.004338394793926247
52;43 Propadienylidene;0.004338394793926247
53;44 Methanimine;0.004338394793926247
54;45 Aluminum Monofluoride;0.004338394793926247
55;46 Formamide;0.004338394793926247
56;47 1,3,5,7-Octatetraynyl anion;0.004338394793926247
57;49 Ammonia;0.004338394793926247
58;50 gauche-Ethanol;0.004338394793926247
59;51 Protonate 2-proynenitrile;0.004338394793926247
60;52 Carbonyl Sulfide;0.004338394793926247
61;53 Thioxoethenylidene;0.004338394793926247
62;54 Ethyl cyanide;0.004338394793926247
63;55 Water;0.004338394793926247
64;56 Methyl Formate;0.004338394793926247
65;58 Ketenimine;0.004338394793926247
66;59 Propenal;0.004338394793926247
67;60 Methyl isocyanide;0.004338394793926247
68;61 iso-propyl cyanide;0.004338394793926247
69;62 Hydrogen cyanide;0.004338394793926247
70;63 Protonated Carbon Dioxide;0.004338394793926247
71;64 Methylidyne;0.004338394793926247
72;65 Ketene;0.004338394793926247
73;66 4-Cyano-1,3-Butadiynyl;0.004338394793926247
74;67 Silicon Monoxide;0.004338394793926247
75;68 Acetone;0.004338394793926247
76;69 Vinyl Cyanide;0.004338394793926247
77;70 3-Imino-1,2 Propadienylidene;0.004338394793926247
78;71 Silicon monoxide (global fit);0.004338394793926247
79;72 Cyclopropenylidene;0.004338394793926247
80;73 Magnesium Isocyanide;0.004338394793926247
81;74 2,4,6-Heptatriynylidyne;0.004338394793926247
82;75 Cyanobutadiynylide anion;0.004338394793926247
83;76 Formaldehyde;0.004338394793926247
84;77 Carbon Monosulfide;0.004338394793926247
85;78 Fulminic acid;0.004338394793926247
86;79 1,3,5-Hexatriynyl;0.004338394793926247
87;80 3-Silanetetrayl-1,2-Propadienylidene;0.004338394793926247
88;81 1,3-Butadiynyl radical;0.004338394793926247
89;82 trans-Ethanol;0.004338394793926247
90;83 Silicon Carbide;0.004338394793926247
91;84 1,3,5-Hexatriynyl anion;0.004338394793926247
92;85 Formylium;0.004338394793926247
93;86 Ethylene Oxide;0.004338394793926247
94;87 Sulfur dioxide;0.004338394793926247
95;88 Carbon Monophosphide;0.004338394793926247
96;89 Sulfur Monoxide ion;0.004338394793926247
97;90 Methanol;0.004338394793926247
98;92 Cyanoformaldehyde;0.004338394793926247
99;93 Isocyanic Acid;0.004338394793926247
100;94 Silicon Isocyanide;0.004338394793926247
101;95 Methylene amidogen;0.004338394793926247
102;97 Phosphaethyne;0.004338394793926247
103;98 Aluminum Monochloride;0.004338394793926247
104;99 Cyanoallene;0.004338394793926247
105;100 3-Oxo-1,2-Propadienylidene;0.004338394793926247
106;101 Methyl diacetylene;0.004338394793926247
107;102 Cyanomethylene;0.004338394793926247
108;104 Cyanomethyl;0.004338394793926247
109;105 Hydrogen Isocyanide;0.004338394793926247
110;106 Hydrogen sulfide;0.004338394793926247
111;107 Hydroxyl;0.004338394793926247
112;108 Glycolaldehyde;0.004338394793926247
113;109 Cyanide anion;0.004338394793926247
114;110 2-Propynal;0.004338394793926247
115;112 Phosphorous nitride;0.004338394793926247
116;113 Magnesium hydride isocyanide;0.004338394793926247
117;114 Potassium chloride;0.004338394793926247
118;115 Silicon tetracarbide;0.004338394793926247
119;116 Ethyl Cyanide;0.004338394793926247
120;117 Cyanamide;0.004338394793926247
121;119 Hydroxymethylidyne;0.004338394793926247
122;120 Formyl Radical;0.004338394793926247
123;121 Vinyl Alcohol;0.004338394793926247
124;122 ortho-Oxidaniumyl;0.004338394793926247
125;123 Cyanoethynylide ion;0.004338394793926247
126;124 Oxoethenylidene;0.004338394793926247
127;125 2-Butynenitrile;0.004338394793926247
128;126 Cyanoethynyl;0.004338394793926247
129;127 3-Cyano-1,2-propadienylidene;0.004338394793926247
130;128 Hydroxymethylium ion;0.004338394793926247
131;129 Thioformaldehyde;0.004338394793926247
132;131 Methyl formate, v<sub>t</sub> = 0, 1;0.004338394793926247
133;132 Cyanic acid;0.004338394793926247
