1;42 Carbon Monoxide;0.19201995012468828
2;115 Silicon tetracarbide;0.1546134663341646
3;0 Dimethyl ether;0.004987531172069825
4;1 Butatrienylidene;0.004987531172069825
5;2 Trihydrogen ion;0.004987531172069825
6;3 Nitrous Oxide;0.004987531172069825
7;4 Methyl Acetylene;0.004987531172069825
8;5 2,4,6-Heptatriynenitrile;0.004987531172069825
9;6 Ethylene Glycol;0.004987531172069825
10;7 2,4-Pentadiynylidyne;0.004987531172069825
11;8 Methyl Cyanide;0.004987531172069825
12;9 Thioformylium;0.004987531172069825
13;10 para-Oxidaniumyl;0.004987531172069825
14;11 Hydrogen Cyanide;0.004987531172069825
15;12 Titanium monoxide;0.004987531172069825
16;13 Cyanide Radical;0.004987531172069825
17;14 Formic Acid;0.004987531172069825
18;15 Nitric sulfide;0.004987531172069825
19;16 Iminomethylium;0.004987531172069825
20;17 Aluminum monoxide;0.004987531172069825
21;18 Methyl isocyanate;0.004987531172069825
22;19 Nitrosyl hydride;0.004987531172069825
23;20 Propynylidynium;0.004987531172069825
24;21 Magnesium Cyanide;0.004987531172069825
25;22 1,3-Butadiynyl anion;0.004987531172069825
26;23 Diazenylium;0.004987531172069825
27;24 Methylamine;0.004987531172069825
28;25 Chloronium;0.004987531172069825
29;26 Silicon monosulfide;0.004987531172069825
30;27 Phosphorus Monoxide;0.004987531172069825
31;28 Cyclopropenone;0.004987531172069825
32;29 Carbon Monoxide Ion;0.004987531172069825
33;30 Sodium Cyanide;0.004987531172069825
34;31 Nitric oxide;0.004987531172069825
35;32 3-Thioxo-1,2-Propadieylidene;0.004987531172069825
36;33 Silicon Cyanide;0.004987531172069825
37;34 Ethyne Isocyanide;0.004987531172069825
38;35 Sodium Chloride;0.004987531172069825
39;36 Cyanoacetylene;0.004987531172069825
40;37 Sulfur Monoxide;0.004987531172069825
41;38 Aluminum Isocyanitrile;0.004987531172069825
42;39 Cyanobutadiyne;0.004987531172069825
43;40 Potassium cyanide, potassium isocyanide;0.004987531172069825
44;41 Silicon Mononitride;0.004987531172069825
45;43 Propadienylidene;0.004987531172069825
46;44 Methanimine;0.004987531172069825
47;45 Aluminum Monofluoride;0.004987531172069825
48;46 Formamide;0.004987531172069825
49;47 1,3,5,7-Octatetraynyl anion;0.004987531172069825
50;48 Aminoacetonitrile;0.004987531172069825
51;49 Ammonia;0.004987531172069825
52;50 gauche-Ethanol;0.004987531172069825
53;51 Protonate 2-proynenitrile;0.004987531172069825
54;52 Carbonyl Sulfide;0.004987531172069825
55;53 Thioxoethenylidene;0.004987531172069825
56;54 Ethyl cyanide;0.004987531172069825
57;55 Water;0.004987531172069825
58;56 Methyl Formate;0.004987531172069825
59;57 Acetaldehyde;0.004987531172069825
60;58 Ketenimine;0.004987531172069825
61;59 Propenal;0.004987531172069825
62;60 Methyl isocyanide;0.004987531172069825
63;61 iso-propyl cyanide;0.004987531172069825
64;62 Hydrogen cyanide;0.004987531172069825
65;63 Protonated Carbon Dioxide;0.004987531172069825
66;64 Methylidyne;0.004987531172069825
67;65 Ketene;0.004987531172069825
68;66 4-Cyano-1,3-Butadiynyl;0.004987531172069825
69;67 Silicon Monoxide;0.004987531172069825
70;68 Acetone;0.004987531172069825
71;69 Vinyl Cyanide;0.004987531172069825
72;70 3-Imino-1,2 Propadienylidene;0.004987531172069825
73;71 Silicon monoxide (global fit);0.004987531172069825
74;72 Cyclopropenylidene;0.004987531172069825
75;73 Magnesium Isocyanide;0.004987531172069825
76;74 2,4,6-Heptatriynylidyne;0.004987531172069825
77;75 Cyanobutadiynylide anion;0.004987531172069825
78;76 Formaldehyde;0.004987531172069825
79;77 Carbon Monosulfide;0.004987531172069825
80;78 Fulminic acid;0.004987531172069825
81;79 1,3,5-Hexatriynyl;0.004987531172069825
82;80 3-Silanetetrayl-1,2-Propadienylidene;0.004987531172069825
83;81 1,3-Butadiynyl radical;0.004987531172069825
84;82 trans-Ethanol;0.004987531172069825
85;83 Silicon Carbide;0.004987531172069825
86;84 1,3,5-Hexatriynyl anion;0.004987531172069825
87;85 Formylium;0.004987531172069825
88;86 Ethylene Oxide;0.004987531172069825
89;87 Sulfur dioxide;0.004987531172069825
90;88 Carbon Monophosphide;0.004987531172069825
91;89 Sulfur Monoxide ion;0.004987531172069825
92;90 Methanol;0.004987531172069825
93;91 Sulfur Dioxide;0.004987531172069825
94;92 Cyanoformaldehyde;0.004987531172069825
95;93 Isocyanic Acid;0.004987531172069825
96;94 Silicon Isocyanide;0.004987531172069825
97;95 Methylene amidogen;0.004987531172069825
98;96 Silicon Monocarbide;0.004987531172069825
99;97 Phosphaethyne;0.004987531172069825
100;98 Aluminum Monochloride;0.004987531172069825
101;99 Cyanoallene;0.004987531172069825
102;100 3-Oxo-1,2-Propadienylidene;0.004987531172069825
103;101 Methyl diacetylene;0.004987531172069825
104;102 Cyanomethylene;0.004987531172069825
105;103 Phosphapropynylidyne;0.004987531172069825
106;104 Cyanomethyl;0.004987531172069825
107;105 Hydrogen Isocyanide;0.004987531172069825
108;106 Hydrogen sulfide;0.004987531172069825
109;107 Hydroxyl;0.004987531172069825
110;108 Glycolaldehyde;0.004987531172069825
111;109 Cyanide anion;0.004987531172069825
112;110 2-Propynal;0.004987531172069825
113;111 Ethynyl;0.004987531172069825
114;112 Phosphorous nitride;0.004987531172069825
115;113 Magnesium hydride isocyanide;0.004987531172069825
116;114 Potassium chloride;0.004987531172069825
117;116 Ethyl Cyanide;0.004987531172069825
118;117 Cyanamide;0.004987531172069825
119;118 Amidogen;0.004987531172069825
120;119 Hydroxymethylidyne;0.004987531172069825
121;120 Formyl Radical;0.004987531172069825
122;121 Vinyl Alcohol;0.004987531172069825
123;122 ortho-Oxidaniumyl;0.004987531172069825
124;123 Cyanoethynylide ion;0.004987531172069825
125;124 Oxoethenylidene;0.004987531172069825
126;125 2-Butynenitrile;0.004987531172069825
127;126 Cyanoethynyl;0.004987531172069825
128;127 3-Cyano-1,2-propadienylidene;0.004987531172069825
129;128 Hydroxymethylium ion;0.004987531172069825
130;129 Thioformaldehyde;0.004987531172069825
131;130 Isothiocyanic acid;0.004987531172069825
132;131 Methyl formate, v<sub>t</sub> = 0, 1;0.004987531172069825
133;132 Cyanic acid;0.004987531172069825
