1;11 2-Propynal;0.06315789473684211
2;78 Protonated Carbon Dioxide;0.0456140350877193
3;65 Silicon Monoxide;0.028070175438596492
4;0 Isocyanic Acid;0.010526315789473684
5;1 Propenal;0.010526315789473684
6;2 Ketene;0.010526315789473684
7;3 Oxonium hydride;0.010526315789473684
8;4 Thioformylium;0.010526315789473684
9;5 Vinyl Cyanide;0.010526315789473684
10;6 Methyl Formate;0.010526315789473684
11;7 Hydroxyl;0.010526315789473684
12;8 Methyliumylidene;0.010526315789473684
13;9 Iminomethylium;0.010526315789473684
14;10 Hydroxymethylium ion;0.010526315789473684
15;12 Carbon Monosulfide;0.010526315789473684
16;13 Cyanomethyl;0.010526315789473684
17;14 Methyl Acetylene;0.010526315789473684
18;15 2-Butynenitrile;0.010526315789473684
19;16 Methyl formate vt01;0.010526315789473684
20;17 Ethyl Cyanide;0.010526315789473684
21;18 gauche-Ethanol;0.010526315789473684
22;19 Glycolaldehyde;0.010526315789473684
23;20 Water;0.010526315789473684
24;21 Hydrogen sulfide;0.010526315789473684
25;22 Sulfur Monoxide ion;0.010526315789473684
26;23 1,3-Butadiynyl radical;0.010526315789473684
27;24 Formylium;0.010526315789473684
28;25 Fulminic acid;0.010526315789473684
29;26 Trihydrogen ion;0.010526315789473684
30;27 Methanimine;0.010526315789473684
31;28 Nitrous Oxide;0.010526315789473684
32;29 Propadienylidene;0.010526315789473684
33;30 Ethylene Oxide;0.010526315789473684
34;31 Ketenimine;0.010526315789473684
35;32 2,4,6-Heptatriynenitrile;0.010526315789473684
36;33 Aminoacetonitrile;0.010526315789473684
37;34 Methanol;0.010526315789473684
38;35 Ammonia;0.010526315789473684
39;36 Formyl Radical;0.010526315789473684
40;37 Methyl Cyanide;0.010526315789473684
41;38 Molecular oxygen;0.010526315789473684
42;39 Cyclopropenone;0.010526315789473684
43;40 Carbonyl Sulfide;0.010526315789473684
44;41 Acetaldehyde;0.010526315789473684
45;42 Cyanomethylene;0.010526315789473684
46;43 3-Thioxo-1,2-Propadieylidene;0.010526315789473684
47;44 Formamide;0.010526315789473684
48;45 Cyanobutadiyne;0.010526315789473684
49;46 Sulfur Dioxide;0.010526315789473684
50;47 Methyl isocyanide;0.010526315789473684
51;48 Nitric sulfide;0.010526315789473684
52;49 Methylene;0.010526315789473684
53;50 Hydrochloric acid;0.010526315789473684
54;51 Ethyne Isocyanide;0.010526315789473684
55;52 Cyanide Radical;0.010526315789473684
56;53 Nitric oxide;0.010526315789473684
57;54 Cyanic acid;0.010526315789473684
58;55 Formaldehyde;0.010526315789473684
59;56 Sulfur Monoxide;0.010526315789473684
60;57 Protonate 2-proynenitrile;0.010526315789473684
61;58 Ethynyl;0.010526315789473684
62;59 Ethylene Glycol;0.010526315789473684
63;60 Hydrogen Cyanide;0.010526315789473684
64;61 Fluoromethyliumylidene;0.010526315789473684
65;62 Methylidyne;0.010526315789473684
66;63 Thioxoethenylidene;0.010526315789473684
67;64 Cyanomethanimine;0.010526315789473684
68;66 Dimethyl ether;0.010526315789473684
69;67 Acetone;0.010526315789473684
70;68 Carbon Monoxide;0.010526315789473684
71;69 Phosphorous nitride;0.010526315789473684
72;70 Thioformaldehyde;0.010526315789473684
73;71 Diazenylium;0.010526315789473684
74;72 Cyanoformaldehyde;0.010526315789473684
75;73 Isothiocyanic acid;0.010526315789473684
76;74 Vinyl Alcohol;0.010526315789473684
77;75 Hydrogen Isocyanide;0.010526315789473684
78;76 Carbon Monosulfide;0.010526315789473684
79;77 Methylamine;0.010526315789473684
80;79 Formic Acid;0.010526315789473684
81;80 Cyclopropenylidene;0.010526315789473684
82;81 Cyanoacetylene;0.010526315789473684
83;82 para-Oxidaniumyl;0.010526315789473684
84;83 ortho-Oxidaniumyl;0.010526315789473684
85;84 Nitrosyl hydride;0.010526315789473684
