1;26 Trihydrogen ion;0.0807017543859649
2;39 Cyclopropenone;0.0456140350877193
3;0 Isocyanic Acid;0.010526315789473684
4;1 Propenal;0.010526315789473684
5;2 Ketene;0.010526315789473684
6;3 Oxonium hydride;0.010526315789473684
7;4 Thioformylium;0.010526315789473684
8;5 Vinyl Cyanide;0.010526315789473684
9;6 Methyl Formate;0.010526315789473684
10;7 Hydroxyl;0.010526315789473684
11;8 Methyliumylidene;0.010526315789473684
12;9 Iminomethylium;0.010526315789473684
13;10 Hydroxymethylium ion;0.010526315789473684
14;11 2-Propynal;0.010526315789473684
15;12 Carbon Monosulfide;0.010526315789473684
16;13 Cyanomethyl;0.010526315789473684
17;14 Methyl Acetylene;0.010526315789473684
18;15 2-Butynenitrile;0.010526315789473684
19;16 Methyl formate vt01;0.010526315789473684
20;17 Ethyl Cyanide;0.010526315789473684
21;18 gauche-Ethanol;0.010526315789473684
22;19 Glycolaldehyde;0.010526315789473684
23;20 Water;0.010526315789473684
24;21 Hydrogen sulfide;0.010526315789473684
25;22 Sulfur Monoxide ion;0.010526315789473684
26;23 1,3-Butadiynyl radical;0.010526315789473684
27;24 Formylium;0.010526315789473684
28;25 Fulminic acid;0.010526315789473684
29;27 Methanimine;0.010526315789473684
30;28 Nitrous Oxide;0.010526315789473684
31;29 Propadienylidene;0.010526315789473684
32;30 Ethylene Oxide;0.010526315789473684
33;31 Ketenimine;0.010526315789473684
34;32 2,4,6-Heptatriynenitrile;0.010526315789473684
35;33 Aminoacetonitrile;0.010526315789473684
36;34 Methanol;0.010526315789473684
37;35 Ammonia;0.010526315789473684
38;36 Formyl Radical;0.010526315789473684
39;37 Methyl Cyanide;0.010526315789473684
40;38 Molecular oxygen;0.010526315789473684
41;40 Carbonyl Sulfide;0.010526315789473684
42;41 Acetaldehyde;0.010526315789473684
43;42 Cyanomethylene;0.010526315789473684
44;43 3-Thioxo-1,2-Propadieylidene;0.010526315789473684
45;44 Formamide;0.010526315789473684
46;45 Cyanobutadiyne;0.010526315789473684
47;46 Sulfur Dioxide;0.010526315789473684
48;47 Methyl isocyanide;0.010526315789473684
49;48 Nitric sulfide;0.010526315789473684
50;49 Methylene;0.010526315789473684
51;50 Hydrochloric acid;0.010526315789473684
52;51 Ethyne Isocyanide;0.010526315789473684
53;52 Cyanide Radical;0.010526315789473684
54;53 Nitric oxide;0.010526315789473684
55;54 Cyanic acid;0.010526315789473684
56;55 Formaldehyde;0.010526315789473684
57;56 Sulfur Monoxide;0.010526315789473684
58;57 Protonate 2-proynenitrile;0.010526315789473684
59;58 Ethynyl;0.010526315789473684
60;59 Ethylene Glycol;0.010526315789473684
61;60 Hydrogen Cyanide;0.010526315789473684
62;61 Fluoromethyliumylidene;0.010526315789473684
63;62 Methylidyne;0.010526315789473684
64;63 Thioxoethenylidene;0.010526315789473684
65;64 Cyanomethanimine;0.010526315789473684
66;65 Silicon Monoxide;0.010526315789473684
67;66 Dimethyl ether;0.010526315789473684
68;67 Acetone;0.010526315789473684
69;68 Carbon Monoxide;0.010526315789473684
70;69 Phosphorous nitride;0.010526315789473684
71;70 Thioformaldehyde;0.010526315789473684
72;71 Diazenylium;0.010526315789473684
73;72 Cyanoformaldehyde;0.010526315789473684
74;73 Isothiocyanic acid;0.010526315789473684
75;74 Vinyl Alcohol;0.010526315789473684
76;75 Hydrogen Isocyanide;0.010526315789473684
77;76 Carbon Monosulfide;0.010526315789473684
78;77 Methylamine;0.010526315789473684
79;78 Protonated Carbon Dioxide;0.010526315789473684
80;79 Formic Acid;0.010526315789473684
81;80 Cyclopropenylidene;0.010526315789473684
82;81 Cyanoacetylene;0.010526315789473684
83;82 para-Oxidaniumyl;0.010526315789473684
84;83 ortho-Oxidaniumyl;0.010526315789473684
85;84 Nitrosyl hydride;0.010526315789473684
