1;69 Phosphorous nitride;0.34074074074074073
2;57 Protonate 2-proynenitrile;0.019753086419753086
3;59 Ethylene Glycol;0.019753086419753086
4;81 Cyanoacetylene;0.019753086419753086
5;0 Isocyanic Acid;0.007407407407407407
6;1 Propenal;0.007407407407407407
7;2 Ketene;0.007407407407407407
8;3 Oxonium hydride;0.007407407407407407
9;4 Thioformylium;0.007407407407407407
10;5 Vinyl Cyanide;0.007407407407407407
11;6 Methyl Formate;0.007407407407407407
12;7 Hydroxyl;0.007407407407407407
13;8 Methyliumylidene;0.007407407407407407
14;9 Iminomethylium;0.007407407407407407
15;10 Hydroxymethylium ion;0.007407407407407407
16;11 2-Propynal;0.007407407407407407
17;12 Carbon Monosulfide;0.007407407407407407
18;13 Cyanomethyl;0.007407407407407407
19;14 Methyl Acetylene;0.007407407407407407
20;15 2-Butynenitrile;0.007407407407407407
21;16 Methyl formate vt01;0.007407407407407407
22;17 Ethyl Cyanide;0.007407407407407407
23;18 gauche-Ethanol;0.007407407407407407
24;19 Glycolaldehyde;0.007407407407407407
25;20 Water;0.007407407407407407
26;21 Hydrogen sulfide;0.007407407407407407
27;22 Sulfur Monoxide ion;0.007407407407407407
28;23 1,3-Butadiynyl radical;0.007407407407407407
29;24 Formylium;0.007407407407407407
30;25 Fulminic acid;0.007407407407407407
31;26 Trihydrogen ion;0.007407407407407407
32;27 Methanimine;0.007407407407407407
33;28 Nitrous Oxide;0.007407407407407407
34;29 Propadienylidene;0.007407407407407407
35;30 Ethylene Oxide;0.007407407407407407
36;31 Ketenimine;0.007407407407407407
37;32 2,4,6-Heptatriynenitrile;0.007407407407407407
38;33 Aminoacetonitrile;0.007407407407407407
39;34 Methanol;0.007407407407407407
40;35 Ammonia;0.007407407407407407
41;36 Formyl Radical;0.007407407407407407
42;37 Methyl Cyanide;0.007407407407407407
43;38 Molecular oxygen;0.007407407407407407
44;39 Cyclopropenone;0.007407407407407407
45;40 Carbonyl Sulfide;0.007407407407407407
46;41 Acetaldehyde;0.007407407407407407
47;42 Cyanomethylene;0.007407407407407407
48;43 3-Thioxo-1,2-Propadieylidene;0.007407407407407407
49;44 Formamide;0.007407407407407407
50;45 Cyanobutadiyne;0.007407407407407407
51;46 Sulfur Dioxide;0.007407407407407407
52;47 Methyl isocyanide;0.007407407407407407
53;48 Nitric sulfide;0.007407407407407407
54;49 Methylene;0.007407407407407407
55;50 Hydrochloric acid;0.007407407407407407
56;51 Ethyne Isocyanide;0.007407407407407407
57;52 Cyanide Radical;0.007407407407407407
58;53 Nitric oxide;0.007407407407407407
59;54 Cyanic acid;0.007407407407407407
60;55 Formaldehyde;0.007407407407407407
61;56 Sulfur Monoxide;0.007407407407407407
62;58 Ethynyl;0.007407407407407407
63;60 Hydrogen Cyanide;0.007407407407407407
64;61 Fluoromethyliumylidene;0.007407407407407407
65;62 Methylidyne;0.007407407407407407
66;63 Thioxoethenylidene;0.007407407407407407
67;64 Cyanomethanimine;0.007407407407407407
68;65 Silicon Monoxide;0.007407407407407407
69;66 Dimethyl ether;0.007407407407407407
70;67 Acetone;0.007407407407407407
71;68 Carbon Monoxide;0.007407407407407407
72;70 Thioformaldehyde;0.007407407407407407
73;71 Diazenylium;0.007407407407407407
74;72 Cyanoformaldehyde;0.007407407407407407
75;73 Isothiocyanic acid;0.007407407407407407
76;74 Vinyl Alcohol;0.007407407407407407
77;75 Hydrogen Isocyanide;0.007407407407407407
78;76 Carbon Monosulfide;0.007407407407407407
79;77 Methylamine;0.007407407407407407
80;78 Protonated Carbon Dioxide;0.007407407407407407
81;79 Formic Acid;0.007407407407407407
82;80 Cyclopropenylidene;0.007407407407407407
83;82 para-Oxidaniumyl;0.007407407407407407
84;83 ortho-Oxidaniumyl;0.007407407407407407
85;84 Nitrosyl hydride;0.007407407407407407
