1;26 Silicon Monoxide;0.23913043478260868
2;0 Methylidyne;0.021739130434782605
3;1 1,3-Butadiynyl radical;0.021739130434782605
4;2 Formaldehyde;0.021739130434782605
5;3 Sulfur dioxide;0.021739130434782605
6;4 Carbon Monoxide;0.021739130434782605
7;5 Water;0.021739130434782605
8;6 Carbon Monoxide Ion;0.021739130434782605
9;7 Nitric sulfide;0.021739130434782605
10;8 Isocyanic Acid;0.021739130434782605
11;9 Methyliumylidene;0.021739130434782605
12;10 Cyanide Radical;0.021739130434782605
13;11 Ethynyl;0.021739130434782605
14;12 Carbonyl Sulfide;0.021739130434782605
15;13 Hydroxyl;0.021739130434782605
16;14 Diazenylium;0.021739130434782605
17;15 Thioxoethenylidene;0.021739130434782605
18;16 Nitric oxide;0.021739130434782605
19;17 Methyl Cyanide;0.021739130434782605
20;18 Cyclopropenylidene;0.021739130434782605
21;19 Methanimine;0.021739130434782605
22;20 Methanol;0.021739130434782605
23;21 Thioformaldehyde;0.021739130434782605
24;22 Ammonia;0.021739130434782605
25;23 Cyanamide;0.021739130434782605
26;24 Cyanoacetylene;0.021739130434782605
27;25 Sodium Chloride;0.021739130434782605
28;27 Sulfur Monoxide;0.021739130434782605
29;28 Protonated Carbon Dioxide;0.021739130434782605
30;29 Hydrogen Cyanide;0.021739130434782605
31;30 Carbon Monosulfide;0.021739130434782605
32;31 Hydrogen sulfide;0.021739130434782605
33;32 Molecular oxygen;0.021739130434782605
34;33 Hydrogen Isocyanide;0.021739130434782605
35;34 Formylium;0.021739130434782605
36;35 Methyl Acetylene;0.021739130434782605
