1;11 Ethynyl;0.14634146341463417
2;0 Methylidyne;0.024390243902439022
3;1 1,3-Butadiynyl radical;0.024390243902439022
4;2 Formaldehyde;0.024390243902439022
5;3 Sulfur dioxide;0.024390243902439022
6;4 Carbon Monoxide;0.024390243902439022
7;5 Water;0.024390243902439022
8;6 Carbon Monoxide Ion;0.024390243902439022
9;7 Nitric sulfide;0.024390243902439022
10;8 Isocyanic Acid;0.024390243902439022
11;9 Methyliumylidene;0.024390243902439022
12;10 Cyanide Radical;0.024390243902439022
13;12 Carbonyl Sulfide;0.024390243902439022
14;13 Hydroxyl;0.024390243902439022
15;14 Diazenylium;0.024390243902439022
16;15 Thioxoethenylidene;0.024390243902439022
17;16 Nitric oxide;0.024390243902439022
18;17 Methyl Cyanide;0.024390243902439022
19;18 Cyclopropenylidene;0.024390243902439022
20;19 Methanimine;0.024390243902439022
21;20 Methanol;0.024390243902439022
22;21 Thioformaldehyde;0.024390243902439022
23;22 Ammonia;0.024390243902439022
24;23 Cyanamide;0.024390243902439022
25;24 Cyanoacetylene;0.024390243902439022
26;25 Sodium Chloride;0.024390243902439022
27;26 Silicon Monoxide;0.024390243902439022
28;27 Sulfur Monoxide;0.024390243902439022
29;28 Protonated Carbon Dioxide;0.024390243902439022
30;29 Hydrogen Cyanide;0.024390243902439022
31;30 Carbon Monosulfide;0.024390243902439022
32;31 Hydrogen sulfide;0.024390243902439022
33;32 Molecular oxygen;0.024390243902439022
34;33 Hydrogen Isocyanide;0.024390243902439022
35;34 Formylium;0.024390243902439022
36;35 Methyl Acetylene;0.024390243902439022
