1;11 Ethynyl;0.6534653465346535
2;0 Methylidyne;0.0099009900990099
3;1 1,3-Butadiynyl radical;0.0099009900990099
4;2 Formaldehyde;0.0099009900990099
5;3 Sulfur dioxide;0.0099009900990099
6;4 Carbon Monoxide;0.0099009900990099
7;5 Water;0.0099009900990099
8;6 Carbon Monoxide Ion;0.0099009900990099
9;7 Nitric sulfide;0.0099009900990099
10;8 Isocyanic Acid;0.0099009900990099
11;9 Methyliumylidene;0.0099009900990099
12;10 Cyanide Radical;0.0099009900990099
13;12 Carbonyl Sulfide;0.0099009900990099
14;13 Hydroxyl;0.0099009900990099
15;14 Diazenylium;0.0099009900990099
16;15 Thioxoethenylidene;0.0099009900990099
17;16 Nitric oxide;0.0099009900990099
18;17 Methyl Cyanide;0.0099009900990099
19;18 Cyclopropenylidene;0.0099009900990099
20;19 Methanimine;0.0099009900990099
21;20 Methanol;0.0099009900990099
22;21 Thioformaldehyde;0.0099009900990099
23;22 Ammonia;0.0099009900990099
24;23 Cyanamide;0.0099009900990099
25;24 Cyanoacetylene;0.0099009900990099
26;25 Sodium Chloride;0.0099009900990099
27;26 Silicon Monoxide;0.0099009900990099
28;27 Sulfur Monoxide;0.0099009900990099
29;28 Protonated Carbon Dioxide;0.0099009900990099
30;29 Hydrogen Cyanide;0.0099009900990099
31;30 Carbon Monosulfide;0.0099009900990099
32;31 Hydrogen sulfide;0.0099009900990099
33;32 Molecular oxygen;0.0099009900990099
34;33 Hydrogen Isocyanide;0.0099009900990099
35;34 Formylium;0.0099009900990099
36;35 Methyl Acetylene;0.0099009900990099
