1;8 Methyliumylidene;0.21913043478260869
2;25 Fulminic acid;0.18724637681159417
3;4 Thioformylium;0.11768115942028987
4;76 Carbon Monosulfide;0.11478260869565218
5;24 Formylium;0.09159420289855073
6;82 para-Oxidaniumyl;0.06260869565217392
7;61 Fluoromethyliumylidene;0.05101449275362319
8;63 Thioxoethenylidene;0.022028985507246374
9;0 Isocyanic Acid;0.0017391304347826085
10;1 Propenal;0.0017391304347826085
11;2 Ketene;0.0017391304347826085
12;3 Oxonium hydride;0.0017391304347826085
13;5 Vinyl Cyanide;0.0017391304347826085
14;6 Methyl Formate;0.0017391304347826085
15;7 Hydroxyl;0.0017391304347826085
16;9 Iminomethylium;0.0017391304347826085
17;10 Hydroxymethylium ion;0.0017391304347826085
18;11 2-Propynal;0.0017391304347826085
19;12 Carbon Monosulfide;0.0017391304347826085
20;13 Cyanomethyl;0.0017391304347826085
21;14 Methyl Acetylene;0.0017391304347826085
22;15 2-Butynenitrile;0.0017391304347826085
23;16 Methyl formate vt01;0.0017391304347826085
24;17 Ethyl Cyanide;0.0017391304347826085
25;18 gauche-Ethanol;0.0017391304347826085
26;19 Glycolaldehyde;0.0017391304347826085
27;20 Water;0.0017391304347826085
28;21 Hydrogen sulfide;0.0017391304347826085
29;22 Sulfur Monoxide ion;0.0017391304347826085
30;23 1,3-Butadiynyl radical;0.0017391304347826085
31;26 Trihydrogen ion;0.0017391304347826085
32;27 Methanimine;0.0017391304347826085
33;28 Nitrous Oxide;0.0017391304347826085
34;29 Propadienylidene;0.0017391304347826085
35;30 Ethylene Oxide;0.0017391304347826085
36;31 Ketenimine;0.0017391304347826085
37;32 2,4,6-Heptatriynenitrile;0.0017391304347826085
38;33 Aminoacetonitrile;0.0017391304347826085
39;34 Methanol;0.0017391304347826085
40;35 Ammonia;0.0017391304347826085
41;36 Formyl Radical;0.0017391304347826085
42;37 Methyl Cyanide;0.0017391304347826085
43;38 Molecular oxygen;0.0017391304347826085
44;39 Cyclopropenone;0.0017391304347826085
45;40 Carbonyl Sulfide;0.0017391304347826085
46;41 Acetaldehyde;0.0017391304347826085
47;42 Cyanomethylene;0.0017391304347826085
48;43 3-Thioxo-1,2-Propadieylidene;0.0017391304347826085
49;44 Formamide;0.0017391304347826085
50;45 Cyanobutadiyne;0.0017391304347826085
51;46 Sulfur Dioxide;0.0017391304347826085
52;47 Methyl isocyanide;0.0017391304347826085
53;48 Nitric sulfide;0.0017391304347826085
54;49 Methylene;0.0017391304347826085
55;50 Hydrochloric acid;0.0017391304347826085
56;51 Ethyne Isocyanide;0.0017391304347826085
57;52 Cyanide Radical;0.0017391304347826085
58;53 Nitric oxide;0.0017391304347826085
59;54 Cyanic acid;0.0017391304347826085
60;55 Formaldehyde;0.0017391304347826085
61;56 Sulfur Monoxide;0.0017391304347826085
62;57 Protonate 2-proynenitrile;0.0017391304347826085
63;58 Ethynyl;0.0017391304347826085
64;59 Ethylene Glycol;0.0017391304347826085
65;60 Hydrogen Cyanide;0.0017391304347826085
66;62 Methylidyne;0.0017391304347826085
67;64 Cyanomethanimine;0.0017391304347826085
68;65 Silicon Monoxide;0.0017391304347826085
69;66 Dimethyl ether;0.0017391304347826085
70;67 Acetone;0.0017391304347826085
71;68 Carbon Monoxide;0.0017391304347826085
72;69 Phosphorous nitride;0.0017391304347826085
73;70 Thioformaldehyde;0.0017391304347826085
74;71 Diazenylium;0.0017391304347826085
75;72 Cyanoformaldehyde;0.0017391304347826085
76;73 Isothiocyanic acid;0.0017391304347826085
77;74 Vinyl Alcohol;0.0017391304347826085
78;75 Hydrogen Isocyanide;0.0017391304347826085
79;77 Methylamine;0.0017391304347826085
80;78 Protonated Carbon Dioxide;0.0017391304347826085
81;79 Formic Acid;0.0017391304347826085
82;80 Cyclopropenylidene;0.0017391304347826085
83;81 Cyanoacetylene;0.0017391304347826085
84;83 ortho-Oxidaniumyl;0.0017391304347826085
85;84 Nitrosyl hydride;0.0017391304347826085
