1;69 Phosphorous nitride;0.8452173913043479
2;11 2-Propynal;0.00463768115942029
3;36 Formyl Radical;0.00463768115942029
4;75 Hydrogen Isocyanide;0.00463768115942029
5;0 Isocyanic Acid;0.0017391304347826085
6;1 Propenal;0.0017391304347826085
7;2 Ketene;0.0017391304347826085
8;3 Oxonium hydride;0.0017391304347826085
9;4 Thioformylium;0.0017391304347826085
10;5 Vinyl Cyanide;0.0017391304347826085
11;6 Methyl Formate;0.0017391304347826085
12;7 Hydroxyl;0.0017391304347826085
13;8 Methyliumylidene;0.0017391304347826085
14;9 Iminomethylium;0.0017391304347826085
15;10 Hydroxymethylium ion;0.0017391304347826085
16;12 Carbon Monosulfide;0.0017391304347826085
17;13 Cyanomethyl;0.0017391304347826085
18;14 Methyl Acetylene;0.0017391304347826085
19;15 2-Butynenitrile;0.0017391304347826085
20;16 Methyl formate vt01;0.0017391304347826085
21;17 Ethyl Cyanide;0.0017391304347826085
22;18 gauche-Ethanol;0.0017391304347826085
23;19 Glycolaldehyde;0.0017391304347826085
24;20 Water;0.0017391304347826085
25;21 Hydrogen sulfide;0.0017391304347826085
26;22 Sulfur Monoxide ion;0.0017391304347826085
27;23 1,3-Butadiynyl radical;0.0017391304347826085
28;24 Formylium;0.0017391304347826085
29;25 Fulminic acid;0.0017391304347826085
30;26 Trihydrogen ion;0.0017391304347826085
31;27 Methanimine;0.0017391304347826085
32;28 Nitrous Oxide;0.0017391304347826085
33;29 Propadienylidene;0.0017391304347826085
34;30 Ethylene Oxide;0.0017391304347826085
35;31 Ketenimine;0.0017391304347826085
36;32 2,4,6-Heptatriynenitrile;0.0017391304347826085
37;33 Aminoacetonitrile;0.0017391304347826085
38;34 Methanol;0.0017391304347826085
39;35 Ammonia;0.0017391304347826085
40;37 Methyl Cyanide;0.0017391304347826085
41;38 Molecular oxygen;0.0017391304347826085
42;39 Cyclopropenone;0.0017391304347826085
43;40 Carbonyl Sulfide;0.0017391304347826085
44;41 Acetaldehyde;0.0017391304347826085
45;42 Cyanomethylene;0.0017391304347826085
46;43 3-Thioxo-1,2-Propadieylidene;0.0017391304347826085
47;44 Formamide;0.0017391304347826085
48;45 Cyanobutadiyne;0.0017391304347826085
49;46 Sulfur Dioxide;0.0017391304347826085
50;47 Methyl isocyanide;0.0017391304347826085
51;48 Nitric sulfide;0.0017391304347826085
52;49 Methylene;0.0017391304347826085
53;50 Hydrochloric acid;0.0017391304347826085
54;51 Ethyne Isocyanide;0.0017391304347826085
55;52 Cyanide Radical;0.0017391304347826085
56;53 Nitric oxide;0.0017391304347826085
57;54 Cyanic acid;0.0017391304347826085
58;55 Formaldehyde;0.0017391304347826085
59;56 Sulfur Monoxide;0.0017391304347826085
60;57 Protonate 2-proynenitrile;0.0017391304347826085
61;58 Ethynyl;0.0017391304347826085
62;59 Ethylene Glycol;0.0017391304347826085
63;60 Hydrogen Cyanide;0.0017391304347826085
64;61 Fluoromethyliumylidene;0.0017391304347826085
65;62 Methylidyne;0.0017391304347826085
66;63 Thioxoethenylidene;0.0017391304347826085
67;64 Cyanomethanimine;0.0017391304347826085
68;65 Silicon Monoxide;0.0017391304347826085
69;66 Dimethyl ether;0.0017391304347826085
70;67 Acetone;0.0017391304347826085
71;68 Carbon Monoxide;0.0017391304347826085
72;70 Thioformaldehyde;0.0017391304347826085
73;71 Diazenylium;0.0017391304347826085
74;72 Cyanoformaldehyde;0.0017391304347826085
75;73 Isothiocyanic acid;0.0017391304347826085
76;74 Vinyl Alcohol;0.0017391304347826085
77;76 Carbon Monosulfide;0.0017391304347826085
78;77 Methylamine;0.0017391304347826085
79;78 Protonated Carbon Dioxide;0.0017391304347826085
80;79 Formic Acid;0.0017391304347826085
81;80 Cyclopropenylidene;0.0017391304347826085
82;81 Cyanoacetylene;0.0017391304347826085
83;82 para-Oxidaniumyl;0.0017391304347826085
84;83 ortho-Oxidaniumyl;0.0017391304347826085
85;84 Nitrosyl hydride;0.0017391304347826085
