1;81 Cyanoacetylene;0.8278260869565218
2;54 Cyanic acid;0.007536231884057971
3;2 Ketene;0.00463768115942029
4;39 Cyclopropenone;0.00463768115942029
5;51 Ethyne Isocyanide;0.00463768115942029
6;63 Thioxoethenylidene;0.00463768115942029
7;67 Acetone;0.00463768115942029
8;69 Phosphorous nitride;0.00463768115942029
9;74 Vinyl Alcohol;0.00463768115942029
10;0 Isocyanic Acid;0.0017391304347826085
11;1 Propenal;0.0017391304347826085
12;3 Oxonium hydride;0.0017391304347826085
13;4 Thioformylium;0.0017391304347826085
14;5 Vinyl Cyanide;0.0017391304347826085
15;6 Methyl Formate;0.0017391304347826085
16;7 Hydroxyl;0.0017391304347826085
17;8 Methyliumylidene;0.0017391304347826085
18;9 Iminomethylium;0.0017391304347826085
19;10 Hydroxymethylium ion;0.0017391304347826085
20;11 2-Propynal;0.0017391304347826085
21;12 Carbon Monosulfide;0.0017391304347826085
22;13 Cyanomethyl;0.0017391304347826085
23;14 Methyl Acetylene;0.0017391304347826085
24;15 2-Butynenitrile;0.0017391304347826085
25;16 Methyl formate vt01;0.0017391304347826085
26;17 Ethyl Cyanide;0.0017391304347826085
27;18 gauche-Ethanol;0.0017391304347826085
28;19 Glycolaldehyde;0.0017391304347826085
29;20 Water;0.0017391304347826085
30;21 Hydrogen sulfide;0.0017391304347826085
31;22 Sulfur Monoxide ion;0.0017391304347826085
32;23 1,3-Butadiynyl radical;0.0017391304347826085
33;24 Formylium;0.0017391304347826085
34;25 Fulminic acid;0.0017391304347826085
35;26 Trihydrogen ion;0.0017391304347826085
36;27 Methanimine;0.0017391304347826085
37;28 Nitrous Oxide;0.0017391304347826085
38;29 Propadienylidene;0.0017391304347826085
39;30 Ethylene Oxide;0.0017391304347826085
40;31 Ketenimine;0.0017391304347826085
41;32 2,4,6-Heptatriynenitrile;0.0017391304347826085
42;33 Aminoacetonitrile;0.0017391304347826085
43;34 Methanol;0.0017391304347826085
44;35 Ammonia;0.0017391304347826085
45;36 Formyl Radical;0.0017391304347826085
46;37 Methyl Cyanide;0.0017391304347826085
47;38 Molecular oxygen;0.0017391304347826085
48;40 Carbonyl Sulfide;0.0017391304347826085
49;41 Acetaldehyde;0.0017391304347826085
50;42 Cyanomethylene;0.0017391304347826085
51;43 3-Thioxo-1,2-Propadieylidene;0.0017391304347826085
52;44 Formamide;0.0017391304347826085
53;45 Cyanobutadiyne;0.0017391304347826085
54;46 Sulfur Dioxide;0.0017391304347826085
55;47 Methyl isocyanide;0.0017391304347826085
56;48 Nitric sulfide;0.0017391304347826085
57;49 Methylene;0.0017391304347826085
58;50 Hydrochloric acid;0.0017391304347826085
59;52 Cyanide Radical;0.0017391304347826085
60;53 Nitric oxide;0.0017391304347826085
61;55 Formaldehyde;0.0017391304347826085
62;56 Sulfur Monoxide;0.0017391304347826085
63;57 Protonate 2-proynenitrile;0.0017391304347826085
64;58 Ethynyl;0.0017391304347826085
65;59 Ethylene Glycol;0.0017391304347826085
66;60 Hydrogen Cyanide;0.0017391304347826085
67;61 Fluoromethyliumylidene;0.0017391304347826085
68;62 Methylidyne;0.0017391304347826085
69;64 Cyanomethanimine;0.0017391304347826085
70;65 Silicon Monoxide;0.0017391304347826085
71;66 Dimethyl ether;0.0017391304347826085
72;68 Carbon Monoxide;0.0017391304347826085
73;70 Thioformaldehyde;0.0017391304347826085
74;71 Diazenylium;0.0017391304347826085
75;72 Cyanoformaldehyde;0.0017391304347826085
76;73 Isothiocyanic acid;0.0017391304347826085
77;75 Hydrogen Isocyanide;0.0017391304347826085
78;76 Carbon Monosulfide;0.0017391304347826085
79;77 Methylamine;0.0017391304347826085
80;78 Protonated Carbon Dioxide;0.0017391304347826085
81;79 Formic Acid;0.0017391304347826085
82;80 Cyclopropenylidene;0.0017391304347826085
83;82 para-Oxidaniumyl;0.0017391304347826085
84;83 ortho-Oxidaniumyl;0.0017391304347826085
85;84 Nitrosyl hydride;0.0017391304347826085
