1;8 Methyliumylidene;0.4483221476510067
2;75 Hydrogen Isocyanide;0.13624161073825503
3;82 para-Oxidaniumyl;0.11946308724832215
4;9 Iminomethylium;0.06241610738255034
5;57 Protonate 2-proynenitrile;0.038926174496644296
6;61 Fluoromethyliumylidene;0.03557046979865772
7;0 Isocyanic Acid;0.002013422818791946
8;1 Propenal;0.002013422818791946
9;2 Ketene;0.002013422818791946
10;3 Oxonium hydride;0.002013422818791946
11;4 Thioformylium;0.002013422818791946
12;5 Vinyl Cyanide;0.002013422818791946
13;6 Methyl Formate;0.002013422818791946
14;7 Hydroxyl;0.002013422818791946
15;10 Hydroxymethylium ion;0.002013422818791946
16;11 2-Propynal;0.002013422818791946
17;12 Carbon Monosulfide;0.002013422818791946
18;13 Cyanomethyl;0.002013422818791946
19;14 Methyl Acetylene;0.002013422818791946
20;15 2-Butynenitrile;0.002013422818791946
21;16 Methyl formate vt01;0.002013422818791946
22;17 Ethyl Cyanide;0.002013422818791946
23;18 gauche-Ethanol;0.002013422818791946
24;19 Glycolaldehyde;0.002013422818791946
25;20 Water;0.002013422818791946
26;21 Hydrogen sulfide;0.002013422818791946
27;22 Sulfur Monoxide ion;0.002013422818791946
28;23 1,3-Butadiynyl radical;0.002013422818791946
29;24 Formylium;0.002013422818791946
30;25 Fulminic acid;0.002013422818791946
31;26 Trihydrogen ion;0.002013422818791946
32;27 Methanimine;0.002013422818791946
33;28 Nitrous Oxide;0.002013422818791946
34;29 Propadienylidene;0.002013422818791946
35;30 Ethylene Oxide;0.002013422818791946
36;31 Ketenimine;0.002013422818791946
37;32 2,4,6-Heptatriynenitrile;0.002013422818791946
38;33 Aminoacetonitrile;0.002013422818791946
39;34 Methanol;0.002013422818791946
40;35 Ammonia;0.002013422818791946
41;36 Formyl Radical;0.002013422818791946
42;37 Methyl Cyanide;0.002013422818791946
43;38 Molecular oxygen;0.002013422818791946
44;39 Cyclopropenone;0.002013422818791946
45;40 Carbonyl Sulfide;0.002013422818791946
46;41 Acetaldehyde;0.002013422818791946
47;42 Cyanomethylene;0.002013422818791946
48;43 3-Thioxo-1,2-Propadieylidene;0.002013422818791946
49;44 Formamide;0.002013422818791946
50;45 Cyanobutadiyne;0.002013422818791946
51;46 Sulfur Dioxide;0.002013422818791946
52;47 Methyl isocyanide;0.002013422818791946
53;48 Nitric sulfide;0.002013422818791946
54;49 Methylene;0.002013422818791946
55;50 Hydrochloric acid;0.002013422818791946
56;51 Ethyne Isocyanide;0.002013422818791946
57;52 Cyanide Radical;0.002013422818791946
58;53 Nitric oxide;0.002013422818791946
59;54 Cyanic acid;0.002013422818791946
60;55 Formaldehyde;0.002013422818791946
61;56 Sulfur Monoxide;0.002013422818791946
62;58 Ethynyl;0.002013422818791946
63;59 Ethylene Glycol;0.002013422818791946
64;60 Hydrogen Cyanide;0.002013422818791946
65;62 Methylidyne;0.002013422818791946
66;63 Thioxoethenylidene;0.002013422818791946
67;64 Cyanomethanimine;0.002013422818791946
68;65 Silicon Monoxide;0.002013422818791946
69;66 Dimethyl ether;0.002013422818791946
70;67 Acetone;0.002013422818791946
71;68 Carbon Monoxide;0.002013422818791946
72;69 Phosphorous nitride;0.002013422818791946
73;70 Thioformaldehyde;0.002013422818791946
74;71 Diazenylium;0.002013422818791946
75;72 Cyanoformaldehyde;0.002013422818791946
76;73 Isothiocyanic acid;0.002013422818791946
77;74 Vinyl Alcohol;0.002013422818791946
78;76 Carbon Monosulfide;0.002013422818791946
79;77 Methylamine;0.002013422818791946
80;78 Protonated Carbon Dioxide;0.002013422818791946
81;79 Formic Acid;0.002013422818791946
82;80 Cyclopropenylidene;0.002013422818791946
83;81 Cyanoacetylene;0.002013422818791946
84;83 ortho-Oxidaniumyl;0.002013422818791946
85;84 Nitrosyl hydride;0.002013422818791946
