1;57 Protonate 2-proynenitrile;0.16808510638297874
2;26 Trihydrogen ion;0.12021276595744682
3;8 Methyliumylidene;0.11489361702127661
4;82 para-Oxidaniumyl;0.11489361702127661
5;54 Cyanic acid;0.10957446808510639
6;76 Carbon Monosulfide;0.06170212765957447
7;38 Molecular oxygen;0.0351063829787234
8;43 3-Thioxo-1,2-Propadieylidene;0.02978723404255319
9;0 Isocyanic Acid;0.0031914893617021275
10;1 Propenal;0.0031914893617021275
11;2 Ketene;0.0031914893617021275
12;3 Oxonium hydride;0.0031914893617021275
13;4 Thioformylium;0.0031914893617021275
14;5 Vinyl Cyanide;0.0031914893617021275
15;6 Methyl Formate;0.0031914893617021275
16;7 Hydroxyl;0.0031914893617021275
17;9 Iminomethylium;0.0031914893617021275
18;10 Hydroxymethylium ion;0.0031914893617021275
19;11 2-Propynal;0.0031914893617021275
20;12 Carbon Monosulfide;0.0031914893617021275
21;13 Cyanomethyl;0.0031914893617021275
22;14 Methyl Acetylene;0.0031914893617021275
23;15 2-Butynenitrile;0.0031914893617021275
24;16 Methyl formate vt01;0.0031914893617021275
25;17 Ethyl Cyanide;0.0031914893617021275
26;18 gauche-Ethanol;0.0031914893617021275
27;19 Glycolaldehyde;0.0031914893617021275
28;20 Water;0.0031914893617021275
29;21 Hydrogen sulfide;0.0031914893617021275
30;22 Sulfur Monoxide ion;0.0031914893617021275
31;23 1,3-Butadiynyl radical;0.0031914893617021275
32;24 Formylium;0.0031914893617021275
33;25 Fulminic acid;0.0031914893617021275
34;27 Methanimine;0.0031914893617021275
35;28 Nitrous Oxide;0.0031914893617021275
36;29 Propadienylidene;0.0031914893617021275
37;30 Ethylene Oxide;0.0031914893617021275
38;31 Ketenimine;0.0031914893617021275
39;32 2,4,6-Heptatriynenitrile;0.0031914893617021275
40;33 Aminoacetonitrile;0.0031914893617021275
41;34 Methanol;0.0031914893617021275
42;35 Ammonia;0.0031914893617021275
43;36 Formyl Radical;0.0031914893617021275
44;37 Methyl Cyanide;0.0031914893617021275
45;39 Cyclopropenone;0.0031914893617021275
46;40 Carbonyl Sulfide;0.0031914893617021275
47;41 Acetaldehyde;0.0031914893617021275
48;42 Cyanomethylene;0.0031914893617021275
49;44 Formamide;0.0031914893617021275
50;45 Cyanobutadiyne;0.0031914893617021275
51;46 Sulfur Dioxide;0.0031914893617021275
52;47 Methyl isocyanide;0.0031914893617021275
53;48 Nitric sulfide;0.0031914893617021275
54;49 Methylene;0.0031914893617021275
55;50 Hydrochloric acid;0.0031914893617021275
56;51 Ethyne Isocyanide;0.0031914893617021275
57;52 Cyanide Radical;0.0031914893617021275
58;53 Nitric oxide;0.0031914893617021275
59;55 Formaldehyde;0.0031914893617021275
60;56 Sulfur Monoxide;0.0031914893617021275
61;58 Ethynyl;0.0031914893617021275
62;59 Ethylene Glycol;0.0031914893617021275
63;60 Hydrogen Cyanide;0.0031914893617021275
64;61 Fluoromethyliumylidene;0.0031914893617021275
65;62 Methylidyne;0.0031914893617021275
66;63 Thioxoethenylidene;0.0031914893617021275
67;64 Cyanomethanimine;0.0031914893617021275
68;65 Silicon Monoxide;0.0031914893617021275
69;66 Dimethyl ether;0.0031914893617021275
70;67 Acetone;0.0031914893617021275
71;68 Carbon Monoxide;0.0031914893617021275
72;69 Phosphorous nitride;0.0031914893617021275
73;70 Thioformaldehyde;0.0031914893617021275
74;71 Diazenylium;0.0031914893617021275
75;72 Cyanoformaldehyde;0.0031914893617021275
76;73 Isothiocyanic acid;0.0031914893617021275
77;74 Vinyl Alcohol;0.0031914893617021275
78;75 Hydrogen Isocyanide;0.0031914893617021275
79;77 Methylamine;0.0031914893617021275
80;78 Protonated Carbon Dioxide;0.0031914893617021275
81;79 Formic Acid;0.0031914893617021275
82;80 Cyclopropenylidene;0.0031914893617021275
83;81 Cyanoacetylene;0.0031914893617021275
84;83 ortho-Oxidaniumyl;0.0031914893617021275
85;84 Nitrosyl hydride;0.0031914893617021275
