1;83 ortho-Oxidaniumyl;0.6627659574468084
2;37 Methyl Cyanide;0.019148936170212766
3;68 Carbon Monoxide;0.013829787234042554
4;6 Methyl Formate;0.00851063829787234
5;7 Hydroxyl;0.00851063829787234
6;13 Cyanomethyl;0.00851063829787234
7;16 Methyl formate vt01;0.00851063829787234
8;38 Molecular oxygen;0.00851063829787234
9;42 Cyanomethylene;0.00851063829787234
10;44 Formamide;0.00851063829787234
11;67 Acetone;0.00851063829787234
12;0 Isocyanic Acid;0.0031914893617021275
13;1 Propenal;0.0031914893617021275
14;2 Ketene;0.0031914893617021275
15;3 Oxonium hydride;0.0031914893617021275
16;4 Thioformylium;0.0031914893617021275
17;5 Vinyl Cyanide;0.0031914893617021275
18;8 Methyliumylidene;0.0031914893617021275
19;9 Iminomethylium;0.0031914893617021275
20;10 Hydroxymethylium ion;0.0031914893617021275
21;11 2-Propynal;0.0031914893617021275
22;12 Carbon Monosulfide;0.0031914893617021275
23;14 Methyl Acetylene;0.0031914893617021275
24;15 2-Butynenitrile;0.0031914893617021275
25;17 Ethyl Cyanide;0.0031914893617021275
26;18 gauche-Ethanol;0.0031914893617021275
27;19 Glycolaldehyde;0.0031914893617021275
28;20 Water;0.0031914893617021275
29;21 Hydrogen sulfide;0.0031914893617021275
30;22 Sulfur Monoxide ion;0.0031914893617021275
31;23 1,3-Butadiynyl radical;0.0031914893617021275
32;24 Formylium;0.0031914893617021275
33;25 Fulminic acid;0.0031914893617021275
34;26 Trihydrogen ion;0.0031914893617021275
35;27 Methanimine;0.0031914893617021275
36;28 Nitrous Oxide;0.0031914893617021275
37;29 Propadienylidene;0.0031914893617021275
38;30 Ethylene Oxide;0.0031914893617021275
39;31 Ketenimine;0.0031914893617021275
40;32 2,4,6-Heptatriynenitrile;0.0031914893617021275
41;33 Aminoacetonitrile;0.0031914893617021275
42;34 Methanol;0.0031914893617021275
43;35 Ammonia;0.0031914893617021275
44;36 Formyl Radical;0.0031914893617021275
45;39 Cyclopropenone;0.0031914893617021275
46;40 Carbonyl Sulfide;0.0031914893617021275
47;41 Acetaldehyde;0.0031914893617021275
48;43 3-Thioxo-1,2-Propadieylidene;0.0031914893617021275
49;45 Cyanobutadiyne;0.0031914893617021275
50;46 Sulfur Dioxide;0.0031914893617021275
51;47 Methyl isocyanide;0.0031914893617021275
52;48 Nitric sulfide;0.0031914893617021275
53;49 Methylene;0.0031914893617021275
54;50 Hydrochloric acid;0.0031914893617021275
55;51 Ethyne Isocyanide;0.0031914893617021275
56;52 Cyanide Radical;0.0031914893617021275
57;53 Nitric oxide;0.0031914893617021275
58;54 Cyanic acid;0.0031914893617021275
59;55 Formaldehyde;0.0031914893617021275
60;56 Sulfur Monoxide;0.0031914893617021275
61;57 Protonate 2-proynenitrile;0.0031914893617021275
62;58 Ethynyl;0.0031914893617021275
63;59 Ethylene Glycol;0.0031914893617021275
64;60 Hydrogen Cyanide;0.0031914893617021275
65;61 Fluoromethyliumylidene;0.0031914893617021275
66;62 Methylidyne;0.0031914893617021275
67;63 Thioxoethenylidene;0.0031914893617021275
68;64 Cyanomethanimine;0.0031914893617021275
69;65 Silicon Monoxide;0.0031914893617021275
70;66 Dimethyl ether;0.0031914893617021275
71;69 Phosphorous nitride;0.0031914893617021275
72;70 Thioformaldehyde;0.0031914893617021275
73;71 Diazenylium;0.0031914893617021275
74;72 Cyanoformaldehyde;0.0031914893617021275
75;73 Isothiocyanic acid;0.0031914893617021275
76;74 Vinyl Alcohol;0.0031914893617021275
77;75 Hydrogen Isocyanide;0.0031914893617021275
78;76 Carbon Monosulfide;0.0031914893617021275
79;77 Methylamine;0.0031914893617021275
80;78 Protonated Carbon Dioxide;0.0031914893617021275
81;79 Formic Acid;0.0031914893617021275
82;80 Cyclopropenylidene;0.0031914893617021275
83;81 Cyanoacetylene;0.0031914893617021275
84;82 para-Oxidaniumyl;0.0031914893617021275
85;84 Nitrosyl hydride;0.0031914893617021275
