1;8 Methyliumylidene;0.7106382978723403
2;13 Cyanomethyl;0.00851063829787234
3;51 Ethyne Isocyanide;0.00851063829787234
4;52 Cyanide Radical;0.00851063829787234
5;58 Ethynyl;0.00851063829787234
6;0 Isocyanic Acid;0.0031914893617021275
7;1 Propenal;0.0031914893617021275
8;2 Ketene;0.0031914893617021275
9;3 Oxonium hydride;0.0031914893617021275
10;4 Thioformylium;0.0031914893617021275
11;5 Vinyl Cyanide;0.0031914893617021275
12;6 Methyl Formate;0.0031914893617021275
13;7 Hydroxyl;0.0031914893617021275
14;9 Iminomethylium;0.0031914893617021275
15;10 Hydroxymethylium ion;0.0031914893617021275
16;11 2-Propynal;0.0031914893617021275
17;12 Carbon Monosulfide;0.0031914893617021275
18;14 Methyl Acetylene;0.0031914893617021275
19;15 2-Butynenitrile;0.0031914893617021275
20;16 Methyl formate vt01;0.0031914893617021275
21;17 Ethyl Cyanide;0.0031914893617021275
22;18 gauche-Ethanol;0.0031914893617021275
23;19 Glycolaldehyde;0.0031914893617021275
24;20 Water;0.0031914893617021275
25;21 Hydrogen sulfide;0.0031914893617021275
26;22 Sulfur Monoxide ion;0.0031914893617021275
27;23 1,3-Butadiynyl radical;0.0031914893617021275
28;24 Formylium;0.0031914893617021275
29;25 Fulminic acid;0.0031914893617021275
30;26 Trihydrogen ion;0.0031914893617021275
31;27 Methanimine;0.0031914893617021275
32;28 Nitrous Oxide;0.0031914893617021275
33;29 Propadienylidene;0.0031914893617021275
34;30 Ethylene Oxide;0.0031914893617021275
35;31 Ketenimine;0.0031914893617021275
36;32 2,4,6-Heptatriynenitrile;0.0031914893617021275
37;33 Aminoacetonitrile;0.0031914893617021275
38;34 Methanol;0.0031914893617021275
39;35 Ammonia;0.0031914893617021275
40;36 Formyl Radical;0.0031914893617021275
41;37 Methyl Cyanide;0.0031914893617021275
42;38 Molecular oxygen;0.0031914893617021275
43;39 Cyclopropenone;0.0031914893617021275
44;40 Carbonyl Sulfide;0.0031914893617021275
45;41 Acetaldehyde;0.0031914893617021275
46;42 Cyanomethylene;0.0031914893617021275
47;43 3-Thioxo-1,2-Propadieylidene;0.0031914893617021275
48;44 Formamide;0.0031914893617021275
49;45 Cyanobutadiyne;0.0031914893617021275
50;46 Sulfur Dioxide;0.0031914893617021275
51;47 Methyl isocyanide;0.0031914893617021275
52;48 Nitric sulfide;0.0031914893617021275
53;49 Methylene;0.0031914893617021275
54;50 Hydrochloric acid;0.0031914893617021275
55;53 Nitric oxide;0.0031914893617021275
56;54 Cyanic acid;0.0031914893617021275
57;55 Formaldehyde;0.0031914893617021275
58;56 Sulfur Monoxide;0.0031914893617021275
59;57 Protonate 2-proynenitrile;0.0031914893617021275
60;59 Ethylene Glycol;0.0031914893617021275
61;60 Hydrogen Cyanide;0.0031914893617021275
62;61 Fluoromethyliumylidene;0.0031914893617021275
63;62 Methylidyne;0.0031914893617021275
64;63 Thioxoethenylidene;0.0031914893617021275
65;64 Cyanomethanimine;0.0031914893617021275
66;65 Silicon Monoxide;0.0031914893617021275
67;66 Dimethyl ether;0.0031914893617021275
68;67 Acetone;0.0031914893617021275
69;68 Carbon Monoxide;0.0031914893617021275
70;69 Phosphorous nitride;0.0031914893617021275
71;70 Thioformaldehyde;0.0031914893617021275
72;71 Diazenylium;0.0031914893617021275
73;72 Cyanoformaldehyde;0.0031914893617021275
74;73 Isothiocyanic acid;0.0031914893617021275
75;74 Vinyl Alcohol;0.0031914893617021275
76;75 Hydrogen Isocyanide;0.0031914893617021275
77;76 Carbon Monosulfide;0.0031914893617021275
78;77 Methylamine;0.0031914893617021275
79;78 Protonated Carbon Dioxide;0.0031914893617021275
80;79 Formic Acid;0.0031914893617021275
81;80 Cyclopropenylidene;0.0031914893617021275
82;81 Cyanoacetylene;0.0031914893617021275
83;82 para-Oxidaniumyl;0.0031914893617021275
84;83 ortho-Oxidaniumyl;0.0031914893617021275
85;84 Nitrosyl hydride;0.0031914893617021275
