1;8 Methyliumylidene;0.45
2;61 Fluoromethyliumylidene;0.3280864197530864
3;76 Carbon Monosulfide;0.11358024691358024
4;12 Carbon Monosulfide;0.03179012345679012
5;18 gauche-Ethanol;0.0024691358024691358
6;0 Isocyanic Acid;0.0009259259259259259
7;1 Propenal;0.0009259259259259259
8;2 Ketene;0.0009259259259259259
9;3 Oxonium hydride;0.0009259259259259259
10;4 Thioformylium;0.0009259259259259259
11;5 Vinyl Cyanide;0.0009259259259259259
12;6 Methyl Formate;0.0009259259259259259
13;7 Hydroxyl;0.0009259259259259259
14;9 Iminomethylium;0.0009259259259259259
15;10 Hydroxymethylium ion;0.0009259259259259259
16;11 2-Propynal;0.0009259259259259259
17;13 Cyanomethyl;0.0009259259259259259
18;14 Methyl Acetylene;0.0009259259259259259
19;15 2-Butynenitrile;0.0009259259259259259
20;16 Methyl formate vt01;0.0009259259259259259
21;17 Ethyl Cyanide;0.0009259259259259259
22;19 Glycolaldehyde;0.0009259259259259259
23;20 Water;0.0009259259259259259
24;21 Hydrogen sulfide;0.0009259259259259259
25;22 Sulfur Monoxide ion;0.0009259259259259259
26;23 1,3-Butadiynyl radical;0.0009259259259259259
27;24 Formylium;0.0009259259259259259
28;25 Fulminic acid;0.0009259259259259259
29;26 Trihydrogen ion;0.0009259259259259259
30;27 Methanimine;0.0009259259259259259
31;28 Nitrous Oxide;0.0009259259259259259
32;29 Propadienylidene;0.0009259259259259259
33;30 Ethylene Oxide;0.0009259259259259259
34;31 Ketenimine;0.0009259259259259259
35;32 2,4,6-Heptatriynenitrile;0.0009259259259259259
36;33 Aminoacetonitrile;0.0009259259259259259
37;34 Methanol;0.0009259259259259259
38;35 Ammonia;0.0009259259259259259
39;36 Formyl Radical;0.0009259259259259259
40;37 Methyl Cyanide;0.0009259259259259259
41;38 Molecular oxygen;0.0009259259259259259
42;39 Cyclopropenone;0.0009259259259259259
43;40 Carbonyl Sulfide;0.0009259259259259259
44;41 Acetaldehyde;0.0009259259259259259
45;42 Cyanomethylene;0.0009259259259259259
46;43 3-Thioxo-1,2-Propadieylidene;0.0009259259259259259
47;44 Formamide;0.0009259259259259259
48;45 Cyanobutadiyne;0.0009259259259259259
49;46 Sulfur Dioxide;0.0009259259259259259
50;47 Methyl isocyanide;0.0009259259259259259
51;48 Nitric sulfide;0.0009259259259259259
52;49 Methylene;0.0009259259259259259
53;50 Hydrochloric acid;0.0009259259259259259
54;51 Ethyne Isocyanide;0.0009259259259259259
55;52 Cyanide Radical;0.0009259259259259259
56;53 Nitric oxide;0.0009259259259259259
57;54 Cyanic acid;0.0009259259259259259
58;55 Formaldehyde;0.0009259259259259259
59;56 Sulfur Monoxide;0.0009259259259259259
60;57 Protonate 2-proynenitrile;0.0009259259259259259
61;58 Ethynyl;0.0009259259259259259
62;59 Ethylene Glycol;0.0009259259259259259
63;60 Hydrogen Cyanide;0.0009259259259259259
64;62 Methylidyne;0.0009259259259259259
65;63 Thioxoethenylidene;0.0009259259259259259
66;64 Cyanomethanimine;0.0009259259259259259
67;65 Silicon Monoxide;0.0009259259259259259
68;66 Dimethyl ether;0.0009259259259259259
69;67 Acetone;0.0009259259259259259
70;68 Carbon Monoxide;0.0009259259259259259
71;69 Phosphorous nitride;0.0009259259259259259
72;70 Thioformaldehyde;0.0009259259259259259
73;71 Diazenylium;0.0009259259259259259
74;72 Cyanoformaldehyde;0.0009259259259259259
75;73 Isothiocyanic acid;0.0009259259259259259
76;74 Vinyl Alcohol;0.0009259259259259259
77;75 Hydrogen Isocyanide;0.0009259259259259259
78;77 Methylamine;0.0009259259259259259
79;78 Protonated Carbon Dioxide;0.0009259259259259259
80;79 Formic Acid;0.0009259259259259259
81;80 Cyclopropenylidene;0.0009259259259259259
82;81 Cyanoacetylene;0.0009259259259259259
83;82 para-Oxidaniumyl;0.0009259259259259259
84;83 ortho-Oxidaniumyl;0.0009259259259259259
85;84 Nitrosyl hydride;0.0009259259259259259
