1;9 Methyliumylidene;0.8214285714285715
2;0 Methylidyne;0.005102040816326531
3;1 1,3-Butadiynyl radical;0.005102040816326531
4;2 Formaldehyde;0.005102040816326531
5;3 Sulfur dioxide;0.005102040816326531
6;4 Carbon Monoxide;0.005102040816326531
7;5 Water;0.005102040816326531
8;6 Carbon Monoxide Ion;0.005102040816326531
9;7 Nitric sulfide;0.005102040816326531
10;8 Isocyanic Acid;0.005102040816326531
11;10 Cyanide Radical;0.005102040816326531
12;11 Ethynyl;0.005102040816326531
13;12 Carbonyl Sulfide;0.005102040816326531
14;13 Hydroxyl;0.005102040816326531
15;14 Diazenylium;0.005102040816326531
16;15 Thioxoethenylidene;0.005102040816326531
17;16 Nitric oxide;0.005102040816326531
18;17 Methyl Cyanide;0.005102040816326531
19;18 Cyclopropenylidene;0.005102040816326531
20;19 Methanimine;0.005102040816326531
21;20 Methanol;0.005102040816326531
22;21 Thioformaldehyde;0.005102040816326531
23;22 Ammonia;0.005102040816326531
24;23 Cyanamide;0.005102040816326531
25;24 Cyanoacetylene;0.005102040816326531
26;25 Sodium Chloride;0.005102040816326531
27;26 Silicon Monoxide;0.005102040816326531
28;27 Sulfur Monoxide;0.005102040816326531
29;28 Protonated Carbon Dioxide;0.005102040816326531
30;29 Hydrogen Cyanide;0.005102040816326531
31;30 Carbon Monosulfide;0.005102040816326531
32;31 Hydrogen sulfide;0.005102040816326531
33;32 Molecular oxygen;0.005102040816326531
34;33 Hydrogen Isocyanide;0.005102040816326531
35;34 Formylium;0.005102040816326531
36;35 Methyl Acetylene;0.005102040816326531
