1;14 Diazenylium;0.7756410256410257
2;0 Methylidyne;0.00641025641025641
3;1 1,3-Butadiynyl radical;0.00641025641025641
4;2 Formaldehyde;0.00641025641025641
5;3 Sulfur dioxide;0.00641025641025641
6;4 Carbon Monoxide;0.00641025641025641
7;5 Water;0.00641025641025641
8;6 Carbon Monoxide Ion;0.00641025641025641
9;7 Nitric sulfide;0.00641025641025641
10;8 Isocyanic Acid;0.00641025641025641
11;9 Methyliumylidene;0.00641025641025641
12;10 Cyanide Radical;0.00641025641025641
13;11 Ethynyl;0.00641025641025641
14;12 Carbonyl Sulfide;0.00641025641025641
15;13 Hydroxyl;0.00641025641025641
16;15 Thioxoethenylidene;0.00641025641025641
17;16 Nitric oxide;0.00641025641025641
18;17 Methyl Cyanide;0.00641025641025641
19;18 Cyclopropenylidene;0.00641025641025641
20;19 Methanimine;0.00641025641025641
21;20 Methanol;0.00641025641025641
22;21 Thioformaldehyde;0.00641025641025641
23;22 Ammonia;0.00641025641025641
24;23 Cyanamide;0.00641025641025641
25;24 Cyanoacetylene;0.00641025641025641
26;25 Sodium Chloride;0.00641025641025641
27;26 Silicon Monoxide;0.00641025641025641
28;27 Sulfur Monoxide;0.00641025641025641
29;28 Protonated Carbon Dioxide;0.00641025641025641
30;29 Hydrogen Cyanide;0.00641025641025641
31;30 Carbon Monosulfide;0.00641025641025641
32;31 Hydrogen sulfide;0.00641025641025641
33;32 Molecular oxygen;0.00641025641025641
34;33 Hydrogen Isocyanide;0.00641025641025641
35;34 Formylium;0.00641025641025641
36;35 Methyl Acetylene;0.00641025641025641
