1;12 Carbonyl Sulfide;0.3828715365239294
2;0 Methylidyne;0.017632241813602012
3;1 1,3-Butadiynyl radical;0.017632241813602012
4;2 Formaldehyde;0.017632241813602012
5;3 Sulfur dioxide;0.017632241813602012
6;4 Carbon Monoxide;0.017632241813602012
7;5 Water;0.017632241813602012
8;6 Carbon Monoxide Ion;0.017632241813602012
9;7 Nitric sulfide;0.017632241813602012
10;8 Isocyanic Acid;0.017632241813602012
11;9 Methyliumylidene;0.017632241813602012
12;10 Cyanide Radical;0.017632241813602012
13;11 Ethynyl;0.017632241813602012
14;13 Hydroxyl;0.017632241813602012
15;14 Diazenylium;0.017632241813602012
16;15 Thioxoethenylidene;0.017632241813602012
17;16 Nitric oxide;0.017632241813602012
18;17 Methyl Cyanide;0.017632241813602012
19;18 Cyclopropenylidene;0.017632241813602012
20;19 Methanimine;0.017632241813602012
21;20 Methanol;0.017632241813602012
22;21 Thioformaldehyde;0.017632241813602012
23;22 Ammonia;0.017632241813602012
24;23 Cyanamide;0.017632241813602012
25;24 Cyanoacetylene;0.017632241813602012
26;25 Sodium Chloride;0.017632241813602012
27;26 Silicon Monoxide;0.017632241813602012
28;27 Sulfur Monoxide;0.017632241813602012
29;28 Protonated Carbon Dioxide;0.017632241813602012
30;29 Hydrogen Cyanide;0.017632241813602012
31;30 Carbon Monosulfide;0.017632241813602012
32;31 Hydrogen sulfide;0.017632241813602012
33;32 Molecular oxygen;0.017632241813602012
34;33 Hydrogen Isocyanide;0.017632241813602012
35;34 Formylium;0.017632241813602012
36;35 Methyl Acetylene;0.017632241813602012
