1;46 Carbon Monoxide;0.5801963993453355
2;0 Ketene;0.007364975450081833
3;1 1,3,5-Hexatriynyl;0.007364975450081833
4;2 Oxonium hydride;0.007364975450081833
5;3 Vinyl Cyanide;0.007364975450081833
6;4 Hydroxyl;0.007364975450081833
7;5 Methyliumylidene;0.007364975450081833
8;6 Carbon Monosulfide;0.007364975450081833
9;7 Cyanomethyl;0.007364975450081833
10;8 Methyl Acetylene;0.007364975450081833
11;9 Ethyl Cyanide;0.007364975450081833
12;10 2,4-Pentadiynylidyne;0.007364975450081833
13;11 4-Cyano-1,3-Butadiynyl;0.007364975450081833
14;12 Water;0.007364975450081833
15;13 Hydrogen sulfide;0.007364975450081833
16;14 Methylene amidogen;0.007364975450081833
17;15 1,3-Butadiynyl radical;0.007364975450081833
18;16 2,4,6,8-Nonatetraynenitrile;0.007364975450081833
19;17 Formylium;0.007364975450081833
20;18 Cyanoallene;0.007364975450081833
21;19 Trihydrogen ion;0.007364975450081833
22;20 Methylcyanodiacetylene;0.007364975450081833
23;21 2,4,6-Heptatriynenitrile;0.007364975450081833
24;22 Methanol;0.007364975450081833
25;23 Ammonia;0.007364975450081833
26;24 Methyl Cyanide;0.007364975450081833
27;25 1,3,5-Hexatriynyl anion;0.007364975450081833
28;26 1,3,5,7-Octatetraynyl anion;0.007364975450081833
29;27 3-Thioxo-1,2-Propadieylidene;0.007364975450081833
30;28 Cyanobutadiyne;0.007364975450081833
31;29 Nitric sulfide;0.007364975450081833
32;30 Sulfur dioxide;0.007364975450081833
33;31 Hydrochloric acid;0.007364975450081833
34;32 2,4,6,8,10-Undecapentaynenitrile;0.007364975450081833
35;33 Cyanide Radical;0.007364975450081833
36;34 Nitric oxide;0.007364975450081833
37;35 Formaldehyde;0.007364975450081833
38;36 Sulfur Monoxide;0.007364975450081833
39;37 Methyltriacetylene;0.007364975450081833
40;38 Hydrogen Cyanide;0.007364975450081833
41;39 Methyl diacetylene;0.007364975450081833
42;40 Methylidyne;0.007364975450081833
43;41 Thioxoethenylidene;0.007364975450081833
44;42 Silicon Monoxide;0.007364975450081833
45;43 1,3,5,7-Octatetraynyl;0.007364975450081833
46;44 Oxoethenylidene;0.007364975450081833
47;45 Propynylidynium;0.007364975450081833
48;47 Thioformaldehyde;0.007364975450081833
49;48 Hexatrienyl;0.007364975450081833
50;49 Diazenylium;0.007364975450081833
51;50 Hydrogen Isocyanide;0.007364975450081833
52;51 Carbon Monosulfide;0.007364975450081833
53;52 Methylamine;0.007364975450081833
54;53 Formic Acid;0.007364975450081833
55;54 Cyclopropenylidene;0.007364975450081833
56;55 Cyanoacetylene;0.007364975450081833
57;56 para-Oxidaniumyl;0.007364975450081833
58;57 ortho-Oxidaniumyl;0.007364975450081833
