1;78 Fulminic acid;0.2568807339449541
2;109 Cyanide anion;0.14220183486238533
3;0 Dimethyl ether;0.0045871559633027525
4;1 Butatrienylidene;0.0045871559633027525
5;2 Trihydrogen ion;0.0045871559633027525
6;3 Nitrous Oxide;0.0045871559633027525
7;4 Methyl Acetylene;0.0045871559633027525
8;5 2,4,6-Heptatriynenitrile;0.0045871559633027525
9;6 Ethylene Glycol;0.0045871559633027525
10;7 2,4-Pentadiynylidyne;0.0045871559633027525
11;8 Methyl Cyanide;0.0045871559633027525
12;9 Thioformylium;0.0045871559633027525
13;10 para-Oxidaniumyl;0.0045871559633027525
14;11 Hydrogen Cyanide;0.0045871559633027525
15;12 Titanium monoxide;0.0045871559633027525
16;13 Cyanide Radical;0.0045871559633027525
17;14 Formic Acid;0.0045871559633027525
18;15 Nitric sulfide;0.0045871559633027525
19;16 Iminomethylium;0.0045871559633027525
20;17 Aluminum monoxide;0.0045871559633027525
21;18 Methyl isocyanate;0.0045871559633027525
22;19 Nitrosyl hydride;0.0045871559633027525
23;20 Propynylidynium;0.0045871559633027525
24;21 Magnesium Cyanide;0.0045871559633027525
25;22 1,3-Butadiynyl anion;0.0045871559633027525
26;23 Diazenylium;0.0045871559633027525
27;24 Methylamine;0.0045871559633027525
28;25 Chloronium;0.0045871559633027525
29;26 Silicon monosulfide;0.0045871559633027525
30;27 Phosphorus Monoxide;0.0045871559633027525
31;28 Cyclopropenone;0.0045871559633027525
32;29 Carbon Monoxide Ion;0.0045871559633027525
33;30 Sodium Cyanide;0.0045871559633027525
34;31 Nitric oxide;0.0045871559633027525
35;32 3-Thioxo-1,2-Propadieylidene;0.0045871559633027525
36;33 Silicon Cyanide;0.0045871559633027525
37;34 Ethyne Isocyanide;0.0045871559633027525
38;35 Sodium Chloride;0.0045871559633027525
39;36 Cyanoacetylene;0.0045871559633027525
40;37 Sulfur Monoxide;0.0045871559633027525
41;38 Aluminum Isocyanitrile;0.0045871559633027525
42;39 Cyanobutadiyne;0.0045871559633027525
43;40 Potassium cyanide, potassium isocyanide;0.0045871559633027525
44;41 Silicon Mononitride;0.0045871559633027525
45;42 Carbon Monoxide;0.0045871559633027525
46;43 Propadienylidene;0.0045871559633027525
47;44 Methanimine;0.0045871559633027525
48;45 Aluminum Monofluoride;0.0045871559633027525
49;46 Formamide;0.0045871559633027525
50;47 1,3,5,7-Octatetraynyl anion;0.0045871559633027525
51;48 Aminoacetonitrile;0.0045871559633027525
52;49 Ammonia;0.0045871559633027525
53;50 gauche-Ethanol;0.0045871559633027525
54;51 Protonate 2-proynenitrile;0.0045871559633027525
55;52 Carbonyl Sulfide;0.0045871559633027525
56;53 Thioxoethenylidene;0.0045871559633027525
57;54 Ethyl cyanide;0.0045871559633027525
58;55 Water;0.0045871559633027525
59;56 Methyl Formate;0.0045871559633027525
60;57 Acetaldehyde;0.0045871559633027525
61;58 Ketenimine;0.0045871559633027525
62;59 Propenal;0.0045871559633027525
63;60 Methyl isocyanide;0.0045871559633027525
64;61 iso-propyl cyanide;0.0045871559633027525
65;62 Hydrogen cyanide;0.0045871559633027525
66;63 Protonated Carbon Dioxide;0.0045871559633027525
67;64 Methylidyne;0.0045871559633027525
68;65 Ketene;0.0045871559633027525
69;66 4-Cyano-1,3-Butadiynyl;0.0045871559633027525
70;67 Silicon Monoxide;0.0045871559633027525
71;68 Acetone;0.0045871559633027525
72;69 Vinyl Cyanide;0.0045871559633027525
73;70 3-Imino-1,2 Propadienylidene;0.0045871559633027525
74;71 Silicon monoxide (global fit);0.0045871559633027525
75;72 Cyclopropenylidene;0.0045871559633027525
76;73 Magnesium Isocyanide;0.0045871559633027525
77;74 2,4,6-Heptatriynylidyne;0.0045871559633027525
78;75 Cyanobutadiynylide anion;0.0045871559633027525
79;76 Formaldehyde;0.0045871559633027525
80;77 Carbon Monosulfide;0.0045871559633027525
81;79 1,3,5-Hexatriynyl;0.0045871559633027525
82;80 3-Silanetetrayl-1,2-Propadienylidene;0.0045871559633027525
83;81 1,3-Butadiynyl radical;0.0045871559633027525
84;82 trans-Ethanol;0.0045871559633027525
85;83 Silicon Carbide;0.0045871559633027525
86;84 1,3,5-Hexatriynyl anion;0.0045871559633027525
87;85 Formylium;0.0045871559633027525
88;86 Ethylene Oxide;0.0045871559633027525
89;87 Sulfur dioxide;0.0045871559633027525
90;88 Carbon Monophosphide;0.0045871559633027525
91;89 Sulfur Monoxide ion;0.0045871559633027525
92;90 Methanol;0.0045871559633027525
93;91 Sulfur Dioxide;0.0045871559633027525
94;92 Cyanoformaldehyde;0.0045871559633027525
95;93 Isocyanic Acid;0.0045871559633027525
96;94 Silicon Isocyanide;0.0045871559633027525
97;95 Methylene amidogen;0.0045871559633027525
98;96 Silicon Monocarbide;0.0045871559633027525
99;97 Phosphaethyne;0.0045871559633027525
100;98 Aluminum Monochloride;0.0045871559633027525
101;99 Cyanoallene;0.0045871559633027525
102;100 3-Oxo-1,2-Propadienylidene;0.0045871559633027525
103;101 Methyl diacetylene;0.0045871559633027525
104;102 Cyanomethylene;0.0045871559633027525
105;103 Phosphapropynylidyne;0.0045871559633027525
106;104 Cyanomethyl;0.0045871559633027525
107;105 Hydrogen Isocyanide;0.0045871559633027525
108;106 Hydrogen sulfide;0.0045871559633027525
109;107 Hydroxyl;0.0045871559633027525
110;108 Glycolaldehyde;0.0045871559633027525
111;110 2-Propynal;0.0045871559633027525
112;111 Ethynyl;0.0045871559633027525
113;112 Phosphorous nitride;0.0045871559633027525
114;113 Magnesium hydride isocyanide;0.0045871559633027525
115;114 Potassium chloride;0.0045871559633027525
116;115 Silicon tetracarbide;0.0045871559633027525
117;116 Ethyl Cyanide;0.0045871559633027525
118;117 Cyanamide;0.0045871559633027525
119;118 Amidogen;0.0045871559633027525
120;119 Hydroxymethylidyne;0.0045871559633027525
121;120 Formyl Radical;0.0045871559633027525
122;121 Vinyl Alcohol;0.0045871559633027525
123;122 ortho-Oxidaniumyl;0.0045871559633027525
124;123 Cyanoethynylide ion;0.0045871559633027525
125;124 Oxoethenylidene;0.0045871559633027525
126;125 2-Butynenitrile;0.0045871559633027525
127;126 Cyanoethynyl;0.0045871559633027525
128;127 3-Cyano-1,2-propadienylidene;0.0045871559633027525
129;128 Hydroxymethylium ion;0.0045871559633027525
130;129 Thioformaldehyde;0.0045871559633027525
131;130 Isothiocyanic acid;0.0045871559633027525
132;131 Methyl formate, v<sub>t</sub> = 0, 1;0.0045871559633027525
133;132 Cyanic acid;0.0045871559633027525
