1;79 1,3,5-Hexatriynyl;0.5515548281505729
2;45 Aluminum Monofluoride;0.011456628477905073
3;52 Carbonyl Sulfide;0.011456628477905073
4;0 Dimethyl ether;0.0032733224222585926
5;1 Butatrienylidene;0.0032733224222585926
6;2 Trihydrogen ion;0.0032733224222585926
7;3 Nitrous Oxide;0.0032733224222585926
8;4 Methyl Acetylene;0.0032733224222585926
9;5 2,4,6-Heptatriynenitrile;0.0032733224222585926
10;6 Ethylene Glycol;0.0032733224222585926
11;7 2,4-Pentadiynylidyne;0.0032733224222585926
12;8 Methyl Cyanide;0.0032733224222585926
13;9 Thioformylium;0.0032733224222585926
14;10 para-Oxidaniumyl;0.0032733224222585926
15;11 Hydrogen Cyanide;0.0032733224222585926
16;12 Titanium monoxide;0.0032733224222585926
17;13 Cyanide Radical;0.0032733224222585926
18;14 Formic Acid;0.0032733224222585926
19;15 Nitric sulfide;0.0032733224222585926
20;16 Iminomethylium;0.0032733224222585926
21;17 Aluminum monoxide;0.0032733224222585926
22;18 Methyl isocyanate;0.0032733224222585926
23;19 Nitrosyl hydride;0.0032733224222585926
24;20 Propynylidynium;0.0032733224222585926
25;21 Magnesium Cyanide;0.0032733224222585926
26;22 1,3-Butadiynyl anion;0.0032733224222585926
27;23 Diazenylium;0.0032733224222585926
28;24 Methylamine;0.0032733224222585926
29;25 Chloronium;0.0032733224222585926
30;26 Silicon monosulfide;0.0032733224222585926
31;27 Phosphorus Monoxide;0.0032733224222585926
32;28 Cyclopropenone;0.0032733224222585926
33;29 Carbon Monoxide Ion;0.0032733224222585926
34;30 Sodium Cyanide;0.0032733224222585926
35;31 Nitric oxide;0.0032733224222585926
36;32 3-Thioxo-1,2-Propadieylidene;0.0032733224222585926
37;33 Silicon Cyanide;0.0032733224222585926
38;34 Ethyne Isocyanide;0.0032733224222585926
39;35 Sodium Chloride;0.0032733224222585926
40;36 Cyanoacetylene;0.0032733224222585926
41;37 Sulfur Monoxide;0.0032733224222585926
42;38 Aluminum Isocyanitrile;0.0032733224222585926
43;39 Cyanobutadiyne;0.0032733224222585926
44;40 Potassium cyanide, potassium isocyanide;0.0032733224222585926
45;41 Silicon Mononitride;0.0032733224222585926
46;42 Carbon Monoxide;0.0032733224222585926
47;43 Propadienylidene;0.0032733224222585926
48;44 Methanimine;0.0032733224222585926
49;46 Formamide;0.0032733224222585926
50;47 1,3,5,7-Octatetraynyl anion;0.0032733224222585926
51;48 Aminoacetonitrile;0.0032733224222585926
52;49 Ammonia;0.0032733224222585926
53;50 gauche-Ethanol;0.0032733224222585926
54;51 Protonate 2-proynenitrile;0.0032733224222585926
55;53 Thioxoethenylidene;0.0032733224222585926
56;54 Ethyl cyanide;0.0032733224222585926
57;55 Water;0.0032733224222585926
58;56 Methyl Formate;0.0032733224222585926
59;57 Acetaldehyde;0.0032733224222585926
60;58 Ketenimine;0.0032733224222585926
61;59 Propenal;0.0032733224222585926
62;60 Methyl isocyanide;0.0032733224222585926
63;61 iso-propyl cyanide;0.0032733224222585926
64;62 Hydrogen cyanide;0.0032733224222585926
65;63 Protonated Carbon Dioxide;0.0032733224222585926
66;64 Methylidyne;0.0032733224222585926
67;65 Ketene;0.0032733224222585926
68;66 4-Cyano-1,3-Butadiynyl;0.0032733224222585926
69;67 Silicon Monoxide;0.0032733224222585926
70;68 Acetone;0.0032733224222585926
71;69 Vinyl Cyanide;0.0032733224222585926
72;70 3-Imino-1,2 Propadienylidene;0.0032733224222585926
73;71 Silicon monoxide (global fit);0.0032733224222585926
74;72 Cyclopropenylidene;0.0032733224222585926
75;73 Magnesium Isocyanide;0.0032733224222585926
76;74 2,4,6-Heptatriynylidyne;0.0032733224222585926
77;75 Cyanobutadiynylide anion;0.0032733224222585926
78;76 Formaldehyde;0.0032733224222585926
79;77 Carbon Monosulfide;0.0032733224222585926
80;78 Fulminic acid;0.0032733224222585926
81;80 3-Silanetetrayl-1,2-Propadienylidene;0.0032733224222585926
82;81 1,3-Butadiynyl radical;0.0032733224222585926
83;82 trans-Ethanol;0.0032733224222585926
84;83 Silicon Carbide;0.0032733224222585926
85;84 1,3,5-Hexatriynyl anion;0.0032733224222585926
86;85 Formylium;0.0032733224222585926
87;86 Ethylene Oxide;0.0032733224222585926
88;87 Sulfur dioxide;0.0032733224222585926
89;88 Carbon Monophosphide;0.0032733224222585926
90;89 Sulfur Monoxide ion;0.0032733224222585926
91;90 Methanol;0.0032733224222585926
92;91 Sulfur Dioxide;0.0032733224222585926
93;92 Cyanoformaldehyde;0.0032733224222585926
94;93 Isocyanic Acid;0.0032733224222585926
95;94 Silicon Isocyanide;0.0032733224222585926
96;95 Methylene amidogen;0.0032733224222585926
97;96 Silicon Monocarbide;0.0032733224222585926
98;97 Phosphaethyne;0.0032733224222585926
99;98 Aluminum Monochloride;0.0032733224222585926
100;99 Cyanoallene;0.0032733224222585926
101;100 3-Oxo-1,2-Propadienylidene;0.0032733224222585926
102;101 Methyl diacetylene;0.0032733224222585926
103;102 Cyanomethylene;0.0032733224222585926
104;103 Phosphapropynylidyne;0.0032733224222585926
105;104 Cyanomethyl;0.0032733224222585926
106;105 Hydrogen Isocyanide;0.0032733224222585926
107;106 Hydrogen sulfide;0.0032733224222585926
108;107 Hydroxyl;0.0032733224222585926
109;108 Glycolaldehyde;0.0032733224222585926
110;109 Cyanide anion;0.0032733224222585926
111;110 2-Propynal;0.0032733224222585926
112;111 Ethynyl;0.0032733224222585926
113;112 Phosphorous nitride;0.0032733224222585926
114;113 Magnesium hydride isocyanide;0.0032733224222585926
115;114 Potassium chloride;0.0032733224222585926
116;115 Silicon tetracarbide;0.0032733224222585926
117;116 Ethyl Cyanide;0.0032733224222585926
118;117 Cyanamide;0.0032733224222585926
119;118 Amidogen;0.0032733224222585926
120;119 Hydroxymethylidyne;0.0032733224222585926
121;120 Formyl Radical;0.0032733224222585926
122;121 Vinyl Alcohol;0.0032733224222585926
123;122 ortho-Oxidaniumyl;0.0032733224222585926
124;123 Cyanoethynylide ion;0.0032733224222585926
125;124 Oxoethenylidene;0.0032733224222585926
126;125 2-Butynenitrile;0.0032733224222585926
127;126 Cyanoethynyl;0.0032733224222585926
128;127 3-Cyano-1,2-propadienylidene;0.0032733224222585926
129;128 Hydroxymethylium ion;0.0032733224222585926
130;129 Thioformaldehyde;0.0032733224222585926
131;130 Isothiocyanic acid;0.0032733224222585926
132;131 Methyl formate, v<sub>t</sub> = 0, 1;0.0032733224222585926
133;132 Cyanic acid;0.0032733224222585926
