1;28 Hydrogen Isocyanide;0.8820574162679425
2;0 Methylidyne;0.004066985645933014
3;1 Formaldehyde;0.004066985645933014
4;2 Sulfur dioxide;0.004066985645933014
5;3 Carbon Monoxide;0.004066985645933014
6;4 Acetaldehyde;0.004066985645933014
7;5 Water;0.004066985645933014
8;6 Imidogen;0.004066985645933014
9;7 Carbon Monoxide Ion;0.004066985645933014
10;8 Nitric sulfide;0.004066985645933014
11;9 Isocyanic Acid;0.004066985645933014
12;10 Formic Acid;0.004066985645933014
13;11 Amidogen;0.004066985645933014
14;12 Ethylene Glycol;0.004066985645933014
15;13 Methyliumylidene;0.004066985645933014
16;14 Cyanide Radical;0.004066985645933014
17;15 Carbonyl Sulfide;0.004066985645933014
18;16 Hydroxyl;0.004066985645933014
19;17 Nitric oxide;0.004066985645933014
20;18 Methyl Cyanide;0.004066985645933014
21;19 Cyclopropenylidene;0.004066985645933014
22;20 Sulfur Monoxide ion;0.004066985645933014
23;21 Methanol;0.004066985645933014
24;22 Thioformaldehyde;0.004066985645933014
25;23 Ammonia;0.004066985645933014
26;24 Cyanoacetylene;0.004066985645933014
27;25 Hydrogen Cyanide;0.004066985645933014
28;26 Hydrogen sulfide;0.004066985645933014
29;27 Molecular oxygen;0.004066985645933014
30;29 Formylium;0.004066985645933014
