1;13 Methyliumylidene;0.8007177033492823
2;29 Formylium;0.0854066985645933
3;0 Methylidyne;0.004066985645933014
4;1 Formaldehyde;0.004066985645933014
5;2 Sulfur dioxide;0.004066985645933014
6;3 Carbon Monoxide;0.004066985645933014
7;4 Acetaldehyde;0.004066985645933014
8;5 Water;0.004066985645933014
9;6 Imidogen;0.004066985645933014
10;7 Carbon Monoxide Ion;0.004066985645933014
11;8 Nitric sulfide;0.004066985645933014
12;9 Isocyanic Acid;0.004066985645933014
13;10 Formic Acid;0.004066985645933014
14;11 Amidogen;0.004066985645933014
15;12 Ethylene Glycol;0.004066985645933014
16;14 Cyanide Radical;0.004066985645933014
17;15 Carbonyl Sulfide;0.004066985645933014
18;16 Hydroxyl;0.004066985645933014
19;17 Nitric oxide;0.004066985645933014
20;18 Methyl Cyanide;0.004066985645933014
21;19 Cyclopropenylidene;0.004066985645933014
22;20 Sulfur Monoxide ion;0.004066985645933014
23;21 Methanol;0.004066985645933014
24;22 Thioformaldehyde;0.004066985645933014
25;23 Ammonia;0.004066985645933014
26;24 Cyanoacetylene;0.004066985645933014
27;25 Hydrogen Cyanide;0.004066985645933014
28;26 Hydrogen sulfide;0.004066985645933014
29;27 Molecular oxygen;0.004066985645933014
30;28 Hydrogen Isocyanide;0.004066985645933014
