TWHydra_CO3_2line.image;model_comets_tr_500it;1;13 Methyliumylidene;0.7522613065326632
TWHydra_CO3_2line.image;model_comets_tr_500it;2;0 Methylidyne;0.008542713567839196
TWHydra_CO3_2line.image;model_comets_tr_500it;3;1 Formaldehyde;0.008542713567839196
TWHydra_CO3_2line.image;model_comets_tr_500it;4;2 Sulfur dioxide;0.008542713567839196
TWHydra_CO3_2line.image;model_comets_tr_500it;5;3 Carbon Monoxide;0.008542713567839196
TWHydra_CO3_2line.image;model_comets_2_500it;1;29 Formylium;0.6668341708542713
TWHydra_CO3_2line.image;model_comets_2_500it;2;28 Hydrogen Isocyanide;0.09396984924623115
TWHydra_CO3_2line.image;model_comets_2_500it;3;0 Methylidyne;0.008542713567839196
TWHydra_CO3_2line.image;model_comets_2_500it;4;1 Formaldehyde;0.008542713567839196
TWHydra_CO3_2line.image;model_comets_2_500it;5;2 Sulfur dioxide;0.008542713567839196
TWHydra_CO3_2line.image;model_comets_full_500it;1;13 Methyliumylidene;0.7522613065326632
TWHydra_CO3_2line.image;model_comets_full_500it;2;0 Methylidyne;0.008542713567839196
TWHydra_CO3_2line.image;model_comets_full_500it;3;1 Formaldehyde;0.008542713567839196
TWHydra_CO3_2line.image;model_comets_full_500it;4;2 Sulfur dioxide;0.008542713567839196
TWHydra_CO3_2line.image;model_comets_full_500it;5;3 Carbon Monoxide;0.008542713567839196
TWHydra_CO3_2line.image;model_comets_full_expanded_00002_500it;1;20 Sulfur Monoxide ion;0.7321608040201004
TWHydra_CO3_2line.image;model_comets_full_expanded_00002_500it;2;3 Carbon Monoxide;0.023618090452261306
TWHydra_CO3_2line.image;model_comets_full_expanded_00002_500it;3;28 Hydrogen Isocyanide;0.0135678391959799
TWHydra_CO3_2line.image;model_comets_full_expanded_00002_500it;4;0 Methylidyne;0.008542713567839196
TWHydra_CO3_2line.image;model_comets_full_expanded_00002_500it;5;1 Formaldehyde;0.008542713567839196
TWHydra_CO3_2line.image;model_comets_full_expanded_00010_500it;1;28 Hydrogen Isocyanide;0.7472361809045226
TWHydra_CO3_2line.image;model_comets_full_expanded_00010_500it;2;24 Cyanoacetylene;0.0135678391959799
TWHydra_CO3_2line.image;model_comets_full_expanded_00010_500it;3;0 Methylidyne;0.008542713567839196
TWHydra_CO3_2line.image;model_comets_full_expanded_00010_500it;4;1 Formaldehyde;0.008542713567839196
TWHydra_CO3_2line.image;model_comets_full_expanded_00010_500it;5;2 Sulfur dioxide;0.008542713567839196
TWHydra_HCOplusline.image;model_comets_tr_500it;1;13 Methyliumylidene;0.7445595854922279
TWHydra_HCOplusline.image;model_comets_tr_500it;2;0 Methylidyne;0.008808290155440414
TWHydra_HCOplusline.image;model_comets_tr_500it;3;1 Formaldehyde;0.008808290155440414
TWHydra_HCOplusline.image;model_comets_tr_500it;4;2 Sulfur dioxide;0.008808290155440414
TWHydra_HCOplusline.image;model_comets_tr_500it;5;3 Carbon Monoxide;0.008808290155440414
TWHydra_HCOplusline.image;model_comets_2_500it;1;13 Methyliumylidene;0.7445595854922279
TWHydra_HCOplusline.image;model_comets_2_500it;2;0 Methylidyne;0.008808290155440414
TWHydra_HCOplusline.image;model_comets_2_500it;3;1 Formaldehyde;0.008808290155440414
TWHydra_HCOplusline.image;model_comets_2_500it;4;2 Sulfur dioxide;0.008808290155440414
TWHydra_HCOplusline.image;model_comets_2_500it;5;3 Carbon Monoxide;0.008808290155440414
TWHydra_HCOplusline.image;model_comets_full_500it;1;13 Methyliumylidene;0.7445595854922279
TWHydra_HCOplusline.image;model_comets_full_500it;2;0 Methylidyne;0.008808290155440414
TWHydra_HCOplusline.image;model_comets_full_500it;3;1 Formaldehyde;0.008808290155440414
TWHydra_HCOplusline.image;model_comets_full_500it;4;2 Sulfur dioxide;0.008808290155440414
TWHydra_HCOplusline.image;model_comets_full_500it;5;3 Carbon Monoxide;0.008808290155440414
TWHydra_HCOplusline.image;model_comets_full_expanded_00002_500it;1;15 Carbonyl Sulfide;0.7445595854922279
TWHydra_HCOplusline.image;model_comets_full_expanded_00002_500it;2;0 Methylidyne;0.008808290155440414
TWHydra_HCOplusline.image;model_comets_full_expanded_00002_500it;3;1 Formaldehyde;0.008808290155440414
TWHydra_HCOplusline.image;model_comets_full_expanded_00002_500it;4;2 Sulfur dioxide;0.008808290155440414
TWHydra_HCOplusline.image;model_comets_full_expanded_00002_500it;5;3 Carbon Monoxide;0.008808290155440414
TWHydra_HCOplusline.image;model_comets_full_expanded_00010_500it;1;22 Thioformaldehyde;0.7445595854922279
TWHydra_HCOplusline.image;model_comets_full_expanded_00010_500it;2;0 Methylidyne;0.008808290155440414
TWHydra_HCOplusline.image;model_comets_full_expanded_00010_500it;3;1 Formaldehyde;0.008808290155440414
TWHydra_HCOplusline.image;model_comets_full_expanded_00010_500it;4;2 Sulfur dioxide;0.008808290155440414
TWHydra_HCOplusline.image;model_comets_full_expanded_00010_500it;5;3 Carbon Monoxide;0.008808290155440414
Orion.HNC.cbc.contsub.image;model_comets_tr_500it;1;13 Methyliumylidene;0.8246411483253588
Orion.HNC.cbc.contsub.image;model_comets_tr_500it;2;29 Formylium;0.05909090909090909
Orion.HNC.cbc.contsub.image;model_comets_tr_500it;3;4 Acetaldehyde;0.00645933014354067
Orion.HNC.cbc.contsub.image;model_comets_tr_500it;4;0 Methylidyne;0.004066985645933014
Orion.HNC.cbc.contsub.image;model_comets_tr_500it;5;1 Formaldehyde;0.004066985645933014
Orion.HNC.cbc.contsub.image;model_comets_2_500it;1;13 Methyliumylidene;0.8007177033492823
Orion.HNC.cbc.contsub.image;model_comets_2_500it;2;29 Formylium;0.0854066985645933
Orion.HNC.cbc.contsub.image;model_comets_2_500it;3;0 Methylidyne;0.004066985645933014
Orion.HNC.cbc.contsub.image;model_comets_2_500it;4;1 Formaldehyde;0.004066985645933014
Orion.HNC.cbc.contsub.image;model_comets_2_500it;5;2 Sulfur dioxide;0.004066985645933014
Orion.HNC.cbc.contsub.image;model_comets_full_500it;1;13 Methyliumylidene;0.8485645933014354
Orion.HNC.cbc.contsub.image;model_comets_full_500it;2;28 Hydrogen Isocyanide;0.03755980861244019
Orion.HNC.cbc.contsub.image;model_comets_full_500it;3;0 Methylidyne;0.004066985645933014
Orion.HNC.cbc.contsub.image;model_comets_full_500it;4;1 Formaldehyde;0.004066985645933014
Orion.HNC.cbc.contsub.image;model_comets_full_500it;5;2 Sulfur dioxide;0.004066985645933014
Orion.HNC.cbc.contsub.image;model_comets_full_expanded_00002_500it;1;24 Cyanoacetylene;0.8820574162679425
Orion.HNC.cbc.contsub.image;model_comets_full_expanded_00002_500it;2;0 Methylidyne;0.004066985645933014
Orion.HNC.cbc.contsub.image;model_comets_full_expanded_00002_500it;3;1 Formaldehyde;0.004066985645933014
Orion.HNC.cbc.contsub.image;model_comets_full_expanded_00002_500it;4;2 Sulfur dioxide;0.004066985645933014
Orion.HNC.cbc.contsub.image;model_comets_full_expanded_00002_500it;5;3 Carbon Monoxide;0.004066985645933014
Orion.HNC.cbc.contsub.image;model_comets_full_expanded_00010_500it;1;28 Hydrogen Isocyanide;0.8820574162679425
Orion.HNC.cbc.contsub.image;model_comets_full_expanded_00010_500it;2;0 Methylidyne;0.004066985645933014
Orion.HNC.cbc.contsub.image;model_comets_full_expanded_00010_500it;3;1 Formaldehyde;0.004066985645933014
Orion.HNC.cbc.contsub.image;model_comets_full_expanded_00010_500it;4;2 Sulfur dioxide;0.004066985645933014
Orion.HNC.cbc.contsub.image;model_comets_full_expanded_00010_500it;5;3 Carbon Monoxide;0.004066985645933014
HD163296_CO_2_1.image;model_comets_tr_500it;1;13 Methyliumylidene;0.8615168539325843
HD163296_CO_2_1.image;model_comets_tr_500it;2;0 Methylidyne;0.0047752808988764045
HD163296_CO_2_1.image;model_comets_tr_500it;3;1 Formaldehyde;0.0047752808988764045
HD163296_CO_2_1.image;model_comets_tr_500it;4;2 Sulfur dioxide;0.0047752808988764045
HD163296_CO_2_1.image;model_comets_tr_500it;5;3 Carbon Monoxide;0.0047752808988764045
HD163296_CO_2_1.image;model_comets_2_500it;1;13 Methyliumylidene;0.8615168539325843
HD163296_CO_2_1.image;model_comets_2_500it;2;0 Methylidyne;0.0047752808988764045
HD163296_CO_2_1.image;model_comets_2_500it;3;1 Formaldehyde;0.0047752808988764045
HD163296_CO_2_1.image;model_comets_2_500it;4;2 Sulfur dioxide;0.0047752808988764045
HD163296_CO_2_1.image;model_comets_2_500it;5;3 Carbon Monoxide;0.0047752808988764045
HD163296_CO_2_1.image;model_comets_full_500it;1;13 Methyliumylidene;0.8615168539325843
HD163296_CO_2_1.image;model_comets_full_500it;2;0 Methylidyne;0.0047752808988764045
HD163296_CO_2_1.image;model_comets_full_500it;3;1 Formaldehyde;0.0047752808988764045
HD163296_CO_2_1.image;model_comets_full_500it;4;2 Sulfur dioxide;0.0047752808988764045
HD163296_CO_2_1.image;model_comets_full_500it;5;3 Carbon Monoxide;0.0047752808988764045
HD163296_CO_2_1.image;model_comets_full_expanded_00002_500it;1;15 Carbonyl Sulfide;0.8615168539325843
HD163296_CO_2_1.image;model_comets_full_expanded_00002_500it;2;0 Methylidyne;0.0047752808988764045
HD163296_CO_2_1.image;model_comets_full_expanded_00002_500it;3;1 Formaldehyde;0.0047752808988764045
HD163296_CO_2_1.image;model_comets_full_expanded_00002_500it;4;2 Sulfur dioxide;0.0047752808988764045
HD163296_CO_2_1.image;model_comets_full_expanded_00002_500it;5;3 Carbon Monoxide;0.0047752808988764045
HD163296_CO_2_1.image;model_comets_full_expanded_00010_500it;1;29 Formylium;0.8615168539325843
HD163296_CO_2_1.image;model_comets_full_expanded_00010_500it;2;0 Methylidyne;0.0047752808988764045
HD163296_CO_2_1.image;model_comets_full_expanded_00010_500it;3;1 Formaldehyde;0.0047752808988764045
HD163296_CO_2_1.image;model_comets_full_expanded_00010_500it;4;2 Sulfur dioxide;0.0047752808988764045
HD163296_CO_2_1.image;model_comets_full_expanded_00010_500it;5;3 Carbon Monoxide;0.0047752808988764045
Orion.methanol.cbc.contsub.image;model_comets_tr_500it;1;13 Methyliumylidene;0.748469387755102
Orion.methanol.cbc.contsub.image;model_comets_tr_500it;2;0 Methylidyne;0.008673469387755102
Orion.methanol.cbc.contsub.image;model_comets_tr_500it;3;1 Formaldehyde;0.008673469387755102
Orion.methanol.cbc.contsub.image;model_comets_tr_500it;4;2 Sulfur dioxide;0.008673469387755102
Orion.methanol.cbc.contsub.image;model_comets_tr_500it;5;3 Carbon Monoxide;0.008673469387755102
Orion.methanol.cbc.contsub.image;model_comets_2_500it;1;13 Methyliumylidene;0.748469387755102
Orion.methanol.cbc.contsub.image;model_comets_2_500it;2;0 Methylidyne;0.008673469387755102
Orion.methanol.cbc.contsub.image;model_comets_2_500it;3;1 Formaldehyde;0.008673469387755102
Orion.methanol.cbc.contsub.image;model_comets_2_500it;4;2 Sulfur dioxide;0.008673469387755102
Orion.methanol.cbc.contsub.image;model_comets_2_500it;5;3 Carbon Monoxide;0.008673469387755102
Orion.methanol.cbc.contsub.image;model_comets_full_500it;1;28 Hydrogen Isocyanide;0.6107142857142858
Orion.methanol.cbc.contsub.image;model_comets_full_500it;2;29 Formylium;0.14642857142857144
Orion.methanol.cbc.contsub.image;model_comets_full_500it;3;0 Methylidyne;0.008673469387755102
Orion.methanol.cbc.contsub.image;model_comets_full_500it;4;1 Formaldehyde;0.008673469387755102
Orion.methanol.cbc.contsub.image;model_comets_full_500it;5;2 Sulfur dioxide;0.008673469387755102
Orion.methanol.cbc.contsub.image;model_comets_full_expanded_00002_500it;1;22 Thioformaldehyde;0.7433673469387755
Orion.methanol.cbc.contsub.image;model_comets_full_expanded_00002_500it;2;14 Cyanide Radical;0.013775510204081633
Orion.methanol.cbc.contsub.image;model_comets_full_expanded_00002_500it;3;0 Methylidyne;0.008673469387755102
Orion.methanol.cbc.contsub.image;model_comets_full_expanded_00002_500it;4;1 Formaldehyde;0.008673469387755102
Orion.methanol.cbc.contsub.image;model_comets_full_expanded_00002_500it;5;2 Sulfur dioxide;0.008673469387755102
Orion.methanol.cbc.contsub.image;model_comets_full_expanded_00010_500it;1;25 Hydrogen Cyanide;0.7433673469387755
Orion.methanol.cbc.contsub.image;model_comets_full_expanded_00010_500it;2;16 Hydroxyl;0.013775510204081633
Orion.methanol.cbc.contsub.image;model_comets_full_expanded_00010_500it;3;0 Methylidyne;0.008673469387755102
Orion.methanol.cbc.contsub.image;model_comets_full_expanded_00010_500it;4;1 Formaldehyde;0.008673469387755102
Orion.methanol.cbc.contsub.image;model_comets_full_expanded_00010_500it;5;2 Sulfur dioxide;0.008673469387755102
uid___A002_Xa916fc_X668__IRS43_HCO32.final.image.pbcor;model_comets_tr_500it;1;13 Methyliumylidene;0.9425407925407926
uid___A002_Xa916fc_X668__IRS43_HCO32.final.image.pbcor;model_comets_tr_500it;2;0 Methylidyne;0.001981351981351981
uid___A002_Xa916fc_X668__IRS43_HCO32.final.image.pbcor;model_comets_tr_500it;3;1 Formaldehyde;0.001981351981351981
uid___A002_Xa916fc_X668__IRS43_HCO32.final.image.pbcor;model_comets_tr_500it;4;2 Sulfur dioxide;0.001981351981351981
uid___A002_Xa916fc_X668__IRS43_HCO32.final.image.pbcor;model_comets_tr_500it;5;3 Carbon Monoxide;0.001981351981351981
uid___A002_Xa916fc_X668__IRS43_HCO32.final.image.pbcor;model_comets_2_500it;1;13 Methyliumylidene;0.8656177156177157
uid___A002_Xa916fc_X668__IRS43_HCO32.final.image.pbcor;model_comets_2_500it;2;29 Formylium;0.045104895104895106
uid___A002_Xa916fc_X668__IRS43_HCO32.final.image.pbcor;model_comets_2_500it;3;7 Carbon Monoxide Ion;0.03578088578088578
uid___A002_Xa916fc_X668__IRS43_HCO32.final.image.pbcor;model_comets_2_500it;4;0 Methylidyne;0.001981351981351981
uid___A002_Xa916fc_X668__IRS43_HCO32.final.image.pbcor;model_comets_2_500it;5;1 Formaldehyde;0.001981351981351981
uid___A002_Xa916fc_X668__IRS43_HCO32.final.image.pbcor;model_comets_full_500it;1;13 Methyliumylidene;0.8481351981351982
uid___A002_Xa916fc_X668__IRS43_HCO32.final.image.pbcor;model_comets_full_500it;2;28 Hydrogen Isocyanide;0.08356643356643358
uid___A002_Xa916fc_X668__IRS43_HCO32.final.image.pbcor;model_comets_full_500it;3;15 Carbonyl Sulfide;0.014801864801864802
uid___A002_Xa916fc_X668__IRS43_HCO32.final.image.pbcor;model_comets_full_500it;4;0 Methylidyne;0.001981351981351981
uid___A002_Xa916fc_X668__IRS43_HCO32.final.image.pbcor;model_comets_full_500it;5;1 Formaldehyde;0.001981351981351981
uid___A002_Xa916fc_X668__IRS43_HCO32.final.image.pbcor;model_comets_full_expanded_00002_500it;1;13 Methyliumylidene;0.9425407925407926
uid___A002_Xa916fc_X668__IRS43_HCO32.final.image.pbcor;model_comets_full_expanded_00002_500it;2;0 Methylidyne;0.001981351981351981
uid___A002_Xa916fc_X668__IRS43_HCO32.final.image.pbcor;model_comets_full_expanded_00002_500it;3;1 Formaldehyde;0.001981351981351981
uid___A002_Xa916fc_X668__IRS43_HCO32.final.image.pbcor;model_comets_full_expanded_00002_500it;4;2 Sulfur dioxide;0.001981351981351981
uid___A002_Xa916fc_X668__IRS43_HCO32.final.image.pbcor;model_comets_full_expanded_00002_500it;5;3 Carbon Monoxide;0.001981351981351981
uid___A002_Xa916fc_X668__IRS43_HCO32.final.image.pbcor;model_comets_full_expanded_00010_500it;1;29 Formylium;0.9425407925407926
uid___A002_Xa916fc_X668__IRS43_HCO32.final.image.pbcor;model_comets_full_expanded_00010_500it;2;0 Methylidyne;0.001981351981351981
uid___A002_Xa916fc_X668__IRS43_HCO32.final.image.pbcor;model_comets_full_expanded_00010_500it;3;1 Formaldehyde;0.001981351981351981
uid___A002_Xa916fc_X668__IRS43_HCO32.final.image.pbcor;model_comets_full_expanded_00010_500it;4;2 Sulfur dioxide;0.001981351981351981
uid___A002_Xa916fc_X668__IRS43_HCO32.final.image.pbcor;model_comets_full_expanded_00010_500it;5;3 Carbon Monoxide;0.001981351981351981
