1;13 Methyliumylidene;0.9425407925407926
2;0 Methylidyne;0.001981351981351981
3;1 Formaldehyde;0.001981351981351981
4;2 Sulfur dioxide;0.001981351981351981
5;3 Carbon Monoxide;0.001981351981351981
6;4 Acetaldehyde;0.001981351981351981
7;5 Water;0.001981351981351981
8;6 Imidogen;0.001981351981351981
9;7 Carbon Monoxide Ion;0.001981351981351981
10;8 Nitric sulfide;0.001981351981351981
11;9 Isocyanic Acid;0.001981351981351981
12;10 Formic Acid;0.001981351981351981
13;11 Amidogen;0.001981351981351981
14;12 Ethylene Glycol;0.001981351981351981
15;14 Cyanide Radical;0.001981351981351981
16;15 Carbonyl Sulfide;0.001981351981351981
17;16 Hydroxyl;0.001981351981351981
18;17 Nitric oxide;0.001981351981351981
19;18 Methyl Cyanide;0.001981351981351981
20;19 Cyclopropenylidene;0.001981351981351981
21;20 Sulfur Monoxide ion;0.001981351981351981
22;21 Methanol;0.001981351981351981
23;22 Thioformaldehyde;0.001981351981351981
24;23 Ammonia;0.001981351981351981
25;24 Cyanoacetylene;0.001981351981351981
26;25 Hydrogen Cyanide;0.001981351981351981
27;26 Hydrogen sulfide;0.001981351981351981
28;27 Molecular oxygen;0.001981351981351981
29;28 Hydrogen Isocyanide;0.001981351981351981
30;29 Formylium;0.001981351981351981
