1;13 Methyliumylidene;0.8656177156177157
2;29 Formylium;0.045104895104895106
3;7 Carbon Monoxide Ion;0.03578088578088578
4;0 Methylidyne;0.001981351981351981
5;1 Formaldehyde;0.001981351981351981
6;2 Sulfur dioxide;0.001981351981351981
7;3 Carbon Monoxide;0.001981351981351981
8;4 Acetaldehyde;0.001981351981351981
9;5 Water;0.001981351981351981
10;6 Imidogen;0.001981351981351981
11;8 Nitric sulfide;0.001981351981351981
12;9 Isocyanic Acid;0.001981351981351981
13;10 Formic Acid;0.001981351981351981
14;11 Amidogen;0.001981351981351981
15;12 Ethylene Glycol;0.001981351981351981
16;14 Cyanide Radical;0.001981351981351981
17;15 Carbonyl Sulfide;0.001981351981351981
18;16 Hydroxyl;0.001981351981351981
19;17 Nitric oxide;0.001981351981351981
20;18 Methyl Cyanide;0.001981351981351981
21;19 Cyclopropenylidene;0.001981351981351981
22;20 Sulfur Monoxide ion;0.001981351981351981
23;21 Methanol;0.001981351981351981
24;22 Thioformaldehyde;0.001981351981351981
25;23 Ammonia;0.001981351981351981
26;24 Cyanoacetylene;0.001981351981351981
27;25 Hydrogen Cyanide;0.001981351981351981
28;26 Hydrogen sulfide;0.001981351981351981
29;27 Molecular oxygen;0.001981351981351981
30;28 Hydrogen Isocyanide;0.001981351981351981
