uid___A002_Xa916fc_X668__IRS43_HCO32.final.image.pbcor;model_diffuse_clouds_tr_500it;1;16 Silicon Monoxide;0.8193717277486912
uid___A002_Xa916fc_X668__IRS43_HCO32.final.image.pbcor;model_diffuse_clouds_tr_500it;2;0 Methylidyne;0.007853403141361258
uid___A002_Xa916fc_X668__IRS43_HCO32.final.image.pbcor;model_diffuse_clouds_tr_500it;3;1 Butyronitrile;0.007853403141361258
uid___A002_Xa916fc_X668__IRS43_HCO32.final.image.pbcor;model_diffuse_clouds_tr_500it;4;2 Formaldehyde;0.007853403141361258
uid___A002_Xa916fc_X668__IRS43_HCO32.final.image.pbcor;model_diffuse_clouds_tr_500it;5;3 Sulfur dioxide;0.007853403141361258
uid___A002_Xa916fc_X668__IRS43_HCO32.final.image.pbcor;model_diffuse_clouds_2_500it;1;11 Methyliumylidene;0.8081525804038894
uid___A002_Xa916fc_X668__IRS43_HCO32.final.image.pbcor;model_diffuse_clouds_2_500it;2;22 Formylium;0.01907255048616305
uid___A002_Xa916fc_X668__IRS43_HCO32.final.image.pbcor;model_diffuse_clouds_2_500it;3;0 Methylidyne;0.007853403141361258
uid___A002_Xa916fc_X668__IRS43_HCO32.final.image.pbcor;model_diffuse_clouds_2_500it;4;1 Butyronitrile;0.007853403141361258
uid___A002_Xa916fc_X668__IRS43_HCO32.final.image.pbcor;model_diffuse_clouds_2_500it;5;2 Formaldehyde;0.007853403141361258
uid___A002_Xa916fc_X668__IRS43_HCO32.final.image.pbcor;model_diffuse_clouds_full_500it;1;11 Methyliumylidene;0.8193717277486912
uid___A002_Xa916fc_X668__IRS43_HCO32.final.image.pbcor;model_diffuse_clouds_full_500it;2;0 Methylidyne;0.007853403141361258
uid___A002_Xa916fc_X668__IRS43_HCO32.final.image.pbcor;model_diffuse_clouds_full_500it;3;1 Butyronitrile;0.007853403141361258
uid___A002_Xa916fc_X668__IRS43_HCO32.final.image.pbcor;model_diffuse_clouds_full_500it;4;2 Formaldehyde;0.007853403141361258
uid___A002_Xa916fc_X668__IRS43_HCO32.final.image.pbcor;model_diffuse_clouds_full_500it;5;3 Sulfur dioxide;0.007853403141361258
uid___A002_Xa916fc_X668__IRS43_HCO32.final.image.pbcor;model_diffuse_clouds_full_expanded_00002_500it;1;8 Thioformylium;0.8156320119670906
uid___A002_Xa916fc_X668__IRS43_HCO32.final.image.pbcor;model_diffuse_clouds_full_expanded_00002_500it;2;22 Formylium;0.011593118922961856
uid___A002_Xa916fc_X668__IRS43_HCO32.final.image.pbcor;model_diffuse_clouds_full_expanded_00002_500it;3;0 Methylidyne;0.007853403141361258
uid___A002_Xa916fc_X668__IRS43_HCO32.final.image.pbcor;model_diffuse_clouds_full_expanded_00002_500it;4;1 Butyronitrile;0.007853403141361258
uid___A002_Xa916fc_X668__IRS43_HCO32.final.image.pbcor;model_diffuse_clouds_full_expanded_00002_500it;5;2 Formaldehyde;0.007853403141361258
uid___A002_Xa916fc_X668__IRS43_HCO32.final.image.pbcor;model_diffuse_clouds_full_expanded_00010_500it;1;21 Hydrogen Isocyanide;0.8193717277486912
uid___A002_Xa916fc_X668__IRS43_HCO32.final.image.pbcor;model_diffuse_clouds_full_expanded_00010_500it;2;0 Methylidyne;0.007853403141361258
uid___A002_Xa916fc_X668__IRS43_HCO32.final.image.pbcor;model_diffuse_clouds_full_expanded_00010_500it;3;1 Butyronitrile;0.007853403141361258
uid___A002_Xa916fc_X668__IRS43_HCO32.final.image.pbcor;model_diffuse_clouds_full_expanded_00010_500it;4;2 Formaldehyde;0.007853403141361258
uid___A002_Xa916fc_X668__IRS43_HCO32.final.image.pbcor;model_diffuse_clouds_full_expanded_00010_500it;5;3 Sulfur dioxide;0.007853403141361258
TWHydra_HCOplusline.image;model_diffuse_clouds_tr_500it;1;22 Formylium;0.3419618528610354
TWHydra_HCOplusline.image;model_diffuse_clouds_tr_500it;2;0 Methylidyne;0.02861035422343324
TWHydra_HCOplusline.image;model_diffuse_clouds_tr_500it;3;1 Butyronitrile;0.02861035422343324
TWHydra_HCOplusline.image;model_diffuse_clouds_tr_500it;4;2 Formaldehyde;0.02861035422343324
TWHydra_HCOplusline.image;model_diffuse_clouds_tr_500it;5;3 Sulfur dioxide;0.02861035422343324
TWHydra_HCOplusline.image;model_diffuse_clouds_2_500it;1;17 Hydrogen Cyanide;0.31471389645776565
TWHydra_HCOplusline.image;model_diffuse_clouds_2_500it;2;22 Formylium;0.05585831062670299
TWHydra_HCOplusline.image;model_diffuse_clouds_2_500it;3;0 Methylidyne;0.02861035422343324
TWHydra_HCOplusline.image;model_diffuse_clouds_2_500it;4;1 Butyronitrile;0.02861035422343324
TWHydra_HCOplusline.image;model_diffuse_clouds_2_500it;5;2 Formaldehyde;0.02861035422343324
TWHydra_HCOplusline.image;model_diffuse_clouds_full_500it;1;22 Formylium;0.26021798365122617
TWHydra_HCOplusline.image;model_diffuse_clouds_full_500it;2;18 Carbon Monosulfide;0.1103542234332425
TWHydra_HCOplusline.image;model_diffuse_clouds_full_500it;3;0 Methylidyne;0.02861035422343324
TWHydra_HCOplusline.image;model_diffuse_clouds_full_500it;4;1 Butyronitrile;0.02861035422343324
TWHydra_HCOplusline.image;model_diffuse_clouds_full_500it;5;2 Formaldehyde;0.02861035422343324
TWHydra_HCOplusline.image;model_diffuse_clouds_full_expanded_00002_500it;1;22 Formylium;0.3419618528610354
TWHydra_HCOplusline.image;model_diffuse_clouds_full_expanded_00002_500it;2;0 Methylidyne;0.02861035422343324
TWHydra_HCOplusline.image;model_diffuse_clouds_full_expanded_00002_500it;3;1 Butyronitrile;0.02861035422343324
TWHydra_HCOplusline.image;model_diffuse_clouds_full_expanded_00002_500it;4;2 Formaldehyde;0.02861035422343324
TWHydra_HCOplusline.image;model_diffuse_clouds_full_expanded_00002_500it;5;3 Sulfur dioxide;0.02861035422343324
TWHydra_HCOplusline.image;model_diffuse_clouds_full_expanded_00010_500it;1;22 Formylium;0.31471389645776565
TWHydra_HCOplusline.image;model_diffuse_clouds_full_expanded_00010_500it;2;5 Water;0.05585831062670299
TWHydra_HCOplusline.image;model_diffuse_clouds_full_expanded_00010_500it;3;0 Methylidyne;0.02861035422343324
TWHydra_HCOplusline.image;model_diffuse_clouds_full_expanded_00010_500it;4;1 Butyronitrile;0.02861035422343324
TWHydra_HCOplusline.image;model_diffuse_clouds_full_expanded_00010_500it;5;2 Formaldehyde;0.02861035422343324
DMTau.CS_5-4.image;model_diffuse_clouds_tr_500it;1;11 Methyliumylidene;0.8730283911671926
DMTau.CS_5-4.image;model_diffuse_clouds_tr_500it;2;0 Methylidyne;0.005520504731861199
DMTau.CS_5-4.image;model_diffuse_clouds_tr_500it;3;1 Butyronitrile;0.005520504731861199
DMTau.CS_5-4.image;model_diffuse_clouds_tr_500it;4;2 Formaldehyde;0.005520504731861199
DMTau.CS_5-4.image;model_diffuse_clouds_tr_500it;5;3 Sulfur dioxide;0.005520504731861199
DMTau.CS_5-4.image;model_diffuse_clouds_2_500it;1;11 Methyliumylidene;0.8730283911671926
DMTau.CS_5-4.image;model_diffuse_clouds_2_500it;2;0 Methylidyne;0.005520504731861199
DMTau.CS_5-4.image;model_diffuse_clouds_2_500it;3;1 Butyronitrile;0.005520504731861199
DMTau.CS_5-4.image;model_diffuse_clouds_2_500it;4;2 Formaldehyde;0.005520504731861199
DMTau.CS_5-4.image;model_diffuse_clouds_2_500it;5;3 Sulfur dioxide;0.005520504731861199
DMTau.CS_5-4.image;model_diffuse_clouds_full_500it;1;11 Methyliumylidene;0.8651419558359622
DMTau.CS_5-4.image;model_diffuse_clouds_full_500it;2;16 Silicon Monoxide;0.013406940063091483
DMTau.CS_5-4.image;model_diffuse_clouds_full_500it;3;0 Methylidyne;0.005520504731861199
DMTau.CS_5-4.image;model_diffuse_clouds_full_500it;4;1 Butyronitrile;0.005520504731861199
DMTau.CS_5-4.image;model_diffuse_clouds_full_500it;5;2 Formaldehyde;0.005520504731861199
DMTau.CS_5-4.image;model_diffuse_clouds_full_expanded_00002_500it;1;18 Carbon Monosulfide;0.8730283911671926
DMTau.CS_5-4.image;model_diffuse_clouds_full_expanded_00002_500it;2;0 Methylidyne;0.005520504731861199
DMTau.CS_5-4.image;model_diffuse_clouds_full_expanded_00002_500it;3;1 Butyronitrile;0.005520504731861199
DMTau.CS_5-4.image;model_diffuse_clouds_full_expanded_00002_500it;4;2 Formaldehyde;0.005520504731861199
DMTau.CS_5-4.image;model_diffuse_clouds_full_expanded_00002_500it;5;3 Sulfur dioxide;0.005520504731861199
DMTau.CS_5-4.image;model_diffuse_clouds_full_expanded_00010_500it;1;17 Hydrogen Cyanide;0.8730283911671926
DMTau.CS_5-4.image;model_diffuse_clouds_full_expanded_00010_500it;2;0 Methylidyne;0.005520504731861199
DMTau.CS_5-4.image;model_diffuse_clouds_full_expanded_00010_500it;3;1 Butyronitrile;0.005520504731861199
DMTau.CS_5-4.image;model_diffuse_clouds_full_expanded_00010_500it;4;2 Formaldehyde;0.005520504731861199
DMTau.CS_5-4.image;model_diffuse_clouds_full_expanded_00010_500it;5;3 Sulfur dioxide;0.005520504731861199
Orion.HNC.cbc.contsub.image;model_diffuse_clouds_tr_500it;1;16 Silicon Monoxide;0.7768022181146026
Orion.HNC.cbc.contsub.image;model_diffuse_clouds_tr_500it;2;0 Methylidyne;0.009704251386321626
Orion.HNC.cbc.contsub.image;model_diffuse_clouds_tr_500it;3;1 Butyronitrile;0.009704251386321626
Orion.HNC.cbc.contsub.image;model_diffuse_clouds_tr_500it;4;2 Formaldehyde;0.009704251386321626
Orion.HNC.cbc.contsub.image;model_diffuse_clouds_tr_500it;5;3 Sulfur dioxide;0.009704251386321626
Orion.HNC.cbc.contsub.image;model_diffuse_clouds_2_500it;1;11 Methyliumylidene;0.7768022181146026
Orion.HNC.cbc.contsub.image;model_diffuse_clouds_2_500it;2;0 Methylidyne;0.009704251386321626
Orion.HNC.cbc.contsub.image;model_diffuse_clouds_2_500it;3;1 Butyronitrile;0.009704251386321626
Orion.HNC.cbc.contsub.image;model_diffuse_clouds_2_500it;4;2 Formaldehyde;0.009704251386321626
Orion.HNC.cbc.contsub.image;model_diffuse_clouds_2_500it;5;3 Sulfur dioxide;0.009704251386321626
Orion.HNC.cbc.contsub.image;model_diffuse_clouds_full_500it;1;16 Silicon Monoxide;0.638170055452865
Orion.HNC.cbc.contsub.image;model_diffuse_clouds_full_500it;2;22 Formylium;0.14833641404805914
Orion.HNC.cbc.contsub.image;model_diffuse_clouds_full_500it;3;0 Methylidyne;0.009704251386321626
Orion.HNC.cbc.contsub.image;model_diffuse_clouds_full_500it;4;1 Butyronitrile;0.009704251386321626
Orion.HNC.cbc.contsub.image;model_diffuse_clouds_full_500it;5;2 Formaldehyde;0.009704251386321626
Orion.HNC.cbc.contsub.image;model_diffuse_clouds_full_expanded_00002_500it;1;4 Carbon Monoxide;0.7768022181146026
Orion.HNC.cbc.contsub.image;model_diffuse_clouds_full_expanded_00002_500it;2;0 Methylidyne;0.009704251386321626
Orion.HNC.cbc.contsub.image;model_diffuse_clouds_full_expanded_00002_500it;3;1 Butyronitrile;0.009704251386321626
Orion.HNC.cbc.contsub.image;model_diffuse_clouds_full_expanded_00002_500it;4;2 Formaldehyde;0.009704251386321626
Orion.HNC.cbc.contsub.image;model_diffuse_clouds_full_expanded_00002_500it;5;3 Sulfur dioxide;0.009704251386321626
Orion.HNC.cbc.contsub.image;model_diffuse_clouds_full_expanded_00010_500it;1;20 Molecular oxygen;0.7768022181146026
Orion.HNC.cbc.contsub.image;model_diffuse_clouds_full_expanded_00010_500it;2;0 Methylidyne;0.009704251386321626
Orion.HNC.cbc.contsub.image;model_diffuse_clouds_full_expanded_00010_500it;3;1 Butyronitrile;0.009704251386321626
Orion.HNC.cbc.contsub.image;model_diffuse_clouds_full_expanded_00010_500it;4;2 Formaldehyde;0.009704251386321626
Orion.HNC.cbc.contsub.image;model_diffuse_clouds_full_expanded_00010_500it;5;3 Sulfur dioxide;0.009704251386321626
TWHydra_CO3_2line.image;model_diffuse_clouds_tr_500it;1;11 Methyliumylidene;0.3594164456233422
TWHydra_CO3_2line.image;model_diffuse_clouds_tr_500it;2;0 Methylidyne;0.027851458885941642
TWHydra_CO3_2line.image;model_diffuse_clouds_tr_500it;3;1 Butyronitrile;0.027851458885941642
TWHydra_CO3_2line.image;model_diffuse_clouds_tr_500it;4;2 Formaldehyde;0.027851458885941642
TWHydra_CO3_2line.image;model_diffuse_clouds_tr_500it;5;3 Sulfur dioxide;0.027851458885941642
TWHydra_CO3_2line.image;model_diffuse_clouds_2_500it;1;11 Methyliumylidene;0.3594164456233422
TWHydra_CO3_2line.image;model_diffuse_clouds_2_500it;2;0 Methylidyne;0.027851458885941642
TWHydra_CO3_2line.image;model_diffuse_clouds_2_500it;3;1 Butyronitrile;0.027851458885941642
TWHydra_CO3_2line.image;model_diffuse_clouds_2_500it;4;2 Formaldehyde;0.027851458885941642
TWHydra_CO3_2line.image;model_diffuse_clouds_2_500it;5;3 Sulfur dioxide;0.027851458885941642
TWHydra_CO3_2line.image;model_diffuse_clouds_full_500it;1;17 Hydrogen Cyanide;0.3594164456233422
TWHydra_CO3_2line.image;model_diffuse_clouds_full_500it;2;0 Methylidyne;0.027851458885941642
TWHydra_CO3_2line.image;model_diffuse_clouds_full_500it;3;1 Butyronitrile;0.027851458885941642
TWHydra_CO3_2line.image;model_diffuse_clouds_full_500it;4;2 Formaldehyde;0.027851458885941642
TWHydra_CO3_2line.image;model_diffuse_clouds_full_500it;5;3 Sulfur dioxide;0.027851458885941642
TWHydra_CO3_2line.image;model_diffuse_clouds_full_expanded_00002_500it;1;4 Carbon Monoxide;0.3594164456233422
TWHydra_CO3_2line.image;model_diffuse_clouds_full_expanded_00002_500it;2;0 Methylidyne;0.027851458885941642
TWHydra_CO3_2line.image;model_diffuse_clouds_full_expanded_00002_500it;3;1 Butyronitrile;0.027851458885941642
TWHydra_CO3_2line.image;model_diffuse_clouds_full_expanded_00002_500it;4;2 Formaldehyde;0.027851458885941642
TWHydra_CO3_2line.image;model_diffuse_clouds_full_expanded_00002_500it;5;3 Sulfur dioxide;0.027851458885941642
TWHydra_CO3_2line.image;model_diffuse_clouds_full_expanded_00010_500it;1;4 Carbon Monoxide;0.34615384615384615
TWHydra_CO3_2line.image;model_diffuse_clouds_full_expanded_00010_500it;2;13 Hydroxyl;0.04111405835543766
TWHydra_CO3_2line.image;model_diffuse_clouds_full_expanded_00010_500it;3;0 Methylidyne;0.027851458885941642
TWHydra_CO3_2line.image;model_diffuse_clouds_full_expanded_00010_500it;4;1 Butyronitrile;0.027851458885941642
TWHydra_CO3_2line.image;model_diffuse_clouds_full_expanded_00010_500it;5;2 Formaldehyde;0.027851458885941642
HD163296_CO_2_1.image;model_diffuse_clouds_tr_500it;1;8 Thioformylium;0.47727272727272724
HD163296_CO_2_1.image;model_diffuse_clouds_tr_500it;2;0 Methylidyne;0.022727272727272728
HD163296_CO_2_1.image;model_diffuse_clouds_tr_500it;3;1 Butyronitrile;0.022727272727272728
HD163296_CO_2_1.image;model_diffuse_clouds_tr_500it;4;2 Formaldehyde;0.022727272727272728
HD163296_CO_2_1.image;model_diffuse_clouds_tr_500it;5;3 Sulfur dioxide;0.022727272727272728
HD163296_CO_2_1.image;model_diffuse_clouds_2_500it;1;11 Methyliumylidene;0.47727272727272724
HD163296_CO_2_1.image;model_diffuse_clouds_2_500it;2;0 Methylidyne;0.022727272727272728
HD163296_CO_2_1.image;model_diffuse_clouds_2_500it;3;1 Butyronitrile;0.022727272727272728
HD163296_CO_2_1.image;model_diffuse_clouds_2_500it;4;2 Formaldehyde;0.022727272727272728
HD163296_CO_2_1.image;model_diffuse_clouds_2_500it;5;3 Sulfur dioxide;0.022727272727272728
HD163296_CO_2_1.image;model_diffuse_clouds_full_500it;1;11 Methyliumylidene;0.47727272727272724
HD163296_CO_2_1.image;model_diffuse_clouds_full_500it;2;0 Methylidyne;0.022727272727272728
HD163296_CO_2_1.image;model_diffuse_clouds_full_500it;3;1 Butyronitrile;0.022727272727272728
HD163296_CO_2_1.image;model_diffuse_clouds_full_500it;4;2 Formaldehyde;0.022727272727272728
HD163296_CO_2_1.image;model_diffuse_clouds_full_500it;5;3 Sulfur dioxide;0.022727272727272728
HD163296_CO_2_1.image;model_diffuse_clouds_full_expanded_00002_500it;1;8 Thioformylium;0.47727272727272724
HD163296_CO_2_1.image;model_diffuse_clouds_full_expanded_00002_500it;2;0 Methylidyne;0.022727272727272728
HD163296_CO_2_1.image;model_diffuse_clouds_full_expanded_00002_500it;3;1 Butyronitrile;0.022727272727272728
HD163296_CO_2_1.image;model_diffuse_clouds_full_expanded_00002_500it;4;2 Formaldehyde;0.022727272727272728
HD163296_CO_2_1.image;model_diffuse_clouds_full_expanded_00002_500it;5;3 Sulfur dioxide;0.022727272727272728
HD163296_CO_2_1.image;model_diffuse_clouds_full_expanded_00010_500it;1;23 Sulfoniumylidene;0.4448051948051948
HD163296_CO_2_1.image;model_diffuse_clouds_full_expanded_00010_500it;2;11 Methyliumylidene;0.04437229437229437
HD163296_CO_2_1.image;model_diffuse_clouds_full_expanded_00010_500it;3;20 Molecular oxygen;0.03354978354978355
HD163296_CO_2_1.image;model_diffuse_clouds_full_expanded_00010_500it;4;0 Methylidyne;0.022727272727272728
HD163296_CO_2_1.image;model_diffuse_clouds_full_expanded_00010_500it;5;1 Butyronitrile;0.022727272727272728
