¡MATCH! Model[model_alma_band_6_full_500it] FITS[../../FITS/uid___A002_Xa916fc_X668__IRS43_HCO32.final.image.pbcor.fits]: 0.3480083857442348
¡MATCH! Model[model_alma_band_6_full_expanded_00010_500it] FITS[../../FITS/Orion.HNC.cbc.contsub.image.fits]: 0.018229166666666664
¡MATCH! Model[model_hot_cores_full_expanded_00010_500it] FITS[../../FITS/HD163296_CO_2_1.image.fits]: 0.40232558139534885
¡MATCH! Model[model_hot_cores_full_expanded_00010_500it] FITS[../../FITS/TWHydra_CO3_2line.image.fits]: 0.4461538461538462
¡MATCH! Model[model_hot_cores_full_expanded_00010_500it] FITS[../../FITS/TWHydra_HCOplusline.image.fits]: 0.37317073170731707
¡MATCH! Model[model_agb_ppn_pn_tr_500it] FITS[../../FITS/Orion.HNC.cbc.contsub.image.fits]: 0.046424090338770395
¡MATCH! Model[model_agb_ppn_pn_tr_500it] FITS[../../FITS/TWHydra_HCOplusline.image.fits]: 0.3928128872366791
¡MATCH! Model[model_agb_ppn_pn_2_500it] FITS[../../FITS/TWHydra_HCOplusline.image.fits]: 0.3928128872366791
¡MATCH! Model[model_agb_ppn_pn_full_500it] FITS[../../FITS/HD163296_CO_2_1.image.fits]: 0.24265842349304487
¡MATCH! Model[model_agb_ppn_pn_full_500it] FITS[../../FITS/TWHydra_HCOplusline.image.fits]: 0.35270805812417444
¡MATCH! Model[model_agb_ppn_pn_full_expanded_00002_500it] FITS[../../FITS/HD163296_CO_2_1.image.fits]: 0.026275115919629062
¡MATCH! Model[model_agb_ppn_pn_full_expanded_00002_500it] FITS[../../FITS/TWHydra_HCOplusline.image.fits]: 0.35270805812417444
¡MATCH! Model[model_agb_ppn_pn_full_expanded_00010_500it] FITS[../../FITS/HD163296_CO_2_1.image.fits]: 0.24265842349304487
¡MATCH! Model[model_agb_ppn_pn_full_expanded_00010_500it] FITS[../../FITS/Orion.HNC.cbc.contsub.image.fits]: 0.3351424694708277
¡MATCH! Model[model_dark_clouds_2_500it] FITS[../../FITS/TWHydra_CO3_2line.image.fits]: 0.020607375271149673
¡MATCH! Model[model_dark_clouds_2_500it] FITS[../../FITS/TWHydra_HCOplusline.image.fits]: 0.02283653846153846
¡MATCH! Model[model_dark_clouds_full_expanded_00002_500it] FITS[../../FITS/HD163296_CO_2_1.image.fits]: 0.22172619047619047
¡MATCH! Model[model_dark_clouds_full_expanded_00002_500it] FITS[../../FITS/TWHydra_CO3_2line.image.fits]: 0.41169724770642196
¡MATCH! Model[model_dark_clouds_full_expanded_00002_500it] FITS[../../FITS/TWHydra_HCOplusline.image.fits]: 0.34398976982097185
¡MATCH! Model[model_dark_clouds_full_expanded_00010_500it] FITS[../../FITS/HD163296_CO_2_1.image.fits]: 0.23660714285714285
¡MATCH! Model[model_dark_clouds_full_expanded_00010_500it] FITS[../../FITS/TWHydra_CO3_2line.image.fits]: 0.41169724770642196
¡MATCH! Model[model_diffuse_clouds_tr_500it] FITS[../../FITS/TWHydra_HCOplusline.image.fits]: 0.03808353808353808
¡MATCH! Model[model_diffuse_clouds_2_500it] FITS[../../FITS/TWHydra_HCOplusline.image.fits]: 0.40663390663390664
¡MATCH! Model[model_diffuse_clouds_full_500it] FITS[../../FITS/Orion.HNC.cbc.contsub.image.fits]: 0.05510752688172042
¡MATCH! Model[model_diffuse_clouds_full_expanded_00002_500it] FITS[../../FITS/HD163296_CO_2_1.image.fits]: 0.28551136363636365
¡MATCH! Model[model_diffuse_clouds_full_expanded_00002_500it] FITS[../../FITS/TWHydra_CO3_2line.image.fits]: 0.4227166276346604
¡MATCH! Model[model_diffuse_clouds_full_expanded_00002_500it] FITS[../../FITS/TWHydra_HCOplusline.image.fits]: 0.36780104712041883
¡MATCH! Model[model_diffuse_clouds_full_expanded_00010_500it] FITS[../../FITS/HD163296_CO_2_1.image.fits]: 0.31392045454545453
¡MATCH! Model[model_diffuse_clouds_full_expanded_00010_500it] FITS[../../FITS/TWHydra_HCOplusline.image.fits]: 0.05366492146596858
¡MATCH! Model[model_comets_tr_500it] FITS[../../FITS/Orion.HNC.cbc.contsub.image.fits]: 0.391358024691358
¡MATCH! Model[model_comets_tr_500it] FITS[../../FITS/TWHydra_CO3_2line.image.fits]: 0.43626373626373627
¡MATCH! Model[model_comets_tr_500it] FITS[../../FITS/TWHydra_HCOplusline.image.fits]: 0.39878048780487807
¡MATCH! Model[model_comets_2_500it] FITS[../../FITS/Orion.HNC.cbc.contsub.image.fits]: 0.391358024691358
¡MATCH! Model[model_comets_2_500it] FITS[../../FITS/uid___A002_Xa916fc_X668__IRS43_HCO32.final.image.pbcor.fits]: 0.7471794871794871
¡MATCH! Model[model_comets_full_500it] FITS[../../FITS/uid___A002_Xa916fc_X668__IRS43_HCO32.final.image.pbcor.fits]: 0.5304761904761905
¡MATCH! Model[model_comets_full_expanded_00002_500it] FITS[../../FITS/HD163296_CO_2_1.image.fits]: 0.23787878787878786
¡MATCH! Model[model_comets_full_expanded_00002_500it] FITS[../../FITS/Orion.HNC.cbc.contsub.image.fits]: 0.391358024691358
¡MATCH! Model[model_comets_full_expanded_00002_500it] FITS[../../FITS/TWHydra_CO3_2line.image.fits]: 0.42674418604651165
¡MATCH! Model[model_comets_full_expanded_00002_500it] FITS[../../FITS/TWHydra_HCOplusline.image.fits]: 0.35974025974025975
¡MATCH! Model[model_comets_full_expanded_00010_500it] FITS[../../FITS/HD163296_CO_2_1.image.fits]: 0.253030303030303
¡MATCH! Model[model_comets_full_expanded_00010_500it] FITS[../../FITS/Orion.HNC.cbc.contsub.image.fits]: 0.391358024691358
¡MATCH! Model[model_comets_full_expanded_00010_500it] FITS[../../FITS/TWHydra_HCOplusline.image.fits]: 0.35974025974025975
¡MATCH! Model[model_extragalactic_tr_500it] FITS[../../FITS/Orion.HNC.cbc.contsub.image.fits]: 0.390547263681592
¡MATCH! Model[model_extragalactic_full_expanded_00002_500it] FITS[../../FITS/HD163296_CO_2_1.image.fits]: 0.23547400611620795
¡MATCH! Model[model_extragalactic_full_expanded_00002_500it] FITS[../../FITS/Orion.HNC.cbc.contsub.image.fits]: 0.34139784946236557
¡MATCH! Model[model_extragalactic_full_expanded_00002_500it] FITS[../../FITS/TWHydra_CO3_2line.image.fits]: 0.4262295081967213
¡MATCH! Model[model_extragalactic_full_expanded_00002_500it] FITS[../../FITS/TWHydra_HCOplusline.image.fits]: 0.34554973821989526
¡MATCH! Model[model_extragalactic_full_expanded_00010_500it] FITS[../../FITS/TWHydra_CO3_2line.image.fits]: 0.4262295081967213
¡MATCH! Model[model_planetary_full_expanded_00002_500it] FITS[../../FITS/HD163296_CO_2_1.image.fits]: 0.2692307692307692
¡MATCH! Model[model_planetary_full_expanded_00002_500it] FITS[../../FITS/TWHydra_CO3_2line.image.fits]: 0.4411764705882353
¡MATCH! Model[model_planetary_full_expanded_00002_500it] FITS[../../FITS/TWHydra_HCOplusline.image.fits]: 0.375
¡MATCH! Model[model_planetary_full_expanded_00010_500it] FITS[../../FITS/HD163296_CO_2_1.image.fits]: 0.06923076923076923
¡MATCH! Model[model_planetary_full_expanded_00010_500it] FITS[../../FITS/TWHydra_HCOplusline.image.fits]: 0.375
