1;42 Silicon Monoxide;0.5386690647482014
2;0 Ketene;0.008093525179856115
3;1 1,3,5-Hexatriynyl;0.008093525179856115
4;2 Oxonium hydride;0.008093525179856115
5;3 Vinyl Cyanide;0.008093525179856115
6;4 Hydroxyl;0.008093525179856115
7;5 Methyliumylidene;0.008093525179856115
8;6 Carbon Monosulfide;0.008093525179856115
9;7 Cyanomethyl;0.008093525179856115
10;8 Methyl Acetylene;0.008093525179856115
11;9 Ethyl Cyanide;0.008093525179856115
12;10 2,4-Pentadiynylidyne;0.008093525179856115
13;11 4-Cyano-1,3-Butadiynyl;0.008093525179856115
14;12 Water;0.008093525179856115
15;13 Hydrogen sulfide;0.008093525179856115
16;14 Methylene amidogen;0.008093525179856115
17;15 1,3-Butadiynyl radical;0.008093525179856115
18;16 2,4,6,8-Nonatetraynenitrile;0.008093525179856115
19;17 Formylium;0.008093525179856115
20;18 Cyanoallene;0.008093525179856115
21;19 Trihydrogen ion;0.008093525179856115
22;20 Methylcyanodiacetylene;0.008093525179856115
23;21 2,4,6-Heptatriynenitrile;0.008093525179856115
24;22 Methanol;0.008093525179856115
25;23 Ammonia;0.008093525179856115
26;24 Methyl Cyanide;0.008093525179856115
27;25 1,3,5-Hexatriynyl anion;0.008093525179856115
28;26 1,3,5,7-Octatetraynyl anion;0.008093525179856115
29;27 3-Thioxo-1,2-Propadieylidene;0.008093525179856115
30;28 Cyanobutadiyne;0.008093525179856115
31;29 Nitric sulfide;0.008093525179856115
32;30 Sulfur dioxide;0.008093525179856115
33;31 Hydrochloric acid;0.008093525179856115
34;32 2,4,6,8,10-Undecapentaynenitrile;0.008093525179856115
35;33 Cyanide Radical;0.008093525179856115
36;34 Nitric oxide;0.008093525179856115
37;35 Formaldehyde;0.008093525179856115
38;36 Sulfur Monoxide;0.008093525179856115
39;37 Methyltriacetylene;0.008093525179856115
40;38 Hydrogen Cyanide;0.008093525179856115
41;39 Methyl diacetylene;0.008093525179856115
42;40 Methylidyne;0.008093525179856115
43;41 Thioxoethenylidene;0.008093525179856115
44;43 1,3,5,7-Octatetraynyl;0.008093525179856115
45;44 Oxoethenylidene;0.008093525179856115
46;45 Propynylidynium;0.008093525179856115
47;46 Carbon Monoxide;0.008093525179856115
48;47 Thioformaldehyde;0.008093525179856115
49;48 Hexatrienyl;0.008093525179856115
50;49 Diazenylium;0.008093525179856115
51;50 Hydrogen Isocyanide;0.008093525179856115
52;51 Carbon Monosulfide;0.008093525179856115
53;52 Methylamine;0.008093525179856115
54;53 Formic Acid;0.008093525179856115
55;54 Cyclopropenylidene;0.008093525179856115
56;55 Cyanoacetylene;0.008093525179856115
57;56 para-Oxidaniumyl;0.008093525179856115
58;57 ortho-Oxidaniumyl;0.008093525179856115
