1;6 Carbon Monosulfide;0.12305295950155763
2;12 Water;0.06074766355140186
3;2 Oxonium hydride;0.029595015576323984
4;49 Diazenylium;0.029595015576323984
5;0 Ketene;0.014018691588785047
6;1 1,3,5-Hexatriynyl;0.014018691588785047
7;3 Vinyl Cyanide;0.014018691588785047
8;4 Hydroxyl;0.014018691588785047
9;5 Methyliumylidene;0.014018691588785047
10;7 Cyanomethyl;0.014018691588785047
11;8 Methyl Acetylene;0.014018691588785047
12;9 Ethyl Cyanide;0.014018691588785047
13;10 2,4-Pentadiynylidyne;0.014018691588785047
14;11 4-Cyano-1,3-Butadiynyl;0.014018691588785047
15;13 Hydrogen sulfide;0.014018691588785047
16;14 Methylene amidogen;0.014018691588785047
17;15 1,3-Butadiynyl radical;0.014018691588785047
18;16 2,4,6,8-Nonatetraynenitrile;0.014018691588785047
19;17 Formylium;0.014018691588785047
20;18 Cyanoallene;0.014018691588785047
21;19 Trihydrogen ion;0.014018691588785047
22;20 Methylcyanodiacetylene;0.014018691588785047
23;21 2,4,6-Heptatriynenitrile;0.014018691588785047
24;22 Methanol;0.014018691588785047
25;23 Ammonia;0.014018691588785047
26;24 Methyl Cyanide;0.014018691588785047
27;25 1,3,5-Hexatriynyl anion;0.014018691588785047
28;26 1,3,5,7-Octatetraynyl anion;0.014018691588785047
29;27 3-Thioxo-1,2-Propadieylidene;0.014018691588785047
30;28 Cyanobutadiyne;0.014018691588785047
31;29 Nitric sulfide;0.014018691588785047
32;30 Sulfur dioxide;0.014018691588785047
33;31 Hydrochloric acid;0.014018691588785047
34;32 2,4,6,8,10-Undecapentaynenitrile;0.014018691588785047
35;33 Cyanide Radical;0.014018691588785047
36;34 Nitric oxide;0.014018691588785047
37;35 Formaldehyde;0.014018691588785047
38;36 Sulfur Monoxide;0.014018691588785047
39;37 Methyltriacetylene;0.014018691588785047
40;38 Hydrogen Cyanide;0.014018691588785047
41;39 Methyl diacetylene;0.014018691588785047
42;40 Methylidyne;0.014018691588785047
43;41 Thioxoethenylidene;0.014018691588785047
44;42 Silicon Monoxide;0.014018691588785047
45;43 1,3,5,7-Octatetraynyl;0.014018691588785047
46;44 Oxoethenylidene;0.014018691588785047
47;45 Propynylidynium;0.014018691588785047
48;46 Carbon Monoxide;0.014018691588785047
49;47 Thioformaldehyde;0.014018691588785047
50;48 Hexatrienyl;0.014018691588785047
51;50 Hydrogen Isocyanide;0.014018691588785047
52;51 Carbon Monosulfide;0.014018691588785047
53;52 Methylamine;0.014018691588785047
54;53 Formic Acid;0.014018691588785047
55;54 Cyclopropenylidene;0.014018691588785047
56;55 Cyanoacetylene;0.014018691588785047
57;56 para-Oxidaniumyl;0.014018691588785047
58;57 ortho-Oxidaniumyl;0.014018691588785047
