1;34 Aluminum Isocyanitrile;0.28395061728395055
2;0 Dimethyl ether;0.006172839506172839
3;1 Butatrienylidene;0.006172839506172839
4;2 Trihydrogen ion;0.006172839506172839
5;3 Nitrous Oxide;0.006172839506172839
6;4 Methyl Acetylene;0.006172839506172839
7;5 Ethylene Glycol;0.006172839506172839
8;6 Methyl Cyanide;0.006172839506172839
9;7 Thioformylium;0.006172839506172839
10;8 para-Oxidaniumyl;0.006172839506172839
11;9 Hydrogen Cyanide;0.006172839506172839
12;10 Titanium monoxide;0.006172839506172839
13;11 Cyanide Radical;0.006172839506172839
14;12 Formic Acid;0.006172839506172839
15;13 Nitric sulfide;0.006172839506172839
16;14 Iminomethylium;0.006172839506172839
17;15 Aluminum monoxide;0.006172839506172839
18;16 Methyl isocyanate;0.006172839506172839
19;17 Nitrosyl hydride;0.006172839506172839
20;18 Propynylidynium;0.006172839506172839
21;19 Magnesium Cyanide;0.006172839506172839
22;20 Diazenylium;0.006172839506172839
23;21 Methylamine;0.006172839506172839
24;22 Chloronium;0.006172839506172839
25;23 Silicon monosulfide;0.006172839506172839
26;24 Phosphorus Monoxide;0.006172839506172839
27;25 Cyclopropenone;0.006172839506172839
28;26 Carbon Monoxide Ion;0.006172839506172839
29;27 Sodium Cyanide;0.006172839506172839
30;28 Nitric oxide;0.006172839506172839
31;29 Silicon Cyanide;0.006172839506172839
32;30 Ethyne Isocyanide;0.006172839506172839
33;31 Sodium Chloride;0.006172839506172839
34;32 Cyanoacetylene;0.006172839506172839
35;33 Sulfur Monoxide;0.006172839506172839
36;35 Cyanobutadiyne;0.006172839506172839
37;36 Silicon Mononitride;0.006172839506172839
38;37 Carbon Monoxide;0.006172839506172839
39;38 Propadienylidene;0.006172839506172839
40;39 Methanimine;0.006172839506172839
41;40 Aluminum Monofluoride;0.006172839506172839
42;41 Formamide;0.006172839506172839
43;42 Aminoacetonitrile;0.006172839506172839
44;43 Ammonia;0.006172839506172839
45;44 gauche-Ethanol;0.006172839506172839
46;45 Protonate 2-proynenitrile;0.006172839506172839
47;46 Carbonyl Sulfide;0.006172839506172839
48;47 Thioxoethenylidene;0.006172839506172839
49;48 Ethyl cyanide;0.006172839506172839
50;49 Water;0.006172839506172839
51;50 Methyl Formate;0.006172839506172839
52;51 Acetaldehyde;0.006172839506172839
53;52 Ketenimine;0.006172839506172839
54;53 Propenal;0.006172839506172839
55;54 Methyl isocyanide;0.006172839506172839
56;55 iso-propyl cyanide;0.006172839506172839
57;56 Hydrogen cyanide;0.006172839506172839
58;57 Protonated Carbon Dioxide;0.006172839506172839
59;58 Methylidyne;0.006172839506172839
60;59 Ketene;0.006172839506172839
61;60 Silicon Monoxide;0.006172839506172839
62;61 Acetone;0.006172839506172839
63;62 Vinyl Cyanide;0.006172839506172839
64;63 Silicon monoxide (global fit);0.006172839506172839
65;64 Cyclopropenylidene;0.006172839506172839
66;65 Magnesium Isocyanide;0.006172839506172839
67;66 Cyanobutadiynylide anion;0.006172839506172839
68;67 Formaldehyde;0.006172839506172839
69;68 Carbon Monosulfide;0.006172839506172839
70;69 Fulminic acid;0.006172839506172839
71;70 trans-Ethanol;0.006172839506172839
72;71 Silicon Carbide;0.006172839506172839
73;72 Formylium;0.006172839506172839
74;73 Ethylene Oxide;0.006172839506172839
75;74 Sulfur dioxide;0.006172839506172839
76;75 Carbon Monophosphide;0.006172839506172839
77;76 Sulfur Monoxide ion;0.006172839506172839
78;77 Methanol;0.006172839506172839
79;78 Sulfur Dioxide;0.006172839506172839
80;79 Cyanoformaldehyde;0.006172839506172839
81;80 Isocyanic Acid;0.006172839506172839
82;81 Silicon Isocyanide;0.006172839506172839
83;82 Methylene amidogen;0.006172839506172839
84;83 Silicon Monocarbide;0.006172839506172839
85;84 Phosphaethyne;0.006172839506172839
86;85 Aluminum Monochloride;0.006172839506172839
87;86 Cyanoallene;0.006172839506172839
88;87 Methyl diacetylene;0.006172839506172839
89;88 Cyanomethylene;0.006172839506172839
90;89 Phosphapropynylidyne;0.006172839506172839
91;90 Cyanomethyl;0.006172839506172839
92;91 Hydrogen Isocyanide;0.006172839506172839
93;92 Hydrogen sulfide;0.006172839506172839
94;93 Hydroxyl;0.006172839506172839
95;94 Glycolaldehyde;0.006172839506172839
96;95 Cyanide anion;0.006172839506172839
97;96 2-Propynal;0.006172839506172839
98;97 Ethynyl;0.006172839506172839
99;98 Phosphorous nitride;0.006172839506172839
100;99 Magnesium hydride isocyanide;0.006172839506172839
101;100 Potassium chloride;0.006172839506172839
102;101 Silicon tetracarbide;0.006172839506172839
103;102 Ethyl Cyanide;0.006172839506172839
104;103 Cyanamide;0.006172839506172839
105;104 Amidogen;0.006172839506172839
106;105 Hydroxymethylidyne;0.006172839506172839
107;106 Formyl Radical;0.006172839506172839
108;107 Vinyl Alcohol;0.006172839506172839
109;108 ortho-Oxidaniumyl;0.006172839506172839
110;109 Cyanoethynylide ion;0.006172839506172839
111;110 Oxoethenylidene;0.006172839506172839
112;111 2-Butynenitrile;0.006172839506172839
113;112 Cyanoethynyl;0.006172839506172839
114;113 Hydroxymethylium ion;0.006172839506172839
115;114 Thioformaldehyde;0.006172839506172839
116;115 Isothiocyanic acid;0.006172839506172839
117;116 Cyanic acid;0.006172839506172839
