1;26 Silicon Monocarbide;0.05123339658444023
2;28 3-Thioxo-1,2-Propadieylidene;0.03225806451612903
3;0 1,3,5-Hexatriynyl;0.013282732447817837
4;1 Silicon monosulfide;0.013282732447817837
5;2 Vinyl Cyanide;0.013282732447817837
6;3 Hydroxyl;0.013282732447817837
7;4 Methyliumylidene;0.013282732447817837
8;5 Aluminum Isocyanitrile;0.013282732447817837
9;6 Carbon Monosulfide;0.013282732447817837
10;7 Methyl Acetylene;0.013282732447817837
11;8 1,3-Butadiynyl anion;0.013282732447817837
12;9 Butatrienylidene;0.013282732447817837
13;10 2,4-Pentadiynylidyne;0.013282732447817837
14;11 Aluminum Monochloride;0.013282732447817837
15;12 4-Cyano-1,3-Butadiynyl;0.013282732447817837
16;13 Silicon monosulfide;0.013282732447817837
17;14 Water;0.013282732447817837
18;15 Hydrogen sulfide;0.013282732447817837
19;16 1,3-Butadiynyl radical;0.013282732447817837
20;17 Formylium;0.013282732447817837
21;18 Trihydrogen ion;0.013282732447817837
22;19 Methanimine;0.013282732447817837
23;20 Phosphorus Monoxide;0.013282732447817837
24;21 Methyl Cyanide;0.013282732447817837
25;22 Magnesium Isocyanide;0.013282732447817837
26;23 1,3,5-Hexatriynyl anion;0.013282732447817837
27;24 Phosphaethyne;0.013282732447817837
28;25 1,3,5,7-Octatetraynyl anion;0.013282732447817837
29;27 Cyanomethylene;0.013282732447817837
30;29 Cyanobutadiyne;0.013282732447817837
31;30 Silicon Isocyanide;0.013282732447817837
32;31 Potassium chloride;0.013282732447817837
33;32 3-Oxo-1,2-Propadienylidene;0.013282732447817837
34;33 Silicon Carbide;0.013282732447817837
35;34 3-Cyano-1,2-propadienylidene;0.013282732447817837
36;35 Nitric sulfide;0.013282732447817837
37;36 Sulfur dioxide;0.013282732447817837
38;37 Ethyne Isocyanide;0.013282732447817837
39;38 Cyanoethynylide ion;0.013282732447817837
40;39 Cyanide Radical;0.013282732447817837
41;40 Carbon Monoxide Ion;0.013282732447817837
42;41 Cyanobutadiynylide anion;0.013282732447817837
43;42 Aluminum Monofluoride;0.013282732447817837
44;43 Formaldehyde;0.013282732447817837
45;44 Sulfur Monoxide;0.013282732447817837
46;45 Silicon tetracarbide;0.013282732447817837
47;46 Ethynyl;0.013282732447817837
48;47 Sodium Chloride;0.013282732447817837
49;48 Hydrogen Cyanide;0.013282732447817837
50;49 Sodium Cyanide;0.013282732447817837
51;50 3-Imino-1,2 Propadienylidene;0.013282732447817837
52;51 Methylidyne;0.013282732447817837
53;52 Thioxoethenylidene;0.013282732447817837
54;53 Silicon Monoxide;0.013282732447817837
55;54 1,3,5,7-Octatetraynyl;0.013282732447817837
56;55 Silicon Mononitride;0.013282732447817837
57;56 Carbon Monoxide;0.013282732447817837
58;57 Phosphorous nitride;0.013282732447817837
59;58 Carbon Monophosphide;0.013282732447817837
60;59 Thioformaldehyde;0.013282732447817837
61;60 Hexatrienyl;0.013282732447817837
62;61 Hydrogen Isocyanide;0.013282732447817837
63;62 Carbon Monosulfide;0.013282732447817837
64;63 Silicon Cyanide;0.013282732447817837
65;64 2,4,6-Heptatriynylidyne;0.013282732447817837
66;65 Cyclopropenylidene;0.013282732447817837
67;66 Cyanoacetylene;0.013282732447817837
68;67 Magnesium Cyanide;0.013282732447817837
69;68 3-Silanetetrayl-1,2-Propadienyli;0.013282732447817837
70;69 Cyanoethynyl;0.013282732447817837
71;70 Phosphapropynylidyne;0.013282732447817837
