1;0 Methanol;0.0273224043715847
2;1 Hydrogen fluoride;0.0273224043715847
3;2 Nitric oxide;0.0273224043715847
4;3 Formylium;0.0273224043715847
5;4 Sodium Chloride;0.0273224043715847
6;5 Sulfur dioxide;0.0273224043715847
7;6 para-Oxidaniumyl;0.0273224043715847
8;7 Sulfur Monoxide;0.0273224043715847
9;8 Butatrienylidene;0.0273224043715847
10;9 Carbon Monoxide;0.0273224043715847
11;10 Nitrous Oxide;0.0273224043715847
12;11 Cyanoacetylene;0.0273224043715847
13;12 Carbonyl Sulfide;0.0273224043715847
14;13 Molecular oxygen;0.0273224043715847
15;14 ortho-Oxidaniumyl;0.0273224043715847
16;15 Water;0.0273224043715847
17;16 Iminomethylium;0.0273224043715847
18;17 Hydrochloric acid;0.0273224043715847
19;18 Acetylene;0.0273224043715847
20;19 Hydrogen Cyanide;0.0273224043715847
