1;3 Formylium;0.3014705882352941
2;0 Methanol;0.03676470588235294
3;1 Hydrogen fluoride;0.03676470588235294
4;2 Nitric oxide;0.03676470588235294
5;4 Sodium Chloride;0.03676470588235294
6;5 Sulfur dioxide;0.03676470588235294
7;6 para-Oxidaniumyl;0.03676470588235294
8;7 Sulfur Monoxide;0.03676470588235294
9;8 Butatrienylidene;0.03676470588235294
10;9 Carbon Monoxide;0.03676470588235294
11;10 Nitrous Oxide;0.03676470588235294
12;11 Cyanoacetylene;0.03676470588235294
13;12 Carbonyl Sulfide;0.03676470588235294
14;13 Molecular oxygen;0.03676470588235294
15;14 ortho-Oxidaniumyl;0.03676470588235294
16;15 Water;0.03676470588235294
17;16 Iminomethylium;0.03676470588235294
18;17 Hydrochloric acid;0.03676470588235294
19;18 Acetylene;0.03676470588235294
20;19 Hydrogen Cyanide;0.03676470588235294
