1;10 Nitrous Oxide;0.6374045801526718
2;0 Methanol;0.019083969465648856
3;1 Hydrogen fluoride;0.019083969465648856
4;2 Nitric oxide;0.019083969465648856
5;3 Formylium;0.019083969465648856
6;4 Sodium Chloride;0.019083969465648856
7;5 Sulfur dioxide;0.019083969465648856
8;6 para-Oxidaniumyl;0.019083969465648856
9;7 Sulfur Monoxide;0.019083969465648856
10;8 Butatrienylidene;0.019083969465648856
11;9 Carbon Monoxide;0.019083969465648856
12;11 Cyanoacetylene;0.019083969465648856
13;12 Carbonyl Sulfide;0.019083969465648856
14;13 Molecular oxygen;0.019083969465648856
15;14 ortho-Oxidaniumyl;0.019083969465648856
16;15 Water;0.019083969465648856
17;16 Iminomethylium;0.019083969465648856
18;17 Hydrochloric acid;0.019083969465648856
19;18 Acetylene;0.019083969465648856
20;19 Hydrogen Cyanide;0.019083969465648856
