Orion.methanol.cbc.contsub.image;model_dark_clouds_tr_500it;1;5 Methyliumylidene;0.6985898942420682
Orion.methanol.cbc.contsub.image;model_dark_clouds_tr_500it;2;0 Ketene;0.005287896592244419
Orion.methanol.cbc.contsub.image;model_dark_clouds_tr_500it;3;1 1,3,5-Hexatriynyl;0.005287896592244419
Orion.methanol.cbc.contsub.image;model_dark_clouds_tr_500it;4;2 Oxonium hydride;0.005287896592244419
Orion.methanol.cbc.contsub.image;model_dark_clouds_tr_500it;5;3 Vinyl Cyanide;0.005287896592244419
Orion.methanol.cbc.contsub.image;model_dark_clouds_2_500it;1;5 Methyliumylidene;0.6985898942420682
Orion.methanol.cbc.contsub.image;model_dark_clouds_2_500it;2;0 Ketene;0.005287896592244419
Orion.methanol.cbc.contsub.image;model_dark_clouds_2_500it;3;1 1,3,5-Hexatriynyl;0.005287896592244419
Orion.methanol.cbc.contsub.image;model_dark_clouds_2_500it;4;2 Oxonium hydride;0.005287896592244419
Orion.methanol.cbc.contsub.image;model_dark_clouds_2_500it;5;3 Vinyl Cyanide;0.005287896592244419
Orion.methanol.cbc.contsub.image;model_dark_clouds_full_500it;1;45 Propynylidynium;0.6692126909518215
Orion.methanol.cbc.contsub.image;model_dark_clouds_full_500it;2;48 Hexatrienyl;0.03466509988249119
Orion.methanol.cbc.contsub.image;model_dark_clouds_full_500it;3;0 Ketene;0.005287896592244419
Orion.methanol.cbc.contsub.image;model_dark_clouds_full_500it;4;1 1,3,5-Hexatriynyl;0.005287896592244419
Orion.methanol.cbc.contsub.image;model_dark_clouds_full_500it;5;2 Oxonium hydride;0.005287896592244419
Orion.methanol.cbc.contsub.image;model_dark_clouds_full_expanded_00002_500it;1;46 Carbon Monoxide;0.6927144535840188
Orion.methanol.cbc.contsub.image;model_dark_clouds_full_expanded_00002_500it;2;50 Hydrogen Isocyanide;0.011163337250293772
Orion.methanol.cbc.contsub.image;model_dark_clouds_full_expanded_00002_500it;3;0 Ketene;0.005287896592244419
Orion.methanol.cbc.contsub.image;model_dark_clouds_full_expanded_00002_500it;4;1 1,3,5-Hexatriynyl;0.005287896592244419
Orion.methanol.cbc.contsub.image;model_dark_clouds_full_expanded_00002_500it;5;2 Oxonium hydride;0.005287896592244419
Orion.methanol.cbc.contsub.image;model_dark_clouds_full_expanded_00010_500it;1;25 1,3,5-Hexatriynyl anion;0.6868390129259695
Orion.methanol.cbc.contsub.image;model_dark_clouds_full_expanded_00010_500it;2;31 Hydrochloric acid;0.011163337250293772
Orion.methanol.cbc.contsub.image;model_dark_clouds_full_expanded_00010_500it;3;32 2,4,6,8,10-Undecapentaynenitrile;0.011163337250293772
Orion.methanol.cbc.contsub.image;model_dark_clouds_full_expanded_00010_500it;4;0 Ketene;0.005287896592244419
Orion.methanol.cbc.contsub.image;model_dark_clouds_full_expanded_00010_500it;5;1 1,3,5-Hexatriynyl;0.005287896592244419
TWHydra_HCOplusline.image;model_dark_clouds_tr_500it;1;48 Hexatrienyl;0.6736641221374047
TWHydra_HCOplusline.image;model_dark_clouds_tr_500it;2;0 Ketene;0.005725190839694657
TWHydra_HCOplusline.image;model_dark_clouds_tr_500it;3;1 1,3,5-Hexatriynyl;0.005725190839694657
TWHydra_HCOplusline.image;model_dark_clouds_tr_500it;4;2 Oxonium hydride;0.005725190839694657
TWHydra_HCOplusline.image;model_dark_clouds_tr_500it;5;3 Vinyl Cyanide;0.005725190839694657
TWHydra_HCOplusline.image;model_dark_clouds_2_500it;1;5 Methyliumylidene;0.6736641221374047
TWHydra_HCOplusline.image;model_dark_clouds_2_500it;2;0 Ketene;0.005725190839694657
TWHydra_HCOplusline.image;model_dark_clouds_2_500it;3;1 1,3,5-Hexatriynyl;0.005725190839694657
TWHydra_HCOplusline.image;model_dark_clouds_2_500it;4;2 Oxonium hydride;0.005725190839694657
TWHydra_HCOplusline.image;model_dark_clouds_2_500it;5;3 Vinyl Cyanide;0.005725190839694657
TWHydra_HCOplusline.image;model_dark_clouds_full_500it;1;42 Silicon Monoxide;0.5973282442748092
TWHydra_HCOplusline.image;model_dark_clouds_full_500it;2;5 Methyliumylidene;0.08206106870229009
TWHydra_HCOplusline.image;model_dark_clouds_full_500it;3;0 Ketene;0.005725190839694657
TWHydra_HCOplusline.image;model_dark_clouds_full_500it;4;1 1,3,5-Hexatriynyl;0.005725190839694657
TWHydra_HCOplusline.image;model_dark_clouds_full_500it;5;2 Oxonium hydride;0.005725190839694657
TWHydra_HCOplusline.image;model_dark_clouds_full_expanded_00002_500it;1;17 Formylium;0.6736641221374047
TWHydra_HCOplusline.image;model_dark_clouds_full_expanded_00002_500it;2;0 Ketene;0.005725190839694657
TWHydra_HCOplusline.image;model_dark_clouds_full_expanded_00002_500it;3;1 1,3,5-Hexatriynyl;0.005725190839694657
TWHydra_HCOplusline.image;model_dark_clouds_full_expanded_00002_500it;4;2 Oxonium hydride;0.005725190839694657
TWHydra_HCOplusline.image;model_dark_clouds_full_expanded_00002_500it;5;3 Vinyl Cyanide;0.005725190839694657
TWHydra_HCOplusline.image;model_dark_clouds_full_expanded_00010_500it;1;25 1,3,5-Hexatriynyl anion;0.6736641221374047
TWHydra_HCOplusline.image;model_dark_clouds_full_expanded_00010_500it;2;0 Ketene;0.005725190839694657
TWHydra_HCOplusline.image;model_dark_clouds_full_expanded_00010_500it;3;1 1,3,5-Hexatriynyl;0.005725190839694657
TWHydra_HCOplusline.image;model_dark_clouds_full_expanded_00010_500it;4;2 Oxonium hydride;0.005725190839694657
TWHydra_HCOplusline.image;model_dark_clouds_full_expanded_00010_500it;5;3 Vinyl Cyanide;0.005725190839694657
DMTau.CS_5-4.image;model_dark_clouds_tr_500it;1;5 Methyliumylidene;0.8657770800627943
DMTau.CS_5-4.image;model_dark_clouds_tr_500it;2;0 Ketene;0.0023547880690737836
DMTau.CS_5-4.image;model_dark_clouds_tr_500it;3;1 1,3,5-Hexatriynyl;0.0023547880690737836
DMTau.CS_5-4.image;model_dark_clouds_tr_500it;4;2 Oxonium hydride;0.0023547880690737836
DMTau.CS_5-4.image;model_dark_clouds_tr_500it;5;3 Vinyl Cyanide;0.0023547880690737836
DMTau.CS_5-4.image;model_dark_clouds_2_500it;1;5 Methyliumylidene;0.8657770800627943
DMTau.CS_5-4.image;model_dark_clouds_2_500it;2;0 Ketene;0.0023547880690737836
DMTau.CS_5-4.image;model_dark_clouds_2_500it;3;1 1,3,5-Hexatriynyl;0.0023547880690737836
DMTau.CS_5-4.image;model_dark_clouds_2_500it;4;2 Oxonium hydride;0.0023547880690737836
DMTau.CS_5-4.image;model_dark_clouds_2_500it;5;3 Vinyl Cyanide;0.0023547880690737836
DMTau.CS_5-4.image;model_dark_clouds_full_500it;1;5 Methyliumylidene;0.6747776033490319
DMTau.CS_5-4.image;model_dark_clouds_full_500it;2;45 Propynylidynium;0.19335426478283624
DMTau.CS_5-4.image;model_dark_clouds_full_500it;3;0 Ketene;0.0023547880690737836
DMTau.CS_5-4.image;model_dark_clouds_full_500it;4;1 1,3,5-Hexatriynyl;0.0023547880690737836
DMTau.CS_5-4.image;model_dark_clouds_full_500it;5;2 Oxonium hydride;0.0023547880690737836
DMTau.CS_5-4.image;model_dark_clouds_full_expanded_00002_500it;1;6 Carbon Monosulfide;0.8605442176870748
DMTau.CS_5-4.image;model_dark_clouds_full_expanded_00002_500it;2;18 Cyanoallene;0.007587650444793302
DMTau.CS_5-4.image;model_dark_clouds_full_expanded_00002_500it;3;0 Ketene;0.0023547880690737836
DMTau.CS_5-4.image;model_dark_clouds_full_expanded_00002_500it;4;1 1,3,5-Hexatriynyl;0.0023547880690737836
DMTau.CS_5-4.image;model_dark_clouds_full_expanded_00002_500it;5;2 Oxonium hydride;0.0023547880690737836
DMTau.CS_5-4.image;model_dark_clouds_full_expanded_00010_500it;1;51 Carbon Monosulfide;0.8657770800627943
DMTau.CS_5-4.image;model_dark_clouds_full_expanded_00010_500it;2;0 Ketene;0.0023547880690737836
DMTau.CS_5-4.image;model_dark_clouds_full_expanded_00010_500it;3;1 1,3,5-Hexatriynyl;0.0023547880690737836
DMTau.CS_5-4.image;model_dark_clouds_full_expanded_00010_500it;4;2 Oxonium hydride;0.0023547880690737836
DMTau.CS_5-4.image;model_dark_clouds_full_expanded_00010_500it;5;3 Vinyl Cyanide;0.0023547880690737836
HD163296_CO_2_1.image;model_dark_clouds_tr_500it;1;5 Methyliumylidene;0.7800171526586621
HD163296_CO_2_1.image;model_dark_clouds_tr_500it;2;0 Ketene;0.003859348198970841
HD163296_CO_2_1.image;model_dark_clouds_tr_500it;3;1 1,3,5-Hexatriynyl;0.003859348198970841
HD163296_CO_2_1.image;model_dark_clouds_tr_500it;4;2 Oxonium hydride;0.003859348198970841
HD163296_CO_2_1.image;model_dark_clouds_tr_500it;5;3 Vinyl Cyanide;0.003859348198970841
HD163296_CO_2_1.image;model_dark_clouds_2_500it;1;5 Methyliumylidene;0.7800171526586621
HD163296_CO_2_1.image;model_dark_clouds_2_500it;2;0 Ketene;0.003859348198970841
HD163296_CO_2_1.image;model_dark_clouds_2_500it;3;1 1,3,5-Hexatriynyl;0.003859348198970841
HD163296_CO_2_1.image;model_dark_clouds_2_500it;4;2 Oxonium hydride;0.003859348198970841
HD163296_CO_2_1.image;model_dark_clouds_2_500it;5;3 Vinyl Cyanide;0.003859348198970841
HD163296_CO_2_1.image;model_dark_clouds_full_500it;1;42 Silicon Monoxide;0.7071183533447685
HD163296_CO_2_1.image;model_dark_clouds_full_500it;2;16 2,4,6,8-Nonatetraynenitrile;0.07675814751286449
HD163296_CO_2_1.image;model_dark_clouds_full_500it;3;0 Ketene;0.003859348198970841
HD163296_CO_2_1.image;model_dark_clouds_full_500it;4;1 1,3,5-Hexatriynyl;0.003859348198970841
HD163296_CO_2_1.image;model_dark_clouds_full_500it;5;2 Oxonium hydride;0.003859348198970841
HD163296_CO_2_1.image;model_dark_clouds_full_expanded_00002_500it;1;34 Nitric oxide;0.775728987993139
HD163296_CO_2_1.image;model_dark_clouds_full_expanded_00002_500it;2;37 Methyltriacetylene;0.008147512864493996
HD163296_CO_2_1.image;model_dark_clouds_full_expanded_00002_500it;3;0 Ketene;0.003859348198970841
HD163296_CO_2_1.image;model_dark_clouds_full_expanded_00002_500it;4;1 1,3,5-Hexatriynyl;0.003859348198970841
HD163296_CO_2_1.image;model_dark_clouds_full_expanded_00002_500it;5;2 Oxonium hydride;0.003859348198970841
HD163296_CO_2_1.image;model_dark_clouds_full_expanded_00010_500it;1;28 Cyanobutadiyne;0.7714408233276159
HD163296_CO_2_1.image;model_dark_clouds_full_expanded_00010_500it;2;18 Cyanoallene;0.012435677530017153
HD163296_CO_2_1.image;model_dark_clouds_full_expanded_00010_500it;3;0 Ketene;0.003859348198970841
HD163296_CO_2_1.image;model_dark_clouds_full_expanded_00010_500it;4;1 1,3,5-Hexatriynyl;0.003859348198970841
HD163296_CO_2_1.image;model_dark_clouds_full_expanded_00010_500it;5;2 Oxonium hydride;0.003859348198970841
uid___A002_Xa916fc_X668__IRS43_HCO32.final.image.pbcor;model_dark_clouds_tr_500it;1;5 Methyliumylidene;0.9243585962842819
uid___A002_Xa916fc_X668__IRS43_HCO32.final.image.pbcor;model_dark_clouds_tr_500it;2;0 Ketene;0.0013270421704511942
uid___A002_Xa916fc_X668__IRS43_HCO32.final.image.pbcor;model_dark_clouds_tr_500it;3;1 1,3,5-Hexatriynyl;0.0013270421704511942
uid___A002_Xa916fc_X668__IRS43_HCO32.final.image.pbcor;model_dark_clouds_tr_500it;4;2 Oxonium hydride;0.0013270421704511942
uid___A002_Xa916fc_X668__IRS43_HCO32.final.image.pbcor;model_dark_clouds_tr_500it;5;3 Vinyl Cyanide;0.0013270421704511942
uid___A002_Xa916fc_X668__IRS43_HCO32.final.image.pbcor;model_dark_clouds_2_500it;1;42 Silicon Monoxide;0.875700383367738
uid___A002_Xa916fc_X668__IRS43_HCO32.final.image.pbcor;model_dark_clouds_2_500it;2;51 Carbon Monosulfide;0.04998525508699498
uid___A002_Xa916fc_X668__IRS43_HCO32.final.image.pbcor;model_dark_clouds_2_500it;3;0 Ketene;0.0013270421704511942
uid___A002_Xa916fc_X668__IRS43_HCO32.final.image.pbcor;model_dark_clouds_2_500it;4;1 1,3,5-Hexatriynyl;0.0013270421704511942
uid___A002_Xa916fc_X668__IRS43_HCO32.final.image.pbcor;model_dark_clouds_2_500it;5;2 Oxonium hydride;0.0013270421704511942
uid___A002_Xa916fc_X668__IRS43_HCO32.final.image.pbcor;model_dark_clouds_full_500it;1;5 Methyliumylidene;0.8358891182542022
uid___A002_Xa916fc_X668__IRS43_HCO32.final.image.pbcor;model_dark_clouds_full_500it;2;50 Hydrogen Isocyanide;0.0897965202005308
uid___A002_Xa916fc_X668__IRS43_HCO32.final.image.pbcor;model_dark_clouds_full_500it;3;0 Ketene;0.0013270421704511942
uid___A002_Xa916fc_X668__IRS43_HCO32.final.image.pbcor;model_dark_clouds_full_500it;4;1 1,3,5-Hexatriynyl;0.0013270421704511942
uid___A002_Xa916fc_X668__IRS43_HCO32.final.image.pbcor;model_dark_clouds_full_500it;5;2 Oxonium hydride;0.0013270421704511942
uid___A002_Xa916fc_X668__IRS43_HCO32.final.image.pbcor;model_dark_clouds_full_expanded_00002_500it;1;51 Carbon Monosulfide;0.9243585962842819
uid___A002_Xa916fc_X668__IRS43_HCO32.final.image.pbcor;model_dark_clouds_full_expanded_00002_500it;2;0 Ketene;0.0013270421704511942
uid___A002_Xa916fc_X668__IRS43_HCO32.final.image.pbcor;model_dark_clouds_full_expanded_00002_500it;3;1 1,3,5-Hexatriynyl;0.0013270421704511942
uid___A002_Xa916fc_X668__IRS43_HCO32.final.image.pbcor;model_dark_clouds_full_expanded_00002_500it;4;2 Oxonium hydride;0.0013270421704511942
uid___A002_Xa916fc_X668__IRS43_HCO32.final.image.pbcor;model_dark_clouds_full_expanded_00002_500it;5;3 Vinyl Cyanide;0.0013270421704511942
uid___A002_Xa916fc_X668__IRS43_HCO32.final.image.pbcor;model_dark_clouds_full_expanded_00010_500it;1;11 4-Cyano-1,3-Butadiynyl;0.9228841049837805
uid___A002_Xa916fc_X668__IRS43_HCO32.final.image.pbcor;model_dark_clouds_full_expanded_00010_500it;2;55 Cyanoacetylene;0.002801533470952521
uid___A002_Xa916fc_X668__IRS43_HCO32.final.image.pbcor;model_dark_clouds_full_expanded_00010_500it;3;0 Ketene;0.0013270421704511942
uid___A002_Xa916fc_X668__IRS43_HCO32.final.image.pbcor;model_dark_clouds_full_expanded_00010_500it;4;1 1,3,5-Hexatriynyl;0.0013270421704511942
uid___A002_Xa916fc_X668__IRS43_HCO32.final.image.pbcor;model_dark_clouds_full_expanded_00010_500it;5;2 Oxonium hydride;0.0013270421704511942
TWHydra_CO3_2line.image;model_dark_clouds_tr_500it;1;32 2,4,6,8,10-Undecapentaynenitrile;0.6736641221374047
TWHydra_CO3_2line.image;model_dark_clouds_tr_500it;2;0 Ketene;0.005725190839694657
TWHydra_CO3_2line.image;model_dark_clouds_tr_500it;3;1 1,3,5-Hexatriynyl;0.005725190839694657
TWHydra_CO3_2line.image;model_dark_clouds_tr_500it;4;2 Oxonium hydride;0.005725190839694657
TWHydra_CO3_2line.image;model_dark_clouds_tr_500it;5;3 Vinyl Cyanide;0.005725190839694657
TWHydra_CO3_2line.image;model_dark_clouds_2_500it;1;5 Methyliumylidene;0.6227735368956744
TWHydra_CO3_2line.image;model_dark_clouds_2_500it;2;25 1,3,5-Hexatriynyl anion;0.05661577608142494
TWHydra_CO3_2line.image;model_dark_clouds_2_500it;3;0 Ketene;0.005725190839694657
TWHydra_CO3_2line.image;model_dark_clouds_2_500it;4;1 1,3,5-Hexatriynyl;0.005725190839694657
TWHydra_CO3_2line.image;model_dark_clouds_2_500it;5;2 Oxonium hydride;0.005725190839694657
TWHydra_CO3_2line.image;model_dark_clouds_full_500it;1;5 Methyliumylidene;0.5655216284987278
TWHydra_CO3_2line.image;model_dark_clouds_full_500it;2;19 Trihydrogen ion;0.1138676844783715
TWHydra_CO3_2line.image;model_dark_clouds_full_500it;3;0 Ketene;0.005725190839694657
TWHydra_CO3_2line.image;model_dark_clouds_full_500it;4;1 1,3,5-Hexatriynyl;0.005725190839694657
TWHydra_CO3_2line.image;model_dark_clouds_full_500it;5;2 Oxonium hydride;0.005725190839694657
TWHydra_CO3_2line.image;model_dark_clouds_full_expanded_00002_500it;1;46 Carbon Monoxide;0.6736641221374047
TWHydra_CO3_2line.image;model_dark_clouds_full_expanded_00002_500it;2;0 Ketene;0.005725190839694657
TWHydra_CO3_2line.image;model_dark_clouds_full_expanded_00002_500it;3;1 1,3,5-Hexatriynyl;0.005725190839694657
TWHydra_CO3_2line.image;model_dark_clouds_full_expanded_00002_500it;4;2 Oxonium hydride;0.005725190839694657
TWHydra_CO3_2line.image;model_dark_clouds_full_expanded_00002_500it;5;3 Vinyl Cyanide;0.005725190839694657
TWHydra_CO3_2line.image;model_dark_clouds_full_expanded_00010_500it;1;17 Formylium;0.6545801526717558
TWHydra_CO3_2line.image;model_dark_clouds_full_expanded_00010_500it;2;5 Methyliumylidene;0.012086513994910942
TWHydra_CO3_2line.image;model_dark_clouds_full_expanded_00010_500it;3;29 Nitric sulfide;0.012086513994910942
TWHydra_CO3_2line.image;model_dark_clouds_full_expanded_00010_500it;4;56 para-Oxidaniumyl;0.012086513994910942
TWHydra_CO3_2line.image;model_dark_clouds_full_expanded_00010_500it;5;0 Ketene;0.005725190839694657
Orion.HNC.cbc.contsub.image;model_dark_clouds_tr_500it;1;32 2,4,6,8,10-Undecapentaynenitrile;0.8451086956521738
Orion.HNC.cbc.contsub.image;model_dark_clouds_tr_500it;2;0 Ketene;0.0027173913043478264
Orion.HNC.cbc.contsub.image;model_dark_clouds_tr_500it;3;1 1,3,5-Hexatriynyl;0.0027173913043478264
Orion.HNC.cbc.contsub.image;model_dark_clouds_tr_500it;4;2 Oxonium hydride;0.0027173913043478264
Orion.HNC.cbc.contsub.image;model_dark_clouds_tr_500it;5;3 Vinyl Cyanide;0.0027173913043478264
Orion.HNC.cbc.contsub.image;model_dark_clouds_2_500it;1;5 Methyliumylidene;0.6367753623188406
Orion.HNC.cbc.contsub.image;model_dark_clouds_2_500it;2;28 Cyanobutadiyne;0.1627415458937198
Orion.HNC.cbc.contsub.image;model_dark_clouds_2_500it;3;48 Hexatrienyl;0.051026570048309176
Orion.HNC.cbc.contsub.image;model_dark_clouds_2_500it;4;0 Ketene;0.0027173913043478264
Orion.HNC.cbc.contsub.image;model_dark_clouds_2_500it;5;1 1,3,5-Hexatriynyl;0.0027173913043478264
Orion.HNC.cbc.contsub.image;model_dark_clouds_full_500it;1;48 Hexatrienyl;0.5552536231884059
Orion.HNC.cbc.contsub.image;model_dark_clouds_full_500it;2;5 Methyliumylidene;0.2080314009661836
Orion.HNC.cbc.contsub.image;model_dark_clouds_full_500it;3;42 Silicon Monoxide;0.051026570048309176
Orion.HNC.cbc.contsub.image;model_dark_clouds_full_500it;4;28 Cyanobutadiyne;0.03894927536231884
Orion.HNC.cbc.contsub.image;model_dark_clouds_full_500it;5;0 Ketene;0.0027173913043478264
Orion.HNC.cbc.contsub.image;model_dark_clouds_full_expanded_00002_500it;1;21 2,4,6-Heptatriynenitrile;0.8451086956521738
Orion.HNC.cbc.contsub.image;model_dark_clouds_full_expanded_00002_500it;2;0 Ketene;0.0027173913043478264
Orion.HNC.cbc.contsub.image;model_dark_clouds_full_expanded_00002_500it;3;1 1,3,5-Hexatriynyl;0.0027173913043478264
Orion.HNC.cbc.contsub.image;model_dark_clouds_full_expanded_00002_500it;4;2 Oxonium hydride;0.0027173913043478264
Orion.HNC.cbc.contsub.image;model_dark_clouds_full_expanded_00002_500it;5;3 Vinyl Cyanide;0.0027173913043478264
Orion.HNC.cbc.contsub.image;model_dark_clouds_full_expanded_00010_500it;1;6 Carbon Monosulfide;0.8420893719806762
Orion.HNC.cbc.contsub.image;model_dark_clouds_full_expanded_00010_500it;2;32 2,4,6,8,10-Undecapentaynenitrile;0.005736714975845411
Orion.HNC.cbc.contsub.image;model_dark_clouds_full_expanded_00010_500it;3;0 Ketene;0.0027173913043478264
Orion.HNC.cbc.contsub.image;model_dark_clouds_full_expanded_00010_500it;4;1 1,3,5-Hexatriynyl;0.0027173913043478264
Orion.HNC.cbc.contsub.image;model_dark_clouds_full_expanded_00010_500it;5;2 Oxonium hydride;0.0027173913043478264
