1;42 Silicon Monoxide;0.5973282442748092
2;5 Methyliumylidene;0.08206106870229009
3;0 Ketene;0.005725190839694657
4;1 1,3,5-Hexatriynyl;0.005725190839694657
5;2 Oxonium hydride;0.005725190839694657
6;3 Vinyl Cyanide;0.005725190839694657
7;4 Hydroxyl;0.005725190839694657
8;6 Carbon Monosulfide;0.005725190839694657
9;7 Cyanomethyl;0.005725190839694657
10;8 Methyl Acetylene;0.005725190839694657
11;9 Ethyl Cyanide;0.005725190839694657
12;10 2,4-Pentadiynylidyne;0.005725190839694657
13;11 4-Cyano-1,3-Butadiynyl;0.005725190839694657
14;12 Water;0.005725190839694657
15;13 Hydrogen sulfide;0.005725190839694657
16;14 Methylene amidogen;0.005725190839694657
17;15 1,3-Butadiynyl radical;0.005725190839694657
18;16 2,4,6,8-Nonatetraynenitrile;0.005725190839694657
19;17 Formylium;0.005725190839694657
20;18 Cyanoallene;0.005725190839694657
21;19 Trihydrogen ion;0.005725190839694657
22;20 Methylcyanodiacetylene;0.005725190839694657
23;21 2,4,6-Heptatriynenitrile;0.005725190839694657
24;22 Methanol;0.005725190839694657
25;23 Ammonia;0.005725190839694657
26;24 Methyl Cyanide;0.005725190839694657
27;25 1,3,5-Hexatriynyl anion;0.005725190839694657
28;26 1,3,5,7-Octatetraynyl anion;0.005725190839694657
29;27 3-Thioxo-1,2-Propadieylidene;0.005725190839694657
30;28 Cyanobutadiyne;0.005725190839694657
31;29 Nitric sulfide;0.005725190839694657
32;30 Sulfur dioxide;0.005725190839694657
33;31 Hydrochloric acid;0.005725190839694657
34;32 2,4,6,8,10-Undecapentaynenitrile;0.005725190839694657
35;33 Cyanide Radical;0.005725190839694657
36;34 Nitric oxide;0.005725190839694657
37;35 Formaldehyde;0.005725190839694657
38;36 Sulfur Monoxide;0.005725190839694657
39;37 Methyltriacetylene;0.005725190839694657
40;38 Hydrogen Cyanide;0.005725190839694657
41;39 Methyl diacetylene;0.005725190839694657
42;40 Methylidyne;0.005725190839694657
43;41 Thioxoethenylidene;0.005725190839694657
44;43 1,3,5,7-Octatetraynyl;0.005725190839694657
45;44 Oxoethenylidene;0.005725190839694657
46;45 Propynylidynium;0.005725190839694657
47;46 Carbon Monoxide;0.005725190839694657
48;47 Thioformaldehyde;0.005725190839694657
49;48 Hexatrienyl;0.005725190839694657
50;49 Diazenylium;0.005725190839694657
51;50 Hydrogen Isocyanide;0.005725190839694657
52;51 Carbon Monosulfide;0.005725190839694657
53;52 Methylamine;0.005725190839694657
54;53 Formic Acid;0.005725190839694657
55;54 Cyclopropenylidene;0.005725190839694657
56;55 Cyanoacetylene;0.005725190839694657
57;56 para-Oxidaniumyl;0.005725190839694657
58;57 ortho-Oxidaniumyl;0.005725190839694657
