1;16 Silicon Monoxide;0.38489208633093525
2;4 Carbon Monoxide;0.03717026378896882
3;8 Thioformylium;0.03717026378896882
4;22 Formylium;0.03717026378896882
5;0 Methylidyne;0.025179856115107913
6;1 Butyronitrile;0.025179856115107913
7;2 Formaldehyde;0.025179856115107913
8;3 Sulfur dioxide;0.025179856115107913
9;5 Water;0.025179856115107913
10;6 Chloronium;0.025179856115107913
11;7 Imidogen;0.025179856115107913
12;9 Mercapto radical;0.025179856115107913
13;10 Methyl formate vt01;0.025179856115107913
14;11 Methyliumylidene;0.025179856115107913
15;12 Cyanide Radical;0.025179856115107913
16;13 Hydroxyl;0.025179856115107913
17;14 Nitric oxide;0.025179856115107913
18;15 Cyclopropenylidene;0.025179856115107913
19;17 Hydrogen Cyanide;0.025179856115107913
20;18 Carbon Monosulfide;0.025179856115107913
21;19 Hydrogen sulfide;0.025179856115107913
22;20 Molecular oxygen;0.025179856115107913
23;21 Hydrogen Isocyanide;0.025179856115107913
24;23 Sulfoniumylidene;0.025179856115107913
