1;3 Carbon Monoxide;0.8475757575757575
2;7 Carbon Monoxide Ion;0.008181818181818182
3;0 Methylidyne;0.005151515151515152
4;1 Formaldehyde;0.005151515151515152
5;2 Sulfur dioxide;0.005151515151515152
6;4 Acetaldehyde;0.005151515151515152
7;5 Water;0.005151515151515152
8;6 Imidogen;0.005151515151515152
9;8 Nitric sulfide;0.005151515151515152
10;9 Isocyanic Acid;0.005151515151515152
11;10 Formic Acid;0.005151515151515152
12;11 Amidogen;0.005151515151515152
13;12 Ethylene Glycol;0.005151515151515152
14;13 Methyliumylidene;0.005151515151515152
15;14 Cyanide Radical;0.005151515151515152
16;15 Carbonyl Sulfide;0.005151515151515152
17;16 Hydroxyl;0.005151515151515152
18;17 Nitric oxide;0.005151515151515152
19;18 Methyl Cyanide;0.005151515151515152
20;19 Cyclopropenylidene;0.005151515151515152
21;20 Sulfur Monoxide ion;0.005151515151515152
22;21 Methanol;0.005151515151515152
23;22 Thioformaldehyde;0.005151515151515152
24;23 Ammonia;0.005151515151515152
25;24 Cyanoacetylene;0.005151515151515152
26;25 Hydrogen Cyanide;0.005151515151515152
27;26 Hydrogen sulfide;0.005151515151515152
28;27 Molecular oxygen;0.005151515151515152
29;28 Hydrogen Isocyanide;0.005151515151515152
30;29 Formylium;0.005151515151515152
