1;27 Molecular oxygen;0.8103846153846154
2;0 Methylidyne;0.006538461538461538
3;1 Formaldehyde;0.006538461538461538
4;2 Sulfur dioxide;0.006538461538461538
5;3 Carbon Monoxide;0.006538461538461538
6;4 Acetaldehyde;0.006538461538461538
7;5 Water;0.006538461538461538
8;6 Imidogen;0.006538461538461538
9;7 Carbon Monoxide Ion;0.006538461538461538
10;8 Nitric sulfide;0.006538461538461538
11;9 Isocyanic Acid;0.006538461538461538
12;10 Formic Acid;0.006538461538461538
13;11 Amidogen;0.006538461538461538
14;12 Ethylene Glycol;0.006538461538461538
15;13 Methyliumylidene;0.006538461538461538
16;14 Cyanide Radical;0.006538461538461538
17;15 Carbonyl Sulfide;0.006538461538461538
18;16 Hydroxyl;0.006538461538461538
19;17 Nitric oxide;0.006538461538461538
20;18 Methyl Cyanide;0.006538461538461538
21;19 Cyclopropenylidene;0.006538461538461538
22;20 Sulfur Monoxide ion;0.006538461538461538
23;21 Methanol;0.006538461538461538
24;22 Thioformaldehyde;0.006538461538461538
25;23 Ammonia;0.006538461538461538
26;24 Cyanoacetylene;0.006538461538461538
27;25 Hydrogen Cyanide;0.006538461538461538
28;26 Hydrogen sulfide;0.006538461538461538
29;28 Hydrogen Isocyanide;0.006538461538461538
30;29 Formylium;0.006538461538461538
