1;7 Carbon Monoxide Ion;0.600763358778626
2;0 Methylidyne;0.028244274809160308
3;2 Sulfur dioxide;0.020610687022900764
4;1 Formaldehyde;0.012977099236641221
5;3 Carbon Monoxide;0.012977099236641221
6;4 Acetaldehyde;0.012977099236641221
7;5 Water;0.012977099236641221
8;6 Imidogen;0.012977099236641221
9;8 Nitric sulfide;0.012977099236641221
10;9 Isocyanic Acid;0.012977099236641221
11;10 Formic Acid;0.012977099236641221
12;11 Amidogen;0.012977099236641221
13;12 Ethylene Glycol;0.012977099236641221
14;13 Methyliumylidene;0.012977099236641221
15;14 Cyanide Radical;0.012977099236641221
16;15 Carbonyl Sulfide;0.012977099236641221
17;16 Hydroxyl;0.012977099236641221
18;17 Nitric oxide;0.012977099236641221
19;18 Methyl Cyanide;0.012977099236641221
20;19 Cyclopropenylidene;0.012977099236641221
21;20 Sulfur Monoxide ion;0.012977099236641221
22;21 Methanol;0.012977099236641221
23;22 Thioformaldehyde;0.012977099236641221
24;23 Ammonia;0.012977099236641221
25;24 Cyanoacetylene;0.012977099236641221
26;25 Hydrogen Cyanide;0.012977099236641221
27;26 Hydrogen sulfide;0.012977099236641221
28;27 Molecular oxygen;0.012977099236641221
29;28 Hydrogen Isocyanide;0.012977099236641221
30;29 Formylium;0.012977099236641221
