1;13 Methyliumylidene;0.9162988115449916
2;0 Methylidyne;0.0028862478777589135
3;1 Formaldehyde;0.0028862478777589135
4;2 Sulfur dioxide;0.0028862478777589135
5;3 Carbon Monoxide;0.0028862478777589135
6;4 Acetaldehyde;0.0028862478777589135
7;5 Water;0.0028862478777589135
8;6 Imidogen;0.0028862478777589135
9;7 Carbon Monoxide Ion;0.0028862478777589135
10;8 Nitric sulfide;0.0028862478777589135
11;9 Isocyanic Acid;0.0028862478777589135
12;10 Formic Acid;0.0028862478777589135
13;11 Amidogen;0.0028862478777589135
14;12 Ethylene Glycol;0.0028862478777589135
15;14 Cyanide Radical;0.0028862478777589135
16;15 Carbonyl Sulfide;0.0028862478777589135
17;16 Hydroxyl;0.0028862478777589135
18;17 Nitric oxide;0.0028862478777589135
19;18 Methyl Cyanide;0.0028862478777589135
20;19 Cyclopropenylidene;0.0028862478777589135
21;20 Sulfur Monoxide ion;0.0028862478777589135
22;21 Methanol;0.0028862478777589135
23;22 Thioformaldehyde;0.0028862478777589135
24;23 Ammonia;0.0028862478777589135
25;24 Cyanoacetylene;0.0028862478777589135
26;25 Hydrogen Cyanide;0.0028862478777589135
27;26 Hydrogen sulfide;0.0028862478777589135
28;27 Molecular oxygen;0.0028862478777589135
29;28 Hydrogen Isocyanide;0.0028862478777589135
30;29 Formylium;0.0028862478777589135
