1;22 Formylium;0.20033112582781454
2;0 Methylidyne;0.0347682119205298
3;1 Butyronitrile;0.0347682119205298
4;2 Formaldehyde;0.0347682119205298
5;3 Sulfur dioxide;0.0347682119205298
6;4 Carbon Monoxide;0.0347682119205298
7;5 Water;0.0347682119205298
8;6 Chloronium;0.0347682119205298
9;7 Imidogen;0.0347682119205298
10;8 Thioformylium;0.0347682119205298
11;9 Mercapto radical;0.0347682119205298
12;10 Methyl formate vt01;0.0347682119205298
13;11 Methyliumylidene;0.0347682119205298
14;12 Cyanide Radical;0.0347682119205298
15;13 Hydroxyl;0.0347682119205298
16;14 Nitric oxide;0.0347682119205298
17;15 Cyclopropenylidene;0.0347682119205298
18;16 Silicon Monoxide;0.0347682119205298
19;17 Hydrogen Cyanide;0.0347682119205298
20;18 Carbon Monosulfide;0.0347682119205298
21;19 Hydrogen sulfide;0.0347682119205298
22;20 Molecular oxygen;0.0347682119205298
23;21 Hydrogen Isocyanide;0.0347682119205298
24;23 Sulfoniumylidene;0.0347682119205298
