1;27 Molecular oxygen;0.0824561403508772
2;29 Formylium;0.0824561403508772
3;0 Methylidyne;0.02982456140350877
4;1 Formaldehyde;0.02982456140350877
5;2 Sulfur dioxide;0.02982456140350877
6;3 Carbon Monoxide;0.02982456140350877
7;4 Acetaldehyde;0.02982456140350877
8;5 Water;0.02982456140350877
9;6 Imidogen;0.02982456140350877
10;7 Carbon Monoxide Ion;0.02982456140350877
11;8 Nitric sulfide;0.02982456140350877
12;9 Isocyanic Acid;0.02982456140350877
13;10 Formic Acid;0.02982456140350877
14;11 Amidogen;0.02982456140350877
15;12 Ethylene Glycol;0.02982456140350877
16;13 Methyliumylidene;0.02982456140350877
17;14 Cyanide Radical;0.02982456140350877
18;15 Carbonyl Sulfide;0.02982456140350877
19;16 Hydroxyl;0.02982456140350877
20;17 Nitric oxide;0.02982456140350877
21;18 Methyl Cyanide;0.02982456140350877
22;19 Cyclopropenylidene;0.02982456140350877
23;20 Sulfur Monoxide ion;0.02982456140350877
24;21 Methanol;0.02982456140350877
25;22 Thioformaldehyde;0.02982456140350877
26;23 Ammonia;0.02982456140350877
27;24 Cyanoacetylene;0.02982456140350877
28;25 Hydrogen Cyanide;0.02982456140350877
29;26 Hydrogen sulfide;0.02982456140350877
30;28 Hydrogen Isocyanide;0.02982456140350877
