1;28 Hydrogen Isocyanide;0.16440677966101694
2;0 Methylidyne;0.0288135593220339
3;1 Formaldehyde;0.0288135593220339
4;2 Sulfur dioxide;0.0288135593220339
5;3 Carbon Monoxide;0.0288135593220339
6;4 Acetaldehyde;0.0288135593220339
7;5 Water;0.0288135593220339
8;6 Imidogen;0.0288135593220339
9;7 Carbon Monoxide Ion;0.0288135593220339
10;8 Nitric sulfide;0.0288135593220339
11;9 Isocyanic Acid;0.0288135593220339
12;10 Formic Acid;0.0288135593220339
13;11 Amidogen;0.0288135593220339
14;12 Ethylene Glycol;0.0288135593220339
15;13 Methyliumylidene;0.0288135593220339
16;14 Cyanide Radical;0.0288135593220339
17;15 Carbonyl Sulfide;0.0288135593220339
18;16 Hydroxyl;0.0288135593220339
19;17 Nitric oxide;0.0288135593220339
20;18 Methyl Cyanide;0.0288135593220339
21;19 Cyclopropenylidene;0.0288135593220339
22;20 Sulfur Monoxide ion;0.0288135593220339
23;21 Methanol;0.0288135593220339
24;22 Thioformaldehyde;0.0288135593220339
25;23 Ammonia;0.0288135593220339
26;24 Cyanoacetylene;0.0288135593220339
27;25 Hydrogen Cyanide;0.0288135593220339
28;26 Hydrogen sulfide;0.0288135593220339
29;27 Molecular oxygen;0.0288135593220339
30;29 Formylium;0.0288135593220339
