1;15 Carbonyl Sulfide;0.145
2;4 Acetaldehyde;0.045000000000000005
3;9 Isocyanic Acid;0.045000000000000005
4;0 Methylidyne;0.028333333333333332
5;1 Formaldehyde;0.028333333333333332
6;2 Sulfur dioxide;0.028333333333333332
7;3 Carbon Monoxide;0.028333333333333332
8;5 Water;0.028333333333333332
9;6 Imidogen;0.028333333333333332
10;7 Carbon Monoxide Ion;0.028333333333333332
11;8 Nitric sulfide;0.028333333333333332
12;10 Formic Acid;0.028333333333333332
13;11 Amidogen;0.028333333333333332
14;12 Ethylene Glycol;0.028333333333333332
15;13 Methyliumylidene;0.028333333333333332
16;14 Cyanide Radical;0.028333333333333332
17;16 Hydroxyl;0.028333333333333332
18;17 Nitric oxide;0.028333333333333332
19;18 Methyl Cyanide;0.028333333333333332
20;19 Cyclopropenylidene;0.028333333333333332
21;20 Sulfur Monoxide ion;0.028333333333333332
22;21 Methanol;0.028333333333333332
23;22 Thioformaldehyde;0.028333333333333332
24;23 Ammonia;0.028333333333333332
25;24 Cyanoacetylene;0.028333333333333332
26;25 Hydrogen Cyanide;0.028333333333333332
27;26 Hydrogen sulfide;0.028333333333333332
28;27 Molecular oxygen;0.028333333333333332
29;28 Hydrogen Isocyanide;0.028333333333333332
30;29 Formylium;0.028333333333333332
