1;25 Hydrogen Cyanide;0.2873417721518987
2;29 Formylium;0.07215189873417721
3;19 Cyclopropenylidene;0.04683544303797468
4;26 Hydrogen sulfide;0.03417721518987342
5;0 Methylidyne;0.021518987341772152
6;1 Formaldehyde;0.021518987341772152
7;2 Sulfur dioxide;0.021518987341772152
8;3 Carbon Monoxide;0.021518987341772152
9;4 Acetaldehyde;0.021518987341772152
10;5 Water;0.021518987341772152
11;6 Imidogen;0.021518987341772152
12;7 Carbon Monoxide Ion;0.021518987341772152
13;8 Nitric sulfide;0.021518987341772152
14;9 Isocyanic Acid;0.021518987341772152
15;10 Formic Acid;0.021518987341772152
16;11 Amidogen;0.021518987341772152
17;12 Ethylene Glycol;0.021518987341772152
18;13 Methyliumylidene;0.021518987341772152
19;14 Cyanide Radical;0.021518987341772152
20;15 Carbonyl Sulfide;0.021518987341772152
21;16 Hydroxyl;0.021518987341772152
22;17 Nitric oxide;0.021518987341772152
23;18 Methyl Cyanide;0.021518987341772152
24;20 Sulfur Monoxide ion;0.021518987341772152
25;21 Methanol;0.021518987341772152
26;22 Thioformaldehyde;0.021518987341772152
27;23 Ammonia;0.021518987341772152
28;24 Cyanoacetylene;0.021518987341772152
29;27 Molecular oxygen;0.021518987341772152
30;28 Hydrogen Isocyanide;0.021518987341772152
