1;29 Formylium;0.17341772151898732
2;13 Methyliumylidene;0.12278481012658227
3;28 Hydrogen Isocyanide;0.12278481012658227
4;0 Methylidyne;0.021518987341772152
5;1 Formaldehyde;0.021518987341772152
6;2 Sulfur dioxide;0.021518987341772152
7;3 Carbon Monoxide;0.021518987341772152
8;4 Acetaldehyde;0.021518987341772152
9;5 Water;0.021518987341772152
10;6 Imidogen;0.021518987341772152
11;7 Carbon Monoxide Ion;0.021518987341772152
12;8 Nitric sulfide;0.021518987341772152
13;9 Isocyanic Acid;0.021518987341772152
14;10 Formic Acid;0.021518987341772152
15;11 Amidogen;0.021518987341772152
16;12 Ethylene Glycol;0.021518987341772152
17;14 Cyanide Radical;0.021518987341772152
18;15 Carbonyl Sulfide;0.021518987341772152
19;16 Hydroxyl;0.021518987341772152
20;17 Nitric oxide;0.021518987341772152
21;18 Methyl Cyanide;0.021518987341772152
22;19 Cyclopropenylidene;0.021518987341772152
23;20 Sulfur Monoxide ion;0.021518987341772152
24;21 Methanol;0.021518987341772152
25;22 Thioformaldehyde;0.021518987341772152
26;23 Ammonia;0.021518987341772152
27;24 Cyanoacetylene;0.021518987341772152
28;25 Hydrogen Cyanide;0.021518987341772152
29;26 Hydrogen sulfide;0.021518987341772152
30;27 Molecular oxygen;0.021518987341772152
