1;21 Hydrogen Isocyanide;0.07536764705882351
2;11 Methyliumylidene;0.05698529411764706
3;22 Formylium;0.05698529411764706
4;0 Methylidyne;0.03860294117647058
5;1 Butyronitrile;0.03860294117647058
6;2 Formaldehyde;0.03860294117647058
7;3 Sulfur dioxide;0.03860294117647058
8;4 Carbon Monoxide;0.03860294117647058
9;5 Water;0.03860294117647058
10;6 Chloronium;0.03860294117647058
11;7 Imidogen;0.03860294117647058
12;8 Thioformylium;0.03860294117647058
13;9 Mercapto radical;0.03860294117647058
14;10 Methyl formate vt01;0.03860294117647058
15;12 Cyanide Radical;0.03860294117647058
16;13 Hydroxyl;0.03860294117647058
17;14 Nitric oxide;0.03860294117647058
18;15 Cyclopropenylidene;0.03860294117647058
19;16 Silicon Monoxide;0.03860294117647058
20;17 Hydrogen Cyanide;0.03860294117647058
21;18 Carbon Monosulfide;0.03860294117647058
22;19 Hydrogen sulfide;0.03860294117647058
23;20 Molecular oxygen;0.03860294117647058
24;23 Sulfoniumylidene;0.03860294117647058
