1;22 Magnesium Isocyanide;0.8209718670076727
2;0 1,3,5-Hexatriynyl;0.002557544757033248
3;1 Silicon monosulfide;0.002557544757033248
4;2 Vinyl Cyanide;0.002557544757033248
5;3 Hydroxyl;0.002557544757033248
6;4 Methyliumylidene;0.002557544757033248
7;5 Aluminum Isocyanitrile;0.002557544757033248
8;6 Carbon Monosulfide;0.002557544757033248
9;7 Methyl Acetylene;0.002557544757033248
10;8 1,3-Butadiynyl anion;0.002557544757033248
11;9 Butatrienylidene;0.002557544757033248
12;10 2,4-Pentadiynylidyne;0.002557544757033248
13;11 Aluminum Monochloride;0.002557544757033248
14;12 4-Cyano-1,3-Butadiynyl;0.002557544757033248
15;13 Silicon monosulfide;0.002557544757033248
16;14 Water;0.002557544757033248
17;15 Hydrogen sulfide;0.002557544757033248
18;16 1,3-Butadiynyl radical;0.002557544757033248
19;17 Formylium;0.002557544757033248
20;18 Trihydrogen ion;0.002557544757033248
21;19 Methanimine;0.002557544757033248
22;20 Phosphorus Monoxide;0.002557544757033248
23;21 Methyl Cyanide;0.002557544757033248
24;23 1,3,5-Hexatriynyl anion;0.002557544757033248
25;24 Phosphaethyne;0.002557544757033248
26;25 1,3,5,7-Octatetraynyl anion;0.002557544757033248
27;26 Silicon Monocarbide;0.002557544757033248
28;27 Cyanomethylene;0.002557544757033248
29;28 3-Thioxo-1,2-Propadieylidene;0.002557544757033248
30;29 Cyanobutadiyne;0.002557544757033248
31;30 Silicon Isocyanide;0.002557544757033248
32;31 Potassium chloride;0.002557544757033248
33;32 3-Oxo-1,2-Propadienylidene;0.002557544757033248
34;33 Silicon Carbide;0.002557544757033248
35;34 3-Cyano-1,2-propadienylidene;0.002557544757033248
36;35 Nitric sulfide;0.002557544757033248
37;36 Sulfur dioxide;0.002557544757033248
38;37 Ethyne Isocyanide;0.002557544757033248
39;38 Cyanoethynylide ion;0.002557544757033248
40;39 Cyanide Radical;0.002557544757033248
41;40 Carbon Monoxide Ion;0.002557544757033248
42;41 Cyanobutadiynylide anion;0.002557544757033248
43;42 Aluminum Monofluoride;0.002557544757033248
44;43 Formaldehyde;0.002557544757033248
45;44 Sulfur Monoxide;0.002557544757033248
46;45 Silicon tetracarbide;0.002557544757033248
47;46 Ethynyl;0.002557544757033248
48;47 Sodium Chloride;0.002557544757033248
49;48 Hydrogen Cyanide;0.002557544757033248
50;49 Sodium Cyanide;0.002557544757033248
51;50 3-Imino-1,2 Propadienylidene;0.002557544757033248
52;51 Methylidyne;0.002557544757033248
53;52 Thioxoethenylidene;0.002557544757033248
54;53 Silicon Monoxide;0.002557544757033248
55;54 1,3,5,7-Octatetraynyl;0.002557544757033248
56;55 Silicon Mononitride;0.002557544757033248
57;56 Carbon Monoxide;0.002557544757033248
58;57 Phosphorous nitride;0.002557544757033248
59;58 Carbon Monophosphide;0.002557544757033248
60;59 Thioformaldehyde;0.002557544757033248
61;60 Hexatrienyl;0.002557544757033248
62;61 Hydrogen Isocyanide;0.002557544757033248
63;62 Carbon Monosulfide;0.002557544757033248
64;63 Silicon Cyanide;0.002557544757033248
65;64 2,4,6-Heptatriynylidyne;0.002557544757033248
66;65 Cyclopropenylidene;0.002557544757033248
67;66 Cyanoacetylene;0.002557544757033248
68;67 Magnesium Cyanide;0.002557544757033248
69;68 3-Silanetetrayl-1,2-Propadienyli;0.002557544757033248
70;69 Cyanoethynyl;0.002557544757033248
71;70 Phosphapropynylidyne;0.002557544757033248
