1;46 Carbon Monoxide;0.7337662337662338
2;25 1,3,5-Hexatriynyl anion;0.00949050949050949
3;31 Hydrochloric acid;0.00949050949050949
4;0 Ketene;0.004495504495504496
5;1 1,3,5-Hexatriynyl;0.004495504495504496
6;2 Oxonium hydride;0.004495504495504496
7;3 Vinyl Cyanide;0.004495504495504496
8;4 Hydroxyl;0.004495504495504496
9;5 Methyliumylidene;0.004495504495504496
10;6 Carbon Monosulfide;0.004495504495504496
11;7 Cyanomethyl;0.004495504495504496
12;8 Methyl Acetylene;0.004495504495504496
13;9 Ethyl Cyanide;0.004495504495504496
14;10 2,4-Pentadiynylidyne;0.004495504495504496
15;11 4-Cyano-1,3-Butadiynyl;0.004495504495504496
16;12 Water;0.004495504495504496
17;13 Hydrogen sulfide;0.004495504495504496
18;14 Methylene amidogen;0.004495504495504496
19;15 1,3-Butadiynyl radical;0.004495504495504496
20;16 2,4,6,8-Nonatetraynenitrile;0.004495504495504496
21;17 Formylium;0.004495504495504496
22;18 Cyanoallene;0.004495504495504496
23;19 Trihydrogen ion;0.004495504495504496
24;20 Methylcyanodiacetylene;0.004495504495504496
25;21 2,4,6-Heptatriynenitrile;0.004495504495504496
26;22 Methanol;0.004495504495504496
27;23 Ammonia;0.004495504495504496
28;24 Methyl Cyanide;0.004495504495504496
29;26 1,3,5,7-Octatetraynyl anion;0.004495504495504496
30;27 3-Thioxo-1,2-Propadieylidene;0.004495504495504496
31;28 Cyanobutadiyne;0.004495504495504496
32;29 Nitric sulfide;0.004495504495504496
33;30 Sulfur dioxide;0.004495504495504496
34;32 2,4,6,8,10-Undecapentaynenitrile;0.004495504495504496
35;33 Cyanide Radical;0.004495504495504496
36;34 Nitric oxide;0.004495504495504496
37;35 Formaldehyde;0.004495504495504496
38;36 Sulfur Monoxide;0.004495504495504496
39;37 Methyltriacetylene;0.004495504495504496
40;38 Hydrogen Cyanide;0.004495504495504496
41;39 Methyl diacetylene;0.004495504495504496
42;40 Methylidyne;0.004495504495504496
43;41 Thioxoethenylidene;0.004495504495504496
44;42 Silicon Monoxide;0.004495504495504496
45;43 1,3,5,7-Octatetraynyl;0.004495504495504496
46;44 Oxoethenylidene;0.004495504495504496
47;45 Propynylidynium;0.004495504495504496
48;47 Thioformaldehyde;0.004495504495504496
49;48 Hexatrienyl;0.004495504495504496
50;49 Diazenylium;0.004495504495504496
51;50 Hydrogen Isocyanide;0.004495504495504496
52;51 Carbon Monosulfide;0.004495504495504496
53;52 Methylamine;0.004495504495504496
54;53 Formic Acid;0.004495504495504496
55;54 Cyclopropenylidene;0.004495504495504496
56;55 Cyanoacetylene;0.004495504495504496
57;56 para-Oxidaniumyl;0.004495504495504496
58;57 ortho-Oxidaniumyl;0.004495504495504496
