1;16 Silicon Monoxide;0.5787269681742043
2;21 Hydrogen Isocyanide;0.03433835845896147
3;0 Methylidyne;0.017587939698492462
4;1 Butyronitrile;0.017587939698492462
5;2 Formaldehyde;0.017587939698492462
6;3 Sulfur dioxide;0.017587939698492462
7;4 Carbon Monoxide;0.017587939698492462
8;5 Water;0.017587939698492462
9;6 Chloronium;0.017587939698492462
10;7 Imidogen;0.017587939698492462
11;8 Thioformylium;0.017587939698492462
12;9 Mercapto radical;0.017587939698492462
13;10 Methyl formate vt01;0.017587939698492462
14;11 Methyliumylidene;0.017587939698492462
15;12 Cyanide Radical;0.017587939698492462
16;13 Hydroxyl;0.017587939698492462
17;14 Nitric oxide;0.017587939698492462
18;15 Cyclopropenylidene;0.017587939698492462
19;17 Hydrogen Cyanide;0.017587939698492462
20;18 Carbon Monosulfide;0.017587939698492462
21;19 Hydrogen sulfide;0.017587939698492462
22;20 Molecular oxygen;0.017587939698492462
23;22 Formylium;0.017587939698492462
24;23 Sulfoniumylidene;0.017587939698492462
