1;22 Formylium;0.08306188925081431
2;0 Methylidyne;0.06677524429967426
3;18 Carbon Monosulfide;0.06677524429967426
4;6 Chloronium;0.0504885993485342
5;10 Methyl formate vt01;0.0504885993485342
6;12 Cyanide Radical;0.0504885993485342
7;20 Molecular oxygen;0.0504885993485342
8;1 Butyronitrile;0.03420195439739414
9;2 Formaldehyde;0.03420195439739414
10;3 Sulfur dioxide;0.03420195439739414
11;4 Carbon Monoxide;0.03420195439739414
12;5 Water;0.03420195439739414
13;7 Imidogen;0.03420195439739414
14;8 Thioformylium;0.03420195439739414
15;9 Mercapto radical;0.03420195439739414
16;11 Methyliumylidene;0.03420195439739414
17;13 Hydroxyl;0.03420195439739414
18;14 Nitric oxide;0.03420195439739414
19;15 Cyclopropenylidene;0.03420195439739414
20;16 Silicon Monoxide;0.03420195439739414
21;17 Hydrogen Cyanide;0.03420195439739414
22;19 Hydrogen sulfide;0.03420195439739414
23;21 Hydrogen Isocyanide;0.03420195439739414
24;23 Sulfoniumylidene;0.03420195439739414
