1;4 Thioformylium;0.765296803652968
2;40 Carbonyl Sulfide;0.007305936073059361
3;0 Isocyanic Acid;0.0027397260273972603
4;1 Propenal;0.0027397260273972603
5;2 Ketene;0.0027397260273972603
6;3 Oxonium hydride;0.0027397260273972603
7;5 Vinyl Cyanide;0.0027397260273972603
8;6 Methyl Formate;0.0027397260273972603
9;7 Hydroxyl;0.0027397260273972603
10;8 Methyliumylidene;0.0027397260273972603
11;9 Iminomethylium;0.0027397260273972603
12;10 Hydroxymethylium ion;0.0027397260273972603
13;11 2-Propynal;0.0027397260273972603
14;12 Carbon Monosulfide;0.0027397260273972603
15;13 Cyanomethyl;0.0027397260273972603
16;14 Methyl Acetylene;0.0027397260273972603
17;15 2-Butynenitrile;0.0027397260273972603
18;16 Methyl formate vt01;0.0027397260273972603
19;17 Ethyl Cyanide;0.0027397260273972603
20;18 gauche-Ethanol;0.0027397260273972603
21;19 Glycolaldehyde;0.0027397260273972603
22;20 Water;0.0027397260273972603
23;21 Hydrogen sulfide;0.0027397260273972603
24;22 Sulfur Monoxide ion;0.0027397260273972603
25;23 1,3-Butadiynyl radical;0.0027397260273972603
26;24 Formylium;0.0027397260273972603
27;25 Fulminic acid;0.0027397260273972603
28;26 Trihydrogen ion;0.0027397260273972603
29;27 Methanimine;0.0027397260273972603
30;28 Nitrous Oxide;0.0027397260273972603
31;29 Propadienylidene;0.0027397260273972603
32;30 Ethylene Oxide;0.0027397260273972603
33;31 Ketenimine;0.0027397260273972603
34;32 2,4,6-Heptatriynenitrile;0.0027397260273972603
35;33 Aminoacetonitrile;0.0027397260273972603
36;34 Methanol;0.0027397260273972603
37;35 Ammonia;0.0027397260273972603
38;36 Formyl Radical;0.0027397260273972603
39;37 Methyl Cyanide;0.0027397260273972603
40;38 Molecular oxygen;0.0027397260273972603
41;39 Cyclopropenone;0.0027397260273972603
42;41 Acetaldehyde;0.0027397260273972603
43;42 Cyanomethylene;0.0027397260273972603
44;43 3-Thioxo-1,2-Propadieylidene;0.0027397260273972603
45;44 Formamide;0.0027397260273972603
46;45 Cyanobutadiyne;0.0027397260273972603
47;46 Sulfur Dioxide;0.0027397260273972603
48;47 Methyl isocyanide;0.0027397260273972603
49;48 Nitric sulfide;0.0027397260273972603
50;49 Methylene;0.0027397260273972603
51;50 Hydrochloric acid;0.0027397260273972603
52;51 Ethyne Isocyanide;0.0027397260273972603
53;52 Cyanide Radical;0.0027397260273972603
54;53 Nitric oxide;0.0027397260273972603
55;54 Cyanic acid;0.0027397260273972603
56;55 Formaldehyde;0.0027397260273972603
57;56 Sulfur Monoxide;0.0027397260273972603
58;57 Protonate 2-proynenitrile;0.0027397260273972603
59;58 Ethynyl;0.0027397260273972603
60;59 Ethylene Glycol;0.0027397260273972603
61;60 Hydrogen Cyanide;0.0027397260273972603
62;61 Fluoromethyliumylidene;0.0027397260273972603
63;62 Methylidyne;0.0027397260273972603
64;63 Thioxoethenylidene;0.0027397260273972603
65;64 Cyanomethanimine;0.0027397260273972603
66;65 Silicon Monoxide;0.0027397260273972603
67;66 Dimethyl ether;0.0027397260273972603
68;67 Acetone;0.0027397260273972603
69;68 Carbon Monoxide;0.0027397260273972603
70;69 Phosphorous nitride;0.0027397260273972603
71;70 Thioformaldehyde;0.0027397260273972603
72;71 Diazenylium;0.0027397260273972603
73;72 Cyanoformaldehyde;0.0027397260273972603
74;73 Isothiocyanic acid;0.0027397260273972603
75;74 Vinyl Alcohol;0.0027397260273972603
76;75 Hydrogen Isocyanide;0.0027397260273972603
77;76 Carbon Monosulfide;0.0027397260273972603
78;77 Methylamine;0.0027397260273972603
79;78 Protonated Carbon Dioxide;0.0027397260273972603
80;79 Formic Acid;0.0027397260273972603
81;80 Cyclopropenylidene;0.0027397260273972603
82;81 Cyanoacetylene;0.0027397260273972603
83;82 para-Oxidaniumyl;0.0027397260273972603
84;83 ortho-Oxidaniumyl;0.0027397260273972603
85;84 Nitrosyl hydride;0.0027397260273972603
