1;38 Molecular oxygen;0.34545454545454546
2;0 Isocyanic Acid;0.007792207792207792
3;1 Propenal;0.007792207792207792
4;2 Ketene;0.007792207792207792
5;3 Oxonium hydride;0.007792207792207792
6;4 Thioformylium;0.007792207792207792
7;5 Vinyl Cyanide;0.007792207792207792
8;6 Methyl Formate;0.007792207792207792
9;7 Hydroxyl;0.007792207792207792
10;8 Methyliumylidene;0.007792207792207792
11;9 Iminomethylium;0.007792207792207792
12;10 Hydroxymethylium ion;0.007792207792207792
13;11 2-Propynal;0.007792207792207792
14;12 Carbon Monosulfide;0.007792207792207792
15;13 Cyanomethyl;0.007792207792207792
16;14 Methyl Acetylene;0.007792207792207792
17;15 2-Butynenitrile;0.007792207792207792
18;16 Methyl formate vt01;0.007792207792207792
19;17 Ethyl Cyanide;0.007792207792207792
20;18 gauche-Ethanol;0.007792207792207792
21;19 Glycolaldehyde;0.007792207792207792
22;20 Water;0.007792207792207792
23;21 Hydrogen sulfide;0.007792207792207792
24;22 Sulfur Monoxide ion;0.007792207792207792
25;23 1,3-Butadiynyl radical;0.007792207792207792
26;24 Formylium;0.007792207792207792
27;25 Fulminic acid;0.007792207792207792
28;26 Trihydrogen ion;0.007792207792207792
29;27 Methanimine;0.007792207792207792
30;28 Nitrous Oxide;0.007792207792207792
31;29 Propadienylidene;0.007792207792207792
32;30 Ethylene Oxide;0.007792207792207792
33;31 Ketenimine;0.007792207792207792
34;32 2,4,6-Heptatriynenitrile;0.007792207792207792
35;33 Aminoacetonitrile;0.007792207792207792
36;34 Methanol;0.007792207792207792
37;35 Ammonia;0.007792207792207792
38;36 Formyl Radical;0.007792207792207792
39;37 Methyl Cyanide;0.007792207792207792
40;39 Cyclopropenone;0.007792207792207792
41;40 Carbonyl Sulfide;0.007792207792207792
42;41 Acetaldehyde;0.007792207792207792
43;42 Cyanomethylene;0.007792207792207792
44;43 3-Thioxo-1,2-Propadieylidene;0.007792207792207792
45;44 Formamide;0.007792207792207792
46;45 Cyanobutadiyne;0.007792207792207792
47;46 Sulfur Dioxide;0.007792207792207792
48;47 Methyl isocyanide;0.007792207792207792
49;48 Nitric sulfide;0.007792207792207792
50;49 Methylene;0.007792207792207792
51;50 Hydrochloric acid;0.007792207792207792
52;51 Ethyne Isocyanide;0.007792207792207792
53;52 Cyanide Radical;0.007792207792207792
54;53 Nitric oxide;0.007792207792207792
55;54 Cyanic acid;0.007792207792207792
56;55 Formaldehyde;0.007792207792207792
57;56 Sulfur Monoxide;0.007792207792207792
58;57 Protonate 2-proynenitrile;0.007792207792207792
59;58 Ethynyl;0.007792207792207792
60;59 Ethylene Glycol;0.007792207792207792
61;60 Hydrogen Cyanide;0.007792207792207792
62;61 Fluoromethyliumylidene;0.007792207792207792
63;62 Methylidyne;0.007792207792207792
64;63 Thioxoethenylidene;0.007792207792207792
65;64 Cyanomethanimine;0.007792207792207792
66;65 Silicon Monoxide;0.007792207792207792
67;66 Dimethyl ether;0.007792207792207792
68;67 Acetone;0.007792207792207792
69;68 Carbon Monoxide;0.007792207792207792
70;69 Phosphorous nitride;0.007792207792207792
71;70 Thioformaldehyde;0.007792207792207792
72;71 Diazenylium;0.007792207792207792
73;72 Cyanoformaldehyde;0.007792207792207792
74;73 Isothiocyanic acid;0.007792207792207792
75;74 Vinyl Alcohol;0.007792207792207792
76;75 Hydrogen Isocyanide;0.007792207792207792
77;76 Carbon Monosulfide;0.007792207792207792
78;77 Methylamine;0.007792207792207792
79;78 Protonated Carbon Dioxide;0.007792207792207792
80;79 Formic Acid;0.007792207792207792
81;80 Cyclopropenylidene;0.007792207792207792
82;81 Cyanoacetylene;0.007792207792207792
83;82 para-Oxidaniumyl;0.007792207792207792
84;83 ortho-Oxidaniumyl;0.007792207792207792
85;84 Nitrosyl hydride;0.007792207792207792
