1;68 Carbon Monoxide;0.7494071146245059
2;60 Hydrogen Cyanide;0.014229249011857709
3;11 2-Propynal;0.010276679841897233
4;39 Cyclopropenone;0.010276679841897233
5;67 Acetone;0.010276679841897233
6;10 Hydroxymethylium ion;0.006324110671936759
7;30 Ethylene Oxide;0.006324110671936759
8;51 Ethyne Isocyanide;0.006324110671936759
9;55 Formaldehyde;0.006324110671936759
10;0 Isocyanic Acid;0.0023715415019762843
11;1 Propenal;0.0023715415019762843
12;2 Ketene;0.0023715415019762843
13;3 Oxonium hydride;0.0023715415019762843
14;4 Thioformylium;0.0023715415019762843
15;5 Vinyl Cyanide;0.0023715415019762843
16;6 Methyl Formate;0.0023715415019762843
17;7 Hydroxyl;0.0023715415019762843
18;8 Methyliumylidene;0.0023715415019762843
19;9 Iminomethylium;0.0023715415019762843
20;12 Carbon Monosulfide;0.0023715415019762843
21;13 Cyanomethyl;0.0023715415019762843
22;14 Methyl Acetylene;0.0023715415019762843
23;15 2-Butynenitrile;0.0023715415019762843
24;16 Methyl formate vt01;0.0023715415019762843
25;17 Ethyl Cyanide;0.0023715415019762843
26;18 gauche-Ethanol;0.0023715415019762843
27;19 Glycolaldehyde;0.0023715415019762843
28;20 Water;0.0023715415019762843
29;21 Hydrogen sulfide;0.0023715415019762843
30;22 Sulfur Monoxide ion;0.0023715415019762843
31;23 1,3-Butadiynyl radical;0.0023715415019762843
32;24 Formylium;0.0023715415019762843
33;25 Fulminic acid;0.0023715415019762843
34;26 Trihydrogen ion;0.0023715415019762843
35;27 Methanimine;0.0023715415019762843
36;28 Nitrous Oxide;0.0023715415019762843
37;29 Propadienylidene;0.0023715415019762843
38;31 Ketenimine;0.0023715415019762843
39;32 2,4,6-Heptatriynenitrile;0.0023715415019762843
40;33 Aminoacetonitrile;0.0023715415019762843
41;34 Methanol;0.0023715415019762843
42;35 Ammonia;0.0023715415019762843
43;36 Formyl Radical;0.0023715415019762843
44;37 Methyl Cyanide;0.0023715415019762843
45;38 Molecular oxygen;0.0023715415019762843
46;40 Carbonyl Sulfide;0.0023715415019762843
47;41 Acetaldehyde;0.0023715415019762843
48;42 Cyanomethylene;0.0023715415019762843
49;43 3-Thioxo-1,2-Propadieylidene;0.0023715415019762843
50;44 Formamide;0.0023715415019762843
51;45 Cyanobutadiyne;0.0023715415019762843
52;46 Sulfur Dioxide;0.0023715415019762843
53;47 Methyl isocyanide;0.0023715415019762843
54;48 Nitric sulfide;0.0023715415019762843
55;49 Methylene;0.0023715415019762843
56;50 Hydrochloric acid;0.0023715415019762843
57;52 Cyanide Radical;0.0023715415019762843
58;53 Nitric oxide;0.0023715415019762843
59;54 Cyanic acid;0.0023715415019762843
60;56 Sulfur Monoxide;0.0023715415019762843
61;57 Protonate 2-proynenitrile;0.0023715415019762843
62;58 Ethynyl;0.0023715415019762843
63;59 Ethylene Glycol;0.0023715415019762843
64;61 Fluoromethyliumylidene;0.0023715415019762843
65;62 Methylidyne;0.0023715415019762843
66;63 Thioxoethenylidene;0.0023715415019762843
67;64 Cyanomethanimine;0.0023715415019762843
68;65 Silicon Monoxide;0.0023715415019762843
69;66 Dimethyl ether;0.0023715415019762843
70;69 Phosphorous nitride;0.0023715415019762843
71;70 Thioformaldehyde;0.0023715415019762843
72;71 Diazenylium;0.0023715415019762843
73;72 Cyanoformaldehyde;0.0023715415019762843
74;73 Isothiocyanic acid;0.0023715415019762843
75;74 Vinyl Alcohol;0.0023715415019762843
76;75 Hydrogen Isocyanide;0.0023715415019762843
77;76 Carbon Monosulfide;0.0023715415019762843
78;77 Methylamine;0.0023715415019762843
79;78 Protonated Carbon Dioxide;0.0023715415019762843
80;79 Formic Acid;0.0023715415019762843
81;80 Cyclopropenylidene;0.0023715415019762843
82;81 Cyanoacetylene;0.0023715415019762843
83;82 para-Oxidaniumyl;0.0023715415019762843
84;83 ortho-Oxidaniumyl;0.0023715415019762843
85;84 Nitrosyl hydride;0.0023715415019762843
