HD163296_CO_2_1.image;model_hot_cores_tr_500it;1;4 Thioformylium;0.47010309278350515
HD163296_CO_2_1.image;model_hot_cores_tr_500it;2;15 2-Butynenitrile;0.016494845360824743
HD163296_CO_2_1.image;model_hot_cores_tr_500it;3;0 Isocyanic Acid;0.006185567010309278
HD163296_CO_2_1.image;model_hot_cores_tr_500it;4;1 Propenal;0.006185567010309278
HD163296_CO_2_1.image;model_hot_cores_tr_500it;5;2 Ketene;0.006185567010309278
Orion.methanol.cbc.contsub.image;model_hot_cores_tr_500it;1;32 2,4,6-Heptatriynenitrile;0.496
Orion.methanol.cbc.contsub.image;model_hot_cores_tr_500it;2;0 Isocyanic Acid;0.006
Orion.methanol.cbc.contsub.image;model_hot_cores_tr_500it;3;1 Propenal;0.006
Orion.methanol.cbc.contsub.image;model_hot_cores_tr_500it;4;2 Ketene;0.006
Orion.methanol.cbc.contsub.image;model_hot_cores_tr_500it;5;3 Oxonium hydride;0.006
TWHydra_HCOplusline.image;model_hot_cores_tr_500it;1;54 Cyanic acid;0.14929577464788732
TWHydra_HCOplusline.image;model_hot_cores_tr_500it;2;1 Propenal;0.1352112676056338
TWHydra_HCOplusline.image;model_hot_cores_tr_500it;3;80 Cyclopropenylidene;0.022535211267605635
TWHydra_HCOplusline.image;model_hot_cores_tr_500it;4;0 Isocyanic Acid;0.008450704225352112
TWHydra_HCOplusline.image;model_hot_cores_tr_500it;5;2 Ketene;0.008450704225352112
Orion.HNC.cbc.contsub.image;model_hot_cores_tr_500it;1;25 Fulminic acid;0.7215469613259669
Orion.HNC.cbc.contsub.image;model_hot_cores_tr_500it;2;0 Isocyanic Acid;0.0033149171270718232
Orion.HNC.cbc.contsub.image;model_hot_cores_tr_500it;3;1 Propenal;0.0033149171270718232
Orion.HNC.cbc.contsub.image;model_hot_cores_tr_500it;4;2 Ketene;0.0033149171270718232
Orion.HNC.cbc.contsub.image;model_hot_cores_tr_500it;5;3 Oxonium hydride;0.0033149171270718232
TWHydra_CO3_2line.image;model_hot_cores_tr_500it;1;8 Methyliumylidene;0.328
TWHydra_CO3_2line.image;model_hot_cores_tr_500it;2;0 Isocyanic Acid;0.008
TWHydra_CO3_2line.image;model_hot_cores_tr_500it;3;1 Propenal;0.008
TWHydra_CO3_2line.image;model_hot_cores_tr_500it;4;2 Ketene;0.008
TWHydra_CO3_2line.image;model_hot_cores_tr_500it;5;3 Oxonium hydride;0.008
uid___A002_Xa916fc_X668__IRS43_HCO32.final.image.pbcor;model_hot_cores_tr_500it;1;8 Methyliumylidene;0.8046511627906977
uid___A002_Xa916fc_X668__IRS43_HCO32.final.image.pbcor;model_hot_cores_tr_500it;2;0 Isocyanic Acid;0.002325581395348837
uid___A002_Xa916fc_X668__IRS43_HCO32.final.image.pbcor;model_hot_cores_tr_500it;3;1 Propenal;0.002325581395348837
uid___A002_Xa916fc_X668__IRS43_HCO32.final.image.pbcor;model_hot_cores_tr_500it;4;2 Ketene;0.002325581395348837
uid___A002_Xa916fc_X668__IRS43_HCO32.final.image.pbcor;model_hot_cores_tr_500it;5;3 Oxonium hydride;0.002325581395348837
DMTau.CS_5-4.image;model_hot_cores_tr_500it;1;45 Cyanobutadiyne;0.7968379446640316
DMTau.CS_5-4.image;model_hot_cores_tr_500it;2;72 Cyanoformaldehyde;0.006324110671936759
DMTau.CS_5-4.image;model_hot_cores_tr_500it;3;0 Isocyanic Acid;0.0023715415019762843
DMTau.CS_5-4.image;model_hot_cores_tr_500it;4;1 Propenal;0.0023715415019762843
DMTau.CS_5-4.image;model_hot_cores_tr_500it;5;2 Ketene;0.0023715415019762843
