1;68 Carbon Monoxide;0.30133333333333334
2;15 2-Butynenitrile;0.021333333333333336
3;76 Carbon Monosulfide;0.021333333333333336
4;0 Isocyanic Acid;0.008
5;1 Propenal;0.008
6;2 Ketene;0.008
7;3 Oxonium hydride;0.008
8;4 Thioformylium;0.008
9;5 Vinyl Cyanide;0.008
10;6 Methyl Formate;0.008
11;7 Hydroxyl;0.008
12;8 Methyliumylidene;0.008
13;9 Iminomethylium;0.008
14;10 Hydroxymethylium ion;0.008
15;11 2-Propynal;0.008
16;12 Carbon Monosulfide;0.008
17;13 Cyanomethyl;0.008
18;14 Methyl Acetylene;0.008
19;16 Methyl formate vt01;0.008
20;17 Ethyl Cyanide;0.008
21;18 gauche-Ethanol;0.008
22;19 Glycolaldehyde;0.008
23;20 Water;0.008
24;21 Hydrogen sulfide;0.008
25;22 Sulfur Monoxide ion;0.008
26;23 1,3-Butadiynyl radical;0.008
27;24 Formylium;0.008
28;25 Fulminic acid;0.008
29;26 Trihydrogen ion;0.008
30;27 Methanimine;0.008
31;28 Nitrous Oxide;0.008
32;29 Propadienylidene;0.008
33;30 Ethylene Oxide;0.008
34;31 Ketenimine;0.008
35;32 2,4,6-Heptatriynenitrile;0.008
36;33 Aminoacetonitrile;0.008
37;34 Methanol;0.008
38;35 Ammonia;0.008
39;36 Formyl Radical;0.008
40;37 Methyl Cyanide;0.008
41;38 Molecular oxygen;0.008
42;39 Cyclopropenone;0.008
43;40 Carbonyl Sulfide;0.008
44;41 Acetaldehyde;0.008
45;42 Cyanomethylene;0.008
46;43 3-Thioxo-1,2-Propadieylidene;0.008
47;44 Formamide;0.008
48;45 Cyanobutadiyne;0.008
49;46 Sulfur Dioxide;0.008
50;47 Methyl isocyanide;0.008
51;48 Nitric sulfide;0.008
52;49 Methylene;0.008
53;50 Hydrochloric acid;0.008
54;51 Ethyne Isocyanide;0.008
55;52 Cyanide Radical;0.008
56;53 Nitric oxide;0.008
57;54 Cyanic acid;0.008
58;55 Formaldehyde;0.008
59;56 Sulfur Monoxide;0.008
60;57 Protonate 2-proynenitrile;0.008
61;58 Ethynyl;0.008
62;59 Ethylene Glycol;0.008
63;60 Hydrogen Cyanide;0.008
64;61 Fluoromethyliumylidene;0.008
65;62 Methylidyne;0.008
66;63 Thioxoethenylidene;0.008
67;64 Cyanomethanimine;0.008
68;65 Silicon Monoxide;0.008
69;66 Dimethyl ether;0.008
70;67 Acetone;0.008
71;69 Phosphorous nitride;0.008
72;70 Thioformaldehyde;0.008
73;71 Diazenylium;0.008
74;72 Cyanoformaldehyde;0.008
75;73 Isothiocyanic acid;0.008
76;74 Vinyl Alcohol;0.008
77;75 Hydrogen Isocyanide;0.008
78;77 Methylamine;0.008
79;78 Protonated Carbon Dioxide;0.008
80;79 Formic Acid;0.008
81;80 Cyclopropenylidene;0.008
82;81 Cyanoacetylene;0.008
83;82 para-Oxidaniumyl;0.008
84;83 ortho-Oxidaniumyl;0.008
85;84 Nitrosyl hydride;0.008
