1;30 Carbon Monosulfide;0.20180722891566263
2;29 Hydrogen Cyanide;0.051204819277108425
3;8 Isocyanic Acid;0.03614457831325301
4;34 Formylium;0.03614457831325301
5;0 Methylidyne;0.02108433734939759
6;1 1,3-Butadiynyl radical;0.02108433734939759
7;2 Formaldehyde;0.02108433734939759
8;3 Sulfur dioxide;0.02108433734939759
9;4 Carbon Monoxide;0.02108433734939759
10;5 Water;0.02108433734939759
11;6 Carbon Monoxide Ion;0.02108433734939759
12;7 Nitric sulfide;0.02108433734939759
13;9 Methyliumylidene;0.02108433734939759
14;10 Cyanide Radical;0.02108433734939759
15;11 Ethynyl;0.02108433734939759
16;12 Carbonyl Sulfide;0.02108433734939759
17;13 Hydroxyl;0.02108433734939759
18;14 Diazenylium;0.02108433734939759
19;15 Thioxoethenylidene;0.02108433734939759
20;16 Nitric oxide;0.02108433734939759
21;17 Methyl Cyanide;0.02108433734939759
22;18 Cyclopropenylidene;0.02108433734939759
23;19 Methanimine;0.02108433734939759
24;20 Methanol;0.02108433734939759
25;21 Thioformaldehyde;0.02108433734939759
26;22 Ammonia;0.02108433734939759
27;23 Cyanamide;0.02108433734939759
28;24 Cyanoacetylene;0.02108433734939759
29;25 Sodium Chloride;0.02108433734939759
30;26 Silicon Monoxide;0.02108433734939759
31;27 Sulfur Monoxide;0.02108433734939759
32;28 Protonated Carbon Dioxide;0.02108433734939759
33;31 Hydrogen sulfide;0.02108433734939759
34;32 Molecular oxygen;0.02108433734939759
35;33 Hydrogen Isocyanide;0.02108433734939759
36;35 Methyl Acetylene;0.02108433734939759
