1;15 Thioxoethenylidene;0.33673469387755095
2;32 Molecular oxygen;0.03061224489795918
3;33 Hydrogen Isocyanide;0.03061224489795918
4;34 Formylium;0.03061224489795918
5;0 Methylidyne;0.017857142857142856
6;1 1,3-Butadiynyl radical;0.017857142857142856
7;2 Formaldehyde;0.017857142857142856
8;3 Sulfur dioxide;0.017857142857142856
9;4 Carbon Monoxide;0.017857142857142856
10;5 Water;0.017857142857142856
11;6 Carbon Monoxide Ion;0.017857142857142856
12;7 Nitric sulfide;0.017857142857142856
13;8 Isocyanic Acid;0.017857142857142856
14;9 Methyliumylidene;0.017857142857142856
15;10 Cyanide Radical;0.017857142857142856
16;11 Ethynyl;0.017857142857142856
17;12 Carbonyl Sulfide;0.017857142857142856
18;13 Hydroxyl;0.017857142857142856
19;14 Diazenylium;0.017857142857142856
20;16 Nitric oxide;0.017857142857142856
21;17 Methyl Cyanide;0.017857142857142856
22;18 Cyclopropenylidene;0.017857142857142856
23;19 Methanimine;0.017857142857142856
24;20 Methanol;0.017857142857142856
25;21 Thioformaldehyde;0.017857142857142856
26;22 Ammonia;0.017857142857142856
27;23 Cyanamide;0.017857142857142856
28;24 Cyanoacetylene;0.017857142857142856
29;25 Sodium Chloride;0.017857142857142856
30;26 Silicon Monoxide;0.017857142857142856
31;27 Sulfur Monoxide;0.017857142857142856
32;28 Protonated Carbon Dioxide;0.017857142857142856
33;29 Hydrogen Cyanide;0.017857142857142856
34;30 Carbon Monosulfide;0.017857142857142856
35;31 Hydrogen sulfide;0.017857142857142856
36;35 Methyl Acetylene;0.017857142857142856
