1;15 Carbonyl Sulfide;0.7703196347031963
2;22 Thioformaldehyde;0.012328767123287673
3;0 Methylidyne;0.007762557077625571
4;1 Formaldehyde;0.007762557077625571
5;2 Sulfur dioxide;0.007762557077625571
6;3 Carbon Monoxide;0.007762557077625571
7;4 Acetaldehyde;0.007762557077625571
8;5 Water;0.007762557077625571
9;6 Imidogen;0.007762557077625571
10;7 Carbon Monoxide Ion;0.007762557077625571
11;8 Nitric sulfide;0.007762557077625571
12;9 Isocyanic Acid;0.007762557077625571
13;10 Formic Acid;0.007762557077625571
14;11 Amidogen;0.007762557077625571
15;12 Ethylene Glycol;0.007762557077625571
16;13 Methyliumylidene;0.007762557077625571
17;14 Cyanide Radical;0.007762557077625571
18;16 Hydroxyl;0.007762557077625571
19;17 Nitric oxide;0.007762557077625571
20;18 Methyl Cyanide;0.007762557077625571
21;19 Cyclopropenylidene;0.007762557077625571
22;20 Sulfur Monoxide ion;0.007762557077625571
23;21 Methanol;0.007762557077625571
24;23 Ammonia;0.007762557077625571
25;24 Cyanoacetylene;0.007762557077625571
26;25 Hydrogen Cyanide;0.007762557077625571
27;26 Hydrogen sulfide;0.007762557077625571
28;27 Molecular oxygen;0.007762557077625571
29;28 Hydrogen Isocyanide;0.007762557077625571
30;29 Formylium;0.007762557077625571
