1;21 Methanol;0.5385321100917432
2;20 Sulfur Monoxide ion;0.024770642201834864
3;0 Methylidyne;0.015596330275229357
4;1 Formaldehyde;0.015596330275229357
5;2 Sulfur dioxide;0.015596330275229357
6;3 Carbon Monoxide;0.015596330275229357
7;4 Acetaldehyde;0.015596330275229357
8;5 Water;0.015596330275229357
9;6 Imidogen;0.015596330275229357
10;7 Carbon Monoxide Ion;0.015596330275229357
11;8 Nitric sulfide;0.015596330275229357
12;9 Isocyanic Acid;0.015596330275229357
13;10 Formic Acid;0.015596330275229357
14;11 Amidogen;0.015596330275229357
15;12 Ethylene Glycol;0.015596330275229357
16;13 Methyliumylidene;0.015596330275229357
17;14 Cyanide Radical;0.015596330275229357
18;15 Carbonyl Sulfide;0.015596330275229357
19;16 Hydroxyl;0.015596330275229357
20;17 Nitric oxide;0.015596330275229357
21;18 Methyl Cyanide;0.015596330275229357
22;19 Cyclopropenylidene;0.015596330275229357
23;22 Thioformaldehyde;0.015596330275229357
24;23 Ammonia;0.015596330275229357
25;24 Cyanoacetylene;0.015596330275229357
26;25 Hydrogen Cyanide;0.015596330275229357
27;26 Hydrogen sulfide;0.015596330275229357
28;27 Molecular oxygen;0.015596330275229357
29;28 Hydrogen Isocyanide;0.015596330275229357
30;29 Formylium;0.015596330275229357
