1;29 Formylium;0.3547945205479452
2;28 Hydrogen Isocyanide;0.2269406392694064
3;27 Molecular oxygen;0.208675799086758
4;0 Methylidyne;0.007762557077625571
5;1 Formaldehyde;0.007762557077625571
6;2 Sulfur dioxide;0.007762557077625571
7;3 Carbon Monoxide;0.007762557077625571
8;4 Acetaldehyde;0.007762557077625571
9;5 Water;0.007762557077625571
10;6 Imidogen;0.007762557077625571
11;7 Carbon Monoxide Ion;0.007762557077625571
12;8 Nitric sulfide;0.007762557077625571
13;9 Isocyanic Acid;0.007762557077625571
14;10 Formic Acid;0.007762557077625571
15;11 Amidogen;0.007762557077625571
16;12 Ethylene Glycol;0.007762557077625571
17;13 Methyliumylidene;0.007762557077625571
18;14 Cyanide Radical;0.007762557077625571
19;15 Carbonyl Sulfide;0.007762557077625571
20;16 Hydroxyl;0.007762557077625571
21;17 Nitric oxide;0.007762557077625571
22;18 Methyl Cyanide;0.007762557077625571
23;19 Cyclopropenylidene;0.007762557077625571
24;20 Sulfur Monoxide ion;0.007762557077625571
25;21 Methanol;0.007762557077625571
26;22 Thioformaldehyde;0.007762557077625571
27;23 Ammonia;0.007762557077625571
28;24 Cyanoacetylene;0.007762557077625571
29;25 Hydrogen Cyanide;0.007762557077625571
30;26 Hydrogen sulfide;0.007762557077625571
