1;3 Carbon Monoxide;0.7748858447488584
2;0 Methylidyne;0.007762557077625571
3;1 Formaldehyde;0.007762557077625571
4;2 Sulfur dioxide;0.007762557077625571
5;4 Acetaldehyde;0.007762557077625571
6;5 Water;0.007762557077625571
7;6 Imidogen;0.007762557077625571
8;7 Carbon Monoxide Ion;0.007762557077625571
9;8 Nitric sulfide;0.007762557077625571
10;9 Isocyanic Acid;0.007762557077625571
11;10 Formic Acid;0.007762557077625571
12;11 Amidogen;0.007762557077625571
13;12 Ethylene Glycol;0.007762557077625571
14;13 Methyliumylidene;0.007762557077625571
15;14 Cyanide Radical;0.007762557077625571
16;15 Carbonyl Sulfide;0.007762557077625571
17;16 Hydroxyl;0.007762557077625571
18;17 Nitric oxide;0.007762557077625571
19;18 Methyl Cyanide;0.007762557077625571
20;19 Cyclopropenylidene;0.007762557077625571
21;20 Sulfur Monoxide ion;0.007762557077625571
22;21 Methanol;0.007762557077625571
23;22 Thioformaldehyde;0.007762557077625571
24;23 Ammonia;0.007762557077625571
25;24 Cyanoacetylene;0.007762557077625571
26;25 Hydrogen Cyanide;0.007762557077625571
27;26 Hydrogen sulfide;0.007762557077625571
28;27 Molecular oxygen;0.007762557077625571
29;28 Hydrogen Isocyanide;0.007762557077625571
30;29 Formylium;0.007762557077625571
