uid___A002_Xa916fc_X668__IRS43_HCO32.final.image.pbcor;model_comets_tr_500it;1;13 Methyliumylidene;0.8444794952681388
uid___A002_Xa916fc_X668__IRS43_HCO32.final.image.pbcor;model_comets_tr_500it;2;0 Methylidyne;0.005362776025236593
uid___A002_Xa916fc_X668__IRS43_HCO32.final.image.pbcor;model_comets_tr_500it;3;1 Formaldehyde;0.005362776025236593
uid___A002_Xa916fc_X668__IRS43_HCO32.final.image.pbcor;model_comets_tr_500it;4;2 Sulfur dioxide;0.005362776025236593
uid___A002_Xa916fc_X668__IRS43_HCO32.final.image.pbcor;model_comets_tr_500it;5;3 Carbon Monoxide;0.005362776025236593
uid___A002_Xa916fc_X668__IRS43_HCO32.final.image.pbcor;model_comets_2_500it;1;13 Methyliumylidene;0.8255520504731861
uid___A002_Xa916fc_X668__IRS43_HCO32.final.image.pbcor;model_comets_2_500it;2;28 Hydrogen Isocyanide;0.024290220820189275
uid___A002_Xa916fc_X668__IRS43_HCO32.final.image.pbcor;model_comets_2_500it;3;0 Methylidyne;0.005362776025236593
uid___A002_Xa916fc_X668__IRS43_HCO32.final.image.pbcor;model_comets_2_500it;4;1 Formaldehyde;0.005362776025236593
uid___A002_Xa916fc_X668__IRS43_HCO32.final.image.pbcor;model_comets_2_500it;5;2 Sulfur dioxide;0.005362776025236593
uid___A002_Xa916fc_X668__IRS43_HCO32.final.image.pbcor;model_comets_full_500it;1;13 Methyliumylidene;0.8444794952681388
uid___A002_Xa916fc_X668__IRS43_HCO32.final.image.pbcor;model_comets_full_500it;2;0 Methylidyne;0.005362776025236593
uid___A002_Xa916fc_X668__IRS43_HCO32.final.image.pbcor;model_comets_full_500it;3;1 Formaldehyde;0.005362776025236593
uid___A002_Xa916fc_X668__IRS43_HCO32.final.image.pbcor;model_comets_full_500it;4;2 Sulfur dioxide;0.005362776025236593
uid___A002_Xa916fc_X668__IRS43_HCO32.final.image.pbcor;model_comets_full_500it;5;3 Carbon Monoxide;0.005362776025236593
uid___A002_Xa916fc_X668__IRS43_HCO32.final.image.pbcor;model_comets_full_expanded_00002_500it;1;25 Hydrogen Cyanide;0.8444794952681388
uid___A002_Xa916fc_X668__IRS43_HCO32.final.image.pbcor;model_comets_full_expanded_00002_500it;2;0 Methylidyne;0.005362776025236593
uid___A002_Xa916fc_X668__IRS43_HCO32.final.image.pbcor;model_comets_full_expanded_00002_500it;3;1 Formaldehyde;0.005362776025236593
uid___A002_Xa916fc_X668__IRS43_HCO32.final.image.pbcor;model_comets_full_expanded_00002_500it;4;2 Sulfur dioxide;0.005362776025236593
uid___A002_Xa916fc_X668__IRS43_HCO32.final.image.pbcor;model_comets_full_expanded_00002_500it;5;3 Carbon Monoxide;0.005362776025236593
uid___A002_Xa916fc_X668__IRS43_HCO32.final.image.pbcor;model_comets_full_expanded_00010_500it;1;3 Carbon Monoxide;0.8444794952681388
uid___A002_Xa916fc_X668__IRS43_HCO32.final.image.pbcor;model_comets_full_expanded_00010_500it;2;0 Methylidyne;0.005362776025236593
uid___A002_Xa916fc_X668__IRS43_HCO32.final.image.pbcor;model_comets_full_expanded_00010_500it;3;1 Formaldehyde;0.005362776025236593
uid___A002_Xa916fc_X668__IRS43_HCO32.final.image.pbcor;model_comets_full_expanded_00010_500it;4;2 Sulfur dioxide;0.005362776025236593
uid___A002_Xa916fc_X668__IRS43_HCO32.final.image.pbcor;model_comets_full_expanded_00010_500it;5;4 Acetaldehyde;0.005362776025236593
Orion.HNC.cbc.contsub.image;model_comets_tr_500it;1;13 Methyliumylidene;0.7748858447488584
Orion.HNC.cbc.contsub.image;model_comets_tr_500it;2;0 Methylidyne;0.007762557077625571
Orion.HNC.cbc.contsub.image;model_comets_tr_500it;3;1 Formaldehyde;0.007762557077625571
Orion.HNC.cbc.contsub.image;model_comets_tr_500it;4;2 Sulfur dioxide;0.007762557077625571
Orion.HNC.cbc.contsub.image;model_comets_tr_500it;5;3 Carbon Monoxide;0.007762557077625571
Orion.HNC.cbc.contsub.image;model_comets_2_500it;1;29 Formylium;0.7748858447488584
Orion.HNC.cbc.contsub.image;model_comets_2_500it;2;0 Methylidyne;0.007762557077625571
Orion.HNC.cbc.contsub.image;model_comets_2_500it;3;1 Formaldehyde;0.007762557077625571
Orion.HNC.cbc.contsub.image;model_comets_2_500it;4;2 Sulfur dioxide;0.007762557077625571
Orion.HNC.cbc.contsub.image;model_comets_2_500it;5;3 Carbon Monoxide;0.007762557077625571
Orion.HNC.cbc.contsub.image;model_comets_full_500it;1;29 Formylium;0.3547945205479452
Orion.HNC.cbc.contsub.image;model_comets_full_500it;2;28 Hydrogen Isocyanide;0.2269406392694064
Orion.HNC.cbc.contsub.image;model_comets_full_500it;3;27 Molecular oxygen;0.208675799086758
Orion.HNC.cbc.contsub.image;model_comets_full_500it;4;0 Methylidyne;0.007762557077625571
Orion.HNC.cbc.contsub.image;model_comets_full_500it;5;1 Formaldehyde;0.007762557077625571
Orion.HNC.cbc.contsub.image;model_comets_full_expanded_00002_500it;1;3 Carbon Monoxide;0.7748858447488584
Orion.HNC.cbc.contsub.image;model_comets_full_expanded_00002_500it;2;0 Methylidyne;0.007762557077625571
Orion.HNC.cbc.contsub.image;model_comets_full_expanded_00002_500it;3;1 Formaldehyde;0.007762557077625571
Orion.HNC.cbc.contsub.image;model_comets_full_expanded_00002_500it;4;2 Sulfur dioxide;0.007762557077625571
Orion.HNC.cbc.contsub.image;model_comets_full_expanded_00002_500it;5;4 Acetaldehyde;0.007762557077625571
Orion.HNC.cbc.contsub.image;model_comets_full_expanded_00010_500it;1;15 Carbonyl Sulfide;0.7703196347031963
Orion.HNC.cbc.contsub.image;model_comets_full_expanded_00010_500it;2;22 Thioformaldehyde;0.012328767123287673
Orion.HNC.cbc.contsub.image;model_comets_full_expanded_00010_500it;3;0 Methylidyne;0.007762557077625571
Orion.HNC.cbc.contsub.image;model_comets_full_expanded_00010_500it;4;1 Formaldehyde;0.007762557077625571
Orion.HNC.cbc.contsub.image;model_comets_full_expanded_00010_500it;5;2 Sulfur dioxide;0.007762557077625571
TWHydra_HCOplusline.image;model_comets_tr_500it;1;29 Formylium;0.35974025974025975
TWHydra_HCOplusline.image;model_comets_tr_500it;2;0 Methylidyne;0.02207792207792208
TWHydra_HCOplusline.image;model_comets_tr_500it;3;1 Formaldehyde;0.02207792207792208
TWHydra_HCOplusline.image;model_comets_tr_500it;4;2 Sulfur dioxide;0.02207792207792208
TWHydra_HCOplusline.image;model_comets_tr_500it;5;3 Carbon Monoxide;0.02207792207792208
TWHydra_HCOplusline.image;model_comets_2_500it;1;13 Methyliumylidene;0.35974025974025975
TWHydra_HCOplusline.image;model_comets_2_500it;2;0 Methylidyne;0.02207792207792208
TWHydra_HCOplusline.image;model_comets_2_500it;3;1 Formaldehyde;0.02207792207792208
TWHydra_HCOplusline.image;model_comets_2_500it;4;2 Sulfur dioxide;0.02207792207792208
TWHydra_HCOplusline.image;model_comets_2_500it;5;3 Carbon Monoxide;0.02207792207792208
TWHydra_HCOplusline.image;model_comets_full_500it;1;13 Methyliumylidene;0.35974025974025975
TWHydra_HCOplusline.image;model_comets_full_500it;2;0 Methylidyne;0.02207792207792208
TWHydra_HCOplusline.image;model_comets_full_500it;3;1 Formaldehyde;0.02207792207792208
TWHydra_HCOplusline.image;model_comets_full_500it;4;2 Sulfur dioxide;0.02207792207792208
TWHydra_HCOplusline.image;model_comets_full_500it;5;3 Carbon Monoxide;0.02207792207792208
TWHydra_HCOplusline.image;model_comets_full_expanded_00002_500it;1;29 Formylium;0.35974025974025975
TWHydra_HCOplusline.image;model_comets_full_expanded_00002_500it;2;0 Methylidyne;0.02207792207792208
TWHydra_HCOplusline.image;model_comets_full_expanded_00002_500it;3;1 Formaldehyde;0.02207792207792208
TWHydra_HCOplusline.image;model_comets_full_expanded_00002_500it;4;2 Sulfur dioxide;0.02207792207792208
TWHydra_HCOplusline.image;model_comets_full_expanded_00002_500it;5;3 Carbon Monoxide;0.02207792207792208
TWHydra_HCOplusline.image;model_comets_full_expanded_00010_500it;1;29 Formylium;0.35974025974025975
TWHydra_HCOplusline.image;model_comets_full_expanded_00010_500it;2;0 Methylidyne;0.02207792207792208
TWHydra_HCOplusline.image;model_comets_full_expanded_00010_500it;3;1 Formaldehyde;0.02207792207792208
TWHydra_HCOplusline.image;model_comets_full_expanded_00010_500it;4;2 Sulfur dioxide;0.02207792207792208
TWHydra_HCOplusline.image;model_comets_full_expanded_00010_500it;5;3 Carbon Monoxide;0.02207792207792208
HD163296_CO_2_1.image;model_comets_tr_500it;1;13 Methyliumylidene;0.5598214285714286
HD163296_CO_2_1.image;model_comets_tr_500it;2;0 Methylidyne;0.015178571428571428
HD163296_CO_2_1.image;model_comets_tr_500it;3;1 Formaldehyde;0.015178571428571428
HD163296_CO_2_1.image;model_comets_tr_500it;4;2 Sulfur dioxide;0.015178571428571428
HD163296_CO_2_1.image;model_comets_tr_500it;5;3 Carbon Monoxide;0.015178571428571428
HD163296_CO_2_1.image;model_comets_2_500it;1;29 Formylium;0.5508928571428572
HD163296_CO_2_1.image;model_comets_2_500it;2;3 Carbon Monoxide;0.024107142857142858
HD163296_CO_2_1.image;model_comets_2_500it;3;0 Methylidyne;0.015178571428571428
HD163296_CO_2_1.image;model_comets_2_500it;4;1 Formaldehyde;0.015178571428571428
HD163296_CO_2_1.image;model_comets_2_500it;5;2 Sulfur dioxide;0.015178571428571428
HD163296_CO_2_1.image;model_comets_full_500it;1;13 Methyliumylidene;0.5598214285714286
HD163296_CO_2_1.image;model_comets_full_500it;2;0 Methylidyne;0.015178571428571428
HD163296_CO_2_1.image;model_comets_full_500it;3;1 Formaldehyde;0.015178571428571428
HD163296_CO_2_1.image;model_comets_full_500it;4;2 Sulfur dioxide;0.015178571428571428
HD163296_CO_2_1.image;model_comets_full_500it;5;3 Carbon Monoxide;0.015178571428571428
HD163296_CO_2_1.image;model_comets_full_expanded_00002_500it;1;11 Amidogen;0.5241071428571429
HD163296_CO_2_1.image;model_comets_full_expanded_00002_500it;2;3 Carbon Monoxide;0.05089285714285714
HD163296_CO_2_1.image;model_comets_full_expanded_00002_500it;3;0 Methylidyne;0.015178571428571428
HD163296_CO_2_1.image;model_comets_full_expanded_00002_500it;4;1 Formaldehyde;0.015178571428571428
HD163296_CO_2_1.image;model_comets_full_expanded_00002_500it;5;2 Sulfur dioxide;0.015178571428571428
HD163296_CO_2_1.image;model_comets_full_expanded_00010_500it;1;3 Carbon Monoxide;0.5598214285714286
HD163296_CO_2_1.image;model_comets_full_expanded_00010_500it;2;0 Methylidyne;0.015178571428571428
HD163296_CO_2_1.image;model_comets_full_expanded_00010_500it;3;1 Formaldehyde;0.015178571428571428
HD163296_CO_2_1.image;model_comets_full_expanded_00010_500it;4;2 Sulfur dioxide;0.015178571428571428
HD163296_CO_2_1.image;model_comets_full_expanded_00010_500it;5;4 Acetaldehyde;0.015178571428571428
TWHydra_CO3_2line.image;model_comets_tr_500it;1;13 Methyliumylidene;0.38375
TWHydra_CO3_2line.image;model_comets_tr_500it;2;0 Methylidyne;0.021249999999999998
TWHydra_CO3_2line.image;model_comets_tr_500it;3;1 Formaldehyde;0.021249999999999998
TWHydra_CO3_2line.image;model_comets_tr_500it;4;2 Sulfur dioxide;0.021249999999999998
TWHydra_CO3_2line.image;model_comets_tr_500it;5;3 Carbon Monoxide;0.021249999999999998
TWHydra_CO3_2line.image;model_comets_2_500it;1;13 Methyliumylidene;0.38375
TWHydra_CO3_2line.image;model_comets_2_500it;2;0 Methylidyne;0.021249999999999998
TWHydra_CO3_2line.image;model_comets_2_500it;3;1 Formaldehyde;0.021249999999999998
TWHydra_CO3_2line.image;model_comets_2_500it;4;2 Sulfur dioxide;0.021249999999999998
TWHydra_CO3_2line.image;model_comets_2_500it;5;3 Carbon Monoxide;0.021249999999999998
TWHydra_CO3_2line.image;model_comets_full_500it;1;29 Formylium;0.38375
TWHydra_CO3_2line.image;model_comets_full_500it;2;0 Methylidyne;0.021249999999999998
TWHydra_CO3_2line.image;model_comets_full_500it;3;1 Formaldehyde;0.021249999999999998
TWHydra_CO3_2line.image;model_comets_full_500it;4;2 Sulfur dioxide;0.021249999999999998
TWHydra_CO3_2line.image;model_comets_full_500it;5;3 Carbon Monoxide;0.021249999999999998
TWHydra_CO3_2line.image;model_comets_full_expanded_00002_500it;1;25 Hydrogen Cyanide;0.24625
TWHydra_CO3_2line.image;model_comets_full_expanded_00002_500it;2;3 Carbon Monoxide;0.13374999999999998
TWHydra_CO3_2line.image;model_comets_full_expanded_00002_500it;3;7 Carbon Monoxide Ion;0.03375
TWHydra_CO3_2line.image;model_comets_full_expanded_00002_500it;4;29 Formylium;0.03375
TWHydra_CO3_2line.image;model_comets_full_expanded_00002_500it;5;0 Methylidyne;0.021249999999999998
TWHydra_CO3_2line.image;model_comets_full_expanded_00010_500it;1;3 Carbon Monoxide;0.38375
TWHydra_CO3_2line.image;model_comets_full_expanded_00010_500it;2;0 Methylidyne;0.021249999999999998
TWHydra_CO3_2line.image;model_comets_full_expanded_00010_500it;3;1 Formaldehyde;0.021249999999999998
TWHydra_CO3_2line.image;model_comets_full_expanded_00010_500it;4;2 Sulfur dioxide;0.021249999999999998
TWHydra_CO3_2line.image;model_comets_full_expanded_00010_500it;5;4 Acetaldehyde;0.021249999999999998
Orion.methanol.cbc.contsub.image;model_comets_tr_500it;1;13 Methyliumylidene;0.5477064220183486
Orion.methanol.cbc.contsub.image;model_comets_tr_500it;2;0 Methylidyne;0.015596330275229357
Orion.methanol.cbc.contsub.image;model_comets_tr_500it;3;1 Formaldehyde;0.015596330275229357
Orion.methanol.cbc.contsub.image;model_comets_tr_500it;4;2 Sulfur dioxide;0.015596330275229357
Orion.methanol.cbc.contsub.image;model_comets_tr_500it;5;3 Carbon Monoxide;0.015596330275229357
Orion.methanol.cbc.contsub.image;model_comets_2_500it;1;13 Methyliumylidene;0.5477064220183486
Orion.methanol.cbc.contsub.image;model_comets_2_500it;2;0 Methylidyne;0.015596330275229357
Orion.methanol.cbc.contsub.image;model_comets_2_500it;3;1 Formaldehyde;0.015596330275229357
Orion.methanol.cbc.contsub.image;model_comets_2_500it;4;2 Sulfur dioxide;0.015596330275229357
Orion.methanol.cbc.contsub.image;model_comets_2_500it;5;3 Carbon Monoxide;0.015596330275229357
Orion.methanol.cbc.contsub.image;model_comets_full_500it;1;28 Hydrogen Isocyanide;0.5477064220183486
Orion.methanol.cbc.contsub.image;model_comets_full_500it;2;0 Methylidyne;0.015596330275229357
Orion.methanol.cbc.contsub.image;model_comets_full_500it;3;1 Formaldehyde;0.015596330275229357
Orion.methanol.cbc.contsub.image;model_comets_full_500it;4;2 Sulfur dioxide;0.015596330275229357
Orion.methanol.cbc.contsub.image;model_comets_full_500it;5;3 Carbon Monoxide;0.015596330275229357
Orion.methanol.cbc.contsub.image;model_comets_full_expanded_00002_500it;1;21 Methanol;0.5385321100917432
Orion.methanol.cbc.contsub.image;model_comets_full_expanded_00002_500it;2;20 Sulfur Monoxide ion;0.024770642201834864
Orion.methanol.cbc.contsub.image;model_comets_full_expanded_00002_500it;3;0 Methylidyne;0.015596330275229357
Orion.methanol.cbc.contsub.image;model_comets_full_expanded_00002_500it;4;1 Formaldehyde;0.015596330275229357
Orion.methanol.cbc.contsub.image;model_comets_full_expanded_00002_500it;5;2 Sulfur dioxide;0.015596330275229357
Orion.methanol.cbc.contsub.image;model_comets_full_expanded_00010_500it;1;28 Hydrogen Isocyanide;0.5477064220183486
Orion.methanol.cbc.contsub.image;model_comets_full_expanded_00010_500it;2;0 Methylidyne;0.015596330275229357
Orion.methanol.cbc.contsub.image;model_comets_full_expanded_00010_500it;3;1 Formaldehyde;0.015596330275229357
Orion.methanol.cbc.contsub.image;model_comets_full_expanded_00010_500it;4;2 Sulfur dioxide;0.015596330275229357
Orion.methanol.cbc.contsub.image;model_comets_full_expanded_00010_500it;5;3 Carbon Monoxide;0.015596330275229357
