1;29 Formylium;0.35974025974025975
2;0 Methylidyne;0.02207792207792208
3;1 Formaldehyde;0.02207792207792208
4;2 Sulfur dioxide;0.02207792207792208
5;3 Carbon Monoxide;0.02207792207792208
6;4 Acetaldehyde;0.02207792207792208
7;5 Water;0.02207792207792208
8;6 Imidogen;0.02207792207792208
9;7 Carbon Monoxide Ion;0.02207792207792208
10;8 Nitric sulfide;0.02207792207792208
11;9 Isocyanic Acid;0.02207792207792208
12;10 Formic Acid;0.02207792207792208
13;11 Amidogen;0.02207792207792208
14;12 Ethylene Glycol;0.02207792207792208
15;13 Methyliumylidene;0.02207792207792208
16;14 Cyanide Radical;0.02207792207792208
17;15 Carbonyl Sulfide;0.02207792207792208
18;16 Hydroxyl;0.02207792207792208
19;17 Nitric oxide;0.02207792207792208
20;18 Methyl Cyanide;0.02207792207792208
21;19 Cyclopropenylidene;0.02207792207792208
22;20 Sulfur Monoxide ion;0.02207792207792208
23;21 Methanol;0.02207792207792208
24;22 Thioformaldehyde;0.02207792207792208
25;23 Ammonia;0.02207792207792208
26;24 Cyanoacetylene;0.02207792207792208
27;25 Hydrogen Cyanide;0.02207792207792208
28;26 Hydrogen sulfide;0.02207792207792208
29;27 Molecular oxygen;0.02207792207792208
30;28 Hydrogen Isocyanide;0.02207792207792208
