1;0 Methanol;0.03496503496503497
2;1 Hydrogen fluoride;0.03496503496503497
3;2 Nitric oxide;0.03496503496503497
4;3 Formylium;0.03496503496503497
5;4 Sodium Chloride;0.03496503496503497
6;5 Sulfur dioxide;0.03496503496503497
7;6 para-Oxidaniumyl;0.03496503496503497
8;7 Sulfur Monoxide;0.03496503496503497
9;8 Butatrienylidene;0.03496503496503497
10;9 Carbon Monoxide;0.03496503496503497
11;10 Nitrous Oxide;0.03496503496503497
12;11 Cyanoacetylene;0.03496503496503497
13;12 Carbonyl Sulfide;0.03496503496503497
14;13 Molecular oxygen;0.03496503496503497
15;14 ortho-Oxidaniumyl;0.03496503496503497
16;15 Water;0.03496503496503497
17;16 Iminomethylium;0.03496503496503497
18;17 Hydrochloric acid;0.03496503496503497
19;18 Acetylene;0.03496503496503497
20;19 Hydrogen Cyanide;0.03496503496503497
