1;3 Formylium;0.3115942028985507
2;0 Methanol;0.036231884057971016
3;1 Hydrogen fluoride;0.036231884057971016
4;2 Nitric oxide;0.036231884057971016
5;4 Sodium Chloride;0.036231884057971016
6;5 Sulfur dioxide;0.036231884057971016
7;6 para-Oxidaniumyl;0.036231884057971016
8;7 Sulfur Monoxide;0.036231884057971016
9;8 Butatrienylidene;0.036231884057971016
10;9 Carbon Monoxide;0.036231884057971016
11;10 Nitrous Oxide;0.036231884057971016
12;11 Cyanoacetylene;0.036231884057971016
13;12 Carbonyl Sulfide;0.036231884057971016
14;13 Molecular oxygen;0.036231884057971016
15;14 ortho-Oxidaniumyl;0.036231884057971016
16;15 Water;0.036231884057971016
17;16 Iminomethylium;0.036231884057971016
18;17 Hydrochloric acid;0.036231884057971016
19;18 Acetylene;0.036231884057971016
20;19 Hydrogen Cyanide;0.036231884057971016
