1;3 Formylium;0.1452991452991453
2;0 Methanol;0.042735042735042736
3;1 Hydrogen fluoride;0.042735042735042736
4;2 Nitric oxide;0.042735042735042736
5;4 Sodium Chloride;0.042735042735042736
6;5 Sulfur dioxide;0.042735042735042736
7;6 para-Oxidaniumyl;0.042735042735042736
8;7 Sulfur Monoxide;0.042735042735042736
9;8 Butatrienylidene;0.042735042735042736
10;9 Carbon Monoxide;0.042735042735042736
11;10 Nitrous Oxide;0.042735042735042736
12;11 Cyanoacetylene;0.042735042735042736
13;12 Carbonyl Sulfide;0.042735042735042736
14;13 Molecular oxygen;0.042735042735042736
15;14 ortho-Oxidaniumyl;0.042735042735042736
16;15 Water;0.042735042735042736
17;16 Iminomethylium;0.042735042735042736
18;17 Hydrochloric acid;0.042735042735042736
19;18 Acetylene;0.042735042735042736
20;19 Hydrogen Cyanide;0.042735042735042736
