1;3 Formylium;0.1721311475409836
2;16 Iminomethylium;0.07377049180327869
3;12 Carbonyl Sulfide;0.05737704918032787
4;0 Methanol;0.040983606557377046
5;1 Hydrogen fluoride;0.040983606557377046
6;2 Nitric oxide;0.040983606557377046
7;4 Sodium Chloride;0.040983606557377046
8;5 Sulfur dioxide;0.040983606557377046
9;6 para-Oxidaniumyl;0.040983606557377046
10;7 Sulfur Monoxide;0.040983606557377046
11;8 Butatrienylidene;0.040983606557377046
12;9 Carbon Monoxide;0.040983606557377046
13;10 Nitrous Oxide;0.040983606557377046
14;11 Cyanoacetylene;0.040983606557377046
15;13 Molecular oxygen;0.040983606557377046
16;14 ortho-Oxidaniumyl;0.040983606557377046
17;15 Water;0.040983606557377046
18;17 Hydrochloric acid;0.040983606557377046
19;18 Acetylene;0.040983606557377046
20;19 Hydrogen Cyanide;0.040983606557377046
