1;46 Carbon Monoxide;0.3759124087591241
2;0 Ketene;0.010948905109489052
3;1 1,3,5-Hexatriynyl;0.010948905109489052
4;2 Oxonium hydride;0.010948905109489052
5;3 Vinyl Cyanide;0.010948905109489052
6;4 Hydroxyl;0.010948905109489052
7;5 Methyliumylidene;0.010948905109489052
8;6 Carbon Monosulfide;0.010948905109489052
9;7 Cyanomethyl;0.010948905109489052
10;8 Methyl Acetylene;0.010948905109489052
11;9 Ethyl Cyanide;0.010948905109489052
12;10 2,4-Pentadiynylidyne;0.010948905109489052
13;11 4-Cyano-1,3-Butadiynyl;0.010948905109489052
14;12 Water;0.010948905109489052
15;13 Hydrogen sulfide;0.010948905109489052
16;14 Methylene amidogen;0.010948905109489052
17;15 1,3-Butadiynyl radical;0.010948905109489052
18;16 2,4,6,8-Nonatetraynenitrile;0.010948905109489052
19;17 Formylium;0.010948905109489052
20;18 Cyanoallene;0.010948905109489052
21;19 Trihydrogen ion;0.010948905109489052
22;20 Methylcyanodiacetylene;0.010948905109489052
23;21 2,4,6-Heptatriynenitrile;0.010948905109489052
24;22 Methanol;0.010948905109489052
25;23 Ammonia;0.010948905109489052
26;24 Methyl Cyanide;0.010948905109489052
27;25 1,3,5-Hexatriynyl anion;0.010948905109489052
28;26 1,3,5,7-Octatetraynyl anion;0.010948905109489052
29;27 3-Thioxo-1,2-Propadieylidene;0.010948905109489052
30;28 Cyanobutadiyne;0.010948905109489052
31;29 Nitric sulfide;0.010948905109489052
32;30 Sulfur dioxide;0.010948905109489052
33;31 Hydrochloric acid;0.010948905109489052
34;32 2,4,6,8,10-Undecapentaynenitrile;0.010948905109489052
35;33 Cyanide Radical;0.010948905109489052
36;34 Nitric oxide;0.010948905109489052
37;35 Formaldehyde;0.010948905109489052
38;36 Sulfur Monoxide;0.010948905109489052
39;37 Methyltriacetylene;0.010948905109489052
40;38 Hydrogen Cyanide;0.010948905109489052
41;39 Methyl diacetylene;0.010948905109489052
42;40 Methylidyne;0.010948905109489052
43;41 Thioxoethenylidene;0.010948905109489052
44;42 Silicon Monoxide;0.010948905109489052
45;43 1,3,5,7-Octatetraynyl;0.010948905109489052
46;44 Oxoethenylidene;0.010948905109489052
47;45 Propynylidynium;0.010948905109489052
48;47 Thioformaldehyde;0.010948905109489052
49;48 Hexatrienyl;0.010948905109489052
50;49 Diazenylium;0.010948905109489052
51;50 Hydrogen Isocyanide;0.010948905109489052
52;51 Carbon Monosulfide;0.010948905109489052
53;52 Methylamine;0.010948905109489052
54;53 Formic Acid;0.010948905109489052
55;54 Cyclopropenylidene;0.010948905109489052
56;55 Cyanoacetylene;0.010948905109489052
57;56 para-Oxidaniumyl;0.010948905109489052
58;57 ortho-Oxidaniumyl;0.010948905109489052
