1;12 Carbonyl Sulfide;0.7705314009661836
2;0 Methanol;0.012077294685990338
3;1 Hydrogen fluoride;0.012077294685990338
4;2 Nitric oxide;0.012077294685990338
5;3 Formylium;0.012077294685990338
6;4 Sodium Chloride;0.012077294685990338
7;5 Sulfur dioxide;0.012077294685990338
8;6 para-Oxidaniumyl;0.012077294685990338
9;7 Sulfur Monoxide;0.012077294685990338
10;8 Butatrienylidene;0.012077294685990338
11;9 Carbon Monoxide;0.012077294685990338
12;10 Nitrous Oxide;0.012077294685990338
13;11 Cyanoacetylene;0.012077294685990338
14;13 Molecular oxygen;0.012077294685990338
15;14 ortho-Oxidaniumyl;0.012077294685990338
16;15 Water;0.012077294685990338
17;16 Iminomethylium;0.012077294685990338
18;17 Hydrochloric acid;0.012077294685990338
19;18 Acetylene;0.012077294685990338
20;19 Hydrogen Cyanide;0.012077294685990338
