1;0 Methanol;0.011933174224343675
2;1 Hydrogen fluoride;0.011933174224343675
3;2 Nitric oxide;0.011933174224343675
4;3 Formylium;0.011933174224343675
5;4 Sodium Chloride;0.011933174224343675
6;5 Sulfur dioxide;0.011933174224343675
7;6 para-Oxidaniumyl;0.011933174224343675
8;7 Sulfur Monoxide;0.011933174224343675
9;8 Butatrienylidene;0.011933174224343675
10;9 Carbon Monoxide;0.011933174224343675
11;10 Nitrous Oxide;0.011933174224343675
12;11 Cyanoacetylene;0.011933174224343675
13;12 Carbonyl Sulfide;0.011933174224343675
14;13 Molecular oxygen;0.011933174224343675
15;14 ortho-Oxidaniumyl;0.011933174224343675
16;15 Water;0.011933174224343675
17;16 Iminomethylium;0.011933174224343675
18;17 Hydrochloric acid;0.011933174224343675
19;18 Acetylene;0.011933174224343675
20;19 Hydrogen Cyanide;0.011933174224343675
