1;19 Hydrogen Cyanide;0.5049019607843137
2;3 Formylium;0.04411764705882353
3;7 Sulfur Monoxide;0.03431372549019608
4;0 Methanol;0.024509803921568627
5;1 Hydrogen fluoride;0.024509803921568627
6;2 Nitric oxide;0.024509803921568627
7;4 Sodium Chloride;0.024509803921568627
8;5 Sulfur dioxide;0.024509803921568627
9;6 para-Oxidaniumyl;0.024509803921568627
10;8 Butatrienylidene;0.024509803921568627
11;9 Carbon Monoxide;0.024509803921568627
12;10 Nitrous Oxide;0.024509803921568627
13;11 Cyanoacetylene;0.024509803921568627
14;12 Carbonyl Sulfide;0.024509803921568627
15;13 Molecular oxygen;0.024509803921568627
16;14 ortho-Oxidaniumyl;0.024509803921568627
17;15 Water;0.024509803921568627
18;16 Iminomethylium;0.024509803921568627
19;17 Hydrochloric acid;0.024509803921568627
20;18 Acetylene;0.024509803921568627
