1;3 Formylium;0.5245098039215687
2;7 Sulfur Monoxide;0.03431372549019608
3;0 Methanol;0.024509803921568627
4;1 Hydrogen fluoride;0.024509803921568627
5;2 Nitric oxide;0.024509803921568627
6;4 Sodium Chloride;0.024509803921568627
7;5 Sulfur dioxide;0.024509803921568627
8;6 para-Oxidaniumyl;0.024509803921568627
9;8 Butatrienylidene;0.024509803921568627
10;9 Carbon Monoxide;0.024509803921568627
11;10 Nitrous Oxide;0.024509803921568627
12;11 Cyanoacetylene;0.024509803921568627
13;12 Carbonyl Sulfide;0.024509803921568627
14;13 Molecular oxygen;0.024509803921568627
15;14 ortho-Oxidaniumyl;0.024509803921568627
16;15 Water;0.024509803921568627
17;16 Iminomethylium;0.024509803921568627
18;17 Hydrochloric acid;0.024509803921568627
19;18 Acetylene;0.024509803921568627
20;19 Hydrogen Cyanide;0.024509803921568627
