1;36 Sulfur Monoxide;0.46741344195519346
2;16 2,4,6,8-Nonatetraynenitrile;0.019348268839103868
3;0 Ketene;0.009164969450101833
4;1 1,3,5-Hexatriynyl;0.009164969450101833
5;2 Oxonium hydride;0.009164969450101833
6;3 Vinyl Cyanide;0.009164969450101833
7;4 Hydroxyl;0.009164969450101833
8;5 Methyliumylidene;0.009164969450101833
9;6 Carbon Monosulfide;0.009164969450101833
10;7 Cyanomethyl;0.009164969450101833
11;8 Methyl Acetylene;0.009164969450101833
12;9 Ethyl Cyanide;0.009164969450101833
13;10 2,4-Pentadiynylidyne;0.009164969450101833
14;11 4-Cyano-1,3-Butadiynyl;0.009164969450101833
15;12 Water;0.009164969450101833
16;13 Hydrogen sulfide;0.009164969450101833
17;14 Methylene amidogen;0.009164969450101833
18;15 1,3-Butadiynyl radical;0.009164969450101833
19;17 Formylium;0.009164969450101833
20;18 Cyanoallene;0.009164969450101833
21;19 Trihydrogen ion;0.009164969450101833
22;20 Methylcyanodiacetylene;0.009164969450101833
23;21 2,4,6-Heptatriynenitrile;0.009164969450101833
24;22 Methanol;0.009164969450101833
25;23 Ammonia;0.009164969450101833
26;24 Methyl Cyanide;0.009164969450101833
27;25 1,3,5-Hexatriynyl anion;0.009164969450101833
28;26 1,3,5,7-Octatetraynyl anion;0.009164969450101833
29;27 3-Thioxo-1,2-Propadieylidene;0.009164969450101833
30;28 Cyanobutadiyne;0.009164969450101833
31;29 Nitric sulfide;0.009164969450101833
32;30 Sulfur dioxide;0.009164969450101833
33;31 Hydrochloric acid;0.009164969450101833
34;32 2,4,6,8,10-Undecapentaynenitrile;0.009164969450101833
35;33 Cyanide Radical;0.009164969450101833
36;34 Nitric oxide;0.009164969450101833
37;35 Formaldehyde;0.009164969450101833
38;37 Methyltriacetylene;0.009164969450101833
39;38 Hydrogen Cyanide;0.009164969450101833
40;39 Methyl diacetylene;0.009164969450101833
41;40 Methylidyne;0.009164969450101833
42;41 Thioxoethenylidene;0.009164969450101833
43;42 Silicon Monoxide;0.009164969450101833
44;43 1,3,5,7-Octatetraynyl;0.009164969450101833
45;44 Oxoethenylidene;0.009164969450101833
46;45 Propynylidynium;0.009164969450101833
47;46 Carbon Monoxide;0.009164969450101833
48;47 Thioformaldehyde;0.009164969450101833
49;48 Hexatrienyl;0.009164969450101833
50;49 Diazenylium;0.009164969450101833
51;50 Hydrogen Isocyanide;0.009164969450101833
52;51 Carbon Monosulfide;0.009164969450101833
53;52 Methylamine;0.009164969450101833
54;53 Formic Acid;0.009164969450101833
55;54 Cyclopropenylidene;0.009164969450101833
56;55 Cyanoacetylene;0.009164969450101833
57;56 para-Oxidaniumyl;0.009164969450101833
58;57 ortho-Oxidaniumyl;0.009164969450101833
