TWHydra_HCOplusline.image;model_dark_clouds_tr_500it;1;5 Methyliumylidene;0.28947368421052627
TWHydra_HCOplusline.image;model_dark_clouds_tr_500it;2;0 Ketene;0.012465373961218837
TWHydra_HCOplusline.image;model_dark_clouds_tr_500it;3;1 1,3,5-Hexatriynyl;0.012465373961218837
TWHydra_HCOplusline.image;model_dark_clouds_tr_500it;4;2 Oxonium hydride;0.012465373961218837
TWHydra_HCOplusline.image;model_dark_clouds_tr_500it;5;3 Vinyl Cyanide;0.012465373961218837
Orion.HNC.cbc.contsub.image;model_dark_clouds_tr_500it;1;5 Methyliumylidene;0.7184412733260155
Orion.HNC.cbc.contsub.image;model_dark_clouds_tr_500it;2;0 Ketene;0.004939626783754117
Orion.HNC.cbc.contsub.image;model_dark_clouds_tr_500it;3;1 1,3,5-Hexatriynyl;0.004939626783754117
Orion.HNC.cbc.contsub.image;model_dark_clouds_tr_500it;4;2 Oxonium hydride;0.004939626783754117
Orion.HNC.cbc.contsub.image;model_dark_clouds_tr_500it;5;3 Vinyl Cyanide;0.004939626783754117
TWHydra_CO3_2line.image;model_dark_clouds_tr_500it;1;50 Hydrogen Isocyanide;0.30052493438320205
TWHydra_CO3_2line.image;model_dark_clouds_tr_500it;2;39 Methyl diacetylene;0.03805774278215223
TWHydra_CO3_2line.image;model_dark_clouds_tr_500it;3;0 Ketene;0.011811023622047244
TWHydra_CO3_2line.image;model_dark_clouds_tr_500it;4;1 1,3,5-Hexatriynyl;0.011811023622047244
TWHydra_CO3_2line.image;model_dark_clouds_tr_500it;5;2 Oxonium hydride;0.011811023622047244
uid___A002_Xa916fc_X668__IRS43_HCO32.final.image.pbcor;model_dark_clouds_tr_500it;1;5 Methyliumylidene;0.8020833333333334
uid___A002_Xa916fc_X668__IRS43_HCO32.final.image.pbcor;model_dark_clouds_tr_500it;2;0 Ketene;0.0034722222222222225
uid___A002_Xa916fc_X668__IRS43_HCO32.final.image.pbcor;model_dark_clouds_tr_500it;3;1 1,3,5-Hexatriynyl;0.0034722222222222225
uid___A002_Xa916fc_X668__IRS43_HCO32.final.image.pbcor;model_dark_clouds_tr_500it;4;2 Oxonium hydride;0.0034722222222222225
uid___A002_Xa916fc_X668__IRS43_HCO32.final.image.pbcor;model_dark_clouds_tr_500it;5;3 Vinyl Cyanide;0.0034722222222222225
Orion.methanol.cbc.contsub.image;model_dark_clouds_tr_500it;1;48 Hexatrienyl;0.49308300395256915
Orion.methanol.cbc.contsub.image;model_dark_clouds_tr_500it;2;0 Ketene;0.008893280632411068
Orion.methanol.cbc.contsub.image;model_dark_clouds_tr_500it;3;1 1,3,5-Hexatriynyl;0.008893280632411068
Orion.methanol.cbc.contsub.image;model_dark_clouds_tr_500it;4;2 Oxonium hydride;0.008893280632411068
Orion.methanol.cbc.contsub.image;model_dark_clouds_tr_500it;5;3 Vinyl Cyanide;0.008893280632411068
HD163296_CO_2_1.image;model_dark_clouds_tr_500it;1;42 Silicon Monoxide;0.4775967413441955
HD163296_CO_2_1.image;model_dark_clouds_tr_500it;2;0 Ketene;0.009164969450101833
HD163296_CO_2_1.image;model_dark_clouds_tr_500it;3;1 1,3,5-Hexatriynyl;0.009164969450101833
HD163296_CO_2_1.image;model_dark_clouds_tr_500it;4;2 Oxonium hydride;0.009164969450101833
HD163296_CO_2_1.image;model_dark_clouds_tr_500it;5;3 Vinyl Cyanide;0.009164969450101833
DMTau.CS_5-4.image;model_dark_clouds_tr_500it;1;48 Hexatrienyl;0.7981904012588513
DMTau.CS_5-4.image;model_dark_clouds_tr_500it;2;0 Ketene;0.003540519276160504
DMTau.CS_5-4.image;model_dark_clouds_tr_500it;3;1 1,3,5-Hexatriynyl;0.003540519276160504
DMTau.CS_5-4.image;model_dark_clouds_tr_500it;4;2 Oxonium hydride;0.003540519276160504
DMTau.CS_5-4.image;model_dark_clouds_tr_500it;5;3 Vinyl Cyanide;0.003540519276160504
