¡MATCH! Model[model_hot_cores_full_500it] FITS[../../FITS/Orion.HNC.cbc.contsub.image.fits]: 0.14101382488479264
¡MATCH! Model[model_hot_cores_full_500it] FITS[../../FITS/TWHydra_HCOplusline.image.fits]: 0.23783783783783785
¡MATCH! Model[model_hot_cores_full_expanded_00002_500it] FITS[../../FITS/TWHydra_CO3_2line.image.fits]: 0.3368421052631579
¡MATCH! Model[model_hot_cores_full_expanded_00002_500it] FITS[../../FITS/TWHydra_HCOplusline.image.fits]: 0.17027027027027025
¡MATCH! Model[model_hot_cores_full_expanded_00010_500it] FITS[../../FITS/uid___A002_Xa916fc_X668__IRS43_HCO32.final.image.pbcor.fits]: 0.3343283582089552
¡MATCH! Model[model_hot_cores_full_expanded_00010_500it] FITS[../../FITS/TWHydra_CO3_2line.image.fits]: 0.3368421052631579
¡MATCH! Model[model_hot_cores_full_expanded_00010_500it] FITS[../../FITS/TWHydra_HCOplusline.image.fits]: 0.2513513513513514
¡MATCH! Model[model_dark_clouds_2_500it] FITS[../../FITS/TWHydra_HCOplusline.image.fits]: 0.3178191489361702
¡MATCH! Model[model_dark_clouds_full_expanded_00002_500it] FITS[../../FITS/HD163296_CO_2_1.image.fits]: 0.4341825902335456
¡MATCH! Model[model_dark_clouds_full_expanded_00002_500it] FITS[../../FITS/Orion.HNC.cbc.contsub.image.fits]: 0.7648945921173236
¡MATCH! Model[model_dark_clouds_full_expanded_00002_500it] FITS[../../FITS/TWHydra_CO3_2line.image.fits]: 0.3225388601036269
¡MATCH! Model[model_dark_clouds_full_expanded_00002_500it] FITS[../../FITS/TWHydra_HCOplusline.image.fits]: 0.3178191489361702
¡MATCH! Model[model_dark_clouds_full_expanded_00010_500it] FITS[../../FITS/HD163296_CO_2_1.image.fits]: 0.45541401273885346
¡MATCH! Model[model_dark_clouds_full_expanded_00010_500it] FITS[../../FITS/TWHydra_CO3_2line.image.fits]: 0.3354922279792746
¡MATCH! Model[model_dark_clouds_full_expanded_00010_500it] FITS[../../FITS/TWHydra_HCOplusline.image.fits]: 0.3178191489361702
¡MATCH! Model[model_diffuse_clouds_tr_500it] FITS[../../FITS/uid___A002_Xa916fc_X668__IRS43_HCO32.final.image.pbcor.fits]: 0.8193717277486912
¡MATCH! Model[model_diffuse_clouds_tr_500it] FITS[../../FITS/TWHydra_HCOplusline.image.fits]: 0.3419618528610354
¡MATCH! Model[model_diffuse_clouds_2_500it] FITS[../../FITS/TWHydra_HCOplusline.image.fits]: 0.3419618528610354
¡MATCH! Model[model_diffuse_clouds_full_500it] FITS[../../FITS/TWHydra_HCOplusline.image.fits]: 0.3419618528610354
¡MATCH! Model[model_diffuse_clouds_full_expanded_00002_500it] FITS[../../FITS/HD163296_CO_2_1.image.fits]: 0.03354978354978355
¡MATCH! Model[model_diffuse_clouds_full_expanded_00002_500it] FITS[../../FITS/uid___A002_Xa916fc_X668__IRS43_HCO32.final.image.pbcor.fits]: 0.8193717277486912
¡MATCH! Model[model_diffuse_clouds_full_expanded_00002_500it] FITS[../../FITS/TWHydra_CO3_2line.image.fits]: 0.3594164456233422
¡MATCH! Model[model_diffuse_clouds_full_expanded_00002_500it] FITS[../../FITS/TWHydra_HCOplusline.image.fits]: 0.32833787465940056
¡MATCH! Model[model_diffuse_clouds_full_expanded_00010_500it] FITS[../../FITS/DMTau.CS_5-4.image.fits]: 0.8730283911671926
¡MATCH! Model[model_diffuse_clouds_full_expanded_00010_500it] FITS[../../FITS/HD163296_CO_2_1.image.fits]: 0.47727272727272724
¡MATCH! Model[model_diffuse_clouds_full_expanded_00010_500it] FITS[../../FITS/TWHydra_CO3_2line.image.fits]: 0.34615384615384615
¡MATCH! Model[model_diffuse_clouds_full_expanded_00010_500it] FITS[../../FITS/TWHydra_HCOplusline.image.fits]: 0.3010899182561308
¡MATCH! Model[model_comets_tr_500it] FITS[../../FITS/HD163296_CO_2_1.image.fits]: 0.01827956989247312
¡MATCH! Model[model_comets_tr_500it] FITS[../../FITS/TWHydra_HCOplusline.image.fits]: 0.33378378378378376
¡MATCH! Model[model_comets_2_500it] FITS[../../FITS/HD163296_CO_2_1.image.fits]: 0.01827956989247312
¡MATCH! Model[model_comets_2_500it] FITS[../../FITS/TWHydra_CO3_2line.image.fits]: 0.3513157894736842
¡MATCH! Model[model_comets_2_500it] FITS[../../FITS/TWHydra_HCOplusline.image.fits]: 0.33378378378378376
¡MATCH! Model[model_comets_full_500it] FITS[../../FITS/HD163296_CO_2_1.image.fits]: 0.01827956989247312
¡MATCH! Model[model_comets_full_500it] FITS[../../FITS/TWHydra_CO3_2line.image.fits]: 0.02236842105263158
¡MATCH! Model[model_comets_full_500it] FITS[../../FITS/TWHydra_HCOplusline.image.fits]: 0.03648648648648649
¡MATCH! Model[model_comets_full_expanded_00002_500it] FITS[../../FITS/HD163296_CO_2_1.image.fits]: 0.01827956989247312
¡MATCH! Model[model_comets_full_expanded_00002_500it] FITS[../../FITS/TWHydra_CO3_2line.image.fits]: 0.3513157894736842
¡MATCH! Model[model_comets_full_expanded_00002_500it] FITS[../../FITS/TWHydra_HCOplusline.image.fits]: 0.33378378378378376
¡MATCH! Model[model_comets_full_expanded_00010_500it] FITS[../../FITS/HD163296_CO_2_1.image.fits]: 0.01827956989247312
¡MATCH! Model[model_comets_full_expanded_00010_500it] FITS[../../FITS/uid___A002_Xa916fc_X668__IRS43_HCO32.final.image.pbcor.fits]: 0.8123134328358208
¡MATCH! Model[model_comets_full_expanded_00010_500it] FITS[../../FITS/TWHydra_CO3_2line.image.fits]: 0.3381578947368421
¡MATCH! Model[model_comets_full_expanded_00010_500it] FITS[../../FITS/TWHydra_HCOplusline.image.fits]: 0.33378378378378376
¡MATCH! Model[model_extragalactic_tr_500it] FITS[../../FITS/TWHydra_HCOplusline.image.fits]: 0.04632152588555858
¡MATCH! Model[model_extragalactic_full_500it] FITS[../../FITS/Orion.HNC.cbc.contsub.image.fits]: 0.6811460258780037
¡MATCH! Model[model_extragalactic_full_expanded_00002_500it] FITS[../../FITS/Orion.HNC.cbc.contsub.image.fits]: 0.7735674676524954
¡MATCH! Model[model_extragalactic_full_expanded_00002_500it] FITS[../../FITS/TWHydra_CO3_2line.image.fits]: 0.3501326259946949
¡MATCH! Model[model_extragalactic_full_expanded_00002_500it] FITS[../../FITS/TWHydra_HCOplusline.image.fits]: 0.332425068119891
¡MATCH! Model[model_extragalactic_full_expanded_00010_500it] FITS[../../FITS/HD163296_CO_2_1.image.fits]: 0.46969696969696967
¡MATCH! Model[model_extragalactic_full_expanded_00010_500it] FITS[../../FITS/TWHydra_CO3_2line.image.fits]: 0.3501326259946949
¡MATCH! Model[model_extragalactic_full_expanded_00010_500it] FITS[../../FITS/TWHydra_HCOplusline.image.fits]: 0.332425068119891
¡MATCH! Model[model_planetary_tr_500it] FITS[../../FITS/uid___A002_Xa916fc_X668__IRS43_HCO32.final.image.pbcor.fits]: 0.00927643784786642
¡MATCH! Model[model_planetary_tr_500it] FITS[../../FITS/Orion.methanol.cbc.contsub.image.fits]: 0.0205761316872428
¡MATCH! Model[model_planetary_tr_500it] FITS[../../FITS/TWHydra_HCOplusline.image.fits]: 0.033112582781456956
¡MATCH! Model[model_planetary_2_500it] FITS[../../FITS/uid___A002_Xa916fc_X668__IRS43_HCO32.final.image.pbcor.fits]: 0.00927643784786642
¡MATCH! Model[model_planetary_2_500it] FITS[../../FITS/Orion.methanol.cbc.contsub.image.fits]: 0.0205761316872428
¡MATCH! Model[model_planetary_2_500it] FITS[../../FITS/TWHydra_HCOplusline.image.fits]: 0.033112582781456956
¡MATCH! Model[model_planetary_full_500it] FITS[../../FITS/uid___A002_Xa916fc_X668__IRS43_HCO32.final.image.pbcor.fits]: 0.00927643784786642
¡MATCH! Model[model_planetary_full_500it] FITS[../../FITS/Orion.methanol.cbc.contsub.image.fits]: 0.0205761316872428
¡MATCH! Model[model_planetary_full_500it] FITS[../../FITS/TWHydra_HCOplusline.image.fits]: 0.033112582781456956
¡MATCH! Model[model_planetary_full_expanded_00002_500it] FITS[../../FITS/HD163296_CO_2_1.image.fits]: 0.483695652173913
¡MATCH! Model[model_planetary_full_expanded_00002_500it] FITS[../../FITS/uid___A002_Xa916fc_X668__IRS43_HCO32.final.image.pbcor.fits]: 0.009363295880149813
¡MATCH! Model[model_planetary_full_expanded_00002_500it] FITS[../../FITS/Orion.methanol.cbc.contsub.image.fits]: 0.02100840336134454
¡MATCH! Model[model_planetary_full_expanded_00002_500it] FITS[../../FITS/TWHydra_CO3_2line.image.fits]: 0.36666666666666664
¡MATCH! Model[model_planetary_full_expanded_00002_500it] FITS[../../FITS/TWHydra_HCOplusline.image.fits]: 0.3493150684931507
¡MATCH! Model[model_planetary_full_expanded_00010_500it] FITS[../../FITS/uid___A002_Xa916fc_X668__IRS43_HCO32.final.image.pbcor.fits]: 0.8220973782771536
¡MATCH! Model[model_planetary_full_expanded_00010_500it] FITS[../../FITS/Orion.methanol.cbc.contsub.image.fits]: 0.02100840336134454
¡MATCH! Model[model_planetary_full_expanded_00010_500it] FITS[../../FITS/TWHydra_CO3_2line.image.fits]: 0.35333333333333333
¡MATCH! Model[model_planetary_full_expanded_00010_500it] FITS[../../FITS/TWHydra_HCOplusline.image.fits]: 0.3493150684931507
