1;16 Silicon Monoxide;0.7407084785133566
2;11 Methyliumylidene;0.1251451800232288
3;0 Methylidyne;0.006097560975609757
4;1 Butyronitrile;0.006097560975609757
5;2 Formaldehyde;0.006097560975609757
6;3 Sulfur dioxide;0.006097560975609757
7;4 Carbon Monoxide;0.006097560975609757
8;5 Water;0.006097560975609757
9;6 Chloronium;0.006097560975609757
10;7 Imidogen;0.006097560975609757
11;8 Thioformylium;0.006097560975609757
12;9 Mercapto radical;0.006097560975609757
13;10 Methyl formate vt01;0.006097560975609757
14;12 Cyanide Radical;0.006097560975609757
15;13 Hydroxyl;0.006097560975609757
16;14 Nitric oxide;0.006097560975609757
17;15 Cyclopropenylidene;0.006097560975609757
18;17 Hydrogen Cyanide;0.006097560975609757
19;18 Carbon Monosulfide;0.006097560975609757
20;19 Hydrogen sulfide;0.006097560975609757
21;20 Molecular oxygen;0.006097560975609757
22;21 Hydrogen Isocyanide;0.006097560975609757
23;22 Formylium;0.006097560975609757
24;23 Sulfoniumylidene;0.006097560975609757
