1;11 Methyliumylidene;0.6826364692218351
2;21 Hydrogen Isocyanide;0.09030197444831592
3;16 Silicon Monoxide;0.0815911730545877
4;8 Thioformylium;0.023519163763066203
5;0 Methylidyne;0.006097560975609757
6;1 Butyronitrile;0.006097560975609757
7;2 Formaldehyde;0.006097560975609757
8;3 Sulfur dioxide;0.006097560975609757
9;4 Carbon Monoxide;0.006097560975609757
10;5 Water;0.006097560975609757
11;6 Chloronium;0.006097560975609757
12;7 Imidogen;0.006097560975609757
13;9 Mercapto radical;0.006097560975609757
14;10 Methyl formate vt01;0.006097560975609757
15;12 Cyanide Radical;0.006097560975609757
16;13 Hydroxyl;0.006097560975609757
17;14 Nitric oxide;0.006097560975609757
18;15 Cyclopropenylidene;0.006097560975609757
19;17 Hydrogen Cyanide;0.006097560975609757
20;18 Carbon Monosulfide;0.006097560975609757
21;19 Hydrogen sulfide;0.006097560975609757
22;20 Molecular oxygen;0.006097560975609757
23;22 Formylium;0.006097560975609757
24;23 Sulfoniumylidene;0.006097560975609757
