HD163296_CO_2_1.image;model_diffuse_clouds_tr_500it;1;11 Methyliumylidene;0.8568524970963997
HD163296_CO_2_1.image;model_diffuse_clouds_tr_500it;2;10 Methyl formate vt01;0.009001161440185831
HD163296_CO_2_1.image;model_diffuse_clouds_tr_500it;3;0 Methylidyne;0.006097560975609757
HD163296_CO_2_1.image;model_diffuse_clouds_tr_500it;4;1 Butyronitrile;0.006097560975609757
HD163296_CO_2_1.image;model_diffuse_clouds_tr_500it;5;2 Formaldehyde;0.006097560975609757
HD163296_CO_2_1.image;model_diffuse_clouds_2_500it;1;16 Silicon Monoxide;0.7407084785133566
HD163296_CO_2_1.image;model_diffuse_clouds_2_500it;2;11 Methyliumylidene;0.1251451800232288
HD163296_CO_2_1.image;model_diffuse_clouds_2_500it;3;0 Methylidyne;0.006097560975609757
HD163296_CO_2_1.image;model_diffuse_clouds_2_500it;4;1 Butyronitrile;0.006097560975609757
HD163296_CO_2_1.image;model_diffuse_clouds_2_500it;5;2 Formaldehyde;0.006097560975609757
HD163296_CO_2_1.image;model_diffuse_clouds_full_500it;1;11 Methyliumylidene;0.6826364692218351
HD163296_CO_2_1.image;model_diffuse_clouds_full_500it;2;21 Hydrogen Isocyanide;0.09030197444831592
HD163296_CO_2_1.image;model_diffuse_clouds_full_500it;3;16 Silicon Monoxide;0.0815911730545877
HD163296_CO_2_1.image;model_diffuse_clouds_full_500it;4;8 Thioformylium;0.023519163763066203
HD163296_CO_2_1.image;model_diffuse_clouds_full_500it;5;0 Methylidyne;0.006097560975609757
HD163296_CO_2_1.image;model_diffuse_clouds_full_expanded_00002_500it;1;11 Methyliumylidene;0.8597560975609757
HD163296_CO_2_1.image;model_diffuse_clouds_full_expanded_00002_500it;2;0 Methylidyne;0.006097560975609757
HD163296_CO_2_1.image;model_diffuse_clouds_full_expanded_00002_500it;3;1 Butyronitrile;0.006097560975609757
HD163296_CO_2_1.image;model_diffuse_clouds_full_expanded_00002_500it;4;2 Formaldehyde;0.006097560975609757
HD163296_CO_2_1.image;model_diffuse_clouds_full_expanded_00002_500it;5;3 Sulfur dioxide;0.006097560975609757
HD163296_CO_2_1.image;model_diffuse_clouds_full_expanded_00010_500it;1;11 Methyliumylidene;0.8597560975609757
HD163296_CO_2_1.image;model_diffuse_clouds_full_expanded_00010_500it;2;0 Methylidyne;0.006097560975609757
HD163296_CO_2_1.image;model_diffuse_clouds_full_expanded_00010_500it;3;1 Butyronitrile;0.006097560975609757
HD163296_CO_2_1.image;model_diffuse_clouds_full_expanded_00010_500it;4;2 Formaldehyde;0.006097560975609757
HD163296_CO_2_1.image;model_diffuse_clouds_full_expanded_00010_500it;5;3 Sulfur dioxide;0.006097560975609757
TWHydra_CO3_2line.image;model_diffuse_clouds_tr_500it;1;11 Methyliumylidene;0.7463235294117646
TWHydra_CO3_2line.image;model_diffuse_clouds_tr_500it;2;0 Methylidyne;0.011029411764705883
TWHydra_CO3_2line.image;model_diffuse_clouds_tr_500it;3;1 Butyronitrile;0.011029411764705883
TWHydra_CO3_2line.image;model_diffuse_clouds_tr_500it;4;2 Formaldehyde;0.011029411764705883
TWHydra_CO3_2line.image;model_diffuse_clouds_tr_500it;5;3 Sulfur dioxide;0.011029411764705883
TWHydra_CO3_2line.image;model_diffuse_clouds_2_500it;1;11 Methyliumylidene;0.7463235294117646
TWHydra_CO3_2line.image;model_diffuse_clouds_2_500it;2;0 Methylidyne;0.011029411764705883
TWHydra_CO3_2line.image;model_diffuse_clouds_2_500it;3;1 Butyronitrile;0.011029411764705883
TWHydra_CO3_2line.image;model_diffuse_clouds_2_500it;4;2 Formaldehyde;0.011029411764705883
TWHydra_CO3_2line.image;model_diffuse_clouds_2_500it;5;3 Sulfur dioxide;0.011029411764705883
TWHydra_CO3_2line.image;model_diffuse_clouds_full_500it;1;11 Methyliumylidene;0.5572478991596638
TWHydra_CO3_2line.image;model_diffuse_clouds_full_500it;2;16 Silicon Monoxide;0.20010504201680673
TWHydra_CO3_2line.image;model_diffuse_clouds_full_500it;3;0 Methylidyne;0.011029411764705883
TWHydra_CO3_2line.image;model_diffuse_clouds_full_500it;4;1 Butyronitrile;0.011029411764705883
TWHydra_CO3_2line.image;model_diffuse_clouds_full_500it;5;2 Formaldehyde;0.011029411764705883
TWHydra_CO3_2line.image;model_diffuse_clouds_full_expanded_00002_500it;1;4 Carbon Monoxide;0.7410714285714285
TWHydra_CO3_2line.image;model_diffuse_clouds_full_expanded_00002_500it;2;17 Hydrogen Cyanide;0.016281512605042018
TWHydra_CO3_2line.image;model_diffuse_clouds_full_expanded_00002_500it;3;0 Methylidyne;0.011029411764705883
TWHydra_CO3_2line.image;model_diffuse_clouds_full_expanded_00002_500it;4;1 Butyronitrile;0.011029411764705883
TWHydra_CO3_2line.image;model_diffuse_clouds_full_expanded_00002_500it;5;2 Formaldehyde;0.011029411764705883
TWHydra_CO3_2line.image;model_diffuse_clouds_full_expanded_00010_500it;1;23 Sulfoniumylidene;0.7253151260504201
TWHydra_CO3_2line.image;model_diffuse_clouds_full_expanded_00010_500it;2;10 Methyl formate vt01;0.021533613445378148
TWHydra_CO3_2line.image;model_diffuse_clouds_full_expanded_00010_500it;3;8 Thioformylium;0.016281512605042018
TWHydra_CO3_2line.image;model_diffuse_clouds_full_expanded_00010_500it;4;21 Hydrogen Isocyanide;0.016281512605042018
TWHydra_CO3_2line.image;model_diffuse_clouds_full_expanded_00010_500it;5;0 Methylidyne;0.011029411764705883
TWHydra_HCOplusline.image;model_diffuse_clouds_tr_500it;1;11 Methyliumylidene;0.7422625400213446
TWHydra_HCOplusline.image;model_diffuse_clouds_tr_500it;2;0 Methylidyne;0.011205976520811099
TWHydra_HCOplusline.image;model_diffuse_clouds_tr_500it;3;1 Butyronitrile;0.011205976520811099
TWHydra_HCOplusline.image;model_diffuse_clouds_tr_500it;4;2 Formaldehyde;0.011205976520811099
TWHydra_HCOplusline.image;model_diffuse_clouds_tr_500it;5;3 Sulfur dioxide;0.011205976520811099
TWHydra_HCOplusline.image;model_diffuse_clouds_2_500it;1;11 Methyliumylidene;0.7422625400213446
TWHydra_HCOplusline.image;model_diffuse_clouds_2_500it;2;0 Methylidyne;0.011205976520811099
TWHydra_HCOplusline.image;model_diffuse_clouds_2_500it;3;1 Butyronitrile;0.011205976520811099
TWHydra_HCOplusline.image;model_diffuse_clouds_2_500it;4;2 Formaldehyde;0.011205976520811099
TWHydra_HCOplusline.image;model_diffuse_clouds_2_500it;5;3 Sulfur dioxide;0.011205976520811099
TWHydra_HCOplusline.image;model_diffuse_clouds_full_500it;1;11 Methyliumylidene;0.53948772678762
TWHydra_HCOplusline.image;model_diffuse_clouds_full_500it;2;17 Hydrogen Cyanide;0.21398078975453574
TWHydra_HCOplusline.image;model_diffuse_clouds_full_500it;3;0 Methylidyne;0.011205976520811099
TWHydra_HCOplusline.image;model_diffuse_clouds_full_500it;4;1 Butyronitrile;0.011205976520811099
TWHydra_HCOplusline.image;model_diffuse_clouds_full_500it;5;2 Formaldehyde;0.011205976520811099
TWHydra_HCOplusline.image;model_diffuse_clouds_full_expanded_00002_500it;1;11 Methyliumylidene;0.731590181430096
TWHydra_HCOplusline.image;model_diffuse_clouds_full_expanded_00002_500it;2;0 Methylidyne;0.016542155816435433
TWHydra_HCOplusline.image;model_diffuse_clouds_full_expanded_00002_500it;3;22 Formylium;0.016542155816435433
TWHydra_HCOplusline.image;model_diffuse_clouds_full_expanded_00002_500it;4;1 Butyronitrile;0.011205976520811099
TWHydra_HCOplusline.image;model_diffuse_clouds_full_expanded_00002_500it;5;2 Formaldehyde;0.011205976520811099
TWHydra_HCOplusline.image;model_diffuse_clouds_full_expanded_00010_500it;1;21 Hydrogen Isocyanide;0.7262540021344717
TWHydra_HCOplusline.image;model_diffuse_clouds_full_expanded_00010_500it;2;10 Methyl formate vt01;0.016542155816435433
TWHydra_HCOplusline.image;model_diffuse_clouds_full_expanded_00010_500it;3;18 Carbon Monosulfide;0.016542155816435433
TWHydra_HCOplusline.image;model_diffuse_clouds_full_expanded_00010_500it;4;20 Molecular oxygen;0.016542155816435433
TWHydra_HCOplusline.image;model_diffuse_clouds_full_expanded_00010_500it;5;0 Methylidyne;0.011205976520811099
Orion.HNC.cbc.contsub.image;model_diffuse_clouds_tr_500it;1;11 Methyliumylidene;0.8375924680564896
Orion.HNC.cbc.contsub.image;model_diffuse_clouds_tr_500it;2;0 Methylidyne;0.007061197041022193
Orion.HNC.cbc.contsub.image;model_diffuse_clouds_tr_500it;3;1 Butyronitrile;0.007061197041022193
Orion.HNC.cbc.contsub.image;model_diffuse_clouds_tr_500it;4;2 Formaldehyde;0.007061197041022193
Orion.HNC.cbc.contsub.image;model_diffuse_clouds_tr_500it;5;3 Sulfur dioxide;0.007061197041022193
Orion.HNC.cbc.contsub.image;model_diffuse_clouds_2_500it;1;17 Hydrogen Cyanide;0.8375924680564896
Orion.HNC.cbc.contsub.image;model_diffuse_clouds_2_500it;2;0 Methylidyne;0.007061197041022193
Orion.HNC.cbc.contsub.image;model_diffuse_clouds_2_500it;3;1 Butyronitrile;0.007061197041022193
Orion.HNC.cbc.contsub.image;model_diffuse_clouds_2_500it;4;2 Formaldehyde;0.007061197041022193
Orion.HNC.cbc.contsub.image;model_diffuse_clouds_2_500it;5;3 Sulfur dioxide;0.007061197041022193
Orion.HNC.cbc.contsub.image;model_diffuse_clouds_full_500it;1;22 Formylium;0.4946200403496974
Orion.HNC.cbc.contsub.image;model_diffuse_clouds_full_500it;2;11 Methyliumylidene;0.3500336247478144
Orion.HNC.cbc.contsub.image;model_diffuse_clouds_full_500it;3;0 Methylidyne;0.007061197041022193
Orion.HNC.cbc.contsub.image;model_diffuse_clouds_full_500it;4;1 Butyronitrile;0.007061197041022193
Orion.HNC.cbc.contsub.image;model_diffuse_clouds_full_500it;5;2 Formaldehyde;0.007061197041022193
Orion.HNC.cbc.contsub.image;model_diffuse_clouds_full_expanded_00002_500it;1;17 Hydrogen Cyanide;0.8342299932750504
Orion.HNC.cbc.contsub.image;model_diffuse_clouds_full_expanded_00002_500it;2;9 Mercapto radical;0.010423671822461332
Orion.HNC.cbc.contsub.image;model_diffuse_clouds_full_expanded_00002_500it;3;0 Methylidyne;0.007061197041022193
Orion.HNC.cbc.contsub.image;model_diffuse_clouds_full_expanded_00002_500it;4;1 Butyronitrile;0.007061197041022193
Orion.HNC.cbc.contsub.image;model_diffuse_clouds_full_expanded_00002_500it;5;2 Formaldehyde;0.007061197041022193
Orion.HNC.cbc.contsub.image;model_diffuse_clouds_full_expanded_00010_500it;1;11 Methyliumylidene;0.8342299932750504
Orion.HNC.cbc.contsub.image;model_diffuse_clouds_full_expanded_00010_500it;2;19 Hydrogen sulfide;0.010423671822461332
Orion.HNC.cbc.contsub.image;model_diffuse_clouds_full_expanded_00010_500it;3;0 Methylidyne;0.007061197041022193
Orion.HNC.cbc.contsub.image;model_diffuse_clouds_full_expanded_00010_500it;4;1 Butyronitrile;0.007061197041022193
Orion.HNC.cbc.contsub.image;model_diffuse_clouds_full_expanded_00010_500it;5;2 Formaldehyde;0.007061197041022193
DMTau.CS_5-4.image;model_diffuse_clouds_tr_500it;1;17 Hydrogen Cyanide;0.8799701789264415
DMTau.CS_5-4.image;model_diffuse_clouds_tr_500it;2;0 Methylidyne;0.00521868787276342
DMTau.CS_5-4.image;model_diffuse_clouds_tr_500it;3;1 Butyronitrile;0.00521868787276342
DMTau.CS_5-4.image;model_diffuse_clouds_tr_500it;4;2 Formaldehyde;0.00521868787276342
DMTau.CS_5-4.image;model_diffuse_clouds_tr_500it;5;3 Sulfur dioxide;0.00521868787276342
DMTau.CS_5-4.image;model_diffuse_clouds_2_500it;1;11 Methyliumylidene;0.8799701789264415
DMTau.CS_5-4.image;model_diffuse_clouds_2_500it;2;0 Methylidyne;0.00521868787276342
DMTau.CS_5-4.image;model_diffuse_clouds_2_500it;3;1 Butyronitrile;0.00521868787276342
DMTau.CS_5-4.image;model_diffuse_clouds_2_500it;4;2 Formaldehyde;0.00521868787276342
DMTau.CS_5-4.image;model_diffuse_clouds_2_500it;5;3 Sulfur dioxide;0.00521868787276342
DMTau.CS_5-4.image;model_diffuse_clouds_full_500it;1;16 Silicon Monoxide;0.8799701789264415
DMTau.CS_5-4.image;model_diffuse_clouds_full_500it;2;0 Methylidyne;0.00521868787276342
DMTau.CS_5-4.image;model_diffuse_clouds_full_500it;3;1 Butyronitrile;0.00521868787276342
DMTau.CS_5-4.image;model_diffuse_clouds_full_500it;4;2 Formaldehyde;0.00521868787276342
DMTau.CS_5-4.image;model_diffuse_clouds_full_500it;5;3 Sulfur dioxide;0.00521868787276342
DMTau.CS_5-4.image;model_diffuse_clouds_full_expanded_00002_500it;1;16 Silicon Monoxide;0.8799701789264415
DMTau.CS_5-4.image;model_diffuse_clouds_full_expanded_00002_500it;2;0 Methylidyne;0.00521868787276342
DMTau.CS_5-4.image;model_diffuse_clouds_full_expanded_00002_500it;3;1 Butyronitrile;0.00521868787276342
DMTau.CS_5-4.image;model_diffuse_clouds_full_expanded_00002_500it;4;2 Formaldehyde;0.00521868787276342
DMTau.CS_5-4.image;model_diffuse_clouds_full_expanded_00002_500it;5;3 Sulfur dioxide;0.00521868787276342
DMTau.CS_5-4.image;model_diffuse_clouds_full_expanded_00010_500it;1;18 Carbon Monosulfide;0.8799701789264415
DMTau.CS_5-4.image;model_diffuse_clouds_full_expanded_00010_500it;2;0 Methylidyne;0.00521868787276342
DMTau.CS_5-4.image;model_diffuse_clouds_full_expanded_00010_500it;3;1 Butyronitrile;0.00521868787276342
DMTau.CS_5-4.image;model_diffuse_clouds_full_expanded_00010_500it;4;2 Formaldehyde;0.00521868787276342
DMTau.CS_5-4.image;model_diffuse_clouds_full_expanded_00010_500it;5;3 Sulfur dioxide;0.00521868787276342
uid___A002_Xa916fc_X668__IRS43_HCO32.final.image.pbcor;model_diffuse_clouds_tr_500it;1;11 Methyliumylidene;0.9253938832252085
uid___A002_Xa916fc_X668__IRS43_HCO32.final.image.pbcor;model_diffuse_clouds_tr_500it;2;0 Methylidyne;0.0032437442075996296
uid___A002_Xa916fc_X668__IRS43_HCO32.final.image.pbcor;model_diffuse_clouds_tr_500it;3;1 Butyronitrile;0.0032437442075996296
uid___A002_Xa916fc_X668__IRS43_HCO32.final.image.pbcor;model_diffuse_clouds_tr_500it;4;2 Formaldehyde;0.0032437442075996296
uid___A002_Xa916fc_X668__IRS43_HCO32.final.image.pbcor;model_diffuse_clouds_tr_500it;5;3 Sulfur dioxide;0.0032437442075996296
uid___A002_Xa916fc_X668__IRS43_HCO32.final.image.pbcor;model_diffuse_clouds_2_500it;1;11 Methyliumylidene;0.9253938832252085
uid___A002_Xa916fc_X668__IRS43_HCO32.final.image.pbcor;model_diffuse_clouds_2_500it;2;0 Methylidyne;0.0032437442075996296
uid___A002_Xa916fc_X668__IRS43_HCO32.final.image.pbcor;model_diffuse_clouds_2_500it;3;1 Butyronitrile;0.0032437442075996296
uid___A002_Xa916fc_X668__IRS43_HCO32.final.image.pbcor;model_diffuse_clouds_2_500it;4;2 Formaldehyde;0.0032437442075996296
uid___A002_Xa916fc_X668__IRS43_HCO32.final.image.pbcor;model_diffuse_clouds_2_500it;5;3 Sulfur dioxide;0.0032437442075996296
uid___A002_Xa916fc_X668__IRS43_HCO32.final.image.pbcor;model_diffuse_clouds_full_500it;1;11 Methyliumylidene;0.9145814025332099
uid___A002_Xa916fc_X668__IRS43_HCO32.final.image.pbcor;model_diffuse_clouds_full_500it;2;18 Carbon Monosulfide;0.014056224899598393
uid___A002_Xa916fc_X668__IRS43_HCO32.final.image.pbcor;model_diffuse_clouds_full_500it;3;0 Methylidyne;0.0032437442075996296
uid___A002_Xa916fc_X668__IRS43_HCO32.final.image.pbcor;model_diffuse_clouds_full_500it;4;1 Butyronitrile;0.0032437442075996296
uid___A002_Xa916fc_X668__IRS43_HCO32.final.image.pbcor;model_diffuse_clouds_full_500it;5;2 Formaldehyde;0.0032437442075996296
uid___A002_Xa916fc_X668__IRS43_HCO32.final.image.pbcor;model_diffuse_clouds_full_expanded_00002_500it;1;17 Hydrogen Cyanide;0.9253938832252085
uid___A002_Xa916fc_X668__IRS43_HCO32.final.image.pbcor;model_diffuse_clouds_full_expanded_00002_500it;2;0 Methylidyne;0.0032437442075996296
uid___A002_Xa916fc_X668__IRS43_HCO32.final.image.pbcor;model_diffuse_clouds_full_expanded_00002_500it;3;1 Butyronitrile;0.0032437442075996296
uid___A002_Xa916fc_X668__IRS43_HCO32.final.image.pbcor;model_diffuse_clouds_full_expanded_00002_500it;4;2 Formaldehyde;0.0032437442075996296
uid___A002_Xa916fc_X668__IRS43_HCO32.final.image.pbcor;model_diffuse_clouds_full_expanded_00002_500it;5;3 Sulfur dioxide;0.0032437442075996296
uid___A002_Xa916fc_X668__IRS43_HCO32.final.image.pbcor;model_diffuse_clouds_full_expanded_00010_500it;1;8 Thioformylium;0.9207599629286377
uid___A002_Xa916fc_X668__IRS43_HCO32.final.image.pbcor;model_diffuse_clouds_full_expanded_00010_500it;2;3 Sulfur dioxide;0.004788384306456596
uid___A002_Xa916fc_X668__IRS43_HCO32.final.image.pbcor;model_diffuse_clouds_full_expanded_00010_500it;3;12 Cyanide Radical;0.004788384306456596
uid___A002_Xa916fc_X668__IRS43_HCO32.final.image.pbcor;model_diffuse_clouds_full_expanded_00010_500it;4;22 Formylium;0.004788384306456596
uid___A002_Xa916fc_X668__IRS43_HCO32.final.image.pbcor;model_diffuse_clouds_full_expanded_00010_500it;5;0 Methylidyne;0.0032437442075996296
