1;11 Methyliumylidene;0.731590181430096
2;0 Methylidyne;0.016542155816435433
3;22 Formylium;0.016542155816435433
4;1 Butyronitrile;0.011205976520811099
5;2 Formaldehyde;0.011205976520811099
6;3 Sulfur dioxide;0.011205976520811099
7;4 Carbon Monoxide;0.011205976520811099
8;5 Water;0.011205976520811099
9;6 Chloronium;0.011205976520811099
10;7 Imidogen;0.011205976520811099
11;8 Thioformylium;0.011205976520811099
12;9 Mercapto radical;0.011205976520811099
13;10 Methyl formate vt01;0.011205976520811099
14;12 Cyanide Radical;0.011205976520811099
15;13 Hydroxyl;0.011205976520811099
16;14 Nitric oxide;0.011205976520811099
17;15 Cyclopropenylidene;0.011205976520811099
18;16 Silicon Monoxide;0.011205976520811099
19;17 Hydrogen Cyanide;0.011205976520811099
20;18 Carbon Monosulfide;0.011205976520811099
21;19 Hydrogen sulfide;0.011205976520811099
22;20 Molecular oxygen;0.011205976520811099
23;21 Hydrogen Isocyanide;0.011205976520811099
24;23 Sulfoniumylidene;0.011205976520811099
