1;21 Hydrogen Isocyanide;0.7262540021344717
2;10 Methyl formate vt01;0.016542155816435433
3;18 Carbon Monosulfide;0.016542155816435433
4;20 Molecular oxygen;0.016542155816435433
5;0 Methylidyne;0.011205976520811099
6;1 Butyronitrile;0.011205976520811099
7;2 Formaldehyde;0.011205976520811099
8;3 Sulfur dioxide;0.011205976520811099
9;4 Carbon Monoxide;0.011205976520811099
10;5 Water;0.011205976520811099
11;6 Chloronium;0.011205976520811099
12;7 Imidogen;0.011205976520811099
13;8 Thioformylium;0.011205976520811099
14;9 Mercapto radical;0.011205976520811099
15;11 Methyliumylidene;0.011205976520811099
16;12 Cyanide Radical;0.011205976520811099
17;13 Hydroxyl;0.011205976520811099
18;14 Nitric oxide;0.011205976520811099
19;15 Cyclopropenylidene;0.011205976520811099
20;16 Silicon Monoxide;0.011205976520811099
21;17 Hydrogen Cyanide;0.011205976520811099
22;19 Hydrogen sulfide;0.011205976520811099
23;22 Formylium;0.011205976520811099
24;23 Sulfoniumylidene;0.011205976520811099
