1;8 Thioformylium;0.9207599629286377
2;3 Sulfur dioxide;0.004788384306456596
3;12 Cyanide Radical;0.004788384306456596
4;22 Formylium;0.004788384306456596
5;0 Methylidyne;0.0032437442075996296
6;1 Butyronitrile;0.0032437442075996296
7;2 Formaldehyde;0.0032437442075996296
8;4 Carbon Monoxide;0.0032437442075996296
9;5 Water;0.0032437442075996296
10;6 Chloronium;0.0032437442075996296
11;7 Imidogen;0.0032437442075996296
12;9 Mercapto radical;0.0032437442075996296
13;10 Methyl formate vt01;0.0032437442075996296
14;11 Methyliumylidene;0.0032437442075996296
15;13 Hydroxyl;0.0032437442075996296
16;14 Nitric oxide;0.0032437442075996296
17;15 Cyclopropenylidene;0.0032437442075996296
18;16 Silicon Monoxide;0.0032437442075996296
19;17 Hydrogen Cyanide;0.0032437442075996296
20;18 Carbon Monosulfide;0.0032437442075996296
21;19 Hydrogen sulfide;0.0032437442075996296
22;20 Molecular oxygen;0.0032437442075996296
23;21 Hydrogen Isocyanide;0.0032437442075996296
24;23 Sulfoniumylidene;0.0032437442075996296
