1;0 Methylidyne;0.027777777777777776
2;1 1,3-Butadiynyl radical;0.027777777777777776
3;2 Formaldehyde;0.027777777777777776
4;3 Sulfur dioxide;0.027777777777777776
5;4 Carbon Monoxide;0.027777777777777776
6;5 Water;0.027777777777777776
7;6 Carbon Monoxide Ion;0.027777777777777776
8;7 Nitric sulfide;0.027777777777777776
9;8 Isocyanic Acid;0.027777777777777776
10;9 Methyliumylidene;0.027777777777777776
11;10 Cyanide Radical;0.027777777777777776
12;11 Ethynyl;0.027777777777777776
13;12 Carbonyl Sulfide;0.027777777777777776
14;13 Hydroxyl;0.027777777777777776
15;14 Diazenylium;0.027777777777777776
16;15 Thioxoethenylidene;0.027777777777777776
17;16 Nitric oxide;0.027777777777777776
18;17 Methyl Cyanide;0.027777777777777776
19;18 Cyclopropenylidene;0.027777777777777776
20;19 Methanimine;0.027777777777777776
21;20 Methanol;0.027777777777777776
22;21 Thioformaldehyde;0.027777777777777776
23;22 Ammonia;0.027777777777777776
24;23 Cyanamide;0.027777777777777776
25;24 Cyanoacetylene;0.027777777777777776
26;25 Sodium Chloride;0.027777777777777776
27;26 Silicon Monoxide;0.027777777777777776
28;27 Sulfur Monoxide;0.027777777777777776
29;28 Protonated Carbon Dioxide;0.027777777777777776
30;29 Hydrogen Cyanide;0.027777777777777776
31;30 Carbon Monosulfide;0.027777777777777776
32;31 Hydrogen sulfide;0.027777777777777776
33;32 Molecular oxygen;0.027777777777777776
34;33 Hydrogen Isocyanide;0.027777777777777776
35;34 Formylium;0.027777777777777776
36;35 Methyl Acetylene;0.027777777777777776
