1;34 Formylium;0.39320388349514557
2;15 Thioxoethenylidene;0.029126213592233007
3;0 Methylidyne;0.01699029126213592
4;1 1,3-Butadiynyl radical;0.01699029126213592
5;2 Formaldehyde;0.01699029126213592
6;3 Sulfur dioxide;0.01699029126213592
7;4 Carbon Monoxide;0.01699029126213592
8;5 Water;0.01699029126213592
9;6 Carbon Monoxide Ion;0.01699029126213592
10;7 Nitric sulfide;0.01699029126213592
11;8 Isocyanic Acid;0.01699029126213592
12;9 Methyliumylidene;0.01699029126213592
13;10 Cyanide Radical;0.01699029126213592
14;11 Ethynyl;0.01699029126213592
15;12 Carbonyl Sulfide;0.01699029126213592
16;13 Hydroxyl;0.01699029126213592
17;14 Diazenylium;0.01699029126213592
18;16 Nitric oxide;0.01699029126213592
19;17 Methyl Cyanide;0.01699029126213592
20;18 Cyclopropenylidene;0.01699029126213592
21;19 Methanimine;0.01699029126213592
22;20 Methanol;0.01699029126213592
23;21 Thioformaldehyde;0.01699029126213592
24;22 Ammonia;0.01699029126213592
25;23 Cyanamide;0.01699029126213592
26;24 Cyanoacetylene;0.01699029126213592
27;25 Sodium Chloride;0.01699029126213592
28;26 Silicon Monoxide;0.01699029126213592
29;27 Sulfur Monoxide;0.01699029126213592
30;28 Protonated Carbon Dioxide;0.01699029126213592
31;29 Hydrogen Cyanide;0.01699029126213592
32;30 Carbon Monosulfide;0.01699029126213592
33;31 Hydrogen sulfide;0.01699029126213592
34;32 Molecular oxygen;0.01699029126213592
35;33 Hydrogen Isocyanide;0.01699029126213592
36;35 Methyl Acetylene;0.01699029126213592
