1;12 Carbonyl Sulfide;0.40533980582524265
2;0 Methylidyne;0.01699029126213592
3;1 1,3-Butadiynyl radical;0.01699029126213592
4;2 Formaldehyde;0.01699029126213592
5;3 Sulfur dioxide;0.01699029126213592
6;4 Carbon Monoxide;0.01699029126213592
7;5 Water;0.01699029126213592
8;6 Carbon Monoxide Ion;0.01699029126213592
9;7 Nitric sulfide;0.01699029126213592
10;8 Isocyanic Acid;0.01699029126213592
11;9 Methyliumylidene;0.01699029126213592
12;10 Cyanide Radical;0.01699029126213592
13;11 Ethynyl;0.01699029126213592
14;13 Hydroxyl;0.01699029126213592
15;14 Diazenylium;0.01699029126213592
16;15 Thioxoethenylidene;0.01699029126213592
17;16 Nitric oxide;0.01699029126213592
18;17 Methyl Cyanide;0.01699029126213592
19;18 Cyclopropenylidene;0.01699029126213592
20;19 Methanimine;0.01699029126213592
21;20 Methanol;0.01699029126213592
22;21 Thioformaldehyde;0.01699029126213592
23;22 Ammonia;0.01699029126213592
24;23 Cyanamide;0.01699029126213592
25;24 Cyanoacetylene;0.01699029126213592
26;25 Sodium Chloride;0.01699029126213592
27;26 Silicon Monoxide;0.01699029126213592
28;27 Sulfur Monoxide;0.01699029126213592
29;28 Protonated Carbon Dioxide;0.01699029126213592
30;29 Hydrogen Cyanide;0.01699029126213592
31;30 Carbon Monosulfide;0.01699029126213592
32;31 Hydrogen sulfide;0.01699029126213592
33;32 Molecular oxygen;0.01699029126213592
34;33 Hydrogen Isocyanide;0.01699029126213592
35;34 Formylium;0.01699029126213592
36;35 Methyl Acetylene;0.01699029126213592
