1;13 Methyliumylidene;0.4788590604026845
2;28 Hydrogen Isocyanide;0.36140939597315436
3;0 Methylidyne;0.005704697986577181
4;1 Formaldehyde;0.005704697986577181
5;2 Sulfur dioxide;0.005704697986577181
6;3 Carbon Monoxide;0.005704697986577181
7;4 Acetaldehyde;0.005704697986577181
8;5 Water;0.005704697986577181
9;6 Imidogen;0.005704697986577181
10;7 Carbon Monoxide Ion;0.005704697986577181
11;8 Nitric sulfide;0.005704697986577181
12;9 Isocyanic Acid;0.005704697986577181
13;10 Formic Acid;0.005704697986577181
14;11 Amidogen;0.005704697986577181
15;12 Ethylene Glycol;0.005704697986577181
16;14 Cyanide Radical;0.005704697986577181
17;15 Carbonyl Sulfide;0.005704697986577181
18;16 Hydroxyl;0.005704697986577181
19;17 Nitric oxide;0.005704697986577181
20;18 Methyl Cyanide;0.005704697986577181
21;19 Cyclopropenylidene;0.005704697986577181
22;20 Sulfur Monoxide ion;0.005704697986577181
23;21 Methanol;0.005704697986577181
24;22 Thioformaldehyde;0.005704697986577181
25;23 Ammonia;0.005704697986577181
26;24 Cyanoacetylene;0.005704697986577181
27;25 Hydrogen Cyanide;0.005704697986577181
28;26 Hydrogen sulfide;0.005704697986577181
29;27 Molecular oxygen;0.005704697986577181
30;29 Formylium;0.005704697986577181
