uid___A002_Xa916fc_X668__IRS43_HCO32.final.image.pbcor;model_comets_tr_500it;1;13 Methyliumylidene;0.9239197530864198
uid___A002_Xa916fc_X668__IRS43_HCO32.final.image.pbcor;model_comets_tr_500it;2;0 Methylidyne;0.002623456790123457
uid___A002_Xa916fc_X668__IRS43_HCO32.final.image.pbcor;model_comets_tr_500it;3;1 Formaldehyde;0.002623456790123457
uid___A002_Xa916fc_X668__IRS43_HCO32.final.image.pbcor;model_comets_tr_500it;4;2 Sulfur dioxide;0.002623456790123457
uid___A002_Xa916fc_X668__IRS43_HCO32.final.image.pbcor;model_comets_tr_500it;5;3 Carbon Monoxide;0.002623456790123457
uid___A002_Xa916fc_X668__IRS43_HCO32.final.image.pbcor;model_comets_2_500it;1;13 Methyliumylidene;0.9239197530864198
uid___A002_Xa916fc_X668__IRS43_HCO32.final.image.pbcor;model_comets_2_500it;2;0 Methylidyne;0.002623456790123457
uid___A002_Xa916fc_X668__IRS43_HCO32.final.image.pbcor;model_comets_2_500it;3;1 Formaldehyde;0.002623456790123457
uid___A002_Xa916fc_X668__IRS43_HCO32.final.image.pbcor;model_comets_2_500it;4;2 Sulfur dioxide;0.002623456790123457
uid___A002_Xa916fc_X668__IRS43_HCO32.final.image.pbcor;model_comets_2_500it;5;3 Carbon Monoxide;0.002623456790123457
uid___A002_Xa916fc_X668__IRS43_HCO32.final.image.pbcor;model_comets_full_500it;1;13 Methyliumylidene;0.7310185185185185
uid___A002_Xa916fc_X668__IRS43_HCO32.final.image.pbcor;model_comets_full_500it;2;29 Formylium;0.1785493827160494
uid___A002_Xa916fc_X668__IRS43_HCO32.final.image.pbcor;model_comets_full_500it;3;7 Carbon Monoxide Ion;0.019598765432098764
uid___A002_Xa916fc_X668__IRS43_HCO32.final.image.pbcor;model_comets_full_500it;4;0 Methylidyne;0.002623456790123457
uid___A002_Xa916fc_X668__IRS43_HCO32.final.image.pbcor;model_comets_full_500it;5;1 Formaldehyde;0.002623456790123457
uid___A002_Xa916fc_X668__IRS43_HCO32.final.image.pbcor;model_comets_full_expanded_00002_500it;1;3 Carbon Monoxide;0.9239197530864198
uid___A002_Xa916fc_X668__IRS43_HCO32.final.image.pbcor;model_comets_full_expanded_00002_500it;2;0 Methylidyne;0.002623456790123457
uid___A002_Xa916fc_X668__IRS43_HCO32.final.image.pbcor;model_comets_full_expanded_00002_500it;3;1 Formaldehyde;0.002623456790123457
uid___A002_Xa916fc_X668__IRS43_HCO32.final.image.pbcor;model_comets_full_expanded_00002_500it;4;2 Sulfur dioxide;0.002623456790123457
uid___A002_Xa916fc_X668__IRS43_HCO32.final.image.pbcor;model_comets_full_expanded_00002_500it;5;4 Acetaldehyde;0.002623456790123457
uid___A002_Xa916fc_X668__IRS43_HCO32.final.image.pbcor;model_comets_full_expanded_00010_500it;1;29 Formylium;0.9223765432098766
uid___A002_Xa916fc_X668__IRS43_HCO32.final.image.pbcor;model_comets_full_expanded_00010_500it;2;0 Methylidyne;0.004166666666666667
uid___A002_Xa916fc_X668__IRS43_HCO32.final.image.pbcor;model_comets_full_expanded_00010_500it;3;1 Formaldehyde;0.002623456790123457
uid___A002_Xa916fc_X668__IRS43_HCO32.final.image.pbcor;model_comets_full_expanded_00010_500it;4;2 Sulfur dioxide;0.002623456790123457
uid___A002_Xa916fc_X668__IRS43_HCO32.final.image.pbcor;model_comets_full_expanded_00010_500it;5;3 Carbon Monoxide;0.002623456790123457
TWHydra_CO3_2line.image;model_comets_tr_500it;1;13 Methyliumylidene;0.7418848167539266
TWHydra_CO3_2line.image;model_comets_tr_500it;2;0 Methylidyne;0.008900523560209424
TWHydra_CO3_2line.image;model_comets_tr_500it;3;1 Formaldehyde;0.008900523560209424
TWHydra_CO3_2line.image;model_comets_tr_500it;4;2 Sulfur dioxide;0.008900523560209424
TWHydra_CO3_2line.image;model_comets_tr_500it;5;3 Carbon Monoxide;0.008900523560209424
TWHydra_CO3_2line.image;model_comets_2_500it;1;7 Carbon Monoxide Ion;0.7418848167539266
TWHydra_CO3_2line.image;model_comets_2_500it;2;0 Methylidyne;0.008900523560209424
TWHydra_CO3_2line.image;model_comets_2_500it;3;1 Formaldehyde;0.008900523560209424
TWHydra_CO3_2line.image;model_comets_2_500it;4;2 Sulfur dioxide;0.008900523560209424
TWHydra_CO3_2line.image;model_comets_2_500it;5;3 Carbon Monoxide;0.008900523560209424
TWHydra_CO3_2line.image;model_comets_full_500it;1;13 Methyliumylidene;0.34397905759162306
TWHydra_CO3_2line.image;model_comets_full_500it;2;15 Carbonyl Sulfide;0.23403141361256546
TWHydra_CO3_2line.image;model_comets_full_500it;3;29 Formylium;0.1816753926701571
TWHydra_CO3_2line.image;model_comets_full_500it;4;0 Methylidyne;0.008900523560209424
TWHydra_CO3_2line.image;model_comets_full_500it;5;1 Formaldehyde;0.008900523560209424
TWHydra_CO3_2line.image;model_comets_full_expanded_00002_500it;1;29 Formylium;0.7418848167539266
TWHydra_CO3_2line.image;model_comets_full_expanded_00002_500it;2;0 Methylidyne;0.008900523560209424
TWHydra_CO3_2line.image;model_comets_full_expanded_00002_500it;3;1 Formaldehyde;0.008900523560209424
TWHydra_CO3_2line.image;model_comets_full_expanded_00002_500it;4;2 Sulfur dioxide;0.008900523560209424
TWHydra_CO3_2line.image;model_comets_full_expanded_00002_500it;5;3 Carbon Monoxide;0.008900523560209424
TWHydra_CO3_2line.image;model_comets_full_expanded_00010_500it;1;3 Carbon Monoxide;0.7261780104712041
TWHydra_CO3_2line.image;model_comets_full_expanded_00010_500it;2;12 Ethylene Glycol;0.014136125654450262
TWHydra_CO3_2line.image;model_comets_full_expanded_00010_500it;3;27 Molecular oxygen;0.014136125654450262
TWHydra_CO3_2line.image;model_comets_full_expanded_00010_500it;4;29 Formylium;0.014136125654450262
TWHydra_CO3_2line.image;model_comets_full_expanded_00010_500it;5;0 Methylidyne;0.008900523560209424
Orion.HNC.cbc.contsub.image;model_comets_tr_500it;1;13 Methyliumylidene;0.8345637583892617
Orion.HNC.cbc.contsub.image;model_comets_tr_500it;2;0 Methylidyne;0.005704697986577181
Orion.HNC.cbc.contsub.image;model_comets_tr_500it;3;1 Formaldehyde;0.005704697986577181
Orion.HNC.cbc.contsub.image;model_comets_tr_500it;4;2 Sulfur dioxide;0.005704697986577181
Orion.HNC.cbc.contsub.image;model_comets_tr_500it;5;3 Carbon Monoxide;0.005704697986577181
Orion.HNC.cbc.contsub.image;model_comets_2_500it;1;13 Methyliumylidene;0.4788590604026845
Orion.HNC.cbc.contsub.image;model_comets_2_500it;2;28 Hydrogen Isocyanide;0.36140939597315436
Orion.HNC.cbc.contsub.image;model_comets_2_500it;3;0 Methylidyne;0.005704697986577181
Orion.HNC.cbc.contsub.image;model_comets_2_500it;4;1 Formaldehyde;0.005704697986577181
Orion.HNC.cbc.contsub.image;model_comets_2_500it;5;2 Sulfur dioxide;0.005704697986577181
Orion.HNC.cbc.contsub.image;model_comets_full_500it;1;13 Methyliumylidene;0.7104026845637583
Orion.HNC.cbc.contsub.image;model_comets_full_500it;2;15 Carbonyl Sulfide;0.12651006711409396
Orion.HNC.cbc.contsub.image;model_comets_full_500it;3;12 Ethylene Glycol;0.009060402684563758
Orion.HNC.cbc.contsub.image;model_comets_full_500it;4;0 Methylidyne;0.005704697986577181
Orion.HNC.cbc.contsub.image;model_comets_full_500it;5;1 Formaldehyde;0.005704697986577181
Orion.HNC.cbc.contsub.image;model_comets_full_expanded_00002_500it;1;20 Sulfur Monoxide ion;0.8345637583892617
Orion.HNC.cbc.contsub.image;model_comets_full_expanded_00002_500it;2;0 Methylidyne;0.005704697986577181
Orion.HNC.cbc.contsub.image;model_comets_full_expanded_00002_500it;3;1 Formaldehyde;0.005704697986577181
Orion.HNC.cbc.contsub.image;model_comets_full_expanded_00002_500it;4;2 Sulfur dioxide;0.005704697986577181
Orion.HNC.cbc.contsub.image;model_comets_full_expanded_00002_500it;5;3 Carbon Monoxide;0.005704697986577181
Orion.HNC.cbc.contsub.image;model_comets_full_expanded_00010_500it;1;15 Carbonyl Sulfide;0.8345637583892617
Orion.HNC.cbc.contsub.image;model_comets_full_expanded_00010_500it;2;0 Methylidyne;0.005704697986577181
Orion.HNC.cbc.contsub.image;model_comets_full_expanded_00010_500it;3;1 Formaldehyde;0.005704697986577181
Orion.HNC.cbc.contsub.image;model_comets_full_expanded_00010_500it;4;2 Sulfur dioxide;0.005704697986577181
Orion.HNC.cbc.contsub.image;model_comets_full_expanded_00010_500it;5;3 Carbon Monoxide;0.005704697986577181
HD163296_CO_2_1.image;model_comets_tr_500it;1;13 Methyliumylidene;0.8571014492753622
HD163296_CO_2_1.image;model_comets_tr_500it;2;0 Methylidyne;0.004927536231884058
HD163296_CO_2_1.image;model_comets_tr_500it;3;1 Formaldehyde;0.004927536231884058
HD163296_CO_2_1.image;model_comets_tr_500it;4;2 Sulfur dioxide;0.004927536231884058
HD163296_CO_2_1.image;model_comets_tr_500it;5;3 Carbon Monoxide;0.004927536231884058
HD163296_CO_2_1.image;model_comets_2_500it;1;13 Methyliumylidene;0.8571014492753622
HD163296_CO_2_1.image;model_comets_2_500it;2;0 Methylidyne;0.004927536231884058
HD163296_CO_2_1.image;model_comets_2_500it;3;1 Formaldehyde;0.004927536231884058
HD163296_CO_2_1.image;model_comets_2_500it;4;2 Sulfur dioxide;0.004927536231884058
HD163296_CO_2_1.image;model_comets_2_500it;5;3 Carbon Monoxide;0.004927536231884058
HD163296_CO_2_1.image;model_comets_full_500it;1;13 Methyliumylidene;0.8571014492753622
HD163296_CO_2_1.image;model_comets_full_500it;2;0 Methylidyne;0.004927536231884058
HD163296_CO_2_1.image;model_comets_full_500it;3;1 Formaldehyde;0.004927536231884058
HD163296_CO_2_1.image;model_comets_full_500it;4;2 Sulfur dioxide;0.004927536231884058
HD163296_CO_2_1.image;model_comets_full_500it;5;3 Carbon Monoxide;0.004927536231884058
HD163296_CO_2_1.image;model_comets_full_expanded_00002_500it;1;3 Carbon Monoxide;0.8571014492753622
HD163296_CO_2_1.image;model_comets_full_expanded_00002_500it;2;0 Methylidyne;0.004927536231884058
HD163296_CO_2_1.image;model_comets_full_expanded_00002_500it;3;1 Formaldehyde;0.004927536231884058
HD163296_CO_2_1.image;model_comets_full_expanded_00002_500it;4;2 Sulfur dioxide;0.004927536231884058
HD163296_CO_2_1.image;model_comets_full_expanded_00002_500it;5;4 Acetaldehyde;0.004927536231884058
HD163296_CO_2_1.image;model_comets_full_expanded_00010_500it;1;25 Hydrogen Cyanide;0.8571014492753622
HD163296_CO_2_1.image;model_comets_full_expanded_00010_500it;2;0 Methylidyne;0.004927536231884058
HD163296_CO_2_1.image;model_comets_full_expanded_00010_500it;3;1 Formaldehyde;0.004927536231884058
HD163296_CO_2_1.image;model_comets_full_expanded_00010_500it;4;2 Sulfur dioxide;0.004927536231884058
HD163296_CO_2_1.image;model_comets_full_expanded_00010_500it;5;3 Carbon Monoxide;0.004927536231884058
Orion.methanol.cbc.contsub.image;model_comets_tr_500it;1;13 Methyliumylidene;0.6478571428571429
Orion.methanol.cbc.contsub.image;model_comets_tr_500it;2;0 Methylidyne;0.012142857142857143
Orion.methanol.cbc.contsub.image;model_comets_tr_500it;3;1 Formaldehyde;0.012142857142857143
Orion.methanol.cbc.contsub.image;model_comets_tr_500it;4;2 Sulfur dioxide;0.012142857142857143
Orion.methanol.cbc.contsub.image;model_comets_tr_500it;5;3 Carbon Monoxide;0.012142857142857143
Orion.methanol.cbc.contsub.image;model_comets_2_500it;1;13 Methyliumylidene;0.6478571428571429
Orion.methanol.cbc.contsub.image;model_comets_2_500it;2;0 Methylidyne;0.012142857142857143
Orion.methanol.cbc.contsub.image;model_comets_2_500it;3;1 Formaldehyde;0.012142857142857143
Orion.methanol.cbc.contsub.image;model_comets_2_500it;4;2 Sulfur dioxide;0.012142857142857143
Orion.methanol.cbc.contsub.image;model_comets_2_500it;5;3 Carbon Monoxide;0.012142857142857143
Orion.methanol.cbc.contsub.image;model_comets_full_500it;1;13 Methyliumylidene;0.5621428571428572
Orion.methanol.cbc.contsub.image;model_comets_full_500it;2;7 Carbon Monoxide Ion;0.09785714285714285
Orion.methanol.cbc.contsub.image;model_comets_full_500it;3;0 Methylidyne;0.012142857142857143
Orion.methanol.cbc.contsub.image;model_comets_full_500it;4;1 Formaldehyde;0.012142857142857143
Orion.methanol.cbc.contsub.image;model_comets_full_500it;5;2 Sulfur dioxide;0.012142857142857143
Orion.methanol.cbc.contsub.image;model_comets_full_expanded_00002_500it;1;7 Carbon Monoxide Ion;0.6478571428571429
Orion.methanol.cbc.contsub.image;model_comets_full_expanded_00002_500it;2;0 Methylidyne;0.012142857142857143
Orion.methanol.cbc.contsub.image;model_comets_full_expanded_00002_500it;3;1 Formaldehyde;0.012142857142857143
Orion.methanol.cbc.contsub.image;model_comets_full_expanded_00002_500it;4;2 Sulfur dioxide;0.012142857142857143
Orion.methanol.cbc.contsub.image;model_comets_full_expanded_00002_500it;5;3 Carbon Monoxide;0.012142857142857143
Orion.methanol.cbc.contsub.image;model_comets_full_expanded_00010_500it;1;29 Formylium;0.6407142857142857
Orion.methanol.cbc.contsub.image;model_comets_full_expanded_00010_500it;2;7 Carbon Monoxide Ion;0.019285714285714288
Orion.methanol.cbc.contsub.image;model_comets_full_expanded_00010_500it;3;0 Methylidyne;0.012142857142857143
Orion.methanol.cbc.contsub.image;model_comets_full_expanded_00010_500it;4;1 Formaldehyde;0.012142857142857143
Orion.methanol.cbc.contsub.image;model_comets_full_expanded_00010_500it;5;2 Sulfur dioxide;0.012142857142857143
TWHydra_HCOplusline.image;model_comets_tr_500it;1;13 Methyliumylidene;0.7377659574468084
TWHydra_HCOplusline.image;model_comets_tr_500it;2;0 Methylidyne;0.009042553191489361
TWHydra_HCOplusline.image;model_comets_tr_500it;3;1 Formaldehyde;0.009042553191489361
TWHydra_HCOplusline.image;model_comets_tr_500it;4;2 Sulfur dioxide;0.009042553191489361
TWHydra_HCOplusline.image;model_comets_tr_500it;5;3 Carbon Monoxide;0.009042553191489361
TWHydra_HCOplusline.image;model_comets_2_500it;1;13 Methyliumylidene;0.7377659574468084
TWHydra_HCOplusline.image;model_comets_2_500it;2;0 Methylidyne;0.009042553191489361
TWHydra_HCOplusline.image;model_comets_2_500it;3;1 Formaldehyde;0.009042553191489361
TWHydra_HCOplusline.image;model_comets_2_500it;4;2 Sulfur dioxide;0.009042553191489361
TWHydra_HCOplusline.image;model_comets_2_500it;5;3 Carbon Monoxide;0.009042553191489361
TWHydra_HCOplusline.image;model_comets_full_500it;1;13 Methyliumylidene;0.7111702127659574
TWHydra_HCOplusline.image;model_comets_full_500it;2;7 Carbon Monoxide Ion;0.03563829787234043
TWHydra_HCOplusline.image;model_comets_full_500it;3;0 Methylidyne;0.009042553191489361
TWHydra_HCOplusline.image;model_comets_full_500it;4;1 Formaldehyde;0.009042553191489361
TWHydra_HCOplusline.image;model_comets_full_500it;5;2 Sulfur dioxide;0.009042553191489361
TWHydra_HCOplusline.image;model_comets_full_expanded_00002_500it;1;29 Formylium;0.7377659574468084
TWHydra_HCOplusline.image;model_comets_full_expanded_00002_500it;2;0 Methylidyne;0.009042553191489361
TWHydra_HCOplusline.image;model_comets_full_expanded_00002_500it;3;1 Formaldehyde;0.009042553191489361
TWHydra_HCOplusline.image;model_comets_full_expanded_00002_500it;4;2 Sulfur dioxide;0.009042553191489361
TWHydra_HCOplusline.image;model_comets_full_expanded_00002_500it;5;3 Carbon Monoxide;0.009042553191489361
TWHydra_HCOplusline.image;model_comets_full_expanded_00010_500it;1;13 Methyliumylidene;0.7377659574468084
TWHydra_HCOplusline.image;model_comets_full_expanded_00010_500it;2;0 Methylidyne;0.009042553191489361
TWHydra_HCOplusline.image;model_comets_full_expanded_00010_500it;3;1 Formaldehyde;0.009042553191489361
TWHydra_HCOplusline.image;model_comets_full_expanded_00010_500it;4;2 Sulfur dioxide;0.009042553191489361
TWHydra_HCOplusline.image;model_comets_full_expanded_00010_500it;5;3 Carbon Monoxide;0.009042553191489361
