1;3 Carbon Monoxide;0.7261780104712041
2;12 Ethylene Glycol;0.014136125654450262
3;27 Molecular oxygen;0.014136125654450262
4;29 Formylium;0.014136125654450262
5;0 Methylidyne;0.008900523560209424
6;1 Formaldehyde;0.008900523560209424
7;2 Sulfur dioxide;0.008900523560209424
8;4 Acetaldehyde;0.008900523560209424
9;5 Water;0.008900523560209424
10;6 Imidogen;0.008900523560209424
11;7 Carbon Monoxide Ion;0.008900523560209424
12;8 Nitric sulfide;0.008900523560209424
13;9 Isocyanic Acid;0.008900523560209424
14;10 Formic Acid;0.008900523560209424
15;11 Amidogen;0.008900523560209424
16;13 Methyliumylidene;0.008900523560209424
17;14 Cyanide Radical;0.008900523560209424
18;15 Carbonyl Sulfide;0.008900523560209424
19;16 Hydroxyl;0.008900523560209424
20;17 Nitric oxide;0.008900523560209424
21;18 Methyl Cyanide;0.008900523560209424
22;19 Cyclopropenylidene;0.008900523560209424
23;20 Sulfur Monoxide ion;0.008900523560209424
24;21 Methanol;0.008900523560209424
25;22 Thioformaldehyde;0.008900523560209424
26;23 Ammonia;0.008900523560209424
27;24 Cyanoacetylene;0.008900523560209424
28;25 Hydrogen Cyanide;0.008900523560209424
29;26 Hydrogen sulfide;0.008900523560209424
30;28 Hydrogen Isocyanide;0.008900523560209424
