1;13 Methyliumylidene;0.34397905759162306
2;15 Carbonyl Sulfide;0.23403141361256546
3;29 Formylium;0.1816753926701571
4;0 Methylidyne;0.008900523560209424
5;1 Formaldehyde;0.008900523560209424
6;2 Sulfur dioxide;0.008900523560209424
7;3 Carbon Monoxide;0.008900523560209424
8;4 Acetaldehyde;0.008900523560209424
9;5 Water;0.008900523560209424
10;6 Imidogen;0.008900523560209424
11;7 Carbon Monoxide Ion;0.008900523560209424
12;8 Nitric sulfide;0.008900523560209424
13;9 Isocyanic Acid;0.008900523560209424
14;10 Formic Acid;0.008900523560209424
15;11 Amidogen;0.008900523560209424
16;12 Ethylene Glycol;0.008900523560209424
17;14 Cyanide Radical;0.008900523560209424
18;16 Hydroxyl;0.008900523560209424
19;17 Nitric oxide;0.008900523560209424
20;18 Methyl Cyanide;0.008900523560209424
21;19 Cyclopropenylidene;0.008900523560209424
22;20 Sulfur Monoxide ion;0.008900523560209424
23;21 Methanol;0.008900523560209424
24;22 Thioformaldehyde;0.008900523560209424
25;23 Ammonia;0.008900523560209424
26;24 Cyanoacetylene;0.008900523560209424
27;25 Hydrogen Cyanide;0.008900523560209424
28;26 Hydrogen sulfide;0.008900523560209424
29;27 Molecular oxygen;0.008900523560209424
30;28 Hydrogen Isocyanide;0.008900523560209424
