1;13 Methyliumylidene;0.7418848167539266
2;0 Methylidyne;0.008900523560209424
3;1 Formaldehyde;0.008900523560209424
4;2 Sulfur dioxide;0.008900523560209424
5;3 Carbon Monoxide;0.008900523560209424
6;4 Acetaldehyde;0.008900523560209424
7;5 Water;0.008900523560209424
8;6 Imidogen;0.008900523560209424
9;7 Carbon Monoxide Ion;0.008900523560209424
10;8 Nitric sulfide;0.008900523560209424
11;9 Isocyanic Acid;0.008900523560209424
12;10 Formic Acid;0.008900523560209424
13;11 Amidogen;0.008900523560209424
14;12 Ethylene Glycol;0.008900523560209424
15;14 Cyanide Radical;0.008900523560209424
16;15 Carbonyl Sulfide;0.008900523560209424
17;16 Hydroxyl;0.008900523560209424
18;17 Nitric oxide;0.008900523560209424
19;18 Methyl Cyanide;0.008900523560209424
20;19 Cyclopropenylidene;0.008900523560209424
21;20 Sulfur Monoxide ion;0.008900523560209424
22;21 Methanol;0.008900523560209424
23;22 Thioformaldehyde;0.008900523560209424
24;23 Ammonia;0.008900523560209424
25;24 Cyanoacetylene;0.008900523560209424
26;25 Hydrogen Cyanide;0.008900523560209424
27;26 Hydrogen sulfide;0.008900523560209424
28;27 Molecular oxygen;0.008900523560209424
29;28 Hydrogen Isocyanide;0.008900523560209424
30;29 Formylium;0.008900523560209424
