1;13 Methyliumylidene;0.7377659574468084
2;0 Methylidyne;0.009042553191489361
3;1 Formaldehyde;0.009042553191489361
4;2 Sulfur dioxide;0.009042553191489361
5;3 Carbon Monoxide;0.009042553191489361
6;4 Acetaldehyde;0.009042553191489361
7;5 Water;0.009042553191489361
8;6 Imidogen;0.009042553191489361
9;7 Carbon Monoxide Ion;0.009042553191489361
10;8 Nitric sulfide;0.009042553191489361
11;9 Isocyanic Acid;0.009042553191489361
12;10 Formic Acid;0.009042553191489361
13;11 Amidogen;0.009042553191489361
14;12 Ethylene Glycol;0.009042553191489361
15;14 Cyanide Radical;0.009042553191489361
16;15 Carbonyl Sulfide;0.009042553191489361
17;16 Hydroxyl;0.009042553191489361
18;17 Nitric oxide;0.009042553191489361
19;18 Methyl Cyanide;0.009042553191489361
20;19 Cyclopropenylidene;0.009042553191489361
21;20 Sulfur Monoxide ion;0.009042553191489361
22;21 Methanol;0.009042553191489361
23;22 Thioformaldehyde;0.009042553191489361
24;23 Ammonia;0.009042553191489361
25;24 Cyanoacetylene;0.009042553191489361
26;25 Hydrogen Cyanide;0.009042553191489361
27;26 Hydrogen sulfide;0.009042553191489361
28;27 Molecular oxygen;0.009042553191489361
29;28 Hydrogen Isocyanide;0.009042553191489361
30;29 Formylium;0.009042553191489361
