1;13 Methyliumylidene;0.7310185185185185
2;29 Formylium;0.1785493827160494
3;7 Carbon Monoxide Ion;0.019598765432098764
4;0 Methylidyne;0.002623456790123457
5;1 Formaldehyde;0.002623456790123457
6;2 Sulfur dioxide;0.002623456790123457
7;3 Carbon Monoxide;0.002623456790123457
8;4 Acetaldehyde;0.002623456790123457
9;5 Water;0.002623456790123457
10;6 Imidogen;0.002623456790123457
11;8 Nitric sulfide;0.002623456790123457
12;9 Isocyanic Acid;0.002623456790123457
13;10 Formic Acid;0.002623456790123457
14;11 Amidogen;0.002623456790123457
15;12 Ethylene Glycol;0.002623456790123457
16;14 Cyanide Radical;0.002623456790123457
17;15 Carbonyl Sulfide;0.002623456790123457
18;16 Hydroxyl;0.002623456790123457
19;17 Nitric oxide;0.002623456790123457
20;18 Methyl Cyanide;0.002623456790123457
21;19 Cyclopropenylidene;0.002623456790123457
22;20 Sulfur Monoxide ion;0.002623456790123457
23;21 Methanol;0.002623456790123457
24;22 Thioformaldehyde;0.002623456790123457
25;23 Ammonia;0.002623456790123457
26;24 Cyanoacetylene;0.002623456790123457
27;25 Hydrogen Cyanide;0.002623456790123457
28;26 Hydrogen sulfide;0.002623456790123457
29;27 Molecular oxygen;0.002623456790123457
30;28 Hydrogen Isocyanide;0.002623456790123457
