DMTau.CS_5-4.image;model_agb_ppn_pn_tr_500it;1;4 Methyliumylidene;0.8209718670076727
DMTau.CS_5-4.image;model_agb_ppn_pn_tr_500it;2;0 1,3,5-Hexatriynyl;0.002557544757033248
DMTau.CS_5-4.image;model_agb_ppn_pn_tr_500it;3;1 Silicon monosulfide;0.002557544757033248
DMTau.CS_5-4.image;model_agb_ppn_pn_tr_500it;4;2 Vinyl Cyanide;0.002557544757033248
DMTau.CS_5-4.image;model_agb_ppn_pn_tr_500it;5;3 Hydroxyl;0.002557544757033248
DMTau.CS_5-4.image;model_agb_ppn_pn_2_500it;1;4 Methyliumylidene;0.8209718670076727
DMTau.CS_5-4.image;model_agb_ppn_pn_2_500it;2;0 1,3,5-Hexatriynyl;0.002557544757033248
DMTau.CS_5-4.image;model_agb_ppn_pn_2_500it;3;1 Silicon monosulfide;0.002557544757033248
DMTau.CS_5-4.image;model_agb_ppn_pn_2_500it;4;2 Vinyl Cyanide;0.002557544757033248
DMTau.CS_5-4.image;model_agb_ppn_pn_2_500it;5;3 Hydroxyl;0.002557544757033248
DMTau.CS_5-4.image;model_agb_ppn_pn_full_500it;1;24 Phosphaethyne;0.8209718670076727
DMTau.CS_5-4.image;model_agb_ppn_pn_full_500it;2;0 1,3,5-Hexatriynyl;0.002557544757033248
DMTau.CS_5-4.image;model_agb_ppn_pn_full_500it;3;1 Silicon monosulfide;0.002557544757033248
DMTau.CS_5-4.image;model_agb_ppn_pn_full_500it;4;2 Vinyl Cyanide;0.002557544757033248
DMTau.CS_5-4.image;model_agb_ppn_pn_full_500it;5;3 Hydroxyl;0.002557544757033248
DMTau.CS_5-4.image;model_agb_ppn_pn_full_expanded_00002_500it;1;38 Cyanoethynylide ion;0.8209718670076727
DMTau.CS_5-4.image;model_agb_ppn_pn_full_expanded_00002_500it;2;0 1,3,5-Hexatriynyl;0.002557544757033248
DMTau.CS_5-4.image;model_agb_ppn_pn_full_expanded_00002_500it;3;1 Silicon monosulfide;0.002557544757033248
DMTau.CS_5-4.image;model_agb_ppn_pn_full_expanded_00002_500it;4;2 Vinyl Cyanide;0.002557544757033248
DMTau.CS_5-4.image;model_agb_ppn_pn_full_expanded_00002_500it;5;3 Hydroxyl;0.002557544757033248
DMTau.CS_5-4.image;model_agb_ppn_pn_full_expanded_00010_500it;1;22 Magnesium Isocyanide;0.8209718670076727
DMTau.CS_5-4.image;model_agb_ppn_pn_full_expanded_00010_500it;2;0 1,3,5-Hexatriynyl;0.002557544757033248
DMTau.CS_5-4.image;model_agb_ppn_pn_full_expanded_00010_500it;3;1 Silicon monosulfide;0.002557544757033248
DMTau.CS_5-4.image;model_agb_ppn_pn_full_expanded_00010_500it;4;2 Vinyl Cyanide;0.002557544757033248
DMTau.CS_5-4.image;model_agb_ppn_pn_full_expanded_00010_500it;5;3 Hydroxyl;0.002557544757033248
TWHydra_CO3_2line.image;model_agb_ppn_pn_tr_500it;1;34 3-Cyano-1,2-propadienylidene;0.18678526048284627
TWHydra_CO3_2line.image;model_agb_ppn_pn_tr_500it;2;22 Magnesium Isocyanide;0.16137229987293522
TWHydra_CO3_2line.image;model_agb_ppn_pn_tr_500it;3;0 1,3,5-Hexatriynyl;0.021601016518424398
TWHydra_CO3_2line.image;model_agb_ppn_pn_tr_500it;4;48 Hydrogen Cyanide;0.021601016518424398
TWHydra_CO3_2line.image;model_agb_ppn_pn_tr_500it;5;66 Cyanoacetylene;0.021601016518424398
TWHydra_CO3_2line.image;model_agb_ppn_pn_2_500it;1;40 Carbon Monoxide Ion;0.3773824650571792
TWHydra_CO3_2line.image;model_agb_ppn_pn_2_500it;2;0 1,3,5-Hexatriynyl;0.008894536213468869
TWHydra_CO3_2line.image;model_agb_ppn_pn_2_500it;3;1 Silicon monosulfide;0.008894536213468869
TWHydra_CO3_2line.image;model_agb_ppn_pn_2_500it;4;2 Vinyl Cyanide;0.008894536213468869
TWHydra_CO3_2line.image;model_agb_ppn_pn_2_500it;5;3 Hydroxyl;0.008894536213468869
TWHydra_CO3_2line.image;model_agb_ppn_pn_full_500it;1;4 Methyliumylidene;0.3773824650571792
TWHydra_CO3_2line.image;model_agb_ppn_pn_full_500it;2;0 1,3,5-Hexatriynyl;0.008894536213468869
TWHydra_CO3_2line.image;model_agb_ppn_pn_full_500it;3;1 Silicon monosulfide;0.008894536213468869
TWHydra_CO3_2line.image;model_agb_ppn_pn_full_500it;4;2 Vinyl Cyanide;0.008894536213468869
TWHydra_CO3_2line.image;model_agb_ppn_pn_full_500it;5;3 Hydroxyl;0.008894536213468869
TWHydra_CO3_2line.image;model_agb_ppn_pn_full_expanded_00002_500it;1;56 Carbon Monoxide;0.3773824650571792
TWHydra_CO3_2line.image;model_agb_ppn_pn_full_expanded_00002_500it;2;0 1,3,5-Hexatriynyl;0.008894536213468869
TWHydra_CO3_2line.image;model_agb_ppn_pn_full_expanded_00002_500it;3;1 Silicon monosulfide;0.008894536213468869
TWHydra_CO3_2line.image;model_agb_ppn_pn_full_expanded_00002_500it;4;2 Vinyl Cyanide;0.008894536213468869
TWHydra_CO3_2line.image;model_agb_ppn_pn_full_expanded_00002_500it;5;3 Hydroxyl;0.008894536213468869
TWHydra_CO3_2line.image;model_agb_ppn_pn_full_expanded_00010_500it;1;56 Carbon Monoxide;0.3773824650571792
TWHydra_CO3_2line.image;model_agb_ppn_pn_full_expanded_00010_500it;2;0 1,3,5-Hexatriynyl;0.008894536213468869
TWHydra_CO3_2line.image;model_agb_ppn_pn_full_expanded_00010_500it;3;1 Silicon monosulfide;0.008894536213468869
TWHydra_CO3_2line.image;model_agb_ppn_pn_full_expanded_00010_500it;4;2 Vinyl Cyanide;0.008894536213468869
TWHydra_CO3_2line.image;model_agb_ppn_pn_full_expanded_00010_500it;5;3 Hydroxyl;0.008894536213468869
TWHydra_HCOplusline.image;model_agb_ppn_pn_tr_500it;1;17 Formylium;0.33949801849405553
TWHydra_HCOplusline.image;model_agb_ppn_pn_tr_500it;2;48 Hydrogen Cyanide;0.022457067371202115
TWHydra_HCOplusline.image;model_agb_ppn_pn_tr_500it;3;0 1,3,5-Hexatriynyl;0.009247027741083224
TWHydra_HCOplusline.image;model_agb_ppn_pn_tr_500it;4;1 Silicon monosulfide;0.009247027741083224
TWHydra_HCOplusline.image;model_agb_ppn_pn_tr_500it;5;2 Vinyl Cyanide;0.009247027741083224
TWHydra_HCOplusline.image;model_agb_ppn_pn_2_500it;1;17 Formylium;0.35270805812417444
TWHydra_HCOplusline.image;model_agb_ppn_pn_2_500it;2;0 1,3,5-Hexatriynyl;0.009247027741083224
TWHydra_HCOplusline.image;model_agb_ppn_pn_2_500it;3;1 Silicon monosulfide;0.009247027741083224
TWHydra_HCOplusline.image;model_agb_ppn_pn_2_500it;4;2 Vinyl Cyanide;0.009247027741083224
TWHydra_HCOplusline.image;model_agb_ppn_pn_2_500it;5;3 Hydroxyl;0.009247027741083224
TWHydra_HCOplusline.image;model_agb_ppn_pn_full_500it;1;17 Formylium;0.35270805812417444
TWHydra_HCOplusline.image;model_agb_ppn_pn_full_500it;2;0 1,3,5-Hexatriynyl;0.009247027741083224
TWHydra_HCOplusline.image;model_agb_ppn_pn_full_500it;3;1 Silicon monosulfide;0.009247027741083224
TWHydra_HCOplusline.image;model_agb_ppn_pn_full_500it;4;2 Vinyl Cyanide;0.009247027741083224
TWHydra_HCOplusline.image;model_agb_ppn_pn_full_500it;5;3 Hydroxyl;0.009247027741083224
TWHydra_HCOplusline.image;model_agb_ppn_pn_full_expanded_00002_500it;1;17 Formylium;0.33949801849405553
TWHydra_HCOplusline.image;model_agb_ppn_pn_full_expanded_00002_500it;2;42 Aluminum Monofluoride;0.022457067371202115
TWHydra_HCOplusline.image;model_agb_ppn_pn_full_expanded_00002_500it;3;0 1,3,5-Hexatriynyl;0.009247027741083224
TWHydra_HCOplusline.image;model_agb_ppn_pn_full_expanded_00002_500it;4;1 Silicon monosulfide;0.009247027741083224
TWHydra_HCOplusline.image;model_agb_ppn_pn_full_expanded_00002_500it;5;2 Vinyl Cyanide;0.009247027741083224
TWHydra_HCOplusline.image;model_agb_ppn_pn_full_expanded_00010_500it;1;17 Formylium;0.35270805812417444
TWHydra_HCOplusline.image;model_agb_ppn_pn_full_expanded_00010_500it;2;0 1,3,5-Hexatriynyl;0.009247027741083224
TWHydra_HCOplusline.image;model_agb_ppn_pn_full_expanded_00010_500it;3;1 Silicon monosulfide;0.009247027741083224
TWHydra_HCOplusline.image;model_agb_ppn_pn_full_expanded_00010_500it;4;2 Vinyl Cyanide;0.009247027741083224
TWHydra_HCOplusline.image;model_agb_ppn_pn_full_expanded_00010_500it;5;3 Hydroxyl;0.009247027741083224
HD163296_CO_2_1.image;model_agb_ppn_pn_tr_500it;1;34 3-Cyano-1,2-propadienylidene;0.5573622402890697
HD163296_CO_2_1.image;model_agb_ppn_pn_tr_500it;2;0 1,3,5-Hexatriynyl;0.006323396567299007
HD163296_CO_2_1.image;model_agb_ppn_pn_tr_500it;3;1 Silicon monosulfide;0.006323396567299007
HD163296_CO_2_1.image;model_agb_ppn_pn_tr_500it;4;2 Vinyl Cyanide;0.006323396567299007
HD163296_CO_2_1.image;model_agb_ppn_pn_tr_500it;5;3 Hydroxyl;0.006323396567299007
HD163296_CO_2_1.image;model_agb_ppn_pn_2_500it;1;8 1,3-Butadiynyl anion;0.5573622402890697
HD163296_CO_2_1.image;model_agb_ppn_pn_2_500it;2;0 1,3,5-Hexatriynyl;0.006323396567299007
HD163296_CO_2_1.image;model_agb_ppn_pn_2_500it;3;1 Silicon monosulfide;0.006323396567299007
HD163296_CO_2_1.image;model_agb_ppn_pn_2_500it;4;2 Vinyl Cyanide;0.006323396567299007
HD163296_CO_2_1.image;model_agb_ppn_pn_2_500it;5;3 Hydroxyl;0.006323396567299007
HD163296_CO_2_1.image;model_agb_ppn_pn_full_500it;1;4 Methyliumylidene;0.5573622402890697
HD163296_CO_2_1.image;model_agb_ppn_pn_full_500it;2;0 1,3,5-Hexatriynyl;0.006323396567299007
HD163296_CO_2_1.image;model_agb_ppn_pn_full_500it;3;1 Silicon monosulfide;0.006323396567299007
HD163296_CO_2_1.image;model_agb_ppn_pn_full_500it;4;2 Vinyl Cyanide;0.006323396567299007
HD163296_CO_2_1.image;model_agb_ppn_pn_full_500it;5;3 Hydroxyl;0.006323396567299007
HD163296_CO_2_1.image;model_agb_ppn_pn_full_expanded_00002_500it;1;18 Trihydrogen ion;0.5483288166214997
HD163296_CO_2_1.image;model_agb_ppn_pn_full_expanded_00002_500it;2;40 Carbon Monoxide Ion;0.015356820234869017
HD163296_CO_2_1.image;model_agb_ppn_pn_full_expanded_00002_500it;3;0 1,3,5-Hexatriynyl;0.006323396567299007
HD163296_CO_2_1.image;model_agb_ppn_pn_full_expanded_00002_500it;4;1 Silicon monosulfide;0.006323396567299007
HD163296_CO_2_1.image;model_agb_ppn_pn_full_expanded_00002_500it;5;2 Vinyl Cyanide;0.006323396567299007
HD163296_CO_2_1.image;model_agb_ppn_pn_full_expanded_00010_500it;1;28 3-Thioxo-1,2-Propadieylidene;0.5573622402890697
HD163296_CO_2_1.image;model_agb_ppn_pn_full_expanded_00010_500it;2;0 1,3,5-Hexatriynyl;0.006323396567299007
HD163296_CO_2_1.image;model_agb_ppn_pn_full_expanded_00010_500it;3;1 Silicon monosulfide;0.006323396567299007
HD163296_CO_2_1.image;model_agb_ppn_pn_full_expanded_00010_500it;4;2 Vinyl Cyanide;0.006323396567299007
HD163296_CO_2_1.image;model_agb_ppn_pn_full_expanded_00010_500it;5;3 Hydroxyl;0.006323396567299007
uid___A002_Xa916fc_X668__IRS43_HCO32.final.image.pbcor;model_agb_ppn_pn_tr_500it;1;60 Hexatrienyl;0.8447893569844789
uid___A002_Xa916fc_X668__IRS43_HCO32.final.image.pbcor;model_agb_ppn_pn_tr_500it;2;0 1,3,5-Hexatriynyl;0.0022172949002217295
uid___A002_Xa916fc_X668__IRS43_HCO32.final.image.pbcor;model_agb_ppn_pn_tr_500it;3;1 Silicon monosulfide;0.0022172949002217295
uid___A002_Xa916fc_X668__IRS43_HCO32.final.image.pbcor;model_agb_ppn_pn_tr_500it;4;2 Vinyl Cyanide;0.0022172949002217295
uid___A002_Xa916fc_X668__IRS43_HCO32.final.image.pbcor;model_agb_ppn_pn_tr_500it;5;3 Hydroxyl;0.0022172949002217295
uid___A002_Xa916fc_X668__IRS43_HCO32.final.image.pbcor;model_agb_ppn_pn_2_500it;1;60 Hexatrienyl;0.8447893569844789
uid___A002_Xa916fc_X668__IRS43_HCO32.final.image.pbcor;model_agb_ppn_pn_2_500it;2;0 1,3,5-Hexatriynyl;0.0022172949002217295
uid___A002_Xa916fc_X668__IRS43_HCO32.final.image.pbcor;model_agb_ppn_pn_2_500it;3;1 Silicon monosulfide;0.0022172949002217295
uid___A002_Xa916fc_X668__IRS43_HCO32.final.image.pbcor;model_agb_ppn_pn_2_500it;4;2 Vinyl Cyanide;0.0022172949002217295
uid___A002_Xa916fc_X668__IRS43_HCO32.final.image.pbcor;model_agb_ppn_pn_2_500it;5;3 Hydroxyl;0.0022172949002217295
uid___A002_Xa916fc_X668__IRS43_HCO32.final.image.pbcor;model_agb_ppn_pn_full_500it;1;4 Methyliumylidene;0.8447893569844789
uid___A002_Xa916fc_X668__IRS43_HCO32.final.image.pbcor;model_agb_ppn_pn_full_500it;2;0 1,3,5-Hexatriynyl;0.0022172949002217295
uid___A002_Xa916fc_X668__IRS43_HCO32.final.image.pbcor;model_agb_ppn_pn_full_500it;3;1 Silicon monosulfide;0.0022172949002217295
uid___A002_Xa916fc_X668__IRS43_HCO32.final.image.pbcor;model_agb_ppn_pn_full_500it;4;2 Vinyl Cyanide;0.0022172949002217295
uid___A002_Xa916fc_X668__IRS43_HCO32.final.image.pbcor;model_agb_ppn_pn_full_500it;5;3 Hydroxyl;0.0022172949002217295
uid___A002_Xa916fc_X668__IRS43_HCO32.final.image.pbcor;model_agb_ppn_pn_full_expanded_00002_500it;1;47 Sodium Chloride;0.8447893569844789
uid___A002_Xa916fc_X668__IRS43_HCO32.final.image.pbcor;model_agb_ppn_pn_full_expanded_00002_500it;2;0 1,3,5-Hexatriynyl;0.0022172949002217295
uid___A002_Xa916fc_X668__IRS43_HCO32.final.image.pbcor;model_agb_ppn_pn_full_expanded_00002_500it;3;1 Silicon monosulfide;0.0022172949002217295
uid___A002_Xa916fc_X668__IRS43_HCO32.final.image.pbcor;model_agb_ppn_pn_full_expanded_00002_500it;4;2 Vinyl Cyanide;0.0022172949002217295
uid___A002_Xa916fc_X668__IRS43_HCO32.final.image.pbcor;model_agb_ppn_pn_full_expanded_00002_500it;5;3 Hydroxyl;0.0022172949002217295
uid___A002_Xa916fc_X668__IRS43_HCO32.final.image.pbcor;model_agb_ppn_pn_full_expanded_00010_500it;1;4 Methyliumylidene;0.8447893569844789
uid___A002_Xa916fc_X668__IRS43_HCO32.final.image.pbcor;model_agb_ppn_pn_full_expanded_00010_500it;2;0 1,3,5-Hexatriynyl;0.0022172949002217295
uid___A002_Xa916fc_X668__IRS43_HCO32.final.image.pbcor;model_agb_ppn_pn_full_expanded_00010_500it;3;1 Silicon monosulfide;0.0022172949002217295
uid___A002_Xa916fc_X668__IRS43_HCO32.final.image.pbcor;model_agb_ppn_pn_full_expanded_00010_500it;4;2 Vinyl Cyanide;0.0022172949002217295
uid___A002_Xa916fc_X668__IRS43_HCO32.final.image.pbcor;model_agb_ppn_pn_full_expanded_00010_500it;5;3 Hydroxyl;0.0022172949002217295
Orion.HNC.cbc.contsub.image;model_agb_ppn_pn_tr_500it;1;38 Cyanoethynylide ion;0.77491961414791
Orion.HNC.cbc.contsub.image;model_agb_ppn_pn_tr_500it;2;0 1,3,5-Hexatriynyl;0.003215434083601286
Orion.HNC.cbc.contsub.image;model_agb_ppn_pn_tr_500it;3;1 Silicon monosulfide;0.003215434083601286
Orion.HNC.cbc.contsub.image;model_agb_ppn_pn_tr_500it;4;2 Vinyl Cyanide;0.003215434083601286
Orion.HNC.cbc.contsub.image;model_agb_ppn_pn_tr_500it;5;3 Hydroxyl;0.003215434083601286
Orion.HNC.cbc.contsub.image;model_agb_ppn_pn_2_500it;1;17 Formylium;0.77491961414791
Orion.HNC.cbc.contsub.image;model_agb_ppn_pn_2_500it;2;0 1,3,5-Hexatriynyl;0.003215434083601286
Orion.HNC.cbc.contsub.image;model_agb_ppn_pn_2_500it;3;1 Silicon monosulfide;0.003215434083601286
Orion.HNC.cbc.contsub.image;model_agb_ppn_pn_2_500it;4;2 Vinyl Cyanide;0.003215434083601286
Orion.HNC.cbc.contsub.image;model_agb_ppn_pn_2_500it;5;3 Hydroxyl;0.003215434083601286
Orion.HNC.cbc.contsub.image;model_agb_ppn_pn_full_500it;1;60 Hexatrienyl;0.77491961414791
Orion.HNC.cbc.contsub.image;model_agb_ppn_pn_full_500it;2;0 1,3,5-Hexatriynyl;0.003215434083601286
Orion.HNC.cbc.contsub.image;model_agb_ppn_pn_full_500it;3;1 Silicon monosulfide;0.003215434083601286
Orion.HNC.cbc.contsub.image;model_agb_ppn_pn_full_500it;4;2 Vinyl Cyanide;0.003215434083601286
Orion.HNC.cbc.contsub.image;model_agb_ppn_pn_full_500it;5;3 Hydroxyl;0.003215434083601286
Orion.HNC.cbc.contsub.image;model_agb_ppn_pn_full_expanded_00002_500it;1;44 Sulfur Monoxide;0.77491961414791
Orion.HNC.cbc.contsub.image;model_agb_ppn_pn_full_expanded_00002_500it;2;0 1,3,5-Hexatriynyl;0.003215434083601286
Orion.HNC.cbc.contsub.image;model_agb_ppn_pn_full_expanded_00002_500it;3;1 Silicon monosulfide;0.003215434083601286
Orion.HNC.cbc.contsub.image;model_agb_ppn_pn_full_expanded_00002_500it;4;2 Vinyl Cyanide;0.003215434083601286
Orion.HNC.cbc.contsub.image;model_agb_ppn_pn_full_expanded_00002_500it;5;3 Hydroxyl;0.003215434083601286
Orion.HNC.cbc.contsub.image;model_agb_ppn_pn_full_expanded_00010_500it;1;40 Carbon Monoxide Ion;0.7703261368856225
Orion.HNC.cbc.contsub.image;model_agb_ppn_pn_full_expanded_00010_500it;2;19 Methanimine;0.007808911345888838
Orion.HNC.cbc.contsub.image;model_agb_ppn_pn_full_expanded_00010_500it;3;0 1,3,5-Hexatriynyl;0.003215434083601286
Orion.HNC.cbc.contsub.image;model_agb_ppn_pn_full_expanded_00010_500it;4;1 Silicon monosulfide;0.003215434083601286
Orion.HNC.cbc.contsub.image;model_agb_ppn_pn_full_expanded_00010_500it;5;2 Vinyl Cyanide;0.003215434083601286
