1;40 Carbon Monoxide Ion;0.3773824650571792
2;0 1,3,5-Hexatriynyl;0.008894536213468869
3;1 Silicon monosulfide;0.008894536213468869
4;2 Vinyl Cyanide;0.008894536213468869
5;3 Hydroxyl;0.008894536213468869
6;4 Methyliumylidene;0.008894536213468869
7;5 Aluminum Isocyanitrile;0.008894536213468869
8;6 Carbon Monosulfide;0.008894536213468869
9;7 Methyl Acetylene;0.008894536213468869
10;8 1,3-Butadiynyl anion;0.008894536213468869
11;9 Butatrienylidene;0.008894536213468869
12;10 2,4-Pentadiynylidyne;0.008894536213468869
13;11 Aluminum Monochloride;0.008894536213468869
14;12 4-Cyano-1,3-Butadiynyl;0.008894536213468869
15;13 Silicon monosulfide;0.008894536213468869
16;14 Water;0.008894536213468869
17;15 Hydrogen sulfide;0.008894536213468869
18;16 1,3-Butadiynyl radical;0.008894536213468869
19;17 Formylium;0.008894536213468869
20;18 Trihydrogen ion;0.008894536213468869
21;19 Methanimine;0.008894536213468869
22;20 Phosphorus Monoxide;0.008894536213468869
23;21 Methyl Cyanide;0.008894536213468869
24;22 Magnesium Isocyanide;0.008894536213468869
25;23 1,3,5-Hexatriynyl anion;0.008894536213468869
26;24 Phosphaethyne;0.008894536213468869
27;25 1,3,5,7-Octatetraynyl anion;0.008894536213468869
28;26 Silicon Monocarbide;0.008894536213468869
29;27 Cyanomethylene;0.008894536213468869
30;28 3-Thioxo-1,2-Propadieylidene;0.008894536213468869
31;29 Cyanobutadiyne;0.008894536213468869
32;30 Silicon Isocyanide;0.008894536213468869
33;31 Potassium chloride;0.008894536213468869
34;32 3-Oxo-1,2-Propadienylidene;0.008894536213468869
35;33 Silicon Carbide;0.008894536213468869
36;34 3-Cyano-1,2-propadienylidene;0.008894536213468869
37;35 Nitric sulfide;0.008894536213468869
38;36 Sulfur dioxide;0.008894536213468869
39;37 Ethyne Isocyanide;0.008894536213468869
40;38 Cyanoethynylide ion;0.008894536213468869
41;39 Cyanide Radical;0.008894536213468869
42;41 Cyanobutadiynylide anion;0.008894536213468869
43;42 Aluminum Monofluoride;0.008894536213468869
44;43 Formaldehyde;0.008894536213468869
45;44 Sulfur Monoxide;0.008894536213468869
46;45 Silicon tetracarbide;0.008894536213468869
47;46 Ethynyl;0.008894536213468869
48;47 Sodium Chloride;0.008894536213468869
49;48 Hydrogen Cyanide;0.008894536213468869
50;49 Sodium Cyanide;0.008894536213468869
51;50 3-Imino-1,2 Propadienylidene;0.008894536213468869
52;51 Methylidyne;0.008894536213468869
53;52 Thioxoethenylidene;0.008894536213468869
54;53 Silicon Monoxide;0.008894536213468869
55;54 1,3,5,7-Octatetraynyl;0.008894536213468869
56;55 Silicon Mononitride;0.008894536213468869
57;56 Carbon Monoxide;0.008894536213468869
58;57 Phosphorous nitride;0.008894536213468869
59;58 Carbon Monophosphide;0.008894536213468869
60;59 Thioformaldehyde;0.008894536213468869
61;60 Hexatrienyl;0.008894536213468869
62;61 Hydrogen Isocyanide;0.008894536213468869
63;62 Carbon Monosulfide;0.008894536213468869
64;63 Silicon Cyanide;0.008894536213468869
65;64 2,4,6-Heptatriynylidyne;0.008894536213468869
66;65 Cyclopropenylidene;0.008894536213468869
67;66 Cyanoacetylene;0.008894536213468869
68;67 Magnesium Cyanide;0.008894536213468869
69;68 3-Silanetetrayl-1,2-Propadienyli;0.008894536213468869
70;69 Cyanoethynyl;0.008894536213468869
71;70 Phosphapropynylidyne;0.008894536213468869
