¡MATCH! Model[model_hot_cores_2_500it] FITS[../../FITS/Orion.HNC.cbc.contsub.image.fits]: 0.29014084507042254
¡MATCH! Model[model_hot_cores_full_500it] FITS[../../FITS/TWHydra_HCOplusline.image.fits]: 0.22608695652173913
¡MATCH! Model[model_hot_cores_full_expanded_00002_500it] FITS[../../FITS/Orion.HNC.cbc.contsub.image.fits]: 0.29014084507042254
¡MATCH! Model[model_hot_cores_full_expanded_00002_500it] FITS[../../FITS/TWHydra_CO3_2line.image.fits]: 0.33246753246753247
¡MATCH! Model[model_hot_cores_full_expanded_00002_500it] FITS[../../FITS/TWHydra_HCOplusline.image.fits]: 0.24057971014492754
¡MATCH! Model[model_hot_cores_full_expanded_00010_500it] FITS[../../FITS/HD163296_CO_2_1.image.fits]: 0.42888888888888893
¡MATCH! Model[model_hot_cores_full_expanded_00010_500it] FITS[../../FITS/TWHydra_CO3_2line.image.fits]: 0.3194805194805195
¡MATCH! Model[model_hot_cores_full_expanded_00010_500it] FITS[../../FITS/TWHydra_HCOplusline.image.fits]: 0.21159420289855072
¡MATCH! Model[model_dark_clouds_2_500it] FITS[../../FITS/uid___A002_Xa916fc_X668__IRS43_HCO32.final.image.pbcor.fits]: 0.014264264264264265
¡MATCH! Model[model_dark_clouds_2_500it] FITS[../../FITS/TWHydra_HCOplusline.image.fits]: 0.2692307692307692
¡MATCH! Model[model_dark_clouds_full_500it] FITS[../../FITS/Orion.HNC.cbc.contsub.image.fits]: 0.28947368421052627
¡MATCH! Model[model_dark_clouds_full_expanded_00002_500it] FITS[../../FITS/HD163296_CO_2_1.image.fits]: 0.04276315789473684
¡MATCH! Model[model_dark_clouds_full_expanded_00002_500it] FITS[../../FITS/TWHydra_CO3_2line.image.fits]: 0.3312020460358056
¡MATCH! Model[model_dark_clouds_full_expanded_00002_500it] FITS[../../FITS/TWHydra_HCOplusline.image.fits]: 0.2692307692307692
¡MATCH! Model[model_dark_clouds_full_expanded_00010_500it] FITS[../../FITS/TWHydra_CO3_2line.image.fits]: 0.3312020460358056
¡MATCH! Model[model_dark_clouds_full_expanded_00010_500it] FITS[../../FITS/TWHydra_HCOplusline.image.fits]: 0.25498575498575493
¡MATCH! Model[model_diffuse_clouds_tr_500it] FITS[../../FITS/Orion.HNC.cbc.contsub.image.fits]: 0.29971590909090906
¡MATCH! Model[model_diffuse_clouds_tr_500it] FITS[../../FITS/uid___A002_Xa916fc_X668__IRS43_HCO32.final.image.pbcor.fits]: 0.6324200913242009
¡MATCH! Model[model_diffuse_clouds_tr_500it] FITS[../../FITS/TWHydra_HCOplusline.image.fits]: 0.27923976608187134
¡MATCH! Model[model_diffuse_clouds_2_500it] FITS[../../FITS/TWHydra_HCOplusline.image.fits]: 0.293859649122807
¡MATCH! Model[model_diffuse_clouds_full_expanded_00002_500it] FITS[../../FITS/DMTau.CS_5-4.image.fits]: 0.02146814404432133
¡MATCH! Model[model_diffuse_clouds_full_expanded_00002_500it] FITS[../../FITS/HD163296_CO_2_1.image.fits]: 0.4597315436241611
¡MATCH! Model[model_diffuse_clouds_full_expanded_00002_500it] FITS[../../FITS/TWHydra_CO3_2line.image.fits]: 0.36780104712041883
¡MATCH! Model[model_diffuse_clouds_full_expanded_00002_500it] FITS[../../FITS/TWHydra_HCOplusline.image.fits]: 0.27923976608187134
¡MATCH! Model[model_diffuse_clouds_full_expanded_00010_500it] FITS[../../FITS/DMTau.CS_5-4.image.fits]: 0.02146814404432133
¡MATCH! Model[model_diffuse_clouds_full_expanded_00010_500it] FITS[../../FITS/HD163296_CO_2_1.image.fits]: 0.06823266219239373
¡MATCH! Model[model_diffuse_clouds_full_expanded_00010_500it] FITS[../../FITS/Orion.HNC.cbc.contsub.image.fits]: 0.29971590909090906
¡MATCH! Model[model_diffuse_clouds_full_expanded_00010_500it] FITS[../../FITS/uid___A002_Xa916fc_X668__IRS43_HCO32.final.image.pbcor.fits]: 0.6324200913242009
¡MATCH! Model[model_diffuse_clouds_full_expanded_00010_500it] FITS[../../FITS/TWHydra_CO3_2line.image.fits]: 0.35471204188481675
¡MATCH! Model[model_diffuse_clouds_full_expanded_00010_500it] FITS[../../FITS/TWHydra_HCOplusline.image.fits]: 0.27923976608187134
¡MATCH! Model[model_comets_tr_500it] FITS[../../FITS/HD163296_CO_2_1.image.fits]: 0.01888888888888889
¡MATCH! Model[model_comets_tr_500it] FITS[../../FITS/TWHydra_HCOplusline.image.fits]: 0.2855072463768116
¡MATCH! Model[model_comets_2_500it] FITS[../../FITS/HD163296_CO_2_1.image.fits]: 0.01888888888888889
¡MATCH! Model[model_comets_2_500it] FITS[../../FITS/Orion.HNC.cbc.contsub.image.fits]: 0.3056338028169014
¡MATCH! Model[model_comets_2_500it] FITS[../../FITS/TWHydra_CO3_2line.image.fits]: 0.02207792207792208
¡MATCH! Model[model_comets_2_500it] FITS[../../FITS/TWHydra_HCOplusline.image.fits]: 0.2855072463768116
¡MATCH! Model[model_comets_full_500it] FITS[../../FITS/HD163296_CO_2_1.image.fits]: 0.01888888888888889
¡MATCH! Model[model_comets_full_500it] FITS[../../FITS/Orion.HNC.cbc.contsub.image.fits]: 0.03802816901408451
¡MATCH! Model[model_comets_full_500it] FITS[../../FITS/uid___A002_Xa916fc_X668__IRS43_HCO32.final.image.pbcor.fits]: 0.28560606060606064
¡MATCH! Model[model_comets_full_500it] FITS[../../FITS/TWHydra_CO3_2line.image.fits]: 0.02207792207792208
¡MATCH! Model[model_comets_full_expanded_00002_500it] FITS[../../FITS/TWHydra_CO3_2line.image.fits]: 0.35974025974025975
¡MATCH! Model[model_comets_full_expanded_00002_500it] FITS[../../FITS/TWHydra_HCOplusline.image.fits]: 0.27101449275362316
¡MATCH! Model[model_comets_full_expanded_00010_500it] FITS[../../FITS/HD163296_CO_2_1.image.fits]: 0.45222222222222225
¡MATCH! Model[model_comets_full_expanded_00010_500it] FITS[../../FITS/Orion.HNC.cbc.contsub.image.fits]: 0.27746478873239433
¡MATCH! Model[model_comets_full_expanded_00010_500it] FITS[../../FITS/TWHydra_CO3_2line.image.fits]: 0.34675324675324676
¡MATCH! Model[model_comets_full_expanded_00010_500it] FITS[../../FITS/TWHydra_HCOplusline.image.fits]: 0.27101449275362316
¡MATCH! Model[model_extragalactic_tr_500it] FITS[../../FITS/TWHydra_HCOplusline.image.fits]: 0.03508771929824561
¡MATCH! Model[model_extragalactic_full_500it] FITS[../../FITS/uid___A002_Xa916fc_X668__IRS43_HCO32.final.image.pbcor.fits]: 0.2846270928462709
¡MATCH! Model[model_extragalactic_full_expanded_00002_500it] FITS[../../FITS/Orion.HNC.cbc.contsub.image.fits]: 0.3039772727272727
¡MATCH! Model[model_extragalactic_full_expanded_00002_500it] FITS[../../FITS/TWHydra_HCOplusline.image.fits]: 0.283625730994152
¡MATCH! Model[model_extragalactic_full_expanded_00010_500it] FITS[../../FITS/Orion.HNC.cbc.contsub.image.fits]: 0.3039772727272727
¡MATCH! Model[model_extragalactic_full_expanded_00010_500it] FITS[../../FITS/TWHydra_CO3_2line.image.fits]: 0.33246073298429313
¡MATCH! Model[model_extragalactic_full_expanded_00010_500it] FITS[../../FITS/TWHydra_HCOplusline.image.fits]: 0.283625730994152
¡MATCH! Model[model_planetary_tr_500it] FITS[../../FITS/uid___A002_Xa916fc_X668__IRS43_HCO32.final.image.pbcor.fits]: 0.018726591760299626
¡MATCH! Model[model_planetary_tr_500it] FITS[../../FITS/Orion.methanol.cbc.contsub.image.fits]: 0.047619047619047616
¡MATCH! Model[model_planetary_tr_500it] FITS[../../FITS/TWHydra_HCOplusline.image.fits]: 0.03546099290780142
¡MATCH! Model[model_planetary_2_500it] FITS[../../FITS/uid___A002_Xa916fc_X668__IRS43_HCO32.final.image.pbcor.fits]: 0.018726591760299626
¡MATCH! Model[model_planetary_2_500it] FITS[../../FITS/Orion.methanol.cbc.contsub.image.fits]: 0.047619047619047616
¡MATCH! Model[model_planetary_2_500it] FITS[../../FITS/TWHydra_HCOplusline.image.fits]: 0.03546099290780142
¡MATCH! Model[model_planetary_full_500it] FITS[../../FITS/uid___A002_Xa916fc_X668__IRS43_HCO32.final.image.pbcor.fits]: 0.018726591760299626
¡MATCH! Model[model_planetary_full_500it] FITS[../../FITS/Orion.methanol.cbc.contsub.image.fits]: 0.047619047619047616
¡MATCH! Model[model_planetary_full_500it] FITS[../../FITS/TWHydra_HCOplusline.image.fits]: 0.03546099290780142
¡MATCH! Model[model_planetary_full_expanded_00002_500it] FITS[../../FITS/HD163296_CO_2_1.image.fits]: 0.03932584269662921
¡MATCH! Model[model_planetary_full_expanded_00002_500it] FITS[../../FITS/uid___A002_Xa916fc_X668__IRS43_HCO32.final.image.pbcor.fits]: 0.019083969465648856
¡MATCH! Model[model_planetary_full_expanded_00002_500it] FITS[../../FITS/Orion.methanol.cbc.contsub.image.fits]: 0.05
¡MATCH! Model[model_planetary_full_expanded_00002_500it] FITS[../../FITS/TWHydra_CO3_2line.image.fits]: 0.375
¡MATCH! Model[model_planetary_full_expanded_00002_500it] FITS[../../FITS/TWHydra_HCOplusline.image.fits]: 0.3014705882352941
¡MATCH! Model[model_planetary_full_expanded_00010_500it] FITS[../../FITS/uid___A002_Xa916fc_X668__IRS43_HCO32.final.image.pbcor.fits]: 0.6297709923664122
¡MATCH! Model[model_planetary_full_expanded_00010_500it] FITS[../../FITS/Orion.methanol.cbc.contsub.image.fits]: 0.05
¡MATCH! Model[model_planetary_full_expanded_00010_500it] FITS[../../FITS/TWHydra_CO3_2line.image.fits]: 0.3618421052631579
¡MATCH! Model[model_planetary_full_expanded_00010_500it] FITS[../../FITS/TWHydra_HCOplusline.image.fits]: 0.2867647058823529
