1;29 Formylium;0.0649122807017544
2;12 Ethylene Glycol;0.04736842105263158
3;16 Hydroxyl;0.04736842105263158
4;21 Methanol;0.04736842105263158
5;22 Thioformaldehyde;0.04736842105263158
6;0 Methylidyne;0.02982456140350877
7;1 Formaldehyde;0.02982456140350877
8;2 Sulfur dioxide;0.02982456140350877
9;3 Carbon Monoxide;0.02982456140350877
10;4 Acetaldehyde;0.02982456140350877
11;5 Water;0.02982456140350877
12;6 Imidogen;0.02982456140350877
13;7 Carbon Monoxide Ion;0.02982456140350877
14;8 Nitric sulfide;0.02982456140350877
15;9 Isocyanic Acid;0.02982456140350877
16;10 Formic Acid;0.02982456140350877
17;11 Amidogen;0.02982456140350877
18;13 Methyliumylidene;0.02982456140350877
19;14 Cyanide Radical;0.02982456140350877
20;15 Carbonyl Sulfide;0.02982456140350877
21;17 Nitric oxide;0.02982456140350877
22;18 Methyl Cyanide;0.02982456140350877
23;19 Cyclopropenylidene;0.02982456140350877
24;20 Sulfur Monoxide ion;0.02982456140350877
25;23 Ammonia;0.02982456140350877
26;24 Cyanoacetylene;0.02982456140350877
27;25 Hydrogen Cyanide;0.02982456140350877
28;26 Hydrogen sulfide;0.02982456140350877
29;27 Molecular oxygen;0.02982456140350877
30;28 Hydrogen Isocyanide;0.02982456140350877
