1;13 Methyliumylidene;0.06981132075471698
2;0 Methylidyne;0.03207547169811321
3;1 Formaldehyde;0.03207547169811321
4;2 Sulfur dioxide;0.03207547169811321
5;3 Carbon Monoxide;0.03207547169811321
6;4 Acetaldehyde;0.03207547169811321
7;5 Water;0.03207547169811321
8;6 Imidogen;0.03207547169811321
9;7 Carbon Monoxide Ion;0.03207547169811321
10;8 Nitric sulfide;0.03207547169811321
11;9 Isocyanic Acid;0.03207547169811321
12;10 Formic Acid;0.03207547169811321
13;11 Amidogen;0.03207547169811321
14;12 Ethylene Glycol;0.03207547169811321
15;14 Cyanide Radical;0.03207547169811321
16;15 Carbonyl Sulfide;0.03207547169811321
17;16 Hydroxyl;0.03207547169811321
18;17 Nitric oxide;0.03207547169811321
19;18 Methyl Cyanide;0.03207547169811321
20;19 Cyclopropenylidene;0.03207547169811321
21;20 Sulfur Monoxide ion;0.03207547169811321
22;21 Methanol;0.03207547169811321
23;22 Thioformaldehyde;0.03207547169811321
24;23 Ammonia;0.03207547169811321
25;24 Cyanoacetylene;0.03207547169811321
26;25 Hydrogen Cyanide;0.03207547169811321
27;26 Hydrogen sulfide;0.03207547169811321
28;27 Molecular oxygen;0.03207547169811321
29;28 Hydrogen Isocyanide;0.03207547169811321
30;29 Formylium;0.03207547169811321
