1;7 Carbon Monoxide Ion;0.5786324786324787
2;0 Methylidyne;0.01452991452991453
3;1 Formaldehyde;0.01452991452991453
4;2 Sulfur dioxide;0.01452991452991453
5;3 Carbon Monoxide;0.01452991452991453
6;4 Acetaldehyde;0.01452991452991453
7;5 Water;0.01452991452991453
8;6 Imidogen;0.01452991452991453
9;8 Nitric sulfide;0.01452991452991453
10;9 Isocyanic Acid;0.01452991452991453
11;10 Formic Acid;0.01452991452991453
12;11 Amidogen;0.01452991452991453
13;12 Ethylene Glycol;0.01452991452991453
14;13 Methyliumylidene;0.01452991452991453
15;14 Cyanide Radical;0.01452991452991453
16;15 Carbonyl Sulfide;0.01452991452991453
17;16 Hydroxyl;0.01452991452991453
18;17 Nitric oxide;0.01452991452991453
19;18 Methyl Cyanide;0.01452991452991453
20;19 Cyclopropenylidene;0.01452991452991453
21;20 Sulfur Monoxide ion;0.01452991452991453
22;21 Methanol;0.01452991452991453
23;22 Thioformaldehyde;0.01452991452991453
24;23 Ammonia;0.01452991452991453
25;24 Cyanoacetylene;0.01452991452991453
26;25 Hydrogen Cyanide;0.01452991452991453
27;26 Hydrogen sulfide;0.01452991452991453
28;27 Molecular oxygen;0.01452991452991453
29;28 Hydrogen Isocyanide;0.01452991452991453
30;29 Formylium;0.01452991452991453
