1;29 Formylium;0.15396825396825395
2;5 Water;0.04285714285714286
3;7 Carbon Monoxide Ion;0.04285714285714286
4;12 Ethylene Glycol;0.04285714285714286
5;24 Cyanoacetylene;0.04285714285714286
6;0 Methylidyne;0.026984126984126982
7;1 Formaldehyde;0.026984126984126982
8;2 Sulfur dioxide;0.026984126984126982
9;3 Carbon Monoxide;0.026984126984126982
10;4 Acetaldehyde;0.026984126984126982
11;6 Imidogen;0.026984126984126982
12;8 Nitric sulfide;0.026984126984126982
13;9 Isocyanic Acid;0.026984126984126982
14;10 Formic Acid;0.026984126984126982
15;11 Amidogen;0.026984126984126982
16;13 Methyliumylidene;0.026984126984126982
17;14 Cyanide Radical;0.026984126984126982
18;15 Carbonyl Sulfide;0.026984126984126982
19;16 Hydroxyl;0.026984126984126982
20;17 Nitric oxide;0.026984126984126982
21;18 Methyl Cyanide;0.026984126984126982
22;19 Cyclopropenylidene;0.026984126984126982
23;20 Sulfur Monoxide ion;0.026984126984126982
24;21 Methanol;0.026984126984126982
25;22 Thioformaldehyde;0.026984126984126982
26;23 Ammonia;0.026984126984126982
27;25 Hydrogen Cyanide;0.026984126984126982
28;26 Hydrogen sulfide;0.026984126984126982
29;27 Molecular oxygen;0.026984126984126982
30;28 Hydrogen Isocyanide;0.026984126984126982
