1;19 Hydrogen Cyanide;0.23076923076923078
2;0 Methanol;0.038461538461538464
3;1 Hydrogen fluoride;0.038461538461538464
4;2 Nitric oxide;0.038461538461538464
5;3 Formylium;0.038461538461538464
6;4 Sodium Chloride;0.038461538461538464
7;5 Sulfur dioxide;0.038461538461538464
8;6 para-Oxidaniumyl;0.038461538461538464
9;7 Sulfur Monoxide;0.038461538461538464
10;8 Butatrienylidene;0.038461538461538464
11;9 Carbon Monoxide;0.038461538461538464
12;10 Nitrous Oxide;0.038461538461538464
13;11 Cyanoacetylene;0.038461538461538464
14;12 Carbonyl Sulfide;0.038461538461538464
15;13 Molecular oxygen;0.038461538461538464
16;14 ortho-Oxidaniumyl;0.038461538461538464
17;15 Water;0.038461538461538464
18;16 Iminomethylium;0.038461538461538464
19;17 Hydrochloric acid;0.038461538461538464
20;18 Acetylene;0.038461538461538464
