1;0 Methanol;0.03785488958990536
2;1 Hydrogen fluoride;0.03785488958990536
3;2 Nitric oxide;0.03785488958990536
4;3 Formylium;0.03785488958990536
5;4 Sodium Chloride;0.03785488958990536
6;5 Sulfur dioxide;0.03785488958990536
7;6 para-Oxidaniumyl;0.03785488958990536
8;7 Sulfur Monoxide;0.03785488958990536
9;8 Butatrienylidene;0.03785488958990536
10;9 Carbon Monoxide;0.03785488958990536
11;10 Nitrous Oxide;0.03785488958990536
12;11 Cyanoacetylene;0.03785488958990536
13;12 Carbonyl Sulfide;0.03785488958990536
14;13 Molecular oxygen;0.03785488958990536
15;14 ortho-Oxidaniumyl;0.03785488958990536
16;15 Water;0.03785488958990536
17;16 Iminomethylium;0.03785488958990536
18;17 Hydrochloric acid;0.03785488958990536
19;18 Acetylene;0.03785488958990536
20;19 Hydrogen Cyanide;0.03785488958990536
