1;1 Hydrogen fluoride;0.20529801324503313
2;0 Methanol;0.039735099337748346
3;2 Nitric oxide;0.039735099337748346
4;3 Formylium;0.039735099337748346
5;4 Sodium Chloride;0.039735099337748346
6;5 Sulfur dioxide;0.039735099337748346
7;6 para-Oxidaniumyl;0.039735099337748346
8;7 Sulfur Monoxide;0.039735099337748346
9;8 Butatrienylidene;0.039735099337748346
10;9 Carbon Monoxide;0.039735099337748346
11;10 Nitrous Oxide;0.039735099337748346
12;11 Cyanoacetylene;0.039735099337748346
13;12 Carbonyl Sulfide;0.039735099337748346
14;13 Molecular oxygen;0.039735099337748346
15;14 ortho-Oxidaniumyl;0.039735099337748346
16;15 Water;0.039735099337748346
17;16 Iminomethylium;0.039735099337748346
18;17 Hydrochloric acid;0.039735099337748346
19;18 Acetylene;0.039735099337748346
20;19 Hydrogen Cyanide;0.039735099337748346
