1;14 Diazenylium;0.8711882229232387
2;0 Methylidyne;0.003680336487907466
3;1 1,3-Butadiynyl radical;0.003680336487907466
4;2 Formaldehyde;0.003680336487907466
5;3 Sulfur dioxide;0.003680336487907466
6;4 Carbon Monoxide;0.003680336487907466
7;5 Water;0.003680336487907466
8;6 Carbon Monoxide Ion;0.003680336487907466
9;7 Nitric sulfide;0.003680336487907466
10;8 Isocyanic Acid;0.003680336487907466
11;9 Methyliumylidene;0.003680336487907466
12;10 Cyanide Radical;0.003680336487907466
13;11 Ethynyl;0.003680336487907466
14;12 Carbonyl Sulfide;0.003680336487907466
15;13 Hydroxyl;0.003680336487907466
16;15 Thioxoethenylidene;0.003680336487907466
17;16 Nitric oxide;0.003680336487907466
18;17 Methyl Cyanide;0.003680336487907466
19;18 Cyclopropenylidene;0.003680336487907466
20;19 Methanimine;0.003680336487907466
21;20 Methanol;0.003680336487907466
22;21 Thioformaldehyde;0.003680336487907466
23;22 Ammonia;0.003680336487907466
24;23 Cyanamide;0.003680336487907466
25;24 Cyanoacetylene;0.003680336487907466
26;25 Sodium Chloride;0.003680336487907466
27;26 Silicon Monoxide;0.003680336487907466
28;27 Sulfur Monoxide;0.003680336487907466
29;28 Protonated Carbon Dioxide;0.003680336487907466
30;29 Hydrogen Cyanide;0.003680336487907466
31;30 Carbon Monosulfide;0.003680336487907466
32;31 Hydrogen sulfide;0.003680336487907466
33;32 Molecular oxygen;0.003680336487907466
34;33 Hydrogen Isocyanide;0.003680336487907466
35;34 Formylium;0.003680336487907466
36;35 Methyl Acetylene;0.003680336487907466
