1;9 Methyliumylidene;0.7735674676524954
2;0 Methylidyne;0.006469500924214417
3;1 1,3-Butadiynyl radical;0.006469500924214417
4;2 Formaldehyde;0.006469500924214417
5;3 Sulfur dioxide;0.006469500924214417
6;4 Carbon Monoxide;0.006469500924214417
7;5 Water;0.006469500924214417
8;6 Carbon Monoxide Ion;0.006469500924214417
9;7 Nitric sulfide;0.006469500924214417
10;8 Isocyanic Acid;0.006469500924214417
11;10 Cyanide Radical;0.006469500924214417
12;11 Ethynyl;0.006469500924214417
13;12 Carbonyl Sulfide;0.006469500924214417
14;13 Hydroxyl;0.006469500924214417
15;14 Diazenylium;0.006469500924214417
16;15 Thioxoethenylidene;0.006469500924214417
17;16 Nitric oxide;0.006469500924214417
18;17 Methyl Cyanide;0.006469500924214417
19;18 Cyclopropenylidene;0.006469500924214417
20;19 Methanimine;0.006469500924214417
21;20 Methanol;0.006469500924214417
22;21 Thioformaldehyde;0.006469500924214417
23;22 Ammonia;0.006469500924214417
24;23 Cyanamide;0.006469500924214417
25;24 Cyanoacetylene;0.006469500924214417
26;25 Sodium Chloride;0.006469500924214417
27;26 Silicon Monoxide;0.006469500924214417
28;27 Sulfur Monoxide;0.006469500924214417
29;28 Protonated Carbon Dioxide;0.006469500924214417
30;29 Hydrogen Cyanide;0.006469500924214417
31;30 Carbon Monosulfide;0.006469500924214417
32;31 Hydrogen sulfide;0.006469500924214417
33;32 Molecular oxygen;0.006469500924214417
34;33 Hydrogen Isocyanide;0.006469500924214417
35;34 Formylium;0.006469500924214417
36;35 Methyl Acetylene;0.006469500924214417
