DMTau.CS_5-4.image;model_extragalactic_tr_500it;1;9 Methyliumylidene;0.8711882229232387
DMTau.CS_5-4.image;model_extragalactic_tr_500it;2;0 Methylidyne;0.003680336487907466
DMTau.CS_5-4.image;model_extragalactic_tr_500it;3;1 1,3-Butadiynyl radical;0.003680336487907466
DMTau.CS_5-4.image;model_extragalactic_tr_500it;4;2 Formaldehyde;0.003680336487907466
DMTau.CS_5-4.image;model_extragalactic_tr_500it;5;3 Sulfur dioxide;0.003680336487907466
TWHydra_HCOplusline.image;model_extragalactic_tr_500it;1;6 Carbon Monoxide Ion;0.3051771117166212
TWHydra_HCOplusline.image;model_extragalactic_tr_500it;2;34 Formylium;0.04632152588555858
TWHydra_HCOplusline.image;model_extragalactic_tr_500it;3;0 Methylidyne;0.019073569482288825
TWHydra_HCOplusline.image;model_extragalactic_tr_500it;4;1 1,3-Butadiynyl radical;0.019073569482288825
TWHydra_HCOplusline.image;model_extragalactic_tr_500it;5;2 Formaldehyde;0.019073569482288825
Orion.HNC.cbc.contsub.image;model_extragalactic_tr_500it;1;9 Methyliumylidene;0.7735674676524954
Orion.HNC.cbc.contsub.image;model_extragalactic_tr_500it;2;0 Methylidyne;0.006469500924214417
Orion.HNC.cbc.contsub.image;model_extragalactic_tr_500it;3;1 1,3-Butadiynyl radical;0.006469500924214417
Orion.HNC.cbc.contsub.image;model_extragalactic_tr_500it;4;2 Formaldehyde;0.006469500924214417
Orion.HNC.cbc.contsub.image;model_extragalactic_tr_500it;5;3 Sulfur dioxide;0.006469500924214417
uid___A002_Xa916fc_X668__IRS43_HCO32.final.image.pbcor;model_extragalactic_tr_500it;1;9 Methyliumylidene;0.8167539267015708
uid___A002_Xa916fc_X668__IRS43_HCO32.final.image.pbcor;model_extragalactic_tr_500it;2;0 Methylidyne;0.005235602094240838
uid___A002_Xa916fc_X668__IRS43_HCO32.final.image.pbcor;model_extragalactic_tr_500it;3;1 1,3-Butadiynyl radical;0.005235602094240838
uid___A002_Xa916fc_X668__IRS43_HCO32.final.image.pbcor;model_extragalactic_tr_500it;4;2 Formaldehyde;0.005235602094240838
uid___A002_Xa916fc_X668__IRS43_HCO32.final.image.pbcor;model_extragalactic_tr_500it;5;3 Sulfur dioxide;0.005235602094240838
Orion.methanol.cbc.contsub.image;model_extragalactic_tr_500it;1;9 Methyliumylidene;0.5896147403685092
Orion.methanol.cbc.contsub.image;model_extragalactic_tr_500it;2;0 Methylidyne;0.011725293132328308
Orion.methanol.cbc.contsub.image;model_extragalactic_tr_500it;3;1 1,3-Butadiynyl radical;0.011725293132328308
Orion.methanol.cbc.contsub.image;model_extragalactic_tr_500it;4;2 Formaldehyde;0.011725293132328308
Orion.methanol.cbc.contsub.image;model_extragalactic_tr_500it;5;3 Sulfur dioxide;0.011725293132328308
HD163296_CO_2_1.image;model_extragalactic_tr_500it;1;29 Hydrogen Cyanide;0.46969696969696967
HD163296_CO_2_1.image;model_extragalactic_tr_500it;2;0 Methylidyne;0.01515151515151515
HD163296_CO_2_1.image;model_extragalactic_tr_500it;3;1 1,3-Butadiynyl radical;0.01515151515151515
HD163296_CO_2_1.image;model_extragalactic_tr_500it;4;2 Formaldehyde;0.01515151515151515
HD163296_CO_2_1.image;model_extragalactic_tr_500it;5;3 Sulfur dioxide;0.01515151515151515
TWHydra_CO3_2line.image;model_extragalactic_tr_500it;1;9 Methyliumylidene;0.3501326259946949
TWHydra_CO3_2line.image;model_extragalactic_tr_500it;2;0 Methylidyne;0.018567639257294426
TWHydra_CO3_2line.image;model_extragalactic_tr_500it;3;1 1,3-Butadiynyl radical;0.018567639257294426
TWHydra_CO3_2line.image;model_extragalactic_tr_500it;4;2 Formaldehyde;0.018567639257294426
TWHydra_CO3_2line.image;model_extragalactic_tr_500it;5;3 Sulfur dioxide;0.018567639257294426
