1;4 Carbon Monoxide;0.3501326259946949
2;0 Methylidyne;0.018567639257294426
3;1 1,3-Butadiynyl radical;0.018567639257294426
4;2 Formaldehyde;0.018567639257294426
5;3 Sulfur dioxide;0.018567639257294426
6;5 Water;0.018567639257294426
7;6 Carbon Monoxide Ion;0.018567639257294426
8;7 Nitric sulfide;0.018567639257294426
9;8 Isocyanic Acid;0.018567639257294426
10;9 Methyliumylidene;0.018567639257294426
11;10 Cyanide Radical;0.018567639257294426
12;11 Ethynyl;0.018567639257294426
13;12 Carbonyl Sulfide;0.018567639257294426
14;13 Hydroxyl;0.018567639257294426
15;14 Diazenylium;0.018567639257294426
16;15 Thioxoethenylidene;0.018567639257294426
17;16 Nitric oxide;0.018567639257294426
18;17 Methyl Cyanide;0.018567639257294426
19;18 Cyclopropenylidene;0.018567639257294426
20;19 Methanimine;0.018567639257294426
21;20 Methanol;0.018567639257294426
22;21 Thioformaldehyde;0.018567639257294426
23;22 Ammonia;0.018567639257294426
24;23 Cyanamide;0.018567639257294426
25;24 Cyanoacetylene;0.018567639257294426
26;25 Sodium Chloride;0.018567639257294426
27;26 Silicon Monoxide;0.018567639257294426
28;27 Sulfur Monoxide;0.018567639257294426
29;28 Protonated Carbon Dioxide;0.018567639257294426
30;29 Hydrogen Cyanide;0.018567639257294426
31;30 Carbon Monosulfide;0.018567639257294426
32;31 Hydrogen sulfide;0.018567639257294426
33;32 Molecular oxygen;0.018567639257294426
34;33 Hydrogen Isocyanide;0.018567639257294426
35;34 Formylium;0.018567639257294426
36;35 Methyl Acetylene;0.018567639257294426
