1;5 Methyliumylidene;0.5377673796791445
2;28 Cyanobutadiyne;0.23362299465240643
3;32 2,4,6,8,10-Undecapentaynenitrile;0.06316844919786097
4;0 Ketene;0.003008021390374332
5;1 1,3,5-Hexatriynyl;0.003008021390374332
6;2 Oxonium hydride;0.003008021390374332
7;3 Vinyl Cyanide;0.003008021390374332
8;4 Hydroxyl;0.003008021390374332
9;6 Carbon Monosulfide;0.003008021390374332
10;7 Cyanomethyl;0.003008021390374332
11;8 Methyl Acetylene;0.003008021390374332
12;9 Ethyl Cyanide;0.003008021390374332
13;10 2,4-Pentadiynylidyne;0.003008021390374332
14;11 4-Cyano-1,3-Butadiynyl;0.003008021390374332
15;12 Water;0.003008021390374332
16;13 Hydrogen sulfide;0.003008021390374332
17;14 Methylene amidogen;0.003008021390374332
18;15 1,3-Butadiynyl radical;0.003008021390374332
19;16 2,4,6,8-Nonatetraynenitrile;0.003008021390374332
20;17 Formylium;0.003008021390374332
21;18 Cyanoallene;0.003008021390374332
22;19 Trihydrogen ion;0.003008021390374332
23;20 Methylcyanodiacetylene;0.003008021390374332
24;21 2,4,6-Heptatriynenitrile;0.003008021390374332
25;22 Methanol;0.003008021390374332
26;23 Ammonia;0.003008021390374332
27;24 Methyl Cyanide;0.003008021390374332
28;25 1,3,5-Hexatriynyl anion;0.003008021390374332
29;26 1,3,5,7-Octatetraynyl anion;0.003008021390374332
30;27 3-Thioxo-1,2-Propadieylidene;0.003008021390374332
31;29 Nitric sulfide;0.003008021390374332
32;30 Sulfur dioxide;0.003008021390374332
33;31 Hydrochloric acid;0.003008021390374332
34;33 Cyanide Radical;0.003008021390374332
35;34 Nitric oxide;0.003008021390374332
36;35 Formaldehyde;0.003008021390374332
37;36 Sulfur Monoxide;0.003008021390374332
38;37 Methyltriacetylene;0.003008021390374332
39;38 Hydrogen Cyanide;0.003008021390374332
40;39 Methyl diacetylene;0.003008021390374332
41;40 Methylidyne;0.003008021390374332
42;41 Thioxoethenylidene;0.003008021390374332
43;42 Silicon Monoxide;0.003008021390374332
44;43 1,3,5,7-Octatetraynyl;0.003008021390374332
45;44 Oxoethenylidene;0.003008021390374332
46;45 Propynylidynium;0.003008021390374332
47;46 Carbon Monoxide;0.003008021390374332
48;47 Thioformaldehyde;0.003008021390374332
49;48 Hexatrienyl;0.003008021390374332
50;49 Diazenylium;0.003008021390374332
51;50 Hydrogen Isocyanide;0.003008021390374332
52;51 Carbon Monosulfide;0.003008021390374332
53;52 Methylamine;0.003008021390374332
54;53 Formic Acid;0.003008021390374332
55;54 Cyclopropenylidene;0.003008021390374332
56;55 Cyanoacetylene;0.003008021390374332
57;56 para-Oxidaniumyl;0.003008021390374332
58;57 ortho-Oxidaniumyl;0.003008021390374332
