1;41 Thioxoethenylidene;0.7278876170655568
2;8 Methyl Acetylene;0.009885535900104058
3;0 Ketene;0.004682622268470344
4;1 1,3,5-Hexatriynyl;0.004682622268470344
5;2 Oxonium hydride;0.004682622268470344
6;3 Vinyl Cyanide;0.004682622268470344
7;4 Hydroxyl;0.004682622268470344
8;5 Methyliumylidene;0.004682622268470344
9;6 Carbon Monosulfide;0.004682622268470344
10;7 Cyanomethyl;0.004682622268470344
11;9 Ethyl Cyanide;0.004682622268470344
12;10 2,4-Pentadiynylidyne;0.004682622268470344
13;11 4-Cyano-1,3-Butadiynyl;0.004682622268470344
14;12 Water;0.004682622268470344
15;13 Hydrogen sulfide;0.004682622268470344
16;14 Methylene amidogen;0.004682622268470344
17;15 1,3-Butadiynyl radical;0.004682622268470344
18;16 2,4,6,8-Nonatetraynenitrile;0.004682622268470344
19;17 Formylium;0.004682622268470344
20;18 Cyanoallene;0.004682622268470344
21;19 Trihydrogen ion;0.004682622268470344
22;20 Methylcyanodiacetylene;0.004682622268470344
23;21 2,4,6-Heptatriynenitrile;0.004682622268470344
24;22 Methanol;0.004682622268470344
25;23 Ammonia;0.004682622268470344
26;24 Methyl Cyanide;0.004682622268470344
27;25 1,3,5-Hexatriynyl anion;0.004682622268470344
28;26 1,3,5,7-Octatetraynyl anion;0.004682622268470344
29;27 3-Thioxo-1,2-Propadieylidene;0.004682622268470344
30;28 Cyanobutadiyne;0.004682622268470344
31;29 Nitric sulfide;0.004682622268470344
32;30 Sulfur dioxide;0.004682622268470344
33;31 Hydrochloric acid;0.004682622268470344
34;32 2,4,6,8,10-Undecapentaynenitrile;0.004682622268470344
35;33 Cyanide Radical;0.004682622268470344
36;34 Nitric oxide;0.004682622268470344
37;35 Formaldehyde;0.004682622268470344
38;36 Sulfur Monoxide;0.004682622268470344
39;37 Methyltriacetylene;0.004682622268470344
40;38 Hydrogen Cyanide;0.004682622268470344
41;39 Methyl diacetylene;0.004682622268470344
42;40 Methylidyne;0.004682622268470344
43;42 Silicon Monoxide;0.004682622268470344
44;43 1,3,5,7-Octatetraynyl;0.004682622268470344
45;44 Oxoethenylidene;0.004682622268470344
46;45 Propynylidynium;0.004682622268470344
47;46 Carbon Monoxide;0.004682622268470344
48;47 Thioformaldehyde;0.004682622268470344
49;48 Hexatrienyl;0.004682622268470344
50;49 Diazenylium;0.004682622268470344
51;50 Hydrogen Isocyanide;0.004682622268470344
52;51 Carbon Monosulfide;0.004682622268470344
53;52 Methylamine;0.004682622268470344
54;53 Formic Acid;0.004682622268470344
55;54 Cyclopropenylidene;0.004682622268470344
56;55 Cyanoacetylene;0.004682622268470344
57;56 para-Oxidaniumyl;0.004682622268470344
58;57 ortho-Oxidaniumyl;0.004682622268470344
