1;16 Silicon Monoxide;0.23447204968944096
2;18 Carbon Monosulfide;0.04813664596273291
3;0 Methylidyne;0.03260869565217391
4;1 Butyronitrile;0.03260869565217391
5;2 Formaldehyde;0.03260869565217391
6;3 Sulfur dioxide;0.03260869565217391
7;4 Carbon Monoxide;0.03260869565217391
8;5 Water;0.03260869565217391
9;6 Chloronium;0.03260869565217391
10;7 Imidogen;0.03260869565217391
11;8 Thioformylium;0.03260869565217391
12;9 Mercapto radical;0.03260869565217391
13;10 Methyl formate vt01;0.03260869565217391
14;11 Methyliumylidene;0.03260869565217391
15;12 Cyanide Radical;0.03260869565217391
16;13 Hydroxyl;0.03260869565217391
17;14 Nitric oxide;0.03260869565217391
18;15 Cyclopropenylidene;0.03260869565217391
19;17 Hydrogen Cyanide;0.03260869565217391
20;19 Hydrogen sulfide;0.03260869565217391
21;20 Molecular oxygen;0.03260869565217391
22;21 Hydrogen Isocyanide;0.03260869565217391
23;22 Formylium;0.03260869565217391
24;23 Sulfoniumylidene;0.03260869565217391
