1;11 Methyliumylidene;0.6584158415841583
2;0 Methylidyne;0.01485148514851485
3;1 Butyronitrile;0.01485148514851485
4;2 Formaldehyde;0.01485148514851485
5;3 Sulfur dioxide;0.01485148514851485
6;4 Carbon Monoxide;0.01485148514851485
7;5 Water;0.01485148514851485
8;6 Chloronium;0.01485148514851485
9;7 Imidogen;0.01485148514851485
10;8 Thioformylium;0.01485148514851485
11;9 Mercapto radical;0.01485148514851485
12;10 Methyl formate vt01;0.01485148514851485
13;12 Cyanide Radical;0.01485148514851485
14;13 Hydroxyl;0.01485148514851485
15;14 Nitric oxide;0.01485148514851485
16;15 Cyclopropenylidene;0.01485148514851485
17;16 Silicon Monoxide;0.01485148514851485
18;17 Hydrogen Cyanide;0.01485148514851485
19;18 Carbon Monosulfide;0.01485148514851485
20;19 Hydrogen sulfide;0.01485148514851485
21;20 Molecular oxygen;0.01485148514851485
22;21 Hydrogen Isocyanide;0.01485148514851485
23;22 Formylium;0.01485148514851485
24;23 Sulfoniumylidene;0.01485148514851485
