1;17 Hydrogen Cyanide;0.15853658536585363
2;0 Methylidyne;0.036585365853658534
3;1 Butyronitrile;0.036585365853658534
4;2 Formaldehyde;0.036585365853658534
5;3 Sulfur dioxide;0.036585365853658534
6;4 Carbon Monoxide;0.036585365853658534
7;5 Water;0.036585365853658534
8;6 Chloronium;0.036585365853658534
9;7 Imidogen;0.036585365853658534
10;8 Thioformylium;0.036585365853658534
11;9 Mercapto radical;0.036585365853658534
12;10 Methyl formate vt01;0.036585365853658534
13;11 Methyliumylidene;0.036585365853658534
14;12 Cyanide Radical;0.036585365853658534
15;13 Hydroxyl;0.036585365853658534
16;14 Nitric oxide;0.036585365853658534
17;15 Cyclopropenylidene;0.036585365853658534
18;16 Silicon Monoxide;0.036585365853658534
19;18 Carbon Monosulfide;0.036585365853658534
20;19 Hydrogen sulfide;0.036585365853658534
21;20 Molecular oxygen;0.036585365853658534
22;21 Hydrogen Isocyanide;0.036585365853658534
23;22 Formylium;0.036585365853658534
24;23 Sulfoniumylidene;0.036585365853658534
