1;11 Methyliumylidene;0.590531561461794
2;6 Chloronium;0.02574750830564784
3;0 Methylidyne;0.01744186046511628
4;1 Butyronitrile;0.01744186046511628
5;2 Formaldehyde;0.01744186046511628
6;3 Sulfur dioxide;0.01744186046511628
7;4 Carbon Monoxide;0.01744186046511628
8;5 Water;0.01744186046511628
9;7 Imidogen;0.01744186046511628
10;8 Thioformylium;0.01744186046511628
11;9 Mercapto radical;0.01744186046511628
12;10 Methyl formate vt01;0.01744186046511628
13;12 Cyanide Radical;0.01744186046511628
14;13 Hydroxyl;0.01744186046511628
15;14 Nitric oxide;0.01744186046511628
16;15 Cyclopropenylidene;0.01744186046511628
17;16 Silicon Monoxide;0.01744186046511628
18;17 Hydrogen Cyanide;0.01744186046511628
19;18 Carbon Monosulfide;0.01744186046511628
20;19 Hydrogen sulfide;0.01744186046511628
21;20 Molecular oxygen;0.01744186046511628
22;21 Hydrogen Isocyanide;0.01744186046511628
23;22 Formylium;0.01744186046511628
24;23 Sulfoniumylidene;0.01744186046511628
