1;6 Carbon Monosulfide;0.2038123167155425
2;11 4-Cyano-1,3-Butadiynyl;0.027859237536656888
3;31 Hydrochloric acid;0.027859237536656888
4;43 1,3,5,7-Octatetraynyl;0.027859237536656888
5;0 Ketene;0.013196480938416423
6;1 1,3,5-Hexatriynyl;0.013196480938416423
7;2 Oxonium hydride;0.013196480938416423
8;3 Vinyl Cyanide;0.013196480938416423
9;4 Hydroxyl;0.013196480938416423
10;5 Methyliumylidene;0.013196480938416423
11;7 Cyanomethyl;0.013196480938416423
12;8 Methyl Acetylene;0.013196480938416423
13;9 Ethyl Cyanide;0.013196480938416423
14;10 2,4-Pentadiynylidyne;0.013196480938416423
15;12 Water;0.013196480938416423
16;13 Hydrogen sulfide;0.013196480938416423
17;14 Methylene amidogen;0.013196480938416423
18;15 1,3-Butadiynyl radical;0.013196480938416423
19;16 2,4,6,8-Nonatetraynenitrile;0.013196480938416423
20;17 Formylium;0.013196480938416423
21;18 Cyanoallene;0.013196480938416423
22;19 Trihydrogen ion;0.013196480938416423
23;20 Methylcyanodiacetylene;0.013196480938416423
24;21 2,4,6-Heptatriynenitrile;0.013196480938416423
25;22 Methanol;0.013196480938416423
26;23 Ammonia;0.013196480938416423
27;24 Methyl Cyanide;0.013196480938416423
28;25 1,3,5-Hexatriynyl anion;0.013196480938416423
29;26 1,3,5,7-Octatetraynyl anion;0.013196480938416423
30;27 3-Thioxo-1,2-Propadieylidene;0.013196480938416423
31;28 Cyanobutadiyne;0.013196480938416423
32;29 Nitric sulfide;0.013196480938416423
33;30 Sulfur dioxide;0.013196480938416423
34;32 2,4,6,8,10-Undecapentaynenitrile;0.013196480938416423
35;33 Cyanide Radical;0.013196480938416423
36;34 Nitric oxide;0.013196480938416423
37;35 Formaldehyde;0.013196480938416423
38;36 Sulfur Monoxide;0.013196480938416423
39;37 Methyltriacetylene;0.013196480938416423
40;38 Hydrogen Cyanide;0.013196480938416423
41;39 Methyl diacetylene;0.013196480938416423
42;40 Methylidyne;0.013196480938416423
43;41 Thioxoethenylidene;0.013196480938416423
44;42 Silicon Monoxide;0.013196480938416423
45;44 Oxoethenylidene;0.013196480938416423
46;45 Propynylidynium;0.013196480938416423
47;46 Carbon Monoxide;0.013196480938416423
48;47 Thioformaldehyde;0.013196480938416423
49;48 Hexatrienyl;0.013196480938416423
50;49 Diazenylium;0.013196480938416423
51;50 Hydrogen Isocyanide;0.013196480938416423
52;51 Carbon Monosulfide;0.013196480938416423
53;52 Methylamine;0.013196480938416423
54;53 Formic Acid;0.013196480938416423
55;54 Cyclopropenylidene;0.013196480938416423
56;55 Cyanoacetylene;0.013196480938416423
57;56 para-Oxidaniumyl;0.013196480938416423
58;57 ortho-Oxidaniumyl;0.013196480938416423
