1;22 Formylium;0.18501529051987767
2;11 Methyliumylidene;0.07798165137614678
3;4 Carbon Monoxide;0.047400611620795105
4;21 Hydrogen Isocyanide;0.047400611620795105
5;0 Methylidyne;0.03211009174311927
6;1 Butyronitrile;0.03211009174311927
7;2 Formaldehyde;0.03211009174311927
8;3 Sulfur dioxide;0.03211009174311927
9;5 Water;0.03211009174311927
10;6 Chloronium;0.03211009174311927
11;7 Imidogen;0.03211009174311927
12;8 Thioformylium;0.03211009174311927
13;9 Mercapto radical;0.03211009174311927
14;10 Methyl formate vt01;0.03211009174311927
15;12 Cyanide Radical;0.03211009174311927
16;13 Hydroxyl;0.03211009174311927
17;14 Nitric oxide;0.03211009174311927
18;15 Cyclopropenylidene;0.03211009174311927
19;16 Silicon Monoxide;0.03211009174311927
20;17 Hydrogen Cyanide;0.03211009174311927
21;18 Carbon Monosulfide;0.03211009174311927
22;19 Hydrogen sulfide;0.03211009174311927
23;20 Molecular oxygen;0.03211009174311927
24;23 Sulfoniumylidene;0.03211009174311927
