1;3 Carbon Monoxide;0.07966101694915255
2;20 Sulfur Monoxide ion;0.06271186440677966
3;16 Hydroxyl;0.04576271186440678
4;27 Molecular oxygen;0.04576271186440678
5;29 Formylium;0.04576271186440678
6;0 Methylidyne;0.0288135593220339
7;1 Formaldehyde;0.0288135593220339
8;2 Sulfur dioxide;0.0288135593220339
9;4 Acetaldehyde;0.0288135593220339
10;5 Water;0.0288135593220339
11;6 Imidogen;0.0288135593220339
12;7 Carbon Monoxide Ion;0.0288135593220339
13;8 Nitric sulfide;0.0288135593220339
14;9 Isocyanic Acid;0.0288135593220339
15;10 Formic Acid;0.0288135593220339
16;11 Amidogen;0.0288135593220339
17;12 Ethylene Glycol;0.0288135593220339
18;13 Methyliumylidene;0.0288135593220339
19;14 Cyanide Radical;0.0288135593220339
20;15 Carbonyl Sulfide;0.0288135593220339
21;17 Nitric oxide;0.0288135593220339
22;18 Methyl Cyanide;0.0288135593220339
23;19 Cyclopropenylidene;0.0288135593220339
24;21 Methanol;0.0288135593220339
25;22 Thioformaldehyde;0.0288135593220339
26;23 Ammonia;0.0288135593220339
27;24 Cyanoacetylene;0.0288135593220339
28;25 Hydrogen Cyanide;0.0288135593220339
29;26 Hydrogen sulfide;0.0288135593220339
30;28 Hydrogen Isocyanide;0.0288135593220339
