1;15 Aluminum monoxide;0.9232680956818888
2;5 Ethylene Glycol;0.0021745883814849334
3;9 Hydrogen Cyanide;0.0021745883814849334
4;14 Iminomethylium;0.0021745883814849334
5;0 Dimethyl ether;0.0006213109661385524
6;1 Butatrienylidene;0.0006213109661385524
7;2 Trihydrogen ion;0.0006213109661385524
8;3 Nitrous Oxide;0.0006213109661385524
9;4 Methyl Acetylene;0.0006213109661385524
10;6 Methyl Cyanide;0.0006213109661385524
11;7 Thioformylium;0.0006213109661385524
12;8 para-Oxidaniumyl;0.0006213109661385524
13;10 Titanium monoxide;0.0006213109661385524
14;11 Cyanide Radical;0.0006213109661385524
15;12 Formic Acid;0.0006213109661385524
16;13 Nitric sulfide;0.0006213109661385524
17;16 Methyl isocyanate;0.0006213109661385524
18;17 Nitrosyl hydride;0.0006213109661385524
19;18 Propynylidynium;0.0006213109661385524
20;19 Magnesium Cyanide;0.0006213109661385524
21;20 Diazenylium;0.0006213109661385524
22;21 Methylamine;0.0006213109661385524
23;22 Chloronium;0.0006213109661385524
24;23 Silicon monosulfide;0.0006213109661385524
25;24 Phosphorus Monoxide;0.0006213109661385524
26;25 Cyclopropenone;0.0006213109661385524
27;26 Carbon Monoxide Ion;0.0006213109661385524
28;27 Sodium Cyanide;0.0006213109661385524
29;28 Nitric oxide;0.0006213109661385524
30;29 Silicon Cyanide;0.0006213109661385524
31;30 Ethyne Isocyanide;0.0006213109661385524
32;31 Sodium Chloride;0.0006213109661385524
33;32 Cyanoacetylene;0.0006213109661385524
34;33 Sulfur Monoxide;0.0006213109661385524
35;34 Aluminum Isocyanitrile;0.0006213109661385524
36;35 Cyanobutadiyne;0.0006213109661385524
37;36 Silicon Mononitride;0.0006213109661385524
38;37 Carbon Monoxide;0.0006213109661385524
39;38 Propadienylidene;0.0006213109661385524
40;39 Methanimine;0.0006213109661385524
41;40 Aluminum Monofluoride;0.0006213109661385524
42;41 Formamide;0.0006213109661385524
43;42 Aminoacetonitrile;0.0006213109661385524
44;43 Ammonia;0.0006213109661385524
45;44 gauche-Ethanol;0.0006213109661385524
46;45 Protonate 2-proynenitrile;0.0006213109661385524
47;46 Carbonyl Sulfide;0.0006213109661385524
48;47 Thioxoethenylidene;0.0006213109661385524
49;48 Ethyl cyanide;0.0006213109661385524
50;49 Water;0.0006213109661385524
51;50 Methyl Formate;0.0006213109661385524
52;51 Acetaldehyde;0.0006213109661385524
53;52 Ketenimine;0.0006213109661385524
54;53 Propenal;0.0006213109661385524
55;54 Methyl isocyanide;0.0006213109661385524
56;55 iso-propyl cyanide;0.0006213109661385524
57;56 Hydrogen cyanide;0.0006213109661385524
58;57 Protonated Carbon Dioxide;0.0006213109661385524
59;58 Methylidyne;0.0006213109661385524
60;59 Ketene;0.0006213109661385524
61;60 Silicon Monoxide;0.0006213109661385524
62;61 Acetone;0.0006213109661385524
63;62 Vinyl Cyanide;0.0006213109661385524
64;63 Silicon monoxide (global fit);0.0006213109661385524
65;64 Cyclopropenylidene;0.0006213109661385524
66;65 Magnesium Isocyanide;0.0006213109661385524
67;66 Cyanobutadiynylide anion;0.0006213109661385524
68;67 Formaldehyde;0.0006213109661385524
69;68 Carbon Monosulfide;0.0006213109661385524
70;69 Fulminic acid;0.0006213109661385524
71;70 trans-Ethanol;0.0006213109661385524
72;71 Silicon Carbide;0.0006213109661385524
73;72 Formylium;0.0006213109661385524
74;73 Ethylene Oxide;0.0006213109661385524
75;74 Sulfur dioxide;0.0006213109661385524
76;75 Carbon Monophosphide;0.0006213109661385524
77;76 Sulfur Monoxide ion;0.0006213109661385524
78;77 Methanol;0.0006213109661385524
79;78 Sulfur Dioxide;0.0006213109661385524
80;79 Cyanoformaldehyde;0.0006213109661385524
81;80 Isocyanic Acid;0.0006213109661385524
82;81 Silicon Isocyanide;0.0006213109661385524
83;82 Methylene amidogen;0.0006213109661385524
84;83 Silicon Monocarbide;0.0006213109661385524
85;84 Phosphaethyne;0.0006213109661385524
86;85 Aluminum Monochloride;0.0006213109661385524
87;86 Cyanoallene;0.0006213109661385524
88;87 Methyl diacetylene;0.0006213109661385524
89;88 Cyanomethylene;0.0006213109661385524
90;89 Phosphapropynylidyne;0.0006213109661385524
91;90 Cyanomethyl;0.0006213109661385524
92;91 Hydrogen Isocyanide;0.0006213109661385524
93;92 Hydrogen sulfide;0.0006213109661385524
94;93 Hydroxyl;0.0006213109661385524
95;94 Glycolaldehyde;0.0006213109661385524
96;95 Cyanide anion;0.0006213109661385524
97;96 2-Propynal;0.0006213109661385524
98;97 Ethynyl;0.0006213109661385524
99;98 Phosphorous nitride;0.0006213109661385524
100;99 Magnesium hydride isocyanide;0.0006213109661385524
101;100 Potassium chloride;0.0006213109661385524
102;101 Silicon tetracarbide;0.0006213109661385524
103;102 Ethyl Cyanide;0.0006213109661385524
104;103 Cyanamide;0.0006213109661385524
105;104 Amidogen;0.0006213109661385524
106;105 Hydroxymethylidyne;0.0006213109661385524
107;106 Formyl Radical;0.0006213109661385524
108;107 Vinyl Alcohol;0.0006213109661385524
109;108 ortho-Oxidaniumyl;0.0006213109661385524
110;109 Cyanoethynylide ion;0.0006213109661385524
111;110 Oxoethenylidene;0.0006213109661385524
112;111 2-Butynenitrile;0.0006213109661385524
113;112 Cyanoethynyl;0.0006213109661385524
114;113 Hydroxymethylium ion;0.0006213109661385524
115;114 Thioformaldehyde;0.0006213109661385524
116;115 Isothiocyanic acid;0.0006213109661385524
117;116 Cyanic acid;0.0006213109661385524
