1;22 Formylium;0.2713068181818182
2;5 Water;0.044034090909090905
3;18 Carbon Monosulfide;0.044034090909090905
4;23 Sulfoniumylidene;0.044034090909090905
5;0 Methylidyne;0.029829545454545452
6;1 Butyronitrile;0.029829545454545452
7;2 Formaldehyde;0.029829545454545452
8;3 Sulfur dioxide;0.029829545454545452
9;4 Carbon Monoxide;0.029829545454545452
10;6 Chloronium;0.029829545454545452
11;7 Imidogen;0.029829545454545452
12;8 Thioformylium;0.029829545454545452
13;9 Mercapto radical;0.029829545454545452
14;10 Methyl formate vt01;0.029829545454545452
15;11 Methyliumylidene;0.029829545454545452
16;12 Cyanide Radical;0.029829545454545452
17;13 Hydroxyl;0.029829545454545452
18;14 Nitric oxide;0.029829545454545452
19;15 Cyclopropenylidene;0.029829545454545452
20;16 Silicon Monoxide;0.029829545454545452
21;17 Hydrogen Cyanide;0.029829545454545452
22;19 Hydrogen sulfide;0.029829545454545452
23;20 Molecular oxygen;0.029829545454545452
24;21 Hydrogen Isocyanide;0.029829545454545452
