1;32 2,4,6-Heptatriynenitrile;0.178461538462
2;66 Dimethyl ether;0.0246153846154
3;79 Formic Acid;0.0246153846154
4;81 Cyanoacetylene;0.0246153846154
5;0 Isocyanic Acid;0.00923076923077
6;1 Propenal;0.00923076923077
7;2 Ketene;0.00923076923077
8;3 Oxonium hydride;0.00923076923077
9;4 Thioformylium;0.00923076923077
10;5 Vinyl Cyanide;0.00923076923077
11;6 Methyl Formate;0.00923076923077
12;7 Hydroxyl;0.00923076923077
13;8 Methyliumylidene;0.00923076923077
14;9 Iminomethylium;0.00923076923077
15;10 Hydroxymethylium ion;0.00923076923077
16;11 2-Propynal;0.00923076923077
17;12 Carbon Monosulfide;0.00923076923077
18;13 Cyanomethyl;0.00923076923077
19;14 Methyl Acetylene;0.00923076923077
20;15 2-Butynenitrile;0.00923076923077
21;16 Methyl formate vt01;0.00923076923077
22;17 Ethyl Cyanide;0.00923076923077
23;18 gauche-Ethanol;0.00923076923077
24;19 Glycolaldehyde;0.00923076923077
25;20 Water;0.00923076923077
26;21 Hydrogen sulfide;0.00923076923077
27;22 Sulfur Monoxide ion;0.00923076923077
28;23 1,3-Butadiynyl radical;0.00923076923077
29;24 Formylium;0.00923076923077
30;25 Fulminic acid;0.00923076923077
31;26 Trihydrogen ion;0.00923076923077
32;27 Methanimine;0.00923076923077
33;28 Nitrous Oxide;0.00923076923077
34;29 Propadienylidene;0.00923076923077
35;30 Ethylene Oxide;0.00923076923077
36;31 Ketenimine;0.00923076923077
37;33 Aminoacetonitrile;0.00923076923077
38;34 Methanol;0.00923076923077
39;35 Ammonia;0.00923076923077
40;36 Formyl Radical;0.00923076923077
41;37 Methyl Cyanide;0.00923076923077
42;38 Molecular oxygen;0.00923076923077
43;39 Cyclopropenone;0.00923076923077
44;40 Carbonyl Sulfide;0.00923076923077
45;41 Acetaldehyde;0.00923076923077
46;42 Cyanomethylene;0.00923076923077
47;43 3-Thioxo-1,2-Propadieylidene;0.00923076923077
48;44 Formamide;0.00923076923077
49;45 Cyanobutadiyne;0.00923076923077
50;46 Sulfur Dioxide;0.00923076923077
51;47 Methyl isocyanide;0.00923076923077
52;48 Nitric sulfide;0.00923076923077
53;49 Methylene;0.00923076923077
54;50 Hydrochloric acid;0.00923076923077
55;51 Ethyne Isocyanide;0.00923076923077
56;52 Cyanide Radical;0.00923076923077
57;53 Nitric oxide;0.00923076923077
58;54 Cyanic acid;0.00923076923077
59;55 Formaldehyde;0.00923076923077
60;56 Sulfur Monoxide;0.00923076923077
61;57 Protonate 2-proynenitrile;0.00923076923077
62;58 Ethynyl;0.00923076923077
63;59 Ethylene Glycol;0.00923076923077
64;60 Hydrogen Cyanide;0.00923076923077
65;61 Fluoromethyliumylidene;0.00923076923077
66;62 Methylidyne;0.00923076923077
67;63 Thioxoethenylidene;0.00923076923077
68;64 Cyanomethanimine;0.00923076923077
69;65 Silicon Monoxide;0.00923076923077
70;67 Acetone;0.00923076923077
71;68 Carbon Monoxide;0.00923076923077
72;69 Phosphorous nitride;0.00923076923077
73;70 Thioformaldehyde;0.00923076923077
74;71 Diazenylium;0.00923076923077
75;72 Cyanoformaldehyde;0.00923076923077
76;73 Isothiocyanic acid;0.00923076923077
77;74 Vinyl Alcohol;0.00923076923077
78;75 Hydrogen Isocyanide;0.00923076923077
79;76 Carbon Monosulfide;0.00923076923077
80;77 Methylamine;0.00923076923077
81;78 Protonated Carbon Dioxide;0.00923076923077
82;80 Cyclopropenylidene;0.00923076923077
83;82 para-Oxidaniumyl;0.00923076923077
84;83 ortho-Oxidaniumyl;0.00923076923077
85;84 Nitrosyl hydride;0.00923076923077
