1;102 Phosphorous nitride;0.22641509434
2;0 Dimethyl ether;0.0062893081761
3;1 Butatrienylidene;0.0062893081761
4;2 Nitrous Oxide;0.0062893081761
5;3 Methyl Acetylene;0.0062893081761
6;4 2,4,6-Heptatriynenitrile;0.0062893081761
7;5 2,4-Pentadiynylidyne;0.0062893081761
8;6 Ethylene Glycol;0.0062893081761
9;7 Methyl Cyanide;0.0062893081761
10;8 Thioformylium;0.0062893081761
11;9 para-Oxidaniumyl;0.0062893081761
12;10 Hydrogen Cyanide;0.0062893081761
13;11 Cyanide Radical;0.0062893081761
14;12 Formic Acid;0.0062893081761
15;13 Nitric sulfide;0.0062893081761
16;14 Iminomethylium;0.0062893081761
17;15 Nitrosyl hydride;0.0062893081761
18;16 Propynylidynium;0.0062893081761
19;17 Magnesium Cyanide;0.0062893081761
20;18 1,3-Butadiynyl anion;0.0062893081761
21;19 Diazenylium;0.0062893081761
22;20 Methylamine;0.0062893081761
23;21 Chloronium;0.0062893081761
24;22 Phosphorus Monoxide;0.0062893081761
25;23 Silicon monosulfide;0.0062893081761
26;24 Cyclopropenone;0.0062893081761
27;25 Carbon Monoxide Ion;0.0062893081761
28;26 Sodium Cyanide;0.0062893081761
29;27 Nitric oxide;0.0062893081761
30;28 3-Thioxo-1,2-Propadieylidene;0.0062893081761
31;29 Silicon Cyanide;0.0062893081761
32;30 Ethyne Isocyanide;0.0062893081761
33;31 Sodium Chloride;0.0062893081761
34;32 Cyanoacetylene;0.0062893081761
35;33 Sulfur Monoxide;0.0062893081761
36;34 Aluminum Isocyanitrile;0.0062893081761
37;35 Cyanobutadiyne;0.0062893081761
38;36 Carbon Monoxide;0.0062893081761
39;37 Silicon Mononitride;0.0062893081761
40;38 Propadienylidene;0.0062893081761
41;39 Methanimine;0.0062893081761
42;40 Aluminum Monofluoride;0.0062893081761
43;41 Formamide;0.0062893081761
44;42 1,3,5,7-Octatetraynyl anion;0.0062893081761
45;43 Aminoacetonitrile;0.0062893081761
46;44 Ammonia;0.0062893081761
47;45 gauche-Ethanol;0.0062893081761
48;46 Protonate 2-proynenitrile;0.0062893081761
49;47 Carbonyl Sulfide;0.0062893081761
50;48 Thioxoethenylidene;0.0062893081761
51;49 Water;0.0062893081761
52;50 Methyl Formate;0.0062893081761
53;51 Acetaldehyde;0.0062893081761
54;52 Ketenimine;0.0062893081761
55;53 Propenal;0.0062893081761
56;54 Methyl isocyanide;0.0062893081761
57;55 Protonated Carbon Dioxide;0.0062893081761
58;56 Methylidyne;0.0062893081761
59;57 Ketene;0.0062893081761
60;58 4-Cyano-1,3-Butadiynyl;0.0062893081761
61;59 Silicon Monoxide;0.0062893081761
62;60 Acetone;0.0062893081761
63;61 3-Imino-1,2 Propadienylidene;0.0062893081761
64;62 Vinyl Cyanide;0.0062893081761
65;63 Cyclopropenylidene;0.0062893081761
66;64 2,4,6-Heptatriynylidyne;0.0062893081761
67;65 Magnesium Isocyanide;0.0062893081761
68;66 Formaldehyde;0.0062893081761
69;67 Cyanobutadiynylide anion;0.0062893081761
70;68 Fulminic acid;0.0062893081761
71;69 Carbon Monosulfide;0.0062893081761
72;70 1,3,5-Hexatriynyl;0.0062893081761
73;71 1,3-Butadiynyl radical;0.0062893081761
74;72 1,3,5-Hexatriynyl anion;0.0062893081761
75;73 Silicon monosulfide;0.0062893081761
76;74 Silicon Carbide;0.0062893081761
77;75 Formylium;0.0062893081761
78;76 Ethylene Oxide;0.0062893081761
79;77 Sulfur dioxide;0.0062893081761
80;78 Carbon Monophosphide;0.0062893081761
81;79 Sulfur Monoxide ion;0.0062893081761
82;80 Methanol;0.0062893081761
83;81 Sulfur Dioxide;0.0062893081761
84;82 Cyanoformaldehyde;0.0062893081761
85;83 Isocyanic Acid;0.0062893081761
86;84 Silicon Isocyanide;0.0062893081761
87;85 Silicon Monocarbide;0.0062893081761
88;86 Phosphaethyne;0.0062893081761
89;87 Carbon Monosulfide;0.0062893081761
90;88 Methylene amidogen;0.0062893081761
91;89 Aluminum Monochloride;0.0062893081761
92;90 3-Oxo-1,2-Propadienylidene;0.0062893081761
93;91 Cyanoallene;0.0062893081761
94;92 Methyl diacetylene;0.0062893081761
95;93 Cyanomethylene;0.0062893081761
96;94 Cyanomethyl;0.0062893081761
97;95 Phosphapropynylidyne;0.0062893081761
98;96 Hydrogen Isocyanide;0.0062893081761
99;97 Hydrogen sulfide;0.0062893081761
100;98 Hydroxyl;0.0062893081761
101;99 Glycolaldehyde;0.0062893081761
102;100 2-Propynal;0.0062893081761
103;101 Ethynyl;0.0062893081761
104;103 Potassium chloride;0.0062893081761
105;104 Silicon tetracarbide;0.0062893081761
106;105 Ethyl Cyanide;0.0062893081761
107;106 Cyanamide;0.0062893081761
108;107 Amidogen;0.0062893081761
109;108 Formyl Radical;0.0062893081761
110;109 Vinyl Alcohol;0.0062893081761
111;110 ortho-Oxidaniumyl;0.0062893081761
112;111 Cyanoethynylide ion;0.0062893081761
113;112 Oxoethenylidene;0.0062893081761
114;113 2-Butynenitrile;0.0062893081761
115;114 3-Silanetetrayl-1,2-Propadienyli;0.0062893081761
116;115 Cyanoethynyl;0.0062893081761
117;116 3-Cyano-1,2-propadienylidene;0.0062893081761
118;117 Acetylene;0.0062893081761
119;118 Hydroxymethylium ion;0.0062893081761
120;119 Methyl formate vt01;0.0062893081761
121;120 Thioformaldehyde;0.0062893081761
122;121 Isothiocyanic acid;0.0062893081761
123;122 Butyronitrile;0.0062893081761
124;123 Cyanic acid;0.0062893081761
