1;37 Silicon Mononitride;0.194968553459
2;11 Cyanide Radical;0.0220125786164
3;45 gauche-Ethanol;0.0220125786164
4;0 Dimethyl ether;0.0062893081761
5;1 Butatrienylidene;0.0062893081761
6;2 Nitrous Oxide;0.0062893081761
7;3 Methyl Acetylene;0.0062893081761
8;4 2,4,6-Heptatriynenitrile;0.0062893081761
9;5 2,4-Pentadiynylidyne;0.0062893081761
10;6 Ethylene Glycol;0.0062893081761
11;7 Methyl Cyanide;0.0062893081761
12;8 Thioformylium;0.0062893081761
13;9 para-Oxidaniumyl;0.0062893081761
14;10 Hydrogen Cyanide;0.0062893081761
15;12 Formic Acid;0.0062893081761
16;13 Nitric sulfide;0.0062893081761
17;14 Iminomethylium;0.0062893081761
18;15 Nitrosyl hydride;0.0062893081761
19;16 Propynylidynium;0.0062893081761
20;17 Magnesium Cyanide;0.0062893081761
21;18 1,3-Butadiynyl anion;0.0062893081761
22;19 Diazenylium;0.0062893081761
23;20 Methylamine;0.0062893081761
24;21 Chloronium;0.0062893081761
25;22 Phosphorus Monoxide;0.0062893081761
26;23 Silicon monosulfide;0.0062893081761
27;24 Cyclopropenone;0.0062893081761
28;25 Carbon Monoxide Ion;0.0062893081761
29;26 Sodium Cyanide;0.0062893081761
30;27 Nitric oxide;0.0062893081761
31;28 3-Thioxo-1,2-Propadieylidene;0.0062893081761
32;29 Silicon Cyanide;0.0062893081761
33;30 Ethyne Isocyanide;0.0062893081761
34;31 Sodium Chloride;0.0062893081761
35;32 Cyanoacetylene;0.0062893081761
36;33 Sulfur Monoxide;0.0062893081761
37;34 Aluminum Isocyanitrile;0.0062893081761
38;35 Cyanobutadiyne;0.0062893081761
39;36 Carbon Monoxide;0.0062893081761
40;38 Propadienylidene;0.0062893081761
41;39 Methanimine;0.0062893081761
42;40 Aluminum Monofluoride;0.0062893081761
43;41 Formamide;0.0062893081761
44;42 1,3,5,7-Octatetraynyl anion;0.0062893081761
45;43 Aminoacetonitrile;0.0062893081761
46;44 Ammonia;0.0062893081761
47;46 Protonate 2-proynenitrile;0.0062893081761
48;47 Carbonyl Sulfide;0.0062893081761
49;48 Thioxoethenylidene;0.0062893081761
50;49 Water;0.0062893081761
51;50 Methyl Formate;0.0062893081761
52;51 Acetaldehyde;0.0062893081761
53;52 Ketenimine;0.0062893081761
54;53 Propenal;0.0062893081761
55;54 Methyl isocyanide;0.0062893081761
56;55 Protonated Carbon Dioxide;0.0062893081761
57;56 Methylidyne;0.0062893081761
58;57 Ketene;0.0062893081761
59;58 4-Cyano-1,3-Butadiynyl;0.0062893081761
60;59 Silicon Monoxide;0.0062893081761
61;60 Acetone;0.0062893081761
62;61 3-Imino-1,2 Propadienylidene;0.0062893081761
63;62 Vinyl Cyanide;0.0062893081761
64;63 Cyclopropenylidene;0.0062893081761
65;64 2,4,6-Heptatriynylidyne;0.0062893081761
66;65 Magnesium Isocyanide;0.0062893081761
67;66 Formaldehyde;0.0062893081761
68;67 Cyanobutadiynylide anion;0.0062893081761
69;68 Fulminic acid;0.0062893081761
70;69 Carbon Monosulfide;0.0062893081761
71;70 1,3,5-Hexatriynyl;0.0062893081761
72;71 1,3-Butadiynyl radical;0.0062893081761
73;72 1,3,5-Hexatriynyl anion;0.0062893081761
74;73 Silicon monosulfide;0.0062893081761
75;74 Silicon Carbide;0.0062893081761
76;75 Formylium;0.0062893081761
77;76 Ethylene Oxide;0.0062893081761
78;77 Sulfur dioxide;0.0062893081761
79;78 Carbon Monophosphide;0.0062893081761
80;79 Sulfur Monoxide ion;0.0062893081761
81;80 Methanol;0.0062893081761
82;81 Sulfur Dioxide;0.0062893081761
83;82 Cyanoformaldehyde;0.0062893081761
84;83 Isocyanic Acid;0.0062893081761
85;84 Silicon Isocyanide;0.0062893081761
86;85 Silicon Monocarbide;0.0062893081761
87;86 Phosphaethyne;0.0062893081761
88;87 Carbon Monosulfide;0.0062893081761
89;88 Methylene amidogen;0.0062893081761
90;89 Aluminum Monochloride;0.0062893081761
91;90 3-Oxo-1,2-Propadienylidene;0.0062893081761
92;91 Cyanoallene;0.0062893081761
93;92 Methyl diacetylene;0.0062893081761
94;93 Cyanomethylene;0.0062893081761
95;94 Cyanomethyl;0.0062893081761
96;95 Phosphapropynylidyne;0.0062893081761
97;96 Hydrogen Isocyanide;0.0062893081761
98;97 Hydrogen sulfide;0.0062893081761
99;98 Hydroxyl;0.0062893081761
100;99 Glycolaldehyde;0.0062893081761
101;100 2-Propynal;0.0062893081761
102;101 Ethynyl;0.0062893081761
103;102 Phosphorous nitride;0.0062893081761
104;103 Potassium chloride;0.0062893081761
105;104 Silicon tetracarbide;0.0062893081761
106;105 Ethyl Cyanide;0.0062893081761
107;106 Cyanamide;0.0062893081761
108;107 Amidogen;0.0062893081761
109;108 Formyl Radical;0.0062893081761
110;109 Vinyl Alcohol;0.0062893081761
111;110 ortho-Oxidaniumyl;0.0062893081761
112;111 Cyanoethynylide ion;0.0062893081761
113;112 Oxoethenylidene;0.0062893081761
114;113 2-Butynenitrile;0.0062893081761
115;114 3-Silanetetrayl-1,2-Propadienyli;0.0062893081761
116;115 Cyanoethynyl;0.0062893081761
117;116 3-Cyano-1,2-propadienylidene;0.0062893081761
118;117 Acetylene;0.0062893081761
119;118 Hydroxymethylium ion;0.0062893081761
120;119 Methyl formate vt01;0.0062893081761
121;120 Thioformaldehyde;0.0062893081761
122;121 Isothiocyanic acid;0.0062893081761
123;122 Butyronitrile;0.0062893081761
124;123 Cyanic acid;0.0062893081761
