1;60 Hydrogen Cyanide;0.178461538462
2;16 Methyl formate vt01;0.0246153846154
3;30 Ethylene Oxide;0.0246153846154
4;67 Acetone;0.0246153846154
5;0 Isocyanic Acid;0.00923076923077
6;1 Propenal;0.00923076923077
7;2 Ketene;0.00923076923077
8;3 Oxonium hydride;0.00923076923077
9;4 Thioformylium;0.00923076923077
10;5 Vinyl Cyanide;0.00923076923077
11;6 Methyl Formate;0.00923076923077
12;7 Hydroxyl;0.00923076923077
13;8 Methyliumylidene;0.00923076923077
14;9 Iminomethylium;0.00923076923077
15;10 Hydroxymethylium ion;0.00923076923077
16;11 2-Propynal;0.00923076923077
17;12 Carbon Monosulfide;0.00923076923077
18;13 Cyanomethyl;0.00923076923077
19;14 Methyl Acetylene;0.00923076923077
20;15 2-Butynenitrile;0.00923076923077
21;17 Ethyl Cyanide;0.00923076923077
22;18 gauche-Ethanol;0.00923076923077
23;19 Glycolaldehyde;0.00923076923077
24;20 Water;0.00923076923077
25;21 Hydrogen sulfide;0.00923076923077
26;22 Sulfur Monoxide ion;0.00923076923077
27;23 1,3-Butadiynyl radical;0.00923076923077
28;24 Formylium;0.00923076923077
29;25 Fulminic acid;0.00923076923077
30;26 Trihydrogen ion;0.00923076923077
31;27 Methanimine;0.00923076923077
32;28 Nitrous Oxide;0.00923076923077
33;29 Propadienylidene;0.00923076923077
34;31 Ketenimine;0.00923076923077
35;32 2,4,6-Heptatriynenitrile;0.00923076923077
36;33 Aminoacetonitrile;0.00923076923077
37;34 Methanol;0.00923076923077
38;35 Ammonia;0.00923076923077
39;36 Formyl Radical;0.00923076923077
40;37 Methyl Cyanide;0.00923076923077
41;38 Molecular oxygen;0.00923076923077
42;39 Cyclopropenone;0.00923076923077
43;40 Carbonyl Sulfide;0.00923076923077
44;41 Acetaldehyde;0.00923076923077
45;42 Cyanomethylene;0.00923076923077
46;43 3-Thioxo-1,2-Propadieylidene;0.00923076923077
47;44 Formamide;0.00923076923077
48;45 Cyanobutadiyne;0.00923076923077
49;46 Sulfur Dioxide;0.00923076923077
50;47 Methyl isocyanide;0.00923076923077
51;48 Nitric sulfide;0.00923076923077
52;49 Methylene;0.00923076923077
53;50 Hydrochloric acid;0.00923076923077
54;51 Ethyne Isocyanide;0.00923076923077
55;52 Cyanide Radical;0.00923076923077
56;53 Nitric oxide;0.00923076923077
57;54 Cyanic acid;0.00923076923077
58;55 Formaldehyde;0.00923076923077
59;56 Sulfur Monoxide;0.00923076923077
60;57 Protonate 2-proynenitrile;0.00923076923077
61;58 Ethynyl;0.00923076923077
62;59 Ethylene Glycol;0.00923076923077
63;61 Fluoromethyliumylidene;0.00923076923077
64;62 Methylidyne;0.00923076923077
65;63 Thioxoethenylidene;0.00923076923077
66;64 Cyanomethanimine;0.00923076923077
67;65 Silicon Monoxide;0.00923076923077
68;66 Dimethyl ether;0.00923076923077
69;68 Carbon Monoxide;0.00923076923077
70;69 Phosphorous nitride;0.00923076923077
71;70 Thioformaldehyde;0.00923076923077
72;71 Diazenylium;0.00923076923077
73;72 Cyanoformaldehyde;0.00923076923077
74;73 Isothiocyanic acid;0.00923076923077
75;74 Vinyl Alcohol;0.00923076923077
76;75 Hydrogen Isocyanide;0.00923076923077
77;76 Carbon Monosulfide;0.00923076923077
78;77 Methylamine;0.00923076923077
79;78 Protonated Carbon Dioxide;0.00923076923077
80;79 Formic Acid;0.00923076923077
81;80 Cyclopropenylidene;0.00923076923077
82;81 Cyanoacetylene;0.00923076923077
83;82 para-Oxidaniumyl;0.00923076923077
84;83 ortho-Oxidaniumyl;0.00923076923077
85;84 Nitrosyl hydride;0.00923076923077
