1;32 2,4,6-Heptatriynenitrile;0.168253968254
2;66 Dimethyl ether;0.0253968253968
3;77 Methylamine;0.0253968253968
4;0 Isocyanic Acid;0.00952380952381
5;1 Propenal;0.00952380952381
6;2 Ketene;0.00952380952381
7;3 Oxonium hydride;0.00952380952381
8;4 Thioformylium;0.00952380952381
9;5 Vinyl Cyanide;0.00952380952381
10;6 Methyl Formate;0.00952380952381
11;7 Hydroxyl;0.00952380952381
12;8 Methyliumylidene;0.00952380952381
13;9 Iminomethylium;0.00952380952381
14;10 Hydroxymethylium ion;0.00952380952381
15;11 2-Propynal;0.00952380952381
16;12 Carbon Monosulfide;0.00952380952381
17;13 Cyanomethyl;0.00952380952381
18;14 Methyl Acetylene;0.00952380952381
19;15 2-Butynenitrile;0.00952380952381
20;16 Methyl formate vt01;0.00952380952381
21;17 Ethyl Cyanide;0.00952380952381
22;18 gauche-Ethanol;0.00952380952381
23;19 Glycolaldehyde;0.00952380952381
24;20 Water;0.00952380952381
25;21 Hydrogen sulfide;0.00952380952381
26;22 Sulfur Monoxide ion;0.00952380952381
27;23 1,3-Butadiynyl radical;0.00952380952381
28;24 Formylium;0.00952380952381
29;25 Fulminic acid;0.00952380952381
30;26 Trihydrogen ion;0.00952380952381
31;27 Methanimine;0.00952380952381
32;28 Nitrous Oxide;0.00952380952381
33;29 Propadienylidene;0.00952380952381
34;30 Ethylene Oxide;0.00952380952381
35;31 Ketenimine;0.00952380952381
36;33 Aminoacetonitrile;0.00952380952381
37;34 Methanol;0.00952380952381
38;35 Ammonia;0.00952380952381
39;36 Formyl Radical;0.00952380952381
40;37 Methyl Cyanide;0.00952380952381
41;38 Molecular oxygen;0.00952380952381
42;39 Cyclopropenone;0.00952380952381
43;40 Carbonyl Sulfide;0.00952380952381
44;41 Acetaldehyde;0.00952380952381
45;42 Cyanomethylene;0.00952380952381
46;43 3-Thioxo-1,2-Propadieylidene;0.00952380952381
47;44 Formamide;0.00952380952381
48;45 Cyanobutadiyne;0.00952380952381
49;46 Sulfur Dioxide;0.00952380952381
50;47 Methyl isocyanide;0.00952380952381
51;48 Nitric sulfide;0.00952380952381
52;49 Methylene;0.00952380952381
53;50 Hydrochloric acid;0.00952380952381
54;51 Ethyne Isocyanide;0.00952380952381
55;52 Cyanide Radical;0.00952380952381
56;53 Nitric oxide;0.00952380952381
57;54 Cyanic acid;0.00952380952381
58;55 Formaldehyde;0.00952380952381
59;56 Sulfur Monoxide;0.00952380952381
60;57 Protonate 2-proynenitrile;0.00952380952381
61;58 Ethynyl;0.00952380952381
62;59 Ethylene Glycol;0.00952380952381
63;60 Hydrogen Cyanide;0.00952380952381
64;61 Fluoromethyliumylidene;0.00952380952381
65;62 Methylidyne;0.00952380952381
66;63 Thioxoethenylidene;0.00952380952381
67;64 Cyanomethanimine;0.00952380952381
68;65 Silicon Monoxide;0.00952380952381
69;67 Acetone;0.00952380952381
70;68 Carbon Monoxide;0.00952380952381
71;69 Phosphorous nitride;0.00952380952381
72;70 Thioformaldehyde;0.00952380952381
73;71 Diazenylium;0.00952380952381
74;72 Cyanoformaldehyde;0.00952380952381
75;73 Isothiocyanic acid;0.00952380952381
76;74 Vinyl Alcohol;0.00952380952381
77;75 Hydrogen Isocyanide;0.00952380952381
78;76 Carbon Monosulfide;0.00952380952381
79;78 Protonated Carbon Dioxide;0.00952380952381
80;79 Formic Acid;0.00952380952381
81;80 Cyclopropenylidene;0.00952380952381
82;81 Cyanoacetylene;0.00952380952381
83;82 para-Oxidaniumyl;0.00952380952381
84;83 ortho-Oxidaniumyl;0.00952380952381
85;84 Nitrosyl hydride;0.00952380952381
