1;19 Glycolaldehyde;0.0490566037736
2;0 Isocyanic Acid;0.011320754717
3;1 Propenal;0.011320754717
4;2 Ketene;0.011320754717
5;3 Oxonium hydride;0.011320754717
6;4 Thioformylium;0.011320754717
7;5 Vinyl Cyanide;0.011320754717
8;6 Methyl Formate;0.011320754717
9;7 Hydroxyl;0.011320754717
10;8 Methyliumylidene;0.011320754717
11;9 Iminomethylium;0.011320754717
12;10 Hydroxymethylium ion;0.011320754717
13;11 2-Propynal;0.011320754717
14;12 Carbon Monosulfide;0.011320754717
15;13 Cyanomethyl;0.011320754717
16;14 Methyl Acetylene;0.011320754717
17;15 2-Butynenitrile;0.011320754717
18;16 Methyl formate vt01;0.011320754717
19;17 Ethyl Cyanide;0.011320754717
20;18 gauche-Ethanol;0.011320754717
21;20 Water;0.011320754717
22;21 Hydrogen sulfide;0.011320754717
23;22 Sulfur Monoxide ion;0.011320754717
24;23 1,3-Butadiynyl radical;0.011320754717
25;24 Formylium;0.011320754717
26;25 Fulminic acid;0.011320754717
27;26 Trihydrogen ion;0.011320754717
28;27 Methanimine;0.011320754717
29;28 Nitrous Oxide;0.011320754717
30;29 Propadienylidene;0.011320754717
31;30 Ethylene Oxide;0.011320754717
32;31 Ketenimine;0.011320754717
33;32 2,4,6-Heptatriynenitrile;0.011320754717
34;33 Aminoacetonitrile;0.011320754717
35;34 Methanol;0.011320754717
36;35 Ammonia;0.011320754717
37;36 Formyl Radical;0.011320754717
38;37 Methyl Cyanide;0.011320754717
39;38 Molecular oxygen;0.011320754717
40;39 Cyclopropenone;0.011320754717
41;40 Carbonyl Sulfide;0.011320754717
42;41 Acetaldehyde;0.011320754717
43;42 Cyanomethylene;0.011320754717
44;43 3-Thioxo-1,2-Propadieylidene;0.011320754717
45;44 Formamide;0.011320754717
46;45 Cyanobutadiyne;0.011320754717
47;46 Sulfur Dioxide;0.011320754717
48;47 Methyl isocyanide;0.011320754717
49;48 Nitric sulfide;0.011320754717
50;49 Methylene;0.011320754717
51;50 Hydrochloric acid;0.011320754717
52;51 Ethyne Isocyanide;0.011320754717
53;52 Cyanide Radical;0.011320754717
54;53 Nitric oxide;0.011320754717
55;54 Cyanic acid;0.011320754717
56;55 Formaldehyde;0.011320754717
57;56 Sulfur Monoxide;0.011320754717
58;57 Protonate 2-proynenitrile;0.011320754717
59;58 Ethynyl;0.011320754717
60;59 Ethylene Glycol;0.011320754717
61;60 Hydrogen Cyanide;0.011320754717
62;61 Fluoromethyliumylidene;0.011320754717
63;62 Methylidyne;0.011320754717
64;63 Thioxoethenylidene;0.011320754717
65;64 Cyanomethanimine;0.011320754717
66;65 Silicon Monoxide;0.011320754717
67;66 Dimethyl ether;0.011320754717
68;67 Acetone;0.011320754717
69;68 Carbon Monoxide;0.011320754717
70;69 Phosphorous nitride;0.011320754717
71;70 Thioformaldehyde;0.011320754717
72;71 Diazenylium;0.011320754717
73;72 Cyanoformaldehyde;0.011320754717
74;73 Isothiocyanic acid;0.011320754717
75;74 Vinyl Alcohol;0.011320754717
76;75 Hydrogen Isocyanide;0.011320754717
77;76 Carbon Monosulfide;0.011320754717
78;77 Methylamine;0.011320754717
79;78 Protonated Carbon Dioxide;0.011320754717
80;79 Formic Acid;0.011320754717
81;80 Cyclopropenylidene;0.011320754717
82;81 Cyanoacetylene;0.011320754717
83;82 para-Oxidaniumyl;0.011320754717
84;83 ortho-Oxidaniumyl;0.011320754717
85;84 Nitrosyl hydride;0.011320754717
