1;103 Potassium chloride;0.191950464396
2;117 Acetylene;0.0526315789474
3;0 Dimethyl ether;0.0061919504644
4;1 Butatrienylidene;0.0061919504644
5;2 Nitrous Oxide;0.0061919504644
6;3 Methyl Acetylene;0.0061919504644
7;4 2,4,6-Heptatriynenitrile;0.0061919504644
8;5 2,4-Pentadiynylidyne;0.0061919504644
9;6 Ethylene Glycol;0.0061919504644
10;7 Methyl Cyanide;0.0061919504644
11;8 Thioformylium;0.0061919504644
12;9 para-Oxidaniumyl;0.0061919504644
13;10 Hydrogen Cyanide;0.0061919504644
14;11 Cyanide Radical;0.0061919504644
15;12 Formic Acid;0.0061919504644
16;13 Nitric sulfide;0.0061919504644
17;14 Iminomethylium;0.0061919504644
18;15 Nitrosyl hydride;0.0061919504644
19;16 Propynylidynium;0.0061919504644
20;17 Magnesium Cyanide;0.0061919504644
21;18 1,3-Butadiynyl anion;0.0061919504644
22;19 Diazenylium;0.0061919504644
23;20 Methylamine;0.0061919504644
24;21 Chloronium;0.0061919504644
25;22 Phosphorus Monoxide;0.0061919504644
26;23 Silicon monosulfide;0.0061919504644
27;24 Cyclopropenone;0.0061919504644
28;25 Carbon Monoxide Ion;0.0061919504644
29;26 Sodium Cyanide;0.0061919504644
30;27 Nitric oxide;0.0061919504644
31;28 3-Thioxo-1,2-Propadieylidene;0.0061919504644
32;29 Silicon Cyanide;0.0061919504644
33;30 Ethyne Isocyanide;0.0061919504644
34;31 Sodium Chloride;0.0061919504644
35;32 Cyanoacetylene;0.0061919504644
36;33 Sulfur Monoxide;0.0061919504644
37;34 Aluminum Isocyanitrile;0.0061919504644
38;35 Cyanobutadiyne;0.0061919504644
39;36 Carbon Monoxide;0.0061919504644
40;37 Silicon Mononitride;0.0061919504644
41;38 Propadienylidene;0.0061919504644
42;39 Methanimine;0.0061919504644
43;40 Aluminum Monofluoride;0.0061919504644
44;41 Formamide;0.0061919504644
45;42 1,3,5,7-Octatetraynyl anion;0.0061919504644
46;43 Aminoacetonitrile;0.0061919504644
47;44 Ammonia;0.0061919504644
48;45 gauche-Ethanol;0.0061919504644
49;46 Protonate 2-proynenitrile;0.0061919504644
50;47 Carbonyl Sulfide;0.0061919504644
51;48 Thioxoethenylidene;0.0061919504644
52;49 Water;0.0061919504644
53;50 Methyl Formate;0.0061919504644
54;51 Acetaldehyde;0.0061919504644
55;52 Ketenimine;0.0061919504644
56;53 Propenal;0.0061919504644
57;54 Methyl isocyanide;0.0061919504644
58;55 Protonated Carbon Dioxide;0.0061919504644
59;56 Methylidyne;0.0061919504644
60;57 Ketene;0.0061919504644
61;58 4-Cyano-1,3-Butadiynyl;0.0061919504644
62;59 Silicon Monoxide;0.0061919504644
63;60 Acetone;0.0061919504644
64;61 3-Imino-1,2 Propadienylidene;0.0061919504644
65;62 Vinyl Cyanide;0.0061919504644
66;63 Cyclopropenylidene;0.0061919504644
67;64 2,4,6-Heptatriynylidyne;0.0061919504644
68;65 Magnesium Isocyanide;0.0061919504644
69;66 Formaldehyde;0.0061919504644
70;67 Cyanobutadiynylide anion;0.0061919504644
71;68 Fulminic acid;0.0061919504644
72;69 Carbon Monosulfide;0.0061919504644
73;70 1,3,5-Hexatriynyl;0.0061919504644
74;71 1,3-Butadiynyl radical;0.0061919504644
75;72 1,3,5-Hexatriynyl anion;0.0061919504644
76;73 Silicon monosulfide;0.0061919504644
77;74 Silicon Carbide;0.0061919504644
78;75 Formylium;0.0061919504644
79;76 Ethylene Oxide;0.0061919504644
80;77 Sulfur dioxide;0.0061919504644
81;78 Carbon Monophosphide;0.0061919504644
82;79 Sulfur Monoxide ion;0.0061919504644
83;80 Methanol;0.0061919504644
84;81 Sulfur Dioxide;0.0061919504644
85;82 Cyanoformaldehyde;0.0061919504644
86;83 Isocyanic Acid;0.0061919504644
87;84 Silicon Isocyanide;0.0061919504644
88;85 Silicon Monocarbide;0.0061919504644
89;86 Phosphaethyne;0.0061919504644
90;87 Carbon Monosulfide;0.0061919504644
91;88 Methylene amidogen;0.0061919504644
92;89 Aluminum Monochloride;0.0061919504644
93;90 3-Oxo-1,2-Propadienylidene;0.0061919504644
94;91 Cyanoallene;0.0061919504644
95;92 Methyl diacetylene;0.0061919504644
96;93 Cyanomethylene;0.0061919504644
97;94 Cyanomethyl;0.0061919504644
98;95 Phosphapropynylidyne;0.0061919504644
99;96 Hydrogen Isocyanide;0.0061919504644
100;97 Hydrogen sulfide;0.0061919504644
101;98 Hydroxyl;0.0061919504644
102;99 Glycolaldehyde;0.0061919504644
103;100 2-Propynal;0.0061919504644
104;101 Ethynyl;0.0061919504644
105;102 Phosphorous nitride;0.0061919504644
106;104 Silicon tetracarbide;0.0061919504644
107;105 Ethyl Cyanide;0.0061919504644
108;106 Cyanamide;0.0061919504644
109;107 Amidogen;0.0061919504644
110;108 Formyl Radical;0.0061919504644
111;109 Vinyl Alcohol;0.0061919504644
112;110 ortho-Oxidaniumyl;0.0061919504644
113;111 Cyanoethynylide ion;0.0061919504644
114;112 Oxoethenylidene;0.0061919504644
115;113 2-Butynenitrile;0.0061919504644
116;114 3-Silanetetrayl-1,2-Propadienyli;0.0061919504644
117;115 Cyanoethynyl;0.0061919504644
118;116 3-Cyano-1,2-propadienylidene;0.0061919504644
119;118 Hydroxymethylium ion;0.0061919504644
120;119 Methyl formate vt01;0.0061919504644
121;120 Thioformaldehyde;0.0061919504644
122;121 Isothiocyanic acid;0.0061919504644
123;122 Butyronitrile;0.0061919504644
124;123 Cyanic acid;0.0061919504644
