1;68 Fulminic acid;0.136363636364
2;86 Phosphaethyne;0.0714285714286
3;0 Dimethyl ether;0.00649350649351
4;1 Butatrienylidene;0.00649350649351
5;2 Nitrous Oxide;0.00649350649351
6;3 Methyl Acetylene;0.00649350649351
7;4 2,4,6-Heptatriynenitrile;0.00649350649351
8;5 2,4-Pentadiynylidyne;0.00649350649351
9;6 Ethylene Glycol;0.00649350649351
10;7 Methyl Cyanide;0.00649350649351
11;8 Thioformylium;0.00649350649351
12;9 para-Oxidaniumyl;0.00649350649351
13;10 Hydrogen Cyanide;0.00649350649351
14;11 Cyanide Radical;0.00649350649351
15;12 Formic Acid;0.00649350649351
16;13 Nitric sulfide;0.00649350649351
17;14 Iminomethylium;0.00649350649351
18;15 Nitrosyl hydride;0.00649350649351
19;16 Propynylidynium;0.00649350649351
20;17 Magnesium Cyanide;0.00649350649351
21;18 1,3-Butadiynyl anion;0.00649350649351
22;19 Diazenylium;0.00649350649351
23;20 Methylamine;0.00649350649351
24;21 Chloronium;0.00649350649351
25;22 Phosphorus Monoxide;0.00649350649351
26;23 Silicon monosulfide;0.00649350649351
27;24 Cyclopropenone;0.00649350649351
28;25 Carbon Monoxide Ion;0.00649350649351
29;26 Sodium Cyanide;0.00649350649351
30;27 Nitric oxide;0.00649350649351
31;28 3-Thioxo-1,2-Propadieylidene;0.00649350649351
32;29 Silicon Cyanide;0.00649350649351
33;30 Ethyne Isocyanide;0.00649350649351
34;31 Sodium Chloride;0.00649350649351
35;32 Cyanoacetylene;0.00649350649351
36;33 Sulfur Monoxide;0.00649350649351
37;34 Aluminum Isocyanitrile;0.00649350649351
38;35 Cyanobutadiyne;0.00649350649351
39;36 Carbon Monoxide;0.00649350649351
40;37 Silicon Mononitride;0.00649350649351
41;38 Propadienylidene;0.00649350649351
42;39 Methanimine;0.00649350649351
43;40 Aluminum Monofluoride;0.00649350649351
44;41 Formamide;0.00649350649351
45;42 1,3,5,7-Octatetraynyl anion;0.00649350649351
46;43 Aminoacetonitrile;0.00649350649351
47;44 Ammonia;0.00649350649351
48;45 gauche-Ethanol;0.00649350649351
49;46 Protonate 2-proynenitrile;0.00649350649351
50;47 Carbonyl Sulfide;0.00649350649351
51;48 Thioxoethenylidene;0.00649350649351
52;49 Water;0.00649350649351
53;50 Methyl Formate;0.00649350649351
54;51 Acetaldehyde;0.00649350649351
55;52 Ketenimine;0.00649350649351
56;53 Propenal;0.00649350649351
57;54 Methyl isocyanide;0.00649350649351
58;55 Protonated Carbon Dioxide;0.00649350649351
59;56 Methylidyne;0.00649350649351
60;57 Ketene;0.00649350649351
61;58 4-Cyano-1,3-Butadiynyl;0.00649350649351
62;59 Silicon Monoxide;0.00649350649351
63;60 Acetone;0.00649350649351
64;61 3-Imino-1,2 Propadienylidene;0.00649350649351
65;62 Vinyl Cyanide;0.00649350649351
66;63 Cyclopropenylidene;0.00649350649351
67;64 2,4,6-Heptatriynylidyne;0.00649350649351
68;65 Magnesium Isocyanide;0.00649350649351
69;66 Formaldehyde;0.00649350649351
70;67 Cyanobutadiynylide anion;0.00649350649351
71;69 Carbon Monosulfide;0.00649350649351
72;70 1,3,5-Hexatriynyl;0.00649350649351
73;71 1,3-Butadiynyl radical;0.00649350649351
74;72 1,3,5-Hexatriynyl anion;0.00649350649351
75;73 Silicon monosulfide;0.00649350649351
76;74 Silicon Carbide;0.00649350649351
77;75 Formylium;0.00649350649351
78;76 Ethylene Oxide;0.00649350649351
79;77 Sulfur dioxide;0.00649350649351
80;78 Carbon Monophosphide;0.00649350649351
81;79 Sulfur Monoxide ion;0.00649350649351
82;80 Methanol;0.00649350649351
83;81 Sulfur Dioxide;0.00649350649351
84;82 Cyanoformaldehyde;0.00649350649351
85;83 Isocyanic Acid;0.00649350649351
86;84 Silicon Isocyanide;0.00649350649351
87;85 Silicon Monocarbide;0.00649350649351
88;87 Carbon Monosulfide;0.00649350649351
89;88 Methylene amidogen;0.00649350649351
90;89 Aluminum Monochloride;0.00649350649351
91;90 3-Oxo-1,2-Propadienylidene;0.00649350649351
92;91 Cyanoallene;0.00649350649351
93;92 Methyl diacetylene;0.00649350649351
94;93 Cyanomethylene;0.00649350649351
95;94 Cyanomethyl;0.00649350649351
96;95 Phosphapropynylidyne;0.00649350649351
97;96 Hydrogen Isocyanide;0.00649350649351
98;97 Hydrogen sulfide;0.00649350649351
99;98 Hydroxyl;0.00649350649351
100;99 Glycolaldehyde;0.00649350649351
101;100 2-Propynal;0.00649350649351
102;101 Ethynyl;0.00649350649351
103;102 Phosphorous nitride;0.00649350649351
104;103 Potassium chloride;0.00649350649351
105;104 Silicon tetracarbide;0.00649350649351
106;105 Ethyl Cyanide;0.00649350649351
107;106 Cyanamide;0.00649350649351
108;107 Amidogen;0.00649350649351
109;108 Formyl Radical;0.00649350649351
110;109 Vinyl Alcohol;0.00649350649351
111;110 ortho-Oxidaniumyl;0.00649350649351
112;111 Cyanoethynylide ion;0.00649350649351
113;112 Oxoethenylidene;0.00649350649351
114;113 2-Butynenitrile;0.00649350649351
115;114 3-Silanetetrayl-1,2-Propadienyli;0.00649350649351
116;115 Cyanoethynyl;0.00649350649351
117;116 3-Cyano-1,2-propadienylidene;0.00649350649351
118;117 Acetylene;0.00649350649351
119;118 Hydroxymethylium ion;0.00649350649351
120;119 Methyl formate vt01;0.00649350649351
121;120 Thioformaldehyde;0.00649350649351
122;121 Isothiocyanic acid;0.00649350649351
123;122 Butyronitrile;0.00649350649351
124;123 Cyanic acid;0.00649350649351
