1;94 Cyanomethyl;0.0805860805861
2;54 Methyl isocyanide;0.025641025641
3;0 Dimethyl ether;0.00732600732601
4;1 Butatrienylidene;0.00732600732601
5;2 Nitrous Oxide;0.00732600732601
6;3 Methyl Acetylene;0.00732600732601
7;4 2,4,6-Heptatriynenitrile;0.00732600732601
8;5 2,4-Pentadiynylidyne;0.00732600732601
9;6 Ethylene Glycol;0.00732600732601
10;7 Methyl Cyanide;0.00732600732601
11;8 Thioformylium;0.00732600732601
12;9 para-Oxidaniumyl;0.00732600732601
13;10 Hydrogen Cyanide;0.00732600732601
14;11 Cyanide Radical;0.00732600732601
15;12 Formic Acid;0.00732600732601
16;13 Nitric sulfide;0.00732600732601
17;14 Iminomethylium;0.00732600732601
18;15 Nitrosyl hydride;0.00732600732601
19;16 Propynylidynium;0.00732600732601
20;17 Magnesium Cyanide;0.00732600732601
21;18 1,3-Butadiynyl anion;0.00732600732601
22;19 Diazenylium;0.00732600732601
23;20 Methylamine;0.00732600732601
24;21 Chloronium;0.00732600732601
25;22 Phosphorus Monoxide;0.00732600732601
26;23 Silicon monosulfide;0.00732600732601
27;24 Cyclopropenone;0.00732600732601
28;25 Carbon Monoxide Ion;0.00732600732601
29;26 Sodium Cyanide;0.00732600732601
30;27 Nitric oxide;0.00732600732601
31;28 3-Thioxo-1,2-Propadieylidene;0.00732600732601
32;29 Silicon Cyanide;0.00732600732601
33;30 Ethyne Isocyanide;0.00732600732601
34;31 Sodium Chloride;0.00732600732601
35;32 Cyanoacetylene;0.00732600732601
36;33 Sulfur Monoxide;0.00732600732601
37;34 Aluminum Isocyanitrile;0.00732600732601
38;35 Cyanobutadiyne;0.00732600732601
39;36 Carbon Monoxide;0.00732600732601
40;37 Silicon Mononitride;0.00732600732601
41;38 Propadienylidene;0.00732600732601
42;39 Methanimine;0.00732600732601
43;40 Aluminum Monofluoride;0.00732600732601
44;41 Formamide;0.00732600732601
45;42 1,3,5,7-Octatetraynyl anion;0.00732600732601
46;43 Aminoacetonitrile;0.00732600732601
47;44 Ammonia;0.00732600732601
48;45 gauche-Ethanol;0.00732600732601
49;46 Protonate 2-proynenitrile;0.00732600732601
50;47 Carbonyl Sulfide;0.00732600732601
51;48 Thioxoethenylidene;0.00732600732601
52;49 Water;0.00732600732601
53;50 Methyl Formate;0.00732600732601
54;51 Acetaldehyde;0.00732600732601
55;52 Ketenimine;0.00732600732601
56;53 Propenal;0.00732600732601
57;55 Protonated Carbon Dioxide;0.00732600732601
58;56 Methylidyne;0.00732600732601
59;57 Ketene;0.00732600732601
60;58 4-Cyano-1,3-Butadiynyl;0.00732600732601
61;59 Silicon Monoxide;0.00732600732601
62;60 Acetone;0.00732600732601
63;61 3-Imino-1,2 Propadienylidene;0.00732600732601
64;62 Vinyl Cyanide;0.00732600732601
65;63 Cyclopropenylidene;0.00732600732601
66;64 2,4,6-Heptatriynylidyne;0.00732600732601
67;65 Magnesium Isocyanide;0.00732600732601
68;66 Formaldehyde;0.00732600732601
69;67 Cyanobutadiynylide anion;0.00732600732601
70;68 Fulminic acid;0.00732600732601
71;69 Carbon Monosulfide;0.00732600732601
72;70 1,3,5-Hexatriynyl;0.00732600732601
73;71 1,3-Butadiynyl radical;0.00732600732601
74;72 1,3,5-Hexatriynyl anion;0.00732600732601
75;73 Silicon monosulfide;0.00732600732601
76;74 Silicon Carbide;0.00732600732601
77;75 Formylium;0.00732600732601
78;76 Ethylene Oxide;0.00732600732601
79;77 Sulfur dioxide;0.00732600732601
80;78 Carbon Monophosphide;0.00732600732601
81;79 Sulfur Monoxide ion;0.00732600732601
82;80 Methanol;0.00732600732601
83;81 Sulfur Dioxide;0.00732600732601
84;82 Cyanoformaldehyde;0.00732600732601
85;83 Isocyanic Acid;0.00732600732601
86;84 Silicon Isocyanide;0.00732600732601
87;85 Silicon Monocarbide;0.00732600732601
88;86 Phosphaethyne;0.00732600732601
89;87 Carbon Monosulfide;0.00732600732601
90;88 Methylene amidogen;0.00732600732601
91;89 Aluminum Monochloride;0.00732600732601
92;90 3-Oxo-1,2-Propadienylidene;0.00732600732601
93;91 Cyanoallene;0.00732600732601
94;92 Methyl diacetylene;0.00732600732601
95;93 Cyanomethylene;0.00732600732601
96;95 Phosphapropynylidyne;0.00732600732601
97;96 Hydrogen Isocyanide;0.00732600732601
98;97 Hydrogen sulfide;0.00732600732601
99;98 Hydroxyl;0.00732600732601
100;99 Glycolaldehyde;0.00732600732601
101;100 2-Propynal;0.00732600732601
102;101 Ethynyl;0.00732600732601
103;102 Phosphorous nitride;0.00732600732601
104;103 Potassium chloride;0.00732600732601
105;104 Silicon tetracarbide;0.00732600732601
106;105 Ethyl Cyanide;0.00732600732601
107;106 Cyanamide;0.00732600732601
108;107 Amidogen;0.00732600732601
109;108 Formyl Radical;0.00732600732601
110;109 Vinyl Alcohol;0.00732600732601
111;110 ortho-Oxidaniumyl;0.00732600732601
112;111 Cyanoethynylide ion;0.00732600732601
113;112 Oxoethenylidene;0.00732600732601
114;113 2-Butynenitrile;0.00732600732601
115;114 3-Silanetetrayl-1,2-Propadienyli;0.00732600732601
116;115 Cyanoethynyl;0.00732600732601
117;116 3-Cyano-1,2-propadienylidene;0.00732600732601
118;117 Acetylene;0.00732600732601
119;118 Hydroxymethylium ion;0.00732600732601
120;119 Methyl formate vt01;0.00732600732601
121;120 Thioformaldehyde;0.00732600732601
122;121 Isothiocyanic acid;0.00732600732601
123;122 Butyronitrile;0.00732600732601
124;123 Cyanic acid;0.00732600732601
