1;60 Hexatrienyl;0.4825765575501585
2;0 1,3,5-Hexatriynyl;0.0073917634635691665
3;1 Silicon monosulfide;0.0073917634635691665
4;2 Vinyl Cyanide;0.0073917634635691665
5;3 Hydroxyl;0.0073917634635691665
6;4 Methyliumylidene;0.0073917634635691665
7;5 Aluminum Isocyanitrile;0.0073917634635691665
8;6 Carbon Monosulfide;0.0073917634635691665
9;7 Methyl Acetylene;0.0073917634635691665
10;8 1,3-Butadiynyl anion;0.0073917634635691665
11;9 Butatrienylidene;0.0073917634635691665
12;10 2,4-Pentadiynylidyne;0.0073917634635691665
13;11 Aluminum Monochloride;0.0073917634635691665
14;12 4-Cyano-1,3-Butadiynyl;0.0073917634635691665
15;13 Silicon monosulfide;0.0073917634635691665
16;14 Water;0.0073917634635691665
17;15 Hydrogen sulfide;0.0073917634635691665
18;16 1,3-Butadiynyl radical;0.0073917634635691665
19;17 Formylium;0.0073917634635691665
20;18 Trihydrogen ion;0.0073917634635691665
21;19 Methanimine;0.0073917634635691665
22;20 Phosphorus Monoxide;0.0073917634635691665
23;21 Methyl Cyanide;0.0073917634635691665
24;22 Magnesium Isocyanide;0.0073917634635691665
25;23 1,3,5-Hexatriynyl anion;0.0073917634635691665
26;24 Phosphaethyne;0.0073917634635691665
27;25 1,3,5,7-Octatetraynyl anion;0.0073917634635691665
28;26 Silicon Monocarbide;0.0073917634635691665
29;27 Cyanomethylene;0.0073917634635691665
30;28 3-Thioxo-1,2-Propadieylidene;0.0073917634635691665
31;29 Cyanobutadiyne;0.0073917634635691665
32;30 Silicon Isocyanide;0.0073917634635691665
33;31 Potassium chloride;0.0073917634635691665
34;32 3-Oxo-1,2-Propadienylidene;0.0073917634635691665
35;33 Silicon Carbide;0.0073917634635691665
36;34 3-Cyano-1,2-propadienylidene;0.0073917634635691665
37;35 Nitric sulfide;0.0073917634635691665
38;36 Sulfur dioxide;0.0073917634635691665
39;37 Ethyne Isocyanide;0.0073917634635691665
40;38 Cyanoethynylide ion;0.0073917634635691665
41;39 Cyanide Radical;0.0073917634635691665
42;40 Carbon Monoxide Ion;0.0073917634635691665
43;41 Cyanobutadiynylide anion;0.0073917634635691665
44;42 Aluminum Monofluoride;0.0073917634635691665
45;43 Formaldehyde;0.0073917634635691665
46;44 Sulfur Monoxide;0.0073917634635691665
47;45 Silicon tetracarbide;0.0073917634635691665
48;46 Ethynyl;0.0073917634635691665
49;47 Sodium Chloride;0.0073917634635691665
50;48 Hydrogen Cyanide;0.0073917634635691665
51;49 Sodium Cyanide;0.0073917634635691665
52;50 3-Imino-1,2 Propadienylidene;0.0073917634635691665
53;51 Methylidyne;0.0073917634635691665
54;52 Thioxoethenylidene;0.0073917634635691665
55;53 Silicon Monoxide;0.0073917634635691665
56;54 1,3,5,7-Octatetraynyl;0.0073917634635691665
57;55 Silicon Mononitride;0.0073917634635691665
58;56 Carbon Monoxide;0.0073917634635691665
59;57 Phosphorous nitride;0.0073917634635691665
60;58 Carbon Monophosphide;0.0073917634635691665
61;59 Thioformaldehyde;0.0073917634635691665
62;61 Hydrogen Isocyanide;0.0073917634635691665
63;62 Carbon Monosulfide;0.0073917634635691665
64;63 Silicon Cyanide;0.0073917634635691665
65;64 2,4,6-Heptatriynylidyne;0.0073917634635691665
66;65 Cyclopropenylidene;0.0073917634635691665
67;66 Cyanoacetylene;0.0073917634635691665
68;67 Magnesium Cyanide;0.0073917634635691665
69;68 3-Silanetetrayl-1,2-Propadienyli;0.0073917634635691665
70;69 Cyanoethynyl;0.0073917634635691665
71;70 Phosphapropynylidyne;0.0073917634635691665
