1;28 Hydrogen Isocyanide;0.2602941176470588
2;21 Methanol;0.03970588235294118
3;0 Methylidyne;0.024999999999999998
4;1 Formaldehyde;0.024999999999999998
5;2 Sulfur dioxide;0.024999999999999998
6;3 Carbon Monoxide;0.024999999999999998
7;4 Acetaldehyde;0.024999999999999998
8;5 Water;0.024999999999999998
9;6 Imidogen;0.024999999999999998
10;7 Carbon Monoxide Ion;0.024999999999999998
11;8 Nitric sulfide;0.024999999999999998
12;9 Isocyanic Acid;0.024999999999999998
13;10 Formic Acid;0.024999999999999998
14;11 Amidogen;0.024999999999999998
15;12 Ethylene Glycol;0.024999999999999998
16;13 Methyliumylidene;0.024999999999999998
17;14 Cyanide Radical;0.024999999999999998
18;15 Carbonyl Sulfide;0.024999999999999998
19;16 Hydroxyl;0.024999999999999998
20;17 Nitric oxide;0.024999999999999998
21;18 Methyl Cyanide;0.024999999999999998
22;19 Cyclopropenylidene;0.024999999999999998
23;20 Sulfur Monoxide ion;0.024999999999999998
24;22 Thioformaldehyde;0.024999999999999998
25;23 Ammonia;0.024999999999999998
26;24 Cyanoacetylene;0.024999999999999998
27;25 Hydrogen Cyanide;0.024999999999999998
28;26 Hydrogen sulfide;0.024999999999999998
29;27 Molecular oxygen;0.024999999999999998
30;29 Formylium;0.024999999999999998
