1;29 Formylium;0.35063291139240504
2;6 Imidogen;0.03417721518987342
3;25 Hydrogen Cyanide;0.03417721518987342
4;0 Methylidyne;0.021518987341772152
5;1 Formaldehyde;0.021518987341772152
6;2 Sulfur dioxide;0.021518987341772152
7;3 Carbon Monoxide;0.021518987341772152
8;4 Acetaldehyde;0.021518987341772152
9;5 Water;0.021518987341772152
10;7 Carbon Monoxide Ion;0.021518987341772152
11;8 Nitric sulfide;0.021518987341772152
12;9 Isocyanic Acid;0.021518987341772152
13;10 Formic Acid;0.021518987341772152
14;11 Amidogen;0.021518987341772152
15;12 Ethylene Glycol;0.021518987341772152
16;13 Methyliumylidene;0.021518987341772152
17;14 Cyanide Radical;0.021518987341772152
18;15 Carbonyl Sulfide;0.021518987341772152
19;16 Hydroxyl;0.021518987341772152
20;17 Nitric oxide;0.021518987341772152
21;18 Methyl Cyanide;0.021518987341772152
22;19 Cyclopropenylidene;0.021518987341772152
23;20 Sulfur Monoxide ion;0.021518987341772152
24;21 Methanol;0.021518987341772152
25;22 Thioformaldehyde;0.021518987341772152
26;23 Ammonia;0.021518987341772152
27;24 Cyanoacetylene;0.021518987341772152
28;26 Hydrogen sulfide;0.021518987341772152
29;27 Molecular oxygen;0.021518987341772152
30;28 Hydrogen Isocyanide;0.021518987341772152
