1;48 Hexatrienyl;0.5552536231884059
2;5 Methyliumylidene;0.2080314009661836
3;42 Silicon Monoxide;0.051026570048309176
4;28 Cyanobutadiyne;0.03894927536231884
5;0 Ketene;0.0027173913043478264
6;1 1,3,5-Hexatriynyl;0.0027173913043478264
7;2 Oxonium hydride;0.0027173913043478264
8;3 Vinyl Cyanide;0.0027173913043478264
9;4 Hydroxyl;0.0027173913043478264
10;6 Carbon Monosulfide;0.0027173913043478264
11;7 Cyanomethyl;0.0027173913043478264
12;8 Methyl Acetylene;0.0027173913043478264
13;9 Ethyl Cyanide;0.0027173913043478264
14;10 2,4-Pentadiynylidyne;0.0027173913043478264
15;11 4-Cyano-1,3-Butadiynyl;0.0027173913043478264
16;12 Water;0.0027173913043478264
17;13 Hydrogen sulfide;0.0027173913043478264
18;14 Methylene amidogen;0.0027173913043478264
19;15 1,3-Butadiynyl radical;0.0027173913043478264
20;16 2,4,6,8-Nonatetraynenitrile;0.0027173913043478264
21;17 Formylium;0.0027173913043478264
22;18 Cyanoallene;0.0027173913043478264
23;19 Trihydrogen ion;0.0027173913043478264
24;20 Methylcyanodiacetylene;0.0027173913043478264
25;21 2,4,6-Heptatriynenitrile;0.0027173913043478264
26;22 Methanol;0.0027173913043478264
27;23 Ammonia;0.0027173913043478264
28;24 Methyl Cyanide;0.0027173913043478264
29;25 1,3,5-Hexatriynyl anion;0.0027173913043478264
30;26 1,3,5,7-Octatetraynyl anion;0.0027173913043478264
31;27 3-Thioxo-1,2-Propadieylidene;0.0027173913043478264
32;29 Nitric sulfide;0.0027173913043478264
33;30 Sulfur dioxide;0.0027173913043478264
34;31 Hydrochloric acid;0.0027173913043478264
35;32 2,4,6,8,10-Undecapentaynenitrile;0.0027173913043478264
36;33 Cyanide Radical;0.0027173913043478264
37;34 Nitric oxide;0.0027173913043478264
38;35 Formaldehyde;0.0027173913043478264
39;36 Sulfur Monoxide;0.0027173913043478264
40;37 Methyltriacetylene;0.0027173913043478264
41;38 Hydrogen Cyanide;0.0027173913043478264
42;39 Methyl diacetylene;0.0027173913043478264
43;40 Methylidyne;0.0027173913043478264
44;41 Thioxoethenylidene;0.0027173913043478264
45;43 1,3,5,7-Octatetraynyl;0.0027173913043478264
46;44 Oxoethenylidene;0.0027173913043478264
47;45 Propynylidynium;0.0027173913043478264
48;46 Carbon Monoxide;0.0027173913043478264
49;47 Thioformaldehyde;0.0027173913043478264
50;49 Diazenylium;0.0027173913043478264
51;50 Hydrogen Isocyanide;0.0027173913043478264
52;51 Carbon Monosulfide;0.0027173913043478264
53;52 Methylamine;0.0027173913043478264
54;53 Formic Acid;0.0027173913043478264
55;54 Cyclopropenylidene;0.0027173913043478264
56;55 Cyanoacetylene;0.0027173913043478264
57;56 para-Oxidaniumyl;0.0027173913043478264
58;57 ortho-Oxidaniumyl;0.0027173913043478264
