1;19 Hydrogen Cyanide;0.6915584415584416
2;0 Methanol;0.016233766233766232
3;1 Hydrogen fluoride;0.016233766233766232
4;2 Nitric oxide;0.016233766233766232
5;3 Formylium;0.016233766233766232
6;4 Sodium Chloride;0.016233766233766232
7;5 Sulfur dioxide;0.016233766233766232
8;6 para-Oxidaniumyl;0.016233766233766232
9;7 Sulfur Monoxide;0.016233766233766232
10;8 Butatrienylidene;0.016233766233766232
11;9 Carbon Monoxide;0.016233766233766232
12;10 Nitrous Oxide;0.016233766233766232
13;11 Cyanoacetylene;0.016233766233766232
14;12 Carbonyl Sulfide;0.016233766233766232
15;13 Molecular oxygen;0.016233766233766232
16;14 ortho-Oxidaniumyl;0.016233766233766232
17;15 Water;0.016233766233766232
18;16 Iminomethylium;0.016233766233766232
19;17 Hydrochloric acid;0.016233766233766232
20;18 Acetylene;0.016233766233766232
