1;0 Methanol;0.023923444976076555
2;1 Hydrogen fluoride;0.023923444976076555
3;2 Nitric oxide;0.023923444976076555
4;3 Formylium;0.023923444976076555
5;4 Sodium Chloride;0.023923444976076555
6;5 Sulfur dioxide;0.023923444976076555
7;6 para-Oxidaniumyl;0.023923444976076555
8;7 Sulfur Monoxide;0.023923444976076555
9;8 Butatrienylidene;0.023923444976076555
10;9 Carbon Monoxide;0.023923444976076555
11;10 Nitrous Oxide;0.023923444976076555
12;11 Cyanoacetylene;0.023923444976076555
13;12 Carbonyl Sulfide;0.023923444976076555
14;13 Molecular oxygen;0.023923444976076555
15;14 ortho-Oxidaniumyl;0.023923444976076555
16;15 Water;0.023923444976076555
17;16 Iminomethylium;0.023923444976076555
18;17 Hydrochloric acid;0.023923444976076555
19;18 Acetylene;0.023923444976076555
20;19 Hydrogen Cyanide;0.023923444976076555
