1;19 Hydrogen Cyanide;0.8943355119825708
2;3 Formylium;0.007625272331154684
3;0 Methanol;0.0054466230936819175
4;1 Hydrogen fluoride;0.0054466230936819175
5;2 Nitric oxide;0.0054466230936819175
6;4 Sodium Chloride;0.0054466230936819175
7;5 Sulfur dioxide;0.0054466230936819175
8;6 para-Oxidaniumyl;0.0054466230936819175
9;7 Sulfur Monoxide;0.0054466230936819175
10;8 Butatrienylidene;0.0054466230936819175
11;9 Carbon Monoxide;0.0054466230936819175
12;10 Nitrous Oxide;0.0054466230936819175
13;11 Cyanoacetylene;0.0054466230936819175
14;12 Carbonyl Sulfide;0.0054466230936819175
15;13 Molecular oxygen;0.0054466230936819175
16;14 ortho-Oxidaniumyl;0.0054466230936819175
17;15 Water;0.0054466230936819175
18;16 Iminomethylium;0.0054466230936819175
19;17 Hydrochloric acid;0.0054466230936819175
20;18 Acetylene;0.0054466230936819175
