1;19 Hydrogen Cyanide;0.20833333333333334
2;0 Methanol;0.041666666666666664
3;1 Hydrogen fluoride;0.041666666666666664
4;2 Nitric oxide;0.041666666666666664
5;3 Formylium;0.041666666666666664
6;4 Sodium Chloride;0.041666666666666664
7;5 Sulfur dioxide;0.041666666666666664
8;6 para-Oxidaniumyl;0.041666666666666664
9;7 Sulfur Monoxide;0.041666666666666664
10;8 Butatrienylidene;0.041666666666666664
11;9 Carbon Monoxide;0.041666666666666664
12;10 Nitrous Oxide;0.041666666666666664
13;11 Cyanoacetylene;0.041666666666666664
14;12 Carbonyl Sulfide;0.041666666666666664
15;13 Molecular oxygen;0.041666666666666664
16;14 ortho-Oxidaniumyl;0.041666666666666664
17;15 Water;0.041666666666666664
18;16 Iminomethylium;0.041666666666666664
19;17 Hydrochloric acid;0.041666666666666664
20;18 Acetylene;0.041666666666666664
