1;1 Hydrogen fluoride;0.3288590604026846
2;0 Methanol;0.03355704697986577
3;2 Nitric oxide;0.03355704697986577
4;3 Formylium;0.03355704697986577
5;4 Sodium Chloride;0.03355704697986577
6;5 Sulfur dioxide;0.03355704697986577
7;6 para-Oxidaniumyl;0.03355704697986577
8;7 Sulfur Monoxide;0.03355704697986577
9;8 Butatrienylidene;0.03355704697986577
10;9 Carbon Monoxide;0.03355704697986577
11;10 Nitrous Oxide;0.03355704697986577
12;11 Cyanoacetylene;0.03355704697986577
13;12 Carbonyl Sulfide;0.03355704697986577
14;13 Molecular oxygen;0.03355704697986577
15;14 ortho-Oxidaniumyl;0.03355704697986577
16;15 Water;0.03355704697986577
17;16 Iminomethylium;0.03355704697986577
18;17 Hydrochloric acid;0.03355704697986577
19;18 Acetylene;0.03355704697986577
20;19 Hydrogen Cyanide;0.03355704697986577
