1;0 Methylidyne;0.058052434456928835
2;18 Carbon Monosulfide;0.058052434456928835
3;21 Hydrogen Isocyanide;0.058052434456928835
4;1 Butyronitrile;0.03932584269662921
5;2 Formaldehyde;0.03932584269662921
6;3 Sulfur dioxide;0.03932584269662921
7;4 Carbon Monoxide;0.03932584269662921
8;5 Water;0.03932584269662921
9;6 Chloronium;0.03932584269662921
10;7 Imidogen;0.03932584269662921
11;8 Thioformylium;0.03932584269662921
12;9 Mercapto radical;0.03932584269662921
13;10 Methyl formate vt01;0.03932584269662921
14;11 Methyliumylidene;0.03932584269662921
15;12 Cyanide Radical;0.03932584269662921
16;13 Hydroxyl;0.03932584269662921
17;14 Nitric oxide;0.03932584269662921
18;15 Cyclopropenylidene;0.03932584269662921
19;16 Silicon Monoxide;0.03932584269662921
20;17 Hydrogen Cyanide;0.03932584269662921
21;19 Hydrogen sulfide;0.03932584269662921
22;20 Molecular oxygen;0.03932584269662921
23;22 Formylium;0.03932584269662921
24;23 Sulfoniumylidene;0.03932584269662921
