1;11 Methyliumylidene;0.0782442748091603
2;0 Methylidyne;0.04007633587786259
3;1 Butyronitrile;0.04007633587786259
4;2 Formaldehyde;0.04007633587786259
5;3 Sulfur dioxide;0.04007633587786259
6;4 Carbon Monoxide;0.04007633587786259
7;5 Water;0.04007633587786259
8;6 Chloronium;0.04007633587786259
9;7 Imidogen;0.04007633587786259
10;8 Thioformylium;0.04007633587786259
11;9 Mercapto radical;0.04007633587786259
12;10 Methyl formate vt01;0.04007633587786259
13;12 Cyanide Radical;0.04007633587786259
14;13 Hydroxyl;0.04007633587786259
15;14 Nitric oxide;0.04007633587786259
16;15 Cyclopropenylidene;0.04007633587786259
17;16 Silicon Monoxide;0.04007633587786259
18;17 Hydrogen Cyanide;0.04007633587786259
19;18 Carbon Monosulfide;0.04007633587786259
20;19 Hydrogen sulfide;0.04007633587786259
21;20 Molecular oxygen;0.04007633587786259
22;21 Hydrogen Isocyanide;0.04007633587786259
23;22 Formylium;0.04007633587786259
24;23 Sulfoniumylidene;0.04007633587786259
