1;13 Nitric sulfide;0.8368391131324615
2;50 Methyl Formate;0.006822057987492893
3;64 Cyclopropenylidene;0.006822057987492893
4;88 Cyanomethylene;0.006822057987492893
5;19 Magnesium Cyanide;0.003979533826037521
6;60 Silicon Monoxide;0.003979533826037521
7;78 Sulfur Dioxide;0.003979533826037521
8;105 Hydroxymethylidyne;0.003979533826037521
9;114 Thioformaldehyde;0.003979533826037521
10;0 Dimethyl ether;0.0011370096645821489
11;1 Butatrienylidene;0.0011370096645821489
12;2 Trihydrogen ion;0.0011370096645821489
13;3 Nitrous Oxide;0.0011370096645821489
14;4 Methyl Acetylene;0.0011370096645821489
15;5 Ethylene Glycol;0.0011370096645821489
16;6 Methyl Cyanide;0.0011370096645821489
17;7 Thioformylium;0.0011370096645821489
18;8 para-Oxidaniumyl;0.0011370096645821489
19;9 Hydrogen Cyanide;0.0011370096645821489
20;10 Titanium monoxide;0.0011370096645821489
21;11 Cyanide Radical;0.0011370096645821489
22;12 Formic Acid;0.0011370096645821489
23;14 Iminomethylium;0.0011370096645821489
24;15 Aluminum monoxide;0.0011370096645821489
25;16 Methyl isocyanate;0.0011370096645821489
26;17 Nitrosyl hydride;0.0011370096645821489
27;18 Propynylidynium;0.0011370096645821489
28;20 Diazenylium;0.0011370096645821489
29;21 Methylamine;0.0011370096645821489
30;22 Chloronium;0.0011370096645821489
31;23 Silicon monosulfide;0.0011370096645821489
32;24 Phosphorus Monoxide;0.0011370096645821489
33;25 Cyclopropenone;0.0011370096645821489
34;26 Carbon Monoxide Ion;0.0011370096645821489
35;27 Sodium Cyanide;0.0011370096645821489
36;28 Nitric oxide;0.0011370096645821489
37;29 Silicon Cyanide;0.0011370096645821489
38;30 Ethyne Isocyanide;0.0011370096645821489
39;31 Sodium Chloride;0.0011370096645821489
40;32 Cyanoacetylene;0.0011370096645821489
41;33 Sulfur Monoxide;0.0011370096645821489
42;34 Aluminum Isocyanitrile;0.0011370096645821489
43;35 Cyanobutadiyne;0.0011370096645821489
44;36 Silicon Mononitride;0.0011370096645821489
45;37 Carbon Monoxide;0.0011370096645821489
46;38 Propadienylidene;0.0011370096645821489
47;39 Methanimine;0.0011370096645821489
48;40 Aluminum Monofluoride;0.0011370096645821489
49;41 Formamide;0.0011370096645821489
50;42 Aminoacetonitrile;0.0011370096645821489
51;43 Ammonia;0.0011370096645821489
52;44 gauche-Ethanol;0.0011370096645821489
53;45 Protonate 2-proynenitrile;0.0011370096645821489
54;46 Carbonyl Sulfide;0.0011370096645821489
55;47 Thioxoethenylidene;0.0011370096645821489
56;48 Ethyl cyanide;0.0011370096645821489
57;49 Water;0.0011370096645821489
58;51 Acetaldehyde;0.0011370096645821489
59;52 Ketenimine;0.0011370096645821489
60;53 Propenal;0.0011370096645821489
61;54 Methyl isocyanide;0.0011370096645821489
62;55 iso-propyl cyanide;0.0011370096645821489
63;56 Hydrogen cyanide;0.0011370096645821489
64;57 Protonated Carbon Dioxide;0.0011370096645821489
65;58 Methylidyne;0.0011370096645821489
66;59 Ketene;0.0011370096645821489
67;61 Acetone;0.0011370096645821489
68;62 Vinyl Cyanide;0.0011370096645821489
69;63 Silicon monoxide (global fit);0.0011370096645821489
70;65 Magnesium Isocyanide;0.0011370096645821489
71;66 Cyanobutadiynylide anion;0.0011370096645821489
72;67 Formaldehyde;0.0011370096645821489
73;68 Carbon Monosulfide;0.0011370096645821489
74;69 Fulminic acid;0.0011370096645821489
75;70 trans-Ethanol;0.0011370096645821489
76;71 Silicon Carbide;0.0011370096645821489
77;72 Formylium;0.0011370096645821489
78;73 Ethylene Oxide;0.0011370096645821489
79;74 Sulfur dioxide;0.0011370096645821489
80;75 Carbon Monophosphide;0.0011370096645821489
81;76 Sulfur Monoxide ion;0.0011370096645821489
82;77 Methanol;0.0011370096645821489
83;79 Cyanoformaldehyde;0.0011370096645821489
84;80 Isocyanic Acid;0.0011370096645821489
85;81 Silicon Isocyanide;0.0011370096645821489
86;82 Methylene amidogen;0.0011370096645821489
87;83 Silicon Monocarbide;0.0011370096645821489
88;84 Phosphaethyne;0.0011370096645821489
89;85 Aluminum Monochloride;0.0011370096645821489
90;86 Cyanoallene;0.0011370096645821489
91;87 Methyl diacetylene;0.0011370096645821489
92;89 Phosphapropynylidyne;0.0011370096645821489
93;90 Cyanomethyl;0.0011370096645821489
94;91 Hydrogen Isocyanide;0.0011370096645821489
95;92 Hydrogen sulfide;0.0011370096645821489
96;93 Hydroxyl;0.0011370096645821489
97;94 Glycolaldehyde;0.0011370096645821489
98;95 Cyanide anion;0.0011370096645821489
99;96 2-Propynal;0.0011370096645821489
100;97 Ethynyl;0.0011370096645821489
101;98 Phosphorous nitride;0.0011370096645821489
102;99 Magnesium hydride isocyanide;0.0011370096645821489
103;100 Potassium chloride;0.0011370096645821489
104;101 Silicon tetracarbide;0.0011370096645821489
105;102 Ethyl Cyanide;0.0011370096645821489
106;103 Cyanamide;0.0011370096645821489
107;104 Amidogen;0.0011370096645821489
108;106 Formyl Radical;0.0011370096645821489
109;107 Vinyl Alcohol;0.0011370096645821489
110;108 ortho-Oxidaniumyl;0.0011370096645821489
111;109 Cyanoethynylide ion;0.0011370096645821489
112;110 Oxoethenylidene;0.0011370096645821489
113;111 2-Butynenitrile;0.0011370096645821489
114;112 Cyanoethynyl;0.0011370096645821489
115;113 Hydroxymethylium ion;0.0011370096645821489
116;115 Isothiocyanic acid;0.0011370096645821489
117;116 Cyanic acid;0.0011370096645821489
