1;84 Phosphaethyne;0.945654720074959
2;0 Dimethyl ether;0.00046849379245725
3;1 Butatrienylidene;0.00046849379245725
4;2 Trihydrogen ion;0.00046849379245725
5;3 Nitrous Oxide;0.00046849379245725
6;4 Methyl Acetylene;0.00046849379245725
7;5 Ethylene Glycol;0.00046849379245725
8;6 Methyl Cyanide;0.00046849379245725
9;7 Thioformylium;0.00046849379245725
10;8 para-Oxidaniumyl;0.00046849379245725
11;9 Hydrogen Cyanide;0.00046849379245725
12;10 Titanium monoxide;0.00046849379245725
13;11 Cyanide Radical;0.00046849379245725
14;12 Formic Acid;0.00046849379245725
15;13 Nitric sulfide;0.00046849379245725
16;14 Iminomethylium;0.00046849379245725
17;15 Aluminum monoxide;0.00046849379245725
18;16 Methyl isocyanate;0.00046849379245725
19;17 Nitrosyl hydride;0.00046849379245725
20;18 Propynylidynium;0.00046849379245725
21;19 Magnesium Cyanide;0.00046849379245725
22;20 Diazenylium;0.00046849379245725
23;21 Methylamine;0.00046849379245725
24;22 Chloronium;0.00046849379245725
25;23 Silicon monosulfide;0.00046849379245725
26;24 Phosphorus Monoxide;0.00046849379245725
27;25 Cyclopropenone;0.00046849379245725
28;26 Carbon Monoxide Ion;0.00046849379245725
29;27 Sodium Cyanide;0.00046849379245725
30;28 Nitric oxide;0.00046849379245725
31;29 Silicon Cyanide;0.00046849379245725
32;30 Ethyne Isocyanide;0.00046849379245725
33;31 Sodium Chloride;0.00046849379245725
34;32 Cyanoacetylene;0.00046849379245725
35;33 Sulfur Monoxide;0.00046849379245725
36;34 Aluminum Isocyanitrile;0.00046849379245725
37;35 Cyanobutadiyne;0.00046849379245725
38;36 Silicon Mononitride;0.00046849379245725
39;37 Carbon Monoxide;0.00046849379245725
40;38 Propadienylidene;0.00046849379245725
41;39 Methanimine;0.00046849379245725
42;40 Aluminum Monofluoride;0.00046849379245725
43;41 Formamide;0.00046849379245725
44;42 Aminoacetonitrile;0.00046849379245725
45;43 Ammonia;0.00046849379245725
46;44 gauche-Ethanol;0.00046849379245725
47;45 Protonate 2-proynenitrile;0.00046849379245725
48;46 Carbonyl Sulfide;0.00046849379245725
49;47 Thioxoethenylidene;0.00046849379245725
50;48 Ethyl cyanide;0.00046849379245725
51;49 Water;0.00046849379245725
52;50 Methyl Formate;0.00046849379245725
53;51 Acetaldehyde;0.00046849379245725
54;52 Ketenimine;0.00046849379245725
55;53 Propenal;0.00046849379245725
56;54 Methyl isocyanide;0.00046849379245725
57;55 iso-propyl cyanide;0.00046849379245725
58;56 Hydrogen cyanide;0.00046849379245725
59;57 Protonated Carbon Dioxide;0.00046849379245725
60;58 Methylidyne;0.00046849379245725
61;59 Ketene;0.00046849379245725
62;60 Silicon Monoxide;0.00046849379245725
63;61 Acetone;0.00046849379245725
64;62 Vinyl Cyanide;0.00046849379245725
65;63 Silicon monoxide (global fit);0.00046849379245725
66;64 Cyclopropenylidene;0.00046849379245725
67;65 Magnesium Isocyanide;0.00046849379245725
68;66 Cyanobutadiynylide anion;0.00046849379245725
69;67 Formaldehyde;0.00046849379245725
70;68 Carbon Monosulfide;0.00046849379245725
71;69 Fulminic acid;0.00046849379245725
72;70 trans-Ethanol;0.00046849379245725
73;71 Silicon Carbide;0.00046849379245725
74;72 Formylium;0.00046849379245725
75;73 Ethylene Oxide;0.00046849379245725
76;74 Sulfur dioxide;0.00046849379245725
77;75 Carbon Monophosphide;0.00046849379245725
78;76 Sulfur Monoxide ion;0.00046849379245725
79;77 Methanol;0.00046849379245725
80;78 Sulfur Dioxide;0.00046849379245725
81;79 Cyanoformaldehyde;0.00046849379245725
82;80 Isocyanic Acid;0.00046849379245725
83;81 Silicon Isocyanide;0.00046849379245725
84;82 Methylene amidogen;0.00046849379245725
85;83 Silicon Monocarbide;0.00046849379245725
86;85 Aluminum Monochloride;0.00046849379245725
87;86 Cyanoallene;0.00046849379245725
88;87 Methyl diacetylene;0.00046849379245725
89;88 Cyanomethylene;0.00046849379245725
90;89 Phosphapropynylidyne;0.00046849379245725
91;90 Cyanomethyl;0.00046849379245725
92;91 Hydrogen Isocyanide;0.00046849379245725
93;92 Hydrogen sulfide;0.00046849379245725
94;93 Hydroxyl;0.00046849379245725
95;94 Glycolaldehyde;0.00046849379245725
96;95 Cyanide anion;0.00046849379245725
97;96 2-Propynal;0.00046849379245725
98;97 Ethynyl;0.00046849379245725
99;98 Phosphorous nitride;0.00046849379245725
100;99 Magnesium hydride isocyanide;0.00046849379245725
101;100 Potassium chloride;0.00046849379245725
102;101 Silicon tetracarbide;0.00046849379245725
103;102 Ethyl Cyanide;0.00046849379245725
104;103 Cyanamide;0.00046849379245725
105;104 Amidogen;0.00046849379245725
106;105 Hydroxymethylidyne;0.00046849379245725
107;106 Formyl Radical;0.00046849379245725
108;107 Vinyl Alcohol;0.00046849379245725
109;108 ortho-Oxidaniumyl;0.00046849379245725
110;109 Cyanoethynylide ion;0.00046849379245725
111;110 Oxoethenylidene;0.00046849379245725
112;111 2-Butynenitrile;0.00046849379245725
113;112 Cyanoethynyl;0.00046849379245725
114;113 Hydroxymethylium ion;0.00046849379245725
115;114 Thioformaldehyde;0.00046849379245725
116;115 Isothiocyanic acid;0.00046849379245725
117;116 Cyanic acid;0.00046849379245725
