1;22 Methanol;0.5575296108291032
2;14 Methylene amidogen;0.016074450084602367
3;0 Ketene;0.007614213197969543
4;1 1,3,5-Hexatriynyl;0.007614213197969543
5;2 Oxonium hydride;0.007614213197969543
6;3 Vinyl Cyanide;0.007614213197969543
7;4 Hydroxyl;0.007614213197969543
8;5 Methyliumylidene;0.007614213197969543
9;6 Carbon Monosulfide;0.007614213197969543
10;7 Cyanomethyl;0.007614213197969543
11;8 Methyl Acetylene;0.007614213197969543
12;9 Ethyl Cyanide;0.007614213197969543
13;10 2,4-Pentadiynylidyne;0.007614213197969543
14;11 4-Cyano-1,3-Butadiynyl;0.007614213197969543
15;12 Water;0.007614213197969543
16;13 Hydrogen sulfide;0.007614213197969543
17;15 1,3-Butadiynyl radical;0.007614213197969543
18;16 2,4,6,8-Nonatetraynenitrile;0.007614213197969543
19;17 Formylium;0.007614213197969543
20;18 Cyanoallene;0.007614213197969543
21;19 Trihydrogen ion;0.007614213197969543
22;20 Methylcyanodiacetylene;0.007614213197969543
23;21 2,4,6-Heptatriynenitrile;0.007614213197969543
24;23 Ammonia;0.007614213197969543
25;24 Methyl Cyanide;0.007614213197969543
26;25 1,3,5-Hexatriynyl anion;0.007614213197969543
27;26 1,3,5,7-Octatetraynyl anion;0.007614213197969543
28;27 3-Thioxo-1,2-Propadieylidene;0.007614213197969543
29;28 Cyanobutadiyne;0.007614213197969543
30;29 Nitric sulfide;0.007614213197969543
31;30 Sulfur dioxide;0.007614213197969543
32;31 Hydrochloric acid;0.007614213197969543
33;32 2,4,6,8,10-Undecapentaynenitrile;0.007614213197969543
34;33 Cyanide Radical;0.007614213197969543
35;34 Nitric oxide;0.007614213197969543
36;35 Formaldehyde;0.007614213197969543
37;36 Sulfur Monoxide;0.007614213197969543
38;37 Methyltriacetylene;0.007614213197969543
39;38 Hydrogen Cyanide;0.007614213197969543
40;39 Methyl diacetylene;0.007614213197969543
41;40 Methylidyne;0.007614213197969543
42;41 Thioxoethenylidene;0.007614213197969543
43;42 Silicon Monoxide;0.007614213197969543
44;43 1,3,5,7-Octatetraynyl;0.007614213197969543
45;44 Oxoethenylidene;0.007614213197969543
46;45 Propynylidynium;0.007614213197969543
47;46 Carbon Monoxide;0.007614213197969543
48;47 Thioformaldehyde;0.007614213197969543
49;48 Hexatrienyl;0.007614213197969543
50;49 Diazenylium;0.007614213197969543
51;50 Hydrogen Isocyanide;0.007614213197969543
52;51 Carbon Monosulfide;0.007614213197969543
53;52 Methylamine;0.007614213197969543
54;53 Formic Acid;0.007614213197969543
55;54 Cyclopropenylidene;0.007614213197969543
56;55 Cyanoacetylene;0.007614213197969543
57;56 para-Oxidaniumyl;0.007614213197969543
58;57 ortho-Oxidaniumyl;0.007614213197969543
