1;4 Carbon Monoxide;0.8584693303320203
2;1 Butyronitrile;0.008722566122678672
3;16 Silicon Monoxide;0.008722566122678672
4;0 Methylidyne;0.005908835115362972
5;2 Formaldehyde;0.005908835115362972
6;3 Sulfur dioxide;0.005908835115362972
7;5 Water;0.005908835115362972
8;6 Chloronium;0.005908835115362972
9;7 Imidogen;0.005908835115362972
10;8 Thioformylium;0.005908835115362972
11;9 Mercapto radical;0.005908835115362972
12;10 Methyl formate vt01;0.005908835115362972
13;11 Methyliumylidene;0.005908835115362972
14;12 Cyanide Radical;0.005908835115362972
15;13 Hydroxyl;0.005908835115362972
16;14 Nitric oxide;0.005908835115362972
17;15 Cyclopropenylidene;0.005908835115362972
18;17 Hydrogen Cyanide;0.005908835115362972
19;18 Carbon Monosulfide;0.005908835115362972
20;19 Hydrogen sulfide;0.005908835115362972
21;20 Molecular oxygen;0.005908835115362972
22;21 Hydrogen Isocyanide;0.005908835115362972
23;22 Formylium;0.005908835115362972
24;23 Sulfoniumylidene;0.005908835115362972
