1;17 Hydrogen Cyanide;0.8770963104935315
2;11 Methyliumylidene;0.009822712026832775
3;21 Hydrogen Isocyanide;0.00742692860565405
4;0 Methylidyne;0.005031145184475324
5;1 Butyronitrile;0.005031145184475324
6;2 Formaldehyde;0.005031145184475324
7;3 Sulfur dioxide;0.005031145184475324
8;4 Carbon Monoxide;0.005031145184475324
9;5 Water;0.005031145184475324
10;6 Chloronium;0.005031145184475324
11;7 Imidogen;0.005031145184475324
12;8 Thioformylium;0.005031145184475324
13;9 Mercapto radical;0.005031145184475324
14;10 Methyl formate vt01;0.005031145184475324
15;12 Cyanide Radical;0.005031145184475324
16;13 Hydroxyl;0.005031145184475324
17;14 Nitric oxide;0.005031145184475324
18;15 Cyclopropenylidene;0.005031145184475324
19;16 Silicon Monoxide;0.005031145184475324
20;18 Carbon Monosulfide;0.005031145184475324
21;19 Hydrogen sulfide;0.005031145184475324
22;20 Molecular oxygen;0.005031145184475324
23;22 Formylium;0.005031145184475324
24;23 Sulfoniumylidene;0.005031145184475324
