1;11 Methyliumylidene;0.7489604989604989
2;0 Methylidyne;0.010914760914760915
3;1 Butyronitrile;0.010914760914760915
4;2 Formaldehyde;0.010914760914760915
5;3 Sulfur dioxide;0.010914760914760915
6;4 Carbon Monoxide;0.010914760914760915
7;5 Water;0.010914760914760915
8;6 Chloronium;0.010914760914760915
9;7 Imidogen;0.010914760914760915
10;8 Thioformylium;0.010914760914760915
11;9 Mercapto radical;0.010914760914760915
12;10 Methyl formate vt01;0.010914760914760915
13;12 Cyanide Radical;0.010914760914760915
14;13 Hydroxyl;0.010914760914760915
15;14 Nitric oxide;0.010914760914760915
16;15 Cyclopropenylidene;0.010914760914760915
17;16 Silicon Monoxide;0.010914760914760915
18;17 Hydrogen Cyanide;0.010914760914760915
19;18 Carbon Monosulfide;0.010914760914760915
20;19 Hydrogen sulfide;0.010914760914760915
21;20 Molecular oxygen;0.010914760914760915
22;21 Hydrogen Isocyanide;0.010914760914760915
23;22 Formylium;0.010914760914760915
24;23 Sulfoniumylidene;0.010914760914760915
