1;11 Methyliumylidene;0.909843713552601
2;17 Hydrogen Cyanide;0.03627245159785398
3;0 Methylidyne;0.00244926522043387
4;1 Butyronitrile;0.00244926522043387
5;2 Formaldehyde;0.00244926522043387
6;3 Sulfur dioxide;0.00244926522043387
7;4 Carbon Monoxide;0.00244926522043387
8;5 Water;0.00244926522043387
9;6 Chloronium;0.00244926522043387
10;7 Imidogen;0.00244926522043387
11;8 Thioformylium;0.00244926522043387
12;9 Mercapto radical;0.00244926522043387
13;10 Methyl formate vt01;0.00244926522043387
14;12 Cyanide Radical;0.00244926522043387
15;13 Hydroxyl;0.00244926522043387
16;14 Nitric oxide;0.00244926522043387
17;15 Cyclopropenylidene;0.00244926522043387
18;16 Silicon Monoxide;0.00244926522043387
19;18 Carbon Monosulfide;0.00244926522043387
20;19 Hydrogen sulfide;0.00244926522043387
21;20 Molecular oxygen;0.00244926522043387
22;21 Hydrogen Isocyanide;0.00244926522043387
23;22 Formylium;0.00244926522043387
24;23 Sulfoniumylidene;0.00244926522043387
