1;0 Methanol;0.012468827930174564
2;1 Hydrogen fluoride;0.012468827930174564
3;2 Nitric oxide;0.012468827930174564
4;3 Formylium;0.012468827930174564
5;4 Sodium Chloride;0.012468827930174564
6;5 Sulfur dioxide;0.012468827930174564
7;6 para-Oxidaniumyl;0.012468827930174564
8;7 Sulfur Monoxide;0.012468827930174564
9;8 Butatrienylidene;0.012468827930174564
10;9 Carbon Monoxide;0.012468827930174564
11;10 Nitrous Oxide;0.012468827930174564
12;11 Cyanoacetylene;0.012468827930174564
13;12 Carbonyl Sulfide;0.012468827930174564
14;13 Molecular oxygen;0.012468827930174564
15;14 ortho-Oxidaniumyl;0.012468827930174564
16;15 Water;0.012468827930174564
17;16 Iminomethylium;0.012468827930174564
18;17 Hydrochloric acid;0.012468827930174564
19;18 Acetylene;0.012468827930174564
20;19 Hydrogen Cyanide;0.012468827930174564
