1;16 Iminomethylium;0.76010101010101
2;0 Methanol;0.012626262626262626
3;1 Hydrogen fluoride;0.012626262626262626
4;2 Nitric oxide;0.012626262626262626
5;3 Formylium;0.012626262626262626
6;4 Sodium Chloride;0.012626262626262626
7;5 Sulfur dioxide;0.012626262626262626
8;6 para-Oxidaniumyl;0.012626262626262626
9;7 Sulfur Monoxide;0.012626262626262626
10;8 Butatrienylidene;0.012626262626262626
11;9 Carbon Monoxide;0.012626262626262626
12;10 Nitrous Oxide;0.012626262626262626
13;11 Cyanoacetylene;0.012626262626262626
14;12 Carbonyl Sulfide;0.012626262626262626
15;13 Molecular oxygen;0.012626262626262626
16;14 ortho-Oxidaniumyl;0.012626262626262626
17;15 Water;0.012626262626262626
18;17 Hydrochloric acid;0.012626262626262626
19;18 Acetylene;0.012626262626262626
20;19 Hydrogen Cyanide;0.012626262626262626
