1;0 Ketene;0.5602310231023102
2;33 Cyanide Radical;0.015676567656765675
3;56 para-Oxidaniumyl;0.015676567656765675
4;1 1,3,5-Hexatriynyl;0.007425742574257425
5;2 Oxonium hydride;0.007425742574257425
6;3 Vinyl Cyanide;0.007425742574257425
7;4 Hydroxyl;0.007425742574257425
8;5 Methyliumylidene;0.007425742574257425
9;6 Carbon Monosulfide;0.007425742574257425
10;7 Cyanomethyl;0.007425742574257425
11;8 Methyl Acetylene;0.007425742574257425
12;9 Ethyl Cyanide;0.007425742574257425
13;10 2,4-Pentadiynylidyne;0.007425742574257425
14;11 4-Cyano-1,3-Butadiynyl;0.007425742574257425
15;12 Water;0.007425742574257425
16;13 Hydrogen sulfide;0.007425742574257425
17;14 Methylene amidogen;0.007425742574257425
18;15 1,3-Butadiynyl radical;0.007425742574257425
19;16 2,4,6,8-Nonatetraynenitrile;0.007425742574257425
20;17 Formylium;0.007425742574257425
21;18 Cyanoallene;0.007425742574257425
22;19 Trihydrogen ion;0.007425742574257425
23;20 Methylcyanodiacetylene;0.007425742574257425
24;21 2,4,6-Heptatriynenitrile;0.007425742574257425
25;22 Methanol;0.007425742574257425
26;23 Ammonia;0.007425742574257425
27;24 Methyl Cyanide;0.007425742574257425
28;25 1,3,5-Hexatriynyl anion;0.007425742574257425
29;26 1,3,5,7-Octatetraynyl anion;0.007425742574257425
30;27 3-Thioxo-1,2-Propadieylidene;0.007425742574257425
31;28 Cyanobutadiyne;0.007425742574257425
32;29 Nitric sulfide;0.007425742574257425
33;30 Sulfur dioxide;0.007425742574257425
34;31 Hydrochloric acid;0.007425742574257425
35;32 2,4,6,8,10-Undecapentaynenitrile;0.007425742574257425
36;34 Nitric oxide;0.007425742574257425
37;35 Formaldehyde;0.007425742574257425
38;36 Sulfur Monoxide;0.007425742574257425
39;37 Methyltriacetylene;0.007425742574257425
40;38 Hydrogen Cyanide;0.007425742574257425
41;39 Methyl diacetylene;0.007425742574257425
42;40 Methylidyne;0.007425742574257425
43;41 Thioxoethenylidene;0.007425742574257425
44;42 Silicon Monoxide;0.007425742574257425
45;43 1,3,5,7-Octatetraynyl;0.007425742574257425
46;44 Oxoethenylidene;0.007425742574257425
47;45 Propynylidynium;0.007425742574257425
48;46 Carbon Monoxide;0.007425742574257425
49;47 Thioformaldehyde;0.007425742574257425
50;48 Hexatrienyl;0.007425742574257425
51;49 Diazenylium;0.007425742574257425
52;50 Hydrogen Isocyanide;0.007425742574257425
53;51 Carbon Monosulfide;0.007425742574257425
54;52 Methylamine;0.007425742574257425
55;53 Formic Acid;0.007425742574257425
56;54 Cyclopropenylidene;0.007425742574257425
57;55 Cyanoacetylene;0.007425742574257425
58;57 ortho-Oxidaniumyl;0.007425742574257425
