1;55 Cyanoacetylene;0.551980198019802
2;37 Methyltriacetylene;0.015676567656765675
3;38 Hydrogen Cyanide;0.015676567656765675
4;54 Cyclopropenylidene;0.015676567656765675
5;0 Ketene;0.007425742574257425
6;1 1,3,5-Hexatriynyl;0.007425742574257425
7;2 Oxonium hydride;0.007425742574257425
8;3 Vinyl Cyanide;0.007425742574257425
9;4 Hydroxyl;0.007425742574257425
10;5 Methyliumylidene;0.007425742574257425
11;6 Carbon Monosulfide;0.007425742574257425
12;7 Cyanomethyl;0.007425742574257425
13;8 Methyl Acetylene;0.007425742574257425
14;9 Ethyl Cyanide;0.007425742574257425
15;10 2,4-Pentadiynylidyne;0.007425742574257425
16;11 4-Cyano-1,3-Butadiynyl;0.007425742574257425
17;12 Water;0.007425742574257425
18;13 Hydrogen sulfide;0.007425742574257425
19;14 Methylene amidogen;0.007425742574257425
20;15 1,3-Butadiynyl radical;0.007425742574257425
21;16 2,4,6,8-Nonatetraynenitrile;0.007425742574257425
22;17 Formylium;0.007425742574257425
23;18 Cyanoallene;0.007425742574257425
24;19 Trihydrogen ion;0.007425742574257425
25;20 Methylcyanodiacetylene;0.007425742574257425
26;21 2,4,6-Heptatriynenitrile;0.007425742574257425
27;22 Methanol;0.007425742574257425
28;23 Ammonia;0.007425742574257425
29;24 Methyl Cyanide;0.007425742574257425
30;25 1,3,5-Hexatriynyl anion;0.007425742574257425
31;26 1,3,5,7-Octatetraynyl anion;0.007425742574257425
32;27 3-Thioxo-1,2-Propadieylidene;0.007425742574257425
33;28 Cyanobutadiyne;0.007425742574257425
34;29 Nitric sulfide;0.007425742574257425
35;30 Sulfur dioxide;0.007425742574257425
36;31 Hydrochloric acid;0.007425742574257425
37;32 2,4,6,8,10-Undecapentaynenitrile;0.007425742574257425
38;33 Cyanide Radical;0.007425742574257425
39;34 Nitric oxide;0.007425742574257425
40;35 Formaldehyde;0.007425742574257425
41;36 Sulfur Monoxide;0.007425742574257425
42;39 Methyl diacetylene;0.007425742574257425
43;40 Methylidyne;0.007425742574257425
44;41 Thioxoethenylidene;0.007425742574257425
45;42 Silicon Monoxide;0.007425742574257425
46;43 1,3,5,7-Octatetraynyl;0.007425742574257425
47;44 Oxoethenylidene;0.007425742574257425
48;45 Propynylidynium;0.007425742574257425
49;46 Carbon Monoxide;0.007425742574257425
50;47 Thioformaldehyde;0.007425742574257425
51;48 Hexatrienyl;0.007425742574257425
52;49 Diazenylium;0.007425742574257425
53;50 Hydrogen Isocyanide;0.007425742574257425
54;51 Carbon Monosulfide;0.007425742574257425
55;52 Methylamine;0.007425742574257425
56;53 Formic Acid;0.007425742574257425
57;56 para-Oxidaniumyl;0.007425742574257425
58;57 ortho-Oxidaniumyl;0.007425742574257425
