1;19 Hydrogen Cyanide;0.7172619047619048
2;0 Methanol;0.01488095238095238
3;1 Hydrogen fluoride;0.01488095238095238
4;2 Nitric oxide;0.01488095238095238
5;3 Formylium;0.01488095238095238
6;4 Sodium Chloride;0.01488095238095238
7;5 Sulfur dioxide;0.01488095238095238
8;6 para-Oxidaniumyl;0.01488095238095238
9;7 Sulfur Monoxide;0.01488095238095238
10;8 Butatrienylidene;0.01488095238095238
11;9 Carbon Monoxide;0.01488095238095238
12;10 Nitrous Oxide;0.01488095238095238
13;11 Cyanoacetylene;0.01488095238095238
14;12 Carbonyl Sulfide;0.01488095238095238
15;13 Molecular oxygen;0.01488095238095238
16;14 ortho-Oxidaniumyl;0.01488095238095238
17;15 Water;0.01488095238095238
18;16 Iminomethylium;0.01488095238095238
19;17 Hydrochloric acid;0.01488095238095238
20;18 Acetylene;0.01488095238095238
