1;0 Methanol;0.01466275659824047
2;1 Hydrogen fluoride;0.01466275659824047
3;2 Nitric oxide;0.01466275659824047
4;3 Formylium;0.01466275659824047
5;4 Sodium Chloride;0.01466275659824047
6;5 Sulfur dioxide;0.01466275659824047
7;6 para-Oxidaniumyl;0.01466275659824047
8;7 Sulfur Monoxide;0.01466275659824047
9;8 Butatrienylidene;0.01466275659824047
10;9 Carbon Monoxide;0.01466275659824047
11;10 Nitrous Oxide;0.01466275659824047
12;11 Cyanoacetylene;0.01466275659824047
13;12 Carbonyl Sulfide;0.01466275659824047
14;13 Molecular oxygen;0.01466275659824047
15;14 ortho-Oxidaniumyl;0.01466275659824047
16;15 Water;0.01466275659824047
17;16 Iminomethylium;0.01466275659824047
18;17 Hydrochloric acid;0.01466275659824047
19;18 Acetylene;0.01466275659824047
20;19 Hydrogen Cyanide;0.01466275659824047
