Orion.methanol.cbc.contsub.image;model_planetary_tr_500it;1;0 Methanol;0.01466275659824047
Orion.methanol.cbc.contsub.image;model_planetary_tr_500it;2;1 Hydrogen fluoride;0.01466275659824047
Orion.methanol.cbc.contsub.image;model_planetary_tr_500it;3;2 Nitric oxide;0.01466275659824047
Orion.methanol.cbc.contsub.image;model_planetary_tr_500it;4;3 Formylium;0.01466275659824047
Orion.methanol.cbc.contsub.image;model_planetary_tr_500it;5;4 Sodium Chloride;0.01466275659824047
Orion.methanol.cbc.contsub.image;model_planetary_2_500it;1;0 Methanol;0.01466275659824047
Orion.methanol.cbc.contsub.image;model_planetary_2_500it;2;1 Hydrogen fluoride;0.01466275659824047
Orion.methanol.cbc.contsub.image;model_planetary_2_500it;3;2 Nitric oxide;0.01466275659824047
Orion.methanol.cbc.contsub.image;model_planetary_2_500it;4;3 Formylium;0.01466275659824047
Orion.methanol.cbc.contsub.image;model_planetary_2_500it;5;4 Sodium Chloride;0.01466275659824047
Orion.methanol.cbc.contsub.image;model_planetary_full_500it;1;0 Methanol;0.01466275659824047
Orion.methanol.cbc.contsub.image;model_planetary_full_500it;2;1 Hydrogen fluoride;0.01466275659824047
Orion.methanol.cbc.contsub.image;model_planetary_full_500it;3;2 Nitric oxide;0.01466275659824047
Orion.methanol.cbc.contsub.image;model_planetary_full_500it;4;3 Formylium;0.01466275659824047
Orion.methanol.cbc.contsub.image;model_planetary_full_500it;5;4 Sodium Chloride;0.01466275659824047
Orion.methanol.cbc.contsub.image;model_planetary_full_expanded_00002_500it;1;19 Hydrogen Cyanide;0.7172619047619048
Orion.methanol.cbc.contsub.image;model_planetary_full_expanded_00002_500it;2;0 Methanol;0.01488095238095238
Orion.methanol.cbc.contsub.image;model_planetary_full_expanded_00002_500it;3;1 Hydrogen fluoride;0.01488095238095238
Orion.methanol.cbc.contsub.image;model_planetary_full_expanded_00002_500it;4;2 Nitric oxide;0.01488095238095238
Orion.methanol.cbc.contsub.image;model_planetary_full_expanded_00002_500it;5;3 Formylium;0.01488095238095238
Orion.methanol.cbc.contsub.image;model_planetary_full_expanded_00010_500it;1;3 Formylium;0.7172619047619048
Orion.methanol.cbc.contsub.image;model_planetary_full_expanded_00010_500it;2;0 Methanol;0.01488095238095238
Orion.methanol.cbc.contsub.image;model_planetary_full_expanded_00010_500it;3;1 Hydrogen fluoride;0.01488095238095238
Orion.methanol.cbc.contsub.image;model_planetary_full_expanded_00010_500it;4;2 Nitric oxide;0.01488095238095238
Orion.methanol.cbc.contsub.image;model_planetary_full_expanded_00010_500it;5;4 Sodium Chloride;0.01488095238095238
TWHydra_CO3_2line.image;model_planetary_tr_500it;1;0 Methanol;0.015873015873015872
TWHydra_CO3_2line.image;model_planetary_tr_500it;2;1 Hydrogen fluoride;0.015873015873015872
TWHydra_CO3_2line.image;model_planetary_tr_500it;3;2 Nitric oxide;0.015873015873015872
TWHydra_CO3_2line.image;model_planetary_tr_500it;4;3 Formylium;0.015873015873015872
TWHydra_CO3_2line.image;model_planetary_tr_500it;5;4 Sodium Chloride;0.015873015873015872
TWHydra_CO3_2line.image;model_planetary_2_500it;1;0 Methanol;0.015873015873015872
TWHydra_CO3_2line.image;model_planetary_2_500it;2;1 Hydrogen fluoride;0.015873015873015872
TWHydra_CO3_2line.image;model_planetary_2_500it;3;2 Nitric oxide;0.015873015873015872
TWHydra_CO3_2line.image;model_planetary_2_500it;4;3 Formylium;0.015873015873015872
TWHydra_CO3_2line.image;model_planetary_2_500it;5;4 Sodium Chloride;0.015873015873015872
TWHydra_CO3_2line.image;model_planetary_full_500it;1;0 Methanol;0.015873015873015872
TWHydra_CO3_2line.image;model_planetary_full_500it;2;1 Hydrogen fluoride;0.015873015873015872
TWHydra_CO3_2line.image;model_planetary_full_500it;3;2 Nitric oxide;0.015873015873015872
TWHydra_CO3_2line.image;model_planetary_full_500it;4;3 Formylium;0.015873015873015872
TWHydra_CO3_2line.image;model_planetary_full_500it;5;4 Sodium Chloride;0.015873015873015872
TWHydra_CO3_2line.image;model_planetary_full_expanded_00002_500it;1;3 Formylium;0.6935483870967742
TWHydra_CO3_2line.image;model_planetary_full_expanded_00002_500it;2;0 Methanol;0.016129032258064516
TWHydra_CO3_2line.image;model_planetary_full_expanded_00002_500it;3;1 Hydrogen fluoride;0.016129032258064516
TWHydra_CO3_2line.image;model_planetary_full_expanded_00002_500it;4;2 Nitric oxide;0.016129032258064516
TWHydra_CO3_2line.image;model_planetary_full_expanded_00002_500it;5;4 Sodium Chloride;0.016129032258064516
TWHydra_CO3_2line.image;model_planetary_full_expanded_00010_500it;1;19 Hydrogen Cyanide;0.6870967741935484
TWHydra_CO3_2line.image;model_planetary_full_expanded_00010_500it;2;9 Carbon Monoxide;0.02258064516129032
TWHydra_CO3_2line.image;model_planetary_full_expanded_00010_500it;3;0 Methanol;0.016129032258064516
TWHydra_CO3_2line.image;model_planetary_full_expanded_00010_500it;4;1 Hydrogen fluoride;0.016129032258064516
TWHydra_CO3_2line.image;model_planetary_full_expanded_00010_500it;5;2 Nitric oxide;0.016129032258064516
uid___A002_Xa916fc_X668__IRS43_HCO32.final.image.pbcor;model_planetary_tr_500it;1;0 Methanol;0.0036845983787767134
uid___A002_Xa916fc_X668__IRS43_HCO32.final.image.pbcor;model_planetary_tr_500it;2;1 Hydrogen fluoride;0.0036845983787767134
uid___A002_Xa916fc_X668__IRS43_HCO32.final.image.pbcor;model_planetary_tr_500it;3;2 Nitric oxide;0.0036845983787767134
uid___A002_Xa916fc_X668__IRS43_HCO32.final.image.pbcor;model_planetary_tr_500it;4;3 Formylium;0.0036845983787767134
uid___A002_Xa916fc_X668__IRS43_HCO32.final.image.pbcor;model_planetary_tr_500it;5;4 Sodium Chloride;0.0036845983787767134
uid___A002_Xa916fc_X668__IRS43_HCO32.final.image.pbcor;model_planetary_2_500it;1;0 Methanol;0.0036845983787767134
uid___A002_Xa916fc_X668__IRS43_HCO32.final.image.pbcor;model_planetary_2_500it;2;1 Hydrogen fluoride;0.0036845983787767134
uid___A002_Xa916fc_X668__IRS43_HCO32.final.image.pbcor;model_planetary_2_500it;3;2 Nitric oxide;0.0036845983787767134
uid___A002_Xa916fc_X668__IRS43_HCO32.final.image.pbcor;model_planetary_2_500it;4;3 Formylium;0.0036845983787767134
uid___A002_Xa916fc_X668__IRS43_HCO32.final.image.pbcor;model_planetary_2_500it;5;4 Sodium Chloride;0.0036845983787767134
uid___A002_Xa916fc_X668__IRS43_HCO32.final.image.pbcor;model_planetary_full_500it;1;0 Methanol;0.0036845983787767134
uid___A002_Xa916fc_X668__IRS43_HCO32.final.image.pbcor;model_planetary_full_500it;2;1 Hydrogen fluoride;0.0036845983787767134
uid___A002_Xa916fc_X668__IRS43_HCO32.final.image.pbcor;model_planetary_full_500it;3;2 Nitric oxide;0.0036845983787767134
uid___A002_Xa916fc_X668__IRS43_HCO32.final.image.pbcor;model_planetary_full_500it;4;3 Formylium;0.0036845983787767134
uid___A002_Xa916fc_X668__IRS43_HCO32.final.image.pbcor;model_planetary_full_500it;5;4 Sodium Chloride;0.0036845983787767134
uid___A002_Xa916fc_X668__IRS43_HCO32.final.image.pbcor;model_planetary_full_expanded_00002_500it;1;1 Hydrogen fluoride;0.9297337278106509
uid___A002_Xa916fc_X668__IRS43_HCO32.final.image.pbcor;model_planetary_full_expanded_00002_500it;2;0 Methanol;0.0036982248520710057
uid___A002_Xa916fc_X668__IRS43_HCO32.final.image.pbcor;model_planetary_full_expanded_00002_500it;3;2 Nitric oxide;0.0036982248520710057
uid___A002_Xa916fc_X668__IRS43_HCO32.final.image.pbcor;model_planetary_full_expanded_00002_500it;4;3 Formylium;0.0036982248520710057
uid___A002_Xa916fc_X668__IRS43_HCO32.final.image.pbcor;model_planetary_full_expanded_00002_500it;5;4 Sodium Chloride;0.0036982248520710057
uid___A002_Xa916fc_X668__IRS43_HCO32.final.image.pbcor;model_planetary_full_expanded_00010_500it;1;19 Hydrogen Cyanide;0.9297337278106509
uid___A002_Xa916fc_X668__IRS43_HCO32.final.image.pbcor;model_planetary_full_expanded_00010_500it;2;0 Methanol;0.0036982248520710057
uid___A002_Xa916fc_X668__IRS43_HCO32.final.image.pbcor;model_planetary_full_expanded_00010_500it;3;1 Hydrogen fluoride;0.0036982248520710057
uid___A002_Xa916fc_X668__IRS43_HCO32.final.image.pbcor;model_planetary_full_expanded_00010_500it;4;2 Nitric oxide;0.0036982248520710057
uid___A002_Xa916fc_X668__IRS43_HCO32.final.image.pbcor;model_planetary_full_expanded_00010_500it;5;3 Formylium;0.0036982248520710057
HD163296_CO_2_1.image;model_planetary_tr_500it;1;0 Methanol;0.010706638115631691
HD163296_CO_2_1.image;model_planetary_tr_500it;2;1 Hydrogen fluoride;0.010706638115631691
HD163296_CO_2_1.image;model_planetary_tr_500it;3;2 Nitric oxide;0.010706638115631691
HD163296_CO_2_1.image;model_planetary_tr_500it;4;3 Formylium;0.010706638115631691
HD163296_CO_2_1.image;model_planetary_tr_500it;5;4 Sodium Chloride;0.010706638115631691
HD163296_CO_2_1.image;model_planetary_2_500it;1;0 Methanol;0.010706638115631691
HD163296_CO_2_1.image;model_planetary_2_500it;2;1 Hydrogen fluoride;0.010706638115631691
HD163296_CO_2_1.image;model_planetary_2_500it;3;2 Nitric oxide;0.010706638115631691
HD163296_CO_2_1.image;model_planetary_2_500it;4;3 Formylium;0.010706638115631691
HD163296_CO_2_1.image;model_planetary_2_500it;5;4 Sodium Chloride;0.010706638115631691
HD163296_CO_2_1.image;model_planetary_full_500it;1;0 Methanol;0.010706638115631691
HD163296_CO_2_1.image;model_planetary_full_500it;2;1 Hydrogen fluoride;0.010706638115631691
HD163296_CO_2_1.image;model_planetary_full_500it;3;2 Nitric oxide;0.010706638115631691
HD163296_CO_2_1.image;model_planetary_full_500it;4;3 Formylium;0.010706638115631691
HD163296_CO_2_1.image;model_planetary_full_500it;5;4 Sodium Chloride;0.010706638115631691
HD163296_CO_2_1.image;model_planetary_full_expanded_00002_500it;1;12 Carbonyl Sulfide;0.7943722943722944
HD163296_CO_2_1.image;model_planetary_full_expanded_00002_500it;2;0 Methanol;0.010822510822510822
HD163296_CO_2_1.image;model_planetary_full_expanded_00002_500it;3;1 Hydrogen fluoride;0.010822510822510822
HD163296_CO_2_1.image;model_planetary_full_expanded_00002_500it;4;2 Nitric oxide;0.010822510822510822
HD163296_CO_2_1.image;model_planetary_full_expanded_00002_500it;5;3 Formylium;0.010822510822510822
HD163296_CO_2_1.image;model_planetary_full_expanded_00010_500it;1;19 Hydrogen Cyanide;0.79004329004329
HD163296_CO_2_1.image;model_planetary_full_expanded_00010_500it;2;2 Nitric oxide;0.015151515151515152
HD163296_CO_2_1.image;model_planetary_full_expanded_00010_500it;3;0 Methanol;0.010822510822510822
HD163296_CO_2_1.image;model_planetary_full_expanded_00010_500it;4;1 Hydrogen fluoride;0.010822510822510822
HD163296_CO_2_1.image;model_planetary_full_expanded_00010_500it;5;3 Formylium;0.010822510822510822
TWHydra_HCOplusline.image;model_planetary_tr_500it;1;0 Methanol;0.015873015873015872
TWHydra_HCOplusline.image;model_planetary_tr_500it;2;1 Hydrogen fluoride;0.015873015873015872
TWHydra_HCOplusline.image;model_planetary_tr_500it;3;2 Nitric oxide;0.015873015873015872
TWHydra_HCOplusline.image;model_planetary_tr_500it;4;3 Formylium;0.015873015873015872
TWHydra_HCOplusline.image;model_planetary_tr_500it;5;4 Sodium Chloride;0.015873015873015872
TWHydra_HCOplusline.image;model_planetary_2_500it;1;0 Methanol;0.015873015873015872
TWHydra_HCOplusline.image;model_planetary_2_500it;2;1 Hydrogen fluoride;0.015873015873015872
TWHydra_HCOplusline.image;model_planetary_2_500it;3;2 Nitric oxide;0.015873015873015872
TWHydra_HCOplusline.image;model_planetary_2_500it;4;3 Formylium;0.015873015873015872
TWHydra_HCOplusline.image;model_planetary_2_500it;5;4 Sodium Chloride;0.015873015873015872
TWHydra_HCOplusline.image;model_planetary_full_500it;1;0 Methanol;0.015873015873015872
TWHydra_HCOplusline.image;model_planetary_full_500it;2;1 Hydrogen fluoride;0.015873015873015872
TWHydra_HCOplusline.image;model_planetary_full_500it;3;2 Nitric oxide;0.015873015873015872
TWHydra_HCOplusline.image;model_planetary_full_500it;4;3 Formylium;0.015873015873015872
TWHydra_HCOplusline.image;model_planetary_full_500it;5;4 Sodium Chloride;0.015873015873015872
TWHydra_HCOplusline.image;model_planetary_full_expanded_00002_500it;1;16 Iminomethylium;0.6935483870967742
TWHydra_HCOplusline.image;model_planetary_full_expanded_00002_500it;2;0 Methanol;0.016129032258064516
TWHydra_HCOplusline.image;model_planetary_full_expanded_00002_500it;3;1 Hydrogen fluoride;0.016129032258064516
TWHydra_HCOplusline.image;model_planetary_full_expanded_00002_500it;4;2 Nitric oxide;0.016129032258064516
TWHydra_HCOplusline.image;model_planetary_full_expanded_00002_500it;5;3 Formylium;0.016129032258064516
TWHydra_HCOplusline.image;model_planetary_full_expanded_00010_500it;1;3 Formylium;0.6935483870967742
TWHydra_HCOplusline.image;model_planetary_full_expanded_00010_500it;2;0 Methanol;0.016129032258064516
TWHydra_HCOplusline.image;model_planetary_full_expanded_00010_500it;3;1 Hydrogen fluoride;0.016129032258064516
TWHydra_HCOplusline.image;model_planetary_full_expanded_00010_500it;4;2 Nitric oxide;0.016129032258064516
TWHydra_HCOplusline.image;model_planetary_full_expanded_00010_500it;5;4 Sodium Chloride;0.016129032258064516
