1;3 Formylium;0.6935483870967742
2;0 Methanol;0.016129032258064516
3;1 Hydrogen fluoride;0.016129032258064516
4;2 Nitric oxide;0.016129032258064516
5;4 Sodium Chloride;0.016129032258064516
6;5 Sulfur dioxide;0.016129032258064516
7;6 para-Oxidaniumyl;0.016129032258064516
8;7 Sulfur Monoxide;0.016129032258064516
9;8 Butatrienylidene;0.016129032258064516
10;9 Carbon Monoxide;0.016129032258064516
11;10 Nitrous Oxide;0.016129032258064516
12;11 Cyanoacetylene;0.016129032258064516
13;12 Carbonyl Sulfide;0.016129032258064516
14;13 Molecular oxygen;0.016129032258064516
15;14 ortho-Oxidaniumyl;0.016129032258064516
16;15 Water;0.016129032258064516
17;16 Iminomethylium;0.016129032258064516
18;17 Hydrochloric acid;0.016129032258064516
19;18 Acetylene;0.016129032258064516
20;19 Hydrogen Cyanide;0.016129032258064516
