1;19 Hydrogen Cyanide;0.6870967741935484
2;9 Carbon Monoxide;0.02258064516129032
3;0 Methanol;0.016129032258064516
4;1 Hydrogen fluoride;0.016129032258064516
5;2 Nitric oxide;0.016129032258064516
6;3 Formylium;0.016129032258064516
7;4 Sodium Chloride;0.016129032258064516
8;5 Sulfur dioxide;0.016129032258064516
9;6 para-Oxidaniumyl;0.016129032258064516
10;7 Sulfur Monoxide;0.016129032258064516
11;8 Butatrienylidene;0.016129032258064516
12;10 Nitrous Oxide;0.016129032258064516
13;11 Cyanoacetylene;0.016129032258064516
14;12 Carbonyl Sulfide;0.016129032258064516
15;13 Molecular oxygen;0.016129032258064516
16;14 ortho-Oxidaniumyl;0.016129032258064516
17;15 Water;0.016129032258064516
18;16 Iminomethylium;0.016129032258064516
19;17 Hydrochloric acid;0.016129032258064516
20;18 Acetylene;0.016129032258064516
