1;5 Methyliumylidene;0.09800664451827243
2;38 Hydrogen Cyanide;0.06478405315614617
3;0 Ketene;0.01495016611295681
4;1 1,3,5-Hexatriynyl;0.01495016611295681
5;2 Oxonium hydride;0.01495016611295681
6;3 Vinyl Cyanide;0.01495016611295681
7;4 Hydroxyl;0.01495016611295681
8;6 Carbon Monosulfide;0.01495016611295681
9;7 Cyanomethyl;0.01495016611295681
10;8 Methyl Acetylene;0.01495016611295681
11;9 Ethyl Cyanide;0.01495016611295681
12;10 2,4-Pentadiynylidyne;0.01495016611295681
13;11 4-Cyano-1,3-Butadiynyl;0.01495016611295681
14;12 Water;0.01495016611295681
15;13 Hydrogen sulfide;0.01495016611295681
16;14 Methylene amidogen;0.01495016611295681
17;15 1,3-Butadiynyl radical;0.01495016611295681
18;16 2,4,6,8-Nonatetraynenitrile;0.01495016611295681
19;17 Formylium;0.01495016611295681
20;18 Cyanoallene;0.01495016611295681
21;19 Trihydrogen ion;0.01495016611295681
22;20 Methylcyanodiacetylene;0.01495016611295681
23;21 2,4,6-Heptatriynenitrile;0.01495016611295681
24;22 Methanol;0.01495016611295681
25;23 Ammonia;0.01495016611295681
26;24 Methyl Cyanide;0.01495016611295681
27;25 1,3,5-Hexatriynyl anion;0.01495016611295681
28;26 1,3,5,7-Octatetraynyl anion;0.01495016611295681
29;27 3-Thioxo-1,2-Propadieylidene;0.01495016611295681
30;28 Cyanobutadiyne;0.01495016611295681
31;29 Nitric sulfide;0.01495016611295681
32;30 Sulfur dioxide;0.01495016611295681
33;31 Hydrochloric acid;0.01495016611295681
34;32 2,4,6,8,10-Undecapentaynenitrile;0.01495016611295681
35;33 Cyanide Radical;0.01495016611295681
36;34 Nitric oxide;0.01495016611295681
37;35 Formaldehyde;0.01495016611295681
38;36 Sulfur Monoxide;0.01495016611295681
39;37 Methyltriacetylene;0.01495016611295681
40;39 Methyl diacetylene;0.01495016611295681
41;40 Methylidyne;0.01495016611295681
42;41 Thioxoethenylidene;0.01495016611295681
43;42 Silicon Monoxide;0.01495016611295681
44;43 1,3,5,7-Octatetraynyl;0.01495016611295681
45;44 Oxoethenylidene;0.01495016611295681
46;45 Propynylidynium;0.01495016611295681
47;46 Carbon Monoxide;0.01495016611295681
48;47 Thioformaldehyde;0.01495016611295681
49;48 Hexatrienyl;0.01495016611295681
50;49 Diazenylium;0.01495016611295681
51;50 Hydrogen Isocyanide;0.01495016611295681
52;51 Carbon Monosulfide;0.01495016611295681
53;52 Methylamine;0.01495016611295681
54;53 Formic Acid;0.01495016611295681
55;54 Cyclopropenylidene;0.01495016611295681
56;55 Cyanoacetylene;0.01495016611295681
57;56 para-Oxidaniumyl;0.01495016611295681
58;57 ortho-Oxidaniumyl;0.01495016611295681
