1;18 Carbon Monosulfide;0.24246987951807228
2;21 Hydrogen Isocyanide;0.046686746987951805
3;23 Sulfoniumylidene;0.046686746987951805
4;0 Methylidyne;0.03162650602409638
5;1 Butyronitrile;0.03162650602409638
6;2 Formaldehyde;0.03162650602409638
7;3 Sulfur dioxide;0.03162650602409638
8;4 Carbon Monoxide;0.03162650602409638
9;5 Water;0.03162650602409638
10;6 Chloronium;0.03162650602409638
11;7 Imidogen;0.03162650602409638
12;8 Thioformylium;0.03162650602409638
13;9 Mercapto radical;0.03162650602409638
14;10 Methyl formate vt01;0.03162650602409638
15;11 Methyliumylidene;0.03162650602409638
16;12 Cyanide Radical;0.03162650602409638
17;13 Hydroxyl;0.03162650602409638
18;14 Nitric oxide;0.03162650602409638
19;15 Cyclopropenylidene;0.03162650602409638
20;16 Silicon Monoxide;0.03162650602409638
21;17 Hydrogen Cyanide;0.03162650602409638
22;19 Hydrogen sulfide;0.03162650602409638
23;20 Molecular oxygen;0.03162650602409638
24;22 Formylium;0.03162650602409638
