1;9 Methyliumylidene;0.48093220338983045
2;0 Methylidyne;0.01483050847457627
3;1 1,3-Butadiynyl radical;0.01483050847457627
4;2 Formaldehyde;0.01483050847457627
5;3 Sulfur dioxide;0.01483050847457627
6;4 Carbon Monoxide;0.01483050847457627
7;5 Water;0.01483050847457627
8;6 Carbon Monoxide Ion;0.01483050847457627
9;7 Nitric sulfide;0.01483050847457627
10;8 Isocyanic Acid;0.01483050847457627
11;10 Cyanide Radical;0.01483050847457627
12;11 Ethynyl;0.01483050847457627
13;12 Carbonyl Sulfide;0.01483050847457627
14;13 Hydroxyl;0.01483050847457627
15;14 Diazenylium;0.01483050847457627
16;15 Thioxoethenylidene;0.01483050847457627
17;16 Nitric oxide;0.01483050847457627
18;17 Methyl Cyanide;0.01483050847457627
19;18 Cyclopropenylidene;0.01483050847457627
20;19 Methanimine;0.01483050847457627
21;20 Methanol;0.01483050847457627
22;21 Thioformaldehyde;0.01483050847457627
23;22 Ammonia;0.01483050847457627
24;23 Cyanamide;0.01483050847457627
25;24 Cyanoacetylene;0.01483050847457627
26;25 Sodium Chloride;0.01483050847457627
27;26 Silicon Monoxide;0.01483050847457627
28;27 Sulfur Monoxide;0.01483050847457627
29;28 Protonated Carbon Dioxide;0.01483050847457627
30;29 Hydrogen Cyanide;0.01483050847457627
31;30 Carbon Monosulfide;0.01483050847457627
32;31 Hydrogen sulfide;0.01483050847457627
33;32 Molecular oxygen;0.01483050847457627
34;33 Hydrogen Isocyanide;0.01483050847457627
35;34 Formylium;0.01483050847457627
36;35 Methyl Acetylene;0.01483050847457627
