1;26 Silicon Monoxide;0.5020325203252032
2;0 Methylidyne;0.014227642276422762
3;1 1,3-Butadiynyl radical;0.014227642276422762
4;2 Formaldehyde;0.014227642276422762
5;3 Sulfur dioxide;0.014227642276422762
6;4 Carbon Monoxide;0.014227642276422762
7;5 Water;0.014227642276422762
8;6 Carbon Monoxide Ion;0.014227642276422762
9;7 Nitric sulfide;0.014227642276422762
10;8 Isocyanic Acid;0.014227642276422762
11;9 Methyliumylidene;0.014227642276422762
12;10 Cyanide Radical;0.014227642276422762
13;11 Ethynyl;0.014227642276422762
14;12 Carbonyl Sulfide;0.014227642276422762
15;13 Hydroxyl;0.014227642276422762
16;14 Diazenylium;0.014227642276422762
17;15 Thioxoethenylidene;0.014227642276422762
18;16 Nitric oxide;0.014227642276422762
19;17 Methyl Cyanide;0.014227642276422762
20;18 Cyclopropenylidene;0.014227642276422762
21;19 Methanimine;0.014227642276422762
22;20 Methanol;0.014227642276422762
23;21 Thioformaldehyde;0.014227642276422762
24;22 Ammonia;0.014227642276422762
25;23 Cyanamide;0.014227642276422762
26;24 Cyanoacetylene;0.014227642276422762
27;25 Sodium Chloride;0.014227642276422762
28;27 Sulfur Monoxide;0.014227642276422762
29;28 Protonated Carbon Dioxide;0.014227642276422762
30;29 Hydrogen Cyanide;0.014227642276422762
31;30 Carbon Monosulfide;0.014227642276422762
32;31 Hydrogen sulfide;0.014227642276422762
33;32 Molecular oxygen;0.014227642276422762
34;33 Hydrogen Isocyanide;0.014227642276422762
35;34 Formylium;0.014227642276422762
36;35 Methyl Acetylene;0.014227642276422762
