1;5 2,4,6-Heptatriynenitrile;0.06358381502890173
2;54 Ethyl cyanide;0.04913294797687861
3;59 Propenal;0.03468208092485549
4;19 Nitrosyl hydride;0.020231213872832367
5;32 3-Thioxo-1,2-Propadieylidene;0.020231213872832367
6;51 Protonate 2-proynenitrile;0.020231213872832367
7;65 Ketene;0.020231213872832367
8;92 Cyanoformaldehyde;0.020231213872832367
9;115 Silicon tetracarbide;0.020231213872832367
10;125 2-Butynenitrile;0.020231213872832367
11;0 Dimethyl ether;0.005780346820809248
12;1 Butatrienylidene;0.005780346820809248
13;2 Trihydrogen ion;0.005780346820809248
14;3 Nitrous Oxide;0.005780346820809248
15;4 Methyl Acetylene;0.005780346820809248
16;6 Ethylene Glycol;0.005780346820809248
17;7 2,4-Pentadiynylidyne;0.005780346820809248
18;8 Methyl Cyanide;0.005780346820809248
19;9 Thioformylium;0.005780346820809248
20;10 para-Oxidaniumyl;0.005780346820809248
21;11 Hydrogen Cyanide;0.005780346820809248
22;12 Titanium monoxide;0.005780346820809248
23;13 Cyanide Radical;0.005780346820809248
24;14 Formic Acid;0.005780346820809248
25;15 Nitric sulfide;0.005780346820809248
26;16 Iminomethylium;0.005780346820809248
27;17 Aluminum monoxide;0.005780346820809248
28;18 Methyl isocyanate;0.005780346820809248
29;20 Propynylidynium;0.005780346820809248
30;21 Magnesium Cyanide;0.005780346820809248
31;22 1,3-Butadiynyl anion;0.005780346820809248
32;23 Diazenylium;0.005780346820809248
33;24 Methylamine;0.005780346820809248
34;25 Chloronium;0.005780346820809248
35;26 Silicon monosulfide;0.005780346820809248
36;27 Phosphorus Monoxide;0.005780346820809248
37;28 Cyclopropenone;0.005780346820809248
38;29 Carbon Monoxide Ion;0.005780346820809248
39;30 Sodium Cyanide;0.005780346820809248
40;31 Nitric oxide;0.005780346820809248
41;33 Silicon Cyanide;0.005780346820809248
42;34 Ethyne Isocyanide;0.005780346820809248
43;35 Sodium Chloride;0.005780346820809248
44;36 Cyanoacetylene;0.005780346820809248
45;37 Sulfur Monoxide;0.005780346820809248
46;38 Aluminum Isocyanitrile;0.005780346820809248
47;39 Cyanobutadiyne;0.005780346820809248
48;40 Potassium cyanide, potassium isocyanide;0.005780346820809248
49;41 Silicon Mononitride;0.005780346820809248
50;42 Carbon Monoxide;0.005780346820809248
51;43 Propadienylidene;0.005780346820809248
52;44 Methanimine;0.005780346820809248
53;45 Aluminum Monofluoride;0.005780346820809248
54;46 Formamide;0.005780346820809248
55;47 1,3,5,7-Octatetraynyl anion;0.005780346820809248
56;48 Aminoacetonitrile;0.005780346820809248
57;49 Ammonia;0.005780346820809248
58;50 gauche-Ethanol;0.005780346820809248
59;52 Carbonyl Sulfide;0.005780346820809248
60;53 Thioxoethenylidene;0.005780346820809248
61;55 Water;0.005780346820809248
62;56 Methyl Formate;0.005780346820809248
63;57 Acetaldehyde;0.005780346820809248
64;58 Ketenimine;0.005780346820809248
65;60 Methyl isocyanide;0.005780346820809248
66;61 iso-propyl cyanide;0.005780346820809248
67;62 Hydrogen cyanide;0.005780346820809248
68;63 Protonated Carbon Dioxide;0.005780346820809248
69;64 Methylidyne;0.005780346820809248
70;66 4-Cyano-1,3-Butadiynyl;0.005780346820809248
71;67 Silicon Monoxide;0.005780346820809248
72;68 Acetone;0.005780346820809248
73;69 Vinyl Cyanide;0.005780346820809248
74;70 3-Imino-1,2 Propadienylidene;0.005780346820809248
75;71 Silicon monoxide (global fit);0.005780346820809248
76;72 Cyclopropenylidene;0.005780346820809248
77;73 Magnesium Isocyanide;0.005780346820809248
78;74 2,4,6-Heptatriynylidyne;0.005780346820809248
79;75 Cyanobutadiynylide anion;0.005780346820809248
80;76 Formaldehyde;0.005780346820809248
81;77 Carbon Monosulfide;0.005780346820809248
82;78 Fulminic acid;0.005780346820809248
83;79 1,3,5-Hexatriynyl;0.005780346820809248
84;80 3-Silanetetrayl-1,2-Propadienylidene;0.005780346820809248
85;81 1,3-Butadiynyl radical;0.005780346820809248
86;82 trans-Ethanol;0.005780346820809248
87;83 Silicon Carbide;0.005780346820809248
88;84 1,3,5-Hexatriynyl anion;0.005780346820809248
89;85 Formylium;0.005780346820809248
90;86 Ethylene Oxide;0.005780346820809248
91;87 Sulfur dioxide;0.005780346820809248
92;88 Carbon Monophosphide;0.005780346820809248
93;89 Sulfur Monoxide ion;0.005780346820809248
94;90 Methanol;0.005780346820809248
95;91 Sulfur Dioxide;0.005780346820809248
96;93 Isocyanic Acid;0.005780346820809248
97;94 Silicon Isocyanide;0.005780346820809248
98;95 Methylene amidogen;0.005780346820809248
99;96 Silicon Monocarbide;0.005780346820809248
100;97 Phosphaethyne;0.005780346820809248
101;98 Aluminum Monochloride;0.005780346820809248
102;99 Cyanoallene;0.005780346820809248
103;100 3-Oxo-1,2-Propadienylidene;0.005780346820809248
104;101 Methyl diacetylene;0.005780346820809248
105;102 Cyanomethylene;0.005780346820809248
106;103 Phosphapropynylidyne;0.005780346820809248
107;104 Cyanomethyl;0.005780346820809248
108;105 Hydrogen Isocyanide;0.005780346820809248
109;106 Hydrogen sulfide;0.005780346820809248
110;107 Hydroxyl;0.005780346820809248
111;108 Glycolaldehyde;0.005780346820809248
112;109 Cyanide anion;0.005780346820809248
113;110 2-Propynal;0.005780346820809248
114;111 Ethynyl;0.005780346820809248
115;112 Phosphorous nitride;0.005780346820809248
116;113 Magnesium hydride isocyanide;0.005780346820809248
117;114 Potassium chloride;0.005780346820809248
118;116 Ethyl Cyanide;0.005780346820809248
119;117 Cyanamide;0.005780346820809248
120;118 Amidogen;0.005780346820809248
121;119 Hydroxymethylidyne;0.005780346820809248
122;120 Formyl Radical;0.005780346820809248
123;121 Vinyl Alcohol;0.005780346820809248
124;122 ortho-Oxidaniumyl;0.005780346820809248
125;123 Cyanoethynylide ion;0.005780346820809248
126;124 Oxoethenylidene;0.005780346820809248
127;126 Cyanoethynyl;0.005780346820809248
128;127 3-Cyano-1,2-propadienylidene;0.005780346820809248
129;128 Hydroxymethylium ion;0.005780346820809248
130;129 Thioformaldehyde;0.005780346820809248
131;130 Isothiocyanic acid;0.005780346820809248
132;131 Methyl formate, v<sub>t</sub> = 0, 1;0.005780346820809248
133;132 Cyanic acid;0.005780346820809248
