1;0 Methanol;0.012658227848101266
2;1 Hydrogen fluoride;0.012658227848101266
3;2 Nitric oxide;0.012658227848101266
4;3 Formylium;0.012658227848101266
5;4 Sodium Chloride;0.012658227848101266
6;5 Sulfur dioxide;0.012658227848101266
7;6 para-Oxidaniumyl;0.012658227848101266
8;7 Sulfur Monoxide;0.012658227848101266
9;8 Butatrienylidene;0.012658227848101266
10;9 Carbon Monoxide;0.012658227848101266
11;10 Nitrous Oxide;0.012658227848101266
12;11 Cyanoacetylene;0.012658227848101266
13;12 Carbonyl Sulfide;0.012658227848101266
14;13 Molecular oxygen;0.012658227848101266
15;14 ortho-Oxidaniumyl;0.012658227848101266
16;15 Water;0.012658227848101266
17;16 Iminomethylium;0.012658227848101266
18;17 Hydrochloric acid;0.012658227848101266
19;18 Acetylene;0.012658227848101266
20;19 Hydrogen Cyanide;0.012658227848101266
