1;0 Methanol;0.015015015015015015
2;1 Hydrogen fluoride;0.015015015015015015
3;2 Nitric oxide;0.015015015015015015
4;3 Formylium;0.015015015015015015
5;4 Sodium Chloride;0.015015015015015015
6;5 Sulfur dioxide;0.015015015015015015
7;6 para-Oxidaniumyl;0.015015015015015015
8;7 Sulfur Monoxide;0.015015015015015015
9;8 Butatrienylidene;0.015015015015015015
10;9 Carbon Monoxide;0.015015015015015015
11;10 Nitrous Oxide;0.015015015015015015
12;11 Cyanoacetylene;0.015015015015015015
13;12 Carbonyl Sulfide;0.015015015015015015
14;13 Molecular oxygen;0.015015015015015015
15;14 ortho-Oxidaniumyl;0.015015015015015015
16;15 Water;0.015015015015015015
17;16 Iminomethylium;0.015015015015015015
18;17 Hydrochloric acid;0.015015015015015015
19;18 Acetylene;0.015015015015015015
20;19 Hydrogen Cyanide;0.015015015015015015
