1;19 Hydrogen Cyanide;0.9444444444444444
2;0 Methanol;0.0029239766081871343
3;1 Hydrogen fluoride;0.0029239766081871343
4;2 Nitric oxide;0.0029239766081871343
5;3 Formylium;0.0029239766081871343
6;4 Sodium Chloride;0.0029239766081871343
7;5 Sulfur dioxide;0.0029239766081871343
8;6 para-Oxidaniumyl;0.0029239766081871343
9;7 Sulfur Monoxide;0.0029239766081871343
10;8 Butatrienylidene;0.0029239766081871343
11;9 Carbon Monoxide;0.0029239766081871343
12;10 Nitrous Oxide;0.0029239766081871343
13;11 Cyanoacetylene;0.0029239766081871343
14;12 Carbonyl Sulfide;0.0029239766081871343
15;13 Molecular oxygen;0.0029239766081871343
16;14 ortho-Oxidaniumyl;0.0029239766081871343
17;15 Water;0.0029239766081871343
18;16 Iminomethylium;0.0029239766081871343
19;17 Hydrochloric acid;0.0029239766081871343
20;18 Acetylene;0.0029239766081871343
