1;8 Methyliumylidene;0.224615384615
2;0 Isocyanic Acid;0.00923076923077
3;1 Propenal;0.00923076923077
4;2 Ketene;0.00923076923077
5;3 Oxonium hydride;0.00923076923077
6;4 Thioformylium;0.00923076923077
7;5 Vinyl Cyanide;0.00923076923077
8;6 Methyl Formate;0.00923076923077
9;7 Hydroxyl;0.00923076923077
10;9 Iminomethylium;0.00923076923077
11;10 Hydroxymethylium ion;0.00923076923077
12;11 2-Propynal;0.00923076923077
13;12 Carbon Monosulfide;0.00923076923077
14;13 Cyanomethyl;0.00923076923077
15;14 Methyl Acetylene;0.00923076923077
16;15 2-Butynenitrile;0.00923076923077
17;16 Methyl formate vt01;0.00923076923077
18;17 Ethyl Cyanide;0.00923076923077
19;18 gauche-Ethanol;0.00923076923077
20;19 Glycolaldehyde;0.00923076923077
21;20 Water;0.00923076923077
22;21 Hydrogen sulfide;0.00923076923077
23;22 Sulfur Monoxide ion;0.00923076923077
24;23 1,3-Butadiynyl radical;0.00923076923077
25;24 Formylium;0.00923076923077
26;25 Fulminic acid;0.00923076923077
27;26 Trihydrogen ion;0.00923076923077
28;27 Methanimine;0.00923076923077
29;28 Nitrous Oxide;0.00923076923077
30;29 Propadienylidene;0.00923076923077
31;30 Ethylene Oxide;0.00923076923077
32;31 Ketenimine;0.00923076923077
33;32 2,4,6-Heptatriynenitrile;0.00923076923077
34;33 Aminoacetonitrile;0.00923076923077
35;34 Methanol;0.00923076923077
36;35 Ammonia;0.00923076923077
37;36 Formyl Radical;0.00923076923077
38;37 Methyl Cyanide;0.00923076923077
39;38 Molecular oxygen;0.00923076923077
40;39 Cyclopropenone;0.00923076923077
41;40 Carbonyl Sulfide;0.00923076923077
42;41 Acetaldehyde;0.00923076923077
43;42 Cyanomethylene;0.00923076923077
44;43 3-Thioxo-1,2-Propadieylidene;0.00923076923077
45;44 Formamide;0.00923076923077
46;45 Cyanobutadiyne;0.00923076923077
47;46 Sulfur Dioxide;0.00923076923077
48;47 Methyl isocyanide;0.00923076923077
49;48 Nitric sulfide;0.00923076923077
50;49 Methylene;0.00923076923077
51;50 Hydrochloric acid;0.00923076923077
52;51 Ethyne Isocyanide;0.00923076923077
53;52 Cyanide Radical;0.00923076923077
54;53 Nitric oxide;0.00923076923077
55;54 Cyanic acid;0.00923076923077
56;55 Formaldehyde;0.00923076923077
57;56 Sulfur Monoxide;0.00923076923077
58;57 Protonate 2-proynenitrile;0.00923076923077
59;58 Ethynyl;0.00923076923077
60;59 Ethylene Glycol;0.00923076923077
61;60 Hydrogen Cyanide;0.00923076923077
62;61 Fluoromethyliumylidene;0.00923076923077
63;62 Methylidyne;0.00923076923077
64;63 Thioxoethenylidene;0.00923076923077
65;64 Cyanomethanimine;0.00923076923077
66;65 Silicon Monoxide;0.00923076923077
67;66 Dimethyl ether;0.00923076923077
68;67 Acetone;0.00923076923077
69;68 Carbon Monoxide;0.00923076923077
70;69 Phosphorous nitride;0.00923076923077
71;70 Thioformaldehyde;0.00923076923077
72;71 Diazenylium;0.00923076923077
73;72 Cyanoformaldehyde;0.00923076923077
74;73 Isothiocyanic acid;0.00923076923077
75;74 Vinyl Alcohol;0.00923076923077
76;75 Hydrogen Isocyanide;0.00923076923077
77;76 Carbon Monosulfide;0.00923076923077
78;77 Methylamine;0.00923076923077
79;78 Protonated Carbon Dioxide;0.00923076923077
80;79 Formic Acid;0.00923076923077
81;80 Cyclopropenylidene;0.00923076923077
82;81 Cyanoacetylene;0.00923076923077
83;82 para-Oxidaniumyl;0.00923076923077
84;83 ortho-Oxidaniumyl;0.00923076923077
85;84 Nitrosyl hydride;0.00923076923077
