1;18 Propynylidynium;0.33978234582829503
2;3 Nitrous Oxide;0.19165659008464328
3;14 Iminomethylium;0.17654171704957677
4;104 Amidogen;0.09794437726723094
5;65 Magnesium Isocyanide;0.05864570737605804
6;0 Dimethyl ether;0.0012091898428053204
7;1 Butatrienylidene;0.0012091898428053204
8;2 Trihydrogen ion;0.0012091898428053204
9;4 Methyl Acetylene;0.0012091898428053204
10;5 Ethylene Glycol;0.0012091898428053204
11;6 Methyl Cyanide;0.0012091898428053204
12;7 Thioformylium;0.0012091898428053204
13;8 para-Oxidaniumyl;0.0012091898428053204
14;9 Hydrogen Cyanide;0.0012091898428053204
15;10 Titanium monoxide;0.0012091898428053204
16;11 Cyanide Radical;0.0012091898428053204
17;12 Formic Acid;0.0012091898428053204
18;13 Nitric sulfide;0.0012091898428053204
19;15 Aluminum monoxide;0.0012091898428053204
20;16 Methyl isocyanate;0.0012091898428053204
21;17 Nitrosyl hydride;0.0012091898428053204
22;19 Magnesium Cyanide;0.0012091898428053204
23;20 Diazenylium;0.0012091898428053204
24;21 Methylamine;0.0012091898428053204
25;22 Chloronium;0.0012091898428053204
26;23 Silicon monosulfide;0.0012091898428053204
27;24 Phosphorus Monoxide;0.0012091898428053204
28;25 Cyclopropenone;0.0012091898428053204
29;26 Carbon Monoxide Ion;0.0012091898428053204
30;27 Sodium Cyanide;0.0012091898428053204
31;28 Nitric oxide;0.0012091898428053204
32;29 Silicon Cyanide;0.0012091898428053204
33;30 Ethyne Isocyanide;0.0012091898428053204
34;31 Sodium Chloride;0.0012091898428053204
35;32 Cyanoacetylene;0.0012091898428053204
36;33 Sulfur Monoxide;0.0012091898428053204
37;34 Aluminum Isocyanitrile;0.0012091898428053204
38;35 Cyanobutadiyne;0.0012091898428053204
39;36 Silicon Mononitride;0.0012091898428053204
40;37 Carbon Monoxide;0.0012091898428053204
41;38 Propadienylidene;0.0012091898428053204
42;39 Methanimine;0.0012091898428053204
43;40 Aluminum Monofluoride;0.0012091898428053204
44;41 Formamide;0.0012091898428053204
45;42 Aminoacetonitrile;0.0012091898428053204
46;43 Ammonia;0.0012091898428053204
47;44 gauche-Ethanol;0.0012091898428053204
48;45 Protonate 2-proynenitrile;0.0012091898428053204
49;46 Carbonyl Sulfide;0.0012091898428053204
50;47 Thioxoethenylidene;0.0012091898428053204
51;48 Ethyl cyanide;0.0012091898428053204
52;49 Water;0.0012091898428053204
53;50 Methyl Formate;0.0012091898428053204
54;51 Acetaldehyde;0.0012091898428053204
55;52 Ketenimine;0.0012091898428053204
56;53 Propenal;0.0012091898428053204
57;54 Methyl isocyanide;0.0012091898428053204
58;55 iso-propyl cyanide;0.0012091898428053204
59;56 Hydrogen cyanide;0.0012091898428053204
60;57 Protonated Carbon Dioxide;0.0012091898428053204
61;58 Methylidyne;0.0012091898428053204
62;59 Ketene;0.0012091898428053204
63;60 Silicon Monoxide;0.0012091898428053204
64;61 Acetone;0.0012091898428053204
65;62 Vinyl Cyanide;0.0012091898428053204
66;63 Silicon monoxide (global fit);0.0012091898428053204
67;64 Cyclopropenylidene;0.0012091898428053204
68;66 Cyanobutadiynylide anion;0.0012091898428053204
69;67 Formaldehyde;0.0012091898428053204
70;68 Carbon Monosulfide;0.0012091898428053204
71;69 Fulminic acid;0.0012091898428053204
72;70 trans-Ethanol;0.0012091898428053204
73;71 Silicon Carbide;0.0012091898428053204
74;72 Formylium;0.0012091898428053204
75;73 Ethylene Oxide;0.0012091898428053204
76;74 Sulfur dioxide;0.0012091898428053204
77;75 Carbon Monophosphide;0.0012091898428053204
78;76 Sulfur Monoxide ion;0.0012091898428053204
79;77 Methanol;0.0012091898428053204
80;78 Sulfur Dioxide;0.0012091898428053204
81;79 Cyanoformaldehyde;0.0012091898428053204
82;80 Isocyanic Acid;0.0012091898428053204
83;81 Silicon Isocyanide;0.0012091898428053204
84;82 Methylene amidogen;0.0012091898428053204
85;83 Silicon Monocarbide;0.0012091898428053204
86;84 Phosphaethyne;0.0012091898428053204
87;85 Aluminum Monochloride;0.0012091898428053204
88;86 Cyanoallene;0.0012091898428053204
89;87 Methyl diacetylene;0.0012091898428053204
90;88 Cyanomethylene;0.0012091898428053204
91;89 Phosphapropynylidyne;0.0012091898428053204
92;90 Cyanomethyl;0.0012091898428053204
93;91 Hydrogen Isocyanide;0.0012091898428053204
94;92 Hydrogen sulfide;0.0012091898428053204
95;93 Hydroxyl;0.0012091898428053204
96;94 Glycolaldehyde;0.0012091898428053204
97;95 Cyanide anion;0.0012091898428053204
98;96 2-Propynal;0.0012091898428053204
99;97 Ethynyl;0.0012091898428053204
100;98 Phosphorous nitride;0.0012091898428053204
101;99 Magnesium hydride isocyanide;0.0012091898428053204
102;100 Potassium chloride;0.0012091898428053204
103;101 Silicon tetracarbide;0.0012091898428053204
104;102 Ethyl Cyanide;0.0012091898428053204
105;103 Cyanamide;0.0012091898428053204
106;105 Hydroxymethylidyne;0.0012091898428053204
107;106 Formyl Radical;0.0012091898428053204
108;107 Vinyl Alcohol;0.0012091898428053204
109;108 ortho-Oxidaniumyl;0.0012091898428053204
110;109 Cyanoethynylide ion;0.0012091898428053204
111;110 Oxoethenylidene;0.0012091898428053204
112;111 2-Butynenitrile;0.0012091898428053204
113;112 Cyanoethynyl;0.0012091898428053204
114;113 Hydroxymethylium ion;0.0012091898428053204
115;114 Thioformaldehyde;0.0012091898428053204
116;115 Isothiocyanic acid;0.0012091898428053204
117;116 Cyanic acid;0.0012091898428053204
