1;65 Magnesium Isocyanide;0.27548543689320387
2;108 ortho-Oxidaniumyl;0.14199029126213591
3;95 Cyanide anion;0.0995145631067961
4;116 Cyanic acid;0.0691747572815534
5;15 Aluminum monoxide;0.050970873786407765
6;84 Phosphaethyne;0.050970873786407765
7;23 Silicon monosulfide;0.044902912621359224
8;0 Dimethyl ether;0.0024271844660194173
9;1 Butatrienylidene;0.0024271844660194173
10;2 Trihydrogen ion;0.0024271844660194173
11;3 Nitrous Oxide;0.0024271844660194173
12;4 Methyl Acetylene;0.0024271844660194173
13;5 Ethylene Glycol;0.0024271844660194173
14;6 Methyl Cyanide;0.0024271844660194173
15;7 Thioformylium;0.0024271844660194173
16;8 para-Oxidaniumyl;0.0024271844660194173
17;9 Hydrogen Cyanide;0.0024271844660194173
18;10 Titanium monoxide;0.0024271844660194173
19;11 Cyanide Radical;0.0024271844660194173
20;12 Formic Acid;0.0024271844660194173
21;13 Nitric sulfide;0.0024271844660194173
22;14 Iminomethylium;0.0024271844660194173
23;16 Methyl isocyanate;0.0024271844660194173
24;17 Nitrosyl hydride;0.0024271844660194173
25;18 Propynylidynium;0.0024271844660194173
26;19 Magnesium Cyanide;0.0024271844660194173
27;20 Diazenylium;0.0024271844660194173
28;21 Methylamine;0.0024271844660194173
29;22 Chloronium;0.0024271844660194173
30;24 Phosphorus Monoxide;0.0024271844660194173
31;25 Cyclopropenone;0.0024271844660194173
32;26 Carbon Monoxide Ion;0.0024271844660194173
33;27 Sodium Cyanide;0.0024271844660194173
34;28 Nitric oxide;0.0024271844660194173
35;29 Silicon Cyanide;0.0024271844660194173
36;30 Ethyne Isocyanide;0.0024271844660194173
37;31 Sodium Chloride;0.0024271844660194173
38;32 Cyanoacetylene;0.0024271844660194173
39;33 Sulfur Monoxide;0.0024271844660194173
40;34 Aluminum Isocyanitrile;0.0024271844660194173
41;35 Cyanobutadiyne;0.0024271844660194173
42;36 Silicon Mononitride;0.0024271844660194173
43;37 Carbon Monoxide;0.0024271844660194173
44;38 Propadienylidene;0.0024271844660194173
45;39 Methanimine;0.0024271844660194173
46;40 Aluminum Monofluoride;0.0024271844660194173
47;41 Formamide;0.0024271844660194173
48;42 Aminoacetonitrile;0.0024271844660194173
49;43 Ammonia;0.0024271844660194173
50;44 gauche-Ethanol;0.0024271844660194173
51;45 Protonate 2-proynenitrile;0.0024271844660194173
52;46 Carbonyl Sulfide;0.0024271844660194173
53;47 Thioxoethenylidene;0.0024271844660194173
54;48 Ethyl cyanide;0.0024271844660194173
55;49 Water;0.0024271844660194173
56;50 Methyl Formate;0.0024271844660194173
57;51 Acetaldehyde;0.0024271844660194173
58;52 Ketenimine;0.0024271844660194173
59;53 Propenal;0.0024271844660194173
60;54 Methyl isocyanide;0.0024271844660194173
61;55 iso-propyl cyanide;0.0024271844660194173
62;56 Hydrogen cyanide;0.0024271844660194173
63;57 Protonated Carbon Dioxide;0.0024271844660194173
64;58 Methylidyne;0.0024271844660194173
65;59 Ketene;0.0024271844660194173
66;60 Silicon Monoxide;0.0024271844660194173
67;61 Acetone;0.0024271844660194173
68;62 Vinyl Cyanide;0.0024271844660194173
69;63 Silicon monoxide (global fit);0.0024271844660194173
70;64 Cyclopropenylidene;0.0024271844660194173
71;66 Cyanobutadiynylide anion;0.0024271844660194173
72;67 Formaldehyde;0.0024271844660194173
73;68 Carbon Monosulfide;0.0024271844660194173
74;69 Fulminic acid;0.0024271844660194173
75;70 trans-Ethanol;0.0024271844660194173
76;71 Silicon Carbide;0.0024271844660194173
77;72 Formylium;0.0024271844660194173
78;73 Ethylene Oxide;0.0024271844660194173
79;74 Sulfur dioxide;0.0024271844660194173
80;75 Carbon Monophosphide;0.0024271844660194173
81;76 Sulfur Monoxide ion;0.0024271844660194173
82;77 Methanol;0.0024271844660194173
83;78 Sulfur Dioxide;0.0024271844660194173
84;79 Cyanoformaldehyde;0.0024271844660194173
85;80 Isocyanic Acid;0.0024271844660194173
86;81 Silicon Isocyanide;0.0024271844660194173
87;82 Methylene amidogen;0.0024271844660194173
88;83 Silicon Monocarbide;0.0024271844660194173
89;85 Aluminum Monochloride;0.0024271844660194173
90;86 Cyanoallene;0.0024271844660194173
91;87 Methyl diacetylene;0.0024271844660194173
92;88 Cyanomethylene;0.0024271844660194173
93;89 Phosphapropynylidyne;0.0024271844660194173
94;90 Cyanomethyl;0.0024271844660194173
95;91 Hydrogen Isocyanide;0.0024271844660194173
96;92 Hydrogen sulfide;0.0024271844660194173
97;93 Hydroxyl;0.0024271844660194173
98;94 Glycolaldehyde;0.0024271844660194173
99;96 2-Propynal;0.0024271844660194173
100;97 Ethynyl;0.0024271844660194173
101;98 Phosphorous nitride;0.0024271844660194173
102;99 Magnesium hydride isocyanide;0.0024271844660194173
103;100 Potassium chloride;0.0024271844660194173
104;101 Silicon tetracarbide;0.0024271844660194173
105;102 Ethyl Cyanide;0.0024271844660194173
106;103 Cyanamide;0.0024271844660194173
107;104 Amidogen;0.0024271844660194173
108;105 Hydroxymethylidyne;0.0024271844660194173
109;106 Formyl Radical;0.0024271844660194173
110;107 Vinyl Alcohol;0.0024271844660194173
111;109 Cyanoethynylide ion;0.0024271844660194173
112;110 Oxoethenylidene;0.0024271844660194173
113;111 2-Butynenitrile;0.0024271844660194173
114;112 Cyanoethynyl;0.0024271844660194173
115;113 Hydroxymethylium ion;0.0024271844660194173
116;114 Thioformaldehyde;0.0024271844660194173
117;115 Isothiocyanic acid;0.0024271844660194173
