1;3 Nitrous Oxide;0.7502691065662002
2;0 Dimethyl ether;0.002152852529601722
3;1 Butatrienylidene;0.002152852529601722
4;2 Trihydrogen ion;0.002152852529601722
5;4 Methyl Acetylene;0.002152852529601722
6;5 Ethylene Glycol;0.002152852529601722
7;6 Methyl Cyanide;0.002152852529601722
8;7 Thioformylium;0.002152852529601722
9;8 para-Oxidaniumyl;0.002152852529601722
10;9 Hydrogen Cyanide;0.002152852529601722
11;10 Titanium monoxide;0.002152852529601722
12;11 Cyanide Radical;0.002152852529601722
13;12 Formic Acid;0.002152852529601722
14;13 Nitric sulfide;0.002152852529601722
15;14 Iminomethylium;0.002152852529601722
16;15 Aluminum monoxide;0.002152852529601722
17;16 Methyl isocyanate;0.002152852529601722
18;17 Nitrosyl hydride;0.002152852529601722
19;18 Propynylidynium;0.002152852529601722
20;19 Magnesium Cyanide;0.002152852529601722
21;20 Diazenylium;0.002152852529601722
22;21 Methylamine;0.002152852529601722
23;22 Chloronium;0.002152852529601722
24;23 Silicon monosulfide;0.002152852529601722
25;24 Phosphorus Monoxide;0.002152852529601722
26;25 Cyclopropenone;0.002152852529601722
27;26 Carbon Monoxide Ion;0.002152852529601722
28;27 Sodium Cyanide;0.002152852529601722
29;28 Nitric oxide;0.002152852529601722
30;29 Silicon Cyanide;0.002152852529601722
31;30 Ethyne Isocyanide;0.002152852529601722
32;31 Sodium Chloride;0.002152852529601722
33;32 Cyanoacetylene;0.002152852529601722
34;33 Sulfur Monoxide;0.002152852529601722
35;34 Aluminum Isocyanitrile;0.002152852529601722
36;35 Cyanobutadiyne;0.002152852529601722
37;36 Silicon Mononitride;0.002152852529601722
38;37 Carbon Monoxide;0.002152852529601722
39;38 Propadienylidene;0.002152852529601722
40;39 Methanimine;0.002152852529601722
41;40 Aluminum Monofluoride;0.002152852529601722
42;41 Formamide;0.002152852529601722
43;42 Aminoacetonitrile;0.002152852529601722
44;43 Ammonia;0.002152852529601722
45;44 gauche-Ethanol;0.002152852529601722
46;45 Protonate 2-proynenitrile;0.002152852529601722
47;46 Carbonyl Sulfide;0.002152852529601722
48;47 Thioxoethenylidene;0.002152852529601722
49;48 Ethyl cyanide;0.002152852529601722
50;49 Water;0.002152852529601722
51;50 Methyl Formate;0.002152852529601722
52;51 Acetaldehyde;0.002152852529601722
53;52 Ketenimine;0.002152852529601722
54;53 Propenal;0.002152852529601722
55;54 Methyl isocyanide;0.002152852529601722
56;55 iso-propyl cyanide;0.002152852529601722
57;56 Hydrogen cyanide;0.002152852529601722
58;57 Protonated Carbon Dioxide;0.002152852529601722
59;58 Methylidyne;0.002152852529601722
60;59 Ketene;0.002152852529601722
61;60 Silicon Monoxide;0.002152852529601722
62;61 Acetone;0.002152852529601722
63;62 Vinyl Cyanide;0.002152852529601722
64;63 Silicon monoxide (global fit);0.002152852529601722
65;64 Cyclopropenylidene;0.002152852529601722
66;65 Magnesium Isocyanide;0.002152852529601722
67;66 Cyanobutadiynylide anion;0.002152852529601722
68;67 Formaldehyde;0.002152852529601722
69;68 Carbon Monosulfide;0.002152852529601722
70;69 Fulminic acid;0.002152852529601722
71;70 trans-Ethanol;0.002152852529601722
72;71 Silicon Carbide;0.002152852529601722
73;72 Formylium;0.002152852529601722
74;73 Ethylene Oxide;0.002152852529601722
75;74 Sulfur dioxide;0.002152852529601722
76;75 Carbon Monophosphide;0.002152852529601722
77;76 Sulfur Monoxide ion;0.002152852529601722
78;77 Methanol;0.002152852529601722
79;78 Sulfur Dioxide;0.002152852529601722
80;79 Cyanoformaldehyde;0.002152852529601722
81;80 Isocyanic Acid;0.002152852529601722
82;81 Silicon Isocyanide;0.002152852529601722
83;82 Methylene amidogen;0.002152852529601722
84;83 Silicon Monocarbide;0.002152852529601722
85;84 Phosphaethyne;0.002152852529601722
86;85 Aluminum Monochloride;0.002152852529601722
87;86 Cyanoallene;0.002152852529601722
88;87 Methyl diacetylene;0.002152852529601722
89;88 Cyanomethylene;0.002152852529601722
90;89 Phosphapropynylidyne;0.002152852529601722
91;90 Cyanomethyl;0.002152852529601722
92;91 Hydrogen Isocyanide;0.002152852529601722
93;92 Hydrogen sulfide;0.002152852529601722
94;93 Hydroxyl;0.002152852529601722
95;94 Glycolaldehyde;0.002152852529601722
96;95 Cyanide anion;0.002152852529601722
97;96 2-Propynal;0.002152852529601722
98;97 Ethynyl;0.002152852529601722
99;98 Phosphorous nitride;0.002152852529601722
100;99 Magnesium hydride isocyanide;0.002152852529601722
101;100 Potassium chloride;0.002152852529601722
102;101 Silicon tetracarbide;0.002152852529601722
103;102 Ethyl Cyanide;0.002152852529601722
104;103 Cyanamide;0.002152852529601722
105;104 Amidogen;0.002152852529601722
106;105 Hydroxymethylidyne;0.002152852529601722
107;106 Formyl Radical;0.002152852529601722
108;107 Vinyl Alcohol;0.002152852529601722
109;108 ortho-Oxidaniumyl;0.002152852529601722
110;109 Cyanoethynylide ion;0.002152852529601722
111;110 Oxoethenylidene;0.002152852529601722
112;111 2-Butynenitrile;0.002152852529601722
113;112 Cyanoethynyl;0.002152852529601722
114;113 Hydroxymethylium ion;0.002152852529601722
115;114 Thioformaldehyde;0.002152852529601722
116;115 Isothiocyanic acid;0.002152852529601722
117;116 Cyanic acid;0.002152852529601722
