1;4 Carbon Monoxide;0.0625
2;5 Water;0.04411764705882353
3;34 Formylium;0.04411764705882353
4;0 Methylidyne;0.025735294117647058
5;1 1,3-Butadiynyl radical;0.025735294117647058
6;2 Formaldehyde;0.025735294117647058
7;3 Sulfur dioxide;0.025735294117647058
8;6 Carbon Monoxide Ion;0.025735294117647058
9;7 Nitric sulfide;0.025735294117647058
10;8 Isocyanic Acid;0.025735294117647058
11;9 Methyliumylidene;0.025735294117647058
12;10 Cyanide Radical;0.025735294117647058
13;11 Ethynyl;0.025735294117647058
14;12 Carbonyl Sulfide;0.025735294117647058
15;13 Hydroxyl;0.025735294117647058
16;14 Diazenylium;0.025735294117647058
17;15 Thioxoethenylidene;0.025735294117647058
18;16 Nitric oxide;0.025735294117647058
19;17 Methyl Cyanide;0.025735294117647058
20;18 Cyclopropenylidene;0.025735294117647058
21;19 Methanimine;0.025735294117647058
22;20 Methanol;0.025735294117647058
23;21 Thioformaldehyde;0.025735294117647058
24;22 Ammonia;0.025735294117647058
25;23 Cyanamide;0.025735294117647058
26;24 Cyanoacetylene;0.025735294117647058
27;25 Sodium Chloride;0.025735294117647058
28;26 Silicon Monoxide;0.025735294117647058
29;27 Sulfur Monoxide;0.025735294117647058
30;28 Protonated Carbon Dioxide;0.025735294117647058
31;29 Hydrogen Cyanide;0.025735294117647058
32;30 Carbon Monosulfide;0.025735294117647058
33;31 Hydrogen sulfide;0.025735294117647058
34;32 Molecular oxygen;0.025735294117647058
35;33 Hydrogen Isocyanide;0.025735294117647058
36;35 Methyl Acetylene;0.025735294117647058
