1;8 Methyliumylidene;0.47738095238095235
2;34 Methanol;0.1123015873015873
3;61 Fluoromethyliumylidene;0.09841269841269841
4;57 Protonate 2-proynenitrile;0.0884920634920635
5;4 Thioformylium;0.07261904761904762
6;9 Iminomethylium;0.04484126984126984
7;76 Carbon Monosulfide;0.009126984126984126
8;6 Methyl Formate;0.0031746031746031746
9;82 para-Oxidaniumyl;0.0031746031746031746
10;0 Isocyanic Acid;0.0011904761904761904
11;1 Propenal;0.0011904761904761904
12;2 Ketene;0.0011904761904761904
13;3 Oxonium hydride;0.0011904761904761904
14;5 Vinyl Cyanide;0.0011904761904761904
15;7 Hydroxyl;0.0011904761904761904
16;10 Hydroxymethylium ion;0.0011904761904761904
17;11 2-Propynal;0.0011904761904761904
18;12 Carbon Monosulfide;0.0011904761904761904
19;13 Cyanomethyl;0.0011904761904761904
20;14 Methyl Acetylene;0.0011904761904761904
21;15 2-Butynenitrile;0.0011904761904761904
22;16 Methyl formate vt01;0.0011904761904761904
23;17 Ethyl Cyanide;0.0011904761904761904
24;18 gauche-Ethanol;0.0011904761904761904
25;19 Glycolaldehyde;0.0011904761904761904
26;20 Water;0.0011904761904761904
27;21 Hydrogen sulfide;0.0011904761904761904
28;22 Sulfur Monoxide ion;0.0011904761904761904
29;23 1,3-Butadiynyl radical;0.0011904761904761904
30;24 Formylium;0.0011904761904761904
31;25 Fulminic acid;0.0011904761904761904
32;26 Trihydrogen ion;0.0011904761904761904
33;27 Methanimine;0.0011904761904761904
34;28 Nitrous Oxide;0.0011904761904761904
35;29 Propadienylidene;0.0011904761904761904
36;30 Ethylene Oxide;0.0011904761904761904
37;31 Ketenimine;0.0011904761904761904
38;32 2,4,6-Heptatriynenitrile;0.0011904761904761904
39;33 Aminoacetonitrile;0.0011904761904761904
40;35 Ammonia;0.0011904761904761904
41;36 Formyl Radical;0.0011904761904761904
42;37 Methyl Cyanide;0.0011904761904761904
43;38 Molecular oxygen;0.0011904761904761904
44;39 Cyclopropenone;0.0011904761904761904
45;40 Carbonyl Sulfide;0.0011904761904761904
46;41 Acetaldehyde;0.0011904761904761904
47;42 Cyanomethylene;0.0011904761904761904
48;43 3-Thioxo-1,2-Propadieylidene;0.0011904761904761904
49;44 Formamide;0.0011904761904761904
50;45 Cyanobutadiyne;0.0011904761904761904
51;46 Sulfur Dioxide;0.0011904761904761904
52;47 Methyl isocyanide;0.0011904761904761904
53;48 Nitric sulfide;0.0011904761904761904
54;49 Methylene;0.0011904761904761904
55;50 Hydrochloric acid;0.0011904761904761904
56;51 Ethyne Isocyanide;0.0011904761904761904
57;52 Cyanide Radical;0.0011904761904761904
58;53 Nitric oxide;0.0011904761904761904
59;54 Cyanic acid;0.0011904761904761904
60;55 Formaldehyde;0.0011904761904761904
61;56 Sulfur Monoxide;0.0011904761904761904
62;58 Ethynyl;0.0011904761904761904
63;59 Ethylene Glycol;0.0011904761904761904
64;60 Hydrogen Cyanide;0.0011904761904761904
65;62 Methylidyne;0.0011904761904761904
66;63 Thioxoethenylidene;0.0011904761904761904
67;64 Cyanomethanimine;0.0011904761904761904
68;65 Silicon Monoxide;0.0011904761904761904
69;66 Dimethyl ether;0.0011904761904761904
70;67 Acetone;0.0011904761904761904
71;68 Carbon Monoxide;0.0011904761904761904
72;69 Phosphorous nitride;0.0011904761904761904
73;70 Thioformaldehyde;0.0011904761904761904
74;71 Diazenylium;0.0011904761904761904
75;72 Cyanoformaldehyde;0.0011904761904761904
76;73 Isothiocyanic acid;0.0011904761904761904
77;74 Vinyl Alcohol;0.0011904761904761904
78;75 Hydrogen Isocyanide;0.0011904761904761904
79;77 Methylamine;0.0011904761904761904
80;78 Protonated Carbon Dioxide;0.0011904761904761904
81;79 Formic Acid;0.0011904761904761904
82;80 Cyclopropenylidene;0.0011904761904761904
83;81 Cyanoacetylene;0.0011904761904761904
84;83 ortho-Oxidaniumyl;0.0011904761904761904
85;84 Nitrosyl hydride;0.0011904761904761904
