1;66 Dimethyl ether;0.7869387755102041
2;37 Methyl Cyanide;0.07673469387755102
3;34 Methanol;0.019591836734693877
4;38 Molecular oxygen;0.005306122448979592
5;5 Vinyl Cyanide;0.0032653061224489797
6;22 Sulfur Monoxide ion;0.0032653061224489797
7;32 2,4,6-Heptatriynenitrile;0.0032653061224489797
8;36 Formyl Radical;0.0032653061224489797
9;45 Cyanobutadiyne;0.0032653061224489797
10;84 Nitrosyl hydride;0.0032653061224489797
11;0 Isocyanic Acid;0.0012244897959183673
12;1 Propenal;0.0012244897959183673
13;2 Ketene;0.0012244897959183673
14;3 Oxonium hydride;0.0012244897959183673
15;4 Thioformylium;0.0012244897959183673
16;6 Methyl Formate;0.0012244897959183673
17;7 Hydroxyl;0.0012244897959183673
18;8 Methyliumylidene;0.0012244897959183673
19;9 Iminomethylium;0.0012244897959183673
20;10 Hydroxymethylium ion;0.0012244897959183673
21;11 2-Propynal;0.0012244897959183673
22;12 Carbon Monosulfide;0.0012244897959183673
23;13 Cyanomethyl;0.0012244897959183673
24;14 Methyl Acetylene;0.0012244897959183673
25;15 2-Butynenitrile;0.0012244897959183673
26;16 Methyl formate vt01;0.0012244897959183673
27;17 Ethyl Cyanide;0.0012244897959183673
28;18 gauche-Ethanol;0.0012244897959183673
29;19 Glycolaldehyde;0.0012244897959183673
30;20 Water;0.0012244897959183673
31;21 Hydrogen sulfide;0.0012244897959183673
32;23 1,3-Butadiynyl radical;0.0012244897959183673
33;24 Formylium;0.0012244897959183673
34;25 Fulminic acid;0.0012244897959183673
35;26 Trihydrogen ion;0.0012244897959183673
36;27 Methanimine;0.0012244897959183673
37;28 Nitrous Oxide;0.0012244897959183673
38;29 Propadienylidene;0.0012244897959183673
39;30 Ethylene Oxide;0.0012244897959183673
40;31 Ketenimine;0.0012244897959183673
41;33 Aminoacetonitrile;0.0012244897959183673
42;35 Ammonia;0.0012244897959183673
43;39 Cyclopropenone;0.0012244897959183673
44;40 Carbonyl Sulfide;0.0012244897959183673
45;41 Acetaldehyde;0.0012244897959183673
46;42 Cyanomethylene;0.0012244897959183673
47;43 3-Thioxo-1,2-Propadieylidene;0.0012244897959183673
48;44 Formamide;0.0012244897959183673
49;46 Sulfur Dioxide;0.0012244897959183673
50;47 Methyl isocyanide;0.0012244897959183673
51;48 Nitric sulfide;0.0012244897959183673
52;49 Methylene;0.0012244897959183673
53;50 Hydrochloric acid;0.0012244897959183673
54;51 Ethyne Isocyanide;0.0012244897959183673
55;52 Cyanide Radical;0.0012244897959183673
56;53 Nitric oxide;0.0012244897959183673
57;54 Cyanic acid;0.0012244897959183673
58;55 Formaldehyde;0.0012244897959183673
59;56 Sulfur Monoxide;0.0012244897959183673
60;57 Protonate 2-proynenitrile;0.0012244897959183673
61;58 Ethynyl;0.0012244897959183673
62;59 Ethylene Glycol;0.0012244897959183673
63;60 Hydrogen Cyanide;0.0012244897959183673
64;61 Fluoromethyliumylidene;0.0012244897959183673
65;62 Methylidyne;0.0012244897959183673
66;63 Thioxoethenylidene;0.0012244897959183673
67;64 Cyanomethanimine;0.0012244897959183673
68;65 Silicon Monoxide;0.0012244897959183673
69;67 Acetone;0.0012244897959183673
70;68 Carbon Monoxide;0.0012244897959183673
71;69 Phosphorous nitride;0.0012244897959183673
72;70 Thioformaldehyde;0.0012244897959183673
73;71 Diazenylium;0.0012244897959183673
74;72 Cyanoformaldehyde;0.0012244897959183673
75;73 Isothiocyanic acid;0.0012244897959183673
76;74 Vinyl Alcohol;0.0012244897959183673
77;75 Hydrogen Isocyanide;0.0012244897959183673
78;76 Carbon Monosulfide;0.0012244897959183673
79;77 Methylamine;0.0012244897959183673
80;78 Protonated Carbon Dioxide;0.0012244897959183673
81;79 Formic Acid;0.0012244897959183673
82;80 Cyclopropenylidene;0.0012244897959183673
83;81 Cyanoacetylene;0.0012244897959183673
84;82 para-Oxidaniumyl;0.0012244897959183673
85;83 ortho-Oxidaniumyl;0.0012244897959183673
