1;8 Methyliumylidene;0.32842105263157895
2;61 Fluoromethyliumylidene;0.21964912280701754
3;34 Methanol;0.1775438596491228
4;4 Thioformylium;0.06877192982456141
5;66 Dimethyl ether;0.023157894736842103
6;25 Fulminic acid;0.00912280701754386
7;6 Methyl Formate;0.005614035087719299
8;33 Aminoacetonitrile;0.005614035087719299
9;0 Isocyanic Acid;0.002105263157894737
10;1 Propenal;0.002105263157894737
11;2 Ketene;0.002105263157894737
12;3 Oxonium hydride;0.002105263157894737
13;5 Vinyl Cyanide;0.002105263157894737
14;7 Hydroxyl;0.002105263157894737
15;9 Iminomethylium;0.002105263157894737
16;10 Hydroxymethylium ion;0.002105263157894737
17;11 2-Propynal;0.002105263157894737
18;12 Carbon Monosulfide;0.002105263157894737
19;13 Cyanomethyl;0.002105263157894737
20;14 Methyl Acetylene;0.002105263157894737
21;15 2-Butynenitrile;0.002105263157894737
22;16 Methyl formate vt01;0.002105263157894737
23;17 Ethyl Cyanide;0.002105263157894737
24;18 gauche-Ethanol;0.002105263157894737
25;19 Glycolaldehyde;0.002105263157894737
26;20 Water;0.002105263157894737
27;21 Hydrogen sulfide;0.002105263157894737
28;22 Sulfur Monoxide ion;0.002105263157894737
29;23 1,3-Butadiynyl radical;0.002105263157894737
30;24 Formylium;0.002105263157894737
31;26 Trihydrogen ion;0.002105263157894737
32;27 Methanimine;0.002105263157894737
33;28 Nitrous Oxide;0.002105263157894737
34;29 Propadienylidene;0.002105263157894737
35;30 Ethylene Oxide;0.002105263157894737
36;31 Ketenimine;0.002105263157894737
37;32 2,4,6-Heptatriynenitrile;0.002105263157894737
38;35 Ammonia;0.002105263157894737
39;36 Formyl Radical;0.002105263157894737
40;37 Methyl Cyanide;0.002105263157894737
41;38 Molecular oxygen;0.002105263157894737
42;39 Cyclopropenone;0.002105263157894737
43;40 Carbonyl Sulfide;0.002105263157894737
44;41 Acetaldehyde;0.002105263157894737
45;42 Cyanomethylene;0.002105263157894737
46;43 3-Thioxo-1,2-Propadieylidene;0.002105263157894737
47;44 Formamide;0.002105263157894737
48;45 Cyanobutadiyne;0.002105263157894737
49;46 Sulfur Dioxide;0.002105263157894737
50;47 Methyl isocyanide;0.002105263157894737
51;48 Nitric sulfide;0.002105263157894737
52;49 Methylene;0.002105263157894737
53;50 Hydrochloric acid;0.002105263157894737
54;51 Ethyne Isocyanide;0.002105263157894737
55;52 Cyanide Radical;0.002105263157894737
56;53 Nitric oxide;0.002105263157894737
57;54 Cyanic acid;0.002105263157894737
58;55 Formaldehyde;0.002105263157894737
59;56 Sulfur Monoxide;0.002105263157894737
60;57 Protonate 2-proynenitrile;0.002105263157894737
61;58 Ethynyl;0.002105263157894737
62;59 Ethylene Glycol;0.002105263157894737
63;60 Hydrogen Cyanide;0.002105263157894737
64;62 Methylidyne;0.002105263157894737
65;63 Thioxoethenylidene;0.002105263157894737
66;64 Cyanomethanimine;0.002105263157894737
67;65 Silicon Monoxide;0.002105263157894737
68;67 Acetone;0.002105263157894737
69;68 Carbon Monoxide;0.002105263157894737
70;69 Phosphorous nitride;0.002105263157894737
71;70 Thioformaldehyde;0.002105263157894737
72;71 Diazenylium;0.002105263157894737
73;72 Cyanoformaldehyde;0.002105263157894737
74;73 Isothiocyanic acid;0.002105263157894737
75;74 Vinyl Alcohol;0.002105263157894737
76;75 Hydrogen Isocyanide;0.002105263157894737
77;76 Carbon Monosulfide;0.002105263157894737
78;77 Methylamine;0.002105263157894737
79;78 Protonated Carbon Dioxide;0.002105263157894737
80;79 Formic Acid;0.002105263157894737
81;80 Cyclopropenylidene;0.002105263157894737
82;81 Cyanoacetylene;0.002105263157894737
83;82 para-Oxidaniumyl;0.002105263157894737
84;83 ortho-Oxidaniumyl;0.002105263157894737
85;84 Nitrosyl hydride;0.002105263157894737
