1;8 Methyliumylidene;0.9026515151515152
2;41 Acetaldehyde;0.0030303030303030303
3;0 Isocyanic Acid;0.0011363636363636363
4;1 Propenal;0.0011363636363636363
5;2 Ketene;0.0011363636363636363
6;3 Oxonium hydride;0.0011363636363636363
7;4 Thioformylium;0.0011363636363636363
8;5 Vinyl Cyanide;0.0011363636363636363
9;6 Methyl Formate;0.0011363636363636363
10;7 Hydroxyl;0.0011363636363636363
11;9 Iminomethylium;0.0011363636363636363
12;10 Hydroxymethylium ion;0.0011363636363636363
13;11 2-Propynal;0.0011363636363636363
14;12 Carbon Monosulfide;0.0011363636363636363
15;13 Cyanomethyl;0.0011363636363636363
16;14 Methyl Acetylene;0.0011363636363636363
17;15 2-Butynenitrile;0.0011363636363636363
18;16 Methyl formate vt01;0.0011363636363636363
19;17 Ethyl Cyanide;0.0011363636363636363
20;18 gauche-Ethanol;0.0011363636363636363
21;19 Glycolaldehyde;0.0011363636363636363
22;20 Water;0.0011363636363636363
23;21 Hydrogen sulfide;0.0011363636363636363
24;22 Sulfur Monoxide ion;0.0011363636363636363
25;23 1,3-Butadiynyl radical;0.0011363636363636363
26;24 Formylium;0.0011363636363636363
27;25 Fulminic acid;0.0011363636363636363
28;26 Trihydrogen ion;0.0011363636363636363
29;27 Methanimine;0.0011363636363636363
30;28 Nitrous Oxide;0.0011363636363636363
31;29 Propadienylidene;0.0011363636363636363
32;30 Ethylene Oxide;0.0011363636363636363
33;31 Ketenimine;0.0011363636363636363
34;32 2,4,6-Heptatriynenitrile;0.0011363636363636363
35;33 Aminoacetonitrile;0.0011363636363636363
36;34 Methanol;0.0011363636363636363
37;35 Ammonia;0.0011363636363636363
38;36 Formyl Radical;0.0011363636363636363
39;37 Methyl Cyanide;0.0011363636363636363
40;38 Molecular oxygen;0.0011363636363636363
41;39 Cyclopropenone;0.0011363636363636363
42;40 Carbonyl Sulfide;0.0011363636363636363
43;42 Cyanomethylene;0.0011363636363636363
44;43 3-Thioxo-1,2-Propadieylidene;0.0011363636363636363
45;44 Formamide;0.0011363636363636363
46;45 Cyanobutadiyne;0.0011363636363636363
47;46 Sulfur Dioxide;0.0011363636363636363
48;47 Methyl isocyanide;0.0011363636363636363
49;48 Nitric sulfide;0.0011363636363636363
50;49 Methylene;0.0011363636363636363
51;50 Hydrochloric acid;0.0011363636363636363
52;51 Ethyne Isocyanide;0.0011363636363636363
53;52 Cyanide Radical;0.0011363636363636363
54;53 Nitric oxide;0.0011363636363636363
55;54 Cyanic acid;0.0011363636363636363
56;55 Formaldehyde;0.0011363636363636363
57;56 Sulfur Monoxide;0.0011363636363636363
58;57 Protonate 2-proynenitrile;0.0011363636363636363
59;58 Ethynyl;0.0011363636363636363
60;59 Ethylene Glycol;0.0011363636363636363
61;60 Hydrogen Cyanide;0.0011363636363636363
62;61 Fluoromethyliumylidene;0.0011363636363636363
63;62 Methylidyne;0.0011363636363636363
64;63 Thioxoethenylidene;0.0011363636363636363
65;64 Cyanomethanimine;0.0011363636363636363
66;65 Silicon Monoxide;0.0011363636363636363
67;66 Dimethyl ether;0.0011363636363636363
68;67 Acetone;0.0011363636363636363
69;68 Carbon Monoxide;0.0011363636363636363
70;69 Phosphorous nitride;0.0011363636363636363
71;70 Thioformaldehyde;0.0011363636363636363
72;71 Diazenylium;0.0011363636363636363
73;72 Cyanoformaldehyde;0.0011363636363636363
74;73 Isothiocyanic acid;0.0011363636363636363
75;74 Vinyl Alcohol;0.0011363636363636363
76;75 Hydrogen Isocyanide;0.0011363636363636363
77;76 Carbon Monosulfide;0.0011363636363636363
78;77 Methylamine;0.0011363636363636363
79;78 Protonated Carbon Dioxide;0.0011363636363636363
80;79 Formic Acid;0.0011363636363636363
81;80 Cyclopropenylidene;0.0011363636363636363
82;81 Cyanoacetylene;0.0011363636363636363
83;82 para-Oxidaniumyl;0.0011363636363636363
84;83 ortho-Oxidaniumyl;0.0011363636363636363
85;84 Nitrosyl hydride;0.0011363636363636363
