1;57 Protonate 2-proynenitrile;0.3231060606060606
2;8 Methyliumylidene;0.18106060606060606
3;61 Fluoromethyliumylidene;0.16022727272727272
4;9 Iminomethylium;0.15265151515151515
5;45 Cyanobutadiyne;0.03901515151515152
6;25 Fulminic acid;0.023863636363636365
7;37 Methyl Cyanide;0.010606060606060605
8;23 1,3-Butadiynyl radical;0.008712121212121211
9;19 Glycolaldehyde;0.004924242424242425
10;65 Silicon Monoxide;0.004924242424242425
11;11 2-Propynal;0.0030303030303030303
12;14 Methyl Acetylene;0.0030303030303030303
13;60 Hydrogen Cyanide;0.0030303030303030303
14;0 Isocyanic Acid;0.0011363636363636363
15;1 Propenal;0.0011363636363636363
16;2 Ketene;0.0011363636363636363
17;3 Oxonium hydride;0.0011363636363636363
18;4 Thioformylium;0.0011363636363636363
19;5 Vinyl Cyanide;0.0011363636363636363
20;6 Methyl Formate;0.0011363636363636363
21;7 Hydroxyl;0.0011363636363636363
22;10 Hydroxymethylium ion;0.0011363636363636363
23;12 Carbon Monosulfide;0.0011363636363636363
24;13 Cyanomethyl;0.0011363636363636363
25;15 2-Butynenitrile;0.0011363636363636363
26;16 Methyl formate vt01;0.0011363636363636363
27;17 Ethyl Cyanide;0.0011363636363636363
28;18 gauche-Ethanol;0.0011363636363636363
29;20 Water;0.0011363636363636363
30;21 Hydrogen sulfide;0.0011363636363636363
31;22 Sulfur Monoxide ion;0.0011363636363636363
32;24 Formylium;0.0011363636363636363
33;26 Trihydrogen ion;0.0011363636363636363
34;27 Methanimine;0.0011363636363636363
35;28 Nitrous Oxide;0.0011363636363636363
36;29 Propadienylidene;0.0011363636363636363
37;30 Ethylene Oxide;0.0011363636363636363
38;31 Ketenimine;0.0011363636363636363
39;32 2,4,6-Heptatriynenitrile;0.0011363636363636363
40;33 Aminoacetonitrile;0.0011363636363636363
41;34 Methanol;0.0011363636363636363
42;35 Ammonia;0.0011363636363636363
43;36 Formyl Radical;0.0011363636363636363
44;38 Molecular oxygen;0.0011363636363636363
45;39 Cyclopropenone;0.0011363636363636363
46;40 Carbonyl Sulfide;0.0011363636363636363
47;41 Acetaldehyde;0.0011363636363636363
48;42 Cyanomethylene;0.0011363636363636363
49;43 3-Thioxo-1,2-Propadieylidene;0.0011363636363636363
50;44 Formamide;0.0011363636363636363
51;46 Sulfur Dioxide;0.0011363636363636363
52;47 Methyl isocyanide;0.0011363636363636363
53;48 Nitric sulfide;0.0011363636363636363
54;49 Methylene;0.0011363636363636363
55;50 Hydrochloric acid;0.0011363636363636363
56;51 Ethyne Isocyanide;0.0011363636363636363
57;52 Cyanide Radical;0.0011363636363636363
58;53 Nitric oxide;0.0011363636363636363
59;54 Cyanic acid;0.0011363636363636363
60;55 Formaldehyde;0.0011363636363636363
61;56 Sulfur Monoxide;0.0011363636363636363
62;58 Ethynyl;0.0011363636363636363
63;59 Ethylene Glycol;0.0011363636363636363
64;62 Methylidyne;0.0011363636363636363
65;63 Thioxoethenylidene;0.0011363636363636363
66;64 Cyanomethanimine;0.0011363636363636363
67;66 Dimethyl ether;0.0011363636363636363
68;67 Acetone;0.0011363636363636363
69;68 Carbon Monoxide;0.0011363636363636363
70;69 Phosphorous nitride;0.0011363636363636363
71;70 Thioformaldehyde;0.0011363636363636363
72;71 Diazenylium;0.0011363636363636363
73;72 Cyanoformaldehyde;0.0011363636363636363
74;73 Isothiocyanic acid;0.0011363636363636363
75;74 Vinyl Alcohol;0.0011363636363636363
76;75 Hydrogen Isocyanide;0.0011363636363636363
77;76 Carbon Monosulfide;0.0011363636363636363
78;77 Methylamine;0.0011363636363636363
79;78 Protonated Carbon Dioxide;0.0011363636363636363
80;79 Formic Acid;0.0011363636363636363
81;80 Cyclopropenylidene;0.0011363636363636363
82;81 Cyanoacetylene;0.0011363636363636363
83;82 para-Oxidaniumyl;0.0011363636363636363
84;83 ortho-Oxidaniumyl;0.0011363636363636363
85;84 Nitrosyl hydride;0.0011363636363636363
