1;17 Formylium;0.1653786707882535
2;48 Hydrogen Cyanide;0.05718701700154561
3;67 Magnesium Cyanide;0.026275115919629062
4;69 Cyanoethynyl;0.026275115919629062
5;0 1,3,5-Hexatriynyl;0.01081916537867079
6;1 Silicon monosulfide;0.01081916537867079
7;2 Vinyl Cyanide;0.01081916537867079
8;3 Hydroxyl;0.01081916537867079
9;4 Methyliumylidene;0.01081916537867079
10;5 Aluminum Isocyanitrile;0.01081916537867079
11;6 Carbon Monosulfide;0.01081916537867079
12;7 Methyl Acetylene;0.01081916537867079
13;8 1,3-Butadiynyl anion;0.01081916537867079
14;9 Butatrienylidene;0.01081916537867079
15;10 2,4-Pentadiynylidyne;0.01081916537867079
16;11 Aluminum Monochloride;0.01081916537867079
17;12 4-Cyano-1,3-Butadiynyl;0.01081916537867079
18;13 Silicon monosulfide;0.01081916537867079
19;14 Water;0.01081916537867079
20;15 Hydrogen sulfide;0.01081916537867079
21;16 1,3-Butadiynyl radical;0.01081916537867079
22;18 Trihydrogen ion;0.01081916537867079
23;19 Methanimine;0.01081916537867079
24;20 Phosphorus Monoxide;0.01081916537867079
25;21 Methyl Cyanide;0.01081916537867079
26;22 Magnesium Isocyanide;0.01081916537867079
27;23 1,3,5-Hexatriynyl anion;0.01081916537867079
28;24 Phosphaethyne;0.01081916537867079
29;25 1,3,5,7-Octatetraynyl anion;0.01081916537867079
30;26 Silicon Monocarbide;0.01081916537867079
31;27 Cyanomethylene;0.01081916537867079
32;28 3-Thioxo-1,2-Propadieylidene;0.01081916537867079
33;29 Cyanobutadiyne;0.01081916537867079
34;30 Silicon Isocyanide;0.01081916537867079
35;31 Potassium chloride;0.01081916537867079
36;32 3-Oxo-1,2-Propadienylidene;0.01081916537867079
37;33 Silicon Carbide;0.01081916537867079
38;34 3-Cyano-1,2-propadienylidene;0.01081916537867079
39;35 Nitric sulfide;0.01081916537867079
40;36 Sulfur dioxide;0.01081916537867079
41;37 Ethyne Isocyanide;0.01081916537867079
42;38 Cyanoethynylide ion;0.01081916537867079
43;39 Cyanide Radical;0.01081916537867079
44;40 Carbon Monoxide Ion;0.01081916537867079
45;41 Cyanobutadiynylide anion;0.01081916537867079
46;42 Aluminum Monofluoride;0.01081916537867079
47;43 Formaldehyde;0.01081916537867079
48;44 Sulfur Monoxide;0.01081916537867079
49;45 Silicon tetracarbide;0.01081916537867079
50;46 Ethynyl;0.01081916537867079
51;47 Sodium Chloride;0.01081916537867079
52;49 Sodium Cyanide;0.01081916537867079
53;50 3-Imino-1,2 Propadienylidene;0.01081916537867079
54;51 Methylidyne;0.01081916537867079
55;52 Thioxoethenylidene;0.01081916537867079
56;53 Silicon Monoxide;0.01081916537867079
57;54 1,3,5,7-Octatetraynyl;0.01081916537867079
58;55 Silicon Mononitride;0.01081916537867079
59;56 Carbon Monoxide;0.01081916537867079
60;57 Phosphorous nitride;0.01081916537867079
61;58 Carbon Monophosphide;0.01081916537867079
62;59 Thioformaldehyde;0.01081916537867079
63;60 Hexatrienyl;0.01081916537867079
64;61 Hydrogen Isocyanide;0.01081916537867079
65;62 Carbon Monosulfide;0.01081916537867079
66;63 Silicon Cyanide;0.01081916537867079
67;64 2,4,6-Heptatriynylidyne;0.01081916537867079
68;65 Cyclopropenylidene;0.01081916537867079
69;66 Cyanoacetylene;0.01081916537867079
70;68 3-Silanetetrayl-1,2-Propadienyli;0.01081916537867079
71;70 Phosphapropynylidyne;0.01081916537867079
