1;28 Hydrogen Isocyanide;0.2915492957746479
2;8 Nitric sulfide;0.03802816901408451
3;0 Methylidyne;0.023943661971830985
4;1 Formaldehyde;0.023943661971830985
5;2 Sulfur dioxide;0.023943661971830985
6;3 Carbon Monoxide;0.023943661971830985
7;4 Acetaldehyde;0.023943661971830985
8;5 Water;0.023943661971830985
9;6 Imidogen;0.023943661971830985
10;7 Carbon Monoxide Ion;0.023943661971830985
11;9 Isocyanic Acid;0.023943661971830985
12;10 Formic Acid;0.023943661971830985
13;11 Amidogen;0.023943661971830985
14;12 Ethylene Glycol;0.023943661971830985
15;13 Methyliumylidene;0.023943661971830985
16;14 Cyanide Radical;0.023943661971830985
17;15 Carbonyl Sulfide;0.023943661971830985
18;16 Hydroxyl;0.023943661971830985
19;17 Nitric oxide;0.023943661971830985
20;18 Methyl Cyanide;0.023943661971830985
21;19 Cyclopropenylidene;0.023943661971830985
22;20 Sulfur Monoxide ion;0.023943661971830985
23;21 Methanol;0.023943661971830985
24;22 Thioformaldehyde;0.023943661971830985
25;23 Ammonia;0.023943661971830985
26;24 Cyanoacetylene;0.023943661971830985
27;25 Hydrogen Cyanide;0.023943661971830985
28;26 Hydrogen sulfide;0.023943661971830985
29;27 Molecular oxygen;0.023943661971830985
30;29 Formylium;0.023943661971830985
