1;11 Methyliumylidene;0.8799701789264415
2;0 Methylidyne;0.00521868787276342
3;1 Butyronitrile;0.00521868787276342
4;2 Formaldehyde;0.00521868787276342
5;3 Sulfur dioxide;0.00521868787276342
6;4 Carbon Monoxide;0.00521868787276342
7;5 Water;0.00521868787276342
8;6 Chloronium;0.00521868787276342
9;7 Imidogen;0.00521868787276342
10;8 Thioformylium;0.00521868787276342
11;9 Mercapto radical;0.00521868787276342
12;10 Methyl formate vt01;0.00521868787276342
13;12 Cyanide Radical;0.00521868787276342
14;13 Hydroxyl;0.00521868787276342
15;14 Nitric oxide;0.00521868787276342
16;15 Cyclopropenylidene;0.00521868787276342
17;16 Silicon Monoxide;0.00521868787276342
18;17 Hydrogen Cyanide;0.00521868787276342
19;18 Carbon Monosulfide;0.00521868787276342
20;19 Hydrogen sulfide;0.00521868787276342
21;20 Molecular oxygen;0.00521868787276342
22;21 Hydrogen Isocyanide;0.00521868787276342
23;22 Formylium;0.00521868787276342
24;23 Sulfoniumylidene;0.00521868787276342
