1;4 Carbon Monoxide;0.7464717741935484
2;7 Imidogen;0.015625
3;21 Hydrogen Isocyanide;0.015625
4;0 Methylidyne;0.01058467741935484
5;1 Butyronitrile;0.01058467741935484
6;2 Formaldehyde;0.01058467741935484
7;3 Sulfur dioxide;0.01058467741935484
8;5 Water;0.01058467741935484
9;6 Chloronium;0.01058467741935484
10;8 Thioformylium;0.01058467741935484
11;9 Mercapto radical;0.01058467741935484
12;10 Methyl formate vt01;0.01058467741935484
13;11 Methyliumylidene;0.01058467741935484
14;12 Cyanide Radical;0.01058467741935484
15;13 Hydroxyl;0.01058467741935484
16;14 Nitric oxide;0.01058467741935484
17;15 Cyclopropenylidene;0.01058467741935484
18;16 Silicon Monoxide;0.01058467741935484
19;17 Hydrogen Cyanide;0.01058467741935484
20;18 Carbon Monosulfide;0.01058467741935484
21;19 Hydrogen sulfide;0.01058467741935484
22;20 Molecular oxygen;0.01058467741935484
23;22 Formylium;0.01058467741935484
24;23 Sulfoniumylidene;0.01058467741935484
