1;21 Hydrogen Isocyanide;0.9436668999300211
2;0 Methylidyne;0.00244926522043387
3;1 Butyronitrile;0.00244926522043387
4;2 Formaldehyde;0.00244926522043387
5;3 Sulfur dioxide;0.00244926522043387
6;4 Carbon Monoxide;0.00244926522043387
7;5 Water;0.00244926522043387
8;6 Chloronium;0.00244926522043387
9;7 Imidogen;0.00244926522043387
10;8 Thioformylium;0.00244926522043387
11;9 Mercapto radical;0.00244926522043387
12;10 Methyl formate vt01;0.00244926522043387
13;11 Methyliumylidene;0.00244926522043387
14;12 Cyanide Radical;0.00244926522043387
15;13 Hydroxyl;0.00244926522043387
16;14 Nitric oxide;0.00244926522043387
17;15 Cyclopropenylidene;0.00244926522043387
18;16 Silicon Monoxide;0.00244926522043387
19;17 Hydrogen Cyanide;0.00244926522043387
20;18 Carbon Monosulfide;0.00244926522043387
21;19 Hydrogen sulfide;0.00244926522043387
22;20 Molecular oxygen;0.00244926522043387
23;22 Formylium;0.00244926522043387
24;23 Sulfoniumylidene;0.00244926522043387
