1;11 Methyliumylidene;0.9226731980405879
2;17 Hydrogen Cyanide;0.015278749708420808
3;21 Hydrogen Isocyanide;0.010613482621880102
4;0 Methylidyne;0.00244926522043387
5;1 Butyronitrile;0.00244926522043387
6;2 Formaldehyde;0.00244926522043387
7;3 Sulfur dioxide;0.00244926522043387
8;4 Carbon Monoxide;0.00244926522043387
9;5 Water;0.00244926522043387
10;6 Chloronium;0.00244926522043387
11;7 Imidogen;0.00244926522043387
12;8 Thioformylium;0.00244926522043387
13;9 Mercapto radical;0.00244926522043387
14;10 Methyl formate vt01;0.00244926522043387
15;12 Cyanide Radical;0.00244926522043387
16;13 Hydroxyl;0.00244926522043387
17;14 Nitric oxide;0.00244926522043387
18;15 Cyclopropenylidene;0.00244926522043387
19;16 Silicon Monoxide;0.00244926522043387
20;18 Carbon Monosulfide;0.00244926522043387
21;19 Hydrogen sulfide;0.00244926522043387
22;20 Molecular oxygen;0.00244926522043387
23;22 Formylium;0.00244926522043387
24;23 Sulfoniumylidene;0.00244926522043387
