1;34 Formylium;0.15309446254071662
2;30 Carbon Monosulfide;0.07166123778501629
3;0 Methylidyne;0.02280130293159609
4;1 1,3-Butadiynyl radical;0.02280130293159609
5;2 Formaldehyde;0.02280130293159609
6;3 Sulfur dioxide;0.02280130293159609
7;4 Carbon Monoxide;0.02280130293159609
8;5 Water;0.02280130293159609
9;6 Carbon Monoxide Ion;0.02280130293159609
10;7 Nitric sulfide;0.02280130293159609
11;8 Isocyanic Acid;0.02280130293159609
12;9 Methyliumylidene;0.02280130293159609
13;10 Cyanide Radical;0.02280130293159609
14;11 Ethynyl;0.02280130293159609
15;12 Carbonyl Sulfide;0.02280130293159609
16;13 Hydroxyl;0.02280130293159609
17;14 Diazenylium;0.02280130293159609
18;15 Thioxoethenylidene;0.02280130293159609
19;16 Nitric oxide;0.02280130293159609
20;17 Methyl Cyanide;0.02280130293159609
21;18 Cyclopropenylidene;0.02280130293159609
22;19 Methanimine;0.02280130293159609
23;20 Methanol;0.02280130293159609
24;21 Thioformaldehyde;0.02280130293159609
25;22 Ammonia;0.02280130293159609
26;23 Cyanamide;0.02280130293159609
27;24 Cyanoacetylene;0.02280130293159609
28;25 Sodium Chloride;0.02280130293159609
29;26 Silicon Monoxide;0.02280130293159609
30;27 Sulfur Monoxide;0.02280130293159609
31;28 Protonated Carbon Dioxide;0.02280130293159609
32;29 Hydrogen Cyanide;0.02280130293159609
33;31 Hydrogen sulfide;0.02280130293159609
34;32 Molecular oxygen;0.02280130293159609
35;33 Hydrogen Isocyanide;0.02280130293159609
36;35 Methyl Acetylene;0.02280130293159609
