1;7 Carbon Monoxide Ion;0.5336363636363637
2;21 Methanol;0.03363636363636364
3;0 Methylidyne;0.015454545454545453
4;1 Formaldehyde;0.015454545454545453
5;2 Sulfur dioxide;0.015454545454545453
6;3 Carbon Monoxide;0.015454545454545453
7;4 Acetaldehyde;0.015454545454545453
8;5 Water;0.015454545454545453
9;6 Imidogen;0.015454545454545453
10;8 Nitric sulfide;0.015454545454545453
11;9 Isocyanic Acid;0.015454545454545453
12;10 Formic Acid;0.015454545454545453
13;11 Amidogen;0.015454545454545453
14;12 Ethylene Glycol;0.015454545454545453
15;13 Methyliumylidene;0.015454545454545453
16;14 Cyanide Radical;0.015454545454545453
17;15 Carbonyl Sulfide;0.015454545454545453
18;16 Hydroxyl;0.015454545454545453
19;17 Nitric oxide;0.015454545454545453
20;18 Methyl Cyanide;0.015454545454545453
21;19 Cyclopropenylidene;0.015454545454545453
22;20 Sulfur Monoxide ion;0.015454545454545453
23;22 Thioformaldehyde;0.015454545454545453
24;23 Ammonia;0.015454545454545453
25;24 Cyanoacetylene;0.015454545454545453
26;25 Hydrogen Cyanide;0.015454545454545453
27;26 Hydrogen sulfide;0.015454545454545453
28;27 Molecular oxygen;0.015454545454545453
29;28 Hydrogen Isocyanide;0.015454545454545453
30;29 Formylium;0.015454545454545453
