1;13 Methyliumylidene;0.3336538461538462
2;27 Molecular oxygen;0.13173076923076923
3;28 Hydrogen Isocyanide;0.09326923076923076
4;0 Methylidyne;0.016346153846153847
5;1 Formaldehyde;0.016346153846153847
6;2 Sulfur dioxide;0.016346153846153847
7;3 Carbon Monoxide;0.016346153846153847
8;4 Acetaldehyde;0.016346153846153847
9;5 Water;0.016346153846153847
10;6 Imidogen;0.016346153846153847
11;7 Carbon Monoxide Ion;0.016346153846153847
12;8 Nitric sulfide;0.016346153846153847
13;9 Isocyanic Acid;0.016346153846153847
14;10 Formic Acid;0.016346153846153847
15;11 Amidogen;0.016346153846153847
16;12 Ethylene Glycol;0.016346153846153847
17;14 Cyanide Radical;0.016346153846153847
18;15 Carbonyl Sulfide;0.016346153846153847
19;16 Hydroxyl;0.016346153846153847
20;17 Nitric oxide;0.016346153846153847
21;18 Methyl Cyanide;0.016346153846153847
22;19 Cyclopropenylidene;0.016346153846153847
23;20 Sulfur Monoxide ion;0.016346153846153847
24;21 Methanol;0.016346153846153847
25;22 Thioformaldehyde;0.016346153846153847
26;23 Ammonia;0.016346153846153847
27;24 Cyanoacetylene;0.016346153846153847
28;25 Hydrogen Cyanide;0.016346153846153847
29;26 Hydrogen sulfide;0.016346153846153847
30;29 Formylium;0.016346153846153847
