1;16 Silicon Monoxide;0.5417457305502846
2;0 Methylidyne;0.019924098671726755
3;1 Butyronitrile;0.019924098671726755
4;2 Formaldehyde;0.019924098671726755
5;3 Sulfur dioxide;0.019924098671726755
6;4 Carbon Monoxide;0.019924098671726755
7;5 Water;0.019924098671726755
8;6 Chloronium;0.019924098671726755
9;7 Imidogen;0.019924098671726755
10;8 Thioformylium;0.019924098671726755
11;9 Mercapto radical;0.019924098671726755
12;10 Methyl formate vt01;0.019924098671726755
13;11 Methyliumylidene;0.019924098671726755
14;12 Cyanide Radical;0.019924098671726755
15;13 Hydroxyl;0.019924098671726755
16;14 Nitric oxide;0.019924098671726755
17;15 Cyclopropenylidene;0.019924098671726755
18;17 Hydrogen Cyanide;0.019924098671726755
19;18 Carbon Monosulfide;0.019924098671726755
20;19 Hydrogen sulfide;0.019924098671726755
21;20 Molecular oxygen;0.019924098671726755
22;21 Hydrogen Isocyanide;0.019924098671726755
23;22 Formylium;0.019924098671726755
24;23 Sulfoniumylidene;0.019924098671726755
