DMTau.CS_5-4.image;model_diffuse_clouds_tr_500it;1;11 Methyliumylidene;0.3328729281767956
DMTau.CS_5-4.image;model_diffuse_clouds_tr_500it;2;0 Methylidyne;0.029005524861878452
DMTau.CS_5-4.image;model_diffuse_clouds_tr_500it;3;1 Butyronitrile;0.029005524861878452
DMTau.CS_5-4.image;model_diffuse_clouds_tr_500it;4;2 Formaldehyde;0.029005524861878452
DMTau.CS_5-4.image;model_diffuse_clouds_tr_500it;5;3 Sulfur dioxide;0.029005524861878452
DMTau.CS_5-4.image;model_diffuse_clouds_2_500it;1;16 Silicon Monoxide;0.319060773480663
DMTau.CS_5-4.image;model_diffuse_clouds_2_500it;2;18 Carbon Monosulfide;0.042817679558011044
DMTau.CS_5-4.image;model_diffuse_clouds_2_500it;3;0 Methylidyne;0.029005524861878452
DMTau.CS_5-4.image;model_diffuse_clouds_2_500it;4;1 Butyronitrile;0.029005524861878452
DMTau.CS_5-4.image;model_diffuse_clouds_2_500it;5;2 Formaldehyde;0.029005524861878452
DMTau.CS_5-4.image;model_diffuse_clouds_full_500it;1;16 Silicon Monoxide;0.3328729281767956
DMTau.CS_5-4.image;model_diffuse_clouds_full_500it;2;0 Methylidyne;0.029005524861878452
DMTau.CS_5-4.image;model_diffuse_clouds_full_500it;3;1 Butyronitrile;0.029005524861878452
DMTau.CS_5-4.image;model_diffuse_clouds_full_500it;4;2 Formaldehyde;0.029005524861878452
DMTau.CS_5-4.image;model_diffuse_clouds_full_500it;5;3 Sulfur dioxide;0.029005524861878452
DMTau.CS_5-4.image;model_diffuse_clouds_full_expanded_00002_500it;1;18 Carbon Monosulfide;0.3328729281767956
DMTau.CS_5-4.image;model_diffuse_clouds_full_expanded_00002_500it;2;0 Methylidyne;0.029005524861878452
DMTau.CS_5-4.image;model_diffuse_clouds_full_expanded_00002_500it;3;1 Butyronitrile;0.029005524861878452
DMTau.CS_5-4.image;model_diffuse_clouds_full_expanded_00002_500it;4;2 Formaldehyde;0.029005524861878452
DMTau.CS_5-4.image;model_diffuse_clouds_full_expanded_00002_500it;5;3 Sulfur dioxide;0.029005524861878452
DMTau.CS_5-4.image;model_diffuse_clouds_full_expanded_00010_500it;1;18 Carbon Monosulfide;0.3328729281767956
DMTau.CS_5-4.image;model_diffuse_clouds_full_expanded_00010_500it;2;0 Methylidyne;0.029005524861878452
DMTau.CS_5-4.image;model_diffuse_clouds_full_expanded_00010_500it;3;1 Butyronitrile;0.029005524861878452
DMTau.CS_5-4.image;model_diffuse_clouds_full_expanded_00010_500it;4;2 Formaldehyde;0.029005524861878452
DMTau.CS_5-4.image;model_diffuse_clouds_full_expanded_00010_500it;5;3 Sulfur dioxide;0.029005524861878452
TWHydra_HCOplusline.image;model_diffuse_clouds_tr_500it;1;22 Formylium;0.3508064516129032
TWHydra_HCOplusline.image;model_diffuse_clouds_tr_500it;2;0 Methylidyne;0.028225806451612902
TWHydra_HCOplusline.image;model_diffuse_clouds_tr_500it;3;1 Butyronitrile;0.028225806451612902
TWHydra_HCOplusline.image;model_diffuse_clouds_tr_500it;4;2 Formaldehyde;0.028225806451612902
TWHydra_HCOplusline.image;model_diffuse_clouds_tr_500it;5;3 Sulfur dioxide;0.028225806451612902
TWHydra_HCOplusline.image;model_diffuse_clouds_2_500it;1;22 Formylium;0.3508064516129032
TWHydra_HCOplusline.image;model_diffuse_clouds_2_500it;2;0 Methylidyne;0.028225806451612902
TWHydra_HCOplusline.image;model_diffuse_clouds_2_500it;3;1 Butyronitrile;0.028225806451612902
TWHydra_HCOplusline.image;model_diffuse_clouds_2_500it;4;2 Formaldehyde;0.028225806451612902
TWHydra_HCOplusline.image;model_diffuse_clouds_2_500it;5;3 Sulfur dioxide;0.028225806451612902
TWHydra_HCOplusline.image;model_diffuse_clouds_full_500it;1;11 Methyliumylidene;0.2567204301075269
TWHydra_HCOplusline.image;model_diffuse_clouds_full_500it;2;23 Sulfoniumylidene;0.08198924731182794
TWHydra_HCOplusline.image;model_diffuse_clouds_full_500it;3;4 Carbon Monoxide;0.06854838709677419
TWHydra_HCOplusline.image;model_diffuse_clouds_full_500it;4;0 Methylidyne;0.028225806451612902
TWHydra_HCOplusline.image;model_diffuse_clouds_full_500it;5;1 Butyronitrile;0.028225806451612902
TWHydra_HCOplusline.image;model_diffuse_clouds_full_expanded_00002_500it;1;22 Formylium;0.31048387096774194
TWHydra_HCOplusline.image;model_diffuse_clouds_full_expanded_00002_500it;2;9 Mercapto radical;0.041666666666666664
TWHydra_HCOplusline.image;model_diffuse_clouds_full_expanded_00002_500it;3;12 Cyanide Radical;0.041666666666666664
TWHydra_HCOplusline.image;model_diffuse_clouds_full_expanded_00002_500it;4;17 Hydrogen Cyanide;0.041666666666666664
TWHydra_HCOplusline.image;model_diffuse_clouds_full_expanded_00002_500it;5;0 Methylidyne;0.028225806451612902
TWHydra_HCOplusline.image;model_diffuse_clouds_full_expanded_00010_500it;1;22 Formylium;0.2701612903225806
TWHydra_HCOplusline.image;model_diffuse_clouds_full_expanded_00010_500it;2;4 Carbon Monoxide;0.05510752688172042
TWHydra_HCOplusline.image;model_diffuse_clouds_full_expanded_00010_500it;3;6 Chloronium;0.05510752688172042
TWHydra_HCOplusline.image;model_diffuse_clouds_full_expanded_00010_500it;4;14 Nitric oxide;0.041666666666666664
TWHydra_HCOplusline.image;model_diffuse_clouds_full_expanded_00010_500it;5;17 Hydrogen Cyanide;0.041666666666666664
TWHydra_CO3_2line.image;model_diffuse_clouds_tr_500it;1;11 Methyliumylidene;0.39925373134328357
TWHydra_CO3_2line.image;model_diffuse_clouds_tr_500it;2;0 Methylidyne;0.026119402985074626
TWHydra_CO3_2line.image;model_diffuse_clouds_tr_500it;3;1 Butyronitrile;0.026119402985074626
TWHydra_CO3_2line.image;model_diffuse_clouds_tr_500it;4;2 Formaldehyde;0.026119402985074626
TWHydra_CO3_2line.image;model_diffuse_clouds_tr_500it;5;3 Sulfur dioxide;0.026119402985074626
TWHydra_CO3_2line.image;model_diffuse_clouds_2_500it;1;17 Hydrogen Cyanide;0.39925373134328357
TWHydra_CO3_2line.image;model_diffuse_clouds_2_500it;2;0 Methylidyne;0.026119402985074626
TWHydra_CO3_2line.image;model_diffuse_clouds_2_500it;3;1 Butyronitrile;0.026119402985074626
TWHydra_CO3_2line.image;model_diffuse_clouds_2_500it;4;2 Formaldehyde;0.026119402985074626
TWHydra_CO3_2line.image;model_diffuse_clouds_2_500it;5;3 Sulfur dioxide;0.026119402985074626
TWHydra_CO3_2line.image;model_diffuse_clouds_full_500it;1;11 Methyliumylidene;0.39925373134328357
TWHydra_CO3_2line.image;model_diffuse_clouds_full_500it;2;0 Methylidyne;0.026119402985074626
TWHydra_CO3_2line.image;model_diffuse_clouds_full_500it;3;1 Butyronitrile;0.026119402985074626
TWHydra_CO3_2line.image;model_diffuse_clouds_full_500it;4;2 Formaldehyde;0.026119402985074626
TWHydra_CO3_2line.image;model_diffuse_clouds_full_500it;5;3 Sulfur dioxide;0.026119402985074626
TWHydra_CO3_2line.image;model_diffuse_clouds_full_expanded_00002_500it;1;4 Carbon Monoxide;0.39925373134328357
TWHydra_CO3_2line.image;model_diffuse_clouds_full_expanded_00002_500it;2;0 Methylidyne;0.026119402985074626
TWHydra_CO3_2line.image;model_diffuse_clouds_full_expanded_00002_500it;3;1 Butyronitrile;0.026119402985074626
TWHydra_CO3_2line.image;model_diffuse_clouds_full_expanded_00002_500it;4;2 Formaldehyde;0.026119402985074626
TWHydra_CO3_2line.image;model_diffuse_clouds_full_expanded_00002_500it;5;3 Sulfur dioxide;0.026119402985074626
TWHydra_CO3_2line.image;model_diffuse_clouds_full_expanded_00010_500it;1;4 Carbon Monoxide;0.39925373134328357
TWHydra_CO3_2line.image;model_diffuse_clouds_full_expanded_00010_500it;2;0 Methylidyne;0.026119402985074626
TWHydra_CO3_2line.image;model_diffuse_clouds_full_expanded_00010_500it;3;1 Butyronitrile;0.026119402985074626
TWHydra_CO3_2line.image;model_diffuse_clouds_full_expanded_00010_500it;4;2 Formaldehyde;0.026119402985074626
TWHydra_CO3_2line.image;model_diffuse_clouds_full_expanded_00010_500it;5;3 Sulfur dioxide;0.026119402985074626
uid___A002_Xa916fc_X668__IRS43_HCO32.final.image.pbcor;model_diffuse_clouds_tr_500it;1;11 Methyliumylidene;0.8944031482291213
uid___A002_Xa916fc_X668__IRS43_HCO32.final.image.pbcor;model_diffuse_clouds_tr_500it;2;0 Methylidyne;0.004591167468299082
uid___A002_Xa916fc_X668__IRS43_HCO32.final.image.pbcor;model_diffuse_clouds_tr_500it;3;1 Butyronitrile;0.004591167468299082
uid___A002_Xa916fc_X668__IRS43_HCO32.final.image.pbcor;model_diffuse_clouds_tr_500it;4;2 Formaldehyde;0.004591167468299082
uid___A002_Xa916fc_X668__IRS43_HCO32.final.image.pbcor;model_diffuse_clouds_tr_500it;5;3 Sulfur dioxide;0.004591167468299082
uid___A002_Xa916fc_X668__IRS43_HCO32.final.image.pbcor;model_diffuse_clouds_2_500it;1;11 Methyliumylidene;0.8944031482291213
uid___A002_Xa916fc_X668__IRS43_HCO32.final.image.pbcor;model_diffuse_clouds_2_500it;2;0 Methylidyne;0.004591167468299082
uid___A002_Xa916fc_X668__IRS43_HCO32.final.image.pbcor;model_diffuse_clouds_2_500it;3;1 Butyronitrile;0.004591167468299082
uid___A002_Xa916fc_X668__IRS43_HCO32.final.image.pbcor;model_diffuse_clouds_2_500it;4;2 Formaldehyde;0.004591167468299082
uid___A002_Xa916fc_X668__IRS43_HCO32.final.image.pbcor;model_diffuse_clouds_2_500it;5;3 Sulfur dioxide;0.004591167468299082
uid___A002_Xa916fc_X668__IRS43_HCO32.final.image.pbcor;model_diffuse_clouds_full_500it;1;11 Methyliumylidene;0.8944031482291213
uid___A002_Xa916fc_X668__IRS43_HCO32.final.image.pbcor;model_diffuse_clouds_full_500it;2;0 Methylidyne;0.004591167468299082
uid___A002_Xa916fc_X668__IRS43_HCO32.final.image.pbcor;model_diffuse_clouds_full_500it;3;1 Butyronitrile;0.004591167468299082
uid___A002_Xa916fc_X668__IRS43_HCO32.final.image.pbcor;model_diffuse_clouds_full_500it;4;2 Formaldehyde;0.004591167468299082
uid___A002_Xa916fc_X668__IRS43_HCO32.final.image.pbcor;model_diffuse_clouds_full_500it;5;3 Sulfur dioxide;0.004591167468299082
uid___A002_Xa916fc_X668__IRS43_HCO32.final.image.pbcor;model_diffuse_clouds_full_expanded_00002_500it;1;4 Carbon Monoxide;0.8944031482291213
uid___A002_Xa916fc_X668__IRS43_HCO32.final.image.pbcor;model_diffuse_clouds_full_expanded_00002_500it;2;0 Methylidyne;0.004591167468299082
uid___A002_Xa916fc_X668__IRS43_HCO32.final.image.pbcor;model_diffuse_clouds_full_expanded_00002_500it;3;1 Butyronitrile;0.004591167468299082
uid___A002_Xa916fc_X668__IRS43_HCO32.final.image.pbcor;model_diffuse_clouds_full_expanded_00002_500it;4;2 Formaldehyde;0.004591167468299082
uid___A002_Xa916fc_X668__IRS43_HCO32.final.image.pbcor;model_diffuse_clouds_full_expanded_00002_500it;5;3 Sulfur dioxide;0.004591167468299082
uid___A002_Xa916fc_X668__IRS43_HCO32.final.image.pbcor;model_diffuse_clouds_full_expanded_00010_500it;1;18 Carbon Monosulfide;0.8944031482291213
uid___A002_Xa916fc_X668__IRS43_HCO32.final.image.pbcor;model_diffuse_clouds_full_expanded_00010_500it;2;0 Methylidyne;0.004591167468299082
uid___A002_Xa916fc_X668__IRS43_HCO32.final.image.pbcor;model_diffuse_clouds_full_expanded_00010_500it;3;1 Butyronitrile;0.004591167468299082
uid___A002_Xa916fc_X668__IRS43_HCO32.final.image.pbcor;model_diffuse_clouds_full_expanded_00010_500it;4;2 Formaldehyde;0.004591167468299082
uid___A002_Xa916fc_X668__IRS43_HCO32.final.image.pbcor;model_diffuse_clouds_full_expanded_00010_500it;5;3 Sulfur dioxide;0.004591167468299082
HD163296_CO_2_1.image;model_diffuse_clouds_tr_500it;1;16 Silicon Monoxide;0.5417457305502846
HD163296_CO_2_1.image;model_diffuse_clouds_tr_500it;2;0 Methylidyne;0.019924098671726755
HD163296_CO_2_1.image;model_diffuse_clouds_tr_500it;3;1 Butyronitrile;0.019924098671726755
HD163296_CO_2_1.image;model_diffuse_clouds_tr_500it;4;2 Formaldehyde;0.019924098671726755
HD163296_CO_2_1.image;model_diffuse_clouds_tr_500it;5;3 Sulfur dioxide;0.019924098671726755
HD163296_CO_2_1.image;model_diffuse_clouds_2_500it;1;22 Formylium;0.5417457305502846
HD163296_CO_2_1.image;model_diffuse_clouds_2_500it;2;0 Methylidyne;0.019924098671726755
HD163296_CO_2_1.image;model_diffuse_clouds_2_500it;3;1 Butyronitrile;0.019924098671726755
HD163296_CO_2_1.image;model_diffuse_clouds_2_500it;4;2 Formaldehyde;0.019924098671726755
HD163296_CO_2_1.image;model_diffuse_clouds_2_500it;5;3 Sulfur dioxide;0.019924098671726755
HD163296_CO_2_1.image;model_diffuse_clouds_full_500it;1;16 Silicon Monoxide;0.4468690702087286
HD163296_CO_2_1.image;model_diffuse_clouds_full_500it;2;11 Methyliumylidene;0.11480075901328272
HD163296_CO_2_1.image;model_diffuse_clouds_full_500it;3;0 Methylidyne;0.019924098671726755
HD163296_CO_2_1.image;model_diffuse_clouds_full_500it;4;1 Butyronitrile;0.019924098671726755
HD163296_CO_2_1.image;model_diffuse_clouds_full_500it;5;2 Formaldehyde;0.019924098671726755
HD163296_CO_2_1.image;model_diffuse_clouds_full_expanded_00002_500it;1;22 Formylium;0.5227703984819734
HD163296_CO_2_1.image;model_diffuse_clouds_full_expanded_00002_500it;2;10 Methyl formate vt01;0.029411764705882353
HD163296_CO_2_1.image;model_diffuse_clouds_full_expanded_00002_500it;3;13 Hydroxyl;0.029411764705882353
HD163296_CO_2_1.image;model_diffuse_clouds_full_expanded_00002_500it;4;0 Methylidyne;0.019924098671726755
HD163296_CO_2_1.image;model_diffuse_clouds_full_expanded_00002_500it;5;1 Butyronitrile;0.019924098671726755
HD163296_CO_2_1.image;model_diffuse_clouds_full_expanded_00010_500it;1;17 Hydrogen Cyanide;0.5227703984819734
HD163296_CO_2_1.image;model_diffuse_clouds_full_expanded_00010_500it;2;4 Carbon Monoxide;0.029411764705882353
HD163296_CO_2_1.image;model_diffuse_clouds_full_expanded_00010_500it;3;14 Nitric oxide;0.029411764705882353
HD163296_CO_2_1.image;model_diffuse_clouds_full_expanded_00010_500it;4;0 Methylidyne;0.019924098671726755
HD163296_CO_2_1.image;model_diffuse_clouds_full_expanded_00010_500it;5;1 Butyronitrile;0.019924098671726755
Orion.HNC.cbc.contsub.image;model_diffuse_clouds_tr_500it;1;11 Methyliumylidene;0.8370445344129556
Orion.HNC.cbc.contsub.image;model_diffuse_clouds_tr_500it;2;0 Methylidyne;0.007085020242914981
Orion.HNC.cbc.contsub.image;model_diffuse_clouds_tr_500it;3;1 Butyronitrile;0.007085020242914981
Orion.HNC.cbc.contsub.image;model_diffuse_clouds_tr_500it;4;2 Formaldehyde;0.007085020242914981
Orion.HNC.cbc.contsub.image;model_diffuse_clouds_tr_500it;5;3 Sulfur dioxide;0.007085020242914981
Orion.HNC.cbc.contsub.image;model_diffuse_clouds_2_500it;1;16 Silicon Monoxide;0.8370445344129556
Orion.HNC.cbc.contsub.image;model_diffuse_clouds_2_500it;2;0 Methylidyne;0.007085020242914981
Orion.HNC.cbc.contsub.image;model_diffuse_clouds_2_500it;3;1 Butyronitrile;0.007085020242914981
Orion.HNC.cbc.contsub.image;model_diffuse_clouds_2_500it;4;2 Formaldehyde;0.007085020242914981
Orion.HNC.cbc.contsub.image;model_diffuse_clouds_2_500it;5;3 Sulfur dioxide;0.007085020242914981
Orion.HNC.cbc.contsub.image;model_diffuse_clouds_full_500it;1;11 Methyliumylidene;0.7290823211875844
Orion.HNC.cbc.contsub.image;model_diffuse_clouds_full_500it;2;21 Hydrogen Isocyanide;0.10155195681511472
Orion.HNC.cbc.contsub.image;model_diffuse_clouds_full_500it;3;8 Thioformylium;0.02058029689608637
Orion.HNC.cbc.contsub.image;model_diffuse_clouds_full_500it;4;0 Methylidyne;0.007085020242914981
Orion.HNC.cbc.contsub.image;model_diffuse_clouds_full_500it;5;1 Butyronitrile;0.007085020242914981
Orion.HNC.cbc.contsub.image;model_diffuse_clouds_full_expanded_00002_500it;1;17 Hydrogen Cyanide;0.8370445344129556
Orion.HNC.cbc.contsub.image;model_diffuse_clouds_full_expanded_00002_500it;2;0 Methylidyne;0.007085020242914981
Orion.HNC.cbc.contsub.image;model_diffuse_clouds_full_expanded_00002_500it;3;1 Butyronitrile;0.007085020242914981
Orion.HNC.cbc.contsub.image;model_diffuse_clouds_full_expanded_00002_500it;4;2 Formaldehyde;0.007085020242914981
Orion.HNC.cbc.contsub.image;model_diffuse_clouds_full_expanded_00002_500it;5;3 Sulfur dioxide;0.007085020242914981
Orion.HNC.cbc.contsub.image;model_diffuse_clouds_full_expanded_00010_500it;1;4 Carbon Monoxide;0.8336707152496626
Orion.HNC.cbc.contsub.image;model_diffuse_clouds_full_expanded_00010_500it;2;16 Silicon Monoxide;0.010458839406207829
Orion.HNC.cbc.contsub.image;model_diffuse_clouds_full_expanded_00010_500it;3;0 Methylidyne;0.007085020242914981
Orion.HNC.cbc.contsub.image;model_diffuse_clouds_full_expanded_00010_500it;4;1 Butyronitrile;0.007085020242914981
Orion.HNC.cbc.contsub.image;model_diffuse_clouds_full_expanded_00010_500it;5;2 Formaldehyde;0.007085020242914981
