1;22 Formylium;0.2701612903225806
2;4 Carbon Monoxide;0.05510752688172042
3;6 Chloronium;0.05510752688172042
4;14 Nitric oxide;0.041666666666666664
5;17 Hydrogen Cyanide;0.041666666666666664
6;0 Methylidyne;0.028225806451612902
7;1 Butyronitrile;0.028225806451612902
8;2 Formaldehyde;0.028225806451612902
9;3 Sulfur dioxide;0.028225806451612902
10;5 Water;0.028225806451612902
11;7 Imidogen;0.028225806451612902
12;8 Thioformylium;0.028225806451612902
13;9 Mercapto radical;0.028225806451612902
14;10 Methyl formate vt01;0.028225806451612902
15;11 Methyliumylidene;0.028225806451612902
16;12 Cyanide Radical;0.028225806451612902
17;13 Hydroxyl;0.028225806451612902
18;15 Cyclopropenylidene;0.028225806451612902
19;16 Silicon Monoxide;0.028225806451612902
20;18 Carbon Monosulfide;0.028225806451612902
21;19 Hydrogen sulfide;0.028225806451612902
22;20 Molecular oxygen;0.028225806451612902
23;21 Hydrogen Isocyanide;0.028225806451612902
24;23 Sulfoniumylidene;0.028225806451612902
