1;11 Methyliumylidene;0.8944031482291213
2;0 Methylidyne;0.004591167468299082
3;1 Butyronitrile;0.004591167468299082
4;2 Formaldehyde;0.004591167468299082
5;3 Sulfur dioxide;0.004591167468299082
6;4 Carbon Monoxide;0.004591167468299082
7;5 Water;0.004591167468299082
8;6 Chloronium;0.004591167468299082
9;7 Imidogen;0.004591167468299082
10;8 Thioformylium;0.004591167468299082
11;9 Mercapto radical;0.004591167468299082
12;10 Methyl formate vt01;0.004591167468299082
13;12 Cyanide Radical;0.004591167468299082
14;13 Hydroxyl;0.004591167468299082
15;14 Nitric oxide;0.004591167468299082
16;15 Cyclopropenylidene;0.004591167468299082
17;16 Silicon Monoxide;0.004591167468299082
18;17 Hydrogen Cyanide;0.004591167468299082
19;18 Carbon Monosulfide;0.004591167468299082
20;19 Hydrogen sulfide;0.004591167468299082
21;20 Molecular oxygen;0.004591167468299082
22;21 Hydrogen Isocyanide;0.004591167468299082
23;22 Formylium;0.004591167468299082
24;23 Sulfoniumylidene;0.004591167468299082
