1;26 Silicon Monoxide;0.6606648199445984
2;0 Methylidyne;0.009695290858725761
3;1 1,3-Butadiynyl radical;0.009695290858725761
4;2 Formaldehyde;0.009695290858725761
5;3 Sulfur dioxide;0.009695290858725761
6;4 Carbon Monoxide;0.009695290858725761
7;5 Water;0.009695290858725761
8;6 Carbon Monoxide Ion;0.009695290858725761
9;7 Nitric sulfide;0.009695290858725761
10;8 Isocyanic Acid;0.009695290858725761
11;9 Methyliumylidene;0.009695290858725761
12;10 Cyanide Radical;0.009695290858725761
13;11 Ethynyl;0.009695290858725761
14;12 Carbonyl Sulfide;0.009695290858725761
15;13 Hydroxyl;0.009695290858725761
16;14 Diazenylium;0.009695290858725761
17;15 Thioxoethenylidene;0.009695290858725761
18;16 Nitric oxide;0.009695290858725761
19;17 Methyl Cyanide;0.009695290858725761
20;18 Cyclopropenylidene;0.009695290858725761
21;19 Methanimine;0.009695290858725761
22;20 Methanol;0.009695290858725761
23;21 Thioformaldehyde;0.009695290858725761
24;22 Ammonia;0.009695290858725761
25;23 Cyanamide;0.009695290858725761
26;24 Cyanoacetylene;0.009695290858725761
27;25 Sodium Chloride;0.009695290858725761
28;27 Sulfur Monoxide;0.009695290858725761
29;28 Protonated Carbon Dioxide;0.009695290858725761
30;29 Hydrogen Cyanide;0.009695290858725761
31;30 Carbon Monosulfide;0.009695290858725761
32;31 Hydrogen sulfide;0.009695290858725761
33;32 Molecular oxygen;0.009695290858725761
34;33 Hydrogen Isocyanide;0.009695290858725761
35;34 Formylium;0.009695290858725761
36;35 Methyl Acetylene;0.009695290858725761
