1;29 Hydrogen Cyanide;0.14383561643835618
2;10 Cyanide Radical;0.0410958904109589
3;0 Methylidyne;0.023972602739726026
4;1 1,3-Butadiynyl radical;0.023972602739726026
5;2 Formaldehyde;0.023972602739726026
6;3 Sulfur dioxide;0.023972602739726026
7;4 Carbon Monoxide;0.023972602739726026
8;5 Water;0.023972602739726026
9;6 Carbon Monoxide Ion;0.023972602739726026
10;7 Nitric sulfide;0.023972602739726026
11;8 Isocyanic Acid;0.023972602739726026
12;9 Methyliumylidene;0.023972602739726026
13;11 Ethynyl;0.023972602739726026
14;12 Carbonyl Sulfide;0.023972602739726026
15;13 Hydroxyl;0.023972602739726026
16;14 Diazenylium;0.023972602739726026
17;15 Thioxoethenylidene;0.023972602739726026
18;16 Nitric oxide;0.023972602739726026
19;17 Methyl Cyanide;0.023972602739726026
20;18 Cyclopropenylidene;0.023972602739726026
21;19 Methanimine;0.023972602739726026
22;20 Methanol;0.023972602739726026
23;21 Thioformaldehyde;0.023972602739726026
24;22 Ammonia;0.023972602739726026
25;23 Cyanamide;0.023972602739726026
26;24 Cyanoacetylene;0.023972602739726026
27;25 Sodium Chloride;0.023972602739726026
28;26 Silicon Monoxide;0.023972602739726026
29;27 Sulfur Monoxide;0.023972602739726026
30;28 Protonated Carbon Dioxide;0.023972602739726026
31;30 Carbon Monosulfide;0.023972602739726026
32;31 Hydrogen sulfide;0.023972602739726026
33;32 Molecular oxygen;0.023972602739726026
34;33 Hydrogen Isocyanide;0.023972602739726026
35;34 Formylium;0.023972602739726026
36;35 Methyl Acetylene;0.023972602739726026
