1;11 Ethynyl;0.2620481927710843
2;0 Methylidyne;0.02108433734939759
3;1 1,3-Butadiynyl radical;0.02108433734939759
4;2 Formaldehyde;0.02108433734939759
5;3 Sulfur dioxide;0.02108433734939759
6;4 Carbon Monoxide;0.02108433734939759
7;5 Water;0.02108433734939759
8;6 Carbon Monoxide Ion;0.02108433734939759
9;7 Nitric sulfide;0.02108433734939759
10;8 Isocyanic Acid;0.02108433734939759
11;9 Methyliumylidene;0.02108433734939759
12;10 Cyanide Radical;0.02108433734939759
13;12 Carbonyl Sulfide;0.02108433734939759
14;13 Hydroxyl;0.02108433734939759
15;14 Diazenylium;0.02108433734939759
16;15 Thioxoethenylidene;0.02108433734939759
17;16 Nitric oxide;0.02108433734939759
18;17 Methyl Cyanide;0.02108433734939759
19;18 Cyclopropenylidene;0.02108433734939759
20;19 Methanimine;0.02108433734939759
21;20 Methanol;0.02108433734939759
22;21 Thioformaldehyde;0.02108433734939759
23;22 Ammonia;0.02108433734939759
24;23 Cyanamide;0.02108433734939759
25;24 Cyanoacetylene;0.02108433734939759
26;25 Sodium Chloride;0.02108433734939759
27;26 Silicon Monoxide;0.02108433734939759
28;27 Sulfur Monoxide;0.02108433734939759
29;28 Protonated Carbon Dioxide;0.02108433734939759
30;29 Hydrogen Cyanide;0.02108433734939759
31;30 Carbon Monosulfide;0.02108433734939759
32;31 Hydrogen sulfide;0.02108433734939759
33;32 Molecular oxygen;0.02108433734939759
34;33 Hydrogen Isocyanide;0.02108433734939759
35;34 Formylium;0.02108433734939759
36;35 Methyl Acetylene;0.02108433734939759
