1;14 Diazenylium;0.5790378006872853
2;0 Methylidyne;0.012027491408934707
3;1 1,3-Butadiynyl radical;0.012027491408934707
4;2 Formaldehyde;0.012027491408934707
5;3 Sulfur dioxide;0.012027491408934707
6;4 Carbon Monoxide;0.012027491408934707
7;5 Water;0.012027491408934707
8;6 Carbon Monoxide Ion;0.012027491408934707
9;7 Nitric sulfide;0.012027491408934707
10;8 Isocyanic Acid;0.012027491408934707
11;9 Methyliumylidene;0.012027491408934707
12;10 Cyanide Radical;0.012027491408934707
13;11 Ethynyl;0.012027491408934707
14;12 Carbonyl Sulfide;0.012027491408934707
15;13 Hydroxyl;0.012027491408934707
16;15 Thioxoethenylidene;0.012027491408934707
17;16 Nitric oxide;0.012027491408934707
18;17 Methyl Cyanide;0.012027491408934707
19;18 Cyclopropenylidene;0.012027491408934707
20;19 Methanimine;0.012027491408934707
21;20 Methanol;0.012027491408934707
22;21 Thioformaldehyde;0.012027491408934707
23;22 Ammonia;0.012027491408934707
24;23 Cyanamide;0.012027491408934707
25;24 Cyanoacetylene;0.012027491408934707
26;25 Sodium Chloride;0.012027491408934707
27;26 Silicon Monoxide;0.012027491408934707
28;27 Sulfur Monoxide;0.012027491408934707
29;28 Protonated Carbon Dioxide;0.012027491408934707
30;29 Hydrogen Cyanide;0.012027491408934707
31;30 Carbon Monosulfide;0.012027491408934707
32;31 Hydrogen sulfide;0.012027491408934707
33;32 Molecular oxygen;0.012027491408934707
34;33 Hydrogen Isocyanide;0.012027491408934707
35;34 Formylium;0.012027491408934707
36;35 Methyl Acetylene;0.012027491408934707
