1;11 Cyanide Radical;0.7746741154562383
2;21 Methylamine;0.006517690875232774
3;76 Sulfur Monoxide ion;0.006517690875232774
4;0 Dimethyl ether;0.00186219739292365
5;1 Butatrienylidene;0.00186219739292365
6;2 Trihydrogen ion;0.00186219739292365
7;3 Nitrous Oxide;0.00186219739292365
8;4 Methyl Acetylene;0.00186219739292365
9;5 Ethylene Glycol;0.00186219739292365
10;6 Methyl Cyanide;0.00186219739292365
11;7 Thioformylium;0.00186219739292365
12;8 para-Oxidaniumyl;0.00186219739292365
13;9 Hydrogen Cyanide;0.00186219739292365
14;10 Titanium monoxide;0.00186219739292365
15;12 Formic Acid;0.00186219739292365
16;13 Nitric sulfide;0.00186219739292365
17;14 Iminomethylium;0.00186219739292365
18;15 Aluminum monoxide;0.00186219739292365
19;16 Methyl isocyanate;0.00186219739292365
20;17 Nitrosyl hydride;0.00186219739292365
21;18 Propynylidynium;0.00186219739292365
22;19 Magnesium Cyanide;0.00186219739292365
23;20 Diazenylium;0.00186219739292365
24;22 Chloronium;0.00186219739292365
25;23 Silicon monosulfide;0.00186219739292365
26;24 Phosphorus Monoxide;0.00186219739292365
27;25 Cyclopropenone;0.00186219739292365
28;26 Carbon Monoxide Ion;0.00186219739292365
29;27 Sodium Cyanide;0.00186219739292365
30;28 Nitric oxide;0.00186219739292365
31;29 Silicon Cyanide;0.00186219739292365
32;30 Ethyne Isocyanide;0.00186219739292365
33;31 Sodium Chloride;0.00186219739292365
34;32 Cyanoacetylene;0.00186219739292365
35;33 Sulfur Monoxide;0.00186219739292365
36;34 Aluminum Isocyanitrile;0.00186219739292365
37;35 Cyanobutadiyne;0.00186219739292365
38;36 Silicon Mononitride;0.00186219739292365
39;37 Carbon Monoxide;0.00186219739292365
40;38 Propadienylidene;0.00186219739292365
41;39 Methanimine;0.00186219739292365
42;40 Aluminum Monofluoride;0.00186219739292365
43;41 Formamide;0.00186219739292365
44;42 Aminoacetonitrile;0.00186219739292365
45;43 Ammonia;0.00186219739292365
46;44 gauche-Ethanol;0.00186219739292365
47;45 Protonate 2-proynenitrile;0.00186219739292365
48;46 Carbonyl Sulfide;0.00186219739292365
49;47 Thioxoethenylidene;0.00186219739292365
50;48 Ethyl cyanide;0.00186219739292365
51;49 Water;0.00186219739292365
52;50 Methyl Formate;0.00186219739292365
53;51 Acetaldehyde;0.00186219739292365
54;52 Ketenimine;0.00186219739292365
55;53 Propenal;0.00186219739292365
56;54 Methyl isocyanide;0.00186219739292365
57;55 iso-propyl cyanide;0.00186219739292365
58;56 Hydrogen cyanide;0.00186219739292365
59;57 Protonated Carbon Dioxide;0.00186219739292365
60;58 Methylidyne;0.00186219739292365
61;59 Ketene;0.00186219739292365
62;60 Silicon Monoxide;0.00186219739292365
63;61 Acetone;0.00186219739292365
64;62 Vinyl Cyanide;0.00186219739292365
65;63 Silicon monoxide (global fit);0.00186219739292365
66;64 Cyclopropenylidene;0.00186219739292365
67;65 Magnesium Isocyanide;0.00186219739292365
68;66 Cyanobutadiynylide anion;0.00186219739292365
69;67 Formaldehyde;0.00186219739292365
70;68 Carbon Monosulfide;0.00186219739292365
71;69 Fulminic acid;0.00186219739292365
72;70 trans-Ethanol;0.00186219739292365
73;71 Silicon Carbide;0.00186219739292365
74;72 Formylium;0.00186219739292365
75;73 Ethylene Oxide;0.00186219739292365
76;74 Sulfur dioxide;0.00186219739292365
77;75 Carbon Monophosphide;0.00186219739292365
78;77 Methanol;0.00186219739292365
79;78 Sulfur Dioxide;0.00186219739292365
80;79 Cyanoformaldehyde;0.00186219739292365
81;80 Isocyanic Acid;0.00186219739292365
82;81 Silicon Isocyanide;0.00186219739292365
83;82 Methylene amidogen;0.00186219739292365
84;83 Silicon Monocarbide;0.00186219739292365
85;84 Phosphaethyne;0.00186219739292365
86;85 Aluminum Monochloride;0.00186219739292365
87;86 Cyanoallene;0.00186219739292365
88;87 Methyl diacetylene;0.00186219739292365
89;88 Cyanomethylene;0.00186219739292365
90;89 Phosphapropynylidyne;0.00186219739292365
91;90 Cyanomethyl;0.00186219739292365
92;91 Hydrogen Isocyanide;0.00186219739292365
93;92 Hydrogen sulfide;0.00186219739292365
94;93 Hydroxyl;0.00186219739292365
95;94 Glycolaldehyde;0.00186219739292365
96;95 Cyanide anion;0.00186219739292365
97;96 2-Propynal;0.00186219739292365
98;97 Ethynyl;0.00186219739292365
99;98 Phosphorous nitride;0.00186219739292365
100;99 Magnesium hydride isocyanide;0.00186219739292365
101;100 Potassium chloride;0.00186219739292365
102;101 Silicon tetracarbide;0.00186219739292365
103;102 Ethyl Cyanide;0.00186219739292365
104;103 Cyanamide;0.00186219739292365
105;104 Amidogen;0.00186219739292365
106;105 Hydroxymethylidyne;0.00186219739292365
107;106 Formyl Radical;0.00186219739292365
108;107 Vinyl Alcohol;0.00186219739292365
109;108 ortho-Oxidaniumyl;0.00186219739292365
110;109 Cyanoethynylide ion;0.00186219739292365
111;110 Oxoethenylidene;0.00186219739292365
112;111 2-Butynenitrile;0.00186219739292365
113;112 Cyanoethynyl;0.00186219739292365
114;113 Hydroxymethylium ion;0.00186219739292365
115;114 Thioformaldehyde;0.00186219739292365
116;115 Isothiocyanic acid;0.00186219739292365
117;116 Cyanic acid;0.00186219739292365
