1;81 Silicon Isocyanide;0.22527472527472522
2;108 ortho-Oxidaniumyl;0.07417582417582418
3;19 Magnesium Cyanide;0.03296703296703296
4;30 Ethyne Isocyanide;0.019230769230769225
5;65 Magnesium Isocyanide;0.019230769230769225
6;89 Phosphapropynylidyne;0.019230769230769225
7;0 Dimethyl ether;0.005494505494505494
8;1 Butatrienylidene;0.005494505494505494
9;2 Trihydrogen ion;0.005494505494505494
10;3 Nitrous Oxide;0.005494505494505494
11;4 Methyl Acetylene;0.005494505494505494
12;5 Ethylene Glycol;0.005494505494505494
13;6 Methyl Cyanide;0.005494505494505494
14;7 Thioformylium;0.005494505494505494
15;8 para-Oxidaniumyl;0.005494505494505494
16;9 Hydrogen Cyanide;0.005494505494505494
17;10 Titanium monoxide;0.005494505494505494
18;11 Cyanide Radical;0.005494505494505494
19;12 Formic Acid;0.005494505494505494
20;13 Nitric sulfide;0.005494505494505494
21;14 Iminomethylium;0.005494505494505494
22;15 Aluminum monoxide;0.005494505494505494
23;16 Methyl isocyanate;0.005494505494505494
24;17 Nitrosyl hydride;0.005494505494505494
25;18 Propynylidynium;0.005494505494505494
26;20 Diazenylium;0.005494505494505494
27;21 Methylamine;0.005494505494505494
28;22 Chloronium;0.005494505494505494
29;23 Silicon monosulfide;0.005494505494505494
30;24 Phosphorus Monoxide;0.005494505494505494
31;25 Cyclopropenone;0.005494505494505494
32;26 Carbon Monoxide Ion;0.005494505494505494
33;27 Sodium Cyanide;0.005494505494505494
34;28 Nitric oxide;0.005494505494505494
35;29 Silicon Cyanide;0.005494505494505494
36;31 Sodium Chloride;0.005494505494505494
37;32 Cyanoacetylene;0.005494505494505494
38;33 Sulfur Monoxide;0.005494505494505494
39;34 Aluminum Isocyanitrile;0.005494505494505494
40;35 Cyanobutadiyne;0.005494505494505494
41;36 Silicon Mononitride;0.005494505494505494
42;37 Carbon Monoxide;0.005494505494505494
43;38 Propadienylidene;0.005494505494505494
44;39 Methanimine;0.005494505494505494
45;40 Aluminum Monofluoride;0.005494505494505494
46;41 Formamide;0.005494505494505494
47;42 Aminoacetonitrile;0.005494505494505494
48;43 Ammonia;0.005494505494505494
49;44 gauche-Ethanol;0.005494505494505494
50;45 Protonate 2-proynenitrile;0.005494505494505494
51;46 Carbonyl Sulfide;0.005494505494505494
52;47 Thioxoethenylidene;0.005494505494505494
53;48 Ethyl cyanide;0.005494505494505494
54;49 Water;0.005494505494505494
55;50 Methyl Formate;0.005494505494505494
56;51 Acetaldehyde;0.005494505494505494
57;52 Ketenimine;0.005494505494505494
58;53 Propenal;0.005494505494505494
59;54 Methyl isocyanide;0.005494505494505494
60;55 iso-propyl cyanide;0.005494505494505494
61;56 Hydrogen cyanide;0.005494505494505494
62;57 Protonated Carbon Dioxide;0.005494505494505494
63;58 Methylidyne;0.005494505494505494
64;59 Ketene;0.005494505494505494
65;60 Silicon Monoxide;0.005494505494505494
66;61 Acetone;0.005494505494505494
67;62 Vinyl Cyanide;0.005494505494505494
68;63 Silicon monoxide (global fit);0.005494505494505494
69;64 Cyclopropenylidene;0.005494505494505494
70;66 Cyanobutadiynylide anion;0.005494505494505494
71;67 Formaldehyde;0.005494505494505494
72;68 Carbon Monosulfide;0.005494505494505494
73;69 Fulminic acid;0.005494505494505494
74;70 trans-Ethanol;0.005494505494505494
75;71 Silicon Carbide;0.005494505494505494
76;72 Formylium;0.005494505494505494
77;73 Ethylene Oxide;0.005494505494505494
78;74 Sulfur dioxide;0.005494505494505494
79;75 Carbon Monophosphide;0.005494505494505494
80;76 Sulfur Monoxide ion;0.005494505494505494
81;77 Methanol;0.005494505494505494
82;78 Sulfur Dioxide;0.005494505494505494
83;79 Cyanoformaldehyde;0.005494505494505494
84;80 Isocyanic Acid;0.005494505494505494
85;82 Methylene amidogen;0.005494505494505494
86;83 Silicon Monocarbide;0.005494505494505494
87;84 Phosphaethyne;0.005494505494505494
88;85 Aluminum Monochloride;0.005494505494505494
89;86 Cyanoallene;0.005494505494505494
90;87 Methyl diacetylene;0.005494505494505494
91;88 Cyanomethylene;0.005494505494505494
92;90 Cyanomethyl;0.005494505494505494
93;91 Hydrogen Isocyanide;0.005494505494505494
94;92 Hydrogen sulfide;0.005494505494505494
95;93 Hydroxyl;0.005494505494505494
96;94 Glycolaldehyde;0.005494505494505494
97;95 Cyanide anion;0.005494505494505494
98;96 2-Propynal;0.005494505494505494
99;97 Ethynyl;0.005494505494505494
100;98 Phosphorous nitride;0.005494505494505494
101;99 Magnesium hydride isocyanide;0.005494505494505494
102;100 Potassium chloride;0.005494505494505494
103;101 Silicon tetracarbide;0.005494505494505494
104;102 Ethyl Cyanide;0.005494505494505494
105;103 Cyanamide;0.005494505494505494
106;104 Amidogen;0.005494505494505494
107;105 Hydroxymethylidyne;0.005494505494505494
108;106 Formyl Radical;0.005494505494505494
109;107 Vinyl Alcohol;0.005494505494505494
110;109 Cyanoethynylide ion;0.005494505494505494
111;110 Oxoethenylidene;0.005494505494505494
112;111 2-Butynenitrile;0.005494505494505494
113;112 Cyanoethynyl;0.005494505494505494
114;113 Hydroxymethylium ion;0.005494505494505494
115;114 Thioformaldehyde;0.005494505494505494
116;115 Isothiocyanic acid;0.005494505494505494
117;116 Cyanic acid;0.005494505494505494
