1;4 Carbon Monoxide;0.49896265560165975
2;0 Methylidyne;0.021784232365145227
3;1 Butyronitrile;0.021784232365145227
4;2 Formaldehyde;0.021784232365145227
5;3 Sulfur dioxide;0.021784232365145227
6;5 Water;0.021784232365145227
7;6 Chloronium;0.021784232365145227
8;7 Imidogen;0.021784232365145227
9;8 Thioformylium;0.021784232365145227
10;9 Mercapto radical;0.021784232365145227
11;10 Methyl formate vt01;0.021784232365145227
12;11 Methyliumylidene;0.021784232365145227
13;12 Cyanide Radical;0.021784232365145227
14;13 Hydroxyl;0.021784232365145227
15;14 Nitric oxide;0.021784232365145227
16;15 Cyclopropenylidene;0.021784232365145227
17;16 Silicon Monoxide;0.021784232365145227
18;17 Hydrogen Cyanide;0.021784232365145227
19;18 Carbon Monosulfide;0.021784232365145227
20;19 Hydrogen sulfide;0.021784232365145227
21;20 Molecular oxygen;0.021784232365145227
22;21 Hydrogen Isocyanide;0.021784232365145227
23;22 Formylium;0.021784232365145227
24;23 Sulfoniumylidene;0.021784232365145227
