1;11 Methyliumylidene;0.28551136363636365
2;8 Thioformylium;0.058238636363636354
3;0 Methylidyne;0.029829545454545452
4;1 Butyronitrile;0.029829545454545452
5;2 Formaldehyde;0.029829545454545452
6;3 Sulfur dioxide;0.029829545454545452
7;4 Carbon Monoxide;0.029829545454545452
8;5 Water;0.029829545454545452
9;6 Chloronium;0.029829545454545452
10;7 Imidogen;0.029829545454545452
11;9 Mercapto radical;0.029829545454545452
12;10 Methyl formate vt01;0.029829545454545452
13;12 Cyanide Radical;0.029829545454545452
14;13 Hydroxyl;0.029829545454545452
15;14 Nitric oxide;0.029829545454545452
16;15 Cyclopropenylidene;0.029829545454545452
17;16 Silicon Monoxide;0.029829545454545452
18;17 Hydrogen Cyanide;0.029829545454545452
19;18 Carbon Monosulfide;0.029829545454545452
20;19 Hydrogen sulfide;0.029829545454545452
21;20 Molecular oxygen;0.029829545454545452
22;21 Hydrogen Isocyanide;0.029829545454545452
23;22 Formylium;0.029829545454545452
24;23 Sulfoniumylidene;0.029829545454545452
