Orion.HNC.cbc.contsub.image;model_alma_band_6_tr_500it;1;22 Chloronium;0.7375565610859728
Orion.HNC.cbc.contsub.image;model_alma_band_6_tr_500it;2;0 Dimethyl ether;0.002262443438914027
Orion.HNC.cbc.contsub.image;model_alma_band_6_tr_500it;3;1 Butatrienylidene;0.002262443438914027
Orion.HNC.cbc.contsub.image;model_alma_band_6_tr_500it;4;2 Trihydrogen ion;0.002262443438914027
Orion.HNC.cbc.contsub.image;model_alma_band_6_tr_500it;5;3 Nitrous Oxide;0.002262443438914027
Orion.HNC.cbc.contsub.image;model_alma_band_6_2_500it;1;69 Fulminic acid;0.7319004524886877
Orion.HNC.cbc.contsub.image;model_alma_band_6_2_500it;2;91 Hydrogen Isocyanide;0.007918552036199095
Orion.HNC.cbc.contsub.image;model_alma_band_6_2_500it;3;0 Dimethyl ether;0.002262443438914027
Orion.HNC.cbc.contsub.image;model_alma_band_6_2_500it;4;1 Butatrienylidene;0.002262443438914027
Orion.HNC.cbc.contsub.image;model_alma_band_6_2_500it;5;2 Trihydrogen ion;0.002262443438914027
Orion.HNC.cbc.contsub.image;model_alma_band_6_full_500it;1;76 Sulfur Monoxide ion;0.5
Orion.HNC.cbc.contsub.image;model_alma_band_6_full_500it;2;83 Silicon Monocarbide;0.15497737556561084
Orion.HNC.cbc.contsub.image;model_alma_band_6_full_500it;3;8 para-Oxidaniumyl;0.053167420814479636
Orion.HNC.cbc.contsub.image;model_alma_band_6_full_500it;4;93 Hydroxyl;0.0248868778280543
Orion.HNC.cbc.contsub.image;model_alma_band_6_full_500it;5;71 Silicon Carbide;0.013574660633484162
Orion.HNC.cbc.contsub.image;model_alma_band_6_full_expanded_00002_500it;1;26 Carbon Monoxide Ion;0.7262443438914027
Orion.HNC.cbc.contsub.image;model_alma_band_6_full_expanded_00002_500it;2;80 Isocyanic Acid;0.007918552036199095
Orion.HNC.cbc.contsub.image;model_alma_band_6_full_expanded_00002_500it;3;94 Glycolaldehyde;0.007918552036199095
Orion.HNC.cbc.contsub.image;model_alma_band_6_full_expanded_00002_500it;4;0 Dimethyl ether;0.002262443438914027
Orion.HNC.cbc.contsub.image;model_alma_band_6_full_expanded_00002_500it;5;1 Butatrienylidene;0.002262443438914027
Orion.HNC.cbc.contsub.image;model_alma_band_6_full_expanded_00010_500it;1;63 Silicon monoxide (global fit);0.7262443438914027
Orion.HNC.cbc.contsub.image;model_alma_band_6_full_expanded_00010_500it;2;15 Aluminum monoxide;0.007918552036199095
Orion.HNC.cbc.contsub.image;model_alma_band_6_full_expanded_00010_500it;3;52 Ketenimine;0.007918552036199095
Orion.HNC.cbc.contsub.image;model_alma_band_6_full_expanded_00010_500it;4;0 Dimethyl ether;0.002262443438914027
Orion.HNC.cbc.contsub.image;model_alma_band_6_full_expanded_00010_500it;5;1 Butatrienylidene;0.002262443438914027
DMTau.CS_5-4.image;model_alma_band_6_tr_500it;1;17 Nitrosyl hydride;0.8054662379421221
DMTau.CS_5-4.image;model_alma_band_6_tr_500it;2;11 Cyanide Radical;0.00562700964630225
DMTau.CS_5-4.image;model_alma_band_6_tr_500it;3;66 Cyanobutadiynylide anion;0.00562700964630225
DMTau.CS_5-4.image;model_alma_band_6_tr_500it;4;0 Dimethyl ether;0.001607717041800643
DMTau.CS_5-4.image;model_alma_band_6_tr_500it;5;1 Butatrienylidene;0.001607717041800643
DMTau.CS_5-4.image;model_alma_band_6_2_500it;1;26 Carbon Monoxide Ion;0.8135048231511254
DMTau.CS_5-4.image;model_alma_band_6_2_500it;2;0 Dimethyl ether;0.001607717041800643
DMTau.CS_5-4.image;model_alma_band_6_2_500it;3;1 Butatrienylidene;0.001607717041800643
DMTau.CS_5-4.image;model_alma_band_6_2_500it;4;2 Trihydrogen ion;0.001607717041800643
DMTau.CS_5-4.image;model_alma_band_6_2_500it;5;3 Nitrous Oxide;0.001607717041800643
DMTau.CS_5-4.image;model_alma_band_6_full_500it;1;69 Fulminic acid;0.3954983922829582
DMTau.CS_5-4.image;model_alma_band_6_full_500it;2;57 Protonated Carbon Dioxide;0.17845659163987138
DMTau.CS_5-4.image;model_alma_band_6_full_500it;3;14 Iminomethylium;0.16639871382636653
DMTau.CS_5-4.image;model_alma_band_6_full_500it;4;76 Sulfur Monoxide ion;0.04180064308681672
DMTau.CS_5-4.image;model_alma_band_6_full_500it;5;26 Carbon Monoxide Ion;0.03778135048231511
DMTau.CS_5-4.image;model_alma_band_6_full_expanded_00002_500it;1;65 Magnesium Isocyanide;0.7773311897106109
DMTau.CS_5-4.image;model_alma_band_6_full_expanded_00002_500it;2;96 2-Propynal;0.013665594855305465
DMTau.CS_5-4.image;model_alma_band_6_full_expanded_00002_500it;3;31 Sodium Chloride;0.00562700964630225
DMTau.CS_5-4.image;model_alma_band_6_full_expanded_00002_500it;4;55 iso-propyl cyanide;0.00562700964630225
DMTau.CS_5-4.image;model_alma_band_6_full_expanded_00002_500it;5;58 Methylidyne;0.00562700964630225
DMTau.CS_5-4.image;model_alma_band_6_full_expanded_00010_500it;1;84 Phosphaethyne;0.7934083601286174
DMTau.CS_5-4.image;model_alma_band_6_full_expanded_00010_500it;2;96 2-Propynal;0.009646302250803858
DMTau.CS_5-4.image;model_alma_band_6_full_expanded_00010_500it;3;114 Thioformaldehyde;0.009646302250803858
DMTau.CS_5-4.image;model_alma_band_6_full_expanded_00010_500it;4;85 Aluminum Monochloride;0.00562700964630225
DMTau.CS_5-4.image;model_alma_band_6_full_expanded_00010_500it;5;0 Dimethyl ether;0.001607717041800643
Orion.methanol.cbc.contsub.image;model_alma_band_6_tr_500it;1;15 Aluminum monoxide;0.4947807933194154
Orion.methanol.cbc.contsub.image;model_alma_band_6_tr_500it;2;11 Cyanide Radical;0.014613778705636741
Orion.methanol.cbc.contsub.image;model_alma_band_6_tr_500it;3;51 Acetaldehyde;0.014613778705636741
Orion.methanol.cbc.contsub.image;model_alma_band_6_tr_500it;4;0 Dimethyl ether;0.0041753653444676405
Orion.methanol.cbc.contsub.image;model_alma_band_6_tr_500it;5;1 Butatrienylidene;0.0041753653444676405
Orion.methanol.cbc.contsub.image;model_alma_band_6_2_500it;1;105 Hydroxymethylidyne;0.5156576200417535
Orion.methanol.cbc.contsub.image;model_alma_band_6_2_500it;2;0 Dimethyl ether;0.0041753653444676405
Orion.methanol.cbc.contsub.image;model_alma_band_6_2_500it;3;1 Butatrienylidene;0.0041753653444676405
Orion.methanol.cbc.contsub.image;model_alma_band_6_2_500it;4;2 Trihydrogen ion;0.0041753653444676405
Orion.methanol.cbc.contsub.image;model_alma_band_6_2_500it;5;3 Nitrous Oxide;0.0041753653444676405
Orion.methanol.cbc.contsub.image;model_alma_band_6_full_500it;1;108 ortho-Oxidaniumyl;0.25469728601252606
Orion.methanol.cbc.contsub.image;model_alma_band_6_full_500it;2;99 Magnesium hydride isocyanide;0.16075156576200417
Orion.methanol.cbc.contsub.image;model_alma_band_6_full_500it;3;22 Chloronium;0.10855949895615866
Orion.methanol.cbc.contsub.image;model_alma_band_6_full_500it;4;0 Dimethyl ether;0.0041753653444676405
Orion.methanol.cbc.contsub.image;model_alma_band_6_full_500it;5;1 Butatrienylidene;0.0041753653444676405
Orion.methanol.cbc.contsub.image;model_alma_band_6_full_expanded_00002_500it;1;57 Protonated Carbon Dioxide;0.5156576200417535
Orion.methanol.cbc.contsub.image;model_alma_band_6_full_expanded_00002_500it;2;0 Dimethyl ether;0.0041753653444676405
Orion.methanol.cbc.contsub.image;model_alma_band_6_full_expanded_00002_500it;3;1 Butatrienylidene;0.0041753653444676405
Orion.methanol.cbc.contsub.image;model_alma_band_6_full_expanded_00002_500it;4;2 Trihydrogen ion;0.0041753653444676405
Orion.methanol.cbc.contsub.image;model_alma_band_6_full_expanded_00002_500it;5;3 Nitrous Oxide;0.0041753653444676405
Orion.methanol.cbc.contsub.image;model_alma_band_6_full_expanded_00010_500it;1;7 Thioformylium;0.4947807933194154
Orion.methanol.cbc.contsub.image;model_alma_band_6_full_expanded_00010_500it;2;50 Methyl Formate;0.014613778705636741
Orion.methanol.cbc.contsub.image;model_alma_band_6_full_expanded_00010_500it;3;113 Hydroxymethylium ion;0.014613778705636741
Orion.methanol.cbc.contsub.image;model_alma_band_6_full_expanded_00010_500it;4;0 Dimethyl ether;0.0041753653444676405
Orion.methanol.cbc.contsub.image;model_alma_band_6_full_expanded_00010_500it;5;1 Butatrienylidene;0.0041753653444676405
uid___A002_Xa916fc_X668__IRS43_HCO32.final.image.pbcor;model_alma_band_6_tr_500it;1;15 Aluminum monoxide;0.8171788810086682
uid___A002_Xa916fc_X668__IRS43_HCO32.final.image.pbcor;model_alma_band_6_tr_500it;2;0 Dimethyl ether;0.0015760441292356187
uid___A002_Xa916fc_X668__IRS43_HCO32.final.image.pbcor;model_alma_band_6_tr_500it;3;1 Butatrienylidene;0.0015760441292356187
uid___A002_Xa916fc_X668__IRS43_HCO32.final.image.pbcor;model_alma_band_6_tr_500it;4;2 Trihydrogen ion;0.0015760441292356187
uid___A002_Xa916fc_X668__IRS43_HCO32.final.image.pbcor;model_alma_band_6_tr_500it;5;3 Nitrous Oxide;0.0015760441292356187
uid___A002_Xa916fc_X668__IRS43_HCO32.final.image.pbcor;model_alma_band_6_2_500it;1;75 Carbon Monophosphide;0.8171788810086682
uid___A002_Xa916fc_X668__IRS43_HCO32.final.image.pbcor;model_alma_band_6_2_500it;2;0 Dimethyl ether;0.0015760441292356187
uid___A002_Xa916fc_X668__IRS43_HCO32.final.image.pbcor;model_alma_band_6_2_500it;3;1 Butatrienylidene;0.0015760441292356187
uid___A002_Xa916fc_X668__IRS43_HCO32.final.image.pbcor;model_alma_band_6_2_500it;4;2 Trihydrogen ion;0.0015760441292356187
uid___A002_Xa916fc_X668__IRS43_HCO32.final.image.pbcor;model_alma_band_6_2_500it;5;3 Nitrous Oxide;0.0015760441292356187
uid___A002_Xa916fc_X668__IRS43_HCO32.final.image.pbcor;model_alma_band_6_full_500it;1;98 Phosphorous nitride;0.3561859732072498
uid___A002_Xa916fc_X668__IRS43_HCO32.final.image.pbcor;model_alma_band_6_full_500it;2;60 Silicon Monoxide;0.2379826635145784
uid___A002_Xa916fc_X668__IRS43_HCO32.final.image.pbcor;model_alma_band_6_full_500it;3;65 Magnesium Isocyanide;0.13159968479117415
uid___A002_Xa916fc_X668__IRS43_HCO32.final.image.pbcor;model_alma_band_6_full_500it;4;72 Formylium;0.06067769897557131
uid___A002_Xa916fc_X668__IRS43_HCO32.final.image.pbcor;model_alma_band_6_full_500it;5;7 Thioformylium;0.037037037037037035
uid___A002_Xa916fc_X668__IRS43_HCO32.final.image.pbcor;model_alma_band_6_full_expanded_00002_500it;1;72 Formylium;0.8171788810086682
uid___A002_Xa916fc_X668__IRS43_HCO32.final.image.pbcor;model_alma_band_6_full_expanded_00002_500it;2;0 Dimethyl ether;0.0015760441292356187
uid___A002_Xa916fc_X668__IRS43_HCO32.final.image.pbcor;model_alma_band_6_full_expanded_00002_500it;3;1 Butatrienylidene;0.0015760441292356187
uid___A002_Xa916fc_X668__IRS43_HCO32.final.image.pbcor;model_alma_band_6_full_expanded_00002_500it;4;2 Trihydrogen ion;0.0015760441292356187
uid___A002_Xa916fc_X668__IRS43_HCO32.final.image.pbcor;model_alma_band_6_full_expanded_00002_500it;5;3 Nitrous Oxide;0.0015760441292356187
uid___A002_Xa916fc_X668__IRS43_HCO32.final.image.pbcor;model_alma_band_6_full_expanded_00010_500it;1;34 Aluminum Isocyanitrile;0.805358550039401
uid___A002_Xa916fc_X668__IRS43_HCO32.final.image.pbcor;model_alma_band_6_full_expanded_00010_500it;2;16 Methyl isocyanate;0.005516154452324664
uid___A002_Xa916fc_X668__IRS43_HCO32.final.image.pbcor;model_alma_band_6_full_expanded_00010_500it;3;20 Diazenylium;0.005516154452324664
uid___A002_Xa916fc_X668__IRS43_HCO32.final.image.pbcor;model_alma_band_6_full_expanded_00010_500it;4;72 Formylium;0.005516154452324664
uid___A002_Xa916fc_X668__IRS43_HCO32.final.image.pbcor;model_alma_band_6_full_expanded_00010_500it;5;0 Dimethyl ether;0.0015760441292356187
HD163296_CO_2_1.image;model_alma_band_6_tr_500it;1;40 Aluminum Monofluoride;0.4784482758620689
HD163296_CO_2_1.image;model_alma_band_6_tr_500it;2;53 Propenal;0.015086206896551721
HD163296_CO_2_1.image;model_alma_band_6_tr_500it;3;76 Sulfur Monoxide ion;0.015086206896551721
HD163296_CO_2_1.image;model_alma_band_6_tr_500it;4;0 Dimethyl ether;0.004310344827586207
HD163296_CO_2_1.image;model_alma_band_6_tr_500it;5;1 Butatrienylidene;0.004310344827586207
HD163296_CO_2_1.image;model_alma_band_6_2_500it;1;105 Hydroxymethylidyne;0.49999999999999994
HD163296_CO_2_1.image;model_alma_band_6_2_500it;2;0 Dimethyl ether;0.004310344827586207
HD163296_CO_2_1.image;model_alma_band_6_2_500it;3;1 Butatrienylidene;0.004310344827586207
HD163296_CO_2_1.image;model_alma_band_6_2_500it;4;2 Trihydrogen ion;0.004310344827586207
HD163296_CO_2_1.image;model_alma_band_6_2_500it;5;3 Nitrous Oxide;0.004310344827586207
HD163296_CO_2_1.image;model_alma_band_6_full_500it;1;76 Sulfur Monoxide ion;0.14439655172413793
HD163296_CO_2_1.image;model_alma_band_6_full_500it;2;37 Carbon Monoxide;0.10129310344827586
HD163296_CO_2_1.image;model_alma_band_6_full_500it;3;1 Butatrienylidene;0.07974137931034482
HD163296_CO_2_1.image;model_alma_band_6_full_500it;4;98 Phosphorous nitride;0.06896551724137931
HD163296_CO_2_1.image;model_alma_band_6_full_500it;5;108 ortho-Oxidaniumyl;0.06896551724137931
HD163296_CO_2_1.image;model_alma_band_6_full_expanded_00002_500it;1;75 Carbon Monophosphide;0.45689655172413784
HD163296_CO_2_1.image;model_alma_band_6_full_expanded_00002_500it;2;22 Chloronium;0.015086206896551721
HD163296_CO_2_1.image;model_alma_band_6_full_expanded_00002_500it;3;58 Methylidyne;0.015086206896551721
HD163296_CO_2_1.image;model_alma_band_6_full_expanded_00002_500it;4;64 Cyclopropenylidene;0.015086206896551721
HD163296_CO_2_1.image;model_alma_band_6_full_expanded_00002_500it;5;98 Phosphorous nitride;0.015086206896551721
HD163296_CO_2_1.image;model_alma_band_6_full_expanded_00010_500it;1;103 Cyanamide;0.46767241379310337
HD163296_CO_2_1.image;model_alma_band_6_full_expanded_00010_500it;2;26 Carbon Monoxide Ion;0.015086206896551721
HD163296_CO_2_1.image;model_alma_band_6_full_expanded_00010_500it;3;50 Methyl Formate;0.015086206896551721
HD163296_CO_2_1.image;model_alma_band_6_full_expanded_00010_500it;4;104 Amidogen;0.015086206896551721
HD163296_CO_2_1.image;model_alma_band_6_full_expanded_00010_500it;5;0 Dimethyl ether;0.004310344827586207
