1;72 Formylium;0.8171788810086682
2;0 Dimethyl ether;0.0015760441292356187
3;1 Butatrienylidene;0.0015760441292356187
4;2 Trihydrogen ion;0.0015760441292356187
5;3 Nitrous Oxide;0.0015760441292356187
6;4 Methyl Acetylene;0.0015760441292356187
7;5 Ethylene Glycol;0.0015760441292356187
8;6 Methyl Cyanide;0.0015760441292356187
9;7 Thioformylium;0.0015760441292356187
10;8 para-Oxidaniumyl;0.0015760441292356187
11;9 Hydrogen Cyanide;0.0015760441292356187
12;10 Titanium monoxide;0.0015760441292356187
13;11 Cyanide Radical;0.0015760441292356187
14;12 Formic Acid;0.0015760441292356187
15;13 Nitric sulfide;0.0015760441292356187
16;14 Iminomethylium;0.0015760441292356187
17;15 Aluminum monoxide;0.0015760441292356187
18;16 Methyl isocyanate;0.0015760441292356187
19;17 Nitrosyl hydride;0.0015760441292356187
20;18 Propynylidynium;0.0015760441292356187
21;19 Magnesium Cyanide;0.0015760441292356187
22;20 Diazenylium;0.0015760441292356187
23;21 Methylamine;0.0015760441292356187
24;22 Chloronium;0.0015760441292356187
25;23 Silicon monosulfide;0.0015760441292356187
26;24 Phosphorus Monoxide;0.0015760441292356187
27;25 Cyclopropenone;0.0015760441292356187
28;26 Carbon Monoxide Ion;0.0015760441292356187
29;27 Sodium Cyanide;0.0015760441292356187
30;28 Nitric oxide;0.0015760441292356187
31;29 Silicon Cyanide;0.0015760441292356187
32;30 Ethyne Isocyanide;0.0015760441292356187
33;31 Sodium Chloride;0.0015760441292356187
34;32 Cyanoacetylene;0.0015760441292356187
35;33 Sulfur Monoxide;0.0015760441292356187
36;34 Aluminum Isocyanitrile;0.0015760441292356187
37;35 Cyanobutadiyne;0.0015760441292356187
38;36 Silicon Mononitride;0.0015760441292356187
39;37 Carbon Monoxide;0.0015760441292356187
40;38 Propadienylidene;0.0015760441292356187
41;39 Methanimine;0.0015760441292356187
42;40 Aluminum Monofluoride;0.0015760441292356187
43;41 Formamide;0.0015760441292356187
44;42 Aminoacetonitrile;0.0015760441292356187
45;43 Ammonia;0.0015760441292356187
46;44 gauche-Ethanol;0.0015760441292356187
47;45 Protonate 2-proynenitrile;0.0015760441292356187
48;46 Carbonyl Sulfide;0.0015760441292356187
49;47 Thioxoethenylidene;0.0015760441292356187
50;48 Ethyl cyanide;0.0015760441292356187
51;49 Water;0.0015760441292356187
52;50 Methyl Formate;0.0015760441292356187
53;51 Acetaldehyde;0.0015760441292356187
54;52 Ketenimine;0.0015760441292356187
55;53 Propenal;0.0015760441292356187
56;54 Methyl isocyanide;0.0015760441292356187
57;55 iso-propyl cyanide;0.0015760441292356187
58;56 Hydrogen cyanide;0.0015760441292356187
59;57 Protonated Carbon Dioxide;0.0015760441292356187
60;58 Methylidyne;0.0015760441292356187
61;59 Ketene;0.0015760441292356187
62;60 Silicon Monoxide;0.0015760441292356187
63;61 Acetone;0.0015760441292356187
64;62 Vinyl Cyanide;0.0015760441292356187
65;63 Silicon monoxide (global fit);0.0015760441292356187
66;64 Cyclopropenylidene;0.0015760441292356187
67;65 Magnesium Isocyanide;0.0015760441292356187
68;66 Cyanobutadiynylide anion;0.0015760441292356187
69;67 Formaldehyde;0.0015760441292356187
70;68 Carbon Monosulfide;0.0015760441292356187
71;69 Fulminic acid;0.0015760441292356187
72;70 trans-Ethanol;0.0015760441292356187
73;71 Silicon Carbide;0.0015760441292356187
74;73 Ethylene Oxide;0.0015760441292356187
75;74 Sulfur dioxide;0.0015760441292356187
76;75 Carbon Monophosphide;0.0015760441292356187
77;76 Sulfur Monoxide ion;0.0015760441292356187
78;77 Methanol;0.0015760441292356187
79;78 Sulfur Dioxide;0.0015760441292356187
80;79 Cyanoformaldehyde;0.0015760441292356187
81;80 Isocyanic Acid;0.0015760441292356187
82;81 Silicon Isocyanide;0.0015760441292356187
83;82 Methylene amidogen;0.0015760441292356187
84;83 Silicon Monocarbide;0.0015760441292356187
85;84 Phosphaethyne;0.0015760441292356187
86;85 Aluminum Monochloride;0.0015760441292356187
87;86 Cyanoallene;0.0015760441292356187
88;87 Methyl diacetylene;0.0015760441292356187
89;88 Cyanomethylene;0.0015760441292356187
90;89 Phosphapropynylidyne;0.0015760441292356187
91;90 Cyanomethyl;0.0015760441292356187
92;91 Hydrogen Isocyanide;0.0015760441292356187
93;92 Hydrogen sulfide;0.0015760441292356187
94;93 Hydroxyl;0.0015760441292356187
95;94 Glycolaldehyde;0.0015760441292356187
96;95 Cyanide anion;0.0015760441292356187
97;96 2-Propynal;0.0015760441292356187
98;97 Ethynyl;0.0015760441292356187
99;98 Phosphorous nitride;0.0015760441292356187
100;99 Magnesium hydride isocyanide;0.0015760441292356187
101;100 Potassium chloride;0.0015760441292356187
102;101 Silicon tetracarbide;0.0015760441292356187
103;102 Ethyl Cyanide;0.0015760441292356187
104;103 Cyanamide;0.0015760441292356187
105;104 Amidogen;0.0015760441292356187
106;105 Hydroxymethylidyne;0.0015760441292356187
107;106 Formyl Radical;0.0015760441292356187
108;107 Vinyl Alcohol;0.0015760441292356187
109;108 ortho-Oxidaniumyl;0.0015760441292356187
110;109 Cyanoethynylide ion;0.0015760441292356187
111;110 Oxoethenylidene;0.0015760441292356187
112;111 2-Butynenitrile;0.0015760441292356187
113;112 Cyanoethynyl;0.0015760441292356187
114;113 Hydroxymethylium ion;0.0015760441292356187
115;114 Thioformaldehyde;0.0015760441292356187
116;115 Isothiocyanic acid;0.0015760441292356187
117;116 Cyanic acid;0.0015760441292356187
