1;30 Carbon Monosulfide;0.19871794871794873
2;35 Methyl Acetylene;0.038461538461538464
3;0 Methylidyne;0.022435897435897436
4;1 1,3-Butadiynyl radical;0.022435897435897436
5;2 Formaldehyde;0.022435897435897436
6;3 Sulfur dioxide;0.022435897435897436
7;4 Carbon Monoxide;0.022435897435897436
8;5 Water;0.022435897435897436
9;6 Carbon Monoxide Ion;0.022435897435897436
10;7 Nitric sulfide;0.022435897435897436
11;8 Isocyanic Acid;0.022435897435897436
12;9 Methyliumylidene;0.022435897435897436
13;10 Cyanide Radical;0.022435897435897436
14;11 Ethynyl;0.022435897435897436
15;12 Carbonyl Sulfide;0.022435897435897436
16;13 Hydroxyl;0.022435897435897436
17;14 Diazenylium;0.022435897435897436
18;15 Thioxoethenylidene;0.022435897435897436
19;16 Nitric oxide;0.022435897435897436
20;17 Methyl Cyanide;0.022435897435897436
21;18 Cyclopropenylidene;0.022435897435897436
22;19 Methanimine;0.022435897435897436
23;20 Methanol;0.022435897435897436
24;21 Thioformaldehyde;0.022435897435897436
25;22 Ammonia;0.022435897435897436
26;23 Cyanamide;0.022435897435897436
27;24 Cyanoacetylene;0.022435897435897436
28;25 Sodium Chloride;0.022435897435897436
29;26 Silicon Monoxide;0.022435897435897436
30;27 Sulfur Monoxide;0.022435897435897436
31;28 Protonated Carbon Dioxide;0.022435897435897436
32;29 Hydrogen Cyanide;0.022435897435897436
33;31 Hydrogen sulfide;0.022435897435897436
34;32 Molecular oxygen;0.022435897435897436
35;33 Hydrogen Isocyanide;0.022435897435897436
36;34 Formylium;0.022435897435897436
