1;33 Hydrogen Isocyanide;0.5812395309882747
2;9 Methyliumylidene;0.02010050251256281
3;0 Methylidyne;0.011725293132328308
4;1 1,3-Butadiynyl radical;0.011725293132328308
5;2 Formaldehyde;0.011725293132328308
6;3 Sulfur dioxide;0.011725293132328308
7;4 Carbon Monoxide;0.011725293132328308
8;5 Water;0.011725293132328308
9;6 Carbon Monoxide Ion;0.011725293132328308
10;7 Nitric sulfide;0.011725293132328308
11;8 Isocyanic Acid;0.011725293132328308
12;10 Cyanide Radical;0.011725293132328308
13;11 Ethynyl;0.011725293132328308
14;12 Carbonyl Sulfide;0.011725293132328308
15;13 Hydroxyl;0.011725293132328308
16;14 Diazenylium;0.011725293132328308
17;15 Thioxoethenylidene;0.011725293132328308
18;16 Nitric oxide;0.011725293132328308
19;17 Methyl Cyanide;0.011725293132328308
20;18 Cyclopropenylidene;0.011725293132328308
21;19 Methanimine;0.011725293132328308
22;20 Methanol;0.011725293132328308
23;21 Thioformaldehyde;0.011725293132328308
24;22 Ammonia;0.011725293132328308
25;23 Cyanamide;0.011725293132328308
26;24 Cyanoacetylene;0.011725293132328308
27;25 Sodium Chloride;0.011725293132328308
28;26 Silicon Monoxide;0.011725293132328308
29;27 Sulfur Monoxide;0.011725293132328308
30;28 Protonated Carbon Dioxide;0.011725293132328308
31;29 Hydrogen Cyanide;0.011725293132328308
32;30 Carbon Monosulfide;0.011725293132328308
33;31 Hydrogen sulfide;0.011725293132328308
34;32 Molecular oxygen;0.011725293132328308
35;34 Formylium;0.011725293132328308
36;35 Methyl Acetylene;0.011725293132328308
