1;57 Protonate 2-proynenitrile;0.6031496062992125
2;0 Isocyanic Acid;0.004724409448818898
3;1 Propenal;0.004724409448818898
4;2 Ketene;0.004724409448818898
5;3 Oxonium hydride;0.004724409448818898
6;4 Thioformylium;0.004724409448818898
7;5 Vinyl Cyanide;0.004724409448818898
8;6 Methyl Formate;0.004724409448818898
9;7 Hydroxyl;0.004724409448818898
10;8 Methyliumylidene;0.004724409448818898
11;9 Iminomethylium;0.004724409448818898
12;10 Hydroxymethylium ion;0.004724409448818898
13;11 2-Propynal;0.004724409448818898
14;12 Carbon Monosulfide;0.004724409448818898
15;13 Cyanomethyl;0.004724409448818898
16;14 Methyl Acetylene;0.004724409448818898
17;15 2-Butynenitrile;0.004724409448818898
18;16 Methyl formate vt01;0.004724409448818898
19;17 Ethyl Cyanide;0.004724409448818898
20;18 gauche-Ethanol;0.004724409448818898
21;19 Glycolaldehyde;0.004724409448818898
22;20 Water;0.004724409448818898
23;21 Hydrogen sulfide;0.004724409448818898
24;22 Sulfur Monoxide ion;0.004724409448818898
25;23 1,3-Butadiynyl radical;0.004724409448818898
26;24 Formylium;0.004724409448818898
27;25 Fulminic acid;0.004724409448818898
28;26 Trihydrogen ion;0.004724409448818898
29;27 Methanimine;0.004724409448818898
30;28 Nitrous Oxide;0.004724409448818898
31;29 Propadienylidene;0.004724409448818898
32;30 Ethylene Oxide;0.004724409448818898
33;31 Ketenimine;0.004724409448818898
34;32 2,4,6-Heptatriynenitrile;0.004724409448818898
35;33 Aminoacetonitrile;0.004724409448818898
36;34 Methanol;0.004724409448818898
37;35 Ammonia;0.004724409448818898
38;36 Formyl Radical;0.004724409448818898
39;37 Methyl Cyanide;0.004724409448818898
40;38 Molecular oxygen;0.004724409448818898
41;39 Cyclopropenone;0.004724409448818898
42;40 Carbonyl Sulfide;0.004724409448818898
43;41 Acetaldehyde;0.004724409448818898
44;42 Cyanomethylene;0.004724409448818898
45;43 3-Thioxo-1,2-Propadieylidene;0.004724409448818898
46;44 Formamide;0.004724409448818898
47;45 Cyanobutadiyne;0.004724409448818898
48;46 Sulfur Dioxide;0.004724409448818898
49;47 Methyl isocyanide;0.004724409448818898
50;48 Nitric sulfide;0.004724409448818898
51;49 Methylene;0.004724409448818898
52;50 Hydrochloric acid;0.004724409448818898
53;51 Ethyne Isocyanide;0.004724409448818898
54;52 Cyanide Radical;0.004724409448818898
55;53 Nitric oxide;0.004724409448818898
56;54 Cyanic acid;0.004724409448818898
57;55 Formaldehyde;0.004724409448818898
58;56 Sulfur Monoxide;0.004724409448818898
59;58 Ethynyl;0.004724409448818898
60;59 Ethylene Glycol;0.004724409448818898
61;60 Hydrogen Cyanide;0.004724409448818898
62;61 Fluoromethyliumylidene;0.004724409448818898
63;62 Methylidyne;0.004724409448818898
64;63 Thioxoethenylidene;0.004724409448818898
65;64 Cyanomethanimine;0.004724409448818898
66;65 Silicon Monoxide;0.004724409448818898
67;66 Dimethyl ether;0.004724409448818898
68;67 Acetone;0.004724409448818898
69;68 Carbon Monoxide;0.004724409448818898
70;69 Phosphorous nitride;0.004724409448818898
71;70 Thioformaldehyde;0.004724409448818898
72;71 Diazenylium;0.004724409448818898
73;72 Cyanoformaldehyde;0.004724409448818898
74;73 Isothiocyanic acid;0.004724409448818898
75;74 Vinyl Alcohol;0.004724409448818898
76;75 Hydrogen Isocyanide;0.004724409448818898
77;76 Carbon Monosulfide;0.004724409448818898
78;77 Methylamine;0.004724409448818898
79;78 Protonated Carbon Dioxide;0.004724409448818898
80;79 Formic Acid;0.004724409448818898
81;80 Cyclopropenylidene;0.004724409448818898
82;81 Cyanoacetylene;0.004724409448818898
83;82 para-Oxidaniumyl;0.004724409448818898
84;83 ortho-Oxidaniumyl;0.004724409448818898
85;84 Nitrosyl hydride;0.004724409448818898
