1;39 Cyclopropenone;0.03018867924528302
2;67 Acetone;0.03018867924528302
3;0 Isocyanic Acid;0.011320754716981131
4;1 Propenal;0.011320754716981131
5;2 Ketene;0.011320754716981131
6;3 Oxonium hydride;0.011320754716981131
7;4 Thioformylium;0.011320754716981131
8;5 Vinyl Cyanide;0.011320754716981131
9;6 Methyl Formate;0.011320754716981131
10;7 Hydroxyl;0.011320754716981131
11;8 Methyliumylidene;0.011320754716981131
12;9 Iminomethylium;0.011320754716981131
13;10 Hydroxymethylium ion;0.011320754716981131
14;11 2-Propynal;0.011320754716981131
15;12 Carbon Monosulfide;0.011320754716981131
16;13 Cyanomethyl;0.011320754716981131
17;14 Methyl Acetylene;0.011320754716981131
18;15 2-Butynenitrile;0.011320754716981131
19;16 Methyl formate vt01;0.011320754716981131
20;17 Ethyl Cyanide;0.011320754716981131
21;18 gauche-Ethanol;0.011320754716981131
22;19 Glycolaldehyde;0.011320754716981131
23;20 Water;0.011320754716981131
24;21 Hydrogen sulfide;0.011320754716981131
25;22 Sulfur Monoxide ion;0.011320754716981131
26;23 1,3-Butadiynyl radical;0.011320754716981131
27;24 Formylium;0.011320754716981131
28;25 Fulminic acid;0.011320754716981131
29;26 Trihydrogen ion;0.011320754716981131
30;27 Methanimine;0.011320754716981131
31;28 Nitrous Oxide;0.011320754716981131
32;29 Propadienylidene;0.011320754716981131
33;30 Ethylene Oxide;0.011320754716981131
34;31 Ketenimine;0.011320754716981131
35;32 2,4,6-Heptatriynenitrile;0.011320754716981131
36;33 Aminoacetonitrile;0.011320754716981131
37;34 Methanol;0.011320754716981131
38;35 Ammonia;0.011320754716981131
39;36 Formyl Radical;0.011320754716981131
40;37 Methyl Cyanide;0.011320754716981131
41;38 Molecular oxygen;0.011320754716981131
42;40 Carbonyl Sulfide;0.011320754716981131
43;41 Acetaldehyde;0.011320754716981131
44;42 Cyanomethylene;0.011320754716981131
45;43 3-Thioxo-1,2-Propadieylidene;0.011320754716981131
46;44 Formamide;0.011320754716981131
47;45 Cyanobutadiyne;0.011320754716981131
48;46 Sulfur Dioxide;0.011320754716981131
49;47 Methyl isocyanide;0.011320754716981131
50;48 Nitric sulfide;0.011320754716981131
51;49 Methylene;0.011320754716981131
52;50 Hydrochloric acid;0.011320754716981131
53;51 Ethyne Isocyanide;0.011320754716981131
54;52 Cyanide Radical;0.011320754716981131
55;53 Nitric oxide;0.011320754716981131
56;54 Cyanic acid;0.011320754716981131
57;55 Formaldehyde;0.011320754716981131
58;56 Sulfur Monoxide;0.011320754716981131
59;57 Protonate 2-proynenitrile;0.011320754716981131
60;58 Ethynyl;0.011320754716981131
61;59 Ethylene Glycol;0.011320754716981131
62;60 Hydrogen Cyanide;0.011320754716981131
63;61 Fluoromethyliumylidene;0.011320754716981131
64;62 Methylidyne;0.011320754716981131
65;63 Thioxoethenylidene;0.011320754716981131
66;64 Cyanomethanimine;0.011320754716981131
67;65 Silicon Monoxide;0.011320754716981131
68;66 Dimethyl ether;0.011320754716981131
69;68 Carbon Monoxide;0.011320754716981131
70;69 Phosphorous nitride;0.011320754716981131
71;70 Thioformaldehyde;0.011320754716981131
72;71 Diazenylium;0.011320754716981131
73;72 Cyanoformaldehyde;0.011320754716981131
74;73 Isothiocyanic acid;0.011320754716981131
75;74 Vinyl Alcohol;0.011320754716981131
76;75 Hydrogen Isocyanide;0.011320754716981131
77;76 Carbon Monosulfide;0.011320754716981131
78;77 Methylamine;0.011320754716981131
79;78 Protonated Carbon Dioxide;0.011320754716981131
80;79 Formic Acid;0.011320754716981131
81;80 Cyclopropenylidene;0.011320754716981131
82;81 Cyanoacetylene;0.011320754716981131
83;82 para-Oxidaniumyl;0.011320754716981131
84;83 ortho-Oxidaniumyl;0.011320754716981131
85;84 Nitrosyl hydride;0.011320754716981131
