1;39 Cyclopropenone;0.04814814814814815
2;26 Trihydrogen ion;0.02962962962962963
3;0 Isocyanic Acid;0.011111111111111112
4;1 Propenal;0.011111111111111112
5;2 Ketene;0.011111111111111112
6;3 Oxonium hydride;0.011111111111111112
7;4 Thioformylium;0.011111111111111112
8;5 Vinyl Cyanide;0.011111111111111112
9;6 Methyl Formate;0.011111111111111112
10;7 Hydroxyl;0.011111111111111112
11;8 Methyliumylidene;0.011111111111111112
12;9 Iminomethylium;0.011111111111111112
13;10 Hydroxymethylium ion;0.011111111111111112
14;11 2-Propynal;0.011111111111111112
15;12 Carbon Monosulfide;0.011111111111111112
16;13 Cyanomethyl;0.011111111111111112
17;14 Methyl Acetylene;0.011111111111111112
18;15 2-Butynenitrile;0.011111111111111112
19;16 Methyl formate vt01;0.011111111111111112
20;17 Ethyl Cyanide;0.011111111111111112
21;18 gauche-Ethanol;0.011111111111111112
22;19 Glycolaldehyde;0.011111111111111112
23;20 Water;0.011111111111111112
24;21 Hydrogen sulfide;0.011111111111111112
25;22 Sulfur Monoxide ion;0.011111111111111112
26;23 1,3-Butadiynyl radical;0.011111111111111112
27;24 Formylium;0.011111111111111112
28;25 Fulminic acid;0.011111111111111112
29;27 Methanimine;0.011111111111111112
30;28 Nitrous Oxide;0.011111111111111112
31;29 Propadienylidene;0.011111111111111112
32;30 Ethylene Oxide;0.011111111111111112
33;31 Ketenimine;0.011111111111111112
34;32 2,4,6-Heptatriynenitrile;0.011111111111111112
35;33 Aminoacetonitrile;0.011111111111111112
36;34 Methanol;0.011111111111111112
37;35 Ammonia;0.011111111111111112
38;36 Formyl Radical;0.011111111111111112
39;37 Methyl Cyanide;0.011111111111111112
40;38 Molecular oxygen;0.011111111111111112
41;40 Carbonyl Sulfide;0.011111111111111112
42;41 Acetaldehyde;0.011111111111111112
43;42 Cyanomethylene;0.011111111111111112
44;43 3-Thioxo-1,2-Propadieylidene;0.011111111111111112
45;44 Formamide;0.011111111111111112
46;45 Cyanobutadiyne;0.011111111111111112
47;46 Sulfur Dioxide;0.011111111111111112
48;47 Methyl isocyanide;0.011111111111111112
49;48 Nitric sulfide;0.011111111111111112
50;49 Methylene;0.011111111111111112
51;50 Hydrochloric acid;0.011111111111111112
52;51 Ethyne Isocyanide;0.011111111111111112
53;52 Cyanide Radical;0.011111111111111112
54;53 Nitric oxide;0.011111111111111112
55;54 Cyanic acid;0.011111111111111112
56;55 Formaldehyde;0.011111111111111112
57;56 Sulfur Monoxide;0.011111111111111112
58;57 Protonate 2-proynenitrile;0.011111111111111112
59;58 Ethynyl;0.011111111111111112
60;59 Ethylene Glycol;0.011111111111111112
61;60 Hydrogen Cyanide;0.011111111111111112
62;61 Fluoromethyliumylidene;0.011111111111111112
63;62 Methylidyne;0.011111111111111112
64;63 Thioxoethenylidene;0.011111111111111112
65;64 Cyanomethanimine;0.011111111111111112
66;65 Silicon Monoxide;0.011111111111111112
67;66 Dimethyl ether;0.011111111111111112
68;67 Acetone;0.011111111111111112
69;68 Carbon Monoxide;0.011111111111111112
70;69 Phosphorous nitride;0.011111111111111112
71;70 Thioformaldehyde;0.011111111111111112
72;71 Diazenylium;0.011111111111111112
73;72 Cyanoformaldehyde;0.011111111111111112
74;73 Isothiocyanic acid;0.011111111111111112
75;74 Vinyl Alcohol;0.011111111111111112
76;75 Hydrogen Isocyanide;0.011111111111111112
77;76 Carbon Monosulfide;0.011111111111111112
78;77 Methylamine;0.011111111111111112
79;78 Protonated Carbon Dioxide;0.011111111111111112
80;79 Formic Acid;0.011111111111111112
81;80 Cyclopropenylidene;0.011111111111111112
82;81 Cyanoacetylene;0.011111111111111112
83;82 para-Oxidaniumyl;0.011111111111111112
84;83 ortho-Oxidaniumyl;0.011111111111111112
85;84 Nitrosyl hydride;0.011111111111111112
