1;4 Thioformylium;0.09999999999999999
2;0 Isocyanic Acid;0.010714285714285714
3;1 Propenal;0.010714285714285714
4;2 Ketene;0.010714285714285714
5;3 Oxonium hydride;0.010714285714285714
6;5 Vinyl Cyanide;0.010714285714285714
7;6 Methyl Formate;0.010714285714285714
8;7 Hydroxyl;0.010714285714285714
9;8 Methyliumylidene;0.010714285714285714
10;9 Iminomethylium;0.010714285714285714
11;10 Hydroxymethylium ion;0.010714285714285714
12;11 2-Propynal;0.010714285714285714
13;12 Carbon Monosulfide;0.010714285714285714
14;13 Cyanomethyl;0.010714285714285714
15;14 Methyl Acetylene;0.010714285714285714
16;15 2-Butynenitrile;0.010714285714285714
17;16 Methyl formate vt01;0.010714285714285714
18;17 Ethyl Cyanide;0.010714285714285714
19;18 gauche-Ethanol;0.010714285714285714
20;19 Glycolaldehyde;0.010714285714285714
21;20 Water;0.010714285714285714
22;21 Hydrogen sulfide;0.010714285714285714
23;22 Sulfur Monoxide ion;0.010714285714285714
24;23 1,3-Butadiynyl radical;0.010714285714285714
25;24 Formylium;0.010714285714285714
26;25 Fulminic acid;0.010714285714285714
27;26 Trihydrogen ion;0.010714285714285714
28;27 Methanimine;0.010714285714285714
29;28 Nitrous Oxide;0.010714285714285714
30;29 Propadienylidene;0.010714285714285714
31;30 Ethylene Oxide;0.010714285714285714
32;31 Ketenimine;0.010714285714285714
33;32 2,4,6-Heptatriynenitrile;0.010714285714285714
34;33 Aminoacetonitrile;0.010714285714285714
35;34 Methanol;0.010714285714285714
36;35 Ammonia;0.010714285714285714
37;36 Formyl Radical;0.010714285714285714
38;37 Methyl Cyanide;0.010714285714285714
39;38 Molecular oxygen;0.010714285714285714
40;39 Cyclopropenone;0.010714285714285714
41;40 Carbonyl Sulfide;0.010714285714285714
42;41 Acetaldehyde;0.010714285714285714
43;42 Cyanomethylene;0.010714285714285714
44;43 3-Thioxo-1,2-Propadieylidene;0.010714285714285714
45;44 Formamide;0.010714285714285714
46;45 Cyanobutadiyne;0.010714285714285714
47;46 Sulfur Dioxide;0.010714285714285714
48;47 Methyl isocyanide;0.010714285714285714
49;48 Nitric sulfide;0.010714285714285714
50;49 Methylene;0.010714285714285714
51;50 Hydrochloric acid;0.010714285714285714
52;51 Ethyne Isocyanide;0.010714285714285714
53;52 Cyanide Radical;0.010714285714285714
54;53 Nitric oxide;0.010714285714285714
55;54 Cyanic acid;0.010714285714285714
56;55 Formaldehyde;0.010714285714285714
57;56 Sulfur Monoxide;0.010714285714285714
58;57 Protonate 2-proynenitrile;0.010714285714285714
59;58 Ethynyl;0.010714285714285714
60;59 Ethylene Glycol;0.010714285714285714
61;60 Hydrogen Cyanide;0.010714285714285714
62;61 Fluoromethyliumylidene;0.010714285714285714
63;62 Methylidyne;0.010714285714285714
64;63 Thioxoethenylidene;0.010714285714285714
65;64 Cyanomethanimine;0.010714285714285714
66;65 Silicon Monoxide;0.010714285714285714
67;66 Dimethyl ether;0.010714285714285714
68;67 Acetone;0.010714285714285714
69;68 Carbon Monoxide;0.010714285714285714
70;69 Phosphorous nitride;0.010714285714285714
71;70 Thioformaldehyde;0.010714285714285714
72;71 Diazenylium;0.010714285714285714
73;72 Cyanoformaldehyde;0.010714285714285714
74;73 Isothiocyanic acid;0.010714285714285714
75;74 Vinyl Alcohol;0.010714285714285714
76;75 Hydrogen Isocyanide;0.010714285714285714
77;76 Carbon Monosulfide;0.010714285714285714
78;77 Methylamine;0.010714285714285714
79;78 Protonated Carbon Dioxide;0.010714285714285714
80;79 Formic Acid;0.010714285714285714
81;80 Cyclopropenylidene;0.010714285714285714
82;81 Cyanoacetylene;0.010714285714285714
83;82 para-Oxidaniumyl;0.010714285714285714
84;83 ortho-Oxidaniumyl;0.010714285714285714
85;84 Nitrosyl hydride;0.010714285714285714
