1;24 Formylium;0.04905660377358491
2;0 Isocyanic Acid;0.011320754716981131
3;1 Propenal;0.011320754716981131
4;2 Ketene;0.011320754716981131
5;3 Oxonium hydride;0.011320754716981131
6;4 Thioformylium;0.011320754716981131
7;5 Vinyl Cyanide;0.011320754716981131
8;6 Methyl Formate;0.011320754716981131
9;7 Hydroxyl;0.011320754716981131
10;8 Methyliumylidene;0.011320754716981131
11;9 Iminomethylium;0.011320754716981131
12;10 Hydroxymethylium ion;0.011320754716981131
13;11 2-Propynal;0.011320754716981131
14;12 Carbon Monosulfide;0.011320754716981131
15;13 Cyanomethyl;0.011320754716981131
16;14 Methyl Acetylene;0.011320754716981131
17;15 2-Butynenitrile;0.011320754716981131
18;16 Methyl formate vt01;0.011320754716981131
19;17 Ethyl Cyanide;0.011320754716981131
20;18 gauche-Ethanol;0.011320754716981131
21;19 Glycolaldehyde;0.011320754716981131
22;20 Water;0.011320754716981131
23;21 Hydrogen sulfide;0.011320754716981131
24;22 Sulfur Monoxide ion;0.011320754716981131
25;23 1,3-Butadiynyl radical;0.011320754716981131
26;25 Fulminic acid;0.011320754716981131
27;26 Trihydrogen ion;0.011320754716981131
28;27 Methanimine;0.011320754716981131
29;28 Nitrous Oxide;0.011320754716981131
30;29 Propadienylidene;0.011320754716981131
31;30 Ethylene Oxide;0.011320754716981131
32;31 Ketenimine;0.011320754716981131
33;32 2,4,6-Heptatriynenitrile;0.011320754716981131
34;33 Aminoacetonitrile;0.011320754716981131
35;34 Methanol;0.011320754716981131
36;35 Ammonia;0.011320754716981131
37;36 Formyl Radical;0.011320754716981131
38;37 Methyl Cyanide;0.011320754716981131
39;38 Molecular oxygen;0.011320754716981131
40;39 Cyclopropenone;0.011320754716981131
41;40 Carbonyl Sulfide;0.011320754716981131
42;41 Acetaldehyde;0.011320754716981131
43;42 Cyanomethylene;0.011320754716981131
44;43 3-Thioxo-1,2-Propadieylidene;0.011320754716981131
45;44 Formamide;0.011320754716981131
46;45 Cyanobutadiyne;0.011320754716981131
47;46 Sulfur Dioxide;0.011320754716981131
48;47 Methyl isocyanide;0.011320754716981131
49;48 Nitric sulfide;0.011320754716981131
50;49 Methylene;0.011320754716981131
51;50 Hydrochloric acid;0.011320754716981131
52;51 Ethyne Isocyanide;0.011320754716981131
53;52 Cyanide Radical;0.011320754716981131
54;53 Nitric oxide;0.011320754716981131
55;54 Cyanic acid;0.011320754716981131
56;55 Formaldehyde;0.011320754716981131
57;56 Sulfur Monoxide;0.011320754716981131
58;57 Protonate 2-proynenitrile;0.011320754716981131
59;58 Ethynyl;0.011320754716981131
60;59 Ethylene Glycol;0.011320754716981131
61;60 Hydrogen Cyanide;0.011320754716981131
62;61 Fluoromethyliumylidene;0.011320754716981131
63;62 Methylidyne;0.011320754716981131
64;63 Thioxoethenylidene;0.011320754716981131
65;64 Cyanomethanimine;0.011320754716981131
66;65 Silicon Monoxide;0.011320754716981131
67;66 Dimethyl ether;0.011320754716981131
68;67 Acetone;0.011320754716981131
69;68 Carbon Monoxide;0.011320754716981131
70;69 Phosphorous nitride;0.011320754716981131
71;70 Thioformaldehyde;0.011320754716981131
72;71 Diazenylium;0.011320754716981131
73;72 Cyanoformaldehyde;0.011320754716981131
74;73 Isothiocyanic acid;0.011320754716981131
75;74 Vinyl Alcohol;0.011320754716981131
76;75 Hydrogen Isocyanide;0.011320754716981131
77;76 Carbon Monosulfide;0.011320754716981131
78;77 Methylamine;0.011320754716981131
79;78 Protonated Carbon Dioxide;0.011320754716981131
80;79 Formic Acid;0.011320754716981131
81;80 Cyclopropenylidene;0.011320754716981131
82;81 Cyanoacetylene;0.011320754716981131
83;82 para-Oxidaniumyl;0.011320754716981131
84;83 ortho-Oxidaniumyl;0.011320754716981131
85;84 Nitrosyl hydride;0.011320754716981131
