1;13 Molecular oxygen;0.4947916666666667
2;10 Nitrous Oxide;0.036458333333333336
3;0 Methanol;0.026041666666666668
4;1 Hydrogen fluoride;0.026041666666666668
5;2 Nitric oxide;0.026041666666666668
6;3 Formylium;0.026041666666666668
7;4 Sodium Chloride;0.026041666666666668
8;5 Sulfur dioxide;0.026041666666666668
9;6 para-Oxidaniumyl;0.026041666666666668
10;7 Sulfur Monoxide;0.026041666666666668
11;8 Butatrienylidene;0.026041666666666668
12;9 Carbon Monoxide;0.026041666666666668
13;11 Cyanoacetylene;0.026041666666666668
14;12 Carbonyl Sulfide;0.026041666666666668
15;14 ortho-Oxidaniumyl;0.026041666666666668
16;15 Water;0.026041666666666668
17;16 Iminomethylium;0.026041666666666668
18;17 Hydrochloric acid;0.026041666666666668
19;18 Acetylene;0.026041666666666668
20;19 Hydrogen Cyanide;0.026041666666666668
