1;0 Methanol;0.025380710659898477
2;1 Hydrogen fluoride;0.025380710659898477
3;2 Nitric oxide;0.025380710659898477
4;3 Formylium;0.025380710659898477
5;4 Sodium Chloride;0.025380710659898477
6;5 Sulfur dioxide;0.025380710659898477
7;6 para-Oxidaniumyl;0.025380710659898477
8;7 Sulfur Monoxide;0.025380710659898477
9;8 Butatrienylidene;0.025380710659898477
10;9 Carbon Monoxide;0.025380710659898477
11;10 Nitrous Oxide;0.025380710659898477
12;11 Cyanoacetylene;0.025380710659898477
13;12 Carbonyl Sulfide;0.025380710659898477
14;13 Molecular oxygen;0.025380710659898477
15;14 ortho-Oxidaniumyl;0.025380710659898477
16;15 Water;0.025380710659898477
17;16 Iminomethylium;0.025380710659898477
18;17 Hydrochloric acid;0.025380710659898477
19;18 Acetylene;0.025380710659898477
20;19 Hydrogen Cyanide;0.025380710659898477
