1;1 Hydrogen fluoride;0.51010101010101
2;12 Carbonyl Sulfide;0.03535353535353535
3;0 Methanol;0.025252525252525252
4;2 Nitric oxide;0.025252525252525252
5;3 Formylium;0.025252525252525252
6;4 Sodium Chloride;0.025252525252525252
7;5 Sulfur dioxide;0.025252525252525252
8;6 para-Oxidaniumyl;0.025252525252525252
9;7 Sulfur Monoxide;0.025252525252525252
10;8 Butatrienylidene;0.025252525252525252
11;9 Carbon Monoxide;0.025252525252525252
12;10 Nitrous Oxide;0.025252525252525252
13;11 Cyanoacetylene;0.025252525252525252
14;13 Molecular oxygen;0.025252525252525252
15;14 ortho-Oxidaniumyl;0.025252525252525252
16;15 Water;0.025252525252525252
17;16 Iminomethylium;0.025252525252525252
18;17 Hydrochloric acid;0.025252525252525252
19;18 Acetylene;0.025252525252525252
20;19 Hydrogen Cyanide;0.025252525252525252
