uid___A002_Xa916fc_X668__IRS43_HCO32.final.image.pbcor;model_planetary_tr_500it;1;0 Methanol;0.009633911368015413
uid___A002_Xa916fc_X668__IRS43_HCO32.final.image.pbcor;model_planetary_tr_500it;2;1 Hydrogen fluoride;0.009633911368015413
uid___A002_Xa916fc_X668__IRS43_HCO32.final.image.pbcor;model_planetary_tr_500it;3;2 Nitric oxide;0.009633911368015413
uid___A002_Xa916fc_X668__IRS43_HCO32.final.image.pbcor;model_planetary_tr_500it;4;3 Formylium;0.009633911368015413
uid___A002_Xa916fc_X668__IRS43_HCO32.final.image.pbcor;model_planetary_tr_500it;5;4 Sodium Chloride;0.009633911368015413
uid___A002_Xa916fc_X668__IRS43_HCO32.final.image.pbcor;model_planetary_2_500it;1;0 Methanol;0.009633911368015413
uid___A002_Xa916fc_X668__IRS43_HCO32.final.image.pbcor;model_planetary_2_500it;2;1 Hydrogen fluoride;0.009633911368015413
uid___A002_Xa916fc_X668__IRS43_HCO32.final.image.pbcor;model_planetary_2_500it;3;2 Nitric oxide;0.009633911368015413
uid___A002_Xa916fc_X668__IRS43_HCO32.final.image.pbcor;model_planetary_2_500it;4;3 Formylium;0.009633911368015413
uid___A002_Xa916fc_X668__IRS43_HCO32.final.image.pbcor;model_planetary_2_500it;5;4 Sodium Chloride;0.009633911368015413
uid___A002_Xa916fc_X668__IRS43_HCO32.final.image.pbcor;model_planetary_full_500it;1;0 Methanol;0.009633911368015413
uid___A002_Xa916fc_X668__IRS43_HCO32.final.image.pbcor;model_planetary_full_500it;2;1 Hydrogen fluoride;0.009633911368015413
uid___A002_Xa916fc_X668__IRS43_HCO32.final.image.pbcor;model_planetary_full_500it;3;2 Nitric oxide;0.009633911368015413
uid___A002_Xa916fc_X668__IRS43_HCO32.final.image.pbcor;model_planetary_full_500it;4;3 Formylium;0.009633911368015413
uid___A002_Xa916fc_X668__IRS43_HCO32.final.image.pbcor;model_planetary_full_500it;5;4 Sodium Chloride;0.009633911368015413
uid___A002_Xa916fc_X668__IRS43_HCO32.final.image.pbcor;model_planetary_full_expanded_00002_500it;1;18 Acetylene;0.8151750972762646
uid___A002_Xa916fc_X668__IRS43_HCO32.final.image.pbcor;model_planetary_full_expanded_00002_500it;2;0 Methanol;0.009727626459143969
uid___A002_Xa916fc_X668__IRS43_HCO32.final.image.pbcor;model_planetary_full_expanded_00002_500it;3;1 Hydrogen fluoride;0.009727626459143969
uid___A002_Xa916fc_X668__IRS43_HCO32.final.image.pbcor;model_planetary_full_expanded_00002_500it;4;2 Nitric oxide;0.009727626459143969
uid___A002_Xa916fc_X668__IRS43_HCO32.final.image.pbcor;model_planetary_full_expanded_00002_500it;5;3 Formylium;0.009727626459143969
uid___A002_Xa916fc_X668__IRS43_HCO32.final.image.pbcor;model_planetary_full_expanded_00010_500it;1;3 Formylium;0.8073929961089494
uid___A002_Xa916fc_X668__IRS43_HCO32.final.image.pbcor;model_planetary_full_expanded_00010_500it;2;11 Cyanoacetylene;0.017509727626459144
uid___A002_Xa916fc_X668__IRS43_HCO32.final.image.pbcor;model_planetary_full_expanded_00010_500it;3;0 Methanol;0.009727626459143969
uid___A002_Xa916fc_X668__IRS43_HCO32.final.image.pbcor;model_planetary_full_expanded_00010_500it;4;1 Hydrogen fluoride;0.009727626459143969
uid___A002_Xa916fc_X668__IRS43_HCO32.final.image.pbcor;model_planetary_full_expanded_00010_500it;5;2 Nitric oxide;0.009727626459143969
TWHydra_CO3_2line.image;model_planetary_tr_500it;1;0 Methanol;0.032679738562091505
TWHydra_CO3_2line.image;model_planetary_tr_500it;2;1 Hydrogen fluoride;0.032679738562091505
TWHydra_CO3_2line.image;model_planetary_tr_500it;3;2 Nitric oxide;0.032679738562091505
TWHydra_CO3_2line.image;model_planetary_tr_500it;4;3 Formylium;0.032679738562091505
TWHydra_CO3_2line.image;model_planetary_tr_500it;5;4 Sodium Chloride;0.032679738562091505
TWHydra_CO3_2line.image;model_planetary_2_500it;1;1 Hydrogen fluoride;0.3464052287581699
TWHydra_CO3_2line.image;model_planetary_2_500it;2;0 Methanol;0.032679738562091505
TWHydra_CO3_2line.image;model_planetary_2_500it;3;2 Nitric oxide;0.032679738562091505
TWHydra_CO3_2line.image;model_planetary_2_500it;4;3 Formylium;0.032679738562091505
TWHydra_CO3_2line.image;model_planetary_2_500it;5;4 Sodium Chloride;0.032679738562091505
TWHydra_CO3_2line.image;model_planetary_full_500it;1;1 Hydrogen fluoride;0.3464052287581699
TWHydra_CO3_2line.image;model_planetary_full_500it;2;0 Methanol;0.032679738562091505
TWHydra_CO3_2line.image;model_planetary_full_500it;3;2 Nitric oxide;0.032679738562091505
TWHydra_CO3_2line.image;model_planetary_full_500it;4;3 Formylium;0.032679738562091505
TWHydra_CO3_2line.image;model_planetary_full_500it;5;4 Sodium Chloride;0.032679738562091505
TWHydra_CO3_2line.image;model_planetary_full_expanded_00002_500it;1;9 Carbon Monoxide;0.3581081081081081
TWHydra_CO3_2line.image;model_planetary_full_expanded_00002_500it;2;0 Methanol;0.033783783783783786
TWHydra_CO3_2line.image;model_planetary_full_expanded_00002_500it;3;1 Hydrogen fluoride;0.033783783783783786
TWHydra_CO3_2line.image;model_planetary_full_expanded_00002_500it;4;2 Nitric oxide;0.033783783783783786
TWHydra_CO3_2line.image;model_planetary_full_expanded_00002_500it;5;3 Formylium;0.033783783783783786
TWHydra_CO3_2line.image;model_planetary_full_expanded_00010_500it;1;9 Carbon Monoxide;0.3581081081081081
TWHydra_CO3_2line.image;model_planetary_full_expanded_00010_500it;2;0 Methanol;0.033783783783783786
TWHydra_CO3_2line.image;model_planetary_full_expanded_00010_500it;3;1 Hydrogen fluoride;0.033783783783783786
TWHydra_CO3_2line.image;model_planetary_full_expanded_00010_500it;4;2 Nitric oxide;0.033783783783783786
TWHydra_CO3_2line.image;model_planetary_full_expanded_00010_500it;5;3 Formylium;0.033783783783783786
Orion.methanol.cbc.contsub.image;model_planetary_tr_500it;1;0 Methanol;0.024630541871921183
Orion.methanol.cbc.contsub.image;model_planetary_tr_500it;2;1 Hydrogen fluoride;0.024630541871921183
Orion.methanol.cbc.contsub.image;model_planetary_tr_500it;3;2 Nitric oxide;0.024630541871921183
Orion.methanol.cbc.contsub.image;model_planetary_tr_500it;4;3 Formylium;0.024630541871921183
Orion.methanol.cbc.contsub.image;model_planetary_tr_500it;5;4 Sodium Chloride;0.024630541871921183
Orion.methanol.cbc.contsub.image;model_planetary_2_500it;1;1 Hydrogen fluoride;0.5073891625615764
Orion.methanol.cbc.contsub.image;model_planetary_2_500it;2;0 Methanol;0.024630541871921183
Orion.methanol.cbc.contsub.image;model_planetary_2_500it;3;2 Nitric oxide;0.024630541871921183
Orion.methanol.cbc.contsub.image;model_planetary_2_500it;4;3 Formylium;0.024630541871921183
Orion.methanol.cbc.contsub.image;model_planetary_2_500it;5;4 Sodium Chloride;0.024630541871921183
Orion.methanol.cbc.contsub.image;model_planetary_full_500it;1;0 Methanol;0.024630541871921183
Orion.methanol.cbc.contsub.image;model_planetary_full_500it;2;1 Hydrogen fluoride;0.024630541871921183
Orion.methanol.cbc.contsub.image;model_planetary_full_500it;3;2 Nitric oxide;0.024630541871921183
Orion.methanol.cbc.contsub.image;model_planetary_full_500it;4;3 Formylium;0.024630541871921183
Orion.methanol.cbc.contsub.image;model_planetary_full_500it;5;4 Sodium Chloride;0.024630541871921183
Orion.methanol.cbc.contsub.image;model_planetary_full_expanded_00002_500it;1;1 Hydrogen fluoride;0.51010101010101
Orion.methanol.cbc.contsub.image;model_planetary_full_expanded_00002_500it;2;12 Carbonyl Sulfide;0.03535353535353535
Orion.methanol.cbc.contsub.image;model_planetary_full_expanded_00002_500it;3;0 Methanol;0.025252525252525252
Orion.methanol.cbc.contsub.image;model_planetary_full_expanded_00002_500it;4;2 Nitric oxide;0.025252525252525252
Orion.methanol.cbc.contsub.image;model_planetary_full_expanded_00002_500it;5;3 Formylium;0.025252525252525252
Orion.methanol.cbc.contsub.image;model_planetary_full_expanded_00010_500it;1;17 Hydrochloric acid;0.5202020202020202
Orion.methanol.cbc.contsub.image;model_planetary_full_expanded_00010_500it;2;0 Methanol;0.025252525252525252
Orion.methanol.cbc.contsub.image;model_planetary_full_expanded_00010_500it;3;1 Hydrogen fluoride;0.025252525252525252
Orion.methanol.cbc.contsub.image;model_planetary_full_expanded_00010_500it;4;2 Nitric oxide;0.025252525252525252
Orion.methanol.cbc.contsub.image;model_planetary_full_expanded_00010_500it;5;3 Formylium;0.025252525252525252
TWHydra_HCOplusline.image;model_planetary_tr_500it;1;3 Formylium;0.3103448275862069
TWHydra_HCOplusline.image;model_planetary_tr_500it;2;0 Methanol;0.034482758620689655
TWHydra_HCOplusline.image;model_planetary_tr_500it;3;1 Hydrogen fluoride;0.034482758620689655
TWHydra_HCOplusline.image;model_planetary_tr_500it;4;2 Nitric oxide;0.034482758620689655
TWHydra_HCOplusline.image;model_planetary_tr_500it;5;4 Sodium Chloride;0.034482758620689655
TWHydra_HCOplusline.image;model_planetary_2_500it;1;1 Hydrogen fluoride;0.3103448275862069
TWHydra_HCOplusline.image;model_planetary_2_500it;2;0 Methanol;0.034482758620689655
TWHydra_HCOplusline.image;model_planetary_2_500it;3;2 Nitric oxide;0.034482758620689655
TWHydra_HCOplusline.image;model_planetary_2_500it;4;3 Formylium;0.034482758620689655
TWHydra_HCOplusline.image;model_planetary_2_500it;5;4 Sodium Chloride;0.034482758620689655
TWHydra_HCOplusline.image;model_planetary_full_500it;1;0 Methanol;0.034482758620689655
TWHydra_HCOplusline.image;model_planetary_full_500it;2;1 Hydrogen fluoride;0.034482758620689655
TWHydra_HCOplusline.image;model_planetary_full_500it;3;2 Nitric oxide;0.034482758620689655
TWHydra_HCOplusline.image;model_planetary_full_500it;4;3 Formylium;0.034482758620689655
TWHydra_HCOplusline.image;model_planetary_full_500it;5;4 Sodium Chloride;0.034482758620689655
TWHydra_HCOplusline.image;model_planetary_full_expanded_00002_500it;1;3 Formylium;0.32142857142857145
TWHydra_HCOplusline.image;model_planetary_full_expanded_00002_500it;2;0 Methanol;0.03571428571428571
TWHydra_HCOplusline.image;model_planetary_full_expanded_00002_500it;3;1 Hydrogen fluoride;0.03571428571428571
TWHydra_HCOplusline.image;model_planetary_full_expanded_00002_500it;4;2 Nitric oxide;0.03571428571428571
TWHydra_HCOplusline.image;model_planetary_full_expanded_00002_500it;5;4 Sodium Chloride;0.03571428571428571
TWHydra_HCOplusline.image;model_planetary_full_expanded_00010_500it;1;3 Formylium;0.32142857142857145
TWHydra_HCOplusline.image;model_planetary_full_expanded_00010_500it;2;0 Methanol;0.03571428571428571
TWHydra_HCOplusline.image;model_planetary_full_expanded_00010_500it;3;1 Hydrogen fluoride;0.03571428571428571
TWHydra_HCOplusline.image;model_planetary_full_expanded_00010_500it;4;2 Nitric oxide;0.03571428571428571
TWHydra_HCOplusline.image;model_planetary_full_expanded_00010_500it;5;4 Sodium Chloride;0.03571428571428571
HD163296_CO_2_1.image;model_planetary_tr_500it;1;0 Methanol;0.025380710659898477
HD163296_CO_2_1.image;model_planetary_tr_500it;2;1 Hydrogen fluoride;0.025380710659898477
HD163296_CO_2_1.image;model_planetary_tr_500it;3;2 Nitric oxide;0.025380710659898477
HD163296_CO_2_1.image;model_planetary_tr_500it;4;3 Formylium;0.025380710659898477
HD163296_CO_2_1.image;model_planetary_tr_500it;5;4 Sodium Chloride;0.025380710659898477
HD163296_CO_2_1.image;model_planetary_2_500it;1;0 Methanol;0.025380710659898477
HD163296_CO_2_1.image;model_planetary_2_500it;2;1 Hydrogen fluoride;0.025380710659898477
HD163296_CO_2_1.image;model_planetary_2_500it;3;2 Nitric oxide;0.025380710659898477
HD163296_CO_2_1.image;model_planetary_2_500it;4;3 Formylium;0.025380710659898477
HD163296_CO_2_1.image;model_planetary_2_500it;5;4 Sodium Chloride;0.025380710659898477
HD163296_CO_2_1.image;model_planetary_full_500it;1;0 Methanol;0.025380710659898477
HD163296_CO_2_1.image;model_planetary_full_500it;2;1 Hydrogen fluoride;0.025380710659898477
HD163296_CO_2_1.image;model_planetary_full_500it;3;2 Nitric oxide;0.025380710659898477
HD163296_CO_2_1.image;model_planetary_full_500it;4;3 Formylium;0.025380710659898477
HD163296_CO_2_1.image;model_planetary_full_500it;5;4 Sodium Chloride;0.025380710659898477
HD163296_CO_2_1.image;model_planetary_full_expanded_00002_500it;1;18 Acetylene;0.5052083333333334
HD163296_CO_2_1.image;model_planetary_full_expanded_00002_500it;2;0 Methanol;0.026041666666666668
HD163296_CO_2_1.image;model_planetary_full_expanded_00002_500it;3;1 Hydrogen fluoride;0.026041666666666668
HD163296_CO_2_1.image;model_planetary_full_expanded_00002_500it;4;2 Nitric oxide;0.026041666666666668
HD163296_CO_2_1.image;model_planetary_full_expanded_00002_500it;5;3 Formylium;0.026041666666666668
HD163296_CO_2_1.image;model_planetary_full_expanded_00010_500it;1;13 Molecular oxygen;0.4947916666666667
HD163296_CO_2_1.image;model_planetary_full_expanded_00010_500it;2;10 Nitrous Oxide;0.036458333333333336
HD163296_CO_2_1.image;model_planetary_full_expanded_00010_500it;3;0 Methanol;0.026041666666666668
HD163296_CO_2_1.image;model_planetary_full_expanded_00010_500it;4;1 Hydrogen fluoride;0.026041666666666668
HD163296_CO_2_1.image;model_planetary_full_expanded_00010_500it;5;2 Nitric oxide;0.026041666666666668
