1;9 Carbon Monoxide;0.3581081081081081
2;0 Methanol;0.033783783783783786
3;1 Hydrogen fluoride;0.033783783783783786
4;2 Nitric oxide;0.033783783783783786
5;3 Formylium;0.033783783783783786
6;4 Sodium Chloride;0.033783783783783786
7;5 Sulfur dioxide;0.033783783783783786
8;6 para-Oxidaniumyl;0.033783783783783786
9;7 Sulfur Monoxide;0.033783783783783786
10;8 Butatrienylidene;0.033783783783783786
11;10 Nitrous Oxide;0.033783783783783786
12;11 Cyanoacetylene;0.033783783783783786
13;12 Carbonyl Sulfide;0.033783783783783786
14;13 Molecular oxygen;0.033783783783783786
15;14 ortho-Oxidaniumyl;0.033783783783783786
16;15 Water;0.033783783783783786
17;16 Iminomethylium;0.033783783783783786
18;17 Hydrochloric acid;0.033783783783783786
19;18 Acetylene;0.033783783783783786
20;19 Hydrogen Cyanide;0.033783783783783786
