1;40 Aluminum Monofluoride;0.7576054955839058
2;1 Butatrienylidene;0.006869479882237487
3;90 Cyanomethyl;0.006869479882237487
4;116 Cyanic acid;0.006869479882237487
5;0 Dimethyl ether;0.001962708537782139
6;2 Trihydrogen ion;0.001962708537782139
7;3 Nitrous Oxide;0.001962708537782139
8;4 Methyl Acetylene;0.001962708537782139
9;5 Ethylene Glycol;0.001962708537782139
10;6 Methyl Cyanide;0.001962708537782139
11;7 Thioformylium;0.001962708537782139
12;8 para-Oxidaniumyl;0.001962708537782139
13;9 Hydrogen Cyanide;0.001962708537782139
14;10 Titanium monoxide;0.001962708537782139
15;11 Cyanide Radical;0.001962708537782139
16;12 Formic Acid;0.001962708537782139
17;13 Nitric sulfide;0.001962708537782139
18;14 Iminomethylium;0.001962708537782139
19;15 Aluminum monoxide;0.001962708537782139
20;16 Methyl isocyanate;0.001962708537782139
21;17 Nitrosyl hydride;0.001962708537782139
22;18 Propynylidynium;0.001962708537782139
23;19 Magnesium Cyanide;0.001962708537782139
24;20 Diazenylium;0.001962708537782139
25;21 Methylamine;0.001962708537782139
26;22 Chloronium;0.001962708537782139
27;23 Silicon monosulfide;0.001962708537782139
28;24 Phosphorus Monoxide;0.001962708537782139
29;25 Cyclopropenone;0.001962708537782139
30;26 Carbon Monoxide Ion;0.001962708537782139
31;27 Sodium Cyanide;0.001962708537782139
32;28 Nitric oxide;0.001962708537782139
33;29 Silicon Cyanide;0.001962708537782139
34;30 Ethyne Isocyanide;0.001962708537782139
35;31 Sodium Chloride;0.001962708537782139
36;32 Cyanoacetylene;0.001962708537782139
37;33 Sulfur Monoxide;0.001962708537782139
38;34 Aluminum Isocyanitrile;0.001962708537782139
39;35 Cyanobutadiyne;0.001962708537782139
40;36 Silicon Mononitride;0.001962708537782139
41;37 Carbon Monoxide;0.001962708537782139
42;38 Propadienylidene;0.001962708537782139
43;39 Methanimine;0.001962708537782139
44;41 Formamide;0.001962708537782139
45;42 Aminoacetonitrile;0.001962708537782139
46;43 Ammonia;0.001962708537782139
47;44 gauche-Ethanol;0.001962708537782139
48;45 Protonate 2-proynenitrile;0.001962708537782139
49;46 Carbonyl Sulfide;0.001962708537782139
50;47 Thioxoethenylidene;0.001962708537782139
51;48 Ethyl cyanide;0.001962708537782139
52;49 Water;0.001962708537782139
53;50 Methyl Formate;0.001962708537782139
54;51 Acetaldehyde;0.001962708537782139
55;52 Ketenimine;0.001962708537782139
56;53 Propenal;0.001962708537782139
57;54 Methyl isocyanide;0.001962708537782139
58;55 iso-propyl cyanide;0.001962708537782139
59;56 Hydrogen cyanide;0.001962708537782139
60;57 Protonated Carbon Dioxide;0.001962708537782139
61;58 Methylidyne;0.001962708537782139
62;59 Ketene;0.001962708537782139
63;60 Silicon Monoxide;0.001962708537782139
64;61 Acetone;0.001962708537782139
65;62 Vinyl Cyanide;0.001962708537782139
66;63 Silicon monoxide (global fit);0.001962708537782139
67;64 Cyclopropenylidene;0.001962708537782139
68;65 Magnesium Isocyanide;0.001962708537782139
69;66 Cyanobutadiynylide anion;0.001962708537782139
70;67 Formaldehyde;0.001962708537782139
71;68 Carbon Monosulfide;0.001962708537782139
72;69 Fulminic acid;0.001962708537782139
73;70 trans-Ethanol;0.001962708537782139
74;71 Silicon Carbide;0.001962708537782139
75;72 Formylium;0.001962708537782139
76;73 Ethylene Oxide;0.001962708537782139
77;74 Sulfur dioxide;0.001962708537782139
78;75 Carbon Monophosphide;0.001962708537782139
79;76 Sulfur Monoxide ion;0.001962708537782139
80;77 Methanol;0.001962708537782139
81;78 Sulfur Dioxide;0.001962708537782139
82;79 Cyanoformaldehyde;0.001962708537782139
83;80 Isocyanic Acid;0.001962708537782139
84;81 Silicon Isocyanide;0.001962708537782139
85;82 Methylene amidogen;0.001962708537782139
86;83 Silicon Monocarbide;0.001962708537782139
87;84 Phosphaethyne;0.001962708537782139
88;85 Aluminum Monochloride;0.001962708537782139
89;86 Cyanoallene;0.001962708537782139
90;87 Methyl diacetylene;0.001962708537782139
91;88 Cyanomethylene;0.001962708537782139
92;89 Phosphapropynylidyne;0.001962708537782139
93;91 Hydrogen Isocyanide;0.001962708537782139
94;92 Hydrogen sulfide;0.001962708537782139
95;93 Hydroxyl;0.001962708537782139
96;94 Glycolaldehyde;0.001962708537782139
97;95 Cyanide anion;0.001962708537782139
98;96 2-Propynal;0.001962708537782139
99;97 Ethynyl;0.001962708537782139
100;98 Phosphorous nitride;0.001962708537782139
101;99 Magnesium hydride isocyanide;0.001962708537782139
102;100 Potassium chloride;0.001962708537782139
103;101 Silicon tetracarbide;0.001962708537782139
104;102 Ethyl Cyanide;0.001962708537782139
105;103 Cyanamide;0.001962708537782139
106;104 Amidogen;0.001962708537782139
107;105 Hydroxymethylidyne;0.001962708537782139
108;106 Formyl Radical;0.001962708537782139
109;107 Vinyl Alcohol;0.001962708537782139
110;108 ortho-Oxidaniumyl;0.001962708537782139
111;109 Cyanoethynylide ion;0.001962708537782139
112;110 Oxoethenylidene;0.001962708537782139
113;111 2-Butynenitrile;0.001962708537782139
114;112 Cyanoethynyl;0.001962708537782139
115;113 Hydroxymethylium ion;0.001962708537782139
116;114 Thioformaldehyde;0.001962708537782139
117;115 Isothiocyanic acid;0.001962708537782139
