1;98 Phosphorous nitride;0.3209028459273798
2;37 Carbon Monoxide;0.16388616290480862
3;31 Sodium Chloride;0.15407262021589793
4;54 Methyl isocyanide;0.09519136408243374
5;72 Formylium;0.03140333660451423
6;22 Chloronium;0.006869479882237487
7;49 Water;0.006869479882237487
8;61 Acetone;0.006869479882237487
9;0 Dimethyl ether;0.001962708537782139
10;1 Butatrienylidene;0.001962708537782139
11;2 Trihydrogen ion;0.001962708537782139
12;3 Nitrous Oxide;0.001962708537782139
13;4 Methyl Acetylene;0.001962708537782139
14;5 Ethylene Glycol;0.001962708537782139
15;6 Methyl Cyanide;0.001962708537782139
16;7 Thioformylium;0.001962708537782139
17;8 para-Oxidaniumyl;0.001962708537782139
18;9 Hydrogen Cyanide;0.001962708537782139
19;10 Titanium monoxide;0.001962708537782139
20;11 Cyanide Radical;0.001962708537782139
21;12 Formic Acid;0.001962708537782139
22;13 Nitric sulfide;0.001962708537782139
23;14 Iminomethylium;0.001962708537782139
24;15 Aluminum monoxide;0.001962708537782139
25;16 Methyl isocyanate;0.001962708537782139
26;17 Nitrosyl hydride;0.001962708537782139
27;18 Propynylidynium;0.001962708537782139
28;19 Magnesium Cyanide;0.001962708537782139
29;20 Diazenylium;0.001962708537782139
30;21 Methylamine;0.001962708537782139
31;23 Silicon monosulfide;0.001962708537782139
32;24 Phosphorus Monoxide;0.001962708537782139
33;25 Cyclopropenone;0.001962708537782139
34;26 Carbon Monoxide Ion;0.001962708537782139
35;27 Sodium Cyanide;0.001962708537782139
36;28 Nitric oxide;0.001962708537782139
37;29 Silicon Cyanide;0.001962708537782139
38;30 Ethyne Isocyanide;0.001962708537782139
39;32 Cyanoacetylene;0.001962708537782139
40;33 Sulfur Monoxide;0.001962708537782139
41;34 Aluminum Isocyanitrile;0.001962708537782139
42;35 Cyanobutadiyne;0.001962708537782139
43;36 Silicon Mononitride;0.001962708537782139
44;38 Propadienylidene;0.001962708537782139
45;39 Methanimine;0.001962708537782139
46;40 Aluminum Monofluoride;0.001962708537782139
47;41 Formamide;0.001962708537782139
48;42 Aminoacetonitrile;0.001962708537782139
49;43 Ammonia;0.001962708537782139
50;44 gauche-Ethanol;0.001962708537782139
51;45 Protonate 2-proynenitrile;0.001962708537782139
52;46 Carbonyl Sulfide;0.001962708537782139
53;47 Thioxoethenylidene;0.001962708537782139
54;48 Ethyl cyanide;0.001962708537782139
55;50 Methyl Formate;0.001962708537782139
56;51 Acetaldehyde;0.001962708537782139
57;52 Ketenimine;0.001962708537782139
58;53 Propenal;0.001962708537782139
59;55 iso-propyl cyanide;0.001962708537782139
60;56 Hydrogen cyanide;0.001962708537782139
61;57 Protonated Carbon Dioxide;0.001962708537782139
62;58 Methylidyne;0.001962708537782139
63;59 Ketene;0.001962708537782139
64;60 Silicon Monoxide;0.001962708537782139
65;62 Vinyl Cyanide;0.001962708537782139
66;63 Silicon monoxide (global fit);0.001962708537782139
67;64 Cyclopropenylidene;0.001962708537782139
68;65 Magnesium Isocyanide;0.001962708537782139
69;66 Cyanobutadiynylide anion;0.001962708537782139
70;67 Formaldehyde;0.001962708537782139
71;68 Carbon Monosulfide;0.001962708537782139
72;69 Fulminic acid;0.001962708537782139
73;70 trans-Ethanol;0.001962708537782139
74;71 Silicon Carbide;0.001962708537782139
75;73 Ethylene Oxide;0.001962708537782139
76;74 Sulfur dioxide;0.001962708537782139
77;75 Carbon Monophosphide;0.001962708537782139
78;76 Sulfur Monoxide ion;0.001962708537782139
79;77 Methanol;0.001962708537782139
80;78 Sulfur Dioxide;0.001962708537782139
81;79 Cyanoformaldehyde;0.001962708537782139
82;80 Isocyanic Acid;0.001962708537782139
83;81 Silicon Isocyanide;0.001962708537782139
84;82 Methylene amidogen;0.001962708537782139
85;83 Silicon Monocarbide;0.001962708537782139
86;84 Phosphaethyne;0.001962708537782139
87;85 Aluminum Monochloride;0.001962708537782139
88;86 Cyanoallene;0.001962708537782139
89;87 Methyl diacetylene;0.001962708537782139
90;88 Cyanomethylene;0.001962708537782139
91;89 Phosphapropynylidyne;0.001962708537782139
92;90 Cyanomethyl;0.001962708537782139
93;91 Hydrogen Isocyanide;0.001962708537782139
94;92 Hydrogen sulfide;0.001962708537782139
95;93 Hydroxyl;0.001962708537782139
96;94 Glycolaldehyde;0.001962708537782139
97;95 Cyanide anion;0.001962708537782139
98;96 2-Propynal;0.001962708537782139
99;97 Ethynyl;0.001962708537782139
100;99 Magnesium hydride isocyanide;0.001962708537782139
101;100 Potassium chloride;0.001962708537782139
102;101 Silicon tetracarbide;0.001962708537782139
103;102 Ethyl Cyanide;0.001962708537782139
104;103 Cyanamide;0.001962708537782139
105;104 Amidogen;0.001962708537782139
106;105 Hydroxymethylidyne;0.001962708537782139
107;106 Formyl Radical;0.001962708537782139
108;107 Vinyl Alcohol;0.001962708537782139
109;108 ortho-Oxidaniumyl;0.001962708537782139
110;109 Cyanoethynylide ion;0.001962708537782139
111;110 Oxoethenylidene;0.001962708537782139
112;111 2-Butynenitrile;0.001962708537782139
113;112 Cyanoethynyl;0.001962708537782139
114;113 Hydroxymethylium ion;0.001962708537782139
115;114 Thioformaldehyde;0.001962708537782139
116;115 Isothiocyanic acid;0.001962708537782139
117;116 Cyanic acid;0.001962708537782139
