1;68 Carbon Monosulfide;0.6856763925729443
2;15 Aluminum monoxide;0.009283819628647213
3;0 Dimethyl ether;0.002652519893899204
4;1 Butatrienylidene;0.002652519893899204
5;2 Trihydrogen ion;0.002652519893899204
6;3 Nitrous Oxide;0.002652519893899204
7;4 Methyl Acetylene;0.002652519893899204
8;5 Ethylene Glycol;0.002652519893899204
9;6 Methyl Cyanide;0.002652519893899204
10;7 Thioformylium;0.002652519893899204
11;8 para-Oxidaniumyl;0.002652519893899204
12;9 Hydrogen Cyanide;0.002652519893899204
13;10 Titanium monoxide;0.002652519893899204
14;11 Cyanide Radical;0.002652519893899204
15;12 Formic Acid;0.002652519893899204
16;13 Nitric sulfide;0.002652519893899204
17;14 Iminomethylium;0.002652519893899204
18;16 Methyl isocyanate;0.002652519893899204
19;17 Nitrosyl hydride;0.002652519893899204
20;18 Propynylidynium;0.002652519893899204
21;19 Magnesium Cyanide;0.002652519893899204
22;20 Diazenylium;0.002652519893899204
23;21 Methylamine;0.002652519893899204
24;22 Chloronium;0.002652519893899204
25;23 Silicon monosulfide;0.002652519893899204
26;24 Phosphorus Monoxide;0.002652519893899204
27;25 Cyclopropenone;0.002652519893899204
28;26 Carbon Monoxide Ion;0.002652519893899204
29;27 Sodium Cyanide;0.002652519893899204
30;28 Nitric oxide;0.002652519893899204
31;29 Silicon Cyanide;0.002652519893899204
32;30 Ethyne Isocyanide;0.002652519893899204
33;31 Sodium Chloride;0.002652519893899204
34;32 Cyanoacetylene;0.002652519893899204
35;33 Sulfur Monoxide;0.002652519893899204
36;34 Aluminum Isocyanitrile;0.002652519893899204
37;35 Cyanobutadiyne;0.002652519893899204
38;36 Silicon Mononitride;0.002652519893899204
39;37 Carbon Monoxide;0.002652519893899204
40;38 Propadienylidene;0.002652519893899204
41;39 Methanimine;0.002652519893899204
42;40 Aluminum Monofluoride;0.002652519893899204
43;41 Formamide;0.002652519893899204
44;42 Aminoacetonitrile;0.002652519893899204
45;43 Ammonia;0.002652519893899204
46;44 gauche-Ethanol;0.002652519893899204
47;45 Protonate 2-proynenitrile;0.002652519893899204
48;46 Carbonyl Sulfide;0.002652519893899204
49;47 Thioxoethenylidene;0.002652519893899204
50;48 Ethyl cyanide;0.002652519893899204
51;49 Water;0.002652519893899204
52;50 Methyl Formate;0.002652519893899204
53;51 Acetaldehyde;0.002652519893899204
54;52 Ketenimine;0.002652519893899204
55;53 Propenal;0.002652519893899204
56;54 Methyl isocyanide;0.002652519893899204
57;55 iso-propyl cyanide;0.002652519893899204
58;56 Hydrogen cyanide;0.002652519893899204
59;57 Protonated Carbon Dioxide;0.002652519893899204
60;58 Methylidyne;0.002652519893899204
61;59 Ketene;0.002652519893899204
62;60 Silicon Monoxide;0.002652519893899204
63;61 Acetone;0.002652519893899204
64;62 Vinyl Cyanide;0.002652519893899204
65;63 Silicon monoxide (global fit);0.002652519893899204
66;64 Cyclopropenylidene;0.002652519893899204
67;65 Magnesium Isocyanide;0.002652519893899204
68;66 Cyanobutadiynylide anion;0.002652519893899204
69;67 Formaldehyde;0.002652519893899204
70;69 Fulminic acid;0.002652519893899204
71;70 trans-Ethanol;0.002652519893899204
72;71 Silicon Carbide;0.002652519893899204
73;72 Formylium;0.002652519893899204
74;73 Ethylene Oxide;0.002652519893899204
75;74 Sulfur dioxide;0.002652519893899204
76;75 Carbon Monophosphide;0.002652519893899204
77;76 Sulfur Monoxide ion;0.002652519893899204
78;77 Methanol;0.002652519893899204
79;78 Sulfur Dioxide;0.002652519893899204
80;79 Cyanoformaldehyde;0.002652519893899204
81;80 Isocyanic Acid;0.002652519893899204
82;81 Silicon Isocyanide;0.002652519893899204
83;82 Methylene amidogen;0.002652519893899204
84;83 Silicon Monocarbide;0.002652519893899204
85;84 Phosphaethyne;0.002652519893899204
86;85 Aluminum Monochloride;0.002652519893899204
87;86 Cyanoallene;0.002652519893899204
88;87 Methyl diacetylene;0.002652519893899204
89;88 Cyanomethylene;0.002652519893899204
90;89 Phosphapropynylidyne;0.002652519893899204
91;90 Cyanomethyl;0.002652519893899204
92;91 Hydrogen Isocyanide;0.002652519893899204
93;92 Hydrogen sulfide;0.002652519893899204
94;93 Hydroxyl;0.002652519893899204
95;94 Glycolaldehyde;0.002652519893899204
96;95 Cyanide anion;0.002652519893899204
97;96 2-Propynal;0.002652519893899204
98;97 Ethynyl;0.002652519893899204
99;98 Phosphorous nitride;0.002652519893899204
100;99 Magnesium hydride isocyanide;0.002652519893899204
101;100 Potassium chloride;0.002652519893899204
102;101 Silicon tetracarbide;0.002652519893899204
103;102 Ethyl Cyanide;0.002652519893899204
104;103 Cyanamide;0.002652519893899204
105;104 Amidogen;0.002652519893899204
106;105 Hydroxymethylidyne;0.002652519893899204
107;106 Formyl Radical;0.002652519893899204
108;107 Vinyl Alcohol;0.002652519893899204
109;108 ortho-Oxidaniumyl;0.002652519893899204
110;109 Cyanoethynylide ion;0.002652519893899204
111;110 Oxoethenylidene;0.002652519893899204
112;111 2-Butynenitrile;0.002652519893899204
113;112 Cyanoethynyl;0.002652519893899204
114;113 Hydroxymethylium ion;0.002652519893899204
115;114 Thioformaldehyde;0.002652519893899204
116;115 Isothiocyanic acid;0.002652519893899204
117;116 Cyanic acid;0.002652519893899204
