TWHydra_HCOplusline.image;model_alma_band_6_tr_500it;1;65 Magnesium Isocyanide;0.36842105263157887
TWHydra_HCOplusline.image;model_alma_band_6_tr_500it;2;81 Silicon Isocyanide;0.11538461538461538
TWHydra_HCOplusline.image;model_alma_band_6_tr_500it;3;29 Silicon Cyanide;0.014170040485829956
TWHydra_HCOplusline.image;model_alma_band_6_tr_500it;4;36 Silicon Mononitride;0.014170040485829956
TWHydra_HCOplusline.image;model_alma_band_6_tr_500it;5;54 Methyl isocyanide;0.014170040485829956
TWHydra_HCOplusline.image;model_alma_band_6_2_500it;1;69 Fulminic acid;0.5303643724696355
TWHydra_HCOplusline.image;model_alma_band_6_2_500it;2;0 Dimethyl ether;0.004048582995951417
TWHydra_HCOplusline.image;model_alma_band_6_2_500it;3;1 Butatrienylidene;0.004048582995951417
TWHydra_HCOplusline.image;model_alma_band_6_2_500it;4;2 Trihydrogen ion;0.004048582995951417
TWHydra_HCOplusline.image;model_alma_band_6_2_500it;5;3 Nitrous Oxide;0.004048582995951417
TWHydra_HCOplusline.image;model_alma_band_6_full_500it;1;56 Hydrogen cyanide;0.5303643724696355
TWHydra_HCOplusline.image;model_alma_band_6_full_500it;2;0 Dimethyl ether;0.004048582995951417
TWHydra_HCOplusline.image;model_alma_band_6_full_500it;3;1 Butatrienylidene;0.004048582995951417
TWHydra_HCOplusline.image;model_alma_band_6_full_500it;4;2 Trihydrogen ion;0.004048582995951417
TWHydra_HCOplusline.image;model_alma_band_6_full_500it;5;3 Nitrous Oxide;0.004048582995951417
TWHydra_HCOplusline.image;model_alma_band_6_full_expanded_00002_500it;1;34 Aluminum Isocyanitrile;0.5303643724696355
TWHydra_HCOplusline.image;model_alma_band_6_full_expanded_00002_500it;2;0 Dimethyl ether;0.004048582995951417
TWHydra_HCOplusline.image;model_alma_band_6_full_expanded_00002_500it;3;1 Butatrienylidene;0.004048582995951417
TWHydra_HCOplusline.image;model_alma_band_6_full_expanded_00002_500it;4;2 Trihydrogen ion;0.004048582995951417
TWHydra_HCOplusline.image;model_alma_band_6_full_expanded_00002_500it;5;3 Nitrous Oxide;0.004048582995951417
TWHydra_HCOplusline.image;model_alma_band_6_full_expanded_00010_500it;1;57 Protonated Carbon Dioxide;0.5303643724696355
TWHydra_HCOplusline.image;model_alma_band_6_full_expanded_00010_500it;2;0 Dimethyl ether;0.004048582995951417
TWHydra_HCOplusline.image;model_alma_band_6_full_expanded_00010_500it;3;1 Butatrienylidene;0.004048582995951417
TWHydra_HCOplusline.image;model_alma_band_6_full_expanded_00010_500it;4;2 Trihydrogen ion;0.004048582995951417
TWHydra_HCOplusline.image;model_alma_band_6_full_expanded_00010_500it;5;3 Nitrous Oxide;0.004048582995951417
DMTau.CS_5-4.image;model_alma_band_6_tr_500it;1;17 Nitrosyl hydride;0.3110465116279069
DMTau.CS_5-4.image;model_alma_band_6_tr_500it;2;87 Methyl diacetylene;0.02034883720930232
DMTau.CS_5-4.image;model_alma_band_6_tr_500it;3;0 Dimethyl ether;0.005813953488372092
DMTau.CS_5-4.image;model_alma_band_6_tr_500it;4;1 Butatrienylidene;0.005813953488372092
DMTau.CS_5-4.image;model_alma_band_6_tr_500it;5;2 Trihydrogen ion;0.005813953488372092
DMTau.CS_5-4.image;model_alma_band_6_2_500it;1;23 Silicon monosulfide;0.3255813953488371
DMTau.CS_5-4.image;model_alma_band_6_2_500it;2;0 Dimethyl ether;0.005813953488372092
DMTau.CS_5-4.image;model_alma_band_6_2_500it;3;1 Butatrienylidene;0.005813953488372092
DMTau.CS_5-4.image;model_alma_band_6_2_500it;4;2 Trihydrogen ion;0.005813953488372092
DMTau.CS_5-4.image;model_alma_band_6_2_500it;5;3 Nitrous Oxide;0.005813953488372092
DMTau.CS_5-4.image;model_alma_band_6_full_500it;1;68 Carbon Monosulfide;0.3255813953488371
DMTau.CS_5-4.image;model_alma_band_6_full_500it;2;0 Dimethyl ether;0.005813953488372092
DMTau.CS_5-4.image;model_alma_band_6_full_500it;3;1 Butatrienylidene;0.005813953488372092
DMTau.CS_5-4.image;model_alma_band_6_full_500it;4;2 Trihydrogen ion;0.005813953488372092
DMTau.CS_5-4.image;model_alma_band_6_full_500it;5;3 Nitrous Oxide;0.005813953488372092
DMTau.CS_5-4.image;model_alma_band_6_full_expanded_00002_500it;1;68 Carbon Monosulfide;0.3255813953488371
DMTau.CS_5-4.image;model_alma_band_6_full_expanded_00002_500it;2;0 Dimethyl ether;0.005813953488372092
DMTau.CS_5-4.image;model_alma_band_6_full_expanded_00002_500it;3;1 Butatrienylidene;0.005813953488372092
DMTau.CS_5-4.image;model_alma_band_6_full_expanded_00002_500it;4;2 Trihydrogen ion;0.005813953488372092
DMTau.CS_5-4.image;model_alma_band_6_full_expanded_00002_500it;5;3 Nitrous Oxide;0.005813953488372092
DMTau.CS_5-4.image;model_alma_band_6_full_expanded_00010_500it;1;68 Carbon Monosulfide;0.3110465116279069
DMTau.CS_5-4.image;model_alma_band_6_full_expanded_00010_500it;2;49 Water;0.02034883720930232
DMTau.CS_5-4.image;model_alma_band_6_full_expanded_00010_500it;3;0 Dimethyl ether;0.005813953488372092
DMTau.CS_5-4.image;model_alma_band_6_full_expanded_00010_500it;4;1 Butatrienylidene;0.005813953488372092
DMTau.CS_5-4.image;model_alma_band_6_full_expanded_00010_500it;5;2 Trihydrogen ion;0.005813953488372092
uid___A002_Xa916fc_X668__IRS43_HCO32.final.image.pbcor;model_alma_band_6_tr_500it;1;15 Aluminum monoxide;0.8960070206230802
uid___A002_Xa916fc_X668__IRS43_HCO32.final.image.pbcor;model_alma_band_6_tr_500it;2;115 Isothiocyanic acid;0.0030715225976305394
uid___A002_Xa916fc_X668__IRS43_HCO32.final.image.pbcor;model_alma_band_6_tr_500it;3;0 Dimethyl ether;0.0008775778850372971
uid___A002_Xa916fc_X668__IRS43_HCO32.final.image.pbcor;model_alma_band_6_tr_500it;4;1 Butatrienylidene;0.0008775778850372971
uid___A002_Xa916fc_X668__IRS43_HCO32.final.image.pbcor;model_alma_band_6_tr_500it;5;2 Trihydrogen ion;0.0008775778850372971
uid___A002_Xa916fc_X668__IRS43_HCO32.final.image.pbcor;model_alma_band_6_2_500it;1;110 Oxoethenylidene;0.8982009653356735
uid___A002_Xa916fc_X668__IRS43_HCO32.final.image.pbcor;model_alma_band_6_2_500it;2;0 Dimethyl ether;0.0008775778850372971
uid___A002_Xa916fc_X668__IRS43_HCO32.final.image.pbcor;model_alma_band_6_2_500it;3;1 Butatrienylidene;0.0008775778850372971
uid___A002_Xa916fc_X668__IRS43_HCO32.final.image.pbcor;model_alma_band_6_2_500it;4;2 Trihydrogen ion;0.0008775778850372971
uid___A002_Xa916fc_X668__IRS43_HCO32.final.image.pbcor;model_alma_band_6_2_500it;5;3 Nitrous Oxide;0.0008775778850372971
uid___A002_Xa916fc_X668__IRS43_HCO32.final.image.pbcor;model_alma_band_6_full_500it;1;99 Magnesium hydride isocyanide;0.3826239578762615
uid___A002_Xa916fc_X668__IRS43_HCO32.final.image.pbcor;model_alma_band_6_full_500it;2;26 Carbon Monoxide Ion;0.2729267222465994
uid___A002_Xa916fc_X668__IRS43_HCO32.final.image.pbcor;model_alma_band_6_full_500it;3;109 Cyanoethynylide ion;0.24440544098288725
uid___A002_Xa916fc_X668__IRS43_HCO32.final.image.pbcor;model_alma_band_6_full_500it;4;0 Dimethyl ether;0.0008775778850372971
uid___A002_Xa916fc_X668__IRS43_HCO32.final.image.pbcor;model_alma_band_6_full_500it;5;1 Butatrienylidene;0.0008775778850372971
uid___A002_Xa916fc_X668__IRS43_HCO32.final.image.pbcor;model_alma_band_6_full_expanded_00002_500it;1;56 Hydrogen cyanide;0.893813075910487
uid___A002_Xa916fc_X668__IRS43_HCO32.final.image.pbcor;model_alma_band_6_full_expanded_00002_500it;2;15 Aluminum monoxide;0.0030715225976305394
uid___A002_Xa916fc_X668__IRS43_HCO32.final.image.pbcor;model_alma_band_6_full_expanded_00002_500it;3;47 Thioxoethenylidene;0.0030715225976305394
uid___A002_Xa916fc_X668__IRS43_HCO32.final.image.pbcor;model_alma_band_6_full_expanded_00002_500it;4;0 Dimethyl ether;0.0008775778850372971
uid___A002_Xa916fc_X668__IRS43_HCO32.final.image.pbcor;model_alma_band_6_full_expanded_00002_500it;5;1 Butatrienylidene;0.0008775778850372971
uid___A002_Xa916fc_X668__IRS43_HCO32.final.image.pbcor;model_alma_band_6_full_expanded_00010_500it;1;57 Protonated Carbon Dioxide;0.8894251864853004
uid___A002_Xa916fc_X668__IRS43_HCO32.final.image.pbcor;model_alma_band_6_full_expanded_00010_500it;2;47 Thioxoethenylidene;0.005265467310223782
uid___A002_Xa916fc_X668__IRS43_HCO32.final.image.pbcor;model_alma_band_6_full_expanded_00010_500it;3;73 Ethylene Oxide;0.0030715225976305394
uid___A002_Xa916fc_X668__IRS43_HCO32.final.image.pbcor;model_alma_band_6_full_expanded_00010_500it;4;91 Hydrogen Isocyanide;0.0030715225976305394
uid___A002_Xa916fc_X668__IRS43_HCO32.final.image.pbcor;model_alma_band_6_full_expanded_00010_500it;5;0 Dimethyl ether;0.0008775778850372971
TWHydra_CO3_2line.image;model_alma_band_6_tr_500it;1;81 Silicon Isocyanide;0.5270758122743682
TWHydra_CO3_2line.image;model_alma_band_6_tr_500it;2;10 Titanium monoxide;0.012635379061371839
TWHydra_CO3_2line.image;model_alma_band_6_tr_500it;3;19 Magnesium Cyanide;0.012635379061371839
TWHydra_CO3_2line.image;model_alma_band_6_tr_500it;4;34 Aluminum Isocyanitrile;0.012635379061371839
TWHydra_CO3_2line.image;model_alma_band_6_tr_500it;5;41 Formamide;0.012635379061371839
TWHydra_CO3_2line.image;model_alma_band_6_2_500it;1;93 Hydroxyl;0.5812274368231047
TWHydra_CO3_2line.image;model_alma_band_6_2_500it;2;0 Dimethyl ether;0.003610108303249097
TWHydra_CO3_2line.image;model_alma_band_6_2_500it;3;1 Butatrienylidene;0.003610108303249097
TWHydra_CO3_2line.image;model_alma_band_6_2_500it;4;2 Trihydrogen ion;0.003610108303249097
TWHydra_CO3_2line.image;model_alma_band_6_2_500it;5;3 Nitrous Oxide;0.003610108303249097
TWHydra_CO3_2line.image;model_alma_band_6_full_500it;1;75 Carbon Monophosphide;0.5812274368231047
TWHydra_CO3_2line.image;model_alma_band_6_full_500it;2;0 Dimethyl ether;0.003610108303249097
TWHydra_CO3_2line.image;model_alma_band_6_full_500it;3;1 Butatrienylidene;0.003610108303249097
TWHydra_CO3_2line.image;model_alma_band_6_full_500it;4;2 Trihydrogen ion;0.003610108303249097
TWHydra_CO3_2line.image;model_alma_band_6_full_500it;5;3 Nitrous Oxide;0.003610108303249097
TWHydra_CO3_2line.image;model_alma_band_6_full_expanded_00002_500it;1;3 Nitrous Oxide;0.5812274368231047
TWHydra_CO3_2line.image;model_alma_band_6_full_expanded_00002_500it;2;0 Dimethyl ether;0.003610108303249097
TWHydra_CO3_2line.image;model_alma_band_6_full_expanded_00002_500it;3;1 Butatrienylidene;0.003610108303249097
TWHydra_CO3_2line.image;model_alma_band_6_full_expanded_00002_500it;4;2 Trihydrogen ion;0.003610108303249097
TWHydra_CO3_2line.image;model_alma_band_6_full_expanded_00002_500it;5;4 Methyl Acetylene;0.003610108303249097
TWHydra_CO3_2line.image;model_alma_band_6_full_expanded_00010_500it;1;70 trans-Ethanol;0.5812274368231047
TWHydra_CO3_2line.image;model_alma_band_6_full_expanded_00010_500it;2;0 Dimethyl ether;0.003610108303249097
TWHydra_CO3_2line.image;model_alma_band_6_full_expanded_00010_500it;3;1 Butatrienylidene;0.003610108303249097
TWHydra_CO3_2line.image;model_alma_band_6_full_expanded_00010_500it;4;2 Trihydrogen ion;0.003610108303249097
TWHydra_CO3_2line.image;model_alma_band_6_full_expanded_00010_500it;5;3 Nitrous Oxide;0.003610108303249097
HD163296_CO_2_1.image;model_alma_band_6_tr_500it;1;40 Aluminum Monofluoride;0.7576054955839058
HD163296_CO_2_1.image;model_alma_band_6_tr_500it;2;1 Butatrienylidene;0.006869479882237487
HD163296_CO_2_1.image;model_alma_band_6_tr_500it;3;90 Cyanomethyl;0.006869479882237487
HD163296_CO_2_1.image;model_alma_band_6_tr_500it;4;116 Cyanic acid;0.006869479882237487
HD163296_CO_2_1.image;model_alma_band_6_tr_500it;5;0 Dimethyl ether;0.001962708537782139
HD163296_CO_2_1.image;model_alma_band_6_2_500it;1;31 Sodium Chloride;0.7723258096172718
HD163296_CO_2_1.image;model_alma_band_6_2_500it;2;0 Dimethyl ether;0.001962708537782139
HD163296_CO_2_1.image;model_alma_band_6_2_500it;3;1 Butatrienylidene;0.001962708537782139
HD163296_CO_2_1.image;model_alma_band_6_2_500it;4;2 Trihydrogen ion;0.001962708537782139
HD163296_CO_2_1.image;model_alma_band_6_2_500it;5;3 Nitrous Oxide;0.001962708537782139
HD163296_CO_2_1.image;model_alma_band_6_full_500it;1;98 Phosphorous nitride;0.3209028459273798
HD163296_CO_2_1.image;model_alma_band_6_full_500it;2;37 Carbon Monoxide;0.16388616290480862
HD163296_CO_2_1.image;model_alma_band_6_full_500it;3;31 Sodium Chloride;0.15407262021589793
HD163296_CO_2_1.image;model_alma_band_6_full_500it;4;54 Methyl isocyanide;0.09519136408243374
HD163296_CO_2_1.image;model_alma_band_6_full_500it;5;72 Formylium;0.03140333660451423
HD163296_CO_2_1.image;model_alma_band_6_full_expanded_00002_500it;1;100 Potassium chloride;0.7428851815505397
HD163296_CO_2_1.image;model_alma_band_6_full_expanded_00002_500it;2;49 Water;0.006869479882237487
HD163296_CO_2_1.image;model_alma_band_6_full_expanded_00002_500it;3;63 Silicon monoxide (global fit);0.006869479882237487
HD163296_CO_2_1.image;model_alma_band_6_full_expanded_00002_500it;4;78 Sulfur Dioxide;0.006869479882237487
HD163296_CO_2_1.image;model_alma_band_6_full_expanded_00002_500it;5;81 Silicon Isocyanide;0.006869479882237487
HD163296_CO_2_1.image;model_alma_band_6_full_expanded_00010_500it;1;58 Methylidyne;0.718351324828263
HD163296_CO_2_1.image;model_alma_band_6_full_expanded_00010_500it;2;78 Sulfur Dioxide;0.011776251226692834
HD163296_CO_2_1.image;model_alma_band_6_full_expanded_00010_500it;3;2 Trihydrogen ion;0.006869479882237487
HD163296_CO_2_1.image;model_alma_band_6_full_expanded_00010_500it;4;8 para-Oxidaniumyl;0.006869479882237487
HD163296_CO_2_1.image;model_alma_band_6_full_expanded_00010_500it;5;43 Ammonia;0.006869479882237487
Orion.methanol.cbc.contsub.image;model_alma_band_6_tr_500it;1;15 Aluminum monoxide;0.6790450928381963
Orion.methanol.cbc.contsub.image;model_alma_band_6_tr_500it;2;22 Chloronium;0.009283819628647213
Orion.methanol.cbc.contsub.image;model_alma_band_6_tr_500it;3;76 Sulfur Monoxide ion;0.009283819628647213
Orion.methanol.cbc.contsub.image;model_alma_band_6_tr_500it;4;0 Dimethyl ether;0.002652519893899204
Orion.methanol.cbc.contsub.image;model_alma_band_6_tr_500it;5;1 Butatrienylidene;0.002652519893899204
Orion.methanol.cbc.contsub.image;model_alma_band_6_2_500it;1;3 Nitrous Oxide;0.6923076923076923
Orion.methanol.cbc.contsub.image;model_alma_band_6_2_500it;2;0 Dimethyl ether;0.002652519893899204
Orion.methanol.cbc.contsub.image;model_alma_band_6_2_500it;3;1 Butatrienylidene;0.002652519893899204
Orion.methanol.cbc.contsub.image;model_alma_band_6_2_500it;4;2 Trihydrogen ion;0.002652519893899204
Orion.methanol.cbc.contsub.image;model_alma_band_6_2_500it;5;4 Methyl Acetylene;0.002652519893899204
Orion.methanol.cbc.contsub.image;model_alma_band_6_full_500it;1;105 Hydroxymethylidyne;0.25464190981432355
Orion.methanol.cbc.contsub.image;model_alma_band_6_full_500it;2;66 Cyanobutadiynylide anion;0.1419098143236074
Orion.methanol.cbc.contsub.image;model_alma_band_6_full_500it;3;2 Trihydrogen ion;0.09549071618037135
Orion.methanol.cbc.contsub.image;model_alma_band_6_full_500it;4;68 Carbon Monosulfide;0.08222811671087532
Orion.methanol.cbc.contsub.image;model_alma_band_6_full_500it;5;15 Aluminum monoxide;0.055702917771883284
Orion.methanol.cbc.contsub.image;model_alma_band_6_full_expanded_00002_500it;1;25 Cyclopropenone;0.6923076923076923
Orion.methanol.cbc.contsub.image;model_alma_band_6_full_expanded_00002_500it;2;0 Dimethyl ether;0.002652519893899204
Orion.methanol.cbc.contsub.image;model_alma_band_6_full_expanded_00002_500it;3;1 Butatrienylidene;0.002652519893899204
Orion.methanol.cbc.contsub.image;model_alma_band_6_full_expanded_00002_500it;4;2 Trihydrogen ion;0.002652519893899204
Orion.methanol.cbc.contsub.image;model_alma_band_6_full_expanded_00002_500it;5;3 Nitrous Oxide;0.002652519893899204
Orion.methanol.cbc.contsub.image;model_alma_band_6_full_expanded_00010_500it;1;68 Carbon Monosulfide;0.6856763925729443
Orion.methanol.cbc.contsub.image;model_alma_band_6_full_expanded_00010_500it;2;15 Aluminum monoxide;0.009283819628647213
Orion.methanol.cbc.contsub.image;model_alma_band_6_full_expanded_00010_500it;3;0 Dimethyl ether;0.002652519893899204
Orion.methanol.cbc.contsub.image;model_alma_band_6_full_expanded_00010_500it;4;1 Butatrienylidene;0.002652519893899204
Orion.methanol.cbc.contsub.image;model_alma_band_6_full_expanded_00010_500it;5;2 Trihydrogen ion;0.002652519893899204
Orion.HNC.cbc.contsub.image;model_alma_band_6_tr_500it;1;22 Chloronium;0.8307588985896575
Orion.HNC.cbc.contsub.image;model_alma_band_6_tr_500it;2;34 Aluminum Isocyanitrile;0.008059100067159167
Orion.HNC.cbc.contsub.image;model_alma_band_6_tr_500it;3;28 Nitric oxide;0.004701141705842847
Orion.HNC.cbc.contsub.image;model_alma_band_6_tr_500it;4;116 Cyanic acid;0.004701141705842847
Orion.HNC.cbc.contsub.image;model_alma_band_6_tr_500it;5;0 Dimethyl ether;0.001343183344526528
Orion.HNC.cbc.contsub.image;model_alma_band_6_2_500it;1;58 Methylidyne;0.8408327736736064
Orion.HNC.cbc.contsub.image;model_alma_band_6_2_500it;2;96 2-Propynal;0.004701141705842847
Orion.HNC.cbc.contsub.image;model_alma_band_6_2_500it;3;0 Dimethyl ether;0.001343183344526528
Orion.HNC.cbc.contsub.image;model_alma_band_6_2_500it;4;1 Butatrienylidene;0.001343183344526528
Orion.HNC.cbc.contsub.image;model_alma_band_6_2_500it;5;2 Trihydrogen ion;0.001343183344526528
Orion.HNC.cbc.contsub.image;model_alma_band_6_full_500it;1;2 Trihydrogen ion;0.31027535258562794
Orion.HNC.cbc.contsub.image;model_alma_band_6_full_500it;2;22 Chloronium;0.2733378106111484
Orion.HNC.cbc.contsub.image;model_alma_band_6_full_500it;3;91 Hydrogen Isocyanide;0.26326393552719946
Orion.HNC.cbc.contsub.image;model_alma_band_6_full_500it;4;0 Dimethyl ether;0.001343183344526528
Orion.HNC.cbc.contsub.image;model_alma_band_6_full_500it;5;1 Butatrienylidene;0.001343183344526528
Orion.HNC.cbc.contsub.image;model_alma_band_6_full_expanded_00002_500it;1;101 Silicon tetracarbide;0.8441907320349228
Orion.HNC.cbc.contsub.image;model_alma_band_6_full_expanded_00002_500it;2;0 Dimethyl ether;0.001343183344526528
Orion.HNC.cbc.contsub.image;model_alma_band_6_full_expanded_00002_500it;3;1 Butatrienylidene;0.001343183344526528
Orion.HNC.cbc.contsub.image;model_alma_band_6_full_expanded_00002_500it;4;2 Trihydrogen ion;0.001343183344526528
Orion.HNC.cbc.contsub.image;model_alma_band_6_full_expanded_00002_500it;5;3 Nitrous Oxide;0.001343183344526528
Orion.HNC.cbc.contsub.image;model_alma_band_6_full_expanded_00010_500it;1;10 Titanium monoxide;0.8374748153122901
Orion.HNC.cbc.contsub.image;model_alma_band_6_full_expanded_00010_500it;2;9 Hydrogen Cyanide;0.004701141705842847
Orion.HNC.cbc.contsub.image;model_alma_band_6_full_expanded_00010_500it;3;93 Hydroxyl;0.004701141705842847
Orion.HNC.cbc.contsub.image;model_alma_band_6_full_expanded_00010_500it;4;0 Dimethyl ether;0.001343183344526528
Orion.HNC.cbc.contsub.image;model_alma_band_6_full_expanded_00010_500it;5;1 Butatrienylidene;0.001343183344526528
