1;65 Magnesium Isocyanide;0.36842105263157887
2;81 Silicon Isocyanide;0.11538461538461538
3;29 Silicon Cyanide;0.014170040485829956
4;36 Silicon Mononitride;0.014170040485829956
5;54 Methyl isocyanide;0.014170040485829956
6;71 Silicon Carbide;0.014170040485829956
7;89 Phosphapropynylidyne;0.014170040485829956
8;0 Dimethyl ether;0.004048582995951417
9;1 Butatrienylidene;0.004048582995951417
10;2 Trihydrogen ion;0.004048582995951417
11;3 Nitrous Oxide;0.004048582995951417
12;4 Methyl Acetylene;0.004048582995951417
13;5 Ethylene Glycol;0.004048582995951417
14;6 Methyl Cyanide;0.004048582995951417
15;7 Thioformylium;0.004048582995951417
16;8 para-Oxidaniumyl;0.004048582995951417
17;9 Hydrogen Cyanide;0.004048582995951417
18;10 Titanium monoxide;0.004048582995951417
19;11 Cyanide Radical;0.004048582995951417
20;12 Formic Acid;0.004048582995951417
21;13 Nitric sulfide;0.004048582995951417
22;14 Iminomethylium;0.004048582995951417
23;15 Aluminum monoxide;0.004048582995951417
24;16 Methyl isocyanate;0.004048582995951417
25;17 Nitrosyl hydride;0.004048582995951417
26;18 Propynylidynium;0.004048582995951417
27;19 Magnesium Cyanide;0.004048582995951417
28;20 Diazenylium;0.004048582995951417
29;21 Methylamine;0.004048582995951417
30;22 Chloronium;0.004048582995951417
31;23 Silicon monosulfide;0.004048582995951417
32;24 Phosphorus Monoxide;0.004048582995951417
33;25 Cyclopropenone;0.004048582995951417
34;26 Carbon Monoxide Ion;0.004048582995951417
35;27 Sodium Cyanide;0.004048582995951417
36;28 Nitric oxide;0.004048582995951417
37;30 Ethyne Isocyanide;0.004048582995951417
38;31 Sodium Chloride;0.004048582995951417
39;32 Cyanoacetylene;0.004048582995951417
40;33 Sulfur Monoxide;0.004048582995951417
41;34 Aluminum Isocyanitrile;0.004048582995951417
42;35 Cyanobutadiyne;0.004048582995951417
43;37 Carbon Monoxide;0.004048582995951417
44;38 Propadienylidene;0.004048582995951417
45;39 Methanimine;0.004048582995951417
46;40 Aluminum Monofluoride;0.004048582995951417
47;41 Formamide;0.004048582995951417
48;42 Aminoacetonitrile;0.004048582995951417
49;43 Ammonia;0.004048582995951417
50;44 gauche-Ethanol;0.004048582995951417
51;45 Protonate 2-proynenitrile;0.004048582995951417
52;46 Carbonyl Sulfide;0.004048582995951417
53;47 Thioxoethenylidene;0.004048582995951417
54;48 Ethyl cyanide;0.004048582995951417
55;49 Water;0.004048582995951417
56;50 Methyl Formate;0.004048582995951417
57;51 Acetaldehyde;0.004048582995951417
58;52 Ketenimine;0.004048582995951417
59;53 Propenal;0.004048582995951417
60;55 iso-propyl cyanide;0.004048582995951417
61;56 Hydrogen cyanide;0.004048582995951417
62;57 Protonated Carbon Dioxide;0.004048582995951417
63;58 Methylidyne;0.004048582995951417
64;59 Ketene;0.004048582995951417
65;60 Silicon Monoxide;0.004048582995951417
66;61 Acetone;0.004048582995951417
67;62 Vinyl Cyanide;0.004048582995951417
68;63 Silicon monoxide (global fit);0.004048582995951417
69;64 Cyclopropenylidene;0.004048582995951417
70;66 Cyanobutadiynylide anion;0.004048582995951417
71;67 Formaldehyde;0.004048582995951417
72;68 Carbon Monosulfide;0.004048582995951417
73;69 Fulminic acid;0.004048582995951417
74;70 trans-Ethanol;0.004048582995951417
75;72 Formylium;0.004048582995951417
76;73 Ethylene Oxide;0.004048582995951417
77;74 Sulfur dioxide;0.004048582995951417
78;75 Carbon Monophosphide;0.004048582995951417
79;76 Sulfur Monoxide ion;0.004048582995951417
80;77 Methanol;0.004048582995951417
81;78 Sulfur Dioxide;0.004048582995951417
82;79 Cyanoformaldehyde;0.004048582995951417
83;80 Isocyanic Acid;0.004048582995951417
84;82 Methylene amidogen;0.004048582995951417
85;83 Silicon Monocarbide;0.004048582995951417
86;84 Phosphaethyne;0.004048582995951417
87;85 Aluminum Monochloride;0.004048582995951417
88;86 Cyanoallene;0.004048582995951417
89;87 Methyl diacetylene;0.004048582995951417
90;88 Cyanomethylene;0.004048582995951417
91;90 Cyanomethyl;0.004048582995951417
92;91 Hydrogen Isocyanide;0.004048582995951417
93;92 Hydrogen sulfide;0.004048582995951417
94;93 Hydroxyl;0.004048582995951417
95;94 Glycolaldehyde;0.004048582995951417
96;95 Cyanide anion;0.004048582995951417
97;96 2-Propynal;0.004048582995951417
98;97 Ethynyl;0.004048582995951417
99;98 Phosphorous nitride;0.004048582995951417
100;99 Magnesium hydride isocyanide;0.004048582995951417
101;100 Potassium chloride;0.004048582995951417
102;101 Silicon tetracarbide;0.004048582995951417
103;102 Ethyl Cyanide;0.004048582995951417
104;103 Cyanamide;0.004048582995951417
105;104 Amidogen;0.004048582995951417
106;105 Hydroxymethylidyne;0.004048582995951417
107;106 Formyl Radical;0.004048582995951417
108;107 Vinyl Alcohol;0.004048582995951417
109;108 ortho-Oxidaniumyl;0.004048582995951417
110;109 Cyanoethynylide ion;0.004048582995951417
111;110 Oxoethenylidene;0.004048582995951417
112;111 2-Butynenitrile;0.004048582995951417
113;112 Cyanoethynyl;0.004048582995951417
114;113 Hydroxymethylium ion;0.004048582995951417
115;114 Thioformaldehyde;0.004048582995951417
116;115 Isothiocyanic acid;0.004048582995951417
117;116 Cyanic acid;0.004048582995951417
