1;81 Silicon Isocyanide;0.5270758122743682
2;10 Titanium monoxide;0.012635379061371839
3;19 Magnesium Cyanide;0.012635379061371839
4;34 Aluminum Isocyanitrile;0.012635379061371839
5;41 Formamide;0.012635379061371839
6;89 Phosphapropynylidyne;0.012635379061371839
7;116 Cyanic acid;0.012635379061371839
8;0 Dimethyl ether;0.003610108303249097
9;1 Butatrienylidene;0.003610108303249097
10;2 Trihydrogen ion;0.003610108303249097
11;3 Nitrous Oxide;0.003610108303249097
12;4 Methyl Acetylene;0.003610108303249097
13;5 Ethylene Glycol;0.003610108303249097
14;6 Methyl Cyanide;0.003610108303249097
15;7 Thioformylium;0.003610108303249097
16;8 para-Oxidaniumyl;0.003610108303249097
17;9 Hydrogen Cyanide;0.003610108303249097
18;11 Cyanide Radical;0.003610108303249097
19;12 Formic Acid;0.003610108303249097
20;13 Nitric sulfide;0.003610108303249097
21;14 Iminomethylium;0.003610108303249097
22;15 Aluminum monoxide;0.003610108303249097
23;16 Methyl isocyanate;0.003610108303249097
24;17 Nitrosyl hydride;0.003610108303249097
25;18 Propynylidynium;0.003610108303249097
26;20 Diazenylium;0.003610108303249097
27;21 Methylamine;0.003610108303249097
28;22 Chloronium;0.003610108303249097
29;23 Silicon monosulfide;0.003610108303249097
30;24 Phosphorus Monoxide;0.003610108303249097
31;25 Cyclopropenone;0.003610108303249097
32;26 Carbon Monoxide Ion;0.003610108303249097
33;27 Sodium Cyanide;0.003610108303249097
34;28 Nitric oxide;0.003610108303249097
35;29 Silicon Cyanide;0.003610108303249097
36;30 Ethyne Isocyanide;0.003610108303249097
37;31 Sodium Chloride;0.003610108303249097
38;32 Cyanoacetylene;0.003610108303249097
39;33 Sulfur Monoxide;0.003610108303249097
40;35 Cyanobutadiyne;0.003610108303249097
41;36 Silicon Mononitride;0.003610108303249097
42;37 Carbon Monoxide;0.003610108303249097
43;38 Propadienylidene;0.003610108303249097
44;39 Methanimine;0.003610108303249097
45;40 Aluminum Monofluoride;0.003610108303249097
46;42 Aminoacetonitrile;0.003610108303249097
47;43 Ammonia;0.003610108303249097
48;44 gauche-Ethanol;0.003610108303249097
49;45 Protonate 2-proynenitrile;0.003610108303249097
50;46 Carbonyl Sulfide;0.003610108303249097
51;47 Thioxoethenylidene;0.003610108303249097
52;48 Ethyl cyanide;0.003610108303249097
53;49 Water;0.003610108303249097
54;50 Methyl Formate;0.003610108303249097
55;51 Acetaldehyde;0.003610108303249097
56;52 Ketenimine;0.003610108303249097
57;53 Propenal;0.003610108303249097
58;54 Methyl isocyanide;0.003610108303249097
59;55 iso-propyl cyanide;0.003610108303249097
60;56 Hydrogen cyanide;0.003610108303249097
61;57 Protonated Carbon Dioxide;0.003610108303249097
62;58 Methylidyne;0.003610108303249097
63;59 Ketene;0.003610108303249097
64;60 Silicon Monoxide;0.003610108303249097
65;61 Acetone;0.003610108303249097
66;62 Vinyl Cyanide;0.003610108303249097
67;63 Silicon monoxide (global fit);0.003610108303249097
68;64 Cyclopropenylidene;0.003610108303249097
69;65 Magnesium Isocyanide;0.003610108303249097
70;66 Cyanobutadiynylide anion;0.003610108303249097
71;67 Formaldehyde;0.003610108303249097
72;68 Carbon Monosulfide;0.003610108303249097
73;69 Fulminic acid;0.003610108303249097
74;70 trans-Ethanol;0.003610108303249097
75;71 Silicon Carbide;0.003610108303249097
76;72 Formylium;0.003610108303249097
77;73 Ethylene Oxide;0.003610108303249097
78;74 Sulfur dioxide;0.003610108303249097
79;75 Carbon Monophosphide;0.003610108303249097
80;76 Sulfur Monoxide ion;0.003610108303249097
81;77 Methanol;0.003610108303249097
82;78 Sulfur Dioxide;0.003610108303249097
83;79 Cyanoformaldehyde;0.003610108303249097
84;80 Isocyanic Acid;0.003610108303249097
85;82 Methylene amidogen;0.003610108303249097
86;83 Silicon Monocarbide;0.003610108303249097
87;84 Phosphaethyne;0.003610108303249097
88;85 Aluminum Monochloride;0.003610108303249097
89;86 Cyanoallene;0.003610108303249097
90;87 Methyl diacetylene;0.003610108303249097
91;88 Cyanomethylene;0.003610108303249097
92;90 Cyanomethyl;0.003610108303249097
93;91 Hydrogen Isocyanide;0.003610108303249097
94;92 Hydrogen sulfide;0.003610108303249097
95;93 Hydroxyl;0.003610108303249097
96;94 Glycolaldehyde;0.003610108303249097
97;95 Cyanide anion;0.003610108303249097
98;96 2-Propynal;0.003610108303249097
99;97 Ethynyl;0.003610108303249097
100;98 Phosphorous nitride;0.003610108303249097
101;99 Magnesium hydride isocyanide;0.003610108303249097
102;100 Potassium chloride;0.003610108303249097
103;101 Silicon tetracarbide;0.003610108303249097
104;102 Ethyl Cyanide;0.003610108303249097
105;103 Cyanamide;0.003610108303249097
106;104 Amidogen;0.003610108303249097
107;105 Hydroxymethylidyne;0.003610108303249097
108;106 Formyl Radical;0.003610108303249097
109;107 Vinyl Alcohol;0.003610108303249097
110;108 ortho-Oxidaniumyl;0.003610108303249097
111;109 Cyanoethynylide ion;0.003610108303249097
112;110 Oxoethenylidene;0.003610108303249097
113;111 2-Butynenitrile;0.003610108303249097
114;112 Cyanoethynyl;0.003610108303249097
115;113 Hydroxymethylium ion;0.003610108303249097
116;114 Thioformaldehyde;0.003610108303249097
117;115 Isothiocyanic acid;0.003610108303249097
