1;110 Oxoethenylidene;0.8982009653356735
2;0 Dimethyl ether;0.0008775778850372971
3;1 Butatrienylidene;0.0008775778850372971
4;2 Trihydrogen ion;0.0008775778850372971
5;3 Nitrous Oxide;0.0008775778850372971
6;4 Methyl Acetylene;0.0008775778850372971
7;5 Ethylene Glycol;0.0008775778850372971
8;6 Methyl Cyanide;0.0008775778850372971
9;7 Thioformylium;0.0008775778850372971
10;8 para-Oxidaniumyl;0.0008775778850372971
11;9 Hydrogen Cyanide;0.0008775778850372971
12;10 Titanium monoxide;0.0008775778850372971
13;11 Cyanide Radical;0.0008775778850372971
14;12 Formic Acid;0.0008775778850372971
15;13 Nitric sulfide;0.0008775778850372971
16;14 Iminomethylium;0.0008775778850372971
17;15 Aluminum monoxide;0.0008775778850372971
18;16 Methyl isocyanate;0.0008775778850372971
19;17 Nitrosyl hydride;0.0008775778850372971
20;18 Propynylidynium;0.0008775778850372971
21;19 Magnesium Cyanide;0.0008775778850372971
22;20 Diazenylium;0.0008775778850372971
23;21 Methylamine;0.0008775778850372971
24;22 Chloronium;0.0008775778850372971
25;23 Silicon monosulfide;0.0008775778850372971
26;24 Phosphorus Monoxide;0.0008775778850372971
27;25 Cyclopropenone;0.0008775778850372971
28;26 Carbon Monoxide Ion;0.0008775778850372971
29;27 Sodium Cyanide;0.0008775778850372971
30;28 Nitric oxide;0.0008775778850372971
31;29 Silicon Cyanide;0.0008775778850372971
32;30 Ethyne Isocyanide;0.0008775778850372971
33;31 Sodium Chloride;0.0008775778850372971
34;32 Cyanoacetylene;0.0008775778850372971
35;33 Sulfur Monoxide;0.0008775778850372971
36;34 Aluminum Isocyanitrile;0.0008775778850372971
37;35 Cyanobutadiyne;0.0008775778850372971
38;36 Silicon Mononitride;0.0008775778850372971
39;37 Carbon Monoxide;0.0008775778850372971
40;38 Propadienylidene;0.0008775778850372971
41;39 Methanimine;0.0008775778850372971
42;40 Aluminum Monofluoride;0.0008775778850372971
43;41 Formamide;0.0008775778850372971
44;42 Aminoacetonitrile;0.0008775778850372971
45;43 Ammonia;0.0008775778850372971
46;44 gauche-Ethanol;0.0008775778850372971
47;45 Protonate 2-proynenitrile;0.0008775778850372971
48;46 Carbonyl Sulfide;0.0008775778850372971
49;47 Thioxoethenylidene;0.0008775778850372971
50;48 Ethyl cyanide;0.0008775778850372971
51;49 Water;0.0008775778850372971
52;50 Methyl Formate;0.0008775778850372971
53;51 Acetaldehyde;0.0008775778850372971
54;52 Ketenimine;0.0008775778850372971
55;53 Propenal;0.0008775778850372971
56;54 Methyl isocyanide;0.0008775778850372971
57;55 iso-propyl cyanide;0.0008775778850372971
58;56 Hydrogen cyanide;0.0008775778850372971
59;57 Protonated Carbon Dioxide;0.0008775778850372971
60;58 Methylidyne;0.0008775778850372971
61;59 Ketene;0.0008775778850372971
62;60 Silicon Monoxide;0.0008775778850372971
63;61 Acetone;0.0008775778850372971
64;62 Vinyl Cyanide;0.0008775778850372971
65;63 Silicon monoxide (global fit);0.0008775778850372971
66;64 Cyclopropenylidene;0.0008775778850372971
67;65 Magnesium Isocyanide;0.0008775778850372971
68;66 Cyanobutadiynylide anion;0.0008775778850372971
69;67 Formaldehyde;0.0008775778850372971
70;68 Carbon Monosulfide;0.0008775778850372971
71;69 Fulminic acid;0.0008775778850372971
72;70 trans-Ethanol;0.0008775778850372971
73;71 Silicon Carbide;0.0008775778850372971
74;72 Formylium;0.0008775778850372971
75;73 Ethylene Oxide;0.0008775778850372971
76;74 Sulfur dioxide;0.0008775778850372971
77;75 Carbon Monophosphide;0.0008775778850372971
78;76 Sulfur Monoxide ion;0.0008775778850372971
79;77 Methanol;0.0008775778850372971
80;78 Sulfur Dioxide;0.0008775778850372971
81;79 Cyanoformaldehyde;0.0008775778850372971
82;80 Isocyanic Acid;0.0008775778850372971
83;81 Silicon Isocyanide;0.0008775778850372971
84;82 Methylene amidogen;0.0008775778850372971
85;83 Silicon Monocarbide;0.0008775778850372971
86;84 Phosphaethyne;0.0008775778850372971
87;85 Aluminum Monochloride;0.0008775778850372971
88;86 Cyanoallene;0.0008775778850372971
89;87 Methyl diacetylene;0.0008775778850372971
90;88 Cyanomethylene;0.0008775778850372971
91;89 Phosphapropynylidyne;0.0008775778850372971
92;90 Cyanomethyl;0.0008775778850372971
93;91 Hydrogen Isocyanide;0.0008775778850372971
94;92 Hydrogen sulfide;0.0008775778850372971
95;93 Hydroxyl;0.0008775778850372971
96;94 Glycolaldehyde;0.0008775778850372971
97;95 Cyanide anion;0.0008775778850372971
98;96 2-Propynal;0.0008775778850372971
99;97 Ethynyl;0.0008775778850372971
100;98 Phosphorous nitride;0.0008775778850372971
101;99 Magnesium hydride isocyanide;0.0008775778850372971
102;100 Potassium chloride;0.0008775778850372971
103;101 Silicon tetracarbide;0.0008775778850372971
104;102 Ethyl Cyanide;0.0008775778850372971
105;103 Cyanamide;0.0008775778850372971
106;104 Amidogen;0.0008775778850372971
107;105 Hydroxymethylidyne;0.0008775778850372971
108;106 Formyl Radical;0.0008775778850372971
109;107 Vinyl Alcohol;0.0008775778850372971
110;108 ortho-Oxidaniumyl;0.0008775778850372971
111;109 Cyanoethynylide ion;0.0008775778850372971
112;111 2-Butynenitrile;0.0008775778850372971
113;112 Cyanoethynyl;0.0008775778850372971
114;113 Hydroxymethylium ion;0.0008775778850372971
115;114 Thioformaldehyde;0.0008775778850372971
116;115 Isothiocyanic acid;0.0008775778850372971
117;116 Cyanic acid;0.0008775778850372971
