uid___A002_Xa916fc_X668__IRS43_HCO32.final.image.pbcor;model_dark_clouds_tr_500it;1;5 Methyliumylidene;0.9245810055865921
uid___A002_Xa916fc_X668__IRS43_HCO32.final.image.pbcor;model_dark_clouds_tr_500it;2;0 Ketene;0.0013231402528668039
uid___A002_Xa916fc_X668__IRS43_HCO32.final.image.pbcor;model_dark_clouds_tr_500it;3;1 1,3,5-Hexatriynyl;0.0013231402528668039
uid___A002_Xa916fc_X668__IRS43_HCO32.final.image.pbcor;model_dark_clouds_tr_500it;4;2 Oxonium hydride;0.0013231402528668039
uid___A002_Xa916fc_X668__IRS43_HCO32.final.image.pbcor;model_dark_clouds_tr_500it;5;3 Vinyl Cyanide;0.0013231402528668039
uid___A002_Xa916fc_X668__IRS43_HCO32.final.image.pbcor;model_dark_clouds_2_500it;1;5 Methyliumylidene;0.9245810055865921
uid___A002_Xa916fc_X668__IRS43_HCO32.final.image.pbcor;model_dark_clouds_2_500it;2;0 Ketene;0.0013231402528668039
uid___A002_Xa916fc_X668__IRS43_HCO32.final.image.pbcor;model_dark_clouds_2_500it;3;1 1,3,5-Hexatriynyl;0.0013231402528668039
uid___A002_Xa916fc_X668__IRS43_HCO32.final.image.pbcor;model_dark_clouds_2_500it;4;2 Oxonium hydride;0.0013231402528668039
uid___A002_Xa916fc_X668__IRS43_HCO32.final.image.pbcor;model_dark_clouds_2_500it;5;3 Vinyl Cyanide;0.0013231402528668039
uid___A002_Xa916fc_X668__IRS43_HCO32.final.image.pbcor;model_dark_clouds_full_500it;1;5 Methyliumylidene;0.9245810055865921
uid___A002_Xa916fc_X668__IRS43_HCO32.final.image.pbcor;model_dark_clouds_full_500it;2;0 Ketene;0.0013231402528668039
uid___A002_Xa916fc_X668__IRS43_HCO32.final.image.pbcor;model_dark_clouds_full_500it;3;1 1,3,5-Hexatriynyl;0.0013231402528668039
uid___A002_Xa916fc_X668__IRS43_HCO32.final.image.pbcor;model_dark_clouds_full_500it;4;2 Oxonium hydride;0.0013231402528668039
uid___A002_Xa916fc_X668__IRS43_HCO32.final.image.pbcor;model_dark_clouds_full_500it;5;3 Vinyl Cyanide;0.0013231402528668039
uid___A002_Xa916fc_X668__IRS43_HCO32.final.image.pbcor;model_dark_clouds_full_expanded_00002_500it;1;48 Hexatrienyl;0.9231108497500734
uid___A002_Xa916fc_X668__IRS43_HCO32.final.image.pbcor;model_dark_clouds_full_expanded_00002_500it;2;30 Sulfur dioxide;0.0027932960893854745
uid___A002_Xa916fc_X668__IRS43_HCO32.final.image.pbcor;model_dark_clouds_full_expanded_00002_500it;3;0 Ketene;0.0013231402528668039
uid___A002_Xa916fc_X668__IRS43_HCO32.final.image.pbcor;model_dark_clouds_full_expanded_00002_500it;4;1 1,3,5-Hexatriynyl;0.0013231402528668039
uid___A002_Xa916fc_X668__IRS43_HCO32.final.image.pbcor;model_dark_clouds_full_expanded_00002_500it;5;2 Oxonium hydride;0.0013231402528668039
uid___A002_Xa916fc_X668__IRS43_HCO32.final.image.pbcor;model_dark_clouds_full_expanded_00010_500it;1;36 Sulfur Monoxide;0.9245810055865921
uid___A002_Xa916fc_X668__IRS43_HCO32.final.image.pbcor;model_dark_clouds_full_expanded_00010_500it;2;0 Ketene;0.0013231402528668039
uid___A002_Xa916fc_X668__IRS43_HCO32.final.image.pbcor;model_dark_clouds_full_expanded_00010_500it;3;1 1,3,5-Hexatriynyl;0.0013231402528668039
uid___A002_Xa916fc_X668__IRS43_HCO32.final.image.pbcor;model_dark_clouds_full_expanded_00010_500it;4;2 Oxonium hydride;0.0013231402528668039
uid___A002_Xa916fc_X668__IRS43_HCO32.final.image.pbcor;model_dark_clouds_full_expanded_00010_500it;5;3 Vinyl Cyanide;0.0013231402528668039
TWHydra_HCOplusline.image;model_dark_clouds_tr_500it;1;42 Silicon Monoxide;0.7230021598272139
TWHydra_HCOplusline.image;model_dark_clouds_tr_500it;2;0 Ketene;0.004859611231101513
TWHydra_HCOplusline.image;model_dark_clouds_tr_500it;3;1 1,3,5-Hexatriynyl;0.004859611231101513
TWHydra_HCOplusline.image;model_dark_clouds_tr_500it;4;2 Oxonium hydride;0.004859611231101513
TWHydra_HCOplusline.image;model_dark_clouds_tr_500it;5;3 Vinyl Cyanide;0.004859611231101513
TWHydra_HCOplusline.image;model_dark_clouds_2_500it;1;42 Silicon Monoxide;0.5502159827213824
TWHydra_HCOplusline.image;model_dark_clouds_2_500it;2;16 2,4,6,8-Nonatetraynenitrile;0.17764578833693304
TWHydra_HCOplusline.image;model_dark_clouds_2_500it;3;0 Ketene;0.004859611231101513
TWHydra_HCOplusline.image;model_dark_clouds_2_500it;4;1 1,3,5-Hexatriynyl;0.004859611231101513
TWHydra_HCOplusline.image;model_dark_clouds_2_500it;5;2 Oxonium hydride;0.004859611231101513
TWHydra_HCOplusline.image;model_dark_clouds_full_500it;1;42 Silicon Monoxide;0.6528077753779699
TWHydra_HCOplusline.image;model_dark_clouds_full_500it;2;26 1,3,5,7-Octatetraynyl anion;0.07505399568034558
TWHydra_HCOplusline.image;model_dark_clouds_full_500it;3;0 Ketene;0.004859611231101513
TWHydra_HCOplusline.image;model_dark_clouds_full_500it;4;1 1,3,5-Hexatriynyl;0.004859611231101513
TWHydra_HCOplusline.image;model_dark_clouds_full_500it;5;2 Oxonium hydride;0.004859611231101513
TWHydra_HCOplusline.image;model_dark_clouds_full_expanded_00002_500it;1;43 1,3,5,7-Octatetraynyl;0.7230021598272139
TWHydra_HCOplusline.image;model_dark_clouds_full_expanded_00002_500it;2;0 Ketene;0.004859611231101513
TWHydra_HCOplusline.image;model_dark_clouds_full_expanded_00002_500it;3;1 1,3,5-Hexatriynyl;0.004859611231101513
TWHydra_HCOplusline.image;model_dark_clouds_full_expanded_00002_500it;4;2 Oxonium hydride;0.004859611231101513
TWHydra_HCOplusline.image;model_dark_clouds_full_expanded_00002_500it;5;3 Vinyl Cyanide;0.004859611231101513
TWHydra_HCOplusline.image;model_dark_clouds_full_expanded_00010_500it;1;15 1,3-Butadiynyl radical;0.7230021598272139
TWHydra_HCOplusline.image;model_dark_clouds_full_expanded_00010_500it;2;0 Ketene;0.004859611231101513
TWHydra_HCOplusline.image;model_dark_clouds_full_expanded_00010_500it;3;1 1,3,5-Hexatriynyl;0.004859611231101513
TWHydra_HCOplusline.image;model_dark_clouds_full_expanded_00010_500it;4;2 Oxonium hydride;0.004859611231101513
TWHydra_HCOplusline.image;model_dark_clouds_full_expanded_00010_500it;5;3 Vinyl Cyanide;0.004859611231101513
Orion.HNC.cbc.contsub.image;model_dark_clouds_tr_500it;1;5 Methyliumylidene;0.847412254610351
Orion.HNC.cbc.contsub.image;model_dark_clouds_tr_500it;2;0 Ketene;0.002676977989292088
Orion.HNC.cbc.contsub.image;model_dark_clouds_tr_500it;3;1 1,3,5-Hexatriynyl;0.002676977989292088
Orion.HNC.cbc.contsub.image;model_dark_clouds_tr_500it;4;2 Oxonium hydride;0.002676977989292088
Orion.HNC.cbc.contsub.image;model_dark_clouds_tr_500it;5;3 Vinyl Cyanide;0.002676977989292088
Orion.HNC.cbc.contsub.image;model_dark_clouds_2_500it;1;5 Methyliumylidene;0.7016656751933373
Orion.HNC.cbc.contsub.image;model_dark_clouds_2_500it;2;28 Cyanobutadiyne;0.08893515764425937
Orion.HNC.cbc.contsub.image;model_dark_clouds_2_500it;3;48 Hexatrienyl;0.062165377751338485
Orion.HNC.cbc.contsub.image;model_dark_clouds_2_500it;4;0 Ketene;0.002676977989292088
Orion.HNC.cbc.contsub.image;model_dark_clouds_2_500it;5;1 1,3,5-Hexatriynyl;0.002676977989292088
Orion.HNC.cbc.contsub.image;model_dark_clouds_full_500it;1;5 Methyliumylidene;0.6451516954193932
Orion.HNC.cbc.contsub.image;model_dark_clouds_full_500it;2;48 Hexatrienyl;0.20493753718024987
Orion.HNC.cbc.contsub.image;model_dark_clouds_full_500it;3;0 Ketene;0.002676977989292088
Orion.HNC.cbc.contsub.image;model_dark_clouds_full_500it;4;1 1,3,5-Hexatriynyl;0.002676977989292088
Orion.HNC.cbc.contsub.image;model_dark_clouds_full_500it;5;2 Oxonium hydride;0.002676977989292088
Orion.HNC.cbc.contsub.image;model_dark_clouds_full_expanded_00002_500it;1;38 Hydrogen Cyanide;0.847412254610351
Orion.HNC.cbc.contsub.image;model_dark_clouds_full_expanded_00002_500it;2;0 Ketene;0.002676977989292088
Orion.HNC.cbc.contsub.image;model_dark_clouds_full_expanded_00002_500it;3;1 1,3,5-Hexatriynyl;0.002676977989292088
Orion.HNC.cbc.contsub.image;model_dark_clouds_full_expanded_00002_500it;4;2 Oxonium hydride;0.002676977989292088
Orion.HNC.cbc.contsub.image;model_dark_clouds_full_expanded_00002_500it;5;3 Vinyl Cyanide;0.002676977989292088
Orion.HNC.cbc.contsub.image;model_dark_clouds_full_expanded_00010_500it;1;44 Oxoethenylidene;0.847412254610351
Orion.HNC.cbc.contsub.image;model_dark_clouds_full_expanded_00010_500it;2;0 Ketene;0.002676977989292088
Orion.HNC.cbc.contsub.image;model_dark_clouds_full_expanded_00010_500it;3;1 1,3,5-Hexatriynyl;0.002676977989292088
Orion.HNC.cbc.contsub.image;model_dark_clouds_full_expanded_00010_500it;4;2 Oxonium hydride;0.002676977989292088
Orion.HNC.cbc.contsub.image;model_dark_clouds_full_expanded_00010_500it;5;3 Vinyl Cyanide;0.002676977989292088
TWHydra_CO3_2line.image;model_dark_clouds_tr_500it;1;42 Silicon Monoxide;0.7316945606694562
TWHydra_CO3_2line.image;model_dark_clouds_tr_500it;2;0 Ketene;0.004707112970711297
TWHydra_CO3_2line.image;model_dark_clouds_tr_500it;3;1 1,3,5-Hexatriynyl;0.004707112970711297
TWHydra_CO3_2line.image;model_dark_clouds_tr_500it;4;2 Oxonium hydride;0.004707112970711297
TWHydra_CO3_2line.image;model_dark_clouds_tr_500it;5;3 Vinyl Cyanide;0.004707112970711297
TWHydra_CO3_2line.image;model_dark_clouds_2_500it;1;5 Methyliumylidene;0.4911087866108787
TWHydra_CO3_2line.image;model_dark_clouds_2_500it;2;32 2,4,6,8,10-Undecapentaynenitrile;0.1563807531380753
TWHydra_CO3_2line.image;model_dark_clouds_2_500it;3;28 Cyanobutadiyne;0.09361924686192469
TWHydra_CO3_2line.image;model_dark_clouds_2_500it;4;0 Ketene;0.004707112970711297
TWHydra_CO3_2line.image;model_dark_clouds_2_500it;5;1 1,3,5-Hexatriynyl;0.004707112970711297
TWHydra_CO3_2line.image;model_dark_clouds_full_500it;1;5 Methyliumylidene;0.569560669456067
TWHydra_CO3_2line.image;model_dark_clouds_full_500it;2;42 Silicon Monoxide;0.16684100418410042
TWHydra_CO3_2line.image;model_dark_clouds_full_500it;3;0 Ketene;0.004707112970711297
TWHydra_CO3_2line.image;model_dark_clouds_full_500it;4;1 1,3,5-Hexatriynyl;0.004707112970711297
TWHydra_CO3_2line.image;model_dark_clouds_full_500it;5;2 Oxonium hydride;0.004707112970711297
TWHydra_CO3_2line.image;model_dark_clouds_full_expanded_00002_500it;1;44 Oxoethenylidene;0.7264644351464435
TWHydra_CO3_2line.image;model_dark_clouds_full_expanded_00002_500it;2;42 Silicon Monoxide;0.00993723849372385
TWHydra_CO3_2line.image;model_dark_clouds_full_expanded_00002_500it;3;0 Ketene;0.004707112970711297
TWHydra_CO3_2line.image;model_dark_clouds_full_expanded_00002_500it;4;1 1,3,5-Hexatriynyl;0.004707112970711297
TWHydra_CO3_2line.image;model_dark_clouds_full_expanded_00002_500it;5;2 Oxonium hydride;0.004707112970711297
TWHydra_CO3_2line.image;model_dark_clouds_full_expanded_00010_500it;1;46 Carbon Monoxide;0.7160041841004184
TWHydra_CO3_2line.image;model_dark_clouds_full_expanded_00010_500it;2;9 Ethyl Cyanide;0.00993723849372385
TWHydra_CO3_2line.image;model_dark_clouds_full_expanded_00010_500it;3;26 1,3,5,7-Octatetraynyl anion;0.00993723849372385
TWHydra_CO3_2line.image;model_dark_clouds_full_expanded_00010_500it;4;45 Propynylidynium;0.00993723849372385
TWHydra_CO3_2line.image;model_dark_clouds_full_expanded_00010_500it;5;0 Ketene;0.004707112970711297
Orion.methanol.cbc.contsub.image;model_dark_clouds_tr_500it;1;42 Silicon Monoxide;0.6927144535840188
Orion.methanol.cbc.contsub.image;model_dark_clouds_tr_500it;2;21 2,4,6-Heptatriynenitrile;0.011163337250293772
Orion.methanol.cbc.contsub.image;model_dark_clouds_tr_500it;3;0 Ketene;0.005287896592244419
Orion.methanol.cbc.contsub.image;model_dark_clouds_tr_500it;4;1 1,3,5-Hexatriynyl;0.005287896592244419
Orion.methanol.cbc.contsub.image;model_dark_clouds_tr_500it;5;2 Oxonium hydride;0.005287896592244419
Orion.methanol.cbc.contsub.image;model_dark_clouds_2_500it;1;42 Silicon Monoxide;0.6985898942420682
Orion.methanol.cbc.contsub.image;model_dark_clouds_2_500it;2;0 Ketene;0.005287896592244419
Orion.methanol.cbc.contsub.image;model_dark_clouds_2_500it;3;1 1,3,5-Hexatriynyl;0.005287896592244419
Orion.methanol.cbc.contsub.image;model_dark_clouds_2_500it;4;2 Oxonium hydride;0.005287896592244419
Orion.methanol.cbc.contsub.image;model_dark_clouds_2_500it;5;3 Vinyl Cyanide;0.005287896592244419
Orion.methanol.cbc.contsub.image;model_dark_clouds_full_500it;1;21 2,4,6-Heptatriynenitrile;0.6692126909518215
Orion.methanol.cbc.contsub.image;model_dark_clouds_full_500it;2;50 Hydrogen Isocyanide;0.03466509988249119
Orion.methanol.cbc.contsub.image;model_dark_clouds_full_500it;3;0 Ketene;0.005287896592244419
Orion.methanol.cbc.contsub.image;model_dark_clouds_full_500it;4;1 1,3,5-Hexatriynyl;0.005287896592244419
Orion.methanol.cbc.contsub.image;model_dark_clouds_full_500it;5;2 Oxonium hydride;0.005287896592244419
Orion.methanol.cbc.contsub.image;model_dark_clouds_full_expanded_00002_500it;1;51 Carbon Monosulfide;0.6985898942420682
Orion.methanol.cbc.contsub.image;model_dark_clouds_full_expanded_00002_500it;2;0 Ketene;0.005287896592244419
Orion.methanol.cbc.contsub.image;model_dark_clouds_full_expanded_00002_500it;3;1 1,3,5-Hexatriynyl;0.005287896592244419
Orion.methanol.cbc.contsub.image;model_dark_clouds_full_expanded_00002_500it;4;2 Oxonium hydride;0.005287896592244419
Orion.methanol.cbc.contsub.image;model_dark_clouds_full_expanded_00002_500it;5;3 Vinyl Cyanide;0.005287896592244419
Orion.methanol.cbc.contsub.image;model_dark_clouds_full_expanded_00010_500it;1;43 1,3,5,7-Octatetraynyl;0.6985898942420682
Orion.methanol.cbc.contsub.image;model_dark_clouds_full_expanded_00010_500it;2;0 Ketene;0.005287896592244419
Orion.methanol.cbc.contsub.image;model_dark_clouds_full_expanded_00010_500it;3;1 1,3,5-Hexatriynyl;0.005287896592244419
Orion.methanol.cbc.contsub.image;model_dark_clouds_full_expanded_00010_500it;4;2 Oxonium hydride;0.005287896592244419
Orion.methanol.cbc.contsub.image;model_dark_clouds_full_expanded_00010_500it;5;3 Vinyl Cyanide;0.005287896592244419
HD163296_CO_2_1.image;model_dark_clouds_tr_500it;1;5 Methyliumylidene;0.8469570405727923
HD163296_CO_2_1.image;model_dark_clouds_tr_500it;2;0 Ketene;0.002684964200477327
HD163296_CO_2_1.image;model_dark_clouds_tr_500it;3;1 1,3,5-Hexatriynyl;0.002684964200477327
HD163296_CO_2_1.image;model_dark_clouds_tr_500it;4;2 Oxonium hydride;0.002684964200477327
HD163296_CO_2_1.image;model_dark_clouds_tr_500it;5;3 Vinyl Cyanide;0.002684964200477327
HD163296_CO_2_1.image;model_dark_clouds_2_500it;1;5 Methyliumylidene;0.8469570405727923
HD163296_CO_2_1.image;model_dark_clouds_2_500it;2;0 Ketene;0.002684964200477327
HD163296_CO_2_1.image;model_dark_clouds_2_500it;3;1 1,3,5-Hexatriynyl;0.002684964200477327
HD163296_CO_2_1.image;model_dark_clouds_2_500it;4;2 Oxonium hydride;0.002684964200477327
HD163296_CO_2_1.image;model_dark_clouds_2_500it;5;3 Vinyl Cyanide;0.002684964200477327
HD163296_CO_2_1.image;model_dark_clouds_full_500it;1;48 Hexatrienyl;0.8469570405727923
HD163296_CO_2_1.image;model_dark_clouds_full_500it;2;0 Ketene;0.002684964200477327
HD163296_CO_2_1.image;model_dark_clouds_full_500it;3;1 1,3,5-Hexatriynyl;0.002684964200477327
HD163296_CO_2_1.image;model_dark_clouds_full_500it;4;2 Oxonium hydride;0.002684964200477327
HD163296_CO_2_1.image;model_dark_clouds_full_500it;5;3 Vinyl Cyanide;0.002684964200477327
HD163296_CO_2_1.image;model_dark_clouds_full_expanded_00002_500it;1;50 Hydrogen Isocyanide;0.8469570405727923
HD163296_CO_2_1.image;model_dark_clouds_full_expanded_00002_500it;2;0 Ketene;0.002684964200477327
HD163296_CO_2_1.image;model_dark_clouds_full_expanded_00002_500it;3;1 1,3,5-Hexatriynyl;0.002684964200477327
HD163296_CO_2_1.image;model_dark_clouds_full_expanded_00002_500it;4;2 Oxonium hydride;0.002684964200477327
HD163296_CO_2_1.image;model_dark_clouds_full_expanded_00002_500it;5;3 Vinyl Cyanide;0.002684964200477327
HD163296_CO_2_1.image;model_dark_clouds_full_expanded_00010_500it;1;51 Carbon Monosulfide;0.8439737470167064
HD163296_CO_2_1.image;model_dark_clouds_full_expanded_00010_500it;2;11 4-Cyano-1,3-Butadiynyl;0.0056682577565632455
HD163296_CO_2_1.image;model_dark_clouds_full_expanded_00010_500it;3;0 Ketene;0.002684964200477327
HD163296_CO_2_1.image;model_dark_clouds_full_expanded_00010_500it;4;1 1,3,5-Hexatriynyl;0.002684964200477327
HD163296_CO_2_1.image;model_dark_clouds_full_expanded_00010_500it;5;2 Oxonium hydride;0.002684964200477327
DMTau.CS_5-4.image;model_dark_clouds_tr_500it;1;5 Methyliumylidene;0.8657770800627943
DMTau.CS_5-4.image;model_dark_clouds_tr_500it;2;0 Ketene;0.0023547880690737836
DMTau.CS_5-4.image;model_dark_clouds_tr_500it;3;1 1,3,5-Hexatriynyl;0.0023547880690737836
DMTau.CS_5-4.image;model_dark_clouds_tr_500it;4;2 Oxonium hydride;0.0023547880690737836
DMTau.CS_5-4.image;model_dark_clouds_tr_500it;5;3 Vinyl Cyanide;0.0023547880690737836
DMTau.CS_5-4.image;model_dark_clouds_2_500it;1;42 Silicon Monoxide;0.8657770800627943
DMTau.CS_5-4.image;model_dark_clouds_2_500it;2;0 Ketene;0.0023547880690737836
DMTau.CS_5-4.image;model_dark_clouds_2_500it;3;1 1,3,5-Hexatriynyl;0.0023547880690737836
DMTau.CS_5-4.image;model_dark_clouds_2_500it;4;2 Oxonium hydride;0.0023547880690737836
DMTau.CS_5-4.image;model_dark_clouds_2_500it;5;3 Vinyl Cyanide;0.0023547880690737836
DMTau.CS_5-4.image;model_dark_clouds_full_500it;1;5 Methyliumylidene;0.6747776033490319
DMTau.CS_5-4.image;model_dark_clouds_full_500it;2;42 Silicon Monoxide;0.19335426478283624
DMTau.CS_5-4.image;model_dark_clouds_full_500it;3;0 Ketene;0.0023547880690737836
DMTau.CS_5-4.image;model_dark_clouds_full_500it;4;1 1,3,5-Hexatriynyl;0.0023547880690737836
DMTau.CS_5-4.image;model_dark_clouds_full_500it;5;2 Oxonium hydride;0.0023547880690737836
DMTau.CS_5-4.image;model_dark_clouds_full_expanded_00002_500it;1;28 Cyanobutadiyne;0.8631606488749346
DMTau.CS_5-4.image;model_dark_clouds_full_expanded_00002_500it;2;2 Oxonium hydride;0.004971219256933543
DMTau.CS_5-4.image;model_dark_clouds_full_expanded_00002_500it;3;0 Ketene;0.0023547880690737836
DMTau.CS_5-4.image;model_dark_clouds_full_expanded_00002_500it;4;1 1,3,5-Hexatriynyl;0.0023547880690737836
DMTau.CS_5-4.image;model_dark_clouds_full_expanded_00002_500it;5;3 Vinyl Cyanide;0.0023547880690737836
DMTau.CS_5-4.image;model_dark_clouds_full_expanded_00010_500it;1;37 Methyltriacetylene;0.8631606488749346
DMTau.CS_5-4.image;model_dark_clouds_full_expanded_00010_500it;2;56 para-Oxidaniumyl;0.004971219256933543
DMTau.CS_5-4.image;model_dark_clouds_full_expanded_00010_500it;3;0 Ketene;0.0023547880690737836
DMTau.CS_5-4.image;model_dark_clouds_full_expanded_00010_500it;4;1 1,3,5-Hexatriynyl;0.0023547880690737836
DMTau.CS_5-4.image;model_dark_clouds_full_expanded_00010_500it;5;2 Oxonium hydride;0.0023547880690737836
