1;5 Methyliumylidene;0.569560669456067
2;42 Silicon Monoxide;0.16684100418410042
3;0 Ketene;0.004707112970711297
4;1 1,3,5-Hexatriynyl;0.004707112970711297
5;2 Oxonium hydride;0.004707112970711297
6;3 Vinyl Cyanide;0.004707112970711297
7;4 Hydroxyl;0.004707112970711297
8;6 Carbon Monosulfide;0.004707112970711297
9;7 Cyanomethyl;0.004707112970711297
10;8 Methyl Acetylene;0.004707112970711297
11;9 Ethyl Cyanide;0.004707112970711297
12;10 2,4-Pentadiynylidyne;0.004707112970711297
13;11 4-Cyano-1,3-Butadiynyl;0.004707112970711297
14;12 Water;0.004707112970711297
15;13 Hydrogen sulfide;0.004707112970711297
16;14 Methylene amidogen;0.004707112970711297
17;15 1,3-Butadiynyl radical;0.004707112970711297
18;16 2,4,6,8-Nonatetraynenitrile;0.004707112970711297
19;17 Formylium;0.004707112970711297
20;18 Cyanoallene;0.004707112970711297
21;19 Trihydrogen ion;0.004707112970711297
22;20 Methylcyanodiacetylene;0.004707112970711297
23;21 2,4,6-Heptatriynenitrile;0.004707112970711297
24;22 Methanol;0.004707112970711297
25;23 Ammonia;0.004707112970711297
26;24 Methyl Cyanide;0.004707112970711297
27;25 1,3,5-Hexatriynyl anion;0.004707112970711297
28;26 1,3,5,7-Octatetraynyl anion;0.004707112970711297
29;27 3-Thioxo-1,2-Propadieylidene;0.004707112970711297
30;28 Cyanobutadiyne;0.004707112970711297
31;29 Nitric sulfide;0.004707112970711297
32;30 Sulfur dioxide;0.004707112970711297
33;31 Hydrochloric acid;0.004707112970711297
34;32 2,4,6,8,10-Undecapentaynenitrile;0.004707112970711297
35;33 Cyanide Radical;0.004707112970711297
36;34 Nitric oxide;0.004707112970711297
37;35 Formaldehyde;0.004707112970711297
38;36 Sulfur Monoxide;0.004707112970711297
39;37 Methyltriacetylene;0.004707112970711297
40;38 Hydrogen Cyanide;0.004707112970711297
41;39 Methyl diacetylene;0.004707112970711297
42;40 Methylidyne;0.004707112970711297
43;41 Thioxoethenylidene;0.004707112970711297
44;43 1,3,5,7-Octatetraynyl;0.004707112970711297
45;44 Oxoethenylidene;0.004707112970711297
46;45 Propynylidynium;0.004707112970711297
47;46 Carbon Monoxide;0.004707112970711297
48;47 Thioformaldehyde;0.004707112970711297
49;48 Hexatrienyl;0.004707112970711297
50;49 Diazenylium;0.004707112970711297
51;50 Hydrogen Isocyanide;0.004707112970711297
52;51 Carbon Monosulfide;0.004707112970711297
53;52 Methylamine;0.004707112970711297
54;53 Formic Acid;0.004707112970711297
55;54 Cyclopropenylidene;0.004707112970711297
56;55 Cyanoacetylene;0.004707112970711297
57;56 para-Oxidaniumyl;0.004707112970711297
58;57 ortho-Oxidaniumyl;0.004707112970711297
