1;8 Methyliumylidene;0.67847533632287
2;61 Fluoromethyliumylidene;0.17623318385650222
3;25 Fulminic acid;0.021524663677130042
4;34 Methanol;0.008071748878923767
5;14 Methyl Acetylene;0.005829596412556054
6;46 Sulfur Dioxide;0.003587443946188341
7;0 Isocyanic Acid;0.0013452914798206277
8;1 Propenal;0.0013452914798206277
9;2 Ketene;0.0013452914798206277
10;3 Oxonium hydride;0.0013452914798206277
11;4 Thioformylium;0.0013452914798206277
12;5 Vinyl Cyanide;0.0013452914798206277
13;6 Methyl Formate;0.0013452914798206277
14;7 Hydroxyl;0.0013452914798206277
15;9 Iminomethylium;0.0013452914798206277
16;10 Hydroxymethylium ion;0.0013452914798206277
17;11 2-Propynal;0.0013452914798206277
18;12 Carbon Monosulfide;0.0013452914798206277
19;13 Cyanomethyl;0.0013452914798206277
20;15 2-Butynenitrile;0.0013452914798206277
21;16 Methyl formate vt01;0.0013452914798206277
22;17 Ethyl Cyanide;0.0013452914798206277
23;18 gauche-Ethanol;0.0013452914798206277
24;19 Glycolaldehyde;0.0013452914798206277
25;20 Water;0.0013452914798206277
26;21 Hydrogen sulfide;0.0013452914798206277
27;22 Sulfur Monoxide ion;0.0013452914798206277
28;23 1,3-Butadiynyl radical;0.0013452914798206277
29;24 Formylium;0.0013452914798206277
30;26 Trihydrogen ion;0.0013452914798206277
31;27 Methanimine;0.0013452914798206277
32;28 Nitrous Oxide;0.0013452914798206277
33;29 Propadienylidene;0.0013452914798206277
34;30 Ethylene Oxide;0.0013452914798206277
35;31 Ketenimine;0.0013452914798206277
36;32 2,4,6-Heptatriynenitrile;0.0013452914798206277
37;33 Aminoacetonitrile;0.0013452914798206277
38;35 Ammonia;0.0013452914798206277
39;36 Formyl Radical;0.0013452914798206277
40;37 Methyl Cyanide;0.0013452914798206277
41;38 Molecular oxygen;0.0013452914798206277
42;39 Cyclopropenone;0.0013452914798206277
43;40 Carbonyl Sulfide;0.0013452914798206277
44;41 Acetaldehyde;0.0013452914798206277
45;42 Cyanomethylene;0.0013452914798206277
46;43 3-Thioxo-1,2-Propadieylidene;0.0013452914798206277
47;44 Formamide;0.0013452914798206277
48;45 Cyanobutadiyne;0.0013452914798206277
49;47 Methyl isocyanide;0.0013452914798206277
50;48 Nitric sulfide;0.0013452914798206277
51;49 Methylene;0.0013452914798206277
52;50 Hydrochloric acid;0.0013452914798206277
53;51 Ethyne Isocyanide;0.0013452914798206277
54;52 Cyanide Radical;0.0013452914798206277
55;53 Nitric oxide;0.0013452914798206277
56;54 Cyanic acid;0.0013452914798206277
57;55 Formaldehyde;0.0013452914798206277
58;56 Sulfur Monoxide;0.0013452914798206277
59;57 Protonate 2-proynenitrile;0.0013452914798206277
60;58 Ethynyl;0.0013452914798206277
61;59 Ethylene Glycol;0.0013452914798206277
62;60 Hydrogen Cyanide;0.0013452914798206277
63;62 Methylidyne;0.0013452914798206277
64;63 Thioxoethenylidene;0.0013452914798206277
65;64 Cyanomethanimine;0.0013452914798206277
66;65 Silicon Monoxide;0.0013452914798206277
67;66 Dimethyl ether;0.0013452914798206277
68;67 Acetone;0.0013452914798206277
69;68 Carbon Monoxide;0.0013452914798206277
70;69 Phosphorous nitride;0.0013452914798206277
71;70 Thioformaldehyde;0.0013452914798206277
72;71 Diazenylium;0.0013452914798206277
73;72 Cyanoformaldehyde;0.0013452914798206277
74;73 Isothiocyanic acid;0.0013452914798206277
75;74 Vinyl Alcohol;0.0013452914798206277
76;75 Hydrogen Isocyanide;0.0013452914798206277
77;76 Carbon Monosulfide;0.0013452914798206277
78;77 Methylamine;0.0013452914798206277
79;78 Protonated Carbon Dioxide;0.0013452914798206277
80;79 Formic Acid;0.0013452914798206277
81;80 Cyclopropenylidene;0.0013452914798206277
82;81 Cyanoacetylene;0.0013452914798206277
83;82 para-Oxidaniumyl;0.0013452914798206277
84;83 ortho-Oxidaniumyl;0.0013452914798206277
85;84 Nitrosyl hydride;0.0013452914798206277
