1;8 Methyliumylidene;0.5106060606060606
2;45 Cyanobutadiyne;0.13749999999999998
3;61 Fluoromethyliumylidene;0.12424242424242424
4;76 Carbon Monosulfide;0.04659090909090909
5;9 Iminomethylium;0.03333333333333333
6;57 Protonate 2-proynenitrile;0.020075757575757577
7;32 2,4,6-Heptatriynenitrile;0.01628787878787879
8;34 Methanol;0.008712121212121211
9;24 Formylium;0.006818181818181819
10;4 Thioformylium;0.0030303030303030303
11;6 Methyl Formate;0.0030303030303030303
12;67 Acetone;0.0030303030303030303
13;79 Formic Acid;0.0030303030303030303
14;83 ortho-Oxidaniumyl;0.0030303030303030303
15;0 Isocyanic Acid;0.0011363636363636363
16;1 Propenal;0.0011363636363636363
17;2 Ketene;0.0011363636363636363
18;3 Oxonium hydride;0.0011363636363636363
19;5 Vinyl Cyanide;0.0011363636363636363
20;7 Hydroxyl;0.0011363636363636363
21;10 Hydroxymethylium ion;0.0011363636363636363
22;11 2-Propynal;0.0011363636363636363
23;12 Carbon Monosulfide;0.0011363636363636363
24;13 Cyanomethyl;0.0011363636363636363
25;14 Methyl Acetylene;0.0011363636363636363
26;15 2-Butynenitrile;0.0011363636363636363
27;16 Methyl formate vt01;0.0011363636363636363
28;17 Ethyl Cyanide;0.0011363636363636363
29;18 gauche-Ethanol;0.0011363636363636363
30;19 Glycolaldehyde;0.0011363636363636363
31;20 Water;0.0011363636363636363
32;21 Hydrogen sulfide;0.0011363636363636363
33;22 Sulfur Monoxide ion;0.0011363636363636363
34;23 1,3-Butadiynyl radical;0.0011363636363636363
35;25 Fulminic acid;0.0011363636363636363
36;26 Trihydrogen ion;0.0011363636363636363
37;27 Methanimine;0.0011363636363636363
38;28 Nitrous Oxide;0.0011363636363636363
39;29 Propadienylidene;0.0011363636363636363
40;30 Ethylene Oxide;0.0011363636363636363
41;31 Ketenimine;0.0011363636363636363
42;33 Aminoacetonitrile;0.0011363636363636363
43;35 Ammonia;0.0011363636363636363
44;36 Formyl Radical;0.0011363636363636363
45;37 Methyl Cyanide;0.0011363636363636363
46;38 Molecular oxygen;0.0011363636363636363
47;39 Cyclopropenone;0.0011363636363636363
48;40 Carbonyl Sulfide;0.0011363636363636363
49;41 Acetaldehyde;0.0011363636363636363
50;42 Cyanomethylene;0.0011363636363636363
51;43 3-Thioxo-1,2-Propadieylidene;0.0011363636363636363
52;44 Formamide;0.0011363636363636363
53;46 Sulfur Dioxide;0.0011363636363636363
54;47 Methyl isocyanide;0.0011363636363636363
55;48 Nitric sulfide;0.0011363636363636363
56;49 Methylene;0.0011363636363636363
57;50 Hydrochloric acid;0.0011363636363636363
58;51 Ethyne Isocyanide;0.0011363636363636363
59;52 Cyanide Radical;0.0011363636363636363
60;53 Nitric oxide;0.0011363636363636363
61;54 Cyanic acid;0.0011363636363636363
62;55 Formaldehyde;0.0011363636363636363
63;56 Sulfur Monoxide;0.0011363636363636363
64;58 Ethynyl;0.0011363636363636363
65;59 Ethylene Glycol;0.0011363636363636363
66;60 Hydrogen Cyanide;0.0011363636363636363
67;62 Methylidyne;0.0011363636363636363
68;63 Thioxoethenylidene;0.0011363636363636363
69;64 Cyanomethanimine;0.0011363636363636363
70;65 Silicon Monoxide;0.0011363636363636363
71;66 Dimethyl ether;0.0011363636363636363
72;68 Carbon Monoxide;0.0011363636363636363
73;69 Phosphorous nitride;0.0011363636363636363
74;70 Thioformaldehyde;0.0011363636363636363
75;71 Diazenylium;0.0011363636363636363
76;72 Cyanoformaldehyde;0.0011363636363636363
77;73 Isothiocyanic acid;0.0011363636363636363
78;74 Vinyl Alcohol;0.0011363636363636363
79;75 Hydrogen Isocyanide;0.0011363636363636363
80;77 Methylamine;0.0011363636363636363
81;78 Protonated Carbon Dioxide;0.0011363636363636363
82;80 Cyclopropenylidene;0.0011363636363636363
83;81 Cyanoacetylene;0.0011363636363636363
84;82 para-Oxidaniumyl;0.0011363636363636363
85;84 Nitrosyl hydride;0.0011363636363636363
