1;8 Methyliumylidene;0.35096774193548386
2;9 Iminomethylium;0.15903225806451612
3;61 Fluoromethyliumylidene;0.15096774193548387
4;34 Methanol;0.13483870967741934
5;45 Cyanobutadiyne;0.06064516129032258
6;4 Thioformylium;0.025161290322580646
7;57 Protonate 2-proynenitrile;0.017096774193548388
8;50 Hydrochloric acid;0.013870967741935483
9;26 Trihydrogen ion;0.007419354838709677
10;66 Dimethyl ether;0.004193548387096774
11;46 Sulfur Dioxide;0.0025806451612903226
12;70 Thioformaldehyde;0.0025806451612903226
13;0 Isocyanic Acid;0.000967741935483871
14;1 Propenal;0.000967741935483871
15;2 Ketene;0.000967741935483871
16;3 Oxonium hydride;0.000967741935483871
17;5 Vinyl Cyanide;0.000967741935483871
18;6 Methyl Formate;0.000967741935483871
19;7 Hydroxyl;0.000967741935483871
20;10 Hydroxymethylium ion;0.000967741935483871
21;11 2-Propynal;0.000967741935483871
22;12 Carbon Monosulfide;0.000967741935483871
23;13 Cyanomethyl;0.000967741935483871
24;14 Methyl Acetylene;0.000967741935483871
25;15 2-Butynenitrile;0.000967741935483871
26;16 Methyl formate vt01;0.000967741935483871
27;17 Ethyl Cyanide;0.000967741935483871
28;18 gauche-Ethanol;0.000967741935483871
29;19 Glycolaldehyde;0.000967741935483871
30;20 Water;0.000967741935483871
31;21 Hydrogen sulfide;0.000967741935483871
32;22 Sulfur Monoxide ion;0.000967741935483871
33;23 1,3-Butadiynyl radical;0.000967741935483871
34;24 Formylium;0.000967741935483871
35;25 Fulminic acid;0.000967741935483871
36;27 Methanimine;0.000967741935483871
37;28 Nitrous Oxide;0.000967741935483871
38;29 Propadienylidene;0.000967741935483871
39;30 Ethylene Oxide;0.000967741935483871
40;31 Ketenimine;0.000967741935483871
41;32 2,4,6-Heptatriynenitrile;0.000967741935483871
42;33 Aminoacetonitrile;0.000967741935483871
43;35 Ammonia;0.000967741935483871
44;36 Formyl Radical;0.000967741935483871
45;37 Methyl Cyanide;0.000967741935483871
46;38 Molecular oxygen;0.000967741935483871
47;39 Cyclopropenone;0.000967741935483871
48;40 Carbonyl Sulfide;0.000967741935483871
49;41 Acetaldehyde;0.000967741935483871
50;42 Cyanomethylene;0.000967741935483871
51;43 3-Thioxo-1,2-Propadieylidene;0.000967741935483871
52;44 Formamide;0.000967741935483871
53;47 Methyl isocyanide;0.000967741935483871
54;48 Nitric sulfide;0.000967741935483871
55;49 Methylene;0.000967741935483871
56;51 Ethyne Isocyanide;0.000967741935483871
57;52 Cyanide Radical;0.000967741935483871
58;53 Nitric oxide;0.000967741935483871
59;54 Cyanic acid;0.000967741935483871
60;55 Formaldehyde;0.000967741935483871
61;56 Sulfur Monoxide;0.000967741935483871
62;58 Ethynyl;0.000967741935483871
63;59 Ethylene Glycol;0.000967741935483871
64;60 Hydrogen Cyanide;0.000967741935483871
65;62 Methylidyne;0.000967741935483871
66;63 Thioxoethenylidene;0.000967741935483871
67;64 Cyanomethanimine;0.000967741935483871
68;65 Silicon Monoxide;0.000967741935483871
69;67 Acetone;0.000967741935483871
70;68 Carbon Monoxide;0.000967741935483871
71;69 Phosphorous nitride;0.000967741935483871
72;71 Diazenylium;0.000967741935483871
73;72 Cyanoformaldehyde;0.000967741935483871
74;73 Isothiocyanic acid;0.000967741935483871
75;74 Vinyl Alcohol;0.000967741935483871
76;75 Hydrogen Isocyanide;0.000967741935483871
77;76 Carbon Monosulfide;0.000967741935483871
78;77 Methylamine;0.000967741935483871
79;78 Protonated Carbon Dioxide;0.000967741935483871
80;79 Formic Acid;0.000967741935483871
81;80 Cyclopropenylidene;0.000967741935483871
82;81 Cyanoacetylene;0.000967741935483871
83;82 para-Oxidaniumyl;0.000967741935483871
84;83 ortho-Oxidaniumyl;0.000967741935483871
85;84 Nitrosyl hydride;0.000967741935483871
