1;8 Methyliumylidene;0.24
2;9 Iminomethylium;0.23591836734693877
3;61 Fluoromethyliumylidene;0.19714285714285712
4;57 Protonate 2-proynenitrile;0.09714285714285714
5;25 Fulminic acid;0.04204081632653062
6;45 Cyanobutadiyne;0.03387755102040817
7;66 Dimethyl ether;0.02979591836734694
8;24 Formylium;0.01346938775510204
9;58 Ethynyl;0.009387755102040816
10;75 Hydrogen Isocyanide;0.005306122448979592
11;0 Isocyanic Acid;0.0032653061224489797
12;19 Glycolaldehyde;0.0032653061224489797
13;1 Propenal;0.0012244897959183673
14;2 Ketene;0.0012244897959183673
15;3 Oxonium hydride;0.0012244897959183673
16;4 Thioformylium;0.0012244897959183673
17;5 Vinyl Cyanide;0.0012244897959183673
18;6 Methyl Formate;0.0012244897959183673
19;7 Hydroxyl;0.0012244897959183673
20;10 Hydroxymethylium ion;0.0012244897959183673
21;11 2-Propynal;0.0012244897959183673
22;12 Carbon Monosulfide;0.0012244897959183673
23;13 Cyanomethyl;0.0012244897959183673
24;14 Methyl Acetylene;0.0012244897959183673
25;15 2-Butynenitrile;0.0012244897959183673
26;16 Methyl formate vt01;0.0012244897959183673
27;17 Ethyl Cyanide;0.0012244897959183673
28;18 gauche-Ethanol;0.0012244897959183673
29;20 Water;0.0012244897959183673
30;21 Hydrogen sulfide;0.0012244897959183673
31;22 Sulfur Monoxide ion;0.0012244897959183673
32;23 1,3-Butadiynyl radical;0.0012244897959183673
33;26 Trihydrogen ion;0.0012244897959183673
34;27 Methanimine;0.0012244897959183673
35;28 Nitrous Oxide;0.0012244897959183673
36;29 Propadienylidene;0.0012244897959183673
37;30 Ethylene Oxide;0.0012244897959183673
38;31 Ketenimine;0.0012244897959183673
39;32 2,4,6-Heptatriynenitrile;0.0012244897959183673
40;33 Aminoacetonitrile;0.0012244897959183673
41;34 Methanol;0.0012244897959183673
42;35 Ammonia;0.0012244897959183673
43;36 Formyl Radical;0.0012244897959183673
44;37 Methyl Cyanide;0.0012244897959183673
45;38 Molecular oxygen;0.0012244897959183673
46;39 Cyclopropenone;0.0012244897959183673
47;40 Carbonyl Sulfide;0.0012244897959183673
48;41 Acetaldehyde;0.0012244897959183673
49;42 Cyanomethylene;0.0012244897959183673
50;43 3-Thioxo-1,2-Propadieylidene;0.0012244897959183673
51;44 Formamide;0.0012244897959183673
52;46 Sulfur Dioxide;0.0012244897959183673
53;47 Methyl isocyanide;0.0012244897959183673
54;48 Nitric sulfide;0.0012244897959183673
55;49 Methylene;0.0012244897959183673
56;50 Hydrochloric acid;0.0012244897959183673
57;51 Ethyne Isocyanide;0.0012244897959183673
58;52 Cyanide Radical;0.0012244897959183673
59;53 Nitric oxide;0.0012244897959183673
60;54 Cyanic acid;0.0012244897959183673
61;55 Formaldehyde;0.0012244897959183673
62;56 Sulfur Monoxide;0.0012244897959183673
63;59 Ethylene Glycol;0.0012244897959183673
64;60 Hydrogen Cyanide;0.0012244897959183673
65;62 Methylidyne;0.0012244897959183673
66;63 Thioxoethenylidene;0.0012244897959183673
67;64 Cyanomethanimine;0.0012244897959183673
68;65 Silicon Monoxide;0.0012244897959183673
69;67 Acetone;0.0012244897959183673
70;68 Carbon Monoxide;0.0012244897959183673
71;69 Phosphorous nitride;0.0012244897959183673
72;70 Thioformaldehyde;0.0012244897959183673
73;71 Diazenylium;0.0012244897959183673
74;72 Cyanoformaldehyde;0.0012244897959183673
75;73 Isothiocyanic acid;0.0012244897959183673
76;74 Vinyl Alcohol;0.0012244897959183673
77;76 Carbon Monosulfide;0.0012244897959183673
78;77 Methylamine;0.0012244897959183673
79;78 Protonated Carbon Dioxide;0.0012244897959183673
80;79 Formic Acid;0.0012244897959183673
81;80 Cyclopropenylidene;0.0012244897959183673
82;81 Cyanoacetylene;0.0012244897959183673
83;82 para-Oxidaniumyl;0.0012244897959183673
84;83 ortho-Oxidaniumyl;0.0012244897959183673
85;84 Nitrosyl hydride;0.0012244897959183673
