1;8 Methyliumylidene;0.6440476190476191
2;25 Fulminic acid;0.1123015873015873
3;45 Cyanobutadiyne;0.07261904761904762
4;4 Thioformylium;0.04880952380952381
5;9 Iminomethylium;0.02103174603174603
6;5 Vinyl Cyanide;0.005158730158730159
7;34 Methanol;0.0031746031746031746
8;0 Isocyanic Acid;0.0011904761904761904
9;1 Propenal;0.0011904761904761904
10;2 Ketene;0.0011904761904761904
11;3 Oxonium hydride;0.0011904761904761904
12;6 Methyl Formate;0.0011904761904761904
13;7 Hydroxyl;0.0011904761904761904
14;10 Hydroxymethylium ion;0.0011904761904761904
15;11 2-Propynal;0.0011904761904761904
16;12 Carbon Monosulfide;0.0011904761904761904
17;13 Cyanomethyl;0.0011904761904761904
18;14 Methyl Acetylene;0.0011904761904761904
19;15 2-Butynenitrile;0.0011904761904761904
20;16 Methyl formate vt01;0.0011904761904761904
21;17 Ethyl Cyanide;0.0011904761904761904
22;18 gauche-Ethanol;0.0011904761904761904
23;19 Glycolaldehyde;0.0011904761904761904
24;20 Water;0.0011904761904761904
25;21 Hydrogen sulfide;0.0011904761904761904
26;22 Sulfur Monoxide ion;0.0011904761904761904
27;23 1,3-Butadiynyl radical;0.0011904761904761904
28;24 Formylium;0.0011904761904761904
29;26 Trihydrogen ion;0.0011904761904761904
30;27 Methanimine;0.0011904761904761904
31;28 Nitrous Oxide;0.0011904761904761904
32;29 Propadienylidene;0.0011904761904761904
33;30 Ethylene Oxide;0.0011904761904761904
34;31 Ketenimine;0.0011904761904761904
35;32 2,4,6-Heptatriynenitrile;0.0011904761904761904
36;33 Aminoacetonitrile;0.0011904761904761904
37;35 Ammonia;0.0011904761904761904
38;36 Formyl Radical;0.0011904761904761904
39;37 Methyl Cyanide;0.0011904761904761904
40;38 Molecular oxygen;0.0011904761904761904
41;39 Cyclopropenone;0.0011904761904761904
42;40 Carbonyl Sulfide;0.0011904761904761904
43;41 Acetaldehyde;0.0011904761904761904
44;42 Cyanomethylene;0.0011904761904761904
45;43 3-Thioxo-1,2-Propadieylidene;0.0011904761904761904
46;44 Formamide;0.0011904761904761904
47;46 Sulfur Dioxide;0.0011904761904761904
48;47 Methyl isocyanide;0.0011904761904761904
49;48 Nitric sulfide;0.0011904761904761904
50;49 Methylene;0.0011904761904761904
51;50 Hydrochloric acid;0.0011904761904761904
52;51 Ethyne Isocyanide;0.0011904761904761904
53;52 Cyanide Radical;0.0011904761904761904
54;53 Nitric oxide;0.0011904761904761904
55;54 Cyanic acid;0.0011904761904761904
56;55 Formaldehyde;0.0011904761904761904
57;56 Sulfur Monoxide;0.0011904761904761904
58;57 Protonate 2-proynenitrile;0.0011904761904761904
59;58 Ethynyl;0.0011904761904761904
60;59 Ethylene Glycol;0.0011904761904761904
61;60 Hydrogen Cyanide;0.0011904761904761904
62;61 Fluoromethyliumylidene;0.0011904761904761904
63;62 Methylidyne;0.0011904761904761904
64;63 Thioxoethenylidene;0.0011904761904761904
65;64 Cyanomethanimine;0.0011904761904761904
66;65 Silicon Monoxide;0.0011904761904761904
67;66 Dimethyl ether;0.0011904761904761904
68;67 Acetone;0.0011904761904761904
69;68 Carbon Monoxide;0.0011904761904761904
70;69 Phosphorous nitride;0.0011904761904761904
71;70 Thioformaldehyde;0.0011904761904761904
72;71 Diazenylium;0.0011904761904761904
73;72 Cyanoformaldehyde;0.0011904761904761904
74;73 Isothiocyanic acid;0.0011904761904761904
75;74 Vinyl Alcohol;0.0011904761904761904
76;75 Hydrogen Isocyanide;0.0011904761904761904
77;76 Carbon Monosulfide;0.0011904761904761904
78;77 Methylamine;0.0011904761904761904
79;78 Protonated Carbon Dioxide;0.0011904761904761904
80;79 Formic Acid;0.0011904761904761904
81;80 Cyclopropenylidene;0.0011904761904761904
82;81 Cyanoacetylene;0.0011904761904761904
83;82 para-Oxidaniumyl;0.0011904761904761904
84;83 ortho-Oxidaniumyl;0.0011904761904761904
85;84 Nitrosyl hydride;0.0011904761904761904
