1;34 Methanol;0.8858736059479554
2;46 Sulfur Dioxide;0.006691449814126394
3;49 Methylene;0.0048327137546468404
4;10 Hydroxymethylium ion;0.0029739776951672866
5;27 Methanimine;0.0029739776951672866
6;37 Methyl Cyanide;0.0029739776951672866
7;67 Acetone;0.0029739776951672866
8;79 Formic Acid;0.0029739776951672866
9;80 Cyclopropenylidene;0.0029739776951672866
10;0 Isocyanic Acid;0.0011152416356877324
11;1 Propenal;0.0011152416356877324
12;2 Ketene;0.0011152416356877324
13;3 Oxonium hydride;0.0011152416356877324
14;4 Thioformylium;0.0011152416356877324
15;5 Vinyl Cyanide;0.0011152416356877324
16;6 Methyl Formate;0.0011152416356877324
17;7 Hydroxyl;0.0011152416356877324
18;8 Methyliumylidene;0.0011152416356877324
19;9 Iminomethylium;0.0011152416356877324
20;11 2-Propynal;0.0011152416356877324
21;12 Carbon Monosulfide;0.0011152416356877324
22;13 Cyanomethyl;0.0011152416356877324
23;14 Methyl Acetylene;0.0011152416356877324
24;15 2-Butynenitrile;0.0011152416356877324
25;16 Methyl formate vt01;0.0011152416356877324
26;17 Ethyl Cyanide;0.0011152416356877324
27;18 gauche-Ethanol;0.0011152416356877324
28;19 Glycolaldehyde;0.0011152416356877324
29;20 Water;0.0011152416356877324
30;21 Hydrogen sulfide;0.0011152416356877324
31;22 Sulfur Monoxide ion;0.0011152416356877324
32;23 1,3-Butadiynyl radical;0.0011152416356877324
33;24 Formylium;0.0011152416356877324
34;25 Fulminic acid;0.0011152416356877324
35;26 Trihydrogen ion;0.0011152416356877324
36;28 Nitrous Oxide;0.0011152416356877324
37;29 Propadienylidene;0.0011152416356877324
38;30 Ethylene Oxide;0.0011152416356877324
39;31 Ketenimine;0.0011152416356877324
40;32 2,4,6-Heptatriynenitrile;0.0011152416356877324
41;33 Aminoacetonitrile;0.0011152416356877324
42;35 Ammonia;0.0011152416356877324
43;36 Formyl Radical;0.0011152416356877324
44;38 Molecular oxygen;0.0011152416356877324
45;39 Cyclopropenone;0.0011152416356877324
46;40 Carbonyl Sulfide;0.0011152416356877324
47;41 Acetaldehyde;0.0011152416356877324
48;42 Cyanomethylene;0.0011152416356877324
49;43 3-Thioxo-1,2-Propadieylidene;0.0011152416356877324
50;44 Formamide;0.0011152416356877324
51;45 Cyanobutadiyne;0.0011152416356877324
52;47 Methyl isocyanide;0.0011152416356877324
53;48 Nitric sulfide;0.0011152416356877324
54;50 Hydrochloric acid;0.0011152416356877324
55;51 Ethyne Isocyanide;0.0011152416356877324
56;52 Cyanide Radical;0.0011152416356877324
57;53 Nitric oxide;0.0011152416356877324
58;54 Cyanic acid;0.0011152416356877324
59;55 Formaldehyde;0.0011152416356877324
60;56 Sulfur Monoxide;0.0011152416356877324
61;57 Protonate 2-proynenitrile;0.0011152416356877324
62;58 Ethynyl;0.0011152416356877324
63;59 Ethylene Glycol;0.0011152416356877324
64;60 Hydrogen Cyanide;0.0011152416356877324
65;61 Fluoromethyliumylidene;0.0011152416356877324
66;62 Methylidyne;0.0011152416356877324
67;63 Thioxoethenylidene;0.0011152416356877324
68;64 Cyanomethanimine;0.0011152416356877324
69;65 Silicon Monoxide;0.0011152416356877324
70;66 Dimethyl ether;0.0011152416356877324
71;68 Carbon Monoxide;0.0011152416356877324
72;69 Phosphorous nitride;0.0011152416356877324
73;70 Thioformaldehyde;0.0011152416356877324
74;71 Diazenylium;0.0011152416356877324
75;72 Cyanoformaldehyde;0.0011152416356877324
76;73 Isothiocyanic acid;0.0011152416356877324
77;74 Vinyl Alcohol;0.0011152416356877324
78;75 Hydrogen Isocyanide;0.0011152416356877324
79;76 Carbon Monosulfide;0.0011152416356877324
80;77 Methylamine;0.0011152416356877324
81;78 Protonated Carbon Dioxide;0.0011152416356877324
82;81 Cyanoacetylene;0.0011152416356877324
83;82 para-Oxidaniumyl;0.0011152416356877324
84;83 ortho-Oxidaniumyl;0.0011152416356877324
85;84 Nitrosyl hydride;0.0011152416356877324
