1;34 Methanol;0.4933333333333333
2;66 Dimethyl ether;0.27929824561403505
3;12 Carbon Monosulfide;0.00912280701754386
4;71 Diazenylium;0.00912280701754386
5;75 Hydrogen Isocyanide;0.00912280701754386
6;80 Cyclopropenylidene;0.00912280701754386
7;0 Isocyanic Acid;0.005614035087719299
8;10 Hydroxymethylium ion;0.005614035087719299
9;21 Hydrogen sulfide;0.005614035087719299
10;22 Sulfur Monoxide ion;0.005614035087719299
11;26 Trihydrogen ion;0.005614035087719299
12;46 Sulfur Dioxide;0.005614035087719299
13;62 Methylidyne;0.005614035087719299
14;1 Propenal;0.002105263157894737
15;2 Ketene;0.002105263157894737
16;3 Oxonium hydride;0.002105263157894737
17;4 Thioformylium;0.002105263157894737
18;5 Vinyl Cyanide;0.002105263157894737
19;6 Methyl Formate;0.002105263157894737
20;7 Hydroxyl;0.002105263157894737
21;8 Methyliumylidene;0.002105263157894737
22;9 Iminomethylium;0.002105263157894737
23;11 2-Propynal;0.002105263157894737
24;13 Cyanomethyl;0.002105263157894737
25;14 Methyl Acetylene;0.002105263157894737
26;15 2-Butynenitrile;0.002105263157894737
27;16 Methyl formate vt01;0.002105263157894737
28;17 Ethyl Cyanide;0.002105263157894737
29;18 gauche-Ethanol;0.002105263157894737
30;19 Glycolaldehyde;0.002105263157894737
31;20 Water;0.002105263157894737
32;23 1,3-Butadiynyl radical;0.002105263157894737
33;24 Formylium;0.002105263157894737
34;25 Fulminic acid;0.002105263157894737
35;27 Methanimine;0.002105263157894737
36;28 Nitrous Oxide;0.002105263157894737
37;29 Propadienylidene;0.002105263157894737
38;30 Ethylene Oxide;0.002105263157894737
39;31 Ketenimine;0.002105263157894737
40;32 2,4,6-Heptatriynenitrile;0.002105263157894737
41;33 Aminoacetonitrile;0.002105263157894737
42;35 Ammonia;0.002105263157894737
43;36 Formyl Radical;0.002105263157894737
44;37 Methyl Cyanide;0.002105263157894737
45;38 Molecular oxygen;0.002105263157894737
46;39 Cyclopropenone;0.002105263157894737
47;40 Carbonyl Sulfide;0.002105263157894737
48;41 Acetaldehyde;0.002105263157894737
49;42 Cyanomethylene;0.002105263157894737
50;43 3-Thioxo-1,2-Propadieylidene;0.002105263157894737
51;44 Formamide;0.002105263157894737
52;45 Cyanobutadiyne;0.002105263157894737
53;47 Methyl isocyanide;0.002105263157894737
54;48 Nitric sulfide;0.002105263157894737
55;49 Methylene;0.002105263157894737
56;50 Hydrochloric acid;0.002105263157894737
57;51 Ethyne Isocyanide;0.002105263157894737
58;52 Cyanide Radical;0.002105263157894737
59;53 Nitric oxide;0.002105263157894737
60;54 Cyanic acid;0.002105263157894737
61;55 Formaldehyde;0.002105263157894737
62;56 Sulfur Monoxide;0.002105263157894737
63;57 Protonate 2-proynenitrile;0.002105263157894737
64;58 Ethynyl;0.002105263157894737
65;59 Ethylene Glycol;0.002105263157894737
66;60 Hydrogen Cyanide;0.002105263157894737
67;61 Fluoromethyliumylidene;0.002105263157894737
68;63 Thioxoethenylidene;0.002105263157894737
69;64 Cyanomethanimine;0.002105263157894737
70;65 Silicon Monoxide;0.002105263157894737
71;67 Acetone;0.002105263157894737
72;68 Carbon Monoxide;0.002105263157894737
73;69 Phosphorous nitride;0.002105263157894737
74;70 Thioformaldehyde;0.002105263157894737
75;72 Cyanoformaldehyde;0.002105263157894737
76;73 Isothiocyanic acid;0.002105263157894737
77;74 Vinyl Alcohol;0.002105263157894737
78;76 Carbon Monosulfide;0.002105263157894737
79;77 Methylamine;0.002105263157894737
80;78 Protonated Carbon Dioxide;0.002105263157894737
81;79 Formic Acid;0.002105263157894737
82;81 Cyanoacetylene;0.002105263157894737
83;82 para-Oxidaniumyl;0.002105263157894737
84;83 ortho-Oxidaniumyl;0.002105263157894737
85;84 Nitrosyl hydride;0.002105263157894737
