1;8 Methyliumylidene;0.6201793721973095
2;61 Fluoromethyliumylidene;0.19865470852017936
3;34 Methanol;0.02376681614349776
4;37 Methyl Cyanide;0.012556053811659192
5;66 Dimethyl ether;0.012556053811659192
6;58 Ethynyl;0.01031390134529148
7;27 Methanimine;0.005829596412556054
8;75 Hydrogen Isocyanide;0.005829596412556054
9;6 Methyl Formate;0.003587443946188341
10;14 Methyl Acetylene;0.003587443946188341
11;41 Acetaldehyde;0.003587443946188341
12;0 Isocyanic Acid;0.0013452914798206277
13;1 Propenal;0.0013452914798206277
14;2 Ketene;0.0013452914798206277
15;3 Oxonium hydride;0.0013452914798206277
16;4 Thioformylium;0.0013452914798206277
17;5 Vinyl Cyanide;0.0013452914798206277
18;7 Hydroxyl;0.0013452914798206277
19;9 Iminomethylium;0.0013452914798206277
20;10 Hydroxymethylium ion;0.0013452914798206277
21;11 2-Propynal;0.0013452914798206277
22;12 Carbon Monosulfide;0.0013452914798206277
23;13 Cyanomethyl;0.0013452914798206277
24;15 2-Butynenitrile;0.0013452914798206277
25;16 Methyl formate vt01;0.0013452914798206277
26;17 Ethyl Cyanide;0.0013452914798206277
27;18 gauche-Ethanol;0.0013452914798206277
28;19 Glycolaldehyde;0.0013452914798206277
29;20 Water;0.0013452914798206277
30;21 Hydrogen sulfide;0.0013452914798206277
31;22 Sulfur Monoxide ion;0.0013452914798206277
32;23 1,3-Butadiynyl radical;0.0013452914798206277
33;24 Formylium;0.0013452914798206277
34;25 Fulminic acid;0.0013452914798206277
35;26 Trihydrogen ion;0.0013452914798206277
36;28 Nitrous Oxide;0.0013452914798206277
37;29 Propadienylidene;0.0013452914798206277
38;30 Ethylene Oxide;0.0013452914798206277
39;31 Ketenimine;0.0013452914798206277
40;32 2,4,6-Heptatriynenitrile;0.0013452914798206277
41;33 Aminoacetonitrile;0.0013452914798206277
42;35 Ammonia;0.0013452914798206277
43;36 Formyl Radical;0.0013452914798206277
44;38 Molecular oxygen;0.0013452914798206277
45;39 Cyclopropenone;0.0013452914798206277
46;40 Carbonyl Sulfide;0.0013452914798206277
47;42 Cyanomethylene;0.0013452914798206277
48;43 3-Thioxo-1,2-Propadieylidene;0.0013452914798206277
49;44 Formamide;0.0013452914798206277
50;45 Cyanobutadiyne;0.0013452914798206277
51;46 Sulfur Dioxide;0.0013452914798206277
52;47 Methyl isocyanide;0.0013452914798206277
53;48 Nitric sulfide;0.0013452914798206277
54;49 Methylene;0.0013452914798206277
55;50 Hydrochloric acid;0.0013452914798206277
56;51 Ethyne Isocyanide;0.0013452914798206277
57;52 Cyanide Radical;0.0013452914798206277
58;53 Nitric oxide;0.0013452914798206277
59;54 Cyanic acid;0.0013452914798206277
60;55 Formaldehyde;0.0013452914798206277
61;56 Sulfur Monoxide;0.0013452914798206277
62;57 Protonate 2-proynenitrile;0.0013452914798206277
63;59 Ethylene Glycol;0.0013452914798206277
64;60 Hydrogen Cyanide;0.0013452914798206277
65;62 Methylidyne;0.0013452914798206277
66;63 Thioxoethenylidene;0.0013452914798206277
67;64 Cyanomethanimine;0.0013452914798206277
68;65 Silicon Monoxide;0.0013452914798206277
69;67 Acetone;0.0013452914798206277
70;68 Carbon Monoxide;0.0013452914798206277
71;69 Phosphorous nitride;0.0013452914798206277
72;70 Thioformaldehyde;0.0013452914798206277
73;71 Diazenylium;0.0013452914798206277
74;72 Cyanoformaldehyde;0.0013452914798206277
75;73 Isothiocyanic acid;0.0013452914798206277
76;74 Vinyl Alcohol;0.0013452914798206277
77;76 Carbon Monosulfide;0.0013452914798206277
78;77 Methylamine;0.0013452914798206277
79;78 Protonated Carbon Dioxide;0.0013452914798206277
80;79 Formic Acid;0.0013452914798206277
81;80 Cyclopropenylidene;0.0013452914798206277
82;81 Cyanoacetylene;0.0013452914798206277
83;82 para-Oxidaniumyl;0.0013452914798206277
84;83 ortho-Oxidaniumyl;0.0013452914798206277
85;84 Nitrosyl hydride;0.0013452914798206277
