1;34 Formylium;0.11347517730496455
2;22 Ammonia;0.0425531914893617
3;0 Methylidyne;0.02482269503546099
4;1 1,3-Butadiynyl radical;0.02482269503546099
5;2 Formaldehyde;0.02482269503546099
6;3 Sulfur dioxide;0.02482269503546099
7;4 Carbon Monoxide;0.02482269503546099
8;5 Water;0.02482269503546099
9;6 Carbon Monoxide Ion;0.02482269503546099
10;7 Nitric sulfide;0.02482269503546099
11;8 Isocyanic Acid;0.02482269503546099
12;9 Methyliumylidene;0.02482269503546099
13;10 Cyanide Radical;0.02482269503546099
14;11 Ethynyl;0.02482269503546099
15;12 Carbonyl Sulfide;0.02482269503546099
16;13 Hydroxyl;0.02482269503546099
17;14 Diazenylium;0.02482269503546099
18;15 Thioxoethenylidene;0.02482269503546099
19;16 Nitric oxide;0.02482269503546099
20;17 Methyl Cyanide;0.02482269503546099
21;18 Cyclopropenylidene;0.02482269503546099
22;19 Methanimine;0.02482269503546099
23;20 Methanol;0.02482269503546099
24;21 Thioformaldehyde;0.02482269503546099
25;23 Cyanamide;0.02482269503546099
26;24 Cyanoacetylene;0.02482269503546099
27;25 Sodium Chloride;0.02482269503546099
28;26 Silicon Monoxide;0.02482269503546099
29;27 Sulfur Monoxide;0.02482269503546099
30;28 Protonated Carbon Dioxide;0.02482269503546099
31;29 Hydrogen Cyanide;0.02482269503546099
32;30 Carbon Monosulfide;0.02482269503546099
33;31 Hydrogen sulfide;0.02482269503546099
34;32 Molecular oxygen;0.02482269503546099
35;33 Hydrogen Isocyanide;0.02482269503546099
36;35 Methyl Acetylene;0.02482269503546099
