1;4 Carbon Monoxide;0.14826498422712936
2;10 Cyanide Radical;0.05362776025236593
3;25 Sodium Chloride;0.03785488958990536
4;32 Molecular oxygen;0.03785488958990536
5;35 Methyl Acetylene;0.03785488958990536
6;0 Methylidyne;0.022082018927444793
7;1 1,3-Butadiynyl radical;0.022082018927444793
8;2 Formaldehyde;0.022082018927444793
9;3 Sulfur dioxide;0.022082018927444793
10;5 Water;0.022082018927444793
11;6 Carbon Monoxide Ion;0.022082018927444793
12;7 Nitric sulfide;0.022082018927444793
13;8 Isocyanic Acid;0.022082018927444793
14;9 Methyliumylidene;0.022082018927444793
15;11 Ethynyl;0.022082018927444793
16;12 Carbonyl Sulfide;0.022082018927444793
17;13 Hydroxyl;0.022082018927444793
18;14 Diazenylium;0.022082018927444793
19;15 Thioxoethenylidene;0.022082018927444793
20;16 Nitric oxide;0.022082018927444793
21;17 Methyl Cyanide;0.022082018927444793
22;18 Cyclopropenylidene;0.022082018927444793
23;19 Methanimine;0.022082018927444793
24;20 Methanol;0.022082018927444793
25;21 Thioformaldehyde;0.022082018927444793
26;22 Ammonia;0.022082018927444793
27;23 Cyanamide;0.022082018927444793
28;24 Cyanoacetylene;0.022082018927444793
29;26 Silicon Monoxide;0.022082018927444793
30;27 Sulfur Monoxide;0.022082018927444793
31;28 Protonated Carbon Dioxide;0.022082018927444793
32;29 Hydrogen Cyanide;0.022082018927444793
33;30 Carbon Monosulfide;0.022082018927444793
34;31 Hydrogen sulfide;0.022082018927444793
35;33 Hydrogen Isocyanide;0.022082018927444793
36;34 Formylium;0.022082018927444793
