1;40 Aluminum Monofluoride;0.7919227392449517
2;58 Methylidyne;0.006145741878841088
3;0 Dimethyl ether;0.001755926251097454
4;1 Butatrienylidene;0.001755926251097454
5;2 Trihydrogen ion;0.001755926251097454
6;3 Nitrous Oxide;0.001755926251097454
7;4 Methyl Acetylene;0.001755926251097454
8;5 Ethylene Glycol;0.001755926251097454
9;6 Methyl Cyanide;0.001755926251097454
10;7 Thioformylium;0.001755926251097454
11;8 para-Oxidaniumyl;0.001755926251097454
12;9 Hydrogen Cyanide;0.001755926251097454
13;10 Titanium monoxide;0.001755926251097454
14;11 Cyanide Radical;0.001755926251097454
15;12 Formic Acid;0.001755926251097454
16;13 Nitric sulfide;0.001755926251097454
17;14 Iminomethylium;0.001755926251097454
18;15 Aluminum monoxide;0.001755926251097454
19;16 Methyl isocyanate;0.001755926251097454
20;17 Nitrosyl hydride;0.001755926251097454
21;18 Propynylidynium;0.001755926251097454
22;19 Magnesium Cyanide;0.001755926251097454
23;20 Diazenylium;0.001755926251097454
24;21 Methylamine;0.001755926251097454
25;22 Chloronium;0.001755926251097454
26;23 Silicon monosulfide;0.001755926251097454
27;24 Phosphorus Monoxide;0.001755926251097454
28;25 Cyclopropenone;0.001755926251097454
29;26 Carbon Monoxide Ion;0.001755926251097454
30;27 Sodium Cyanide;0.001755926251097454
31;28 Nitric oxide;0.001755926251097454
32;29 Silicon Cyanide;0.001755926251097454
33;30 Ethyne Isocyanide;0.001755926251097454
34;31 Sodium Chloride;0.001755926251097454
35;32 Cyanoacetylene;0.001755926251097454
36;33 Sulfur Monoxide;0.001755926251097454
37;34 Aluminum Isocyanitrile;0.001755926251097454
38;35 Cyanobutadiyne;0.001755926251097454
39;36 Silicon Mononitride;0.001755926251097454
40;37 Carbon Monoxide;0.001755926251097454
41;38 Propadienylidene;0.001755926251097454
42;39 Methanimine;0.001755926251097454
43;41 Formamide;0.001755926251097454
44;42 Aminoacetonitrile;0.001755926251097454
45;43 Ammonia;0.001755926251097454
46;44 gauche-Ethanol;0.001755926251097454
47;45 Protonate 2-proynenitrile;0.001755926251097454
48;46 Carbonyl Sulfide;0.001755926251097454
49;47 Thioxoethenylidene;0.001755926251097454
50;48 Ethyl cyanide;0.001755926251097454
51;49 Water;0.001755926251097454
52;50 Methyl Formate;0.001755926251097454
53;51 Acetaldehyde;0.001755926251097454
54;52 Ketenimine;0.001755926251097454
55;53 Propenal;0.001755926251097454
56;54 Methyl isocyanide;0.001755926251097454
57;55 iso-propyl cyanide;0.001755926251097454
58;56 Hydrogen cyanide;0.001755926251097454
59;57 Protonated Carbon Dioxide;0.001755926251097454
60;59 Ketene;0.001755926251097454
61;60 Silicon Monoxide;0.001755926251097454
62;61 Acetone;0.001755926251097454
63;62 Vinyl Cyanide;0.001755926251097454
64;63 Silicon monoxide (global fit);0.001755926251097454
65;64 Cyclopropenylidene;0.001755926251097454
66;65 Magnesium Isocyanide;0.001755926251097454
67;66 Cyanobutadiynylide anion;0.001755926251097454
68;67 Formaldehyde;0.001755926251097454
69;68 Carbon Monosulfide;0.001755926251097454
70;69 Fulminic acid;0.001755926251097454
71;70 trans-Ethanol;0.001755926251097454
72;71 Silicon Carbide;0.001755926251097454
73;72 Formylium;0.001755926251097454
74;73 Ethylene Oxide;0.001755926251097454
75;74 Sulfur dioxide;0.001755926251097454
76;75 Carbon Monophosphide;0.001755926251097454
77;76 Sulfur Monoxide ion;0.001755926251097454
78;77 Methanol;0.001755926251097454
79;78 Sulfur Dioxide;0.001755926251097454
80;79 Cyanoformaldehyde;0.001755926251097454
81;80 Isocyanic Acid;0.001755926251097454
82;81 Silicon Isocyanide;0.001755926251097454
83;82 Methylene amidogen;0.001755926251097454
84;83 Silicon Monocarbide;0.001755926251097454
85;84 Phosphaethyne;0.001755926251097454
86;85 Aluminum Monochloride;0.001755926251097454
87;86 Cyanoallene;0.001755926251097454
88;87 Methyl diacetylene;0.001755926251097454
89;88 Cyanomethylene;0.001755926251097454
90;89 Phosphapropynylidyne;0.001755926251097454
91;90 Cyanomethyl;0.001755926251097454
92;91 Hydrogen Isocyanide;0.001755926251097454
93;92 Hydrogen sulfide;0.001755926251097454
94;93 Hydroxyl;0.001755926251097454
95;94 Glycolaldehyde;0.001755926251097454
96;95 Cyanide anion;0.001755926251097454
97;96 2-Propynal;0.001755926251097454
98;97 Ethynyl;0.001755926251097454
99;98 Phosphorous nitride;0.001755926251097454
100;99 Magnesium hydride isocyanide;0.001755926251097454
101;100 Potassium chloride;0.001755926251097454
102;101 Silicon tetracarbide;0.001755926251097454
103;102 Ethyl Cyanide;0.001755926251097454
104;103 Cyanamide;0.001755926251097454
105;104 Amidogen;0.001755926251097454
106;105 Hydroxymethylidyne;0.001755926251097454
107;106 Formyl Radical;0.001755926251097454
108;107 Vinyl Alcohol;0.001755926251097454
109;108 ortho-Oxidaniumyl;0.001755926251097454
110;109 Cyanoethynylide ion;0.001755926251097454
111;110 Oxoethenylidene;0.001755926251097454
112;111 2-Butynenitrile;0.001755926251097454
113;112 Cyanoethynyl;0.001755926251097454
114;113 Hydroxymethylium ion;0.001755926251097454
115;114 Thioformaldehyde;0.001755926251097454
116;115 Isothiocyanic acid;0.001755926251097454
117;116 Cyanic acid;0.001755926251097454
