1;56 Hydrogen cyanide;0.5230202578268877
2;3 Nitrous Oxide;0.1761817065684469
3;34 Aluminum Isocyanitrile;0.06261510128913443
4;84 Phosphaethyne;0.047268262737875995
5;14 Iminomethylium;0.04112952731737262
6;72 Formylium;0.013505217925107428
7;0 Dimethyl ether;0.0012277470841006754
8;1 Butatrienylidene;0.0012277470841006754
9;2 Trihydrogen ion;0.0012277470841006754
10;4 Methyl Acetylene;0.0012277470841006754
11;5 Ethylene Glycol;0.0012277470841006754
12;6 Methyl Cyanide;0.0012277470841006754
13;7 Thioformylium;0.0012277470841006754
14;8 para-Oxidaniumyl;0.0012277470841006754
15;9 Hydrogen Cyanide;0.0012277470841006754
16;10 Titanium monoxide;0.0012277470841006754
17;11 Cyanide Radical;0.0012277470841006754
18;12 Formic Acid;0.0012277470841006754
19;13 Nitric sulfide;0.0012277470841006754
20;15 Aluminum monoxide;0.0012277470841006754
21;16 Methyl isocyanate;0.0012277470841006754
22;17 Nitrosyl hydride;0.0012277470841006754
23;18 Propynylidynium;0.0012277470841006754
24;19 Magnesium Cyanide;0.0012277470841006754
25;20 Diazenylium;0.0012277470841006754
26;21 Methylamine;0.0012277470841006754
27;22 Chloronium;0.0012277470841006754
28;23 Silicon monosulfide;0.0012277470841006754
29;24 Phosphorus Monoxide;0.0012277470841006754
30;25 Cyclopropenone;0.0012277470841006754
31;26 Carbon Monoxide Ion;0.0012277470841006754
32;27 Sodium Cyanide;0.0012277470841006754
33;28 Nitric oxide;0.0012277470841006754
34;29 Silicon Cyanide;0.0012277470841006754
35;30 Ethyne Isocyanide;0.0012277470841006754
36;31 Sodium Chloride;0.0012277470841006754
37;32 Cyanoacetylene;0.0012277470841006754
38;33 Sulfur Monoxide;0.0012277470841006754
39;35 Cyanobutadiyne;0.0012277470841006754
40;36 Silicon Mononitride;0.0012277470841006754
41;37 Carbon Monoxide;0.0012277470841006754
42;38 Propadienylidene;0.0012277470841006754
43;39 Methanimine;0.0012277470841006754
44;40 Aluminum Monofluoride;0.0012277470841006754
45;41 Formamide;0.0012277470841006754
46;42 Aminoacetonitrile;0.0012277470841006754
47;43 Ammonia;0.0012277470841006754
48;44 gauche-Ethanol;0.0012277470841006754
49;45 Protonate 2-proynenitrile;0.0012277470841006754
50;46 Carbonyl Sulfide;0.0012277470841006754
51;47 Thioxoethenylidene;0.0012277470841006754
52;48 Ethyl cyanide;0.0012277470841006754
53;49 Water;0.0012277470841006754
54;50 Methyl Formate;0.0012277470841006754
55;51 Acetaldehyde;0.0012277470841006754
56;52 Ketenimine;0.0012277470841006754
57;53 Propenal;0.0012277470841006754
58;54 Methyl isocyanide;0.0012277470841006754
59;55 iso-propyl cyanide;0.0012277470841006754
60;57 Protonated Carbon Dioxide;0.0012277470841006754
61;58 Methylidyne;0.0012277470841006754
62;59 Ketene;0.0012277470841006754
63;60 Silicon Monoxide;0.0012277470841006754
64;61 Acetone;0.0012277470841006754
65;62 Vinyl Cyanide;0.0012277470841006754
66;63 Silicon monoxide (global fit);0.0012277470841006754
67;64 Cyclopropenylidene;0.0012277470841006754
68;65 Magnesium Isocyanide;0.0012277470841006754
69;66 Cyanobutadiynylide anion;0.0012277470841006754
70;67 Formaldehyde;0.0012277470841006754
71;68 Carbon Monosulfide;0.0012277470841006754
72;69 Fulminic acid;0.0012277470841006754
73;70 trans-Ethanol;0.0012277470841006754
74;71 Silicon Carbide;0.0012277470841006754
75;73 Ethylene Oxide;0.0012277470841006754
76;74 Sulfur dioxide;0.0012277470841006754
77;75 Carbon Monophosphide;0.0012277470841006754
78;76 Sulfur Monoxide ion;0.0012277470841006754
79;77 Methanol;0.0012277470841006754
80;78 Sulfur Dioxide;0.0012277470841006754
81;79 Cyanoformaldehyde;0.0012277470841006754
82;80 Isocyanic Acid;0.0012277470841006754
83;81 Silicon Isocyanide;0.0012277470841006754
84;82 Methylene amidogen;0.0012277470841006754
85;83 Silicon Monocarbide;0.0012277470841006754
86;85 Aluminum Monochloride;0.0012277470841006754
87;86 Cyanoallene;0.0012277470841006754
88;87 Methyl diacetylene;0.0012277470841006754
89;88 Cyanomethylene;0.0012277470841006754
90;89 Phosphapropynylidyne;0.0012277470841006754
91;90 Cyanomethyl;0.0012277470841006754
92;91 Hydrogen Isocyanide;0.0012277470841006754
93;92 Hydrogen sulfide;0.0012277470841006754
94;93 Hydroxyl;0.0012277470841006754
95;94 Glycolaldehyde;0.0012277470841006754
96;95 Cyanide anion;0.0012277470841006754
97;96 2-Propynal;0.0012277470841006754
98;97 Ethynyl;0.0012277470841006754
99;98 Phosphorous nitride;0.0012277470841006754
100;99 Magnesium hydride isocyanide;0.0012277470841006754
101;100 Potassium chloride;0.0012277470841006754
102;101 Silicon tetracarbide;0.0012277470841006754
103;102 Ethyl Cyanide;0.0012277470841006754
104;103 Cyanamide;0.0012277470841006754
105;104 Amidogen;0.0012277470841006754
106;105 Hydroxymethylidyne;0.0012277470841006754
107;106 Formyl Radical;0.0012277470841006754
108;107 Vinyl Alcohol;0.0012277470841006754
109;108 ortho-Oxidaniumyl;0.0012277470841006754
110;109 Cyanoethynylide ion;0.0012277470841006754
111;110 Oxoethenylidene;0.0012277470841006754
112;111 2-Butynenitrile;0.0012277470841006754
113;112 Cyanoethynyl;0.0012277470841006754
114;113 Hydroxymethylium ion;0.0012277470841006754
115;114 Thioformaldehyde;0.0012277470841006754
116;115 Isothiocyanic acid;0.0012277470841006754
117;116 Cyanic acid;0.0012277470841006754
