1;83 Silicon Monocarbide;0.2512135922330097
2;76 Sulfur Monoxide ion;0.19053398058252424
3;3 Nitrous Oxide;0.16626213592233008
4;115 Isothiocyanic acid;0.06310679611650485
5;97 Ethynyl;0.050970873786407765
6;15 Aluminum monoxide;0.00849514563106796
7;0 Dimethyl ether;0.0024271844660194173
8;1 Butatrienylidene;0.0024271844660194173
9;2 Trihydrogen ion;0.0024271844660194173
10;4 Methyl Acetylene;0.0024271844660194173
11;5 Ethylene Glycol;0.0024271844660194173
12;6 Methyl Cyanide;0.0024271844660194173
13;7 Thioformylium;0.0024271844660194173
14;8 para-Oxidaniumyl;0.0024271844660194173
15;9 Hydrogen Cyanide;0.0024271844660194173
16;10 Titanium monoxide;0.0024271844660194173
17;11 Cyanide Radical;0.0024271844660194173
18;12 Formic Acid;0.0024271844660194173
19;13 Nitric sulfide;0.0024271844660194173
20;14 Iminomethylium;0.0024271844660194173
21;16 Methyl isocyanate;0.0024271844660194173
22;17 Nitrosyl hydride;0.0024271844660194173
23;18 Propynylidynium;0.0024271844660194173
24;19 Magnesium Cyanide;0.0024271844660194173
25;20 Diazenylium;0.0024271844660194173
26;21 Methylamine;0.0024271844660194173
27;22 Chloronium;0.0024271844660194173
28;23 Silicon monosulfide;0.0024271844660194173
29;24 Phosphorus Monoxide;0.0024271844660194173
30;25 Cyclopropenone;0.0024271844660194173
31;26 Carbon Monoxide Ion;0.0024271844660194173
32;27 Sodium Cyanide;0.0024271844660194173
33;28 Nitric oxide;0.0024271844660194173
34;29 Silicon Cyanide;0.0024271844660194173
35;30 Ethyne Isocyanide;0.0024271844660194173
36;31 Sodium Chloride;0.0024271844660194173
37;32 Cyanoacetylene;0.0024271844660194173
38;33 Sulfur Monoxide;0.0024271844660194173
39;34 Aluminum Isocyanitrile;0.0024271844660194173
40;35 Cyanobutadiyne;0.0024271844660194173
41;36 Silicon Mononitride;0.0024271844660194173
42;37 Carbon Monoxide;0.0024271844660194173
43;38 Propadienylidene;0.0024271844660194173
44;39 Methanimine;0.0024271844660194173
45;40 Aluminum Monofluoride;0.0024271844660194173
46;41 Formamide;0.0024271844660194173
47;42 Aminoacetonitrile;0.0024271844660194173
48;43 Ammonia;0.0024271844660194173
49;44 gauche-Ethanol;0.0024271844660194173
50;45 Protonate 2-proynenitrile;0.0024271844660194173
51;46 Carbonyl Sulfide;0.0024271844660194173
52;47 Thioxoethenylidene;0.0024271844660194173
53;48 Ethyl cyanide;0.0024271844660194173
54;49 Water;0.0024271844660194173
55;50 Methyl Formate;0.0024271844660194173
56;51 Acetaldehyde;0.0024271844660194173
57;52 Ketenimine;0.0024271844660194173
58;53 Propenal;0.0024271844660194173
59;54 Methyl isocyanide;0.0024271844660194173
60;55 iso-propyl cyanide;0.0024271844660194173
61;56 Hydrogen cyanide;0.0024271844660194173
62;57 Protonated Carbon Dioxide;0.0024271844660194173
63;58 Methylidyne;0.0024271844660194173
64;59 Ketene;0.0024271844660194173
65;60 Silicon Monoxide;0.0024271844660194173
66;61 Acetone;0.0024271844660194173
67;62 Vinyl Cyanide;0.0024271844660194173
68;63 Silicon monoxide (global fit);0.0024271844660194173
69;64 Cyclopropenylidene;0.0024271844660194173
70;65 Magnesium Isocyanide;0.0024271844660194173
71;66 Cyanobutadiynylide anion;0.0024271844660194173
72;67 Formaldehyde;0.0024271844660194173
73;68 Carbon Monosulfide;0.0024271844660194173
74;69 Fulminic acid;0.0024271844660194173
75;70 trans-Ethanol;0.0024271844660194173
76;71 Silicon Carbide;0.0024271844660194173
77;72 Formylium;0.0024271844660194173
78;73 Ethylene Oxide;0.0024271844660194173
79;74 Sulfur dioxide;0.0024271844660194173
80;75 Carbon Monophosphide;0.0024271844660194173
81;77 Methanol;0.0024271844660194173
82;78 Sulfur Dioxide;0.0024271844660194173
83;79 Cyanoformaldehyde;0.0024271844660194173
84;80 Isocyanic Acid;0.0024271844660194173
85;81 Silicon Isocyanide;0.0024271844660194173
86;82 Methylene amidogen;0.0024271844660194173
87;84 Phosphaethyne;0.0024271844660194173
88;85 Aluminum Monochloride;0.0024271844660194173
89;86 Cyanoallene;0.0024271844660194173
90;87 Methyl diacetylene;0.0024271844660194173
91;88 Cyanomethylene;0.0024271844660194173
92;89 Phosphapropynylidyne;0.0024271844660194173
93;90 Cyanomethyl;0.0024271844660194173
94;91 Hydrogen Isocyanide;0.0024271844660194173
95;92 Hydrogen sulfide;0.0024271844660194173
96;93 Hydroxyl;0.0024271844660194173
97;94 Glycolaldehyde;0.0024271844660194173
98;95 Cyanide anion;0.0024271844660194173
99;96 2-Propynal;0.0024271844660194173
100;98 Phosphorous nitride;0.0024271844660194173
101;99 Magnesium hydride isocyanide;0.0024271844660194173
102;100 Potassium chloride;0.0024271844660194173
103;101 Silicon tetracarbide;0.0024271844660194173
104;102 Ethyl Cyanide;0.0024271844660194173
105;103 Cyanamide;0.0024271844660194173
106;104 Amidogen;0.0024271844660194173
107;105 Hydroxymethylidyne;0.0024271844660194173
108;106 Formyl Radical;0.0024271844660194173
109;107 Vinyl Alcohol;0.0024271844660194173
110;108 ortho-Oxidaniumyl;0.0024271844660194173
111;109 Cyanoethynylide ion;0.0024271844660194173
112;110 Oxoethenylidene;0.0024271844660194173
113;111 2-Butynenitrile;0.0024271844660194173
114;112 Cyanoethynyl;0.0024271844660194173
115;113 Hydroxymethylium ion;0.0024271844660194173
116;114 Thioformaldehyde;0.0024271844660194173
117;116 Cyanic acid;0.0024271844660194173
