1;28 Hydrogen Isocyanide;0.8806295399515738
2;0 Methylidyne;0.004116222760290557
3;1 Formaldehyde;0.004116222760290557
4;2 Sulfur dioxide;0.004116222760290557
5;3 Carbon Monoxide;0.004116222760290557
6;4 Acetaldehyde;0.004116222760290557
7;5 Water;0.004116222760290557
8;6 Imidogen;0.004116222760290557
9;7 Carbon Monoxide Ion;0.004116222760290557
10;8 Nitric sulfide;0.004116222760290557
11;9 Isocyanic Acid;0.004116222760290557
12;10 Formic Acid;0.004116222760290557
13;11 Amidogen;0.004116222760290557
14;12 Ethylene Glycol;0.004116222760290557
15;13 Methyliumylidene;0.004116222760290557
16;14 Cyanide Radical;0.004116222760290557
17;15 Carbonyl Sulfide;0.004116222760290557
18;16 Hydroxyl;0.004116222760290557
19;17 Nitric oxide;0.004116222760290557
20;18 Methyl Cyanide;0.004116222760290557
21;19 Cyclopropenylidene;0.004116222760290557
22;20 Sulfur Monoxide ion;0.004116222760290557
23;21 Methanol;0.004116222760290557
24;22 Thioformaldehyde;0.004116222760290557
25;23 Ammonia;0.004116222760290557
26;24 Cyanoacetylene;0.004116222760290557
27;25 Hydrogen Cyanide;0.004116222760290557
28;26 Hydrogen sulfide;0.004116222760290557
29;27 Molecular oxygen;0.004116222760290557
30;29 Formylium;0.004116222760290557
