1;29 Formylium;0.6042424242424242
2;13 Methyliumylidene;0.10727272727272727
3;0 Methylidyne;0.010303030303030303
4;1 Formaldehyde;0.010303030303030303
5;2 Sulfur dioxide;0.010303030303030303
6;3 Carbon Monoxide;0.010303030303030303
7;4 Acetaldehyde;0.010303030303030303
8;5 Water;0.010303030303030303
9;6 Imidogen;0.010303030303030303
10;7 Carbon Monoxide Ion;0.010303030303030303
11;8 Nitric sulfide;0.010303030303030303
12;9 Isocyanic Acid;0.010303030303030303
13;10 Formic Acid;0.010303030303030303
14;11 Amidogen;0.010303030303030303
15;12 Ethylene Glycol;0.010303030303030303
16;14 Cyanide Radical;0.010303030303030303
17;15 Carbonyl Sulfide;0.010303030303030303
18;16 Hydroxyl;0.010303030303030303
19;17 Nitric oxide;0.010303030303030303
20;18 Methyl Cyanide;0.010303030303030303
21;19 Cyclopropenylidene;0.010303030303030303
22;20 Sulfur Monoxide ion;0.010303030303030303
23;21 Methanol;0.010303030303030303
24;22 Thioformaldehyde;0.010303030303030303
25;23 Ammonia;0.010303030303030303
26;24 Cyanoacetylene;0.010303030303030303
27;25 Hydrogen Cyanide;0.010303030303030303
28;26 Hydrogen sulfide;0.010303030303030303
29;27 Molecular oxygen;0.010303030303030303
30;28 Hydrogen Isocyanide;0.010303030303030303
