1;13 Methyliumylidene;0.8699766355140187
2;28 Hydrogen Isocyanide;0.06390186915887851
3;29 Formylium;0.012499999999999999
4;0 Methylidyne;0.001985981308411215
5;1 Formaldehyde;0.001985981308411215
6;2 Sulfur dioxide;0.001985981308411215
7;3 Carbon Monoxide;0.001985981308411215
8;4 Acetaldehyde;0.001985981308411215
9;5 Water;0.001985981308411215
10;6 Imidogen;0.001985981308411215
11;7 Carbon Monoxide Ion;0.001985981308411215
12;8 Nitric sulfide;0.001985981308411215
13;9 Isocyanic Acid;0.001985981308411215
14;10 Formic Acid;0.001985981308411215
15;11 Amidogen;0.001985981308411215
16;12 Ethylene Glycol;0.001985981308411215
17;14 Cyanide Radical;0.001985981308411215
18;15 Carbonyl Sulfide;0.001985981308411215
19;16 Hydroxyl;0.001985981308411215
20;17 Nitric oxide;0.001985981308411215
21;18 Methyl Cyanide;0.001985981308411215
22;19 Cyclopropenylidene;0.001985981308411215
23;20 Sulfur Monoxide ion;0.001985981308411215
24;21 Methanol;0.001985981308411215
25;22 Thioformaldehyde;0.001985981308411215
26;23 Ammonia;0.001985981308411215
27;24 Cyanoacetylene;0.001985981308411215
28;25 Hydrogen Cyanide;0.001985981308411215
29;26 Hydrogen sulfide;0.001985981308411215
30;27 Molecular oxygen;0.001985981308411215
