1;61 Protonated Carbon Dioxide;0.04081632653061224
2;98 Methyl diacetylene;0.04081632653061224
3;50 Protonate 2-proynenitrile;0.023809523809523805
4;117 3-Silanetetrayl-1,2-Propadienylidene;0.023809523809523805
5;0 Butatrienylidene;0.006802721088435374
6;1 Dimethyl ether;0.006802721088435374
7;2 Trihydrogen ion;0.006802721088435374
8;3 Nitrous Oxide;0.006802721088435374
9;4 Methyl Acetylene;0.006802721088435374
10;5 Ethylene Glycol;0.006802721088435374
11;6 2,4-Pentadiynylidyne;0.006802721088435374
12;7 Methyl Cyanide;0.006802721088435374
13;8 Thioformylium;0.006802721088435374
14;9 Hydrogen Cyanide;0.006802721088435374
15;10 Titanium monoxide;0.006802721088435374
16;11 Cyanide Radical;0.006802721088435374
17;12 Formic Acid;0.006802721088435374
18;13 Nitric sulfide;0.006802721088435374
19;14 Iminomethylium;0.006802721088435374
20;15 Hydrogen cyanide;0.006802721088435374
21;16 Aluminum monoxide;0.006802721088435374
22;17 Nitrosyl hydride;0.006802721088435374
23;18 Methyl isocyanate;0.006802721088435374
24;19 Propynylidynium;0.006802721088435374
25;20 Magnesium Cyanide;0.006802721088435374
26;21 1,3-Butadiynyl anion;0.006802721088435374
27;22 Diazenylium;0.006802721088435374
28;23 Methylamine;0.006802721088435374
29;24 Phosphorus Monoxide;0.006802721088435374
30;25 Silicon monosulfide;0.006802721088435374
31;26 Cyclopropenone;0.006802721088435374
32;27 Carbon Monoxide Ion;0.006802721088435374
33;28 Sodium Cyanide;0.006802721088435374
34;29 Nitric oxide;0.006802721088435374
35;30 3-Thioxo-1,2-Propadieylidene;0.006802721088435374
36;31 Silicon Cyanide;0.006802721088435374
37;32 Ethyne Isocyanide;0.006802721088435374
38;33 Sodium Chloride;0.006802721088435374
39;34 Cyanoacetylene;0.006802721088435374
40;35 Sulfur Monoxide;0.006802721088435374
41;36 Aluminum Isocyanitrile;0.006802721088435374
42;37 Cyanobutadiyne;0.006802721088435374
43;38 Potassium cyanide, potassium isocyanide;0.006802721088435374
44;39 Molecular oxygen;0.006802721088435374
45;40 Silicon Mononitride;0.006802721088435374
46;41 Carbon Monoxide;0.006802721088435374
47;42 Propadienylidene;0.006802721088435374
48;43 Methanimine;0.006802721088435374
49;44 Aluminum Monofluoride;0.006802721088435374
50;45 Formamide;0.006802721088435374
51;46 1,3,5,7-Octatetraynyl anion;0.006802721088435374
52;47 Aminoacetonitrile;0.006802721088435374
53;48 Ammonia;0.006802721088435374
54;49 gauche-Ethanol;0.006802721088435374
55;51 Carbonyl Sulfide;0.006802721088435374
56;52 Thioxoethenylidene;0.006802721088435374
57;53 Ethyl cyanide;0.006802721088435374
58;54 Water;0.006802721088435374
59;55 Methyl Formate;0.006802721088435374
60;56 Acetaldehyde;0.006802721088435374
61;57 Ketenimine;0.006802721088435374
62;58 Propenal;0.006802721088435374
63;59 Methyl isocyanide;0.006802721088435374
64;60 iso-propyl cyanide;0.006802721088435374
65;62 Ketene;0.006802721088435374
66;63 Silicon Monoxide;0.006802721088435374
67;64 Vinyl Cyanide;0.006802721088435374
68;65 Acetone;0.006802721088435374
69;66 3-Imino-1,2 Propadienylidene;0.006802721088435374
70;67 Cyclopropenylidene;0.006802721088435374
71;68 Silicon monoxide (global fit);0.006802721088435374
72;69 Magnesium Isocyanide;0.006802721088435374
73;70 Formaldehyde;0.006802721088435374
74;71 Cyanobutadiynylide anion;0.006802721088435374
75;72 Carbon Monosulfide;0.006802721088435374
76;73 Fulminic acid;0.006802721088435374
77;74 1,3,5-Hexatriynyl;0.006802721088435374
78;75 1,3-Butadiynyl radical;0.006802721088435374
79;76 trans-Ethanol;0.006802721088435374
80;77 Silicon Carbide;0.006802721088435374
81;78 1,3,5-Hexatriynyl anion;0.006802721088435374
82;79 Silicon monosulfide;0.006802721088435374
83;80 Oxonium hydride;0.006802721088435374
84;81 Formylium;0.006802721088435374
85;82 Ethylene Oxide;0.006802721088435374
86;83 Sulfur dioxide;0.006802721088435374
87;84 Carbon Monophosphide;0.006802721088435374
88;85 Sulfur Monoxide ion;0.006802721088435374
89;86 Methanol;0.006802721088435374
90;87 Sulfur Dioxide;0.006802721088435374
91;88 Isocyanic Acid;0.006802721088435374
92;89 Cyanoformaldehyde;0.006802721088435374
93;90 Silicon Isocyanide;0.006802721088435374
94;91 Methylene amidogen;0.006802721088435374
95;92 Silicon Monocarbide;0.006802721088435374
96;93 Phosphaethyne;0.006802721088435374
97;94 Carbon Monosulfide;0.006802721088435374
98;95 Aluminum Monochloride;0.006802721088435374
99;96 Cyanoallene;0.006802721088435374
100;97 3-Oxo-1,2-Propadienylidene;0.006802721088435374
101;99 Cyanomethylene;0.006802721088435374
102;100 Phosphapropynylidyne;0.006802721088435374
103;101 Cyanomethyl;0.006802721088435374
104;102 Hydrogen Isocyanide;0.006802721088435374
105;103 Hydrogen sulfide;0.006802721088435374
106;104 Glycolaldehyde;0.006802721088435374
107;105 Cyanide anion;0.006802721088435374
108;106 2-Propynal;0.006802721088435374
109;107 Ethynyl;0.006802721088435374
110;108 Phosphorous nitride;0.006802721088435374
111;109 Magnesium hydride isocyanide;0.006802721088435374
112;110 Potassium chloride;0.006802721088435374
113;111 Silicon tetracarbide;0.006802721088435374
114;112 Ethyl Cyanide;0.006802721088435374
115;113 Cyanamide;0.006802721088435374
116;114 Amidogen;0.006802721088435374
117;115 Formyl Radical;0.006802721088435374
118;116 Hydroxymethylidyne;0.006802721088435374
119;118 Vinyl Alcohol;0.006802721088435374
120;119 ortho-Oxidaniumyl;0.006802721088435374
121;120 Oxoethenylidene;0.006802721088435374
122;121 Cyanoethynylide ion;0.006802721088435374
123;122 2-Butynenitrile;0.006802721088435374
124;123 Cyanoethynyl;0.006802721088435374
125;124 Fluoromethyliumylidene;0.006802721088435374
126;125 3-Cyano-1,2-propadienylidene;0.006802721088435374
127;126 Vinyl Cyanide;0.006802721088435374
128;127 Hydroxymethylium ion;0.006802721088435374
129;128 Thioformaldehyde;0.006802721088435374
130;129 Isothiocyanic acid;0.006802721088435374
131;130 Methyl formate, v<sub>t</sub> = 0, 1;0.006802721088435374
132;131 Cyanic acid;0.006802721088435374
