1;16 Silicon Monoxide;0.8086370839936609
2;0 Methylidyne;0.00832012678288431
3;1 Butyronitrile;0.00832012678288431
4;2 Formaldehyde;0.00832012678288431
5;3 Sulfur dioxide;0.00832012678288431
6;4 Carbon Monoxide;0.00832012678288431
7;5 Water;0.00832012678288431
8;6 Chloronium;0.00832012678288431
9;7 Imidogen;0.00832012678288431
10;8 Thioformylium;0.00832012678288431
11;9 Mercapto radical;0.00832012678288431
12;10 Methyl formate vt01;0.00832012678288431
13;11 Methyliumylidene;0.00832012678288431
14;12 Cyanide Radical;0.00832012678288431
15;13 Hydroxyl;0.00832012678288431
16;14 Nitric oxide;0.00832012678288431
17;15 Cyclopropenylidene;0.00832012678288431
18;17 Hydrogen Cyanide;0.00832012678288431
19;18 Carbon Monosulfide;0.00832012678288431
20;19 Hydrogen sulfide;0.00832012678288431
21;20 Molecular oxygen;0.00832012678288431
22;21 Hydrogen Isocyanide;0.00832012678288431
23;22 Formylium;0.00832012678288431
24;23 Sulfoniumylidene;0.00832012678288431
