1;11 Methyliumylidene;0.7267184035476718
2;13 Hydroxyl;0.017184035476718405
3;0 Methylidyne;0.01164079822616408
4;1 Butyronitrile;0.01164079822616408
5;2 Formaldehyde;0.01164079822616408
6;3 Sulfur dioxide;0.01164079822616408
7;4 Carbon Monoxide;0.01164079822616408
8;5 Water;0.01164079822616408
9;6 Chloronium;0.01164079822616408
10;7 Imidogen;0.01164079822616408
11;8 Thioformylium;0.01164079822616408
12;9 Mercapto radical;0.01164079822616408
13;10 Methyl formate vt01;0.01164079822616408
14;12 Cyanide Radical;0.01164079822616408
15;14 Nitric oxide;0.01164079822616408
16;15 Cyclopropenylidene;0.01164079822616408
17;16 Silicon Monoxide;0.01164079822616408
18;17 Hydrogen Cyanide;0.01164079822616408
19;18 Carbon Monosulfide;0.01164079822616408
20;19 Hydrogen sulfide;0.01164079822616408
21;20 Molecular oxygen;0.01164079822616408
22;21 Hydrogen Isocyanide;0.01164079822616408
23;22 Formylium;0.01164079822616408
24;23 Sulfoniumylidene;0.01164079822616408
