1;20 Methanol;0.5338208409506399
2;9 Methyliumylidene;0.031078610603290674
3;0 Methylidyne;0.01279707495429616
4;1 1,3-Butadiynyl radical;0.01279707495429616
5;2 Formaldehyde;0.01279707495429616
6;3 Sulfur dioxide;0.01279707495429616
7;4 Carbon Monoxide;0.01279707495429616
8;5 Water;0.01279707495429616
9;6 Carbon Monoxide Ion;0.01279707495429616
10;7 Nitric sulfide;0.01279707495429616
11;8 Isocyanic Acid;0.01279707495429616
12;10 Cyanide Radical;0.01279707495429616
13;11 Ethynyl;0.01279707495429616
14;12 Carbonyl Sulfide;0.01279707495429616
15;13 Hydroxyl;0.01279707495429616
16;14 Diazenylium;0.01279707495429616
17;15 Thioxoethenylidene;0.01279707495429616
18;16 Nitric oxide;0.01279707495429616
19;17 Methyl Cyanide;0.01279707495429616
20;18 Cyclopropenylidene;0.01279707495429616
21;19 Methanimine;0.01279707495429616
22;21 Thioformaldehyde;0.01279707495429616
23;22 Ammonia;0.01279707495429616
24;23 Cyanamide;0.01279707495429616
25;24 Cyanoacetylene;0.01279707495429616
26;25 Sodium Chloride;0.01279707495429616
27;26 Silicon Monoxide;0.01279707495429616
28;27 Sulfur Monoxide;0.01279707495429616
29;28 Protonated Carbon Dioxide;0.01279707495429616
30;29 Hydrogen Cyanide;0.01279707495429616
31;30 Carbon Monosulfide;0.01279707495429616
32;31 Hydrogen sulfide;0.01279707495429616
33;32 Molecular oxygen;0.01279707495429616
34;33 Hydrogen Isocyanide;0.01279707495429616
35;34 Formylium;0.01279707495429616
36;35 Methyl Acetylene;0.01279707495429616
