1;105 Hydroxymethylidyne;0.5442043222003928
2;0 Dimethyl ether;0.003929273084479371
3;1 Butatrienylidene;0.003929273084479371
4;2 Trihydrogen ion;0.003929273084479371
5;3 Nitrous Oxide;0.003929273084479371
6;4 Methyl Acetylene;0.003929273084479371
7;5 Ethylene Glycol;0.003929273084479371
8;6 Methyl Cyanide;0.003929273084479371
9;7 Thioformylium;0.003929273084479371
10;8 para-Oxidaniumyl;0.003929273084479371
11;9 Hydrogen Cyanide;0.003929273084479371
12;10 Titanium monoxide;0.003929273084479371
13;11 Cyanide Radical;0.003929273084479371
14;12 Formic Acid;0.003929273084479371
15;13 Nitric sulfide;0.003929273084479371
16;14 Iminomethylium;0.003929273084479371
17;15 Aluminum monoxide;0.003929273084479371
18;16 Methyl isocyanate;0.003929273084479371
19;17 Nitrosyl hydride;0.003929273084479371
20;18 Propynylidynium;0.003929273084479371
21;19 Magnesium Cyanide;0.003929273084479371
22;20 Diazenylium;0.003929273084479371
23;21 Methylamine;0.003929273084479371
24;22 Chloronium;0.003929273084479371
25;23 Silicon monosulfide;0.003929273084479371
26;24 Phosphorus Monoxide;0.003929273084479371
27;25 Cyclopropenone;0.003929273084479371
28;26 Carbon Monoxide Ion;0.003929273084479371
29;27 Sodium Cyanide;0.003929273084479371
30;28 Nitric oxide;0.003929273084479371
31;29 Silicon Cyanide;0.003929273084479371
32;30 Ethyne Isocyanide;0.003929273084479371
33;31 Sodium Chloride;0.003929273084479371
34;32 Cyanoacetylene;0.003929273084479371
35;33 Sulfur Monoxide;0.003929273084479371
36;34 Aluminum Isocyanitrile;0.003929273084479371
37;35 Cyanobutadiyne;0.003929273084479371
38;36 Silicon Mononitride;0.003929273084479371
39;37 Carbon Monoxide;0.003929273084479371
40;38 Propadienylidene;0.003929273084479371
41;39 Methanimine;0.003929273084479371
42;40 Aluminum Monofluoride;0.003929273084479371
43;41 Formamide;0.003929273084479371
44;42 Aminoacetonitrile;0.003929273084479371
45;43 Ammonia;0.003929273084479371
46;44 gauche-Ethanol;0.003929273084479371
47;45 Protonate 2-proynenitrile;0.003929273084479371
48;46 Carbonyl Sulfide;0.003929273084479371
49;47 Thioxoethenylidene;0.003929273084479371
50;48 Ethyl cyanide;0.003929273084479371
51;49 Water;0.003929273084479371
52;50 Methyl Formate;0.003929273084479371
53;51 Acetaldehyde;0.003929273084479371
54;52 Ketenimine;0.003929273084479371
55;53 Propenal;0.003929273084479371
56;54 Methyl isocyanide;0.003929273084479371
57;55 iso-propyl cyanide;0.003929273084479371
58;56 Hydrogen cyanide;0.003929273084479371
59;57 Protonated Carbon Dioxide;0.003929273084479371
60;58 Methylidyne;0.003929273084479371
61;59 Ketene;0.003929273084479371
62;60 Silicon Monoxide;0.003929273084479371
63;61 Acetone;0.003929273084479371
64;62 Vinyl Cyanide;0.003929273084479371
65;63 Silicon monoxide (global fit);0.003929273084479371
66;64 Cyclopropenylidene;0.003929273084479371
67;65 Magnesium Isocyanide;0.003929273084479371
68;66 Cyanobutadiynylide anion;0.003929273084479371
69;67 Formaldehyde;0.003929273084479371
70;68 Carbon Monosulfide;0.003929273084479371
71;69 Fulminic acid;0.003929273084479371
72;70 trans-Ethanol;0.003929273084479371
73;71 Silicon Carbide;0.003929273084479371
74;72 Formylium;0.003929273084479371
75;73 Ethylene Oxide;0.003929273084479371
76;74 Sulfur dioxide;0.003929273084479371
77;75 Carbon Monophosphide;0.003929273084479371
78;76 Sulfur Monoxide ion;0.003929273084479371
79;77 Methanol;0.003929273084479371
80;78 Sulfur Dioxide;0.003929273084479371
81;79 Cyanoformaldehyde;0.003929273084479371
82;80 Isocyanic Acid;0.003929273084479371
83;81 Silicon Isocyanide;0.003929273084479371
84;82 Methylene amidogen;0.003929273084479371
85;83 Silicon Monocarbide;0.003929273084479371
86;84 Phosphaethyne;0.003929273084479371
87;85 Aluminum Monochloride;0.003929273084479371
88;86 Cyanoallene;0.003929273084479371
89;87 Methyl diacetylene;0.003929273084479371
90;88 Cyanomethylene;0.003929273084479371
91;89 Phosphapropynylidyne;0.003929273084479371
92;90 Cyanomethyl;0.003929273084479371
93;91 Hydrogen Isocyanide;0.003929273084479371
94;92 Hydrogen sulfide;0.003929273084479371
95;93 Hydroxyl;0.003929273084479371
96;94 Glycolaldehyde;0.003929273084479371
97;95 Cyanide anion;0.003929273084479371
98;96 2-Propynal;0.003929273084479371
99;97 Ethynyl;0.003929273084479371
100;98 Phosphorous nitride;0.003929273084479371
101;99 Magnesium hydride isocyanide;0.003929273084479371
102;100 Potassium chloride;0.003929273084479371
103;101 Silicon tetracarbide;0.003929273084479371
104;102 Ethyl Cyanide;0.003929273084479371
105;103 Cyanamide;0.003929273084479371
106;104 Amidogen;0.003929273084479371
107;106 Formyl Radical;0.003929273084479371
108;107 Vinyl Alcohol;0.003929273084479371
109;108 ortho-Oxidaniumyl;0.003929273084479371
110;109 Cyanoethynylide ion;0.003929273084479371
111;110 Oxoethenylidene;0.003929273084479371
112;111 2-Butynenitrile;0.003929273084479371
113;112 Cyanoethynyl;0.003929273084479371
114;113 Hydroxymethylium ion;0.003929273084479371
115;114 Thioformaldehyde;0.003929273084479371
116;115 Isothiocyanic acid;0.003929273084479371
117;116 Cyanic acid;0.003929273084479371
