uid___A002_Xa916fc_X668__IRS43_HCO32.final.image.pbcor;model_alma_band_6_tr_500it;1;15 Aluminum monoxide;0.8955486998677831
uid___A002_Xa916fc_X668__IRS43_HCO32.final.image.pbcor;model_alma_band_6_tr_500it;2;9 Hydrogen Cyanide;0.0030850594975760245
uid___A002_Xa916fc_X668__IRS43_HCO32.final.image.pbcor;model_alma_band_6_tr_500it;3;0 Dimethyl ether;0.0008814455707360071
uid___A002_Xa916fc_X668__IRS43_HCO32.final.image.pbcor;model_alma_band_6_tr_500it;4;1 Butatrienylidene;0.0008814455707360071
uid___A002_Xa916fc_X668__IRS43_HCO32.final.image.pbcor;model_alma_band_6_tr_500it;5;2 Trihydrogen ion;0.0008814455707360071
uid___A002_Xa916fc_X668__IRS43_HCO32.final.image.pbcor;model_alma_band_6_2_500it;1;3 Nitrous Oxide;0.8977523137946231
uid___A002_Xa916fc_X668__IRS43_HCO32.final.image.pbcor;model_alma_band_6_2_500it;2;0 Dimethyl ether;0.0008814455707360071
uid___A002_Xa916fc_X668__IRS43_HCO32.final.image.pbcor;model_alma_band_6_2_500it;3;1 Butatrienylidene;0.0008814455707360071
uid___A002_Xa916fc_X668__IRS43_HCO32.final.image.pbcor;model_alma_band_6_2_500it;4;2 Trihydrogen ion;0.0008814455707360071
uid___A002_Xa916fc_X668__IRS43_HCO32.final.image.pbcor;model_alma_band_6_2_500it;5;4 Methyl Acetylene;0.0008814455707360071
uid___A002_Xa916fc_X668__IRS43_HCO32.final.image.pbcor;model_alma_band_6_full_500it;1;69 Fulminic acid;0.4482150727192596
uid___A002_Xa916fc_X668__IRS43_HCO32.final.image.pbcor;model_alma_band_6_full_500it;2;2 Trihydrogen ion;0.20802115469369767
uid___A002_Xa916fc_X668__IRS43_HCO32.final.image.pbcor;model_alma_band_6_full_500it;3;22 Chloronium;0.1507271925958572
uid___A002_Xa916fc_X668__IRS43_HCO32.final.image.pbcor;model_alma_band_6_full_500it;4;84 Phosphaethyne;0.06698986337593653
uid___A002_Xa916fc_X668__IRS43_HCO32.final.image.pbcor;model_alma_band_6_full_500it;5;92 Hydrogen sulfide;0.027324812692816218
uid___A002_Xa916fc_X668__IRS43_HCO32.final.image.pbcor;model_alma_band_6_full_expanded_00002_500it;1;65 Magnesium Isocyanide;0.8955486998677831
uid___A002_Xa916fc_X668__IRS43_HCO32.final.image.pbcor;model_alma_band_6_full_expanded_00002_500it;2;3 Nitrous Oxide;0.0030850594975760245
uid___A002_Xa916fc_X668__IRS43_HCO32.final.image.pbcor;model_alma_band_6_full_expanded_00002_500it;3;0 Dimethyl ether;0.0008814455707360071
uid___A002_Xa916fc_X668__IRS43_HCO32.final.image.pbcor;model_alma_band_6_full_expanded_00002_500it;4;1 Butatrienylidene;0.0008814455707360071
uid___A002_Xa916fc_X668__IRS43_HCO32.final.image.pbcor;model_alma_band_6_full_expanded_00002_500it;5;2 Trihydrogen ion;0.0008814455707360071
uid___A002_Xa916fc_X668__IRS43_HCO32.final.image.pbcor;model_alma_band_6_full_expanded_00010_500it;1;72 Formylium;0.882327016306743
uid___A002_Xa916fc_X668__IRS43_HCO32.final.image.pbcor;model_alma_band_6_full_expanded_00010_500it;2;53 Propenal;0.007492287351256059
uid___A002_Xa916fc_X668__IRS43_HCO32.final.image.pbcor;model_alma_band_6_full_expanded_00010_500it;3;19 Magnesium Cyanide;0.005288673424416042
uid___A002_Xa916fc_X668__IRS43_HCO32.final.image.pbcor;model_alma_band_6_full_expanded_00010_500it;4;13 Nitric sulfide;0.0030850594975760245
uid___A002_Xa916fc_X668__IRS43_HCO32.final.image.pbcor;model_alma_band_6_full_expanded_00010_500it;5;33 Sulfur Monoxide;0.0030850594975760245
HD163296_CO_2_1.image;model_alma_band_6_tr_500it;1;40 Aluminum Monofluoride;0.524557956777996
HD163296_CO_2_1.image;model_alma_band_6_tr_500it;2;48 Ethyl cyanide;0.013752455795677796
HD163296_CO_2_1.image;model_alma_band_6_tr_500it;3;110 Oxoethenylidene;0.013752455795677796
HD163296_CO_2_1.image;model_alma_band_6_tr_500it;4;0 Dimethyl ether;0.003929273084479371
HD163296_CO_2_1.image;model_alma_band_6_tr_500it;5;1 Butatrienylidene;0.003929273084479371
HD163296_CO_2_1.image;model_alma_band_6_2_500it;1;105 Hydroxymethylidyne;0.5442043222003928
HD163296_CO_2_1.image;model_alma_band_6_2_500it;2;0 Dimethyl ether;0.003929273084479371
HD163296_CO_2_1.image;model_alma_band_6_2_500it;3;1 Butatrienylidene;0.003929273084479371
HD163296_CO_2_1.image;model_alma_band_6_2_500it;4;2 Trihydrogen ion;0.003929273084479371
HD163296_CO_2_1.image;model_alma_band_6_2_500it;5;3 Nitrous Oxide;0.003929273084479371
HD163296_CO_2_1.image;model_alma_band_6_full_500it;1;69 Fulminic acid;0.17092337917485262
HD163296_CO_2_1.image;model_alma_band_6_full_500it;2;99 Magnesium hydride isocyanide;0.10216110019646364
HD163296_CO_2_1.image;model_alma_band_6_full_500it;3;37 Carbon Monoxide;0.09233791748526522
HD163296_CO_2_1.image;model_alma_band_6_full_500it;4;7 Thioformylium;0.07269155206286837
HD163296_CO_2_1.image;model_alma_band_6_full_500it;5;18 Propynylidynium;0.06286836935166994
HD163296_CO_2_1.image;model_alma_band_6_full_expanded_00002_500it;1;14 Iminomethylium;0.5147347740667976
HD163296_CO_2_1.image;model_alma_band_6_full_expanded_00002_500it;2;37 Carbon Monoxide;0.013752455795677796
HD163296_CO_2_1.image;model_alma_band_6_full_expanded_00002_500it;3;88 Cyanomethylene;0.013752455795677796
HD163296_CO_2_1.image;model_alma_band_6_full_expanded_00002_500it;4;109 Cyanoethynylide ion;0.013752455795677796
HD163296_CO_2_1.image;model_alma_band_6_full_expanded_00002_500it;5;0 Dimethyl ether;0.003929273084479371
HD163296_CO_2_1.image;model_alma_band_6_full_expanded_00010_500it;1;45 Protonate 2-proynenitrile;0.524557956777996
HD163296_CO_2_1.image;model_alma_band_6_full_expanded_00010_500it;2;6 Methyl Cyanide;0.013752455795677796
HD163296_CO_2_1.image;model_alma_band_6_full_expanded_00010_500it;3;8 para-Oxidaniumyl;0.013752455795677796
HD163296_CO_2_1.image;model_alma_band_6_full_expanded_00010_500it;4;0 Dimethyl ether;0.003929273084479371
HD163296_CO_2_1.image;model_alma_band_6_full_expanded_00010_500it;5;1 Butatrienylidene;0.003929273084479371
DMTau.CS_5-4.image;model_alma_band_6_tr_500it;1;17 Nitrosyl hydride;0.29651162790697666
DMTau.CS_5-4.image;model_alma_band_6_tr_500it;2;99 Magnesium hydride isocyanide;0.02034883720930232
DMTau.CS_5-4.image;model_alma_band_6_tr_500it;3;115 Isothiocyanic acid;0.02034883720930232
DMTau.CS_5-4.image;model_alma_band_6_tr_500it;4;0 Dimethyl ether;0.005813953488372092
DMTau.CS_5-4.image;model_alma_band_6_tr_500it;5;1 Butatrienylidene;0.005813953488372092
DMTau.CS_5-4.image;model_alma_band_6_2_500it;1;104 Amidogen;0.3255813953488371
DMTau.CS_5-4.image;model_alma_band_6_2_500it;2;0 Dimethyl ether;0.005813953488372092
DMTau.CS_5-4.image;model_alma_band_6_2_500it;3;1 Butatrienylidene;0.005813953488372092
DMTau.CS_5-4.image;model_alma_band_6_2_500it;4;2 Trihydrogen ion;0.005813953488372092
DMTau.CS_5-4.image;model_alma_band_6_2_500it;5;3 Nitrous Oxide;0.005813953488372092
DMTau.CS_5-4.image;model_alma_band_6_full_500it;1;14 Iminomethylium;0.3255813953488371
DMTau.CS_5-4.image;model_alma_band_6_full_500it;2;0 Dimethyl ether;0.005813953488372092
DMTau.CS_5-4.image;model_alma_band_6_full_500it;3;1 Butatrienylidene;0.005813953488372092
DMTau.CS_5-4.image;model_alma_band_6_full_500it;4;2 Trihydrogen ion;0.005813953488372092
DMTau.CS_5-4.image;model_alma_band_6_full_500it;5;3 Nitrous Oxide;0.005813953488372092
DMTau.CS_5-4.image;model_alma_band_6_full_expanded_00002_500it;1;68 Carbon Monosulfide;0.3110465116279069
DMTau.CS_5-4.image;model_alma_band_6_full_expanded_00002_500it;2;103 Cyanamide;0.02034883720930232
DMTau.CS_5-4.image;model_alma_band_6_full_expanded_00002_500it;3;0 Dimethyl ether;0.005813953488372092
DMTau.CS_5-4.image;model_alma_band_6_full_expanded_00002_500it;4;1 Butatrienylidene;0.005813953488372092
DMTau.CS_5-4.image;model_alma_band_6_full_expanded_00002_500it;5;2 Trihydrogen ion;0.005813953488372092
DMTau.CS_5-4.image;model_alma_band_6_full_expanded_00010_500it;1;68 Carbon Monosulfide;0.3255813953488371
DMTau.CS_5-4.image;model_alma_band_6_full_expanded_00010_500it;2;0 Dimethyl ether;0.005813953488372092
DMTau.CS_5-4.image;model_alma_band_6_full_expanded_00010_500it;3;1 Butatrienylidene;0.005813953488372092
DMTau.CS_5-4.image;model_alma_band_6_full_expanded_00010_500it;4;2 Trihydrogen ion;0.005813953488372092
DMTau.CS_5-4.image;model_alma_band_6_full_expanded_00010_500it;5;3 Nitrous Oxide;0.005813953488372092
Orion.HNC.cbc.contsub.image;model_alma_band_6_tr_500it;1;22 Chloronium;0.8346994535519126
Orion.HNC.cbc.contsub.image;model_alma_band_6_tr_500it;2;11 Cyanide Radical;0.004781420765027322
Orion.HNC.cbc.contsub.image;model_alma_band_6_tr_500it;3;107 Vinyl Alcohol;0.004781420765027322
Orion.HNC.cbc.contsub.image;model_alma_band_6_tr_500it;4;0 Dimethyl ether;0.001366120218579235
Orion.HNC.cbc.contsub.image;model_alma_band_6_tr_500it;5;1 Butatrienylidene;0.001366120218579235
Orion.HNC.cbc.contsub.image;model_alma_band_6_2_500it;1;3 Nitrous Oxide;0.6366120218579235
Orion.HNC.cbc.contsub.image;model_alma_band_6_2_500it;2;104 Amidogen;0.20628415300546446
Orion.HNC.cbc.contsub.image;model_alma_band_6_2_500it;3;0 Dimethyl ether;0.001366120218579235
Orion.HNC.cbc.contsub.image;model_alma_band_6_2_500it;4;1 Butatrienylidene;0.001366120218579235
Orion.HNC.cbc.contsub.image;model_alma_band_6_2_500it;5;2 Trihydrogen ion;0.001366120218579235
Orion.HNC.cbc.contsub.image;model_alma_band_6_full_500it;1;58 Methylidyne;0.2336065573770492
Orion.HNC.cbc.contsub.image;model_alma_band_6_full_500it;2;14 Iminomethylium;0.20969945355191255
Orion.HNC.cbc.contsub.image;model_alma_band_6_full_500it;3;84 Phosphaethyne;0.19262295081967212
Orion.HNC.cbc.contsub.image;model_alma_band_6_full_500it;4;24 Phosphorus Monoxide;0.10724043715846994
Orion.HNC.cbc.contsub.image;model_alma_band_6_full_500it;5;56 Hydrogen cyanide;0.05259562841530054
Orion.HNC.cbc.contsub.image;model_alma_band_6_full_expanded_00002_500it;1;105 Hydroxymethylidyne;0.8312841530054644
Orion.HNC.cbc.contsub.image;model_alma_band_6_full_expanded_00002_500it;2;21 Methylamine;0.004781420765027322
Orion.HNC.cbc.contsub.image;model_alma_band_6_full_expanded_00002_500it;3;28 Nitric oxide;0.004781420765027322
Orion.HNC.cbc.contsub.image;model_alma_band_6_full_expanded_00002_500it;4;104 Amidogen;0.004781420765027322
Orion.HNC.cbc.contsub.image;model_alma_band_6_full_expanded_00002_500it;5;0 Dimethyl ether;0.001366120218579235
Orion.HNC.cbc.contsub.image;model_alma_band_6_full_expanded_00010_500it;1;57 Protonated Carbon Dioxide;0.8381147540983607
Orion.HNC.cbc.contsub.image;model_alma_band_6_full_expanded_00010_500it;2;74 Sulfur dioxide;0.004781420765027322
Orion.HNC.cbc.contsub.image;model_alma_band_6_full_expanded_00010_500it;3;0 Dimethyl ether;0.001366120218579235
Orion.HNC.cbc.contsub.image;model_alma_band_6_full_expanded_00010_500it;4;1 Butatrienylidene;0.001366120218579235
Orion.HNC.cbc.contsub.image;model_alma_band_6_full_expanded_00010_500it;5;2 Trihydrogen ion;0.001366120218579235
Orion.methanol.cbc.contsub.image;model_alma_band_6_tr_500it;1;15 Aluminum monoxide;0.6724137931034483
Orion.methanol.cbc.contsub.image;model_alma_band_6_tr_500it;2;49 Water;0.009283819628647213
Orion.methanol.cbc.contsub.image;model_alma_band_6_tr_500it;3;75 Carbon Monophosphide;0.009283819628647213
Orion.methanol.cbc.contsub.image;model_alma_band_6_tr_500it;4;94 Glycolaldehyde;0.009283819628647213
Orion.methanol.cbc.contsub.image;model_alma_band_6_tr_500it;5;0 Dimethyl ether;0.002652519893899204
Orion.methanol.cbc.contsub.image;model_alma_band_6_2_500it;1;3 Nitrous Oxide;0.6923076923076923
Orion.methanol.cbc.contsub.image;model_alma_band_6_2_500it;2;0 Dimethyl ether;0.002652519893899204
Orion.methanol.cbc.contsub.image;model_alma_band_6_2_500it;3;1 Butatrienylidene;0.002652519893899204
Orion.methanol.cbc.contsub.image;model_alma_band_6_2_500it;4;2 Trihydrogen ion;0.002652519893899204
Orion.methanol.cbc.contsub.image;model_alma_band_6_2_500it;5;4 Methyl Acetylene;0.002652519893899204
Orion.methanol.cbc.contsub.image;model_alma_band_6_full_500it;1;68 Carbon Monosulfide;0.15517241379310343
Orion.methanol.cbc.contsub.image;model_alma_band_6_full_500it;2;83 Silicon Monocarbide;0.15517241379310343
Orion.methanol.cbc.contsub.image;model_alma_band_6_full_500it;3;109 Cyanoethynylide ion;0.15517241379310343
Orion.methanol.cbc.contsub.image;model_alma_band_6_full_500it;4;76 Sulfur Monoxide ion;0.12201591511936338
Orion.methanol.cbc.contsub.image;model_alma_band_6_full_500it;5;58 Methylidyne;0.055702917771883284
Orion.methanol.cbc.contsub.image;model_alma_band_6_full_expanded_00002_500it;1;38 Propadienylidene;0.6923076923076923
Orion.methanol.cbc.contsub.image;model_alma_band_6_full_expanded_00002_500it;2;0 Dimethyl ether;0.002652519893899204
Orion.methanol.cbc.contsub.image;model_alma_band_6_full_expanded_00002_500it;3;1 Butatrienylidene;0.002652519893899204
Orion.methanol.cbc.contsub.image;model_alma_band_6_full_expanded_00002_500it;4;2 Trihydrogen ion;0.002652519893899204
Orion.methanol.cbc.contsub.image;model_alma_band_6_full_expanded_00002_500it;5;3 Nitrous Oxide;0.002652519893899204
Orion.methanol.cbc.contsub.image;model_alma_band_6_full_expanded_00010_500it;1;15 Aluminum monoxide;0.6790450928381963
Orion.methanol.cbc.contsub.image;model_alma_band_6_full_expanded_00010_500it;2;4 Methyl Acetylene;0.009283819628647213
Orion.methanol.cbc.contsub.image;model_alma_band_6_full_expanded_00010_500it;3;16 Methyl isocyanate;0.009283819628647213
Orion.methanol.cbc.contsub.image;model_alma_band_6_full_expanded_00010_500it;4;0 Dimethyl ether;0.002652519893899204
Orion.methanol.cbc.contsub.image;model_alma_band_6_full_expanded_00010_500it;5;1 Butatrienylidene;0.002652519893899204
