1;5 Methyliumylidene;0.3435960591133005
2;53 Formic Acid;0.023399014778325122
3;55 Cyanoacetylene;0.023399014778325122
4;0 Ketene;0.011083743842364532
5;1 1,3,5-Hexatriynyl;0.011083743842364532
6;2 Oxonium hydride;0.011083743842364532
7;3 Vinyl Cyanide;0.011083743842364532
8;4 Hydroxyl;0.011083743842364532
9;6 Carbon Monosulfide;0.011083743842364532
10;7 Cyanomethyl;0.011083743842364532
11;8 Methyl Acetylene;0.011083743842364532
12;9 Ethyl Cyanide;0.011083743842364532
13;10 2,4-Pentadiynylidyne;0.011083743842364532
14;11 4-Cyano-1,3-Butadiynyl;0.011083743842364532
15;12 Water;0.011083743842364532
16;13 Hydrogen sulfide;0.011083743842364532
17;14 Methylene amidogen;0.011083743842364532
18;15 1,3-Butadiynyl radical;0.011083743842364532
19;16 2,4,6,8-Nonatetraynenitrile;0.011083743842364532
20;17 Formylium;0.011083743842364532
21;18 Cyanoallene;0.011083743842364532
22;19 Trihydrogen ion;0.011083743842364532
23;20 Methylcyanodiacetylene;0.011083743842364532
24;21 2,4,6-Heptatriynenitrile;0.011083743842364532
25;22 Methanol;0.011083743842364532
26;23 Ammonia;0.011083743842364532
27;24 Methyl Cyanide;0.011083743842364532
28;25 1,3,5-Hexatriynyl anion;0.011083743842364532
29;26 1,3,5,7-Octatetraynyl anion;0.011083743842364532
30;27 3-Thioxo-1,2-Propadieylidene;0.011083743842364532
31;28 Cyanobutadiyne;0.011083743842364532
32;29 Nitric sulfide;0.011083743842364532
33;30 Sulfur dioxide;0.011083743842364532
34;31 Hydrochloric acid;0.011083743842364532
35;32 2,4,6,8,10-Undecapentaynenitrile;0.011083743842364532
36;33 Cyanide Radical;0.011083743842364532
37;34 Nitric oxide;0.011083743842364532
38;35 Formaldehyde;0.011083743842364532
39;36 Sulfur Monoxide;0.011083743842364532
40;37 Methyltriacetylene;0.011083743842364532
41;38 Hydrogen Cyanide;0.011083743842364532
42;39 Methyl diacetylene;0.011083743842364532
43;40 Methylidyne;0.011083743842364532
44;41 Thioxoethenylidene;0.011083743842364532
45;42 Silicon Monoxide;0.011083743842364532
46;43 1,3,5,7-Octatetraynyl;0.011083743842364532
47;44 Oxoethenylidene;0.011083743842364532
48;45 Propynylidynium;0.011083743842364532
49;46 Carbon Monoxide;0.011083743842364532
50;47 Thioformaldehyde;0.011083743842364532
51;48 Hexatrienyl;0.011083743842364532
52;49 Diazenylium;0.011083743842364532
53;50 Hydrogen Isocyanide;0.011083743842364532
54;51 Carbon Monosulfide;0.011083743842364532
55;52 Methylamine;0.011083743842364532
56;54 Cyclopropenylidene;0.011083743842364532
57;56 para-Oxidaniumyl;0.011083743842364532
58;57 ortho-Oxidaniumyl;0.011083743842364532
