1;13 Methyliumylidene;0.6281456953642384
2;28 Hydrogen Isocyanide;0.2142384105960265
3;0 Methylidyne;0.005629139072847682
4;1 Formaldehyde;0.005629139072847682
5;2 Sulfur dioxide;0.005629139072847682
6;3 Carbon Monoxide;0.005629139072847682
7;4 Acetaldehyde;0.005629139072847682
8;5 Water;0.005629139072847682
9;6 Imidogen;0.005629139072847682
10;7 Carbon Monoxide Ion;0.005629139072847682
11;8 Nitric sulfide;0.005629139072847682
12;9 Isocyanic Acid;0.005629139072847682
13;10 Formic Acid;0.005629139072847682
14;11 Amidogen;0.005629139072847682
15;12 Ethylene Glycol;0.005629139072847682
16;14 Cyanide Radical;0.005629139072847682
17;15 Carbonyl Sulfide;0.005629139072847682
18;16 Hydroxyl;0.005629139072847682
19;17 Nitric oxide;0.005629139072847682
20;18 Methyl Cyanide;0.005629139072847682
21;19 Cyclopropenylidene;0.005629139072847682
22;20 Sulfur Monoxide ion;0.005629139072847682
23;21 Methanol;0.005629139072847682
24;22 Thioformaldehyde;0.005629139072847682
25;23 Ammonia;0.005629139072847682
26;24 Cyanoacetylene;0.005629139072847682
27;25 Hydrogen Cyanide;0.005629139072847682
28;26 Hydrogen sulfide;0.005629139072847682
29;27 Molecular oxygen;0.005629139072847682
30;29 Formylium;0.005629139072847682
