TWHydra_HCOplusline.image;model_comets_tr_500it;1;13 Methyliumylidene;0.521359223300971
TWHydra_HCOplusline.image;model_comets_tr_500it;2;0 Methylidyne;0.016504854368932037
TWHydra_HCOplusline.image;model_comets_tr_500it;3;1 Formaldehyde;0.016504854368932037
TWHydra_HCOplusline.image;model_comets_tr_500it;4;2 Sulfur dioxide;0.016504854368932037
TWHydra_HCOplusline.image;model_comets_tr_500it;5;3 Carbon Monoxide;0.016504854368932037
TWHydra_HCOplusline.image;model_comets_2_500it;1;13 Methyliumylidene;0.45339805825242724
TWHydra_HCOplusline.image;model_comets_2_500it;2;29 Formylium;0.08446601941747572
TWHydra_HCOplusline.image;model_comets_2_500it;3;0 Methylidyne;0.016504854368932037
TWHydra_HCOplusline.image;model_comets_2_500it;4;1 Formaldehyde;0.016504854368932037
TWHydra_HCOplusline.image;model_comets_2_500it;5;2 Sulfur dioxide;0.016504854368932037
TWHydra_HCOplusline.image;model_comets_full_500it;1;29 Formylium;0.5116504854368932
TWHydra_HCOplusline.image;model_comets_full_500it;2;19 Cyclopropenylidene;0.02621359223300971
TWHydra_HCOplusline.image;model_comets_full_500it;3;0 Methylidyne;0.016504854368932037
TWHydra_HCOplusline.image;model_comets_full_500it;4;1 Formaldehyde;0.016504854368932037
TWHydra_HCOplusline.image;model_comets_full_500it;5;2 Sulfur dioxide;0.016504854368932037
TWHydra_HCOplusline.image;model_comets_full_expanded_00002_500it;1;13 Methyliumylidene;0.521359223300971
TWHydra_HCOplusline.image;model_comets_full_expanded_00002_500it;2;0 Methylidyne;0.016504854368932037
TWHydra_HCOplusline.image;model_comets_full_expanded_00002_500it;3;1 Formaldehyde;0.016504854368932037
TWHydra_HCOplusline.image;model_comets_full_expanded_00002_500it;4;2 Sulfur dioxide;0.016504854368932037
TWHydra_HCOplusline.image;model_comets_full_expanded_00002_500it;5;3 Carbon Monoxide;0.016504854368932037
TWHydra_HCOplusline.image;model_comets_full_expanded_00010_500it;1;29 Formylium;0.521359223300971
TWHydra_HCOplusline.image;model_comets_full_expanded_00010_500it;2;0 Methylidyne;0.016504854368932037
TWHydra_HCOplusline.image;model_comets_full_expanded_00010_500it;3;1 Formaldehyde;0.016504854368932037
TWHydra_HCOplusline.image;model_comets_full_expanded_00010_500it;4;2 Sulfur dioxide;0.016504854368932037
TWHydra_HCOplusline.image;model_comets_full_expanded_00010_500it;5;3 Carbon Monoxide;0.016504854368932037
uid___A002_Xa916fc_X668__IRS43_HCO32.final.image.pbcor;model_comets_tr_500it;1;13 Methyliumylidene;0.8928260869565218
uid___A002_Xa916fc_X668__IRS43_HCO32.final.image.pbcor;model_comets_tr_500it;2;0 Methylidyne;0.0036956521739130435
uid___A002_Xa916fc_X668__IRS43_HCO32.final.image.pbcor;model_comets_tr_500it;3;1 Formaldehyde;0.0036956521739130435
uid___A002_Xa916fc_X668__IRS43_HCO32.final.image.pbcor;model_comets_tr_500it;4;2 Sulfur dioxide;0.0036956521739130435
uid___A002_Xa916fc_X668__IRS43_HCO32.final.image.pbcor;model_comets_tr_500it;5;3 Carbon Monoxide;0.0036956521739130435
uid___A002_Xa916fc_X668__IRS43_HCO32.final.image.pbcor;model_comets_2_500it;1;13 Methyliumylidene;0.7928260869565217
uid___A002_Xa916fc_X668__IRS43_HCO32.final.image.pbcor;model_comets_2_500it;2;28 Hydrogen Isocyanide;0.10369565217391305
uid___A002_Xa916fc_X668__IRS43_HCO32.final.image.pbcor;model_comets_2_500it;3;0 Methylidyne;0.0036956521739130435
uid___A002_Xa916fc_X668__IRS43_HCO32.final.image.pbcor;model_comets_2_500it;4;1 Formaldehyde;0.0036956521739130435
uid___A002_Xa916fc_X668__IRS43_HCO32.final.image.pbcor;model_comets_2_500it;5;2 Sulfur dioxide;0.0036956521739130435
uid___A002_Xa916fc_X668__IRS43_HCO32.final.image.pbcor;model_comets_full_500it;1;13 Methyliumylidene;0.7819565217391304
uid___A002_Xa916fc_X668__IRS43_HCO32.final.image.pbcor;model_comets_full_500it;2;29 Formylium;0.11456521739130436
uid___A002_Xa916fc_X668__IRS43_HCO32.final.image.pbcor;model_comets_full_500it;3;0 Methylidyne;0.0036956521739130435
uid___A002_Xa916fc_X668__IRS43_HCO32.final.image.pbcor;model_comets_full_500it;4;1 Formaldehyde;0.0036956521739130435
uid___A002_Xa916fc_X668__IRS43_HCO32.final.image.pbcor;model_comets_full_500it;5;2 Sulfur dioxide;0.0036956521739130435
uid___A002_Xa916fc_X668__IRS43_HCO32.final.image.pbcor;model_comets_full_expanded_00002_500it;1;25 Hydrogen Cyanide;0.8906521739130434
uid___A002_Xa916fc_X668__IRS43_HCO32.final.image.pbcor;model_comets_full_expanded_00002_500it;2;17 Nitric oxide;0.005869565217391305
uid___A002_Xa916fc_X668__IRS43_HCO32.final.image.pbcor;model_comets_full_expanded_00002_500it;3;0 Methylidyne;0.0036956521739130435
uid___A002_Xa916fc_X668__IRS43_HCO32.final.image.pbcor;model_comets_full_expanded_00002_500it;4;1 Formaldehyde;0.0036956521739130435
uid___A002_Xa916fc_X668__IRS43_HCO32.final.image.pbcor;model_comets_full_expanded_00002_500it;5;2 Sulfur dioxide;0.0036956521739130435
uid___A002_Xa916fc_X668__IRS43_HCO32.final.image.pbcor;model_comets_full_expanded_00010_500it;1;29 Formylium;0.8928260869565218
uid___A002_Xa916fc_X668__IRS43_HCO32.final.image.pbcor;model_comets_full_expanded_00010_500it;2;0 Methylidyne;0.0036956521739130435
uid___A002_Xa916fc_X668__IRS43_HCO32.final.image.pbcor;model_comets_full_expanded_00010_500it;3;1 Formaldehyde;0.0036956521739130435
uid___A002_Xa916fc_X668__IRS43_HCO32.final.image.pbcor;model_comets_full_expanded_00010_500it;4;2 Sulfur dioxide;0.0036956521739130435
uid___A002_Xa916fc_X668__IRS43_HCO32.final.image.pbcor;model_comets_full_expanded_00010_500it;5;3 Carbon Monoxide;0.0036956521739130435
HD163296_CO_2_1.image;model_comets_tr_500it;1;13 Methyliumylidene;0.7629807692307692
HD163296_CO_2_1.image;model_comets_tr_500it;2;0 Methylidyne;0.008173076923076924
HD163296_CO_2_1.image;model_comets_tr_500it;3;1 Formaldehyde;0.008173076923076924
HD163296_CO_2_1.image;model_comets_tr_500it;4;2 Sulfur dioxide;0.008173076923076924
HD163296_CO_2_1.image;model_comets_tr_500it;5;3 Carbon Monoxide;0.008173076923076924
HD163296_CO_2_1.image;model_comets_2_500it;1;13 Methyliumylidene;0.7629807692307692
HD163296_CO_2_1.image;model_comets_2_500it;2;0 Methylidyne;0.008173076923076924
HD163296_CO_2_1.image;model_comets_2_500it;3;1 Formaldehyde;0.008173076923076924
HD163296_CO_2_1.image;model_comets_2_500it;4;2 Sulfur dioxide;0.008173076923076924
HD163296_CO_2_1.image;model_comets_2_500it;5;3 Carbon Monoxide;0.008173076923076924
HD163296_CO_2_1.image;model_comets_full_500it;1;13 Methyliumylidene;0.6331730769230769
HD163296_CO_2_1.image;model_comets_full_500it;2;7 Carbon Monoxide Ion;0.13798076923076924
HD163296_CO_2_1.image;model_comets_full_500it;3;0 Methylidyne;0.008173076923076924
HD163296_CO_2_1.image;model_comets_full_500it;4;1 Formaldehyde;0.008173076923076924
HD163296_CO_2_1.image;model_comets_full_500it;5;2 Sulfur dioxide;0.008173076923076924
HD163296_CO_2_1.image;model_comets_full_expanded_00002_500it;1;13 Methyliumylidene;0.7629807692307692
HD163296_CO_2_1.image;model_comets_full_expanded_00002_500it;2;0 Methylidyne;0.008173076923076924
HD163296_CO_2_1.image;model_comets_full_expanded_00002_500it;3;1 Formaldehyde;0.008173076923076924
HD163296_CO_2_1.image;model_comets_full_expanded_00002_500it;4;2 Sulfur dioxide;0.008173076923076924
HD163296_CO_2_1.image;model_comets_full_expanded_00002_500it;5;3 Carbon Monoxide;0.008173076923076924
HD163296_CO_2_1.image;model_comets_full_expanded_00010_500it;1;28 Hydrogen Isocyanide;0.7629807692307692
HD163296_CO_2_1.image;model_comets_full_expanded_00010_500it;2;0 Methylidyne;0.008173076923076924
HD163296_CO_2_1.image;model_comets_full_expanded_00010_500it;3;1 Formaldehyde;0.008173076923076924
HD163296_CO_2_1.image;model_comets_full_expanded_00010_500it;4;2 Sulfur dioxide;0.008173076923076924
HD163296_CO_2_1.image;model_comets_full_expanded_00010_500it;5;3 Carbon Monoxide;0.008173076923076924
Orion.HNC.cbc.contsub.image;model_comets_tr_500it;1;13 Methyliumylidene;0.8367549668874171
Orion.HNC.cbc.contsub.image;model_comets_tr_500it;2;0 Methylidyne;0.005629139072847682
Orion.HNC.cbc.contsub.image;model_comets_tr_500it;3;1 Formaldehyde;0.005629139072847682
Orion.HNC.cbc.contsub.image;model_comets_tr_500it;4;2 Sulfur dioxide;0.005629139072847682
Orion.HNC.cbc.contsub.image;model_comets_tr_500it;5;3 Carbon Monoxide;0.005629139072847682
Orion.HNC.cbc.contsub.image;model_comets_2_500it;1;13 Methyliumylidene;0.6281456953642384
Orion.HNC.cbc.contsub.image;model_comets_2_500it;2;28 Hydrogen Isocyanide;0.2142384105960265
Orion.HNC.cbc.contsub.image;model_comets_2_500it;3;0 Methylidyne;0.005629139072847682
Orion.HNC.cbc.contsub.image;model_comets_2_500it;4;1 Formaldehyde;0.005629139072847682
Orion.HNC.cbc.contsub.image;model_comets_2_500it;5;2 Sulfur dioxide;0.005629139072847682
Orion.HNC.cbc.contsub.image;model_comets_full_500it;1;13 Methyliumylidene;0.6115894039735099
Orion.HNC.cbc.contsub.image;model_comets_full_500it;2;28 Hydrogen Isocyanide;0.23079470198675497
Orion.HNC.cbc.contsub.image;model_comets_full_500it;3;0 Methylidyne;0.005629139072847682
Orion.HNC.cbc.contsub.image;model_comets_full_500it;4;1 Formaldehyde;0.005629139072847682
Orion.HNC.cbc.contsub.image;model_comets_full_500it;5;2 Sulfur dioxide;0.005629139072847682
Orion.HNC.cbc.contsub.image;model_comets_full_expanded_00002_500it;1;27 Molecular oxygen;0.8367549668874171
Orion.HNC.cbc.contsub.image;model_comets_full_expanded_00002_500it;2;0 Methylidyne;0.005629139072847682
Orion.HNC.cbc.contsub.image;model_comets_full_expanded_00002_500it;3;1 Formaldehyde;0.005629139072847682
Orion.HNC.cbc.contsub.image;model_comets_full_expanded_00002_500it;4;2 Sulfur dioxide;0.005629139072847682
Orion.HNC.cbc.contsub.image;model_comets_full_expanded_00002_500it;5;3 Carbon Monoxide;0.005629139072847682
Orion.HNC.cbc.contsub.image;model_comets_full_expanded_00010_500it;1;24 Cyanoacetylene;0.8367549668874171
Orion.HNC.cbc.contsub.image;model_comets_full_expanded_00010_500it;2;0 Methylidyne;0.005629139072847682
Orion.HNC.cbc.contsub.image;model_comets_full_expanded_00010_500it;3;1 Formaldehyde;0.005629139072847682
Orion.HNC.cbc.contsub.image;model_comets_full_expanded_00010_500it;4;2 Sulfur dioxide;0.005629139072847682
Orion.HNC.cbc.contsub.image;model_comets_full_expanded_00010_500it;5;3 Carbon Monoxide;0.005629139072847682
Orion.methanol.cbc.contsub.image;model_comets_tr_500it;1;13 Methyliumylidene;0.6819354838709678
Orion.methanol.cbc.contsub.image;model_comets_tr_500it;2;0 Methylidyne;0.01096774193548387
Orion.methanol.cbc.contsub.image;model_comets_tr_500it;3;1 Formaldehyde;0.01096774193548387
Orion.methanol.cbc.contsub.image;model_comets_tr_500it;4;2 Sulfur dioxide;0.01096774193548387
Orion.methanol.cbc.contsub.image;model_comets_tr_500it;5;3 Carbon Monoxide;0.01096774193548387
Orion.methanol.cbc.contsub.image;model_comets_2_500it;1;29 Formylium;0.6819354838709678
Orion.methanol.cbc.contsub.image;model_comets_2_500it;2;0 Methylidyne;0.01096774193548387
Orion.methanol.cbc.contsub.image;model_comets_2_500it;3;1 Formaldehyde;0.01096774193548387
Orion.methanol.cbc.contsub.image;model_comets_2_500it;4;2 Sulfur dioxide;0.01096774193548387
Orion.methanol.cbc.contsub.image;model_comets_2_500it;5;3 Carbon Monoxide;0.01096774193548387
Orion.methanol.cbc.contsub.image;model_comets_full_500it;1;13 Methyliumylidene;0.5851612903225807
Orion.methanol.cbc.contsub.image;model_comets_full_500it;2;29 Formylium;0.10129032258064516
Orion.methanol.cbc.contsub.image;model_comets_full_500it;3;2 Sulfur dioxide;0.01741935483870968
Orion.methanol.cbc.contsub.image;model_comets_full_500it;4;0 Methylidyne;0.01096774193548387
Orion.methanol.cbc.contsub.image;model_comets_full_500it;5;1 Formaldehyde;0.01096774193548387
Orion.methanol.cbc.contsub.image;model_comets_full_expanded_00002_500it;1;15 Carbonyl Sulfide;0.6819354838709678
Orion.methanol.cbc.contsub.image;model_comets_full_expanded_00002_500it;2;0 Methylidyne;0.01096774193548387
Orion.methanol.cbc.contsub.image;model_comets_full_expanded_00002_500it;3;1 Formaldehyde;0.01096774193548387
Orion.methanol.cbc.contsub.image;model_comets_full_expanded_00002_500it;4;2 Sulfur dioxide;0.01096774193548387
Orion.methanol.cbc.contsub.image;model_comets_full_expanded_00002_500it;5;3 Carbon Monoxide;0.01096774193548387
Orion.methanol.cbc.contsub.image;model_comets_full_expanded_00010_500it;1;15 Carbonyl Sulfide;0.6819354838709678
Orion.methanol.cbc.contsub.image;model_comets_full_expanded_00010_500it;2;0 Methylidyne;0.01096774193548387
Orion.methanol.cbc.contsub.image;model_comets_full_expanded_00010_500it;3;1 Formaldehyde;0.01096774193548387
Orion.methanol.cbc.contsub.image;model_comets_full_expanded_00010_500it;4;2 Sulfur dioxide;0.01096774193548387
Orion.methanol.cbc.contsub.image;model_comets_full_expanded_00010_500it;5;3 Carbon Monoxide;0.01096774193548387
TWHydra_CO3_2line.image;model_comets_tr_500it;1;28 Hydrogen Isocyanide;0.571304347826087
TWHydra_CO3_2line.image;model_comets_tr_500it;2;0 Methylidyne;0.014782608695652174
TWHydra_CO3_2line.image;model_comets_tr_500it;3;1 Formaldehyde;0.014782608695652174
TWHydra_CO3_2line.image;model_comets_tr_500it;4;2 Sulfur dioxide;0.014782608695652174
TWHydra_CO3_2line.image;model_comets_tr_500it;5;3 Carbon Monoxide;0.014782608695652174
TWHydra_CO3_2line.image;model_comets_2_500it;1;13 Methyliumylidene;0.38
TWHydra_CO3_2line.image;model_comets_2_500it;2;28 Hydrogen Isocyanide;0.2060869565217391
TWHydra_CO3_2line.image;model_comets_2_500it;3;0 Methylidyne;0.014782608695652174
TWHydra_CO3_2line.image;model_comets_2_500it;4;1 Formaldehyde;0.014782608695652174
TWHydra_CO3_2line.image;model_comets_2_500it;5;2 Sulfur dioxide;0.014782608695652174
TWHydra_CO3_2line.image;model_comets_full_500it;1;28 Hydrogen Isocyanide;0.40608695652173915
TWHydra_CO3_2line.image;model_comets_full_500it;2;13 Methyliumylidene;0.17130434782608694
TWHydra_CO3_2line.image;model_comets_full_500it;3;4 Acetaldehyde;0.02347826086956522
TWHydra_CO3_2line.image;model_comets_full_500it;4;0 Methylidyne;0.014782608695652174
TWHydra_CO3_2line.image;model_comets_full_500it;5;1 Formaldehyde;0.014782608695652174
TWHydra_CO3_2line.image;model_comets_full_expanded_00002_500it;1;3 Carbon Monoxide;0.5452173913043479
TWHydra_CO3_2line.image;model_comets_full_expanded_00002_500it;2;19 Cyclopropenylidene;0.02347826086956522
TWHydra_CO3_2line.image;model_comets_full_expanded_00002_500it;3;25 Hydrogen Cyanide;0.02347826086956522
TWHydra_CO3_2line.image;model_comets_full_expanded_00002_500it;4;29 Formylium;0.02347826086956522
TWHydra_CO3_2line.image;model_comets_full_expanded_00002_500it;5;0 Methylidyne;0.014782608695652174
TWHydra_CO3_2line.image;model_comets_full_expanded_00010_500it;1;3 Carbon Monoxide;0.5365217391304348
TWHydra_CO3_2line.image;model_comets_full_expanded_00010_500it;2;1 Formaldehyde;0.02347826086956522
TWHydra_CO3_2line.image;model_comets_full_expanded_00010_500it;3;5 Water;0.02347826086956522
TWHydra_CO3_2line.image;model_comets_full_expanded_00010_500it;4;8 Nitric sulfide;0.02347826086956522
TWHydra_CO3_2line.image;model_comets_full_expanded_00010_500it;5;15 Carbonyl Sulfide;0.02347826086956522
