1;3 Carbon Monoxide;0.5452173913043479
2;19 Cyclopropenylidene;0.02347826086956522
3;25 Hydrogen Cyanide;0.02347826086956522
4;29 Formylium;0.02347826086956522
5;0 Methylidyne;0.014782608695652174
6;1 Formaldehyde;0.014782608695652174
7;2 Sulfur dioxide;0.014782608695652174
8;4 Acetaldehyde;0.014782608695652174
9;5 Water;0.014782608695652174
10;6 Imidogen;0.014782608695652174
11;7 Carbon Monoxide Ion;0.014782608695652174
12;8 Nitric sulfide;0.014782608695652174
13;9 Isocyanic Acid;0.014782608695652174
14;10 Formic Acid;0.014782608695652174
15;11 Amidogen;0.014782608695652174
16;12 Ethylene Glycol;0.014782608695652174
17;13 Methyliumylidene;0.014782608695652174
18;14 Cyanide Radical;0.014782608695652174
19;15 Carbonyl Sulfide;0.014782608695652174
20;16 Hydroxyl;0.014782608695652174
21;17 Nitric oxide;0.014782608695652174
22;18 Methyl Cyanide;0.014782608695652174
23;20 Sulfur Monoxide ion;0.014782608695652174
24;21 Methanol;0.014782608695652174
25;22 Thioformaldehyde;0.014782608695652174
26;23 Ammonia;0.014782608695652174
27;24 Cyanoacetylene;0.014782608695652174
28;26 Hydrogen sulfide;0.014782608695652174
29;27 Molecular oxygen;0.014782608695652174
30;28 Hydrogen Isocyanide;0.014782608695652174
