1;21 Hydrogen Isocyanide;0.13636363636363635
2;4 Carbon Monoxide;0.05218855218855219
3;11 Methyliumylidene;0.05218855218855219
4;20 Molecular oxygen;0.05218855218855219
5;0 Methylidyne;0.03535353535353535
6;1 Butyronitrile;0.03535353535353535
7;2 Formaldehyde;0.03535353535353535
8;3 Sulfur dioxide;0.03535353535353535
9;5 Water;0.03535353535353535
10;6 Chloronium;0.03535353535353535
11;7 Imidogen;0.03535353535353535
12;8 Thioformylium;0.03535353535353535
13;9 Mercapto radical;0.03535353535353535
14;10 Methyl formate vt01;0.03535353535353535
15;12 Cyanide Radical;0.03535353535353535
16;13 Hydroxyl;0.03535353535353535
17;14 Nitric oxide;0.03535353535353535
18;15 Cyclopropenylidene;0.03535353535353535
19;16 Silicon Monoxide;0.03535353535353535
20;17 Hydrogen Cyanide;0.03535353535353535
21;18 Carbon Monosulfide;0.03535353535353535
22;19 Hydrogen sulfide;0.03535353535353535
23;22 Formylium;0.03535353535353535
24;23 Sulfoniumylidene;0.03535353535353535
