1;8 Thioformylium;0.28338278931750743
2;0 Methylidyne;0.03115727002967359
3;1 Butyronitrile;0.03115727002967359
4;2 Formaldehyde;0.03115727002967359
5;3 Sulfur dioxide;0.03115727002967359
6;4 Carbon Monoxide;0.03115727002967359
7;5 Water;0.03115727002967359
8;6 Chloronium;0.03115727002967359
9;7 Imidogen;0.03115727002967359
10;9 Mercapto radical;0.03115727002967359
11;10 Methyl formate vt01;0.03115727002967359
12;11 Methyliumylidene;0.03115727002967359
13;12 Cyanide Radical;0.03115727002967359
14;13 Hydroxyl;0.03115727002967359
15;14 Nitric oxide;0.03115727002967359
16;15 Cyclopropenylidene;0.03115727002967359
17;16 Silicon Monoxide;0.03115727002967359
18;17 Hydrogen Cyanide;0.03115727002967359
19;18 Carbon Monosulfide;0.03115727002967359
20;19 Hydrogen sulfide;0.03115727002967359
21;20 Molecular oxygen;0.03115727002967359
22;21 Hydrogen Isocyanide;0.03115727002967359
23;22 Formylium;0.03115727002967359
24;23 Sulfoniumylidene;0.03115727002967359
