1;4 Carbon Monoxide;0.23817034700315454
2;0 Methylidyne;0.03312302839116719
3;1 Butyronitrile;0.03312302839116719
4;2 Formaldehyde;0.03312302839116719
5;3 Sulfur dioxide;0.03312302839116719
6;5 Water;0.03312302839116719
7;6 Chloronium;0.03312302839116719
8;7 Imidogen;0.03312302839116719
9;8 Thioformylium;0.03312302839116719
10;9 Mercapto radical;0.03312302839116719
11;10 Methyl formate vt01;0.03312302839116719
12;11 Methyliumylidene;0.03312302839116719
13;12 Cyanide Radical;0.03312302839116719
14;13 Hydroxyl;0.03312302839116719
15;14 Nitric oxide;0.03312302839116719
16;15 Cyclopropenylidene;0.03312302839116719
17;16 Silicon Monoxide;0.03312302839116719
18;17 Hydrogen Cyanide;0.03312302839116719
19;18 Carbon Monosulfide;0.03312302839116719
20;19 Hydrogen sulfide;0.03312302839116719
21;20 Molecular oxygen;0.03312302839116719
22;21 Hydrogen Isocyanide;0.03312302839116719
23;22 Formylium;0.03312302839116719
24;23 Sulfoniumylidene;0.03312302839116719
