1;32 2,4,6,8,10-Undecapentaynenitrile;0.37885985748218526
2;14 Methylene amidogen;0.022565320665083134
3;0 Ketene;0.010688836104513063
4;1 1,3,5-Hexatriynyl;0.010688836104513063
5;2 Oxonium hydride;0.010688836104513063
6;3 Vinyl Cyanide;0.010688836104513063
7;4 Hydroxyl;0.010688836104513063
8;5 Methyliumylidene;0.010688836104513063
9;6 Carbon Monosulfide;0.010688836104513063
10;7 Cyanomethyl;0.010688836104513063
11;8 Methyl Acetylene;0.010688836104513063
12;9 Ethyl Cyanide;0.010688836104513063
13;10 2,4-Pentadiynylidyne;0.010688836104513063
14;11 4-Cyano-1,3-Butadiynyl;0.010688836104513063
15;12 Water;0.010688836104513063
16;13 Hydrogen sulfide;0.010688836104513063
17;15 1,3-Butadiynyl radical;0.010688836104513063
18;16 2,4,6,8-Nonatetraynenitrile;0.010688836104513063
19;17 Formylium;0.010688836104513063
20;18 Cyanoallene;0.010688836104513063
21;19 Trihydrogen ion;0.010688836104513063
22;20 Methylcyanodiacetylene;0.010688836104513063
23;21 2,4,6-Heptatriynenitrile;0.010688836104513063
24;22 Methanol;0.010688836104513063
25;23 Ammonia;0.010688836104513063
26;24 Methyl Cyanide;0.010688836104513063
27;25 1,3,5-Hexatriynyl anion;0.010688836104513063
28;26 1,3,5,7-Octatetraynyl anion;0.010688836104513063
29;27 3-Thioxo-1,2-Propadieylidene;0.010688836104513063
30;28 Cyanobutadiyne;0.010688836104513063
31;29 Nitric sulfide;0.010688836104513063
32;30 Sulfur dioxide;0.010688836104513063
33;31 Hydrochloric acid;0.010688836104513063
34;33 Cyanide Radical;0.010688836104513063
35;34 Nitric oxide;0.010688836104513063
36;35 Formaldehyde;0.010688836104513063
37;36 Sulfur Monoxide;0.010688836104513063
38;37 Methyltriacetylene;0.010688836104513063
39;38 Hydrogen Cyanide;0.010688836104513063
40;39 Methyl diacetylene;0.010688836104513063
41;40 Methylidyne;0.010688836104513063
42;41 Thioxoethenylidene;0.010688836104513063
43;42 Silicon Monoxide;0.010688836104513063
44;43 1,3,5,7-Octatetraynyl;0.010688836104513063
45;44 Oxoethenylidene;0.010688836104513063
46;45 Propynylidynium;0.010688836104513063
47;46 Carbon Monoxide;0.010688836104513063
48;47 Thioformaldehyde;0.010688836104513063
49;48 Hexatrienyl;0.010688836104513063
50;49 Diazenylium;0.010688836104513063
51;50 Hydrogen Isocyanide;0.010688836104513063
52;51 Carbon Monosulfide;0.010688836104513063
53;52 Methylamine;0.010688836104513063
54;53 Formic Acid;0.010688836104513063
55;54 Cyclopropenylidene;0.010688836104513063
56;55 Cyanoacetylene;0.010688836104513063
57;56 para-Oxidaniumyl;0.010688836104513063
58;57 ortho-Oxidaniumyl;0.010688836104513063
