1;3 Formylium;0.20161290322580644
2;1 Hydrogen fluoride;0.056451612903225805
3;12 Carbonyl Sulfide;0.056451612903225805
4;0 Methanol;0.04032258064516129
5;2 Nitric oxide;0.04032258064516129
6;4 Sodium Chloride;0.04032258064516129
7;5 Sulfur dioxide;0.04032258064516129
8;6 para-Oxidaniumyl;0.04032258064516129
9;7 Sulfur Monoxide;0.04032258064516129
10;8 Butatrienylidene;0.04032258064516129
11;9 Carbon Monoxide;0.04032258064516129
12;10 Nitrous Oxide;0.04032258064516129
13;11 Cyanoacetylene;0.04032258064516129
14;13 Molecular oxygen;0.04032258064516129
15;14 ortho-Oxidaniumyl;0.04032258064516129
16;15 Water;0.04032258064516129
17;16 Iminomethylium;0.04032258064516129
18;17 Hydrochloric acid;0.04032258064516129
19;18 Acetylene;0.04032258064516129
20;19 Hydrogen Cyanide;0.04032258064516129
