1;9 Methyliumylidene;0.8346828609986505
2;0 Methylidyne;0.004723346828609987
3;1 1,3-Butadiynyl radical;0.004723346828609987
4;2 Formaldehyde;0.004723346828609987
5;3 Sulfur dioxide;0.004723346828609987
6;4 Carbon Monoxide;0.004723346828609987
7;5 Water;0.004723346828609987
8;6 Carbon Monoxide Ion;0.004723346828609987
9;7 Nitric sulfide;0.004723346828609987
10;8 Isocyanic Acid;0.004723346828609987
11;10 Cyanide Radical;0.004723346828609987
12;11 Ethynyl;0.004723346828609987
13;12 Carbonyl Sulfide;0.004723346828609987
14;13 Hydroxyl;0.004723346828609987
15;14 Diazenylium;0.004723346828609987
16;15 Thioxoethenylidene;0.004723346828609987
17;16 Nitric oxide;0.004723346828609987
18;17 Methyl Cyanide;0.004723346828609987
19;18 Cyclopropenylidene;0.004723346828609987
20;19 Methanimine;0.004723346828609987
21;20 Methanol;0.004723346828609987
22;21 Thioformaldehyde;0.004723346828609987
23;22 Ammonia;0.004723346828609987
24;23 Cyanamide;0.004723346828609987
25;24 Cyanoacetylene;0.004723346828609987
26;25 Sodium Chloride;0.004723346828609987
27;26 Silicon Monoxide;0.004723346828609987
28;27 Sulfur Monoxide;0.004723346828609987
29;28 Protonated Carbon Dioxide;0.004723346828609987
30;29 Hydrogen Cyanide;0.004723346828609987
31;30 Carbon Monosulfide;0.004723346828609987
32;31 Hydrogen sulfide;0.004723346828609987
33;32 Molecular oxygen;0.004723346828609987
34;33 Hydrogen Isocyanide;0.004723346828609987
35;34 Formylium;0.004723346828609987
36;35 Methyl Acetylene;0.004723346828609987
