1;26 Silicon Monoxide;0.3532338308457711
2;4 Carbon Monoxide;0.029850746268656712
3;9 Methyliumylidene;0.029850746268656712
4;18 Cyclopropenylidene;0.029850746268656712
5;0 Methylidyne;0.01741293532338308
6;1 1,3-Butadiynyl radical;0.01741293532338308
7;2 Formaldehyde;0.01741293532338308
8;3 Sulfur dioxide;0.01741293532338308
9;5 Water;0.01741293532338308
10;6 Carbon Monoxide Ion;0.01741293532338308
11;7 Nitric sulfide;0.01741293532338308
12;8 Isocyanic Acid;0.01741293532338308
13;10 Cyanide Radical;0.01741293532338308
14;11 Ethynyl;0.01741293532338308
15;12 Carbonyl Sulfide;0.01741293532338308
16;13 Hydroxyl;0.01741293532338308
17;14 Diazenylium;0.01741293532338308
18;15 Thioxoethenylidene;0.01741293532338308
19;16 Nitric oxide;0.01741293532338308
20;17 Methyl Cyanide;0.01741293532338308
21;19 Methanimine;0.01741293532338308
22;20 Methanol;0.01741293532338308
23;21 Thioformaldehyde;0.01741293532338308
24;22 Ammonia;0.01741293532338308
25;23 Cyanamide;0.01741293532338308
26;24 Cyanoacetylene;0.01741293532338308
27;25 Sodium Chloride;0.01741293532338308
28;27 Sulfur Monoxide;0.01741293532338308
29;28 Protonated Carbon Dioxide;0.01741293532338308
30;29 Hydrogen Cyanide;0.01741293532338308
31;30 Carbon Monosulfide;0.01741293532338308
32;31 Hydrogen sulfide;0.01741293532338308
33;32 Molecular oxygen;0.01741293532338308
34;33 Hydrogen Isocyanide;0.01741293532338308
35;34 Formylium;0.01741293532338308
36;35 Methyl Acetylene;0.01741293532338308
