1;9 Methyliumylidene;0.8928727590730214
2;0 Methylidyne;0.003060778312199388
3;1 1,3-Butadiynyl radical;0.003060778312199388
4;2 Formaldehyde;0.003060778312199388
5;3 Sulfur dioxide;0.003060778312199388
6;4 Carbon Monoxide;0.003060778312199388
7;5 Water;0.003060778312199388
8;6 Carbon Monoxide Ion;0.003060778312199388
9;7 Nitric sulfide;0.003060778312199388
10;8 Isocyanic Acid;0.003060778312199388
11;10 Cyanide Radical;0.003060778312199388
12;11 Ethynyl;0.003060778312199388
13;12 Carbonyl Sulfide;0.003060778312199388
14;13 Hydroxyl;0.003060778312199388
15;14 Diazenylium;0.003060778312199388
16;15 Thioxoethenylidene;0.003060778312199388
17;16 Nitric oxide;0.003060778312199388
18;17 Methyl Cyanide;0.003060778312199388
19;18 Cyclopropenylidene;0.003060778312199388
20;19 Methanimine;0.003060778312199388
21;20 Methanol;0.003060778312199388
22;21 Thioformaldehyde;0.003060778312199388
23;22 Ammonia;0.003060778312199388
24;23 Cyanamide;0.003060778312199388
25;24 Cyanoacetylene;0.003060778312199388
26;25 Sodium Chloride;0.003060778312199388
27;26 Silicon Monoxide;0.003060778312199388
28;27 Sulfur Monoxide;0.003060778312199388
29;28 Protonated Carbon Dioxide;0.003060778312199388
30;29 Hydrogen Cyanide;0.003060778312199388
31;30 Carbon Monosulfide;0.003060778312199388
32;31 Hydrogen sulfide;0.003060778312199388
33;32 Molecular oxygen;0.003060778312199388
34;33 Hydrogen Isocyanide;0.003060778312199388
35;34 Formylium;0.003060778312199388
36;35 Methyl Acetylene;0.003060778312199388
