1;16 2,4,6,8-Nonatetraynenitrile;0.8605442176870748
2;0 Ketene;0.004971219256933543
3;6 Carbon Monosulfide;0.004971219256933543
4;1 1,3,5-Hexatriynyl;0.0023547880690737836
5;2 Oxonium hydride;0.0023547880690737836
6;3 Vinyl Cyanide;0.0023547880690737836
7;4 Hydroxyl;0.0023547880690737836
8;5 Methyliumylidene;0.0023547880690737836
9;7 Cyanomethyl;0.0023547880690737836
10;8 Methyl Acetylene;0.0023547880690737836
11;9 Ethyl Cyanide;0.0023547880690737836
12;10 2,4-Pentadiynylidyne;0.0023547880690737836
13;11 4-Cyano-1,3-Butadiynyl;0.0023547880690737836
14;12 Water;0.0023547880690737836
15;13 Hydrogen sulfide;0.0023547880690737836
16;14 Methylene amidogen;0.0023547880690737836
17;15 1,3-Butadiynyl radical;0.0023547880690737836
18;17 Formylium;0.0023547880690737836
19;18 Cyanoallene;0.0023547880690737836
20;19 Trihydrogen ion;0.0023547880690737836
21;20 Methylcyanodiacetylene;0.0023547880690737836
22;21 2,4,6-Heptatriynenitrile;0.0023547880690737836
23;22 Methanol;0.0023547880690737836
24;23 Ammonia;0.0023547880690737836
25;24 Methyl Cyanide;0.0023547880690737836
26;25 1,3,5-Hexatriynyl anion;0.0023547880690737836
27;26 1,3,5,7-Octatetraynyl anion;0.0023547880690737836
28;27 3-Thioxo-1,2-Propadieylidene;0.0023547880690737836
29;28 Cyanobutadiyne;0.0023547880690737836
30;29 Nitric sulfide;0.0023547880690737836
31;30 Sulfur dioxide;0.0023547880690737836
32;31 Hydrochloric acid;0.0023547880690737836
33;32 2,4,6,8,10-Undecapentaynenitrile;0.0023547880690737836
34;33 Cyanide Radical;0.0023547880690737836
35;34 Nitric oxide;0.0023547880690737836
36;35 Formaldehyde;0.0023547880690737836
37;36 Sulfur Monoxide;0.0023547880690737836
38;37 Methyltriacetylene;0.0023547880690737836
39;38 Hydrogen Cyanide;0.0023547880690737836
40;39 Methyl diacetylene;0.0023547880690737836
41;40 Methylidyne;0.0023547880690737836
42;41 Thioxoethenylidene;0.0023547880690737836
43;42 Silicon Monoxide;0.0023547880690737836
44;43 1,3,5,7-Octatetraynyl;0.0023547880690737836
45;44 Oxoethenylidene;0.0023547880690737836
46;45 Propynylidynium;0.0023547880690737836
47;46 Carbon Monoxide;0.0023547880690737836
48;47 Thioformaldehyde;0.0023547880690737836
49;48 Hexatrienyl;0.0023547880690737836
50;49 Diazenylium;0.0023547880690737836
51;50 Hydrogen Isocyanide;0.0023547880690737836
52;51 Carbon Monosulfide;0.0023547880690737836
53;52 Methylamine;0.0023547880690737836
54;53 Formic Acid;0.0023547880690737836
55;54 Cyclopropenylidene;0.0023547880690737836
56;55 Cyanoacetylene;0.0023547880690737836
57;56 para-Oxidaniumyl;0.0023547880690737836
58;57 ortho-Oxidaniumyl;0.0023547880690737836
