1;45 Propynylidynium;0.757548309178744
2;21 2,4,6-Heptatriynenitrile;0.09027777777777778
3;0 Ketene;0.0027173913043478264
4;1 1,3,5-Hexatriynyl;0.0027173913043478264
5;2 Oxonium hydride;0.0027173913043478264
6;3 Vinyl Cyanide;0.0027173913043478264
7;4 Hydroxyl;0.0027173913043478264
8;5 Methyliumylidene;0.0027173913043478264
9;6 Carbon Monosulfide;0.0027173913043478264
10;7 Cyanomethyl;0.0027173913043478264
11;8 Methyl Acetylene;0.0027173913043478264
12;9 Ethyl Cyanide;0.0027173913043478264
13;10 2,4-Pentadiynylidyne;0.0027173913043478264
14;11 4-Cyano-1,3-Butadiynyl;0.0027173913043478264
15;12 Water;0.0027173913043478264
16;13 Hydrogen sulfide;0.0027173913043478264
17;14 Methylene amidogen;0.0027173913043478264
18;15 1,3-Butadiynyl radical;0.0027173913043478264
19;16 2,4,6,8-Nonatetraynenitrile;0.0027173913043478264
20;17 Formylium;0.0027173913043478264
21;18 Cyanoallene;0.0027173913043478264
22;19 Trihydrogen ion;0.0027173913043478264
23;20 Methylcyanodiacetylene;0.0027173913043478264
24;22 Methanol;0.0027173913043478264
25;23 Ammonia;0.0027173913043478264
26;24 Methyl Cyanide;0.0027173913043478264
27;25 1,3,5-Hexatriynyl anion;0.0027173913043478264
28;26 1,3,5,7-Octatetraynyl anion;0.0027173913043478264
29;27 3-Thioxo-1,2-Propadieylidene;0.0027173913043478264
30;28 Cyanobutadiyne;0.0027173913043478264
31;29 Nitric sulfide;0.0027173913043478264
32;30 Sulfur dioxide;0.0027173913043478264
33;31 Hydrochloric acid;0.0027173913043478264
34;32 2,4,6,8,10-Undecapentaynenitrile;0.0027173913043478264
35;33 Cyanide Radical;0.0027173913043478264
36;34 Nitric oxide;0.0027173913043478264
37;35 Formaldehyde;0.0027173913043478264
38;36 Sulfur Monoxide;0.0027173913043478264
39;37 Methyltriacetylene;0.0027173913043478264
40;38 Hydrogen Cyanide;0.0027173913043478264
41;39 Methyl diacetylene;0.0027173913043478264
42;40 Methylidyne;0.0027173913043478264
43;41 Thioxoethenylidene;0.0027173913043478264
44;42 Silicon Monoxide;0.0027173913043478264
45;43 1,3,5,7-Octatetraynyl;0.0027173913043478264
46;44 Oxoethenylidene;0.0027173913043478264
47;46 Carbon Monoxide;0.0027173913043478264
48;47 Thioformaldehyde;0.0027173913043478264
49;48 Hexatrienyl;0.0027173913043478264
50;49 Diazenylium;0.0027173913043478264
51;50 Hydrogen Isocyanide;0.0027173913043478264
52;51 Carbon Monosulfide;0.0027173913043478264
53;52 Methylamine;0.0027173913043478264
54;53 Formic Acid;0.0027173913043478264
55;54 Cyclopropenylidene;0.0027173913043478264
56;55 Cyanoacetylene;0.0027173913043478264
57;56 para-Oxidaniumyl;0.0027173913043478264
58;57 ortho-Oxidaniumyl;0.0027173913043478264
