1;8 Methyliumylidene;0.16153846153846155
2;45 Cyanobutadiyne;0.11826923076923078
3;57 Protonate 2-proynenitrile;0.10865384615384616
4;9 Iminomethylium;0.09423076923076924
5;82 para-Oxidaniumyl;0.08942307692307692
6;50 Hydrochloric acid;0.07980769230769232
7;24 Formylium;0.055769230769230765
8;58 Ethynyl;0.036538461538461534
9;28 Nitrous Oxide;0.022115384615384613
10;22 Sulfur Monoxide ion;0.01730769230769231
11;0 Isocyanic Acid;0.0028846153846153843
12;1 Propenal;0.0028846153846153843
13;2 Ketene;0.0028846153846153843
14;3 Oxonium hydride;0.0028846153846153843
15;4 Thioformylium;0.0028846153846153843
16;5 Vinyl Cyanide;0.0028846153846153843
17;6 Methyl Formate;0.0028846153846153843
18;7 Hydroxyl;0.0028846153846153843
19;10 Hydroxymethylium ion;0.0028846153846153843
20;11 2-Propynal;0.0028846153846153843
21;12 Carbon Monosulfide;0.0028846153846153843
22;13 Cyanomethyl;0.0028846153846153843
23;14 Methyl Acetylene;0.0028846153846153843
24;15 2-Butynenitrile;0.0028846153846153843
25;16 Methyl formate vt01;0.0028846153846153843
26;17 Ethyl Cyanide;0.0028846153846153843
27;18 gauche-Ethanol;0.0028846153846153843
28;19 Glycolaldehyde;0.0028846153846153843
29;20 Water;0.0028846153846153843
30;21 Hydrogen sulfide;0.0028846153846153843
31;23 1,3-Butadiynyl radical;0.0028846153846153843
32;25 Fulminic acid;0.0028846153846153843
33;26 Trihydrogen ion;0.0028846153846153843
34;27 Methanimine;0.0028846153846153843
35;29 Propadienylidene;0.0028846153846153843
36;30 Ethylene Oxide;0.0028846153846153843
37;31 Ketenimine;0.0028846153846153843
38;32 2,4,6-Heptatriynenitrile;0.0028846153846153843
39;33 Aminoacetonitrile;0.0028846153846153843
40;34 Methanol;0.0028846153846153843
41;35 Ammonia;0.0028846153846153843
42;36 Formyl Radical;0.0028846153846153843
43;37 Methyl Cyanide;0.0028846153846153843
44;38 Molecular oxygen;0.0028846153846153843
45;39 Cyclopropenone;0.0028846153846153843
46;40 Carbonyl Sulfide;0.0028846153846153843
47;41 Acetaldehyde;0.0028846153846153843
48;42 Cyanomethylene;0.0028846153846153843
49;43 3-Thioxo-1,2-Propadieylidene;0.0028846153846153843
50;44 Formamide;0.0028846153846153843
51;46 Sulfur Dioxide;0.0028846153846153843
52;47 Methyl isocyanide;0.0028846153846153843
53;48 Nitric sulfide;0.0028846153846153843
54;49 Methylene;0.0028846153846153843
55;51 Ethyne Isocyanide;0.0028846153846153843
56;52 Cyanide Radical;0.0028846153846153843
57;53 Nitric oxide;0.0028846153846153843
58;54 Cyanic acid;0.0028846153846153843
59;55 Formaldehyde;0.0028846153846153843
60;56 Sulfur Monoxide;0.0028846153846153843
61;59 Ethylene Glycol;0.0028846153846153843
62;60 Hydrogen Cyanide;0.0028846153846153843
63;61 Fluoromethyliumylidene;0.0028846153846153843
64;62 Methylidyne;0.0028846153846153843
65;63 Thioxoethenylidene;0.0028846153846153843
66;64 Cyanomethanimine;0.0028846153846153843
67;65 Silicon Monoxide;0.0028846153846153843
68;66 Dimethyl ether;0.0028846153846153843
69;67 Acetone;0.0028846153846153843
70;68 Carbon Monoxide;0.0028846153846153843
71;69 Phosphorous nitride;0.0028846153846153843
72;70 Thioformaldehyde;0.0028846153846153843
73;71 Diazenylium;0.0028846153846153843
74;72 Cyanoformaldehyde;0.0028846153846153843
75;73 Isothiocyanic acid;0.0028846153846153843
76;74 Vinyl Alcohol;0.0028846153846153843
77;75 Hydrogen Isocyanide;0.0028846153846153843
78;76 Carbon Monosulfide;0.0028846153846153843
79;77 Methylamine;0.0028846153846153843
80;78 Protonated Carbon Dioxide;0.0028846153846153843
81;79 Formic Acid;0.0028846153846153843
82;80 Cyclopropenylidene;0.0028846153846153843
83;81 Cyanoacetylene;0.0028846153846153843
84;83 ortho-Oxidaniumyl;0.0028846153846153843
85;84 Nitrosyl hydride;0.0028846153846153843
