1;61 Fluoromethyliumylidene;0.7576923076923077
2;0 Isocyanic Acid;0.0028846153846153843
3;1 Propenal;0.0028846153846153843
4;2 Ketene;0.0028846153846153843
5;3 Oxonium hydride;0.0028846153846153843
6;4 Thioformylium;0.0028846153846153843
7;5 Vinyl Cyanide;0.0028846153846153843
8;6 Methyl Formate;0.0028846153846153843
9;7 Hydroxyl;0.0028846153846153843
10;8 Methyliumylidene;0.0028846153846153843
11;9 Iminomethylium;0.0028846153846153843
12;10 Hydroxymethylium ion;0.0028846153846153843
13;11 2-Propynal;0.0028846153846153843
14;12 Carbon Monosulfide;0.0028846153846153843
15;13 Cyanomethyl;0.0028846153846153843
16;14 Methyl Acetylene;0.0028846153846153843
17;15 2-Butynenitrile;0.0028846153846153843
18;16 Methyl formate vt01;0.0028846153846153843
19;17 Ethyl Cyanide;0.0028846153846153843
20;18 gauche-Ethanol;0.0028846153846153843
21;19 Glycolaldehyde;0.0028846153846153843
22;20 Water;0.0028846153846153843
23;21 Hydrogen sulfide;0.0028846153846153843
24;22 Sulfur Monoxide ion;0.0028846153846153843
25;23 1,3-Butadiynyl radical;0.0028846153846153843
26;24 Formylium;0.0028846153846153843
27;25 Fulminic acid;0.0028846153846153843
28;26 Trihydrogen ion;0.0028846153846153843
29;27 Methanimine;0.0028846153846153843
30;28 Nitrous Oxide;0.0028846153846153843
31;29 Propadienylidene;0.0028846153846153843
32;30 Ethylene Oxide;0.0028846153846153843
33;31 Ketenimine;0.0028846153846153843
34;32 2,4,6-Heptatriynenitrile;0.0028846153846153843
35;33 Aminoacetonitrile;0.0028846153846153843
36;34 Methanol;0.0028846153846153843
37;35 Ammonia;0.0028846153846153843
38;36 Formyl Radical;0.0028846153846153843
39;37 Methyl Cyanide;0.0028846153846153843
40;38 Molecular oxygen;0.0028846153846153843
41;39 Cyclopropenone;0.0028846153846153843
42;40 Carbonyl Sulfide;0.0028846153846153843
43;41 Acetaldehyde;0.0028846153846153843
44;42 Cyanomethylene;0.0028846153846153843
45;43 3-Thioxo-1,2-Propadieylidene;0.0028846153846153843
46;44 Formamide;0.0028846153846153843
47;45 Cyanobutadiyne;0.0028846153846153843
48;46 Sulfur Dioxide;0.0028846153846153843
49;47 Methyl isocyanide;0.0028846153846153843
50;48 Nitric sulfide;0.0028846153846153843
51;49 Methylene;0.0028846153846153843
52;50 Hydrochloric acid;0.0028846153846153843
53;51 Ethyne Isocyanide;0.0028846153846153843
54;52 Cyanide Radical;0.0028846153846153843
55;53 Nitric oxide;0.0028846153846153843
56;54 Cyanic acid;0.0028846153846153843
57;55 Formaldehyde;0.0028846153846153843
58;56 Sulfur Monoxide;0.0028846153846153843
59;57 Protonate 2-proynenitrile;0.0028846153846153843
60;58 Ethynyl;0.0028846153846153843
61;59 Ethylene Glycol;0.0028846153846153843
62;60 Hydrogen Cyanide;0.0028846153846153843
63;62 Methylidyne;0.0028846153846153843
64;63 Thioxoethenylidene;0.0028846153846153843
65;64 Cyanomethanimine;0.0028846153846153843
66;65 Silicon Monoxide;0.0028846153846153843
67;66 Dimethyl ether;0.0028846153846153843
68;67 Acetone;0.0028846153846153843
69;68 Carbon Monoxide;0.0028846153846153843
70;69 Phosphorous nitride;0.0028846153846153843
71;70 Thioformaldehyde;0.0028846153846153843
72;71 Diazenylium;0.0028846153846153843
73;72 Cyanoformaldehyde;0.0028846153846153843
74;73 Isothiocyanic acid;0.0028846153846153843
75;74 Vinyl Alcohol;0.0028846153846153843
76;75 Hydrogen Isocyanide;0.0028846153846153843
77;76 Carbon Monosulfide;0.0028846153846153843
78;77 Methylamine;0.0028846153846153843
79;78 Protonated Carbon Dioxide;0.0028846153846153843
80;79 Formic Acid;0.0028846153846153843
81;80 Cyclopropenylidene;0.0028846153846153843
82;81 Cyanoacetylene;0.0028846153846153843
83;82 para-Oxidaniumyl;0.0028846153846153843
84;83 ortho-Oxidaniumyl;0.0028846153846153843
85;84 Nitrosyl hydride;0.0028846153846153843
