1;8 Methyliumylidene;0.2900662251655629
2;61 Fluoromethyliumylidene;0.1609271523178808
3;4 Thioformylium;0.10132450331125828
4;24 Formylium;0.09801324503311258
5;69 Phosphorous nitride;0.051655629139072845
6;57 Protonate 2-proynenitrile;0.041721854304635764
7;50 Hydrochloric acid;0.031788079470198675
8;22 Sulfur Monoxide ion;0.02847682119205298
9;25 Fulminic acid;0.021854304635761587
10;63 Thioxoethenylidene;0.018543046357615892
11;19 Glycolaldehyde;0.008609271523178808
12;0 Isocyanic Acid;0.001986754966887417
13;1 Propenal;0.001986754966887417
14;2 Ketene;0.001986754966887417
15;3 Oxonium hydride;0.001986754966887417
16;5 Vinyl Cyanide;0.001986754966887417
17;6 Methyl Formate;0.001986754966887417
18;7 Hydroxyl;0.001986754966887417
19;9 Iminomethylium;0.001986754966887417
20;10 Hydroxymethylium ion;0.001986754966887417
21;11 2-Propynal;0.001986754966887417
22;12 Carbon Monosulfide;0.001986754966887417
23;13 Cyanomethyl;0.001986754966887417
24;14 Methyl Acetylene;0.001986754966887417
25;15 2-Butynenitrile;0.001986754966887417
26;16 Methyl formate vt01;0.001986754966887417
27;17 Ethyl Cyanide;0.001986754966887417
28;18 gauche-Ethanol;0.001986754966887417
29;20 Water;0.001986754966887417
30;21 Hydrogen sulfide;0.001986754966887417
31;23 1,3-Butadiynyl radical;0.001986754966887417
32;26 Trihydrogen ion;0.001986754966887417
33;27 Methanimine;0.001986754966887417
34;28 Nitrous Oxide;0.001986754966887417
35;29 Propadienylidene;0.001986754966887417
36;30 Ethylene Oxide;0.001986754966887417
37;31 Ketenimine;0.001986754966887417
38;32 2,4,6-Heptatriynenitrile;0.001986754966887417
39;33 Aminoacetonitrile;0.001986754966887417
40;34 Methanol;0.001986754966887417
41;35 Ammonia;0.001986754966887417
42;36 Formyl Radical;0.001986754966887417
43;37 Methyl Cyanide;0.001986754966887417
44;38 Molecular oxygen;0.001986754966887417
45;39 Cyclopropenone;0.001986754966887417
46;40 Carbonyl Sulfide;0.001986754966887417
47;41 Acetaldehyde;0.001986754966887417
48;42 Cyanomethylene;0.001986754966887417
49;43 3-Thioxo-1,2-Propadieylidene;0.001986754966887417
50;44 Formamide;0.001986754966887417
51;45 Cyanobutadiyne;0.001986754966887417
52;46 Sulfur Dioxide;0.001986754966887417
53;47 Methyl isocyanide;0.001986754966887417
54;48 Nitric sulfide;0.001986754966887417
55;49 Methylene;0.001986754966887417
56;51 Ethyne Isocyanide;0.001986754966887417
57;52 Cyanide Radical;0.001986754966887417
58;53 Nitric oxide;0.001986754966887417
59;54 Cyanic acid;0.001986754966887417
60;55 Formaldehyde;0.001986754966887417
61;56 Sulfur Monoxide;0.001986754966887417
62;58 Ethynyl;0.001986754966887417
63;59 Ethylene Glycol;0.001986754966887417
64;60 Hydrogen Cyanide;0.001986754966887417
65;62 Methylidyne;0.001986754966887417
66;64 Cyanomethanimine;0.001986754966887417
67;65 Silicon Monoxide;0.001986754966887417
68;66 Dimethyl ether;0.001986754966887417
69;67 Acetone;0.001986754966887417
70;68 Carbon Monoxide;0.001986754966887417
71;70 Thioformaldehyde;0.001986754966887417
72;71 Diazenylium;0.001986754966887417
73;72 Cyanoformaldehyde;0.001986754966887417
74;73 Isothiocyanic acid;0.001986754966887417
75;74 Vinyl Alcohol;0.001986754966887417
76;75 Hydrogen Isocyanide;0.001986754966887417
77;76 Carbon Monosulfide;0.001986754966887417
78;77 Methylamine;0.001986754966887417
79;78 Protonated Carbon Dioxide;0.001986754966887417
80;79 Formic Acid;0.001986754966887417
81;80 Cyclopropenylidene;0.001986754966887417
82;81 Cyanoacetylene;0.001986754966887417
83;82 para-Oxidaniumyl;0.001986754966887417
84;83 ortho-Oxidaniumyl;0.001986754966887417
85;84 Nitrosyl hydride;0.001986754966887417
