1;57 Protonate 2-proynenitrile;0.8231788079470198
2;34 Methanol;0.005298013245033113
3;42 Cyanomethylene;0.005298013245033113
4;81 Cyanoacetylene;0.005298013245033113
5;0 Isocyanic Acid;0.001986754966887417
6;1 Propenal;0.001986754966887417
7;2 Ketene;0.001986754966887417
8;3 Oxonium hydride;0.001986754966887417
9;4 Thioformylium;0.001986754966887417
10;5 Vinyl Cyanide;0.001986754966887417
11;6 Methyl Formate;0.001986754966887417
12;7 Hydroxyl;0.001986754966887417
13;8 Methyliumylidene;0.001986754966887417
14;9 Iminomethylium;0.001986754966887417
15;10 Hydroxymethylium ion;0.001986754966887417
16;11 2-Propynal;0.001986754966887417
17;12 Carbon Monosulfide;0.001986754966887417
18;13 Cyanomethyl;0.001986754966887417
19;14 Methyl Acetylene;0.001986754966887417
20;15 2-Butynenitrile;0.001986754966887417
21;16 Methyl formate vt01;0.001986754966887417
22;17 Ethyl Cyanide;0.001986754966887417
23;18 gauche-Ethanol;0.001986754966887417
24;19 Glycolaldehyde;0.001986754966887417
25;20 Water;0.001986754966887417
26;21 Hydrogen sulfide;0.001986754966887417
27;22 Sulfur Monoxide ion;0.001986754966887417
28;23 1,3-Butadiynyl radical;0.001986754966887417
29;24 Formylium;0.001986754966887417
30;25 Fulminic acid;0.001986754966887417
31;26 Trihydrogen ion;0.001986754966887417
32;27 Methanimine;0.001986754966887417
33;28 Nitrous Oxide;0.001986754966887417
34;29 Propadienylidene;0.001986754966887417
35;30 Ethylene Oxide;0.001986754966887417
36;31 Ketenimine;0.001986754966887417
37;32 2,4,6-Heptatriynenitrile;0.001986754966887417
38;33 Aminoacetonitrile;0.001986754966887417
39;35 Ammonia;0.001986754966887417
40;36 Formyl Radical;0.001986754966887417
41;37 Methyl Cyanide;0.001986754966887417
42;38 Molecular oxygen;0.001986754966887417
43;39 Cyclopropenone;0.001986754966887417
44;40 Carbonyl Sulfide;0.001986754966887417
45;41 Acetaldehyde;0.001986754966887417
46;43 3-Thioxo-1,2-Propadieylidene;0.001986754966887417
47;44 Formamide;0.001986754966887417
48;45 Cyanobutadiyne;0.001986754966887417
49;46 Sulfur Dioxide;0.001986754966887417
50;47 Methyl isocyanide;0.001986754966887417
51;48 Nitric sulfide;0.001986754966887417
52;49 Methylene;0.001986754966887417
53;50 Hydrochloric acid;0.001986754966887417
54;51 Ethyne Isocyanide;0.001986754966887417
55;52 Cyanide Radical;0.001986754966887417
56;53 Nitric oxide;0.001986754966887417
57;54 Cyanic acid;0.001986754966887417
58;55 Formaldehyde;0.001986754966887417
59;56 Sulfur Monoxide;0.001986754966887417
60;58 Ethynyl;0.001986754966887417
61;59 Ethylene Glycol;0.001986754966887417
62;60 Hydrogen Cyanide;0.001986754966887417
63;61 Fluoromethyliumylidene;0.001986754966887417
64;62 Methylidyne;0.001986754966887417
65;63 Thioxoethenylidene;0.001986754966887417
66;64 Cyanomethanimine;0.001986754966887417
67;65 Silicon Monoxide;0.001986754966887417
68;66 Dimethyl ether;0.001986754966887417
69;67 Acetone;0.001986754966887417
70;68 Carbon Monoxide;0.001986754966887417
71;69 Phosphorous nitride;0.001986754966887417
72;70 Thioformaldehyde;0.001986754966887417
73;71 Diazenylium;0.001986754966887417
74;72 Cyanoformaldehyde;0.001986754966887417
75;73 Isothiocyanic acid;0.001986754966887417
76;74 Vinyl Alcohol;0.001986754966887417
77;75 Hydrogen Isocyanide;0.001986754966887417
78;76 Carbon Monosulfide;0.001986754966887417
79;77 Methylamine;0.001986754966887417
80;78 Protonated Carbon Dioxide;0.001986754966887417
81;79 Formic Acid;0.001986754966887417
82;80 Cyclopropenylidene;0.001986754966887417
83;82 para-Oxidaniumyl;0.001986754966887417
84;83 ortho-Oxidaniumyl;0.001986754966887417
85;84 Nitrosyl hydride;0.001986754966887417
