HD163296_CO_2_1.image;model_hot_cores_tr_500it;1;61 Fluoromethyliumylidene;0.7576923076923077
HD163296_CO_2_1.image;model_hot_cores_tr_500it;2;0 Isocyanic Acid;0.0028846153846153843
HD163296_CO_2_1.image;model_hot_cores_tr_500it;3;1 Propenal;0.0028846153846153843
HD163296_CO_2_1.image;model_hot_cores_tr_500it;4;2 Ketene;0.0028846153846153843
HD163296_CO_2_1.image;model_hot_cores_tr_500it;5;3 Oxonium hydride;0.0028846153846153843
HD163296_CO_2_1.image;model_hot_cores_2_500it;1;9 Iminomethylium;0.4115384615384615
HD163296_CO_2_1.image;model_hot_cores_2_500it;2;45 Cyanobutadiyne;0.15192307692307694
HD163296_CO_2_1.image;model_hot_cores_2_500it;3;28 Nitrous Oxide;0.14711538461538462
HD163296_CO_2_1.image;model_hot_cores_2_500it;4;4 Thioformylium;0.055769230769230765
HD163296_CO_2_1.image;model_hot_cores_2_500it;5;0 Isocyanic Acid;0.0028846153846153843
HD163296_CO_2_1.image;model_hot_cores_full_500it;1;8 Methyliumylidene;0.16153846153846155
HD163296_CO_2_1.image;model_hot_cores_full_500it;2;45 Cyanobutadiyne;0.11826923076923078
HD163296_CO_2_1.image;model_hot_cores_full_500it;3;57 Protonate 2-proynenitrile;0.10865384615384616
HD163296_CO_2_1.image;model_hot_cores_full_500it;4;9 Iminomethylium;0.09423076923076924
HD163296_CO_2_1.image;model_hot_cores_full_500it;5;82 para-Oxidaniumyl;0.08942307692307692
HD163296_CO_2_1.image;model_hot_cores_full_expanded_00002_500it;1;23 1,3-Butadiynyl radical;0.7288461538461538
HD163296_CO_2_1.image;model_hot_cores_full_expanded_00002_500it;2;14 Methyl Acetylene;0.0125
HD163296_CO_2_1.image;model_hot_cores_full_expanded_00002_500it;3;26 Trihydrogen ion;0.007692307692307693
HD163296_CO_2_1.image;model_hot_cores_full_expanded_00002_500it;4;42 Cyanomethylene;0.007692307692307693
HD163296_CO_2_1.image;model_hot_cores_full_expanded_00002_500it;5;61 Fluoromethyliumylidene;0.007692307692307693
HD163296_CO_2_1.image;model_hot_cores_full_expanded_00010_500it;1;23 1,3-Butadiynyl radical;0.6855769230769231
HD163296_CO_2_1.image;model_hot_cores_full_expanded_00010_500it;2;69 Phosphorous nitride;0.01730769230769231
HD163296_CO_2_1.image;model_hot_cores_full_expanded_00010_500it;3;6 Methyl Formate;0.0125
HD163296_CO_2_1.image;model_hot_cores_full_expanded_00010_500it;4;63 Thioxoethenylidene;0.0125
HD163296_CO_2_1.image;model_hot_cores_full_expanded_00010_500it;5;81 Cyanoacetylene;0.0125
TWHydra_HCOplusline.image;model_hot_cores_tr_500it;1;24 Formylium;0.5009708737864078
TWHydra_HCOplusline.image;model_hot_cores_tr_500it;2;54 Cyanic acid;0.015533980582524273
TWHydra_HCOplusline.image;model_hot_cores_tr_500it;3;0 Isocyanic Acid;0.005825242718446602
TWHydra_HCOplusline.image;model_hot_cores_tr_500it;4;1 Propenal;0.005825242718446602
TWHydra_HCOplusline.image;model_hot_cores_tr_500it;5;2 Ketene;0.005825242718446602
TWHydra_HCOplusline.image;model_hot_cores_2_500it;1;4 Thioformylium;0.3359223300970874
TWHydra_HCOplusline.image;model_hot_cores_2_500it;2;9 Iminomethylium;0.11262135922330097
TWHydra_HCOplusline.image;model_hot_cores_2_500it;3;8 Methyliumylidene;0.07378640776699029
TWHydra_HCOplusline.image;model_hot_cores_2_500it;4;0 Isocyanic Acid;0.005825242718446602
TWHydra_HCOplusline.image;model_hot_cores_2_500it;5;1 Propenal;0.005825242718446602
TWHydra_HCOplusline.image;model_hot_cores_full_500it;1;45 Cyanobutadiyne;0.24854368932038837
TWHydra_HCOplusline.image;model_hot_cores_full_500it;2;57 Protonate 2-proynenitrile;0.16116504854368932
TWHydra_HCOplusline.image;model_hot_cores_full_500it;3;8 Methyliumylidene;0.03495145631067961
TWHydra_HCOplusline.image;model_hot_cores_full_500it;4;9 Iminomethylium;0.03495145631067961
TWHydra_HCOplusline.image;model_hot_cores_full_500it;5;76 Carbon Monosulfide;0.03495145631067961
TWHydra_HCOplusline.image;model_hot_cores_full_expanded_00002_500it;1;24 Formylium;0.4330097087378641
TWHydra_HCOplusline.image;model_hot_cores_full_expanded_00002_500it;2;78 Protonated Carbon Dioxide;0.025242718446601944
TWHydra_HCOplusline.image;model_hot_cores_full_expanded_00002_500it;3;1 Propenal;0.015533980582524273
TWHydra_HCOplusline.image;model_hot_cores_full_expanded_00002_500it;4;35 Ammonia;0.015533980582524273
TWHydra_HCOplusline.image;model_hot_cores_full_expanded_00002_500it;5;52 Cyanide Radical;0.015533980582524273
TWHydra_HCOplusline.image;model_hot_cores_full_expanded_00010_500it;1;24 Formylium;0.39417475728155343
TWHydra_HCOplusline.image;model_hot_cores_full_expanded_00010_500it;2;37 Methyl Cyanide;0.025242718446601944
TWHydra_HCOplusline.image;model_hot_cores_full_expanded_00010_500it;3;38 Molecular oxygen;0.025242718446601944
TWHydra_HCOplusline.image;model_hot_cores_full_expanded_00010_500it;4;60 Hydrogen Cyanide;0.025242718446601944
TWHydra_HCOplusline.image;model_hot_cores_full_expanded_00010_500it;5;3 Oxonium hydride;0.015533980582524273
TWHydra_CO3_2line.image;model_hot_cores_tr_500it;1;8 Methyliumylidene;0.5617391304347825
TWHydra_CO3_2line.image;model_hot_cores_tr_500it;2;0 Isocyanic Acid;0.005217391304347826
TWHydra_CO3_2line.image;model_hot_cores_tr_500it;3;1 Propenal;0.005217391304347826
TWHydra_CO3_2line.image;model_hot_cores_tr_500it;4;2 Ketene;0.005217391304347826
TWHydra_CO3_2line.image;model_hot_cores_tr_500it;5;3 Oxonium hydride;0.005217391304347826
TWHydra_CO3_2line.image;model_hot_cores_2_500it;1;60 Hydrogen Cyanide;0.37043478260869567
TWHydra_CO3_2line.image;model_hot_cores_2_500it;2;38 Molecular oxygen;0.11826086956521739
TWHydra_CO3_2line.image;model_hot_cores_2_500it;3;45 Cyanobutadiyne;0.08347826086956521
TWHydra_CO3_2line.image;model_hot_cores_2_500it;4;0 Isocyanic Acid;0.005217391304347826
TWHydra_CO3_2line.image;model_hot_cores_2_500it;5;1 Propenal;0.005217391304347826
TWHydra_CO3_2line.image;model_hot_cores_full_500it;1;8 Methyliumylidene;0.3356521739130435
TWHydra_CO3_2line.image;model_hot_cores_full_500it;2;69 Phosphorous nitride;0.09217391304347826
TWHydra_CO3_2line.image;model_hot_cores_full_500it;3;57 Protonate 2-proynenitrile;0.08347826086956521
TWHydra_CO3_2line.image;model_hot_cores_full_500it;4;23 1,3-Butadiynyl radical;0.06608695652173913
TWHydra_CO3_2line.image;model_hot_cores_full_500it;5;0 Isocyanic Acid;0.005217391304347826
TWHydra_CO3_2line.image;model_hot_cores_full_expanded_00002_500it;1;68 Carbon Monoxide;0.5008695652173913
TWHydra_CO3_2line.image;model_hot_cores_full_expanded_00002_500it;2;6 Methyl Formate;0.01391304347826087
TWHydra_CO3_2line.image;model_hot_cores_full_expanded_00002_500it;3;23 1,3-Butadiynyl radical;0.01391304347826087
TWHydra_CO3_2line.image;model_hot_cores_full_expanded_00002_500it;4;24 Formylium;0.01391304347826087
TWHydra_CO3_2line.image;model_hot_cores_full_expanded_00002_500it;5;26 Trihydrogen ion;0.01391304347826087
TWHydra_CO3_2line.image;model_hot_cores_full_expanded_00010_500it;1;68 Carbon Monoxide;0.5008695652173913
TWHydra_CO3_2line.image;model_hot_cores_full_expanded_00010_500it;2;80 Cyclopropenylidene;0.022608695652173914
TWHydra_CO3_2line.image;model_hot_cores_full_expanded_00010_500it;3;24 Formylium;0.01391304347826087
TWHydra_CO3_2line.image;model_hot_cores_full_expanded_00010_500it;4;28 Nitrous Oxide;0.01391304347826087
TWHydra_CO3_2line.image;model_hot_cores_full_expanded_00010_500it;5;35 Ammonia;0.01391304347826087
Orion.methanol.cbc.contsub.image;model_hot_cores_tr_500it;1;25 Fulminic acid;0.6748387096774193
Orion.methanol.cbc.contsub.image;model_hot_cores_tr_500it;2;0 Isocyanic Acid;0.003870967741935484
Orion.methanol.cbc.contsub.image;model_hot_cores_tr_500it;3;1 Propenal;0.003870967741935484
Orion.methanol.cbc.contsub.image;model_hot_cores_tr_500it;4;2 Ketene;0.003870967741935484
Orion.methanol.cbc.contsub.image;model_hot_cores_tr_500it;5;3 Oxonium hydride;0.003870967741935484
Orion.methanol.cbc.contsub.image;model_hot_cores_2_500it;1;25 Fulminic acid;0.6748387096774193
Orion.methanol.cbc.contsub.image;model_hot_cores_2_500it;2;0 Isocyanic Acid;0.003870967741935484
Orion.methanol.cbc.contsub.image;model_hot_cores_2_500it;3;1 Propenal;0.003870967741935484
Orion.methanol.cbc.contsub.image;model_hot_cores_2_500it;4;2 Ketene;0.003870967741935484
Orion.methanol.cbc.contsub.image;model_hot_cores_2_500it;5;3 Oxonium hydride;0.003870967741935484
Orion.methanol.cbc.contsub.image;model_hot_cores_full_500it;1;43 3-Thioxo-1,2-Propadieylidene;0.24258064516129033
Orion.methanol.cbc.contsub.image;model_hot_cores_full_500it;2;57 Protonate 2-proynenitrile;0.17161290322580647
Orion.methanol.cbc.contsub.image;model_hot_cores_full_500it;3;8 Methyliumylidene;0.13935483870967744
Orion.methanol.cbc.contsub.image;model_hot_cores_full_500it;4;61 Fluoromethyliumylidene;0.08129032258064516
Orion.methanol.cbc.contsub.image;model_hot_cores_full_500it;5;65 Silicon Monoxide;0.04258064516129032
Orion.methanol.cbc.contsub.image;model_hot_cores_full_expanded_00002_500it;1;42 Cyanomethylene;0.6619354838709677
Orion.methanol.cbc.contsub.image;model_hot_cores_full_expanded_00002_500it;2;63 Thioxoethenylidene;0.01032258064516129
Orion.methanol.cbc.contsub.image;model_hot_cores_full_expanded_00002_500it;3;81 Cyanoacetylene;0.01032258064516129
Orion.methanol.cbc.contsub.image;model_hot_cores_full_expanded_00002_500it;4;0 Isocyanic Acid;0.003870967741935484
Orion.methanol.cbc.contsub.image;model_hot_cores_full_expanded_00002_500it;5;1 Propenal;0.003870967741935484
Orion.methanol.cbc.contsub.image;model_hot_cores_full_expanded_00010_500it;1;64 Cyanomethanimine;0.6619354838709677
Orion.methanol.cbc.contsub.image;model_hot_cores_full_expanded_00010_500it;2;27 Methanimine;0.01032258064516129
Orion.methanol.cbc.contsub.image;model_hot_cores_full_expanded_00010_500it;3;28 Nitrous Oxide;0.01032258064516129
Orion.methanol.cbc.contsub.image;model_hot_cores_full_expanded_00010_500it;4;0 Isocyanic Acid;0.003870967741935484
Orion.methanol.cbc.contsub.image;model_hot_cores_full_expanded_00010_500it;5;1 Propenal;0.003870967741935484
DMTau.CS_5-4.image;model_hot_cores_tr_500it;1;45 Cyanobutadiyne;0.2821917808219178
DMTau.CS_5-4.image;model_hot_cores_tr_500it;2;0 Isocyanic Acid;0.021917808219178082
DMTau.CS_5-4.image;model_hot_cores_tr_500it;3;72 Cyanoformaldehyde;0.021917808219178082
DMTau.CS_5-4.image;model_hot_cores_tr_500it;4;1 Propenal;0.00821917808219178
DMTau.CS_5-4.image;model_hot_cores_tr_500it;5;2 Ketene;0.00821917808219178
DMTau.CS_5-4.image;model_hot_cores_2_500it;1;28 Nitrous Oxide;0.3095890410958904
DMTau.CS_5-4.image;model_hot_cores_2_500it;2;0 Isocyanic Acid;0.00821917808219178
DMTau.CS_5-4.image;model_hot_cores_2_500it;3;1 Propenal;0.00821917808219178
DMTau.CS_5-4.image;model_hot_cores_2_500it;4;2 Ketene;0.00821917808219178
DMTau.CS_5-4.image;model_hot_cores_2_500it;5;3 Oxonium hydride;0.00821917808219178
DMTau.CS_5-4.image;model_hot_cores_full_500it;1;61 Fluoromethyliumylidene;0.17260273972602738
DMTau.CS_5-4.image;model_hot_cores_full_500it;2;50 Hydrochloric acid;0.14520547945205478
DMTau.CS_5-4.image;model_hot_cores_full_500it;3;0 Isocyanic Acid;0.00821917808219178
DMTau.CS_5-4.image;model_hot_cores_full_500it;4;1 Propenal;0.00821917808219178
DMTau.CS_5-4.image;model_hot_cores_full_500it;5;2 Ketene;0.00821917808219178
DMTau.CS_5-4.image;model_hot_cores_full_expanded_00002_500it;1;75 Hydrogen Isocyanide;0.2684931506849315
DMTau.CS_5-4.image;model_hot_cores_full_expanded_00002_500it;2;24 Formylium;0.03561643835616438
DMTau.CS_5-4.image;model_hot_cores_full_expanded_00002_500it;3;80 Cyclopropenylidene;0.021917808219178082
DMTau.CS_5-4.image;model_hot_cores_full_expanded_00002_500it;4;0 Isocyanic Acid;0.00821917808219178
DMTau.CS_5-4.image;model_hot_cores_full_expanded_00002_500it;5;1 Propenal;0.00821917808219178
DMTau.CS_5-4.image;model_hot_cores_full_expanded_00010_500it;1;12 Carbon Monosulfide;0.2958904109589041
DMTau.CS_5-4.image;model_hot_cores_full_expanded_00010_500it;2;44 Formamide;0.021917808219178082
DMTau.CS_5-4.image;model_hot_cores_full_expanded_00010_500it;3;0 Isocyanic Acid;0.00821917808219178
DMTau.CS_5-4.image;model_hot_cores_full_expanded_00010_500it;4;1 Propenal;0.00821917808219178
DMTau.CS_5-4.image;model_hot_cores_full_expanded_00010_500it;5;2 Ketene;0.00821917808219178
Orion.HNC.cbc.contsub.image;model_hot_cores_tr_500it;1;8 Methyliumylidene;0.833112582781457
Orion.HNC.cbc.contsub.image;model_hot_cores_tr_500it;2;0 Isocyanic Acid;0.001986754966887417
Orion.HNC.cbc.contsub.image;model_hot_cores_tr_500it;3;1 Propenal;0.001986754966887417
Orion.HNC.cbc.contsub.image;model_hot_cores_tr_500it;4;2 Ketene;0.001986754966887417
Orion.HNC.cbc.contsub.image;model_hot_cores_tr_500it;5;3 Oxonium hydride;0.001986754966887417
Orion.HNC.cbc.contsub.image;model_hot_cores_2_500it;1;8 Methyliumylidene;0.42251655629139073
Orion.HNC.cbc.contsub.image;model_hot_cores_2_500it;2;4 Thioformylium;0.41258278145695365
Orion.HNC.cbc.contsub.image;model_hot_cores_2_500it;3;0 Isocyanic Acid;0.001986754966887417
Orion.HNC.cbc.contsub.image;model_hot_cores_2_500it;4;1 Propenal;0.001986754966887417
Orion.HNC.cbc.contsub.image;model_hot_cores_2_500it;5;2 Ketene;0.001986754966887417
Orion.HNC.cbc.contsub.image;model_hot_cores_full_500it;1;8 Methyliumylidene;0.2900662251655629
Orion.HNC.cbc.contsub.image;model_hot_cores_full_500it;2;61 Fluoromethyliumylidene;0.1609271523178808
Orion.HNC.cbc.contsub.image;model_hot_cores_full_500it;3;4 Thioformylium;0.10132450331125828
Orion.HNC.cbc.contsub.image;model_hot_cores_full_500it;4;24 Formylium;0.09801324503311258
Orion.HNC.cbc.contsub.image;model_hot_cores_full_500it;5;69 Phosphorous nitride;0.051655629139072845
Orion.HNC.cbc.contsub.image;model_hot_cores_full_expanded_00002_500it;1;58 Ethynyl;0.8298013245033112
Orion.HNC.cbc.contsub.image;model_hot_cores_full_expanded_00002_500it;2;54 Cyanic acid;0.005298013245033113
Orion.HNC.cbc.contsub.image;model_hot_cores_full_expanded_00002_500it;3;0 Isocyanic Acid;0.001986754966887417
Orion.HNC.cbc.contsub.image;model_hot_cores_full_expanded_00002_500it;4;1 Propenal;0.001986754966887417
Orion.HNC.cbc.contsub.image;model_hot_cores_full_expanded_00002_500it;5;2 Ketene;0.001986754966887417
Orion.HNC.cbc.contsub.image;model_hot_cores_full_expanded_00010_500it;1;57 Protonate 2-proynenitrile;0.8231788079470198
Orion.HNC.cbc.contsub.image;model_hot_cores_full_expanded_00010_500it;2;34 Methanol;0.005298013245033113
Orion.HNC.cbc.contsub.image;model_hot_cores_full_expanded_00010_500it;3;42 Cyanomethylene;0.005298013245033113
Orion.HNC.cbc.contsub.image;model_hot_cores_full_expanded_00010_500it;4;81 Cyanoacetylene;0.005298013245033113
Orion.HNC.cbc.contsub.image;model_hot_cores_full_expanded_00010_500it;5;0 Isocyanic Acid;0.001986754966887417
uid___A002_Xa916fc_X668__IRS43_HCO32.final.image.pbcor;model_hot_cores_tr_500it;1;8 Methyliumylidene;0.8904347826086957
uid___A002_Xa916fc_X668__IRS43_HCO32.final.image.pbcor;model_hot_cores_tr_500it;2;0 Isocyanic Acid;0.0013043478260869564
uid___A002_Xa916fc_X668__IRS43_HCO32.final.image.pbcor;model_hot_cores_tr_500it;3;1 Propenal;0.0013043478260869564
uid___A002_Xa916fc_X668__IRS43_HCO32.final.image.pbcor;model_hot_cores_tr_500it;4;2 Ketene;0.0013043478260869564
uid___A002_Xa916fc_X668__IRS43_HCO32.final.image.pbcor;model_hot_cores_tr_500it;5;3 Oxonium hydride;0.0013043478260869564
uid___A002_Xa916fc_X668__IRS43_HCO32.final.image.pbcor;model_hot_cores_2_500it;1;45 Cyanobutadiyne;0.8904347826086957
uid___A002_Xa916fc_X668__IRS43_HCO32.final.image.pbcor;model_hot_cores_2_500it;2;0 Isocyanic Acid;0.0013043478260869564
uid___A002_Xa916fc_X668__IRS43_HCO32.final.image.pbcor;model_hot_cores_2_500it;3;1 Propenal;0.0013043478260869564
uid___A002_Xa916fc_X668__IRS43_HCO32.final.image.pbcor;model_hot_cores_2_500it;4;2 Ketene;0.0013043478260869564
uid___A002_Xa916fc_X668__IRS43_HCO32.final.image.pbcor;model_hot_cores_2_500it;5;3 Oxonium hydride;0.0013043478260869564
uid___A002_Xa916fc_X668__IRS43_HCO32.final.image.pbcor;model_hot_cores_full_500it;1;8 Methyliumylidene;0.5556521739130434
uid___A002_Xa916fc_X668__IRS43_HCO32.final.image.pbcor;model_hot_cores_full_500it;2;61 Fluoromethyliumylidene;0.14478260869565215
uid___A002_Xa916fc_X668__IRS43_HCO32.final.image.pbcor;model_hot_cores_full_500it;3;45 Cyanobutadiyne;0.08608695652173913
uid___A002_Xa916fc_X668__IRS43_HCO32.final.image.pbcor;model_hot_cores_full_500it;4;50 Hydrochloric acid;0.08608695652173913
uid___A002_Xa916fc_X668__IRS43_HCO32.final.image.pbcor;model_hot_cores_full_500it;5;9 Iminomethylium;0.023043478260869565
uid___A002_Xa916fc_X668__IRS43_HCO32.final.image.pbcor;model_hot_cores_full_expanded_00002_500it;1;7 Hydroxyl;0.8860869565217392
uid___A002_Xa916fc_X668__IRS43_HCO32.final.image.pbcor;model_hot_cores_full_expanded_00002_500it;2;43 3-Thioxo-1,2-Propadieylidene;0.0034782608695652175
uid___A002_Xa916fc_X668__IRS43_HCO32.final.image.pbcor;model_hot_cores_full_expanded_00002_500it;3;72 Cyanoformaldehyde;0.0034782608695652175
uid___A002_Xa916fc_X668__IRS43_HCO32.final.image.pbcor;model_hot_cores_full_expanded_00002_500it;4;0 Isocyanic Acid;0.0013043478260869564
uid___A002_Xa916fc_X668__IRS43_HCO32.final.image.pbcor;model_hot_cores_full_expanded_00002_500it;5;1 Propenal;0.0013043478260869564
uid___A002_Xa916fc_X668__IRS43_HCO32.final.image.pbcor;model_hot_cores_full_expanded_00010_500it;1;28 Nitrous Oxide;0.8860869565217392
uid___A002_Xa916fc_X668__IRS43_HCO32.final.image.pbcor;model_hot_cores_full_expanded_00010_500it;2;8 Methyliumylidene;0.0034782608695652175
uid___A002_Xa916fc_X668__IRS43_HCO32.final.image.pbcor;model_hot_cores_full_expanded_00010_500it;3;40 Carbonyl Sulfide;0.0034782608695652175
uid___A002_Xa916fc_X668__IRS43_HCO32.final.image.pbcor;model_hot_cores_full_expanded_00010_500it;4;0 Isocyanic Acid;0.0013043478260869564
uid___A002_Xa916fc_X668__IRS43_HCO32.final.image.pbcor;model_hot_cores_full_expanded_00010_500it;5;1 Propenal;0.0013043478260869564
