1;68 Carbon Monoxide;0.5008695652173913
2;6 Methyl Formate;0.01391304347826087
3;23 1,3-Butadiynyl radical;0.01391304347826087
4;24 Formylium;0.01391304347826087
5;26 Trihydrogen ion;0.01391304347826087
6;30 Ethylene Oxide;0.01391304347826087
7;38 Molecular oxygen;0.01391304347826087
8;83 ortho-Oxidaniumyl;0.01391304347826087
9;0 Isocyanic Acid;0.005217391304347826
10;1 Propenal;0.005217391304347826
11;2 Ketene;0.005217391304347826
12;3 Oxonium hydride;0.005217391304347826
13;4 Thioformylium;0.005217391304347826
14;5 Vinyl Cyanide;0.005217391304347826
15;7 Hydroxyl;0.005217391304347826
16;8 Methyliumylidene;0.005217391304347826
17;9 Iminomethylium;0.005217391304347826
18;10 Hydroxymethylium ion;0.005217391304347826
19;11 2-Propynal;0.005217391304347826
20;12 Carbon Monosulfide;0.005217391304347826
21;13 Cyanomethyl;0.005217391304347826
22;14 Methyl Acetylene;0.005217391304347826
23;15 2-Butynenitrile;0.005217391304347826
24;16 Methyl formate vt01;0.005217391304347826
25;17 Ethyl Cyanide;0.005217391304347826
26;18 gauche-Ethanol;0.005217391304347826
27;19 Glycolaldehyde;0.005217391304347826
28;20 Water;0.005217391304347826
29;21 Hydrogen sulfide;0.005217391304347826
30;22 Sulfur Monoxide ion;0.005217391304347826
31;25 Fulminic acid;0.005217391304347826
32;27 Methanimine;0.005217391304347826
33;28 Nitrous Oxide;0.005217391304347826
34;29 Propadienylidene;0.005217391304347826
35;31 Ketenimine;0.005217391304347826
36;32 2,4,6-Heptatriynenitrile;0.005217391304347826
37;33 Aminoacetonitrile;0.005217391304347826
38;34 Methanol;0.005217391304347826
39;35 Ammonia;0.005217391304347826
40;36 Formyl Radical;0.005217391304347826
41;37 Methyl Cyanide;0.005217391304347826
42;39 Cyclopropenone;0.005217391304347826
43;40 Carbonyl Sulfide;0.005217391304347826
44;41 Acetaldehyde;0.005217391304347826
45;42 Cyanomethylene;0.005217391304347826
46;43 3-Thioxo-1,2-Propadieylidene;0.005217391304347826
47;44 Formamide;0.005217391304347826
48;45 Cyanobutadiyne;0.005217391304347826
49;46 Sulfur Dioxide;0.005217391304347826
50;47 Methyl isocyanide;0.005217391304347826
51;48 Nitric sulfide;0.005217391304347826
52;49 Methylene;0.005217391304347826
53;50 Hydrochloric acid;0.005217391304347826
54;51 Ethyne Isocyanide;0.005217391304347826
55;52 Cyanide Radical;0.005217391304347826
56;53 Nitric oxide;0.005217391304347826
57;54 Cyanic acid;0.005217391304347826
58;55 Formaldehyde;0.005217391304347826
59;56 Sulfur Monoxide;0.005217391304347826
60;57 Protonate 2-proynenitrile;0.005217391304347826
61;58 Ethynyl;0.005217391304347826
62;59 Ethylene Glycol;0.005217391304347826
63;60 Hydrogen Cyanide;0.005217391304347826
64;61 Fluoromethyliumylidene;0.005217391304347826
65;62 Methylidyne;0.005217391304347826
66;63 Thioxoethenylidene;0.005217391304347826
67;64 Cyanomethanimine;0.005217391304347826
68;65 Silicon Monoxide;0.005217391304347826
69;66 Dimethyl ether;0.005217391304347826
70;67 Acetone;0.005217391304347826
71;69 Phosphorous nitride;0.005217391304347826
72;70 Thioformaldehyde;0.005217391304347826
73;71 Diazenylium;0.005217391304347826
74;72 Cyanoformaldehyde;0.005217391304347826
75;73 Isothiocyanic acid;0.005217391304347826
76;74 Vinyl Alcohol;0.005217391304347826
77;75 Hydrogen Isocyanide;0.005217391304347826
78;76 Carbon Monosulfide;0.005217391304347826
79;77 Methylamine;0.005217391304347826
80;78 Protonated Carbon Dioxide;0.005217391304347826
81;79 Formic Acid;0.005217391304347826
82;80 Cyclopropenylidene;0.005217391304347826
83;81 Cyanoacetylene;0.005217391304347826
84;82 para-Oxidaniumyl;0.005217391304347826
85;84 Nitrosyl hydride;0.005217391304347826
