1;45 Cyanobutadiyne;0.24854368932038837
2;57 Protonate 2-proynenitrile;0.16116504854368932
3;8 Methyliumylidene;0.03495145631067961
4;9 Iminomethylium;0.03495145631067961
5;76 Carbon Monosulfide;0.03495145631067961
6;6 Methyl Formate;0.025242718446601944
7;0 Isocyanic Acid;0.005825242718446602
8;1 Propenal;0.005825242718446602
9;2 Ketene;0.005825242718446602
10;3 Oxonium hydride;0.005825242718446602
11;4 Thioformylium;0.005825242718446602
12;5 Vinyl Cyanide;0.005825242718446602
13;7 Hydroxyl;0.005825242718446602
14;10 Hydroxymethylium ion;0.005825242718446602
15;11 2-Propynal;0.005825242718446602
16;12 Carbon Monosulfide;0.005825242718446602
17;13 Cyanomethyl;0.005825242718446602
18;14 Methyl Acetylene;0.005825242718446602
19;15 2-Butynenitrile;0.005825242718446602
20;16 Methyl formate vt01;0.005825242718446602
21;17 Ethyl Cyanide;0.005825242718446602
22;18 gauche-Ethanol;0.005825242718446602
23;19 Glycolaldehyde;0.005825242718446602
24;20 Water;0.005825242718446602
25;21 Hydrogen sulfide;0.005825242718446602
26;22 Sulfur Monoxide ion;0.005825242718446602
27;23 1,3-Butadiynyl radical;0.005825242718446602
28;24 Formylium;0.005825242718446602
29;25 Fulminic acid;0.005825242718446602
30;26 Trihydrogen ion;0.005825242718446602
31;27 Methanimine;0.005825242718446602
32;28 Nitrous Oxide;0.005825242718446602
33;29 Propadienylidene;0.005825242718446602
34;30 Ethylene Oxide;0.005825242718446602
35;31 Ketenimine;0.005825242718446602
36;32 2,4,6-Heptatriynenitrile;0.005825242718446602
37;33 Aminoacetonitrile;0.005825242718446602
38;34 Methanol;0.005825242718446602
39;35 Ammonia;0.005825242718446602
40;36 Formyl Radical;0.005825242718446602
41;37 Methyl Cyanide;0.005825242718446602
42;38 Molecular oxygen;0.005825242718446602
43;39 Cyclopropenone;0.005825242718446602
44;40 Carbonyl Sulfide;0.005825242718446602
45;41 Acetaldehyde;0.005825242718446602
46;42 Cyanomethylene;0.005825242718446602
47;43 3-Thioxo-1,2-Propadieylidene;0.005825242718446602
48;44 Formamide;0.005825242718446602
49;46 Sulfur Dioxide;0.005825242718446602
50;47 Methyl isocyanide;0.005825242718446602
51;48 Nitric sulfide;0.005825242718446602
52;49 Methylene;0.005825242718446602
53;50 Hydrochloric acid;0.005825242718446602
54;51 Ethyne Isocyanide;0.005825242718446602
55;52 Cyanide Radical;0.005825242718446602
56;53 Nitric oxide;0.005825242718446602
57;54 Cyanic acid;0.005825242718446602
58;55 Formaldehyde;0.005825242718446602
59;56 Sulfur Monoxide;0.005825242718446602
60;58 Ethynyl;0.005825242718446602
61;59 Ethylene Glycol;0.005825242718446602
62;60 Hydrogen Cyanide;0.005825242718446602
63;61 Fluoromethyliumylidene;0.005825242718446602
64;62 Methylidyne;0.005825242718446602
65;63 Thioxoethenylidene;0.005825242718446602
66;64 Cyanomethanimine;0.005825242718446602
67;65 Silicon Monoxide;0.005825242718446602
68;66 Dimethyl ether;0.005825242718446602
69;67 Acetone;0.005825242718446602
70;68 Carbon Monoxide;0.005825242718446602
71;69 Phosphorous nitride;0.005825242718446602
72;70 Thioformaldehyde;0.005825242718446602
73;71 Diazenylium;0.005825242718446602
74;72 Cyanoformaldehyde;0.005825242718446602
75;73 Isothiocyanic acid;0.005825242718446602
76;74 Vinyl Alcohol;0.005825242718446602
77;75 Hydrogen Isocyanide;0.005825242718446602
78;77 Methylamine;0.005825242718446602
79;78 Protonated Carbon Dioxide;0.005825242718446602
80;79 Formic Acid;0.005825242718446602
81;80 Cyclopropenylidene;0.005825242718446602
82;81 Cyanoacetylene;0.005825242718446602
83;82 para-Oxidaniumyl;0.005825242718446602
84;83 ortho-Oxidaniumyl;0.005825242718446602
85;84 Nitrosyl hydride;0.005825242718446602
