1;50 Hydrochloric acid;0.19269662921348313
2;4 Thioformylium;0.17584269662921348
3;9 Iminomethylium;0.15337078651685393
4;61 Fluoromethyliumylidene;0.09719101123595505
5;3 Oxonium hydride;0.038202247191011236
6;81 Cyanoacetylene;0.03539325842696629
7;76 Carbon Monosulfide;0.03258426966292135
8;38 Molecular oxygen;0.024157303370786518
9;62 Methylidyne;0.024157303370786518
10;22 Sulfur Monoxide ion;0.02134831460674157
11;25 Fulminic acid;0.02134831460674157
12;32 2,4,6-Heptatriynenitrile;0.02134831460674157
13;71 Diazenylium;0.02134831460674157
14;28 Nitrous Oxide;0.012921348314606741
15;8 Methyliumylidene;0.010112359550561799
16;0 Isocyanic Acid;0.0016853932584269663
17;1 Propenal;0.0016853932584269663
18;2 Ketene;0.0016853932584269663
19;5 Vinyl Cyanide;0.0016853932584269663
20;6 Methyl Formate;0.0016853932584269663
21;7 Hydroxyl;0.0016853932584269663
22;10 Hydroxymethylium ion;0.0016853932584269663
23;11 2-Propynal;0.0016853932584269663
24;12 Carbon Monosulfide;0.0016853932584269663
25;13 Cyanomethyl;0.0016853932584269663
26;14 Methyl Acetylene;0.0016853932584269663
27;15 2-Butynenitrile;0.0016853932584269663
28;16 Methyl formate vt01;0.0016853932584269663
29;17 Ethyl Cyanide;0.0016853932584269663
30;18 gauche-Ethanol;0.0016853932584269663
31;19 Glycolaldehyde;0.0016853932584269663
32;20 Water;0.0016853932584269663
33;21 Hydrogen sulfide;0.0016853932584269663
34;23 1,3-Butadiynyl radical;0.0016853932584269663
35;24 Formylium;0.0016853932584269663
36;26 Trihydrogen ion;0.0016853932584269663
37;27 Methanimine;0.0016853932584269663
38;29 Propadienylidene;0.0016853932584269663
39;30 Ethylene Oxide;0.0016853932584269663
40;31 Ketenimine;0.0016853932584269663
41;33 Aminoacetonitrile;0.0016853932584269663
42;34 Methanol;0.0016853932584269663
43;35 Ammonia;0.0016853932584269663
44;36 Formyl Radical;0.0016853932584269663
45;37 Methyl Cyanide;0.0016853932584269663
46;39 Cyclopropenone;0.0016853932584269663
47;40 Carbonyl Sulfide;0.0016853932584269663
48;41 Acetaldehyde;0.0016853932584269663
49;42 Cyanomethylene;0.0016853932584269663
50;43 3-Thioxo-1,2-Propadieylidene;0.0016853932584269663
51;44 Formamide;0.0016853932584269663
52;45 Cyanobutadiyne;0.0016853932584269663
53;46 Sulfur Dioxide;0.0016853932584269663
54;47 Methyl isocyanide;0.0016853932584269663
55;48 Nitric sulfide;0.0016853932584269663
56;49 Methylene;0.0016853932584269663
57;51 Ethyne Isocyanide;0.0016853932584269663
58;52 Cyanide Radical;0.0016853932584269663
59;53 Nitric oxide;0.0016853932584269663
60;54 Cyanic acid;0.0016853932584269663
61;55 Formaldehyde;0.0016853932584269663
62;56 Sulfur Monoxide;0.0016853932584269663
63;57 Protonate 2-proynenitrile;0.0016853932584269663
64;58 Ethynyl;0.0016853932584269663
65;59 Ethylene Glycol;0.0016853932584269663
66;60 Hydrogen Cyanide;0.0016853932584269663
67;63 Thioxoethenylidene;0.0016853932584269663
68;64 Cyanomethanimine;0.0016853932584269663
69;65 Silicon Monoxide;0.0016853932584269663
70;66 Dimethyl ether;0.0016853932584269663
71;67 Acetone;0.0016853932584269663
72;68 Carbon Monoxide;0.0016853932584269663
73;69 Phosphorous nitride;0.0016853932584269663
74;70 Thioformaldehyde;0.0016853932584269663
75;72 Cyanoformaldehyde;0.0016853932584269663
76;73 Isothiocyanic acid;0.0016853932584269663
77;74 Vinyl Alcohol;0.0016853932584269663
78;75 Hydrogen Isocyanide;0.0016853932584269663
79;77 Methylamine;0.0016853932584269663
80;78 Protonated Carbon Dioxide;0.0016853932584269663
81;79 Formic Acid;0.0016853932584269663
82;80 Cyclopropenylidene;0.0016853932584269663
83;82 para-Oxidaniumyl;0.0016853932584269663
84;83 ortho-Oxidaniumyl;0.0016853932584269663
85;84 Nitrosyl hydride;0.0016853932584269663
