1;9 Iminomethylium;0.3770334928229665
2;61 Fluoromethyliumylidene;0.16889952153110047
3;76 Carbon Monosulfide;0.08516746411483254
4;57 Protonate 2-proynenitrile;0.056459330143540674
5;60 Hydrogen Cyanide;0.05406698564593302
6;75 Hydrogen Isocyanide;0.04210526315789474
7;8 Methyliumylidene;0.03492822966507177
8;82 para-Oxidaniumyl;0.03014354066985646
9;23 1,3-Butadiynyl radical;0.022966507177033493
10;22 Sulfur Monoxide ion;0.011004784688995215
11;25 Fulminic acid;0.00861244019138756
12;15 2-Butynenitrile;0.003827751196172249
13;0 Isocyanic Acid;0.0014354066985645933
14;1 Propenal;0.0014354066985645933
15;2 Ketene;0.0014354066985645933
16;3 Oxonium hydride;0.0014354066985645933
17;4 Thioformylium;0.0014354066985645933
18;5 Vinyl Cyanide;0.0014354066985645933
19;6 Methyl Formate;0.0014354066985645933
20;7 Hydroxyl;0.0014354066985645933
21;10 Hydroxymethylium ion;0.0014354066985645933
22;11 2-Propynal;0.0014354066985645933
23;12 Carbon Monosulfide;0.0014354066985645933
24;13 Cyanomethyl;0.0014354066985645933
25;14 Methyl Acetylene;0.0014354066985645933
26;16 Methyl formate vt01;0.0014354066985645933
27;17 Ethyl Cyanide;0.0014354066985645933
28;18 gauche-Ethanol;0.0014354066985645933
29;19 Glycolaldehyde;0.0014354066985645933
30;20 Water;0.0014354066985645933
31;21 Hydrogen sulfide;0.0014354066985645933
32;24 Formylium;0.0014354066985645933
33;26 Trihydrogen ion;0.0014354066985645933
34;27 Methanimine;0.0014354066985645933
35;28 Nitrous Oxide;0.0014354066985645933
36;29 Propadienylidene;0.0014354066985645933
37;30 Ethylene Oxide;0.0014354066985645933
38;31 Ketenimine;0.0014354066985645933
39;32 2,4,6-Heptatriynenitrile;0.0014354066985645933
40;33 Aminoacetonitrile;0.0014354066985645933
41;34 Methanol;0.0014354066985645933
42;35 Ammonia;0.0014354066985645933
43;36 Formyl Radical;0.0014354066985645933
44;37 Methyl Cyanide;0.0014354066985645933
45;38 Molecular oxygen;0.0014354066985645933
46;39 Cyclopropenone;0.0014354066985645933
47;40 Carbonyl Sulfide;0.0014354066985645933
48;41 Acetaldehyde;0.0014354066985645933
49;42 Cyanomethylene;0.0014354066985645933
50;43 3-Thioxo-1,2-Propadieylidene;0.0014354066985645933
51;44 Formamide;0.0014354066985645933
52;45 Cyanobutadiyne;0.0014354066985645933
53;46 Sulfur Dioxide;0.0014354066985645933
54;47 Methyl isocyanide;0.0014354066985645933
55;48 Nitric sulfide;0.0014354066985645933
56;49 Methylene;0.0014354066985645933
57;50 Hydrochloric acid;0.0014354066985645933
58;51 Ethyne Isocyanide;0.0014354066985645933
59;52 Cyanide Radical;0.0014354066985645933
60;53 Nitric oxide;0.0014354066985645933
61;54 Cyanic acid;0.0014354066985645933
62;55 Formaldehyde;0.0014354066985645933
63;56 Sulfur Monoxide;0.0014354066985645933
64;58 Ethynyl;0.0014354066985645933
65;59 Ethylene Glycol;0.0014354066985645933
66;62 Methylidyne;0.0014354066985645933
67;63 Thioxoethenylidene;0.0014354066985645933
68;64 Cyanomethanimine;0.0014354066985645933
69;65 Silicon Monoxide;0.0014354066985645933
70;66 Dimethyl ether;0.0014354066985645933
71;67 Acetone;0.0014354066985645933
72;68 Carbon Monoxide;0.0014354066985645933
73;69 Phosphorous nitride;0.0014354066985645933
74;70 Thioformaldehyde;0.0014354066985645933
75;71 Diazenylium;0.0014354066985645933
76;72 Cyanoformaldehyde;0.0014354066985645933
77;73 Isothiocyanic acid;0.0014354066985645933
78;74 Vinyl Alcohol;0.0014354066985645933
79;77 Methylamine;0.0014354066985645933
80;78 Protonated Carbon Dioxide;0.0014354066985645933
81;79 Formic Acid;0.0014354066985645933
82;80 Cyclopropenylidene;0.0014354066985645933
83;81 Cyanoacetylene;0.0014354066985645933
84;83 ortho-Oxidaniumyl;0.0014354066985645933
85;84 Nitrosyl hydride;0.0014354066985645933
