1;68 Carbon Monoxide;0.6914572864321608
2;26 Trihydrogen ion;0.01306532663316583
3;58 Ethynyl;0.01306532663316583
4;10 Hydroxymethylium ion;0.008040201005025126
5;24 Formylium;0.008040201005025126
6;38 Molecular oxygen;0.008040201005025126
7;40 Carbonyl Sulfide;0.008040201005025126
8;43 3-Thioxo-1,2-Propadieylidene;0.008040201005025126
9;54 Cyanic acid;0.008040201005025126
10;70 Thioformaldehyde;0.008040201005025126
11;0 Isocyanic Acid;0.003015075376884422
12;1 Propenal;0.003015075376884422
13;2 Ketene;0.003015075376884422
14;3 Oxonium hydride;0.003015075376884422
15;4 Thioformylium;0.003015075376884422
16;5 Vinyl Cyanide;0.003015075376884422
17;6 Methyl Formate;0.003015075376884422
18;7 Hydroxyl;0.003015075376884422
19;8 Methyliumylidene;0.003015075376884422
20;9 Iminomethylium;0.003015075376884422
21;11 2-Propynal;0.003015075376884422
22;12 Carbon Monosulfide;0.003015075376884422
23;13 Cyanomethyl;0.003015075376884422
24;14 Methyl Acetylene;0.003015075376884422
25;15 2-Butynenitrile;0.003015075376884422
26;16 Methyl formate vt01;0.003015075376884422
27;17 Ethyl Cyanide;0.003015075376884422
28;18 gauche-Ethanol;0.003015075376884422
29;19 Glycolaldehyde;0.003015075376884422
30;20 Water;0.003015075376884422
31;21 Hydrogen sulfide;0.003015075376884422
32;22 Sulfur Monoxide ion;0.003015075376884422
33;23 1,3-Butadiynyl radical;0.003015075376884422
34;25 Fulminic acid;0.003015075376884422
35;27 Methanimine;0.003015075376884422
36;28 Nitrous Oxide;0.003015075376884422
37;29 Propadienylidene;0.003015075376884422
38;30 Ethylene Oxide;0.003015075376884422
39;31 Ketenimine;0.003015075376884422
40;32 2,4,6-Heptatriynenitrile;0.003015075376884422
41;33 Aminoacetonitrile;0.003015075376884422
42;34 Methanol;0.003015075376884422
43;35 Ammonia;0.003015075376884422
44;36 Formyl Radical;0.003015075376884422
45;37 Methyl Cyanide;0.003015075376884422
46;39 Cyclopropenone;0.003015075376884422
47;41 Acetaldehyde;0.003015075376884422
48;42 Cyanomethylene;0.003015075376884422
49;44 Formamide;0.003015075376884422
50;45 Cyanobutadiyne;0.003015075376884422
51;46 Sulfur Dioxide;0.003015075376884422
52;47 Methyl isocyanide;0.003015075376884422
53;48 Nitric sulfide;0.003015075376884422
54;49 Methylene;0.003015075376884422
55;50 Hydrochloric acid;0.003015075376884422
56;51 Ethyne Isocyanide;0.003015075376884422
57;52 Cyanide Radical;0.003015075376884422
58;53 Nitric oxide;0.003015075376884422
59;55 Formaldehyde;0.003015075376884422
60;56 Sulfur Monoxide;0.003015075376884422
61;57 Protonate 2-proynenitrile;0.003015075376884422
62;59 Ethylene Glycol;0.003015075376884422
63;60 Hydrogen Cyanide;0.003015075376884422
64;61 Fluoromethyliumylidene;0.003015075376884422
65;62 Methylidyne;0.003015075376884422
66;63 Thioxoethenylidene;0.003015075376884422
67;64 Cyanomethanimine;0.003015075376884422
68;65 Silicon Monoxide;0.003015075376884422
69;66 Dimethyl ether;0.003015075376884422
70;67 Acetone;0.003015075376884422
71;69 Phosphorous nitride;0.003015075376884422
72;71 Diazenylium;0.003015075376884422
73;72 Cyanoformaldehyde;0.003015075376884422
74;73 Isothiocyanic acid;0.003015075376884422
75;74 Vinyl Alcohol;0.003015075376884422
76;75 Hydrogen Isocyanide;0.003015075376884422
77;76 Carbon Monosulfide;0.003015075376884422
78;77 Methylamine;0.003015075376884422
79;78 Protonated Carbon Dioxide;0.003015075376884422
80;79 Formic Acid;0.003015075376884422
81;80 Cyclopropenylidene;0.003015075376884422
82;81 Cyanoacetylene;0.003015075376884422
83;82 para-Oxidaniumyl;0.003015075376884422
84;83 ortho-Oxidaniumyl;0.003015075376884422
85;84 Nitrosyl hydride;0.003015075376884422
