1;24 Formylium;0.7284974093264248
2;25 Fulminic acid;0.008290155440414507
3;57 Protonate 2-proynenitrile;0.008290155440414507
4;0 Isocyanic Acid;0.0031088082901554403
5;1 Propenal;0.0031088082901554403
6;2 Ketene;0.0031088082901554403
7;3 Oxonium hydride;0.0031088082901554403
8;4 Thioformylium;0.0031088082901554403
9;5 Vinyl Cyanide;0.0031088082901554403
10;6 Methyl Formate;0.0031088082901554403
11;7 Hydroxyl;0.0031088082901554403
12;8 Methyliumylidene;0.0031088082901554403
13;9 Iminomethylium;0.0031088082901554403
14;10 Hydroxymethylium ion;0.0031088082901554403
15;11 2-Propynal;0.0031088082901554403
16;12 Carbon Monosulfide;0.0031088082901554403
17;13 Cyanomethyl;0.0031088082901554403
18;14 Methyl Acetylene;0.0031088082901554403
19;15 2-Butynenitrile;0.0031088082901554403
20;16 Methyl formate vt01;0.0031088082901554403
21;17 Ethyl Cyanide;0.0031088082901554403
22;18 gauche-Ethanol;0.0031088082901554403
23;19 Glycolaldehyde;0.0031088082901554403
24;20 Water;0.0031088082901554403
25;21 Hydrogen sulfide;0.0031088082901554403
26;22 Sulfur Monoxide ion;0.0031088082901554403
27;23 1,3-Butadiynyl radical;0.0031088082901554403
28;26 Trihydrogen ion;0.0031088082901554403
29;27 Methanimine;0.0031088082901554403
30;28 Nitrous Oxide;0.0031088082901554403
31;29 Propadienylidene;0.0031088082901554403
32;30 Ethylene Oxide;0.0031088082901554403
33;31 Ketenimine;0.0031088082901554403
34;32 2,4,6-Heptatriynenitrile;0.0031088082901554403
35;33 Aminoacetonitrile;0.0031088082901554403
36;34 Methanol;0.0031088082901554403
37;35 Ammonia;0.0031088082901554403
38;36 Formyl Radical;0.0031088082901554403
39;37 Methyl Cyanide;0.0031088082901554403
40;38 Molecular oxygen;0.0031088082901554403
41;39 Cyclopropenone;0.0031088082901554403
42;40 Carbonyl Sulfide;0.0031088082901554403
43;41 Acetaldehyde;0.0031088082901554403
44;42 Cyanomethylene;0.0031088082901554403
45;43 3-Thioxo-1,2-Propadieylidene;0.0031088082901554403
46;44 Formamide;0.0031088082901554403
47;45 Cyanobutadiyne;0.0031088082901554403
48;46 Sulfur Dioxide;0.0031088082901554403
49;47 Methyl isocyanide;0.0031088082901554403
50;48 Nitric sulfide;0.0031088082901554403
51;49 Methylene;0.0031088082901554403
52;50 Hydrochloric acid;0.0031088082901554403
53;51 Ethyne Isocyanide;0.0031088082901554403
54;52 Cyanide Radical;0.0031088082901554403
55;53 Nitric oxide;0.0031088082901554403
56;54 Cyanic acid;0.0031088082901554403
57;55 Formaldehyde;0.0031088082901554403
58;56 Sulfur Monoxide;0.0031088082901554403
59;58 Ethynyl;0.0031088082901554403
60;59 Ethylene Glycol;0.0031088082901554403
61;60 Hydrogen Cyanide;0.0031088082901554403
62;61 Fluoromethyliumylidene;0.0031088082901554403
63;62 Methylidyne;0.0031088082901554403
64;63 Thioxoethenylidene;0.0031088082901554403
65;64 Cyanomethanimine;0.0031088082901554403
66;65 Silicon Monoxide;0.0031088082901554403
67;66 Dimethyl ether;0.0031088082901554403
68;67 Acetone;0.0031088082901554403
69;68 Carbon Monoxide;0.0031088082901554403
70;69 Phosphorous nitride;0.0031088082901554403
71;70 Thioformaldehyde;0.0031088082901554403
72;71 Diazenylium;0.0031088082901554403
73;72 Cyanoformaldehyde;0.0031088082901554403
74;73 Isothiocyanic acid;0.0031088082901554403
75;74 Vinyl Alcohol;0.0031088082901554403
76;75 Hydrogen Isocyanide;0.0031088082901554403
77;76 Carbon Monosulfide;0.0031088082901554403
78;77 Methylamine;0.0031088082901554403
79;78 Protonated Carbon Dioxide;0.0031088082901554403
80;79 Formic Acid;0.0031088082901554403
81;80 Cyclopropenylidene;0.0031088082901554403
82;81 Cyanoacetylene;0.0031088082901554403
83;82 para-Oxidaniumyl;0.0031088082901554403
84;83 ortho-Oxidaniumyl;0.0031088082901554403
85;84 Nitrosyl hydride;0.0031088082901554403
