1;61 Fluoromethyliumylidene;0.35477386934673366
2;45 Cyanobutadiyne;0.14874371859296484
3;28 Nitrous Oxide;0.13366834170854272
4;75 Hydrogen Isocyanide;0.08844221105527639
5;8 Methyliumylidene;0.03316582914572864
6;0 Isocyanic Acid;0.003015075376884422
7;1 Propenal;0.003015075376884422
8;2 Ketene;0.003015075376884422
9;3 Oxonium hydride;0.003015075376884422
10;4 Thioformylium;0.003015075376884422
11;5 Vinyl Cyanide;0.003015075376884422
12;6 Methyl Formate;0.003015075376884422
13;7 Hydroxyl;0.003015075376884422
14;9 Iminomethylium;0.003015075376884422
15;10 Hydroxymethylium ion;0.003015075376884422
16;11 2-Propynal;0.003015075376884422
17;12 Carbon Monosulfide;0.003015075376884422
18;13 Cyanomethyl;0.003015075376884422
19;14 Methyl Acetylene;0.003015075376884422
20;15 2-Butynenitrile;0.003015075376884422
21;16 Methyl formate vt01;0.003015075376884422
22;17 Ethyl Cyanide;0.003015075376884422
23;18 gauche-Ethanol;0.003015075376884422
24;19 Glycolaldehyde;0.003015075376884422
25;20 Water;0.003015075376884422
26;21 Hydrogen sulfide;0.003015075376884422
27;22 Sulfur Monoxide ion;0.003015075376884422
28;23 1,3-Butadiynyl radical;0.003015075376884422
29;24 Formylium;0.003015075376884422
30;25 Fulminic acid;0.003015075376884422
31;26 Trihydrogen ion;0.003015075376884422
32;27 Methanimine;0.003015075376884422
33;29 Propadienylidene;0.003015075376884422
34;30 Ethylene Oxide;0.003015075376884422
35;31 Ketenimine;0.003015075376884422
36;32 2,4,6-Heptatriynenitrile;0.003015075376884422
37;33 Aminoacetonitrile;0.003015075376884422
38;34 Methanol;0.003015075376884422
39;35 Ammonia;0.003015075376884422
40;36 Formyl Radical;0.003015075376884422
41;37 Methyl Cyanide;0.003015075376884422
42;38 Molecular oxygen;0.003015075376884422
43;39 Cyclopropenone;0.003015075376884422
44;40 Carbonyl Sulfide;0.003015075376884422
45;41 Acetaldehyde;0.003015075376884422
46;42 Cyanomethylene;0.003015075376884422
47;43 3-Thioxo-1,2-Propadieylidene;0.003015075376884422
48;44 Formamide;0.003015075376884422
49;46 Sulfur Dioxide;0.003015075376884422
50;47 Methyl isocyanide;0.003015075376884422
51;48 Nitric sulfide;0.003015075376884422
52;49 Methylene;0.003015075376884422
53;50 Hydrochloric acid;0.003015075376884422
54;51 Ethyne Isocyanide;0.003015075376884422
55;52 Cyanide Radical;0.003015075376884422
56;53 Nitric oxide;0.003015075376884422
57;54 Cyanic acid;0.003015075376884422
58;55 Formaldehyde;0.003015075376884422
59;56 Sulfur Monoxide;0.003015075376884422
60;57 Protonate 2-proynenitrile;0.003015075376884422
61;58 Ethynyl;0.003015075376884422
62;59 Ethylene Glycol;0.003015075376884422
63;60 Hydrogen Cyanide;0.003015075376884422
64;62 Methylidyne;0.003015075376884422
65;63 Thioxoethenylidene;0.003015075376884422
66;64 Cyanomethanimine;0.003015075376884422
67;65 Silicon Monoxide;0.003015075376884422
68;66 Dimethyl ether;0.003015075376884422
69;67 Acetone;0.003015075376884422
70;68 Carbon Monoxide;0.003015075376884422
71;69 Phosphorous nitride;0.003015075376884422
72;70 Thioformaldehyde;0.003015075376884422
73;71 Diazenylium;0.003015075376884422
74;72 Cyanoformaldehyde;0.003015075376884422
75;73 Isothiocyanic acid;0.003015075376884422
76;74 Vinyl Alcohol;0.003015075376884422
77;76 Carbon Monosulfide;0.003015075376884422
78;77 Methylamine;0.003015075376884422
79;78 Protonated Carbon Dioxide;0.003015075376884422
80;79 Formic Acid;0.003015075376884422
81;80 Cyclopropenylidene;0.003015075376884422
82;81 Cyanoacetylene;0.003015075376884422
83;82 para-Oxidaniumyl;0.003015075376884422
84;83 ortho-Oxidaniumyl;0.003015075376884422
85;84 Nitrosyl hydride;0.003015075376884422
