1;40 Carbonyl Sulfide;0.6715025906735751
2;74 Vinyl Alcohol;0.018652849740932644
3;3 Oxonium hydride;0.008290155440414507
4;15 2-Butynenitrile;0.008290155440414507
5;16 Methyl formate vt01;0.008290155440414507
6;21 Hydrogen sulfide;0.008290155440414507
7;32 2,4,6-Heptatriynenitrile;0.008290155440414507
8;43 3-Thioxo-1,2-Propadieylidene;0.008290155440414507
9;44 Formamide;0.008290155440414507
10;51 Ethyne Isocyanide;0.008290155440414507
11;72 Cyanoformaldehyde;0.008290155440414507
12;83 ortho-Oxidaniumyl;0.008290155440414507
13;0 Isocyanic Acid;0.0031088082901554403
14;1 Propenal;0.0031088082901554403
15;2 Ketene;0.0031088082901554403
16;4 Thioformylium;0.0031088082901554403
17;5 Vinyl Cyanide;0.0031088082901554403
18;6 Methyl Formate;0.0031088082901554403
19;7 Hydroxyl;0.0031088082901554403
20;8 Methyliumylidene;0.0031088082901554403
21;9 Iminomethylium;0.0031088082901554403
22;10 Hydroxymethylium ion;0.0031088082901554403
23;11 2-Propynal;0.0031088082901554403
24;12 Carbon Monosulfide;0.0031088082901554403
25;13 Cyanomethyl;0.0031088082901554403
26;14 Methyl Acetylene;0.0031088082901554403
27;17 Ethyl Cyanide;0.0031088082901554403
28;18 gauche-Ethanol;0.0031088082901554403
29;19 Glycolaldehyde;0.0031088082901554403
30;20 Water;0.0031088082901554403
31;22 Sulfur Monoxide ion;0.0031088082901554403
32;23 1,3-Butadiynyl radical;0.0031088082901554403
33;24 Formylium;0.0031088082901554403
34;25 Fulminic acid;0.0031088082901554403
35;26 Trihydrogen ion;0.0031088082901554403
36;27 Methanimine;0.0031088082901554403
37;28 Nitrous Oxide;0.0031088082901554403
38;29 Propadienylidene;0.0031088082901554403
39;30 Ethylene Oxide;0.0031088082901554403
40;31 Ketenimine;0.0031088082901554403
41;33 Aminoacetonitrile;0.0031088082901554403
42;34 Methanol;0.0031088082901554403
43;35 Ammonia;0.0031088082901554403
44;36 Formyl Radical;0.0031088082901554403
45;37 Methyl Cyanide;0.0031088082901554403
46;38 Molecular oxygen;0.0031088082901554403
47;39 Cyclopropenone;0.0031088082901554403
48;41 Acetaldehyde;0.0031088082901554403
49;42 Cyanomethylene;0.0031088082901554403
50;45 Cyanobutadiyne;0.0031088082901554403
51;46 Sulfur Dioxide;0.0031088082901554403
52;47 Methyl isocyanide;0.0031088082901554403
53;48 Nitric sulfide;0.0031088082901554403
54;49 Methylene;0.0031088082901554403
55;50 Hydrochloric acid;0.0031088082901554403
56;52 Cyanide Radical;0.0031088082901554403
57;53 Nitric oxide;0.0031088082901554403
58;54 Cyanic acid;0.0031088082901554403
59;55 Formaldehyde;0.0031088082901554403
60;56 Sulfur Monoxide;0.0031088082901554403
61;57 Protonate 2-proynenitrile;0.0031088082901554403
62;58 Ethynyl;0.0031088082901554403
63;59 Ethylene Glycol;0.0031088082901554403
64;60 Hydrogen Cyanide;0.0031088082901554403
65;61 Fluoromethyliumylidene;0.0031088082901554403
66;62 Methylidyne;0.0031088082901554403
67;63 Thioxoethenylidene;0.0031088082901554403
68;64 Cyanomethanimine;0.0031088082901554403
69;65 Silicon Monoxide;0.0031088082901554403
70;66 Dimethyl ether;0.0031088082901554403
71;67 Acetone;0.0031088082901554403
72;68 Carbon Monoxide;0.0031088082901554403
73;69 Phosphorous nitride;0.0031088082901554403
74;70 Thioformaldehyde;0.0031088082901554403
75;71 Diazenylium;0.0031088082901554403
76;73 Isothiocyanic acid;0.0031088082901554403
77;75 Hydrogen Isocyanide;0.0031088082901554403
78;76 Carbon Monosulfide;0.0031088082901554403
79;77 Methylamine;0.0031088082901554403
80;78 Protonated Carbon Dioxide;0.0031088082901554403
81;79 Formic Acid;0.0031088082901554403
82;80 Cyclopropenylidene;0.0031088082901554403
83;81 Cyanoacetylene;0.0031088082901554403
84;82 para-Oxidaniumyl;0.0031088082901554403
85;84 Nitrosyl hydride;0.0031088082901554403
