1;4 Thioformylium;0.738860103626943
2;0 Isocyanic Acid;0.0031088082901554403
3;1 Propenal;0.0031088082901554403
4;2 Ketene;0.0031088082901554403
5;3 Oxonium hydride;0.0031088082901554403
6;5 Vinyl Cyanide;0.0031088082901554403
7;6 Methyl Formate;0.0031088082901554403
8;7 Hydroxyl;0.0031088082901554403
9;8 Methyliumylidene;0.0031088082901554403
10;9 Iminomethylium;0.0031088082901554403
11;10 Hydroxymethylium ion;0.0031088082901554403
12;11 2-Propynal;0.0031088082901554403
13;12 Carbon Monosulfide;0.0031088082901554403
14;13 Cyanomethyl;0.0031088082901554403
15;14 Methyl Acetylene;0.0031088082901554403
16;15 2-Butynenitrile;0.0031088082901554403
17;16 Methyl formate vt01;0.0031088082901554403
18;17 Ethyl Cyanide;0.0031088082901554403
19;18 gauche-Ethanol;0.0031088082901554403
20;19 Glycolaldehyde;0.0031088082901554403
21;20 Water;0.0031088082901554403
22;21 Hydrogen sulfide;0.0031088082901554403
23;22 Sulfur Monoxide ion;0.0031088082901554403
24;23 1,3-Butadiynyl radical;0.0031088082901554403
25;24 Formylium;0.0031088082901554403
26;25 Fulminic acid;0.0031088082901554403
27;26 Trihydrogen ion;0.0031088082901554403
28;27 Methanimine;0.0031088082901554403
29;28 Nitrous Oxide;0.0031088082901554403
30;29 Propadienylidene;0.0031088082901554403
31;30 Ethylene Oxide;0.0031088082901554403
32;31 Ketenimine;0.0031088082901554403
33;32 2,4,6-Heptatriynenitrile;0.0031088082901554403
34;33 Aminoacetonitrile;0.0031088082901554403
35;34 Methanol;0.0031088082901554403
36;35 Ammonia;0.0031088082901554403
37;36 Formyl Radical;0.0031088082901554403
38;37 Methyl Cyanide;0.0031088082901554403
39;38 Molecular oxygen;0.0031088082901554403
40;39 Cyclopropenone;0.0031088082901554403
41;40 Carbonyl Sulfide;0.0031088082901554403
42;41 Acetaldehyde;0.0031088082901554403
43;42 Cyanomethylene;0.0031088082901554403
44;43 3-Thioxo-1,2-Propadieylidene;0.0031088082901554403
45;44 Formamide;0.0031088082901554403
46;45 Cyanobutadiyne;0.0031088082901554403
47;46 Sulfur Dioxide;0.0031088082901554403
48;47 Methyl isocyanide;0.0031088082901554403
49;48 Nitric sulfide;0.0031088082901554403
50;49 Methylene;0.0031088082901554403
51;50 Hydrochloric acid;0.0031088082901554403
52;51 Ethyne Isocyanide;0.0031088082901554403
53;52 Cyanide Radical;0.0031088082901554403
54;53 Nitric oxide;0.0031088082901554403
55;54 Cyanic acid;0.0031088082901554403
56;55 Formaldehyde;0.0031088082901554403
57;56 Sulfur Monoxide;0.0031088082901554403
58;57 Protonate 2-proynenitrile;0.0031088082901554403
59;58 Ethynyl;0.0031088082901554403
60;59 Ethylene Glycol;0.0031088082901554403
61;60 Hydrogen Cyanide;0.0031088082901554403
62;61 Fluoromethyliumylidene;0.0031088082901554403
63;62 Methylidyne;0.0031088082901554403
64;63 Thioxoethenylidene;0.0031088082901554403
65;64 Cyanomethanimine;0.0031088082901554403
66;65 Silicon Monoxide;0.0031088082901554403
67;66 Dimethyl ether;0.0031088082901554403
68;67 Acetone;0.0031088082901554403
69;68 Carbon Monoxide;0.0031088082901554403
70;69 Phosphorous nitride;0.0031088082901554403
71;70 Thioformaldehyde;0.0031088082901554403
72;71 Diazenylium;0.0031088082901554403
73;72 Cyanoformaldehyde;0.0031088082901554403
74;73 Isothiocyanic acid;0.0031088082901554403
75;74 Vinyl Alcohol;0.0031088082901554403
76;75 Hydrogen Isocyanide;0.0031088082901554403
77;76 Carbon Monosulfide;0.0031088082901554403
78;77 Methylamine;0.0031088082901554403
79;78 Protonated Carbon Dioxide;0.0031088082901554403
80;79 Formic Acid;0.0031088082901554403
81;80 Cyclopropenylidene;0.0031088082901554403
82;81 Cyanoacetylene;0.0031088082901554403
83;82 para-Oxidaniumyl;0.0031088082901554403
84;83 ortho-Oxidaniumyl;0.0031088082901554403
85;84 Nitrosyl hydride;0.0031088082901554403
