1;4 Thioformylium;0.7467336683417085
2;0 Isocyanic Acid;0.003015075376884422
3;1 Propenal;0.003015075376884422
4;2 Ketene;0.003015075376884422
5;3 Oxonium hydride;0.003015075376884422
6;5 Vinyl Cyanide;0.003015075376884422
7;6 Methyl Formate;0.003015075376884422
8;7 Hydroxyl;0.003015075376884422
9;8 Methyliumylidene;0.003015075376884422
10;9 Iminomethylium;0.003015075376884422
11;10 Hydroxymethylium ion;0.003015075376884422
12;11 2-Propynal;0.003015075376884422
13;12 Carbon Monosulfide;0.003015075376884422
14;13 Cyanomethyl;0.003015075376884422
15;14 Methyl Acetylene;0.003015075376884422
16;15 2-Butynenitrile;0.003015075376884422
17;16 Methyl formate vt01;0.003015075376884422
18;17 Ethyl Cyanide;0.003015075376884422
19;18 gauche-Ethanol;0.003015075376884422
20;19 Glycolaldehyde;0.003015075376884422
21;20 Water;0.003015075376884422
22;21 Hydrogen sulfide;0.003015075376884422
23;22 Sulfur Monoxide ion;0.003015075376884422
24;23 1,3-Butadiynyl radical;0.003015075376884422
25;24 Formylium;0.003015075376884422
26;25 Fulminic acid;0.003015075376884422
27;26 Trihydrogen ion;0.003015075376884422
28;27 Methanimine;0.003015075376884422
29;28 Nitrous Oxide;0.003015075376884422
30;29 Propadienylidene;0.003015075376884422
31;30 Ethylene Oxide;0.003015075376884422
32;31 Ketenimine;0.003015075376884422
33;32 2,4,6-Heptatriynenitrile;0.003015075376884422
34;33 Aminoacetonitrile;0.003015075376884422
35;34 Methanol;0.003015075376884422
36;35 Ammonia;0.003015075376884422
37;36 Formyl Radical;0.003015075376884422
38;37 Methyl Cyanide;0.003015075376884422
39;38 Molecular oxygen;0.003015075376884422
40;39 Cyclopropenone;0.003015075376884422
41;40 Carbonyl Sulfide;0.003015075376884422
42;41 Acetaldehyde;0.003015075376884422
43;42 Cyanomethylene;0.003015075376884422
44;43 3-Thioxo-1,2-Propadieylidene;0.003015075376884422
45;44 Formamide;0.003015075376884422
46;45 Cyanobutadiyne;0.003015075376884422
47;46 Sulfur Dioxide;0.003015075376884422
48;47 Methyl isocyanide;0.003015075376884422
49;48 Nitric sulfide;0.003015075376884422
50;49 Methylene;0.003015075376884422
51;50 Hydrochloric acid;0.003015075376884422
52;51 Ethyne Isocyanide;0.003015075376884422
53;52 Cyanide Radical;0.003015075376884422
54;53 Nitric oxide;0.003015075376884422
55;54 Cyanic acid;0.003015075376884422
56;55 Formaldehyde;0.003015075376884422
57;56 Sulfur Monoxide;0.003015075376884422
58;57 Protonate 2-proynenitrile;0.003015075376884422
59;58 Ethynyl;0.003015075376884422
60;59 Ethylene Glycol;0.003015075376884422
61;60 Hydrogen Cyanide;0.003015075376884422
62;61 Fluoromethyliumylidene;0.003015075376884422
63;62 Methylidyne;0.003015075376884422
64;63 Thioxoethenylidene;0.003015075376884422
65;64 Cyanomethanimine;0.003015075376884422
66;65 Silicon Monoxide;0.003015075376884422
67;66 Dimethyl ether;0.003015075376884422
68;67 Acetone;0.003015075376884422
69;68 Carbon Monoxide;0.003015075376884422
70;69 Phosphorous nitride;0.003015075376884422
71;70 Thioformaldehyde;0.003015075376884422
72;71 Diazenylium;0.003015075376884422
73;72 Cyanoformaldehyde;0.003015075376884422
74;73 Isothiocyanic acid;0.003015075376884422
75;74 Vinyl Alcohol;0.003015075376884422
76;75 Hydrogen Isocyanide;0.003015075376884422
77;76 Carbon Monosulfide;0.003015075376884422
78;77 Methylamine;0.003015075376884422
79;78 Protonated Carbon Dioxide;0.003015075376884422
80;79 Formic Acid;0.003015075376884422
81;80 Cyclopropenylidene;0.003015075376884422
82;81 Cyanoacetylene;0.003015075376884422
83;82 para-Oxidaniumyl;0.003015075376884422
84;83 ortho-Oxidaniumyl;0.003015075376884422
85;84 Nitrosyl hydride;0.003015075376884422
