1;28 Nitrous Oxide;0.9365967365967366
2;55 Formaldehyde;0.0030303030303030303
3;29 Propadienylidene;0.0018648018648018648
4;78 Protonated Carbon Dioxide;0.0018648018648018648
5;0 Isocyanic Acid;0.0006993006993006993
6;1 Propenal;0.0006993006993006993
7;2 Ketene;0.0006993006993006993
8;3 Oxonium hydride;0.0006993006993006993
9;4 Thioformylium;0.0006993006993006993
10;5 Vinyl Cyanide;0.0006993006993006993
11;6 Methyl Formate;0.0006993006993006993
12;7 Hydroxyl;0.0006993006993006993
13;8 Methyliumylidene;0.0006993006993006993
14;9 Iminomethylium;0.0006993006993006993
15;10 Hydroxymethylium ion;0.0006993006993006993
16;11 2-Propynal;0.0006993006993006993
17;12 Carbon Monosulfide;0.0006993006993006993
18;13 Cyanomethyl;0.0006993006993006993
19;14 Methyl Acetylene;0.0006993006993006993
20;15 2-Butynenitrile;0.0006993006993006993
21;16 Methyl formate vt01;0.0006993006993006993
22;17 Ethyl Cyanide;0.0006993006993006993
23;18 gauche-Ethanol;0.0006993006993006993
24;19 Glycolaldehyde;0.0006993006993006993
25;20 Water;0.0006993006993006993
26;21 Hydrogen sulfide;0.0006993006993006993
27;22 Sulfur Monoxide ion;0.0006993006993006993
28;23 1,3-Butadiynyl radical;0.0006993006993006993
29;24 Formylium;0.0006993006993006993
30;25 Fulminic acid;0.0006993006993006993
31;26 Trihydrogen ion;0.0006993006993006993
32;27 Methanimine;0.0006993006993006993
33;30 Ethylene Oxide;0.0006993006993006993
34;31 Ketenimine;0.0006993006993006993
35;32 2,4,6-Heptatriynenitrile;0.0006993006993006993
36;33 Aminoacetonitrile;0.0006993006993006993
37;34 Methanol;0.0006993006993006993
38;35 Ammonia;0.0006993006993006993
39;36 Formyl Radical;0.0006993006993006993
40;37 Methyl Cyanide;0.0006993006993006993
41;38 Molecular oxygen;0.0006993006993006993
42;39 Cyclopropenone;0.0006993006993006993
43;40 Carbonyl Sulfide;0.0006993006993006993
44;41 Acetaldehyde;0.0006993006993006993
45;42 Cyanomethylene;0.0006993006993006993
46;43 3-Thioxo-1,2-Propadieylidene;0.0006993006993006993
47;44 Formamide;0.0006993006993006993
48;45 Cyanobutadiyne;0.0006993006993006993
49;46 Sulfur Dioxide;0.0006993006993006993
50;47 Methyl isocyanide;0.0006993006993006993
51;48 Nitric sulfide;0.0006993006993006993
52;49 Methylene;0.0006993006993006993
53;50 Hydrochloric acid;0.0006993006993006993
54;51 Ethyne Isocyanide;0.0006993006993006993
55;52 Cyanide Radical;0.0006993006993006993
56;53 Nitric oxide;0.0006993006993006993
57;54 Cyanic acid;0.0006993006993006993
58;56 Sulfur Monoxide;0.0006993006993006993
59;57 Protonate 2-proynenitrile;0.0006993006993006993
60;58 Ethynyl;0.0006993006993006993
61;59 Ethylene Glycol;0.0006993006993006993
62;60 Hydrogen Cyanide;0.0006993006993006993
63;61 Fluoromethyliumylidene;0.0006993006993006993
64;62 Methylidyne;0.0006993006993006993
65;63 Thioxoethenylidene;0.0006993006993006993
66;64 Cyanomethanimine;0.0006993006993006993
67;65 Silicon Monoxide;0.0006993006993006993
68;66 Dimethyl ether;0.0006993006993006993
69;67 Acetone;0.0006993006993006993
70;68 Carbon Monoxide;0.0006993006993006993
71;69 Phosphorous nitride;0.0006993006993006993
72;70 Thioformaldehyde;0.0006993006993006993
73;71 Diazenylium;0.0006993006993006993
74;72 Cyanoformaldehyde;0.0006993006993006993
75;73 Isothiocyanic acid;0.0006993006993006993
76;74 Vinyl Alcohol;0.0006993006993006993
77;75 Hydrogen Isocyanide;0.0006993006993006993
78;76 Carbon Monosulfide;0.0006993006993006993
79;77 Methylamine;0.0006993006993006993
80;79 Formic Acid;0.0006993006993006993
81;80 Cyclopropenylidene;0.0006993006993006993
82;81 Cyanoacetylene;0.0006993006993006993
83;82 para-Oxidaniumyl;0.0006993006993006993
84;83 ortho-Oxidaniumyl;0.0006993006993006993
85;84 Nitrosyl hydride;0.0006993006993006993
