1;91 Hydrogen Isocyanide;0.3377638780297107
2;99 Magnesium hydride isocyanide;0.2947615324472244
3;83 Silicon Monocarbide;0.07193119624706801
4;65 Magnesium Isocyanide;0.04847537138389366
5;95 Cyanide anion;0.03674745895230649
6;52 Ketenimine;0.02501954652071931
7;8 para-Oxidaniumyl;0.009382329945269741
8;49 Water;0.005473025801407349
9;0 Dimethyl ether;0.001563721657544957
10;1 Butatrienylidene;0.001563721657544957
11;2 Trihydrogen ion;0.001563721657544957
12;3 Nitrous Oxide;0.001563721657544957
13;4 Methyl Acetylene;0.001563721657544957
14;5 Ethylene Glycol;0.001563721657544957
15;6 Methyl Cyanide;0.001563721657544957
16;7 Thioformylium;0.001563721657544957
17;9 Hydrogen Cyanide;0.001563721657544957
18;10 Titanium monoxide;0.001563721657544957
19;11 Cyanide Radical;0.001563721657544957
20;12 Formic Acid;0.001563721657544957
21;13 Nitric sulfide;0.001563721657544957
22;14 Iminomethylium;0.001563721657544957
23;15 Aluminum monoxide;0.001563721657544957
24;16 Methyl isocyanate;0.001563721657544957
25;17 Nitrosyl hydride;0.001563721657544957
26;18 Propynylidynium;0.001563721657544957
27;19 Magnesium Cyanide;0.001563721657544957
28;20 Diazenylium;0.001563721657544957
29;21 Methylamine;0.001563721657544957
30;22 Chloronium;0.001563721657544957
31;23 Silicon monosulfide;0.001563721657544957
32;24 Phosphorus Monoxide;0.001563721657544957
33;25 Cyclopropenone;0.001563721657544957
34;26 Carbon Monoxide Ion;0.001563721657544957
35;27 Sodium Cyanide;0.001563721657544957
36;28 Nitric oxide;0.001563721657544957
37;29 Silicon Cyanide;0.001563721657544957
38;30 Ethyne Isocyanide;0.001563721657544957
39;31 Sodium Chloride;0.001563721657544957
40;32 Cyanoacetylene;0.001563721657544957
41;33 Sulfur Monoxide;0.001563721657544957
42;34 Aluminum Isocyanitrile;0.001563721657544957
43;35 Cyanobutadiyne;0.001563721657544957
44;36 Silicon Mononitride;0.001563721657544957
45;37 Carbon Monoxide;0.001563721657544957
46;38 Propadienylidene;0.001563721657544957
47;39 Methanimine;0.001563721657544957
48;40 Aluminum Monofluoride;0.001563721657544957
49;41 Formamide;0.001563721657544957
50;42 Aminoacetonitrile;0.001563721657544957
51;43 Ammonia;0.001563721657544957
52;44 gauche-Ethanol;0.001563721657544957
53;45 Protonate 2-proynenitrile;0.001563721657544957
54;46 Carbonyl Sulfide;0.001563721657544957
55;47 Thioxoethenylidene;0.001563721657544957
56;48 Ethyl cyanide;0.001563721657544957
57;50 Methyl Formate;0.001563721657544957
58;51 Acetaldehyde;0.001563721657544957
59;53 Propenal;0.001563721657544957
60;54 Methyl isocyanide;0.001563721657544957
61;55 iso-propyl cyanide;0.001563721657544957
62;56 Hydrogen cyanide;0.001563721657544957
63;57 Protonated Carbon Dioxide;0.001563721657544957
64;58 Methylidyne;0.001563721657544957
65;59 Ketene;0.001563721657544957
66;60 Silicon Monoxide;0.001563721657544957
67;61 Acetone;0.001563721657544957
68;62 Vinyl Cyanide;0.001563721657544957
69;63 Silicon monoxide (global fit);0.001563721657544957
70;64 Cyclopropenylidene;0.001563721657544957
71;66 Cyanobutadiynylide anion;0.001563721657544957
72;67 Formaldehyde;0.001563721657544957
73;68 Carbon Monosulfide;0.001563721657544957
74;69 Fulminic acid;0.001563721657544957
75;70 trans-Ethanol;0.001563721657544957
76;71 Silicon Carbide;0.001563721657544957
77;72 Formylium;0.001563721657544957
78;73 Ethylene Oxide;0.001563721657544957
79;74 Sulfur dioxide;0.001563721657544957
80;75 Carbon Monophosphide;0.001563721657544957
81;76 Sulfur Monoxide ion;0.001563721657544957
82;77 Methanol;0.001563721657544957
83;78 Sulfur Dioxide;0.001563721657544957
84;79 Cyanoformaldehyde;0.001563721657544957
85;80 Isocyanic Acid;0.001563721657544957
86;81 Silicon Isocyanide;0.001563721657544957
87;82 Methylene amidogen;0.001563721657544957
88;84 Phosphaethyne;0.001563721657544957
89;85 Aluminum Monochloride;0.001563721657544957
90;86 Cyanoallene;0.001563721657544957
91;87 Methyl diacetylene;0.001563721657544957
92;88 Cyanomethylene;0.001563721657544957
93;89 Phosphapropynylidyne;0.001563721657544957
94;90 Cyanomethyl;0.001563721657544957
95;92 Hydrogen sulfide;0.001563721657544957
96;93 Hydroxyl;0.001563721657544957
97;94 Glycolaldehyde;0.001563721657544957
98;96 2-Propynal;0.001563721657544957
99;97 Ethynyl;0.001563721657544957
100;98 Phosphorous nitride;0.001563721657544957
101;100 Potassium chloride;0.001563721657544957
102;101 Silicon tetracarbide;0.001563721657544957
103;102 Ethyl Cyanide;0.001563721657544957
104;103 Cyanamide;0.001563721657544957
105;104 Amidogen;0.001563721657544957
106;105 Hydroxymethylidyne;0.001563721657544957
107;106 Formyl Radical;0.001563721657544957
108;107 Vinyl Alcohol;0.001563721657544957
109;108 ortho-Oxidaniumyl;0.001563721657544957
110;109 Cyanoethynylide ion;0.001563721657544957
111;110 Oxoethenylidene;0.001563721657544957
112;111 2-Butynenitrile;0.001563721657544957
113;112 Cyanoethynyl;0.001563721657544957
114;113 Hydroxymethylium ion;0.001563721657544957
115;114 Thioformaldehyde;0.001563721657544957
116;115 Isothiocyanic acid;0.001563721657544957
117;116 Cyanic acid;0.001563721657544957
