1;93 Hydroxyl;0.920656634746922
2;0 Dimethyl ether;0.0006839945280437757
3;1 Butatrienylidene;0.0006839945280437757
4;2 Trihydrogen ion;0.0006839945280437757
5;3 Nitrous Oxide;0.0006839945280437757
6;4 Methyl Acetylene;0.0006839945280437757
7;5 Ethylene Glycol;0.0006839945280437757
8;6 Methyl Cyanide;0.0006839945280437757
9;7 Thioformylium;0.0006839945280437757
10;8 para-Oxidaniumyl;0.0006839945280437757
11;9 Hydrogen Cyanide;0.0006839945280437757
12;10 Titanium monoxide;0.0006839945280437757
13;11 Cyanide Radical;0.0006839945280437757
14;12 Formic Acid;0.0006839945280437757
15;13 Nitric sulfide;0.0006839945280437757
16;14 Iminomethylium;0.0006839945280437757
17;15 Aluminum monoxide;0.0006839945280437757
18;16 Methyl isocyanate;0.0006839945280437757
19;17 Nitrosyl hydride;0.0006839945280437757
20;18 Propynylidynium;0.0006839945280437757
21;19 Magnesium Cyanide;0.0006839945280437757
22;20 Diazenylium;0.0006839945280437757
23;21 Methylamine;0.0006839945280437757
24;22 Chloronium;0.0006839945280437757
25;23 Silicon monosulfide;0.0006839945280437757
26;24 Phosphorus Monoxide;0.0006839945280437757
27;25 Cyclopropenone;0.0006839945280437757
28;26 Carbon Monoxide Ion;0.0006839945280437757
29;27 Sodium Cyanide;0.0006839945280437757
30;28 Nitric oxide;0.0006839945280437757
31;29 Silicon Cyanide;0.0006839945280437757
32;30 Ethyne Isocyanide;0.0006839945280437757
33;31 Sodium Chloride;0.0006839945280437757
34;32 Cyanoacetylene;0.0006839945280437757
35;33 Sulfur Monoxide;0.0006839945280437757
36;34 Aluminum Isocyanitrile;0.0006839945280437757
37;35 Cyanobutadiyne;0.0006839945280437757
38;36 Silicon Mononitride;0.0006839945280437757
39;37 Carbon Monoxide;0.0006839945280437757
40;38 Propadienylidene;0.0006839945280437757
41;39 Methanimine;0.0006839945280437757
42;40 Aluminum Monofluoride;0.0006839945280437757
43;41 Formamide;0.0006839945280437757
44;42 Aminoacetonitrile;0.0006839945280437757
45;43 Ammonia;0.0006839945280437757
46;44 gauche-Ethanol;0.0006839945280437757
47;45 Protonate 2-proynenitrile;0.0006839945280437757
48;46 Carbonyl Sulfide;0.0006839945280437757
49;47 Thioxoethenylidene;0.0006839945280437757
50;48 Ethyl cyanide;0.0006839945280437757
51;49 Water;0.0006839945280437757
52;50 Methyl Formate;0.0006839945280437757
53;51 Acetaldehyde;0.0006839945280437757
54;52 Ketenimine;0.0006839945280437757
55;53 Propenal;0.0006839945280437757
56;54 Methyl isocyanide;0.0006839945280437757
57;55 iso-propyl cyanide;0.0006839945280437757
58;56 Hydrogen cyanide;0.0006839945280437757
59;57 Protonated Carbon Dioxide;0.0006839945280437757
60;58 Methylidyne;0.0006839945280437757
61;59 Ketene;0.0006839945280437757
62;60 Silicon Monoxide;0.0006839945280437757
63;61 Acetone;0.0006839945280437757
64;62 Vinyl Cyanide;0.0006839945280437757
65;63 Silicon monoxide (global fit);0.0006839945280437757
66;64 Cyclopropenylidene;0.0006839945280437757
67;65 Magnesium Isocyanide;0.0006839945280437757
68;66 Cyanobutadiynylide anion;0.0006839945280437757
69;67 Formaldehyde;0.0006839945280437757
70;68 Carbon Monosulfide;0.0006839945280437757
71;69 Fulminic acid;0.0006839945280437757
72;70 trans-Ethanol;0.0006839945280437757
73;71 Silicon Carbide;0.0006839945280437757
74;72 Formylium;0.0006839945280437757
75;73 Ethylene Oxide;0.0006839945280437757
76;74 Sulfur dioxide;0.0006839945280437757
77;75 Carbon Monophosphide;0.0006839945280437757
78;76 Sulfur Monoxide ion;0.0006839945280437757
79;77 Methanol;0.0006839945280437757
80;78 Sulfur Dioxide;0.0006839945280437757
81;79 Cyanoformaldehyde;0.0006839945280437757
82;80 Isocyanic Acid;0.0006839945280437757
83;81 Silicon Isocyanide;0.0006839945280437757
84;82 Methylene amidogen;0.0006839945280437757
85;83 Silicon Monocarbide;0.0006839945280437757
86;84 Phosphaethyne;0.0006839945280437757
87;85 Aluminum Monochloride;0.0006839945280437757
88;86 Cyanoallene;0.0006839945280437757
89;87 Methyl diacetylene;0.0006839945280437757
90;88 Cyanomethylene;0.0006839945280437757
91;89 Phosphapropynylidyne;0.0006839945280437757
92;90 Cyanomethyl;0.0006839945280437757
93;91 Hydrogen Isocyanide;0.0006839945280437757
94;92 Hydrogen sulfide;0.0006839945280437757
95;94 Glycolaldehyde;0.0006839945280437757
96;95 Cyanide anion;0.0006839945280437757
97;96 2-Propynal;0.0006839945280437757
98;97 Ethynyl;0.0006839945280437757
99;98 Phosphorous nitride;0.0006839945280437757
100;99 Magnesium hydride isocyanide;0.0006839945280437757
101;100 Potassium chloride;0.0006839945280437757
102;101 Silicon tetracarbide;0.0006839945280437757
103;102 Ethyl Cyanide;0.0006839945280437757
104;103 Cyanamide;0.0006839945280437757
105;104 Amidogen;0.0006839945280437757
106;105 Hydroxymethylidyne;0.0006839945280437757
107;106 Formyl Radical;0.0006839945280437757
108;107 Vinyl Alcohol;0.0006839945280437757
109;108 ortho-Oxidaniumyl;0.0006839945280437757
110;109 Cyanoethynylide ion;0.0006839945280437757
111;110 Oxoethenylidene;0.0006839945280437757
112;111 2-Butynenitrile;0.0006839945280437757
113;112 Cyanoethynyl;0.0006839945280437757
114;113 Hydroxymethylium ion;0.0006839945280437757
115;114 Thioformaldehyde;0.0006839945280437757
116;115 Isothiocyanic acid;0.0006839945280437757
117;116 Cyanic acid;0.0006839945280437757
