1;19 Hydrogen Cyanide;0.296551724137931
2;9 Carbon Monoxide;0.04827586206896552
3;0 Methanol;0.034482758620689655
4;1 Hydrogen fluoride;0.034482758620689655
5;2 Nitric oxide;0.034482758620689655
6;3 Formylium;0.034482758620689655
7;4 Sodium Chloride;0.034482758620689655
8;5 Sulfur dioxide;0.034482758620689655
9;6 para-Oxidaniumyl;0.034482758620689655
10;7 Sulfur Monoxide;0.034482758620689655
11;8 Butatrienylidene;0.034482758620689655
12;10 Nitrous Oxide;0.034482758620689655
13;11 Cyanoacetylene;0.034482758620689655
14;12 Carbonyl Sulfide;0.034482758620689655
15;13 Molecular oxygen;0.034482758620689655
16;14 ortho-Oxidaniumyl;0.034482758620689655
17;15 Water;0.034482758620689655
18;16 Iminomethylium;0.034482758620689655
19;17 Hydrochloric acid;0.034482758620689655
20;18 Acetylene;0.034482758620689655
