1;41 Thioxoethenylidene;0.2481296758104738
2;26 1,3,5,7-Octatetraynyl anion;0.048628428927680795
3;9 Ethyl Cyanide;0.03615960099750623
4;5 Methyliumylidene;0.02369077306733167
5;13 Hydrogen sulfide;0.02369077306733167
6;16 2,4,6,8-Nonatetraynenitrile;0.02369077306733167
7;33 Cyanide Radical;0.02369077306733167
8;0 Ketene;0.011221945137157107
9;1 1,3,5-Hexatriynyl;0.011221945137157107
10;2 Oxonium hydride;0.011221945137157107
11;3 Vinyl Cyanide;0.011221945137157107
12;4 Hydroxyl;0.011221945137157107
13;6 Carbon Monosulfide;0.011221945137157107
14;7 Cyanomethyl;0.011221945137157107
15;8 Methyl Acetylene;0.011221945137157107
16;10 2,4-Pentadiynylidyne;0.011221945137157107
17;11 4-Cyano-1,3-Butadiynyl;0.011221945137157107
18;12 Water;0.011221945137157107
19;14 Methylene amidogen;0.011221945137157107
20;15 1,3-Butadiynyl radical;0.011221945137157107
21;17 Formylium;0.011221945137157107
22;18 Cyanoallene;0.011221945137157107
23;19 Trihydrogen ion;0.011221945137157107
24;20 Methylcyanodiacetylene;0.011221945137157107
25;21 2,4,6-Heptatriynenitrile;0.011221945137157107
26;22 Methanol;0.011221945137157107
27;23 Ammonia;0.011221945137157107
28;24 Methyl Cyanide;0.011221945137157107
29;25 1,3,5-Hexatriynyl anion;0.011221945137157107
30;27 3-Thioxo-1,2-Propadieylidene;0.011221945137157107
31;28 Cyanobutadiyne;0.011221945137157107
32;29 Nitric sulfide;0.011221945137157107
33;30 Sulfur dioxide;0.011221945137157107
34;31 Hydrochloric acid;0.011221945137157107
35;32 2,4,6,8,10-Undecapentaynenitrile;0.011221945137157107
36;34 Nitric oxide;0.011221945137157107
37;35 Formaldehyde;0.011221945137157107
38;36 Sulfur Monoxide;0.011221945137157107
39;37 Methyltriacetylene;0.011221945137157107
40;38 Hydrogen Cyanide;0.011221945137157107
41;39 Methyl diacetylene;0.011221945137157107
42;40 Methylidyne;0.011221945137157107
43;42 Silicon Monoxide;0.011221945137157107
44;43 1,3,5,7-Octatetraynyl;0.011221945137157107
45;44 Oxoethenylidene;0.011221945137157107
46;45 Propynylidynium;0.011221945137157107
47;46 Carbon Monoxide;0.011221945137157107
48;47 Thioformaldehyde;0.011221945137157107
49;48 Hexatrienyl;0.011221945137157107
50;49 Diazenylium;0.011221945137157107
51;50 Hydrogen Isocyanide;0.011221945137157107
52;51 Carbon Monosulfide;0.011221945137157107
53;52 Methylamine;0.011221945137157107
54;53 Formic Acid;0.011221945137157107
55;54 Cyclopropenylidene;0.011221945137157107
56;55 Cyanoacetylene;0.011221945137157107
57;56 para-Oxidaniumyl;0.011221945137157107
58;57 ortho-Oxidaniumyl;0.011221945137157107
