1;23 Diazenylium;0.4164859002169197
2;77 Carbon Monosulfide;0.015184381778741865
3;0 Dimethyl ether;0.004338394793926247
4;1 Butatrienylidene;0.004338394793926247
5;2 Trihydrogen ion;0.004338394793926247
6;3 Nitrous Oxide;0.004338394793926247
7;4 Methyl Acetylene;0.004338394793926247
8;5 2,4,6-Heptatriynenitrile;0.004338394793926247
9;6 Ethylene Glycol;0.004338394793926247
10;7 2,4-Pentadiynylidyne;0.004338394793926247
11;8 Methyl Cyanide;0.004338394793926247
12;9 Thioformylium;0.004338394793926247
13;10 para-Oxidaniumyl;0.004338394793926247
14;11 Hydrogen Cyanide;0.004338394793926247
15;12 Titanium monoxide;0.004338394793926247
16;13 Cyanide Radical;0.004338394793926247
17;14 Formic Acid;0.004338394793926247
18;15 Nitric sulfide;0.004338394793926247
19;16 Iminomethylium;0.004338394793926247
20;17 Aluminum monoxide;0.004338394793926247
21;18 Methyl isocyanate;0.004338394793926247
22;19 Nitrosyl hydride;0.004338394793926247
23;20 Propynylidynium;0.004338394793926247
24;21 Magnesium Cyanide;0.004338394793926247
25;22 1,3-Butadiynyl anion;0.004338394793926247
26;24 Methylamine;0.004338394793926247
27;25 Chloronium;0.004338394793926247
28;26 Silicon monosulfide;0.004338394793926247
29;27 Phosphorus Monoxide;0.004338394793926247
30;28 Cyclopropenone;0.004338394793926247
31;29 Carbon Monoxide Ion;0.004338394793926247
32;30 Sodium Cyanide;0.004338394793926247
33;31 Nitric oxide;0.004338394793926247
34;32 3-Thioxo-1,2-Propadieylidene;0.004338394793926247
35;33 Silicon Cyanide;0.004338394793926247
36;34 Ethyne Isocyanide;0.004338394793926247
37;35 Sodium Chloride;0.004338394793926247
38;36 Cyanoacetylene;0.004338394793926247
39;37 Sulfur Monoxide;0.004338394793926247
40;38 Aluminum Isocyanitrile;0.004338394793926247
41;39 Cyanobutadiyne;0.004338394793926247
42;40 Potassium cyanide, potassium isocyanide;0.004338394793926247
43;41 Silicon Mononitride;0.004338394793926247
44;42 Carbon Monoxide;0.004338394793926247
45;43 Propadienylidene;0.004338394793926247
46;44 Methanimine;0.004338394793926247
47;45 Aluminum Monofluoride;0.004338394793926247
48;46 Formamide;0.004338394793926247
49;47 1,3,5,7-Octatetraynyl anion;0.004338394793926247
50;48 Aminoacetonitrile;0.004338394793926247
51;49 Ammonia;0.004338394793926247
52;50 gauche-Ethanol;0.004338394793926247
53;51 Protonate 2-proynenitrile;0.004338394793926247
54;52 Carbonyl Sulfide;0.004338394793926247
55;53 Thioxoethenylidene;0.004338394793926247
56;54 Ethyl cyanide;0.004338394793926247
57;55 Water;0.004338394793926247
58;56 Methyl Formate;0.004338394793926247
59;57 Acetaldehyde;0.004338394793926247
60;58 Ketenimine;0.004338394793926247
61;59 Propenal;0.004338394793926247
62;60 Methyl isocyanide;0.004338394793926247
63;61 iso-propyl cyanide;0.004338394793926247
64;62 Hydrogen cyanide;0.004338394793926247
65;63 Protonated Carbon Dioxide;0.004338394793926247
66;64 Methylidyne;0.004338394793926247
67;65 Ketene;0.004338394793926247
68;66 4-Cyano-1,3-Butadiynyl;0.004338394793926247
69;67 Silicon Monoxide;0.004338394793926247
70;68 Acetone;0.004338394793926247
71;69 Vinyl Cyanide;0.004338394793926247
72;70 3-Imino-1,2 Propadienylidene;0.004338394793926247
73;71 Silicon monoxide (global fit);0.004338394793926247
74;72 Cyclopropenylidene;0.004338394793926247
75;73 Magnesium Isocyanide;0.004338394793926247
76;74 2,4,6-Heptatriynylidyne;0.004338394793926247
77;75 Cyanobutadiynylide anion;0.004338394793926247
78;76 Formaldehyde;0.004338394793926247
79;78 Fulminic acid;0.004338394793926247
80;79 1,3,5-Hexatriynyl;0.004338394793926247
81;80 3-Silanetetrayl-1,2-Propadienylidene;0.004338394793926247
82;81 1,3-Butadiynyl radical;0.004338394793926247
83;82 trans-Ethanol;0.004338394793926247
84;83 Silicon Carbide;0.004338394793926247
85;84 1,3,5-Hexatriynyl anion;0.004338394793926247
86;85 Formylium;0.004338394793926247
87;86 Ethylene Oxide;0.004338394793926247
88;87 Sulfur dioxide;0.004338394793926247
89;88 Carbon Monophosphide;0.004338394793926247
90;89 Sulfur Monoxide ion;0.004338394793926247
91;90 Methanol;0.004338394793926247
92;91 Sulfur Dioxide;0.004338394793926247
93;92 Cyanoformaldehyde;0.004338394793926247
94;93 Isocyanic Acid;0.004338394793926247
95;94 Silicon Isocyanide;0.004338394793926247
96;95 Methylene amidogen;0.004338394793926247
97;96 Silicon Monocarbide;0.004338394793926247
98;97 Phosphaethyne;0.004338394793926247
99;98 Aluminum Monochloride;0.004338394793926247
100;99 Cyanoallene;0.004338394793926247
101;100 3-Oxo-1,2-Propadienylidene;0.004338394793926247
102;101 Methyl diacetylene;0.004338394793926247
103;102 Cyanomethylene;0.004338394793926247
104;103 Phosphapropynylidyne;0.004338394793926247
105;104 Cyanomethyl;0.004338394793926247
106;105 Hydrogen Isocyanide;0.004338394793926247
107;106 Hydrogen sulfide;0.004338394793926247
108;107 Hydroxyl;0.004338394793926247
109;108 Glycolaldehyde;0.004338394793926247
110;109 Cyanide anion;0.004338394793926247
111;110 2-Propynal;0.004338394793926247
112;111 Ethynyl;0.004338394793926247
113;112 Phosphorous nitride;0.004338394793926247
114;113 Magnesium hydride isocyanide;0.004338394793926247
115;114 Potassium chloride;0.004338394793926247
116;115 Silicon tetracarbide;0.004338394793926247
117;116 Ethyl Cyanide;0.004338394793926247
118;117 Cyanamide;0.004338394793926247
119;118 Amidogen;0.004338394793926247
120;119 Hydroxymethylidyne;0.004338394793926247
121;120 Formyl Radical;0.004338394793926247
122;121 Vinyl Alcohol;0.004338394793926247
123;122 ortho-Oxidaniumyl;0.004338394793926247
124;123 Cyanoethynylide ion;0.004338394793926247
125;124 Oxoethenylidene;0.004338394793926247
126;125 2-Butynenitrile;0.004338394793926247
127;126 Cyanoethynyl;0.004338394793926247
128;127 3-Cyano-1,2-propadienylidene;0.004338394793926247
129;128 Hydroxymethylium ion;0.004338394793926247
130;129 Thioformaldehyde;0.004338394793926247
131;130 Isothiocyanic acid;0.004338394793926247
132;131 Methyl formate, v<sub>t</sub> = 0, 1;0.004338394793926247
133;132 Cyanic acid;0.004338394793926247
