1;16 Silicon Monoxide;0.369047619047619
2;11 Methyliumylidene;0.13095238095238093
3;0 Methylidyne;0.022727272727272728
4;1 Butyronitrile;0.022727272727272728
5;2 Formaldehyde;0.022727272727272728
6;3 Sulfur dioxide;0.022727272727272728
7;4 Carbon Monoxide;0.022727272727272728
8;5 Water;0.022727272727272728
9;6 Chloronium;0.022727272727272728
10;7 Imidogen;0.022727272727272728
11;8 Thioformylium;0.022727272727272728
12;9 Mercapto radical;0.022727272727272728
13;10 Methyl formate vt01;0.022727272727272728
14;12 Cyanide Radical;0.022727272727272728
15;13 Hydroxyl;0.022727272727272728
16;14 Nitric oxide;0.022727272727272728
17;15 Cyclopropenylidene;0.022727272727272728
18;17 Hydrogen Cyanide;0.022727272727272728
19;18 Carbon Monosulfide;0.022727272727272728
20;19 Hydrogen sulfide;0.022727272727272728
21;20 Molecular oxygen;0.022727272727272728
22;21 Hydrogen Isocyanide;0.022727272727272728
23;22 Formylium;0.022727272727272728
24;23 Sulfoniumylidene;0.022727272727272728
