1;4 Carbon Monoxide;0.47727272727272724
2;0 Methylidyne;0.022727272727272728
3;1 Butyronitrile;0.022727272727272728
4;2 Formaldehyde;0.022727272727272728
5;3 Sulfur dioxide;0.022727272727272728
6;5 Water;0.022727272727272728
7;6 Chloronium;0.022727272727272728
8;7 Imidogen;0.022727272727272728
9;8 Thioformylium;0.022727272727272728
10;9 Mercapto radical;0.022727272727272728
11;10 Methyl formate vt01;0.022727272727272728
12;11 Methyliumylidene;0.022727272727272728
13;12 Cyanide Radical;0.022727272727272728
14;13 Hydroxyl;0.022727272727272728
15;14 Nitric oxide;0.022727272727272728
16;15 Cyclopropenylidene;0.022727272727272728
17;16 Silicon Monoxide;0.022727272727272728
18;17 Hydrogen Cyanide;0.022727272727272728
19;18 Carbon Monosulfide;0.022727272727272728
20;19 Hydrogen sulfide;0.022727272727272728
21;20 Molecular oxygen;0.022727272727272728
22;21 Hydrogen Isocyanide;0.022727272727272728
23;22 Formylium;0.022727272727272728
24;23 Sulfoniumylidene;0.022727272727272728
