1;8 Thioformylium;0.58271719038817
2;16 Silicon Monoxide;0.20378927911275416
3;0 Methylidyne;0.009704251386321626
4;1 Butyronitrile;0.009704251386321626
5;2 Formaldehyde;0.009704251386321626
6;3 Sulfur dioxide;0.009704251386321626
7;4 Carbon Monoxide;0.009704251386321626
8;5 Water;0.009704251386321626
9;6 Chloronium;0.009704251386321626
10;7 Imidogen;0.009704251386321626
11;9 Mercapto radical;0.009704251386321626
12;10 Methyl formate vt01;0.009704251386321626
13;11 Methyliumylidene;0.009704251386321626
14;12 Cyanide Radical;0.009704251386321626
15;13 Hydroxyl;0.009704251386321626
16;14 Nitric oxide;0.009704251386321626
17;15 Cyclopropenylidene;0.009704251386321626
18;17 Hydrogen Cyanide;0.009704251386321626
19;18 Carbon Monosulfide;0.009704251386321626
20;19 Hydrogen sulfide;0.009704251386321626
21;20 Molecular oxygen;0.009704251386321626
22;21 Hydrogen Isocyanide;0.009704251386321626
23;22 Formylium;0.009704251386321626
24;23 Sulfoniumylidene;0.009704251386321626
