1;22 Formylium;0.3010899182561308
2;10 Methyl formate vt01;0.05585831062670299
3;11 Methyliumylidene;0.04223433242506812
4;0 Methylidyne;0.02861035422343324
5;1 Butyronitrile;0.02861035422343324
6;2 Formaldehyde;0.02861035422343324
7;3 Sulfur dioxide;0.02861035422343324
8;4 Carbon Monoxide;0.02861035422343324
9;5 Water;0.02861035422343324
10;6 Chloronium;0.02861035422343324
11;7 Imidogen;0.02861035422343324
12;8 Thioformylium;0.02861035422343324
13;9 Mercapto radical;0.02861035422343324
14;12 Cyanide Radical;0.02861035422343324
15;13 Hydroxyl;0.02861035422343324
16;14 Nitric oxide;0.02861035422343324
17;15 Cyclopropenylidene;0.02861035422343324
18;16 Silicon Monoxide;0.02861035422343324
19;17 Hydrogen Cyanide;0.02861035422343324
20;18 Carbon Monosulfide;0.02861035422343324
21;19 Hydrogen sulfide;0.02861035422343324
22;20 Molecular oxygen;0.02861035422343324
23;21 Hydrogen Isocyanide;0.02861035422343324
24;23 Sulfoniumylidene;0.02861035422343324
