1;22 Formylium;0.8193717277486912
2;0 Methylidyne;0.007853403141361258
3;1 Butyronitrile;0.007853403141361258
4;2 Formaldehyde;0.007853403141361258
5;3 Sulfur dioxide;0.007853403141361258
6;4 Carbon Monoxide;0.007853403141361258
7;5 Water;0.007853403141361258
8;6 Chloronium;0.007853403141361258
9;7 Imidogen;0.007853403141361258
10;8 Thioformylium;0.007853403141361258
11;9 Mercapto radical;0.007853403141361258
12;10 Methyl formate vt01;0.007853403141361258
13;11 Methyliumylidene;0.007853403141361258
14;12 Cyanide Radical;0.007853403141361258
15;13 Hydroxyl;0.007853403141361258
16;14 Nitric oxide;0.007853403141361258
17;15 Cyclopropenylidene;0.007853403141361258
18;16 Silicon Monoxide;0.007853403141361258
19;17 Hydrogen Cyanide;0.007853403141361258
20;18 Carbon Monosulfide;0.007853403141361258
21;19 Hydrogen sulfide;0.007853403141361258
22;20 Molecular oxygen;0.007853403141361258
23;21 Hydrogen Isocyanide;0.007853403141361258
24;23 Sulfoniumylidene;0.007853403141361258
