1;81 Silicon Isocyanide;0.6990049751243781
2;65 Magnesium Isocyanide;0.00870646766169154
3;89 Phosphapropynylidyne;0.00870646766169154
4;0 Dimethyl ether;0.0024875621890547263
5;1 Butatrienylidene;0.0024875621890547263
6;2 Trihydrogen ion;0.0024875621890547263
7;3 Nitrous Oxide;0.0024875621890547263
8;4 Methyl Acetylene;0.0024875621890547263
9;5 Ethylene Glycol;0.0024875621890547263
10;6 Methyl Cyanide;0.0024875621890547263
11;7 Thioformylium;0.0024875621890547263
12;8 para-Oxidaniumyl;0.0024875621890547263
13;9 Hydrogen Cyanide;0.0024875621890547263
14;10 Titanium monoxide;0.0024875621890547263
15;11 Cyanide Radical;0.0024875621890547263
16;12 Formic Acid;0.0024875621890547263
17;13 Nitric sulfide;0.0024875621890547263
18;14 Iminomethylium;0.0024875621890547263
19;15 Aluminum monoxide;0.0024875621890547263
20;16 Methyl isocyanate;0.0024875621890547263
21;17 Nitrosyl hydride;0.0024875621890547263
22;18 Propynylidynium;0.0024875621890547263
23;19 Magnesium Cyanide;0.0024875621890547263
24;20 Diazenylium;0.0024875621890547263
25;21 Methylamine;0.0024875621890547263
26;22 Chloronium;0.0024875621890547263
27;23 Silicon monosulfide;0.0024875621890547263
28;24 Phosphorus Monoxide;0.0024875621890547263
29;25 Cyclopropenone;0.0024875621890547263
30;26 Carbon Monoxide Ion;0.0024875621890547263
31;27 Sodium Cyanide;0.0024875621890547263
32;28 Nitric oxide;0.0024875621890547263
33;29 Silicon Cyanide;0.0024875621890547263
34;30 Ethyne Isocyanide;0.0024875621890547263
35;31 Sodium Chloride;0.0024875621890547263
36;32 Cyanoacetylene;0.0024875621890547263
37;33 Sulfur Monoxide;0.0024875621890547263
38;34 Aluminum Isocyanitrile;0.0024875621890547263
39;35 Cyanobutadiyne;0.0024875621890547263
40;36 Silicon Mononitride;0.0024875621890547263
41;37 Carbon Monoxide;0.0024875621890547263
42;38 Propadienylidene;0.0024875621890547263
43;39 Methanimine;0.0024875621890547263
44;40 Aluminum Monofluoride;0.0024875621890547263
45;41 Formamide;0.0024875621890547263
46;42 Aminoacetonitrile;0.0024875621890547263
47;43 Ammonia;0.0024875621890547263
48;44 gauche-Ethanol;0.0024875621890547263
49;45 Protonate 2-proynenitrile;0.0024875621890547263
50;46 Carbonyl Sulfide;0.0024875621890547263
51;47 Thioxoethenylidene;0.0024875621890547263
52;48 Ethyl cyanide;0.0024875621890547263
53;49 Water;0.0024875621890547263
54;50 Methyl Formate;0.0024875621890547263
55;51 Acetaldehyde;0.0024875621890547263
56;52 Ketenimine;0.0024875621890547263
57;53 Propenal;0.0024875621890547263
58;54 Methyl isocyanide;0.0024875621890547263
59;55 iso-propyl cyanide;0.0024875621890547263
60;56 Hydrogen cyanide;0.0024875621890547263
61;57 Protonated Carbon Dioxide;0.0024875621890547263
62;58 Methylidyne;0.0024875621890547263
63;59 Ketene;0.0024875621890547263
64;60 Silicon Monoxide;0.0024875621890547263
65;61 Acetone;0.0024875621890547263
66;62 Vinyl Cyanide;0.0024875621890547263
67;63 Silicon monoxide (global fit);0.0024875621890547263
68;64 Cyclopropenylidene;0.0024875621890547263
69;66 Cyanobutadiynylide anion;0.0024875621890547263
70;67 Formaldehyde;0.0024875621890547263
71;68 Carbon Monosulfide;0.0024875621890547263
72;69 Fulminic acid;0.0024875621890547263
73;70 trans-Ethanol;0.0024875621890547263
74;71 Silicon Carbide;0.0024875621890547263
75;72 Formylium;0.0024875621890547263
76;73 Ethylene Oxide;0.0024875621890547263
77;74 Sulfur dioxide;0.0024875621890547263
78;75 Carbon Monophosphide;0.0024875621890547263
79;76 Sulfur Monoxide ion;0.0024875621890547263
80;77 Methanol;0.0024875621890547263
81;78 Sulfur Dioxide;0.0024875621890547263
82;79 Cyanoformaldehyde;0.0024875621890547263
83;80 Isocyanic Acid;0.0024875621890547263
84;82 Methylene amidogen;0.0024875621890547263
85;83 Silicon Monocarbide;0.0024875621890547263
86;84 Phosphaethyne;0.0024875621890547263
87;85 Aluminum Monochloride;0.0024875621890547263
88;86 Cyanoallene;0.0024875621890547263
89;87 Methyl diacetylene;0.0024875621890547263
90;88 Cyanomethylene;0.0024875621890547263
91;90 Cyanomethyl;0.0024875621890547263
92;91 Hydrogen Isocyanide;0.0024875621890547263
93;92 Hydrogen sulfide;0.0024875621890547263
94;93 Hydroxyl;0.0024875621890547263
95;94 Glycolaldehyde;0.0024875621890547263
96;95 Cyanide anion;0.0024875621890547263
97;96 2-Propynal;0.0024875621890547263
98;97 Ethynyl;0.0024875621890547263
99;98 Phosphorous nitride;0.0024875621890547263
100;99 Magnesium hydride isocyanide;0.0024875621890547263
101;100 Potassium chloride;0.0024875621890547263
102;101 Silicon tetracarbide;0.0024875621890547263
103;102 Ethyl Cyanide;0.0024875621890547263
104;103 Cyanamide;0.0024875621890547263
105;104 Amidogen;0.0024875621890547263
106;105 Hydroxymethylidyne;0.0024875621890547263
107;106 Formyl Radical;0.0024875621890547263
108;107 Vinyl Alcohol;0.0024875621890547263
109;108 ortho-Oxidaniumyl;0.0024875621890547263
110;109 Cyanoethynylide ion;0.0024875621890547263
111;110 Oxoethenylidene;0.0024875621890547263
112;111 2-Butynenitrile;0.0024875621890547263
113;112 Cyanoethynyl;0.0024875621890547263
114;113 Hydroxymethylium ion;0.0024875621890547263
115;114 Thioformaldehyde;0.0024875621890547263
116;115 Isothiocyanic acid;0.0024875621890547263
117;116 Cyanic acid;0.0024875621890547263
