1;15 Aluminum monoxide;0.9443531345386241
2;6 Methyl Cyanide;0.001643578304766377
3;0 Dimethyl ether;0.0004695938013618221
4;1 Butatrienylidene;0.0004695938013618221
5;2 Trihydrogen ion;0.0004695938013618221
6;3 Nitrous Oxide;0.0004695938013618221
7;4 Methyl Acetylene;0.0004695938013618221
8;5 Ethylene Glycol;0.0004695938013618221
9;7 Thioformylium;0.0004695938013618221
10;8 para-Oxidaniumyl;0.0004695938013618221
11;9 Hydrogen Cyanide;0.0004695938013618221
12;10 Titanium monoxide;0.0004695938013618221
13;11 Cyanide Radical;0.0004695938013618221
14;12 Formic Acid;0.0004695938013618221
15;13 Nitric sulfide;0.0004695938013618221
16;14 Iminomethylium;0.0004695938013618221
17;16 Methyl isocyanate;0.0004695938013618221
18;17 Nitrosyl hydride;0.0004695938013618221
19;18 Propynylidynium;0.0004695938013618221
20;19 Magnesium Cyanide;0.0004695938013618221
21;20 Diazenylium;0.0004695938013618221
22;21 Methylamine;0.0004695938013618221
23;22 Chloronium;0.0004695938013618221
24;23 Silicon monosulfide;0.0004695938013618221
25;24 Phosphorus Monoxide;0.0004695938013618221
26;25 Cyclopropenone;0.0004695938013618221
27;26 Carbon Monoxide Ion;0.0004695938013618221
28;27 Sodium Cyanide;0.0004695938013618221
29;28 Nitric oxide;0.0004695938013618221
30;29 Silicon Cyanide;0.0004695938013618221
31;30 Ethyne Isocyanide;0.0004695938013618221
32;31 Sodium Chloride;0.0004695938013618221
33;32 Cyanoacetylene;0.0004695938013618221
34;33 Sulfur Monoxide;0.0004695938013618221
35;34 Aluminum Isocyanitrile;0.0004695938013618221
36;35 Cyanobutadiyne;0.0004695938013618221
37;36 Silicon Mononitride;0.0004695938013618221
38;37 Carbon Monoxide;0.0004695938013618221
39;38 Propadienylidene;0.0004695938013618221
40;39 Methanimine;0.0004695938013618221
41;40 Aluminum Monofluoride;0.0004695938013618221
42;41 Formamide;0.0004695938013618221
43;42 Aminoacetonitrile;0.0004695938013618221
44;43 Ammonia;0.0004695938013618221
45;44 gauche-Ethanol;0.0004695938013618221
46;45 Protonate 2-proynenitrile;0.0004695938013618221
47;46 Carbonyl Sulfide;0.0004695938013618221
48;47 Thioxoethenylidene;0.0004695938013618221
49;48 Ethyl cyanide;0.0004695938013618221
50;49 Water;0.0004695938013618221
51;50 Methyl Formate;0.0004695938013618221
52;51 Acetaldehyde;0.0004695938013618221
53;52 Ketenimine;0.0004695938013618221
54;53 Propenal;0.0004695938013618221
55;54 Methyl isocyanide;0.0004695938013618221
56;55 iso-propyl cyanide;0.0004695938013618221
57;56 Hydrogen cyanide;0.0004695938013618221
58;57 Protonated Carbon Dioxide;0.0004695938013618221
59;58 Methylidyne;0.0004695938013618221
60;59 Ketene;0.0004695938013618221
61;60 Silicon Monoxide;0.0004695938013618221
62;61 Acetone;0.0004695938013618221
63;62 Vinyl Cyanide;0.0004695938013618221
64;63 Silicon monoxide (global fit);0.0004695938013618221
65;64 Cyclopropenylidene;0.0004695938013618221
66;65 Magnesium Isocyanide;0.0004695938013618221
67;66 Cyanobutadiynylide anion;0.0004695938013618221
68;67 Formaldehyde;0.0004695938013618221
69;68 Carbon Monosulfide;0.0004695938013618221
70;69 Fulminic acid;0.0004695938013618221
71;70 trans-Ethanol;0.0004695938013618221
72;71 Silicon Carbide;0.0004695938013618221
73;72 Formylium;0.0004695938013618221
74;73 Ethylene Oxide;0.0004695938013618221
75;74 Sulfur dioxide;0.0004695938013618221
76;75 Carbon Monophosphide;0.0004695938013618221
77;76 Sulfur Monoxide ion;0.0004695938013618221
78;77 Methanol;0.0004695938013618221
79;78 Sulfur Dioxide;0.0004695938013618221
80;79 Cyanoformaldehyde;0.0004695938013618221
81;80 Isocyanic Acid;0.0004695938013618221
82;81 Silicon Isocyanide;0.0004695938013618221
83;82 Methylene amidogen;0.0004695938013618221
84;83 Silicon Monocarbide;0.0004695938013618221
85;84 Phosphaethyne;0.0004695938013618221
86;85 Aluminum Monochloride;0.0004695938013618221
87;86 Cyanoallene;0.0004695938013618221
88;87 Methyl diacetylene;0.0004695938013618221
89;88 Cyanomethylene;0.0004695938013618221
90;89 Phosphapropynylidyne;0.0004695938013618221
91;90 Cyanomethyl;0.0004695938013618221
92;91 Hydrogen Isocyanide;0.0004695938013618221
93;92 Hydrogen sulfide;0.0004695938013618221
94;93 Hydroxyl;0.0004695938013618221
95;94 Glycolaldehyde;0.0004695938013618221
96;95 Cyanide anion;0.0004695938013618221
97;96 2-Propynal;0.0004695938013618221
98;97 Ethynyl;0.0004695938013618221
99;98 Phosphorous nitride;0.0004695938013618221
100;99 Magnesium hydride isocyanide;0.0004695938013618221
101;100 Potassium chloride;0.0004695938013618221
102;101 Silicon tetracarbide;0.0004695938013618221
103;102 Ethyl Cyanide;0.0004695938013618221
104;103 Cyanamide;0.0004695938013618221
105;104 Amidogen;0.0004695938013618221
106;105 Hydroxymethylidyne;0.0004695938013618221
107;106 Formyl Radical;0.0004695938013618221
108;107 Vinyl Alcohol;0.0004695938013618221
109;108 ortho-Oxidaniumyl;0.0004695938013618221
110;109 Cyanoethynylide ion;0.0004695938013618221
111;110 Oxoethenylidene;0.0004695938013618221
112;111 2-Butynenitrile;0.0004695938013618221
113;112 Cyanoethynyl;0.0004695938013618221
114;113 Hydroxymethylium ion;0.0004695938013618221
115;114 Thioformaldehyde;0.0004695938013618221
116;115 Isothiocyanic acid;0.0004695938013618221
117;116 Cyanic acid;0.0004695938013618221
