1;0 Methylidyne;0.16185897435897434
2;1 Butyronitrile;0.09775641025641024
3;2 Formaldehyde;0.03365384615384615
4;3 Sulfur dioxide;0.03365384615384615
5;4 Carbon Monoxide;0.03365384615384615
6;5 Water;0.03365384615384615
7;6 Chloronium;0.03365384615384615
8;7 Imidogen;0.03365384615384615
9;8 Thioformylium;0.03365384615384615
10;9 Mercapto radical;0.03365384615384615
11;10 Methyl formate vt01;0.03365384615384615
12;11 Methyliumylidene;0.03365384615384615
13;12 Cyanide Radical;0.03365384615384615
14;13 Hydroxyl;0.03365384615384615
15;14 Nitric oxide;0.03365384615384615
16;15 Cyclopropenylidene;0.03365384615384615
17;16 Silicon Monoxide;0.03365384615384615
18;17 Hydrogen Cyanide;0.03365384615384615
19;18 Carbon Monosulfide;0.03365384615384615
20;19 Hydrogen sulfide;0.03365384615384615
21;20 Molecular oxygen;0.03365384615384615
22;21 Hydrogen Isocyanide;0.03365384615384615
23;22 Formylium;0.03365384615384615
24;23 Sulfoniumylidene;0.03365384615384615
