uid___A002_Xa916fc_X668__IRS43_HCO32.final.image.pbcor;model_planetary_tr_500it;1;0 Methanol;0.01272264631043257
uid___A002_Xa916fc_X668__IRS43_HCO32.final.image.pbcor;model_planetary_tr_500it;2;1 Hydrogen fluoride;0.01272264631043257
uid___A002_Xa916fc_X668__IRS43_HCO32.final.image.pbcor;model_planetary_tr_500it;3;2 Nitric oxide;0.01272264631043257
uid___A002_Xa916fc_X668__IRS43_HCO32.final.image.pbcor;model_planetary_tr_500it;4;3 Formylium;0.01272264631043257
uid___A002_Xa916fc_X668__IRS43_HCO32.final.image.pbcor;model_planetary_tr_500it;5;4 Sodium Chloride;0.01272264631043257
uid___A002_Xa916fc_X668__IRS43_HCO32.final.image.pbcor;model_planetary_2_500it;1;0 Methanol;0.022222222222222223
uid___A002_Xa916fc_X668__IRS43_HCO32.final.image.pbcor;model_planetary_2_500it;2;1 Hydrogen fluoride;0.022222222222222223
uid___A002_Xa916fc_X668__IRS43_HCO32.final.image.pbcor;model_planetary_2_500it;3;2 Nitric oxide;0.022222222222222223
uid___A002_Xa916fc_X668__IRS43_HCO32.final.image.pbcor;model_planetary_2_500it;4;3 Formylium;0.022222222222222223
uid___A002_Xa916fc_X668__IRS43_HCO32.final.image.pbcor;model_planetary_2_500it;5;4 Sodium Chloride;0.022222222222222223
uid___A002_Xa916fc_X668__IRS43_HCO32.final.image.pbcor;model_planetary_full_500it;1;0 Methanol;0.047619047619047616
uid___A002_Xa916fc_X668__IRS43_HCO32.final.image.pbcor;model_planetary_full_500it;2;1 Hydrogen fluoride;0.047619047619047616
uid___A002_Xa916fc_X668__IRS43_HCO32.final.image.pbcor;model_planetary_full_500it;3;2 Nitric oxide;0.047619047619047616
uid___A002_Xa916fc_X668__IRS43_HCO32.final.image.pbcor;model_planetary_full_500it;4;3 Formylium;0.047619047619047616
uid___A002_Xa916fc_X668__IRS43_HCO32.final.image.pbcor;model_planetary_full_500it;5;4 Sodium Chloride;0.047619047619047616
uid___A002_Xa916fc_X668__IRS43_HCO32.final.image.pbcor;model_planetary_full_expanded_00002_500it;1;0 Methanol;0.05
uid___A002_Xa916fc_X668__IRS43_HCO32.final.image.pbcor;model_planetary_full_expanded_00002_500it;2;1 Hydrogen fluoride;0.05
uid___A002_Xa916fc_X668__IRS43_HCO32.final.image.pbcor;model_planetary_full_expanded_00002_500it;3;2 Nitric oxide;0.05
uid___A002_Xa916fc_X668__IRS43_HCO32.final.image.pbcor;model_planetary_full_expanded_00002_500it;4;3 Formylium;0.05
uid___A002_Xa916fc_X668__IRS43_HCO32.final.image.pbcor;model_planetary_full_expanded_00002_500it;5;4 Sodium Chloride;0.05
uid___A002_Xa916fc_X668__IRS43_HCO32.final.image.pbcor;model_planetary_full_expanded_00010_500it;1;0 Methanol;0.05
uid___A002_Xa916fc_X668__IRS43_HCO32.final.image.pbcor;model_planetary_full_expanded_00010_500it;2;1 Hydrogen fluoride;0.05
uid___A002_Xa916fc_X668__IRS43_HCO32.final.image.pbcor;model_planetary_full_expanded_00010_500it;3;2 Nitric oxide;0.05
uid___A002_Xa916fc_X668__IRS43_HCO32.final.image.pbcor;model_planetary_full_expanded_00010_500it;4;3 Formylium;0.05
uid___A002_Xa916fc_X668__IRS43_HCO32.final.image.pbcor;model_planetary_full_expanded_00010_500it;5;4 Sodium Chloride;0.05
HD163296_CO_2_1.image;model_planetary_tr_500it;1;0 Methanol;0.02127659574468085
HD163296_CO_2_1.image;model_planetary_tr_500it;2;1 Hydrogen fluoride;0.02127659574468085
HD163296_CO_2_1.image;model_planetary_tr_500it;3;2 Nitric oxide;0.02127659574468085
HD163296_CO_2_1.image;model_planetary_tr_500it;4;3 Formylium;0.02127659574468085
HD163296_CO_2_1.image;model_planetary_tr_500it;5;4 Sodium Chloride;0.02127659574468085
HD163296_CO_2_1.image;model_planetary_2_500it;1;0 Methanol;0.02127659574468085
HD163296_CO_2_1.image;model_planetary_2_500it;2;1 Hydrogen fluoride;0.02127659574468085
HD163296_CO_2_1.image;model_planetary_2_500it;3;2 Nitric oxide;0.02127659574468085
HD163296_CO_2_1.image;model_planetary_2_500it;4;3 Formylium;0.02127659574468085
HD163296_CO_2_1.image;model_planetary_2_500it;5;4 Sodium Chloride;0.02127659574468085
HD163296_CO_2_1.image;model_planetary_full_500it;1;0 Methanol;0.037037037037037035
HD163296_CO_2_1.image;model_planetary_full_500it;2;1 Hydrogen fluoride;0.037037037037037035
HD163296_CO_2_1.image;model_planetary_full_500it;3;2 Nitric oxide;0.037037037037037035
HD163296_CO_2_1.image;model_planetary_full_500it;4;3 Formylium;0.037037037037037035
HD163296_CO_2_1.image;model_planetary_full_500it;5;4 Sodium Chloride;0.037037037037037035
HD163296_CO_2_1.image;model_planetary_full_expanded_00002_500it;1;9 Carbon Monoxide;0.2692307692307692
HD163296_CO_2_1.image;model_planetary_full_expanded_00002_500it;2;0 Methanol;0.038461538461538464
HD163296_CO_2_1.image;model_planetary_full_expanded_00002_500it;3;1 Hydrogen fluoride;0.038461538461538464
HD163296_CO_2_1.image;model_planetary_full_expanded_00002_500it;4;2 Nitric oxide;0.038461538461538464
HD163296_CO_2_1.image;model_planetary_full_expanded_00002_500it;5;3 Formylium;0.038461538461538464
HD163296_CO_2_1.image;model_planetary_full_expanded_00010_500it;1;3 Formylium;0.23846153846153847
HD163296_CO_2_1.image;model_planetary_full_expanded_00010_500it;2;9 Carbon Monoxide;0.06923076923076923
HD163296_CO_2_1.image;model_planetary_full_expanded_00010_500it;3;0 Methanol;0.038461538461538464
HD163296_CO_2_1.image;model_planetary_full_expanded_00010_500it;4;1 Hydrogen fluoride;0.038461538461538464
HD163296_CO_2_1.image;model_planetary_full_expanded_00010_500it;5;2 Nitric oxide;0.038461538461538464
TWHydra_CO3_2line.image;model_planetary_tr_500it;1;0 Methanol;0.02702702702702703
TWHydra_CO3_2line.image;model_planetary_tr_500it;2;1 Hydrogen fluoride;0.02702702702702703
TWHydra_CO3_2line.image;model_planetary_tr_500it;3;2 Nitric oxide;0.02702702702702703
TWHydra_CO3_2line.image;model_planetary_tr_500it;4;3 Formylium;0.02702702702702703
TWHydra_CO3_2line.image;model_planetary_tr_500it;5;4 Sodium Chloride;0.02702702702702703
TWHydra_CO3_2line.image;model_planetary_2_500it;1;0 Methanol;0.02702702702702703
TWHydra_CO3_2line.image;model_planetary_2_500it;2;1 Hydrogen fluoride;0.02702702702702703
TWHydra_CO3_2line.image;model_planetary_2_500it;3;2 Nitric oxide;0.02702702702702703
TWHydra_CO3_2line.image;model_planetary_2_500it;4;3 Formylium;0.02702702702702703
TWHydra_CO3_2line.image;model_planetary_2_500it;5;4 Sodium Chloride;0.02702702702702703
TWHydra_CO3_2line.image;model_planetary_full_500it;1;0 Methanol;0.02857142857142857
TWHydra_CO3_2line.image;model_planetary_full_500it;2;1 Hydrogen fluoride;0.02857142857142857
TWHydra_CO3_2line.image;model_planetary_full_500it;3;2 Nitric oxide;0.02857142857142857
TWHydra_CO3_2line.image;model_planetary_full_500it;4;3 Formylium;0.02857142857142857
TWHydra_CO3_2line.image;model_planetary_full_500it;5;4 Sodium Chloride;0.02857142857142857
TWHydra_CO3_2line.image;model_planetary_full_expanded_00002_500it;1;9 Carbon Monoxide;0.4411764705882353
TWHydra_CO3_2line.image;model_planetary_full_expanded_00002_500it;2;0 Methanol;0.029411764705882353
TWHydra_CO3_2line.image;model_planetary_full_expanded_00002_500it;3;1 Hydrogen fluoride;0.029411764705882353
TWHydra_CO3_2line.image;model_planetary_full_expanded_00002_500it;4;2 Nitric oxide;0.029411764705882353
TWHydra_CO3_2line.image;model_planetary_full_expanded_00002_500it;5;3 Formylium;0.029411764705882353
TWHydra_CO3_2line.image;model_planetary_full_expanded_00010_500it;1;10 Nitrous Oxide;0.4411764705882353
TWHydra_CO3_2line.image;model_planetary_full_expanded_00010_500it;2;0 Methanol;0.029411764705882353
TWHydra_CO3_2line.image;model_planetary_full_expanded_00010_500it;3;1 Hydrogen fluoride;0.029411764705882353
TWHydra_CO3_2line.image;model_planetary_full_expanded_00010_500it;4;2 Nitric oxide;0.029411764705882353
TWHydra_CO3_2line.image;model_planetary_full_expanded_00010_500it;5;3 Formylium;0.029411764705882353
Orion.methanol.cbc.contsub.image;model_planetary_tr_500it;1;1 Hydrogen fluoride;0.3939393939393939
Orion.methanol.cbc.contsub.image;model_planetary_tr_500it;2;0 Methanol;0.030303030303030304
Orion.methanol.cbc.contsub.image;model_planetary_tr_500it;3;2 Nitric oxide;0.030303030303030304
Orion.methanol.cbc.contsub.image;model_planetary_tr_500it;4;3 Formylium;0.030303030303030304
Orion.methanol.cbc.contsub.image;model_planetary_tr_500it;5;4 Sodium Chloride;0.030303030303030304
Orion.methanol.cbc.contsub.image;model_planetary_2_500it;1;0 Methanol;0.047619047619047616
Orion.methanol.cbc.contsub.image;model_planetary_2_500it;2;1 Hydrogen fluoride;0.047619047619047616
Orion.methanol.cbc.contsub.image;model_planetary_2_500it;3;2 Nitric oxide;0.047619047619047616
Orion.methanol.cbc.contsub.image;model_planetary_2_500it;4;3 Formylium;0.047619047619047616
Orion.methanol.cbc.contsub.image;model_planetary_2_500it;5;4 Sodium Chloride;0.047619047619047616
Orion.methanol.cbc.contsub.image;model_planetary_full_500it;1;0 Methanol;0.047619047619047616
Orion.methanol.cbc.contsub.image;model_planetary_full_500it;2;1 Hydrogen fluoride;0.047619047619047616
Orion.methanol.cbc.contsub.image;model_planetary_full_500it;3;2 Nitric oxide;0.047619047619047616
Orion.methanol.cbc.contsub.image;model_planetary_full_500it;4;3 Formylium;0.047619047619047616
Orion.methanol.cbc.contsub.image;model_planetary_full_500it;5;4 Sodium Chloride;0.047619047619047616
Orion.methanol.cbc.contsub.image;model_planetary_full_expanded_00002_500it;1;0 Methanol;0.05
Orion.methanol.cbc.contsub.image;model_planetary_full_expanded_00002_500it;2;1 Hydrogen fluoride;0.05
Orion.methanol.cbc.contsub.image;model_planetary_full_expanded_00002_500it;3;2 Nitric oxide;0.05
Orion.methanol.cbc.contsub.image;model_planetary_full_expanded_00002_500it;4;3 Formylium;0.05
Orion.methanol.cbc.contsub.image;model_planetary_full_expanded_00002_500it;5;4 Sodium Chloride;0.05
Orion.methanol.cbc.contsub.image;model_planetary_full_expanded_00010_500it;1;0 Methanol;0.05
Orion.methanol.cbc.contsub.image;model_planetary_full_expanded_00010_500it;2;1 Hydrogen fluoride;0.05
Orion.methanol.cbc.contsub.image;model_planetary_full_expanded_00010_500it;3;2 Nitric oxide;0.05
Orion.methanol.cbc.contsub.image;model_planetary_full_expanded_00010_500it;4;3 Formylium;0.05
Orion.methanol.cbc.contsub.image;model_planetary_full_expanded_00010_500it;5;4 Sodium Chloride;0.05
TWHydra_HCOplusline.image;model_planetary_tr_500it;1;0 Methanol;0.029940119760479042
TWHydra_HCOplusline.image;model_planetary_tr_500it;2;1 Hydrogen fluoride;0.029940119760479042
TWHydra_HCOplusline.image;model_planetary_tr_500it;3;2 Nitric oxide;0.029940119760479042
TWHydra_HCOplusline.image;model_planetary_tr_500it;4;3 Formylium;0.029940119760479042
TWHydra_HCOplusline.image;model_planetary_tr_500it;5;4 Sodium Chloride;0.029940119760479042
TWHydra_HCOplusline.image;model_planetary_2_500it;1;1 Hydrogen fluoride;0.40119760479041916
TWHydra_HCOplusline.image;model_planetary_2_500it;2;0 Methanol;0.029940119760479042
TWHydra_HCOplusline.image;model_planetary_2_500it;3;2 Nitric oxide;0.029940119760479042
TWHydra_HCOplusline.image;model_planetary_2_500it;4;3 Formylium;0.029940119760479042
TWHydra_HCOplusline.image;model_planetary_2_500it;5;4 Sodium Chloride;0.029940119760479042
TWHydra_HCOplusline.image;model_planetary_full_500it;1;0 Methanol;0.03184713375796178
TWHydra_HCOplusline.image;model_planetary_full_500it;2;1 Hydrogen fluoride;0.03184713375796178
TWHydra_HCOplusline.image;model_planetary_full_500it;3;2 Nitric oxide;0.03184713375796178
TWHydra_HCOplusline.image;model_planetary_full_500it;4;3 Formylium;0.03184713375796178
TWHydra_HCOplusline.image;model_planetary_full_500it;5;4 Sodium Chloride;0.03184713375796178
TWHydra_HCOplusline.image;model_planetary_full_expanded_00002_500it;1;3 Formylium;0.375
TWHydra_HCOplusline.image;model_planetary_full_expanded_00002_500it;2;0 Methanol;0.03289473684210526
TWHydra_HCOplusline.image;model_planetary_full_expanded_00002_500it;3;1 Hydrogen fluoride;0.03289473684210526
TWHydra_HCOplusline.image;model_planetary_full_expanded_00002_500it;4;2 Nitric oxide;0.03289473684210526
TWHydra_HCOplusline.image;model_planetary_full_expanded_00002_500it;5;4 Sodium Chloride;0.03289473684210526
TWHydra_HCOplusline.image;model_planetary_full_expanded_00010_500it;1;3 Formylium;0.375
TWHydra_HCOplusline.image;model_planetary_full_expanded_00010_500it;2;0 Methanol;0.03289473684210526
TWHydra_HCOplusline.image;model_planetary_full_expanded_00010_500it;3;1 Hydrogen fluoride;0.03289473684210526
TWHydra_HCOplusline.image;model_planetary_full_expanded_00010_500it;4;2 Nitric oxide;0.03289473684210526
TWHydra_HCOplusline.image;model_planetary_full_expanded_00010_500it;5;4 Sodium Chloride;0.03289473684210526
