1;10 Nitrous Oxide;0.4411764705882353
2;0 Methanol;0.029411764705882353
3;1 Hydrogen fluoride;0.029411764705882353
4;2 Nitric oxide;0.029411764705882353
5;3 Formylium;0.029411764705882353
6;4 Sodium Chloride;0.029411764705882353
7;5 Sulfur dioxide;0.029411764705882353
8;6 para-Oxidaniumyl;0.029411764705882353
9;7 Sulfur Monoxide;0.029411764705882353
10;8 Butatrienylidene;0.029411764705882353
11;9 Carbon Monoxide;0.029411764705882353
12;11 Cyanoacetylene;0.029411764705882353
13;12 Carbonyl Sulfide;0.029411764705882353
14;13 Molecular oxygen;0.029411764705882353
15;14 ortho-Oxidaniumyl;0.029411764705882353
16;15 Water;0.029411764705882353
17;16 Iminomethylium;0.029411764705882353
18;17 Hydrochloric acid;0.029411764705882353
19;18 Acetylene;0.029411764705882353
20;19 Hydrogen Cyanide;0.029411764705882353
