1;0 Methanol;0.01272264631043257
2;1 Hydrogen fluoride;0.01272264631043257
3;2 Nitric oxide;0.01272264631043257
4;3 Formylium;0.01272264631043257
5;4 Sodium Chloride;0.01272264631043257
6;5 Sulfur dioxide;0.01272264631043257
7;6 para-Oxidaniumyl;0.01272264631043257
8;7 Sulfur Monoxide;0.01272264631043257
9;8 Butatrienylidene;0.01272264631043257
10;9 Carbon Monoxide;0.01272264631043257
11;10 Nitrous Oxide;0.01272264631043257
12;11 Cyanoacetylene;0.01272264631043257
13;12 Carbonyl Sulfide;0.01272264631043257
14;13 Molecular oxygen;0.01272264631043257
15;14 ortho-Oxidaniumyl;0.01272264631043257
16;15 Water;0.01272264631043257
17;16 Iminomethylium;0.01272264631043257
18;17 Hydrochloric acid;0.01272264631043257
19;18 Acetylene;0.01272264631043257
20;19 Hydrogen Cyanide;0.01272264631043257
