1;6 Carbon Monoxide Ion;0.4124700239808153
2;0 Methylidyne;0.016786570743405272
3;1 1,3-Butadiynyl radical;0.016786570743405272
4;2 Formaldehyde;0.016786570743405272
5;3 Sulfur dioxide;0.016786570743405272
6;4 Carbon Monoxide;0.016786570743405272
7;5 Water;0.016786570743405272
8;7 Nitric sulfide;0.016786570743405272
9;8 Isocyanic Acid;0.016786570743405272
10;9 Methyliumylidene;0.016786570743405272
11;10 Cyanide Radical;0.016786570743405272
12;11 Ethynyl;0.016786570743405272
13;12 Carbonyl Sulfide;0.016786570743405272
14;13 Hydroxyl;0.016786570743405272
15;14 Diazenylium;0.016786570743405272
16;15 Thioxoethenylidene;0.016786570743405272
17;16 Nitric oxide;0.016786570743405272
18;17 Methyl Cyanide;0.016786570743405272
19;18 Cyclopropenylidene;0.016786570743405272
20;19 Methanimine;0.016786570743405272
21;20 Methanol;0.016786570743405272
22;21 Thioformaldehyde;0.016786570743405272
23;22 Ammonia;0.016786570743405272
24;23 Cyanamide;0.016786570743405272
25;24 Cyanoacetylene;0.016786570743405272
26;25 Sodium Chloride;0.016786570743405272
27;26 Silicon Monoxide;0.016786570743405272
28;27 Sulfur Monoxide;0.016786570743405272
29;28 Protonated Carbon Dioxide;0.016786570743405272
30;29 Hydrogen Cyanide;0.016786570743405272
31;30 Carbon Monosulfide;0.016786570743405272
32;31 Hydrogen sulfide;0.016786570743405272
33;32 Molecular oxygen;0.016786570743405272
34;33 Hydrogen Isocyanide;0.016786570743405272
35;34 Formylium;0.016786570743405272
36;35 Methyl Acetylene;0.016786570743405272
