1;53 Nitric oxide;0.8677165354330709
2;0 Isocyanic Acid;0.0015748031496062992
3;1 Propenal;0.0015748031496062992
4;2 Ketene;0.0015748031496062992
5;3 Oxonium hydride;0.0015748031496062992
6;4 Thioformylium;0.0015748031496062992
7;5 Vinyl Cyanide;0.0015748031496062992
8;6 Methyl Formate;0.0015748031496062992
9;7 Hydroxyl;0.0015748031496062992
10;8 Methyliumylidene;0.0015748031496062992
11;9 Iminomethylium;0.0015748031496062992
12;10 Hydroxymethylium ion;0.0015748031496062992
13;11 2-Propynal;0.0015748031496062992
14;12 Carbon Monosulfide;0.0015748031496062992
15;13 Cyanomethyl;0.0015748031496062992
16;14 Methyl Acetylene;0.0015748031496062992
17;15 2-Butynenitrile;0.0015748031496062992
18;16 Methyl formate vt01;0.0015748031496062992
19;17 Ethyl Cyanide;0.0015748031496062992
20;18 gauche-Ethanol;0.0015748031496062992
21;19 Glycolaldehyde;0.0015748031496062992
22;20 Water;0.0015748031496062992
23;21 Hydrogen sulfide;0.0015748031496062992
24;22 Sulfur Monoxide ion;0.0015748031496062992
25;23 1,3-Butadiynyl radical;0.0015748031496062992
26;24 Formylium;0.0015748031496062992
27;25 Fulminic acid;0.0015748031496062992
28;26 Trihydrogen ion;0.0015748031496062992
29;27 Methanimine;0.0015748031496062992
30;28 Nitrous Oxide;0.0015748031496062992
31;29 Propadienylidene;0.0015748031496062992
32;30 Ethylene Oxide;0.0015748031496062992
33;31 Ketenimine;0.0015748031496062992
34;32 2,4,6-Heptatriynenitrile;0.0015748031496062992
35;33 Aminoacetonitrile;0.0015748031496062992
36;34 Methanol;0.0015748031496062992
37;35 Ammonia;0.0015748031496062992
38;36 Formyl Radical;0.0015748031496062992
39;37 Methyl Cyanide;0.0015748031496062992
40;38 Molecular oxygen;0.0015748031496062992
41;39 Cyclopropenone;0.0015748031496062992
42;40 Carbonyl Sulfide;0.0015748031496062992
43;41 Acetaldehyde;0.0015748031496062992
44;42 Cyanomethylene;0.0015748031496062992
45;43 3-Thioxo-1,2-Propadieylidene;0.0015748031496062992
46;44 Formamide;0.0015748031496062992
47;45 Cyanobutadiyne;0.0015748031496062992
48;46 Sulfur Dioxide;0.0015748031496062992
49;47 Methyl isocyanide;0.0015748031496062992
50;48 Nitric sulfide;0.0015748031496062992
51;49 Methylene;0.0015748031496062992
52;50 Hydrochloric acid;0.0015748031496062992
53;51 Ethyne Isocyanide;0.0015748031496062992
54;52 Cyanide Radical;0.0015748031496062992
55;54 Cyanic acid;0.0015748031496062992
56;55 Formaldehyde;0.0015748031496062992
57;56 Sulfur Monoxide;0.0015748031496062992
58;57 Protonate 2-proynenitrile;0.0015748031496062992
59;58 Ethynyl;0.0015748031496062992
60;59 Ethylene Glycol;0.0015748031496062992
61;60 Hydrogen Cyanide;0.0015748031496062992
62;61 Fluoromethyliumylidene;0.0015748031496062992
63;62 Methylidyne;0.0015748031496062992
64;63 Thioxoethenylidene;0.0015748031496062992
65;64 Cyanomethanimine;0.0015748031496062992
66;65 Silicon Monoxide;0.0015748031496062992
67;66 Dimethyl ether;0.0015748031496062992
68;67 Acetone;0.0015748031496062992
69;68 Carbon Monoxide;0.0015748031496062992
70;69 Phosphorous nitride;0.0015748031496062992
71;70 Thioformaldehyde;0.0015748031496062992
72;71 Diazenylium;0.0015748031496062992
73;72 Cyanoformaldehyde;0.0015748031496062992
74;73 Isothiocyanic acid;0.0015748031496062992
75;74 Vinyl Alcohol;0.0015748031496062992
76;75 Hydrogen Isocyanide;0.0015748031496062992
77;76 Carbon Monosulfide;0.0015748031496062992
78;77 Methylamine;0.0015748031496062992
79;78 Protonated Carbon Dioxide;0.0015748031496062992
80;79 Formic Acid;0.0015748031496062992
81;80 Cyclopropenylidene;0.0015748031496062992
82;81 Cyanoacetylene;0.0015748031496062992
83;82 para-Oxidaniumyl;0.0015748031496062992
84;83 ortho-Oxidaniumyl;0.0015748031496062992
85;84 Nitrosyl hydride;0.0015748031496062992
