1;8 Methyliumylidene;0.651497005988024
2;9 Iminomethylium;0.19940119760479041
3;0 Isocyanic Acid;0.0017964071856287425
4;1 Propenal;0.0017964071856287425
5;2 Ketene;0.0017964071856287425
6;3 Oxonium hydride;0.0017964071856287425
7;4 Thioformylium;0.0017964071856287425
8;5 Vinyl Cyanide;0.0017964071856287425
9;6 Methyl Formate;0.0017964071856287425
10;7 Hydroxyl;0.0017964071856287425
11;10 Hydroxymethylium ion;0.0017964071856287425
12;11 2-Propynal;0.0017964071856287425
13;12 Carbon Monosulfide;0.0017964071856287425
14;13 Cyanomethyl;0.0017964071856287425
15;14 Methyl Acetylene;0.0017964071856287425
16;15 2-Butynenitrile;0.0017964071856287425
17;16 Methyl formate vt01;0.0017964071856287425
18;17 Ethyl Cyanide;0.0017964071856287425
19;18 gauche-Ethanol;0.0017964071856287425
20;19 Glycolaldehyde;0.0017964071856287425
21;20 Water;0.0017964071856287425
22;21 Hydrogen sulfide;0.0017964071856287425
23;22 Sulfur Monoxide ion;0.0017964071856287425
24;23 1,3-Butadiynyl radical;0.0017964071856287425
25;24 Formylium;0.0017964071856287425
26;25 Fulminic acid;0.0017964071856287425
27;26 Trihydrogen ion;0.0017964071856287425
28;27 Methanimine;0.0017964071856287425
29;28 Nitrous Oxide;0.0017964071856287425
30;29 Propadienylidene;0.0017964071856287425
31;30 Ethylene Oxide;0.0017964071856287425
32;31 Ketenimine;0.0017964071856287425
33;32 2,4,6-Heptatriynenitrile;0.0017964071856287425
34;33 Aminoacetonitrile;0.0017964071856287425
35;34 Methanol;0.0017964071856287425
36;35 Ammonia;0.0017964071856287425
37;36 Formyl Radical;0.0017964071856287425
38;37 Methyl Cyanide;0.0017964071856287425
39;38 Molecular oxygen;0.0017964071856287425
40;39 Cyclopropenone;0.0017964071856287425
41;40 Carbonyl Sulfide;0.0017964071856287425
42;41 Acetaldehyde;0.0017964071856287425
43;42 Cyanomethylene;0.0017964071856287425
44;43 3-Thioxo-1,2-Propadieylidene;0.0017964071856287425
45;44 Formamide;0.0017964071856287425
46;45 Cyanobutadiyne;0.0017964071856287425
47;46 Sulfur Dioxide;0.0017964071856287425
48;47 Methyl isocyanide;0.0017964071856287425
49;48 Nitric sulfide;0.0017964071856287425
50;49 Methylene;0.0017964071856287425
51;50 Hydrochloric acid;0.0017964071856287425
52;51 Ethyne Isocyanide;0.0017964071856287425
53;52 Cyanide Radical;0.0017964071856287425
54;53 Nitric oxide;0.0017964071856287425
55;54 Cyanic acid;0.0017964071856287425
56;55 Formaldehyde;0.0017964071856287425
57;56 Sulfur Monoxide;0.0017964071856287425
58;57 Protonate 2-proynenitrile;0.0017964071856287425
59;58 Ethynyl;0.0017964071856287425
60;59 Ethylene Glycol;0.0017964071856287425
61;60 Hydrogen Cyanide;0.0017964071856287425
62;61 Fluoromethyliumylidene;0.0017964071856287425
63;62 Methylidyne;0.0017964071856287425
64;63 Thioxoethenylidene;0.0017964071856287425
65;64 Cyanomethanimine;0.0017964071856287425
66;65 Silicon Monoxide;0.0017964071856287425
67;66 Dimethyl ether;0.0017964071856287425
68;67 Acetone;0.0017964071856287425
69;68 Carbon Monoxide;0.0017964071856287425
70;69 Phosphorous nitride;0.0017964071856287425
71;70 Thioformaldehyde;0.0017964071856287425
72;71 Diazenylium;0.0017964071856287425
73;72 Cyanoformaldehyde;0.0017964071856287425
74;73 Isothiocyanic acid;0.0017964071856287425
75;74 Vinyl Alcohol;0.0017964071856287425
76;75 Hydrogen Isocyanide;0.0017964071856287425
77;76 Carbon Monosulfide;0.0017964071856287425
78;77 Methylamine;0.0017964071856287425
79;78 Protonated Carbon Dioxide;0.0017964071856287425
80;79 Formic Acid;0.0017964071856287425
81;80 Cyclopropenylidene;0.0017964071856287425
82;81 Cyanoacetylene;0.0017964071856287425
83;82 para-Oxidaniumyl;0.0017964071856287425
84;83 ortho-Oxidaniumyl;0.0017964071856287425
85;84 Nitrosyl hydride;0.0017964071856287425
