1;51 Ethyne Isocyanide;0.7017751479289941
2;0 Isocyanic Acid;0.0035502958579881655
3;1 Propenal;0.0035502958579881655
4;2 Ketene;0.0035502958579881655
5;3 Oxonium hydride;0.0035502958579881655
6;4 Thioformylium;0.0035502958579881655
7;5 Vinyl Cyanide;0.0035502958579881655
8;6 Methyl Formate;0.0035502958579881655
9;7 Hydroxyl;0.0035502958579881655
10;8 Methyliumylidene;0.0035502958579881655
11;9 Iminomethylium;0.0035502958579881655
12;10 Hydroxymethylium ion;0.0035502958579881655
13;11 2-Propynal;0.0035502958579881655
14;12 Carbon Monosulfide;0.0035502958579881655
15;13 Cyanomethyl;0.0035502958579881655
16;14 Methyl Acetylene;0.0035502958579881655
17;15 2-Butynenitrile;0.0035502958579881655
18;16 Methyl formate vt01;0.0035502958579881655
19;17 Ethyl Cyanide;0.0035502958579881655
20;18 gauche-Ethanol;0.0035502958579881655
21;19 Glycolaldehyde;0.0035502958579881655
22;20 Water;0.0035502958579881655
23;21 Hydrogen sulfide;0.0035502958579881655
24;22 Sulfur Monoxide ion;0.0035502958579881655
25;23 1,3-Butadiynyl radical;0.0035502958579881655
26;24 Formylium;0.0035502958579881655
27;25 Fulminic acid;0.0035502958579881655
28;26 Trihydrogen ion;0.0035502958579881655
29;27 Methanimine;0.0035502958579881655
30;28 Nitrous Oxide;0.0035502958579881655
31;29 Propadienylidene;0.0035502958579881655
32;30 Ethylene Oxide;0.0035502958579881655
33;31 Ketenimine;0.0035502958579881655
34;32 2,4,6-Heptatriynenitrile;0.0035502958579881655
35;33 Aminoacetonitrile;0.0035502958579881655
36;34 Methanol;0.0035502958579881655
37;35 Ammonia;0.0035502958579881655
38;36 Formyl Radical;0.0035502958579881655
39;37 Methyl Cyanide;0.0035502958579881655
40;38 Molecular oxygen;0.0035502958579881655
41;39 Cyclopropenone;0.0035502958579881655
42;40 Carbonyl Sulfide;0.0035502958579881655
43;41 Acetaldehyde;0.0035502958579881655
44;42 Cyanomethylene;0.0035502958579881655
45;43 3-Thioxo-1,2-Propadieylidene;0.0035502958579881655
46;44 Formamide;0.0035502958579881655
47;45 Cyanobutadiyne;0.0035502958579881655
48;46 Sulfur Dioxide;0.0035502958579881655
49;47 Methyl isocyanide;0.0035502958579881655
50;48 Nitric sulfide;0.0035502958579881655
51;49 Methylene;0.0035502958579881655
52;50 Hydrochloric acid;0.0035502958579881655
53;52 Cyanide Radical;0.0035502958579881655
54;53 Nitric oxide;0.0035502958579881655
55;54 Cyanic acid;0.0035502958579881655
56;55 Formaldehyde;0.0035502958579881655
57;56 Sulfur Monoxide;0.0035502958579881655
58;57 Protonate 2-proynenitrile;0.0035502958579881655
59;58 Ethynyl;0.0035502958579881655
60;59 Ethylene Glycol;0.0035502958579881655
61;60 Hydrogen Cyanide;0.0035502958579881655
62;61 Fluoromethyliumylidene;0.0035502958579881655
63;62 Methylidyne;0.0035502958579881655
64;63 Thioxoethenylidene;0.0035502958579881655
65;64 Cyanomethanimine;0.0035502958579881655
66;65 Silicon Monoxide;0.0035502958579881655
67;66 Dimethyl ether;0.0035502958579881655
68;67 Acetone;0.0035502958579881655
69;68 Carbon Monoxide;0.0035502958579881655
70;69 Phosphorous nitride;0.0035502958579881655
71;70 Thioformaldehyde;0.0035502958579881655
72;71 Diazenylium;0.0035502958579881655
73;72 Cyanoformaldehyde;0.0035502958579881655
74;73 Isothiocyanic acid;0.0035502958579881655
75;74 Vinyl Alcohol;0.0035502958579881655
76;75 Hydrogen Isocyanide;0.0035502958579881655
77;76 Carbon Monosulfide;0.0035502958579881655
78;77 Methylamine;0.0035502958579881655
79;78 Protonated Carbon Dioxide;0.0035502958579881655
80;79 Formic Acid;0.0035502958579881655
81;80 Cyclopropenylidene;0.0035502958579881655
82;81 Cyanoacetylene;0.0035502958579881655
83;82 para-Oxidaniumyl;0.0035502958579881655
84;83 ortho-Oxidaniumyl;0.0035502958579881655
85;84 Nitrosyl hydride;0.0035502958579881655
