1;43 3-Thioxo-1,2-Propadieylidene;0.8405970149253732
2;22 Sulfur Monoxide ion;0.004776119402985075
3;72 Cyanoformaldehyde;0.004776119402985075
4;83 ortho-Oxidaniumyl;0.004776119402985075
5;0 Isocyanic Acid;0.001791044776119403
6;1 Propenal;0.001791044776119403
7;2 Ketene;0.001791044776119403
8;3 Oxonium hydride;0.001791044776119403
9;4 Thioformylium;0.001791044776119403
10;5 Vinyl Cyanide;0.001791044776119403
11;6 Methyl Formate;0.001791044776119403
12;7 Hydroxyl;0.001791044776119403
13;8 Methyliumylidene;0.001791044776119403
14;9 Iminomethylium;0.001791044776119403
15;10 Hydroxymethylium ion;0.001791044776119403
16;11 2-Propynal;0.001791044776119403
17;12 Carbon Monosulfide;0.001791044776119403
18;13 Cyanomethyl;0.001791044776119403
19;14 Methyl Acetylene;0.001791044776119403
20;15 2-Butynenitrile;0.001791044776119403
21;16 Methyl formate vt01;0.001791044776119403
22;17 Ethyl Cyanide;0.001791044776119403
23;18 gauche-Ethanol;0.001791044776119403
24;19 Glycolaldehyde;0.001791044776119403
25;20 Water;0.001791044776119403
26;21 Hydrogen sulfide;0.001791044776119403
27;23 1,3-Butadiynyl radical;0.001791044776119403
28;24 Formylium;0.001791044776119403
29;25 Fulminic acid;0.001791044776119403
30;26 Trihydrogen ion;0.001791044776119403
31;27 Methanimine;0.001791044776119403
32;28 Nitrous Oxide;0.001791044776119403
33;29 Propadienylidene;0.001791044776119403
34;30 Ethylene Oxide;0.001791044776119403
35;31 Ketenimine;0.001791044776119403
36;32 2,4,6-Heptatriynenitrile;0.001791044776119403
37;33 Aminoacetonitrile;0.001791044776119403
38;34 Methanol;0.001791044776119403
39;35 Ammonia;0.001791044776119403
40;36 Formyl Radical;0.001791044776119403
41;37 Methyl Cyanide;0.001791044776119403
42;38 Molecular oxygen;0.001791044776119403
43;39 Cyclopropenone;0.001791044776119403
44;40 Carbonyl Sulfide;0.001791044776119403
45;41 Acetaldehyde;0.001791044776119403
46;42 Cyanomethylene;0.001791044776119403
47;44 Formamide;0.001791044776119403
48;45 Cyanobutadiyne;0.001791044776119403
49;46 Sulfur Dioxide;0.001791044776119403
50;47 Methyl isocyanide;0.001791044776119403
51;48 Nitric sulfide;0.001791044776119403
52;49 Methylene;0.001791044776119403
53;50 Hydrochloric acid;0.001791044776119403
54;51 Ethyne Isocyanide;0.001791044776119403
55;52 Cyanide Radical;0.001791044776119403
56;53 Nitric oxide;0.001791044776119403
57;54 Cyanic acid;0.001791044776119403
58;55 Formaldehyde;0.001791044776119403
59;56 Sulfur Monoxide;0.001791044776119403
60;57 Protonate 2-proynenitrile;0.001791044776119403
61;58 Ethynyl;0.001791044776119403
62;59 Ethylene Glycol;0.001791044776119403
63;60 Hydrogen Cyanide;0.001791044776119403
64;61 Fluoromethyliumylidene;0.001791044776119403
65;62 Methylidyne;0.001791044776119403
66;63 Thioxoethenylidene;0.001791044776119403
67;64 Cyanomethanimine;0.001791044776119403
68;65 Silicon Monoxide;0.001791044776119403
69;66 Dimethyl ether;0.001791044776119403
70;67 Acetone;0.001791044776119403
71;68 Carbon Monoxide;0.001791044776119403
72;69 Phosphorous nitride;0.001791044776119403
73;70 Thioformaldehyde;0.001791044776119403
74;71 Diazenylium;0.001791044776119403
75;73 Isothiocyanic acid;0.001791044776119403
76;74 Vinyl Alcohol;0.001791044776119403
77;75 Hydrogen Isocyanide;0.001791044776119403
78;76 Carbon Monosulfide;0.001791044776119403
79;77 Methylamine;0.001791044776119403
80;78 Protonated Carbon Dioxide;0.001791044776119403
81;79 Formic Acid;0.001791044776119403
82;80 Cyclopropenylidene;0.001791044776119403
83;81 Cyanoacetylene;0.001791044776119403
84;82 para-Oxidaniumyl;0.001791044776119403
85;84 Nitrosyl hydride;0.001791044776119403
