1;68 Carbon Monoxide;0.7136842105263158
2;72 Cyanoformaldehyde;0.01368421052631579
3;59 Ethylene Glycol;0.008421052631578947
4;80 Cyclopropenylidene;0.008421052631578947
5;0 Isocyanic Acid;0.003157894736842105
6;1 Propenal;0.003157894736842105
7;2 Ketene;0.003157894736842105
8;3 Oxonium hydride;0.003157894736842105
9;4 Thioformylium;0.003157894736842105
10;5 Vinyl Cyanide;0.003157894736842105
11;6 Methyl Formate;0.003157894736842105
12;7 Hydroxyl;0.003157894736842105
13;8 Methyliumylidene;0.003157894736842105
14;9 Iminomethylium;0.003157894736842105
15;10 Hydroxymethylium ion;0.003157894736842105
16;11 2-Propynal;0.003157894736842105
17;12 Carbon Monosulfide;0.003157894736842105
18;13 Cyanomethyl;0.003157894736842105
19;14 Methyl Acetylene;0.003157894736842105
20;15 2-Butynenitrile;0.003157894736842105
21;16 Methyl formate vt01;0.003157894736842105
22;17 Ethyl Cyanide;0.003157894736842105
23;18 gauche-Ethanol;0.003157894736842105
24;19 Glycolaldehyde;0.003157894736842105
25;20 Water;0.003157894736842105
26;21 Hydrogen sulfide;0.003157894736842105
27;22 Sulfur Monoxide ion;0.003157894736842105
28;23 1,3-Butadiynyl radical;0.003157894736842105
29;24 Formylium;0.003157894736842105
30;25 Fulminic acid;0.003157894736842105
31;26 Trihydrogen ion;0.003157894736842105
32;27 Methanimine;0.003157894736842105
33;28 Nitrous Oxide;0.003157894736842105
34;29 Propadienylidene;0.003157894736842105
35;30 Ethylene Oxide;0.003157894736842105
36;31 Ketenimine;0.003157894736842105
37;32 2,4,6-Heptatriynenitrile;0.003157894736842105
38;33 Aminoacetonitrile;0.003157894736842105
39;34 Methanol;0.003157894736842105
40;35 Ammonia;0.003157894736842105
41;36 Formyl Radical;0.003157894736842105
42;37 Methyl Cyanide;0.003157894736842105
43;38 Molecular oxygen;0.003157894736842105
44;39 Cyclopropenone;0.003157894736842105
45;40 Carbonyl Sulfide;0.003157894736842105
46;41 Acetaldehyde;0.003157894736842105
47;42 Cyanomethylene;0.003157894736842105
48;43 3-Thioxo-1,2-Propadieylidene;0.003157894736842105
49;44 Formamide;0.003157894736842105
50;45 Cyanobutadiyne;0.003157894736842105
51;46 Sulfur Dioxide;0.003157894736842105
52;47 Methyl isocyanide;0.003157894736842105
53;48 Nitric sulfide;0.003157894736842105
54;49 Methylene;0.003157894736842105
55;50 Hydrochloric acid;0.003157894736842105
56;51 Ethyne Isocyanide;0.003157894736842105
57;52 Cyanide Radical;0.003157894736842105
58;53 Nitric oxide;0.003157894736842105
59;54 Cyanic acid;0.003157894736842105
60;55 Formaldehyde;0.003157894736842105
61;56 Sulfur Monoxide;0.003157894736842105
62;57 Protonate 2-proynenitrile;0.003157894736842105
63;58 Ethynyl;0.003157894736842105
64;60 Hydrogen Cyanide;0.003157894736842105
65;61 Fluoromethyliumylidene;0.003157894736842105
66;62 Methylidyne;0.003157894736842105
67;63 Thioxoethenylidene;0.003157894736842105
68;64 Cyanomethanimine;0.003157894736842105
69;65 Silicon Monoxide;0.003157894736842105
70;66 Dimethyl ether;0.003157894736842105
71;67 Acetone;0.003157894736842105
72;69 Phosphorous nitride;0.003157894736842105
73;70 Thioformaldehyde;0.003157894736842105
74;71 Diazenylium;0.003157894736842105
75;73 Isothiocyanic acid;0.003157894736842105
76;74 Vinyl Alcohol;0.003157894736842105
77;75 Hydrogen Isocyanide;0.003157894736842105
78;76 Carbon Monosulfide;0.003157894736842105
79;77 Methylamine;0.003157894736842105
80;78 Protonated Carbon Dioxide;0.003157894736842105
81;79 Formic Acid;0.003157894736842105
82;81 Cyanoacetylene;0.003157894736842105
83;82 para-Oxidaniumyl;0.003157894736842105
84;83 ortho-Oxidaniumyl;0.003157894736842105
85;84 Nitrosyl hydride;0.003157894736842105
