1;29 Propadienylidene;0.6663043478260869
2;2 Ketene;0.008695652173913044
3;7 Hydroxyl;0.008695652173913044
4;14 Methyl Acetylene;0.008695652173913044
5;34 Methanol;0.008695652173913044
6;40 Carbonyl Sulfide;0.008695652173913044
7;49 Methylene;0.008695652173913044
8;52 Cyanide Radical;0.008695652173913044
9;53 Nitric oxide;0.008695652173913044
10;61 Fluoromethyliumylidene;0.008695652173913044
11;62 Methylidyne;0.008695652173913044
12;66 Dimethyl ether;0.008695652173913044
13;0 Isocyanic Acid;0.003260869565217391
14;1 Propenal;0.003260869565217391
15;3 Oxonium hydride;0.003260869565217391
16;4 Thioformylium;0.003260869565217391
17;5 Vinyl Cyanide;0.003260869565217391
18;6 Methyl Formate;0.003260869565217391
19;8 Methyliumylidene;0.003260869565217391
20;9 Iminomethylium;0.003260869565217391
21;10 Hydroxymethylium ion;0.003260869565217391
22;11 2-Propynal;0.003260869565217391
23;12 Carbon Monosulfide;0.003260869565217391
24;13 Cyanomethyl;0.003260869565217391
25;15 2-Butynenitrile;0.003260869565217391
26;16 Methyl formate vt01;0.003260869565217391
27;17 Ethyl Cyanide;0.003260869565217391
28;18 gauche-Ethanol;0.003260869565217391
29;19 Glycolaldehyde;0.003260869565217391
30;20 Water;0.003260869565217391
31;21 Hydrogen sulfide;0.003260869565217391
32;22 Sulfur Monoxide ion;0.003260869565217391
33;23 1,3-Butadiynyl radical;0.003260869565217391
34;24 Formylium;0.003260869565217391
35;25 Fulminic acid;0.003260869565217391
36;26 Trihydrogen ion;0.003260869565217391
37;27 Methanimine;0.003260869565217391
38;28 Nitrous Oxide;0.003260869565217391
39;30 Ethylene Oxide;0.003260869565217391
40;31 Ketenimine;0.003260869565217391
41;32 2,4,6-Heptatriynenitrile;0.003260869565217391
42;33 Aminoacetonitrile;0.003260869565217391
43;35 Ammonia;0.003260869565217391
44;36 Formyl Radical;0.003260869565217391
45;37 Methyl Cyanide;0.003260869565217391
46;38 Molecular oxygen;0.003260869565217391
47;39 Cyclopropenone;0.003260869565217391
48;41 Acetaldehyde;0.003260869565217391
49;42 Cyanomethylene;0.003260869565217391
50;43 3-Thioxo-1,2-Propadieylidene;0.003260869565217391
51;44 Formamide;0.003260869565217391
52;45 Cyanobutadiyne;0.003260869565217391
53;46 Sulfur Dioxide;0.003260869565217391
54;47 Methyl isocyanide;0.003260869565217391
55;48 Nitric sulfide;0.003260869565217391
56;50 Hydrochloric acid;0.003260869565217391
57;51 Ethyne Isocyanide;0.003260869565217391
58;54 Cyanic acid;0.003260869565217391
59;55 Formaldehyde;0.003260869565217391
60;56 Sulfur Monoxide;0.003260869565217391
61;57 Protonate 2-proynenitrile;0.003260869565217391
62;58 Ethynyl;0.003260869565217391
63;59 Ethylene Glycol;0.003260869565217391
64;60 Hydrogen Cyanide;0.003260869565217391
65;63 Thioxoethenylidene;0.003260869565217391
66;64 Cyanomethanimine;0.003260869565217391
67;65 Silicon Monoxide;0.003260869565217391
68;67 Acetone;0.003260869565217391
69;68 Carbon Monoxide;0.003260869565217391
70;69 Phosphorous nitride;0.003260869565217391
71;70 Thioformaldehyde;0.003260869565217391
72;71 Diazenylium;0.003260869565217391
73;72 Cyanoformaldehyde;0.003260869565217391
74;73 Isothiocyanic acid;0.003260869565217391
75;74 Vinyl Alcohol;0.003260869565217391
76;75 Hydrogen Isocyanide;0.003260869565217391
77;76 Carbon Monosulfide;0.003260869565217391
78;77 Methylamine;0.003260869565217391
79;78 Protonated Carbon Dioxide;0.003260869565217391
80;79 Formic Acid;0.003260869565217391
81;80 Cyclopropenylidene;0.003260869565217391
82;81 Cyanoacetylene;0.003260869565217391
83;82 para-Oxidaniumyl;0.003260869565217391
84;83 ortho-Oxidaniumyl;0.003260869565217391
85;84 Nitrosyl hydride;0.003260869565217391
