1;9 Iminomethylium;0.7347368421052631
2;0 Isocyanic Acid;0.003157894736842105
3;1 Propenal;0.003157894736842105
4;2 Ketene;0.003157894736842105
5;3 Oxonium hydride;0.003157894736842105
6;4 Thioformylium;0.003157894736842105
7;5 Vinyl Cyanide;0.003157894736842105
8;6 Methyl Formate;0.003157894736842105
9;7 Hydroxyl;0.003157894736842105
10;8 Methyliumylidene;0.003157894736842105
11;10 Hydroxymethylium ion;0.003157894736842105
12;11 2-Propynal;0.003157894736842105
13;12 Carbon Monosulfide;0.003157894736842105
14;13 Cyanomethyl;0.003157894736842105
15;14 Methyl Acetylene;0.003157894736842105
16;15 2-Butynenitrile;0.003157894736842105
17;16 Methyl formate vt01;0.003157894736842105
18;17 Ethyl Cyanide;0.003157894736842105
19;18 gauche-Ethanol;0.003157894736842105
20;19 Glycolaldehyde;0.003157894736842105
21;20 Water;0.003157894736842105
22;21 Hydrogen sulfide;0.003157894736842105
23;22 Sulfur Monoxide ion;0.003157894736842105
24;23 1,3-Butadiynyl radical;0.003157894736842105
25;24 Formylium;0.003157894736842105
26;25 Fulminic acid;0.003157894736842105
27;26 Trihydrogen ion;0.003157894736842105
28;27 Methanimine;0.003157894736842105
29;28 Nitrous Oxide;0.003157894736842105
30;29 Propadienylidene;0.003157894736842105
31;30 Ethylene Oxide;0.003157894736842105
32;31 Ketenimine;0.003157894736842105
33;32 2,4,6-Heptatriynenitrile;0.003157894736842105
34;33 Aminoacetonitrile;0.003157894736842105
35;34 Methanol;0.003157894736842105
36;35 Ammonia;0.003157894736842105
37;36 Formyl Radical;0.003157894736842105
38;37 Methyl Cyanide;0.003157894736842105
39;38 Molecular oxygen;0.003157894736842105
40;39 Cyclopropenone;0.003157894736842105
41;40 Carbonyl Sulfide;0.003157894736842105
42;41 Acetaldehyde;0.003157894736842105
43;42 Cyanomethylene;0.003157894736842105
44;43 3-Thioxo-1,2-Propadieylidene;0.003157894736842105
45;44 Formamide;0.003157894736842105
46;45 Cyanobutadiyne;0.003157894736842105
47;46 Sulfur Dioxide;0.003157894736842105
48;47 Methyl isocyanide;0.003157894736842105
49;48 Nitric sulfide;0.003157894736842105
50;49 Methylene;0.003157894736842105
51;50 Hydrochloric acid;0.003157894736842105
52;51 Ethyne Isocyanide;0.003157894736842105
53;52 Cyanide Radical;0.003157894736842105
54;53 Nitric oxide;0.003157894736842105
55;54 Cyanic acid;0.003157894736842105
56;55 Formaldehyde;0.003157894736842105
57;56 Sulfur Monoxide;0.003157894736842105
58;57 Protonate 2-proynenitrile;0.003157894736842105
59;58 Ethynyl;0.003157894736842105
60;59 Ethylene Glycol;0.003157894736842105
61;60 Hydrogen Cyanide;0.003157894736842105
62;61 Fluoromethyliumylidene;0.003157894736842105
63;62 Methylidyne;0.003157894736842105
64;63 Thioxoethenylidene;0.003157894736842105
65;64 Cyanomethanimine;0.003157894736842105
66;65 Silicon Monoxide;0.003157894736842105
67;66 Dimethyl ether;0.003157894736842105
68;67 Acetone;0.003157894736842105
69;68 Carbon Monoxide;0.003157894736842105
70;69 Phosphorous nitride;0.003157894736842105
71;70 Thioformaldehyde;0.003157894736842105
72;71 Diazenylium;0.003157894736842105
73;72 Cyanoformaldehyde;0.003157894736842105
74;73 Isothiocyanic acid;0.003157894736842105
75;74 Vinyl Alcohol;0.003157894736842105
76;75 Hydrogen Isocyanide;0.003157894736842105
77;76 Carbon Monosulfide;0.003157894736842105
78;77 Methylamine;0.003157894736842105
79;78 Protonated Carbon Dioxide;0.003157894736842105
80;79 Formic Acid;0.003157894736842105
81;80 Cyclopropenylidene;0.003157894736842105
82;81 Cyanoacetylene;0.003157894736842105
83;82 para-Oxidaniumyl;0.003157894736842105
84;83 ortho-Oxidaniumyl;0.003157894736842105
85;84 Nitrosyl hydride;0.003157894736842105
