1;61 Fluoromethyliumylidene;0.9257731958762887
2;0 Isocyanic Acid;0.0008836524300441826
3;1 Propenal;0.0008836524300441826
4;2 Ketene;0.0008836524300441826
5;3 Oxonium hydride;0.0008836524300441826
6;4 Thioformylium;0.0008836524300441826
7;5 Vinyl Cyanide;0.0008836524300441826
8;6 Methyl Formate;0.0008836524300441826
9;7 Hydroxyl;0.0008836524300441826
10;8 Methyliumylidene;0.0008836524300441826
11;9 Iminomethylium;0.0008836524300441826
12;10 Hydroxymethylium ion;0.0008836524300441826
13;11 2-Propynal;0.0008836524300441826
14;12 Carbon Monosulfide;0.0008836524300441826
15;13 Cyanomethyl;0.0008836524300441826
16;14 Methyl Acetylene;0.0008836524300441826
17;15 2-Butynenitrile;0.0008836524300441826
18;16 Methyl formate vt01;0.0008836524300441826
19;17 Ethyl Cyanide;0.0008836524300441826
20;18 gauche-Ethanol;0.0008836524300441826
21;19 Glycolaldehyde;0.0008836524300441826
22;20 Water;0.0008836524300441826
23;21 Hydrogen sulfide;0.0008836524300441826
24;22 Sulfur Monoxide ion;0.0008836524300441826
25;23 1,3-Butadiynyl radical;0.0008836524300441826
26;24 Formylium;0.0008836524300441826
27;25 Fulminic acid;0.0008836524300441826
28;26 Trihydrogen ion;0.0008836524300441826
29;27 Methanimine;0.0008836524300441826
30;28 Nitrous Oxide;0.0008836524300441826
31;29 Propadienylidene;0.0008836524300441826
32;30 Ethylene Oxide;0.0008836524300441826
33;31 Ketenimine;0.0008836524300441826
34;32 2,4,6-Heptatriynenitrile;0.0008836524300441826
35;33 Aminoacetonitrile;0.0008836524300441826
36;34 Methanol;0.0008836524300441826
37;35 Ammonia;0.0008836524300441826
38;36 Formyl Radical;0.0008836524300441826
39;37 Methyl Cyanide;0.0008836524300441826
40;38 Molecular oxygen;0.0008836524300441826
41;39 Cyclopropenone;0.0008836524300441826
42;40 Carbonyl Sulfide;0.0008836524300441826
43;41 Acetaldehyde;0.0008836524300441826
44;42 Cyanomethylene;0.0008836524300441826
45;43 3-Thioxo-1,2-Propadieylidene;0.0008836524300441826
46;44 Formamide;0.0008836524300441826
47;45 Cyanobutadiyne;0.0008836524300441826
48;46 Sulfur Dioxide;0.0008836524300441826
49;47 Methyl isocyanide;0.0008836524300441826
50;48 Nitric sulfide;0.0008836524300441826
51;49 Methylene;0.0008836524300441826
52;50 Hydrochloric acid;0.0008836524300441826
53;51 Ethyne Isocyanide;0.0008836524300441826
54;52 Cyanide Radical;0.0008836524300441826
55;53 Nitric oxide;0.0008836524300441826
56;54 Cyanic acid;0.0008836524300441826
57;55 Formaldehyde;0.0008836524300441826
58;56 Sulfur Monoxide;0.0008836524300441826
59;57 Protonate 2-proynenitrile;0.0008836524300441826
60;58 Ethynyl;0.0008836524300441826
61;59 Ethylene Glycol;0.0008836524300441826
62;60 Hydrogen Cyanide;0.0008836524300441826
63;62 Methylidyne;0.0008836524300441826
64;63 Thioxoethenylidene;0.0008836524300441826
65;64 Cyanomethanimine;0.0008836524300441826
66;65 Silicon Monoxide;0.0008836524300441826
67;66 Dimethyl ether;0.0008836524300441826
68;67 Acetone;0.0008836524300441826
69;68 Carbon Monoxide;0.0008836524300441826
70;69 Phosphorous nitride;0.0008836524300441826
71;70 Thioformaldehyde;0.0008836524300441826
72;71 Diazenylium;0.0008836524300441826
73;72 Cyanoformaldehyde;0.0008836524300441826
74;73 Isothiocyanic acid;0.0008836524300441826
75;74 Vinyl Alcohol;0.0008836524300441826
76;75 Hydrogen Isocyanide;0.0008836524300441826
77;76 Carbon Monosulfide;0.0008836524300441826
78;77 Methylamine;0.0008836524300441826
79;78 Protonated Carbon Dioxide;0.0008836524300441826
80;79 Formic Acid;0.0008836524300441826
81;80 Cyclopropenylidene;0.0008836524300441826
82;81 Cyanoacetylene;0.0008836524300441826
83;82 para-Oxidaniumyl;0.0008836524300441826
84;83 ortho-Oxidaniumyl;0.0008836524300441826
85;84 Nitrosyl hydride;0.0008836524300441826
