1;25 Fulminic acid;0.9169366715758469
2;7 Hydroxyl;0.0023564064801178206
3;10 Hydroxymethylium ion;0.0023564064801178206
4;11 2-Propynal;0.0023564064801178206
5;41 Acetaldehyde;0.0023564064801178206
6;61 Fluoromethyliumylidene;0.0023564064801178206
7;83 ortho-Oxidaniumyl;0.0023564064801178206
8;0 Isocyanic Acid;0.0008836524300441826
9;1 Propenal;0.0008836524300441826
10;2 Ketene;0.0008836524300441826
11;3 Oxonium hydride;0.0008836524300441826
12;4 Thioformylium;0.0008836524300441826
13;5 Vinyl Cyanide;0.0008836524300441826
14;6 Methyl Formate;0.0008836524300441826
15;8 Methyliumylidene;0.0008836524300441826
16;9 Iminomethylium;0.0008836524300441826
17;12 Carbon Monosulfide;0.0008836524300441826
18;13 Cyanomethyl;0.0008836524300441826
19;14 Methyl Acetylene;0.0008836524300441826
20;15 2-Butynenitrile;0.0008836524300441826
21;16 Methyl formate vt01;0.0008836524300441826
22;17 Ethyl Cyanide;0.0008836524300441826
23;18 gauche-Ethanol;0.0008836524300441826
24;19 Glycolaldehyde;0.0008836524300441826
25;20 Water;0.0008836524300441826
26;21 Hydrogen sulfide;0.0008836524300441826
27;22 Sulfur Monoxide ion;0.0008836524300441826
28;23 1,3-Butadiynyl radical;0.0008836524300441826
29;24 Formylium;0.0008836524300441826
30;26 Trihydrogen ion;0.0008836524300441826
31;27 Methanimine;0.0008836524300441826
32;28 Nitrous Oxide;0.0008836524300441826
33;29 Propadienylidene;0.0008836524300441826
34;30 Ethylene Oxide;0.0008836524300441826
35;31 Ketenimine;0.0008836524300441826
36;32 2,4,6-Heptatriynenitrile;0.0008836524300441826
37;33 Aminoacetonitrile;0.0008836524300441826
38;34 Methanol;0.0008836524300441826
39;35 Ammonia;0.0008836524300441826
40;36 Formyl Radical;0.0008836524300441826
41;37 Methyl Cyanide;0.0008836524300441826
42;38 Molecular oxygen;0.0008836524300441826
43;39 Cyclopropenone;0.0008836524300441826
44;40 Carbonyl Sulfide;0.0008836524300441826
45;42 Cyanomethylene;0.0008836524300441826
46;43 3-Thioxo-1,2-Propadieylidene;0.0008836524300441826
47;44 Formamide;0.0008836524300441826
48;45 Cyanobutadiyne;0.0008836524300441826
49;46 Sulfur Dioxide;0.0008836524300441826
50;47 Methyl isocyanide;0.0008836524300441826
51;48 Nitric sulfide;0.0008836524300441826
52;49 Methylene;0.0008836524300441826
53;50 Hydrochloric acid;0.0008836524300441826
54;51 Ethyne Isocyanide;0.0008836524300441826
55;52 Cyanide Radical;0.0008836524300441826
56;53 Nitric oxide;0.0008836524300441826
57;54 Cyanic acid;0.0008836524300441826
58;55 Formaldehyde;0.0008836524300441826
59;56 Sulfur Monoxide;0.0008836524300441826
60;57 Protonate 2-proynenitrile;0.0008836524300441826
61;58 Ethynyl;0.0008836524300441826
62;59 Ethylene Glycol;0.0008836524300441826
63;60 Hydrogen Cyanide;0.0008836524300441826
64;62 Methylidyne;0.0008836524300441826
65;63 Thioxoethenylidene;0.0008836524300441826
66;64 Cyanomethanimine;0.0008836524300441826
67;65 Silicon Monoxide;0.0008836524300441826
68;66 Dimethyl ether;0.0008836524300441826
69;67 Acetone;0.0008836524300441826
70;68 Carbon Monoxide;0.0008836524300441826
71;69 Phosphorous nitride;0.0008836524300441826
72;70 Thioformaldehyde;0.0008836524300441826
73;71 Diazenylium;0.0008836524300441826
74;72 Cyanoformaldehyde;0.0008836524300441826
75;73 Isothiocyanic acid;0.0008836524300441826
76;74 Vinyl Alcohol;0.0008836524300441826
77;75 Hydrogen Isocyanide;0.0008836524300441826
78;76 Carbon Monosulfide;0.0008836524300441826
79;77 Methylamine;0.0008836524300441826
80;78 Protonated Carbon Dioxide;0.0008836524300441826
81;79 Formic Acid;0.0008836524300441826
82;80 Cyclopropenylidene;0.0008836524300441826
83;81 Cyanoacetylene;0.0008836524300441826
84;82 para-Oxidaniumyl;0.0008836524300441826
85;84 Nitrosyl hydride;0.0008836524300441826
