1;8 Methyliumylidene;0.9257731958762887
2;0 Isocyanic Acid;0.0008836524300441826
3;1 Propenal;0.0008836524300441826
4;2 Ketene;0.0008836524300441826
5;3 Oxonium hydride;0.0008836524300441826
6;4 Thioformylium;0.0008836524300441826
7;5 Vinyl Cyanide;0.0008836524300441826
8;6 Methyl Formate;0.0008836524300441826
9;7 Hydroxyl;0.0008836524300441826
10;9 Iminomethylium;0.0008836524300441826
11;10 Hydroxymethylium ion;0.0008836524300441826
12;11 2-Propynal;0.0008836524300441826
13;12 Carbon Monosulfide;0.0008836524300441826
14;13 Cyanomethyl;0.0008836524300441826
15;14 Methyl Acetylene;0.0008836524300441826
16;15 2-Butynenitrile;0.0008836524300441826
17;16 Methyl formate vt01;0.0008836524300441826
18;17 Ethyl Cyanide;0.0008836524300441826
19;18 gauche-Ethanol;0.0008836524300441826
20;19 Glycolaldehyde;0.0008836524300441826
21;20 Water;0.0008836524300441826
22;21 Hydrogen sulfide;0.0008836524300441826
23;22 Sulfur Monoxide ion;0.0008836524300441826
24;23 1,3-Butadiynyl radical;0.0008836524300441826
25;24 Formylium;0.0008836524300441826
26;25 Fulminic acid;0.0008836524300441826
27;26 Trihydrogen ion;0.0008836524300441826
28;27 Methanimine;0.0008836524300441826
29;28 Nitrous Oxide;0.0008836524300441826
30;29 Propadienylidene;0.0008836524300441826
31;30 Ethylene Oxide;0.0008836524300441826
32;31 Ketenimine;0.0008836524300441826
33;32 2,4,6-Heptatriynenitrile;0.0008836524300441826
34;33 Aminoacetonitrile;0.0008836524300441826
35;34 Methanol;0.0008836524300441826
36;35 Ammonia;0.0008836524300441826
37;36 Formyl Radical;0.0008836524300441826
38;37 Methyl Cyanide;0.0008836524300441826
39;38 Molecular oxygen;0.0008836524300441826
40;39 Cyclopropenone;0.0008836524300441826
41;40 Carbonyl Sulfide;0.0008836524300441826
42;41 Acetaldehyde;0.0008836524300441826
43;42 Cyanomethylene;0.0008836524300441826
44;43 3-Thioxo-1,2-Propadieylidene;0.0008836524300441826
45;44 Formamide;0.0008836524300441826
46;45 Cyanobutadiyne;0.0008836524300441826
47;46 Sulfur Dioxide;0.0008836524300441826
48;47 Methyl isocyanide;0.0008836524300441826
49;48 Nitric sulfide;0.0008836524300441826
50;49 Methylene;0.0008836524300441826
51;50 Hydrochloric acid;0.0008836524300441826
52;51 Ethyne Isocyanide;0.0008836524300441826
53;52 Cyanide Radical;0.0008836524300441826
54;53 Nitric oxide;0.0008836524300441826
55;54 Cyanic acid;0.0008836524300441826
56;55 Formaldehyde;0.0008836524300441826
57;56 Sulfur Monoxide;0.0008836524300441826
58;57 Protonate 2-proynenitrile;0.0008836524300441826
59;58 Ethynyl;0.0008836524300441826
60;59 Ethylene Glycol;0.0008836524300441826
61;60 Hydrogen Cyanide;0.0008836524300441826
62;61 Fluoromethyliumylidene;0.0008836524300441826
63;62 Methylidyne;0.0008836524300441826
64;63 Thioxoethenylidene;0.0008836524300441826
65;64 Cyanomethanimine;0.0008836524300441826
66;65 Silicon Monoxide;0.0008836524300441826
67;66 Dimethyl ether;0.0008836524300441826
68;67 Acetone;0.0008836524300441826
69;68 Carbon Monoxide;0.0008836524300441826
70;69 Phosphorous nitride;0.0008836524300441826
71;70 Thioformaldehyde;0.0008836524300441826
72;71 Diazenylium;0.0008836524300441826
73;72 Cyanoformaldehyde;0.0008836524300441826
74;73 Isothiocyanic acid;0.0008836524300441826
75;74 Vinyl Alcohol;0.0008836524300441826
76;75 Hydrogen Isocyanide;0.0008836524300441826
77;76 Carbon Monosulfide;0.0008836524300441826
78;77 Methylamine;0.0008836524300441826
79;78 Protonated Carbon Dioxide;0.0008836524300441826
80;79 Formic Acid;0.0008836524300441826
81;80 Cyclopropenylidene;0.0008836524300441826
82;81 Cyanoacetylene;0.0008836524300441826
83;82 para-Oxidaniumyl;0.0008836524300441826
84;83 ortho-Oxidaniumyl;0.0008836524300441826
85;84 Nitrosyl hydride;0.0008836524300441826
