1;13 Methyliumylidene;0.8496951219512194
2;0 Methylidyne;0.005182926829268293
3;1 Formaldehyde;0.005182926829268293
4;2 Sulfur dioxide;0.005182926829268293
5;3 Carbon Monoxide;0.005182926829268293
6;4 Acetaldehyde;0.005182926829268293
7;5 Water;0.005182926829268293
8;6 Imidogen;0.005182926829268293
9;7 Carbon Monoxide Ion;0.005182926829268293
10;8 Nitric sulfide;0.005182926829268293
11;9 Isocyanic Acid;0.005182926829268293
12;10 Formic Acid;0.005182926829268293
13;11 Amidogen;0.005182926829268293
14;12 Ethylene Glycol;0.005182926829268293
15;14 Cyanide Radical;0.005182926829268293
16;15 Carbonyl Sulfide;0.005182926829268293
17;16 Hydroxyl;0.005182926829268293
18;17 Nitric oxide;0.005182926829268293
19;18 Methyl Cyanide;0.005182926829268293
20;19 Cyclopropenylidene;0.005182926829268293
21;20 Sulfur Monoxide ion;0.005182926829268293
22;21 Methanol;0.005182926829268293
23;22 Thioformaldehyde;0.005182926829268293
24;23 Ammonia;0.005182926829268293
25;24 Cyanoacetylene;0.005182926829268293
26;25 Hydrogen Cyanide;0.005182926829268293
27;26 Hydrogen sulfide;0.005182926829268293
28;27 Molecular oxygen;0.005182926829268293
29;28 Hydrogen Isocyanide;0.005182926829268293
30;29 Formylium;0.005182926829268293
