1;13 Methyliumylidene;0.6053846153846154
2;5 Water;0.02076923076923077
3;7 Carbon Monoxide Ion;0.02076923076923077
4;0 Methylidyne;0.013076923076923076
5;1 Formaldehyde;0.013076923076923076
6;2 Sulfur dioxide;0.013076923076923076
7;3 Carbon Monoxide;0.013076923076923076
8;4 Acetaldehyde;0.013076923076923076
9;6 Imidogen;0.013076923076923076
10;8 Nitric sulfide;0.013076923076923076
11;9 Isocyanic Acid;0.013076923076923076
12;10 Formic Acid;0.013076923076923076
13;11 Amidogen;0.013076923076923076
14;12 Ethylene Glycol;0.013076923076923076
15;14 Cyanide Radical;0.013076923076923076
16;15 Carbonyl Sulfide;0.013076923076923076
17;16 Hydroxyl;0.013076923076923076
18;17 Nitric oxide;0.013076923076923076
19;18 Methyl Cyanide;0.013076923076923076
20;19 Cyclopropenylidene;0.013076923076923076
21;20 Sulfur Monoxide ion;0.013076923076923076
22;21 Methanol;0.013076923076923076
23;22 Thioformaldehyde;0.013076923076923076
24;23 Ammonia;0.013076923076923076
25;24 Cyanoacetylene;0.013076923076923076
26;25 Hydrogen Cyanide;0.013076923076923076
27;26 Hydrogen sulfide;0.013076923076923076
28;27 Molecular oxygen;0.013076923076923076
29;28 Hydrogen Isocyanide;0.013076923076923076
30;29 Formylium;0.013076923076923076
