1;28 Hydrogen Isocyanide;0.803515625
2;20 Sulfur Monoxide ion;0.010546875
3;0 Methylidyne;0.006640625
4;1 Formaldehyde;0.006640625
5;2 Sulfur dioxide;0.006640625
6;3 Carbon Monoxide;0.006640625
7;4 Acetaldehyde;0.006640625
8;5 Water;0.006640625
9;6 Imidogen;0.006640625
10;7 Carbon Monoxide Ion;0.006640625
11;8 Nitric sulfide;0.006640625
12;9 Isocyanic Acid;0.006640625
13;10 Formic Acid;0.006640625
14;11 Amidogen;0.006640625
15;12 Ethylene Glycol;0.006640625
16;13 Methyliumylidene;0.006640625
17;14 Cyanide Radical;0.006640625
18;15 Carbonyl Sulfide;0.006640625
19;16 Hydroxyl;0.006640625
20;17 Nitric oxide;0.006640625
21;18 Methyl Cyanide;0.006640625
22;19 Cyclopropenylidene;0.006640625
23;21 Methanol;0.006640625
24;22 Thioformaldehyde;0.006640625
25;23 Ammonia;0.006640625
26;24 Cyanoacetylene;0.006640625
27;25 Hydrogen Cyanide;0.006640625
28;26 Hydrogen sulfide;0.006640625
29;27 Molecular oxygen;0.006640625
30;29 Formylium;0.006640625
