1;0 Methanol;0.047619047619047616
2;1 Hydrogen fluoride;0.047619047619047616
3;2 Nitric oxide;0.047619047619047616
4;3 Formylium;0.047619047619047616
5;4 Sodium Chloride;0.047619047619047616
6;5 Sulfur dioxide;0.047619047619047616
7;6 para-Oxidaniumyl;0.047619047619047616
8;7 Sulfur Monoxide;0.047619047619047616
9;8 Butatrienylidene;0.047619047619047616
10;9 Carbon Monoxide;0.047619047619047616
11;10 Nitrous Oxide;0.047619047619047616
12;11 Cyanoacetylene;0.047619047619047616
13;12 Carbonyl Sulfide;0.047619047619047616
14;13 Molecular oxygen;0.047619047619047616
15;14 ortho-Oxidaniumyl;0.047619047619047616
16;15 Water;0.047619047619047616
17;16 Iminomethylium;0.047619047619047616
18;17 Hydrochloric acid;0.047619047619047616
19;18 Acetylene;0.047619047619047616
20;19 Hydrogen Cyanide;0.047619047619047616
