1;10 Hydrogen Cyanide;0.442307692308
2;115 Cyanoethynyl;0.025641025641
3;73 Silicon monosulfide;0.0149572649573
4;0 Dimethyl ether;0.0042735042735
5;1 Butatrienylidene;0.0042735042735
6;2 Nitrous Oxide;0.0042735042735
7;3 Methyl Acetylene;0.0042735042735
8;4 2,4,6-Heptatriynenitrile;0.0042735042735
9;5 2,4-Pentadiynylidyne;0.0042735042735
10;6 Ethylene Glycol;0.0042735042735
11;7 Methyl Cyanide;0.0042735042735
12;8 Thioformylium;0.0042735042735
13;9 para-Oxidaniumyl;0.0042735042735
14;11 Cyanide Radical;0.0042735042735
15;12 Formic Acid;0.0042735042735
16;13 Nitric sulfide;0.0042735042735
17;14 Iminomethylium;0.0042735042735
18;15 Nitrosyl hydride;0.0042735042735
19;16 Propynylidynium;0.0042735042735
20;17 Magnesium Cyanide;0.0042735042735
21;18 1,3-Butadiynyl anion;0.0042735042735
22;19 Diazenylium;0.0042735042735
23;20 Methylamine;0.0042735042735
24;21 Chloronium;0.0042735042735
25;22 Phosphorus Monoxide;0.0042735042735
26;23 Silicon monosulfide;0.0042735042735
27;24 Cyclopropenone;0.0042735042735
28;25 Carbon Monoxide Ion;0.0042735042735
29;26 Sodium Cyanide;0.0042735042735
30;27 Nitric oxide;0.0042735042735
31;28 3-Thioxo-1,2-Propadieylidene;0.0042735042735
32;29 Silicon Cyanide;0.0042735042735
33;30 Ethyne Isocyanide;0.0042735042735
34;31 Sodium Chloride;0.0042735042735
35;32 Cyanoacetylene;0.0042735042735
36;33 Sulfur Monoxide;0.0042735042735
37;34 Aluminum Isocyanitrile;0.0042735042735
38;35 Cyanobutadiyne;0.0042735042735
39;36 Carbon Monoxide;0.0042735042735
40;37 Silicon Mononitride;0.0042735042735
41;38 Propadienylidene;0.0042735042735
42;39 Methanimine;0.0042735042735
43;40 Aluminum Monofluoride;0.0042735042735
44;41 Formamide;0.0042735042735
45;42 1,3,5,7-Octatetraynyl anion;0.0042735042735
46;43 Aminoacetonitrile;0.0042735042735
47;44 Ammonia;0.0042735042735
48;45 gauche-Ethanol;0.0042735042735
49;46 Protonate 2-proynenitrile;0.0042735042735
50;47 Carbonyl Sulfide;0.0042735042735
51;48 Thioxoethenylidene;0.0042735042735
52;49 Water;0.0042735042735
53;50 Methyl Formate;0.0042735042735
54;51 Acetaldehyde;0.0042735042735
55;52 Ketenimine;0.0042735042735
56;53 Propenal;0.0042735042735
57;54 Methyl isocyanide;0.0042735042735
58;55 Protonated Carbon Dioxide;0.0042735042735
59;56 Methylidyne;0.0042735042735
60;57 Ketene;0.0042735042735
61;58 4-Cyano-1,3-Butadiynyl;0.0042735042735
62;59 Silicon Monoxide;0.0042735042735
63;60 Acetone;0.0042735042735
64;61 3-Imino-1,2 Propadienylidene;0.0042735042735
65;62 Vinyl Cyanide;0.0042735042735
66;63 Cyclopropenylidene;0.0042735042735
67;64 2,4,6-Heptatriynylidyne;0.0042735042735
68;65 Magnesium Isocyanide;0.0042735042735
69;66 Formaldehyde;0.0042735042735
70;67 Cyanobutadiynylide anion;0.0042735042735
71;68 Fulminic acid;0.0042735042735
72;69 Carbon Monosulfide;0.0042735042735
73;70 1,3,5-Hexatriynyl;0.0042735042735
74;71 1,3-Butadiynyl radical;0.0042735042735
75;72 1,3,5-Hexatriynyl anion;0.0042735042735
76;74 Silicon Carbide;0.0042735042735
77;75 Formylium;0.0042735042735
78;76 Ethylene Oxide;0.0042735042735
79;77 Sulfur dioxide;0.0042735042735
80;78 Carbon Monophosphide;0.0042735042735
81;79 Sulfur Monoxide ion;0.0042735042735
82;80 Methanol;0.0042735042735
83;81 Sulfur Dioxide;0.0042735042735
84;82 Cyanoformaldehyde;0.0042735042735
85;83 Isocyanic Acid;0.0042735042735
86;84 Silicon Isocyanide;0.0042735042735
87;85 Silicon Monocarbide;0.0042735042735
88;86 Phosphaethyne;0.0042735042735
89;87 Carbon Monosulfide;0.0042735042735
90;88 Methylene amidogen;0.0042735042735
91;89 Aluminum Monochloride;0.0042735042735
92;90 3-Oxo-1,2-Propadienylidene;0.0042735042735
93;91 Cyanoallene;0.0042735042735
94;92 Methyl diacetylene;0.0042735042735
95;93 Cyanomethylene;0.0042735042735
96;94 Cyanomethyl;0.0042735042735
97;95 Phosphapropynylidyne;0.0042735042735
98;96 Hydrogen Isocyanide;0.0042735042735
99;97 Hydrogen sulfide;0.0042735042735
100;98 Hydroxyl;0.0042735042735
101;99 Glycolaldehyde;0.0042735042735
102;100 2-Propynal;0.0042735042735
103;101 Ethynyl;0.0042735042735
104;102 Phosphorous nitride;0.0042735042735
105;103 Potassium chloride;0.0042735042735
106;104 Silicon tetracarbide;0.0042735042735
107;105 Ethyl Cyanide;0.0042735042735
108;106 Cyanamide;0.0042735042735
109;107 Amidogen;0.0042735042735
110;108 Formyl Radical;0.0042735042735
111;109 Vinyl Alcohol;0.0042735042735
112;110 ortho-Oxidaniumyl;0.0042735042735
113;111 Cyanoethynylide ion;0.0042735042735
114;112 Oxoethenylidene;0.0042735042735
115;113 2-Butynenitrile;0.0042735042735
116;114 3-Silanetetrayl-1,2-Propadienyli;0.0042735042735
117;116 3-Cyano-1,2-propadienylidene;0.0042735042735
118;117 Acetylene;0.0042735042735
119;118 Hydroxymethylium ion;0.0042735042735
120;119 Methyl formate vt01;0.0042735042735
121;120 Thioformaldehyde;0.0042735042735
122;121 Isothiocyanic acid;0.0042735042735
123;122 Butyronitrile;0.0042735042735
124;123 Cyanic acid;0.0042735042735
