1;102 Phosphorous nitride;0.378708551483
2;25 Carbon Monoxide Ion;0.195462478185
3;0 Dimethyl ether;0.00349040139616
4;1 Butatrienylidene;0.00349040139616
5;2 Nitrous Oxide;0.00349040139616
6;3 Methyl Acetylene;0.00349040139616
7;4 2,4,6-Heptatriynenitrile;0.00349040139616
8;5 2,4-Pentadiynylidyne;0.00349040139616
9;6 Ethylene Glycol;0.00349040139616
10;7 Methyl Cyanide;0.00349040139616
11;8 Thioformylium;0.00349040139616
12;9 para-Oxidaniumyl;0.00349040139616
13;10 Hydrogen Cyanide;0.00349040139616
14;11 Cyanide Radical;0.00349040139616
15;12 Formic Acid;0.00349040139616
16;13 Nitric sulfide;0.00349040139616
17;14 Iminomethylium;0.00349040139616
18;15 Nitrosyl hydride;0.00349040139616
19;16 Propynylidynium;0.00349040139616
20;17 Magnesium Cyanide;0.00349040139616
21;18 1,3-Butadiynyl anion;0.00349040139616
22;19 Diazenylium;0.00349040139616
23;20 Methylamine;0.00349040139616
24;21 Chloronium;0.00349040139616
25;22 Phosphorus Monoxide;0.00349040139616
26;23 Silicon monosulfide;0.00349040139616
27;24 Cyclopropenone;0.00349040139616
28;26 Sodium Cyanide;0.00349040139616
29;27 Nitric oxide;0.00349040139616
30;28 3-Thioxo-1,2-Propadieylidene;0.00349040139616
31;29 Silicon Cyanide;0.00349040139616
32;30 Ethyne Isocyanide;0.00349040139616
33;31 Sodium Chloride;0.00349040139616
34;32 Cyanoacetylene;0.00349040139616
35;33 Sulfur Monoxide;0.00349040139616
36;34 Aluminum Isocyanitrile;0.00349040139616
37;35 Cyanobutadiyne;0.00349040139616
38;36 Carbon Monoxide;0.00349040139616
39;37 Silicon Mononitride;0.00349040139616
40;38 Propadienylidene;0.00349040139616
41;39 Methanimine;0.00349040139616
42;40 Aluminum Monofluoride;0.00349040139616
43;41 Formamide;0.00349040139616
44;42 1,3,5,7-Octatetraynyl anion;0.00349040139616
45;43 Aminoacetonitrile;0.00349040139616
46;44 Ammonia;0.00349040139616
47;45 gauche-Ethanol;0.00349040139616
48;46 Protonate 2-proynenitrile;0.00349040139616
49;47 Carbonyl Sulfide;0.00349040139616
50;48 Thioxoethenylidene;0.00349040139616
51;49 Water;0.00349040139616
52;50 Methyl Formate;0.00349040139616
53;51 Acetaldehyde;0.00349040139616
54;52 Ketenimine;0.00349040139616
55;53 Propenal;0.00349040139616
56;54 Methyl isocyanide;0.00349040139616
57;55 Protonated Carbon Dioxide;0.00349040139616
58;56 Methylidyne;0.00349040139616
59;57 Ketene;0.00349040139616
60;58 4-Cyano-1,3-Butadiynyl;0.00349040139616
61;59 Silicon Monoxide;0.00349040139616
62;60 Acetone;0.00349040139616
63;61 3-Imino-1,2 Propadienylidene;0.00349040139616
64;62 Vinyl Cyanide;0.00349040139616
65;63 Cyclopropenylidene;0.00349040139616
66;64 2,4,6-Heptatriynylidyne;0.00349040139616
67;65 Magnesium Isocyanide;0.00349040139616
68;66 Formaldehyde;0.00349040139616
69;67 Cyanobutadiynylide anion;0.00349040139616
70;68 Fulminic acid;0.00349040139616
71;69 Carbon Monosulfide;0.00349040139616
72;70 1,3,5-Hexatriynyl;0.00349040139616
73;71 1,3-Butadiynyl radical;0.00349040139616
74;72 1,3,5-Hexatriynyl anion;0.00349040139616
75;73 Silicon monosulfide;0.00349040139616
76;74 Silicon Carbide;0.00349040139616
77;75 Formylium;0.00349040139616
78;76 Ethylene Oxide;0.00349040139616
79;77 Sulfur dioxide;0.00349040139616
80;78 Carbon Monophosphide;0.00349040139616
81;79 Sulfur Monoxide ion;0.00349040139616
82;80 Methanol;0.00349040139616
83;81 Sulfur Dioxide;0.00349040139616
84;82 Cyanoformaldehyde;0.00349040139616
85;83 Isocyanic Acid;0.00349040139616
86;84 Silicon Isocyanide;0.00349040139616
87;85 Silicon Monocarbide;0.00349040139616
88;86 Phosphaethyne;0.00349040139616
89;87 Carbon Monosulfide;0.00349040139616
90;88 Methylene amidogen;0.00349040139616
91;89 Aluminum Monochloride;0.00349040139616
92;90 3-Oxo-1,2-Propadienylidene;0.00349040139616
93;91 Cyanoallene;0.00349040139616
94;92 Methyl diacetylene;0.00349040139616
95;93 Cyanomethylene;0.00349040139616
96;94 Cyanomethyl;0.00349040139616
97;95 Phosphapropynylidyne;0.00349040139616
98;96 Hydrogen Isocyanide;0.00349040139616
99;97 Hydrogen sulfide;0.00349040139616
100;98 Hydroxyl;0.00349040139616
101;99 Glycolaldehyde;0.00349040139616
102;100 2-Propynal;0.00349040139616
103;101 Ethynyl;0.00349040139616
104;103 Potassium chloride;0.00349040139616
105;104 Silicon tetracarbide;0.00349040139616
106;105 Ethyl Cyanide;0.00349040139616
107;106 Cyanamide;0.00349040139616
108;107 Amidogen;0.00349040139616
109;108 Formyl Radical;0.00349040139616
110;109 Vinyl Alcohol;0.00349040139616
111;110 ortho-Oxidaniumyl;0.00349040139616
112;111 Cyanoethynylide ion;0.00349040139616
113;112 Oxoethenylidene;0.00349040139616
114;113 2-Butynenitrile;0.00349040139616
115;114 3-Silanetetrayl-1,2-Propadienyli;0.00349040139616
116;115 Cyanoethynyl;0.00349040139616
117;116 3-Cyano-1,2-propadienylidene;0.00349040139616
118;117 Acetylene;0.00349040139616
119;118 Hydroxymethylium ion;0.00349040139616
120;119 Methyl formate vt01;0.00349040139616
121;120 Thioformaldehyde;0.00349040139616
122;121 Isothiocyanic acid;0.00349040139616
123;122 Butyronitrile;0.00349040139616
124;123 Cyanic acid;0.00349040139616
