1;28 Nitrous Oxide;0.28
2;0 Isocyanic Acid;0.00857142857143
3;1 Propenal;0.00857142857143
4;2 Ketene;0.00857142857143
5;3 Oxonium hydride;0.00857142857143
6;4 Thioformylium;0.00857142857143
7;5 Vinyl Cyanide;0.00857142857143
8;6 Methyl Formate;0.00857142857143
9;7 Hydroxyl;0.00857142857143
10;8 Methyliumylidene;0.00857142857143
11;9 Iminomethylium;0.00857142857143
12;10 Hydroxymethylium ion;0.00857142857143
13;11 2-Propynal;0.00857142857143
14;12 Carbon Monosulfide;0.00857142857143
15;13 Cyanomethyl;0.00857142857143
16;14 Methyl Acetylene;0.00857142857143
17;15 2-Butynenitrile;0.00857142857143
18;16 Methyl formate vt01;0.00857142857143
19;17 Ethyl Cyanide;0.00857142857143
20;18 gauche-Ethanol;0.00857142857143
21;19 Glycolaldehyde;0.00857142857143
22;20 Water;0.00857142857143
23;21 Hydrogen sulfide;0.00857142857143
24;22 Sulfur Monoxide ion;0.00857142857143
25;23 1,3-Butadiynyl radical;0.00857142857143
26;24 Formylium;0.00857142857143
27;25 Fulminic acid;0.00857142857143
28;26 Trihydrogen ion;0.00857142857143
29;27 Methanimine;0.00857142857143
30;29 Propadienylidene;0.00857142857143
31;30 Ethylene Oxide;0.00857142857143
32;31 Ketenimine;0.00857142857143
33;32 2,4,6-Heptatriynenitrile;0.00857142857143
34;33 Aminoacetonitrile;0.00857142857143
35;34 Methanol;0.00857142857143
36;35 Ammonia;0.00857142857143
37;36 Formyl Radical;0.00857142857143
38;37 Methyl Cyanide;0.00857142857143
39;38 Molecular oxygen;0.00857142857143
40;39 Cyclopropenone;0.00857142857143
41;40 Carbonyl Sulfide;0.00857142857143
42;41 Acetaldehyde;0.00857142857143
43;42 Cyanomethylene;0.00857142857143
44;43 3-Thioxo-1,2-Propadieylidene;0.00857142857143
45;44 Formamide;0.00857142857143
46;45 Cyanobutadiyne;0.00857142857143
47;46 Sulfur Dioxide;0.00857142857143
48;47 Methyl isocyanide;0.00857142857143
49;48 Nitric sulfide;0.00857142857143
50;49 Methylene;0.00857142857143
51;50 Hydrochloric acid;0.00857142857143
52;51 Ethyne Isocyanide;0.00857142857143
53;52 Cyanide Radical;0.00857142857143
54;53 Nitric oxide;0.00857142857143
55;54 Cyanic acid;0.00857142857143
56;55 Formaldehyde;0.00857142857143
57;56 Sulfur Monoxide;0.00857142857143
58;57 Protonate 2-proynenitrile;0.00857142857143
59;58 Ethynyl;0.00857142857143
60;59 Ethylene Glycol;0.00857142857143
61;60 Hydrogen Cyanide;0.00857142857143
62;61 Fluoromethyliumylidene;0.00857142857143
63;62 Methylidyne;0.00857142857143
64;63 Thioxoethenylidene;0.00857142857143
65;64 Cyanomethanimine;0.00857142857143
66;65 Silicon Monoxide;0.00857142857143
67;66 Dimethyl ether;0.00857142857143
68;67 Acetone;0.00857142857143
69;68 Carbon Monoxide;0.00857142857143
70;69 Phosphorous nitride;0.00857142857143
71;70 Thioformaldehyde;0.00857142857143
72;71 Diazenylium;0.00857142857143
73;72 Cyanoformaldehyde;0.00857142857143
74;73 Isothiocyanic acid;0.00857142857143
75;74 Vinyl Alcohol;0.00857142857143
76;75 Hydrogen Isocyanide;0.00857142857143
77;76 Carbon Monosulfide;0.00857142857143
78;77 Methylamine;0.00857142857143
79;78 Protonated Carbon Dioxide;0.00857142857143
80;79 Formic Acid;0.00857142857143
81;80 Cyclopropenylidene;0.00857142857143
82;81 Cyanoacetylene;0.00857142857143
83;82 para-Oxidaniumyl;0.00857142857143
84;83 ortho-Oxidaniumyl;0.00857142857143
85;84 Nitrosyl hydride;0.00857142857143
