1;1 Hydrogen fluoride;0.5380952380952381
2;9 Carbon Monoxide;0.03333333333333333
3;0 Methanol;0.023809523809523808
4;2 Nitric oxide;0.023809523809523808
5;3 Formylium;0.023809523809523808
6;4 Sodium Chloride;0.023809523809523808
7;5 Sulfur dioxide;0.023809523809523808
8;6 para-Oxidaniumyl;0.023809523809523808
9;7 Sulfur Monoxide;0.023809523809523808
10;8 Butatrienylidene;0.023809523809523808
11;10 Nitrous Oxide;0.023809523809523808
12;11 Cyanoacetylene;0.023809523809523808
13;12 Carbonyl Sulfide;0.023809523809523808
14;13 Molecular oxygen;0.023809523809523808
15;14 ortho-Oxidaniumyl;0.023809523809523808
16;15 Water;0.023809523809523808
17;16 Iminomethylium;0.023809523809523808
18;17 Hydrochloric acid;0.023809523809523808
19;18 Acetylene;0.023809523809523808
20;19 Hydrogen Cyanide;0.023809523809523808
