1;0 Methanol;0.030303030303030304
2;1 Hydrogen fluoride;0.030303030303030304
3;2 Nitric oxide;0.030303030303030304
4;3 Formylium;0.030303030303030304
5;4 Sodium Chloride;0.030303030303030304
6;5 Sulfur dioxide;0.030303030303030304
7;6 para-Oxidaniumyl;0.030303030303030304
8;7 Sulfur Monoxide;0.030303030303030304
9;8 Butatrienylidene;0.030303030303030304
10;9 Carbon Monoxide;0.030303030303030304
11;10 Nitrous Oxide;0.030303030303030304
12;11 Cyanoacetylene;0.030303030303030304
13;12 Carbonyl Sulfide;0.030303030303030304
14;13 Molecular oxygen;0.030303030303030304
15;14 ortho-Oxidaniumyl;0.030303030303030304
16;15 Water;0.030303030303030304
17;16 Iminomethylium;0.030303030303030304
18;17 Hydrochloric acid;0.030303030303030304
19;18 Acetylene;0.030303030303030304
20;19 Hydrogen Cyanide;0.030303030303030304
