1;19 Hydrogen Cyanide;0.8916849015317286
2;3 Formylium;0.009846827133479213
3;0 Methanol;0.005470459518599562
4;1 Hydrogen fluoride;0.005470459518599562
5;2 Nitric oxide;0.005470459518599562
6;4 Sodium Chloride;0.005470459518599562
7;5 Sulfur dioxide;0.005470459518599562
8;6 para-Oxidaniumyl;0.005470459518599562
9;7 Sulfur Monoxide;0.005470459518599562
10;8 Butatrienylidene;0.005470459518599562
11;9 Carbon Monoxide;0.005470459518599562
12;10 Nitrous Oxide;0.005470459518599562
13;11 Cyanoacetylene;0.005470459518599562
14;12 Carbonyl Sulfide;0.005470459518599562
15;13 Molecular oxygen;0.005470459518599562
16;14 ortho-Oxidaniumyl;0.005470459518599562
17;15 Water;0.005470459518599562
18;16 Iminomethylium;0.005470459518599562
19;17 Hydrochloric acid;0.005470459518599562
20;18 Acetylene;0.005470459518599562
