1;21 Hydrogen Isocyanide;0.566427289048474
2;0 Methylidyne;0.018850987432675045
3;1 Butyronitrile;0.018850987432675045
4;2 Formaldehyde;0.018850987432675045
5;3 Sulfur dioxide;0.018850987432675045
6;4 Carbon Monoxide;0.018850987432675045
7;5 Water;0.018850987432675045
8;6 Chloronium;0.018850987432675045
9;7 Imidogen;0.018850987432675045
10;8 Thioformylium;0.018850987432675045
11;9 Mercapto radical;0.018850987432675045
12;10 Methyl formate vt01;0.018850987432675045
13;11 Methyliumylidene;0.018850987432675045
14;12 Cyanide Radical;0.018850987432675045
15;13 Hydroxyl;0.018850987432675045
16;14 Nitric oxide;0.018850987432675045
17;15 Cyclopropenylidene;0.018850987432675045
18;16 Silicon Monoxide;0.018850987432675045
19;17 Hydrogen Cyanide;0.018850987432675045
20;18 Carbon Monosulfide;0.018850987432675045
21;19 Hydrogen sulfide;0.018850987432675045
22;20 Molecular oxygen;0.018850987432675045
23;22 Formylium;0.018850987432675045
24;23 Sulfoniumylidene;0.018850987432675045
