1;9 Carbon Monoxide;0.35333333333333333
2;17 Hydrochloric acid;0.04666666666666667
3;0 Methanol;0.03333333333333333
4;1 Hydrogen fluoride;0.03333333333333333
5;2 Nitric oxide;0.03333333333333333
6;3 Formylium;0.03333333333333333
7;4 Sodium Chloride;0.03333333333333333
8;5 Sulfur dioxide;0.03333333333333333
9;6 para-Oxidaniumyl;0.03333333333333333
10;7 Sulfur Monoxide;0.03333333333333333
11;8 Butatrienylidene;0.03333333333333333
12;10 Nitrous Oxide;0.03333333333333333
13;11 Cyanoacetylene;0.03333333333333333
14;12 Carbonyl Sulfide;0.03333333333333333
15;13 Molecular oxygen;0.03333333333333333
16;14 ortho-Oxidaniumyl;0.03333333333333333
17;15 Water;0.03333333333333333
18;16 Iminomethylium;0.03333333333333333
19;18 Acetylene;0.03333333333333333
20;19 Hydrogen Cyanide;0.03333333333333333
