1;17 Hydrogen Cyanide;0.7912705272255833
2;0 Methylidyne;0.009075194468452896
3;1 Butyronitrile;0.009075194468452896
4;2 Formaldehyde;0.009075194468452896
5;3 Sulfur dioxide;0.009075194468452896
6;4 Carbon Monoxide;0.009075194468452896
7;5 Water;0.009075194468452896
8;6 Chloronium;0.009075194468452896
9;7 Imidogen;0.009075194468452896
10;8 Thioformylium;0.009075194468452896
11;9 Mercapto radical;0.009075194468452896
12;10 Methyl formate vt01;0.009075194468452896
13;11 Methyliumylidene;0.009075194468452896
14;12 Cyanide Radical;0.009075194468452896
15;13 Hydroxyl;0.009075194468452896
16;14 Nitric oxide;0.009075194468452896
17;15 Cyclopropenylidene;0.009075194468452896
18;16 Silicon Monoxide;0.009075194468452896
19;18 Carbon Monosulfide;0.009075194468452896
20;19 Hydrogen sulfide;0.009075194468452896
21;20 Molecular oxygen;0.009075194468452896
22;21 Hydrogen Isocyanide;0.009075194468452896
23;22 Formylium;0.009075194468452896
24;23 Sulfoniumylidene;0.009075194468452896
