1;20 Molecular oxygen;0.6698841698841699
2;12 Cyanide Radical;0.019948519948519948
3;16 Silicon Monoxide;0.019948519948519948
4;18 Carbon Monosulfide;0.019948519948519948
5;0 Methylidyne;0.013513513513513514
6;1 Butyronitrile;0.013513513513513514
7;2 Formaldehyde;0.013513513513513514
8;3 Sulfur dioxide;0.013513513513513514
9;4 Carbon Monoxide;0.013513513513513514
10;5 Water;0.013513513513513514
11;6 Chloronium;0.013513513513513514
12;7 Imidogen;0.013513513513513514
13;8 Thioformylium;0.013513513513513514
14;9 Mercapto radical;0.013513513513513514
15;10 Methyl formate vt01;0.013513513513513514
16;11 Methyliumylidene;0.013513513513513514
17;13 Hydroxyl;0.013513513513513514
18;14 Nitric oxide;0.013513513513513514
19;15 Cyclopropenylidene;0.013513513513513514
20;17 Hydrogen Cyanide;0.013513513513513514
21;19 Hydrogen sulfide;0.013513513513513514
22;21 Hydrogen Isocyanide;0.013513513513513514
23;22 Formylium;0.013513513513513514
24;23 Sulfoniumylidene;0.013513513513513514
