1;22 Formylium;0.5283140283140283
2;11 Methyliumylidene;0.1743886743886744
3;0 Methylidyne;0.013513513513513514
4;1 Butyronitrile;0.013513513513513514
5;2 Formaldehyde;0.013513513513513514
6;3 Sulfur dioxide;0.013513513513513514
7;4 Carbon Monoxide;0.013513513513513514
8;5 Water;0.013513513513513514
9;6 Chloronium;0.013513513513513514
10;7 Imidogen;0.013513513513513514
11;8 Thioformylium;0.013513513513513514
12;9 Mercapto radical;0.013513513513513514
13;10 Methyl formate vt01;0.013513513513513514
14;12 Cyanide Radical;0.013513513513513514
15;13 Hydroxyl;0.013513513513513514
16;14 Nitric oxide;0.013513513513513514
17;15 Cyclopropenylidene;0.013513513513513514
18;16 Silicon Monoxide;0.013513513513513514
19;17 Hydrogen Cyanide;0.013513513513513514
20;18 Carbon Monosulfide;0.013513513513513514
21;19 Hydrogen sulfide;0.013513513513513514
22;20 Molecular oxygen;0.013513513513513514
23;21 Hydrogen Isocyanide;0.013513513513513514
24;23 Sulfoniumylidene;0.013513513513513514
