1;21 Hydrogen Isocyanide;0.9256357185097576
2;10 Methyl formate vt01;0.004583086930810172
3;23 Sulfoniumylidene;0.004583086930810172
4;0 Methylidyne;0.0031046717918391488
5;1 Butyronitrile;0.0031046717918391488
6;2 Formaldehyde;0.0031046717918391488
7;3 Sulfur dioxide;0.0031046717918391488
8;4 Carbon Monoxide;0.0031046717918391488
9;5 Water;0.0031046717918391488
10;6 Chloronium;0.0031046717918391488
11;7 Imidogen;0.0031046717918391488
12;8 Thioformylium;0.0031046717918391488
13;9 Mercapto radical;0.0031046717918391488
14;11 Methyliumylidene;0.0031046717918391488
15;12 Cyanide Radical;0.0031046717918391488
16;13 Hydroxyl;0.0031046717918391488
17;14 Nitric oxide;0.0031046717918391488
18;15 Cyclopropenylidene;0.0031046717918391488
19;16 Silicon Monoxide;0.0031046717918391488
20;17 Hydrogen Cyanide;0.0031046717918391488
21;18 Carbon Monosulfide;0.0031046717918391488
22;19 Hydrogen sulfide;0.0031046717918391488
23;20 Molecular oxygen;0.0031046717918391488
24;22 Formylium;0.0031046717918391488
