1;11 Methyliumylidene;0.4883474576271186
2;0 Methylidyne;0.022245762711864406
3;1 Butyronitrile;0.022245762711864406
4;2 Formaldehyde;0.022245762711864406
5;3 Sulfur dioxide;0.022245762711864406
6;4 Carbon Monoxide;0.022245762711864406
7;5 Water;0.022245762711864406
8;6 Chloronium;0.022245762711864406
9;7 Imidogen;0.022245762711864406
10;8 Thioformylium;0.022245762711864406
11;9 Mercapto radical;0.022245762711864406
12;10 Methyl formate vt01;0.022245762711864406
13;12 Cyanide Radical;0.022245762711864406
14;13 Hydroxyl;0.022245762711864406
15;14 Nitric oxide;0.022245762711864406
16;15 Cyclopropenylidene;0.022245762711864406
17;16 Silicon Monoxide;0.022245762711864406
18;17 Hydrogen Cyanide;0.022245762711864406
19;18 Carbon Monosulfide;0.022245762711864406
20;19 Hydrogen sulfide;0.022245762711864406
21;20 Molecular oxygen;0.022245762711864406
22;21 Hydrogen Isocyanide;0.022245762711864406
23;22 Formylium;0.022245762711864406
24;23 Sulfoniumylidene;0.022245762711864406
