1;17 Hydrogen Cyanide;0.4671610169491525
2;23 Sulfoniumylidene;0.043432203389830504
3;0 Methylidyne;0.022245762711864406
4;1 Butyronitrile;0.022245762711864406
5;2 Formaldehyde;0.022245762711864406
6;3 Sulfur dioxide;0.022245762711864406
7;4 Carbon Monoxide;0.022245762711864406
8;5 Water;0.022245762711864406
9;6 Chloronium;0.022245762711864406
10;7 Imidogen;0.022245762711864406
11;8 Thioformylium;0.022245762711864406
12;9 Mercapto radical;0.022245762711864406
13;10 Methyl formate vt01;0.022245762711864406
14;11 Methyliumylidene;0.022245762711864406
15;12 Cyanide Radical;0.022245762711864406
16;13 Hydroxyl;0.022245762711864406
17;14 Nitric oxide;0.022245762711864406
18;15 Cyclopropenylidene;0.022245762711864406
19;16 Silicon Monoxide;0.022245762711864406
20;18 Carbon Monosulfide;0.022245762711864406
21;19 Hydrogen sulfide;0.022245762711864406
22;20 Molecular oxygen;0.022245762711864406
23;21 Hydrogen Isocyanide;0.022245762711864406
24;22 Formylium;0.022245762711864406
