1;61 Fluoromethyliumylidene;0.43202099737532806
2;8 Methyliumylidene;0.3585301837270341
3;75 Hydrogen Isocyanide;0.04881889763779528
4;50 Hydrochloric acid;0.03307086614173228
5;0 Isocyanic Acid;0.0015748031496062992
6;1 Propenal;0.0015748031496062992
7;2 Ketene;0.0015748031496062992
8;3 Oxonium hydride;0.0015748031496062992
9;4 Thioformylium;0.0015748031496062992
10;5 Vinyl Cyanide;0.0015748031496062992
11;6 Methyl Formate;0.0015748031496062992
12;7 Hydroxyl;0.0015748031496062992
13;9 Iminomethylium;0.0015748031496062992
14;10 Hydroxymethylium ion;0.0015748031496062992
15;11 2-Propynal;0.0015748031496062992
16;12 Carbon Monosulfide;0.0015748031496062992
17;13 Cyanomethyl;0.0015748031496062992
18;14 Methyl Acetylene;0.0015748031496062992
19;15 2-Butynenitrile;0.0015748031496062992
20;16 Methyl formate vt01;0.0015748031496062992
21;17 Ethyl Cyanide;0.0015748031496062992
22;18 gauche-Ethanol;0.0015748031496062992
23;19 Glycolaldehyde;0.0015748031496062992
24;20 Water;0.0015748031496062992
25;21 Hydrogen sulfide;0.0015748031496062992
26;22 Sulfur Monoxide ion;0.0015748031496062992
27;23 1,3-Butadiynyl radical;0.0015748031496062992
28;24 Formylium;0.0015748031496062992
29;25 Fulminic acid;0.0015748031496062992
30;26 Trihydrogen ion;0.0015748031496062992
31;27 Methanimine;0.0015748031496062992
32;28 Nitrous Oxide;0.0015748031496062992
33;29 Propadienylidene;0.0015748031496062992
34;30 Ethylene Oxide;0.0015748031496062992
35;31 Ketenimine;0.0015748031496062992
36;32 2,4,6-Heptatriynenitrile;0.0015748031496062992
37;33 Aminoacetonitrile;0.0015748031496062992
38;34 Methanol;0.0015748031496062992
39;35 Ammonia;0.0015748031496062992
40;36 Formyl Radical;0.0015748031496062992
41;37 Methyl Cyanide;0.0015748031496062992
42;38 Molecular oxygen;0.0015748031496062992
43;39 Cyclopropenone;0.0015748031496062992
44;40 Carbonyl Sulfide;0.0015748031496062992
45;41 Acetaldehyde;0.0015748031496062992
46;42 Cyanomethylene;0.0015748031496062992
47;43 3-Thioxo-1,2-Propadieylidene;0.0015748031496062992
48;44 Formamide;0.0015748031496062992
49;45 Cyanobutadiyne;0.0015748031496062992
50;46 Sulfur Dioxide;0.0015748031496062992
51;47 Methyl isocyanide;0.0015748031496062992
52;48 Nitric sulfide;0.0015748031496062992
53;49 Methylene;0.0015748031496062992
54;51 Ethyne Isocyanide;0.0015748031496062992
55;52 Cyanide Radical;0.0015748031496062992
56;53 Nitric oxide;0.0015748031496062992
57;54 Cyanic acid;0.0015748031496062992
58;55 Formaldehyde;0.0015748031496062992
59;56 Sulfur Monoxide;0.0015748031496062992
60;57 Protonate 2-proynenitrile;0.0015748031496062992
61;58 Ethynyl;0.0015748031496062992
62;59 Ethylene Glycol;0.0015748031496062992
63;60 Hydrogen Cyanide;0.0015748031496062992
64;62 Methylidyne;0.0015748031496062992
65;63 Thioxoethenylidene;0.0015748031496062992
66;64 Cyanomethanimine;0.0015748031496062992
67;65 Silicon Monoxide;0.0015748031496062992
68;66 Dimethyl ether;0.0015748031496062992
69;67 Acetone;0.0015748031496062992
70;68 Carbon Monoxide;0.0015748031496062992
71;69 Phosphorous nitride;0.0015748031496062992
72;70 Thioformaldehyde;0.0015748031496062992
73;71 Diazenylium;0.0015748031496062992
74;72 Cyanoformaldehyde;0.0015748031496062992
75;73 Isothiocyanic acid;0.0015748031496062992
76;74 Vinyl Alcohol;0.0015748031496062992
77;76 Carbon Monosulfide;0.0015748031496062992
78;77 Methylamine;0.0015748031496062992
79;78 Protonated Carbon Dioxide;0.0015748031496062992
80;79 Formic Acid;0.0015748031496062992
81;80 Cyclopropenylidene;0.0015748031496062992
82;81 Cyanoacetylene;0.0015748031496062992
83;82 para-Oxidaniumyl;0.0015748031496062992
84;83 ortho-Oxidaniumyl;0.0015748031496062992
85;84 Nitrosyl hydride;0.0015748031496062992
