1;76 Carbon Monosulfide;0.5847328244274809
2;28 Nitrous Oxide;0.01984732824427481
3;1 Propenal;0.012213740458015267
4;64 Cyanomethanimine;0.012213740458015267
5;0 Isocyanic Acid;0.004580152671755725
6;2 Ketene;0.004580152671755725
7;3 Oxonium hydride;0.004580152671755725
8;4 Thioformylium;0.004580152671755725
9;5 Vinyl Cyanide;0.004580152671755725
10;6 Methyl Formate;0.004580152671755725
11;7 Hydroxyl;0.004580152671755725
12;8 Methyliumylidene;0.004580152671755725
13;9 Iminomethylium;0.004580152671755725
14;10 Hydroxymethylium ion;0.004580152671755725
15;11 2-Propynal;0.004580152671755725
16;12 Carbon Monosulfide;0.004580152671755725
17;13 Cyanomethyl;0.004580152671755725
18;14 Methyl Acetylene;0.004580152671755725
19;15 2-Butynenitrile;0.004580152671755725
20;16 Methyl formate vt01;0.004580152671755725
21;17 Ethyl Cyanide;0.004580152671755725
22;18 gauche-Ethanol;0.004580152671755725
23;19 Glycolaldehyde;0.004580152671755725
24;20 Water;0.004580152671755725
25;21 Hydrogen sulfide;0.004580152671755725
26;22 Sulfur Monoxide ion;0.004580152671755725
27;23 1,3-Butadiynyl radical;0.004580152671755725
28;24 Formylium;0.004580152671755725
29;25 Fulminic acid;0.004580152671755725
30;26 Trihydrogen ion;0.004580152671755725
31;27 Methanimine;0.004580152671755725
32;29 Propadienylidene;0.004580152671755725
33;30 Ethylene Oxide;0.004580152671755725
34;31 Ketenimine;0.004580152671755725
35;32 2,4,6-Heptatriynenitrile;0.004580152671755725
36;33 Aminoacetonitrile;0.004580152671755725
37;34 Methanol;0.004580152671755725
38;35 Ammonia;0.004580152671755725
39;36 Formyl Radical;0.004580152671755725
40;37 Methyl Cyanide;0.004580152671755725
41;38 Molecular oxygen;0.004580152671755725
42;39 Cyclopropenone;0.004580152671755725
43;40 Carbonyl Sulfide;0.004580152671755725
44;41 Acetaldehyde;0.004580152671755725
45;42 Cyanomethylene;0.004580152671755725
46;43 3-Thioxo-1,2-Propadieylidene;0.004580152671755725
47;44 Formamide;0.004580152671755725
48;45 Cyanobutadiyne;0.004580152671755725
49;46 Sulfur Dioxide;0.004580152671755725
50;47 Methyl isocyanide;0.004580152671755725
51;48 Nitric sulfide;0.004580152671755725
52;49 Methylene;0.004580152671755725
53;50 Hydrochloric acid;0.004580152671755725
54;51 Ethyne Isocyanide;0.004580152671755725
55;52 Cyanide Radical;0.004580152671755725
56;53 Nitric oxide;0.004580152671755725
57;54 Cyanic acid;0.004580152671755725
58;55 Formaldehyde;0.004580152671755725
59;56 Sulfur Monoxide;0.004580152671755725
60;57 Protonate 2-proynenitrile;0.004580152671755725
61;58 Ethynyl;0.004580152671755725
62;59 Ethylene Glycol;0.004580152671755725
63;60 Hydrogen Cyanide;0.004580152671755725
64;61 Fluoromethyliumylidene;0.004580152671755725
65;62 Methylidyne;0.004580152671755725
66;63 Thioxoethenylidene;0.004580152671755725
67;65 Silicon Monoxide;0.004580152671755725
68;66 Dimethyl ether;0.004580152671755725
69;67 Acetone;0.004580152671755725
70;68 Carbon Monoxide;0.004580152671755725
71;69 Phosphorous nitride;0.004580152671755725
72;70 Thioformaldehyde;0.004580152671755725
73;71 Diazenylium;0.004580152671755725
74;72 Cyanoformaldehyde;0.004580152671755725
75;73 Isothiocyanic acid;0.004580152671755725
76;74 Vinyl Alcohol;0.004580152671755725
77;75 Hydrogen Isocyanide;0.004580152671755725
78;77 Methylamine;0.004580152671755725
79;78 Protonated Carbon Dioxide;0.004580152671755725
80;79 Formic Acid;0.004580152671755725
81;80 Cyclopropenylidene;0.004580152671755725
82;81 Cyanoacetylene;0.004580152671755725
83;82 para-Oxidaniumyl;0.004580152671755725
84;83 ortho-Oxidaniumyl;0.004580152671755725
85;84 Nitrosyl hydride;0.004580152671755725
