1;38 Molecular oxygen;0.7075268817204301
2;8 Methyliumylidene;0.008602150537634409
3;10 Hydroxymethylium ion;0.008602150537634409
4;29 Propadienylidene;0.008602150537634409
5;43 3-Thioxo-1,2-Propadieylidene;0.008602150537634409
6;0 Isocyanic Acid;0.0032258064516129032
7;1 Propenal;0.0032258064516129032
8;2 Ketene;0.0032258064516129032
9;3 Oxonium hydride;0.0032258064516129032
10;4 Thioformylium;0.0032258064516129032
11;5 Vinyl Cyanide;0.0032258064516129032
12;6 Methyl Formate;0.0032258064516129032
13;7 Hydroxyl;0.0032258064516129032
14;9 Iminomethylium;0.0032258064516129032
15;11 2-Propynal;0.0032258064516129032
16;12 Carbon Monosulfide;0.0032258064516129032
17;13 Cyanomethyl;0.0032258064516129032
18;14 Methyl Acetylene;0.0032258064516129032
19;15 2-Butynenitrile;0.0032258064516129032
20;16 Methyl formate vt01;0.0032258064516129032
21;17 Ethyl Cyanide;0.0032258064516129032
22;18 gauche-Ethanol;0.0032258064516129032
23;19 Glycolaldehyde;0.0032258064516129032
24;20 Water;0.0032258064516129032
25;21 Hydrogen sulfide;0.0032258064516129032
26;22 Sulfur Monoxide ion;0.0032258064516129032
27;23 1,3-Butadiynyl radical;0.0032258064516129032
28;24 Formylium;0.0032258064516129032
29;25 Fulminic acid;0.0032258064516129032
30;26 Trihydrogen ion;0.0032258064516129032
31;27 Methanimine;0.0032258064516129032
32;28 Nitrous Oxide;0.0032258064516129032
33;30 Ethylene Oxide;0.0032258064516129032
34;31 Ketenimine;0.0032258064516129032
35;32 2,4,6-Heptatriynenitrile;0.0032258064516129032
36;33 Aminoacetonitrile;0.0032258064516129032
37;34 Methanol;0.0032258064516129032
38;35 Ammonia;0.0032258064516129032
39;36 Formyl Radical;0.0032258064516129032
40;37 Methyl Cyanide;0.0032258064516129032
41;39 Cyclopropenone;0.0032258064516129032
42;40 Carbonyl Sulfide;0.0032258064516129032
43;41 Acetaldehyde;0.0032258064516129032
44;42 Cyanomethylene;0.0032258064516129032
45;44 Formamide;0.0032258064516129032
46;45 Cyanobutadiyne;0.0032258064516129032
47;46 Sulfur Dioxide;0.0032258064516129032
48;47 Methyl isocyanide;0.0032258064516129032
49;48 Nitric sulfide;0.0032258064516129032
50;49 Methylene;0.0032258064516129032
51;50 Hydrochloric acid;0.0032258064516129032
52;51 Ethyne Isocyanide;0.0032258064516129032
53;52 Cyanide Radical;0.0032258064516129032
54;53 Nitric oxide;0.0032258064516129032
55;54 Cyanic acid;0.0032258064516129032
56;55 Formaldehyde;0.0032258064516129032
57;56 Sulfur Monoxide;0.0032258064516129032
58;57 Protonate 2-proynenitrile;0.0032258064516129032
59;58 Ethynyl;0.0032258064516129032
60;59 Ethylene Glycol;0.0032258064516129032
61;60 Hydrogen Cyanide;0.0032258064516129032
62;61 Fluoromethyliumylidene;0.0032258064516129032
63;62 Methylidyne;0.0032258064516129032
64;63 Thioxoethenylidene;0.0032258064516129032
65;64 Cyanomethanimine;0.0032258064516129032
66;65 Silicon Monoxide;0.0032258064516129032
67;66 Dimethyl ether;0.0032258064516129032
68;67 Acetone;0.0032258064516129032
69;68 Carbon Monoxide;0.0032258064516129032
70;69 Phosphorous nitride;0.0032258064516129032
71;70 Thioformaldehyde;0.0032258064516129032
72;71 Diazenylium;0.0032258064516129032
73;72 Cyanoformaldehyde;0.0032258064516129032
74;73 Isothiocyanic acid;0.0032258064516129032
75;74 Vinyl Alcohol;0.0032258064516129032
76;75 Hydrogen Isocyanide;0.0032258064516129032
77;76 Carbon Monosulfide;0.0032258064516129032
78;77 Methylamine;0.0032258064516129032
79;78 Protonated Carbon Dioxide;0.0032258064516129032
80;79 Formic Acid;0.0032258064516129032
81;80 Cyclopropenylidene;0.0032258064516129032
82;81 Cyanoacetylene;0.0032258064516129032
83;82 para-Oxidaniumyl;0.0032258064516129032
84;83 ortho-Oxidaniumyl;0.0032258064516129032
85;84 Nitrosyl hydride;0.0032258064516129032
