1;29 Propadienylidene;0.5857142857142856
2;67 Acetone;0.02527472527472527
3;3 Oxonium hydride;0.014285714285714287
4;61 Fluoromethyliumylidene;0.014285714285714287
5;73 Isothiocyanic acid;0.014285714285714287
6;7 Hydroxyl;0.008791208791208791
7;16 Methyl formate vt01;0.008791208791208791
8;19 Glycolaldehyde;0.008791208791208791
9;21 Hydrogen sulfide;0.008791208791208791
10;22 Sulfur Monoxide ion;0.008791208791208791
11;23 1,3-Butadiynyl radical;0.008791208791208791
12;31 Ketenimine;0.008791208791208791
13;38 Molecular oxygen;0.008791208791208791
14;43 3-Thioxo-1,2-Propadieylidene;0.008791208791208791
15;45 Cyanobutadiyne;0.008791208791208791
16;53 Nitric oxide;0.008791208791208791
17;58 Ethynyl;0.008791208791208791
18;59 Ethylene Glycol;0.008791208791208791
19;63 Thioxoethenylidene;0.008791208791208791
20;66 Dimethyl ether;0.008791208791208791
21;0 Isocyanic Acid;0.0032967032967032967
22;1 Propenal;0.0032967032967032967
23;2 Ketene;0.0032967032967032967
24;4 Thioformylium;0.0032967032967032967
25;5 Vinyl Cyanide;0.0032967032967032967
26;6 Methyl Formate;0.0032967032967032967
27;8 Methyliumylidene;0.0032967032967032967
28;9 Iminomethylium;0.0032967032967032967
29;10 Hydroxymethylium ion;0.0032967032967032967
30;11 2-Propynal;0.0032967032967032967
31;12 Carbon Monosulfide;0.0032967032967032967
32;13 Cyanomethyl;0.0032967032967032967
33;14 Methyl Acetylene;0.0032967032967032967
34;15 2-Butynenitrile;0.0032967032967032967
35;17 Ethyl Cyanide;0.0032967032967032967
36;18 gauche-Ethanol;0.0032967032967032967
37;20 Water;0.0032967032967032967
38;24 Formylium;0.0032967032967032967
39;25 Fulminic acid;0.0032967032967032967
40;26 Trihydrogen ion;0.0032967032967032967
41;27 Methanimine;0.0032967032967032967
42;28 Nitrous Oxide;0.0032967032967032967
43;30 Ethylene Oxide;0.0032967032967032967
44;32 2,4,6-Heptatriynenitrile;0.0032967032967032967
45;33 Aminoacetonitrile;0.0032967032967032967
46;34 Methanol;0.0032967032967032967
47;35 Ammonia;0.0032967032967032967
48;36 Formyl Radical;0.0032967032967032967
49;37 Methyl Cyanide;0.0032967032967032967
50;39 Cyclopropenone;0.0032967032967032967
51;40 Carbonyl Sulfide;0.0032967032967032967
52;41 Acetaldehyde;0.0032967032967032967
53;42 Cyanomethylene;0.0032967032967032967
54;44 Formamide;0.0032967032967032967
55;46 Sulfur Dioxide;0.0032967032967032967
56;47 Methyl isocyanide;0.0032967032967032967
57;48 Nitric sulfide;0.0032967032967032967
58;49 Methylene;0.0032967032967032967
59;50 Hydrochloric acid;0.0032967032967032967
60;51 Ethyne Isocyanide;0.0032967032967032967
61;52 Cyanide Radical;0.0032967032967032967
62;54 Cyanic acid;0.0032967032967032967
63;55 Formaldehyde;0.0032967032967032967
64;56 Sulfur Monoxide;0.0032967032967032967
65;57 Protonate 2-proynenitrile;0.0032967032967032967
66;60 Hydrogen Cyanide;0.0032967032967032967
67;62 Methylidyne;0.0032967032967032967
68;64 Cyanomethanimine;0.0032967032967032967
69;65 Silicon Monoxide;0.0032967032967032967
70;68 Carbon Monoxide;0.0032967032967032967
71;69 Phosphorous nitride;0.0032967032967032967
72;70 Thioformaldehyde;0.0032967032967032967
73;71 Diazenylium;0.0032967032967032967
74;72 Cyanoformaldehyde;0.0032967032967032967
75;74 Vinyl Alcohol;0.0032967032967032967
76;75 Hydrogen Isocyanide;0.0032967032967032967
77;76 Carbon Monosulfide;0.0032967032967032967
78;77 Methylamine;0.0032967032967032967
79;78 Protonated Carbon Dioxide;0.0032967032967032967
80;79 Formic Acid;0.0032967032967032967
81;80 Cyclopropenylidene;0.0032967032967032967
82;81 Cyanoacetylene;0.0032967032967032967
83;82 para-Oxidaniumyl;0.0032967032967032967
84;83 ortho-Oxidaniumyl;0.0032967032967032967
85;84 Nitrosyl hydride;0.0032967032967032967
