1;8 Methyliumylidene;0.24505494505494507
2;45 Cyanobutadiyne;0.24505494505494507
3;4 Thioformylium;0.10219780219780221
4;22 Sulfur Monoxide ion;0.05274725274725275
5;50 Hydrochloric acid;0.041758241758241756
6;12 Carbon Monosulfide;0.030769230769230767
7;57 Protonate 2-proynenitrile;0.02527472527472527
8;0 Isocyanic Acid;0.0032967032967032967
9;1 Propenal;0.0032967032967032967
10;2 Ketene;0.0032967032967032967
11;3 Oxonium hydride;0.0032967032967032967
12;5 Vinyl Cyanide;0.0032967032967032967
13;6 Methyl Formate;0.0032967032967032967
14;7 Hydroxyl;0.0032967032967032967
15;9 Iminomethylium;0.0032967032967032967
16;10 Hydroxymethylium ion;0.0032967032967032967
17;11 2-Propynal;0.0032967032967032967
18;13 Cyanomethyl;0.0032967032967032967
19;14 Methyl Acetylene;0.0032967032967032967
20;15 2-Butynenitrile;0.0032967032967032967
21;16 Methyl formate vt01;0.0032967032967032967
22;17 Ethyl Cyanide;0.0032967032967032967
23;18 gauche-Ethanol;0.0032967032967032967
24;19 Glycolaldehyde;0.0032967032967032967
25;20 Water;0.0032967032967032967
26;21 Hydrogen sulfide;0.0032967032967032967
27;23 1,3-Butadiynyl radical;0.0032967032967032967
28;24 Formylium;0.0032967032967032967
29;25 Fulminic acid;0.0032967032967032967
30;26 Trihydrogen ion;0.0032967032967032967
31;27 Methanimine;0.0032967032967032967
32;28 Nitrous Oxide;0.0032967032967032967
33;29 Propadienylidene;0.0032967032967032967
34;30 Ethylene Oxide;0.0032967032967032967
35;31 Ketenimine;0.0032967032967032967
36;32 2,4,6-Heptatriynenitrile;0.0032967032967032967
37;33 Aminoacetonitrile;0.0032967032967032967
38;34 Methanol;0.0032967032967032967
39;35 Ammonia;0.0032967032967032967
40;36 Formyl Radical;0.0032967032967032967
41;37 Methyl Cyanide;0.0032967032967032967
42;38 Molecular oxygen;0.0032967032967032967
43;39 Cyclopropenone;0.0032967032967032967
44;40 Carbonyl Sulfide;0.0032967032967032967
45;41 Acetaldehyde;0.0032967032967032967
46;42 Cyanomethylene;0.0032967032967032967
47;43 3-Thioxo-1,2-Propadieylidene;0.0032967032967032967
48;44 Formamide;0.0032967032967032967
49;46 Sulfur Dioxide;0.0032967032967032967
50;47 Methyl isocyanide;0.0032967032967032967
51;48 Nitric sulfide;0.0032967032967032967
52;49 Methylene;0.0032967032967032967
53;51 Ethyne Isocyanide;0.0032967032967032967
54;52 Cyanide Radical;0.0032967032967032967
55;53 Nitric oxide;0.0032967032967032967
56;54 Cyanic acid;0.0032967032967032967
57;55 Formaldehyde;0.0032967032967032967
58;56 Sulfur Monoxide;0.0032967032967032967
59;58 Ethynyl;0.0032967032967032967
60;59 Ethylene Glycol;0.0032967032967032967
61;60 Hydrogen Cyanide;0.0032967032967032967
62;61 Fluoromethyliumylidene;0.0032967032967032967
63;62 Methylidyne;0.0032967032967032967
64;63 Thioxoethenylidene;0.0032967032967032967
65;64 Cyanomethanimine;0.0032967032967032967
66;65 Silicon Monoxide;0.0032967032967032967
67;66 Dimethyl ether;0.0032967032967032967
68;67 Acetone;0.0032967032967032967
69;68 Carbon Monoxide;0.0032967032967032967
70;69 Phosphorous nitride;0.0032967032967032967
71;70 Thioformaldehyde;0.0032967032967032967
72;71 Diazenylium;0.0032967032967032967
73;72 Cyanoformaldehyde;0.0032967032967032967
74;73 Isothiocyanic acid;0.0032967032967032967
75;74 Vinyl Alcohol;0.0032967032967032967
76;75 Hydrogen Isocyanide;0.0032967032967032967
77;76 Carbon Monosulfide;0.0032967032967032967
78;77 Methylamine;0.0032967032967032967
79;78 Protonated Carbon Dioxide;0.0032967032967032967
80;79 Formic Acid;0.0032967032967032967
81;80 Cyclopropenylidene;0.0032967032967032967
82;81 Cyanoacetylene;0.0032967032967032967
83;82 para-Oxidaniumyl;0.0032967032967032967
84;83 ortho-Oxidaniumyl;0.0032967032967032967
85;84 Nitrosyl hydride;0.0032967032967032967
