1;9 Iminomethylium;0.26129032258064516
2;28 Nitrous Oxide;0.1913978494623656
3;71 Diazenylium;0.12688172043010754
4;61 Fluoromethyliumylidene;0.08924731182795699
5;73 Isothiocyanic acid;0.040860215053763436
6;8 Methyliumylidene;0.03010752688172043
7;59 Ethylene Glycol;0.008602150537634409
8;0 Isocyanic Acid;0.0032258064516129032
9;1 Propenal;0.0032258064516129032
10;2 Ketene;0.0032258064516129032
11;3 Oxonium hydride;0.0032258064516129032
12;4 Thioformylium;0.0032258064516129032
13;5 Vinyl Cyanide;0.0032258064516129032
14;6 Methyl Formate;0.0032258064516129032
15;7 Hydroxyl;0.0032258064516129032
16;10 Hydroxymethylium ion;0.0032258064516129032
17;11 2-Propynal;0.0032258064516129032
18;12 Carbon Monosulfide;0.0032258064516129032
19;13 Cyanomethyl;0.0032258064516129032
20;14 Methyl Acetylene;0.0032258064516129032
21;15 2-Butynenitrile;0.0032258064516129032
22;16 Methyl formate vt01;0.0032258064516129032
23;17 Ethyl Cyanide;0.0032258064516129032
24;18 gauche-Ethanol;0.0032258064516129032
25;19 Glycolaldehyde;0.0032258064516129032
26;20 Water;0.0032258064516129032
27;21 Hydrogen sulfide;0.0032258064516129032
28;22 Sulfur Monoxide ion;0.0032258064516129032
29;23 1,3-Butadiynyl radical;0.0032258064516129032
30;24 Formylium;0.0032258064516129032
31;25 Fulminic acid;0.0032258064516129032
32;26 Trihydrogen ion;0.0032258064516129032
33;27 Methanimine;0.0032258064516129032
34;29 Propadienylidene;0.0032258064516129032
35;30 Ethylene Oxide;0.0032258064516129032
36;31 Ketenimine;0.0032258064516129032
37;32 2,4,6-Heptatriynenitrile;0.0032258064516129032
38;33 Aminoacetonitrile;0.0032258064516129032
39;34 Methanol;0.0032258064516129032
40;35 Ammonia;0.0032258064516129032
41;36 Formyl Radical;0.0032258064516129032
42;37 Methyl Cyanide;0.0032258064516129032
43;38 Molecular oxygen;0.0032258064516129032
44;39 Cyclopropenone;0.0032258064516129032
45;40 Carbonyl Sulfide;0.0032258064516129032
46;41 Acetaldehyde;0.0032258064516129032
47;42 Cyanomethylene;0.0032258064516129032
48;43 3-Thioxo-1,2-Propadieylidene;0.0032258064516129032
49;44 Formamide;0.0032258064516129032
50;45 Cyanobutadiyne;0.0032258064516129032
51;46 Sulfur Dioxide;0.0032258064516129032
52;47 Methyl isocyanide;0.0032258064516129032
53;48 Nitric sulfide;0.0032258064516129032
54;49 Methylene;0.0032258064516129032
55;50 Hydrochloric acid;0.0032258064516129032
56;51 Ethyne Isocyanide;0.0032258064516129032
57;52 Cyanide Radical;0.0032258064516129032
58;53 Nitric oxide;0.0032258064516129032
59;54 Cyanic acid;0.0032258064516129032
60;55 Formaldehyde;0.0032258064516129032
61;56 Sulfur Monoxide;0.0032258064516129032
62;57 Protonate 2-proynenitrile;0.0032258064516129032
63;58 Ethynyl;0.0032258064516129032
64;60 Hydrogen Cyanide;0.0032258064516129032
65;62 Methylidyne;0.0032258064516129032
66;63 Thioxoethenylidene;0.0032258064516129032
67;64 Cyanomethanimine;0.0032258064516129032
68;65 Silicon Monoxide;0.0032258064516129032
69;66 Dimethyl ether;0.0032258064516129032
70;67 Acetone;0.0032258064516129032
71;68 Carbon Monoxide;0.0032258064516129032
72;69 Phosphorous nitride;0.0032258064516129032
73;70 Thioformaldehyde;0.0032258064516129032
74;72 Cyanoformaldehyde;0.0032258064516129032
75;74 Vinyl Alcohol;0.0032258064516129032
76;75 Hydrogen Isocyanide;0.0032258064516129032
77;76 Carbon Monosulfide;0.0032258064516129032
78;77 Methylamine;0.0032258064516129032
79;78 Protonated Carbon Dioxide;0.0032258064516129032
80;79 Formic Acid;0.0032258064516129032
81;80 Cyclopropenylidene;0.0032258064516129032
82;81 Cyanoacetylene;0.0032258064516129032
83;82 para-Oxidaniumyl;0.0032258064516129032
84;83 ortho-Oxidaniumyl;0.0032258064516129032
85;84 Nitrosyl hydride;0.0032258064516129032
