1;9 Iminomethylium;0.8651952461799661
2;61 Fluoromethyliumylidene;0.050254668930390496
3;0 Isocyanic Acid;0.0010186757215619694
4;1 Propenal;0.0010186757215619694
5;2 Ketene;0.0010186757215619694
6;3 Oxonium hydride;0.0010186757215619694
7;4 Thioformylium;0.0010186757215619694
8;5 Vinyl Cyanide;0.0010186757215619694
9;6 Methyl Formate;0.0010186757215619694
10;7 Hydroxyl;0.0010186757215619694
11;8 Methyliumylidene;0.0010186757215619694
12;10 Hydroxymethylium ion;0.0010186757215619694
13;11 2-Propynal;0.0010186757215619694
14;12 Carbon Monosulfide;0.0010186757215619694
15;13 Cyanomethyl;0.0010186757215619694
16;14 Methyl Acetylene;0.0010186757215619694
17;15 2-Butynenitrile;0.0010186757215619694
18;16 Methyl formate vt01;0.0010186757215619694
19;17 Ethyl Cyanide;0.0010186757215619694
20;18 gauche-Ethanol;0.0010186757215619694
21;19 Glycolaldehyde;0.0010186757215619694
22;20 Water;0.0010186757215619694
23;21 Hydrogen sulfide;0.0010186757215619694
24;22 Sulfur Monoxide ion;0.0010186757215619694
25;23 1,3-Butadiynyl radical;0.0010186757215619694
26;24 Formylium;0.0010186757215619694
27;25 Fulminic acid;0.0010186757215619694
28;26 Trihydrogen ion;0.0010186757215619694
29;27 Methanimine;0.0010186757215619694
30;28 Nitrous Oxide;0.0010186757215619694
31;29 Propadienylidene;0.0010186757215619694
32;30 Ethylene Oxide;0.0010186757215619694
33;31 Ketenimine;0.0010186757215619694
34;32 2,4,6-Heptatriynenitrile;0.0010186757215619694
35;33 Aminoacetonitrile;0.0010186757215619694
36;34 Methanol;0.0010186757215619694
37;35 Ammonia;0.0010186757215619694
38;36 Formyl Radical;0.0010186757215619694
39;37 Methyl Cyanide;0.0010186757215619694
40;38 Molecular oxygen;0.0010186757215619694
41;39 Cyclopropenone;0.0010186757215619694
42;40 Carbonyl Sulfide;0.0010186757215619694
43;41 Acetaldehyde;0.0010186757215619694
44;42 Cyanomethylene;0.0010186757215619694
45;43 3-Thioxo-1,2-Propadieylidene;0.0010186757215619694
46;44 Formamide;0.0010186757215619694
47;45 Cyanobutadiyne;0.0010186757215619694
48;46 Sulfur Dioxide;0.0010186757215619694
49;47 Methyl isocyanide;0.0010186757215619694
50;48 Nitric sulfide;0.0010186757215619694
51;49 Methylene;0.0010186757215619694
52;50 Hydrochloric acid;0.0010186757215619694
53;51 Ethyne Isocyanide;0.0010186757215619694
54;52 Cyanide Radical;0.0010186757215619694
55;53 Nitric oxide;0.0010186757215619694
56;54 Cyanic acid;0.0010186757215619694
57;55 Formaldehyde;0.0010186757215619694
58;56 Sulfur Monoxide;0.0010186757215619694
59;57 Protonate 2-proynenitrile;0.0010186757215619694
60;58 Ethynyl;0.0010186757215619694
61;59 Ethylene Glycol;0.0010186757215619694
62;60 Hydrogen Cyanide;0.0010186757215619694
63;62 Methylidyne;0.0010186757215619694
64;63 Thioxoethenylidene;0.0010186757215619694
65;64 Cyanomethanimine;0.0010186757215619694
66;65 Silicon Monoxide;0.0010186757215619694
67;66 Dimethyl ether;0.0010186757215619694
68;67 Acetone;0.0010186757215619694
69;68 Carbon Monoxide;0.0010186757215619694
70;69 Phosphorous nitride;0.0010186757215619694
71;70 Thioformaldehyde;0.0010186757215619694
72;71 Diazenylium;0.0010186757215619694
73;72 Cyanoformaldehyde;0.0010186757215619694
74;73 Isothiocyanic acid;0.0010186757215619694
75;74 Vinyl Alcohol;0.0010186757215619694
76;75 Hydrogen Isocyanide;0.0010186757215619694
77;76 Carbon Monosulfide;0.0010186757215619694
78;77 Methylamine;0.0010186757215619694
79;78 Protonated Carbon Dioxide;0.0010186757215619694
80;79 Formic Acid;0.0010186757215619694
81;80 Cyclopropenylidene;0.0010186757215619694
82;81 Cyanoacetylene;0.0010186757215619694
83;82 para-Oxidaniumyl;0.0010186757215619694
84;83 ortho-Oxidaniumyl;0.0010186757215619694
85;84 Nitrosyl hydride;0.0010186757215619694
