1;28 Hydrogen Isocyanide;0.22666666666666666
2;0 Methylidyne;0.02666666666666667
3;1 Formaldehyde;0.02666666666666667
4;2 Sulfur dioxide;0.02666666666666667
5;3 Carbon Monoxide;0.02666666666666667
6;4 Acetaldehyde;0.02666666666666667
7;5 Water;0.02666666666666667
8;6 Imidogen;0.02666666666666667
9;7 Carbon Monoxide Ion;0.02666666666666667
10;8 Nitric sulfide;0.02666666666666667
11;9 Isocyanic Acid;0.02666666666666667
12;10 Formic Acid;0.02666666666666667
13;11 Amidogen;0.02666666666666667
14;12 Ethylene Glycol;0.02666666666666667
15;13 Methyliumylidene;0.02666666666666667
16;14 Cyanide Radical;0.02666666666666667
17;15 Carbonyl Sulfide;0.02666666666666667
18;16 Hydroxyl;0.02666666666666667
19;17 Nitric oxide;0.02666666666666667
20;18 Methyl Cyanide;0.02666666666666667
21;19 Cyclopropenylidene;0.02666666666666667
22;20 Sulfur Monoxide ion;0.02666666666666667
23;21 Methanol;0.02666666666666667
24;22 Thioformaldehyde;0.02666666666666667
25;23 Ammonia;0.02666666666666667
26;24 Cyanoacetylene;0.02666666666666667
27;25 Hydrogen Cyanide;0.02666666666666667
28;26 Hydrogen sulfide;0.02666666666666667
29;27 Molecular oxygen;0.02666666666666667
30;29 Formylium;0.02666666666666667
