1;29 Formylium;0.23934426229508196
2;0 Methylidyne;0.02622950819672131
3;1 Formaldehyde;0.02622950819672131
4;2 Sulfur dioxide;0.02622950819672131
5;3 Carbon Monoxide;0.02622950819672131
6;4 Acetaldehyde;0.02622950819672131
7;5 Water;0.02622950819672131
8;6 Imidogen;0.02622950819672131
9;7 Carbon Monoxide Ion;0.02622950819672131
10;8 Nitric sulfide;0.02622950819672131
11;9 Isocyanic Acid;0.02622950819672131
12;10 Formic Acid;0.02622950819672131
13;11 Amidogen;0.02622950819672131
14;12 Ethylene Glycol;0.02622950819672131
15;13 Methyliumylidene;0.02622950819672131
16;14 Cyanide Radical;0.02622950819672131
17;15 Carbonyl Sulfide;0.02622950819672131
18;16 Hydroxyl;0.02622950819672131
19;17 Nitric oxide;0.02622950819672131
20;18 Methyl Cyanide;0.02622950819672131
21;19 Cyclopropenylidene;0.02622950819672131
22;20 Sulfur Monoxide ion;0.02622950819672131
23;21 Methanol;0.02622950819672131
24;22 Thioformaldehyde;0.02622950819672131
25;23 Ammonia;0.02622950819672131
26;24 Cyanoacetylene;0.02622950819672131
27;25 Hydrogen Cyanide;0.02622950819672131
28;26 Hydrogen sulfide;0.02622950819672131
29;27 Molecular oxygen;0.02622950819672131
30;28 Hydrogen Isocyanide;0.02622950819672131
