1;29 Formylium;0.19999999999999998
2;0 Methylidyne;0.027586206896551727
3;1 Formaldehyde;0.027586206896551727
4;2 Sulfur dioxide;0.027586206896551727
5;3 Carbon Monoxide;0.027586206896551727
6;4 Acetaldehyde;0.027586206896551727
7;5 Water;0.027586206896551727
8;6 Imidogen;0.027586206896551727
9;7 Carbon Monoxide Ion;0.027586206896551727
10;8 Nitric sulfide;0.027586206896551727
11;9 Isocyanic Acid;0.027586206896551727
12;10 Formic Acid;0.027586206896551727
13;11 Amidogen;0.027586206896551727
14;12 Ethylene Glycol;0.027586206896551727
15;13 Methyliumylidene;0.027586206896551727
16;14 Cyanide Radical;0.027586206896551727
17;15 Carbonyl Sulfide;0.027586206896551727
18;16 Hydroxyl;0.027586206896551727
19;17 Nitric oxide;0.027586206896551727
20;18 Methyl Cyanide;0.027586206896551727
21;19 Cyclopropenylidene;0.027586206896551727
22;20 Sulfur Monoxide ion;0.027586206896551727
23;21 Methanol;0.027586206896551727
24;22 Thioformaldehyde;0.027586206896551727
25;23 Ammonia;0.027586206896551727
26;24 Cyanoacetylene;0.027586206896551727
27;25 Hydrogen Cyanide;0.027586206896551727
28;26 Hydrogen sulfide;0.027586206896551727
29;27 Molecular oxygen;0.027586206896551727
30;28 Hydrogen Isocyanide;0.027586206896551727
