1;16 Silicon Monoxide;0.8397478433974784
2;0 Methylidyne;0.006967485069674852
3;1 Butyronitrile;0.006967485069674852
4;2 Formaldehyde;0.006967485069674852
5;3 Sulfur dioxide;0.006967485069674852
6;4 Carbon Monoxide;0.006967485069674852
7;5 Water;0.006967485069674852
8;6 Chloronium;0.006967485069674852
9;7 Imidogen;0.006967485069674852
10;8 Thioformylium;0.006967485069674852
11;9 Mercapto radical;0.006967485069674852
12;10 Methyl formate vt01;0.006967485069674852
13;11 Methyliumylidene;0.006967485069674852
14;12 Cyanide Radical;0.006967485069674852
15;13 Hydroxyl;0.006967485069674852
16;14 Nitric oxide;0.006967485069674852
17;15 Cyclopropenylidene;0.006967485069674852
18;17 Hydrogen Cyanide;0.006967485069674852
19;18 Carbon Monosulfide;0.006967485069674852
20;19 Hydrogen sulfide;0.006967485069674852
21;20 Molecular oxygen;0.006967485069674852
22;21 Hydrogen Isocyanide;0.006967485069674852
23;22 Formylium;0.006967485069674852
24;23 Sulfoniumylidene;0.006967485069674852
