TWHydra_CO3_2line.image;model_diffuse_clouds_tr_500it;1;11 Methyliumylidene;0.5777972027972027
TWHydra_CO3_2line.image;model_diffuse_clouds_tr_500it;2;0 Methylidyne;0.018356643356643356
TWHydra_CO3_2line.image;model_diffuse_clouds_tr_500it;3;1 Butyronitrile;0.018356643356643356
TWHydra_CO3_2line.image;model_diffuse_clouds_tr_500it;4;2 Formaldehyde;0.018356643356643356
TWHydra_CO3_2line.image;model_diffuse_clouds_tr_500it;5;3 Sulfur dioxide;0.018356643356643356
TWHydra_CO3_2line.image;model_diffuse_clouds_2_500it;1;11 Methyliumylidene;0.46416083916083917
TWHydra_CO3_2line.image;model_diffuse_clouds_2_500it;2;17 Hydrogen Cyanide;0.13199300699300698
TWHydra_CO3_2line.image;model_diffuse_clouds_2_500it;3;0 Methylidyne;0.018356643356643356
TWHydra_CO3_2line.image;model_diffuse_clouds_2_500it;4;1 Butyronitrile;0.018356643356643356
TWHydra_CO3_2line.image;model_diffuse_clouds_2_500it;5;2 Formaldehyde;0.018356643356643356
TWHydra_CO3_2line.image;model_diffuse_clouds_full_500it;1;11 Methyliumylidene;0.5515734265734266
TWHydra_CO3_2line.image;model_diffuse_clouds_full_500it;2;21 Hydrogen Isocyanide;0.04458041958041958
TWHydra_CO3_2line.image;model_diffuse_clouds_full_500it;3;0 Methylidyne;0.018356643356643356
TWHydra_CO3_2line.image;model_diffuse_clouds_full_500it;4;1 Butyronitrile;0.018356643356643356
TWHydra_CO3_2line.image;model_diffuse_clouds_full_500it;5;2 Formaldehyde;0.018356643356643356
TWHydra_CO3_2line.image;model_diffuse_clouds_full_expanded_00002_500it;1;4 Carbon Monoxide;0.5515734265734266
TWHydra_CO3_2line.image;model_diffuse_clouds_full_expanded_00002_500it;2;5 Water;0.027097902097902096
TWHydra_CO3_2line.image;model_diffuse_clouds_full_expanded_00002_500it;3;11 Methyliumylidene;0.027097902097902096
TWHydra_CO3_2line.image;model_diffuse_clouds_full_expanded_00002_500it;4;23 Sulfoniumylidene;0.027097902097902096
TWHydra_CO3_2line.image;model_diffuse_clouds_full_expanded_00002_500it;5;0 Methylidyne;0.018356643356643356
TWHydra_CO3_2line.image;model_diffuse_clouds_full_expanded_00010_500it;1;4 Carbon Monoxide;0.5777972027972027
TWHydra_CO3_2line.image;model_diffuse_clouds_full_expanded_00010_500it;2;0 Methylidyne;0.018356643356643356
TWHydra_CO3_2line.image;model_diffuse_clouds_full_expanded_00010_500it;3;1 Butyronitrile;0.018356643356643356
TWHydra_CO3_2line.image;model_diffuse_clouds_full_expanded_00010_500it;4;2 Formaldehyde;0.018356643356643356
TWHydra_CO3_2line.image;model_diffuse_clouds_full_expanded_00010_500it;5;3 Sulfur dioxide;0.018356643356643356
TWHydra_HCOplusline.image;model_diffuse_clouds_tr_500it;1;11 Methyliumylidene;0.5283203125
TWHydra_HCOplusline.image;model_diffuse_clouds_tr_500it;2;0 Methylidyne;0.0205078125
TWHydra_HCOplusline.image;model_diffuse_clouds_tr_500it;3;1 Butyronitrile;0.0205078125
TWHydra_HCOplusline.image;model_diffuse_clouds_tr_500it;4;2 Formaldehyde;0.0205078125
TWHydra_HCOplusline.image;model_diffuse_clouds_tr_500it;5;3 Sulfur dioxide;0.0205078125
TWHydra_HCOplusline.image;model_diffuse_clouds_2_500it;1;11 Methyliumylidene;0.5283203125
TWHydra_HCOplusline.image;model_diffuse_clouds_2_500it;2;0 Methylidyne;0.0205078125
TWHydra_HCOplusline.image;model_diffuse_clouds_2_500it;3;1 Butyronitrile;0.0205078125
TWHydra_HCOplusline.image;model_diffuse_clouds_2_500it;4;2 Formaldehyde;0.0205078125
TWHydra_HCOplusline.image;model_diffuse_clouds_2_500it;5;3 Sulfur dioxide;0.0205078125
TWHydra_HCOplusline.image;model_diffuse_clouds_full_500it;1;17 Hydrogen Cyanide;0.3818359375
TWHydra_HCOplusline.image;model_diffuse_clouds_full_500it;2;16 Silicon Monoxide;0.1669921875
TWHydra_HCOplusline.image;model_diffuse_clouds_full_500it;3;0 Methylidyne;0.0205078125
TWHydra_HCOplusline.image;model_diffuse_clouds_full_500it;4;1 Butyronitrile;0.0205078125
TWHydra_HCOplusline.image;model_diffuse_clouds_full_500it;5;2 Formaldehyde;0.0205078125
TWHydra_HCOplusline.image;model_diffuse_clouds_full_expanded_00002_500it;1;22 Formylium;0.5087890625
TWHydra_HCOplusline.image;model_diffuse_clouds_full_expanded_00002_500it;2;18 Carbon Monosulfide;0.0302734375
TWHydra_HCOplusline.image;model_diffuse_clouds_full_expanded_00002_500it;3;20 Molecular oxygen;0.0302734375
TWHydra_HCOplusline.image;model_diffuse_clouds_full_expanded_00002_500it;4;0 Methylidyne;0.0205078125
TWHydra_HCOplusline.image;model_diffuse_clouds_full_expanded_00002_500it;5;1 Butyronitrile;0.0205078125
TWHydra_HCOplusline.image;model_diffuse_clouds_full_expanded_00010_500it;1;22 Formylium;0.5185546875
TWHydra_HCOplusline.image;model_diffuse_clouds_full_expanded_00010_500it;2;21 Hydrogen Isocyanide;0.0302734375
TWHydra_HCOplusline.image;model_diffuse_clouds_full_expanded_00010_500it;3;0 Methylidyne;0.0205078125
TWHydra_HCOplusline.image;model_diffuse_clouds_full_expanded_00010_500it;4;1 Butyronitrile;0.0205078125
TWHydra_HCOplusline.image;model_diffuse_clouds_full_expanded_00010_500it;5;2 Formaldehyde;0.0205078125
uid___A002_Xa916fc_X668__IRS43_HCO32.final.image.pbcor;model_diffuse_clouds_tr_500it;1;11 Methyliumylidene;0.894862864606008
uid___A002_Xa916fc_X668__IRS43_HCO32.final.image.pbcor;model_diffuse_clouds_tr_500it;2;0 Methylidyne;0.00457117979973879
uid___A002_Xa916fc_X668__IRS43_HCO32.final.image.pbcor;model_diffuse_clouds_tr_500it;3;1 Butyronitrile;0.00457117979973879
uid___A002_Xa916fc_X668__IRS43_HCO32.final.image.pbcor;model_diffuse_clouds_tr_500it;4;2 Formaldehyde;0.00457117979973879
uid___A002_Xa916fc_X668__IRS43_HCO32.final.image.pbcor;model_diffuse_clouds_tr_500it;5;3 Sulfur dioxide;0.00457117979973879
uid___A002_Xa916fc_X668__IRS43_HCO32.final.image.pbcor;model_diffuse_clouds_2_500it;1;16 Silicon Monoxide;0.894862864606008
uid___A002_Xa916fc_X668__IRS43_HCO32.final.image.pbcor;model_diffuse_clouds_2_500it;2;0 Methylidyne;0.00457117979973879
uid___A002_Xa916fc_X668__IRS43_HCO32.final.image.pbcor;model_diffuse_clouds_2_500it;3;1 Butyronitrile;0.00457117979973879
uid___A002_Xa916fc_X668__IRS43_HCO32.final.image.pbcor;model_diffuse_clouds_2_500it;4;2 Formaldehyde;0.00457117979973879
uid___A002_Xa916fc_X668__IRS43_HCO32.final.image.pbcor;model_diffuse_clouds_2_500it;5;3 Sulfur dioxide;0.00457117979973879
uid___A002_Xa916fc_X668__IRS43_HCO32.final.image.pbcor;model_diffuse_clouds_full_500it;1;11 Methyliumylidene;0.8382673051806705
uid___A002_Xa916fc_X668__IRS43_HCO32.final.image.pbcor;model_diffuse_clouds_full_500it;2;8 Thioformylium;0.06116673922507619
uid___A002_Xa916fc_X668__IRS43_HCO32.final.image.pbcor;model_diffuse_clouds_full_500it;3;0 Methylidyne;0.00457117979973879
uid___A002_Xa916fc_X668__IRS43_HCO32.final.image.pbcor;model_diffuse_clouds_full_500it;4;1 Butyronitrile;0.00457117979973879
uid___A002_Xa916fc_X668__IRS43_HCO32.final.image.pbcor;model_diffuse_clouds_full_500it;5;2 Formaldehyde;0.00457117979973879
uid___A002_Xa916fc_X668__IRS43_HCO32.final.image.pbcor;model_diffuse_clouds_full_expanded_00002_500it;1;0 Methylidyne;0.894862864606008
uid___A002_Xa916fc_X668__IRS43_HCO32.final.image.pbcor;model_diffuse_clouds_full_expanded_00002_500it;2;1 Butyronitrile;0.00457117979973879
uid___A002_Xa916fc_X668__IRS43_HCO32.final.image.pbcor;model_diffuse_clouds_full_expanded_00002_500it;3;2 Formaldehyde;0.00457117979973879
uid___A002_Xa916fc_X668__IRS43_HCO32.final.image.pbcor;model_diffuse_clouds_full_expanded_00002_500it;4;3 Sulfur dioxide;0.00457117979973879
uid___A002_Xa916fc_X668__IRS43_HCO32.final.image.pbcor;model_diffuse_clouds_full_expanded_00002_500it;5;4 Carbon Monoxide;0.00457117979973879
uid___A002_Xa916fc_X668__IRS43_HCO32.final.image.pbcor;model_diffuse_clouds_full_expanded_00010_500it;1;21 Hydrogen Isocyanide;0.8926861123204181
uid___A002_Xa916fc_X668__IRS43_HCO32.final.image.pbcor;model_diffuse_clouds_full_expanded_00010_500it;2;8 Thioformylium;0.00674793208532869
uid___A002_Xa916fc_X668__IRS43_HCO32.final.image.pbcor;model_diffuse_clouds_full_expanded_00010_500it;3;0 Methylidyne;0.00457117979973879
uid___A002_Xa916fc_X668__IRS43_HCO32.final.image.pbcor;model_diffuse_clouds_full_expanded_00010_500it;4;1 Butyronitrile;0.00457117979973879
uid___A002_Xa916fc_X668__IRS43_HCO32.final.image.pbcor;model_diffuse_clouds_full_expanded_00010_500it;5;2 Formaldehyde;0.00457117979973879
Orion.HNC.cbc.contsub.image;model_diffuse_clouds_tr_500it;1;16 Silicon Monoxide;0.8331121433311215
Orion.HNC.cbc.contsub.image;model_diffuse_clouds_tr_500it;2;17 Hydrogen Cyanide;0.013603185136031851
Orion.HNC.cbc.contsub.image;model_diffuse_clouds_tr_500it;3;0 Methylidyne;0.006967485069674852
Orion.HNC.cbc.contsub.image;model_diffuse_clouds_tr_500it;4;1 Butyronitrile;0.006967485069674852
Orion.HNC.cbc.contsub.image;model_diffuse_clouds_tr_500it;5;2 Formaldehyde;0.006967485069674852
Orion.HNC.cbc.contsub.image;model_diffuse_clouds_2_500it;1;16 Silicon Monoxide;0.8397478433974784
Orion.HNC.cbc.contsub.image;model_diffuse_clouds_2_500it;2;0 Methylidyne;0.006967485069674852
Orion.HNC.cbc.contsub.image;model_diffuse_clouds_2_500it;3;1 Butyronitrile;0.006967485069674852
Orion.HNC.cbc.contsub.image;model_diffuse_clouds_2_500it;4;2 Formaldehyde;0.006967485069674852
Orion.HNC.cbc.contsub.image;model_diffuse_clouds_2_500it;5;3 Sulfur dioxide;0.006967485069674852
Orion.HNC.cbc.contsub.image;model_diffuse_clouds_full_500it;1;11 Methyliumylidene;0.823158593231586
Orion.HNC.cbc.contsub.image;model_diffuse_clouds_full_500it;2;17 Hydrogen Cyanide;0.020238885202388854
Orion.HNC.cbc.contsub.image;model_diffuse_clouds_full_500it;3;21 Hydrogen Isocyanide;0.010285335102853352
Orion.HNC.cbc.contsub.image;model_diffuse_clouds_full_500it;4;0 Methylidyne;0.006967485069674852
Orion.HNC.cbc.contsub.image;model_diffuse_clouds_full_500it;5;1 Butyronitrile;0.006967485069674852
Orion.HNC.cbc.contsub.image;model_diffuse_clouds_full_expanded_00002_500it;1;22 Formylium;0.8397478433974784
Orion.HNC.cbc.contsub.image;model_diffuse_clouds_full_expanded_00002_500it;2;0 Methylidyne;0.006967485069674852
Orion.HNC.cbc.contsub.image;model_diffuse_clouds_full_expanded_00002_500it;3;1 Butyronitrile;0.006967485069674852
Orion.HNC.cbc.contsub.image;model_diffuse_clouds_full_expanded_00002_500it;4;2 Formaldehyde;0.006967485069674852
Orion.HNC.cbc.contsub.image;model_diffuse_clouds_full_expanded_00002_500it;5;3 Sulfur dioxide;0.006967485069674852
Orion.HNC.cbc.contsub.image;model_diffuse_clouds_full_expanded_00010_500it;1;17 Hydrogen Cyanide;0.8364299933643
Orion.HNC.cbc.contsub.image;model_diffuse_clouds_full_expanded_00010_500it;2;4 Carbon Monoxide;0.010285335102853352
Orion.HNC.cbc.contsub.image;model_diffuse_clouds_full_expanded_00010_500it;3;0 Methylidyne;0.006967485069674852
Orion.HNC.cbc.contsub.image;model_diffuse_clouds_full_expanded_00010_500it;4;1 Butyronitrile;0.006967485069674852
Orion.HNC.cbc.contsub.image;model_diffuse_clouds_full_expanded_00010_500it;5;2 Formaldehyde;0.006967485069674852
HD163296_CO_2_1.image;model_diffuse_clouds_tr_500it;1;11 Methyliumylidene;0.7671166827386692
HD163296_CO_2_1.image;model_diffuse_clouds_tr_500it;2;0 Methylidyne;0.010125361620057859
HD163296_CO_2_1.image;model_diffuse_clouds_tr_500it;3;1 Butyronitrile;0.010125361620057859
HD163296_CO_2_1.image;model_diffuse_clouds_tr_500it;4;2 Formaldehyde;0.010125361620057859
HD163296_CO_2_1.image;model_diffuse_clouds_tr_500it;5;3 Sulfur dioxide;0.010125361620057859
HD163296_CO_2_1.image;model_diffuse_clouds_2_500it;1;11 Methyliumylidene;0.6899710703953712
HD163296_CO_2_1.image;model_diffuse_clouds_2_500it;2;18 Carbon Monosulfide;0.08727097396335584
HD163296_CO_2_1.image;model_diffuse_clouds_2_500it;3;0 Methylidyne;0.010125361620057859
HD163296_CO_2_1.image;model_diffuse_clouds_2_500it;4;1 Butyronitrile;0.010125361620057859
HD163296_CO_2_1.image;model_diffuse_clouds_2_500it;5;2 Formaldehyde;0.010125361620057859
HD163296_CO_2_1.image;model_diffuse_clouds_full_500it;1;11 Methyliumylidene;0.5405014464802314
HD163296_CO_2_1.image;model_diffuse_clouds_full_500it;2;16 Silicon Monoxide;0.16923818707810995
HD163296_CO_2_1.image;model_diffuse_clouds_full_500it;3;22 Formylium;0.07280617164898746
HD163296_CO_2_1.image;model_diffuse_clouds_full_500it;4;1 Butyronitrile;0.014946962391513982
HD163296_CO_2_1.image;model_diffuse_clouds_full_500it;5;0 Methylidyne;0.010125361620057859
HD163296_CO_2_1.image;model_diffuse_clouds_full_expanded_00002_500it;1;8 Thioformylium;0.7622950819672131
HD163296_CO_2_1.image;model_diffuse_clouds_full_expanded_00002_500it;2;4 Carbon Monoxide;0.014946962391513982
HD163296_CO_2_1.image;model_diffuse_clouds_full_expanded_00002_500it;3;0 Methylidyne;0.010125361620057859
HD163296_CO_2_1.image;model_diffuse_clouds_full_expanded_00002_500it;4;1 Butyronitrile;0.010125361620057859
HD163296_CO_2_1.image;model_diffuse_clouds_full_expanded_00002_500it;5;2 Formaldehyde;0.010125361620057859
HD163296_CO_2_1.image;model_diffuse_clouds_full_expanded_00010_500it;1;8 Thioformylium;0.7430086788813886
HD163296_CO_2_1.image;model_diffuse_clouds_full_expanded_00010_500it;2;1 Butyronitrile;0.019768563162970102
HD163296_CO_2_1.image;model_diffuse_clouds_full_expanded_00010_500it;3;3 Sulfur dioxide;0.014946962391513982
HD163296_CO_2_1.image;model_diffuse_clouds_full_expanded_00010_500it;4;4 Carbon Monoxide;0.014946962391513982
HD163296_CO_2_1.image;model_diffuse_clouds_full_expanded_00010_500it;5;11 Methyliumylidene;0.014946962391513982
DMTau.CS_5-4.image;model_diffuse_clouds_tr_500it;1;16 Silicon Monoxide;0.30524861878453036
DMTau.CS_5-4.image;model_diffuse_clouds_tr_500it;2;18 Carbon Monosulfide;0.056629834254143634
DMTau.CS_5-4.image;model_diffuse_clouds_tr_500it;3;0 Methylidyne;0.029005524861878452
DMTau.CS_5-4.image;model_diffuse_clouds_tr_500it;4;1 Butyronitrile;0.029005524861878452
DMTau.CS_5-4.image;model_diffuse_clouds_tr_500it;5;2 Formaldehyde;0.029005524861878452
DMTau.CS_5-4.image;model_diffuse_clouds_2_500it;1;11 Methyliumylidene;0.3328729281767956
DMTau.CS_5-4.image;model_diffuse_clouds_2_500it;2;0 Methylidyne;0.029005524861878452
DMTau.CS_5-4.image;model_diffuse_clouds_2_500it;3;1 Butyronitrile;0.029005524861878452
DMTau.CS_5-4.image;model_diffuse_clouds_2_500it;4;2 Formaldehyde;0.029005524861878452
DMTau.CS_5-4.image;model_diffuse_clouds_2_500it;5;3 Sulfur dioxide;0.029005524861878452
DMTau.CS_5-4.image;model_diffuse_clouds_full_500it;1;11 Methyliumylidene;0.3328729281767956
DMTau.CS_5-4.image;model_diffuse_clouds_full_500it;2;0 Methylidyne;0.029005524861878452
DMTau.CS_5-4.image;model_diffuse_clouds_full_500it;3;1 Butyronitrile;0.029005524861878452
DMTau.CS_5-4.image;model_diffuse_clouds_full_500it;4;2 Formaldehyde;0.029005524861878452
DMTau.CS_5-4.image;model_diffuse_clouds_full_500it;5;3 Sulfur dioxide;0.029005524861878452
DMTau.CS_5-4.image;model_diffuse_clouds_full_expanded_00002_500it;1;18 Carbon Monosulfide;0.3328729281767956
DMTau.CS_5-4.image;model_diffuse_clouds_full_expanded_00002_500it;2;0 Methylidyne;0.029005524861878452
DMTau.CS_5-4.image;model_diffuse_clouds_full_expanded_00002_500it;3;1 Butyronitrile;0.029005524861878452
DMTau.CS_5-4.image;model_diffuse_clouds_full_expanded_00002_500it;4;2 Formaldehyde;0.029005524861878452
DMTau.CS_5-4.image;model_diffuse_clouds_full_expanded_00002_500it;5;3 Sulfur dioxide;0.029005524861878452
DMTau.CS_5-4.image;model_diffuse_clouds_full_expanded_00010_500it;1;18 Carbon Monosulfide;0.3328729281767956
DMTau.CS_5-4.image;model_diffuse_clouds_full_expanded_00010_500it;2;0 Methylidyne;0.029005524861878452
DMTau.CS_5-4.image;model_diffuse_clouds_full_expanded_00010_500it;3;1 Butyronitrile;0.029005524861878452
DMTau.CS_5-4.image;model_diffuse_clouds_full_expanded_00010_500it;4;2 Formaldehyde;0.029005524861878452
DMTau.CS_5-4.image;model_diffuse_clouds_full_expanded_00010_500it;5;3 Sulfur dioxide;0.029005524861878452
