1;22 Formylium;0.5087890625
2;18 Carbon Monosulfide;0.0302734375
3;20 Molecular oxygen;0.0302734375
4;0 Methylidyne;0.0205078125
5;1 Butyronitrile;0.0205078125
6;2 Formaldehyde;0.0205078125
7;3 Sulfur dioxide;0.0205078125
8;4 Carbon Monoxide;0.0205078125
9;5 Water;0.0205078125
10;6 Chloronium;0.0205078125
11;7 Imidogen;0.0205078125
12;8 Thioformylium;0.0205078125
13;9 Mercapto radical;0.0205078125
14;10 Methyl formate vt01;0.0205078125
15;11 Methyliumylidene;0.0205078125
16;12 Cyanide Radical;0.0205078125
17;13 Hydroxyl;0.0205078125
18;14 Nitric oxide;0.0205078125
19;15 Cyclopropenylidene;0.0205078125
20;16 Silicon Monoxide;0.0205078125
21;17 Hydrogen Cyanide;0.0205078125
22;19 Hydrogen sulfide;0.0205078125
23;21 Hydrogen Isocyanide;0.0205078125
24;23 Sulfoniumylidene;0.0205078125
