1;76 Sulfur Monoxide ion;0.5147710487444609
2;68 Carbon Monosulfide;0.1676514032496307
3;15 Aluminum monoxide;0.10856720827178729
4;105 Hydroxymethylidyne;0.042097488921713444
5;0 Dimethyl ether;0.0014771048744460858
6;1 Butatrienylidene;0.0014771048744460858
7;2 Trihydrogen ion;0.0014771048744460858
8;3 Nitrous Oxide;0.0014771048744460858
9;4 Methyl Acetylene;0.0014771048744460858
10;5 Ethylene Glycol;0.0014771048744460858
11;6 Methyl Cyanide;0.0014771048744460858
12;7 Thioformylium;0.0014771048744460858
13;8 para-Oxidaniumyl;0.0014771048744460858
14;9 Hydrogen Cyanide;0.0014771048744460858
15;10 Titanium monoxide;0.0014771048744460858
16;11 Cyanide Radical;0.0014771048744460858
17;12 Formic Acid;0.0014771048744460858
18;13 Nitric sulfide;0.0014771048744460858
19;14 Iminomethylium;0.0014771048744460858
20;16 Methyl isocyanate;0.0014771048744460858
21;17 Nitrosyl hydride;0.0014771048744460858
22;18 Propynylidynium;0.0014771048744460858
23;19 Magnesium Cyanide;0.0014771048744460858
24;20 Diazenylium;0.0014771048744460858
25;21 Methylamine;0.0014771048744460858
26;22 Chloronium;0.0014771048744460858
27;23 Silicon monosulfide;0.0014771048744460858
28;24 Phosphorus Monoxide;0.0014771048744460858
29;25 Cyclopropenone;0.0014771048744460858
30;26 Carbon Monoxide Ion;0.0014771048744460858
31;27 Sodium Cyanide;0.0014771048744460858
32;28 Nitric oxide;0.0014771048744460858
33;29 Silicon Cyanide;0.0014771048744460858
34;30 Ethyne Isocyanide;0.0014771048744460858
35;31 Sodium Chloride;0.0014771048744460858
36;32 Cyanoacetylene;0.0014771048744460858
37;33 Sulfur Monoxide;0.0014771048744460858
38;34 Aluminum Isocyanitrile;0.0014771048744460858
39;35 Cyanobutadiyne;0.0014771048744460858
40;36 Silicon Mononitride;0.0014771048744460858
41;37 Carbon Monoxide;0.0014771048744460858
42;38 Propadienylidene;0.0014771048744460858
43;39 Methanimine;0.0014771048744460858
44;40 Aluminum Monofluoride;0.0014771048744460858
45;41 Formamide;0.0014771048744460858
46;42 Aminoacetonitrile;0.0014771048744460858
47;43 Ammonia;0.0014771048744460858
48;44 gauche-Ethanol;0.0014771048744460858
49;45 Protonate 2-proynenitrile;0.0014771048744460858
50;46 Carbonyl Sulfide;0.0014771048744460858
51;47 Thioxoethenylidene;0.0014771048744460858
52;48 Ethyl cyanide;0.0014771048744460858
53;49 Water;0.0014771048744460858
54;50 Methyl Formate;0.0014771048744460858
55;51 Acetaldehyde;0.0014771048744460858
56;52 Ketenimine;0.0014771048744460858
57;53 Propenal;0.0014771048744460858
58;54 Methyl isocyanide;0.0014771048744460858
59;55 iso-propyl cyanide;0.0014771048744460858
60;56 Hydrogen cyanide;0.0014771048744460858
61;57 Protonated Carbon Dioxide;0.0014771048744460858
62;58 Methylidyne;0.0014771048744460858
63;59 Ketene;0.0014771048744460858
64;60 Silicon Monoxide;0.0014771048744460858
65;61 Acetone;0.0014771048744460858
66;62 Vinyl Cyanide;0.0014771048744460858
67;63 Silicon monoxide (global fit);0.0014771048744460858
68;64 Cyclopropenylidene;0.0014771048744460858
69;65 Magnesium Isocyanide;0.0014771048744460858
70;66 Cyanobutadiynylide anion;0.0014771048744460858
71;67 Formaldehyde;0.0014771048744460858
72;69 Fulminic acid;0.0014771048744460858
73;70 trans-Ethanol;0.0014771048744460858
74;71 Silicon Carbide;0.0014771048744460858
75;72 Formylium;0.0014771048744460858
76;73 Ethylene Oxide;0.0014771048744460858
77;74 Sulfur dioxide;0.0014771048744460858
78;75 Carbon Monophosphide;0.0014771048744460858
79;77 Methanol;0.0014771048744460858
80;78 Sulfur Dioxide;0.0014771048744460858
81;79 Cyanoformaldehyde;0.0014771048744460858
82;80 Isocyanic Acid;0.0014771048744460858
83;81 Silicon Isocyanide;0.0014771048744460858
84;82 Methylene amidogen;0.0014771048744460858
85;83 Silicon Monocarbide;0.0014771048744460858
86;84 Phosphaethyne;0.0014771048744460858
87;85 Aluminum Monochloride;0.0014771048744460858
88;86 Cyanoallene;0.0014771048744460858
89;87 Methyl diacetylene;0.0014771048744460858
90;88 Cyanomethylene;0.0014771048744460858
91;89 Phosphapropynylidyne;0.0014771048744460858
92;90 Cyanomethyl;0.0014771048744460858
93;91 Hydrogen Isocyanide;0.0014771048744460858
94;92 Hydrogen sulfide;0.0014771048744460858
95;93 Hydroxyl;0.0014771048744460858
96;94 Glycolaldehyde;0.0014771048744460858
97;95 Cyanide anion;0.0014771048744460858
98;96 2-Propynal;0.0014771048744460858
99;97 Ethynyl;0.0014771048744460858
100;98 Phosphorous nitride;0.0014771048744460858
101;99 Magnesium hydride isocyanide;0.0014771048744460858
102;100 Potassium chloride;0.0014771048744460858
103;101 Silicon tetracarbide;0.0014771048744460858
104;102 Ethyl Cyanide;0.0014771048744460858
105;103 Cyanamide;0.0014771048744460858
106;104 Amidogen;0.0014771048744460858
107;106 Formyl Radical;0.0014771048744460858
108;107 Vinyl Alcohol;0.0014771048744460858
109;108 ortho-Oxidaniumyl;0.0014771048744460858
110;109 Cyanoethynylide ion;0.0014771048744460858
111;110 Oxoethenylidene;0.0014771048744460858
112;111 2-Butynenitrile;0.0014771048744460858
113;112 Cyanoethynyl;0.0014771048744460858
114;113 Hydroxymethylium ion;0.0014771048744460858
115;114 Thioformaldehyde;0.0014771048744460858
116;115 Isothiocyanic acid;0.0014771048744460858
117;116 Cyanic acid;0.0014771048744460858
