1;114 Thioformaldehyde;0.8064992614475628
2;96 2-Propynal;0.008862629246676513
3;30 Ethyne Isocyanide;0.005169867060561299
4;46 Carbonyl Sulfide;0.005169867060561299
5;47 Thioxoethenylidene;0.005169867060561299
6;113 Hydroxymethylium ion;0.005169867060561299
7;0 Dimethyl ether;0.0014771048744460858
8;1 Butatrienylidene;0.0014771048744460858
9;2 Trihydrogen ion;0.0014771048744460858
10;3 Nitrous Oxide;0.0014771048744460858
11;4 Methyl Acetylene;0.0014771048744460858
12;5 Ethylene Glycol;0.0014771048744460858
13;6 Methyl Cyanide;0.0014771048744460858
14;7 Thioformylium;0.0014771048744460858
15;8 para-Oxidaniumyl;0.0014771048744460858
16;9 Hydrogen Cyanide;0.0014771048744460858
17;10 Titanium monoxide;0.0014771048744460858
18;11 Cyanide Radical;0.0014771048744460858
19;12 Formic Acid;0.0014771048744460858
20;13 Nitric sulfide;0.0014771048744460858
21;14 Iminomethylium;0.0014771048744460858
22;15 Aluminum monoxide;0.0014771048744460858
23;16 Methyl isocyanate;0.0014771048744460858
24;17 Nitrosyl hydride;0.0014771048744460858
25;18 Propynylidynium;0.0014771048744460858
26;19 Magnesium Cyanide;0.0014771048744460858
27;20 Diazenylium;0.0014771048744460858
28;21 Methylamine;0.0014771048744460858
29;22 Chloronium;0.0014771048744460858
30;23 Silicon monosulfide;0.0014771048744460858
31;24 Phosphorus Monoxide;0.0014771048744460858
32;25 Cyclopropenone;0.0014771048744460858
33;26 Carbon Monoxide Ion;0.0014771048744460858
34;27 Sodium Cyanide;0.0014771048744460858
35;28 Nitric oxide;0.0014771048744460858
36;29 Silicon Cyanide;0.0014771048744460858
37;31 Sodium Chloride;0.0014771048744460858
38;32 Cyanoacetylene;0.0014771048744460858
39;33 Sulfur Monoxide;0.0014771048744460858
40;34 Aluminum Isocyanitrile;0.0014771048744460858
41;35 Cyanobutadiyne;0.0014771048744460858
42;36 Silicon Mononitride;0.0014771048744460858
43;37 Carbon Monoxide;0.0014771048744460858
44;38 Propadienylidene;0.0014771048744460858
45;39 Methanimine;0.0014771048744460858
46;40 Aluminum Monofluoride;0.0014771048744460858
47;41 Formamide;0.0014771048744460858
48;42 Aminoacetonitrile;0.0014771048744460858
49;43 Ammonia;0.0014771048744460858
50;44 gauche-Ethanol;0.0014771048744460858
51;45 Protonate 2-proynenitrile;0.0014771048744460858
52;48 Ethyl cyanide;0.0014771048744460858
53;49 Water;0.0014771048744460858
54;50 Methyl Formate;0.0014771048744460858
55;51 Acetaldehyde;0.0014771048744460858
56;52 Ketenimine;0.0014771048744460858
57;53 Propenal;0.0014771048744460858
58;54 Methyl isocyanide;0.0014771048744460858
59;55 iso-propyl cyanide;0.0014771048744460858
60;56 Hydrogen cyanide;0.0014771048744460858
61;57 Protonated Carbon Dioxide;0.0014771048744460858
62;58 Methylidyne;0.0014771048744460858
63;59 Ketene;0.0014771048744460858
64;60 Silicon Monoxide;0.0014771048744460858
65;61 Acetone;0.0014771048744460858
66;62 Vinyl Cyanide;0.0014771048744460858
67;63 Silicon monoxide (global fit);0.0014771048744460858
68;64 Cyclopropenylidene;0.0014771048744460858
69;65 Magnesium Isocyanide;0.0014771048744460858
70;66 Cyanobutadiynylide anion;0.0014771048744460858
71;67 Formaldehyde;0.0014771048744460858
72;68 Carbon Monosulfide;0.0014771048744460858
73;69 Fulminic acid;0.0014771048744460858
74;70 trans-Ethanol;0.0014771048744460858
75;71 Silicon Carbide;0.0014771048744460858
76;72 Formylium;0.0014771048744460858
77;73 Ethylene Oxide;0.0014771048744460858
78;74 Sulfur dioxide;0.0014771048744460858
79;75 Carbon Monophosphide;0.0014771048744460858
80;76 Sulfur Monoxide ion;0.0014771048744460858
81;77 Methanol;0.0014771048744460858
82;78 Sulfur Dioxide;0.0014771048744460858
83;79 Cyanoformaldehyde;0.0014771048744460858
84;80 Isocyanic Acid;0.0014771048744460858
85;81 Silicon Isocyanide;0.0014771048744460858
86;82 Methylene amidogen;0.0014771048744460858
87;83 Silicon Monocarbide;0.0014771048744460858
88;84 Phosphaethyne;0.0014771048744460858
89;85 Aluminum Monochloride;0.0014771048744460858
90;86 Cyanoallene;0.0014771048744460858
91;87 Methyl diacetylene;0.0014771048744460858
92;88 Cyanomethylene;0.0014771048744460858
93;89 Phosphapropynylidyne;0.0014771048744460858
94;90 Cyanomethyl;0.0014771048744460858
95;91 Hydrogen Isocyanide;0.0014771048744460858
96;92 Hydrogen sulfide;0.0014771048744460858
97;93 Hydroxyl;0.0014771048744460858
98;94 Glycolaldehyde;0.0014771048744460858
99;95 Cyanide anion;0.0014771048744460858
100;97 Ethynyl;0.0014771048744460858
101;98 Phosphorous nitride;0.0014771048744460858
102;99 Magnesium hydride isocyanide;0.0014771048744460858
103;100 Potassium chloride;0.0014771048744460858
104;101 Silicon tetracarbide;0.0014771048744460858
105;102 Ethyl Cyanide;0.0014771048744460858
106;103 Cyanamide;0.0014771048744460858
107;104 Amidogen;0.0014771048744460858
108;105 Hydroxymethylidyne;0.0014771048744460858
109;106 Formyl Radical;0.0014771048744460858
110;107 Vinyl Alcohol;0.0014771048744460858
111;108 ortho-Oxidaniumyl;0.0014771048744460858
112;109 Cyanoethynylide ion;0.0014771048744460858
113;110 Oxoethenylidene;0.0014771048744460858
114;111 2-Butynenitrile;0.0014771048744460858
115;112 Cyanoethynyl;0.0014771048744460858
116;115 Isothiocyanic acid;0.0014771048744460858
117;116 Cyanic acid;0.0014771048744460858
