1;3 Nitrous Oxide;0.5695732838589981
2;0 Dimethyl ether;0.0037105751391465673
3;1 Butatrienylidene;0.0037105751391465673
4;2 Trihydrogen ion;0.0037105751391465673
5;4 Methyl Acetylene;0.0037105751391465673
6;5 Ethylene Glycol;0.0037105751391465673
7;6 Methyl Cyanide;0.0037105751391465673
8;7 Thioformylium;0.0037105751391465673
9;8 para-Oxidaniumyl;0.0037105751391465673
10;9 Hydrogen Cyanide;0.0037105751391465673
11;10 Titanium monoxide;0.0037105751391465673
12;11 Cyanide Radical;0.0037105751391465673
13;12 Formic Acid;0.0037105751391465673
14;13 Nitric sulfide;0.0037105751391465673
15;14 Iminomethylium;0.0037105751391465673
16;15 Aluminum monoxide;0.0037105751391465673
17;16 Methyl isocyanate;0.0037105751391465673
18;17 Nitrosyl hydride;0.0037105751391465673
19;18 Propynylidynium;0.0037105751391465673
20;19 Magnesium Cyanide;0.0037105751391465673
21;20 Diazenylium;0.0037105751391465673
22;21 Methylamine;0.0037105751391465673
23;22 Chloronium;0.0037105751391465673
24;23 Silicon monosulfide;0.0037105751391465673
25;24 Phosphorus Monoxide;0.0037105751391465673
26;25 Cyclopropenone;0.0037105751391465673
27;26 Carbon Monoxide Ion;0.0037105751391465673
28;27 Sodium Cyanide;0.0037105751391465673
29;28 Nitric oxide;0.0037105751391465673
30;29 Silicon Cyanide;0.0037105751391465673
31;30 Ethyne Isocyanide;0.0037105751391465673
32;31 Sodium Chloride;0.0037105751391465673
33;32 Cyanoacetylene;0.0037105751391465673
34;33 Sulfur Monoxide;0.0037105751391465673
35;34 Aluminum Isocyanitrile;0.0037105751391465673
36;35 Cyanobutadiyne;0.0037105751391465673
37;36 Silicon Mononitride;0.0037105751391465673
38;37 Carbon Monoxide;0.0037105751391465673
39;38 Propadienylidene;0.0037105751391465673
40;39 Methanimine;0.0037105751391465673
41;40 Aluminum Monofluoride;0.0037105751391465673
42;41 Formamide;0.0037105751391465673
43;42 Aminoacetonitrile;0.0037105751391465673
44;43 Ammonia;0.0037105751391465673
45;44 gauche-Ethanol;0.0037105751391465673
46;45 Protonate 2-proynenitrile;0.0037105751391465673
47;46 Carbonyl Sulfide;0.0037105751391465673
48;47 Thioxoethenylidene;0.0037105751391465673
49;48 Ethyl cyanide;0.0037105751391465673
50;49 Water;0.0037105751391465673
51;50 Methyl Formate;0.0037105751391465673
52;51 Acetaldehyde;0.0037105751391465673
53;52 Ketenimine;0.0037105751391465673
54;53 Propenal;0.0037105751391465673
55;54 Methyl isocyanide;0.0037105751391465673
56;55 iso-propyl cyanide;0.0037105751391465673
57;56 Hydrogen cyanide;0.0037105751391465673
58;57 Protonated Carbon Dioxide;0.0037105751391465673
59;58 Methylidyne;0.0037105751391465673
60;59 Ketene;0.0037105751391465673
61;60 Silicon Monoxide;0.0037105751391465673
62;61 Acetone;0.0037105751391465673
63;62 Vinyl Cyanide;0.0037105751391465673
64;63 Silicon monoxide (global fit);0.0037105751391465673
65;64 Cyclopropenylidene;0.0037105751391465673
66;65 Magnesium Isocyanide;0.0037105751391465673
67;66 Cyanobutadiynylide anion;0.0037105751391465673
68;67 Formaldehyde;0.0037105751391465673
69;68 Carbon Monosulfide;0.0037105751391465673
70;69 Fulminic acid;0.0037105751391465673
71;70 trans-Ethanol;0.0037105751391465673
72;71 Silicon Carbide;0.0037105751391465673
73;72 Formylium;0.0037105751391465673
74;73 Ethylene Oxide;0.0037105751391465673
75;74 Sulfur dioxide;0.0037105751391465673
76;75 Carbon Monophosphide;0.0037105751391465673
77;76 Sulfur Monoxide ion;0.0037105751391465673
78;77 Methanol;0.0037105751391465673
79;78 Sulfur Dioxide;0.0037105751391465673
80;79 Cyanoformaldehyde;0.0037105751391465673
81;80 Isocyanic Acid;0.0037105751391465673
82;81 Silicon Isocyanide;0.0037105751391465673
83;82 Methylene amidogen;0.0037105751391465673
84;83 Silicon Monocarbide;0.0037105751391465673
85;84 Phosphaethyne;0.0037105751391465673
86;85 Aluminum Monochloride;0.0037105751391465673
87;86 Cyanoallene;0.0037105751391465673
88;87 Methyl diacetylene;0.0037105751391465673
89;88 Cyanomethylene;0.0037105751391465673
90;89 Phosphapropynylidyne;0.0037105751391465673
91;90 Cyanomethyl;0.0037105751391465673
92;91 Hydrogen Isocyanide;0.0037105751391465673
93;92 Hydrogen sulfide;0.0037105751391465673
94;93 Hydroxyl;0.0037105751391465673
95;94 Glycolaldehyde;0.0037105751391465673
96;95 Cyanide anion;0.0037105751391465673
97;96 2-Propynal;0.0037105751391465673
98;97 Ethynyl;0.0037105751391465673
99;98 Phosphorous nitride;0.0037105751391465673
100;99 Magnesium hydride isocyanide;0.0037105751391465673
101;100 Potassium chloride;0.0037105751391465673
102;101 Silicon tetracarbide;0.0037105751391465673
103;102 Ethyl Cyanide;0.0037105751391465673
104;103 Cyanamide;0.0037105751391465673
105;104 Amidogen;0.0037105751391465673
106;105 Hydroxymethylidyne;0.0037105751391465673
107;106 Formyl Radical;0.0037105751391465673
108;107 Vinyl Alcohol;0.0037105751391465673
109;108 ortho-Oxidaniumyl;0.0037105751391465673
110;109 Cyanoethynylide ion;0.0037105751391465673
111;110 Oxoethenylidene;0.0037105751391465673
112;111 2-Butynenitrile;0.0037105751391465673
113;112 Cyanoethynyl;0.0037105751391465673
114;113 Hydroxymethylium ion;0.0037105751391465673
115;114 Thioformaldehyde;0.0037105751391465673
116;115 Isothiocyanic acid;0.0037105751391465673
117;116 Cyanic acid;0.0037105751391465673
