1;40 Aluminum Monofluoride;0.5324675324675324
2;116 Cyanic acid;0.03153988868274582
3;27 Sodium Cyanide;0.012987012987012984
4;0 Dimethyl ether;0.0037105751391465673
5;1 Butatrienylidene;0.0037105751391465673
6;2 Trihydrogen ion;0.0037105751391465673
7;3 Nitrous Oxide;0.0037105751391465673
8;4 Methyl Acetylene;0.0037105751391465673
9;5 Ethylene Glycol;0.0037105751391465673
10;6 Methyl Cyanide;0.0037105751391465673
11;7 Thioformylium;0.0037105751391465673
12;8 para-Oxidaniumyl;0.0037105751391465673
13;9 Hydrogen Cyanide;0.0037105751391465673
14;10 Titanium monoxide;0.0037105751391465673
15;11 Cyanide Radical;0.0037105751391465673
16;12 Formic Acid;0.0037105751391465673
17;13 Nitric sulfide;0.0037105751391465673
18;14 Iminomethylium;0.0037105751391465673
19;15 Aluminum monoxide;0.0037105751391465673
20;16 Methyl isocyanate;0.0037105751391465673
21;17 Nitrosyl hydride;0.0037105751391465673
22;18 Propynylidynium;0.0037105751391465673
23;19 Magnesium Cyanide;0.0037105751391465673
24;20 Diazenylium;0.0037105751391465673
25;21 Methylamine;0.0037105751391465673
26;22 Chloronium;0.0037105751391465673
27;23 Silicon monosulfide;0.0037105751391465673
28;24 Phosphorus Monoxide;0.0037105751391465673
29;25 Cyclopropenone;0.0037105751391465673
30;26 Carbon Monoxide Ion;0.0037105751391465673
31;28 Nitric oxide;0.0037105751391465673
32;29 Silicon Cyanide;0.0037105751391465673
33;30 Ethyne Isocyanide;0.0037105751391465673
34;31 Sodium Chloride;0.0037105751391465673
35;32 Cyanoacetylene;0.0037105751391465673
36;33 Sulfur Monoxide;0.0037105751391465673
37;34 Aluminum Isocyanitrile;0.0037105751391465673
38;35 Cyanobutadiyne;0.0037105751391465673
39;36 Silicon Mononitride;0.0037105751391465673
40;37 Carbon Monoxide;0.0037105751391465673
41;38 Propadienylidene;0.0037105751391465673
42;39 Methanimine;0.0037105751391465673
43;41 Formamide;0.0037105751391465673
44;42 Aminoacetonitrile;0.0037105751391465673
45;43 Ammonia;0.0037105751391465673
46;44 gauche-Ethanol;0.0037105751391465673
47;45 Protonate 2-proynenitrile;0.0037105751391465673
48;46 Carbonyl Sulfide;0.0037105751391465673
49;47 Thioxoethenylidene;0.0037105751391465673
50;48 Ethyl cyanide;0.0037105751391465673
51;49 Water;0.0037105751391465673
52;50 Methyl Formate;0.0037105751391465673
53;51 Acetaldehyde;0.0037105751391465673
54;52 Ketenimine;0.0037105751391465673
55;53 Propenal;0.0037105751391465673
56;54 Methyl isocyanide;0.0037105751391465673
57;55 iso-propyl cyanide;0.0037105751391465673
58;56 Hydrogen cyanide;0.0037105751391465673
59;57 Protonated Carbon Dioxide;0.0037105751391465673
60;58 Methylidyne;0.0037105751391465673
61;59 Ketene;0.0037105751391465673
62;60 Silicon Monoxide;0.0037105751391465673
63;61 Acetone;0.0037105751391465673
64;62 Vinyl Cyanide;0.0037105751391465673
65;63 Silicon monoxide (global fit);0.0037105751391465673
66;64 Cyclopropenylidene;0.0037105751391465673
67;65 Magnesium Isocyanide;0.0037105751391465673
68;66 Cyanobutadiynylide anion;0.0037105751391465673
69;67 Formaldehyde;0.0037105751391465673
70;68 Carbon Monosulfide;0.0037105751391465673
71;69 Fulminic acid;0.0037105751391465673
72;70 trans-Ethanol;0.0037105751391465673
73;71 Silicon Carbide;0.0037105751391465673
74;72 Formylium;0.0037105751391465673
75;73 Ethylene Oxide;0.0037105751391465673
76;74 Sulfur dioxide;0.0037105751391465673
77;75 Carbon Monophosphide;0.0037105751391465673
78;76 Sulfur Monoxide ion;0.0037105751391465673
79;77 Methanol;0.0037105751391465673
80;78 Sulfur Dioxide;0.0037105751391465673
81;79 Cyanoformaldehyde;0.0037105751391465673
82;80 Isocyanic Acid;0.0037105751391465673
83;81 Silicon Isocyanide;0.0037105751391465673
84;82 Methylene amidogen;0.0037105751391465673
85;83 Silicon Monocarbide;0.0037105751391465673
86;84 Phosphaethyne;0.0037105751391465673
87;85 Aluminum Monochloride;0.0037105751391465673
88;86 Cyanoallene;0.0037105751391465673
89;87 Methyl diacetylene;0.0037105751391465673
90;88 Cyanomethylene;0.0037105751391465673
91;89 Phosphapropynylidyne;0.0037105751391465673
92;90 Cyanomethyl;0.0037105751391465673
93;91 Hydrogen Isocyanide;0.0037105751391465673
94;92 Hydrogen sulfide;0.0037105751391465673
95;93 Hydroxyl;0.0037105751391465673
96;94 Glycolaldehyde;0.0037105751391465673
97;95 Cyanide anion;0.0037105751391465673
98;96 2-Propynal;0.0037105751391465673
99;97 Ethynyl;0.0037105751391465673
100;98 Phosphorous nitride;0.0037105751391465673
101;99 Magnesium hydride isocyanide;0.0037105751391465673
102;100 Potassium chloride;0.0037105751391465673
103;101 Silicon tetracarbide;0.0037105751391465673
104;102 Ethyl Cyanide;0.0037105751391465673
105;103 Cyanamide;0.0037105751391465673
106;104 Amidogen;0.0037105751391465673
107;105 Hydroxymethylidyne;0.0037105751391465673
108;106 Formyl Radical;0.0037105751391465673
109;107 Vinyl Alcohol;0.0037105751391465673
110;108 ortho-Oxidaniumyl;0.0037105751391465673
111;109 Cyanoethynylide ion;0.0037105751391465673
112;110 Oxoethenylidene;0.0037105751391465673
113;111 2-Butynenitrile;0.0037105751391465673
114;112 Cyanoethynyl;0.0037105751391465673
115;113 Hydroxymethylium ion;0.0037105751391465673
116;114 Thioformaldehyde;0.0037105751391465673
117;115 Isothiocyanic acid;0.0037105751391465673
