1;74 Sulfur dioxide;0.5417439703153988
2;6 Methyl Cyanide;0.012987012987012984
3;31 Sodium Chloride;0.012987012987012984
4;45 Protonate 2-proynenitrile;0.012987012987012984
5;0 Dimethyl ether;0.0037105751391465673
6;1 Butatrienylidene;0.0037105751391465673
7;2 Trihydrogen ion;0.0037105751391465673
8;3 Nitrous Oxide;0.0037105751391465673
9;4 Methyl Acetylene;0.0037105751391465673
10;5 Ethylene Glycol;0.0037105751391465673
11;7 Thioformylium;0.0037105751391465673
12;8 para-Oxidaniumyl;0.0037105751391465673
13;9 Hydrogen Cyanide;0.0037105751391465673
14;10 Titanium monoxide;0.0037105751391465673
15;11 Cyanide Radical;0.0037105751391465673
16;12 Formic Acid;0.0037105751391465673
17;13 Nitric sulfide;0.0037105751391465673
18;14 Iminomethylium;0.0037105751391465673
19;15 Aluminum monoxide;0.0037105751391465673
20;16 Methyl isocyanate;0.0037105751391465673
21;17 Nitrosyl hydride;0.0037105751391465673
22;18 Propynylidynium;0.0037105751391465673
23;19 Magnesium Cyanide;0.0037105751391465673
24;20 Diazenylium;0.0037105751391465673
25;21 Methylamine;0.0037105751391465673
26;22 Chloronium;0.0037105751391465673
27;23 Silicon monosulfide;0.0037105751391465673
28;24 Phosphorus Monoxide;0.0037105751391465673
29;25 Cyclopropenone;0.0037105751391465673
30;26 Carbon Monoxide Ion;0.0037105751391465673
31;27 Sodium Cyanide;0.0037105751391465673
32;28 Nitric oxide;0.0037105751391465673
33;29 Silicon Cyanide;0.0037105751391465673
34;30 Ethyne Isocyanide;0.0037105751391465673
35;32 Cyanoacetylene;0.0037105751391465673
36;33 Sulfur Monoxide;0.0037105751391465673
37;34 Aluminum Isocyanitrile;0.0037105751391465673
38;35 Cyanobutadiyne;0.0037105751391465673
39;36 Silicon Mononitride;0.0037105751391465673
40;37 Carbon Monoxide;0.0037105751391465673
41;38 Propadienylidene;0.0037105751391465673
42;39 Methanimine;0.0037105751391465673
43;40 Aluminum Monofluoride;0.0037105751391465673
44;41 Formamide;0.0037105751391465673
45;42 Aminoacetonitrile;0.0037105751391465673
46;43 Ammonia;0.0037105751391465673
47;44 gauche-Ethanol;0.0037105751391465673
48;46 Carbonyl Sulfide;0.0037105751391465673
49;47 Thioxoethenylidene;0.0037105751391465673
50;48 Ethyl cyanide;0.0037105751391465673
51;49 Water;0.0037105751391465673
52;50 Methyl Formate;0.0037105751391465673
53;51 Acetaldehyde;0.0037105751391465673
54;52 Ketenimine;0.0037105751391465673
55;53 Propenal;0.0037105751391465673
56;54 Methyl isocyanide;0.0037105751391465673
57;55 iso-propyl cyanide;0.0037105751391465673
58;56 Hydrogen cyanide;0.0037105751391465673
59;57 Protonated Carbon Dioxide;0.0037105751391465673
60;58 Methylidyne;0.0037105751391465673
61;59 Ketene;0.0037105751391465673
62;60 Silicon Monoxide;0.0037105751391465673
63;61 Acetone;0.0037105751391465673
64;62 Vinyl Cyanide;0.0037105751391465673
65;63 Silicon monoxide (global fit);0.0037105751391465673
66;64 Cyclopropenylidene;0.0037105751391465673
67;65 Magnesium Isocyanide;0.0037105751391465673
68;66 Cyanobutadiynylide anion;0.0037105751391465673
69;67 Formaldehyde;0.0037105751391465673
70;68 Carbon Monosulfide;0.0037105751391465673
71;69 Fulminic acid;0.0037105751391465673
72;70 trans-Ethanol;0.0037105751391465673
73;71 Silicon Carbide;0.0037105751391465673
74;72 Formylium;0.0037105751391465673
75;73 Ethylene Oxide;0.0037105751391465673
76;75 Carbon Monophosphide;0.0037105751391465673
77;76 Sulfur Monoxide ion;0.0037105751391465673
78;77 Methanol;0.0037105751391465673
79;78 Sulfur Dioxide;0.0037105751391465673
80;79 Cyanoformaldehyde;0.0037105751391465673
81;80 Isocyanic Acid;0.0037105751391465673
82;81 Silicon Isocyanide;0.0037105751391465673
83;82 Methylene amidogen;0.0037105751391465673
84;83 Silicon Monocarbide;0.0037105751391465673
85;84 Phosphaethyne;0.0037105751391465673
86;85 Aluminum Monochloride;0.0037105751391465673
87;86 Cyanoallene;0.0037105751391465673
88;87 Methyl diacetylene;0.0037105751391465673
89;88 Cyanomethylene;0.0037105751391465673
90;89 Phosphapropynylidyne;0.0037105751391465673
91;90 Cyanomethyl;0.0037105751391465673
92;91 Hydrogen Isocyanide;0.0037105751391465673
93;92 Hydrogen sulfide;0.0037105751391465673
94;93 Hydroxyl;0.0037105751391465673
95;94 Glycolaldehyde;0.0037105751391465673
96;95 Cyanide anion;0.0037105751391465673
97;96 2-Propynal;0.0037105751391465673
98;97 Ethynyl;0.0037105751391465673
99;98 Phosphorous nitride;0.0037105751391465673
100;99 Magnesium hydride isocyanide;0.0037105751391465673
101;100 Potassium chloride;0.0037105751391465673
102;101 Silicon tetracarbide;0.0037105751391465673
103;102 Ethyl Cyanide;0.0037105751391465673
104;103 Cyanamide;0.0037105751391465673
105;104 Amidogen;0.0037105751391465673
106;105 Hydroxymethylidyne;0.0037105751391465673
107;106 Formyl Radical;0.0037105751391465673
108;107 Vinyl Alcohol;0.0037105751391465673
109;108 ortho-Oxidaniumyl;0.0037105751391465673
110;109 Cyanoethynylide ion;0.0037105751391465673
111;110 Oxoethenylidene;0.0037105751391465673
112;111 2-Butynenitrile;0.0037105751391465673
113;112 Cyanoethynyl;0.0037105751391465673
114;113 Hydroxymethylium ion;0.0037105751391465673
115;114 Thioformaldehyde;0.0037105751391465673
116;115 Isothiocyanic acid;0.0037105751391465673
117;116 Cyanic acid;0.0037105751391465673
