1;8 para-Oxidaniumyl;0.5572519083969465
2;0 Dimethyl ether;0.003816793893129771
3;1 Butatrienylidene;0.003816793893129771
4;2 Trihydrogen ion;0.003816793893129771
5;3 Nitrous Oxide;0.003816793893129771
6;4 Methyl Acetylene;0.003816793893129771
7;5 Ethylene Glycol;0.003816793893129771
8;6 Methyl Cyanide;0.003816793893129771
9;7 Thioformylium;0.003816793893129771
10;9 Hydrogen Cyanide;0.003816793893129771
11;10 Titanium monoxide;0.003816793893129771
12;11 Cyanide Radical;0.003816793893129771
13;12 Formic Acid;0.003816793893129771
14;13 Nitric sulfide;0.003816793893129771
15;14 Iminomethylium;0.003816793893129771
16;15 Aluminum monoxide;0.003816793893129771
17;16 Methyl isocyanate;0.003816793893129771
18;17 Nitrosyl hydride;0.003816793893129771
19;18 Propynylidynium;0.003816793893129771
20;19 Magnesium Cyanide;0.003816793893129771
21;20 Diazenylium;0.003816793893129771
22;21 Methylamine;0.003816793893129771
23;22 Chloronium;0.003816793893129771
24;23 Silicon monosulfide;0.003816793893129771
25;24 Phosphorus Monoxide;0.003816793893129771
26;25 Cyclopropenone;0.003816793893129771
27;26 Carbon Monoxide Ion;0.003816793893129771
28;27 Sodium Cyanide;0.003816793893129771
29;28 Nitric oxide;0.003816793893129771
30;29 Silicon Cyanide;0.003816793893129771
31;30 Ethyne Isocyanide;0.003816793893129771
32;31 Sodium Chloride;0.003816793893129771
33;32 Cyanoacetylene;0.003816793893129771
34;33 Sulfur Monoxide;0.003816793893129771
35;34 Aluminum Isocyanitrile;0.003816793893129771
36;35 Cyanobutadiyne;0.003816793893129771
37;36 Silicon Mononitride;0.003816793893129771
38;37 Carbon Monoxide;0.003816793893129771
39;38 Propadienylidene;0.003816793893129771
40;39 Methanimine;0.003816793893129771
41;40 Aluminum Monofluoride;0.003816793893129771
42;41 Formamide;0.003816793893129771
43;42 Aminoacetonitrile;0.003816793893129771
44;43 Ammonia;0.003816793893129771
45;44 gauche-Ethanol;0.003816793893129771
46;45 Protonate 2-proynenitrile;0.003816793893129771
47;46 Carbonyl Sulfide;0.003816793893129771
48;47 Thioxoethenylidene;0.003816793893129771
49;48 Ethyl cyanide;0.003816793893129771
50;49 Water;0.003816793893129771
51;50 Methyl Formate;0.003816793893129771
52;51 Acetaldehyde;0.003816793893129771
53;52 Ketenimine;0.003816793893129771
54;53 Propenal;0.003816793893129771
55;54 Methyl isocyanide;0.003816793893129771
56;55 iso-propyl cyanide;0.003816793893129771
57;56 Hydrogen cyanide;0.003816793893129771
58;57 Protonated Carbon Dioxide;0.003816793893129771
59;58 Methylidyne;0.003816793893129771
60;59 Ketene;0.003816793893129771
61;60 Silicon Monoxide;0.003816793893129771
62;61 Acetone;0.003816793893129771
63;62 Vinyl Cyanide;0.003816793893129771
64;63 Silicon monoxide (global fit);0.003816793893129771
65;64 Cyclopropenylidene;0.003816793893129771
66;65 Magnesium Isocyanide;0.003816793893129771
67;66 Cyanobutadiynylide anion;0.003816793893129771
68;67 Formaldehyde;0.003816793893129771
69;68 Carbon Monosulfide;0.003816793893129771
70;69 Fulminic acid;0.003816793893129771
71;70 trans-Ethanol;0.003816793893129771
72;71 Silicon Carbide;0.003816793893129771
73;72 Formylium;0.003816793893129771
74;73 Ethylene Oxide;0.003816793893129771
75;74 Sulfur dioxide;0.003816793893129771
76;75 Carbon Monophosphide;0.003816793893129771
77;76 Sulfur Monoxide ion;0.003816793893129771
78;77 Methanol;0.003816793893129771
79;78 Sulfur Dioxide;0.003816793893129771
80;79 Cyanoformaldehyde;0.003816793893129771
81;80 Isocyanic Acid;0.003816793893129771
82;81 Silicon Isocyanide;0.003816793893129771
83;82 Methylene amidogen;0.003816793893129771
84;83 Silicon Monocarbide;0.003816793893129771
85;84 Phosphaethyne;0.003816793893129771
86;85 Aluminum Monochloride;0.003816793893129771
87;86 Cyanoallene;0.003816793893129771
88;87 Methyl diacetylene;0.003816793893129771
89;88 Cyanomethylene;0.003816793893129771
90;89 Phosphapropynylidyne;0.003816793893129771
91;90 Cyanomethyl;0.003816793893129771
92;91 Hydrogen Isocyanide;0.003816793893129771
93;92 Hydrogen sulfide;0.003816793893129771
94;93 Hydroxyl;0.003816793893129771
95;94 Glycolaldehyde;0.003816793893129771
96;95 Cyanide anion;0.003816793893129771
97;96 2-Propynal;0.003816793893129771
98;97 Ethynyl;0.003816793893129771
99;98 Phosphorous nitride;0.003816793893129771
100;99 Magnesium hydride isocyanide;0.003816793893129771
101;100 Potassium chloride;0.003816793893129771
102;101 Silicon tetracarbide;0.003816793893129771
103;102 Ethyl Cyanide;0.003816793893129771
104;103 Cyanamide;0.003816793893129771
105;104 Amidogen;0.003816793893129771
106;105 Hydroxymethylidyne;0.003816793893129771
107;106 Formyl Radical;0.003816793893129771
108;107 Vinyl Alcohol;0.003816793893129771
109;108 ortho-Oxidaniumyl;0.003816793893129771
110;109 Cyanoethynylide ion;0.003816793893129771
111;110 Oxoethenylidene;0.003816793893129771
112;111 2-Butynenitrile;0.003816793893129771
113;112 Cyanoethynyl;0.003816793893129771
114;113 Hydroxymethylium ion;0.003816793893129771
115;114 Thioformaldehyde;0.003816793893129771
116;115 Isothiocyanic acid;0.003816793893129771
117;116 Cyanic acid;0.003816793893129771
