1;95 Cyanide anion;0.5
2;24 Phosphorus Monoxide;0.11359404096834264
3;9 Hydrogen Cyanide;0.09497206703910613
4;83 Silicon Monocarbide;0.05772811918063315
5;91 Hydrogen Isocyanide;0.025139664804469275
6;0 Dimethyl ether;0.00186219739292365
7;1 Butatrienylidene;0.00186219739292365
8;2 Trihydrogen ion;0.00186219739292365
9;3 Nitrous Oxide;0.00186219739292365
10;4 Methyl Acetylene;0.00186219739292365
11;5 Ethylene Glycol;0.00186219739292365
12;6 Methyl Cyanide;0.00186219739292365
13;7 Thioformylium;0.00186219739292365
14;8 para-Oxidaniumyl;0.00186219739292365
15;10 Titanium monoxide;0.00186219739292365
16;11 Cyanide Radical;0.00186219739292365
17;12 Formic Acid;0.00186219739292365
18;13 Nitric sulfide;0.00186219739292365
19;14 Iminomethylium;0.00186219739292365
20;15 Aluminum monoxide;0.00186219739292365
21;16 Methyl isocyanate;0.00186219739292365
22;17 Nitrosyl hydride;0.00186219739292365
23;18 Propynylidynium;0.00186219739292365
24;19 Magnesium Cyanide;0.00186219739292365
25;20 Diazenylium;0.00186219739292365
26;21 Methylamine;0.00186219739292365
27;22 Chloronium;0.00186219739292365
28;23 Silicon monosulfide;0.00186219739292365
29;25 Cyclopropenone;0.00186219739292365
30;26 Carbon Monoxide Ion;0.00186219739292365
31;27 Sodium Cyanide;0.00186219739292365
32;28 Nitric oxide;0.00186219739292365
33;29 Silicon Cyanide;0.00186219739292365
34;30 Ethyne Isocyanide;0.00186219739292365
35;31 Sodium Chloride;0.00186219739292365
36;32 Cyanoacetylene;0.00186219739292365
37;33 Sulfur Monoxide;0.00186219739292365
38;34 Aluminum Isocyanitrile;0.00186219739292365
39;35 Cyanobutadiyne;0.00186219739292365
40;36 Silicon Mononitride;0.00186219739292365
41;37 Carbon Monoxide;0.00186219739292365
42;38 Propadienylidene;0.00186219739292365
43;39 Methanimine;0.00186219739292365
44;40 Aluminum Monofluoride;0.00186219739292365
45;41 Formamide;0.00186219739292365
46;42 Aminoacetonitrile;0.00186219739292365
47;43 Ammonia;0.00186219739292365
48;44 gauche-Ethanol;0.00186219739292365
49;45 Protonate 2-proynenitrile;0.00186219739292365
50;46 Carbonyl Sulfide;0.00186219739292365
51;47 Thioxoethenylidene;0.00186219739292365
52;48 Ethyl cyanide;0.00186219739292365
53;49 Water;0.00186219739292365
54;50 Methyl Formate;0.00186219739292365
55;51 Acetaldehyde;0.00186219739292365
56;52 Ketenimine;0.00186219739292365
57;53 Propenal;0.00186219739292365
58;54 Methyl isocyanide;0.00186219739292365
59;55 iso-propyl cyanide;0.00186219739292365
60;56 Hydrogen cyanide;0.00186219739292365
61;57 Protonated Carbon Dioxide;0.00186219739292365
62;58 Methylidyne;0.00186219739292365
63;59 Ketene;0.00186219739292365
64;60 Silicon Monoxide;0.00186219739292365
65;61 Acetone;0.00186219739292365
66;62 Vinyl Cyanide;0.00186219739292365
67;63 Silicon monoxide (global fit);0.00186219739292365
68;64 Cyclopropenylidene;0.00186219739292365
69;65 Magnesium Isocyanide;0.00186219739292365
70;66 Cyanobutadiynylide anion;0.00186219739292365
71;67 Formaldehyde;0.00186219739292365
72;68 Carbon Monosulfide;0.00186219739292365
73;69 Fulminic acid;0.00186219739292365
74;70 trans-Ethanol;0.00186219739292365
75;71 Silicon Carbide;0.00186219739292365
76;72 Formylium;0.00186219739292365
77;73 Ethylene Oxide;0.00186219739292365
78;74 Sulfur dioxide;0.00186219739292365
79;75 Carbon Monophosphide;0.00186219739292365
80;76 Sulfur Monoxide ion;0.00186219739292365
81;77 Methanol;0.00186219739292365
82;78 Sulfur Dioxide;0.00186219739292365
83;79 Cyanoformaldehyde;0.00186219739292365
84;80 Isocyanic Acid;0.00186219739292365
85;81 Silicon Isocyanide;0.00186219739292365
86;82 Methylene amidogen;0.00186219739292365
87;84 Phosphaethyne;0.00186219739292365
88;85 Aluminum Monochloride;0.00186219739292365
89;86 Cyanoallene;0.00186219739292365
90;87 Methyl diacetylene;0.00186219739292365
91;88 Cyanomethylene;0.00186219739292365
92;89 Phosphapropynylidyne;0.00186219739292365
93;90 Cyanomethyl;0.00186219739292365
94;92 Hydrogen sulfide;0.00186219739292365
95;93 Hydroxyl;0.00186219739292365
96;94 Glycolaldehyde;0.00186219739292365
97;96 2-Propynal;0.00186219739292365
98;97 Ethynyl;0.00186219739292365
99;98 Phosphorous nitride;0.00186219739292365
100;99 Magnesium hydride isocyanide;0.00186219739292365
101;100 Potassium chloride;0.00186219739292365
102;101 Silicon tetracarbide;0.00186219739292365
103;102 Ethyl Cyanide;0.00186219739292365
104;103 Cyanamide;0.00186219739292365
105;104 Amidogen;0.00186219739292365
106;105 Hydroxymethylidyne;0.00186219739292365
107;106 Formyl Radical;0.00186219739292365
108;107 Vinyl Alcohol;0.00186219739292365
109;108 ortho-Oxidaniumyl;0.00186219739292365
110;109 Cyanoethynylide ion;0.00186219739292365
111;110 Oxoethenylidene;0.00186219739292365
112;111 2-Butynenitrile;0.00186219739292365
113;112 Cyanoethynyl;0.00186219739292365
114;113 Hydroxymethylium ion;0.00186219739292365
115;114 Thioformaldehyde;0.00186219739292365
116;115 Isothiocyanic acid;0.00186219739292365
117;116 Cyanic acid;0.00186219739292365
