1;24 Phosphorus Monoxide;0.36263736263736257
2;0 Dimethyl ether;0.005494505494505494
3;1 Butatrienylidene;0.005494505494505494
4;2 Trihydrogen ion;0.005494505494505494
5;3 Nitrous Oxide;0.005494505494505494
6;4 Methyl Acetylene;0.005494505494505494
7;5 Ethylene Glycol;0.005494505494505494
8;6 Methyl Cyanide;0.005494505494505494
9;7 Thioformylium;0.005494505494505494
10;8 para-Oxidaniumyl;0.005494505494505494
11;9 Hydrogen Cyanide;0.005494505494505494
12;10 Titanium monoxide;0.005494505494505494
13;11 Cyanide Radical;0.005494505494505494
14;12 Formic Acid;0.005494505494505494
15;13 Nitric sulfide;0.005494505494505494
16;14 Iminomethylium;0.005494505494505494
17;15 Aluminum monoxide;0.005494505494505494
18;16 Methyl isocyanate;0.005494505494505494
19;17 Nitrosyl hydride;0.005494505494505494
20;18 Propynylidynium;0.005494505494505494
21;19 Magnesium Cyanide;0.005494505494505494
22;20 Diazenylium;0.005494505494505494
23;21 Methylamine;0.005494505494505494
24;22 Chloronium;0.005494505494505494
25;23 Silicon monosulfide;0.005494505494505494
26;25 Cyclopropenone;0.005494505494505494
27;26 Carbon Monoxide Ion;0.005494505494505494
28;27 Sodium Cyanide;0.005494505494505494
29;28 Nitric oxide;0.005494505494505494
30;29 Silicon Cyanide;0.005494505494505494
31;30 Ethyne Isocyanide;0.005494505494505494
32;31 Sodium Chloride;0.005494505494505494
33;32 Cyanoacetylene;0.005494505494505494
34;33 Sulfur Monoxide;0.005494505494505494
35;34 Aluminum Isocyanitrile;0.005494505494505494
36;35 Cyanobutadiyne;0.005494505494505494
37;36 Silicon Mononitride;0.005494505494505494
38;37 Carbon Monoxide;0.005494505494505494
39;38 Propadienylidene;0.005494505494505494
40;39 Methanimine;0.005494505494505494
41;40 Aluminum Monofluoride;0.005494505494505494
42;41 Formamide;0.005494505494505494
43;42 Aminoacetonitrile;0.005494505494505494
44;43 Ammonia;0.005494505494505494
45;44 gauche-Ethanol;0.005494505494505494
46;45 Protonate 2-proynenitrile;0.005494505494505494
47;46 Carbonyl Sulfide;0.005494505494505494
48;47 Thioxoethenylidene;0.005494505494505494
49;48 Ethyl cyanide;0.005494505494505494
50;49 Water;0.005494505494505494
51;50 Methyl Formate;0.005494505494505494
52;51 Acetaldehyde;0.005494505494505494
53;52 Ketenimine;0.005494505494505494
54;53 Propenal;0.005494505494505494
55;54 Methyl isocyanide;0.005494505494505494
56;55 iso-propyl cyanide;0.005494505494505494
57;56 Hydrogen cyanide;0.005494505494505494
58;57 Protonated Carbon Dioxide;0.005494505494505494
59;58 Methylidyne;0.005494505494505494
60;59 Ketene;0.005494505494505494
61;60 Silicon Monoxide;0.005494505494505494
62;61 Acetone;0.005494505494505494
63;62 Vinyl Cyanide;0.005494505494505494
64;63 Silicon monoxide (global fit);0.005494505494505494
65;64 Cyclopropenylidene;0.005494505494505494
66;65 Magnesium Isocyanide;0.005494505494505494
67;66 Cyanobutadiynylide anion;0.005494505494505494
68;67 Formaldehyde;0.005494505494505494
69;68 Carbon Monosulfide;0.005494505494505494
70;69 Fulminic acid;0.005494505494505494
71;70 trans-Ethanol;0.005494505494505494
72;71 Silicon Carbide;0.005494505494505494
73;72 Formylium;0.005494505494505494
74;73 Ethylene Oxide;0.005494505494505494
75;74 Sulfur dioxide;0.005494505494505494
76;75 Carbon Monophosphide;0.005494505494505494
77;76 Sulfur Monoxide ion;0.005494505494505494
78;77 Methanol;0.005494505494505494
79;78 Sulfur Dioxide;0.005494505494505494
80;79 Cyanoformaldehyde;0.005494505494505494
81;80 Isocyanic Acid;0.005494505494505494
82;81 Silicon Isocyanide;0.005494505494505494
83;82 Methylene amidogen;0.005494505494505494
84;83 Silicon Monocarbide;0.005494505494505494
85;84 Phosphaethyne;0.005494505494505494
86;85 Aluminum Monochloride;0.005494505494505494
87;86 Cyanoallene;0.005494505494505494
88;87 Methyl diacetylene;0.005494505494505494
89;88 Cyanomethylene;0.005494505494505494
90;89 Phosphapropynylidyne;0.005494505494505494
91;90 Cyanomethyl;0.005494505494505494
92;91 Hydrogen Isocyanide;0.005494505494505494
93;92 Hydrogen sulfide;0.005494505494505494
94;93 Hydroxyl;0.005494505494505494
95;94 Glycolaldehyde;0.005494505494505494
96;95 Cyanide anion;0.005494505494505494
97;96 2-Propynal;0.005494505494505494
98;97 Ethynyl;0.005494505494505494
99;98 Phosphorous nitride;0.005494505494505494
100;99 Magnesium hydride isocyanide;0.005494505494505494
101;100 Potassium chloride;0.005494505494505494
102;101 Silicon tetracarbide;0.005494505494505494
103;102 Ethyl Cyanide;0.005494505494505494
104;103 Cyanamide;0.005494505494505494
105;104 Amidogen;0.005494505494505494
106;105 Hydroxymethylidyne;0.005494505494505494
107;106 Formyl Radical;0.005494505494505494
108;107 Vinyl Alcohol;0.005494505494505494
109;108 ortho-Oxidaniumyl;0.005494505494505494
110;109 Cyanoethynylide ion;0.005494505494505494
111;110 Oxoethenylidene;0.005494505494505494
112;111 2-Butynenitrile;0.005494505494505494
113;112 Cyanoethynyl;0.005494505494505494
114;113 Hydroxymethylium ion;0.005494505494505494
115;114 Thioformaldehyde;0.005494505494505494
116;115 Isothiocyanic acid;0.005494505494505494
117;116 Cyanic acid;0.005494505494505494
