1;81 Silicon Isocyanide;0.3218997361477572
2;17 Nitrosyl hydride;0.04485488126649076
3;30 Ethyne Isocyanide;0.01846965699208443
4;114 Thioformaldehyde;0.01846965699208443
5;0 Dimethyl ether;0.005277044854881266
6;1 Butatrienylidene;0.005277044854881266
7;2 Trihydrogen ion;0.005277044854881266
8;3 Nitrous Oxide;0.005277044854881266
9;4 Methyl Acetylene;0.005277044854881266
10;5 Ethylene Glycol;0.005277044854881266
11;6 Methyl Cyanide;0.005277044854881266
12;7 Thioformylium;0.005277044854881266
13;8 para-Oxidaniumyl;0.005277044854881266
14;9 Hydrogen Cyanide;0.005277044854881266
15;10 Titanium monoxide;0.005277044854881266
16;11 Cyanide Radical;0.005277044854881266
17;12 Formic Acid;0.005277044854881266
18;13 Nitric sulfide;0.005277044854881266
19;14 Iminomethylium;0.005277044854881266
20;15 Aluminum monoxide;0.005277044854881266
21;16 Methyl isocyanate;0.005277044854881266
22;18 Propynylidynium;0.005277044854881266
23;19 Magnesium Cyanide;0.005277044854881266
24;20 Diazenylium;0.005277044854881266
25;21 Methylamine;0.005277044854881266
26;22 Chloronium;0.005277044854881266
27;23 Silicon monosulfide;0.005277044854881266
28;24 Phosphorus Monoxide;0.005277044854881266
29;25 Cyclopropenone;0.005277044854881266
30;26 Carbon Monoxide Ion;0.005277044854881266
31;27 Sodium Cyanide;0.005277044854881266
32;28 Nitric oxide;0.005277044854881266
33;29 Silicon Cyanide;0.005277044854881266
34;31 Sodium Chloride;0.005277044854881266
35;32 Cyanoacetylene;0.005277044854881266
36;33 Sulfur Monoxide;0.005277044854881266
37;34 Aluminum Isocyanitrile;0.005277044854881266
38;35 Cyanobutadiyne;0.005277044854881266
39;36 Silicon Mononitride;0.005277044854881266
40;37 Carbon Monoxide;0.005277044854881266
41;38 Propadienylidene;0.005277044854881266
42;39 Methanimine;0.005277044854881266
43;40 Aluminum Monofluoride;0.005277044854881266
44;41 Formamide;0.005277044854881266
45;42 Aminoacetonitrile;0.005277044854881266
46;43 Ammonia;0.005277044854881266
47;44 gauche-Ethanol;0.005277044854881266
48;45 Protonate 2-proynenitrile;0.005277044854881266
49;46 Carbonyl Sulfide;0.005277044854881266
50;47 Thioxoethenylidene;0.005277044854881266
51;48 Ethyl cyanide;0.005277044854881266
52;49 Water;0.005277044854881266
53;50 Methyl Formate;0.005277044854881266
54;51 Acetaldehyde;0.005277044854881266
55;52 Ketenimine;0.005277044854881266
56;53 Propenal;0.005277044854881266
57;54 Methyl isocyanide;0.005277044854881266
58;55 iso-propyl cyanide;0.005277044854881266
59;56 Hydrogen cyanide;0.005277044854881266
60;57 Protonated Carbon Dioxide;0.005277044854881266
61;58 Methylidyne;0.005277044854881266
62;59 Ketene;0.005277044854881266
63;60 Silicon Monoxide;0.005277044854881266
64;61 Acetone;0.005277044854881266
65;62 Vinyl Cyanide;0.005277044854881266
66;63 Silicon monoxide (global fit);0.005277044854881266
67;64 Cyclopropenylidene;0.005277044854881266
68;65 Magnesium Isocyanide;0.005277044854881266
69;66 Cyanobutadiynylide anion;0.005277044854881266
70;67 Formaldehyde;0.005277044854881266
71;68 Carbon Monosulfide;0.005277044854881266
72;69 Fulminic acid;0.005277044854881266
73;70 trans-Ethanol;0.005277044854881266
74;71 Silicon Carbide;0.005277044854881266
75;72 Formylium;0.005277044854881266
76;73 Ethylene Oxide;0.005277044854881266
77;74 Sulfur dioxide;0.005277044854881266
78;75 Carbon Monophosphide;0.005277044854881266
79;76 Sulfur Monoxide ion;0.005277044854881266
80;77 Methanol;0.005277044854881266
81;78 Sulfur Dioxide;0.005277044854881266
82;79 Cyanoformaldehyde;0.005277044854881266
83;80 Isocyanic Acid;0.005277044854881266
84;82 Methylene amidogen;0.005277044854881266
85;83 Silicon Monocarbide;0.005277044854881266
86;84 Phosphaethyne;0.005277044854881266
87;85 Aluminum Monochloride;0.005277044854881266
88;86 Cyanoallene;0.005277044854881266
89;87 Methyl diacetylene;0.005277044854881266
90;88 Cyanomethylene;0.005277044854881266
91;89 Phosphapropynylidyne;0.005277044854881266
92;90 Cyanomethyl;0.005277044854881266
93;91 Hydrogen Isocyanide;0.005277044854881266
94;92 Hydrogen sulfide;0.005277044854881266
95;93 Hydroxyl;0.005277044854881266
96;94 Glycolaldehyde;0.005277044854881266
97;95 Cyanide anion;0.005277044854881266
98;96 2-Propynal;0.005277044854881266
99;97 Ethynyl;0.005277044854881266
100;98 Phosphorous nitride;0.005277044854881266
101;99 Magnesium hydride isocyanide;0.005277044854881266
102;100 Potassium chloride;0.005277044854881266
103;101 Silicon tetracarbide;0.005277044854881266
104;102 Ethyl Cyanide;0.005277044854881266
105;103 Cyanamide;0.005277044854881266
106;104 Amidogen;0.005277044854881266
107;105 Hydroxymethylidyne;0.005277044854881266
108;106 Formyl Radical;0.005277044854881266
109;107 Vinyl Alcohol;0.005277044854881266
110;108 ortho-Oxidaniumyl;0.005277044854881266
111;109 Cyanoethynylide ion;0.005277044854881266
112;110 Oxoethenylidene;0.005277044854881266
113;111 2-Butynenitrile;0.005277044854881266
114;112 Cyanoethynyl;0.005277044854881266
115;113 Hydroxymethylium ion;0.005277044854881266
116;115 Isothiocyanic acid;0.005277044854881266
117;116 Cyanic acid;0.005277044854881266
