1;97 Ethynyl;0.8484654731457799
2;72 Formylium;0.004475703324808184
3;0 Dimethyl ether;0.0012787723785166241
4;1 Butatrienylidene;0.0012787723785166241
5;2 Trihydrogen ion;0.0012787723785166241
6;3 Nitrous Oxide;0.0012787723785166241
7;4 Methyl Acetylene;0.0012787723785166241
8;5 Ethylene Glycol;0.0012787723785166241
9;6 Methyl Cyanide;0.0012787723785166241
10;7 Thioformylium;0.0012787723785166241
11;8 para-Oxidaniumyl;0.0012787723785166241
12;9 Hydrogen Cyanide;0.0012787723785166241
13;10 Titanium monoxide;0.0012787723785166241
14;11 Cyanide Radical;0.0012787723785166241
15;12 Formic Acid;0.0012787723785166241
16;13 Nitric sulfide;0.0012787723785166241
17;14 Iminomethylium;0.0012787723785166241
18;15 Aluminum monoxide;0.0012787723785166241
19;16 Methyl isocyanate;0.0012787723785166241
20;17 Nitrosyl hydride;0.0012787723785166241
21;18 Propynylidynium;0.0012787723785166241
22;19 Magnesium Cyanide;0.0012787723785166241
23;20 Diazenylium;0.0012787723785166241
24;21 Methylamine;0.0012787723785166241
25;22 Chloronium;0.0012787723785166241
26;23 Silicon monosulfide;0.0012787723785166241
27;24 Phosphorus Monoxide;0.0012787723785166241
28;25 Cyclopropenone;0.0012787723785166241
29;26 Carbon Monoxide Ion;0.0012787723785166241
30;27 Sodium Cyanide;0.0012787723785166241
31;28 Nitric oxide;0.0012787723785166241
32;29 Silicon Cyanide;0.0012787723785166241
33;30 Ethyne Isocyanide;0.0012787723785166241
34;31 Sodium Chloride;0.0012787723785166241
35;32 Cyanoacetylene;0.0012787723785166241
36;33 Sulfur Monoxide;0.0012787723785166241
37;34 Aluminum Isocyanitrile;0.0012787723785166241
38;35 Cyanobutadiyne;0.0012787723785166241
39;36 Silicon Mononitride;0.0012787723785166241
40;37 Carbon Monoxide;0.0012787723785166241
41;38 Propadienylidene;0.0012787723785166241
42;39 Methanimine;0.0012787723785166241
43;40 Aluminum Monofluoride;0.0012787723785166241
44;41 Formamide;0.0012787723785166241
45;42 Aminoacetonitrile;0.0012787723785166241
46;43 Ammonia;0.0012787723785166241
47;44 gauche-Ethanol;0.0012787723785166241
48;45 Protonate 2-proynenitrile;0.0012787723785166241
49;46 Carbonyl Sulfide;0.0012787723785166241
50;47 Thioxoethenylidene;0.0012787723785166241
51;48 Ethyl cyanide;0.0012787723785166241
52;49 Water;0.0012787723785166241
53;50 Methyl Formate;0.0012787723785166241
54;51 Acetaldehyde;0.0012787723785166241
55;52 Ketenimine;0.0012787723785166241
56;53 Propenal;0.0012787723785166241
57;54 Methyl isocyanide;0.0012787723785166241
58;55 iso-propyl cyanide;0.0012787723785166241
59;56 Hydrogen cyanide;0.0012787723785166241
60;57 Protonated Carbon Dioxide;0.0012787723785166241
61;58 Methylidyne;0.0012787723785166241
62;59 Ketene;0.0012787723785166241
63;60 Silicon Monoxide;0.0012787723785166241
64;61 Acetone;0.0012787723785166241
65;62 Vinyl Cyanide;0.0012787723785166241
66;63 Silicon monoxide (global fit);0.0012787723785166241
67;64 Cyclopropenylidene;0.0012787723785166241
68;65 Magnesium Isocyanide;0.0012787723785166241
69;66 Cyanobutadiynylide anion;0.0012787723785166241
70;67 Formaldehyde;0.0012787723785166241
71;68 Carbon Monosulfide;0.0012787723785166241
72;69 Fulminic acid;0.0012787723785166241
73;70 trans-Ethanol;0.0012787723785166241
74;71 Silicon Carbide;0.0012787723785166241
75;73 Ethylene Oxide;0.0012787723785166241
76;74 Sulfur dioxide;0.0012787723785166241
77;75 Carbon Monophosphide;0.0012787723785166241
78;76 Sulfur Monoxide ion;0.0012787723785166241
79;77 Methanol;0.0012787723785166241
80;78 Sulfur Dioxide;0.0012787723785166241
81;79 Cyanoformaldehyde;0.0012787723785166241
82;80 Isocyanic Acid;0.0012787723785166241
83;81 Silicon Isocyanide;0.0012787723785166241
84;82 Methylene amidogen;0.0012787723785166241
85;83 Silicon Monocarbide;0.0012787723785166241
86;84 Phosphaethyne;0.0012787723785166241
87;85 Aluminum Monochloride;0.0012787723785166241
88;86 Cyanoallene;0.0012787723785166241
89;87 Methyl diacetylene;0.0012787723785166241
90;88 Cyanomethylene;0.0012787723785166241
91;89 Phosphapropynylidyne;0.0012787723785166241
92;90 Cyanomethyl;0.0012787723785166241
93;91 Hydrogen Isocyanide;0.0012787723785166241
94;92 Hydrogen sulfide;0.0012787723785166241
95;93 Hydroxyl;0.0012787723785166241
96;94 Glycolaldehyde;0.0012787723785166241
97;95 Cyanide anion;0.0012787723785166241
98;96 2-Propynal;0.0012787723785166241
99;98 Phosphorous nitride;0.0012787723785166241
100;99 Magnesium hydride isocyanide;0.0012787723785166241
101;100 Potassium chloride;0.0012787723785166241
102;101 Silicon tetracarbide;0.0012787723785166241
103;102 Ethyl Cyanide;0.0012787723785166241
104;103 Cyanamide;0.0012787723785166241
105;104 Amidogen;0.0012787723785166241
106;105 Hydroxymethylidyne;0.0012787723785166241
107;106 Formyl Radical;0.0012787723785166241
108;107 Vinyl Alcohol;0.0012787723785166241
109;108 ortho-Oxidaniumyl;0.0012787723785166241
110;109 Cyanoethynylide ion;0.0012787723785166241
111;110 Oxoethenylidene;0.0012787723785166241
112;111 2-Butynenitrile;0.0012787723785166241
113;112 Cyanoethynyl;0.0012787723785166241
114;113 Hydroxymethylium ion;0.0012787723785166241
115;114 Thioformaldehyde;0.0012787723785166241
116;115 Isothiocyanic acid;0.0012787723785166241
117;116 Cyanic acid;0.0012787723785166241
