1;1 Hydrogen fluoride;0.5285171102661597
2;12 Carbonyl Sulfide;0.11026615969581749
3;0 Methanol;0.019011406844106463
4;2 Nitric oxide;0.019011406844106463
5;3 Formylium;0.019011406844106463
6;4 Sodium Chloride;0.019011406844106463
7;5 Sulfur dioxide;0.019011406844106463
8;6 para-Oxidaniumyl;0.019011406844106463
9;7 Sulfur Monoxide;0.019011406844106463
10;8 Butatrienylidene;0.019011406844106463
11;9 Carbon Monoxide;0.019011406844106463
12;10 Nitrous Oxide;0.019011406844106463
13;11 Cyanoacetylene;0.019011406844106463
14;13 Molecular oxygen;0.019011406844106463
15;14 ortho-Oxidaniumyl;0.019011406844106463
16;15 Water;0.019011406844106463
17;16 Iminomethylium;0.019011406844106463
18;17 Hydrochloric acid;0.019011406844106463
19;18 Acetylene;0.019011406844106463
20;19 Hydrogen Cyanide;0.019011406844106463
