1;0 Methanol;0.0136986301369863
2;1 Hydrogen fluoride;0.0136986301369863
3;2 Nitric oxide;0.0136986301369863
4;3 Formylium;0.0136986301369863
5;4 Sodium Chloride;0.0136986301369863
6;5 Sulfur dioxide;0.0136986301369863
7;6 para-Oxidaniumyl;0.0136986301369863
8;7 Sulfur Monoxide;0.0136986301369863
9;8 Butatrienylidene;0.0136986301369863
10;9 Carbon Monoxide;0.0136986301369863
11;10 Nitrous Oxide;0.0136986301369863
12;11 Cyanoacetylene;0.0136986301369863
13;12 Carbonyl Sulfide;0.0136986301369863
14;13 Molecular oxygen;0.0136986301369863
15;14 ortho-Oxidaniumyl;0.0136986301369863
16;15 Water;0.0136986301369863
17;16 Iminomethylium;0.0136986301369863
18;17 Hydrochloric acid;0.0136986301369863
19;18 Acetylene;0.0136986301369863
20;19 Hydrogen Cyanide;0.0136986301369863
