1;4 Carbon Monoxide;0.15066225165562913
2;10 Methyl formate vt01;0.05132450331125828
3;17 Hydrogen Cyanide;0.05132450331125828
4;18 Carbon Monosulfide;0.05132450331125828
5;0 Methylidyne;0.0347682119205298
6;1 Butyronitrile;0.0347682119205298
7;2 Formaldehyde;0.0347682119205298
8;3 Sulfur dioxide;0.0347682119205298
9;5 Water;0.0347682119205298
10;6 Chloronium;0.0347682119205298
11;7 Imidogen;0.0347682119205298
12;8 Thioformylium;0.0347682119205298
13;9 Mercapto radical;0.0347682119205298
14;11 Methyliumylidene;0.0347682119205298
15;12 Cyanide Radical;0.0347682119205298
16;13 Hydroxyl;0.0347682119205298
17;14 Nitric oxide;0.0347682119205298
18;15 Cyclopropenylidene;0.0347682119205298
19;16 Silicon Monoxide;0.0347682119205298
20;19 Hydrogen sulfide;0.0347682119205298
21;20 Molecular oxygen;0.0347682119205298
22;21 Hydrogen Isocyanide;0.0347682119205298
23;22 Formylium;0.0347682119205298
24;23 Sulfoniumylidene;0.0347682119205298
