1;119 Hydroxymethylidyne;0.5376532399299474
2;0 Dimethyl ether;0.0035026269702276708
3;1 Butatrienylidene;0.0035026269702276708
4;2 Trihydrogen ion;0.0035026269702276708
5;3 Nitrous Oxide;0.0035026269702276708
6;4 Methyl Acetylene;0.0035026269702276708
7;5 2,4,6-Heptatriynenitrile;0.0035026269702276708
8;6 Ethylene Glycol;0.0035026269702276708
9;7 2,4-Pentadiynylidyne;0.0035026269702276708
10;8 Methyl Cyanide;0.0035026269702276708
11;9 Thioformylium;0.0035026269702276708
12;10 para-Oxidaniumyl;0.0035026269702276708
13;11 Hydrogen Cyanide;0.0035026269702276708
14;12 Titanium monoxide;0.0035026269702276708
15;13 Cyanide Radical;0.0035026269702276708
16;14 Formic Acid;0.0035026269702276708
17;15 Nitric sulfide;0.0035026269702276708
18;16 Iminomethylium;0.0035026269702276708
19;17 Aluminum monoxide;0.0035026269702276708
20;18 Methyl isocyanate;0.0035026269702276708
21;19 Nitrosyl hydride;0.0035026269702276708
22;20 Propynylidynium;0.0035026269702276708
23;21 Magnesium Cyanide;0.0035026269702276708
24;22 1,3-Butadiynyl anion;0.0035026269702276708
25;23 Diazenylium;0.0035026269702276708
26;24 Methylamine;0.0035026269702276708
27;25 Chloronium;0.0035026269702276708
28;26 Silicon monosulfide;0.0035026269702276708
29;27 Phosphorus Monoxide;0.0035026269702276708
30;28 Cyclopropenone;0.0035026269702276708
31;29 Carbon Monoxide Ion;0.0035026269702276708
32;30 Sodium Cyanide;0.0035026269702276708
33;31 Nitric oxide;0.0035026269702276708
34;32 3-Thioxo-1,2-Propadieylidene;0.0035026269702276708
35;33 Silicon Cyanide;0.0035026269702276708
36;34 Ethyne Isocyanide;0.0035026269702276708
37;35 Sodium Chloride;0.0035026269702276708
38;36 Cyanoacetylene;0.0035026269702276708
39;37 Sulfur Monoxide;0.0035026269702276708
40;38 Aluminum Isocyanitrile;0.0035026269702276708
41;39 Cyanobutadiyne;0.0035026269702276708
42;40 Potassium cyanide, potassium isocyanide;0.0035026269702276708
43;41 Silicon Mononitride;0.0035026269702276708
44;42 Carbon Monoxide;0.0035026269702276708
45;43 Propadienylidene;0.0035026269702276708
46;44 Methanimine;0.0035026269702276708
47;45 Aluminum Monofluoride;0.0035026269702276708
48;46 Formamide;0.0035026269702276708
49;47 1,3,5,7-Octatetraynyl anion;0.0035026269702276708
50;48 Aminoacetonitrile;0.0035026269702276708
51;49 Ammonia;0.0035026269702276708
52;50 gauche-Ethanol;0.0035026269702276708
53;51 Protonate 2-proynenitrile;0.0035026269702276708
54;52 Carbonyl Sulfide;0.0035026269702276708
55;53 Thioxoethenylidene;0.0035026269702276708
56;54 Ethyl cyanide;0.0035026269702276708
57;55 Water;0.0035026269702276708
58;56 Methyl Formate;0.0035026269702276708
59;57 Acetaldehyde;0.0035026269702276708
60;58 Ketenimine;0.0035026269702276708
61;59 Propenal;0.0035026269702276708
62;60 Methyl isocyanide;0.0035026269702276708
63;61 iso-propyl cyanide;0.0035026269702276708
64;62 Hydrogen cyanide;0.0035026269702276708
65;63 Protonated Carbon Dioxide;0.0035026269702276708
66;64 Methylidyne;0.0035026269702276708
67;65 Ketene;0.0035026269702276708
68;66 4-Cyano-1,3-Butadiynyl;0.0035026269702276708
69;67 Silicon Monoxide;0.0035026269702276708
70;68 Acetone;0.0035026269702276708
71;69 Vinyl Cyanide;0.0035026269702276708
72;70 3-Imino-1,2 Propadienylidene;0.0035026269702276708
73;71 Silicon monoxide (global fit);0.0035026269702276708
74;72 Cyclopropenylidene;0.0035026269702276708
75;73 Magnesium Isocyanide;0.0035026269702276708
76;74 2,4,6-Heptatriynylidyne;0.0035026269702276708
77;75 Cyanobutadiynylide anion;0.0035026269702276708
78;76 Formaldehyde;0.0035026269702276708
79;77 Carbon Monosulfide;0.0035026269702276708
80;78 Fulminic acid;0.0035026269702276708
81;79 1,3,5-Hexatriynyl;0.0035026269702276708
82;80 3-Silanetetrayl-1,2-Propadienylidene;0.0035026269702276708
83;81 1,3-Butadiynyl radical;0.0035026269702276708
84;82 trans-Ethanol;0.0035026269702276708
85;83 Silicon Carbide;0.0035026269702276708
86;84 1,3,5-Hexatriynyl anion;0.0035026269702276708
87;85 Formylium;0.0035026269702276708
88;86 Ethylene Oxide;0.0035026269702276708
89;87 Sulfur dioxide;0.0035026269702276708
90;88 Carbon Monophosphide;0.0035026269702276708
91;89 Sulfur Monoxide ion;0.0035026269702276708
92;90 Methanol;0.0035026269702276708
93;91 Sulfur Dioxide;0.0035026269702276708
94;92 Cyanoformaldehyde;0.0035026269702276708
95;93 Isocyanic Acid;0.0035026269702276708
96;94 Silicon Isocyanide;0.0035026269702276708
97;95 Methylene amidogen;0.0035026269702276708
98;96 Silicon Monocarbide;0.0035026269702276708
99;97 Phosphaethyne;0.0035026269702276708
100;98 Aluminum Monochloride;0.0035026269702276708
101;99 Cyanoallene;0.0035026269702276708
102;100 3-Oxo-1,2-Propadienylidene;0.0035026269702276708
103;101 Methyl diacetylene;0.0035026269702276708
104;102 Cyanomethylene;0.0035026269702276708
105;103 Phosphapropynylidyne;0.0035026269702276708
106;104 Cyanomethyl;0.0035026269702276708
107;105 Hydrogen Isocyanide;0.0035026269702276708
108;106 Hydrogen sulfide;0.0035026269702276708
109;107 Hydroxyl;0.0035026269702276708
110;108 Glycolaldehyde;0.0035026269702276708
111;109 Cyanide anion;0.0035026269702276708
112;110 2-Propynal;0.0035026269702276708
113;111 Ethynyl;0.0035026269702276708
114;112 Phosphorous nitride;0.0035026269702276708
115;113 Magnesium hydride isocyanide;0.0035026269702276708
116;114 Potassium chloride;0.0035026269702276708
117;115 Silicon tetracarbide;0.0035026269702276708
118;116 Ethyl Cyanide;0.0035026269702276708
119;117 Cyanamide;0.0035026269702276708
120;118 Amidogen;0.0035026269702276708
121;120 Formyl Radical;0.0035026269702276708
122;121 Vinyl Alcohol;0.0035026269702276708
123;122 ortho-Oxidaniumyl;0.0035026269702276708
124;123 Cyanoethynylide ion;0.0035026269702276708
125;124 Oxoethenylidene;0.0035026269702276708
126;125 2-Butynenitrile;0.0035026269702276708
127;126 Cyanoethynyl;0.0035026269702276708
128;127 3-Cyano-1,2-propadienylidene;0.0035026269702276708
129;128 Hydroxymethylium ion;0.0035026269702276708
130;129 Thioformaldehyde;0.0035026269702276708
131;130 Isothiocyanic acid;0.0035026269702276708
132;131 Methyl formate, v<sub>t</sub> = 0, 1;0.0035026269702276708
133;132 Cyanic acid;0.0035026269702276708
