1;23 Diazenylium;0.3947939262472885
2;83 Silicon Carbide;0.015184381778741865
3;86 Ethylene Oxide;0.015184381778741865
4;124 Oxoethenylidene;0.015184381778741865
5;0 Dimethyl ether;0.004338394793926247
6;1 Butatrienylidene;0.004338394793926247
7;2 Trihydrogen ion;0.004338394793926247
8;3 Nitrous Oxide;0.004338394793926247
9;4 Methyl Acetylene;0.004338394793926247
10;5 2,4,6-Heptatriynenitrile;0.004338394793926247
11;6 Ethylene Glycol;0.004338394793926247
12;7 2,4-Pentadiynylidyne;0.004338394793926247
13;8 Methyl Cyanide;0.004338394793926247
14;9 Thioformylium;0.004338394793926247
15;10 para-Oxidaniumyl;0.004338394793926247
16;11 Hydrogen Cyanide;0.004338394793926247
17;12 Titanium monoxide;0.004338394793926247
18;13 Cyanide Radical;0.004338394793926247
19;14 Formic Acid;0.004338394793926247
20;15 Nitric sulfide;0.004338394793926247
21;16 Iminomethylium;0.004338394793926247
22;17 Aluminum monoxide;0.004338394793926247
23;18 Methyl isocyanate;0.004338394793926247
24;19 Nitrosyl hydride;0.004338394793926247
25;20 Propynylidynium;0.004338394793926247
26;21 Magnesium Cyanide;0.004338394793926247
27;22 1,3-Butadiynyl anion;0.004338394793926247
28;24 Methylamine;0.004338394793926247
29;25 Chloronium;0.004338394793926247
30;26 Silicon monosulfide;0.004338394793926247
31;27 Phosphorus Monoxide;0.004338394793926247
32;28 Cyclopropenone;0.004338394793926247
33;29 Carbon Monoxide Ion;0.004338394793926247
34;30 Sodium Cyanide;0.004338394793926247
35;31 Nitric oxide;0.004338394793926247
36;32 3-Thioxo-1,2-Propadieylidene;0.004338394793926247
37;33 Silicon Cyanide;0.004338394793926247
38;34 Ethyne Isocyanide;0.004338394793926247
39;35 Sodium Chloride;0.004338394793926247
40;36 Cyanoacetylene;0.004338394793926247
41;37 Sulfur Monoxide;0.004338394793926247
42;38 Aluminum Isocyanitrile;0.004338394793926247
43;39 Cyanobutadiyne;0.004338394793926247
44;40 Potassium cyanide, potassium isocyanide;0.004338394793926247
45;41 Silicon Mononitride;0.004338394793926247
46;42 Carbon Monoxide;0.004338394793926247
47;43 Propadienylidene;0.004338394793926247
48;44 Methanimine;0.004338394793926247
49;45 Aluminum Monofluoride;0.004338394793926247
50;46 Formamide;0.004338394793926247
51;47 1,3,5,7-Octatetraynyl anion;0.004338394793926247
52;48 Aminoacetonitrile;0.004338394793926247
53;49 Ammonia;0.004338394793926247
54;50 gauche-Ethanol;0.004338394793926247
55;51 Protonate 2-proynenitrile;0.004338394793926247
56;52 Carbonyl Sulfide;0.004338394793926247
57;53 Thioxoethenylidene;0.004338394793926247
58;54 Ethyl cyanide;0.004338394793926247
59;55 Water;0.004338394793926247
60;56 Methyl Formate;0.004338394793926247
61;57 Acetaldehyde;0.004338394793926247
62;58 Ketenimine;0.004338394793926247
63;59 Propenal;0.004338394793926247
64;60 Methyl isocyanide;0.004338394793926247
65;61 iso-propyl cyanide;0.004338394793926247
66;62 Hydrogen cyanide;0.004338394793926247
67;63 Protonated Carbon Dioxide;0.004338394793926247
68;64 Methylidyne;0.004338394793926247
69;65 Ketene;0.004338394793926247
70;66 4-Cyano-1,3-Butadiynyl;0.004338394793926247
71;67 Silicon Monoxide;0.004338394793926247
72;68 Acetone;0.004338394793926247
73;69 Vinyl Cyanide;0.004338394793926247
74;70 3-Imino-1,2 Propadienylidene;0.004338394793926247
75;71 Silicon monoxide (global fit);0.004338394793926247
76;72 Cyclopropenylidene;0.004338394793926247
77;73 Magnesium Isocyanide;0.004338394793926247
78;74 2,4,6-Heptatriynylidyne;0.004338394793926247
79;75 Cyanobutadiynylide anion;0.004338394793926247
80;76 Formaldehyde;0.004338394793926247
81;77 Carbon Monosulfide;0.004338394793926247
82;78 Fulminic acid;0.004338394793926247
83;79 1,3,5-Hexatriynyl;0.004338394793926247
84;80 3-Silanetetrayl-1,2-Propadienylidene;0.004338394793926247
85;81 1,3-Butadiynyl radical;0.004338394793926247
86;82 trans-Ethanol;0.004338394793926247
87;84 1,3,5-Hexatriynyl anion;0.004338394793926247
88;85 Formylium;0.004338394793926247
89;87 Sulfur dioxide;0.004338394793926247
90;88 Carbon Monophosphide;0.004338394793926247
91;89 Sulfur Monoxide ion;0.004338394793926247
92;90 Methanol;0.004338394793926247
93;91 Sulfur Dioxide;0.004338394793926247
94;92 Cyanoformaldehyde;0.004338394793926247
95;93 Isocyanic Acid;0.004338394793926247
96;94 Silicon Isocyanide;0.004338394793926247
97;95 Methylene amidogen;0.004338394793926247
98;96 Silicon Monocarbide;0.004338394793926247
99;97 Phosphaethyne;0.004338394793926247
100;98 Aluminum Monochloride;0.004338394793926247
101;99 Cyanoallene;0.004338394793926247
102;100 3-Oxo-1,2-Propadienylidene;0.004338394793926247
103;101 Methyl diacetylene;0.004338394793926247
104;102 Cyanomethylene;0.004338394793926247
105;103 Phosphapropynylidyne;0.004338394793926247
106;104 Cyanomethyl;0.004338394793926247
107;105 Hydrogen Isocyanide;0.004338394793926247
108;106 Hydrogen sulfide;0.004338394793926247
109;107 Hydroxyl;0.004338394793926247
110;108 Glycolaldehyde;0.004338394793926247
111;109 Cyanide anion;0.004338394793926247
112;110 2-Propynal;0.004338394793926247
113;111 Ethynyl;0.004338394793926247
114;112 Phosphorous nitride;0.004338394793926247
115;113 Magnesium hydride isocyanide;0.004338394793926247
116;114 Potassium chloride;0.004338394793926247
117;115 Silicon tetracarbide;0.004338394793926247
118;116 Ethyl Cyanide;0.004338394793926247
119;117 Cyanamide;0.004338394793926247
120;118 Amidogen;0.004338394793926247
121;119 Hydroxymethylidyne;0.004338394793926247
122;120 Formyl Radical;0.004338394793926247
123;121 Vinyl Alcohol;0.004338394793926247
124;122 ortho-Oxidaniumyl;0.004338394793926247
125;123 Cyanoethynylide ion;0.004338394793926247
126;125 2-Butynenitrile;0.004338394793926247
127;126 Cyanoethynyl;0.004338394793926247
128;127 3-Cyano-1,2-propadienylidene;0.004338394793926247
129;128 Hydroxymethylium ion;0.004338394793926247
130;129 Thioformaldehyde;0.004338394793926247
131;130 Isothiocyanic acid;0.004338394793926247
132;131 Methyl formate, v<sub>t</sub> = 0, 1;0.004338394793926247
133;132 Cyanic acid;0.004338394793926247
