1;4 Carbon Monoxide;0.09205776173285198
2;8 Thioformylium;0.05595667870036101
3;18 Carbon Monosulfide;0.05595667870036101
4;0 Methylidyne;0.03790613718411552
5;1 Butyronitrile;0.03790613718411552
6;2 Formaldehyde;0.03790613718411552
7;3 Sulfur dioxide;0.03790613718411552
8;5 Water;0.03790613718411552
9;6 Chloronium;0.03790613718411552
10;7 Imidogen;0.03790613718411552
11;9 Mercapto radical;0.03790613718411552
12;10 Methyl formate vt01;0.03790613718411552
13;11 Methyliumylidene;0.03790613718411552
14;12 Cyanide Radical;0.03790613718411552
15;13 Hydroxyl;0.03790613718411552
16;14 Nitric oxide;0.03790613718411552
17;15 Cyclopropenylidene;0.03790613718411552
18;16 Silicon Monoxide;0.03790613718411552
19;17 Hydrogen Cyanide;0.03790613718411552
20;19 Hydrogen sulfide;0.03790613718411552
21;20 Molecular oxygen;0.03790613718411552
22;21 Hydrogen Isocyanide;0.03790613718411552
23;22 Formylium;0.03790613718411552
24;23 Sulfoniumylidene;0.03790613718411552
