1;3 Carbon Monoxide;0.12622950819672132
2;22 Thioformaldehyde;0.060655737704918035
3;7 Carbon Monoxide Ion;0.04426229508196722
4;29 Formylium;0.04426229508196722
5;0 Methylidyne;0.027868852459016394
6;1 Formaldehyde;0.027868852459016394
7;2 Sulfur dioxide;0.027868852459016394
8;4 Acetaldehyde;0.027868852459016394
9;5 Water;0.027868852459016394
10;6 Imidogen;0.027868852459016394
11;8 Nitric sulfide;0.027868852459016394
12;9 Isocyanic Acid;0.027868852459016394
13;10 Formic Acid;0.027868852459016394
14;11 Amidogen;0.027868852459016394
15;12 Ethylene Glycol;0.027868852459016394
16;13 Methyliumylidene;0.027868852459016394
17;14 Cyanide Radical;0.027868852459016394
18;15 Carbonyl Sulfide;0.027868852459016394
19;16 Hydroxyl;0.027868852459016394
20;17 Nitric oxide;0.027868852459016394
21;18 Methyl Cyanide;0.027868852459016394
22;19 Cyclopropenylidene;0.027868852459016394
23;20 Sulfur Monoxide ion;0.027868852459016394
24;21 Methanol;0.027868852459016394
25;23 Ammonia;0.027868852459016394
26;24 Cyanoacetylene;0.027868852459016394
27;25 Hydrogen Cyanide;0.027868852459016394
28;26 Hydrogen sulfide;0.027868852459016394
29;27 Molecular oxygen;0.027868852459016394
30;28 Hydrogen Isocyanide;0.027868852459016394
