1;29 Formylium;0.2013698630136986
2;13 Methyliumylidene;0.1465753424657534
3;0 Methylidyne;0.02328767123287671
4;1 Formaldehyde;0.02328767123287671
5;2 Sulfur dioxide;0.02328767123287671
6;3 Carbon Monoxide;0.02328767123287671
7;4 Acetaldehyde;0.02328767123287671
8;5 Water;0.02328767123287671
9;6 Imidogen;0.02328767123287671
10;7 Carbon Monoxide Ion;0.02328767123287671
11;8 Nitric sulfide;0.02328767123287671
12;9 Isocyanic Acid;0.02328767123287671
13;10 Formic Acid;0.02328767123287671
14;11 Amidogen;0.02328767123287671
15;12 Ethylene Glycol;0.02328767123287671
16;14 Cyanide Radical;0.02328767123287671
17;15 Carbonyl Sulfide;0.02328767123287671
18;16 Hydroxyl;0.02328767123287671
19;17 Nitric oxide;0.02328767123287671
20;18 Methyl Cyanide;0.02328767123287671
21;19 Cyclopropenylidene;0.02328767123287671
22;20 Sulfur Monoxide ion;0.02328767123287671
23;21 Methanol;0.02328767123287671
24;22 Thioformaldehyde;0.02328767123287671
25;23 Ammonia;0.02328767123287671
26;24 Cyanoacetylene;0.02328767123287671
27;25 Hydrogen Cyanide;0.02328767123287671
28;26 Hydrogen sulfide;0.02328767123287671
29;27 Molecular oxygen;0.02328767123287671
30;28 Hydrogen Isocyanide;0.02328767123287671
