1;0 Methanol;0.007541478129713424
2;1 Hydrogen fluoride;0.007541478129713424
3;2 Nitric oxide;0.007541478129713424
4;3 Formylium;0.007541478129713424
5;4 Sodium Chloride;0.007541478129713424
6;5 Sulfur dioxide;0.007541478129713424
7;6 para-Oxidaniumyl;0.007541478129713424
8;7 Sulfur Monoxide;0.007541478129713424
9;8 Butatrienylidene;0.007541478129713424
10;9 Carbon Monoxide;0.007541478129713424
11;10 Nitrous Oxide;0.007541478129713424
12;11 Cyanoacetylene;0.007541478129713424
13;12 Carbonyl Sulfide;0.007541478129713424
14;13 Molecular oxygen;0.007541478129713424
15;14 ortho-Oxidaniumyl;0.007541478129713424
16;15 Water;0.007541478129713424
17;16 Iminomethylium;0.007541478129713424
18;17 Hydrochloric acid;0.007541478129713424
19;18 Acetylene;0.007541478129713424
20;19 Hydrogen Cyanide;0.007541478129713424
