1;3 Formylium;0.6346153846153846
2;0 Methanol;0.019230769230769232
3;1 Hydrogen fluoride;0.019230769230769232
4;2 Nitric oxide;0.019230769230769232
5;4 Sodium Chloride;0.019230769230769232
6;5 Sulfur dioxide;0.019230769230769232
7;6 para-Oxidaniumyl;0.019230769230769232
8;7 Sulfur Monoxide;0.019230769230769232
9;8 Butatrienylidene;0.019230769230769232
10;9 Carbon Monoxide;0.019230769230769232
11;10 Nitrous Oxide;0.019230769230769232
12;11 Cyanoacetylene;0.019230769230769232
13;12 Carbonyl Sulfide;0.019230769230769232
14;13 Molecular oxygen;0.019230769230769232
15;14 ortho-Oxidaniumyl;0.019230769230769232
16;15 Water;0.019230769230769232
17;16 Iminomethylium;0.019230769230769232
18;17 Hydrochloric acid;0.019230769230769232
19;18 Acetylene;0.019230769230769232
20;19 Hydrogen Cyanide;0.019230769230769232
