1;0 Methanol;0.018867924528301886
2;1 Hydrogen fluoride;0.018867924528301886
3;2 Nitric oxide;0.018867924528301886
4;3 Formylium;0.018867924528301886
5;4 Sodium Chloride;0.018867924528301886
6;5 Sulfur dioxide;0.018867924528301886
7;6 para-Oxidaniumyl;0.018867924528301886
8;7 Sulfur Monoxide;0.018867924528301886
9;8 Butatrienylidene;0.018867924528301886
10;9 Carbon Monoxide;0.018867924528301886
11;10 Nitrous Oxide;0.018867924528301886
12;11 Cyanoacetylene;0.018867924528301886
13;12 Carbonyl Sulfide;0.018867924528301886
14;13 Molecular oxygen;0.018867924528301886
15;14 ortho-Oxidaniumyl;0.018867924528301886
16;15 Water;0.018867924528301886
17;16 Iminomethylium;0.018867924528301886
18;17 Hydrochloric acid;0.018867924528301886
19;18 Acetylene;0.018867924528301886
20;19 Hydrogen Cyanide;0.018867924528301886
