HD163296_CO_2_1.image;model_planetary_tr_500it;1;0 Methanol;0.007541478129713424
HD163296_CO_2_1.image;model_planetary_tr_500it;2;1 Hydrogen fluoride;0.007541478129713424
HD163296_CO_2_1.image;model_planetary_tr_500it;3;2 Nitric oxide;0.007541478129713424
HD163296_CO_2_1.image;model_planetary_tr_500it;4;3 Formylium;0.007541478129713424
HD163296_CO_2_1.image;model_planetary_tr_500it;5;4 Sodium Chloride;0.007541478129713424
HD163296_CO_2_1.image;model_planetary_2_500it;1;0 Methanol;0.007541478129713424
HD163296_CO_2_1.image;model_planetary_2_500it;2;1 Hydrogen fluoride;0.007541478129713424
HD163296_CO_2_1.image;model_planetary_2_500it;3;2 Nitric oxide;0.007541478129713424
HD163296_CO_2_1.image;model_planetary_2_500it;4;3 Formylium;0.007541478129713424
HD163296_CO_2_1.image;model_planetary_2_500it;5;4 Sodium Chloride;0.007541478129713424
HD163296_CO_2_1.image;model_planetary_full_500it;1;0 Methanol;0.007541478129713424
HD163296_CO_2_1.image;model_planetary_full_500it;2;1 Hydrogen fluoride;0.007541478129713424
HD163296_CO_2_1.image;model_planetary_full_500it;3;2 Nitric oxide;0.007541478129713424
HD163296_CO_2_1.image;model_planetary_full_500it;4;3 Formylium;0.007541478129713424
HD163296_CO_2_1.image;model_planetary_full_500it;5;4 Sodium Chloride;0.007541478129713424
HD163296_CO_2_1.image;model_planetary_full_expanded_00002_500it;1;1 Hydrogen fluoride;0.8556231003039514
HD163296_CO_2_1.image;model_planetary_full_expanded_00002_500it;2;0 Methanol;0.007598784194528876
HD163296_CO_2_1.image;model_planetary_full_expanded_00002_500it;3;2 Nitric oxide;0.007598784194528876
HD163296_CO_2_1.image;model_planetary_full_expanded_00002_500it;4;3 Formylium;0.007598784194528876
HD163296_CO_2_1.image;model_planetary_full_expanded_00002_500it;5;4 Sodium Chloride;0.007598784194528876
HD163296_CO_2_1.image;model_planetary_full_expanded_00010_500it;1;10 Nitrous Oxide;0.8556231003039514
HD163296_CO_2_1.image;model_planetary_full_expanded_00010_500it;2;0 Methanol;0.007598784194528876
HD163296_CO_2_1.image;model_planetary_full_expanded_00010_500it;3;1 Hydrogen fluoride;0.007598784194528876
HD163296_CO_2_1.image;model_planetary_full_expanded_00010_500it;4;2 Nitric oxide;0.007598784194528876
HD163296_CO_2_1.image;model_planetary_full_expanded_00010_500it;5;3 Formylium;0.007598784194528876
Orion.methanol.cbc.contsub.image;model_planetary_tr_500it;1;0 Methanol;0.018867924528301886
Orion.methanol.cbc.contsub.image;model_planetary_tr_500it;2;1 Hydrogen fluoride;0.018867924528301886
Orion.methanol.cbc.contsub.image;model_planetary_tr_500it;3;2 Nitric oxide;0.018867924528301886
Orion.methanol.cbc.contsub.image;model_planetary_tr_500it;4;3 Formylium;0.018867924528301886
Orion.methanol.cbc.contsub.image;model_planetary_tr_500it;5;4 Sodium Chloride;0.018867924528301886
Orion.methanol.cbc.contsub.image;model_planetary_2_500it;1;0 Methanol;0.018867924528301886
Orion.methanol.cbc.contsub.image;model_planetary_2_500it;2;1 Hydrogen fluoride;0.018867924528301886
Orion.methanol.cbc.contsub.image;model_planetary_2_500it;3;2 Nitric oxide;0.018867924528301886
Orion.methanol.cbc.contsub.image;model_planetary_2_500it;4;3 Formylium;0.018867924528301886
Orion.methanol.cbc.contsub.image;model_planetary_2_500it;5;4 Sodium Chloride;0.018867924528301886
Orion.methanol.cbc.contsub.image;model_planetary_full_500it;1;0 Methanol;0.018867924528301886
Orion.methanol.cbc.contsub.image;model_planetary_full_500it;2;1 Hydrogen fluoride;0.018867924528301886
Orion.methanol.cbc.contsub.image;model_planetary_full_500it;3;2 Nitric oxide;0.018867924528301886
Orion.methanol.cbc.contsub.image;model_planetary_full_500it;4;3 Formylium;0.018867924528301886
Orion.methanol.cbc.contsub.image;model_planetary_full_500it;5;4 Sodium Chloride;0.018867924528301886
Orion.methanol.cbc.contsub.image;model_planetary_full_expanded_00002_500it;1;3 Formylium;0.6346153846153846
Orion.methanol.cbc.contsub.image;model_planetary_full_expanded_00002_500it;2;0 Methanol;0.019230769230769232
Orion.methanol.cbc.contsub.image;model_planetary_full_expanded_00002_500it;3;1 Hydrogen fluoride;0.019230769230769232
Orion.methanol.cbc.contsub.image;model_planetary_full_expanded_00002_500it;4;2 Nitric oxide;0.019230769230769232
Orion.methanol.cbc.contsub.image;model_planetary_full_expanded_00002_500it;5;4 Sodium Chloride;0.019230769230769232
Orion.methanol.cbc.contsub.image;model_planetary_full_expanded_00010_500it;1;12 Carbonyl Sulfide;0.6346153846153846
Orion.methanol.cbc.contsub.image;model_planetary_full_expanded_00010_500it;2;0 Methanol;0.019230769230769232
Orion.methanol.cbc.contsub.image;model_planetary_full_expanded_00010_500it;3;1 Hydrogen fluoride;0.019230769230769232
Orion.methanol.cbc.contsub.image;model_planetary_full_expanded_00010_500it;4;2 Nitric oxide;0.019230769230769232
Orion.methanol.cbc.contsub.image;model_planetary_full_expanded_00010_500it;5;3 Formylium;0.019230769230769232
TWHydra_CO3_2line.image;model_planetary_tr_500it;1;0 Methanol;0.013333333333333334
TWHydra_CO3_2line.image;model_planetary_tr_500it;2;1 Hydrogen fluoride;0.013333333333333334
TWHydra_CO3_2line.image;model_planetary_tr_500it;3;2 Nitric oxide;0.013333333333333334
TWHydra_CO3_2line.image;model_planetary_tr_500it;4;3 Formylium;0.013333333333333334
TWHydra_CO3_2line.image;model_planetary_tr_500it;5;4 Sodium Chloride;0.013333333333333334
TWHydra_CO3_2line.image;model_planetary_2_500it;1;0 Methanol;0.013333333333333334
TWHydra_CO3_2line.image;model_planetary_2_500it;2;1 Hydrogen fluoride;0.013333333333333334
TWHydra_CO3_2line.image;model_planetary_2_500it;3;2 Nitric oxide;0.013333333333333334
TWHydra_CO3_2line.image;model_planetary_2_500it;4;3 Formylium;0.013333333333333334
TWHydra_CO3_2line.image;model_planetary_2_500it;5;4 Sodium Chloride;0.013333333333333334
TWHydra_CO3_2line.image;model_planetary_full_500it;1;0 Methanol;0.013333333333333334
TWHydra_CO3_2line.image;model_planetary_full_500it;2;1 Hydrogen fluoride;0.013333333333333334
TWHydra_CO3_2line.image;model_planetary_full_500it;3;2 Nitric oxide;0.013333333333333334
TWHydra_CO3_2line.image;model_planetary_full_500it;4;3 Formylium;0.013333333333333334
TWHydra_CO3_2line.image;model_planetary_full_500it;5;4 Sodium Chloride;0.013333333333333334
TWHydra_CO3_2line.image;model_planetary_full_expanded_00002_500it;1;19 Hydrogen Cyanide;0.7432432432432432
TWHydra_CO3_2line.image;model_planetary_full_expanded_00002_500it;2;0 Methanol;0.013513513513513514
TWHydra_CO3_2line.image;model_planetary_full_expanded_00002_500it;3;1 Hydrogen fluoride;0.013513513513513514
TWHydra_CO3_2line.image;model_planetary_full_expanded_00002_500it;4;2 Nitric oxide;0.013513513513513514
TWHydra_CO3_2line.image;model_planetary_full_expanded_00002_500it;5;3 Formylium;0.013513513513513514
TWHydra_CO3_2line.image;model_planetary_full_expanded_00010_500it;1;10 Nitrous Oxide;0.7432432432432432
TWHydra_CO3_2line.image;model_planetary_full_expanded_00010_500it;2;0 Methanol;0.013513513513513514
TWHydra_CO3_2line.image;model_planetary_full_expanded_00010_500it;3;1 Hydrogen fluoride;0.013513513513513514
TWHydra_CO3_2line.image;model_planetary_full_expanded_00010_500it;4;2 Nitric oxide;0.013513513513513514
TWHydra_CO3_2line.image;model_planetary_full_expanded_00010_500it;5;3 Formylium;0.013513513513513514
TWHydra_HCOplusline.image;model_planetary_tr_500it;1;0 Methanol;0.013623978201634877
TWHydra_HCOplusline.image;model_planetary_tr_500it;2;1 Hydrogen fluoride;0.013623978201634877
TWHydra_HCOplusline.image;model_planetary_tr_500it;3;2 Nitric oxide;0.013623978201634877
TWHydra_HCOplusline.image;model_planetary_tr_500it;4;3 Formylium;0.013623978201634877
TWHydra_HCOplusline.image;model_planetary_tr_500it;5;4 Sodium Chloride;0.013623978201634877
TWHydra_HCOplusline.image;model_planetary_2_500it;1;0 Methanol;0.013623978201634877
TWHydra_HCOplusline.image;model_planetary_2_500it;2;1 Hydrogen fluoride;0.013623978201634877
TWHydra_HCOplusline.image;model_planetary_2_500it;3;2 Nitric oxide;0.013623978201634877
TWHydra_HCOplusline.image;model_planetary_2_500it;4;3 Formylium;0.013623978201634877
TWHydra_HCOplusline.image;model_planetary_2_500it;5;4 Sodium Chloride;0.013623978201634877
TWHydra_HCOplusline.image;model_planetary_full_500it;1;0 Methanol;0.013623978201634877
TWHydra_HCOplusline.image;model_planetary_full_500it;2;1 Hydrogen fluoride;0.013623978201634877
TWHydra_HCOplusline.image;model_planetary_full_500it;3;2 Nitric oxide;0.013623978201634877
TWHydra_HCOplusline.image;model_planetary_full_500it;4;3 Formylium;0.013623978201634877
TWHydra_HCOplusline.image;model_planetary_full_500it;5;4 Sodium Chloride;0.013623978201634877
TWHydra_HCOplusline.image;model_planetary_full_expanded_00002_500it;1;16 Iminomethylium;0.7320441988950276
TWHydra_HCOplusline.image;model_planetary_full_expanded_00002_500it;2;3 Formylium;0.019337016574585635
TWHydra_HCOplusline.image;model_planetary_full_expanded_00002_500it;3;0 Methanol;0.013812154696132596
TWHydra_HCOplusline.image;model_planetary_full_expanded_00002_500it;4;1 Hydrogen fluoride;0.013812154696132596
TWHydra_HCOplusline.image;model_planetary_full_expanded_00002_500it;5;2 Nitric oxide;0.013812154696132596
TWHydra_HCOplusline.image;model_planetary_full_expanded_00010_500it;1;3 Formylium;0.7375690607734806
TWHydra_HCOplusline.image;model_planetary_full_expanded_00010_500it;2;0 Methanol;0.013812154696132596
TWHydra_HCOplusline.image;model_planetary_full_expanded_00010_500it;3;1 Hydrogen fluoride;0.013812154696132596
TWHydra_HCOplusline.image;model_planetary_full_expanded_00010_500it;4;2 Nitric oxide;0.013812154696132596
TWHydra_HCOplusline.image;model_planetary_full_expanded_00010_500it;5;4 Sodium Chloride;0.013812154696132596
uid___A002_Xa916fc_X668__IRS43_HCO32.final.image.pbcor;model_planetary_tr_500it;1;0 Methanol;0.004233700254022015
uid___A002_Xa916fc_X668__IRS43_HCO32.final.image.pbcor;model_planetary_tr_500it;2;1 Hydrogen fluoride;0.004233700254022015
uid___A002_Xa916fc_X668__IRS43_HCO32.final.image.pbcor;model_planetary_tr_500it;3;2 Nitric oxide;0.004233700254022015
uid___A002_Xa916fc_X668__IRS43_HCO32.final.image.pbcor;model_planetary_tr_500it;4;3 Formylium;0.004233700254022015
uid___A002_Xa916fc_X668__IRS43_HCO32.final.image.pbcor;model_planetary_tr_500it;5;4 Sodium Chloride;0.004233700254022015
uid___A002_Xa916fc_X668__IRS43_HCO32.final.image.pbcor;model_planetary_2_500it;1;0 Methanol;0.004233700254022015
uid___A002_Xa916fc_X668__IRS43_HCO32.final.image.pbcor;model_planetary_2_500it;2;1 Hydrogen fluoride;0.004233700254022015
uid___A002_Xa916fc_X668__IRS43_HCO32.final.image.pbcor;model_planetary_2_500it;3;2 Nitric oxide;0.004233700254022015
uid___A002_Xa916fc_X668__IRS43_HCO32.final.image.pbcor;model_planetary_2_500it;4;3 Formylium;0.004233700254022015
uid___A002_Xa916fc_X668__IRS43_HCO32.final.image.pbcor;model_planetary_2_500it;5;4 Sodium Chloride;0.004233700254022015
uid___A002_Xa916fc_X668__IRS43_HCO32.final.image.pbcor;model_planetary_full_500it;1;0 Methanol;0.004233700254022015
uid___A002_Xa916fc_X668__IRS43_HCO32.final.image.pbcor;model_planetary_full_500it;2;1 Hydrogen fluoride;0.004233700254022015
uid___A002_Xa916fc_X668__IRS43_HCO32.final.image.pbcor;model_planetary_full_500it;3;2 Nitric oxide;0.004233700254022015
uid___A002_Xa916fc_X668__IRS43_HCO32.final.image.pbcor;model_planetary_full_500it;4;3 Formylium;0.004233700254022015
uid___A002_Xa916fc_X668__IRS43_HCO32.final.image.pbcor;model_planetary_full_500it;5;4 Sodium Chloride;0.004233700254022015
uid___A002_Xa916fc_X668__IRS43_HCO32.final.image.pbcor;model_planetary_full_expanded_00002_500it;1;10 Nitrous Oxide;0.91921768707483
uid___A002_Xa916fc_X668__IRS43_HCO32.final.image.pbcor;model_planetary_full_expanded_00002_500it;2;0 Methanol;0.004251700680272109
uid___A002_Xa916fc_X668__IRS43_HCO32.final.image.pbcor;model_planetary_full_expanded_00002_500it;3;1 Hydrogen fluoride;0.004251700680272109
uid___A002_Xa916fc_X668__IRS43_HCO32.final.image.pbcor;model_planetary_full_expanded_00002_500it;4;2 Nitric oxide;0.004251700680272109
uid___A002_Xa916fc_X668__IRS43_HCO32.final.image.pbcor;model_planetary_full_expanded_00002_500it;5;3 Formylium;0.004251700680272109
uid___A002_Xa916fc_X668__IRS43_HCO32.final.image.pbcor;model_planetary_full_expanded_00010_500it;1;3 Formylium;0.91921768707483
uid___A002_Xa916fc_X668__IRS43_HCO32.final.image.pbcor;model_planetary_full_expanded_00010_500it;2;0 Methanol;0.004251700680272109
uid___A002_Xa916fc_X668__IRS43_HCO32.final.image.pbcor;model_planetary_full_expanded_00010_500it;3;1 Hydrogen fluoride;0.004251700680272109
uid___A002_Xa916fc_X668__IRS43_HCO32.final.image.pbcor;model_planetary_full_expanded_00010_500it;4;2 Nitric oxide;0.004251700680272109
uid___A002_Xa916fc_X668__IRS43_HCO32.final.image.pbcor;model_planetary_full_expanded_00010_500it;5;4 Sodium Chloride;0.004251700680272109
