1;3 Formylium;0.7375690607734806
2;0 Methanol;0.013812154696132596
3;1 Hydrogen fluoride;0.013812154696132596
4;2 Nitric oxide;0.013812154696132596
5;4 Sodium Chloride;0.013812154696132596
6;5 Sulfur dioxide;0.013812154696132596
7;6 para-Oxidaniumyl;0.013812154696132596
8;7 Sulfur Monoxide;0.013812154696132596
9;8 Butatrienylidene;0.013812154696132596
10;9 Carbon Monoxide;0.013812154696132596
11;10 Nitrous Oxide;0.013812154696132596
12;11 Cyanoacetylene;0.013812154696132596
13;12 Carbonyl Sulfide;0.013812154696132596
14;13 Molecular oxygen;0.013812154696132596
15;14 ortho-Oxidaniumyl;0.013812154696132596
16;15 Water;0.013812154696132596
17;16 Iminomethylium;0.013812154696132596
18;17 Hydrochloric acid;0.013812154696132596
19;18 Acetylene;0.013812154696132596
20;19 Hydrogen Cyanide;0.013812154696132596
