1;0 Methanol;0.013623978201634877
2;1 Hydrogen fluoride;0.013623978201634877
3;2 Nitric oxide;0.013623978201634877
4;3 Formylium;0.013623978201634877
5;4 Sodium Chloride;0.013623978201634877
6;5 Sulfur dioxide;0.013623978201634877
7;6 para-Oxidaniumyl;0.013623978201634877
8;7 Sulfur Monoxide;0.013623978201634877
9;8 Butatrienylidene;0.013623978201634877
10;9 Carbon Monoxide;0.013623978201634877
11;10 Nitrous Oxide;0.013623978201634877
12;11 Cyanoacetylene;0.013623978201634877
13;12 Carbonyl Sulfide;0.013623978201634877
14;13 Molecular oxygen;0.013623978201634877
15;14 ortho-Oxidaniumyl;0.013623978201634877
16;15 Water;0.013623978201634877
17;16 Iminomethylium;0.013623978201634877
18;17 Hydrochloric acid;0.013623978201634877
19;18 Acetylene;0.013623978201634877
20;19 Hydrogen Cyanide;0.013623978201634877
