1;0 Methanol;0.004233700254022015
2;1 Hydrogen fluoride;0.004233700254022015
3;2 Nitric oxide;0.004233700254022015
4;3 Formylium;0.004233700254022015
5;4 Sodium Chloride;0.004233700254022015
6;5 Sulfur dioxide;0.004233700254022015
7;6 para-Oxidaniumyl;0.004233700254022015
8;7 Sulfur Monoxide;0.004233700254022015
9;8 Butatrienylidene;0.004233700254022015
10;9 Carbon Monoxide;0.004233700254022015
11;10 Nitrous Oxide;0.004233700254022015
12;11 Cyanoacetylene;0.004233700254022015
13;12 Carbonyl Sulfide;0.004233700254022015
14;13 Molecular oxygen;0.004233700254022015
15;14 ortho-Oxidaniumyl;0.004233700254022015
16;15 Water;0.004233700254022015
17;16 Iminomethylium;0.004233700254022015
18;17 Hydrochloric acid;0.004233700254022015
19;18 Acetylene;0.004233700254022015
20;19 Hydrogen Cyanide;0.004233700254022015
